/out/sourcedata/freesurfer/sub-v2s2x29075_ses-1/mri
/opt/freesurfer/bin/talairach_avi
--i orig_nu.mgz --xfm transforms/talairach.auto.xfm
talairach_avi 7.3.2
Linux dna082 5.14.0-427.37.1.el9_4.x86_64 #1 SMP PREEMPT_DYNAMIC Fri Sep 13 12:41:50 EDT 2024 x86_64 x86_64 x86_64 GNU/Linux
Thu Mar 12 22:16:37 CET 2026
mri_convert orig_nu.mgz talsrcimg.img 
reading from orig_nu.mgz...
TR=0.00, TE=0.00, TI=0.00, flip angle=0.00
i_ras = (-1, 0, 0)
j_ras = (0, 0, -1)
k_ras = (0, 1, 0)
writing to talsrcimg.img...
Analyze Output Matrix
-0.89844   0.00000   0.00000   124.33174;
 0.00000   0.00000   0.89844  -143.73007;
 0.00000  -0.89844   0.00000   123.37190;
 0.00000   0.00000   0.00000   1.00000;
--------------------
INFO: set hdr.hist.orient to -1
mpr2mni305 talsrcimg
Thu Mar 12 22:16:37 CET 2026
/opt/freesurfer/bin/mpr2mni305 talsrcimg
mpr2mni305 7.3.2
target=711-2C_as_mni_average_305

---------------------------------------------------------------------
analyzeto4dfp talsrcimg -O0 -y
---------------------------------------------------------------------

freesurfer ifh2hdr.c
Thu Mar 12 22:16:37 2026
Writing: talsrcimg.4dfp.hdr
freesurfer analyzeto4dfp.c
Reading: talsrcimg.hdr
header size 348 bytes
hdr.dime.datatype	offset=70	value=2
hdr.dime.bitpix		offset=72	value=8
hdr.hist.orient		offset=252	value=-1
dimensionality     4
dimensions       256       256       256         1
Reading: talsrcimg.img
Writing: talsrcimg.4dfp.img
Writing: talsrcimg.4dfp.ifh
ifh2hdr talsrcimg -r0to250
ori=2

---------------------------------------------------------------------
gauss_4dfp talsrcimg 1.1
---------------------------------------------------------------------

freesurfer gauss_4dfp.c
Reading: talsrcimg.4dfp.img
Writing: talsrcimg_g11.4dfp.img
image dimensions 256 256 256 padded to 288 288 288
processing volume 1freesurfer ifh2hdr.c
Thu Mar 12 22:16:39 2026
Writing: talsrcimg_g11.4dfp.hdr

Writing: talsrcimg_g11.4dfp.ifh
including: talsrcimg.4dfp.img.rec in talsrcimg_g11.4dfp.img.rec

---------------------------------------------------------------------
imgreg_4dfp /opt/freesurfer/average/711-2C_as_mni_average_305 none talsrcimg_g11 none talsrcimg_to_711-2C_as_mni_average_305_t4 4355
---------------------------------------------------------------------

freesurfer imgreg_4dfp.c
/opt/freesurfer/average/711-2C_as_mni_average_305.4dfp.img
       256       256       256         1
  1.000000  1.000000  1.000000
orientation T byte_order littleendian
Reading image: /opt/freesurfer/average/711-2C_as_mni_average_305.4dfp.img
dimensions:      256       256       256
mmppix:       1.0000   -1.0000   -1.0000
center:     128.0000 -129.0000 -129.0000
talsrcimg_g11.4dfp.img
       256       256       256         1
  0.898437  0.898437  0.898437
orientation T byte_order littleendian
Reading image: talsrcimg_g11.4dfp.img
dimensions:      256       256       256
mmppix:       0.8984   -0.8984   -0.8984
center:     114.9999 -115.8984 -115.8984
t4_read: open error in t4_sub.f l:  41 t4_file(1:l)talsrcimg_to_711-2C_as_mni_average_305_t4 
t4_read: transform initialized to I4
rotation matrix determinant  1.000000
image alignment mode   4355 decimal     1103 hex
   -7.5000  -45.0000  -45.0000 6225.0127   11.9396
    0.0000  -45.0000  -45.0000 6265.6270   11.9463
    7.5000  -45.0000  -45.0000 5925.2275   11.9280
   -7.5000  -37.5000  -45.0000 6630.1494   12.6709
    0.0000  -37.5000  -45.0000 6673.9951   12.6762
    7.5000  -37.5000  -45.0000 6310.6201   12.6587
   -7.5000  -30.0000  -45.0000 7030.1045   13.0588
    0.0000  -30.0000  -45.0000 7063.3789   13.0650
    7.5000  -30.0000  -45.0000 6668.7573   13.0488
   -7.5000  -22.5000  -45.0000 7511.2729   13.0585
    0.0000  -22.5000  -45.0000 7538.1582   13.0676
    7.5000  -22.5000  -45.0000 7105.7104   13.0532
   -7.5000  -15.0000  -45.0000 7954.8853   13.0744
    0.0000  -15.0000  -45.0000 8002.1299   13.0851
    7.5000  -15.0000  -45.0000 7545.6406   13.0688
   -7.5000   -7.5000  -45.0000 8056.5200   13.0892
    0.0000   -7.5000  -45.0000 8098.8726   13.0989
    7.5000   -7.5000  -45.0000 7638.7642   13.0791
   -7.5000    0.0000  -45.0000 8130.0283   13.0862
    0.0000    0.0000  -45.0000 8158.8735   13.0935
    7.5000    0.0000  -45.0000 7692.2905   13.0735
   -7.5000    7.5000  -45.0000 7770.5903   13.0704
    0.0000    7.5000  -45.0000 7804.8877   13.0758
    7.5000    7.5000  -45.0000 7350.9214   13.0578
   -7.5000   15.0000  -45.0000 7532.7271   13.0588
    0.0000   15.0000  -45.0000 7558.3511   13.0650
    7.5000   15.0000  -45.0000 7123.0098   13.0488
   -7.5000   22.5000  -45.0000 6897.8857   12.8828
    0.0000   22.5000  -45.0000 6934.5449   12.8918
    7.5000   22.5000  -45.0000 6529.7446   12.8776
   -7.5000   30.0000  -45.0000 6298.1099   12.5545
    0.0000   30.0000  -45.0000 6327.0283   12.5648
    7.5000   30.0000  -45.0000 5950.3291   12.5491
   -7.5000   37.5000  -45.0000 5706.7021   12.2342
    0.0000   37.5000  -45.0000 5733.6992   12.2434
    7.5000   37.5000  -45.0000 5409.4897   12.2250
   -7.5000   45.0000  -45.0000 5196.3721   12.2198
    0.0000   45.0000  -45.0000 5209.4590   12.2270
    7.5000   45.0000  -45.0000 4917.2261   12.2073
   -7.5000  -45.0000  -37.5000 6799.7534   12.4874
    0.0000  -45.0000  -37.5000 6841.4600   12.5004
    7.5000  -45.0000  -37.5000 6455.2334   12.4827
   -7.5000  -37.5000  -37.5000 7230.2329   13.2604
    0.0000  -37.5000  -37.5000 7281.0557   13.2681
    7.5000  -37.5000  -37.5000 6870.8257   13.2497
   -7.5000  -30.0000  -37.5000 7677.0811   13.6423
    0.0000  -30.0000  -37.5000 7720.7661   13.6487
    7.5000  -30.0000  -37.5000 7253.6533   13.6291
   -7.5000  -22.5000  -37.5000 8194.7920   13.6396
    0.0000  -22.5000  -37.5000 8244.9912   13.6507
    7.5000  -22.5000  -37.5000 7737.9536   13.6317
   -7.5000  -15.0000  -37.5000 8653.5527   13.6535
    0.0000  -15.0000  -37.5000 8699.6426   13.6708
    7.5000  -15.0000  -37.5000 8202.8262   13.6513
   -7.5000   -7.5000  -37.5000 8742.0664   13.6692
    0.0000   -7.5000  -37.5000 8778.7881   13.6879
    7.5000   -7.5000  -37.5000 8286.0049   13.6676
   -7.5000    0.0000  -37.5000 8819.6562   13.6692
    0.0000    0.0000  -37.5000 8844.7734   13.6834
    7.5000    0.0000  -37.5000 8346.3027   13.6641
   -7.5000    7.5000  -37.5000 8434.8779   13.6544
    0.0000    7.5000  -37.5000 8454.6230   13.6623
    7.5000    7.5000  -37.5000 7971.1548   13.6433
   -7.5000   15.0000  -37.5000 8158.4126   13.6417
    0.0000   15.0000  -37.5000 8176.1533   13.6481
    7.5000   15.0000  -37.5000 7708.2788   13.6285
   -7.5000   22.5000  -37.5000 7422.9766   13.4572
    0.0000   22.5000  -37.5000 7462.1440   13.4682
    7.5000   22.5000  -37.5000 7035.2251   13.4494
   -7.5000   30.0000  -37.5000 6762.8608   13.1199
    0.0000   30.0000  -37.5000 6792.4385   13.1365
    7.5000   30.0000  -37.5000 6399.3823   13.1178
   -7.5000   37.5000  -37.5000 6118.8188   12.7858
    0.0000   37.5000  -37.5000 6137.3584   12.8036
    7.5000   37.5000  -37.5000 5808.1445   12.7848
   -7.5000   45.0000  -37.5000 5556.3926   12.7562
    0.0000   45.0000  -37.5000 5566.2437   12.7697
    7.5000   45.0000  -37.5000 5265.5713   12.7506
   -7.5000  -45.0000  -30.0000 7399.9473   13.0251
    0.0000  -45.0000  -30.0000 7440.7988   13.0443
    7.5000  -45.0000  -30.0000 7011.6123   13.0295
   -7.5000  -37.5000  -30.0000 7848.2051   13.8401
    0.0000  -37.5000  -30.0000 7900.1865   13.8516
    7.5000  -37.5000  -30.0000 7455.4238   13.8346
   -7.5000  -30.0000  -30.0000 8315.3203   14.2264
    0.0000  -30.0000  -30.0000 8358.3096   14.2339
    7.5000  -30.0000  -30.0000 7873.1523   14.2136
   -7.5000  -22.5000  -30.0000 8880.3389   14.2287
    0.0000  -22.5000  -30.0000 8925.9746   14.2409
    7.5000  -22.5000  -30.0000 8390.7842   14.2200
   -7.5000  -15.0000  -30.0000 9378.3154   14.2392
    0.0000  -15.0000  -30.0000 9424.4307   14.2608
    7.5000  -15.0000  -30.0000 8878.6084   14.2412
   -7.5000   -7.5000  -30.0000 9448.3359   14.2474
    0.0000   -7.5000  -30.0000 9470.0098   14.2733
    7.5000   -7.5000  -30.0000 8935.4463   14.2554
   -7.5000    0.0000  -30.0000 9493.4336   14.2430
    0.0000    0.0000  -30.0000 9506.6777   14.2640
    7.5000    0.0000  -30.0000 8980.3369   14.2479
   -7.5000    7.5000  -30.0000 9048.0879   14.2298
    0.0000    7.5000  -30.0000 9056.0098   14.2416
    7.5000    7.5000  -30.0000 8546.6191   14.2241
   -7.5000   15.0000  -30.0000 8732.9092   14.2244
    0.0000   15.0000  -30.0000 8745.3428   14.2320
    7.5000   15.0000  -30.0000 8262.8750   14.2116
   -7.5000   22.5000  -30.0000 7966.2002   14.0391
    0.0000   22.5000  -30.0000 7982.7539   14.0511
    7.5000   22.5000  -30.0000 7557.1201   14.0305
   -7.5000   30.0000  -30.0000 7262.0088   13.6927
    0.0000   30.0000  -30.0000 7274.4458   13.7135
    7.5000   30.0000  -30.0000 6870.5933   13.6946
   -7.5000   37.5000  -30.0000 6542.6182   13.3466
    0.0000   37.5000  -30.0000 6554.4468   13.3712
    7.5000   37.5000  -30.0000 6197.7310   13.3549
   -7.5000   45.0000  -30.0000 5917.1055   13.3044
    0.0000   45.0000  -30.0000 5930.9722   13.3248
    7.5000   45.0000  -30.0000 5593.9868   13.3101
   -7.5000  -45.0000  -22.5000 7989.3252   13.5171
    0.0000  -45.0000  -22.5000 8021.9346   13.5371
    7.5000  -45.0000  -22.5000 7565.7188   13.5223
   -7.5000  -37.5000  -22.5000 8455.8066   14.3727
    0.0000  -37.5000  -22.5000 8498.4004   14.3868
    7.5000  -37.5000  -22.5000 8017.8936   14.3702
   -7.5000  -30.0000  -22.5000 8957.7080   14.7636
    0.0000  -30.0000  -22.5000 8991.2656   14.7736
    7.5000  -30.0000  -22.5000 8480.8379   14.7545
   -7.5000  -22.5000  -22.5000 9565.6904   14.7715
    0.0000  -22.5000  -22.5000 9591.1748   14.7841
    7.5000  -22.5000  -22.5000 9031.0918   14.7645
   -7.5000  -15.0000  -22.500010108.0762   14.7807
    0.0000  -15.0000  -22.500010123.7021   14.8010
    7.5000  -15.0000  -22.5000 9538.4023   14.7822
   -7.5000   -7.5000  -22.500010145.4160   14.7826
    0.0000   -7.5000  -22.500010161.7979   14.8072
    7.5000   -7.5000  -22.5000 9590.5967   14.7898
   -7.5000    0.0000  -22.500010181.9131   14.7726
    0.0000    0.0000  -22.500010199.2871   14.7944
    7.5000    0.0000  -22.5000 9618.2471   14.7782
   -7.5000    7.5000  -22.5000 9651.7734   14.7589
    0.0000    7.5000  -22.5000 9660.0713   14.7734
    7.5000    7.5000  -22.5000 9103.2920   14.7564
   -7.5000   15.0000  -22.5000 9316.4883   14.7600
    0.0000   15.0000  -22.5000 9322.4150   14.7700
    7.5000   15.0000  -22.5000 8816.5869   14.7510
   -7.5000   22.5000  -22.5000 8486.1797   14.5760
    0.0000   22.5000  -22.5000 8492.4277   14.5885
    7.5000   22.5000  -22.5000 8062.0518   14.5691
   -7.5000   30.0000  -22.5000 7726.5098   14.2239
    0.0000   30.0000  -22.5000 7730.9224   14.2434
    7.5000   30.0000  -22.5000 7325.5293   14.2253
   -7.5000   37.5000  -22.5000 6938.0938   13.8691
    0.0000   37.5000  -22.5000 6944.2319   13.8926
    7.5000   37.5000  -22.5000 6563.5186   13.8768
   -7.5000   45.0000  -22.5000 6263.9961   13.8269
    0.0000   45.0000  -22.5000 6275.0757   13.8488
    7.5000   45.0000  -22.5000 5925.0464   13.8355
   -7.5000  -45.0000  -15.0000 8536.6113   13.9946
    0.0000  -45.0000  -15.0000 8567.2617   14.0081
    7.5000  -45.0000  -15.0000 8095.2173   13.9885
   -7.5000  -37.5000  -15.0000 9050.0186   14.8777
    0.0000  -37.5000  -15.0000 9095.4570   14.8900
    7.5000  -37.5000  -15.0000 8568.4111   14.8714
   -7.5000  -30.0000  -15.0000 9597.7148   15.2678
    0.0000  -30.0000  -15.0000 9622.5576   15.2787
    7.5000  -30.0000  -15.0000 9061.6670   15.2615
   -7.5000  -22.5000  -15.000010238.9092   15.2764
    0.0000  -22.5000  -15.000010256.9053   15.2880
    7.5000  -22.5000  -15.0000 9631.8320   15.2715
   -7.5000  -15.0000  -15.000010802.7607   15.2879
    0.0000  -15.0000  -15.000010809.8330   15.3020
    7.5000  -15.0000  -15.000010156.9590   15.2832
   -7.5000   -7.5000  -15.000010862.1318   15.2910
    0.0000   -7.5000  -15.000010871.7461   15.3062
    7.5000   -7.5000  -15.000010235.5508   15.2847
   -7.5000    0.0000  -15.000010906.2256   15.2794
    0.0000    0.0000  -15.000010908.8662   15.2941
    7.5000    0.0000  -15.000010266.7314   15.2729
   -7.5000    7.5000  -15.000010302.2617   15.2627
    0.0000    7.5000  -15.000010297.3730   15.2753
    7.5000    7.5000  -15.0000 9668.0537   15.2563
   -7.5000   15.0000  -15.0000 9934.9072   15.2631
    0.0000   15.0000  -15.0000 9913.7568   15.2740
    7.5000   15.0000  -15.0000 9352.1816   15.2568
   -7.5000   22.5000  -15.0000 9019.7715   15.0766
    0.0000   22.5000  -15.0000 9014.8184   15.0880
    7.5000   22.5000  -15.0000 8544.6758   15.0718
   -7.5000   30.0000  -15.0000 8177.3057   14.7230
    0.0000   30.0000  -15.0000 8186.2178   14.7366
    7.5000   30.0000  -15.0000 7750.5396   14.7184
   -7.5000   37.5000  -15.0000 7347.1963   14.3680
    0.0000   37.5000  -15.0000 7341.5439   14.3826
    7.5000   37.5000  -15.0000 6938.1982   14.3626
   -7.5000   45.0000  -15.0000 6633.1953   14.3372
    0.0000   45.0000  -15.0000 6630.2871   14.3526
    7.5000   45.0000  -15.0000 6274.6387   14.3345
   -7.5000  -45.0000   -7.5000 8825.5205   14.0137
    0.0000  -45.0000   -7.5000 8849.7617   14.0207
    7.5000  -45.0000   -7.5000 8354.8086   13.9967
   -7.5000  -37.5000   -7.5000 9384.1855   14.8953
    0.0000  -37.5000   -7.5000 9396.7676   14.9033
    7.5000  -37.5000   -7.5000 8838.4609   14.8818
   -7.5000  -30.0000   -7.5000 9974.6182   15.2793
    0.0000  -30.0000   -7.5000 9982.0967   15.2886
    7.5000  -30.0000   -7.5000 9376.3135   15.2704
   -7.5000  -22.5000   -7.500010613.3291   15.2835
    0.0000  -22.5000   -7.500010616.7207   15.2938
    7.5000  -22.5000   -7.5000 9962.9873   15.2773
   -7.5000  -15.0000   -7.500011162.1182   15.2984
    0.0000  -15.0000   -7.500011149.6035   15.3080
    7.5000  -15.0000   -7.500010452.6729   15.2875
   -7.5000   -7.5000   -7.500011235.8818   15.3081
    0.0000   -7.5000   -7.500011221.2422   15.3162
    7.5000   -7.5000   -7.500010530.9961   15.2903
   -7.5000    0.0000   -7.500011280.8643   15.3003
    0.0000    0.0000   -7.500011273.4238   15.3079
    7.5000    0.0000   -7.500010592.2559   15.2818
   -7.5000    7.5000   -7.500010636.1797   15.2807
    0.0000    7.5000   -7.500010613.0596   15.2889
    7.5000    7.5000   -7.5000 9964.2578   15.2669
   -7.5000   15.0000   -7.500010247.6484   15.2746
    0.0000   15.0000   -7.500010230.4541   15.2839
    7.5000   15.0000   -7.5000 9629.1953   15.2657
   -7.5000   22.5000   -7.5000 9292.8965   15.0836
    0.0000   22.5000   -7.5000 9309.4854   15.0937
    7.5000   22.5000   -7.5000 8778.7773   15.0775
   -7.5000   30.0000   -7.5000 8416.4678   14.7331
    0.0000   30.0000   -7.5000 8422.4111   14.7424
    7.5000   30.0000   -7.5000 7959.6118   14.7226
   -7.5000   37.5000   -7.5000 7529.3247   14.3838
    0.0000   37.5000   -7.5000 7525.0342   14.3916
    7.5000   37.5000   -7.5000 7108.8701   14.3673
   -7.5000   45.0000   -7.5000 6800.7402   14.3617
    0.0000   45.0000   -7.5000 6807.2900   14.3699
    7.5000   45.0000   -7.5000 6442.2310   14.3458
   -7.5000  -45.0000    0.0000 8953.8701   14.3894
    0.0000  -45.0000    0.0000 8960.1885   14.3971
    7.5000  -45.0000    0.0000 8466.9766   14.3728
   -7.5000  -37.5000    0.0000 9486.8984   15.2877
    0.0000  -37.5000    0.0000 9493.5957   15.2941
    7.5000  -37.5000    0.0000 8948.8701   15.2708
   -7.5000  -30.0000    0.000010123.7744   15.6649
    0.0000  -30.0000    0.000010127.8516   15.6724
    7.5000  -30.0000    0.0000 9517.0742   15.6509
   -7.5000  -22.5000    0.000010821.6660   15.6627
    0.0000  -22.5000    0.000010829.7129   15.6734
    7.5000  -22.5000    0.000010144.4102   15.6537
   -7.5000  -15.0000    0.000011391.3477   15.6793
    0.0000  -15.0000    0.000011375.6543   15.6916
    7.5000  -15.0000    0.000010638.8896   15.6692
   -7.5000   -7.5000    0.000011443.3516   15.6965
    0.0000   -7.5000    0.000011389.0352   15.7076
    7.5000   -7.5000    0.000010676.4062   15.6810
   -7.5000    0.0000    0.000011450.6729   15.6950
    0.0000    0.0000    0.000011417.4531   15.7035
    7.5000    0.0000    0.000010712.6650   15.6769
   -7.5000    7.5000    0.000010747.8760   15.6729
    0.0000    7.5000    0.000010708.6855   15.6795
    7.5000    7.5000    0.000010033.3496   15.6557
   -7.5000   15.0000    0.000010356.5039   15.6594
    0.0000   15.0000    0.000010315.4834   15.6669
    7.5000   15.0000    0.0000 9699.1533   15.6454
   -7.5000   22.5000    0.0000 9417.5049   15.4600
    0.0000   22.5000    0.0000 9391.9609   15.4705
    7.5000   22.5000    0.0000 8844.4609   15.4511
   -7.5000   30.0000    0.0000 8533.6592   15.1090
    0.0000   30.0000    0.0000 8536.1123   15.1209
    7.5000   30.0000    0.0000 8018.6455   15.0993
   -7.5000   37.5000    0.0000 7646.5591   14.7661
    0.0000   37.5000    0.0000 7648.5981   14.7766
    7.5000   37.5000    0.0000 7196.7627   14.7517
   -7.5000   45.0000    0.0000 6873.1660   14.7650
    0.0000   45.0000    0.0000 6895.6406   14.7734
    7.5000   45.0000    0.0000 6494.8374   14.7471
   -7.5000  -45.0000    7.5000 8711.8281   14.3945
    0.0000  -45.0000    7.5000 8707.3594   14.4091
    7.5000  -45.0000    7.5000 8244.3975   14.3889
   -7.5000  -37.5000    7.5000 9157.9150   15.2943
    0.0000  -37.5000    7.5000 9139.6074   15.3028
    7.5000  -37.5000    7.5000 8668.6992   15.2817
   -7.5000  -30.0000    7.5000 9786.8135   15.6716
    0.0000  -30.0000    7.5000 9792.6973   15.6784
    7.5000  -30.0000    7.5000 9245.7930   15.6558
   -7.5000  -22.5000    7.500010629.1494   15.6684
    0.0000  -22.5000    7.500010652.1074   15.6804
    7.5000  -22.5000    7.5000 9938.3008   15.6584
   -7.5000  -15.0000    7.500011312.9170   15.6834
    0.0000  -15.0000    7.500011261.5127   15.7025
    7.5000  -15.0000    7.500010472.0430   15.6800
   -7.5000   -7.5000    7.500011304.4043   15.7005
    0.0000   -7.5000    7.500011212.2715   15.7214
    7.5000   -7.5000    7.500010450.5371   15.6981
   -7.5000    0.0000    7.500011217.4658   15.7006
    0.0000    0.0000    7.500011145.9580   15.7166
    7.5000    0.0000    7.500010423.6826   15.6945
   -7.5000    7.5000    7.500010448.9658   15.6797
    0.0000    7.5000    7.500010381.2900   15.6885
    7.5000    7.5000    7.5000 9709.8428   15.6668
   -7.5000   15.0000    7.500010047.1758   15.6660
    0.0000   15.0000    7.5000 9992.2461   15.6728
    7.5000   15.0000    7.5000 9339.5400   15.6503
   -7.5000   22.5000    7.5000 9152.5166   15.4656
    0.0000   22.5000    7.5000 9101.6719   15.4775
    7.5000   22.5000    7.5000 8531.2734   15.4557
   -7.5000   30.0000    7.5000 8289.9570   15.1130
    0.0000   30.0000    7.5000 8257.4619   15.1314
    7.5000   30.0000    7.5000 7741.1885   15.1097
   -7.5000   37.5000    7.5000 7440.3735   14.7698
    0.0000   37.5000    7.5000 7410.8203   14.7897
    7.5000   37.5000    7.5000 6951.9756   14.7681
   -7.5000   45.0000    7.5000 6685.5161   14.7691
    0.0000   45.0000    7.5000 6664.3662   14.7843
    7.5000   45.0000    7.5000 6269.5322   14.7624
   -7.5000  -45.0000   15.0000 8774.3916   14.3816
    0.0000  -45.0000   15.0000 8769.1982   14.4028
    7.5000  -45.0000   15.0000 8303.3652   14.3863
   -7.5000  -37.5000   15.0000 9184.0537   15.2832
    0.0000  -37.5000   15.0000 9153.1064   15.2957
    7.5000  -37.5000   15.0000 8704.3740   15.2768
   -7.5000  -30.0000   15.0000 9819.9463   15.6676
    0.0000  -30.0000   15.0000 9810.1201   15.6758
    7.5000  -30.0000   15.0000 9263.7061   15.6533
   -7.5000  -22.5000   15.000010721.0938   15.6701
    0.0000  -22.5000   15.000010758.5820   15.6834
    7.5000  -22.5000   15.0000 9951.5107   15.6602
   -7.5000  -15.0000   15.000011483.2617   15.6820
    0.0000  -15.0000   15.000011454.1855   15.7057
    7.5000  -15.0000   15.000010532.0625   15.6839
   -7.5000   -7.5000   15.000011511.1436   15.6914
    0.0000   -7.5000   15.000011431.9814   15.7198
    7.5000   -7.5000   15.000010546.0879   15.6999
   -7.5000    0.0000   15.000011342.0488   15.6865
    0.0000    0.0000   15.000011261.3271   15.7096
    7.5000    0.0000   15.000010471.9424   15.6917
   -7.5000    7.5000   15.000010457.9268   15.6683
    0.0000    7.5000   15.000010394.0322   15.6812
    7.5000    7.5000   15.0000 9709.7412   15.6618
   -7.5000   15.0000   15.0000 9994.7012   15.6621
    0.0000   15.0000   15.0000 9931.3516   15.6702
    7.5000   15.0000   15.0000 9305.0391   15.6477
   -7.5000   22.5000   15.0000 9112.3750   15.4673
    0.0000   22.5000   15.0000 9053.2725   15.4804
    7.5000   22.5000   15.0000 8530.3955   15.4576
   -7.5000   30.0000   15.0000 8278.8779   15.1117
    0.0000   30.0000   15.0000 8231.0469   15.1345
    7.5000   30.0000   15.0000 7741.3623   15.1135
   -7.5000   37.5000   15.0000 7422.1372   14.7616
    0.0000   37.5000   15.0000 7388.9385   14.7887
    7.5000   37.5000   15.0000 6941.4272   14.7706
   -7.5000   45.0000   15.0000 6674.1084   14.7509
    0.0000   45.0000   15.0000 6651.7939   14.7735
    7.5000   45.0000   15.0000 6262.8945   14.7571
   -7.5000  -45.0000   22.5000 8348.5693   14.4891
    0.0000  -45.0000   22.5000 8365.0088   14.5112
    7.5000  -45.0000   22.5000 7888.9546   14.4951
   -7.5000  -37.5000   22.5000 8769.5420   15.3990
    0.0000  -37.5000   22.5000 8778.2061   15.4148
    7.5000  -37.5000   22.5000 8306.0244   15.3968
   -7.5000  -30.0000   22.5000 9346.2754   15.7937
    0.0000  -30.0000   22.5000 9370.6826   15.8047
    7.5000  -30.0000   22.5000 8811.9023   15.7842
   -7.5000  -22.5000   22.500010050.0791   15.8022
    0.0000  -22.5000   22.500010098.7148   15.8159
    7.5000  -22.5000   22.5000 9401.5342   15.7948
   -7.5000  -15.0000   22.500010654.8516   15.8123
    0.0000  -15.0000   22.500010662.0840   15.8343
    7.5000  -15.0000   22.5000 9911.6445   15.8142
   -7.5000   -7.5000   22.500010727.3242   15.8144
    0.0000   -7.5000   22.500010710.9785   15.8413
    7.5000   -7.5000   22.5000 9963.1045   15.8226
   -7.5000    0.0000   22.500010649.0889   15.8037
    0.0000    0.0000   22.500010638.8330   15.8278
    7.5000    0.0000   22.5000 9933.3379   15.8103
   -7.5000    7.5000   22.5000 9873.8477   15.7871
    0.0000    7.5000   22.5000 9846.6035   15.8032
    7.5000    7.5000   22.5000 9233.5723   15.7848
   -7.5000   15.0000   22.5000 9451.7764   15.7881
    0.0000   15.0000   22.5000 9415.9619   15.7991
    7.5000   15.0000   22.5000 8852.4287   15.7786
   -7.5000   22.5000   22.5000 8633.6426   15.5977
    0.0000   22.5000   22.5000 8601.0498   15.6112
    7.5000   22.5000   22.5000 8105.4233   15.5904
   -7.5000   30.0000   22.5000 7851.6802   15.2372
    0.0000   30.0000   22.5000 7808.0962   15.2585
    7.5000   30.0000   22.5000 7356.2227   15.2390
   -7.5000   37.5000   22.5000 7031.5146   14.8779
    0.0000   37.5000   22.5000 6976.3618   14.9036
    7.5000   37.5000   22.5000 6592.7583   14.8865
   -7.5000   45.0000   22.5000 6302.7612   14.8590
    0.0000   45.0000   22.5000 6262.8276   14.8833
    7.5000   45.0000   22.5000 5920.5811   14.8688
   -7.5000  -45.0000   30.0000 7855.3984   14.6180
    0.0000  -45.0000   30.0000 7858.0527   14.6323
    7.5000  -45.0000   30.0000 7424.4712   14.6106
   -7.5000  -37.5000   30.0000 8275.7871   15.5423
    0.0000  -37.5000   30.0000 8270.1338   15.5553
    7.5000  -37.5000   30.0000 7825.5063   15.5346
   -7.5000  -30.0000   30.0000 8786.5566   15.9448
    0.0000  -30.0000   30.0000 8794.6455   15.9562
    7.5000  -30.0000   30.0000 8294.8232   15.9369
   -7.5000  -22.5000   30.0000 9372.5010   15.9550
    0.0000  -22.5000   30.0000 9369.7324   15.9669
    7.5000  -22.5000   30.0000 8860.3535   15.9484
   -7.5000  -15.0000   30.0000 9868.2656   15.9660
    0.0000  -15.0000   30.0000 9841.7148   15.9805
    7.5000  -15.0000   30.0000 9329.0273   15.9595
   -7.5000   -7.5000   30.0000 9941.9268   15.9671
    0.0000   -7.5000   30.0000 9905.7529   15.9831
    7.5000   -7.5000   30.0000 9378.0654   15.9591
   -7.5000    0.0000   30.0000 9940.8711   15.9540
    0.0000    0.0000   30.0000 9917.4268   15.9696
    7.5000    0.0000   30.0000 9385.2305   15.9459
   -7.5000    7.5000   30.0000 9276.9561   15.9367
    0.0000    7.5000   30.0000 9241.9365   15.9500
    7.5000    7.5000   30.0000 8742.2148   15.9288
   -7.5000   15.0000   30.0000 8898.8896   15.9392
    0.0000   15.0000   30.0000 8874.7295   15.9505
    7.5000   15.0000   30.0000 8370.6533   15.9312
   -7.5000   22.5000   30.0000 8130.2207   15.7472
    0.0000   22.5000   30.0000 8103.1938   15.7589
    7.5000   22.5000   30.0000 7634.9062   15.7406
   -7.5000   30.0000   30.0000 7367.6362   15.3923
    0.0000   30.0000   30.0000 7345.5005   15.4064
    7.5000   30.0000   30.0000 6910.0171   15.3861
   -7.5000   37.5000   30.0000 6584.7983   15.0336
    0.0000   37.5000   30.0000 6553.7188   15.0490
    7.5000   37.5000   30.0000 6187.1885   15.0268
   -7.5000   45.0000   30.0000 5900.9883   15.0107
    0.0000   45.0000   30.0000 5879.0967   15.0274
    7.5000   45.0000   30.0000 5538.6069   15.0075
   -7.5000  -45.0000   37.5000 7367.8960   14.7091
    0.0000  -45.0000   37.5000 7362.4038   14.7168
    7.5000  -45.0000   37.5000 6967.1182   14.6908
   -7.5000  -37.5000   37.5000 7765.6245   15.6411
    0.0000  -37.5000   37.5000 7773.8472   15.6497
    7.5000  -37.5000   37.5000 7348.0229   15.6260
   -7.5000  -30.0000   37.5000 8224.7148   16.0313
    0.0000  -30.0000   37.5000 8232.2979   16.0411
    7.5000  -30.0000   37.5000 7781.8511   16.0206
   -7.5000  -22.5000   37.5000 8758.8740   16.0373
    0.0000  -22.5000   37.5000 8746.2070   16.0481
    7.5000  -22.5000   37.5000 8297.8408   16.0295
   -7.5000  -15.0000   37.5000 9207.6445   16.0501
    0.0000  -15.0000   37.5000 9197.6504   16.0606
    7.5000  -15.0000   37.5000 8741.2197   16.0379
   -7.5000   -7.5000   37.5000 9276.9297   16.0567
    0.0000   -7.5000   37.5000 9264.8027   16.0657
    7.5000   -7.5000   37.5000 8774.4863   16.0375
   -7.5000    0.0000   37.5000 9285.9082   16.0472
    0.0000    0.0000   37.5000 9274.0879   16.0556
    7.5000    0.0000   37.5000 8794.1553   16.0273
   -7.5000    7.5000   37.5000 8670.6797   16.0281
    0.0000    7.5000   37.5000 8655.9053   16.0369
    7.5000    7.5000   37.5000 8197.6338   16.0126
   -7.5000   15.0000   37.5000 8336.5879   16.0254
    0.0000   15.0000   37.5000 8323.3633   16.0352
    7.5000   15.0000   37.5000 7876.6997   16.0148
   -7.5000   22.5000   37.5000 7624.2119   15.8256
    0.0000   22.5000   37.5000 7607.2002   15.8363
    7.5000   22.5000   37.5000 7189.7314   15.8179
   -7.5000   30.0000   37.5000 6896.0469   15.4734
    0.0000   30.0000   37.5000 6877.5562   15.4835
    7.5000   30.0000   37.5000 6506.3779   15.4616
   -7.5000   37.5000   37.5000 6143.3706   15.1148
    0.0000   37.5000   37.5000 6118.3350   15.1235
    7.5000   37.5000   37.5000 5802.2939   15.0970
   -7.5000   45.0000   37.5000 5495.3135   15.0829
    0.0000   45.0000   37.5000 5480.2827   15.0926
    7.5000   45.0000   37.5000 5194.0244   15.0664
   -7.5000  -45.0000   45.0000 6865.2461   14.8525
    0.0000  -45.0000   45.0000 6882.6079   14.8642
    7.5000  -45.0000   45.0000 6498.0449   14.8415
   -7.5000  -37.5000   45.0000 7240.7100   15.7962
    0.0000  -37.5000   45.0000 7263.5986   15.8061
    7.5000  -37.5000   45.0000 6855.3262   15.7840
   -7.5000  -30.0000   45.0000 7668.8438   16.1671
    0.0000  -30.0000   45.0000 7671.2402   16.1786
    7.5000  -30.0000   45.0000 7265.8105   16.1586
   -7.5000  -22.5000   45.0000 8143.1499   16.1638
    0.0000  -22.5000   45.0000 8128.4673   16.1794
    7.5000  -22.5000   45.0000 7733.7705   16.1621
   -7.5000  -15.0000   45.0000 8556.5752   16.1758
    0.0000  -15.0000   45.0000 8545.1426   16.1934
    7.5000  -15.0000   45.0000 8131.8657   16.1741
   -7.5000   -7.5000   45.0000 8618.6777   16.1900
    0.0000   -7.5000   45.0000 8597.7725   16.2062
    7.5000   -7.5000   45.0000 8174.1040   16.1822
   -7.5000    0.0000   45.0000 8637.5938   16.1897
    0.0000    0.0000   45.0000 8619.4707   16.2024
    7.5000    0.0000   45.0000 8187.1426   16.1777
   -7.5000    7.5000   45.0000 8059.8892   16.1715
    0.0000    7.5000   45.0000 8045.7979   16.1816
    7.5000    7.5000   45.0000 7625.3535   16.1590
   -7.5000   15.0000   45.0000 7752.4766   16.1611
    0.0000   15.0000   45.0000 7749.4009   16.1725
    7.5000   15.0000   45.0000 7326.4966   16.1525
   -7.5000   22.5000   45.0000 7091.8252   15.9484
    0.0000   22.5000   45.0000 7094.8872   15.9637
    7.5000   22.5000   45.0000 6705.5112   15.9466
   -7.5000   30.0000   45.0000 6417.2769   15.5930
    0.0000   30.0000   45.0000 6411.8594   15.6100
    7.5000   30.0000   45.0000 6068.2329   15.5913
   -7.5000   37.5000   45.0000 5705.8037   15.2337
    0.0000   37.5000   45.0000 5697.4092   15.2489
    7.5000   37.5000   45.0000 5398.5283   15.2264
   -7.5000   45.0000   45.0000 5099.4937   15.2001
    0.0000   45.0000   45.0000 5094.4956   15.2124
    7.5000   45.0000   45.0000 4830.9775   15.1879

---------------------------------------------------------------------
imgreg_4dfp /opt/freesurfer/average/711-2C_as_mni_average_305 /opt/freesurfer/average/711-2B_as_mni_average_305_mask talsrcimg_g11 none talsrcimg_to_711-2C_as_mni_average_305_t4 4355
---------------------------------------------------------------------

freesurfer imgreg_4dfp.c
/opt/freesurfer/average/711-2C_as_mni_average_305.4dfp.img
       256       256       256         1
  1.000000  1.000000  1.000000
orientation T byte_order littleendian
Reading image: /opt/freesurfer/average/711-2C_as_mni_average_305.4dfp.img
dimensions:      256       256       256
mmppix:       1.0000   -1.0000   -1.0000
center:     128.0000 -129.0000 -129.0000
/opt/freesurfer/average/711-2B_as_mni_average_305_mask.4dfp.img
       256       256       256         1
  1.000000  1.000000  1.000000
orientation T byte_order littleendian
Reading mask: /opt/freesurfer/average/711-2B_as_mni_average_305_mask.4dfp.img (2306576 pixels)
talsrcimg_g11.4dfp.img
       256       256       256         1
  0.898437  0.898437  0.898437
orientation T byte_order littleendian
Reading image: talsrcimg_g11.4dfp.img
dimensions:      256       256       256
mmppix:       0.8984   -0.8984   -0.8984
center:     114.9999 -115.8984 -115.8984
rotation matrix determinant  1.000000
image alignment mode   4355 decimal     1103 hex
  -15.0000  -52.5000  -30.0000 2140.3945   14.2867
   -7.5000  -52.5000  -30.0000 2170.6577   14.1252
    0.0000  -52.5000  -30.0000 2180.5232   14.1473
  -15.0000  -45.0000  -30.0000 2259.3914   13.3217
   -7.5000  -45.0000  -30.0000 2290.3386   13.1381
    0.0000  -45.0000  -30.0000 2297.4543   13.1697
  -15.0000  -37.5000  -30.0000 2331.3494   12.5378
   -7.5000  -37.5000  -30.0000 2357.3030   12.3319
    0.0000  -37.5000  -30.0000 2368.5847   12.3392
  -15.0000  -30.0000  -30.0000 2371.9016   12.0050
   -7.5000  -30.0000  -30.0000 2399.3301   11.8044
    0.0000  -30.0000  -30.0000 2407.5383   11.7743
  -15.0000  -22.5000  -30.0000 2389.8254   11.6978
   -7.5000  -22.5000  -30.0000 2420.6091   11.5061
    0.0000  -22.5000  -30.0000 2429.3521   11.4775
  -15.0000  -15.0000  -30.0000 2388.3479   11.6641
   -7.5000  -15.0000  -30.0000 2422.0242   11.4433
    0.0000  -15.0000  -30.0000 2427.7830   11.3853
  -15.0000   -7.5000  -30.0000 2364.6138   11.8502
   -7.5000   -7.5000  -30.0000 2402.3525   11.6082
    0.0000   -7.5000  -30.0000 2404.1880   11.5691
  -15.0000    0.0000  -30.0000 2323.0498   12.2908
   -7.5000    0.0000  -30.0000 2363.7698   12.0174
    0.0000    0.0000  -30.0000 2367.4543   11.9885
  -15.0000    7.5000  -30.0000 2273.0500   12.9684
   -7.5000    7.5000  -30.0000 2311.4895   12.6720
    0.0000    7.5000  -30.0000 2319.7615   12.6266
  -15.0000   15.0000  -30.0000 2199.5652   13.9558
   -7.5000   15.0000  -30.0000 2238.9209   13.6265
    0.0000   15.0000  -30.0000 2245.6340   13.5870
  -15.0000   22.5000  -30.0000 2104.9517   15.2950
   -7.5000   22.5000  -30.0000 2145.5022   14.9001
    0.0000   22.5000  -30.0000 2148.4463   14.8410
  -15.0000   30.0000  -30.0000 1988.6024   16.9472
   -7.5000   30.0000  -30.0000 2031.6456   16.5381
    0.0000   30.0000  -30.0000 2027.9385   16.4775
  -15.0000   37.5000  -30.0000 1843.2844   19.0211
   -7.5000   37.5000  -30.0000 1883.6508   18.5763
    0.0000   37.5000  -30.0000 1885.3219   18.4737
  -15.0000  -52.5000  -22.5000 2252.4333   13.7721
   -7.5000  -52.5000  -22.5000 2287.6470   13.6045
    0.0000  -52.5000  -22.5000 2293.7285   13.6072
  -15.0000  -45.0000  -22.5000 2375.6687   12.7866
   -7.5000  -45.0000  -22.5000 2407.2603   12.6109
    0.0000  -45.0000  -22.5000 2415.5610   12.5970
  -15.0000  -37.5000  -22.5000 2451.2498   12.0115
   -7.5000  -37.5000  -22.5000 2481.8918   11.8227
    0.0000  -37.5000  -22.5000 2492.9165   11.7867
  -15.0000  -30.0000  -22.5000 2500.5354   11.4671
   -7.5000  -30.0000  -22.5000 2533.4343   11.2894
    0.0000  -30.0000  -22.5000 2539.4067   11.2240
  -15.0000  -22.5000  -22.5000 2531.3384   11.1572
   -7.5000  -22.5000  -22.5000 2567.8000   10.9574
    0.0000  -22.5000  -22.5000 2573.0847   10.9154
  -15.0000  -15.0000  -22.5000 2539.5500   11.0717
   -7.5000  -15.0000  -22.5000 2582.2100   10.8815
    0.0000  -15.0000  -22.5000 2583.9656   10.8424
  -15.0000   -7.5000  -22.5000 2516.8276   11.2872
   -7.5000   -7.5000  -22.5000 2564.3391   11.0643
    0.0000   -7.5000  -22.5000 2565.4893   11.0192
  -15.0000    0.0000  -22.5000 2470.7302   11.7564
   -7.5000    0.0000  -22.5000 2524.1042   11.4868
    0.0000    0.0000  -22.5000 2529.0227   11.4568
  -15.0000    7.5000  -22.5000 2409.9988   12.4229
   -7.5000    7.5000  -22.5000 2459.6458   12.1420
    0.0000    7.5000  -22.5000 2468.0908   12.0976
  -15.0000   15.0000  -22.5000 2330.9287   13.3348
   -7.5000   15.0000  -22.5000 2374.6995   13.0457
    0.0000   15.0000  -22.5000 2380.7651   12.9924
  -15.0000   22.5000  -22.5000 2224.1917   14.6077
   -7.5000   22.5000  -22.5000 2268.5449   14.2577
    0.0000   22.5000  -22.5000 2272.5278   14.2097
  -15.0000   30.0000  -22.5000 2105.6194   16.2073
   -7.5000   30.0000  -22.5000 2146.7913   15.8327
    0.0000   30.0000  -22.5000 2148.2666   15.7493
  -15.0000   37.5000  -22.5000 1952.5056   18.1553
   -7.5000   37.5000  -22.5000 1988.7476   17.7407
    0.0000   37.5000  -22.5000 1992.5569   17.6446
  -15.0000  -52.5000  -15.0000 2326.5110   13.2293
   -7.5000  -52.5000  -15.0000 2359.8379   13.0204
    0.0000  -52.5000  -15.0000 2364.8821   12.9864
  -15.0000  -45.0000  -15.0000 2457.5442   12.2447
   -7.5000  -45.0000  -15.0000 2490.6548   12.0249
    0.0000  -45.0000  -15.0000 2501.6460   11.9707
  -15.0000  -37.5000  -15.0000 2543.3098   11.4299
   -7.5000  -37.5000  -15.0000 2581.9744   11.2364
    0.0000  -37.5000  -15.0000 2593.8604   11.1966
  -15.0000  -30.0000  -15.0000 2605.1475   10.9000
   -7.5000  -30.0000  -15.0000 2642.1487   10.7059
    0.0000  -30.0000  -15.0000 2648.9136   10.6755
  -15.0000  -22.5000  -15.0000 2644.1465   10.6018
   -7.5000  -22.5000  -15.0000 2689.3047   10.4056
    0.0000  -22.5000  -15.0000 2695.3691   10.3475
  -15.0000  -15.0000  -15.0000 2658.4744   10.5054
   -7.5000  -15.0000  -15.0000 2711.8113   10.2872
    0.0000  -15.0000  -15.0000 2712.5493   10.2404
  -15.0000   -7.5000  -15.0000 2642.4512   10.6883
   -7.5000   -7.5000  -15.0000 2697.7373   10.4502
    0.0000   -7.5000  -15.0000 2705.0908   10.4063
  -15.0000    0.0000  -15.0000 2599.0554   11.1404
   -7.5000    0.0000  -15.0000 2661.4543   10.8943
    0.0000    0.0000  -15.0000 2665.0261   10.8636
  -15.0000    7.5000  -15.0000 2532.1345   11.8102
   -7.5000    7.5000  -15.0000 2589.3455   11.5556
    0.0000    7.5000  -15.0000 2593.9250   11.5210
  -15.0000   15.0000  -15.0000 2437.2515   12.7075
   -7.5000   15.0000  -15.0000 2484.9971   12.4318
    0.0000   15.0000  -15.0000 2488.6213   12.3781
  -15.0000   22.5000  -15.0000 2320.5090   13.9151
   -7.5000   22.5000  -15.0000 2364.0627   13.5995
    0.0000   22.5000  -15.0000 2366.2722   13.5311
  -15.0000   30.0000  -15.0000 2195.9583   15.4566
   -7.5000   30.0000  -15.0000 2233.4255   15.1154
    0.0000   30.0000  -15.0000 2241.1714   15.0086
  -15.0000   37.5000  -15.0000 2033.9536   17.3078
   -7.5000   37.5000  -15.0000 2069.5479   16.9029
    0.0000   37.5000  -15.0000 2073.1150   16.8359
  -15.0000  -52.5000   -7.5000 2360.4580   12.6400
   -7.5000  -52.5000   -7.5000 2391.4873   12.3990
    0.0000  -52.5000   -7.5000 2400.4412   12.3582
  -15.0000  -45.0000   -7.5000 2498.7966   11.6524
   -7.5000  -45.0000   -7.5000 2534.3369   11.4224
    0.0000  -45.0000   -7.5000 2542.6387   11.3687
  -15.0000  -37.5000   -7.5000 2602.9331   10.8474
   -7.5000  -37.5000   -7.5000 2645.4307   10.6368
    0.0000  -37.5000   -7.5000 2654.4700   10.5769
  -15.0000  -30.0000   -7.5000 2678.8384   10.3321
   -7.5000  -30.0000   -7.5000 2725.0969   10.1163
    0.0000  -30.0000   -7.5000 2729.5256   10.0802
  -15.0000  -22.5000   -7.5000 2724.6072   10.0242
   -7.5000  -22.5000   -7.5000 2776.5784    9.8145
    0.0000  -22.5000   -7.5000 2782.4744    9.7688
  -15.0000  -15.0000   -7.5000 2745.8081    9.9278
   -7.5000  -15.0000   -7.5000 2802.1826    9.6852
    0.0000  -15.0000   -7.5000 2805.2334    9.6375
  -15.0000   -7.5000   -7.5000 2726.6387   10.0982
   -7.5000   -7.5000   -7.5000 2791.5183    9.8354
    0.0000   -7.5000   -7.5000 2795.9070    9.7900
  -15.0000    0.0000   -7.5000 2681.5459   10.5215
   -7.5000    0.0000   -7.5000 2747.7554   10.2683
    0.0000    0.0000   -7.5000 2750.5615   10.2320
  -15.0000    7.5000   -7.5000 2610.2209   11.1511
   -7.5000    7.5000   -7.5000 2671.1233   10.9142
    0.0000    7.5000   -7.5000 2669.3408   10.8878
  -15.0000   15.0000   -7.5000 2508.4238   12.0505
   -7.5000   15.0000   -7.5000 2557.0789   11.7795
    0.0000   15.0000   -7.5000 2559.6042   11.7384
  -15.0000   22.5000   -7.5000 2382.2930   13.2474
   -7.5000   22.5000   -7.5000 2427.1028   12.9279
    0.0000   22.5000   -7.5000 2434.0820   12.8493
  -15.0000   30.0000   -7.5000 2248.2659   14.7366
   -7.5000   30.0000   -7.5000 2291.4812   14.4053
    0.0000   30.0000   -7.5000 2296.9731   14.2946
  -15.0000   37.5000   -7.5000 2078.9661   16.4993
   -7.5000   37.5000   -7.5000 2118.9004   16.1007
    0.0000   37.5000   -7.5000 2121.9133   16.0190
  -15.0000  -52.5000    0.0000 2398.1533   12.3189
   -7.5000  -52.5000    0.0000 2431.9683   12.0507
    0.0000  -52.5000    0.0000 2438.5066   11.9981
  -15.0000  -45.0000    0.0000 2537.3638   11.3229
   -7.5000  -45.0000    0.0000 2574.1782   11.0674
    0.0000  -45.0000    0.0000 2579.2090   10.9925
  -15.0000  -37.5000    0.0000 2653.4788   10.5102
   -7.5000  -37.5000    0.0000 2692.1238   10.2505
    0.0000  -37.5000    0.0000 2700.4531   10.1876
  -15.0000  -30.0000    0.0000 2744.6567    9.9738
   -7.5000  -30.0000    0.0000 2790.4180    9.7484
    0.0000  -30.0000    0.0000 2799.5718    9.6937
  -15.0000  -22.5000    0.0000 2798.0586    9.6660
   -7.5000  -22.5000    0.0000 2864.7927    9.4665
    0.0000  -22.5000    0.0000 2872.1111    9.4147
  -15.0000  -15.0000    0.0000 2826.5713    9.5721
   -7.5000  -15.0000    0.0000 2903.6050    9.3234
    0.0000  -15.0000    0.0000 2911.7534    9.2834
  -15.0000   -7.5000    0.0000 2806.5215    9.7337
   -7.5000   -7.5000    0.0000 2885.4980    9.4659
    0.0000   -7.5000    0.0000 2891.1453    9.4153
  -15.0000    0.0000    0.0000 2754.3704   10.1272
   -7.5000    0.0000    0.0000 2825.2810    9.8543
    0.0000    0.0000    0.0000 2829.1843    9.8123
  -15.0000    7.5000    0.0000 2672.4211   10.7712
   -7.5000    7.5000    0.0000 2736.0054   10.4973
    0.0000    7.5000    0.0000 2736.3040   10.4593
  -15.0000   15.0000    0.0000 2565.6990   11.6876
   -7.5000   15.0000    0.0000 2616.7002   11.3776
    0.0000   15.0000    0.0000 2619.1008   11.3113
  -15.0000   22.5000    0.0000 2428.4980   12.8540
   -7.5000   22.5000    0.0000 2481.8911   12.5292
    0.0000   22.5000    0.0000 2487.3130   12.4503
  -15.0000   30.0000    0.0000 2285.9402   14.3172
   -7.5000   30.0000    0.0000 2339.3823   13.9426
    0.0000   30.0000    0.0000 2349.2117   13.8663
  -15.0000   37.5000    0.0000 2120.2961   16.0155
   -7.5000   37.5000    0.0000 2163.7866   15.6174
    0.0000   37.5000    0.0000 2167.3582   15.5529
  -15.0000  -52.5000    7.5000 2417.7207   12.0585
   -7.5000  -52.5000    7.5000 2450.2756   11.7696
    0.0000  -52.5000    7.5000 2450.9924   11.7053
  -15.0000  -45.0000    7.5000 2554.8533   11.0607
   -7.5000  -45.0000    7.5000 2591.0100   10.7772
    0.0000  -45.0000    7.5000 2594.5386   10.7051
  -15.0000  -37.5000    7.5000 2674.2439   10.2396
   -7.5000  -37.5000    7.5000 2714.6846    9.9673
    0.0000  -37.5000    7.5000 2715.5569    9.8931
  -15.0000  -30.0000    7.5000 2771.3958    9.6956
   -7.5000  -30.0000    7.5000 2822.2717    9.4609
    0.0000  -30.0000    7.5000 2833.0002    9.3910
  -15.0000  -22.5000    7.5000 2838.8298    9.4458
   -7.5000  -22.5000    7.5000 2918.7783    9.2481
    0.0000  -22.5000    7.5000 2930.7751    9.1957
  -15.0000  -15.0000    7.5000 2876.0212    9.3872
   -7.5000  -15.0000    7.5000 2983.3135    9.1643
    0.0000  -15.0000    7.5000 2993.2893    9.1141
  -15.0000   -7.5000    7.5000 2859.7471    9.5127
   -7.5000   -7.5000    7.5000 2955.9380    9.2759
    0.0000   -7.5000    7.5000 2964.4607    9.2023
  -15.0000    0.0000    7.5000 2800.3308    9.8567
   -7.5000    0.0000    7.5000 2874.1921    9.6032
    0.0000    0.0000    7.5000 2880.2437    9.5480
  -15.0000    7.5000    7.5000 2709.6665   10.4627
   -7.5000    7.5000    7.5000 2768.3413   10.1890
    0.0000    7.5000    7.5000 2775.8625   10.1289
  -15.0000   15.0000    7.5000 2590.7263   11.3367
   -7.5000   15.0000    7.5000 2644.6772   11.0577
    0.0000   15.0000    7.5000 2650.0903   10.9719
  -15.0000   22.5000    7.5000 2448.7842   12.4850
   -7.5000   22.5000    7.5000 2502.4302   12.1851
    0.0000   22.5000    7.5000 2508.0623   12.1034
  -15.0000   30.0000    7.5000 2308.3145   13.9071
   -7.5000   30.0000    7.5000 2357.3555   13.5932
    0.0000   30.0000    7.5000 2364.0579   13.5100
  -15.0000   37.5000    7.5000 2136.3738   15.5990
   -7.5000   37.5000    7.5000 2178.7595   15.2217
    0.0000   37.5000    7.5000 2179.3772   15.1380
  -15.0000  -52.5000   15.0000 2422.5046   12.0442
   -7.5000  -52.5000   15.0000 2458.8406   11.6987
    0.0000  -52.5000   15.0000 2458.4463   11.6477
  -15.0000  -45.0000   15.0000 2561.6665   11.0105
   -7.5000  -45.0000   15.0000 2599.2249   10.6999
    0.0000  -45.0000   15.0000 2596.0984   10.6533
  -15.0000  -37.5000   15.0000 2681.3445   10.1709
   -7.5000  -37.5000   15.0000 2720.0994    9.8668
    0.0000  -37.5000   15.0000 2716.6384    9.8258
  -15.0000  -30.0000   15.0000 2783.4102    9.6213
   -7.5000  -30.0000   15.0000 2837.2944    9.3546
    0.0000  -30.0000   15.0000 2839.5015    9.3026
  -15.0000  -22.5000   15.0000 2856.1575    9.3754
   -7.5000  -22.5000   15.0000 2937.3313    9.1877
    0.0000  -22.5000   15.0000 2942.9746    9.1480
  -15.0000  -15.0000   15.0000 2896.1692    9.3051
   -7.5000  -15.0000   15.0000 3008.1199    9.1765
    0.0000  -15.0000   15.0000 3011.2295    9.1517
  -15.0000   -7.5000   15.0000 2877.1538    9.4583
   -7.5000   -7.5000   15.0000 2982.0488    9.3027
    0.0000   -7.5000   15.0000 2988.7180    9.2465
  -15.0000    0.0000   15.0000 2809.3420    9.7908
   -7.5000    0.0000   15.0000 2892.5737    9.5492
    0.0000    0.0000   15.0000 2896.9341    9.5001
  -15.0000    7.5000   15.0000 2715.5259   10.3539
   -7.5000    7.5000   15.0000 2775.4973   10.0628
    0.0000    7.5000   15.0000 2786.7144   10.0041
  -15.0000   15.0000   15.0000 2596.7073   11.1917
   -7.5000   15.0000   15.0000 2648.6492   10.8830
    0.0000   15.0000   15.0000 2654.0154   10.8003
  -15.0000   22.5000   15.0000 2453.9443   12.3212
   -7.5000   22.5000   15.0000 2505.1846   11.9948
    0.0000   22.5000   15.0000 2508.7769   11.9015
  -15.0000   30.0000   15.0000 2309.4563   13.7301
   -7.5000   30.0000   15.0000 2356.4407   13.3947
    0.0000   30.0000   15.0000 2364.0225   13.3222
  -15.0000   37.5000   15.0000 2129.8108   15.3767
   -7.5000   37.5000   15.0000 2173.8254   14.9809
    0.0000   37.5000   15.0000 2173.1204   14.9244
  -15.0000  -52.5000   22.5000 2416.4583   12.1829
   -7.5000  -52.5000   22.5000 2452.1230   11.8340
    0.0000  -52.5000   22.5000 2451.4211   11.8208
  -15.0000  -45.0000   22.5000 2558.4421   11.1711
   -7.5000  -45.0000   22.5000 2591.0215   10.8416
    0.0000  -45.0000   22.5000 2582.6729   10.8176
  -15.0000  -37.5000   22.5000 2674.6877   10.3301
   -7.5000  -37.5000   22.5000 2715.6042   10.0127
    0.0000  -37.5000   22.5000 2706.9788   10.0007
  -15.0000  -30.0000   22.5000 2776.2993    9.7872
   -7.5000  -30.0000   22.5000 2827.4912    9.4996
    0.0000  -30.0000   22.5000 2821.5940    9.4900
  -15.0000  -22.5000   22.5000 2844.5151    9.4679
   -7.5000  -22.5000   22.5000 2919.2944    9.2738
    0.0000  -22.5000   22.5000 2913.1484    9.2689
  -15.0000  -15.0000   22.5000 2880.0095    9.3806
   -7.5000  -15.0000   22.5000 2971.8767    9.1715
    0.0000  -15.0000   22.5000 2964.3518    9.1728
  -15.0000   -7.5000   22.5000 2859.1724    9.5464
   -7.5000   -7.5000   22.5000 2944.5024    9.3369
    0.0000   -7.5000   22.5000 2944.7351    9.2958
  -15.0000    0.0000   22.5000 2789.8611    9.9191
   -7.5000    0.0000   22.5000 2857.8508    9.6873
    0.0000    0.0000   22.5000 2863.5764    9.6489
  -15.0000    7.5000   22.5000 2699.5349   10.4874
   -7.5000    7.5000   22.5000 2754.6101   10.2258
    0.0000    7.5000   22.5000 2759.6211   10.1772
  -15.0000   15.0000   22.5000 2576.1443   11.2912
   -7.5000   15.0000   22.5000 2625.3777   11.0016
    0.0000   15.0000   22.5000 2631.0168   10.9282
  -15.0000   22.5000   22.5000 2438.8479   12.3673
   -7.5000   22.5000   22.5000 2482.7356   12.0262
    0.0000   22.5000   22.5000 2493.4968   11.9340
  -15.0000   30.0000   22.5000 2295.9443   13.7114
   -7.5000   30.0000   22.5000 2336.9368   13.3339
    0.0000   30.0000   22.5000 2343.9661   13.2582
  -15.0000   37.5000   22.5000 2114.6650   15.3264
   -7.5000   37.5000   22.5000 2153.8186   14.9225
    0.0000   37.5000   22.5000 2155.0842   14.8488
  -15.0000  -52.5000   30.0000 2398.3254   12.4914
   -7.5000  -52.5000   30.0000 2434.3125   12.1448
    0.0000  -52.5000   30.0000 2424.2180   12.1369
  -15.0000  -45.0000   30.0000 2537.2629   11.4853
   -7.5000  -45.0000   30.0000 2575.1926   11.1370
    0.0000  -45.0000   30.0000 2562.4165   11.1247
  -15.0000  -37.5000   30.0000 2652.4761   10.6616
   -7.5000  -37.5000   30.0000 2694.7976   10.3257
    0.0000  -37.5000   30.0000 2683.3274   10.3190
  -15.0000  -30.0000   30.0000 2743.7720   10.1036
   -7.5000  -30.0000   30.0000 2798.3459    9.8253
    0.0000  -30.0000   30.0000 2786.5999    9.8066
  -15.0000  -22.5000   30.0000 2813.2107    9.7884
   -7.5000  -22.5000   30.0000 2873.4246    9.5487
    0.0000  -22.5000   30.0000 2861.7324    9.5320
  -15.0000  -15.0000   30.0000 2836.3142    9.6882
   -7.5000  -15.0000   30.0000 2904.2087    9.4228
    0.0000  -15.0000   30.0000 2894.7197    9.3858
  -15.0000   -7.5000   30.0000 2813.9780    9.8412
   -7.5000   -7.5000   30.0000 2877.7278    9.5780
    0.0000   -7.5000   30.0000 2874.7368    9.5034
  -15.0000    0.0000   30.0000 2748.3401   10.2142
   -7.5000    0.0000   30.0000 2803.8882    9.9528
    0.0000    0.0000   30.0000 2804.6387    9.8850
  -15.0000    7.5000   30.0000 2658.7036   10.7645
   -7.5000    7.5000   30.0000 2709.5195   10.5324
    0.0000    7.5000   30.0000 2706.7708   10.4575
  -15.0000   15.0000   30.0000 2536.1538   11.5353
   -7.5000   15.0000   30.0000 2583.9709   11.3020
    0.0000   15.0000   30.0000 2588.5073   11.2398
  -15.0000   22.5000   30.0000 2407.5371   12.5795
   -7.5000   22.5000   30.0000 2449.7812   12.2802
    0.0000   22.5000   30.0000 2455.4319   12.2018
  -15.0000   30.0000   30.0000 2264.3142   13.8859
   -7.5000   30.0000   30.0000 2306.5496   13.5359
    0.0000   30.0000   30.0000 2310.0544   13.4420
  -15.0000   37.5000   30.0000 2084.8640   15.5077
   -7.5000   37.5000   30.0000 2124.5239   15.1116
    0.0000   37.5000   30.0000 2122.2925   15.0287
  -15.0000  -52.5000   37.5000 2364.1392   12.9800
   -7.5000  -52.5000   37.5000 2396.7241   12.6126
    0.0000  -52.5000   37.5000 2385.3645   12.6116
  -15.0000  -45.0000   37.5000 2499.1443   11.9667
   -7.5000  -45.0000   37.5000 2537.0083   11.5989
    0.0000  -45.0000   37.5000 2527.5132   11.5862
  -15.0000  -37.5000   37.5000 2609.3584   11.1608
   -7.5000  -37.5000   37.5000 2652.4365   10.8173
    0.0000  -37.5000   37.5000 2647.3350   10.7887
  -15.0000  -30.0000   37.5000 2693.8606   10.5843
   -7.5000  -30.0000   37.5000 2747.2788   10.2839
    0.0000  -30.0000   37.5000 2734.6545   10.2699
  -15.0000  -22.5000   37.5000 2755.1619   10.2620
   -7.5000  -22.5000   37.5000 2812.7512    9.9692
    0.0000  -22.5000   37.5000 2800.1096    9.9485
  -15.0000  -15.0000   37.5000 2771.1667   10.1532
   -7.5000  -15.0000   37.5000 2828.3650    9.8463
    0.0000  -15.0000   37.5000 2819.2109    9.8107
  -15.0000   -7.5000   37.5000 2744.6956   10.2808
   -7.5000   -7.5000   37.5000 2797.3611   10.0136
    0.0000   -7.5000   37.5000 2792.1978    9.9513
  -15.0000    0.0000   37.5000 2680.6946   10.6538
   -7.5000    0.0000   37.5000 2727.0679   10.3926
    0.0000    0.0000   37.5000 2724.0237   10.3190
  -15.0000    7.5000   37.5000 2591.2905   11.2036
   -7.5000    7.5000   37.5000 2639.7085   10.9586
    0.0000    7.5000   37.5000 2638.5093   10.8784
  -15.0000   15.0000   37.5000 2482.9675   11.9542
   -7.5000   15.0000   37.5000 2528.9312   11.7133
    0.0000   15.0000   37.5000 2531.1682   11.6358
  -15.0000   22.5000   37.5000 2359.3384   12.9999
   -7.5000   22.5000   37.5000 2401.0447   12.7230
    0.0000   22.5000   37.5000 2404.5642   12.6375
  -15.0000   30.0000   37.5000 2216.1990   14.3163
   -7.5000   30.0000   37.5000 2254.8748   13.9852
    0.0000   30.0000   37.5000 2257.6650   13.9059
  -15.0000   37.5000   37.5000 2039.1034   15.9073
   -7.5000   37.5000   37.5000 2076.1948   15.5343
    0.0000   37.5000   37.5000 2074.6367   15.4435
  -15.0000  -52.5000   45.0000 2298.0100   13.5759
   -7.5000  -52.5000   45.0000 2334.7424   13.1830
    0.0000  -52.5000   45.0000 2322.3806   13.1993
  -15.0000  -45.0000   45.0000 2424.9497   12.5528
   -7.5000  -45.0000   45.0000 2464.4177   12.1803
    0.0000  -45.0000   45.0000 2458.3918   12.1798
  -15.0000  -37.5000   45.0000 2529.9919   11.7200
   -7.5000  -37.5000   45.0000 2574.4463   11.3797
    0.0000  -37.5000   45.0000 2568.2439   11.3822
  -15.0000  -30.0000   45.0000 2612.1460   11.1497
   -7.5000  -30.0000   45.0000 2660.1489   10.8270
    0.0000  -30.0000   45.0000 2645.7654   10.8178
  -15.0000  -22.5000   45.0000 2655.8948   10.8039
   -7.5000  -22.5000   45.0000 2708.8416   10.4960
    0.0000  -22.5000   45.0000 2697.1511   10.4732
  -15.0000  -15.0000   45.0000 2669.3296   10.6762
   -7.5000  -15.0000   45.0000 2721.4719   10.3676
    0.0000  -15.0000   45.0000 2710.5984   10.3506
  -15.0000   -7.5000   45.0000 2641.6206   10.8024
   -7.5000   -7.5000   45.0000 2689.4790   10.5290
    0.0000   -7.5000   45.0000 2678.9563   10.4943
  -15.0000    0.0000   45.0000 2577.9875   11.1633
   -7.5000    0.0000   45.0000 2618.4072   10.9016
    0.0000    0.0000   45.0000 2612.2019   10.8644
  -15.0000    7.5000   45.0000 2493.7979   11.7311
   -7.5000    7.5000   45.0000 2534.4358   11.4662
    0.0000    7.5000   45.0000 2532.1455   11.4002
  -15.0000   15.0000   45.0000 2397.3074   12.4584
   -7.5000   15.0000   45.0000 2436.2400   12.1979
    0.0000   15.0000   45.0000 2435.7546   12.1126
  -15.0000   22.5000   45.0000 2281.0503   13.4529
   -7.5000   22.5000   45.0000 2317.1230   13.1601
    0.0000   22.5000   45.0000 2320.4587   13.1031
  -15.0000   30.0000   45.0000 2140.4663   14.7807
   -7.5000   30.0000   45.0000 2179.3240   14.4516
    0.0000   30.0000   45.0000 2178.5847   14.4038
  -15.0000   37.5000   45.0000 1968.9744   16.3855
   -7.5000   37.5000   45.0000 2003.3000   15.9900
    0.0000   37.5000   45.0000 1998.8384   15.9779
  -15.0000  -52.5000   52.5000 2205.5344   14.1233
   -7.5000  -52.5000   52.5000 2245.5627   13.7778
    0.0000  -52.5000   52.5000 2233.2034   13.8157
  -15.0000  -45.0000   52.5000 2331.4141   13.1228
   -7.5000  -45.0000   52.5000 2371.4409   12.7869
    0.0000  -45.0000   52.5000 2363.6404   12.7965
  -15.0000  -37.5000   52.5000 2431.0510   12.2934
   -7.5000  -37.5000   52.5000 2472.6772   11.9577
    0.0000  -37.5000   52.5000 2460.4741   11.9731
  -15.0000  -30.0000   52.5000 2503.7935   11.7064
   -7.5000  -30.0000   52.5000 2545.8848   11.3842
    0.0000  -30.0000   52.5000 2530.2959   11.3949
  -15.0000  -22.5000   52.5000 2534.3569   11.3504
   -7.5000  -22.5000   52.5000 2579.1418   11.0612
    0.0000  -22.5000   52.5000 2568.8091   11.0558
  -15.0000  -15.0000   52.5000 2538.2261   11.2163
   -7.5000  -15.0000   52.5000 2579.3645   10.9288
    0.0000  -15.0000   52.5000 2568.6152   10.9274
  -15.0000   -7.5000   52.5000 2512.3013   11.3275
   -7.5000   -7.5000   52.5000 2556.9343   11.0401
    0.0000   -7.5000   52.5000 2549.9312   11.0344
  -15.0000    0.0000   52.5000 2458.5212   11.6779
   -7.5000    0.0000   52.5000 2497.5361   11.4124
    0.0000    0.0000   52.5000 2490.7881   11.3865
  -15.0000    7.5000   52.5000 2379.4402   12.2113
   -7.5000    7.5000   52.5000 2410.8770   11.9582
    0.0000    7.5000   52.5000 2413.3206   11.9297
  -15.0000   15.0000   52.5000 2285.0535   12.9413
   -7.5000   15.0000   52.5000 2321.4690   12.6688
    0.0000   15.0000   52.5000 2324.6665   12.6372
  -15.0000   22.5000   52.5000 2171.5107   13.8960
   -7.5000   22.5000   52.5000 2209.6243   13.6350
    0.0000   22.5000   52.5000 2209.8462   13.5912
  -15.0000   30.0000   52.5000 2038.1898   15.2164
   -7.5000   30.0000   52.5000 2078.4373   14.9167
    0.0000   30.0000   52.5000 2073.7329   14.8768
  -15.0000   37.5000   52.5000 1880.8390   16.8543
   -7.5000   37.5000   52.5000 1912.4573   16.4907
    0.0000   37.5000   52.5000 1908.2654   16.4730
  -15.0000  -52.5000   60.0000 2144.3997   15.1428
   -7.5000  -52.5000   60.0000 2183.4758   14.8011
    0.0000  -52.5000   60.0000 2173.4619   14.8283
  -15.0000  -45.0000   60.0000 2266.6951   14.0940
   -7.5000  -45.0000   60.0000 2305.1006   13.7660
    0.0000  -45.0000   60.0000 2293.4636   13.7678
  -15.0000  -37.5000   60.0000 2362.3899   13.2219
   -7.5000  -37.5000   60.0000 2401.2593   12.9027
    0.0000  -37.5000   60.0000 2385.2344   12.8993
  -15.0000  -30.0000   60.0000 2424.3635   12.6039
   -7.5000  -30.0000   60.0000 2464.0532   12.3001
    0.0000  -30.0000   60.0000 2446.6218   12.3002
  -15.0000  -22.5000   60.0000 2448.2168   12.2234
   -7.5000  -22.5000   60.0000 2486.2573   11.9515
    0.0000  -22.5000   60.0000 2472.6792   11.9520
  -15.0000  -15.0000   60.0000 2448.1396   12.0556
   -7.5000  -15.0000   60.0000 2484.6550   11.8098
    0.0000  -15.0000   60.0000 2472.1775   11.8070
  -15.0000   -7.5000   60.0000 2418.6719   12.1454
   -7.5000   -7.5000   60.0000 2456.7026   11.8734
    0.0000   -7.5000   60.0000 2451.8745   11.8735
  -15.0000    0.0000   60.0000 2372.8005   12.4759
   -7.5000    0.0000   60.0000 2412.2837   12.2154
    0.0000    0.0000   60.0000 2404.0654   12.1929
  -15.0000    7.5000   60.0000 2297.9595   13.0098
   -7.5000    7.5000   60.0000 2330.9475   12.7624
    0.0000    7.5000   60.0000 2331.2988   12.7538
  -15.0000   15.0000   60.0000 2207.4744   13.7706
   -7.5000   15.0000   60.0000 2239.4790   13.5134
    0.0000   15.0000   60.0000 2238.8000   13.5014
  -15.0000   22.5000   60.0000 2090.0623   14.7844
   -7.5000   22.5000   60.0000 2128.0037   14.5390
    0.0000   22.5000   60.0000 2123.2310   14.4911
  -15.0000   30.0000   60.0000 1961.8912   16.1785
   -7.5000   30.0000   60.0000 1999.1431   15.8457
    0.0000   30.0000   60.0000 1994.8199   15.8337
  -15.0000   37.5000   60.0000 1816.0394   17.8980
   -7.5000   37.5000   60.0000 1841.2847   17.4533
    0.0000   37.5000   60.0000 1838.2634   17.4489

---------------------------------------------------------------------
imgreg_4dfp /opt/freesurfer/average/711-2C_as_mni_average_305 /opt/freesurfer/average/711-2B_as_mni_average_305_mask talsrcimg_g11 none talsrcimg_to_711-2C_as_mni_average_305_t4 1283
---------------------------------------------------------------------

freesurfer imgreg_4dfp.c
/opt/freesurfer/average/711-2C_as_mni_average_305.4dfp.img
       256       256       256         1
  1.000000  1.000000  1.000000
orientation T byte_order littleendian
Reading image: /opt/freesurfer/average/711-2C_as_mni_average_305.4dfp.img
dimensions:      256       256       256
mmppix:       1.0000   -1.0000   -1.0000
center:     128.0000 -129.0000 -129.0000
/opt/freesurfer/average/711-2B_as_mni_average_305_mask.4dfp.img
       256       256       256         1
  1.000000  1.000000  1.000000
orientation T byte_order littleendian
Reading mask: /opt/freesurfer/average/711-2B_as_mni_average_305_mask.4dfp.img (2306576 pixels)
talsrcimg_g11.4dfp.img
       256       256       256         1
  0.898437  0.898437  0.898437
orientation T byte_order littleendian
Reading image: talsrcimg_g11.4dfp.img
dimensions:      256       256       256
mmppix:       0.8984   -0.8984   -0.8984
center:     114.9999 -115.8984 -115.8984
rotation matrix determinant  1.000000
fimgreg.f
image alignment mode   1283 decimal      503 hex
parameters
    0.0000  -15.0000   15.0000    0.0000    0.0000    0.0000
eta,q 0.94623  9.12133
niter,ni,del,rscale     5    3   12.0000    1.2000
parameter  1  0.745000 ->  0.500000 qaram    1.1500
parameter  5 -0.953615 -> -0.500000 qaram    1.1500
parameters
   -3.4500  -13.0767   13.6461    0.4522    3.4500    2.3746
eta,q 0.96120  9.08786
  0.0506  0.0676  0.0508  0.0531  0.0658  0.0516
  0.0483  0.0599  0.0465  0.0491  0.0586  0.0460
  0.0492  0.0526  0.0455  0.0466  0.0517  0.0417
  0.0545  0.0481  0.0471  0.0459  0.0458  0.0393
  0.0635  0.0471  0.0487  0.0456  0.0414  0.0388
  0.0734  0.0489  0.0513  0.0477  0.0389  0.0391
  0.0819  0.0530  0.0563  0.0513  0.0400  0.0407
niter,ni,del,rscale     6    3   12.0000    1.2000
parameters
   -4.3744  -13.1331   13.8655    0.1242    4.3741    2.2470
eta,q 0.96303  9.09030
  0.0587  0.0540  0.0510  0.0458  0.0556  0.0440
  0.0463  0.0445  0.0439  0.0401  0.0479  0.0395
  0.0385  0.0389  0.0386  0.0375  0.0416  0.0372
  0.0388  0.0377  0.0377  0.0379  0.0377  0.0370
  0.0450  0.0411  0.0401  0.0399  0.0370  0.0381
  0.0565  0.0464  0.0435  0.0427  0.0413  0.0404
  0.0717  0.0529  0.0482  0.0459  0.0492  0.0441
niter,ni,del,rscale     5    3   12.0000    1.2000
parameters
   -4.6208  -13.0206   13.8053    0.1173    4.5786    2.2025
eta,q 0.96332  9.09238
  0.0635  0.0544  0.0496  0.0464  0.0531  0.0442
  0.0497  0.0447  0.0426  0.0403  0.0456  0.0395
  0.0394  0.0384  0.0375  0.0367  0.0398  0.0371
  0.0370  0.0368  0.0368  0.0368  0.0368  0.0367
  0.0423  0.0397  0.0393  0.0388  0.0377  0.0378
  0.0526  0.0451  0.0436  0.0417  0.0438  0.0402
  0.0668  0.0518  0.0491  0.0448  0.0521  0.0438
niter,ni,del,rscale     4    3   12.0000    1.2000
parameters
   -4.6893  -12.9972   13.7951    0.1255    4.6388    2.1881
eta,q 0.96338  9.09273
  0.0649  0.0538  0.0498  0.0465  0.0526  0.0442
  0.0508  0.0442  0.0427  0.0402  0.0451  0.0396
  0.0400  0.0381  0.0375  0.0366  0.0394  0.0370
  0.0367  0.0366  0.0366  0.0366  0.0366  0.0366
  0.0416  0.0397  0.0391  0.0387  0.0379  0.0378
  0.0517  0.0453  0.0434  0.0416  0.0444  0.0401
  0.0655  0.0522  0.0490  0.0448  0.0527  0.0438
registration optimization eta report
parameter search radius
    6.9000    6.0000    6.0000    6.0000    6.9000    6.0000
100000*second partial in parameter space
       59.       45.       35.       25.       33.       21.
  0.0649  0.0538  0.0498  0.0465  0.0526  0.0442
  0.0508  0.0442  0.0427  0.0402  0.0451  0.0396
  0.0400  0.0381  0.0375  0.0366  0.0394  0.0370
  0.0367  0.0366  0.0366  0.0366  0.0366  0.0366
  0.0416  0.0397  0.0391  0.0387  0.0379  0.0378
  0.0517  0.0453  0.0434  0.0416  0.0444  0.0401
  0.0655  0.0522  0.0490  0.0448  0.0527  0.0438
   -4.6893  -12.9972   13.7951    0.1255    4.6388    2.1881
eta,q 0.96338  9.09273

---------------------------------------------------------------------
imgreg_4dfp /opt/freesurfer/average/711-2C_as_mni_average_305 /opt/freesurfer/average/711-2B_as_mni_average_305_mask talsrcimg_g11 none talsrcimg_to_711-2C_as_mni_average_305_t4 3335
---------------------------------------------------------------------

freesurfer imgreg_4dfp.c
/opt/freesurfer/average/711-2C_as_mni_average_305.4dfp.img
       256       256       256         1
  1.000000  1.000000  1.000000
orientation T byte_order littleendian
Reading image: /opt/freesurfer/average/711-2C_as_mni_average_305.4dfp.img
dimensions:      256       256       256
mmppix:       1.0000   -1.0000   -1.0000
center:     128.0000 -129.0000 -129.0000
/opt/freesurfer/average/711-2B_as_mni_average_305_mask.4dfp.img
       256       256       256         1
  1.000000  1.000000  1.000000
orientation T byte_order littleendian
Reading mask: /opt/freesurfer/average/711-2B_as_mni_average_305_mask.4dfp.img (2306576 pixels)
talsrcimg_g11.4dfp.img
       256       256       256         1
  0.898437  0.898437  0.898437
orientation T byte_order littleendian
Reading image: talsrcimg_g11.4dfp.img
dimensions:      256       256       256
mmppix:       0.8984   -0.8984   -0.8984
center:     114.9999 -115.8984 -115.8984
fimgreg.f
image alignment mode   3335 decimal      D07 hex
parameters
   -4.6893  -12.9972   13.7951   -0.4003   -0.0738   -0.3278
   -3.8357   -8.0732    3.8055   -0.5276    8.0875    0.2182
eta,q 0.96120  9.15338
niter,ni,del,rscale     5    3    5.0000    1.2000
parameter  4  0.749532 ->  0.500000 qaram    1.1500
parameter  5  2.155479 ->  0.500000 qaram    1.1500
parameters
   -4.7623  -12.6437   13.8223   -4.5403   -4.2138   -3.6573
   -1.8170   -7.6024    6.9278   -0.2326    6.1630    2.3493
eta,q 0.96843  8.65551
  0.0424  0.0419  0.0408  0.0368  0.0307  0.0329  0.0363  0.0374  0.0363  0.0356  0.0324  0.0337
  0.0403  0.0404  0.0397  0.0371  0.0323  0.0326  0.0345  0.0349  0.0345  0.0337  0.0319  0.0328
  0.0391  0.0394  0.0389  0.0377  0.0344  0.0324  0.0332  0.0331  0.0331  0.0324  0.0317  0.0321
  0.0388  0.0388  0.0387  0.0387  0.0373  0.0328  0.0325  0.0323  0.0322  0.0318  0.0318  0.0317
  0.0393  0.0388  0.0389  0.0405  0.0406  0.0341  0.0323  0.0325  0.0318  0.0320  0.0321  0.0316
  0.0406  0.0393  0.0396  0.0434  0.0441  0.0366  0.0326  0.0339  0.0319  0.0333  0.0328  0.0317
  0.0428  0.0406  0.0407  0.0473  0.0478  0.0399  0.0336  0.0364  0.0326  0.0351  0.0337  0.0322
niter,ni,del,rscale     6    3    5.0000    1.2000
parameter  5  1.031462 ->  0.500000 qaram    1.3225
parameters
   -4.8228  -12.7716   13.3324   -7.8663   -8.9748   -5.2679
   -2.4010   -7.3734    6.9157    0.4143    6.7058    2.4580
eta,q 0.97214  8.18941
  0.0350  0.0344  0.0327  0.0318  0.0274  0.0293  0.0305  0.0331  0.0301  0.0321  0.0294  0.0294
  0.0331  0.0327  0.0318  0.0309  0.0276  0.0284  0.0290  0.0306  0.0289  0.0300  0.0287  0.0286
  0.0319  0.0318  0.0314  0.0309  0.0289  0.0280  0.0281  0.0287  0.0282  0.0285  0.0281  0.0281
  0.0316  0.0316  0.0316  0.0314  0.0308  0.0279  0.0280  0.0279  0.0279  0.0279  0.0279  0.0279
  0.0320  0.0321  0.0321  0.0323  0.0336  0.0283  0.0285  0.0283  0.0282  0.0281  0.0279  0.0280
  0.0333  0.0332  0.0329  0.0337  0.0372  0.0298  0.0297  0.0300  0.0289  0.0291  0.0283  0.0286
  0.0354  0.0350  0.0341  0.0364  0.0410  0.0323  0.0315  0.0327  0.0301  0.0308  0.0291  0.0293
niter,ni,del,rscale     6    3    5.0000    1.2000
parameters
   -4.9830  -12.7449   13.2861   -7.7658  -12.4207   -5.4167
   -2.4420   -7.5611    6.7574    1.0200    7.0671    2.1435
eta,q 0.97277  8.02388
  0.0314  0.0311  0.0298  0.0310  0.0292  0.0295  0.0304  0.0319  0.0293  0.0311  0.0287  0.0286
  0.0293  0.0293  0.0286  0.0291  0.0278  0.0282  0.0287  0.0295  0.0282  0.0291  0.0280  0.0278
  0.0281  0.0282  0.0280  0.0280  0.0272  0.0275  0.0276  0.0278  0.0275  0.0278  0.0275  0.0273
  0.0279  0.0278  0.0278  0.0278  0.0278  0.0273  0.0273  0.0273  0.0273  0.0273  0.0272  0.0272
  0.0285  0.0282  0.0281  0.0284  0.0296  0.0272  0.0277  0.0279  0.0276  0.0275  0.0273  0.0275
  0.0301  0.0293  0.0288  0.0293  0.0323  0.0281  0.0288  0.0298  0.0283  0.0284  0.0278  0.0280
  0.0323  0.0310  0.0298  0.0305  0.0362  0.0299  0.0304  0.0325  0.0295  0.0299  0.0285  0.0288
niter,ni,del,rscale     5    3    5.0000    1.2000
parameters
   -5.0519  -12.6087   13.3987   -7.9741  -12.8487   -5.1812
   -2.3626   -7.6959    6.6758    1.3190    7.1682    2.0592
eta,q 0.97281  8.00552
  0.0310  0.0307  0.0294  0.0302  0.0312  0.0296  0.0305  0.0319  0.0293  0.0306  0.0286  0.0287
  0.0289  0.0288  0.0282  0.0284  0.0291  0.0283  0.0287  0.0294  0.0281  0.0287  0.0279  0.0278
  0.0276  0.0277  0.0275  0.0273  0.0277  0.0275  0.0276  0.0278  0.0274  0.0276  0.0274  0.0273
  0.0272  0.0272  0.0272  0.0272  0.0272  0.0272  0.0272  0.0272  0.0272  0.0272  0.0272  0.0272
  0.0278  0.0275  0.0274  0.0279  0.0277  0.0271  0.0276  0.0278  0.0275  0.0275  0.0273  0.0274
  0.0292  0.0284  0.0280  0.0288  0.0295  0.0278  0.0287  0.0297  0.0282  0.0285  0.0278  0.0279
  0.0314  0.0299  0.0289  0.0301  0.0322  0.0295  0.0303  0.0324  0.0293  0.0300  0.0286  0.0287
niter,ni,del,rscale     4    3    5.0000    1.2000
parameters
   -5.0883  -12.5466   13.4100   -8.0244  -12.9307   -5.1523
   -2.3089   -7.7590    6.6575    1.4382    7.2106    1.9923
eta,q 0.97281  8.00121
  0.0311  0.0304  0.0291  0.0303  0.0314  0.0295  0.0304  0.0320  0.0293  0.0304  0.0286  0.0287
  0.0289  0.0286  0.0280  0.0285  0.0293  0.0282  0.0287  0.0295  0.0281  0.0286  0.0279  0.0278
  0.0276  0.0276  0.0274  0.0274  0.0278  0.0274  0.0276  0.0278  0.0274  0.0275  0.0274  0.0273
  0.0272  0.0272  0.0272  0.0272  0.0272  0.0272  0.0272  0.0272  0.0272  0.0272  0.0272  0.0272
  0.0277  0.0275  0.0274  0.0279  0.0276  0.0271  0.0276  0.0277  0.0275  0.0276  0.0273  0.0274
  0.0291  0.0285  0.0281  0.0288  0.0292  0.0279  0.0287  0.0296  0.0282  0.0286  0.0278  0.0279
  0.0313  0.0300  0.0290  0.0300  0.0318  0.0297  0.0303  0.0322  0.0293  0.0301  0.0286  0.0287
niter,ni,del,rscale     3    3    5.0000    1.2000
parameters
   -5.1036  -12.5192   13.3984   -8.0487  -12.9632   -5.1450
   -2.2882   -7.7860    6.6540    1.4965    7.2267    1.9458
eta,q 0.97280  7.99907
  0.0312  0.0303  0.0291  0.0304  0.0315  0.0295  0.0304  0.0320  0.0293  0.0304  0.0286  0.0287
  0.0290  0.0286  0.0280  0.0285  0.0293  0.0282  0.0287  0.0295  0.0281  0.0286  0.0279  0.0278
  0.0276  0.0275  0.0274  0.0274  0.0278  0.0274  0.0276  0.0278  0.0274  0.0275  0.0274  0.0274
  0.0272  0.0272  0.0272  0.0272  0.0272  0.0272  0.0272  0.0272  0.0272  0.0272  0.0272  0.0272
  0.0277  0.0276  0.0275  0.0279  0.0276  0.0271  0.0276  0.0277  0.0275  0.0276  0.0273  0.0274
  0.0291  0.0285  0.0281  0.0288  0.0292  0.0279  0.0287  0.0295  0.0282  0.0286  0.0278  0.0279
  0.0312  0.0301  0.0291  0.0300  0.0317  0.0297  0.0303  0.0322  0.0292  0.0302  0.0286  0.0287
niter,ni,del,rscale     2    3    5.0000    1.2000
parameters
   -5.1099  -12.5037   13.3911   -8.0602  -12.9808   -5.1429
   -2.2747   -7.7985    6.6538    1.5292    7.2390    1.9170
eta,q 0.97280  7.99788
  0.0312  0.0302  0.0291  0.0304  0.0315  0.0295  0.0304  0.0321  0.0293  0.0303  0.0286  0.0287
  0.0290  0.0285  0.0280  0.0285  0.0293  0.0282  0.0287  0.0296  0.0281  0.0285  0.0279  0.0278
  0.0276  0.0275  0.0274  0.0274  0.0278  0.0274  0.0276  0.0278  0.0274  0.0275  0.0274  0.0274
  0.0272  0.0272  0.0272  0.0272  0.0272  0.0272  0.0272  0.0272  0.0272  0.0272  0.0272  0.0272
  0.0277  0.0276  0.0275  0.0279  0.0276  0.0271  0.0276  0.0277  0.0275  0.0276  0.0273  0.0274
  0.0291  0.0286  0.0281  0.0288  0.0292  0.0279  0.0287  0.0295  0.0282  0.0286  0.0278  0.0279
  0.0312  0.0301  0.0291  0.0300  0.0317  0.0298  0.0303  0.0322  0.0292  0.0302  0.0286  0.0287
registration optimization eta report
parameter search radius
    2.4000    2.4000    2.4000    8.2800    9.5220    7.2000
    7.2000    7.2000    7.2000    7.2000    7.2000    7.2000
100000*second partial in parameter space
       69.       51.       33.        4.        5.        5.
        6.        9.        4.        6.        3.        3.
  0.0312  0.0302  0.0291  0.0304  0.0315  0.0295  0.0304  0.0321  0.0293  0.0303  0.0286  0.0287
  0.0290  0.0285  0.0280  0.0285  0.0293  0.0282  0.0287  0.0296  0.0281  0.0285  0.0279  0.0278
  0.0276  0.0275  0.0274  0.0274  0.0278  0.0274  0.0276  0.0278  0.0274  0.0275  0.0274  0.0274
  0.0272  0.0272  0.0272  0.0272  0.0272  0.0272  0.0272  0.0272  0.0272  0.0272  0.0272  0.0272
  0.0277  0.0276  0.0275  0.0279  0.0276  0.0271  0.0276  0.0277  0.0275  0.0276  0.0273  0.0274
  0.0291  0.0286  0.0281  0.0288  0.0292  0.0279  0.0287  0.0295  0.0282  0.0286  0.0278  0.0279
  0.0312  0.0301  0.0291  0.0300  0.0317  0.0298  0.0303  0.0322  0.0292  0.0302  0.0286  0.0287
   -5.1099  -12.5037   13.3911   -8.0602  -12.9808   -5.1429
   -2.2747   -7.7985    6.6538    1.5292    7.2390    1.9170
eta,q 0.97280  7.99788

---------------------------------------------------------------------
imgreg_4dfp /opt/freesurfer/average/711-2C_as_mni_average_305 /opt/freesurfer/average/711-2B_as_mni_average_305_mask talsrcimg_g11 none talsrcimg_to_711-2C_as_mni_average_305_t4 2311
---------------------------------------------------------------------

freesurfer imgreg_4dfp.c
/opt/freesurfer/average/711-2C_as_mni_average_305.4dfp.img
       256       256       256         1
  1.000000  1.000000  1.000000
orientation T byte_order littleendian
Reading image: /opt/freesurfer/average/711-2C_as_mni_average_305.4dfp.img
dimensions:      256       256       256
mmppix:       1.0000   -1.0000   -1.0000
center:     128.0000 -129.0000 -129.0000
/opt/freesurfer/average/711-2B_as_mni_average_305_mask.4dfp.img
       256       256       256         1
  1.000000  1.000000  1.000000
orientation T byte_order littleendian
Reading mask: /opt/freesurfer/average/711-2B_as_mni_average_305_mask.4dfp.img (2306576 pixels)
talsrcimg_g11.4dfp.img
       256       256       256         1
  0.898437  0.898437  0.898437
orientation T byte_order littleendian
Reading image: talsrcimg_g11.4dfp.img
dimensions:      256       256       256
mmppix:       0.8984   -0.8984   -0.8984
center:     114.9999 -115.8984 -115.8984
fimgreg.f
image alignment mode   2311 decimal      907 hex
parameters
   -5.1099  -12.5037   13.3911   -8.0602  -12.9808   -5.1429
   -2.2747   -7.7985    6.6538    1.5292    7.2390    1.9170
eta,q 0.97280  7.99787
niter,ni,del,rscale     5    3    5.0000    0.8000
parameters
   -5.1283  -12.5329   13.3473   -8.6313  -12.6436   -4.6894
   -2.3331   -7.7875    6.5568    1.4396    7.3861    1.7599
eta,q 0.97291  8.00494
  0.0290  0.0285  0.0280  0.0281  0.0285  0.0281  0.0286  0.0295  0.0280  0.0285  0.0278  0.0278
  0.0280  0.0278  0.0275  0.0275  0.0278  0.0276  0.0278  0.0282  0.0275  0.0277  0.0275  0.0274
  0.0274  0.0273  0.0273  0.0272  0.0274  0.0273  0.0273  0.0274  0.0272  0.0272  0.0272  0.0272
  0.0272  0.0272  0.0272  0.0272  0.0271  0.0271  0.0271  0.0271  0.0271  0.0271  0.0271  0.0271
  0.0274  0.0274  0.0273  0.0275  0.0272  0.0270  0.0273  0.0273  0.0272  0.0273  0.0272  0.0272
  0.0281  0.0278  0.0276  0.0280  0.0275  0.0272  0.0278  0.0282  0.0276  0.0278  0.0274  0.0275
  0.0291  0.0286  0.0281  0.0285  0.0282  0.0279  0.0286  0.0295  0.0281  0.0286  0.0278  0.0278
niter,ni,del,rscale     4    3    5.0000    0.7000
parameters
   -5.1117  -12.5588   13.3434   -8.7118  -12.5655   -4.5966
   -2.3436   -7.7742    6.4977    1.4090    7.4289    1.7650
eta,q 0.97292  8.00846
  0.0286  0.0281  0.0278  0.0281  0.0281  0.0277  0.0283  0.0289  0.0278  0.0282  0.0276  0.0276
  0.0278  0.0275  0.0274  0.0275  0.0276  0.0274  0.0276  0.0279  0.0274  0.0276  0.0274  0.0273
  0.0273  0.0272  0.0272  0.0272  0.0272  0.0272  0.0272  0.0273  0.0272  0.0272  0.0272  0.0272
  0.0271  0.0271  0.0271  0.0271  0.0271  0.0271  0.0271  0.0271  0.0271  0.0271  0.0271  0.0271
  0.0272  0.0272  0.0272  0.0273  0.0272  0.0270  0.0272  0.0273  0.0272  0.0272  0.0271  0.0271
  0.0277  0.0276  0.0274  0.0276  0.0275  0.0272  0.0276  0.0279  0.0274  0.0276  0.0273  0.0273
  0.0285  0.0282  0.0278  0.0281  0.0280  0.0278  0.0283  0.0290  0.0278  0.0282  0.0276  0.0276
niter,ni,del,rscale     3    3    5.0000    0.6000
parameters
   -5.1057  -12.5742   13.3432   -8.7905  -12.5050   -4.4420
   -2.3429   -7.7722    6.4743    1.3946    7.4541    1.7591
eta,q 0.97293  8.01421
  0.0282  0.0279  0.0276  0.0278  0.0278  0.0275  0.0279  0.0284  0.0276  0.0279  0.0275  0.0275
  0.0276  0.0274  0.0273  0.0274  0.0274  0.0273  0.0275  0.0277  0.0273  0.0274  0.0273  0.0273
  0.0272  0.0272  0.0271  0.0271  0.0272  0.0272  0.0272  0.0272  0.0271  0.0272  0.0271  0.0271
  0.0271  0.0271  0.0271  0.0271  0.0271  0.0271  0.0271  0.0271  0.0271  0.0271  0.0271  0.0271
  0.0272  0.0272  0.0271  0.0272  0.0271  0.0270  0.0272  0.0272  0.0271  0.0272  0.0271  0.0271
  0.0276  0.0274  0.0273  0.0275  0.0274  0.0271  0.0275  0.0277  0.0273  0.0275  0.0272  0.0273
  0.0281  0.0279  0.0276  0.0278  0.0278  0.0276  0.0279  0.0285  0.0276  0.0279  0.0275  0.0275
niter,ni,del,rscale     2    3    5.0000    0.5000
parameters
   -5.1033  -12.5887   13.3432   -8.8466  -12.4567   -4.2343
   -2.3463   -7.7783    6.4538    1.3988    7.4502    1.7628
eta,q 0.97295  8.02279
  0.0278  0.0276  0.0274  0.0276  0.0276  0.0274  0.0277  0.0280  0.0274  0.0277  0.0273  0.0274
  0.0274  0.0273  0.0272  0.0273  0.0273  0.0272  0.0273  0.0275  0.0272  0.0273  0.0272  0.0272
  0.0272  0.0271  0.0271  0.0271  0.0271  0.0271  0.0271  0.0272  0.0271  0.0271  0.0271  0.0271
  0.0271  0.0271  0.0271  0.0271  0.0271  0.0271  0.0271  0.0271  0.0271  0.0271  0.0271  0.0271
  0.0272  0.0271  0.0271  0.0271  0.0271  0.0270  0.0271  0.0272  0.0271  0.0271  0.0271  0.0271
  0.0274  0.0273  0.0272  0.0274  0.0273  0.0271  0.0273  0.0275  0.0272  0.0273  0.0272  0.0272
  0.0278  0.0276  0.0274  0.0276  0.0276  0.0274  0.0277  0.0280  0.0275  0.0276  0.0274  0.0274
niter,ni,del,rscale     1    3    5.0000    0.4000
parameters
   -5.0983  -12.5993   13.3508   -8.8980  -12.4027   -3.9734
   -2.3420   -7.7966    6.4499    1.3995    7.4381    1.7532
eta,q 0.97297  8.03432
  0.0275  0.0274  0.0273  0.0274  0.0274  0.0272  0.0274  0.0277  0.0273  0.0274  0.0272  0.0272
  0.0273  0.0272  0.0272  0.0272  0.0272  0.0272  0.0272  0.0273  0.0272  0.0272  0.0271  0.0271
  0.0271  0.0271  0.0271  0.0271  0.0271  0.0271  0.0271  0.0271  0.0271  0.0271  0.0271  0.0271
  0.0271  0.0271  0.0271  0.0271  0.0271  0.0271  0.0270  0.0270  0.0270  0.0270  0.0270  0.0270
  0.0271  0.0271  0.0271  0.0271  0.0271  0.0270  0.0271  0.0271  0.0271  0.0271  0.0271  0.0271
  0.0273  0.0272  0.0272  0.0272  0.0272  0.0271  0.0272  0.0273  0.0272  0.0272  0.0271  0.0271
  0.0275  0.0274  0.0273  0.0274  0.0274  0.0272  0.0274  0.0277  0.0273  0.0274  0.0272  0.0272
registration optimization eta report
parameter search radius
    0.8000    0.8000    0.8000    2.4000    2.4000    2.4000
    2.4000    2.4000    2.4000    2.4000    2.4000    2.4000
100000*second partial in parameter space
       75.       56.       38.        6.        6.        3.
        7.       11.        4.        7.        3.        3.
  0.0275  0.0274  0.0273  0.0274  0.0274  0.0272  0.0274  0.0277  0.0273  0.0274  0.0272  0.0272
  0.0273  0.0272  0.0272  0.0272  0.0272  0.0272  0.0272  0.0273  0.0272  0.0272  0.0271  0.0271
  0.0271  0.0271  0.0271  0.0271  0.0271  0.0271  0.0271  0.0271  0.0271  0.0271  0.0271  0.0271
  0.0271  0.0271  0.0271  0.0271  0.0271  0.0271  0.0270  0.0270  0.0270  0.0270  0.0270  0.0270
  0.0271  0.0271  0.0271  0.0271  0.0271  0.0270  0.0271  0.0271  0.0271  0.0271  0.0271  0.0271
  0.0273  0.0272  0.0272  0.0272  0.0272  0.0271  0.0272  0.0273  0.0272  0.0272  0.0271  0.0271
  0.0275  0.0274  0.0273  0.0274  0.0274  0.0272  0.0274  0.0277  0.0273  0.0274  0.0272  0.0272
   -5.0983  -12.5993   13.3508   -8.8980  -12.4027   -3.9734
   -2.3420   -7.7966    6.4499    1.3995    7.4381    1.7532
eta,q 0.97297  8.03432

---------------------------------------------------------------------
imgreg_4dfp /opt/freesurfer/average/711-2C_as_mni_average_305 /opt/freesurfer/average/711-2B_as_mni_average_305_mask talsrcimg_g11 none talsrcimg_to_711-2C_as_mni_average_305_t4 2311
---------------------------------------------------------------------

freesurfer imgreg_4dfp.c
/opt/freesurfer/average/711-2C_as_mni_average_305.4dfp.img
       256       256       256         1
  1.000000  1.000000  1.000000
orientation T byte_order littleendian
Reading image: /opt/freesurfer/average/711-2C_as_mni_average_305.4dfp.img
dimensions:      256       256       256
mmppix:       1.0000   -1.0000   -1.0000
center:     128.0000 -129.0000 -129.0000
/opt/freesurfer/average/711-2B_as_mni_average_305_mask.4dfp.img
       256       256       256         1
  1.000000  1.000000  1.000000
orientation T byte_order littleendian
Reading mask: /opt/freesurfer/average/711-2B_as_mni_average_305_mask.4dfp.img (2306576 pixels)
talsrcimg_g11.4dfp.img
       256       256       256         1
  0.898437  0.898437  0.898437
orientation T byte_order littleendian
Reading image: talsrcimg_g11.4dfp.img
dimensions:      256       256       256
mmppix:       0.8984   -0.8984   -0.8984
center:     114.9999 -115.8984 -115.8984
fimgreg.f
image alignment mode   2311 decimal      907 hex
parameters
   -5.0983  -12.5993   13.3508   -8.8980  -12.4027   -3.9734
   -2.3420   -7.7966    6.4499    1.3995    7.4381    1.7532
eta,q 0.97297  8.03432
niter,ni,del,rscale     5    3    5.0000    0.8000
parameters
   -5.0887  -12.5870   13.4155   -8.6369  -12.5881   -4.6596
   -2.3424   -7.7570    6.4810    1.3476    7.4163    1.8865
eta,q 0.97291  8.00822
  0.0289  0.0285  0.0281  0.0285  0.0282  0.0277  0.0286  0.0295  0.0281  0.0285  0.0278  0.0278
  0.0279  0.0277  0.0275  0.0277  0.0276  0.0273  0.0278  0.0282  0.0275  0.0277  0.0274  0.0274
  0.0273  0.0272  0.0271  0.0272  0.0272  0.0272  0.0273  0.0274  0.0272  0.0272  0.0272  0.0272
  0.0270  0.0270  0.0270  0.0270  0.0270  0.0271  0.0271  0.0271  0.0271  0.0271  0.0271  0.0271
  0.0272  0.0272  0.0271  0.0272  0.0272  0.0271  0.0273  0.0273  0.0272  0.0273  0.0272  0.0272
  0.0279  0.0277  0.0274  0.0276  0.0277  0.0276  0.0278  0.0281  0.0275  0.0278  0.0274  0.0274
  0.0289  0.0284  0.0279  0.0281  0.0285  0.0286  0.0286  0.0295  0.0280  0.0285  0.0278  0.0278
niter,ni,del,rscale     4    3    5.0000    0.7000
parameters
   -5.1045  -12.5849   13.3664   -8.7071  -12.5471   -4.6087
   -2.3502   -7.7592    6.4828    1.3463    7.4289    1.8280
eta,q 0.97292  8.00879
  0.0285  0.0282  0.0277  0.0281  0.0280  0.0277  0.0283  0.0289  0.0278  0.0282  0.0276  0.0276
  0.0277  0.0276  0.0274  0.0275  0.0275  0.0274  0.0276  0.0279  0.0274  0.0276  0.0273  0.0273
  0.0272  0.0272  0.0271  0.0272  0.0272  0.0272  0.0272  0.0273  0.0272  0.0272  0.0272  0.0271
  0.0271  0.0271  0.0271  0.0271  0.0271  0.0271  0.0271  0.0271  0.0271  0.0271  0.0271  0.0271
  0.0273  0.0272  0.0272  0.0273  0.0272  0.0270  0.0272  0.0273  0.0272  0.0272  0.0271  0.0272
  0.0278  0.0276  0.0274  0.0276  0.0275  0.0272  0.0276  0.0279  0.0274  0.0276  0.0273  0.0273
  0.0286  0.0281  0.0278  0.0281  0.0280  0.0278  0.0283  0.0290  0.0278  0.0282  0.0276  0.0277
niter,ni,del,rscale     3    3    5.0000    0.6000
parameters
   -5.1028  -12.5861   13.3533   -8.7843  -12.5000   -4.4281
   -2.3468   -7.7656    6.4620    1.3705    7.4525    1.7793
eta,q 0.97293  8.01527
  0.0282  0.0279  0.0276  0.0278  0.0278  0.0275  0.0279  0.0284  0.0276  0.0279  0.0275  0.0275
  0.0275  0.0274  0.0273  0.0274  0.0274  0.0273  0.0275  0.0277  0.0273  0.0274  0.0273  0.0273
  0.0272  0.0272  0.0271  0.0271  0.0272  0.0272  0.0272  0.0272  0.0271  0.0272  0.0271  0.0271
  0.0271  0.0271  0.0271  0.0271  0.0271  0.0271  0.0271  0.0271  0.0271  0.0271  0.0271  0.0271
  0.0272  0.0272  0.0271  0.0272  0.0271  0.0270  0.0272  0.0272  0.0271  0.0272  0.0271  0.0271
  0.0276  0.0274  0.0273  0.0275  0.0274  0.0271  0.0275  0.0277  0.0273  0.0274  0.0273  0.0273
  0.0281  0.0279  0.0276  0.0278  0.0278  0.0275  0.0279  0.0285  0.0276  0.0279  0.0275  0.0275
niter,ni,del,rscale     2    3    5.0000    0.5000
parameters
   -5.0991  -12.5912   13.3460   -8.8438  -12.4484   -4.2404
   -2.3486   -7.7714    6.4560    1.3840    7.4522    1.7662
eta,q 0.97294  8.02302
  0.0278  0.0276  0.0274  0.0276  0.0276  0.0274  0.0277  0.0280  0.0275  0.0277  0.0273  0.0273
  0.0274  0.0273  0.0272  0.0273  0.0273  0.0272  0.0273  0.0275  0.0272  0.0273  0.0272  0.0272
  0.0272  0.0271  0.0271  0.0271  0.0271  0.0271  0.0271  0.0272  0.0271  0.0271  0.0271  0.0271
  0.0271  0.0271  0.0271  0.0271  0.0271  0.0271  0.0271  0.0271  0.0271  0.0271  0.0271  0.0271
  0.0271  0.0271  0.0271  0.0272  0.0271  0.0270  0.0271  0.0272  0.0271  0.0271  0.0271  0.0271
  0.0274  0.0273  0.0272  0.0273  0.0273  0.0271  0.0273  0.0275  0.0272  0.0273  0.0272  0.0272
  0.0278  0.0276  0.0274  0.0276  0.0276  0.0274  0.0277  0.0280  0.0275  0.0276  0.0274  0.0274
niter,ni,del,rscale     1    3    5.0000    0.4000
parameters
   -5.0990  -12.6007   13.3535   -8.9020  -12.3974   -3.9844
   -2.3410   -7.7932    6.4491    1.3977    7.4424    1.7572
eta,q 0.97296  8.03390
  0.0275  0.0274  0.0273  0.0274  0.0274  0.0272  0.0274  0.0276  0.0273  0.0274  0.0272  0.0272
  0.0273  0.0272  0.0272  0.0272  0.0272  0.0272  0.0272  0.0273  0.0272  0.0272  0.0271  0.0271
  0.0271  0.0271  0.0271  0.0271  0.0271  0.0271  0.0271  0.0271  0.0271  0.0271  0.0271  0.0271
  0.0271  0.0271  0.0271  0.0271  0.0271  0.0271  0.0270  0.0270  0.0270  0.0270  0.0270  0.0270
  0.0271  0.0271  0.0271  0.0271  0.0271  0.0270  0.0271  0.0271  0.0271  0.0271  0.0271  0.0271
  0.0273  0.0272  0.0272  0.0272  0.0272  0.0271  0.0272  0.0273  0.0272  0.0272  0.0271  0.0271
  0.0275  0.0274  0.0273  0.0274  0.0274  0.0272  0.0274  0.0277  0.0273  0.0274  0.0272  0.0272
registration optimization eta report
parameter search radius
    0.8000    0.8000    0.8000    2.4000    2.4000    2.4000
    2.4000    2.4000    2.4000    2.4000    2.4000    2.4000
100000*second partial in parameter space
       75.       55.       37.        6.        6.        3.
        7.       11.        4.        7.        3.        3.
  0.0275  0.0274  0.0273  0.0274  0.0274  0.0272  0.0274  0.0276  0.0273  0.0274  0.0272  0.0272
  0.0273  0.0272  0.0272  0.0272  0.0272  0.0272  0.0272  0.0273  0.0272  0.0272  0.0271  0.0271
  0.0271  0.0271  0.0271  0.0271  0.0271  0.0271  0.0271  0.0271  0.0271  0.0271  0.0271  0.0271
  0.0271  0.0271  0.0271  0.0271  0.0271  0.0271  0.0270  0.0270  0.0270  0.0270  0.0270  0.0270
  0.0271  0.0271  0.0271  0.0271  0.0271  0.0270  0.0271  0.0271  0.0271  0.0271  0.0271  0.0271
  0.0273  0.0272  0.0272  0.0272  0.0272  0.0271  0.0272  0.0273  0.0272  0.0272  0.0271  0.0271
  0.0275  0.0274  0.0273  0.0274  0.0274  0.0272  0.0274  0.0277  0.0273  0.0274  0.0272  0.0272
   -5.0990  -12.6007   13.3535   -8.9020  -12.3974   -3.9844
   -2.3410   -7.7932    6.4491    1.3977    7.4424    1.7572
eta,q 0.97296  8.03390

---------------------------------------------------------------------
compute_vox2vox talsrcimg talsrcimg_to_711-2C_as_mni_average_305_t4 /opt/freesurfer/average/711-2C_as_mni_average_305
---------------------------------------------------------------------

freesurfer compute_vox2vox.c
Reading: talsrcimg.4dfp.ifh
Reading: talsrcimg_to_711-2C_as_mni_average_305_t4
Reading: /opt/freesurfer/average/711-2C_as_mni_average_305.4dfp.ifh
Writing: talsrcimg_to_711-2C_as_mni_average_305_t4_vox2vox.txt

start time Thu Mar 12 22:16:37 CET 2026
end		time Thu Mar 12 22:16:51 CET 2026

mpr2mni305 success

avi2talxfm orig_nu.mgz /opt/freesurfer/average/mni305.cor.mgz talsrcimg_to_711-2C_as_mni_average_305_t4_vox2vox.txt transforms/talairach.auto.xfm
avi2talxfm done
mv -f /out/sourcedata/freesurfer/sub-v2s2x29075_ses-1/mri/talsrcimg_to_711-2C_as_mni_average_305_t4_vox2vox.txt /out/sourcedata/freesurfer/sub-v2s2x29075_ses-1/mri/transforms/talsrcimg_to_711-2C_as_mni_average_305_t4_vox2vox.txt
lta_convert --src orig_nu.mgz --trg /opt/freesurfer/average/mni305.cor.mgz --inxfm transforms/talairach.auto.xfm --outlta transforms/talairach.auto.xfm.lta --subject fsaverage
7.3.2

--src: orig_nu.mgz src image (geometry).
--trg: /opt/freesurfer/average/mni305.cor.mgz trg image (geometry).
--inmni: transforms/talairach.auto.xfm input MNI/XFM transform.
--outlta: transforms/talairach.auto.xfm.lta output LTA.
--s: fsaverage subject name
 LTA read, type : 1
 1.08860   0.08796   0.02733  -2.13670;
-0.08294   1.03510  -0.02298   15.07449;
-0.07882  -0.02299   1.13987   5.75397;
 0.00000   0.00000   0.00000   1.00000;
setting subject to fsaverage
Writing  LTA to file transforms/talairach.auto.xfm.lta...
lta_convert successful.
 
 
Started at Thu Mar 12 22:16:37 CET 2026
Ended   at Thu Mar 12 22:16:51 CET 2026
talairach_avi done
