status file for recon-all
Fri Mar 13 00:00:22 CET 2026
#@# Tessellate lh Fri Mar 13 00:00:22 CET 2026
#@# Smooth1 lh Fri Mar 13 00:00:25 CET 2026
#@# Inflation1 lh Fri Mar 13 00:00:27 CET 2026
#@# QSphere lh Fri Mar 13 00:01:13 CET 2026
#@# Fix Topology lh Fri Mar 13 00:02:11 CET 2026
#@# Smooth2 lh Fri Mar 13 00:07:55 CET 2026
#@# Inflation2 lh Fri Mar 13 00:07:58 CET 2026
#@# Curv .H and .K lh Fri Mar 13 00:08:12 CET 2026
#@# Sphere lh Fri Mar 13 00:09:02 CET 2026
#@# Surf Reg lh Fri Mar 13 00:11:56 CET 2026
#@# Jacobian white lh Fri Mar 13 00:15:24 CET 2026
#@# AvgCurv lh Fri Mar 13 00:15:25 CET 2026
#@# Cortical Parc lh Fri Mar 13 00:15:25 CET 2026
#@# white curv lh Fri Mar 13 00:22:30 CET 2026
#@# white area lh Fri Mar 13 00:22:32 CET 2026
#@# pial curv lh Fri Mar 13 00:22:32 CET 2026
#@# pial area lh Fri Mar 13 00:22:34 CET 2026
#@# thickness lh Fri Mar 13 00:22:34 CET 2026
#@# area and vertex vol lh Fri Mar 13 00:23:00 CET 2026
#@# Curvature Stats lh Fri Mar 13 00:23:01 CET 2026
#@# Cortical Parc 2 lh Fri Mar 13 00:23:04 CET 2026
#@# Cortical Parc 3 lh Fri Mar 13 00:23:16 CET 2026
#@# WM/GM Contrast lh Fri Mar 13 00:23:25 CET 2026
recon-all -s sub-v2s2x29084_ses-1 finished without error at Fri Mar 13 00:23:27 CET 2026



#New# invocation of recon-all 



status file for recon-all
Fri Mar 13 00:54:52 CET 2026
#@# white curv lh Fri Mar 13 00:54:52 CET 2026
#@# white area lh Fri Mar 13 00:54:52 CET 2026
#@# pial curv lh Fri Mar 13 00:54:52 CET 2026
#@# pial area lh Fri Mar 13 00:54:52 CET 2026
#@# thickness lh Fri Mar 13 00:54:52 CET 2026
#@# area and vertex vol lh Fri Mar 13 00:54:52 CET 2026
#@# Parcellation Stats lh Fri Mar 13 00:54:52 CET 2026
#@# Parcellation Stats 2 lh Fri Mar 13 00:55:16 CET 2026
#@# Parcellation Stats 3 lh Fri Mar 13 00:55:28 CET 2026
#@# BA_exvivo Labels lh Fri Mar 13 00:55:40 CET 2026
recon-all -s sub-v2s2x29084_ses-1 finished without error at Fri Mar 13 00:58:05 CET 2026
