/out/sourcedata/freesurfer/sub-v2s2x29057_ses-1/mri
/opt/freesurfer/bin/talairach_avi
--i orig_nu.mgz --xfm transforms/talairach.auto.xfm
talairach_avi 7.3.2
Linux dna038 5.14.0-427.37.1.el9_4.x86_64 #1 SMP PREEMPT_DYNAMIC Fri Sep 13 12:41:50 EDT 2024 x86_64 x86_64 x86_64 GNU/Linux
Thu Mar 12 16:35:47 CET 2026
mri_convert orig_nu.mgz talsrcimg.img 
reading from orig_nu.mgz...
TR=0.00, TE=0.00, TI=0.00, flip angle=0.00
i_ras = (-1, 0, 0)
j_ras = (0, 0, -1)
k_ras = (0, 1, 0)
writing to talsrcimg.img...
Analyze Output Matrix
-0.89844   0.00000   0.00000   119.02393;
 0.00000   0.00000   0.89844  -139.19334;
 0.00000  -0.89844   0.00000   120.07515;
 0.00000   0.00000   0.00000   1.00000;
--------------------
INFO: set hdr.hist.orient to -1
mpr2mni305 talsrcimg
Thu Mar 12 16:35:47 CET 2026
/opt/freesurfer/bin/mpr2mni305 talsrcimg
mpr2mni305 7.3.2
target=711-2C_as_mni_average_305

---------------------------------------------------------------------
analyzeto4dfp talsrcimg -O0 -y
---------------------------------------------------------------------

freesurfer ifh2hdr.c
Thu Mar 12 16:35:48 2026
Writing: talsrcimg.4dfp.hdr
freesurfer analyzeto4dfp.c
Reading: talsrcimg.hdr
header size 348 bytes
hdr.dime.datatype	offset=70	value=2
hdr.dime.bitpix		offset=72	value=8
hdr.hist.orient		offset=252	value=-1
dimensionality     4
dimensions       256       256       256         1
Reading: talsrcimg.img
Writing: talsrcimg.4dfp.img
Writing: talsrcimg.4dfp.ifh
ifh2hdr talsrcimg -r0to255
ori=2

---------------------------------------------------------------------
gauss_4dfp talsrcimg 1.1
---------------------------------------------------------------------

freesurfer gauss_4dfp.c
Reading: talsrcimg.4dfp.img
Writing: talsrcimg_g11.4dfp.img
image dimensions 256 256 256 padded to 288 288 288
processing volume 1freesurfer ifh2hdr.c
Thu Mar 12 16:35:49 2026
Writing: talsrcimg_g11.4dfp.hdr

Writing: talsrcimg_g11.4dfp.ifh
including: talsrcimg.4dfp.img.rec in talsrcimg_g11.4dfp.img.rec

---------------------------------------------------------------------
imgreg_4dfp /opt/freesurfer/average/711-2C_as_mni_average_305 none talsrcimg_g11 none talsrcimg_to_711-2C_as_mni_average_305_t4 4355
---------------------------------------------------------------------

freesurfer imgreg_4dfp.c
/opt/freesurfer/average/711-2C_as_mni_average_305.4dfp.img
       256       256       256         1
  1.000000  1.000000  1.000000
orientation T byte_order littleendian
Reading image: /opt/freesurfer/average/711-2C_as_mni_average_305.4dfp.img
dimensions:      256       256       256
mmppix:       1.0000   -1.0000   -1.0000
center:     128.0000 -129.0000 -129.0000
talsrcimg_g11.4dfp.img
       256       256       256         1
  0.898438  0.898438  0.898438
orientation T byte_order littleendian
Reading image: talsrcimg_g11.4dfp.img
dimensions:      256       256       256
mmppix:       0.8984   -0.8984   -0.8984
center:     115.0001 -115.8985 -115.8985
t4_read: open error in t4_sub.f l:  41 t4_file(1:l)talsrcimg_to_711-2C_as_mni_average_305_t4 
t4_read: transform initialized to I4
rotation matrix determinant  1.000000
image alignment mode   4355 decimal     1103 hex
   -7.5000  -45.0000  -45.0000 5739.2124   10.0254
    0.0000  -45.0000  -45.0000 5794.2539   10.0216
    7.5000  -45.0000  -45.0000 5508.0884   10.0212
   -7.5000  -37.5000  -45.0000 6202.1372   10.6120
    0.0000  -37.5000  -45.0000 6275.7480   10.6120
    7.5000  -37.5000  -45.0000 5956.5420   10.6122
   -7.5000  -30.0000  -45.0000 6709.1909   10.9378
    0.0000  -30.0000  -45.0000 6789.2236   10.9418
    7.5000  -30.0000  -45.0000 6441.2539   10.9390
   -7.5000  -22.5000  -45.0000 7256.7212   10.9462
    0.0000  -22.5000  -45.0000 7340.8057   10.9504
    7.5000  -22.5000  -45.0000 6953.3374   10.9435
   -7.5000  -15.0000  -45.0000 7714.2910   10.9622
    0.0000  -15.0000  -45.0000 7816.3569   10.9630
    7.5000  -15.0000  -45.0000 7405.9604   10.9553
   -7.5000   -7.5000  -45.0000 7835.3120   10.9709
    0.0000   -7.5000  -45.0000 7937.5557   10.9674
    7.5000   -7.5000  -45.0000 7535.2725   10.9626
   -7.5000    0.0000  -45.0000 7955.6074   10.9637
    0.0000    0.0000  -45.0000 8056.0601   10.9595
    7.5000    0.0000  -45.0000 7645.4038   10.9589
   -7.5000    7.5000  -45.0000 7719.9224   10.9466
    0.0000    7.5000  -45.0000 7823.2812   10.9465
    7.5000    7.5000  -45.0000 7436.6963   10.9468
   -7.5000   15.0000  -45.0000 7692.9463   10.9378
    0.0000   15.0000  -45.0000 7800.4814   10.9418
    7.5000   15.0000  -45.0000 7424.1382   10.9390
   -7.5000   22.5000  -45.0000 7260.1025   10.7989
    0.0000   22.5000  -45.0000 7338.0854   10.8031
    7.5000   22.5000  -45.0000 6966.1606   10.7963
   -7.5000   30.0000  -45.0000 6685.1533   10.5263
    0.0000   30.0000  -45.0000 6768.1270   10.5270
    7.5000   30.0000  -45.0000 6410.5771   10.5196
   -7.5000   37.5000  -45.0000 6102.1660   10.1954
    0.0000   37.5000  -45.0000 6188.8184   10.1921
    7.5000   37.5000  -45.0000 5853.8594   10.1877
   -7.5000   45.0000  -45.0000 5548.5967    9.8172
    0.0000   45.0000  -45.0000 5603.4482    9.8135
    7.5000   45.0000  -45.0000 5305.8794    9.8130
   -7.5000  -45.0000  -37.5000 6242.5903   10.4574
    0.0000  -45.0000  -37.5000 6308.5767   10.4547
    7.5000  -45.0000  -37.5000 5972.1484   10.4602
   -7.5000  -37.5000  -37.5000 6754.6455   11.0740
    0.0000  -37.5000  -37.5000 6841.5264   11.0762
    7.5000  -37.5000  -37.5000 6466.5737   11.0812
   -7.5000  -30.0000  -37.5000 7312.4170   11.3958
    0.0000  -30.0000  -37.5000 7398.3901   11.4025
    7.5000  -30.0000  -37.5000 6998.4517   11.4031
   -7.5000  -22.5000  -37.5000 7907.5762   11.4066
    0.0000  -22.5000  -37.5000 8004.8696   11.4130
    7.5000  -22.5000  -37.5000 7561.4604   11.4094
   -7.5000  -15.0000  -37.5000 8405.7842   11.4239
    0.0000  -15.0000  -37.5000 8522.9668   11.4258
    7.5000  -15.0000  -37.5000 8051.1309   11.4230
   -7.5000   -7.5000  -37.5000 8483.3730   11.4315
    0.0000   -7.5000  -37.5000 8629.6924   11.4286
    7.5000   -7.5000  -37.5000 8166.3799   11.4302
   -7.5000    0.0000  -37.5000 8581.5117   11.4219
    0.0000    0.0000  -37.5000 8724.5254   11.4191
    7.5000    0.0000  -37.5000 8261.0645   11.4249
   -7.5000    7.5000  -37.5000 8330.8857   11.4030
    0.0000    7.5000  -37.5000 8468.0215   11.4053
    7.5000    7.5000  -37.5000 8026.7886   11.4104
   -7.5000   15.0000  -37.5000 8326.4639   11.3953
    0.0000   15.0000  -37.5000 8457.3428   11.4020
    7.5000   15.0000  -37.5000 8008.7959   11.4026
   -7.5000   22.5000  -37.5000 7848.9575   11.2541
    0.0000   22.5000  -37.5000 7950.4458   11.2604
    7.5000   22.5000  -37.5000 7517.5532   11.2569
   -7.5000   30.0000  -37.5000 7211.8311   10.9775
    0.0000   30.0000  -37.5000 7310.4307   10.9793
    7.5000   30.0000  -37.5000 6914.4248   10.9766
   -7.5000   37.5000  -37.5000 6563.4009   10.6321
    0.0000   37.5000  -37.5000 6664.3145   10.6294
    7.5000   37.5000  -37.5000 6309.9292   10.6309
   -7.5000   45.0000  -37.5000 5947.4463   10.2275
    0.0000   45.0000  -37.5000 6023.6147   10.2250
    7.5000   45.0000  -37.5000 5711.2646   10.2302
   -7.5000  -45.0000  -30.0000 6779.9502   10.9135
    0.0000  -45.0000  -30.0000 6870.6123   10.9111
    7.5000  -45.0000  -30.0000 6494.1870   10.9191
   -7.5000  -37.5000  -30.0000 7330.3813   11.5682
    0.0000  -37.5000  -30.0000 7435.4380   11.5697
    7.5000  -37.5000  -30.0000 7033.0410   11.5762
   -7.5000  -30.0000  -30.0000 7932.5605   11.8878
    0.0000  -30.0000  -30.0000 8030.1260   11.8931
    7.5000  -30.0000  -30.0000 7596.0415   11.8949
   -7.5000  -22.5000  -30.0000 8561.3125   11.8927
    0.0000  -22.5000  -30.0000 8673.6260   11.8982
    7.5000  -22.5000  -30.0000 8199.4951   11.8964
   -7.5000  -15.0000  -30.0000 9090.3594   11.9042
    0.0000  -15.0000  -30.0000 9217.5547   11.9063
    7.5000  -15.0000  -30.0000 8709.5352   11.9065
   -7.5000   -7.5000  -30.0000 9192.3730   11.9114
    0.0000   -7.5000  -30.0000 9340.9639   11.9095
    7.5000   -7.5000  -30.0000 8833.3252   11.9146
   -7.5000    0.0000  -30.0000 9265.6240   11.9079
    0.0000    0.0000  -30.0000 9409.3311   11.9054
    7.5000    0.0000  -30.0000 8928.3857   11.9140
   -7.5000    7.5000  -30.0000 8988.5586   11.8939
    0.0000    7.5000  -30.0000 9135.9072   11.8954
    7.5000    7.5000  -30.0000 8647.1846   11.9022
   -7.5000   15.0000  -30.0000 8978.2461   11.8861
    0.0000   15.0000  -30.0000 9113.8994   11.8915
    7.5000   15.0000  -30.0000 8621.7812   11.8933
   -7.5000   22.5000  -30.0000 8462.8652   11.7342
    0.0000   22.5000  -30.0000 8588.0205   11.7397
    7.5000   22.5000  -30.0000 8109.8950   11.7379
   -7.5000   30.0000  -30.0000 7760.3921   11.4473
    0.0000   30.0000  -30.0000 7873.4971   11.4493
    7.5000   30.0000  -30.0000 7445.3892   11.4495
   -7.5000   37.5000  -30.0000 7027.7827   11.0952
    0.0000   37.5000  -30.0000 7140.3867   11.0934
    7.5000   37.5000  -30.0000 6771.3750   11.0981
   -7.5000   45.0000  -30.0000 6351.1167   10.6796
    0.0000   45.0000  -30.0000 6452.1113   10.6774
    7.5000   45.0000  -30.0000 6123.6685   10.6851
   -7.5000  -45.0000  -22.5000 7306.1724   11.3244
    0.0000  -45.0000  -22.5000 7388.6504   11.3214
    7.5000  -45.0000  -22.5000 7002.4136   11.3249
   -7.5000  -37.5000  -22.5000 7894.6479   12.0173
    0.0000  -37.5000  -22.5000 7991.5107   12.0157
    7.5000  -37.5000  -22.5000 7569.1177   12.0183
   -7.5000  -30.0000  -22.5000 8523.4082   12.3327
    0.0000  -30.0000  -22.5000 8626.9033   12.3340
    7.5000  -30.0000  -22.5000 8168.7822   12.3321
   -7.5000  -22.5000  -22.5000 9171.7900   12.3288
    0.0000  -22.5000  -22.5000 9290.3066   12.3315
    7.5000  -22.5000  -22.5000 8816.5352   12.3255
   -7.5000  -15.0000  -22.5000 9737.4434   12.3345
    0.0000  -15.0000  -22.5000 9854.7275   12.3360
    7.5000  -15.0000  -22.5000 9364.5654   12.3315
   -7.5000   -7.5000  -22.5000 9876.0439   12.3442
    0.0000   -7.5000  -22.500010021.8730   12.3428
    7.5000   -7.5000  -22.5000 9498.2178   12.3429
   -7.5000    0.0000  -22.5000 9990.7607   12.3495
    0.0000    0.0000  -22.500010125.8057   12.3461
    7.5000    0.0000  -22.5000 9590.9893   12.3500
   -7.5000    7.5000  -22.5000 9661.8701   12.3402
    0.0000    7.5000  -22.5000 9796.3115   12.3386
    7.5000    7.5000  -22.5000 9273.7188   12.3413
   -7.5000   15.0000  -22.5000 9619.6836   12.3297
    0.0000   15.0000  -22.5000 9741.7852   12.3311
    7.5000   15.0000  -22.5000 9221.3691   12.3291
   -7.5000   22.5000  -22.5000 9019.4199   12.1657
    0.0000   22.5000  -22.5000 9142.5391   12.1683
    7.5000   22.5000  -22.5000 8668.8447   12.1624
   -7.5000   30.0000  -22.5000 8276.1025   11.8698
    0.0000   30.0000  -22.5000 8379.9814   11.8713
    7.5000   30.0000  -22.5000 7956.4551   11.8670
   -7.5000   37.5000  -22.5000 7497.3999   11.5158
    0.0000   37.5000  -22.5000 7608.1001   11.5145
    7.5000   37.5000  -22.5000 7234.4058   11.5146
   -7.5000   45.0000  -22.5000 6754.5181   11.1023
    0.0000   45.0000  -22.5000 6859.0630   11.0994
    7.5000   45.0000  -22.5000 6523.1074   11.1029
   -7.5000  -45.0000  -15.0000 7802.7979   11.7064
    0.0000  -45.0000  -15.0000 7908.1943   11.7028
    7.5000  -45.0000  -15.0000 7485.0864   11.6988
   -7.5000  -37.5000  -15.0000 8446.1367   12.4197
    0.0000  -37.5000  -15.0000 8547.6777   12.4174
    7.5000  -37.5000  -15.0000 8094.8540   12.4141
   -7.5000  -30.0000  -15.0000 9108.1855   12.7315
    0.0000  -30.0000  -15.0000 9224.6904   12.7321
    7.5000  -30.0000  -15.0000 8743.9365   12.7256
   -7.5000  -22.5000  -15.0000 9776.5146   12.7265
    0.0000  -22.5000  -15.0000 9909.8848   12.7289
    7.5000  -22.5000  -15.0000 9425.1182   12.7175
   -7.5000  -15.0000  -15.000010407.5967   12.7343
    0.0000  -15.0000  -15.000010516.7871   12.7361
    7.5000  -15.0000  -15.000010010.6553   12.7238
   -7.5000   -7.5000  -15.000010573.0928   12.7473
    0.0000   -7.5000  -15.000010707.1299   12.7460
    7.5000   -7.5000  -15.000010161.5410   12.7369
   -7.5000    0.0000  -15.000010695.0186   12.7537
    0.0000    0.0000  -15.000010834.4639   12.7497
    7.5000    0.0000  -15.000010277.5459   12.7453
   -7.5000    7.5000  -15.000010357.3584   12.7411
    0.0000    7.5000  -15.000010505.6367   12.7387
    7.5000    7.5000  -15.0000 9949.7275   12.7354
   -7.5000   15.0000  -15.000010270.5498   12.7276
    0.0000   15.0000  -15.000010419.8564   12.7282
    7.5000   15.0000  -15.0000 9877.3018   12.7216
   -7.5000   22.5000  -15.0000 9603.9795   12.5600
    0.0000   22.5000  -15.0000 9732.0352   12.5624
    7.5000   22.5000  -15.0000 9247.2549   12.5512
   -7.5000   30.0000  -15.0000 8792.8682   12.2638
    0.0000   30.0000  -15.0000 8905.6025   12.2655
    7.5000   30.0000  -15.0000 8480.1963   12.2536
   -7.5000   37.5000  -15.0000 7987.4741   11.9101
    0.0000   37.5000  -15.0000 8102.0708   11.9088
    7.5000   37.5000  -15.0000 7709.7173   11.9003
   -7.5000   45.0000  -15.0000 7189.4692   11.4937
    0.0000   45.0000  -15.0000 7283.7690   11.4902
    7.5000   45.0000  -15.0000 6936.1294   11.4861
   -7.5000  -45.0000   -7.5000 8064.1646   11.6864
    0.0000  -45.0000   -7.5000 8156.1519   11.6827
    7.5000  -45.0000   -7.5000 7738.7256   11.6764
   -7.5000  -37.5000   -7.5000 8723.4111   12.3922
    0.0000  -37.5000   -7.5000 8820.2227   12.3912
    7.5000  -37.5000   -7.5000 8356.9443   12.3868
   -7.5000  -30.0000   -7.5000 9419.8838   12.7028
    0.0000  -30.0000   -7.5000 9546.9951   12.7059
    7.5000  -30.0000   -7.5000 9054.0986   12.6991
   -7.5000  -22.5000   -7.500010140.1719   12.7035
    0.0000  -22.5000   -7.500010259.2363   12.7081
    7.5000  -22.5000   -7.5000 9786.6963   12.6962
   -7.5000  -15.0000   -7.500010778.2861   12.7175
    0.0000  -15.0000   -7.500010866.1924   12.7200
    7.5000  -15.0000   -7.500010353.8896   12.7056
   -7.5000   -7.5000   -7.500010920.5508   12.7314
    0.0000   -7.5000   -7.500011038.5166   12.7295
    7.5000   -7.5000   -7.500010475.1201   12.7173
   -7.5000    0.0000   -7.500011070.0420   12.7319
    0.0000    0.0000   -7.500011211.2031   12.7279
    7.5000    0.0000   -7.500010615.6582   12.7208
   -7.5000    7.5000   -7.500010731.7275   12.7129
    0.0000    7.5000   -7.500010882.0811   12.7119
    7.5000    7.5000   -7.500010299.7275   12.7073
   -7.5000   15.0000   -7.500010637.9844   12.6989
    0.0000   15.0000   -7.500010784.7871   12.7020
    7.5000   15.0000   -7.500010228.2109   12.6951
   -7.5000   22.5000   -7.5000 9929.3818   12.5373
    0.0000   22.5000   -7.500010023.2910   12.5419
    7.5000   22.5000   -7.5000 9524.3232   12.5301
   -7.5000   30.0000   -7.5000 9080.2832   12.2476
    0.0000   30.0000   -7.5000 9174.0322   12.2500
    7.5000   30.0000   -7.5000 8716.1133   12.2361
   -7.5000   37.5000   -7.5000 8236.9189   11.8952
    0.0000   37.5000   -7.5000 8362.4141   11.8934
    7.5000   37.5000   -7.5000 7928.3931   11.8821
   -7.5000   45.0000   -7.5000 7420.2939   11.4741
    0.0000   45.0000   -7.5000 7519.0200   11.4704
    7.5000   45.0000   -7.5000 7136.2925   11.4641
   -7.5000  -45.0000    0.0000 8178.8540   11.9575
    0.0000  -45.0000    0.0000 8260.6934   11.9531
    7.5000  -45.0000    0.0000 7839.5728   11.9512
   -7.5000  -37.5000    0.0000 8789.8945   12.6692
    0.0000  -37.5000    0.0000 8889.5439   12.6696
    7.5000  -37.5000    0.0000 8441.4893   12.6691
   -7.5000  -30.0000    0.0000 9507.3564   12.9808
    0.0000  -30.0000    0.0000 9631.0107   12.9864
    7.5000  -30.0000    0.0000 9136.5830   12.9831
   -7.5000  -22.5000    0.000010339.4336   12.9897
    0.0000  -22.5000    0.000010458.5752   12.9960
    7.5000  -22.5000    0.0000 9947.9746   12.9876
   -7.5000  -15.0000    0.000011029.3350   13.0098
    0.0000  -15.0000    0.000011125.9736   13.0117
    7.5000  -15.0000    0.000010593.8047   13.0016
   -7.5000   -7.5000    0.000011142.2588   13.0219
    0.0000   -7.5000    0.000011267.3916   13.0182
    7.5000   -7.5000    0.000010693.7383   13.0109
   -7.5000    0.0000    0.000011313.0117   13.0143
    0.0000    0.0000    0.000011427.0215   13.0097
    7.5000    0.0000    0.000010813.1064   13.0074
   -7.5000    7.5000    0.000010985.0762   12.9884
    0.0000    7.5000    0.000011105.1143   12.9889
    7.5000    7.5000    0.000010481.7402   12.9884
   -7.5000   15.0000    0.000010895.9658   12.9762
    0.0000   15.0000    0.000011005.5654   12.9818
    7.5000   15.0000    0.000010383.3613   12.9785
   -7.5000   22.5000    0.000010138.2598   12.8216
    0.0000   22.5000    0.000010211.3115   12.8278
    7.5000   22.5000    0.0000 9626.7900   12.8196
   -7.5000   30.0000    0.0000 9235.1943   12.5366
    0.0000   30.0000    0.0000 9334.1855   12.5385
    7.5000   30.0000    0.0000 8796.3643   12.5287
   -7.5000   37.5000    0.0000 8359.6533   12.1812
    0.0000   37.5000    0.0000 8487.1270   12.1778
    7.5000   37.5000    0.0000 8008.3779   12.1709
   -7.5000   45.0000    0.0000 7520.1841   11.7511
    0.0000   45.0000    0.0000 7641.7202   11.7469
    7.5000   45.0000    0.0000 7220.1060   11.7449
   -7.5000  -45.0000    7.5000 7962.0806   11.9545
    0.0000  -45.0000    7.5000 8060.6230   11.9508
    7.5000  -45.0000    7.5000 7644.4258   11.9562
   -7.5000  -37.5000    7.5000 8534.4863   12.6671
    0.0000  -37.5000    7.5000 8631.8955   12.6689
    7.5000  -37.5000    7.5000 8200.4326   12.6739
   -7.5000  -30.0000    7.5000 9184.3477   12.9812
    0.0000  -30.0000    7.5000 9290.5127   12.9882
    7.5000  -30.0000    7.5000 8845.7910   12.9889
   -7.5000  -22.5000    7.500010082.3252   12.9917
    0.0000  -22.5000    7.500010239.5400   12.9987
    7.5000  -22.5000    7.5000 9699.7734   12.9952
   -7.5000  -15.0000    7.500010951.3848   13.0108
    0.0000  -15.0000    7.500011169.0840   13.0127
    7.5000  -15.0000    7.500010506.5625   13.0098
   -7.5000   -7.5000    7.500011171.3555   13.0203
    0.0000   -7.5000    7.500011359.3320   13.0165
    7.5000   -7.5000    7.500010643.6934   13.0179
   -7.5000    0.0000    7.500011290.1396   13.0111
    0.0000    0.0000    7.500011405.8359   13.0072
    7.5000    0.0000    7.500010680.7725   13.0128
   -7.5000    7.5000    7.500010861.3574   12.9863
    0.0000    7.5000    7.500010963.4648   12.9881
    7.5000    7.5000    7.500010258.4736   12.9933
   -7.5000   15.0000    7.500010665.4473   12.9766
    0.0000   15.0000    7.500010766.8721   12.9836
    7.5000   15.0000    7.500010073.3408   12.9843
   -7.5000   22.5000    7.5000 9854.3320   12.8236
    0.0000   22.5000    7.5000 9939.6650   12.8305
    7.5000   22.5000    7.5000 9293.3623   12.8270
   -7.5000   30.0000    7.5000 8951.8379   12.5376
    0.0000   30.0000    7.5000 9079.3613   12.5394
    7.5000   30.0000    7.5000 8490.0186   12.5366
   -7.5000   37.5000    7.5000 8094.8594   12.1796
    0.0000   37.5000    7.5000 8255.0098   12.1762
    7.5000   37.5000    7.5000 7732.1416   12.1775
   -7.5000   45.0000    7.5000 7293.3975   11.7481
    0.0000   45.0000    7.5000 7457.8755   11.7447
    7.5000   45.0000    7.5000 7000.7236   11.7498
   -7.5000  -45.0000   15.0000 7999.6240   12.0499
    0.0000  -45.0000   15.0000 8115.1440   12.0469
    7.5000  -45.0000   15.0000 7684.4067   12.0551
   -7.5000  -37.5000   15.0000 8575.5283   12.7745
    0.0000  -37.5000   15.0000 8688.2021   12.7754
    7.5000  -37.5000   15.0000 8225.2988   12.7819
   -7.5000  -30.0000   15.0000 9221.5508   13.0913
    0.0000  -30.0000   15.0000 9338.3701   13.0965
    7.5000  -30.0000   15.0000 8845.3115   13.0978
   -7.5000  -22.5000   15.000010125.1084   13.0955
    0.0000  -22.5000   15.000010373.7764   13.1012
    7.5000  -22.5000   15.0000 9709.3828   13.0988
   -7.5000  -15.0000   15.000011075.3359   13.1082
    0.0000  -15.0000   15.000011483.0645   13.1103
    7.5000  -15.0000   15.000010565.2275   13.1103
   -7.5000   -7.5000   15.000011394.3408   13.1173
    0.0000   -7.5000   15.000011731.1885   13.1150
    7.5000   -7.5000   15.000010739.5488   13.1202
   -7.5000    0.0000   15.000011498.9229   13.1147
    0.0000    0.0000   15.000011712.6172   13.1115
    7.5000    0.0000   15.000010754.8164   13.1203
   -7.5000    7.5000   15.000010927.8115   13.0965
    0.0000    7.5000   15.000011082.3857   13.0974
    7.5000    7.5000   15.000010279.6309   13.1040
   -7.5000   15.0000   15.000010634.0869   13.0867
    0.0000   15.0000   15.000010772.0439   13.0919
    7.5000   15.0000   15.000010049.1562   13.0932
   -7.5000   22.5000   15.0000 9775.9805   12.9260
    0.0000   22.5000   15.0000 9897.4688   12.9316
    7.5000   22.5000   15.0000 9248.1035   12.9293
   -7.5000   30.0000   15.0000 8886.8643   12.6315
    0.0000   30.0000   15.0000 9042.1436   12.6335
    7.5000   30.0000   15.0000 8474.8115   12.6335
   -7.5000   37.5000   15.0000 8087.8237   12.2704
    0.0000   37.5000   15.0000 8252.9170   12.2683
    7.5000   37.5000   15.0000 7743.2437   12.2732
   -7.5000   45.0000   15.0000 7306.0801   11.8418
    0.0000   45.0000   15.0000 7467.2764   11.8389
    7.5000   45.0000   15.0000 7017.8481   11.8469
   -7.5000  -45.0000   22.5000 7608.5586   12.3007
    0.0000  -45.0000   22.5000 7740.8657   12.2967
    7.5000  -45.0000   22.5000 7290.1436   12.3005
   -7.5000  -37.5000   22.5000 8161.6465   13.0482
    0.0000  -37.5000   22.5000 8277.3828   13.0460
    7.5000  -37.5000   22.5000 7806.1895   13.0484
   -7.5000  -30.0000   22.5000 8769.0400   13.3700
    0.0000  -30.0000   22.5000 8902.6172   13.3713
    7.5000  -30.0000   22.5000 8417.3574   13.3689
   -7.5000  -22.5000   22.5000 9561.2285   13.3639
    0.0000  -22.5000   22.5000 9800.1494   13.3669
    7.5000  -22.5000   22.5000 9197.9648   13.3603
   -7.5000  -15.0000   22.500010363.7559   13.3684
    0.0000  -15.0000   22.500010693.3613   13.3700
    7.5000  -15.0000   22.5000 9949.1914   13.3653
   -7.5000   -7.5000   22.500010625.1963   13.3794
    0.0000   -7.5000   22.500010861.7969   13.3774
    7.5000   -7.5000   22.500010092.8145   13.3777
   -7.5000    0.0000   22.500010758.3086   13.3870
    0.0000    0.0000   22.500010914.6074   13.3827
    7.5000    0.0000   22.500010146.1084   13.3868
   -7.5000    7.5000   22.500010280.1904   13.3770
    0.0000    7.5000   22.500010426.5029   13.3747
    7.5000    7.5000   22.5000 9740.3330   13.3772
   -7.5000   15.0000   22.500010019.3154   13.3653
    0.0000   15.0000   22.500010140.8115   13.3666
    7.5000   15.0000   22.5000 9532.9492   13.3641
   -7.5000   22.5000   22.5000 9210.7334   13.1909
    0.0000   22.5000   22.5000 9319.7998   13.1939
    7.5000   22.5000   22.5000 8783.9014   13.1874
   -7.5000   30.0000   22.5000 8429.3672   12.8822
    0.0000   30.0000   22.5000 8548.2334   12.8837
    7.5000   30.0000   22.5000 8069.7378   12.8792
   -7.5000   37.5000   22.5000 7700.4863   12.5156
    0.0000   37.5000   22.5000 7823.3511   12.5138
    7.5000   37.5000   22.5000 7384.6821   12.5141
   -7.5000   45.0000   22.5000 6942.3135   12.0875
    0.0000   45.0000   22.5000 7066.6548   12.0836
    7.5000   45.0000   22.5000 6682.6191   12.0873
   -7.5000  -45.0000   30.0000 7140.7754   12.4732
    0.0000  -45.0000   30.0000 7259.9341   12.4704
    7.5000  -45.0000   30.0000 6872.4824   12.4675
   -7.5000  -37.5000   30.0000 7653.9624   13.2363
    0.0000  -37.5000   30.0000 7765.1504   13.2348
    7.5000  -37.5000   30.0000 7364.6230   13.2326
   -7.5000  -30.0000   30.0000 8236.5771   13.5629
    0.0000  -30.0000   30.0000 8375.7568   13.5644
    7.5000  -30.0000   30.0000 7956.4355   13.5578
   -7.5000  -22.5000   30.0000 8967.0771   13.5542
    0.0000  -22.5000   30.0000 9164.3906   13.5577
    7.5000  -22.5000   30.0000 8692.3994   13.5451
   -7.5000  -15.0000   30.0000 9632.5020   13.5587
    0.0000  -15.0000   30.0000 9820.5166   13.5615
    7.5000  -15.0000   30.0000 9305.6133   13.5482
   -7.5000   -7.5000   30.0000 9791.1611   13.5723
    0.0000   -7.5000   30.0000 9888.7959   13.5718
    7.5000   -7.5000   30.0000 9408.0127   13.5630
   -7.5000    0.0000   30.0000 9920.4092   13.5824
    0.0000    0.0000   30.000010001.3965   13.5793
    7.5000    0.0000   30.0000 9510.0293   13.5761
   -7.5000    7.5000   30.0000 9551.1455   13.5722
    0.0000    7.5000   30.0000 9664.5049   13.5707
    7.5000    7.5000   30.0000 9178.3916   13.5684
   -7.5000   15.0000   30.0000 9402.5566   13.5581
    0.0000   15.0000   30.0000 9500.6396   13.5596
    7.5000   15.0000   30.0000 9029.4014   13.5530
   -7.5000   22.5000   30.0000 8681.3926   13.3776
    0.0000   22.5000   30.0000 8756.0684   13.3811
    7.5000   22.5000   30.0000 8311.2861   13.3686
   -7.5000   30.0000   30.0000 7988.5649   13.0716
    0.0000   30.0000   30.0000 8063.6445   13.0742
    7.5000   30.0000   30.0000 7640.8936   13.0615
   -7.5000   37.5000   30.0000 7296.0459   12.7080
    0.0000   37.5000   30.0000 7400.2568   12.7075
    7.5000   37.5000   30.0000 6987.8574   12.6992
   -7.5000   45.0000   30.0000 6570.2041   12.2802
    0.0000   45.0000   30.0000 6667.3750   12.2774
    7.5000   45.0000   30.0000 6311.4912   12.2745
   -7.5000  -45.0000   37.5000 6693.7769   12.5491
    0.0000  -45.0000   37.5000 6787.2227   12.5460
    7.5000  -45.0000   37.5000 6459.5303   12.5412
   -7.5000  -37.5000   37.5000 7171.6616   13.3122
    0.0000  -37.5000   37.5000 7277.0781   13.3120
    7.5000  -37.5000   37.5000 6939.9619   13.3098
   -7.5000  -30.0000   37.5000 7735.4678   13.6299
    0.0000  -30.0000   37.5000 7864.2598   13.6352
    7.5000  -30.0000   37.5000 7499.0391   13.6307
   -7.5000  -22.5000   37.5000 8408.8506   13.6257
    0.0000  -22.5000   37.5000 8552.0059   13.6339
    7.5000  -22.5000   37.5000 8155.6724   13.6235
   -7.5000  -15.0000   37.5000 8992.8379   13.6368
    0.0000  -15.0000   37.5000 9081.0371   13.6426
    7.5000  -15.0000   37.5000 8682.3857   13.6292
   -7.5000   -7.5000   37.5000 9112.3711   13.6529
    0.0000   -7.5000   37.5000 9169.6982   13.6530
    7.5000   -7.5000   37.5000 8792.8906   13.6419
   -7.5000    0.0000   37.5000 9225.9941   13.6589
    0.0000    0.0000   37.5000 9299.9990   13.6555
    7.5000    0.0000   37.5000 8901.8965   13.6501
   -7.5000    7.5000   37.5000 8921.7432   13.6416
    0.0000    7.5000   37.5000 9009.5566   13.6413
    7.5000    7.5000   37.5000 8604.4258   13.6391
   -7.5000   15.0000   37.5000 8847.8750   13.6249
    0.0000   15.0000   37.5000 8903.1191   13.6302
    7.5000   15.0000   37.5000 8499.2275   13.6257
   -7.5000   22.5000   37.5000 8182.2896   13.4458
    0.0000   22.5000   37.5000 8239.3252   13.4539
    7.5000   22.5000   37.5000 7843.8613   13.4437
   -7.5000   30.0000   37.5000 7538.8242   13.1468
    0.0000   30.0000   37.5000 7603.0259   13.1524
    7.5000   30.0000   37.5000 7213.4590   13.1394
   -7.5000   37.5000   37.5000 6868.7388   12.7836
    0.0000   37.5000   37.5000 6945.8379   12.7837
    7.5000   37.5000   37.5000 6579.3447   12.7733
   -7.5000   45.0000   37.5000 6182.5527   12.3472
    0.0000   45.0000   37.5000 6247.6968   12.3442
    7.5000   45.0000   37.5000 5923.0718   12.3393
   -7.5000  -45.0000   45.0000 6260.1831   12.6517
    0.0000  -45.0000   45.0000 6354.2808   12.6469
    7.5000  -45.0000   45.0000 6054.5103   12.6435
   -7.5000  -37.5000   45.0000 6723.4595   13.4123
    0.0000  -37.5000   45.0000 6827.2739   13.4145
    7.5000  -37.5000   45.0000 6512.6416   13.4158
   -7.5000  -30.0000   45.0000 7245.5337   13.7196
    0.0000  -30.0000   45.0000 7371.6470   13.7296
    7.5000  -30.0000   45.0000 7042.1479   13.7296
   -7.5000  -22.5000   45.0000 7854.0400   13.7246
    0.0000  -22.5000   45.0000 7986.1831   13.7358
    7.5000  -22.5000   45.0000 7622.9941   13.7289
   -7.5000  -15.0000   45.0000 8387.1572   13.7442
    0.0000  -15.0000   45.0000 8477.9766   13.7489
    7.5000  -15.0000   45.0000 8106.3232   13.7367
   -7.5000   -7.5000   45.0000 8502.8789   13.7603
    0.0000   -7.5000   45.0000 8583.6279   13.7568
    7.5000   -7.5000   45.0000 8216.9688   13.7460
   -7.5000    0.0000   45.0000 8591.5176   13.7574
    0.0000    0.0000   45.0000 8680.4961   13.7523
    7.5000    0.0000   45.0000 8309.2959   13.7484
   -7.5000    7.5000   45.0000 8307.5742   13.7309
    0.0000    7.5000   45.0000 8388.8105   13.7332
    7.5000    7.5000   45.0000 8021.6655   13.7345
   -7.5000   15.0000   45.0000 8258.4512   13.7144
    0.0000   15.0000   45.0000 8310.5566   13.7245
    7.5000   15.0000   45.0000 7935.6816   13.7245
   -7.5000   22.5000   45.0000 7652.6558   13.5416
    0.0000   22.5000   45.0000 7717.0225   13.5527
    7.5000   22.5000   45.0000 7353.7812   13.5459
   -7.5000   30.0000   45.0000 7046.8833   13.2490
    0.0000   30.0000   45.0000 7122.8965   13.2535
    7.5000   30.0000   45.0000 6772.9048   13.2418
   -7.5000   37.5000   45.0000 6416.3633   12.8808
    0.0000   37.5000   45.0000 6491.3467   12.8775
    7.5000   37.5000   45.0000 6169.4722   12.8674
   -7.5000   45.0000   45.0000 5762.5024   12.4278
    0.0000   45.0000   45.0000 5821.6201   12.4232
    7.5000   45.0000   45.0000 5548.6523   12.4197

---------------------------------------------------------------------
imgreg_4dfp /opt/freesurfer/average/711-2C_as_mni_average_305 /opt/freesurfer/average/711-2B_as_mni_average_305_mask talsrcimg_g11 none talsrcimg_to_711-2C_as_mni_average_305_t4 4355
---------------------------------------------------------------------

freesurfer imgreg_4dfp.c
/opt/freesurfer/average/711-2C_as_mni_average_305.4dfp.img
       256       256       256         1
  1.000000  1.000000  1.000000
orientation T byte_order littleendian
Reading image: /opt/freesurfer/average/711-2C_as_mni_average_305.4dfp.img
dimensions:      256       256       256
mmppix:       1.0000   -1.0000   -1.0000
center:     128.0000 -129.0000 -129.0000
/opt/freesurfer/average/711-2B_as_mni_average_305_mask.4dfp.img
       256       256       256         1
  1.000000  1.000000  1.000000
orientation T byte_order littleendian
Reading mask: /opt/freesurfer/average/711-2B_as_mni_average_305_mask.4dfp.img (2306576 pixels)
talsrcimg_g11.4dfp.img
       256       256       256         1
  0.898438  0.898438  0.898438
orientation T byte_order littleendian
Reading image: talsrcimg_g11.4dfp.img
dimensions:      256       256       256
mmppix:       0.8984   -0.8984   -0.8984
center:     115.0001 -115.8985 -115.8985
rotation matrix determinant  1.000000
image alignment mode   4355 decimal     1103 hex
   -7.5000  -52.5000  -30.0000 2034.9425   13.5825
    0.0000  -52.5000  -30.0000 2050.4836   13.4794
    7.5000  -52.5000  -30.0000 2035.0320   13.4875
   -7.5000  -45.0000  -30.0000 2177.7458   12.4461
    0.0000  -45.0000  -30.0000 2195.6567   12.3692
    7.5000  -45.0000  -30.0000 2176.1294   12.3534
   -7.5000  -37.5000  -30.0000 2289.5220   11.4075
    0.0000  -37.5000  -30.0000 2309.6042   11.3482
    7.5000  -37.5000  -30.0000 2290.1438   11.3617
   -7.5000  -30.0000  -30.0000 2374.9053   10.5879
    0.0000  -30.0000  -30.0000 2391.8853   10.5405
    7.5000  -30.0000  -30.0000 2367.4917   10.5698
   -7.5000  -22.5000  -30.0000 2417.8320   10.0509
    0.0000  -22.5000  -30.0000 2436.4165   10.0028
    7.5000  -22.5000  -30.0000 2413.0977   10.0338
   -7.5000  -15.0000  -30.0000 2439.4907    9.7067
    0.0000  -15.0000  -30.0000 2465.6846    9.6523
    7.5000  -15.0000  -30.0000 2439.7688    9.6917
   -7.5000   -7.5000  -30.0000 2443.6467    9.5761
    0.0000   -7.5000  -30.0000 2470.3423    9.4969
    7.5000   -7.5000  -30.0000 2448.6875    9.5505
   -7.5000    0.0000  -30.0000 2422.0950    9.6640
    0.0000    0.0000  -30.0000 2452.0474    9.5941
    7.5000    0.0000  -30.0000 2435.7224    9.6331
   -7.5000    7.5000  -30.0000 2388.5886    9.9979
    0.0000    7.5000  -30.0000 2423.6238    9.9004
    7.5000    7.5000  -30.0000 2405.1196    9.9539
   -7.5000   15.0000  -30.0000 2342.2021   10.5162
    0.0000   15.0000  -30.0000 2371.3982   10.4280
    7.5000   15.0000  -30.0000 2357.4883   10.4625
   -7.5000   22.5000  -30.0000 2278.8733   11.2647
    0.0000   22.5000  -30.0000 2306.5188   11.1839
    7.5000   22.5000  -30.0000 2288.0889   11.2087
   -7.5000   30.0000  -30.0000 2186.7278   12.2950
    0.0000   30.0000  -30.0000 2215.6716   12.1952
    7.5000   30.0000  -30.0000 2198.0242   12.2477
   -7.5000   37.5000  -30.0000 2044.0093   13.5373
    0.0000   37.5000  -30.0000 2074.4126   13.4065
    7.5000   37.5000  -30.0000 2056.4741   13.4685
   -7.5000  -52.5000  -22.5000 2133.9536   13.2532
    0.0000  -52.5000  -22.5000 2156.4775   13.1259
    7.5000  -52.5000  -22.5000 2138.8757   13.1511
   -7.5000  -45.0000  -22.5000 2282.0076   12.0874
    0.0000  -45.0000  -22.5000 2303.4336   11.9654
    7.5000  -45.0000  -22.5000 2283.5674   12.0095
   -7.5000  -37.5000  -22.5000 2396.7065   11.0676
    0.0000  -37.5000  -22.5000 2420.8821   10.9682
    7.5000  -37.5000  -22.5000 2397.8596   11.0105
   -7.5000  -30.0000  -22.5000 2484.8582   10.2603
    0.0000  -30.0000  -22.5000 2509.7178   10.1655
    7.5000  -30.0000  -22.5000 2486.1240   10.2101
   -7.5000  -22.5000  -22.5000 2534.3259    9.7015
    0.0000  -22.5000  -22.5000 2560.9858    9.6093
    7.5000  -22.5000  -22.5000 2543.6877    9.6427
   -7.5000  -15.0000  -22.5000 2569.7949    9.3380
    0.0000  -15.0000  -22.5000 2596.6914    9.2657
    7.5000  -15.0000  -22.5000 2578.4653    9.3057
   -7.5000   -7.5000  -22.5000 2587.8247    9.2041
    0.0000   -7.5000  -22.5000 2619.2380    9.1164
    7.5000   -7.5000  -22.5000 2596.9546    9.1587
   -7.5000    0.0000  -22.5000 2577.9456    9.3012
    0.0000    0.0000  -22.5000 2608.7219    9.2021
    7.5000    0.0000  -22.5000 2593.6174    9.2596
   -7.5000    7.5000  -22.5000 2537.8481    9.6051
    0.0000    7.5000  -22.5000 2573.0483    9.5012
    7.5000    7.5000  -22.5000 2555.8628    9.5620
   -7.5000   15.0000  -22.5000 2486.4016   10.1128
    0.0000   15.0000  -22.5000 2517.9448   10.0082
    7.5000   15.0000  -22.5000 2500.7805   10.0639
   -7.5000   22.5000  -22.5000 2409.8357   10.8214
    0.0000   22.5000  -22.5000 2442.2832   10.7170
    7.5000   22.5000  -22.5000 2426.6809   10.7528
   -7.5000   30.0000  -22.5000 2311.1902   11.7793
    0.0000   30.0000  -22.5000 2341.0808   11.6716
    7.5000   30.0000  -22.5000 2324.9414   11.7195
   -7.5000   37.5000  -22.5000 2162.2913   12.9743
    0.0000   37.5000  -22.5000 2191.9463   12.8438
    7.5000   37.5000  -22.5000 2179.0444   12.8843
   -7.5000  -52.5000  -15.0000 2203.8972   12.8438
    0.0000  -52.5000  -15.0000 2226.2466   12.7099
    7.5000  -52.5000  -15.0000 2213.4141   12.7790
   -7.5000  -45.0000  -15.0000 2349.0300   11.6439
    0.0000  -45.0000  -15.0000 2375.0188   11.5201
    7.5000  -45.0000  -15.0000 2355.6558   11.5741
   -7.5000  -37.5000  -15.0000 2467.6287   10.6395
    0.0000  -37.5000  -15.0000 2493.2058   10.5523
    7.5000  -37.5000  -15.0000 2471.4868   10.5772
   -7.5000  -30.0000  -15.0000 2560.6096    9.8541
    0.0000  -30.0000  -15.0000 2588.3320    9.7564
    7.5000  -30.0000  -15.0000 2567.8015    9.7942
   -7.5000  -22.5000  -15.0000 2618.9932    9.2660
    0.0000  -22.5000  -15.0000 2652.2488    9.1723
    7.5000  -22.5000  -15.0000 2637.3035    9.2219
   -7.5000  -15.0000  -15.0000 2668.7090    8.9042
    0.0000  -15.0000  -15.0000 2699.5476    8.8098
    7.5000  -15.0000  -15.0000 2686.8562    8.8789
   -7.5000   -7.5000  -15.0000 2700.1252    8.7604
    0.0000   -7.5000  -15.0000 2731.9189    8.6594
    7.5000   -7.5000  -15.0000 2714.3706    8.7195
   -7.5000    0.0000  -15.0000 2693.8757    8.8596
    0.0000    0.0000  -15.0000 2727.1812    8.7556
    7.5000    0.0000  -15.0000 2715.2432    8.8108
   -7.5000    7.5000  -15.0000 2660.3362    9.1717
    0.0000    7.5000  -15.0000 2697.9629    9.0744
    7.5000    7.5000  -15.0000 2679.8977    9.1328
   -7.5000   15.0000  -15.0000 2601.5747    9.6581
    0.0000   15.0000  -15.0000 2640.3735    9.5530
    7.5000   15.0000  -15.0000 2622.2446    9.6115
   -7.5000   22.5000  -15.0000 2514.1304   10.3490
    0.0000   22.5000  -15.0000 2549.0564   10.2404
    7.5000   22.5000  -15.0000 2533.5566   10.2836
   -7.5000   30.0000  -15.0000 2401.2512   11.2548
    0.0000   30.0000  -15.0000 2432.8599   11.1381
    7.5000   30.0000  -15.0000 2422.4890   11.1825
   -7.5000   37.5000  -15.0000 2250.3167   12.3946
    0.0000   37.5000  -15.0000 2282.7207   12.2483
    7.5000   37.5000  -15.0000 2274.6990   12.3030
   -7.5000  -52.5000   -7.5000 2229.5530   12.3130
    0.0000  -52.5000   -7.5000 2251.9099   12.1911
    7.5000  -52.5000   -7.5000 2235.4924   12.2746
   -7.5000  -45.0000   -7.5000 2378.2117   11.1397
    0.0000  -45.0000   -7.5000 2400.8999   11.0312
    7.5000  -45.0000   -7.5000 2381.1548   11.1124
   -7.5000  -37.5000   -7.5000 2502.0559   10.1637
    0.0000  -37.5000   -7.5000 2524.5693   10.0380
    7.5000  -37.5000   -7.5000 2503.9766   10.1232
   -7.5000  -30.0000   -7.5000 2597.5349    9.3955
    0.0000  -30.0000   -7.5000 2630.9360    9.2944
    7.5000  -30.0000   -7.5000 2613.7134    9.3495
   -7.5000  -22.5000   -7.5000 2669.2854    8.8248
    0.0000  -22.5000   -7.5000 2707.1091    8.7307
    7.5000  -22.5000   -7.5000 2697.4846    8.8046
   -7.5000  -15.0000   -7.5000 2734.9053    8.4542
    0.0000  -15.0000   -7.5000 2768.0540    8.3350
    7.5000  -15.0000   -7.5000 2753.6462    8.4206
   -7.5000   -7.5000   -7.5000 2767.9409    8.2809
    0.0000   -7.5000   -7.5000 2801.2283    8.1708
    7.5000   -7.5000   -7.5000 2784.0017    8.2585
   -7.5000    0.0000   -7.5000 2770.3513    8.3751
    0.0000    0.0000   -7.5000 2806.0896    8.2803
    7.5000    0.0000   -7.5000 2788.4443    8.3550
   -7.5000    7.5000   -7.5000 2738.0569    8.6925
    0.0000    7.5000   -7.5000 2779.0361    8.5968
    7.5000    7.5000   -7.5000 2756.9412    8.6694
   -7.5000   15.0000   -7.5000 2677.4656    9.1726
    0.0000   15.0000   -7.5000 2718.2751    9.0736
    7.5000   15.0000   -7.5000 2700.0645    9.1441
   -7.5000   22.5000   -7.5000 2582.0015    9.8416
    0.0000   22.5000   -7.5000 2614.0659    9.7288
    7.5000   22.5000   -7.5000 2601.5947    9.7772
   -7.5000   30.0000   -7.5000 2460.1069   10.6926
    0.0000   30.0000   -7.5000 2491.5562   10.5772
    7.5000   30.0000   -7.5000 2482.0017   10.6336
   -7.5000   37.5000   -7.5000 2303.2944   11.7427
    0.0000   37.5000   -7.5000 2335.1938   11.6312
    7.5000   37.5000   -7.5000 2323.2400   11.7055
   -7.5000  -52.5000    0.0000 2246.0764   12.0959
    0.0000  -52.5000    0.0000 2269.9976   11.9619
    7.5000  -52.5000    0.0000 2251.1333   12.1116
   -7.5000  -45.0000    0.0000 2398.0103   10.9214
    0.0000  -45.0000    0.0000 2418.0481   10.7592
    7.5000  -45.0000    0.0000 2397.7126   10.9113
   -7.5000  -37.5000    0.0000 2517.0923    9.9098
    0.0000  -37.5000    0.0000 2543.4443    9.7718
    7.5000  -37.5000    0.0000 2525.8989    9.9027
   -7.5000  -30.0000    0.0000 2622.7769    9.1382
    0.0000  -30.0000    0.0000 2656.7188    9.0153
    7.5000  -30.0000    0.0000 2642.1829    9.1117
   -7.5000  -22.5000    0.0000 2716.3716    8.6031
    0.0000  -22.5000    0.0000 2754.1182    8.4764
    7.5000  -22.5000    0.0000 2743.0396    8.5734
   -7.5000  -15.0000    0.0000 2792.9531    8.2461
    0.0000  -15.0000    0.0000 2832.2312    8.1097
    7.5000  -15.0000    0.0000 2817.4509    8.2266
   -7.5000   -7.5000    0.0000 2833.9634    8.0387
    0.0000   -7.5000    0.0000 2879.2720    7.9058
    7.5000   -7.5000    0.0000 2854.9155    8.0534
   -7.5000    0.0000    0.0000 2848.7478    8.1158
    0.0000    0.0000    0.0000 2883.8477    7.9962
    7.5000    0.0000    0.0000 2862.3376    8.1270
   -7.5000    7.5000    0.0000 2811.3252    8.4263
    0.0000    7.5000    0.0000 2849.1157    8.3067
    7.5000    7.5000    0.0000 2832.1155    8.4143
   -7.5000   15.0000    0.0000 2745.3877    8.8890
    0.0000   15.0000    0.0000 2783.4756    8.7542
    7.5000   15.0000    0.0000 2767.4536    8.8454
   -7.5000   22.5000    0.0000 2643.1057    9.5269
    0.0000   22.5000    0.0000 2676.2981    9.3962
    7.5000   22.5000    0.0000 2661.8569    9.4650
   -7.5000   30.0000    0.0000 2516.3257   10.3680
    0.0000   30.0000    0.0000 2548.7822   10.2334
    7.5000   30.0000    0.0000 2531.7285   10.3161
   -7.5000   37.5000    0.0000 2354.4651   11.4168
    0.0000   37.5000    0.0000 2387.9600   11.2582
    7.5000   37.5000    0.0000 2372.5654   11.3451
   -7.5000  -52.5000    7.5000 2236.0320   12.0309
    0.0000  -52.5000    7.5000 2263.3889   11.8828
    7.5000  -52.5000    7.5000 2246.8171   12.0478
   -7.5000  -45.0000    7.5000 2385.9426   10.7770
    0.0000  -45.0000    7.5000 2411.0964   10.6222
    7.5000  -45.0000    7.5000 2393.8530   10.8095
   -7.5000  -37.5000    7.5000 2514.2964    9.7810
    0.0000  -37.5000    7.5000 2541.3301    9.6072
    7.5000  -37.5000    7.5000 2525.8940    9.7568
   -7.5000  -30.0000    7.5000 2625.2175    8.9911
    0.0000  -30.0000    7.5000 2656.3076    8.8472
    7.5000  -30.0000    7.5000 2650.5007    8.9702
   -7.5000  -22.5000    7.5000 2732.3811    8.5045
    0.0000  -22.5000    7.5000 2765.0208    8.3771
    7.5000  -22.5000    7.5000 2764.6165    8.4584
   -7.5000  -15.0000    7.5000 2831.6489    8.2028
    0.0000  -15.0000    7.5000 2876.9500    8.1033
    7.5000  -15.0000    7.5000 2862.2058    8.1498
   -7.5000   -7.5000    7.5000 2897.1836    8.0147
    0.0000   -7.5000    7.5000 2955.6372    7.8954
    7.5000   -7.5000    7.5000 2917.6636    7.9709
   -7.5000    0.0000    7.5000 2910.5054    8.0187
    0.0000    0.0000    7.5000 2957.8923    7.8790
    7.5000    0.0000    7.5000 2922.4060    7.9830
   -7.5000    7.5000    7.5000 2865.4873    8.2330
    0.0000    7.5000    7.5000 2901.7412    8.1092
    7.5000    7.5000    7.5000 2878.8284    8.2005
   -7.5000   15.0000    7.5000 2782.1030    8.6368
    0.0000   15.0000    7.5000 2822.5132    8.4964
    7.5000   15.0000    7.5000 2804.6526    8.5675
   -7.5000   22.5000    7.5000 2674.7617    9.2404
    0.0000   22.5000    7.5000 2711.0364    9.1065
    7.5000   22.5000    7.5000 2696.6045    9.1618
   -7.5000   30.0000    7.5000 2541.8606   10.1002
    0.0000   30.0000    7.5000 2578.1235    9.9709
    7.5000   30.0000    7.5000 2559.0959   10.0172
   -7.5000   37.5000    7.5000 2376.7402   11.1118
    0.0000   37.5000    7.5000 2413.3257   10.9836
    7.5000   37.5000    7.5000 2393.2551   11.0405
   -7.5000  -52.5000   15.0000 2225.7864   12.1292
    0.0000  -52.5000   15.0000 2251.5554   11.9578
    7.5000  -52.5000   15.0000 2238.5420   12.1245
   -7.5000  -45.0000   15.0000 2370.4478   10.8550
    0.0000  -45.0000   15.0000 2395.5017   10.6936
    7.5000  -45.0000   15.0000 2384.0803   10.8514
   -7.5000  -37.5000   15.0000 2495.7139    9.8333
    0.0000  -37.5000   15.0000 2524.9683    9.6871
    7.5000  -37.5000   15.0000 2514.9905    9.8021
   -7.5000  -30.0000   15.0000 2616.5391    9.0549
    0.0000  -30.0000   15.0000 2646.8376    8.9349
    7.5000  -30.0000   15.0000 2642.3660    9.0137
   -7.5000  -22.5000   15.0000 2736.1145    8.5330
    0.0000  -22.5000   15.0000 2771.6741    8.4597
    7.5000  -22.5000   15.0000 2765.6262    8.4713
   -7.5000  -15.0000   15.0000 2851.9407    8.2695
    0.0000  -15.0000   15.0000 2901.1150    8.2377
    7.5000  -15.0000   15.0000 2874.5181    8.1859
   -7.5000   -7.5000   15.0000 2928.3269    8.0983
    0.0000   -7.5000   15.0000 2997.5107    8.0416
    7.5000   -7.5000   15.0000 2938.7114    8.0047
   -7.5000    0.0000   15.0000 2950.9565    8.0704
    0.0000    0.0000   15.0000 3008.1489    7.9642
    7.5000    0.0000   15.0000 2949.0632    7.9799
   -7.5000    7.5000   15.0000 2890.1470    8.2180
    0.0000    7.5000   15.0000 2931.2534    8.1169
    7.5000    7.5000   15.0000 2899.6194    8.1442
   -7.5000   15.0000   15.0000 2799.4641    8.5209
    0.0000   15.0000   15.0000 2838.2324    8.4046
    7.5000   15.0000   15.0000 2820.2273    8.4475
   -7.5000   22.5000   15.0000 2681.4385    9.0879
    0.0000   22.5000   15.0000 2721.8694    8.9607
    7.5000   22.5000   15.0000 2703.6370    9.0089
   -7.5000   30.0000   15.0000 2544.9563    9.9231
    0.0000   30.0000   15.0000 2585.6377    9.7969
    7.5000   30.0000   15.0000 2568.4751    9.8541
   -7.5000   37.5000   15.0000 2380.4736   10.9594
    0.0000   37.5000   15.0000 2417.4514   10.8224
    7.5000   37.5000   15.0000 2401.6636   10.8839
   -7.5000  -52.5000   22.5000 2207.8865   12.4322
    0.0000  -52.5000   22.5000 2234.2053   12.3076
    7.5000  -52.5000   22.5000 2213.4807   12.4190
   -7.5000  -45.0000   22.5000 2350.1355   11.1136
    0.0000  -45.0000   22.5000 2379.4878   10.9788
    7.5000  -45.0000   22.5000 2361.5725   11.1013
   -7.5000  -37.5000   22.5000 2475.7510   10.0577
    0.0000  -37.5000   22.5000 2507.0522    9.9410
    7.5000  -37.5000   22.5000 2492.9641   10.0164
   -7.5000  -30.0000   22.5000 2597.2119    9.2424
    0.0000  -30.0000   22.5000 2630.0513    9.1384
    7.5000  -30.0000   22.5000 2622.1509    9.2079
   -7.5000  -22.5000   22.5000 2718.1025    8.6921
    0.0000  -22.5000   22.5000 2752.4434    8.6059
    7.5000  -22.5000   22.5000 2745.3438    8.6185
   -7.5000  -15.0000   22.5000 2833.2947    8.3525
    0.0000  -15.0000   22.5000 2883.5601    8.3020
    7.5000  -15.0000   22.5000 2858.3950    8.2708
   -7.5000   -7.5000   22.5000 2914.0781    8.1448
    0.0000   -7.5000   22.5000 2976.5344    8.0718
    7.5000   -7.5000   22.5000 2922.2153    8.0633
   -7.5000    0.0000   22.5000 2937.9712    8.1437
    0.0000    0.0000   22.5000 2994.3875    8.0011
    7.5000    0.0000   22.5000 2934.3855    8.0504
   -7.5000    7.5000   22.5000 2880.9324    8.3012
    0.0000    7.5000   22.5000 2928.8386    8.1722
    7.5000    7.5000   22.5000 2892.1021    8.2167
   -7.5000   15.0000   22.5000 2790.7471    8.5866
    0.0000   15.0000   22.5000 2825.7627    8.4864
    7.5000   15.0000   22.5000 2808.4941    8.5295
   -7.5000   22.5000   22.5000 2668.2551    9.1347
    0.0000   22.5000   22.5000 2701.1672    9.0362
    7.5000   22.5000   22.5000 2690.8687    9.0758
   -7.5000   30.0000   22.5000 2532.7192    9.9362
    0.0000   30.0000   22.5000 2568.5525    9.8182
    7.5000   30.0000   22.5000 2557.9131    9.8596
   -7.5000   37.5000   22.5000 2369.6826   10.9229
    0.0000   37.5000   22.5000 2402.7412   10.7884
    7.5000   37.5000   22.5000 2392.2935   10.8466
   -7.5000  -52.5000   30.0000 2184.4060   12.7361
    0.0000  -52.5000   30.0000 2212.2297   12.5809
    7.5000  -52.5000   30.0000 2190.8115   12.7508
   -7.5000  -45.0000   30.0000 2333.7878   11.3948
    0.0000  -45.0000   30.0000 2364.7056   11.2618
    7.5000  -45.0000   30.0000 2343.7727   11.4135
   -7.5000  -37.5000   30.0000 2457.2874   10.3211
    0.0000  -37.5000   30.0000 2492.2083   10.1884
    7.5000  -37.5000   30.0000 2474.6060   10.2998
   -7.5000  -30.0000   30.0000 2577.1960    9.5074
    0.0000  -30.0000   30.0000 2614.1018    9.3713
    7.5000  -30.0000   30.0000 2600.7961    9.4790
   -7.5000  -22.5000   30.0000 2696.3674    8.9197
    0.0000  -22.5000   30.0000 2734.6208    8.8152
    7.5000  -22.5000   30.0000 2725.0061    8.8815
   -7.5000  -15.0000   30.0000 2795.9570    8.5006
    0.0000  -15.0000   30.0000 2847.0220    8.4010
    7.5000  -15.0000   30.0000 2826.5574    8.4492
   -7.5000   -7.5000   30.0000 2862.4307    8.2731
    0.0000   -7.5000   30.0000 2913.1492    8.1028
    7.5000   -7.5000   30.0000 2881.1162    8.2041
   -7.5000    0.0000   30.0000 2884.9810    8.2818
    0.0000    0.0000   30.0000 2931.7571    8.1127
    7.5000    0.0000   30.0000 2895.2617    8.2194
   -7.5000    7.5000   30.0000 2837.7317    8.4571
    0.0000    7.5000   30.0000 2882.1821    8.3408
    7.5000    7.5000   30.0000 2855.2693    8.4161
   -7.5000   15.0000   30.0000 2752.3599    8.8063
    0.0000   15.0000   30.0000 2789.8086    8.6971
    7.5000   15.0000   30.0000 2772.1384    8.7674
   -7.5000   22.5000   30.0000 2634.1885    9.3524
    0.0000   22.5000   30.0000 2667.5676    9.2497
    7.5000   22.5000   30.0000 2657.6289    9.3056
   -7.5000   30.0000   30.0000 2506.7363   10.1413
    0.0000   30.0000   30.0000 2539.7793   10.0133
    7.5000   30.0000   30.0000 2529.2732   10.0555
   -7.5000   37.5000   30.0000 2342.7629   11.0695
    0.0000   37.5000   30.0000 2378.5935   10.9481
    7.5000   37.5000   30.0000 2365.9961   10.9814
   -7.5000  -52.5000   37.5000 2157.4758   13.0890
    0.0000  -52.5000   37.5000 2181.4878   12.9451
    7.5000  -52.5000   37.5000 2161.1104   13.1630
   -7.5000  -45.0000   37.5000 2312.4348   11.7358
    0.0000  -45.0000   37.5000 2341.9084   11.5867
    7.5000  -45.0000   37.5000 2318.6255   11.7810
   -7.5000  -37.5000   37.5000 2431.4890   10.6568
    0.0000  -37.5000   37.5000 2471.7188   10.5009
    7.5000  -37.5000   37.5000 2452.9321   10.6665
   -7.5000  -30.0000   37.5000 2552.0466    9.8374
    0.0000  -30.0000   37.5000 2592.4363    9.7086
    7.5000  -30.0000   37.5000 2573.3247    9.8273
   -7.5000  -22.5000   37.5000 2662.7007    9.2421
    0.0000  -22.5000   37.5000 2705.3567    9.0982
    7.5000  -22.5000   37.5000 2688.6589    9.2006
   -7.5000  -15.0000   37.5000 2751.9695    8.8006
    0.0000  -15.0000   37.5000 2794.9355    8.6260
    7.5000  -15.0000   37.5000 2776.9458    8.7462
   -7.5000   -7.5000   37.5000 2801.1008    8.5686
    0.0000   -7.5000   37.5000 2846.9639    8.3595
    7.5000   -7.5000   37.5000 2828.0146    8.4943
   -7.5000    0.0000   37.5000 2809.4316    8.5709
    0.0000    0.0000   37.5000 2853.7656    8.4053
    7.5000    0.0000   37.5000 2834.9021    8.5213
   -7.5000    7.5000   37.5000 2768.1746    8.7556
    0.0000    7.5000   37.5000 2811.1265    8.6344
    7.5000    7.5000   37.5000 2792.1123    8.7219
   -7.5000   15.0000   37.5000 2694.2285    9.1231
    0.0000   15.0000   37.5000 2724.4790    9.0028
    7.5000   15.0000   37.5000 2714.4988    9.0818
   -7.5000   22.5000   37.5000 2585.6404    9.6734
    0.0000   22.5000   37.5000 2616.1526    9.5724
    7.5000   22.5000   37.5000 2607.6714    9.6394
   -7.5000   30.0000   37.5000 2463.6450   10.4665
    0.0000   30.0000   37.5000 2495.8689   10.3500
    7.5000   30.0000   37.5000 2485.0317   10.3929
   -7.5000   37.5000   37.5000 2300.0190   11.3847
    0.0000   37.5000   37.5000 2334.0547   11.2426
    7.5000   37.5000   37.5000 2324.9956   11.2683
   -7.5000  -52.5000   45.0000 2099.9260   13.5478
    0.0000  -52.5000   45.0000 2127.5173   13.3945
    7.5000  -52.5000   45.0000 2107.4836   13.6316
   -7.5000  -45.0000   45.0000 2256.5071   12.1655
    0.0000  -45.0000   45.0000 2290.0037   11.9897
    7.5000  -45.0000   45.0000 2267.1826   12.2127
   -7.5000  -37.5000   45.0000 2380.0024   11.0581
    0.0000  -37.5000   45.0000 2419.1042   10.8898
    7.5000  -37.5000   45.0000 2395.4397   11.0717
   -7.5000  -30.0000   45.0000 2493.8403   10.2205
    0.0000  -30.0000   45.0000 2536.0618   10.0740
    7.5000  -30.0000   45.0000 2513.5845   10.2260
   -7.5000  -22.5000   45.0000 2594.2683    9.6091
    0.0000  -22.5000   45.0000 2640.5930    9.4360
    7.5000  -22.5000   45.0000 2617.9805    9.5799
   -7.5000  -15.0000   45.0000 2669.0007    9.1696
    0.0000  -15.0000   45.0000 2715.3401    8.9743
    7.5000  -15.0000   45.0000 2693.9224    9.1065
   -7.5000   -7.5000   45.0000 2712.5625    8.9452
    0.0000   -7.5000   45.0000 2757.3547    8.7565
    7.5000   -7.5000   45.0000 2735.3997    8.8939
   -7.5000    0.0000   45.0000 2706.3018    8.9479
    0.0000    0.0000   45.0000 2751.2698    8.7938
    7.5000    0.0000   45.0000 2732.8010    8.9120
   -7.5000    7.5000   45.0000 2664.8921    9.1385
    0.0000    7.5000   45.0000 2703.9043    9.0128
    7.5000    7.5000   45.0000 2688.9038    9.1174
   -7.5000   15.0000   45.0000 2596.5566    9.5011
    0.0000   15.0000   45.0000 2625.6013    9.3712
    7.5000   15.0000   45.0000 2618.3796    9.4576
   -7.5000   22.5000   45.0000 2497.5405   10.0747
    0.0000   22.5000   45.0000 2529.3093    9.9556
    7.5000   22.5000   45.0000 2526.8193   10.0136
   -7.5000   30.0000   45.0000 2384.7566   10.8499
    0.0000   30.0000   45.0000 2419.9229   10.7296
    7.5000   30.0000   45.0000 2412.7893   10.7677
   -7.5000   37.5000   45.0000 2225.5530   11.7854
    0.0000   37.5000   45.0000 2258.3726   11.6352
    7.5000   37.5000   45.0000 2252.0186   11.6607
   -7.5000  -52.5000   52.5000 2020.6447   14.0630
    0.0000  -52.5000   52.5000 2051.5679   13.8778
    7.5000  -52.5000   52.5000 2029.3741   14.1174
   -7.5000  -45.0000   52.5000 2179.3572   12.6480
    0.0000  -45.0000   52.5000 2214.8477   12.4741
    7.5000  -45.0000   52.5000 2188.3713   12.6911
   -7.5000  -37.5000   52.5000 2298.4048   11.5442
    0.0000  -37.5000   52.5000 2337.1980   11.3643
    7.5000  -37.5000   52.5000 2312.7180   11.5391
   -7.5000  -30.0000   52.5000 2401.7107   10.6535
    0.0000  -30.0000   52.5000 2441.5359   10.4933
    7.5000  -30.0000   52.5000 2423.0486   10.6456
   -7.5000  -22.5000   52.5000 2491.5388   10.0252
    0.0000  -22.5000   52.5000 2536.9280    9.8470
    7.5000  -22.5000   52.5000 2515.1682    9.9740
   -7.5000  -15.0000   52.5000 2555.6191    9.5878
    0.0000  -15.0000   52.5000 2600.7026    9.4070
    7.5000  -15.0000   52.5000 2577.6421    9.5346
   -7.5000   -7.5000   52.5000 2587.8923    9.3539
    0.0000   -7.5000   52.5000 2625.6497    9.1913
    7.5000   -7.5000   52.5000 2606.2029    9.3218
   -7.5000    0.0000   52.5000 2579.1733    9.3841
    0.0000    0.0000   52.5000 2615.8599    9.2304
    7.5000    0.0000   52.5000 2599.2407    9.3442
   -7.5000    7.5000   52.5000 2538.9680    9.5612
    0.0000    7.5000   52.5000 2575.0513    9.4370
    7.5000    7.5000   52.5000 2560.1782    9.5480
   -7.5000   15.0000   52.5000 2473.9038    9.9173
    0.0000   15.0000   52.5000 2504.1323    9.7976
    7.5000   15.0000   52.5000 2492.7886    9.8912
   -7.5000   22.5000   52.5000 2391.1265   10.4807
    0.0000   22.5000   52.5000 2421.5828   10.3505
    7.5000   22.5000   52.5000 2412.0906   10.4122
   -7.5000   30.0000   52.5000 2283.2092   11.2304
    0.0000   30.0000   52.5000 2312.7285   11.0769
    7.5000   30.0000   52.5000 2306.7664   11.1280
   -7.5000   37.5000   52.5000 2125.4263   12.1490
    0.0000   37.5000   52.5000 2159.0789   12.0001
    7.5000   37.5000   52.5000 2150.6968   12.0414
   -7.5000  -52.5000   60.0000 1970.3046   15.0563
    0.0000  -52.5000   60.0000 2002.6230   14.8397
    7.5000  -52.5000   60.0000 1977.7549   15.0902
   -7.5000  -45.0000   60.0000 2123.6997   13.5878
    0.0000  -45.0000   60.0000 2159.3240   13.4020
    7.5000  -45.0000   60.0000 2135.6587   13.5592
   -7.5000  -37.5000   60.0000 2236.9548   12.3663
    0.0000  -37.5000   60.0000 2276.0188   12.1895
    7.5000  -37.5000   60.0000 2256.0615   12.3659
   -7.5000  -30.0000   60.0000 2334.3828   11.4359
    0.0000  -30.0000   60.0000 2373.4324   11.2508
    7.5000  -30.0000   60.0000 2356.0007   11.4099
   -7.5000  -22.5000   60.0000 2408.0874   10.7526
    0.0000  -22.5000   60.0000 2452.5439   10.5670
    7.5000  -22.5000   60.0000 2435.2864   10.6921
   -7.5000  -15.0000   60.0000 2464.1018   10.2903
    0.0000  -15.0000   60.0000 2504.2283   10.1324
    7.5000  -15.0000   60.0000 2486.5071   10.2563
   -7.5000   -7.5000   60.0000 2490.8442   10.0834
    0.0000   -7.5000   60.0000 2524.6912    9.9437
    7.5000   -7.5000   60.0000 2513.5889   10.0559
   -7.5000    0.0000   60.0000 2484.0745   10.1049
    0.0000    0.0000   60.0000 2516.3794    9.9728
    7.5000    0.0000   60.0000 2501.3357   10.0872
   -7.5000    7.5000   60.0000 2451.6548   10.2890
    0.0000    7.5000   60.0000 2484.1270   10.1617
    7.5000    7.5000   60.0000 2466.7952   10.2842
   -7.5000   15.0000   60.0000 2389.3364   10.6714
    0.0000   15.0000   60.0000 2427.3225   10.5280
    7.5000   15.0000   60.0000 2407.0686   10.6219
   -7.5000   22.5000   60.0000 2306.4302   11.2065
    0.0000   22.5000   60.0000 2341.7676   11.0433
    7.5000   22.5000   60.0000 2327.0466   11.0958
   -7.5000   30.0000   60.0000 2206.6626   11.9321
    0.0000   30.0000   60.0000 2236.2085   11.7587
    7.5000   30.0000   60.0000 2228.1816   11.7803
   -7.5000   37.5000   60.0000 2056.6355   12.8558
    0.0000   37.5000   60.0000 2082.2275   12.7018
    7.5000   37.5000   60.0000 2076.8247   12.7238

---------------------------------------------------------------------
imgreg_4dfp /opt/freesurfer/average/711-2C_as_mni_average_305 /opt/freesurfer/average/711-2B_as_mni_average_305_mask talsrcimg_g11 none talsrcimg_to_711-2C_as_mni_average_305_t4 1283
---------------------------------------------------------------------

freesurfer imgreg_4dfp.c
/opt/freesurfer/average/711-2C_as_mni_average_305.4dfp.img
       256       256       256         1
  1.000000  1.000000  1.000000
orientation T byte_order littleendian
Reading image: /opt/freesurfer/average/711-2C_as_mni_average_305.4dfp.img
dimensions:      256       256       256
mmppix:       1.0000   -1.0000   -1.0000
center:     128.0000 -129.0000 -129.0000
/opt/freesurfer/average/711-2B_as_mni_average_305_mask.4dfp.img
       256       256       256         1
  1.000000  1.000000  1.000000
orientation T byte_order littleendian
Reading mask: /opt/freesurfer/average/711-2B_as_mni_average_305_mask.4dfp.img (2306576 pixels)
talsrcimg_g11.4dfp.img
       256       256       256         1
  0.898438  0.898438  0.898438
orientation T byte_order littleendian
Reading image: talsrcimg_g11.4dfp.img
dimensions:      256       256       256
mmppix:       0.8984   -0.8984   -0.8984
center:     115.0001 -115.8985 -115.8985
rotation matrix determinant  1.000000
fimgreg.f
image alignment mode   1283 decimal      503 hex
parameters
    0.0000    0.0000   15.0000    0.0000    0.0000    0.0000
eta,q 0.94294  7.96948
niter,ni,del,rscale     5    3   12.0000    1.2000
parameter  2  0.620229 ->  0.500000 qaram    1.1500
parameter  6  1.132139 ->  0.500000 qaram    1.1500
parameters
   -0.0698   -3.4500   16.5097    0.4195   -1.1604   -3.4500
eta,q 0.95053  7.92017
  0.0726  0.0569  0.0658  0.0602  0.0575  0.0490
  0.0636  0.0541  0.0612  0.0583  0.0553  0.0494
  0.0592  0.0549  0.0568  0.0553  0.0533  0.0501
  0.0586  0.0586  0.0539  0.0530  0.0529  0.0528
  0.0610  0.0625  0.0529  0.0536  0.0550  0.0571
  0.0655  0.0678  0.0546  0.0562  0.0585  0.0609
  0.0718  0.0746  0.0585  0.0593  0.0640  0.0642
niter,ni,del,rscale     6    3   12.0000    1.2000
parameters
    0.1253   -2.7479   17.1070    0.2826   -0.9582   -5.2215
eta,q 0.95088  7.89470
  0.0669  0.0698  0.0597  0.0582  0.0579  0.0530
  0.0580  0.0611  0.0553  0.0537  0.0544  0.0500
  0.0519  0.0526  0.0516  0.0492  0.0516  0.0491
  0.0495  0.0494  0.0496  0.0496  0.0494  0.0493
  0.0507  0.0515  0.0502  0.0518  0.0498  0.0510
  0.0561  0.0563  0.0528  0.0545  0.0529  0.0556
  0.0652  0.0629  0.0567  0.0580  0.0578  0.0605
niter,ni,del,rscale     5    3   12.0000    1.2000
parameters
   -0.0083   -2.5075   17.3021   -0.0128   -0.4976   -5.4166
eta,q 0.95124  7.89142
  0.0649  0.0675  0.0589  0.0572  0.0590  0.0557
  0.0563  0.0578  0.0539  0.0521  0.0546  0.0521
  0.0509  0.0504  0.0504  0.0483  0.0512  0.0494
  0.0491  0.0491  0.0493  0.0493  0.0490  0.0488
  0.0507  0.0517  0.0503  0.0513  0.0492  0.0493
  0.0571  0.0570  0.0534  0.0536  0.0521  0.0519
  0.0668  0.0640  0.0574  0.0577  0.0571  0.0573
niter,ni,del,rscale     4    3   12.0000    1.2000
parameters
   -0.1332   -2.3914   17.3071   -0.1262   -0.3645   -5.4586
eta,q 0.95130  7.89043
  0.0653  0.0666  0.0581  0.0574  0.0583  0.0560
  0.0563  0.0571  0.0531  0.0524  0.0540  0.0524
  0.0505  0.0501  0.0498  0.0482  0.0506  0.0495
  0.0488  0.0488  0.0489  0.0489  0.0487  0.0487
  0.0505  0.0517  0.0502  0.0510  0.0495  0.0491
  0.0572  0.0572  0.0536  0.0532  0.0528  0.0516
  0.0669  0.0643  0.0577  0.0570  0.0582  0.0570
niter,ni,del,rscale     3    3   12.0000    1.2000
parameters
   -0.1742   -2.3509   17.2924   -0.1643   -0.3276   -5.4701
eta,q 0.95131  7.88993
  0.0659  0.0661  0.0580  0.0575  0.0581  0.0561
  0.0567  0.0568  0.0530  0.0526  0.0538  0.0524
  0.0506  0.0500  0.0497  0.0483  0.0505  0.0495
  0.0487  0.0487  0.0487  0.0487  0.0487  0.0487
  0.0504  0.0518  0.0501  0.0509  0.0496  0.0491
  0.0568  0.0574  0.0536  0.0530  0.0530  0.0515
  0.0666  0.0646  0.0577  0.0567  0.0585  0.0569
registration optimization eta report
parameter search radius
    6.0000    6.9000    6.0000    6.0000    6.0000    6.9000
100000*second partial in parameter space
       49.       35.       25.       23.       26.       17.
  0.0659  0.0661  0.0580  0.0575  0.0581  0.0561
  0.0567  0.0568  0.0530  0.0526  0.0538  0.0524
  0.0506  0.0500  0.0497  0.0483  0.0505  0.0495
  0.0487  0.0487  0.0487  0.0487  0.0487  0.0487
  0.0504  0.0518  0.0501  0.0509  0.0496  0.0491
  0.0568  0.0574  0.0536  0.0530  0.0530  0.0515
  0.0666  0.0646  0.0577  0.0567  0.0585  0.0569
   -0.1742   -2.3509   17.2924   -0.1643   -0.3276   -5.4701
eta,q 0.95131  7.88993

---------------------------------------------------------------------
imgreg_4dfp /opt/freesurfer/average/711-2C_as_mni_average_305 /opt/freesurfer/average/711-2B_as_mni_average_305_mask talsrcimg_g11 none talsrcimg_to_711-2C_as_mni_average_305_t4 3335
---------------------------------------------------------------------

freesurfer imgreg_4dfp.c
/opt/freesurfer/average/711-2C_as_mni_average_305.4dfp.img
       256       256       256         1
  1.000000  1.000000  1.000000
orientation T byte_order littleendian
Reading image: /opt/freesurfer/average/711-2C_as_mni_average_305.4dfp.img
dimensions:      256       256       256
mmppix:       1.0000   -1.0000   -1.0000
center:     128.0000 -129.0000 -129.0000
/opt/freesurfer/average/711-2B_as_mni_average_305_mask.4dfp.img
       256       256       256         1
  1.000000  1.000000  1.000000
orientation T byte_order littleendian
Reading mask: /opt/freesurfer/average/711-2B_as_mni_average_305_mask.4dfp.img (2306576 pixels)
talsrcimg_g11.4dfp.img
       256       256       256         1
  0.898438  0.898438  0.898438
orientation T byte_order littleendian
Reading image: talsrcimg_g11.4dfp.img
dimensions:      256       256       256
mmppix:       0.8984   -0.8984   -0.8984
center:     115.0001 -115.8985 -115.8985
fimgreg.f
image alignment mode   3335 decimal      D07 hex
parameters
   -0.1742   -2.3509   17.2924   -0.4570   -0.4556   -0.0020
    9.5309    0.5965   -9.5324    0.2310   -0.5718   -0.2868
eta,q 0.94999  7.99131
niter,ni,del,rscale     5    3    5.0000    1.2000
parameter  4  1.524690 ->  0.500000 qaram    1.1500
parameter  5  3.292002 ->  0.500000 qaram    1.1500
parameter  6  1.352336 ->  0.500000 qaram    1.1500
parameter 12  0.580868 ->  0.500000 qaram    1.1500
parameters
   -0.1452   -2.0017   17.3828   -4.5970   -4.5956   -4.1420
    8.2545    1.2783   -7.0385   -0.5416   -2.9546   -4.4268
eta,q 0.96272  7.61015
  0.0531  0.0519  0.0515  0.0452  0.0377  0.0374  0.0403  0.0439  0.0422  0.0414  0.0383  0.0376
  0.0514  0.0509  0.0507  0.0460  0.0400  0.0381  0.0390  0.0412  0.0404  0.0392  0.0379  0.0373
  0.0504  0.0503  0.0502  0.0475  0.0430  0.0394  0.0384  0.0392  0.0391  0.0381  0.0378  0.0374
  0.0500  0.0500  0.0500  0.0500  0.0463  0.0407  0.0384  0.0383  0.0383  0.0380  0.0379  0.0378
  0.0503  0.0500  0.0501  0.0529  0.0494  0.0425  0.0391  0.0386  0.0380  0.0390  0.0383  0.0385
  0.0513  0.0503  0.0505  0.0561  0.0532  0.0448  0.0404  0.0399  0.0382  0.0407  0.0390  0.0394
  0.0529  0.0510  0.0514  0.0596  0.0576  0.0478  0.0422  0.0422  0.0390  0.0427  0.0398  0.0406
niter,ni,del,rscale     7    3    5.0000    1.2000
parameter  4  0.595937 ->  0.500000 qaram    1.3225
parameter  5  1.450538 ->  0.500000 qaram    1.3225
parameters
    0.0437   -2.2241   16.8724   -9.3580   -9.3566   -7.4411
    8.5332    1.3155   -6.6627   -0.1604   -3.0707   -3.9179
eta,q 0.96845  7.18635
  0.0420  0.0396  0.0383  0.0364  0.0309  0.0329  0.0344  0.0365  0.0341  0.0358  0.0328  0.0339
  0.0395  0.0382  0.0376  0.0361  0.0319  0.0319  0.0329  0.0338  0.0328  0.0335  0.0321  0.0327
  0.0379  0.0374  0.0372  0.0363  0.0336  0.0316  0.0320  0.0321  0.0319  0.0321  0.0317  0.0319
  0.0373  0.0373  0.0372  0.0372  0.0361  0.0323  0.0316  0.0316  0.0316  0.0316  0.0316  0.0316
  0.0376  0.0377  0.0377  0.0392  0.0397  0.0335  0.0318  0.0322  0.0318  0.0318  0.0317  0.0317
  0.0387  0.0389  0.0386  0.0423  0.0433  0.0355  0.0326  0.0338  0.0325  0.0329  0.0322  0.0324
  0.0407  0.0407  0.0400  0.0459  0.0473  0.0381  0.0341  0.0363  0.0336  0.0350  0.0329  0.0334
niter,ni,del,rscale     7    3    5.0000    1.2000
parameter  5  0.567656 ->  0.500000 qaram    1.5209
parameters
    0.2146   -2.4223   16.7130   -9.9105  -14.8317   -7.5379
    8.2572    1.5905   -6.5167    0.6094   -2.9637   -3.7974
eta,q 0.96998  6.95644
  0.0356  0.0340  0.0333  0.0346  0.0309  0.0331  0.0326  0.0350  0.0323  0.0339  0.0313  0.0320
  0.0335  0.0325  0.0322  0.0328  0.0301  0.0315  0.0312  0.0324  0.0311  0.0318  0.0306  0.0309
  0.0321  0.0317  0.0316  0.0319  0.0303  0.0304  0.0303  0.0306  0.0303  0.0306  0.0302  0.0303
  0.0315  0.0315  0.0315  0.0315  0.0315  0.0301  0.0301  0.0301  0.0301  0.0301  0.0300  0.0300
  0.0317  0.0320  0.0318  0.0317  0.0337  0.0305  0.0305  0.0305  0.0303  0.0302  0.0301  0.0302
  0.0328  0.0332  0.0326  0.0330  0.0372  0.0316  0.0315  0.0319  0.0310  0.0310  0.0305  0.0309
  0.0346  0.0349  0.0338  0.0358  0.0412  0.0332  0.0330  0.0342  0.0322  0.0325  0.0313  0.0319
niter,ni,del,rscale     7    3    5.0000    1.2000
parameters
    0.1899   -2.2761   17.0966   -9.9521  -15.5744   -7.1489
    8.1415    1.5823   -6.4766    0.8269   -2.9644   -3.7923
eta,q 0.97003  6.93865
  0.0334  0.0334  0.0325  0.0332  0.0346  0.0333  0.0327  0.0345  0.0322  0.0332  0.0313  0.0319
  0.0315  0.0315  0.0313  0.0313  0.0323  0.0316  0.0312  0.0320  0.0310  0.0314  0.0305  0.0309
  0.0304  0.0304  0.0304  0.0303  0.0306  0.0305  0.0303  0.0304  0.0302  0.0303  0.0301  0.0302
  0.0300  0.0300  0.0300  0.0300  0.0300  0.0300  0.0300  0.0300  0.0300  0.0300  0.0300  0.0300
  0.0304  0.0303  0.0300  0.0302  0.0308  0.0303  0.0303  0.0305  0.0302  0.0302  0.0301  0.0302
  0.0316  0.0312  0.0305  0.0311  0.0328  0.0313  0.0313  0.0321  0.0309  0.0312  0.0305  0.0309
  0.0336  0.0325  0.0313  0.0335  0.0364  0.0327  0.0328  0.0344  0.0321  0.0328  0.0313  0.0319
niter,ni,del,rscale     6    3    5.0000    1.2000
parameters
    0.1927   -2.2146   17.2052   -9.9808  -15.7335   -7.0349
    8.1073    1.5891   -6.4670    0.9071   -2.9620   -3.8229
eta,q 0.97002  6.93512
  0.0334  0.0330  0.0320  0.0332  0.0349  0.0331  0.0327  0.0345  0.0321  0.0331  0.0313  0.0319
  0.0315  0.0313  0.0309  0.0313  0.0326  0.0315  0.0313  0.0320  0.0310  0.0313  0.0306  0.0308
  0.0304  0.0303  0.0302  0.0303  0.0308  0.0304  0.0303  0.0304  0.0302  0.0303  0.0301  0.0302
  0.0300  0.0300  0.0300  0.0300  0.0300  0.0300  0.0300  0.0300  0.0300  0.0300  0.0300  0.0300
  0.0303  0.0303  0.0301  0.0301  0.0305  0.0304  0.0303  0.0305  0.0302  0.0303  0.0301  0.0303
  0.0315  0.0312  0.0307  0.0311  0.0324  0.0314  0.0313  0.0321  0.0310  0.0313  0.0306  0.0309
  0.0334  0.0326  0.0317  0.0335  0.0357  0.0330  0.0328  0.0344  0.0321  0.0329  0.0313  0.0319
niter,ni,del,rscale     5    3    5.0000    1.2000
parameters
    0.1964   -2.1968   17.2299   -9.9894  -15.7771   -6.9989
    8.0931    1.5939   -6.4655    0.9362   -2.9618   -3.8339
eta,q 0.97002  6.93426
  0.0334  0.0329  0.0319  0.0332  0.0350  0.0330  0.0328  0.0345  0.0321  0.0330  0.0313  0.0319
  0.0315  0.0312  0.0309  0.0313  0.0327  0.0315  0.0313  0.0320  0.0310  0.0312  0.0306  0.0309
  0.0304  0.0302  0.0302  0.0303  0.0308  0.0304  0.0303  0.0304  0.0302  0.0303  0.0301  0.0302
  0.0300  0.0300  0.0300  0.0300  0.0300  0.0300  0.0300  0.0300  0.0300  0.0300  0.0300  0.0300
  0.0303  0.0304  0.0302  0.0302  0.0305  0.0304  0.0303  0.0305  0.0303  0.0303  0.0301  0.0303
  0.0315  0.0313  0.0308  0.0311  0.0323  0.0314  0.0313  0.0321  0.0310  0.0313  0.0306  0.0309
  0.0334  0.0327  0.0318  0.0334  0.0355  0.0330  0.0328  0.0344  0.0321  0.0329  0.0313  0.0319
niter,ni,del,rscale     4    3    5.0000    1.2000
parameters
    0.1981   -2.1887   17.2359   -9.9898  -15.7899   -6.9919
    8.0887    1.5970   -6.4674    0.9498   -2.9562   -3.8424
eta,q 0.97002  6.93402
  0.0334  0.0329  0.0319  0.0332  0.0350  0.0330  0.0328  0.0345  0.0321  0.0330  0.0313  0.0319
  0.0315  0.0312  0.0308  0.0313  0.0327  0.0315  0.0313  0.0320  0.0309  0.0312  0.0306  0.0309
  0.0304  0.0302  0.0302  0.0303  0.0309  0.0304  0.0303  0.0304  0.0302  0.0303  0.0301  0.0302
  0.0300  0.0300  0.0300  0.0300  0.0300  0.0300  0.0300  0.0300  0.0300  0.0300  0.0300  0.0300
  0.0304  0.0304  0.0302  0.0302  0.0305  0.0304  0.0303  0.0305  0.0303  0.0303  0.0301  0.0303
  0.0315  0.0313  0.0308  0.0311  0.0323  0.0314  0.0313  0.0321  0.0310  0.0313  0.0306  0.0309
  0.0334  0.0327  0.0319  0.0334  0.0355  0.0330  0.0328  0.0344  0.0321  0.0329  0.0313  0.0319
registration optimization eta report
parameter search radius
    2.4000    2.4000    2.4000    9.5220   10.9503    8.2800
    7.2000    7.2000    7.2000    7.2000    7.2000    8.2800
100000*second partial in parameter space
       60.       49.       33.        4.        4.        4.
        5.        9.        4.        6.        2.        3.
  0.0334  0.0329  0.0319  0.0332  0.0350  0.0330  0.0328  0.0345  0.0321  0.0330  0.0313  0.0319
  0.0315  0.0312  0.0308  0.0313  0.0327  0.0315  0.0313  0.0320  0.0309  0.0312  0.0306  0.0309
  0.0304  0.0302  0.0302  0.0303  0.0309  0.0304  0.0303  0.0304  0.0302  0.0303  0.0301  0.0302
  0.0300  0.0300  0.0300  0.0300  0.0300  0.0300  0.0300  0.0300  0.0300  0.0300  0.0300  0.0300
  0.0304  0.0304  0.0302  0.0302  0.0305  0.0304  0.0303  0.0305  0.0303  0.0303  0.0301  0.0303
  0.0315  0.0313  0.0308  0.0311  0.0323  0.0314  0.0313  0.0321  0.0310  0.0313  0.0306  0.0309
  0.0334  0.0327  0.0319  0.0334  0.0355  0.0330  0.0328  0.0344  0.0321  0.0329  0.0313  0.0319
    0.1981   -2.1887   17.2359   -9.9898  -15.7899   -6.9919
    8.0887    1.5970   -6.4674    0.9498   -2.9562   -3.8424
eta,q 0.97002  6.93402

---------------------------------------------------------------------
imgreg_4dfp /opt/freesurfer/average/711-2C_as_mni_average_305 /opt/freesurfer/average/711-2B_as_mni_average_305_mask talsrcimg_g11 none talsrcimg_to_711-2C_as_mni_average_305_t4 2311
---------------------------------------------------------------------

freesurfer imgreg_4dfp.c
/opt/freesurfer/average/711-2C_as_mni_average_305.4dfp.img
       256       256       256         1
  1.000000  1.000000  1.000000
orientation T byte_order littleendian
Reading image: /opt/freesurfer/average/711-2C_as_mni_average_305.4dfp.img
dimensions:      256       256       256
mmppix:       1.0000   -1.0000   -1.0000
center:     128.0000 -129.0000 -129.0000
/opt/freesurfer/average/711-2B_as_mni_average_305_mask.4dfp.img
       256       256       256         1
  1.000000  1.000000  1.000000
orientation T byte_order littleendian
Reading mask: /opt/freesurfer/average/711-2B_as_mni_average_305_mask.4dfp.img (2306576 pixels)
talsrcimg_g11.4dfp.img
       256       256       256         1
  0.898438  0.898438  0.898438
orientation T byte_order littleendian
Reading image: talsrcimg_g11.4dfp.img
dimensions:      256       256       256
mmppix:       0.8984   -0.8984   -0.8984
center:     115.0001 -115.8985 -115.8985
fimgreg.f
image alignment mode   2311 decimal      907 hex
parameters
    0.1981   -2.1887   17.2359   -9.9898  -15.7899   -6.9919
    8.0887    1.5970   -6.4674    0.9498   -2.9562   -3.8424
eta,q 0.97002  6.93402
niter,ni,del,rscale     5    3    5.0000    0.8000
parameters
    0.2041   -2.2398   17.2397   -9.5495  -15.2439   -6.9282
    8.1172    1.5249   -6.5101    0.7774   -2.9918   -3.9923
eta,q 0.97006  6.97712
  0.0315  0.0312  0.0308  0.0307  0.0314  0.0311  0.0313  0.0320  0.0309  0.0312  0.0305  0.0306
  0.0307  0.0305  0.0304  0.0303  0.0307  0.0305  0.0305  0.0308  0.0304  0.0305  0.0302  0.0302
  0.0302  0.0301  0.0301  0.0301  0.0302  0.0301  0.0301  0.0301  0.0300  0.0301  0.0300  0.0300
  0.0300  0.0300  0.0300  0.0300  0.0300  0.0299  0.0299  0.0299  0.0299  0.0299  0.0299  0.0299
  0.0301  0.0302  0.0301  0.0300  0.0300  0.0301  0.0301  0.0302  0.0301  0.0301  0.0300  0.0300
  0.0307  0.0306  0.0304  0.0301  0.0303  0.0305  0.0305  0.0309  0.0304  0.0306  0.0302  0.0303
  0.0315  0.0313  0.0308  0.0305  0.0309  0.0311  0.0312  0.0321  0.0309  0.0314  0.0305  0.0307
niter,ni,del,rscale     4    3    5.0000    0.7000
parameters
    0.2070   -2.3461   17.2174   -9.4065  -15.0949   -6.9269
    8.1580    1.5000   -6.5114    0.6634   -2.9987   -3.9205
eta,q 0.97008  6.98920
  0.0311  0.0308  0.0306  0.0304  0.0309  0.0308  0.0309  0.0315  0.0307  0.0309  0.0304  0.0305
  0.0305  0.0303  0.0302  0.0302  0.0304  0.0304  0.0304  0.0306  0.0303  0.0303  0.0301  0.0302
  0.0301  0.0300  0.0300  0.0300  0.0301  0.0301  0.0300  0.0300  0.0300  0.0300  0.0300  0.0300
  0.0299  0.0299  0.0299  0.0299  0.0299  0.0299  0.0299  0.0299  0.0299  0.0299  0.0299  0.0299
  0.0301  0.0301  0.0300  0.0299  0.0300  0.0300  0.0300  0.0301  0.0300  0.0300  0.0300  0.0300
  0.0305  0.0305  0.0302  0.0301  0.0303  0.0304  0.0304  0.0306  0.0303  0.0304  0.0301  0.0302
  0.0311  0.0311  0.0306  0.0304  0.0308  0.0308  0.0309  0.0315  0.0307  0.0310  0.0304  0.0305
niter,ni,del,rscale     3    3    5.0000    0.6000
parameters
    0.2006   -2.3941   17.2148   -9.3057  -15.0380   -6.9472
    8.1830    1.4717   -6.5219    0.6086   -2.9853   -3.8682
eta,q 0.97009  6.99502
  0.0308  0.0306  0.0304  0.0303  0.0306  0.0306  0.0307  0.0311  0.0305  0.0306  0.0302  0.0303
  0.0303  0.0302  0.0301  0.0301  0.0303  0.0302  0.0303  0.0304  0.0302  0.0302  0.0301  0.0301
  0.0300  0.0300  0.0300  0.0300  0.0300  0.0300  0.0300  0.0300  0.0300  0.0300  0.0300  0.0300
  0.0299  0.0299  0.0299  0.0299  0.0299  0.0299  0.0299  0.0299  0.0299  0.0299  0.0299  0.0299
  0.0300  0.0300  0.0300  0.0299  0.0300  0.0300  0.0300  0.0301  0.0300  0.0300  0.0299  0.0300
  0.0303  0.0303  0.0301  0.0300  0.0302  0.0302  0.0302  0.0304  0.0302  0.0302  0.0301  0.0301
  0.0308  0.0307  0.0304  0.0303  0.0306  0.0306  0.0307  0.0311  0.0305  0.0307  0.0302  0.0303
niter,ni,del,rscale     2    3    5.0000    0.5000
parameters
    0.1992   -2.4232   17.2126   -9.2076  -14.9906   -6.9285
    8.1995    1.4424   -6.5354    0.5906   -2.9661   -3.8694
eta,q 0.97010  7.00183
  0.0305  0.0304  0.0303  0.0302  0.0304  0.0304  0.0304  0.0307  0.0303  0.0304  0.0301  0.0302
  0.0302  0.0301  0.0301  0.0300  0.0302  0.0302  0.0301  0.0302  0.0301  0.0301  0.0300  0.0300
  0.0300  0.0300  0.0299  0.0300  0.0300  0.0300  0.0300  0.0300  0.0299  0.0300  0.0299  0.0299
  0.0299  0.0299  0.0299  0.0299  0.0299  0.0299  0.0299  0.0299  0.0299  0.0299  0.0299  0.0299
  0.0300  0.0300  0.0300  0.0299  0.0300  0.0299  0.0300  0.0300  0.0300  0.0300  0.0299  0.0299
  0.0302  0.0302  0.0301  0.0300  0.0301  0.0301  0.0301  0.0303  0.0301  0.0301  0.0300  0.0300
  0.0305  0.0305  0.0303  0.0302  0.0304  0.0304  0.0304  0.0307  0.0303  0.0304  0.0301  0.0302
niter,ni,del,rscale     1    3    5.0000    0.4000
parameters
    0.1979   -2.4443   17.2082   -9.1127  -14.9557   -6.8774
    8.1991    1.4090   -6.5527    0.6047   -2.9690   -3.8803
eta,q 0.97010  7.00920
  0.0303  0.0302  0.0301  0.0301  0.0302  0.0302  0.0302  0.0304  0.0302  0.0302  0.0300  0.0301
  0.0301  0.0300  0.0300  0.0300  0.0301  0.0301  0.0301  0.0301  0.0300  0.0301  0.0300  0.0300
  0.0300  0.0299  0.0299  0.0299  0.0300  0.0300  0.0299  0.0299  0.0299  0.0299  0.0299  0.0299
  0.0299  0.0299  0.0299  0.0299  0.0299  0.0299  0.0299  0.0299  0.0299  0.0299  0.0299  0.0299
  0.0299  0.0300  0.0299  0.0299  0.0299  0.0299  0.0299  0.0300  0.0299  0.0299  0.0299  0.0299
  0.0301  0.0301  0.0300  0.0300  0.0300  0.0300  0.0300  0.0301  0.0300  0.0300  0.0300  0.0300
  0.0303  0.0303  0.0301  0.0301  0.0302  0.0302  0.0302  0.0304  0.0302  0.0302  0.0301  0.0301
registration optimization eta report
parameter search radius
    0.8000    0.8000    0.8000    2.4000    2.4000    2.4000
    2.4000    2.4000    2.4000    2.4000    2.4000    2.4000
100000*second partial in parameter space
       63.       54.       34.        3.        6.        6.
        6.        9.        5.        6.        3.        3.
  0.0303  0.0302  0.0301  0.0301  0.0302  0.0302  0.0302  0.0304  0.0302  0.0302  0.0300  0.0301
  0.0301  0.0300  0.0300  0.0300  0.0301  0.0301  0.0301  0.0301  0.0300  0.0301  0.0300  0.0300
  0.0300  0.0299  0.0299  0.0299  0.0300  0.0300  0.0299  0.0299  0.0299  0.0299  0.0299  0.0299
  0.0299  0.0299  0.0299  0.0299  0.0299  0.0299  0.0299  0.0299  0.0299  0.0299  0.0299  0.0299
  0.0299  0.0300  0.0299  0.0299  0.0299  0.0299  0.0299  0.0300  0.0299  0.0299  0.0299  0.0299
  0.0301  0.0301  0.0300  0.0300  0.0300  0.0300  0.0300  0.0301  0.0300  0.0300  0.0300  0.0300
  0.0303  0.0303  0.0301  0.0301  0.0302  0.0302  0.0302  0.0304  0.0302  0.0302  0.0301  0.0301
    0.1979   -2.4443   17.2082   -9.1127  -14.9557   -6.8774
    8.1991    1.4090   -6.5527    0.6047   -2.9690   -3.8803
eta,q 0.97010  7.00920

---------------------------------------------------------------------
imgreg_4dfp /opt/freesurfer/average/711-2C_as_mni_average_305 /opt/freesurfer/average/711-2B_as_mni_average_305_mask talsrcimg_g11 none talsrcimg_to_711-2C_as_mni_average_305_t4 2311
---------------------------------------------------------------------

freesurfer imgreg_4dfp.c
/opt/freesurfer/average/711-2C_as_mni_average_305.4dfp.img
       256       256       256         1
  1.000000  1.000000  1.000000
orientation T byte_order littleendian
Reading image: /opt/freesurfer/average/711-2C_as_mni_average_305.4dfp.img
dimensions:      256       256       256
mmppix:       1.0000   -1.0000   -1.0000
center:     128.0000 -129.0000 -129.0000
/opt/freesurfer/average/711-2B_as_mni_average_305_mask.4dfp.img
       256       256       256         1
  1.000000  1.000000  1.000000
orientation T byte_order littleendian
Reading mask: /opt/freesurfer/average/711-2B_as_mni_average_305_mask.4dfp.img (2306576 pixels)
talsrcimg_g11.4dfp.img
       256       256       256         1
  0.898438  0.898438  0.898438
orientation T byte_order littleendian
Reading image: talsrcimg_g11.4dfp.img
dimensions:      256       256       256
mmppix:       0.8984   -0.8984   -0.8984
center:     115.0001 -115.8985 -115.8985
fimgreg.f
image alignment mode   2311 decimal      907 hex
parameters
    0.1979   -2.4443   17.2082   -9.1127  -14.9557   -6.8774
    8.1991    1.4090   -6.5527    0.6047   -2.9690   -3.8803
eta,q 0.97010  7.00920
niter,ni,del,rscale     5    3    5.0000    0.8000
parameters
    0.1864   -2.4056   17.2191   -9.4384  -15.0557   -6.9569
    8.1938    1.4936   -6.5142    0.5693   -3.0036   -3.8188
eta,q 0.97008  6.98822
  0.0315  0.0314  0.0308  0.0305  0.0311  0.0310  0.0312  0.0321  0.0310  0.0313  0.0305  0.0307
  0.0306  0.0305  0.0303  0.0302  0.0305  0.0304  0.0305  0.0309  0.0304  0.0305  0.0302  0.0303
  0.0301  0.0301  0.0300  0.0300  0.0301  0.0301  0.0301  0.0301  0.0300  0.0301  0.0300  0.0300
  0.0299  0.0299  0.0299  0.0299  0.0299  0.0299  0.0299  0.0299  0.0299  0.0299  0.0299  0.0299
  0.0301  0.0301  0.0300  0.0300  0.0301  0.0301  0.0301  0.0301  0.0300  0.0300  0.0300  0.0300
  0.0306  0.0305  0.0303  0.0302  0.0305  0.0305  0.0305  0.0308  0.0304  0.0305  0.0302  0.0302
  0.0315  0.0312  0.0308  0.0307  0.0312  0.0311  0.0312  0.0319  0.0309  0.0313  0.0305  0.0306
niter,ni,del,rscale     4    3    5.0000    0.7000
parameters
    0.1925   -2.4024   17.2166   -9.3720  -15.0519   -6.9818
    8.1874    1.4803   -6.5165    0.5692   -2.9890   -3.8370
eta,q 0.97009  6.99027
  0.0311  0.0310  0.0306  0.0304  0.0309  0.0308  0.0309  0.0315  0.0307  0.0310  0.0304  0.0305
  0.0305  0.0304  0.0302  0.0302  0.0304  0.0303  0.0304  0.0306  0.0303  0.0304  0.0301  0.0302
  0.0301  0.0300  0.0300  0.0300  0.0300  0.0301  0.0300  0.0300  0.0300  0.0300  0.0300  0.0300
  0.0299  0.0299  0.0299  0.0299  0.0299  0.0299  0.0299  0.0299  0.0299  0.0299  0.0299  0.0299
  0.0300  0.0301  0.0300  0.0299  0.0300  0.0300  0.0300  0.0301  0.0300  0.0300  0.0300  0.0300
  0.0304  0.0304  0.0302  0.0301  0.0303  0.0304  0.0304  0.0306  0.0303  0.0303  0.0301  0.0302
  0.0311  0.0309  0.0306  0.0304  0.0309  0.0308  0.0309  0.0315  0.0307  0.0310  0.0304  0.0305
niter,ni,del,rscale     3    3    5.0000    0.6000
parameters
    0.1958   -2.4141   17.2124   -9.3026  -15.0247   -6.9750
    8.1851    1.4635   -6.5236    0.5767   -2.9892   -3.8388
eta,q 0.97009  6.99462
  0.0308  0.0307  0.0304  0.0303  0.0306  0.0306  0.0307  0.0311  0.0305  0.0307  0.0302  0.0303
  0.0303  0.0302  0.0301  0.0301  0.0303  0.0303  0.0303  0.0304  0.0302  0.0302  0.0301  0.0301
  0.0300  0.0300  0.0300  0.0300  0.0300  0.0300  0.0300  0.0300  0.0300  0.0300  0.0299  0.0300
  0.0299  0.0299  0.0299  0.0299  0.0299  0.0299  0.0299  0.0299  0.0299  0.0299  0.0299  0.0299
  0.0300  0.0300  0.0300  0.0299  0.0300  0.0300  0.0300  0.0301  0.0300  0.0300  0.0299  0.0300
  0.0303  0.0303  0.0301  0.0300  0.0302  0.0302  0.0302  0.0304  0.0302  0.0302  0.0301  0.0301
  0.0308  0.0307  0.0304  0.0303  0.0306  0.0306  0.0307  0.0311  0.0305  0.0307  0.0302  0.0303
niter,ni,del,rscale     2    3    5.0000    0.5000
parameters
    0.2001   -2.4280   17.2128   -9.2025  -14.9956   -6.9359
    8.1950    1.4425   -6.5384    0.5797   -2.9738   -3.8483
eta,q 0.97009  7.00156
  0.0305  0.0304  0.0303  0.0302  0.0304  0.0304  0.0304  0.0307  0.0303  0.0304  0.0301  0.0302
  0.0302  0.0301  0.0301  0.0300  0.0302  0.0302  0.0301  0.0302  0.0301  0.0301  0.0300  0.0300
  0.0300  0.0300  0.0299  0.0300  0.0300  0.0300  0.0300  0.0300  0.0299  0.0300  0.0299  0.0299
  0.0299  0.0299  0.0299  0.0299  0.0299  0.0299  0.0299  0.0299  0.0299  0.0299  0.0299  0.0299
  0.0300  0.0300  0.0300  0.0299  0.0300  0.0299  0.0300  0.0300  0.0300  0.0300  0.0299  0.0299
  0.0302  0.0302  0.0301  0.0300  0.0301  0.0301  0.0301  0.0303  0.0301  0.0301  0.0300  0.0300
  0.0305  0.0305  0.0303  0.0302  0.0304  0.0304  0.0304  0.0307  0.0303  0.0304  0.0301  0.0302
niter,ni,del,rscale     1    3    5.0000    0.4000
parameters
    0.1989   -2.4423   17.2147   -9.1194  -14.9583   -6.8779
    8.2092    1.4092   -6.5562    0.5996   -2.9468   -3.8675
eta,q 0.97010  7.00878
  0.0303  0.0302  0.0301  0.0301  0.0302  0.0302  0.0302  0.0304  0.0302  0.0302  0.0301  0.0301
  0.0301  0.0301  0.0300  0.0300  0.0301  0.0301  0.0301  0.0301  0.0300  0.0301  0.0300  0.0300
  0.0299  0.0299  0.0299  0.0299  0.0300  0.0300  0.0299  0.0299  0.0299  0.0299  0.0299  0.0299
  0.0299  0.0299  0.0299  0.0299  0.0299  0.0299  0.0299  0.0299  0.0299  0.0299  0.0299  0.0299
  0.0300  0.0300  0.0299  0.0299  0.0299  0.0299  0.0299  0.0300  0.0299  0.0299  0.0299  0.0299
  0.0301  0.0301  0.0300  0.0300  0.0300  0.0300  0.0301  0.0301  0.0300  0.0300  0.0300  0.0300
  0.0303  0.0303  0.0301  0.0301  0.0302  0.0302  0.0302  0.0304  0.0302  0.0302  0.0300  0.0301
registration optimization eta report
parameter search radius
    0.8000    0.8000    0.8000    2.4000    2.4000    2.4000
    2.4000    2.4000    2.4000    2.4000    2.4000    2.4000
100000*second partial in parameter space
       62.       54.       34.        3.        6.        6.
        6.        9.        5.        6.        3.        3.
  0.0303  0.0302  0.0301  0.0301  0.0302  0.0302  0.0302  0.0304  0.0302  0.0302  0.0301  0.0301
  0.0301  0.0301  0.0300  0.0300  0.0301  0.0301  0.0301  0.0301  0.0300  0.0301  0.0300  0.0300
  0.0299  0.0299  0.0299  0.0299  0.0300  0.0300  0.0299  0.0299  0.0299  0.0299  0.0299  0.0299
  0.0299  0.0299  0.0299  0.0299  0.0299  0.0299  0.0299  0.0299  0.0299  0.0299  0.0299  0.0299
  0.0300  0.0300  0.0299  0.0299  0.0299  0.0299  0.0299  0.0300  0.0299  0.0299  0.0299  0.0299
  0.0301  0.0301  0.0300  0.0300  0.0300  0.0300  0.0301  0.0301  0.0300  0.0300  0.0300  0.0300
  0.0303  0.0303  0.0301  0.0301  0.0302  0.0302  0.0302  0.0304  0.0302  0.0302  0.0300  0.0301
    0.1989   -2.4423   17.2147   -9.1194  -14.9583   -6.8779
    8.2092    1.4092   -6.5562    0.5996   -2.9468   -3.8675
eta,q 0.97010  7.00878

---------------------------------------------------------------------
compute_vox2vox talsrcimg talsrcimg_to_711-2C_as_mni_average_305_t4 /opt/freesurfer/average/711-2C_as_mni_average_305
---------------------------------------------------------------------

freesurfer compute_vox2vox.c
Reading: talsrcimg.4dfp.ifh
Reading: talsrcimg_to_711-2C_as_mni_average_305_t4
Reading: /opt/freesurfer/average/711-2C_as_mni_average_305.4dfp.ifh
Writing: talsrcimg_to_711-2C_as_mni_average_305_t4_vox2vox.txt

start time Thu Mar 12 16:35:47 CET 2026
end		time Thu Mar 12 16:37:15 CET 2026

mpr2mni305 success

avi2talxfm orig_nu.mgz /opt/freesurfer/average/mni305.cor.mgz talsrcimg_to_711-2C_as_mni_average_305_t4_vox2vox.txt transforms/talairach.auto.xfm
avi2talxfm done
mv -f /out/sourcedata/freesurfer/sub-v2s2x29057_ses-1/mri/talsrcimg_to_711-2C_as_mni_average_305_t4_vox2vox.txt /out/sourcedata/freesurfer/sub-v2s2x29057_ses-1/mri/transforms/talsrcimg_to_711-2C_as_mni_average_305_t4_vox2vox.txt
lta_convert --src orig_nu.mgz --trg /opt/freesurfer/average/mni305.cor.mgz --inxfm transforms/talairach.auto.xfm --outlta transforms/talairach.auto.xfm.lta --subject fsaverage
7.3.2

--src: orig_nu.mgz src image (geometry).
--trg: /opt/freesurfer/average/mni305.cor.mgz trg image (geometry).
--inmni: transforms/talairach.auto.xfm input MNI/XFM transform.
--outlta: transforms/talairach.auto.xfm.lta output LTA.
--s: fsaverage subject name
 LTA read, type : 1
 1.09217  -0.01584  -0.10615  -3.55696;
 0.03805   1.07299   0.04512   6.28294;
 0.08393  -0.00879   1.16739  -2.36455;
 0.00000   0.00000   0.00000   1.00000;
setting subject to fsaverage
Writing  LTA to file transforms/talairach.auto.xfm.lta...
lta_convert successful.
 
 
Started at Thu Mar 12 16:35:47 CET 2026
Ended   at Thu Mar 12 16:37:15 CET 2026
talairach_avi done
