/out/sourcedata/freesurfer/sub-v2s2x29094_ses-1/mri
/opt/freesurfer/bin/talairach_avi
--i orig_nu.mgz --xfm transforms/talairach.auto.xfm
talairach_avi 7.3.2
Linux dna061 5.14.0-427.37.1.el9_4.x86_64 #1 SMP PREEMPT_DYNAMIC Fri Sep 13 12:41:50 EDT 2024 x86_64 x86_64 x86_64 GNU/Linux
Thu Mar 12 23:05:13 CET 2026
mri_convert orig_nu.mgz talsrcimg.img 
reading from orig_nu.mgz...
TR=0.00, TE=0.00, TI=0.00, flip angle=0.00
i_ras = (-1, 0, 0)
j_ras = (0, 0, -1)
k_ras = (0, 1, 0)
writing to talsrcimg.img...
Analyze Output Matrix
-0.89844   0.00000   0.00000   121.48011;
 0.00000   0.00000   0.89844  -136.91360;
 0.00000  -0.89844   0.00000   126.93713;
 0.00000   0.00000   0.00000   1.00000;
--------------------
INFO: set hdr.hist.orient to -1
mpr2mni305 talsrcimg
Thu Mar 12 23:05:13 CET 2026
/opt/freesurfer/bin/mpr2mni305 talsrcimg
mpr2mni305 7.3.2
target=711-2C_as_mni_average_305

---------------------------------------------------------------------
analyzeto4dfp talsrcimg -O0 -y
---------------------------------------------------------------------

freesurfer ifh2hdr.c
Thu Mar 12 23:05:13 2026
Writing: talsrcimg.4dfp.hdr
freesurfer analyzeto4dfp.c
Reading: talsrcimg.hdr
header size 348 bytes
hdr.dime.datatype	offset=70	value=2
hdr.dime.bitpix		offset=72	value=8
hdr.hist.orient		offset=252	value=-1
dimensionality     4
dimensions       256       256       256         1
Reading: talsrcimg.img
Writing: talsrcimg.4dfp.img
Writing: talsrcimg.4dfp.ifh
ifh2hdr talsrcimg -r0to254
ori=2

---------------------------------------------------------------------
gauss_4dfp talsrcimg 1.1
---------------------------------------------------------------------

freesurfer gauss_4dfp.c
Reading: talsrcimg.4dfp.img
Writing: talsrcimg_g11.4dfp.img
image dimensions 256 256 256 padded to 288 288 288
processing volume 1freesurfer ifh2hdr.c
Thu Mar 12 23:05:15 2026
Writing: talsrcimg_g11.4dfp.hdr

Writing: talsrcimg_g11.4dfp.ifh
including: talsrcimg.4dfp.img.rec in talsrcimg_g11.4dfp.img.rec

---------------------------------------------------------------------
imgreg_4dfp /opt/freesurfer/average/711-2C_as_mni_average_305 none talsrcimg_g11 none talsrcimg_to_711-2C_as_mni_average_305_t4 4355
---------------------------------------------------------------------

freesurfer imgreg_4dfp.c
/opt/freesurfer/average/711-2C_as_mni_average_305.4dfp.img
       256       256       256         1
  1.000000  1.000000  1.000000
orientation T byte_order littleendian
Reading image: /opt/freesurfer/average/711-2C_as_mni_average_305.4dfp.img
dimensions:      256       256       256
mmppix:       1.0000   -1.0000   -1.0000
center:     128.0000 -129.0000 -129.0000
talsrcimg_g11.4dfp.img
       256       256       256         1
  0.898437  0.898437  0.898437
orientation T byte_order littleendian
Reading image: talsrcimg_g11.4dfp.img
dimensions:      256       256       256
mmppix:       0.8984   -0.8984   -0.8984
center:     114.9999 -115.8984 -115.8984
t4_read: open error in t4_sub.f l:  41 t4_file(1:l)talsrcimg_to_711-2C_as_mni_average_305_t4 
t4_read: transform initialized to I4
rotation matrix determinant  1.000000
image alignment mode   4355 decimal     1103 hex
   -7.5000  -45.0000  -45.0000 6160.5469   11.6328
    0.0000  -45.0000  -45.0000 6164.3447   11.6235
    7.5000  -45.0000  -45.0000 5807.8896   11.6665
   -7.5000  -37.5000  -45.0000 6571.9385   12.4141
    0.0000  -37.5000  -45.0000 6576.1040   12.4038
    7.5000  -37.5000  -45.0000 6199.0322   12.4471
   -7.5000  -30.0000  -45.0000 6953.5054   12.8620
    0.0000  -30.0000  -45.0000 6944.3252   12.8515
    7.5000  -30.0000  -45.0000 6555.2500   12.8930
   -7.5000  -22.5000  -45.0000 7428.9932   12.8570
    0.0000  -22.5000  -45.0000 7405.4409   12.8469
    7.5000  -22.5000  -45.0000 6971.5293   12.8878
   -7.5000  -15.0000  -45.0000 7892.3979   12.7982
    0.0000  -15.0000  -45.0000 7884.0820   12.7878
    7.5000  -15.0000  -45.0000 7416.5620   12.8306
   -7.5000   -7.5000  -45.0000 8019.9268   12.7461
    0.0000   -7.5000  -45.0000 8001.1479   12.7354
    7.5000   -7.5000  -45.0000 7544.5234   12.7809
   -7.5000    0.0000  -45.0000 8113.3706   12.7452
    0.0000    0.0000  -45.0000 8116.0396   12.7350
    7.5000    0.0000  -45.0000 7637.9507   12.7820
   -7.5000    7.5000  -45.0000 7770.5459   12.8054
    0.0000    7.5000  -45.0000 7763.7271   12.7949
    7.5000    7.5000  -45.0000 7293.9414   12.8395
   -7.5000   15.0000  -45.0000 7621.8926   12.8620
    0.0000   15.0000  -45.0000 7609.9834   12.8515
    7.5000   15.0000  -45.0000 7152.7974   12.8930
   -7.5000   22.5000  -45.0000 6946.0996   12.6840
    0.0000   22.5000  -45.0000 6954.1113   12.6741
    7.5000   22.5000  -45.0000 6530.1357   12.7145
   -7.5000   30.0000  -45.0000 6337.5068   12.2893
    0.0000   30.0000  -45.0000 6341.1714   12.2793
    7.5000   30.0000  -45.0000 5946.4224   12.3205
   -7.5000   37.5000  -45.0000 5755.6309   11.8461
    0.0000   37.5000  -45.0000 5753.0249   11.8363
    7.5000   37.5000  -45.0000 5410.9004   11.8786
   -7.5000   45.0000  -45.0000 5249.0972   11.8108
    0.0000   45.0000  -45.0000 5238.2583   11.8042
    7.5000   45.0000  -45.0000 4944.1191   11.8512
   -7.5000  -45.0000  -37.5000 6745.2090   12.1727
    0.0000  -45.0000  -37.5000 6735.0415   12.1661
    7.5000  -45.0000  -37.5000 6340.9927   12.2111
   -7.5000  -37.5000  -37.5000 7181.2407   12.9988
    0.0000  -37.5000  -37.5000 7160.2148   12.9912
    7.5000  -37.5000  -37.5000 6757.0815   13.0376
   -7.5000  -30.0000  -37.5000 7588.4668   13.4489
    0.0000  -30.0000  -37.5000 7572.7065   13.4437
    7.5000  -30.0000  -37.5000 7144.3345   13.4918
   -7.5000  -22.5000  -37.5000 8108.9146   13.4449
    0.0000  -22.5000  -37.5000 8090.3550   13.4436
    7.5000  -22.5000  -37.5000 7592.2197   13.4941
   -7.5000  -15.0000  -37.5000 8615.3223   13.3803
    0.0000  -15.0000  -37.5000 8596.2080   13.3793
    7.5000  -15.0000  -37.5000 8065.9111   13.4312
   -7.5000   -7.5000  -37.5000 8722.0352   13.3218
    0.0000   -7.5000  -37.5000 8698.2451   13.3177
    7.5000   -7.5000  -37.5000 8177.2241   13.3685
   -7.5000    0.0000  -37.5000 8814.1621   13.3198
    0.0000    0.0000  -37.5000 8807.5166   13.3125
    7.5000    0.0000  -37.5000 8270.1885   13.3617
   -7.5000    7.5000  -37.5000 8414.6123   13.3850
    0.0000    7.5000  -37.5000 8399.6318   13.3772
    7.5000    7.5000  -37.5000 7886.6357   13.4249
   -7.5000   15.0000  -37.5000 8244.9014   13.4483
    0.0000   15.0000  -37.5000 8230.5410   13.4431
    7.5000   15.0000  -37.5000 7739.2461   13.4912
   -7.5000   22.5000  -37.5000 7506.5454   13.2652
    0.0000   22.5000  -37.5000 7503.1963   13.2638
    7.5000   22.5000  -37.5000 7054.2397   13.3137
   -7.5000   30.0000  -37.5000 6820.0498   12.8574
    0.0000   30.0000  -37.5000 6818.4941   12.8564
    7.5000   30.0000  -37.5000 6411.2661   12.9063
   -7.5000   37.5000  -37.5000 6172.6655   12.3913
    0.0000   37.5000  -37.5000 6184.0103   12.3875
    7.5000   37.5000  -37.5000 5836.4268   12.4347
   -7.5000   45.0000  -37.5000 5632.7314   12.3432
    0.0000   45.0000  -37.5000 5619.5083   12.3387
    7.5000   45.0000  -37.5000 5317.8535   12.3876
   -7.5000  -45.0000  -30.0000 7319.0444   12.7097
    0.0000  -45.0000  -30.0000 7302.7891   12.7099
    7.5000  -45.0000  -30.0000 6880.8140   12.7556
   -7.5000  -37.5000  -30.0000 7770.8550   13.5774
    0.0000  -37.5000  -30.0000 7750.6328   13.5772
    7.5000  -37.5000  -30.0000 7309.2144   13.6267
   -7.5000  -30.0000  -30.0000 8221.0400   14.0233
    0.0000  -30.0000  -30.0000 8199.2031   14.0267
    7.5000  -30.0000  -30.0000 7720.3579   14.0797
   -7.5000  -22.5000  -30.0000 8779.8662   14.0147
    0.0000  -22.5000  -30.0000 8749.1221   14.0224
    7.5000  -22.5000  -30.0000 8222.3525   14.0774
   -7.5000  -15.0000  -30.0000 9323.0752   13.9471
    0.0000  -15.0000  -30.0000 9290.9883   13.9553
    7.5000  -15.0000  -30.0000 8737.6211   14.0094
   -7.5000   -7.5000  -30.0000 9424.1289   13.8904
    0.0000   -7.5000  -30.0000 9387.3477   13.8947
    7.5000   -7.5000  -30.0000 8830.4990   13.9460
   -7.5000    0.0000  -30.0000 9481.4766   13.8929
    0.0000    0.0000  -30.0000 9467.4678   13.8931
    7.5000    0.0000  -30.0000 8901.0752   13.9430
   -7.5000    7.5000  -30.0000 9030.7197   13.9596
    0.0000    7.5000  -30.0000 9023.6006   13.9595
    7.5000    7.5000  -30.0000 8480.0254   14.0104
   -7.5000   15.0000  -30.0000 8836.7412   14.0213
    0.0000   15.0000  -30.0000 8823.6191   14.0247
    7.5000   15.0000  -30.0000 8304.0938   14.0778
   -7.5000   22.5000  -30.0000 8044.9941   13.8280
    0.0000   22.5000  -30.0000 8036.5415   13.8355
    7.5000   22.5000  -30.0000 7568.9062   13.8898
   -7.5000   30.0000  -30.0000 7304.8643   13.4118
    0.0000   30.0000  -30.0000 7304.9053   13.4197
    7.5000   30.0000  -30.0000 6883.9985   13.4717
   -7.5000   37.5000  -30.0000 6596.8618   12.9397
    0.0000   37.5000  -30.0000 6603.4941   12.9436
    7.5000   37.5000  -30.0000 6223.8599   12.9915
   -7.5000   45.0000  -30.0000 6005.2739   12.8946
    0.0000   45.0000  -30.0000 5988.9766   12.8958
    7.5000   45.0000  -30.0000 5660.4609   12.9447
   -7.5000  -45.0000  -22.5000 7855.9985   13.1989
    0.0000  -45.0000  -22.5000 7845.0688   13.2028
    7.5000  -45.0000  -22.5000 7395.5161   13.2481
   -7.5000  -37.5000  -22.5000 8346.9736   14.1035
    0.0000  -37.5000  -22.5000 8325.4756   14.1077
    7.5000  -37.5000  -22.5000 7846.1699   14.1584
   -7.5000  -30.0000  -22.5000 8827.5752   14.5422
    0.0000  -30.0000  -22.5000 8800.8496   14.5489
    7.5000  -30.0000  -22.5000 8275.6152   14.6022
   -7.5000  -22.5000  -22.5000 9439.2402   14.5297
    0.0000  -22.5000  -22.5000 9400.9697   14.5384
    7.5000  -22.5000  -22.5000 8828.5176   14.5905
   -7.5000  -15.0000  -22.500010037.9863   14.4641
    0.0000  -15.0000  -22.5000 9986.7900   14.4727
    7.5000  -15.0000  -22.5000 9362.4854   14.5221
   -7.5000   -7.5000  -22.500010134.8711   14.4130
    0.0000   -7.5000  -22.500010088.3213   14.4193
    7.5000   -7.5000  -22.5000 9462.8330   14.4672
   -7.5000    0.0000  -22.500010183.8623   14.4193
    0.0000    0.0000  -22.500010158.0293   14.4235
    7.5000    0.0000  -22.5000 9538.6875   14.4730
   -7.5000    7.5000  -22.5000 9667.1504   14.4825
    0.0000    7.5000  -22.5000 9655.5137   14.4869
    7.5000    7.5000  -22.5000 9062.5107   14.5389
   -7.5000   15.0000  -22.5000 9439.9883   14.5387
    0.0000   15.0000  -22.5000 9426.0361   14.5454
    7.5000   15.0000  -22.5000 8866.5684   14.5987
   -7.5000   22.5000  -22.5000 8569.8936   14.3375
    0.0000   22.5000  -22.5000 8581.2354   14.3460
    7.5000   22.5000  -22.5000 8078.0342   14.3974
   -7.5000   30.0000  -22.5000 7766.7705   13.9192
    0.0000   30.0000  -22.5000 7777.3931   13.9275
    7.5000   30.0000  -22.5000 7351.4609   13.9750
   -7.5000   37.5000  -22.5000 7002.2378   13.4469
    0.0000   37.5000  -22.5000 7004.2007   13.4528
    7.5000   37.5000  -22.5000 6617.6187   13.4976
   -7.5000   45.0000  -22.5000 6353.4692   13.4108
    0.0000   45.0000  -22.5000 6338.6899   13.4154
    7.5000   45.0000  -22.5000 6000.8979   13.4635
   -7.5000  -45.0000  -15.0000 8385.1680   13.6948
    0.0000  -45.0000  -15.0000 8377.2520   13.6957
    7.5000  -45.0000  -15.0000 7903.5742   13.7426
   -7.5000  -37.5000  -15.0000 8924.4189   14.6305
    0.0000  -37.5000  -15.0000 8903.4170   14.6310
    7.5000  -37.5000  -15.0000 8383.0713   14.6822
   -7.5000  -30.0000  -15.0000 9436.8926   15.0701
    0.0000  -30.0000  -15.0000 9417.8594   15.0693
    7.5000  -30.0000  -15.0000 8870.8672   15.1195
   -7.5000  -22.5000  -15.000010088.2520   15.0572
    0.0000  -22.5000  -15.000010042.7910   15.0548
    7.5000  -22.5000  -15.0000 9415.6846   15.1009
   -7.5000  -15.0000  -15.000010714.9736   14.9916
    0.0000  -15.0000  -15.000010656.0059   14.9891
    7.5000  -15.0000  -15.0000 9951.1523   15.0330
   -7.5000   -7.5000  -15.000010825.4990   14.9403
    0.0000   -7.5000  -15.000010775.0840   14.9395
    7.5000   -7.5000  -15.000010057.5742   14.9858
   -7.5000    0.0000  -15.000010900.5840   14.9466
    0.0000    0.0000  -15.000010844.3008   14.9475
    7.5000    0.0000  -15.000010147.7637   14.9986
   -7.5000    7.5000  -15.000010319.4111   15.0091
    0.0000    7.5000  -15.000010278.0117   15.0096
    7.5000    7.5000  -15.0000 9601.4473   15.0621
   -7.5000   15.0000  -15.000010034.8906   15.0654
    0.0000   15.0000  -15.000010014.6348   15.0646
    7.5000   15.0000  -15.0000 9373.2764   15.1148
   -7.5000   22.5000  -15.0000 9097.9326   14.8603
    0.0000   22.5000  -15.0000 9109.9375   14.8579
    7.5000   22.5000  -15.0000 8563.2217   14.9033
   -7.5000   30.0000  -15.0000 8245.9434   14.4376
    0.0000   30.0000  -15.0000 8258.7988   14.4353
    7.5000   30.0000  -15.0000 7785.4404   14.4775
   -7.5000   37.5000  -15.0000 7423.9150   13.9603
    0.0000   37.5000  -15.0000 7415.0532   13.9595
    7.5000   37.5000  -15.0000 6987.5869   14.0027
   -7.5000   45.0000  -15.0000 6726.6704   13.9301
    0.0000   45.0000  -15.0000 6718.1289   13.9324
    7.5000   45.0000  -15.0000 6336.9761   13.9827
   -7.5000  -45.0000   -7.5000 8672.4268   13.7169
    0.0000  -45.0000   -7.5000 8660.4229   13.7108
    7.5000  -45.0000   -7.5000 8159.6494   13.7587
   -7.5000  -37.5000   -7.5000 9211.1885   14.6545
    0.0000  -37.5000   -7.5000 9192.7773   14.6470
    7.5000  -37.5000   -7.5000 8642.9424   14.6968
   -7.5000  -30.0000   -7.5000 9768.8877   15.0990
    0.0000  -30.0000   -7.5000 9751.6182   15.0883
    7.5000  -30.0000   -7.5000 9150.8271   15.1348
   -7.5000  -22.5000   -7.500010442.7939   15.0905
    0.0000  -22.5000   -7.500010400.1982   15.0771
    7.5000  -22.5000   -7.5000 9710.6133   15.1192
   -7.5000  -15.0000   -7.500011057.6719   15.0247
    0.0000  -15.0000   -7.500011000.9805   15.0115
    7.5000  -15.0000   -7.500010241.6748   15.0535
   -7.5000   -7.5000   -7.500011155.9941   14.9691
    0.0000   -7.5000   -7.500011100.6143   14.9590
    7.5000   -7.5000   -7.500010338.4775   15.0058
   -7.5000    0.0000   -7.500011250.1250   14.9708
    0.0000    0.0000   -7.500011195.5654   14.9641
    7.5000    0.0000   -7.500010420.7217   15.0162
   -7.5000    7.5000   -7.500010636.4199   15.0337
    0.0000    7.5000   -7.500010574.6387   15.0260
    7.5000    7.5000   -7.5000 9854.5693   15.0771
   -7.5000   15.0000   -7.500010310.6299   15.0944
    0.0000   15.0000   -7.500010264.1348   15.0837
    7.5000   15.0000   -7.5000 9592.0410   15.1301
   -7.5000   22.5000   -7.5000 9348.9121   14.8931
    0.0000   22.5000   -7.5000 9331.6152   14.8799
    7.5000   22.5000   -7.5000 8748.3604   14.9214
   -7.5000   30.0000   -7.5000 8486.1963   14.4696
    0.0000   30.0000   -7.5000 8474.6807   14.4568
    7.5000   30.0000   -7.5000 7961.5269   14.4973
   -7.5000   37.5000   -7.5000 7609.6836   13.9871
    0.0000   37.5000   -7.5000 7591.4854   13.9777
    7.5000   37.5000   -7.5000 7149.8750   14.0215
   -7.5000   45.0000   -7.5000 6880.2080   13.9509
    0.0000   45.0000   -7.5000 6886.6445   13.9473
    7.5000   45.0000   -7.5000 6484.0938   13.9991
   -7.5000  -45.0000    0.0000 8792.7188   14.0538
    0.0000  -45.0000    0.0000 8779.5225   14.0427
    7.5000  -45.0000    0.0000 8249.7256   14.0932
   -7.5000  -37.5000    0.0000 9289.4805   15.0121
    0.0000  -37.5000    0.0000 9270.8389   14.9995
    7.5000  -37.5000    0.0000 8724.4268   15.0507
   -7.5000  -30.0000    0.0000 9866.0391   15.4659
    0.0000  -30.0000    0.0000 9845.4092   15.4527
    7.5000  -30.0000    0.0000 9249.0137   15.5019
   -7.5000  -22.5000    0.000010612.6396   15.4621
    0.0000  -22.5000    0.000010571.5088   15.4496
    7.5000  -22.5000    0.0000 9834.3848   15.4979
   -7.5000  -15.0000    0.000011248.4844   15.3913
    0.0000  -15.0000    0.000011186.0645   15.3789
    7.5000  -15.0000    0.000010374.2559   15.4291
   -7.5000   -7.5000    0.000011315.6396   15.3266
    0.0000   -7.5000    0.000011267.0762   15.3140
    7.5000   -7.5000    0.000010446.8438   15.3671
   -7.5000    0.0000    0.000011384.9473   15.3234
    0.0000    0.0000    0.000011335.2910   15.3112
    7.5000    0.0000    0.000010525.7529   15.3663
   -7.5000    7.5000    0.000010738.9307   15.3905
    0.0000    7.5000    0.000010666.3672   15.3775
    7.5000    7.5000    0.0000 9930.2705   15.4300
   -7.5000   15.0000    0.000010380.7441   15.4604
    0.0000   15.0000    0.000010319.4912   15.4472
    7.5000   15.0000    0.0000 9611.8828   15.4964
   -7.5000   22.5000    0.0000 9436.4189   15.2620
    0.0000   22.5000    0.0000 9384.7168   15.2496
    7.5000   22.5000    0.0000 8759.6885   15.2973
   -7.5000   30.0000    0.0000 8552.8477   14.8316
    0.0000   30.0000    0.0000 8510.7646   14.8195
    7.5000   30.0000    0.0000 7948.8774   14.8680
   -7.5000   37.5000    0.0000 7662.3096   14.3383
    0.0000   37.5000    0.0000 7649.8486   14.3265
    7.5000   37.5000    0.0000 7166.7563   14.3763
   -7.5000   45.0000    0.0000 6909.8330   14.3094
    0.0000   45.0000    0.0000 6912.8481   14.3015
    7.5000   45.0000    0.0000 6493.8159   14.3569
   -7.5000  -45.0000    7.5000 8558.2812   14.0242
    0.0000  -45.0000    7.5000 8537.5635   14.0170
    7.5000  -45.0000    7.5000 8038.1191   14.0682
   -7.5000  -37.5000    7.5000 8988.1562   14.9843
    0.0000  -37.5000    7.5000 8965.3838   14.9759
    7.5000  -37.5000    7.5000 8467.4424   15.0290
   -7.5000  -30.0000    7.5000 9585.5205   15.4410
    0.0000  -30.0000    7.5000 9576.9424   15.4353
    7.5000  -30.0000    7.5000 8997.3271   15.4900
   -7.5000  -22.5000    7.500010466.6680   15.4371
    0.0000  -22.5000    7.500010417.9326   15.4356
    7.5000  -22.5000    7.5000 9651.0488   15.4927
   -7.5000  -15.0000    7.500011133.5264   15.3623
    0.0000  -15.0000    7.500011048.8262   15.3612
    7.5000  -15.0000    7.500010194.9209   15.4198
   -7.5000   -7.5000    7.500011191.0303   15.2941
    0.0000   -7.5000    7.500011091.6875   15.2895
    7.5000   -7.5000    7.500010232.5723   15.3469
   -7.5000    0.0000    7.500011183.4502   15.2912
    0.0000    0.0000    7.500011088.4893   15.2833
    7.5000    0.0000    7.500010246.8721   15.3390
   -7.5000    7.5000    7.500010425.4629   15.3619
    0.0000    7.5000    7.500010348.8271   15.3533
    7.5000    7.5000    7.5000 9602.5400   15.4077
   -7.5000   15.0000    7.500010030.1953   15.4355
    0.0000   15.0000    7.5000 9968.0010   15.4298
    7.5000   15.0000    7.5000 9241.8984   15.4845
   -7.5000   22.5000    7.5000 9116.8242   15.2373
    0.0000   22.5000    7.5000 9061.8906   15.2358
    7.5000   22.5000    7.5000 8424.8975   15.2922
   -7.5000   30.0000    7.5000 8260.0537   14.8036
    0.0000   30.0000    7.5000 8217.2246   14.8026
    7.5000   30.0000    7.5000 7668.5073   14.8590
   -7.5000   37.5000    7.5000 7405.5835   14.3079
    0.0000   37.5000    7.5000 7387.3965   14.3036
    7.5000   37.5000    7.5000 6912.0957   14.3573
   -7.5000   45.0000    7.5000 6679.0923   14.2841
    0.0000   45.0000    7.5000 6675.0640   14.2793
    7.5000   45.0000    7.5000 6251.5068   14.3352
   -7.5000  -45.0000   15.0000 8609.4805   14.0116
    0.0000  -45.0000   15.0000 8605.0020   14.0117
    7.5000  -45.0000   15.0000 8100.7822   14.0614
   -7.5000  -37.5000   15.0000 9041.4580   14.9696
    0.0000  -37.5000   15.0000 9039.3789   14.9695
    7.5000  -37.5000   15.0000 8517.9385   15.0236
   -7.5000  -30.0000   15.0000 9694.1289   15.4204
    0.0000  -30.0000   15.0000 9676.5176   15.4242
    7.5000  -30.0000   15.0000 9006.6465   15.4822
   -7.5000  -22.5000   15.000010592.5781   15.4116
    0.0000  -22.5000   15.000010553.7295   15.4201
    7.5000  -22.5000   15.0000 9675.4844   15.4800
   -7.5000  -15.0000   15.000011288.0693   15.3376
    0.0000  -15.0000   15.000011214.7773   15.3465
    7.5000  -15.0000   15.000010275.7363   15.4052
   -7.5000   -7.5000   15.000011381.3857   15.2750
    0.0000   -7.5000   15.000011252.7725   15.2795
    7.5000   -7.5000   15.000010357.0684   15.3351
   -7.5000    0.0000   15.000011278.0029   15.2773
    0.0000    0.0000   15.000011167.2549   15.2774
    7.5000    0.0000   15.000010346.5303   15.3315
   -7.5000    7.5000   15.000010421.9336   15.3469
    0.0000    7.5000   15.000010351.0459   15.3467
    7.5000    7.5000   15.0000 9645.2432   15.4022
   -7.5000   15.0000   15.0000 9959.2471   15.4149
    0.0000   15.0000   15.0000 9902.3311   15.4187
    7.5000   15.0000   15.0000 9249.0439   15.4767
   -7.5000   22.5000   15.0000 9082.9131   15.2121
    0.0000   22.5000   15.0000 9012.7637   15.2205
    7.5000   22.5000   15.0000 8430.5771   15.2797
   -7.5000   30.0000   15.0000 8256.4004   14.7797
    0.0000   30.0000   15.0000 8201.8848   14.7883
    7.5000   30.0000   15.0000 7682.7080   14.8449
   -7.5000   37.5000   15.0000 7406.8164   14.2900
    0.0000   37.5000   15.0000 7382.5908   14.2942
    7.5000   37.5000   15.0000 6926.7515   14.3463
   -7.5000   45.0000   15.0000 6668.0625   14.2739
    0.0000   45.0000   15.0000 6654.7451   14.2751
    7.5000   45.0000   15.0000 6240.3877   14.3284
   -7.5000  -45.0000   22.5000 8205.1426   14.1253
    0.0000  -45.0000   22.5000 8192.5020   14.1294
    7.5000  -45.0000   22.5000 7710.6548   14.1786
   -7.5000  -37.5000   22.5000 8643.2139   15.0877
    0.0000  -37.5000   22.5000 8639.3008   15.0922
    7.5000  -37.5000   22.5000 8127.5479   15.1471
   -7.5000  -30.0000   22.5000 9208.7285   15.5342
    0.0000  -30.0000   22.5000 9204.7002   15.5414
    7.5000  -30.0000   22.5000 8600.0459   15.5991
   -7.5000  -22.5000   22.5000 9905.0020   15.5205
    0.0000  -22.5000   22.5000 9883.0713   15.5300
    7.5000  -22.5000   22.5000 9196.4355   15.5864
   -7.5000  -15.0000   22.500010478.7119   15.4493
    0.0000  -15.0000   22.500010451.6240   15.4586
    7.5000  -15.0000   22.5000 9737.5127   15.5122
   -7.5000   -7.5000   22.500010600.1699   15.3940
    0.0000   -7.5000   22.500010558.4629   15.4007
    7.5000   -7.5000   22.5000 9840.2793   15.4527
   -7.5000    0.0000   22.500010596.6904   15.4011
    0.0000    0.0000   22.500010553.1426   15.4055
    7.5000    0.0000   22.5000 9870.8672   15.4591
   -7.5000    7.5000   22.5000 9838.7139   15.4679
    0.0000    7.5000   22.5000 9812.3535   15.4725
    7.5000    7.5000   22.5000 9213.0596   15.5288
   -7.5000   15.0000   22.5000 9408.6729   15.5287
    0.0000   15.0000   22.5000 9386.8770   15.5359
    7.5000   15.0000   22.5000 8816.2275   15.5935
   -7.5000   22.5000   22.5000 8623.9248   15.3197
    0.0000   22.5000   22.5000 8593.5146   15.3290
    7.5000   22.5000   22.5000 8047.7490   15.3846
   -7.5000   30.0000   22.5000 7850.2812   14.8875
    0.0000   30.0000   22.5000 7815.3198   14.8964
    7.5000   30.0000   22.5000 7319.1611   14.9480
   -7.5000   37.5000   22.5000 7030.3228   14.4014
    0.0000   37.5000   22.5000 7008.8882   14.4076
    7.5000   37.5000   22.5000 6581.0249   14.4563
   -7.5000   45.0000   22.5000 6313.1660   14.3901
    0.0000   45.0000   22.5000 6290.7720   14.3951
    7.5000   45.0000   22.5000 5912.5439   14.4474
   -7.5000  -45.0000   30.0000 7695.9390   14.2597
    0.0000  -45.0000   30.0000 7703.0874   14.2617
    7.5000  -45.0000   30.0000 7268.3252   14.3128
   -7.5000  -37.5000   30.0000 8119.8652   15.2378
    0.0000  -37.5000   30.0000 8133.9346   15.2385
    7.5000  -37.5000   30.0000 7673.0493   15.2940
   -7.5000  -30.0000   30.0000 8602.8955   15.6899
    0.0000  -30.0000   30.0000 8625.8486   15.6887
    7.5000  -30.0000   30.0000 8124.2446   15.7430
   -7.5000  -22.5000   30.0000 9188.6533   15.6746
    0.0000  -22.5000   30.0000 9194.3408   15.6720
    7.5000  -22.5000   30.0000 8672.9229   15.7219
   -7.5000  -15.0000   30.0000 9699.2412   15.6032
    0.0000  -15.0000   30.0000 9703.9473   15.6014
    7.5000  -15.0000   30.0000 9174.4092   15.6493
   -7.5000   -7.5000   30.0000 9814.7842   15.5489
    0.0000   -7.5000   30.0000 9807.7393   15.5494
    7.5000   -7.5000   30.0000 9248.2559   15.6000
   -7.5000    0.0000   30.0000 9871.4600   15.5569
    0.0000    0.0000   30.0000 9861.1904   15.5591
    7.5000    0.0000   30.0000 9290.4492   15.6148
   -7.5000    7.5000   30.0000 9243.8271   15.6244
    0.0000    7.5000   30.0000 9225.2383   15.6252
    7.5000    7.5000   30.0000 8705.3906   15.6821
   -7.5000   15.0000   30.0000 8880.0986   15.6843
    0.0000   15.0000   30.0000 8849.5791   15.6831
    7.5000   15.0000   30.0000 8331.0537   15.7374
   -7.5000   22.5000   30.0000 8132.8999   15.4704
    0.0000   22.5000   30.0000 8110.6523   15.4678
    7.5000   22.5000   30.0000 7604.9185   15.5171
   -7.5000   30.0000   30.0000 7379.7720   15.0426
    0.0000   30.0000   30.0000 7345.3330   15.0409
    7.5000   30.0000   30.0000 6895.2280   15.0871
   -7.5000   37.5000   30.0000 6601.5244   14.5598
    0.0000   37.5000   30.0000 6573.7993   14.5603
    7.5000   37.5000   30.0000 6190.1885   14.6076
   -7.5000   45.0000   30.0000 5922.6021   14.5439
    0.0000   45.0000   30.0000 5896.0337   14.5477
    7.5000   45.0000   30.0000 5541.8672   14.6025
   -7.5000  -45.0000   37.5000 7197.9844   14.3159
    0.0000  -45.0000   37.5000 7209.9463   14.3094
    7.5000  -45.0000   37.5000 6810.4985   14.3644
   -7.5000  -37.5000   37.5000 7600.0103   15.3061
    0.0000  -37.5000   37.5000 7618.8242   15.2989
    7.5000  -37.5000   37.5000 7196.7695   15.3557
   -7.5000  -30.0000   37.5000 8053.3369   15.7522
    0.0000  -30.0000   37.5000 8070.5112   15.7423
    7.5000  -30.0000   37.5000 7618.8164   15.7946
   -7.5000  -22.5000   37.5000 8577.2764   15.7336
    0.0000  -22.5000   37.5000 8582.5508   15.7208
    7.5000  -22.5000   37.5000 8135.0215   15.7683
   -7.5000  -15.0000   37.5000 9054.5625   15.6580
    0.0000  -15.0000   37.5000 9061.0693   15.6446
    7.5000  -15.0000   37.5000 8607.5898   15.6926
   -7.5000   -7.5000   37.5000 9153.7090   15.6020
    0.0000   -7.5000   37.5000 9142.3008   15.5911
    7.5000   -7.5000   37.5000 8656.4170   15.6451
   -7.5000    0.0000   37.5000 9207.9512   15.6122
    0.0000    0.0000   37.5000 9186.1680   15.6051
    7.5000    0.0000   37.5000 8706.7031   15.6650
   -7.5000    7.5000   37.5000 8637.3066   15.6848
    0.0000    7.5000   37.5000 8612.7109   15.6774
    7.5000    7.5000   37.5000 8167.8975   15.7356
   -7.5000   15.0000   37.5000 8323.7500   15.7464
    0.0000   15.0000   37.5000 8289.6572   15.7365
    7.5000   15.0000   37.5000 7836.5967   15.7889
   -7.5000   22.5000   37.5000 7619.3013   15.5259
    0.0000   22.5000   37.5000 7601.4053   15.5133
    7.5000   22.5000   37.5000 7162.5718   15.5601
   -7.5000   30.0000   37.5000 6890.6616   15.0954
    0.0000   30.0000   37.5000 6870.0308   15.0824
    7.5000   30.0000   37.5000 6475.7461   15.1288
   -7.5000   37.5000   37.5000 6161.0732   14.6095
    0.0000   37.5000   37.5000 6147.1519   14.5994
    7.5000   37.5000   37.5000 5798.6147   14.6499
   -7.5000   45.0000   37.5000 5529.8447   14.5775
    0.0000   45.0000   37.5000 5508.8271   14.5735
    7.5000   45.0000   37.5000 5190.0698   14.6326
   -7.5000  -45.0000   45.0000 6709.8496   14.4348
    0.0000  -45.0000   45.0000 6714.5308   14.4222
    7.5000  -45.0000   45.0000 6356.1450   14.4785
   -7.5000  -37.5000   45.0000 7086.9971   15.4370
    0.0000  -37.5000   45.0000 7091.7148   15.4251
    7.5000  -37.5000   45.0000 6702.1470   15.4833
   -7.5000  -30.0000   45.0000 7498.3608   15.8741
    0.0000  -30.0000   45.0000 7502.3999   15.8627
    7.5000  -30.0000   45.0000 7081.5771   15.9186
   -7.5000  -22.5000   45.0000 7964.0601   15.8555
    0.0000  -22.5000   45.0000 7973.7476   15.8436
    7.5000  -22.5000   45.0000 7550.3613   15.8972
   -7.5000  -15.0000   45.0000 8414.1768   15.7777
    0.0000  -15.0000   45.0000 8419.9062   15.7633
    7.5000  -15.0000   45.0000 7983.1011   15.8177
   -7.5000   -7.5000   45.0000 8514.5674   15.7186
    0.0000   -7.5000   45.0000 8502.5625   15.7031
    7.5000   -7.5000   45.0000 8047.8511   15.7608
   -7.5000    0.0000   45.0000 8570.9463   15.7282
    0.0000    0.0000   45.0000 8553.2744   15.7144
    7.5000    0.0000   45.0000 8105.7974   15.7757
   -7.5000    7.5000   45.0000 8050.6631   15.8038
    0.0000    7.5000   45.0000 8024.7329   15.7916
    7.5000    7.5000   45.0000 7613.1909   15.8512
   -7.5000   15.0000   45.0000 7736.8418   15.8681
    0.0000   15.0000   45.0000 7718.0542   15.8568
    7.5000   15.0000   45.0000 7302.1074   15.9126
   -7.5000   22.5000   45.0000 7091.8096   15.6442
    0.0000   22.5000   45.0000 7079.9565   15.6323
    7.5000   22.5000   45.0000 6688.1147   15.6852
   -7.5000   30.0000   45.0000 6413.5581   15.2092
    0.0000   30.0000   45.0000 6402.8853   15.1954
    7.5000   30.0000   45.0000 6040.5791   15.2478
   -7.5000   37.5000   45.0000 5730.5513   14.7147
    0.0000   37.5000   45.0000 5729.2510   14.7002
    7.5000   37.5000   45.0000 5405.2754   14.7542
   -7.5000   45.0000   45.0000 5147.5806   14.6683
    0.0000   45.0000   45.0000 5136.6792   14.6584
    7.5000   45.0000   45.0000 4848.5869   14.7193

---------------------------------------------------------------------
imgreg_4dfp /opt/freesurfer/average/711-2C_as_mni_average_305 /opt/freesurfer/average/711-2B_as_mni_average_305_mask talsrcimg_g11 none talsrcimg_to_711-2C_as_mni_average_305_t4 4355
---------------------------------------------------------------------

freesurfer imgreg_4dfp.c
/opt/freesurfer/average/711-2C_as_mni_average_305.4dfp.img
       256       256       256         1
  1.000000  1.000000  1.000000
orientation T byte_order littleendian
Reading image: /opt/freesurfer/average/711-2C_as_mni_average_305.4dfp.img
dimensions:      256       256       256
mmppix:       1.0000   -1.0000   -1.0000
center:     128.0000 -129.0000 -129.0000
/opt/freesurfer/average/711-2B_as_mni_average_305_mask.4dfp.img
       256       256       256         1
  1.000000  1.000000  1.000000
orientation T byte_order littleendian
Reading mask: /opt/freesurfer/average/711-2B_as_mni_average_305_mask.4dfp.img (2306576 pixels)
talsrcimg_g11.4dfp.img
       256       256       256         1
  0.898437  0.898437  0.898437
orientation T byte_order littleendian
Reading image: talsrcimg_g11.4dfp.img
dimensions:      256       256       256
mmppix:       0.8984   -0.8984   -0.8984
center:     114.9999 -115.8984 -115.8984
rotation matrix determinant  1.000000
image alignment mode   4355 decimal     1103 hex
  -15.0000  -45.0000  -45.0000 1937.3289   13.7637
   -7.5000  -45.0000  -45.0000 1955.8695   13.5651
    0.0000  -45.0000  -45.0000 1958.7877   13.5250
  -15.0000  -37.5000  -45.0000 1995.2234   13.0305
   -7.5000  -37.5000  -45.0000 2016.8276   12.8463
    0.0000  -37.5000  -45.0000 2020.1064   12.8326
  -15.0000  -30.0000  -45.0000 2021.4042   12.4920
   -7.5000  -30.0000  -45.0000 2043.7517   12.2881
    0.0000  -30.0000  -45.0000 2040.6793   12.2734
  -15.0000  -22.5000  -45.0000 2024.7889   12.1242
   -7.5000  -22.5000  -45.0000 2051.3899   11.8869
    0.0000  -22.5000  -45.0000 2047.7241   11.8798
  -15.0000  -15.0000  -45.0000 2020.6796   11.9782
   -7.5000  -15.0000  -45.0000 2050.2214   11.7529
    0.0000  -15.0000  -45.0000 2050.5798   11.7261
  -15.0000   -7.5000  -45.0000 2009.0402   12.0987
   -7.5000   -7.5000  -45.0000 2041.2573   11.8660
    0.0000   -7.5000  -45.0000 2036.9756   11.8590
  -15.0000    0.0000  -45.0000 1987.7546   12.4619
   -7.5000    0.0000  -45.0000 2016.8794   12.2096
    0.0000    0.0000  -45.0000 2015.5483   12.2288
  -15.0000    7.5000  -45.0000 1948.6603   13.1153
   -7.5000    7.5000  -45.0000 1980.0382   12.8438
    0.0000    7.5000  -45.0000 1978.0515   12.8532
  -15.0000   15.0000  -45.0000 1894.8041   14.0314
   -7.5000   15.0000  -45.0000 1923.9313   13.7230
    0.0000   15.0000  -45.0000 1924.7101   13.7337
  -15.0000   22.5000  -45.0000 1821.5778   15.2873
   -7.5000   22.5000  -45.0000 1850.5688   14.9322
    0.0000   22.5000  -45.0000 1853.2181   14.9386
  -15.0000   30.0000  -45.0000 1730.5557   16.9358
   -7.5000   30.0000  -45.0000 1761.8245   16.4916
    0.0000   30.0000  -45.0000 1764.3304   16.5120
  -15.0000   37.5000  -45.0000 1616.1321   19.0244
   -7.5000   37.5000  -45.0000 1648.0560   18.5847
    0.0000   37.5000  -45.0000 1646.7646   18.5816
  -15.0000   45.0000  -45.0000 1476.2882   21.7007
   -7.5000   45.0000  -45.0000 1503.2229   21.1616
    0.0000   45.0000  -45.0000 1499.6583   21.2123
  -15.0000  -45.0000  -37.5000 2097.2373   13.4283
   -7.5000  -45.0000  -37.5000 2124.7739   13.2190
    0.0000  -45.0000  -37.5000 2126.6895   13.1964
  -15.0000  -37.5000  -37.5000 2163.6799   12.7054
   -7.5000  -37.5000  -37.5000 2189.4458   12.5013
    0.0000  -37.5000  -37.5000 2188.3977   12.4749
  -15.0000  -30.0000  -37.5000 2189.6025   12.1696
   -7.5000  -30.0000  -37.5000 2214.7344   11.9862
    0.0000  -30.0000  -37.5000 2214.4390   11.9263
  -15.0000  -22.5000  -37.5000 2198.1438   11.7964
   -7.5000  -22.5000  -37.5000 2232.4648   11.5939
    0.0000  -22.5000  -37.5000 2230.1287   11.5663
  -15.0000  -15.0000  -37.5000 2199.1184   11.6449
   -7.5000  -15.0000  -37.5000 2235.0066   11.4183
    0.0000  -15.0000  -37.5000 2233.8320   11.4181
  -15.0000   -7.5000  -37.5000 2180.1814   11.7695
   -7.5000   -7.5000  -37.5000 2214.8062   11.5315
    0.0000   -7.5000  -37.5000 2211.6860   11.5425
  -15.0000    0.0000  -37.5000 2149.2681   12.1364
   -7.5000    0.0000  -37.5000 2187.4055   11.8700
    0.0000    0.0000  -37.5000 2187.4165   11.8919
  -15.0000    7.5000  -37.5000 2114.0244   12.7526
   -7.5000    7.5000  -37.5000 2147.0264   12.4854
    0.0000    7.5000  -37.5000 2146.3418   12.4730
  -15.0000   15.0000  -37.5000 2052.5305   13.6478
   -7.5000   15.0000  -37.5000 2087.3782   13.3514
    0.0000   15.0000  -37.5000 2084.8281   13.3322
  -15.0000   22.5000  -37.5000 1974.2782   14.8524
   -7.5000   22.5000  -37.5000 2009.8142   14.4868
    0.0000   22.5000  -37.5000 2007.8855   14.5248
  -15.0000   30.0000  -37.5000 1877.0806   16.4327
   -7.5000   30.0000  -37.5000 1912.7067   16.0524
    0.0000   30.0000  -37.5000 1907.7052   16.0679
  -15.0000   37.5000  -37.5000 1756.9255   18.4324
   -7.5000   37.5000  -37.5000 1785.7666   17.9963
    0.0000   37.5000  -37.5000 1786.4915   18.0019
  -15.0000   45.0000  -37.5000 1599.8254   20.9704
   -7.5000   45.0000  -37.5000 1632.3768   20.4666
    0.0000   45.0000  -37.5000 1626.1838   20.4835
  -15.0000  -45.0000  -30.0000 2237.4341   13.0469
   -7.5000  -45.0000  -30.0000 2270.0789   12.8326
    0.0000  -45.0000  -30.0000 2270.6553   12.7994
  -15.0000  -37.5000  -30.0000 2306.5840   12.3174
   -7.5000  -37.5000  -30.0000 2336.9509   12.0942
    0.0000  -37.5000  -30.0000 2337.1553   12.0557
  -15.0000  -30.0000  -30.0000 2336.1238   11.7695
   -7.5000  -30.0000  -30.0000 2366.5569   11.5431
    0.0000  -30.0000  -30.0000 2366.8140   11.5102
  -15.0000  -22.5000  -30.0000 2357.6179   11.3901
   -7.5000  -22.5000  -30.0000 2393.4302   11.1671
    0.0000  -22.5000  -30.0000 2392.1086   11.1591
  -15.0000  -15.0000  -30.0000 2367.4385   11.2236
   -7.5000  -15.0000  -30.0000 2403.9512   10.9953
    0.0000  -15.0000  -30.0000 2401.3479   10.9771
  -15.0000   -7.5000  -30.0000 2352.2502   11.3458
   -7.5000   -7.5000  -30.0000 2387.5059   11.0997
    0.0000   -7.5000  -30.0000 2384.3108   11.1036
  -15.0000    0.0000  -30.0000 2315.7278   11.6965
   -7.5000    0.0000  -30.0000 2358.4666   11.4260
    0.0000    0.0000  -30.0000 2357.7134   11.4502
  -15.0000    7.5000  -30.0000 2269.9727   12.3014
   -7.5000    7.5000  -30.0000 2307.0623   12.0209
    0.0000    7.5000  -30.0000 2312.0256   12.0222
  -15.0000   15.0000  -30.0000 2203.8320   13.1426
   -7.5000   15.0000  -30.0000 2241.5681   12.8545
    0.0000   15.0000  -30.0000 2241.5291   12.8601
  -15.0000   22.5000  -30.0000 2121.3035   14.3017
   -7.5000   22.5000  -30.0000 2160.7896   13.9750
    0.0000   22.5000  -30.0000 2158.3855   14.0097
  -15.0000   30.0000  -30.0000 2015.1567   15.8428
   -7.5000   30.0000  -30.0000 2054.3892   15.4878
    0.0000   30.0000  -30.0000 2050.4668   15.5129
  -15.0000   37.5000  -30.0000 1878.8137   17.7553
   -7.5000   37.5000  -30.0000 1917.0829   17.3588
    0.0000   37.5000  -30.0000 1917.8317   17.3917
  -15.0000   45.0000  -30.0000 1713.1202   20.1752
   -7.5000   45.0000  -30.0000 1747.5117   19.6635
    0.0000   45.0000  -30.0000 1738.6438   19.7166
  -15.0000  -45.0000  -22.5000 2352.3206   12.5432
   -7.5000  -45.0000  -22.5000 2383.9658   12.3217
    0.0000  -45.0000  -22.5000 2385.7036   12.3027
  -15.0000  -37.5000  -22.5000 2424.5225   11.8394
   -7.5000  -37.5000  -22.5000 2453.4536   11.6046
    0.0000  -37.5000  -22.5000 2457.9216   11.5760
  -15.0000  -30.0000  -22.5000 2461.5378   11.2767
   -7.5000  -30.0000  -22.5000 2495.6143   11.0668
    0.0000  -30.0000  -22.5000 2494.7014   11.0365
  -15.0000  -22.5000  -22.5000 2498.9285   10.8708
   -7.5000  -22.5000  -22.5000 2535.3772   10.6477
    0.0000  -22.5000  -22.5000 2532.4973   10.6405
  -15.0000  -15.0000  -22.5000 2516.0144   10.6901
   -7.5000  -15.0000  -22.5000 2559.6245   10.4789
    0.0000  -15.0000  -22.5000 2552.9946   10.4596
  -15.0000   -7.5000  -22.5000 2507.7776   10.7851
   -7.5000   -7.5000  -22.5000 2552.3623   10.5808
    0.0000   -7.5000  -22.5000 2547.0374   10.5851
  -15.0000    0.0000  -22.5000 2469.6440   11.1970
   -7.5000    0.0000  -22.5000 2522.5762   10.9368
    0.0000    0.0000  -22.5000 2517.7642   10.9508
  -15.0000    7.5000  -22.5000 2415.9822   11.7899
   -7.5000    7.5000  -22.5000 2467.1465   11.5316
    0.0000    7.5000  -22.5000 2467.2993   11.5218
  -15.0000   15.0000  -22.5000 2340.6692   12.5812
   -7.5000   15.0000  -22.5000 2386.2808   12.3075
    0.0000   15.0000  -22.5000 2386.0186   12.2998
  -15.0000   22.5000  -22.5000 2245.0588   13.6695
   -7.5000   22.5000  -22.5000 2291.3313   13.3627
    0.0000   22.5000  -22.5000 2292.1377   13.3875
  -15.0000   30.0000  -22.5000 2135.0884   15.1479
   -7.5000   30.0000  -22.5000 2172.4612   14.8148
    0.0000   30.0000  -22.5000 2175.0210   14.8321
  -15.0000   37.5000  -22.5000 1983.3049   16.9853
   -7.5000   37.5000  -22.5000 2022.0516   16.6038
    0.0000   37.5000  -22.5000 2024.1708   16.6369
  -15.0000   45.0000  -22.5000 1802.6764   19.1967
   -7.5000   45.0000  -22.5000 1837.4185   18.7463
    0.0000   45.0000  -22.5000 1831.4994   18.7840
  -15.0000  -45.0000  -15.0000 2435.5266   12.0211
   -7.5000  -45.0000  -15.0000 2463.2668   11.7714
    0.0000  -45.0000  -15.0000 2467.7786   11.7311
  -15.0000  -37.5000  -15.0000 2513.9214   11.2698
   -7.5000  -37.5000  -15.0000 2551.0359   11.0758
    0.0000  -37.5000  -15.0000 2554.7949   11.0230
  -15.0000  -30.0000  -15.0000 2560.9277   10.7251
   -7.5000  -30.0000  -15.0000 2600.6909   10.5278
    0.0000  -30.0000  -15.0000 2602.9580   10.5176
  -15.0000  -22.5000  -15.0000 2604.0222   10.3477
   -7.5000  -22.5000  -15.0000 2649.1392   10.1252
    0.0000  -22.5000  -15.0000 2646.9119   10.1102
  -15.0000  -15.0000  -15.0000 2631.8601   10.1194
   -7.5000  -15.0000  -15.0000 2682.1377    9.9326
    0.0000  -15.0000  -15.0000 2679.2490    9.9138
  -15.0000   -7.5000  -15.0000 2633.7224   10.2201
   -7.5000   -7.5000  -15.0000 2687.9441   10.0022
    0.0000   -7.5000  -15.0000 2681.8445   10.0038
  -15.0000    0.0000  -15.0000 2597.5740   10.6285
   -7.5000    0.0000  -15.0000 2658.7722   10.3798
    0.0000    0.0000  -15.0000 2650.4653   10.3782
  -15.0000    7.5000  -15.0000 2540.0803   11.2274
   -7.5000    7.5000  -15.0000 2595.5173   10.9721
    0.0000    7.5000  -15.0000 2589.7827   10.9598
  -15.0000   15.0000  -15.0000 2452.1343   11.9840
   -7.5000   15.0000  -15.0000 2496.4714   11.7352
    0.0000   15.0000  -15.0000 2497.1147   11.7220
  -15.0000   22.5000  -15.0000 2343.6672   13.0386
   -7.5000   22.5000  -15.0000 2387.5625   12.7650
    0.0000   22.5000  -15.0000 2387.4626   12.7650
  -15.0000   30.0000  -15.0000 2221.4451   14.4807
   -7.5000   30.0000  -15.0000 2259.3960   14.1732
    0.0000   30.0000  -15.0000 2265.5664   14.1642
  -15.0000   37.5000  -15.0000 2063.7053   16.2294
   -7.5000   37.5000  -15.0000 2101.4241   15.8714
    0.0000   37.5000  -15.0000 2101.0764   15.8391
  -15.0000   45.0000  -15.0000 1872.8958   18.3211
   -7.5000   45.0000  -15.0000 1903.7799   17.9038
    0.0000   45.0000  -15.0000 1903.0039   17.9096
  -15.0000  -45.0000   -7.5000 2470.9131   11.4603
   -7.5000  -45.0000   -7.5000 2508.5601   11.1827
    0.0000  -45.0000   -7.5000 2512.0400   11.1457
  -15.0000  -37.5000   -7.5000 2566.8223   10.6984
   -7.5000  -37.5000   -7.5000 2608.0388   10.4708
    0.0000  -37.5000   -7.5000 2613.7698   10.4279
  -15.0000  -30.0000   -7.5000 2637.3020   10.1645
   -7.5000  -30.0000   -7.5000 2675.6782    9.9707
    0.0000  -30.0000   -7.5000 2681.6748    9.9220
  -15.0000  -22.5000   -7.5000 2686.1130    9.7993
   -7.5000  -22.5000   -7.5000 2735.8391    9.5988
    0.0000  -22.5000   -7.5000 2736.7957    9.5674
  -15.0000  -15.0000   -7.5000 2722.5740    9.6025
   -7.5000  -15.0000   -7.5000 2781.9143    9.3778
    0.0000  -15.0000   -7.5000 2778.4026    9.3676
  -15.0000   -7.5000   -7.5000 2724.8135    9.6708
   -7.5000   -7.5000   -7.5000 2785.9185    9.4363
    0.0000   -7.5000   -7.5000 2781.9663    9.4384
  -15.0000    0.0000   -7.5000 2685.6135   10.0437
   -7.5000    0.0000   -7.5000 2749.4514    9.7958
    0.0000    0.0000   -7.5000 2744.8062    9.8031
  -15.0000    7.5000   -7.5000 2618.3335   10.6053
   -7.5000    7.5000   -7.5000 2674.2512   10.3671
    0.0000    7.5000   -7.5000 2670.2346   10.3564
  -15.0000   15.0000   -7.5000 2523.8516   11.3737
   -7.5000   15.0000   -7.5000 2567.8806   11.1212
    0.0000   15.0000   -7.5000 2566.4148   11.1185
  -15.0000   22.5000   -7.5000 2401.0645   12.4130
   -7.5000   22.5000   -7.5000 2444.0205   12.1496
    0.0000   22.5000   -7.5000 2444.3423   12.1352
  -15.0000   30.0000   -7.5000 2272.0820   13.8053
   -7.5000   30.0000   -7.5000 2313.2910   13.5067
    0.0000   30.0000   -7.5000 2314.1047   13.4769
  -15.0000   37.5000   -7.5000 2107.5999   15.4805
   -7.5000   37.5000   -7.5000 2148.9890   15.1293
    0.0000   37.5000   -7.5000 2144.7434   15.1207
  -15.0000   45.0000   -7.5000 1912.6694   17.4520
   -7.5000   45.0000   -7.5000 1941.7452   17.0649
    0.0000   45.0000   -7.5000 1944.2566   17.0589
  -15.0000  -45.0000    0.0000 2506.5161   11.1215
   -7.5000  -45.0000    0.0000 2545.9285   10.8285
    0.0000  -45.0000    0.0000 2551.5808   10.7880
  -15.0000  -37.5000    0.0000 2614.0535   10.3497
   -7.5000  -37.5000    0.0000 2654.8984   10.0913
    0.0000  -37.5000    0.0000 2659.3167   10.0399
  -15.0000  -30.0000    0.0000 2698.3645    9.8090
   -7.5000  -30.0000    0.0000 2738.7075    9.6016
    0.0000  -30.0000    0.0000 2745.4749    9.5526
  -15.0000  -22.5000    0.0000 2763.6045    9.4677
   -7.5000  -22.5000    0.0000 2824.5955    9.2633
    0.0000  -22.5000    0.0000 2829.1572    9.2062
  -15.0000  -15.0000    0.0000 2811.7729    9.2897
   -7.5000  -15.0000    0.0000 2886.2629    9.0531
    0.0000  -15.0000    0.0000 2885.3420    9.0241
  -15.0000   -7.5000    0.0000 2812.5168    9.3338
   -7.5000   -7.5000    0.0000 2888.7332    9.0950
    0.0000   -7.5000    0.0000 2884.0498    9.0903
  -15.0000    0.0000    0.0000 2763.8242    9.6667
   -7.5000    0.0000    0.0000 2830.7136    9.4215
    0.0000    0.0000    0.0000 2828.0286    9.4268
  -15.0000    7.5000    0.0000 2688.3911   10.2121
   -7.5000    7.5000    0.0000 2746.1848    9.9487
    0.0000    7.5000    0.0000 2742.6926    9.9491
  -15.0000   15.0000    0.0000 2581.6807   11.0103
   -7.5000   15.0000    0.0000 2630.9307   10.7169
    0.0000   15.0000    0.0000 2632.3499   10.7266
  -15.0000   22.5000    0.0000 2450.6855   12.0440
   -7.5000   22.5000    0.0000 2500.4187   11.7693
    0.0000   22.5000    0.0000 2500.9453   11.7506
  -15.0000   30.0000    0.0000 2315.3503   13.4147
   -7.5000   30.0000    0.0000 2363.2495   13.0806
    0.0000   30.0000    0.0000 2361.0671   13.0672
  -15.0000   37.5000    0.0000 2146.0454   15.0545
   -7.5000   37.5000    0.0000 2191.6287   14.6553
    0.0000   37.5000    0.0000 2189.6345   14.6667
  -15.0000   45.0000    0.0000 1946.0125   16.9548
   -7.5000   45.0000    0.0000 1980.0580   16.5322
    0.0000   45.0000    0.0000 1984.7870   16.5420
  -15.0000  -45.0000    7.5000 2519.9224   10.8601
   -7.5000  -45.0000    7.5000 2557.2070   10.5568
    0.0000  -45.0000    7.5000 2558.0872   10.5211
  -15.0000  -37.5000    7.5000 2633.8066   10.0769
   -7.5000  -37.5000    7.5000 2672.4836    9.8119
    0.0000  -37.5000    7.5000 2672.3818    9.7761
  -15.0000  -30.0000    7.5000 2724.0388    9.5518
   -7.5000  -30.0000    7.5000 2768.0510    9.3174
    0.0000  -30.0000    7.5000 2773.4639    9.2925
  -15.0000  -22.5000    7.5000 2806.6248    9.2442
   -7.5000  -22.5000    7.5000 2881.1772    9.0536
    0.0000  -22.5000    7.5000 2882.7673    9.0147
  -15.0000  -15.0000    7.5000 2868.1333    9.0999
   -7.5000  -15.0000    7.5000 2967.4656    8.8862
    0.0000  -15.0000    7.5000 2961.5459    8.8617
  -15.0000   -7.5000    7.5000 2874.6624    9.1240
   -7.5000   -7.5000    7.5000 2975.0432    8.8909
    0.0000   -7.5000    7.5000 2964.1328    8.8920
  -15.0000    0.0000    7.5000 2816.7527    9.4168
   -7.5000    0.0000    7.5000 2891.6936    9.1858
    0.0000    0.0000    7.5000 2886.2981    9.1827
  -15.0000    7.5000    7.5000 2726.7036    9.8966
   -7.5000    7.5000    7.5000 2785.1694    9.6313
    0.0000    7.5000    7.5000 2785.6675    9.6396
  -15.0000   15.0000    7.5000 2605.0415   10.6656
   -7.5000   15.0000    7.5000 2658.8230   10.4005
    0.0000   15.0000    7.5000 2662.9753   10.4107
  -15.0000   22.5000    7.5000 2473.8870   11.7235
   -7.5000   22.5000    7.5000 2522.9802   11.4509
    0.0000   22.5000    7.5000 2522.2266   11.4414
  -15.0000   30.0000    7.5000 2329.9517   13.0742
   -7.5000   30.0000    7.5000 2382.3188   12.7525
    0.0000   30.0000    7.5000 2381.3821   12.7309
  -15.0000   37.5000    7.5000 2161.8110   14.6513
   -7.5000   37.5000    7.5000 2208.1763   14.2699
    0.0000   37.5000    7.5000 2211.2634   14.2767
  -15.0000   45.0000    7.5000 1962.6176   16.5612
   -7.5000   45.0000    7.5000 2001.1794   16.1148
    0.0000   45.0000    7.5000 2003.1665   16.1022
  -15.0000  -45.0000   15.0000 2520.2996   10.8298
   -7.5000  -45.0000   15.0000 2557.9453   10.4809
    0.0000  -45.0000   15.0000 2555.7122   10.4712
  -15.0000  -37.5000   15.0000 2629.6860   10.0391
   -7.5000  -37.5000   15.0000 2671.4468    9.7394
    0.0000  -37.5000   15.0000 2671.8762    9.7138
  -15.0000  -30.0000   15.0000 2728.5254    9.4925
   -7.5000  -30.0000   15.0000 2779.3975    9.2440
    0.0000  -30.0000   15.0000 2780.5503    9.2211
  -15.0000  -22.5000   15.0000 2822.4067    9.1572
   -7.5000  -22.5000   15.0000 2897.3406    9.0058
    0.0000  -22.5000   15.0000 2896.3044    8.9755
  -15.0000  -15.0000   15.0000 2881.0930    9.0221
   -7.5000  -15.0000   15.0000 2984.7390    8.8858
    0.0000  -15.0000   15.0000 2978.8750    8.8702
  -15.0000   -7.5000   15.0000 2888.3669    9.0967
   -7.5000   -7.5000   15.0000 3003.3176    8.8754
    0.0000   -7.5000   15.0000 2984.8601    8.8801
  -15.0000    0.0000   15.0000 2829.6890    9.3575
   -7.5000    0.0000   15.0000 2916.7793    9.1102
    0.0000    0.0000   15.0000 2909.4036    9.0935
  -15.0000    7.5000   15.0000 2738.8840    9.8057
   -7.5000    7.5000   15.0000 2799.5942    9.5350
    0.0000    7.5000   15.0000 2799.7185    9.5326
  -15.0000   15.0000   15.0000 2611.5857   10.5449
   -7.5000   15.0000   15.0000 2664.0149   10.2662
    0.0000   15.0000   15.0000 2669.6594   10.2669
  -15.0000   22.5000   15.0000 2476.5103   11.5673
   -7.5000   22.5000   15.0000 2528.0403   11.2844
    0.0000   22.5000   15.0000 2525.6248   11.2770
  -15.0000   30.0000   15.0000 2331.7300   12.8860
   -7.5000   30.0000   15.0000 2384.8518   12.5764
    0.0000   30.0000   15.0000 2380.9937   12.5701
  -15.0000   37.5000   15.0000 2165.8079   14.4596
   -7.5000   37.5000   15.0000 2210.0991   14.0711
    0.0000   37.5000   15.0000 2208.0957   14.1057
  -15.0000   45.0000   15.0000 1966.0251   16.3000
   -7.5000   45.0000   15.0000 2004.8730   15.8561
    0.0000   45.0000   15.0000 2002.7108   15.8772
  -15.0000  -45.0000   22.5000 2503.8147   11.0114
   -7.5000  -45.0000   22.5000 2543.7661   10.6586
    0.0000  -45.0000   22.5000 2540.5017   10.6455
  -15.0000  -37.5000   22.5000 2614.4363   10.2288
   -7.5000  -37.5000   22.5000 2658.6257    9.8997
    0.0000  -37.5000   22.5000 2658.6587    9.9015
  -15.0000  -30.0000   22.5000 2717.4973    9.6370
   -7.5000  -30.0000   22.5000 2770.9761    9.3708
    0.0000  -30.0000   22.5000 2771.0828    9.3699
  -15.0000  -22.5000   22.5000 2799.4592    9.2597
   -7.5000  -22.5000   22.5000 2874.1204    9.0477
    0.0000  -22.5000   22.5000 2868.7847    9.0450
  -15.0000  -15.0000   22.5000 2854.6621    9.0940
   -7.5000  -15.0000   22.5000 2940.8616    8.8699
    0.0000  -15.0000   22.5000 2933.3074    8.8552
  -15.0000   -7.5000   22.5000 2860.9070    9.1668
   -7.5000   -7.5000   22.5000 2944.5840    8.9358
    0.0000   -7.5000   22.5000 2936.9048    8.9275
  -15.0000    0.0000   22.5000 2803.4663    9.4820
   -7.5000    0.0000   22.5000 2879.2620    9.2411
    0.0000    0.0000   22.5000 2873.6326    9.2251
  -15.0000    7.5000   22.5000 2715.7793    9.9562
   -7.5000    7.5000   22.5000 2772.6992    9.6999
    0.0000    7.5000   22.5000 2770.6135    9.6920
  -15.0000   15.0000   22.5000 2595.7444   10.6693
   -7.5000   15.0000   22.5000 2644.5090   10.3845
    0.0000   15.0000   22.5000 2646.9590   10.3805
  -15.0000   22.5000   22.5000 2462.8879   11.6212
   -7.5000   22.5000   22.5000 2515.8916   11.3030
    0.0000   22.5000   22.5000 2514.5376   11.3169
  -15.0000   30.0000   22.5000 2318.9087   12.8434
   -7.5000   30.0000   22.5000 2371.3611   12.5126
    0.0000   30.0000   22.5000 2368.5190   12.5173
  -15.0000   37.5000   22.5000 2153.3940   14.3867
   -7.5000   37.5000   22.5000 2194.7771   14.0099
    0.0000   37.5000   22.5000 2194.2307   13.9988
  -15.0000   45.0000   22.5000 1944.2870   16.1404
   -7.5000   45.0000   22.5000 1984.8342   15.7127
    0.0000   45.0000   22.5000 1985.4028   15.7401
  -15.0000  -45.0000   30.0000 2479.4360   11.3893
   -7.5000  -45.0000   30.0000 2521.8455   10.9972
    0.0000  -45.0000   30.0000 2519.7104   11.0144
  -15.0000  -37.5000   30.0000 2588.4375   10.6020
   -7.5000  -37.5000   30.0000 2634.6467   10.2527
    0.0000  -37.5000   30.0000 2634.6943   10.2626
  -15.0000  -30.0000   30.0000 2682.2515   10.0097
   -7.5000  -30.0000   30.0000 2733.4688    9.6991
    0.0000  -30.0000   30.0000 2736.5337    9.7036
  -15.0000  -22.5000   30.0000 2758.0215    9.6075
   -7.5000  -22.5000   30.0000 2823.4966    9.3002
    0.0000  -22.5000   30.0000 2819.4126    9.3058
  -15.0000  -15.0000   30.0000 2802.3364    9.4097
   -7.5000  -15.0000   30.0000 2871.2224    9.0997
    0.0000  -15.0000   30.0000 2866.5845    9.0936
  -15.0000   -7.5000   30.0000 2800.2798    9.4490
   -7.5000   -7.5000   30.0000 2867.2444    9.1732
    0.0000   -7.5000   30.0000 2860.8679    9.1594
  -15.0000    0.0000   30.0000 2742.8848    9.7892
   -7.5000    0.0000   30.0000 2807.9868    9.5225
    0.0000    0.0000   30.0000 2804.0288    9.5015
  -15.0000    7.5000   30.0000 2665.7026   10.2803
   -7.5000    7.5000   30.0000 2714.1675   10.0086
    0.0000    7.5000   30.0000 2712.4827   10.0007
  -15.0000   15.0000   30.0000 2553.4338   10.9342
   -7.5000   15.0000   30.0000 2601.3899   10.6769
    0.0000   15.0000   30.0000 2601.4561   10.6746
  -15.0000   22.5000   30.0000 2428.7632   11.8440
   -7.5000   22.5000   30.0000 2476.2864   11.5557
    0.0000   22.5000   30.0000 2476.9956   11.5638
  -15.0000   30.0000   30.0000 2286.5703   13.0257
   -7.5000   30.0000   30.0000 2338.6658   12.6718
    0.0000   30.0000   30.0000 2335.5127   12.6630
  -15.0000   37.5000   30.0000 2121.3149   14.5232
   -7.5000   37.5000   30.0000 2160.0649   14.1077
    0.0000   37.5000   30.0000 2158.3743   14.1056
  -15.0000   45.0000   30.0000 1915.4604   16.2770
   -7.5000   45.0000   30.0000 1952.7716   15.7940
    0.0000   45.0000   30.0000 1954.3212   15.8078
  -15.0000  -45.0000   37.5000 2443.3315   11.8965
   -7.5000  -45.0000   37.5000 2486.4099   11.4841
    0.0000  -45.0000   37.5000 2480.1340   11.5018
  -15.0000  -37.5000   37.5000 2550.2517   11.1160
   -7.5000  -37.5000   37.5000 2598.0266   10.7429
    0.0000  -37.5000   37.5000 2594.4692   10.7551
  -15.0000  -30.0000   37.5000 2633.8989   10.5203
   -7.5000  -30.0000   37.5000 2690.4258   10.1643
    0.0000  -30.0000   37.5000 2688.0188   10.1585
  -15.0000  -22.5000   37.5000 2699.0833   10.1134
   -7.5000  -22.5000   37.5000 2761.7021    9.7575
    0.0000  -22.5000   37.5000 2757.5771    9.7444
  -15.0000  -15.0000   37.5000 2733.5061    9.8838
   -7.5000  -15.0000   37.5000 2793.1123    9.5448
    0.0000  -15.0000   37.5000 2788.2551    9.5349
  -15.0000   -7.5000   37.5000 2719.2317    9.9174
   -7.5000   -7.5000   37.5000 2777.2463    9.6177
    0.0000   -7.5000   37.5000 2773.2329    9.5945
  -15.0000    0.0000   37.5000 2664.1213   10.2420
   -7.5000    0.0000   37.5000 2715.6174    9.9701
    0.0000    0.0000   37.5000 2711.7693    9.9345
  -15.0000    7.5000   37.5000 2589.6152   10.7333
   -7.5000    7.5000   37.5000 2629.0667   10.4467
    0.0000    7.5000   37.5000 2627.3433   10.4159
  -15.0000   15.0000   37.5000 2491.3691   11.3955
   -7.5000   15.0000   37.5000 2535.8154   11.0920
    0.0000   15.0000   37.5000 2533.4888   11.0786
  -15.0000   22.5000   37.5000 2375.9458   12.2698
   -7.5000   22.5000   37.5000 2418.6833   11.9644
    0.0000   22.5000   37.5000 2423.3953   11.9451
  -15.0000   30.0000   37.5000 2240.4028   13.4287
   -7.5000   30.0000   37.5000 2279.9739   13.0987
    0.0000   30.0000   37.5000 2284.3560   13.0650
  -15.0000   37.5000   37.5000 2073.8374   14.8703
   -7.5000   37.5000   37.5000 2109.6650   14.4644
    0.0000   37.5000   37.5000 2112.1665   14.4683
  -15.0000   45.0000   37.5000 1880.7878   16.6228
   -7.5000   45.0000   37.5000 1911.1403   16.1124
    0.0000   45.0000   37.5000 1914.1272   16.1145
  -15.0000  -45.0000   45.0000 2375.4883   12.4433
   -7.5000  -45.0000   45.0000 2419.5574   12.0444
    0.0000  -45.0000   45.0000 2412.4441   12.0364
  -15.0000  -37.5000   45.0000 2475.7944   11.6615
   -7.5000  -37.5000   45.0000 2527.2517   11.2853
    0.0000  -37.5000   45.0000 2520.2227   11.2856
  -15.0000  -30.0000   45.0000 2550.0054   11.0811
   -7.5000  -30.0000   45.0000 2605.1794   10.7109
    0.0000  -30.0000   45.0000 2600.9443   10.7043
  -15.0000  -22.5000   45.0000 2604.6792   10.6573
   -7.5000  -22.5000   45.0000 2660.8464   10.3017
    0.0000  -22.5000   45.0000 2658.4856   10.2941
  -15.0000  -15.0000   45.0000 2635.4905   10.4238
   -7.5000  -15.0000   45.0000 2687.4788   10.0890
    0.0000  -15.0000   45.0000 2679.5537   10.0862
  -15.0000   -7.5000   45.0000 2612.3232   10.4940
   -7.5000   -7.5000   45.0000 2665.0288   10.1687
    0.0000   -7.5000   45.0000 2659.4717   10.1381
  -15.0000    0.0000   45.0000 2559.1514   10.8073
   -7.5000    0.0000   45.0000 2604.0415   10.5028
    0.0000    0.0000   45.0000 2599.7861   10.4724
  -15.0000    7.5000   45.0000 2486.6716   11.2983
   -7.5000    7.5000   45.0000 2523.3501   10.9803
    0.0000    7.5000   45.0000 2516.4556   10.9479
  -15.0000   15.0000   45.0000 2398.3225   11.9370
   -7.5000   15.0000   45.0000 2433.7805   11.6013
    0.0000   15.0000   45.0000 2432.3306   11.5829
  -15.0000   22.5000   45.0000 2289.8652   12.7975
   -7.5000   22.5000   45.0000 2324.4929   12.4639
    0.0000   22.5000   45.0000 2328.3401   12.4413
  -15.0000   30.0000   45.0000 2163.0505   13.9498
   -7.5000   30.0000   45.0000 2199.1772   13.6269
    0.0000   30.0000   45.0000 2201.2083   13.5815
  -15.0000   37.5000   45.0000 2001.2963   15.3653
   -7.5000   37.5000   45.0000 2030.9663   14.9885
    0.0000   37.5000   45.0000 2037.5436   14.9767
  -15.0000   45.0000   45.0000 1823.9216   17.0927
   -7.5000   45.0000   45.0000 1843.3574   16.6267
    0.0000   45.0000   45.0000 1843.8497   16.6035

---------------------------------------------------------------------
imgreg_4dfp /opt/freesurfer/average/711-2C_as_mni_average_305 /opt/freesurfer/average/711-2B_as_mni_average_305_mask talsrcimg_g11 none talsrcimg_to_711-2C_as_mni_average_305_t4 1283
---------------------------------------------------------------------

freesurfer imgreg_4dfp.c
/opt/freesurfer/average/711-2C_as_mni_average_305.4dfp.img
       256       256       256         1
  1.000000  1.000000  1.000000
orientation T byte_order littleendian
Reading image: /opt/freesurfer/average/711-2C_as_mni_average_305.4dfp.img
dimensions:      256       256       256
mmppix:       1.0000   -1.0000   -1.0000
center:     128.0000 -129.0000 -129.0000
/opt/freesurfer/average/711-2B_as_mni_average_305_mask.4dfp.img
       256       256       256         1
  1.000000  1.000000  1.000000
orientation T byte_order littleendian
Reading mask: /opt/freesurfer/average/711-2B_as_mni_average_305_mask.4dfp.img (2306576 pixels)
talsrcimg_g11.4dfp.img
       256       256       256         1
  0.898437  0.898437  0.898437
orientation T byte_order littleendian
Reading image: talsrcimg_g11.4dfp.img
dimensions:      256       256       256
mmppix:       0.8984   -0.8984   -0.8984
center:     114.9999 -115.8984 -115.8984
rotation matrix determinant  1.000000
fimgreg.f
image alignment mode   1283 decimal      503 hex
parameters
   -7.5000   -7.5000   15.0000    0.0000    0.0000    0.0000
eta,q 0.94183  8.92552
niter,ni,del,rscale     5    3   12.0000    1.2000
parameter  1 -0.602814 -> -0.500000 qaram    1.1500
parameters
   -4.0500  -10.1560   13.0334   -0.3515    0.1444   -1.6470
eta,q 0.95283  8.81100
  0.0927  0.0536  0.0541  0.0564  0.0592  0.0508
  0.0816  0.0503  0.0493  0.0513  0.0533  0.0484
  0.0699  0.0498  0.0476  0.0481  0.0495  0.0473
  0.0591  0.0517  0.0497  0.0476  0.0475  0.0475
  0.0523  0.0572  0.0543  0.0496  0.0481  0.0497
  0.0524  0.0652  0.0594  0.0533  0.0523  0.0537
  0.0579  0.0746  0.0653  0.0582  0.0586  0.0582
niter,ni,del,rscale     5    3   12.0000    1.2000
parameters
   -3.9974  -10.0306   13.1329   -0.3963    0.3448   -1.7707
eta,q 0.95279  8.80998
  0.0761  0.0616  0.0610  0.0574  0.0601  0.0535
  0.0623  0.0543  0.0538  0.0520  0.0537  0.0504
  0.0507  0.0490  0.0489  0.0481  0.0491  0.0481
  0.0472  0.0472  0.0472  0.0472  0.0472  0.0472
  0.0525  0.0482  0.0492  0.0489  0.0482  0.0477
  0.0633  0.0530  0.0539  0.0524  0.0526  0.0503
  0.0736  0.0609  0.0596  0.0574  0.0585  0.0546
niter,ni,del,rscale     4    3   12.0000    1.2000
parameters
   -4.0282   -9.9951   13.1364   -0.4193    0.3977   -1.7718
eta,q 0.95282  8.81020
  0.0758  0.0613  0.0605  0.0574  0.0596  0.0538
  0.0618  0.0539  0.0533  0.0521  0.0532  0.0506
  0.0504  0.0488  0.0486  0.0481  0.0488  0.0482
  0.0472  0.0472  0.0472  0.0472  0.0472  0.0472
  0.0530  0.0484  0.0494  0.0488  0.0485  0.0476
  0.0640  0.0534  0.0541  0.0523  0.0532  0.0501
  0.0742  0.0613  0.0597  0.0573  0.0591  0.0543
registration optimization eta report
parameter search radius
    6.9000    6.0000    6.0000    6.0000    6.0000    6.0000
100000*second partial in parameter space
       57.       40.       35.       28.       34.       19.
  0.0758  0.0613  0.0605  0.0574  0.0596  0.0538
  0.0618  0.0539  0.0533  0.0521  0.0532  0.0506
  0.0504  0.0488  0.0486  0.0481  0.0488  0.0482
  0.0472  0.0472  0.0472  0.0472  0.0472  0.0472
  0.0530  0.0484  0.0494  0.0488  0.0485  0.0476
  0.0640  0.0534  0.0541  0.0523  0.0532  0.0501
  0.0742  0.0613  0.0597  0.0573  0.0591  0.0543
   -4.0282   -9.9951   13.1364   -0.4193    0.3977   -1.7718
eta,q 0.95282  8.81020

---------------------------------------------------------------------
imgreg_4dfp /opt/freesurfer/average/711-2C_as_mni_average_305 /opt/freesurfer/average/711-2B_as_mni_average_305_mask talsrcimg_g11 none talsrcimg_to_711-2C_as_mni_average_305_t4 3335
---------------------------------------------------------------------

freesurfer imgreg_4dfp.c
/opt/freesurfer/average/711-2C_as_mni_average_305.4dfp.img
       256       256       256         1
  1.000000  1.000000  1.000000
orientation T byte_order littleendian
Reading image: /opt/freesurfer/average/711-2C_as_mni_average_305.4dfp.img
dimensions:      256       256       256
mmppix:       1.0000   -1.0000   -1.0000
center:     128.0000 -129.0000 -129.0000
/opt/freesurfer/average/711-2B_as_mni_average_305_mask.4dfp.img
       256       256       256         1
  1.000000  1.000000  1.000000
orientation T byte_order littleendian
Reading mask: /opt/freesurfer/average/711-2B_as_mni_average_305_mask.4dfp.img (2306576 pixels)
talsrcimg_g11.4dfp.img
       256       256       256         1
  0.898437  0.898437  0.898437
orientation T byte_order littleendian
Reading image: talsrcimg_g11.4dfp.img
dimensions:      256       256       256
mmppix:       0.8984   -0.8984   -0.8984
center:     114.9999 -115.8984 -115.8984
fimgreg.f
image alignment mode   3335 decimal      D07 hex
parameters
   -4.0282   -9.9951   13.1364   -0.0502   -0.0506   -0.0051
    3.0968   -0.6711   -3.0918    0.7529    0.6940   -0.7318
eta,q 0.95155  8.89063
niter,ni,del,rscale     5    3    5.0000    1.2000
parameter  4  1.052207 ->  0.500000 qaram    1.1500
parameter  5  2.471840 ->  0.500000 qaram    1.1500
parameter  6  0.792803 ->  0.500000 qaram    1.1500
parameter  9 -0.534450 -> -0.500000 qaram    1.1500
parameters
   -4.3790  -10.2569   13.2887   -4.1902   -4.1906   -4.1451
    2.8864   -0.2158    1.0482    0.6755   -1.4737    0.3770
eta,q 0.96171  8.41460
  0.0511  0.0500  0.0508  0.0442  0.0382  0.0381  0.0415  0.0439  0.0427  0.0418  0.0388  0.0401
  0.0494  0.0490  0.0496  0.0450  0.0401  0.0388  0.0401  0.0415  0.0412  0.0400  0.0385  0.0393
  0.0485  0.0485  0.0487  0.0463  0.0424  0.0395  0.0393  0.0398  0.0399  0.0388  0.0383  0.0387
  0.0484  0.0484  0.0484  0.0483  0.0453  0.0406  0.0390  0.0390  0.0389  0.0384  0.0384  0.0383
  0.0492  0.0487  0.0485  0.0514  0.0483  0.0430  0.0393  0.0393  0.0385  0.0388  0.0387  0.0383
  0.0509  0.0496  0.0492  0.0554  0.0517  0.0469  0.0403  0.0406  0.0384  0.0401  0.0393  0.0387
  0.0533  0.0510  0.0503  0.0601  0.0557  0.0515  0.0418  0.0429  0.0389  0.0420  0.0401  0.0393
niter,ni,del,rscale     7    3    5.0000    1.2000
parameter  4  0.803243 ->  0.500000 qaram    1.3225
parameter  5  1.417445 ->  0.500000 qaram    1.3225
parameter  6  0.703353 ->  0.500000 qaram    1.3225
parameters
   -4.4403  -10.4680   12.6733   -8.9512   -8.9516   -8.9061
    2.3188   -0.2093    0.4588    0.4744   -2.0443    0.2869
eta,q 0.96872  7.75988
  0.0416  0.0404  0.0390  0.0362  0.0321  0.0317  0.0338  0.0362  0.0336  0.0346  0.0323  0.0327
  0.0398  0.0391  0.0384  0.0364  0.0328  0.0313  0.0323  0.0335  0.0323  0.0327  0.0317  0.0319
  0.0387  0.0384  0.0382  0.0371  0.0345  0.0319  0.0315  0.0319  0.0315  0.0316  0.0314  0.0314
  0.0383  0.0383  0.0383  0.0382  0.0366  0.0332  0.0313  0.0313  0.0313  0.0313  0.0313  0.0313
  0.0387  0.0388  0.0387  0.0397  0.0394  0.0346  0.0319  0.0320  0.0318  0.0318  0.0315  0.0314
  0.0400  0.0398  0.0395  0.0420  0.0428  0.0367  0.0330  0.0337  0.0328  0.0331  0.0320  0.0319
  0.0420  0.0413  0.0407  0.0456  0.0462  0.0404  0.0345  0.0360  0.0343  0.0350  0.0327  0.0327
niter,ni,del,rscale     7    3    5.0000    1.2000
parameter  5  0.591900 ->  0.500000 qaram    1.5209
parameters
   -4.5551  -10.5685   12.5238  -11.5404  -14.4267   -9.9917
    2.5603   -0.3793    0.5833    0.7032   -1.3677    0.4257
eta,q 0.97056  7.36410
  0.0347  0.0339  0.0330  0.0330  0.0301  0.0333  0.0325  0.0342  0.0319  0.0327  0.0310  0.0309
  0.0327  0.0323  0.0320  0.0314  0.0296  0.0311  0.0309  0.0316  0.0306  0.0308  0.0302  0.0301
  0.0316  0.0315  0.0314  0.0307  0.0297  0.0297  0.0299  0.0300  0.0298  0.0298  0.0297  0.0296
  0.0313  0.0313  0.0313  0.0312  0.0307  0.0295  0.0295  0.0295  0.0295  0.0295  0.0295  0.0294
  0.0319  0.0317  0.0316  0.0325  0.0329  0.0307  0.0297  0.0302  0.0297  0.0298  0.0295  0.0296
  0.0333  0.0327  0.0323  0.0342  0.0358  0.0328  0.0307  0.0320  0.0305  0.0307  0.0299  0.0301
  0.0354  0.0343  0.0335  0.0365  0.0394  0.0352  0.0321  0.0345  0.0318  0.0321  0.0305  0.0308
niter,ni,del,rscale     7    3    5.0000    1.2000
parameters
   -4.6179  -10.1444   12.5905  -11.5683  -15.5669  -10.1581
    2.6306   -0.5957    0.3691    1.4557   -1.1033    0.1954
eta,q 0.97061  7.31094
  0.0330  0.0328  0.0314  0.0336  0.0327  0.0341  0.0322  0.0340  0.0316  0.0328  0.0308  0.0307
  0.0310  0.0311  0.0303  0.0313  0.0309  0.0318  0.0307  0.0315  0.0304  0.0310  0.0300  0.0299
  0.0298  0.0300  0.0296  0.0298  0.0297  0.0300  0.0297  0.0299  0.0297  0.0298  0.0296  0.0295
  0.0294  0.0294  0.0294  0.0294  0.0294  0.0294  0.0294  0.0294  0.0294  0.0294  0.0294  0.0294
  0.0300  0.0295  0.0296  0.0301  0.0300  0.0301  0.0297  0.0301  0.0297  0.0296  0.0295  0.0296
  0.0313  0.0300  0.0302  0.0316  0.0319  0.0321  0.0307  0.0320  0.0306  0.0304  0.0299  0.0301
  0.0334  0.0310  0.0312  0.0334  0.0348  0.0344  0.0321  0.0345  0.0319  0.0315  0.0306  0.0308
niter,ni,del,rscale     6    3    5.0000    1.2000
parameters
   -4.6545   -9.8744   12.5085  -11.7816  -16.0051  -10.2407
    2.7419   -0.7048    0.3051    2.0605   -0.9376   -0.0213
eta,q 0.97062  7.28121
  0.0330  0.0322  0.0311  0.0334  0.0330  0.0341  0.0322  0.0341  0.0317  0.0325  0.0307  0.0307
  0.0310  0.0307  0.0301  0.0312  0.0311  0.0318  0.0307  0.0315  0.0305  0.0308  0.0300  0.0299
  0.0298  0.0298  0.0296  0.0298  0.0298  0.0301  0.0297  0.0299  0.0297  0.0298  0.0296  0.0295
  0.0294  0.0294  0.0294  0.0294  0.0294  0.0294  0.0294  0.0294  0.0294  0.0294  0.0294  0.0294
  0.0299  0.0295  0.0296  0.0302  0.0297  0.0300  0.0297  0.0300  0.0297  0.0296  0.0295  0.0296
  0.0311  0.0301  0.0303  0.0317  0.0312  0.0319  0.0306  0.0318  0.0305  0.0303  0.0299  0.0301
  0.0332  0.0311  0.0314  0.0335  0.0339  0.0343  0.0320  0.0343  0.0318  0.0315  0.0306  0.0308
niter,ni,del,rscale     5    3    5.0000    1.2000
parameters
   -4.6759   -9.6524   12.4098  -11.9401  -16.3451  -10.3431
    2.8012   -0.7673    0.2377    2.5824   -0.7895   -0.1923
eta,q 0.97061  7.25722
  0.0330  0.0320  0.0310  0.0335  0.0329  0.0340  0.0321  0.0341  0.0317  0.0324  0.0307  0.0307
  0.0310  0.0306  0.0301  0.0313  0.0311  0.0318  0.0307  0.0315  0.0305  0.0307  0.0300  0.0299
  0.0298  0.0297  0.0295  0.0298  0.0299  0.0301  0.0297  0.0299  0.0297  0.0297  0.0296  0.0295
  0.0294  0.0294  0.0294  0.0294  0.0294  0.0294  0.0294  0.0294  0.0294  0.0294  0.0294  0.0294
  0.0298  0.0295  0.0296  0.0301  0.0297  0.0300  0.0297  0.0300  0.0297  0.0296  0.0295  0.0296
  0.0311  0.0301  0.0303  0.0317  0.0311  0.0319  0.0306  0.0318  0.0305  0.0303  0.0299  0.0301
  0.0331  0.0311  0.0313  0.0335  0.0337  0.0342  0.0320  0.0342  0.0318  0.0315  0.0306  0.0307
niter,ni,del,rscale     4    3    5.0000    1.2000
parameters
   -4.6827   -9.4550   12.3168  -12.0723  -16.6622  -10.4682
    2.8338   -0.8008    0.1566    3.0528   -0.6514   -0.3309
eta,q 0.97061  7.23494
  0.0330  0.0319  0.0310  0.0336  0.0329  0.0339  0.0321  0.0341  0.0317  0.0323  0.0307  0.0307
  0.0310  0.0305  0.0301  0.0313  0.0310  0.0317  0.0306  0.0315  0.0305  0.0307  0.0300  0.0299
  0.0298  0.0297  0.0295  0.0298  0.0298  0.0301  0.0297  0.0299  0.0297  0.0297  0.0296  0.0295
  0.0294  0.0294  0.0294  0.0294  0.0294  0.0294  0.0294  0.0294  0.0294  0.0294  0.0294  0.0294
  0.0298  0.0296  0.0296  0.0301  0.0297  0.0300  0.0297  0.0300  0.0297  0.0296  0.0295  0.0295
  0.0310  0.0302  0.0303  0.0317  0.0311  0.0319  0.0306  0.0317  0.0305  0.0303  0.0299  0.0300
  0.0330  0.0311  0.0313  0.0336  0.0336  0.0342  0.0320  0.0341  0.0318  0.0315  0.0306  0.0307
niter,ni,del,rscale     3    3    5.0000    1.2000
parameters
   -4.6803   -9.2623   12.2241  -12.1838  -16.9606  -10.6125
    2.8435   -0.8062    0.0617    3.5077   -0.5066   -0.4505
eta,q 0.97062  7.21402
  0.0330  0.0318  0.0310  0.0336  0.0328  0.0339  0.0321  0.0341  0.0317  0.0322  0.0307  0.0306
  0.0310  0.0305  0.0301  0.0314  0.0310  0.0317  0.0306  0.0316  0.0305  0.0307  0.0300  0.0299
  0.0298  0.0297  0.0295  0.0299  0.0298  0.0301  0.0297  0.0299  0.0297  0.0298  0.0296  0.0295
  0.0294  0.0294  0.0294  0.0294  0.0294  0.0294  0.0294  0.0294  0.0294  0.0294  0.0294  0.0294
  0.0298  0.0296  0.0296  0.0301  0.0297  0.0300  0.0297  0.0300  0.0297  0.0296  0.0295  0.0295
  0.0310  0.0301  0.0303  0.0317  0.0310  0.0318  0.0307  0.0317  0.0305  0.0303  0.0299  0.0300
  0.0329  0.0311  0.0313  0.0336  0.0335  0.0342  0.0320  0.0341  0.0318  0.0316  0.0306  0.0307
niter,ni,del,rscale     2    3    5.0000    1.2000
parameters
   -4.6698   -9.0861   12.1282  -12.2894  -17.2388  -10.7614
    2.8380   -0.8007   -0.0460    3.9241   -0.3733   -0.5785
eta,q 0.97062  7.19436
  0.0329  0.0317  0.0310  0.0336  0.0328  0.0338  0.0320  0.0341  0.0318  0.0322  0.0307  0.0306
  0.0310  0.0305  0.0301  0.0314  0.0310  0.0317  0.0306  0.0315  0.0305  0.0307  0.0300  0.0299
  0.0298  0.0297  0.0295  0.0299  0.0298  0.0300  0.0297  0.0299  0.0297  0.0298  0.0295  0.0295
  0.0294  0.0294  0.0294  0.0294  0.0294  0.0294  0.0294  0.0294  0.0294  0.0294  0.0294  0.0294
  0.0298  0.0295  0.0296  0.0301  0.0297  0.0300  0.0297  0.0299  0.0297  0.0296  0.0295  0.0295
  0.0310  0.0301  0.0302  0.0317  0.0310  0.0318  0.0307  0.0316  0.0306  0.0303  0.0299  0.0300
  0.0329  0.0311  0.0312  0.0337  0.0334  0.0342  0.0320  0.0340  0.0319  0.0316  0.0306  0.0306
niter,ni,del,rscale     1    3    5.0000    1.2000
parameters
   -4.6547   -8.9196   12.0377  -12.3853  -17.4781  -10.8930
    2.8282   -0.7822   -0.1501    4.3022   -0.2800   -0.6883
eta,q 0.97063  7.17743
  0.0329  0.0317  0.0309  0.0337  0.0328  0.0338  0.0320  0.0341  0.0318  0.0322  0.0306  0.0306
  0.0310  0.0305  0.0300  0.0314  0.0310  0.0316  0.0306  0.0315  0.0305  0.0307  0.0300  0.0299
  0.0298  0.0297  0.0295  0.0299  0.0298  0.0300  0.0297  0.0299  0.0297  0.0298  0.0295  0.0294
  0.0294  0.0294  0.0294  0.0294  0.0294  0.0294  0.0294  0.0294  0.0294  0.0294  0.0294  0.0294
  0.0298  0.0295  0.0296  0.0301  0.0297  0.0299  0.0297  0.0299  0.0297  0.0296  0.0295  0.0295
  0.0309  0.0301  0.0302  0.0317  0.0310  0.0317  0.0306  0.0316  0.0306  0.0304  0.0299  0.0300
  0.0328  0.0311  0.0312  0.0337  0.0334  0.0342  0.0320  0.0340  0.0319  0.0317  0.0306  0.0306
registration optimization eta report
parameter search radius
    2.4000    2.4000    2.4000    9.5220   10.9503    9.5220
    7.2000    7.2000    8.2800    7.2000    7.2000    7.2000
100000*second partial in parameter space
       61.       35.       29.        5.        3.        5.
        5.        9.        4.        5.        2.        2.
  0.0329  0.0317  0.0309  0.0337  0.0328  0.0338  0.0320  0.0341  0.0318  0.0322  0.0306  0.0306
  0.0310  0.0305  0.0300  0.0314  0.0310  0.0316  0.0306  0.0315  0.0305  0.0307  0.0300  0.0299
  0.0298  0.0297  0.0295  0.0299  0.0298  0.0300  0.0297  0.0299  0.0297  0.0298  0.0295  0.0294
  0.0294  0.0294  0.0294  0.0294  0.0294  0.0294  0.0294  0.0294  0.0294  0.0294  0.0294  0.0294
  0.0298  0.0295  0.0296  0.0301  0.0297  0.0299  0.0297  0.0299  0.0297  0.0296  0.0295  0.0295
  0.0309  0.0301  0.0302  0.0317  0.0310  0.0317  0.0306  0.0316  0.0306  0.0304  0.0299  0.0300
  0.0328  0.0311  0.0312  0.0337  0.0334  0.0342  0.0320  0.0340  0.0319  0.0317  0.0306  0.0306
   -4.6547   -8.9196   12.0377  -12.3853  -17.4781  -10.8930
    2.8282   -0.7822   -0.1501    4.3022   -0.2800   -0.6883
eta,q 0.97063  7.17743

---------------------------------------------------------------------
imgreg_4dfp /opt/freesurfer/average/711-2C_as_mni_average_305 /opt/freesurfer/average/711-2B_as_mni_average_305_mask talsrcimg_g11 none talsrcimg_to_711-2C_as_mni_average_305_t4 2311
---------------------------------------------------------------------

freesurfer imgreg_4dfp.c
/opt/freesurfer/average/711-2C_as_mni_average_305.4dfp.img
       256       256       256         1
  1.000000  1.000000  1.000000
orientation T byte_order littleendian
Reading image: /opt/freesurfer/average/711-2C_as_mni_average_305.4dfp.img
dimensions:      256       256       256
mmppix:       1.0000   -1.0000   -1.0000
center:     128.0000 -129.0000 -129.0000
/opt/freesurfer/average/711-2B_as_mni_average_305_mask.4dfp.img
       256       256       256         1
  1.000000  1.000000  1.000000
orientation T byte_order littleendian
Reading mask: /opt/freesurfer/average/711-2B_as_mni_average_305_mask.4dfp.img (2306576 pixels)
talsrcimg_g11.4dfp.img
       256       256       256         1
  0.898437  0.898437  0.898437
orientation T byte_order littleendian
Reading image: talsrcimg_g11.4dfp.img
dimensions:      256       256       256
mmppix:       0.8984   -0.8984   -0.8984
center:     114.9999 -115.8984 -115.8984
fimgreg.f
image alignment mode   2311 decimal      907 hex
parameters
   -4.6547   -8.9196   12.0377  -12.3853  -17.4781  -10.8930
    2.8282   -0.7822   -0.1501    4.3022   -0.2800   -0.6883
eta,q 0.97063  7.17743
niter,ni,del,rscale     5    3    5.0000    0.8000
parameters
   -4.6365   -8.7896   11.9667  -12.5637  -17.3679  -10.7694
    2.7841   -0.8144   -0.1740    4.5207   -0.1977   -1.0292
eta,q 0.97067  7.17864
  0.0310  0.0304  0.0300  0.0306  0.0301  0.0307  0.0306  0.0315  0.0303  0.0306  0.0299  0.0298
  0.0301  0.0299  0.0296  0.0299  0.0297  0.0300  0.0299  0.0303  0.0298  0.0300  0.0296  0.0295
  0.0296  0.0295  0.0294  0.0295  0.0294  0.0296  0.0295  0.0296  0.0295  0.0296  0.0294  0.0294
  0.0294  0.0294  0.0294  0.0294  0.0294  0.0294  0.0294  0.0294  0.0294  0.0294  0.0293  0.0293
  0.0295  0.0294  0.0295  0.0295  0.0294  0.0294  0.0295  0.0296  0.0294  0.0294  0.0294  0.0294
  0.0300  0.0297  0.0297  0.0300  0.0296  0.0299  0.0299  0.0303  0.0298  0.0298  0.0296  0.0296
  0.0309  0.0301  0.0302  0.0308  0.0300  0.0307  0.0306  0.0316  0.0303  0.0304  0.0299  0.0300
niter,ni,del,rscale     4    3    5.0000    0.7000
parameters
   -4.6265   -8.7142   11.9416  -12.6114  -17.5038  -10.7274
    2.7524   -0.8150   -0.1835    4.7352   -0.1367   -1.1425
eta,q 0.97068  7.17294
  0.0306  0.0301  0.0299  0.0304  0.0298  0.0304  0.0303  0.0310  0.0300  0.0304  0.0298  0.0297
  0.0299  0.0297  0.0296  0.0298  0.0295  0.0298  0.0297  0.0301  0.0297  0.0298  0.0295  0.0295
  0.0295  0.0294  0.0294  0.0295  0.0294  0.0295  0.0294  0.0295  0.0294  0.0295  0.0294  0.0293
  0.0293  0.0293  0.0293  0.0293  0.0293  0.0293  0.0293  0.0293  0.0293  0.0293  0.0293  0.0293
  0.0295  0.0294  0.0294  0.0295  0.0294  0.0294  0.0294  0.0295  0.0294  0.0294  0.0294  0.0294
  0.0299  0.0296  0.0296  0.0298  0.0296  0.0298  0.0298  0.0301  0.0297  0.0297  0.0295  0.0295
  0.0305  0.0300  0.0299  0.0304  0.0299  0.0304  0.0303  0.0310  0.0301  0.0302  0.0298  0.0298
niter,ni,del,rscale     3    3    5.0000    0.6000
parameters
   -4.6170   -8.6457   11.9159  -12.6246  -17.6145  -10.7154
    2.7348   -0.8037   -0.1828    4.9069   -0.1226   -1.2737
eta,q 0.97069  7.16868
  0.0302  0.0299  0.0297  0.0301  0.0297  0.0301  0.0300  0.0305  0.0299  0.0301  0.0297  0.0296
  0.0297  0.0296  0.0295  0.0297  0.0295  0.0297  0.0296  0.0298  0.0296  0.0297  0.0295  0.0294
  0.0294  0.0294  0.0294  0.0294  0.0293  0.0294  0.0294  0.0295  0.0294  0.0294  0.0294  0.0293
  0.0293  0.0293  0.0293  0.0293  0.0293  0.0293  0.0293  0.0293  0.0293  0.0293  0.0293  0.0293
  0.0294  0.0294  0.0294  0.0294  0.0294  0.0294  0.0294  0.0294  0.0294  0.0294  0.0294  0.0294
  0.0297  0.0295  0.0295  0.0297  0.0295  0.0297  0.0296  0.0298  0.0296  0.0296  0.0295  0.0295
  0.0302  0.0298  0.0298  0.0301  0.0297  0.0301  0.0300  0.0305  0.0299  0.0300  0.0297  0.0296
niter,ni,del,rscale     2    3    5.0000    0.5000
parameters
   -4.6079   -8.5879   11.8953  -12.6394  -17.6953  -10.6863
    2.7144   -0.7868   -0.1710    5.0484   -0.1513   -1.4282
eta,q 0.97070  7.16605
  0.0299  0.0297  0.0296  0.0299  0.0296  0.0299  0.0298  0.0301  0.0297  0.0299  0.0296  0.0295
  0.0296  0.0295  0.0294  0.0296  0.0294  0.0296  0.0295  0.0297  0.0295  0.0296  0.0294  0.0294
  0.0294  0.0294  0.0294  0.0294  0.0293  0.0294  0.0294  0.0294  0.0294  0.0294  0.0293  0.0293
  0.0293  0.0293  0.0293  0.0293  0.0293  0.0293  0.0293  0.0293  0.0293  0.0293  0.0293  0.0293
  0.0294  0.0293  0.0294  0.0294  0.0293  0.0294  0.0294  0.0294  0.0293  0.0293  0.0293  0.0293
  0.0296  0.0294  0.0295  0.0296  0.0294  0.0295  0.0295  0.0297  0.0295  0.0295  0.0294  0.0294
  0.0299  0.0296  0.0296  0.0299  0.0296  0.0299  0.0298  0.0301  0.0297  0.0298  0.0296  0.0295
niter,ni,del,rscale     1    3    5.0000    0.4000
parameters
   -4.6019   -8.5384   11.8742  -12.6481  -17.7669  -10.6797
    2.6916   -0.7472   -0.1555    5.1659   -0.1607   -1.5498
eta,q 0.97070  7.16330
  0.0297  0.0296  0.0295  0.0297  0.0295  0.0297  0.0296  0.0298  0.0296  0.0297  0.0295  0.0294
  0.0295  0.0294  0.0294  0.0295  0.0294  0.0295  0.0294  0.0295  0.0294  0.0295  0.0294  0.0294
  0.0294  0.0293  0.0293  0.0294  0.0293  0.0294  0.0293  0.0294  0.0293  0.0294  0.0293  0.0293
  0.0293  0.0293  0.0293  0.0293  0.0293  0.0293  0.0293  0.0293  0.0293  0.0293  0.0293  0.0293
  0.0293  0.0293  0.0293  0.0293  0.0293  0.0294  0.0293  0.0293  0.0293  0.0293  0.0293  0.0293
  0.0295  0.0294  0.0294  0.0295  0.0294  0.0295  0.0295  0.0295  0.0294  0.0294  0.0294  0.0294
  0.0297  0.0295  0.0295  0.0297  0.0295  0.0297  0.0296  0.0298  0.0296  0.0296  0.0295  0.0295
registration optimization eta report
parameter search radius
    0.8000    0.8000    0.8000    2.4000    2.4000    2.4000
    2.4000    2.4000    2.4000    2.4000    2.4000    2.4000
100000*second partial in parameter space
       60.       38.       30.        6.        3.        6.
        5.        9.        4.        6.        3.        3.
  0.0297  0.0296  0.0295  0.0297  0.0295  0.0297  0.0296  0.0298  0.0296  0.0297  0.0295  0.0294
  0.0295  0.0294  0.0294  0.0295  0.0294  0.0295  0.0294  0.0295  0.0294  0.0295  0.0294  0.0294
  0.0294  0.0293  0.0293  0.0294  0.0293  0.0294  0.0293  0.0294  0.0293  0.0294  0.0293  0.0293
  0.0293  0.0293  0.0293  0.0293  0.0293  0.0293  0.0293  0.0293  0.0293  0.0293  0.0293  0.0293
  0.0293  0.0293  0.0293  0.0293  0.0293  0.0294  0.0293  0.0293  0.0293  0.0293  0.0293  0.0293
  0.0295  0.0294  0.0294  0.0295  0.0294  0.0295  0.0295  0.0295  0.0294  0.0294  0.0294  0.0294
  0.0297  0.0295  0.0295  0.0297  0.0295  0.0297  0.0296  0.0298  0.0296  0.0296  0.0295  0.0295
   -4.6019   -8.5384   11.8742  -12.6481  -17.7669  -10.6797
    2.6916   -0.7472   -0.1555    5.1659   -0.1607   -1.5498
eta,q 0.97070  7.16330

---------------------------------------------------------------------
imgreg_4dfp /opt/freesurfer/average/711-2C_as_mni_average_305 /opt/freesurfer/average/711-2B_as_mni_average_305_mask talsrcimg_g11 none talsrcimg_to_711-2C_as_mni_average_305_t4 2311
---------------------------------------------------------------------

freesurfer imgreg_4dfp.c
/opt/freesurfer/average/711-2C_as_mni_average_305.4dfp.img
       256       256       256         1
  1.000000  1.000000  1.000000
orientation T byte_order littleendian
Reading image: /opt/freesurfer/average/711-2C_as_mni_average_305.4dfp.img
dimensions:      256       256       256
mmppix:       1.0000   -1.0000   -1.0000
center:     128.0000 -129.0000 -129.0000
/opt/freesurfer/average/711-2B_as_mni_average_305_mask.4dfp.img
       256       256       256         1
  1.000000  1.000000  1.000000
orientation T byte_order littleendian
Reading mask: /opt/freesurfer/average/711-2B_as_mni_average_305_mask.4dfp.img (2306576 pixels)
talsrcimg_g11.4dfp.img
       256       256       256         1
  0.898437  0.898437  0.898437
orientation T byte_order littleendian
Reading image: talsrcimg_g11.4dfp.img
dimensions:      256       256       256
mmppix:       0.8984   -0.8984   -0.8984
center:     114.9999 -115.8984 -115.8984
fimgreg.f
image alignment mode   2311 decimal      907 hex
parameters
   -4.6019   -8.5384   11.8742  -12.6481  -17.7669  -10.6797
    2.6916   -0.7472   -0.1555    5.1659   -0.1607   -1.5498
eta,q 0.97070  7.16330
niter,ni,del,rscale     5    3    5.0000    0.8000
parameters
   -4.5931   -8.5057   11.8773  -12.7153  -17.7581  -10.8005
    2.7158   -0.7280   -0.2337    5.1954   -0.0761   -1.2861
eta,q 0.97069  7.15782
  0.0309  0.0303  0.0301  0.0306  0.0300  0.0306  0.0306  0.0315  0.0302  0.0306  0.0299  0.0300
  0.0300  0.0298  0.0297  0.0299  0.0296  0.0299  0.0299  0.0303  0.0297  0.0299  0.0296  0.0296
  0.0295  0.0294  0.0294  0.0295  0.0294  0.0295  0.0294  0.0295  0.0294  0.0295  0.0294  0.0294
  0.0293  0.0293  0.0293  0.0293  0.0293  0.0293  0.0293  0.0293  0.0293  0.0293  0.0293  0.0293
  0.0295  0.0294  0.0294  0.0295  0.0294  0.0295  0.0295  0.0295  0.0294  0.0295  0.0294  0.0294
  0.0300  0.0297  0.0296  0.0300  0.0296  0.0300  0.0299  0.0302  0.0298  0.0299  0.0296  0.0295
  0.0308  0.0302  0.0301  0.0307  0.0300  0.0308  0.0305  0.0314  0.0303  0.0306  0.0299  0.0298
niter,ni,del,rscale     4    3    5.0000    0.7000
parameters
   -4.5873   -8.4998   11.8587  -12.6839  -17.8067  -10.8262
    2.7087   -0.7402   -0.2543    5.1929   -0.0704   -1.3132
eta,q 0.97070  7.15614
  0.0305  0.0301  0.0299  0.0304  0.0298  0.0303  0.0303  0.0310  0.0301  0.0303  0.0298  0.0298
  0.0298  0.0296  0.0296  0.0298  0.0295  0.0298  0.0297  0.0300  0.0297  0.0298  0.0295  0.0295
  0.0294  0.0294  0.0294  0.0294  0.0294  0.0295  0.0294  0.0295  0.0294  0.0294  0.0294  0.0293
  0.0293  0.0293  0.0293  0.0293  0.0293  0.0293  0.0293  0.0293  0.0293  0.0293  0.0293  0.0293
  0.0294  0.0294  0.0294  0.0294  0.0294  0.0294  0.0294  0.0295  0.0294  0.0294  0.0294  0.0294
  0.0298  0.0296  0.0296  0.0298  0.0296  0.0298  0.0297  0.0300  0.0297  0.0298  0.0295  0.0295
  0.0305  0.0300  0.0299  0.0304  0.0299  0.0304  0.0303  0.0310  0.0301  0.0303  0.0298  0.0297
niter,ni,del,rscale     3    3    5.0000    0.6000
parameters
   -4.5857   -8.4941   11.8498  -12.6767  -17.8173  -10.7956
    2.7009   -0.7487   -0.2336    5.2212   -0.0844   -1.3979
eta,q 0.97070  7.15685
  0.0302  0.0299  0.0297  0.0301  0.0297  0.0301  0.0300  0.0305  0.0299  0.0301  0.0297  0.0296
  0.0297  0.0296  0.0295  0.0297  0.0295  0.0297  0.0296  0.0298  0.0296  0.0297  0.0295  0.0294
  0.0294  0.0294  0.0294  0.0294  0.0293  0.0294  0.0294  0.0294  0.0294  0.0294  0.0293  0.0293
  0.0293  0.0293  0.0293  0.0293  0.0293  0.0293  0.0293  0.0293  0.0293  0.0293  0.0293  0.0293
  0.0294  0.0294  0.0294  0.0294  0.0294  0.0294  0.0294  0.0294  0.0294  0.0294  0.0294  0.0294
  0.0297  0.0295  0.0295  0.0297  0.0295  0.0296  0.0296  0.0298  0.0295  0.0297  0.0295  0.0295
  0.0302  0.0299  0.0297  0.0301  0.0297  0.0301  0.0300  0.0305  0.0299  0.0301  0.0297  0.0296
niter,ni,del,rscale     2    3    5.0000    0.5000
parameters
   -4.5863   -8.4827   11.8468  -12.6683  -17.8281  -10.7590
    2.6813   -0.7413   -0.1997    5.2551   -0.1198   -1.4843
eta,q 0.97070  7.15789
  0.0299  0.0297  0.0296  0.0299  0.0296  0.0299  0.0298  0.0301  0.0297  0.0299  0.0296  0.0295
  0.0296  0.0295  0.0294  0.0296  0.0294  0.0296  0.0295  0.0297  0.0295  0.0296  0.0294  0.0294
  0.0294  0.0293  0.0293  0.0294  0.0293  0.0294  0.0294  0.0294  0.0294  0.0294  0.0293  0.0293
  0.0293  0.0293  0.0293  0.0293  0.0293  0.0293  0.0293  0.0293  0.0293  0.0293  0.0293  0.0293
  0.0294  0.0293  0.0293  0.0294  0.0293  0.0294  0.0294  0.0294  0.0293  0.0294  0.0293  0.0293
  0.0296  0.0295  0.0295  0.0296  0.0294  0.0295  0.0295  0.0297  0.0295  0.0296  0.0294  0.0294
  0.0299  0.0297  0.0296  0.0299  0.0296  0.0298  0.0298  0.0301  0.0297  0.0298  0.0296  0.0295
niter,ni,del,rscale     1    3    5.0000    0.4000
parameters
   -4.5838   -8.4687   11.8350  -12.6702  -17.8164  -10.7293
    2.6801   -0.7187   -0.1692    5.2891   -0.1709   -1.5835
eta,q 0.97069  7.15922
  0.0297  0.0296  0.0295  0.0297  0.0295  0.0297  0.0296  0.0298  0.0296  0.0297  0.0295  0.0294
  0.0295  0.0294  0.0294  0.0295  0.0294  0.0295  0.0294  0.0295  0.0294  0.0295  0.0294  0.0294
  0.0294  0.0293  0.0293  0.0293  0.0293  0.0294  0.0293  0.0294  0.0293  0.0293  0.0293  0.0293
  0.0293  0.0293  0.0293  0.0293  0.0293  0.0293  0.0293  0.0293  0.0293  0.0293  0.0293  0.0293
  0.0293  0.0293  0.0293  0.0293  0.0293  0.0293  0.0293  0.0294  0.0293  0.0293  0.0293  0.0293
  0.0295  0.0294  0.0294  0.0295  0.0294  0.0295  0.0294  0.0295  0.0294  0.0295  0.0294  0.0294
  0.0297  0.0295  0.0295  0.0297  0.0295  0.0297  0.0296  0.0298  0.0296  0.0297  0.0295  0.0295
registration optimization eta report
parameter search radius
    0.8000    0.8000    0.8000    2.4000    2.4000    2.4000
    2.4000    2.4000    2.4000    2.4000    2.4000    2.4000
100000*second partial in parameter space
       60.       39.       31.        6.        3.        6.
        6.        9.        4.        6.        3.        2.
  0.0297  0.0296  0.0295  0.0297  0.0295  0.0297  0.0296  0.0298  0.0296  0.0297  0.0295  0.0294
  0.0295  0.0294  0.0294  0.0295  0.0294  0.0295  0.0294  0.0295  0.0294  0.0295  0.0294  0.0294
  0.0294  0.0293  0.0293  0.0293  0.0293  0.0294  0.0293  0.0294  0.0293  0.0293  0.0293  0.0293
  0.0293  0.0293  0.0293  0.0293  0.0293  0.0293  0.0293  0.0293  0.0293  0.0293  0.0293  0.0293
  0.0293  0.0293  0.0293  0.0293  0.0293  0.0293  0.0293  0.0294  0.0293  0.0293  0.0293  0.0293
  0.0295  0.0294  0.0294  0.0295  0.0294  0.0295  0.0294  0.0295  0.0294  0.0295  0.0294  0.0294
  0.0297  0.0295  0.0295  0.0297  0.0295  0.0297  0.0296  0.0298  0.0296  0.0297  0.0295  0.0295
   -4.5838   -8.4687   11.8350  -12.6702  -17.8164  -10.7293
    2.6801   -0.7187   -0.1692    5.2891   -0.1709   -1.5835
eta,q 0.97069  7.15922

---------------------------------------------------------------------
compute_vox2vox talsrcimg talsrcimg_to_711-2C_as_mni_average_305_t4 /opt/freesurfer/average/711-2C_as_mni_average_305
---------------------------------------------------------------------

freesurfer compute_vox2vox.c
Reading: talsrcimg.4dfp.ifh
Reading: talsrcimg_to_711-2C_as_mni_average_305_t4
Reading: /opt/freesurfer/average/711-2C_as_mni_average_305.4dfp.ifh
Writing: talsrcimg_to_711-2C_as_mni_average_305_t4_vox2vox.txt

start time Thu Mar 12 23:05:13 CET 2026
end		time Thu Mar 12 23:06:37 CET 2026

mpr2mni305 success

avi2talxfm orig_nu.mgz /opt/freesurfer/average/mni305.cor.mgz talsrcimg_to_711-2C_as_mni_average_305_t4_vox2vox.txt transforms/talairach.auto.xfm
avi2talxfm done
mv -f /out/sourcedata/freesurfer/sub-v2s2x29094_ses-1/mri/talsrcimg_to_711-2C_as_mni_average_305_t4_vox2vox.txt /out/sourcedata/freesurfer/sub-v2s2x29094_ses-1/mri/transforms/talsrcimg_to_711-2C_as_mni_average_305_t4_vox2vox.txt
lta_convert --src orig_nu.mgz --trg /opt/freesurfer/average/mni305.cor.mgz --inxfm transforms/talairach.auto.xfm --outlta transforms/talairach.auto.xfm.lta --subject fsaverage
7.3.2

--src: orig_nu.mgz src image (geometry).
--trg: /opt/freesurfer/average/mni305.cor.mgz trg image (geometry).
--inmni: transforms/talairach.auto.xfm input MNI/XFM transform.
--outlta: transforms/talairach.auto.xfm.lta output LTA.
--s: fsaverage subject name
 LTA read, type : 1
 1.14503   0.01142  -0.03712  -0.93176;
 0.00223   1.11893   0.02149   10.21944;
 0.00221  -0.07199   1.21532  -3.85059;
 0.00000   0.00000   0.00000   1.00000;
setting subject to fsaverage
Writing  LTA to file transforms/talairach.auto.xfm.lta...
lta_convert successful.
 
 
Started at Thu Mar 12 23:05:13 CET 2026
Ended   at Thu Mar 12 23:06:38 CET 2026
talairach_avi done
