Log file for defect2seg
Fri Mar 13 01:29:03 CET 2026

setenv SUBJECTS_DIR /out/sourcedata/freesurfer
cd /out/sourcedata/freesurfer/sub-v2s2x29094_ses-1/scripts
/opt/freesurfer/bin/defect2seg --s sub-v2s2x29094_ses-1 --rh-only --cortex

freesurfer-linux-ubuntu22_x86_64-7.3.2-20220804-6354275
defect2seg 7.3.2
Linux dna061 5.14.0-427.37.1.el9_4.x86_64 #1 SMP PREEMPT_DYNAMIC Fri Sep 13 12:41:50 EDT 2024 x86_64 x86_64 x86_64 GNU/Linux
pid 31183
mri_label2label --label-cortex /out/sourcedata/freesurfer/sub-v2s2x29094_ses-1/surf/rh.orig.nofix /out/sourcedata/freesurfer/sub-v2s2x29094_ses-1/mri/aseg.presurf.mgz 0 /out/sourcedata/freesurfer/sub-v2s2x29094_ses-1/label/rh.nofix.cortex.label

 Generating cortex label... RemoveHipAmgy=0
 NucAccIsMedialWall=0
 mris->useRealRAS=0
21 non-cortical segments detected
only using segment with 8736 vertices
erasing segment 0 (vno[0] = 52693)
erasing segment 1 (vno[0] = 52699)
erasing segment 3 (vno[0] = 74529)
erasing segment 4 (vno[0] = 117652)
erasing segment 5 (vno[0] = 119882)
erasing segment 6 (vno[0] = 120022)
erasing segment 7 (vno[0] = 121290)
erasing segment 8 (vno[0] = 122466)
erasing segment 9 (vno[0] = 122762)
erasing segment 10 (vno[0] = 123975)
erasing segment 11 (vno[0] = 125275)
erasing segment 12 (vno[0] = 125485)
erasing segment 13 (vno[0] = 125585)
erasing segment 14 (vno[0] = 127037)
erasing segment 15 (vno[0] = 128023)
erasing segment 16 (vno[0] = 128040)
erasing segment 17 (vno[0] = 128153)
erasing segment 18 (vno[0] = 130527)
erasing segment 19 (vno[0] = 136240)
erasing segment 20 (vno[0] = 152315)
mri_label2vol --defects /out/sourcedata/freesurfer/sub-v2s2x29094_ses-1/surf/rh.orig.nofix /out/sourcedata/freesurfer/sub-v2s2x29094_ses-1/surf/rh.defect_labels /out/sourcedata/freesurfer/sub-v2s2x29094_ses-1/mri/orig.mgz 2000 0 /out/sourcedata/freesurfer/sub-v2s2x29094_ses-1/mri/rh.surface.defects.mgz /out/sourcedata/freesurfer/sub-v2s2x29094_ses-1/label/rh.nofix.cortex.label
mri_label2vol supposed to be reproducible but seed not set
Contraining to label /out/sourcedata/freesurfer/sub-v2s2x29094_ses-1/label/rh.nofix.cortex.label
Changing input type 0 to MRI_INT
Converting defects to volume: offset=2000, merge=0
Writing to /out/sourcedata/freesurfer/sub-v2s2x29094_ses-1/mri/rh.surface.defects.mgz
mris_defects_pointset -s /out/sourcedata/freesurfer/sub-v2s2x29094_ses-1/surf/rh.orig.nofix -d /out/sourcedata/freesurfer/sub-v2s2x29094_ses-1/surf/rh.defect_labels -o /out/sourcedata/freesurfer/sub-v2s2x29094_ses-1/surf/rh.defects.pointset --label /out/sourcedata/freesurfer/sub-v2s2x29094_ses-1/label/rh.nofix.cortex.label
Reading in surface /out/sourcedata/freesurfer/sub-v2s2x29094_ses-1/surf/rh.orig.nofix
Reading in defect segmentation /out/sourcedata/freesurfer/sub-v2s2x29094_ses-1/surf/rh.defect_labels
Reading in label /out/sourcedata/freesurfer/sub-v2s2x29094_ses-1/label/rh.nofix.cortex.label
#VMPC# mris_defects_pointset 2130764
mris_defects_pointset done
 
Started at Fri Mar 13 01:29:03 CET 2026 
Ended   at Fri Mar 13 01:29:23 CET 2026
Defect2seg-Run-Time-Sec 20
Defect2seg-Run-Time-Min 0.40
Defect2seg-Run-Time-Hours 0.01
 
defect2seg Done
