status file for recon-all
Thu Mar 12 23:02:05 CET 2026
#@# MotionCor Thu Mar 12 23:02:07 CET 2026
#@# Talairach Thu Mar 12 23:02:17 CET 2026
#@# Talairach Failure Detection Thu Mar 12 23:06:40 CET 2026
#@# Nu Intensity Correction Thu Mar 12 23:06:40 CET 2026
#@# Intensity Normalization Thu Mar 12 23:09:55 CET 2026
recon-all -s sub-v2s2x29094_ses-1 finished without error at Thu Mar 12 23:11:36 CET 2026



#New# invocation of recon-all 



status file for recon-all
Thu Mar 12 23:19:17 CET 2026
#@# EM Registration Thu Mar 12 23:19:17 CET 2026
recon-all -s sub-v2s2x29094_ses-1 finished without error at Thu Mar 12 23:21:18 CET 2026



#New# invocation of recon-all 



status file for recon-all
Thu Mar 12 23:21:22 CET 2026
#@# CA Normalize Thu Mar 12 23:21:22 CET 2026
#@# CA Reg Thu Mar 12 23:22:40 CET 2026
#@# SubCort Seg Fri Mar 13 00:13:50 CET 2026
#@# CC Seg Fri Mar 13 00:49:02 CET 2026
#@# Merge ASeg Fri Mar 13 00:49:45 CET 2026
#@# Intensity Normalization2 Fri Mar 13 00:49:45 CET 2026
#@# Mask BFS Fri Mar 13 00:51:57 CET 2026
#@# WM Segmentation Fri Mar 13 00:51:58 CET 2026
#@# Fill Fri Mar 13 00:54:12 CET 2026
recon-all -s sub-v2s2x29094_ses-1 finished without error at Fri Mar 13 00:55:20 CET 2026



#New# invocation of recon-all 



status file for recon-all
Fri Mar 13 01:54:55 CET 2026
#@# white curv lh Fri Mar 13 01:54:55 CET 2026
#@# white area lh Fri Mar 13 01:54:55 CET 2026
#@# pial curv lh Fri Mar 13 01:54:55 CET 2026
#@# pial area lh Fri Mar 13 01:54:55 CET 2026
#@# thickness lh Fri Mar 13 01:54:55 CET 2026
#@# area and vertex vol lh Fri Mar 13 01:54:55 CET 2026
#@# white curv rh Fri Mar 13 01:54:55 CET 2026
#@# white area rh Fri Mar 13 01:54:55 CET 2026
#@# pial curv rh Fri Mar 13 01:54:56 CET 2026
#@# pial area rh Fri Mar 13 01:54:56 CET 2026
#@# thickness rh Fri Mar 13 01:54:56 CET 2026
#@# area and vertex vol rh Fri Mar 13 01:54:56 CET 2026
#@# Cortical ribbon mask Fri Mar 13 01:54:56 CET 2026
recon-all -s sub-v2s2x29094_ses-1 finished without error at Fri Mar 13 02:09:03 CET 2026



#New# invocation of recon-all 



status file for recon-all
Fri Mar 13 02:17:31 CET 2026
#@# white curv lh Fri Mar 13 02:17:31 CET 2026
#@# white area lh Fri Mar 13 02:17:31 CET 2026
#@# pial curv lh Fri Mar 13 02:17:31 CET 2026
#@# pial area lh Fri Mar 13 02:17:31 CET 2026
#@# thickness lh Fri Mar 13 02:17:31 CET 2026
#@# area and vertex vol lh Fri Mar 13 02:17:31 CET 2026
#@# white curv rh Fri Mar 13 02:17:31 CET 2026
#@# white area rh Fri Mar 13 02:17:31 CET 2026
#@# pial curv rh Fri Mar 13 02:17:31 CET 2026
#@# pial area rh Fri Mar 13 02:17:31 CET 2026
#@# thickness rh Fri Mar 13 02:17:31 CET 2026
#@# area and vertex vol rh Fri Mar 13 02:17:31 CET 2026
#@# Curvature Stats lh Fri Mar 13 02:17:31 CET 2026
#@# Curvature Stats rh Fri Mar 13 02:17:35 CET 2026
#@# Relabel Hypointensities Fri Mar 13 02:17:38 CET 2026
#@# APas-to-ASeg Fri Mar 13 02:17:57 CET 2026
#@# AParc-to-ASeg aparc Fri Mar 13 02:18:07 CET 2026
#@# AParc-to-ASeg aparc.a2009s Fri Mar 13 02:19:02 CET 2026
#@# AParc-to-ASeg aparc.DKTatlas Fri Mar 13 02:19:57 CET 2026
#@# WMParc Fri Mar 13 02:20:48 CET 2026
#@# ASeg Stats Fri Mar 13 02:24:41 CET 2026
recon-all -s sub-v2s2x29094_ses-1 finished without error at Fri Mar 13 02:25:21 CET 2026
