status file for recon-all
Fri Mar 13 01:25:09 CET 2026
#@# Tessellate rh Fri Mar 13 01:25:09 CET 2026
#@# Smooth1 rh Fri Mar 13 01:25:13 CET 2026
#@# Inflation1 rh Fri Mar 13 01:25:16 CET 2026
#@# QSphere rh Fri Mar 13 01:26:31 CET 2026
#@# Fix Topology rh Fri Mar 13 01:27:50 CET 2026
#@# Smooth2 rh Fri Mar 13 01:35:22 CET 2026
#@# Inflation2 rh Fri Mar 13 01:35:26 CET 2026
#@# Curv .H and .K rh Fri Mar 13 01:35:55 CET 2026
#@# Sphere rh Fri Mar 13 01:36:56 CET 2026
#@# Surf Reg rh Fri Mar 13 01:39:40 CET 2026
#@# Jacobian white rh Fri Mar 13 01:44:16 CET 2026
#@# AvgCurv rh Fri Mar 13 01:44:17 CET 2026
#@# Cortical Parc rh Fri Mar 13 01:44:19 CET 2026
#@# white curv rh Fri Mar 13 01:53:23 CET 2026
#@# white area rh Fri Mar 13 01:53:25 CET 2026
#@# pial curv rh Fri Mar 13 01:53:26 CET 2026
#@# pial area rh Fri Mar 13 01:53:29 CET 2026
#@# thickness rh Fri Mar 13 01:53:30 CET 2026
#@# area and vertex vol rh Fri Mar 13 01:54:11 CET 2026
#@# Curvature Stats rh Fri Mar 13 01:54:13 CET 2026
#@# Cortical Parc 2 rh Fri Mar 13 01:54:17 CET 2026
#@# Cortical Parc 3 rh Fri Mar 13 01:54:34 CET 2026
#@# WM/GM Contrast rh Fri Mar 13 01:54:46 CET 2026
recon-all -s sub-v2s2x29094_ses-1 finished without error at Fri Mar 13 01:54:52 CET 2026



#New# invocation of recon-all 



status file for recon-all
Fri Mar 13 02:13:19 CET 2026
#@# white curv rh Fri Mar 13 02:13:19 CET 2026
#@# white area rh Fri Mar 13 02:13:19 CET 2026
#@# pial curv rh Fri Mar 13 02:13:19 CET 2026
#@# pial area rh Fri Mar 13 02:13:19 CET 2026
#@# thickness rh Fri Mar 13 02:13:19 CET 2026
#@# area and vertex vol rh Fri Mar 13 02:13:19 CET 2026
#@# Parcellation Stats rh Fri Mar 13 02:13:19 CET 2026
#@# Parcellation Stats 2 rh Fri Mar 13 02:13:47 CET 2026
#@# Parcellation Stats 3 rh Fri Mar 13 02:14:02 CET 2026
#@# BA_exvivo Labels rh Fri Mar 13 02:14:16 CET 2026
recon-all -s sub-v2s2x29094_ses-1 finished without error at Fri Mar 13 02:17:27 CET 2026
