/out/sourcedata/freesurfer/sub-v2s2x29091_ses-1/mri
/opt/freesurfer/bin/talairach_avi
--i orig_nu.mgz --xfm transforms/talairach.auto.xfm
talairach_avi 7.3.2
Linux dna026 5.14.0-427.37.1.el9_4.x86_64 #1 SMP PREEMPT_DYNAMIC Fri Sep 13 12:41:50 EDT 2024 x86_64 x86_64 x86_64 GNU/Linux
Thu Mar 12 22:59:17 CET 2026
mri_convert orig_nu.mgz talsrcimg.img 
reading from orig_nu.mgz...
TR=0.00, TE=0.00, TI=0.00, flip angle=0.00
i_ras = (-1, 0, 0)
j_ras = (0, 0, -1)
k_ras = (0, 1, 0)
writing to talsrcimg.img...
Analyze Output Matrix
-0.89844   0.00000   0.00000   112.32311;
 0.00000   0.00000   0.89844  -129.46649;
 0.00000  -0.89844   0.00000   130.00348;
 0.00000   0.00000   0.00000   1.00000;
--------------------
INFO: set hdr.hist.orient to -1
mpr2mni305 talsrcimg
Thu Mar 12 22:59:17 CET 2026
/opt/freesurfer/bin/mpr2mni305 talsrcimg
mpr2mni305 7.3.2
target=711-2C_as_mni_average_305

---------------------------------------------------------------------
analyzeto4dfp talsrcimg -O0 -y
---------------------------------------------------------------------

freesurfer ifh2hdr.c
Thu Mar 12 22:59:18 2026
Writing: talsrcimg.4dfp.hdr
freesurfer analyzeto4dfp.c
Reading: talsrcimg.hdr
header size 348 bytes
hdr.dime.datatype	offset=70	value=2
hdr.dime.bitpix		offset=72	value=8
hdr.hist.orient		offset=252	value=-1
dimensionality     4
dimensions       256       256       256         1
Reading: talsrcimg.img
Writing: talsrcimg.4dfp.img
Writing: talsrcimg.4dfp.ifh
ifh2hdr talsrcimg -r0to253
ori=2

---------------------------------------------------------------------
gauss_4dfp talsrcimg 1.1
---------------------------------------------------------------------

freesurfer gauss_4dfp.c
Reading: talsrcimg.4dfp.img
Writing: talsrcimg_g11.4dfp.img
image dimensions 256 256 256 padded to 288 288 288
processing volume 1freesurfer ifh2hdr.c
Thu Mar 12 22:59:19 2026
Writing: talsrcimg_g11.4dfp.hdr

Writing: talsrcimg_g11.4dfp.ifh
including: talsrcimg.4dfp.img.rec in talsrcimg_g11.4dfp.img.rec

---------------------------------------------------------------------
imgreg_4dfp /opt/freesurfer/average/711-2C_as_mni_average_305 none talsrcimg_g11 none talsrcimg_to_711-2C_as_mni_average_305_t4 4355
---------------------------------------------------------------------

freesurfer imgreg_4dfp.c
/opt/freesurfer/average/711-2C_as_mni_average_305.4dfp.img
       256       256       256         1
  1.000000  1.000000  1.000000
orientation T byte_order littleendian
Reading image: /opt/freesurfer/average/711-2C_as_mni_average_305.4dfp.img
dimensions:      256       256       256
mmppix:       1.0000   -1.0000   -1.0000
center:     128.0000 -129.0000 -129.0000
talsrcimg_g11.4dfp.img
       256       256       256         1
  0.898438  0.898438  0.898438
orientation T byte_order littleendian
Reading image: talsrcimg_g11.4dfp.img
dimensions:      256       256       256
mmppix:       0.8984   -0.8984   -0.8984
center:     115.0001 -115.8985 -115.8985
t4_read: open error in t4_sub.f l:  41 t4_file(1:l)talsrcimg_to_711-2C_as_mni_average_305_t4 
t4_read: transform initialized to I4
rotation matrix determinant  1.000000
image alignment mode   4355 decimal     1103 hex
   -7.5000  -45.0000  -45.0000 5877.5005   12.1944
    0.0000  -45.0000  -45.0000 5915.2422   12.2028
    7.5000  -45.0000  -45.0000 5629.7114   12.1977
   -7.5000  -37.5000  -45.0000 6357.8853   12.9497
    0.0000  -37.5000  -45.0000 6379.3833   12.9564
    7.5000  -37.5000  -45.0000 6076.6240   12.9497
   -7.5000  -30.0000  -45.0000 6816.0161   13.3523
    0.0000  -30.0000  -45.0000 6841.6318   13.3578
    7.5000  -30.0000  -45.0000 6507.9282   13.3519
   -7.5000  -22.5000  -45.0000 7302.6587   13.3527
    0.0000  -22.5000  -45.0000 7335.7031   13.3593
    7.5000  -22.5000  -45.0000 6964.5049   13.3554
   -7.5000  -15.0000  -45.0000 7718.1440   13.3582
    0.0000  -15.0000  -45.0000 7764.6797   13.3667
    7.5000  -15.0000  -45.0000 7366.2637   13.3645
   -7.5000   -7.5000  -45.0000 7810.5815   13.3638
    0.0000   -7.5000  -45.0000 7850.6519   13.3734
    7.5000   -7.5000  -45.0000 7466.9951   13.3704
   -7.5000    0.0000  -45.0000 7855.6162   13.3644
    0.0000    0.0000  -45.0000 7917.7139   13.3736
    7.5000    0.0000  -45.0000 7535.1372   13.3680
   -7.5000    7.5000  -45.0000 7591.2065   13.3579
    0.0000    7.5000  -45.0000 7641.6050   13.3648
    7.5000    7.5000  -45.0000 7292.5850   13.3580
   -7.5000   15.0000  -45.0000 7548.3940   13.3523
    0.0000   15.0000  -45.0000 7565.3130   13.3578
    7.5000   15.0000  -45.0000 7227.1304   13.3519
   -7.5000   22.5000  -45.0000 6998.9409   13.1731
    0.0000   22.5000  -45.0000 6979.8311   13.1796
    7.5000   22.5000  -45.0000 6660.6567   13.1757
   -7.5000   30.0000  -45.0000 6407.3628   12.8271
    0.0000   30.0000  -45.0000 6392.8022   12.8352
    7.5000   30.0000  -45.0000 6081.2070   12.8331
   -7.5000   37.5000  -45.0000 5843.4346   12.4192
    0.0000   37.5000  -45.0000 5839.6235   12.4281
    7.5000   37.5000  -45.0000 5549.0820   12.4253
   -7.5000   45.0000  -45.0000 5286.3979   12.0532
    0.0000   45.0000  -45.0000 5270.2236   12.0618
    7.5000   45.0000  -45.0000 5017.0088   12.0561
   -7.5000  -45.0000  -37.5000 6431.5527   12.7363
    0.0000  -45.0000  -37.5000 6481.1304   12.7372
    7.5000  -45.0000  -37.5000 6152.0352   12.7307
   -7.5000  -37.5000  -37.5000 6924.4604   13.5366
    0.0000  -37.5000  -37.5000 6966.5649   13.5350
    7.5000  -37.5000  -37.5000 6635.3271   13.5259
   -7.5000  -30.0000  -37.5000 7401.3594   13.9381
    0.0000  -30.0000  -37.5000 7455.7417   13.9357
    7.5000  -30.0000  -37.5000 7098.4795   13.9283
   -7.5000  -22.5000  -37.5000 7922.3984   13.9376
    0.0000  -22.5000  -37.5000 7971.7988   13.9375
    7.5000  -22.5000  -37.5000 7574.2539   13.9343
   -7.5000  -15.0000  -37.5000 8367.0898   13.9380
    0.0000  -15.0000  -37.5000 8449.1016   13.9404
    7.5000  -15.0000  -37.5000 8013.2329   13.9400
   -7.5000   -7.5000  -37.5000 8457.8906   13.9394
    0.0000   -7.5000  -37.5000 8512.7305   13.9421
    7.5000   -7.5000  -37.5000 8100.6343   13.9397
   -7.5000    0.0000  -37.5000 8505.1787   13.9405
    0.0000    0.0000  -37.5000 8582.5713   13.9415
    7.5000    0.0000  -37.5000 8157.1450   13.9345
   -7.5000    7.5000  -37.5000 8217.1406   13.9388
    0.0000    7.5000  -37.5000 8295.6025   13.9371
    7.5000    7.5000  -37.5000 7890.8286   13.9278
   -7.5000   15.0000  -37.5000 8153.0400   13.9374
    0.0000   15.0000  -37.5000 8192.5117   13.9350
    7.5000   15.0000  -37.5000 7784.6743   13.9276
   -7.5000   22.5000  -37.5000 7533.9053   13.7512
    0.0000   22.5000  -37.5000 7525.1694   13.7511
    7.5000   22.5000  -37.5000 7148.8071   13.7480
   -7.5000   30.0000  -37.5000 6854.0928   13.3933
    0.0000   30.0000  -37.5000 6864.7529   13.3956
    7.5000   30.0000  -37.5000 6530.1499   13.3952
   -7.5000   37.5000  -37.5000 6234.0288   12.9647
    0.0000   37.5000  -37.5000 6256.9663   12.9672
    7.5000   37.5000  -37.5000 5950.3765   12.9650
   -7.5000   45.0000  -37.5000 5640.0029   12.5714
    0.0000   45.0000  -37.5000 5645.6685   12.5724
    7.5000   45.0000  -37.5000 5381.4590   12.5656
   -7.5000  -45.0000  -30.0000 6988.6274   13.2679
    0.0000  -45.0000  -30.0000 7046.2563   13.2661
    7.5000  -45.0000  -30.0000 6688.8613   13.2596
   -7.5000  -37.5000  -30.0000 7490.9658   14.1118
    0.0000  -37.5000  -30.0000 7567.2573   14.1087
    7.5000  -37.5000  -30.0000 7190.7861   14.0992
   -7.5000  -30.0000  -30.0000 8003.3726   14.5156
    0.0000  -30.0000  -30.0000 8073.5840   14.5123
    7.5000  -30.0000  -30.0000 7669.2607   14.5037
   -7.5000  -22.5000  -30.0000 8548.9990   14.5162
    0.0000  -22.5000  -30.0000 8618.1045   14.5145
    7.5000  -22.5000  -30.0000 8188.1636   14.5103
   -7.5000  -15.0000  -30.0000 9023.2822   14.5123
    0.0000  -15.0000  -30.0000 9123.4180   14.5117
    7.5000  -15.0000  -30.0000 8665.1221   14.5109
   -7.5000   -7.5000  -30.0000 9109.6836   14.5081
    0.0000   -7.5000  -30.0000 9193.8047   14.5070
    7.5000   -7.5000  -30.0000 8730.8750   14.5045
   -7.5000    0.0000  -30.0000 9134.9756   14.5074
    0.0000    0.0000  -30.0000 9234.7695   14.5054
    7.5000    0.0000  -30.0000 8763.1270   14.4983
   -7.5000    7.5000  -30.0000 8812.0771   14.5091
    0.0000    7.5000  -30.0000 8908.6299   14.5059
    7.5000    7.5000  -30.0000 8459.4414   14.4961
   -7.5000   15.0000  -30.0000 8718.2275   14.5136
    0.0000   15.0000  -30.0000 8780.8154   14.5103
    7.5000   15.0000  -30.0000 8337.4121   14.5017
   -7.5000   22.5000  -30.0000 8045.4932   14.3228
    0.0000   22.5000  -30.0000 8075.0586   14.3211
    7.5000   22.5000  -30.0000 7650.9058   14.3169
   -7.5000   30.0000  -30.0000 7327.4683   13.9553
    0.0000   30.0000  -30.0000 7349.6348   13.9547
    7.5000   30.0000  -30.0000 6987.3081   13.9539
   -7.5000   37.5000  -30.0000 6654.3721   13.5140
    0.0000   37.5000  -30.0000 6687.8984   13.5130
    7.5000   37.5000  -30.0000 6369.5557   13.5107
   -7.5000   45.0000  -30.0000 6003.3511   13.1012
    0.0000   45.0000  -30.0000 6040.0923   13.0995
    7.5000   45.0000  -30.0000 5754.0942   13.0933
   -7.5000  -45.0000  -22.5000 7539.9526   13.8176
    0.0000  -45.0000  -22.5000 7599.4604   13.8205
    7.5000  -45.0000  -22.5000 7210.4766   13.8140
   -7.5000  -37.5000  -22.5000 8068.6294   14.7009
    0.0000  -37.5000  -22.5000 8143.9985   14.7050
    7.5000  -37.5000  -22.5000 7729.9873   14.6966
   -7.5000  -30.0000  -22.5000 8607.4678   15.1036
    0.0000  -30.0000  -22.5000 8689.9980   15.1072
    7.5000  -30.0000  -22.5000 8250.5420   15.0991
   -7.5000  -22.5000  -22.5000 9180.1885   15.1071
    0.0000  -22.5000  -22.5000 9282.4414   15.1100
    7.5000  -22.5000  -22.5000 8807.4434   15.1045
   -7.5000  -15.0000  -22.5000 9703.8740   15.1070
    0.0000  -15.0000  -22.5000 9837.6104   15.1087
    7.5000  -15.0000  -22.5000 9319.7441   15.1054
   -7.5000   -7.5000  -22.5000 9798.1836   15.1036
    0.0000   -7.5000  -22.5000 9911.6699   15.1050
    7.5000   -7.5000  -22.5000 9384.1348   15.1006
   -7.5000    0.0000  -22.5000 9814.3994   15.0998
    0.0000    0.0000  -22.5000 9923.6064   15.1029
    7.5000    0.0000  -22.5000 9409.9463   15.0959
   -7.5000    7.5000  -22.5000 9437.6348   15.0960
    0.0000    7.5000  -22.5000 9546.8213   15.1001
    7.5000    7.5000  -22.5000 9059.5459   15.0916
   -7.5000   15.0000  -22.5000 9294.4336   15.1000
    0.0000   15.0000  -22.5000 9369.8672   15.1035
    7.5000   15.0000  -22.5000 8896.1650   15.0955
   -7.5000   22.5000  -22.5000 8567.1221   14.9072
    0.0000   22.5000  -22.5000 8609.1855   14.9100
    7.5000   22.5000  -22.5000 8173.4810   14.9046
   -7.5000   30.0000  -22.5000 7803.7988   14.5379
    0.0000   30.0000  -22.5000 7850.0698   14.5395
    7.5000   30.0000  -22.5000 7457.9604   14.5363
   -7.5000   37.5000  -22.5000 7070.8452   14.0901
    0.0000   37.5000  -22.5000 7128.1333   14.0914
    7.5000   37.5000  -22.5000 6784.6929   14.0873
   -7.5000   45.0000  -22.5000 6354.7490   13.6676
    0.0000   45.0000  -22.5000 6411.9487   13.6710
    7.5000   45.0000  -22.5000 6123.6143   13.6651
   -7.5000  -45.0000  -15.0000 8039.3159   14.3378
    0.0000  -45.0000  -15.0000 8110.2271   14.3487
    7.5000  -45.0000  -15.0000 7710.1528   14.3435
   -7.5000  -37.5000  -15.0000 8599.0088   15.2452
    0.0000  -37.5000  -15.0000 8699.2803   15.2582
    7.5000  -37.5000  -15.0000 8250.2881   15.2523
   -7.5000  -30.0000  -15.0000 9170.1299   15.6424
    0.0000  -30.0000  -15.0000 9275.2207   15.6543
    7.5000  -30.0000  -15.0000 8824.1152   15.6476
   -7.5000  -22.5000  -15.0000 9784.2920   15.6476
    0.0000  -22.5000  -15.0000 9912.5586   15.6576
    7.5000  -22.5000  -15.0000 9408.2539   15.6509
   -7.5000  -15.0000  -15.000010340.4014   15.6553
    0.0000  -15.0000  -15.000010497.1094   15.6638
    7.5000  -15.0000  -15.0000 9935.3975   15.6581
   -7.5000   -7.5000  -15.000010441.2539   15.6580
    0.0000   -7.5000  -15.000010596.8057   15.6668
    7.5000   -7.5000  -15.0000 9993.7744   15.6614
   -7.5000    0.0000  -15.000010469.6699   15.6530
    0.0000    0.0000  -15.000010597.1895   15.6649
    7.5000    0.0000  -15.000010028.9766   15.6592
   -7.5000    7.5000  -15.000010056.8457   15.6397
    0.0000    7.5000  -15.000010160.9922   15.6530
    7.5000    7.5000  -15.0000 9642.6885   15.6469
   -7.5000   15.0000  -15.0000 9847.0127   15.6376
    0.0000   15.0000  -15.0000 9917.1611   15.6495
    7.5000   15.0000  -15.0000 9428.7852   15.6427
   -7.5000   22.5000  -15.0000 9066.5928   15.4429
    0.0000   22.5000  -15.0000 9127.3379   15.4528
    7.5000   22.5000  -15.0000 8666.3398   15.4462
   -7.5000   30.0000  -15.0000 8271.3047   15.0769
    0.0000   30.0000  -15.0000 8336.2061   15.0850
    7.5000   30.0000  -15.0000 7913.2417   15.0795
   -7.5000   37.5000  -15.0000 7486.8857   14.6296
    0.0000   37.5000  -15.0000 7541.5928   14.6378
    7.5000   37.5000  -15.0000 7163.6240   14.6327
   -7.5000   45.0000  -15.0000 6699.3682   14.2032
    0.0000   45.0000  -15.0000 6758.5083   14.2147
    7.5000   45.0000  -15.0000 6441.5659   14.2097
   -7.5000  -45.0000   -7.5000 8265.0967   14.3513
    0.0000  -45.0000   -7.5000 8354.0605   14.3653
    7.5000  -45.0000   -7.5000 7956.0283   14.3614
   -7.5000  -37.5000   -7.5000 8841.6650   15.2560
    0.0000  -37.5000   -7.5000 8954.4102   15.2705
    7.5000  -37.5000   -7.5000 8506.0107   15.2660
   -7.5000  -30.0000   -7.5000 9451.2754   15.6481
    0.0000  -30.0000   -7.5000 9574.3672   15.6608
    7.5000  -30.0000   -7.5000 9110.4248   15.6554
   -7.5000  -22.5000   -7.500010088.1328   15.6517
    0.0000  -22.5000   -7.500010233.5381   15.6632
    7.5000  -22.5000   -7.5000 9710.2129   15.6574
   -7.5000  -15.0000   -7.500010625.8662   15.6628
    0.0000  -15.0000   -7.500010783.0029   15.6745
    7.5000  -15.0000   -7.500010216.1689   15.6696
   -7.5000   -7.5000   -7.500010712.9697   15.6703
    0.0000   -7.5000   -7.500010850.4443   15.6837
    7.5000   -7.5000   -7.500010269.4492   15.6795
   -7.5000    0.0000   -7.500010758.8125   15.6677
    0.0000    0.0000   -7.500010872.5127   15.6830
    7.5000    0.0000   -7.500010304.0889   15.6788
   -7.5000    7.5000   -7.500010327.4336   15.6508
    0.0000    7.5000   -7.500010424.5439   15.6656
    7.5000    7.5000   -7.5000 9905.7725   15.6610
   -7.5000   15.0000   -7.500010088.7832   15.6433
    0.0000   15.0000   -7.500010164.5850   15.6560
    7.5000   15.0000   -7.5000 9666.1045   15.6506
   -7.5000   22.5000   -7.5000 9265.7637   15.4469
    0.0000   22.5000   -7.5000 9333.9736   15.4583
    7.5000   22.5000   -7.5000 8872.6230   15.4526
   -7.5000   30.0000   -7.5000 8476.0459   15.0840
    0.0000   30.0000   -7.5000 8542.6562   15.0953
    7.5000   30.0000   -7.5000 8118.3911   15.0906
   -7.5000   37.5000   -7.5000 7675.7271   14.6411
    0.0000   37.5000   -7.5000 7730.6772   14.6536
    7.5000   37.5000   -7.5000 7346.8555   14.6497
   -7.5000   45.0000   -7.5000 6852.2627   14.2181
    0.0000   45.0000   -7.5000 6919.3638   14.2326
    7.5000   45.0000   -7.5000 6577.7666   14.2284
   -7.5000  -45.0000    0.0000 8327.1865   14.6945
    0.0000  -45.0000    0.0000 8421.4053   14.7038
    7.5000  -45.0000    0.0000 8046.5049   14.6978
   -7.5000  -37.5000    0.0000 8887.7686   15.6187
    0.0000  -37.5000    0.0000 8978.8418   15.6257
    7.5000  -37.5000    0.0000 8579.0732   15.6180
   -7.5000  -30.0000    0.0000 9536.7480   16.0103
    0.0000  -30.0000    0.0000 9637.8672   16.0157
    7.5000  -30.0000    0.0000 9202.0029   16.0091
   -7.5000  -22.5000    0.000010237.6299   16.0105
    0.0000  -22.5000    0.000010390.8535   16.0175
    7.5000  -22.5000    0.0000 9873.8652   16.0131
   -7.5000  -15.0000    0.000010769.6396   16.0181
    0.0000  -15.0000    0.000010907.5977   16.0277
    7.5000  -15.0000    0.000010403.5176   16.0250
   -7.5000   -7.5000    0.000010818.9131   16.0257
    0.0000   -7.5000    0.000010920.5557   16.0366
    7.5000   -7.5000    0.000010440.3291   16.0330
   -7.5000    0.0000    0.000010851.1182   16.0266
    0.0000    0.0000    0.000010921.6836   16.0367
    7.5000    0.0000    0.000010451.2969   16.0302
   -7.5000    7.5000    0.000010429.9561   16.0124
    0.0000    7.5000    0.000010480.5244   16.0195
    7.5000    7.5000    0.000010027.2334   16.0116
   -7.5000   15.0000    0.000010139.9297   16.0046
    0.0000   15.0000    0.000010202.9248   16.0100
    7.5000   15.0000    0.0000 9739.6670   16.0034
   -7.5000   22.5000    0.0000 9292.9170   15.8033
    0.0000   22.5000    0.0000 9368.2246   15.8102
    7.5000   22.5000    0.0000 8937.6426   15.8058
   -7.5000   30.0000    0.0000 8503.5244   15.4355
    0.0000   30.0000    0.0000 8587.2832   15.4447
    7.5000   30.0000    0.0000 8182.6152   15.4422
   -7.5000   37.5000    0.0000 7724.2012   14.9911
    0.0000   37.5000    0.0000 7794.6836   15.0012
    7.5000   37.5000    0.0000 7418.6562   14.9979
   -7.5000   45.0000    0.0000 6920.2080   14.5731
    0.0000   45.0000    0.0000 6976.7715   14.5827
    7.5000   45.0000    0.0000 6629.2720   14.5761
   -7.5000  -45.0000    7.5000 8080.1714   14.6629
    0.0000  -45.0000    7.5000 8157.1299   14.6634
    7.5000  -45.0000    7.5000 7816.0298   14.6554
   -7.5000  -37.5000    7.5000 8543.5957   15.5929
    0.0000  -37.5000    7.5000 8611.2529   15.5901
    7.5000  -37.5000    7.5000 8268.6953   15.5792
   -7.5000  -30.0000    7.5000 9179.6211   15.9905
    0.0000  -30.0000    7.5000 9306.3457   15.9870
    7.5000  -30.0000    7.5000 8899.4531   15.9781
   -7.5000  -22.5000    7.5000 9999.2412   15.9901
    0.0000  -22.5000    7.500010185.8037   15.9897
    7.5000  -22.5000    7.5000 9680.8477   15.9855
   -7.5000  -15.0000    7.500010628.3359   15.9900
    0.0000  -15.0000    7.500010755.4580   15.9928
    7.5000  -15.0000    7.500010302.5752   15.9917
   -7.5000   -7.5000    7.500010668.8037   15.9909
    0.0000   -7.5000    7.500010706.6992   15.9939
    7.5000   -7.5000    7.500010314.4980   15.9906
   -7.5000    0.0000    7.500010633.7666   15.9921
    0.0000    0.0000    7.500010649.1172   15.9927
    7.5000    0.0000    7.500010261.3252   15.9840
   -7.5000    7.5000    7.500010180.1748   15.9858
    0.0000    7.5000    7.500010183.6953   15.9829
    7.5000    7.5000    7.5000 9791.6973   15.9718
   -7.5000   15.0000    7.5000 9875.4004   15.9849
    0.0000   15.0000    7.5000 9890.7266   15.9814
    7.5000   15.0000    7.5000 9464.0244   15.9724
   -7.5000   22.5000    7.5000 9032.5703   15.7831
    0.0000   22.5000    7.5000 9058.7939   15.7828
    7.5000   22.5000    7.5000 8640.2881   15.7786
   -7.5000   30.0000    7.5000 8251.4834   15.4084
    0.0000   30.0000    7.5000 8288.6162   15.4112
    7.5000   30.0000    7.5000 7889.1133   15.4101
   -7.5000   37.5000    7.5000 7486.2407   14.9586
    0.0000   37.5000    7.5000 7531.5322   14.9613
    7.5000   37.5000    7.5000 7165.2915   14.9582
   -7.5000   45.0000    7.5000 6695.4126   14.5414
    0.0000   45.0000    7.5000 6728.6782   14.5420
    7.5000   45.0000    7.5000 6392.5781   14.5337
   -7.5000  -45.0000   15.0000 8120.1895   14.6649
    0.0000  -45.0000   15.0000 8186.6299   14.6629
    7.5000  -45.0000   15.0000 7853.0903   14.6556
   -7.5000  -37.5000   15.0000 8561.6016   15.5997
    0.0000  -37.5000   15.0000 8618.5264   15.5962
    7.5000  -37.5000   15.0000 8298.6328   15.5855
   -7.5000  -30.0000   15.0000 9172.3174   16.0039
    0.0000  -30.0000   15.0000 9302.5615   16.0001
    7.5000  -30.0000   15.0000 8921.1797   15.9905
   -7.5000  -22.5000   15.0000 9993.8896   16.0051
    0.0000  -22.5000   15.000010177.3955   16.0033
    7.5000  -22.5000   15.0000 9694.0469   15.9982
   -7.5000  -15.0000   15.000010708.8672   16.0008
    0.0000  -15.0000   15.000010805.3311   16.0001
    7.5000  -15.0000   15.000010320.3760   15.9989
   -7.5000   -7.5000   15.000010837.0889   15.9957
    0.0000   -7.5000   15.000010847.5098   15.9945
    7.5000   -7.5000   15.000010369.0049   15.9915
   -7.5000    0.0000   15.000010791.6523   15.9943
    0.0000    0.0000   15.000010763.9121   15.9922
    7.5000    0.0000   15.000010296.8584   15.9843
   -7.5000    7.5000   15.000010248.3262   15.9928
    0.0000    7.5000   15.000010209.7002   15.9892
    7.5000    7.5000   15.0000 9777.6523   15.9783
   -7.5000   15.0000   15.0000 9868.3838   15.9982
    0.0000   15.0000   15.0000 9828.7129   15.9945
    7.5000   15.0000   15.0000 9406.5039   15.9848
   -7.5000   22.5000   15.0000 9004.9658   15.7980
    0.0000   22.5000   15.0000 8986.3428   15.7961
    7.5000   22.5000   15.0000 8588.5547   15.7912
   -7.5000   30.0000   15.0000 8220.9131   15.4189
    0.0000   30.0000   15.0000 8236.8770   15.4182
    7.5000   30.0000   15.0000 7865.8301   15.4170
   -7.5000   37.5000   15.0000 7463.7979   14.9630
    0.0000   37.5000   15.0000 7495.6011   14.9619
    7.5000   37.5000   15.0000 7152.8081   14.9591
   -7.5000   45.0000   15.0000 6675.9375   14.5420
    0.0000   45.0000   15.0000 6700.4849   14.5402
    7.5000   45.0000   15.0000 6369.6621   14.5332
   -7.5000  -45.0000   22.5000 7728.4697   14.8489
    0.0000  -45.0000   22.5000 7794.7603   14.8521
    7.5000  -45.0000   22.5000 7442.8047   14.8449
   -7.5000  -37.5000   22.5000 8173.7515   15.7932
    0.0000  -37.5000   22.5000 8261.3975   15.7975
    7.5000  -37.5000   22.5000 7894.9165   15.7885
   -7.5000  -30.0000   22.5000 8742.0771   16.2035
    0.0000  -30.0000   22.5000 8874.9502   16.2073
    7.5000  -30.0000   22.5000 8468.7354   16.1984
   -7.5000  -22.5000   22.5000 9440.0879   16.2075
    0.0000  -22.5000   22.5000 9577.7695   16.2106
    7.5000  -22.5000   22.5000 9124.1836   16.2043
   -7.5000  -15.0000   22.500010044.7578   16.2050
    0.0000  -15.0000   22.500010116.6631   16.2070
    7.5000  -15.0000   22.5000 9651.4463   16.2029
   -7.5000   -7.5000   22.500010146.7402   16.1991
    0.0000   -7.5000   22.500010217.7041   16.2007
    7.5000   -7.5000   22.5000 9719.3242   16.1956
   -7.5000    0.0000   22.500010170.0352   16.1949
    0.0000    0.0000   22.500010222.7676   16.1983
    7.5000    0.0000   22.5000 9722.5957   16.1906
   -7.5000    7.5000   22.5000 9693.9414   16.1912
    0.0000    7.5000   22.5000 9711.2842   16.1957
    7.5000    7.5000   22.5000 9265.6494   16.1864
   -7.5000   15.0000   22.5000 9325.8213   16.1978
    0.0000   15.0000   22.5000 9315.1025   16.2015
    7.5000   15.0000   22.5000 8898.1143   16.1927
   -7.5000   22.5000   22.5000 8513.9648   15.9977
    0.0000   22.5000   22.5000 8516.9326   16.0008
    7.5000   22.5000   22.5000 8131.6782   15.9946
   -7.5000   30.0000   22.5000 7783.4038   15.6156
    0.0000   30.0000   22.5000 7810.6943   15.6175
    7.5000   30.0000   22.5000 7454.9375   15.6136
   -7.5000   37.5000   22.5000 7045.8218   15.1532
    0.0000   37.5000   22.5000 7065.3120   15.1548
    7.5000   37.5000   22.5000 6753.9116   15.1500
   -7.5000   45.0000   22.5000 6281.8521   14.7239
    0.0000   45.0000   22.5000 6287.4707   14.7276
    7.5000   45.0000   22.5000 6004.4609   14.7211
   -7.5000  -45.0000   30.0000 7261.9160   15.0552
    0.0000  -45.0000   30.0000 7344.6045   15.0687
    7.5000  -45.0000   30.0000 6980.9399   15.0623
   -7.5000  -37.5000   30.0000 7708.3154   16.0100
    0.0000  -37.5000   30.0000 7814.4058   16.0268
    7.5000  -37.5000   30.0000 7436.3979   16.0203
   -7.5000  -30.0000   30.0000 8249.5967   16.4224
    0.0000  -30.0000   30.0000 8363.1826   16.4386
    7.5000  -30.0000   30.0000 7962.5938   16.4319
   -7.5000  -22.5000   30.0000 8858.7344   16.4293
    0.0000  -22.5000   30.0000 8948.9473   16.4431
    7.5000  -22.5000   30.0000 8510.8896   16.4364
   -7.5000  -15.0000   30.0000 9351.0791   16.4362
    0.0000  -15.0000   30.0000 9407.5381   16.4474
    7.5000  -15.0000   30.0000 8979.8691   16.4410
   -7.5000   -7.5000   30.0000 9411.7939   16.4365
    0.0000   -7.5000   30.0000 9486.3555   16.4477
    7.5000   -7.5000   30.0000 9048.4600   16.4409
   -7.5000    0.0000   30.0000 9451.0420   16.4299
    0.0000    0.0000   30.0000 9513.4717   16.4446
    7.5000    0.0000   30.0000 9092.7607   16.4377
   -7.5000    7.5000   30.0000 9047.0098   16.4163
    0.0000    7.5000   30.0000 9099.3291   16.4334
    7.5000    7.5000   30.0000 8698.9336   16.4268
   -7.5000   15.0000   30.0000 8732.0801   16.4166
    0.0000   15.0000   30.0000 8759.4043   16.4327
    7.5000   15.0000   30.0000 8366.9385   16.4261
   -7.5000   22.5000   30.0000 7987.3804   16.2152
    0.0000   22.5000   30.0000 8020.1172   16.2289
    7.5000   22.5000   30.0000 7653.7803   16.2223
   -7.5000   30.0000   30.0000 7306.0015   15.8456
    0.0000   30.0000   30.0000 7326.3364   15.8565
    7.5000   30.0000   30.0000 6995.5088   15.8504
   -7.5000   37.5000   30.0000 6585.0229   15.3898
    0.0000   37.5000   30.0000 6598.6904   15.4003
    7.5000   37.5000   30.0000 6305.1675   15.3940
   -7.5000   45.0000   30.0000 5862.6821   14.9594
    0.0000   45.0000   30.0000 5858.2646   14.9736
    7.5000   45.0000   30.0000 5591.1343   14.9674
   -7.5000  -45.0000   37.5000 6808.1768   15.1745
    0.0000  -45.0000   37.5000 6899.2500   15.1917
    7.5000  -45.0000   37.5000 6545.3755   15.1881
   -7.5000  -37.5000   37.5000 7228.5581   16.1370
    0.0000  -37.5000   37.5000 7338.4888   16.1551
    7.5000  -37.5000   37.5000 6978.3784   16.1523
   -7.5000  -30.0000   37.5000 7732.3354   16.5376
    0.0000  -30.0000   37.5000 7833.0908   16.5535
    7.5000  -30.0000   37.5000 7464.2832   16.5503
   -7.5000  -22.5000   37.5000 8274.8066   16.5436
    0.0000  -22.5000   37.5000 8349.5684   16.5573
    7.5000  -22.5000   37.5000 7960.0215   16.5529
   -7.5000  -15.0000   37.5000 8720.6650   16.5540
    0.0000  -15.0000   37.5000 8786.9365   16.5678
    7.5000  -15.0000   37.5000 8397.3633   16.5629
   -7.5000   -7.5000   37.5000 8765.5957   16.5587
    0.0000   -7.5000   37.5000 8833.2432   16.5747
    7.5000   -7.5000   37.5000 8448.9209   16.5701
   -7.5000    0.0000   37.5000 8800.4229   16.5536
    0.0000    0.0000   37.5000 8867.3027   16.5724
    7.5000    0.0000   37.5000 8479.0859   16.5685
   -7.5000    7.5000   37.5000 8444.4004   16.5362
    0.0000    7.5000   37.5000 8496.6377   16.5548
    7.5000    7.5000   37.5000 8126.3330   16.5519
   -7.5000   15.0000   37.5000 8165.5361   16.5316
    0.0000   15.0000   37.5000 8205.7324   16.5475
    7.5000   15.0000   37.5000 7844.0269   16.5443
   -7.5000   22.5000   37.5000 7479.4771   16.3252
    0.0000   22.5000   37.5000 7518.7666   16.3387
    7.5000   22.5000   37.5000 7190.0903   16.3344
   -7.5000   30.0000   37.5000 6838.9351   15.9591
    0.0000   30.0000   37.5000 6847.9453   15.9724
    7.5000   30.0000   37.5000 6564.0791   15.9677
   -7.5000   37.5000   37.5000 6142.5034   15.5044
    0.0000   37.5000   37.5000 6143.4116   15.5194
    7.5000   37.5000   37.5000 5898.8540   15.5151
   -7.5000   45.0000   37.5000 5463.0835   15.0728
    0.0000   45.0000   37.5000 5451.9321   15.0908
    7.5000   45.0000   37.5000 5224.2524   15.0868
   -7.5000  -45.0000   45.0000 6342.5757   15.3025
    0.0000  -45.0000   45.0000 6423.8882   15.3172
    7.5000  -45.0000   45.0000 6119.1060   15.3099
   -7.5000  -37.5000   45.0000 6738.7451   16.2822
    0.0000  -37.5000   45.0000 6836.4390   16.2950
    7.5000  -37.5000   45.0000 6522.0000   16.2876
   -7.5000  -30.0000   45.0000 7200.4351   16.6712
    0.0000  -30.0000   45.0000 7297.1562   16.6828
    7.5000  -30.0000   45.0000 6962.0811   16.6767
   -7.5000  -22.5000   45.0000 7693.1299   16.6703
    0.0000  -22.5000   45.0000 7772.6221   16.6838
    7.5000  -22.5000   45.0000 7425.2959   16.6784
   -7.5000  -15.0000   45.0000 8109.1719   16.6730
    0.0000  -15.0000   45.0000 8189.0532   16.6891
    7.5000  -15.0000   45.0000 7827.3804   16.6838
   -7.5000   -7.5000   45.0000 8144.7549   16.6770
    0.0000   -7.5000   45.0000 8226.3096   16.6941
    7.5000   -7.5000   45.0000 7880.0298   16.6878
   -7.5000    0.0000   45.0000 8165.4253   16.6788
    0.0000    0.0000   45.0000 8242.0381   16.6949
    7.5000    0.0000   45.0000 7890.5103   16.6870
   -7.5000    7.5000   45.0000 7842.3145   16.6690
    0.0000    7.5000   45.0000 7903.4336   16.6821
    7.5000    7.5000   45.0000 7553.6953   16.6746
   -7.5000   15.0000   45.0000 7602.7695   16.6649
    0.0000   15.0000   45.0000 7647.8506   16.6766
    7.5000   15.0000   45.0000 7308.4351   16.6704
   -7.5000   22.5000   45.0000 6971.7808   16.4481
    0.0000   22.5000   45.0000 7010.2314   16.4614
    7.5000   22.5000   45.0000 6705.1025   16.4560
   -7.5000   30.0000   45.0000 6374.7476   16.0723
    0.0000   30.0000   45.0000 6391.0083   16.0878
    7.5000   30.0000   45.0000 6116.7690   16.0827
   -7.5000   37.5000   45.0000 5721.2979   15.6111
    0.0000   37.5000   45.0000 5728.2466   15.6271
    7.5000   37.5000   45.0000 5502.4746   15.6211
   -7.5000   45.0000   45.0000 5102.4741   15.1796
    0.0000   45.0000   45.0000 5093.2329   15.1949
    7.5000   45.0000   45.0000 4892.7222   15.1871

---------------------------------------------------------------------
imgreg_4dfp /opt/freesurfer/average/711-2C_as_mni_average_305 /opt/freesurfer/average/711-2B_as_mni_average_305_mask talsrcimg_g11 none talsrcimg_to_711-2C_as_mni_average_305_t4 4355
---------------------------------------------------------------------

freesurfer imgreg_4dfp.c
/opt/freesurfer/average/711-2C_as_mni_average_305.4dfp.img
       256       256       256         1
  1.000000  1.000000  1.000000
orientation T byte_order littleendian
Reading image: /opt/freesurfer/average/711-2C_as_mni_average_305.4dfp.img
dimensions:      256       256       256
mmppix:       1.0000   -1.0000   -1.0000
center:     128.0000 -129.0000 -129.0000
/opt/freesurfer/average/711-2B_as_mni_average_305_mask.4dfp.img
       256       256       256         1
  1.000000  1.000000  1.000000
orientation T byte_order littleendian
Reading mask: /opt/freesurfer/average/711-2B_as_mni_average_305_mask.4dfp.img (2306576 pixels)
talsrcimg_g11.4dfp.img
       256       256       256         1
  0.898438  0.898438  0.898438
orientation T byte_order littleendian
Reading image: talsrcimg_g11.4dfp.img
dimensions:      256       256       256
mmppix:       0.8984   -0.8984   -0.8984
center:     115.0001 -115.8985 -115.8985
rotation matrix determinant  1.000000
image alignment mode   4355 decimal     1103 hex
   -7.5000  -45.0000  -45.0000 1870.2025   14.2908
    0.0000  -45.0000  -45.0000 1885.4885   14.1378
    7.5000  -45.0000  -45.0000 1874.9690   14.2252
   -7.5000  -37.5000  -45.0000 1960.6763   13.2222
    0.0000  -37.5000  -45.0000 1969.9452   13.1233
    7.5000  -37.5000  -45.0000 1959.6425   13.1973
   -7.5000  -30.0000  -45.0000 2013.1603   12.4959
    0.0000  -30.0000  -45.0000 2024.1902   12.3732
    7.5000  -30.0000  -45.0000 2013.9216   12.4320
   -7.5000  -22.5000  -45.0000 2037.5984   11.9913
    0.0000  -22.5000  -45.0000 2051.2549   11.8742
    7.5000  -22.5000  -45.0000 2040.5255   11.9379
   -7.5000  -15.0000  -45.0000 2037.4923   11.7282
    0.0000  -15.0000  -45.0000 2055.1184   11.6286
    7.5000  -15.0000  -45.0000 2047.1200   11.7216
   -7.5000   -7.5000  -45.0000 2030.0580   11.7434
    0.0000   -7.5000  -45.0000 2053.2734   11.6292
    7.5000   -7.5000  -45.0000 2042.8281   11.7376
   -7.5000    0.0000  -45.0000 2012.7937   12.0287
    0.0000    0.0000  -45.0000 2039.3854   11.9113
    7.5000    0.0000  -45.0000 2023.1582   12.0440
   -7.5000    7.5000  -45.0000 1985.1317   12.5574
    0.0000    7.5000  -45.0000 2004.9231   12.4182
    7.5000    7.5000  -45.0000 1992.7483   12.5775
   -7.5000   15.0000  -45.0000 1937.0811   13.3645
    0.0000   15.0000  -45.0000 1953.3953   13.1714
    7.5000   15.0000  -45.0000 1943.3972   13.3555
   -7.5000   22.5000  -45.0000 1863.9706   14.4729
    0.0000   22.5000  -45.0000 1881.2621   14.2842
    7.5000   22.5000  -45.0000 1867.3903   14.4807
   -7.5000   30.0000  -45.0000 1767.2170   15.9581
    0.0000   30.0000  -45.0000 1787.4006   15.7549
    7.5000   30.0000  -45.0000 1774.4454   15.9960
   -7.5000   37.5000  -45.0000 1643.6776   17.8386
    0.0000   37.5000  -45.0000 1665.3618   17.6247
    7.5000   37.5000  -45.0000 1649.6154   17.8791
   -7.5000   45.0000  -45.0000 1501.5319   20.1682
    0.0000   45.0000  -45.0000 1513.6731   19.8840
    7.5000   45.0000  -45.0000 1498.9235   20.1204
   -7.5000  -45.0000  -37.5000 2030.0974   14.0106
    0.0000  -45.0000  -37.5000 2047.8278   13.8701
    7.5000  -45.0000  -37.5000 2031.1094   13.9358
   -7.5000  -37.5000  -37.5000 2124.7339   12.9582
    0.0000  -37.5000  -37.5000 2137.8425   12.8413
    7.5000  -37.5000  -37.5000 2125.0869   12.9234
   -7.5000  -30.0000  -37.5000 2179.5298   12.1929
    0.0000  -30.0000  -37.5000 2195.5400   12.0932
    7.5000  -30.0000  -37.5000 2180.8447   12.1515
   -7.5000  -22.5000  -37.5000 2207.3416   11.6805
    0.0000  -22.5000  -37.5000 2223.2419   11.5788
    7.5000  -22.5000  -37.5000 2209.9141   11.6410
   -7.5000  -15.0000  -37.5000 2208.9661   11.4408
    0.0000  -15.0000  -37.5000 2234.9084   11.3396
    7.5000  -15.0000  -37.5000 2220.7739   11.3788
   -7.5000   -7.5000  -37.5000 2198.9934   11.4572
    0.0000   -7.5000  -37.5000 2223.9639   11.3401
    7.5000   -7.5000  -37.5000 2212.5566   11.4193
   -7.5000    0.0000  -37.5000 2178.0088   11.7255
    0.0000    0.0000  -37.5000 2206.9246   11.6022
    7.5000    0.0000  -37.5000 2191.8147   11.7059
   -7.5000    7.5000  -37.5000 2148.1880   12.2210
    0.0000    7.5000  -37.5000 2176.3960   12.1005
    7.5000    7.5000  -37.5000 2159.8582   12.2052
   -7.5000   15.0000  -37.5000 2095.8879   13.0088
    0.0000   15.0000  -37.5000 2120.4744   12.8558
    7.5000   15.0000  -37.5000 2102.7432   12.9644
   -7.5000   22.5000  -37.5000 2015.0730   14.0748
    0.0000   22.5000  -37.5000 2037.6985   13.8912
    7.5000   22.5000  -37.5000 2019.3210   14.0648
   -7.5000   30.0000  -37.5000 1910.8601   15.5146
    0.0000   30.0000  -37.5000 1934.6665   15.3039
    7.5000   30.0000  -37.5000 1921.9078   15.5062
   -7.5000   37.5000  -37.5000 1777.9376   17.2873
    0.0000   37.5000  -37.5000 1808.6128   17.0332
    7.5000   37.5000  -37.5000 1786.2698   17.2291
   -7.5000   45.0000  -37.5000 1623.7472   19.4581
    0.0000   45.0000  -37.5000 1641.2849   19.2060
    7.5000   45.0000  -37.5000 1626.5784   19.3920
   -7.5000  -45.0000  -30.0000 2167.9956   13.6482
    0.0000  -45.0000  -30.0000 2183.2922   13.5111
    7.5000  -45.0000  -30.0000 2163.8298   13.5620
   -7.5000  -37.5000  -30.0000 2265.4407   12.5794
    0.0000  -37.5000  -30.0000 2282.6799   12.4605
    7.5000  -37.5000  -30.0000 2267.0186   12.5359
   -7.5000  -30.0000  -30.0000 2328.9114   11.7930
    0.0000  -30.0000  -30.0000 2346.3931   11.6983
    7.5000  -30.0000  -30.0000 2328.8931   11.7677
   -7.5000  -22.5000  -30.0000 2363.2603   11.2904
    0.0000  -22.5000  -30.0000 2382.3152   11.2134
    7.5000  -22.5000  -30.0000 2364.1248   11.2469
   -7.5000  -15.0000  -30.0000 2372.9001   11.0527
    0.0000  -15.0000  -30.0000 2401.3328   10.9508
    7.5000  -15.0000  -30.0000 2384.1743   10.9883
   -7.5000   -7.5000  -30.0000 2366.2373   11.0720
    0.0000   -7.5000  -30.0000 2392.9502   10.9576
    7.5000   -7.5000  -30.0000 2379.5945   11.0124
   -7.5000    0.0000  -30.0000 2342.0618   11.3059
    0.0000    0.0000  -30.0000 2375.2476   11.2179
    7.5000    0.0000  -30.0000 2355.7607   11.2774
   -7.5000    7.5000  -30.0000 2302.3340   11.8296
    0.0000    7.5000  -30.0000 2337.2729   11.7038
    7.5000    7.5000  -30.0000 2315.9568   11.7750
   -7.5000   15.0000  -30.0000 2244.2522   12.5858
    0.0000   15.0000  -30.0000 2272.5415   12.4558
    7.5000   15.0000  -30.0000 2253.4270   12.5426
   -7.5000   22.5000  -30.0000 2160.2917   13.6106
    0.0000   22.5000  -30.0000 2186.3350   13.4764
    7.5000   22.5000  -30.0000 2165.6060   13.5946
   -7.5000   30.0000  -30.0000 2049.5547   14.9429
    0.0000   30.0000  -30.0000 2075.1587   14.8078
    7.5000   30.0000  -30.0000 2056.8503   14.9349
   -7.5000   37.5000  -30.0000 1908.5793   16.6214
    0.0000   37.5000  -30.0000 1936.1381   16.4320
    7.5000   37.5000  -30.0000 1916.1694   16.5823
   -7.5000   45.0000  -30.0000 1736.6342   18.7333
    0.0000   45.0000  -30.0000 1760.9449   18.4640
    7.5000   45.0000  -30.0000 1744.0486   18.6654
   -7.5000  -45.0000  -22.5000 2276.6011   13.0875
    0.0000  -45.0000  -22.5000 2291.7463   12.9669
    7.5000  -45.0000  -22.5000 2271.9836   13.0472
   -7.5000  -37.5000  -22.5000 2379.4380   12.0623
    0.0000  -37.5000  -22.5000 2399.4028   11.9622
    7.5000  -37.5000  -22.5000 2379.6082   12.0448
   -7.5000  -30.0000  -22.5000 2451.4731   11.3165
    0.0000  -30.0000  -22.5000 2476.6484   11.2277
    7.5000  -30.0000  -22.5000 2454.5271   11.2943
   -7.5000  -22.5000  -22.5000 2496.5527   10.8218
    0.0000  -22.5000  -22.5000 2525.5693   10.7469
    7.5000  -22.5000  -22.5000 2502.7839   10.8065
   -7.5000  -15.0000  -22.5000 2524.4658   10.5877
    0.0000  -15.0000  -22.5000 2556.1929   10.5169
    7.5000  -15.0000  -22.5000 2530.4468   10.5630
   -7.5000   -7.5000  -22.5000 2527.4365   10.5996
    0.0000   -7.5000  -22.5000 2556.3499   10.5314
    7.5000   -7.5000  -22.5000 2536.1533   10.5666
   -7.5000    0.0000  -22.5000 2499.2830   10.8553
    0.0000    0.0000  -22.5000 2531.4551   10.7731
    7.5000    0.0000  -22.5000 2510.4053   10.8054
   -7.5000    7.5000  -22.5000 2450.9443   11.3624
    0.0000    7.5000  -22.5000 2485.0146   11.2802
    7.5000    7.5000  -22.5000 2462.3660   11.3317
   -7.5000   15.0000  -22.5000 2379.4695   12.1005
    0.0000   15.0000  -22.5000 2408.5400   12.0071
    7.5000   15.0000  -22.5000 2388.3555   12.0650
   -7.5000   22.5000  -22.5000 2284.4351   13.0636
    0.0000   22.5000  -22.5000 2310.8586   12.9513
    7.5000   22.5000  -22.5000 2290.4160   13.0580
   -7.5000   30.0000  -22.5000 2172.7178   14.3453
    0.0000   30.0000  -22.5000 2197.2600   14.2229
    7.5000   30.0000  -22.5000 2179.2974   14.3453
   -7.5000   37.5000  -22.5000 2018.6724   15.9490
    0.0000   37.5000  -22.5000 2046.9095   15.8058
    7.5000   37.5000  -22.5000 2030.1721   15.9269
   -7.5000   45.0000  -22.5000 1831.0778   17.9586
    0.0000   45.0000  -22.5000 1858.0389   17.7368
    7.5000   45.0000  -22.5000 1848.3483   17.8652
   -7.5000  -45.0000  -15.0000 2353.6133   12.4741
    0.0000  -45.0000  -15.0000 2371.4463   12.3818
    7.5000  -45.0000  -15.0000 2348.6121   12.5087
   -7.5000  -37.5000  -15.0000 2462.7703   11.4927
    0.0000  -37.5000  -15.0000 2486.1289   11.4094
    7.5000  -37.5000  -15.0000 2464.9600   11.5172
   -7.5000  -30.0000  -15.0000 2545.6072   10.7802
    0.0000  -30.0000  -15.0000 2575.0356   10.7087
    7.5000  -30.0000  -15.0000 2554.3813   10.7870
   -7.5000  -22.5000  -15.0000 2607.3779   10.3036
    0.0000  -22.5000  -15.0000 2639.9912   10.2590
    7.5000  -22.5000  -15.0000 2614.5232   10.3298
   -7.5000  -15.0000  -15.0000 2646.9717   10.0672
    0.0000  -15.0000  -15.0000 2682.8770   10.0148
    7.5000  -15.0000  -15.0000 2650.7700   10.0927
   -7.5000   -7.5000  -15.0000 2655.7219   10.0930
    0.0000   -7.5000  -15.0000 2690.9915   10.0375
    7.5000   -7.5000  -15.0000 2659.4507   10.0709
   -7.5000    0.0000  -15.0000 2628.0208   10.3525
    0.0000    0.0000  -15.0000 2664.1990   10.2851
    7.5000    0.0000  -15.0000 2636.9351   10.3150
   -7.5000    7.5000  -15.0000 2573.4893   10.8540
    0.0000    7.5000  -15.0000 2608.8130   10.7760
    7.5000    7.5000  -15.0000 2584.5676   10.8244
   -7.5000   15.0000  -15.0000 2488.2156   11.5588
    0.0000   15.0000  -15.0000 2516.9016   11.4724
    7.5000   15.0000  -15.0000 2499.9060   11.5282
   -7.5000   22.5000  -15.0000 2381.0415   12.4970
    0.0000   22.5000  -15.0000 2409.7358   12.3799
    7.5000   22.5000  -15.0000 2393.2192   12.4671
   -7.5000   30.0000  -15.0000 2258.6985   13.7561
    0.0000   30.0000  -15.0000 2286.0166   13.6094
    7.5000   30.0000  -15.0000 2270.5999   13.7360
   -7.5000   37.5000  -15.0000 2096.5974   15.3109
    0.0000   37.5000  -15.0000 2123.3970   15.1627
    7.5000   37.5000  -15.0000 2110.3809   15.3070
   -7.5000   45.0000  -15.0000 1903.6754   17.2081
    0.0000   45.0000  -15.0000 1926.1829   17.0236
    7.5000   45.0000  -15.0000 1916.6376   17.1274
   -7.5000  -45.0000   -7.5000 2383.7603   11.8655
    0.0000  -45.0000   -7.5000 2400.1189   11.7927
    7.5000  -45.0000   -7.5000 2384.2732   11.9296
   -7.5000  -37.5000   -7.5000 2505.3589   10.9439
    0.0000  -37.5000   -7.5000 2530.2195   10.8573
    7.5000  -37.5000   -7.5000 2510.2312   10.9542
   -7.5000  -30.0000   -7.5000 2608.8677   10.2446
    0.0000  -30.0000   -7.5000 2639.6580   10.1691
    7.5000  -30.0000   -7.5000 2617.7246   10.2697
   -7.5000  -22.5000   -7.5000 2683.3328    9.7956
    0.0000  -22.5000   -7.5000 2721.5022    9.7292
    7.5000  -22.5000   -7.5000 2693.0918    9.8183
   -7.5000  -15.0000   -7.5000 2730.7500    9.5381
    0.0000  -15.0000   -7.5000 2767.8953    9.4866
    7.5000  -15.0000   -7.5000 2730.8074    9.5810
   -7.5000   -7.5000   -7.5000 2740.3608    9.5439
    0.0000   -7.5000   -7.5000 2779.4839    9.4818
    7.5000   -7.5000   -7.5000 2745.2876    9.5600
   -7.5000    0.0000   -7.5000 2713.3047    9.7914
    0.0000    0.0000   -7.5000 2751.6169    9.7279
    7.5000    0.0000   -7.5000 2720.1958    9.7900
   -7.5000    7.5000   -7.5000 2648.5405   10.2697
    0.0000    7.5000   -7.5000 2684.8677   10.2009
    7.5000    7.5000   -7.5000 2662.9236   10.2709
   -7.5000   15.0000   -7.5000 2553.2546   10.9725
    0.0000   15.0000   -7.5000 2586.4360   10.8818
    7.5000   15.0000   -7.5000 2572.5557   10.9563
   -7.5000   22.5000   -7.5000 2437.1401   11.9050
    0.0000   22.5000   -7.5000 2468.9214   11.7878
    7.5000   22.5000   -7.5000 2453.3481   11.8807
   -7.5000   30.0000   -7.5000 2308.9053   13.1407
    0.0000   30.0000   -7.5000 2337.2144   13.0073
    7.5000   30.0000   -7.5000 2319.9031   13.1187
   -7.5000   37.5000   -7.5000 2141.3779   14.6775
    0.0000   37.5000   -7.5000 2167.2996   14.5315
    7.5000   37.5000   -7.5000 2153.8984   14.6476
   -7.5000   45.0000   -7.5000 1938.3351   16.4334
    0.0000   45.0000   -7.5000 1963.9377   16.2586
    7.5000   45.0000   -7.5000 1954.9626   16.3804
   -7.5000  -45.0000    0.0000 2410.9470   11.5228
    0.0000  -45.0000    0.0000 2433.1018   11.4136
    7.5000  -45.0000    0.0000 2415.1687   11.5940
   -7.5000  -37.5000    0.0000 2542.3359   10.6021
    0.0000  -37.5000    0.0000 2568.9697   10.4733
    7.5000  -37.5000    0.0000 2549.9363   10.6256
   -7.5000  -30.0000    0.0000 2657.3835    9.9418
    0.0000  -30.0000    0.0000 2689.5002    9.8190
    7.5000  -30.0000    0.0000 2667.9048    9.9516
   -7.5000  -22.5000    0.0000 2756.5173    9.5079
    0.0000  -22.5000    0.0000 2802.7751    9.4148
    7.5000  -22.5000    0.0000 2761.9028    9.5306
   -7.5000  -15.0000    0.0000 2814.7766    9.2586
    0.0000  -15.0000    0.0000 2862.1179    9.1589
    7.5000  -15.0000    0.0000 2815.4331    9.3150
   -7.5000   -7.5000    0.0000 2827.2136    9.2286
    0.0000   -7.5000    0.0000 2872.7593    9.1240
    7.5000   -7.5000    0.0000 2834.1138    9.2760
   -7.5000    0.0000    0.0000 2790.8879    9.4493
    0.0000    0.0000    0.0000 2829.2708    9.3548
    7.5000    0.0000    0.0000 2803.2969    9.4833
   -7.5000    7.5000    0.0000 2715.1733    9.9024
    0.0000    7.5000    0.0000 2752.9758    9.7940
    7.5000    7.5000    0.0000 2736.2046    9.9123
   -7.5000   15.0000    0.0000 2605.7803   10.6061
    0.0000   15.0000    0.0000 2646.1655   10.4829
    7.5000   15.0000    0.0000 2628.0134   10.5979
   -7.5000   22.5000    0.0000 2477.6455   11.5559
    0.0000   22.5000    0.0000 2514.7385   11.4239
    7.5000   22.5000    0.0000 2498.2917   11.5558
   -7.5000   30.0000    0.0000 2341.4338   12.7834
    0.0000   30.0000    0.0000 2377.0874   12.6414
    7.5000   30.0000    0.0000 2362.6560   12.7714
   -7.5000   37.5000    0.0000 2176.4351   14.2415
    0.0000   37.5000    0.0000 2204.1199   14.0896
    7.5000   37.5000    0.0000 2191.4568   14.2131
   -7.5000   45.0000    0.0000 1972.5330   15.9092
    0.0000   45.0000    0.0000 1997.9893   15.7181
    7.5000   45.0000    0.0000 1987.2197   15.8622
   -7.5000  -45.0000    7.5000 2421.4475   11.2577
    0.0000  -45.0000    7.5000 2446.8074   11.1179
    7.5000  -45.0000    7.5000 2427.3940   11.3312
   -7.5000  -37.5000    7.5000 2555.5830   10.3119
    0.0000  -37.5000    7.5000 2585.1858   10.1589
    7.5000  -37.5000    7.5000 2563.7966   10.3630
   -7.5000  -30.0000    7.5000 2677.6001    9.6739
    0.0000  -30.0000    7.5000 2715.3586    9.5335
    7.5000  -30.0000    7.5000 2693.8860    9.7143
   -7.5000  -22.5000    7.5000 2793.2637    9.3237
    0.0000  -22.5000    7.5000 2845.5320    9.2028
    7.5000  -22.5000    7.5000 2804.7234    9.3335
   -7.5000  -15.0000    7.5000 2871.8386    9.1193
    0.0000  -15.0000    7.5000 2929.7104    9.0012
    7.5000  -15.0000    7.5000 2874.4436    9.1602
   -7.5000   -7.5000    7.5000 2892.2842    9.0706
    0.0000   -7.5000    7.5000 2947.8892    8.9093
    7.5000   -7.5000    7.5000 2896.3279    9.1228
   -7.5000    0.0000    7.5000 2843.0161    9.2545
    0.0000    0.0000    7.5000 2886.3484    9.1004
    7.5000    0.0000    7.5000 2856.9592    9.2761
   -7.5000    7.5000    7.5000 2752.7671    9.6872
    0.0000    7.5000    7.5000 2791.9734    9.5308
    7.5000    7.5000    7.5000 2774.3376    9.6650
   -7.5000   15.0000    7.5000 2634.3770   10.3530
    0.0000   15.0000    7.5000 2676.7239   10.2026
    7.5000   15.0000    7.5000 2659.9534   10.3268
   -7.5000   22.5000    7.5000 2498.4114   11.2711
    0.0000   22.5000    7.5000 2536.5054   11.1293
    7.5000   22.5000    7.5000 2520.4807   11.2322
   -7.5000   30.0000    7.5000 2356.9062   12.4663
    0.0000   30.0000    7.5000 2395.2666   12.3195
    7.5000   30.0000    7.5000 2377.9788   12.4039
   -7.5000   37.5000    7.5000 2186.9431   13.8852
    0.0000   37.5000    7.5000 2214.8225   13.7195
    7.5000   37.5000    7.5000 2205.3650   13.8058
   -7.5000   45.0000    7.5000 1984.9110   15.4923
    0.0000   45.0000    7.5000 2012.8013   15.2936
    7.5000   45.0000    7.5000 2004.7697   15.4258
   -7.5000  -45.0000   15.0000 2426.6047   11.2361
    0.0000  -45.0000   15.0000 2451.2046   11.0678
    7.5000  -45.0000   15.0000 2429.7903   11.3029
   -7.5000  -37.5000   15.0000 2556.0820   10.2695
    0.0000  -37.5000   15.0000 2590.8289   10.1054
    7.5000  -37.5000   15.0000 2566.2583   10.3245
   -7.5000  -30.0000   15.0000 2681.3247    9.6349
    0.0000  -30.0000   15.0000 2725.6052    9.4837
    7.5000  -30.0000   15.0000 2704.2373    9.6713
   -7.5000  -22.5000   15.0000 2802.2761    9.2946
    0.0000  -22.5000   15.0000 2854.5046    9.1559
    7.5000  -22.5000   15.0000 2819.1689    9.3030
   -7.5000  -15.0000   15.0000 2881.0481    9.1216
    0.0000  -15.0000   15.0000 2941.6416    8.9649
    7.5000  -15.0000   15.0000 2897.3816    9.1191
   -7.5000   -7.5000   15.0000 2905.0947    9.1219
    0.0000   -7.5000   15.0000 2965.7053    8.9264
    7.5000   -7.5000   15.0000 2918.3357    9.0784
   -7.5000    0.0000   15.0000 2853.9595    9.3032
    0.0000    0.0000   15.0000 2903.5618    9.1162
    7.5000    0.0000   15.0000 2866.2166    9.2404
   -7.5000    7.5000   15.0000 2759.3811    9.6765
    0.0000    7.5000   15.0000 2798.1648    9.5119
    7.5000    7.5000   15.0000 2777.5210    9.6208
   -7.5000   15.0000   15.0000 2637.2476   10.2555
    0.0000   15.0000   15.0000 2675.2610   10.0979
    7.5000   15.0000   15.0000 2663.9773   10.2144
   -7.5000   22.5000   15.0000 2500.4038   11.1232
    0.0000   22.5000   15.0000 2539.2688   10.9732
    7.5000   22.5000   15.0000 2525.6458   11.0866
   -7.5000   30.0000   15.0000 2350.5957   12.2843
    0.0000   30.0000   15.0000 2393.8152   12.1347
    7.5000   30.0000   15.0000 2376.1204   12.2491
   -7.5000   37.5000   15.0000 2183.2327   13.7204
    0.0000   37.5000   15.0000 2222.5034   13.5506
    7.5000   37.5000   15.0000 2207.7969   13.6635
   -7.5000   45.0000   15.0000 1982.1451   15.3353
    0.0000   45.0000   15.0000 2012.0305   15.1497
    7.5000   45.0000   15.0000 2001.7078   15.2662
   -7.5000  -45.0000   22.5000 2419.1367   11.4415
    0.0000  -45.0000   22.5000 2449.0618   11.2785
    7.5000  -45.0000   22.5000 2426.7893   11.4980
   -7.5000  -37.5000   22.5000 2546.4180   10.4957
    0.0000  -37.5000   22.5000 2587.1643   10.3499
    7.5000  -37.5000   22.5000 2563.0818   10.5500
   -7.5000  -30.0000   22.5000 2671.1375    9.8538
    0.0000  -30.0000   22.5000 2713.7156    9.7327
    7.5000  -30.0000   22.5000 2691.6860    9.8795
   -7.5000  -22.5000   22.5000 2777.4775    9.4639
    0.0000  -22.5000   22.5000 2828.4751    9.3483
    7.5000  -22.5000   22.5000 2801.2917    9.4658
   -7.5000  -15.0000   22.5000 2844.5488    9.2680
    0.0000  -15.0000   22.5000 2901.6948    9.1010
    7.5000  -15.0000   22.5000 2869.9983    9.2420
   -7.5000   -7.5000   22.5000 2859.8860    9.2646
    0.0000   -7.5000   22.5000 2921.6948    9.0893
    7.5000   -7.5000   22.5000 2882.7549    9.1922
   -7.5000    0.0000   22.5000 2817.8560    9.4760
    0.0000    0.0000   22.5000 2868.5652    9.3285
    7.5000    0.0000   22.5000 2834.7483    9.4117
   -7.5000    7.5000   22.5000 2730.5295    9.8813
    0.0000    7.5000   22.5000 2768.1228    9.7546
    7.5000    7.5000   22.5000 2748.0188    9.8249
   -7.5000   15.0000   22.5000 2610.7427   10.4721
    0.0000   15.0000   22.5000 2642.3940   10.3563
    7.5000   15.0000   22.5000 2633.2222   10.4418
   -7.5000   22.5000   22.5000 2478.9509   11.2616
    0.0000   22.5000   22.5000 2513.5984   11.1483
    7.5000   22.5000   22.5000 2501.5286   11.2544
   -7.5000   30.0000   22.5000 2333.6804   12.3552
    0.0000   30.0000   22.5000 2374.5269   12.2326
    7.5000   30.0000   22.5000 2360.6587   12.3446
   -7.5000   37.5000   22.5000 2164.8560   13.7138
    0.0000   37.5000   22.5000 2199.0593   13.5862
    7.5000   37.5000   22.5000 2189.7551   13.7109
   -7.5000   45.0000   22.5000 1962.8882   15.3056
    0.0000   45.0000   22.5000 1991.7787   15.1106
    7.5000   45.0000   22.5000 1979.8118   15.2552
   -7.5000  -45.0000   30.0000 2399.2830   11.8425
    0.0000  -45.0000   30.0000 2432.5032   11.7049
    7.5000  -45.0000   30.0000 2409.9719   11.8607
   -7.5000  -37.5000   30.0000 2521.9373   10.9118
    0.0000  -37.5000   30.0000 2566.2961   10.7898
    7.5000  -37.5000   30.0000 2545.1560   10.9351
   -7.5000  -30.0000   30.0000 2640.6548   10.2605
    0.0000  -30.0000   30.0000 2686.1968   10.1517
    7.5000  -30.0000   30.0000 2663.5422   10.2704
   -7.5000  -22.5000   30.0000 2731.3384    9.8362
    0.0000  -22.5000   30.0000 2780.9426    9.6992
    7.5000  -22.5000   30.0000 2756.6018    9.7989
   -7.5000  -15.0000   30.0000 2783.3989    9.5874
    0.0000  -15.0000   30.0000 2833.2866    9.4142
    7.5000  -15.0000   30.0000 2811.1516    9.5231
   -7.5000   -7.5000   30.0000 2790.5251    9.5419
    0.0000   -7.5000   30.0000 2842.2610    9.4038
    7.5000   -7.5000   30.0000 2815.1206    9.5149
   -7.5000    0.0000   30.0000 2755.3401    9.7453
    0.0000    0.0000   30.0000 2797.6294    9.6337
    7.5000    0.0000   30.0000 2773.4666    9.7281
   -7.5000    7.5000   30.0000 2672.5977   10.1934
    0.0000    7.5000   30.0000 2709.8413   10.0875
    7.5000    7.5000   30.0000 2690.1743   10.1849
   -7.5000   15.0000   30.0000 2562.3787   10.8285
    0.0000   15.0000   30.0000 2595.1501   10.7168
    7.5000   15.0000   30.0000 2581.2327   10.8060
   -7.5000   22.5000   30.0000 2431.6782   11.6265
    0.0000   22.5000   30.0000 2473.8074   11.5272
    7.5000   22.5000   30.0000 2458.9307   11.6073
   -7.5000   30.0000   30.0000 2296.7217   12.6636
    0.0000   30.0000   30.0000 2335.7776   12.5400
    7.5000   30.0000   30.0000 2324.4832   12.6422
   -7.5000   37.5000   30.0000 2129.2720   13.9414
    0.0000   37.5000   30.0000 2159.3669   13.8002
    7.5000   37.5000   30.0000 2148.6108   13.9230
   -7.5000   45.0000   30.0000 1927.8995   15.5152
    0.0000   45.0000   30.0000 1951.0385   15.3143
    7.5000   45.0000   30.0000 1940.5228   15.4436
   -7.5000  -45.0000   37.5000 2364.1064   12.3847
    0.0000  -45.0000   37.5000 2400.9685   12.2450
    7.5000  -45.0000   37.5000 2375.3657   12.3628
   -7.5000  -37.5000   37.5000 2486.4089   11.4195
    0.0000  -37.5000   37.5000 2528.4414   11.3249
    7.5000  -37.5000   37.5000 2508.3325   11.4282
   -7.5000  -30.0000   37.5000 2593.5876   10.7551
    0.0000  -30.0000   37.5000 2641.2588   10.6337
    7.5000  -30.0000   37.5000 2621.7461   10.7389
   -7.5000  -22.5000   37.5000 2672.7822   10.2828
    0.0000  -22.5000   37.5000 2721.1875   10.1423
    7.5000  -22.5000   37.5000 2699.3040   10.2413
   -7.5000  -15.0000   37.5000 2711.8035   10.0129
    0.0000  -15.0000   37.5000 2759.4780    9.8742
    7.5000  -15.0000   37.5000 2740.6409    9.9708
   -7.5000   -7.5000   37.5000 2705.3762    9.9838
    0.0000   -7.5000   37.5000 2751.9229    9.8445
    7.5000   -7.5000   37.5000 2732.9729    9.9636
   -7.5000    0.0000   37.5000 2665.3679   10.1781
    0.0000    0.0000   37.5000 2706.6562   10.0494
    7.5000    0.0000   37.5000 2689.5317   10.1610
   -7.5000    7.5000   37.5000 2594.5408   10.6110
    0.0000    7.5000   37.5000 2630.3059   10.4885
    7.5000    7.5000   37.5000 2613.5850   10.5942
   -7.5000   15.0000   37.5000 2494.0947   11.2442
    0.0000   15.0000   37.5000 2529.4434   11.1239
    7.5000   15.0000   37.5000 2513.6990   11.2225
   -7.5000   22.5000   37.5000 2372.9170   12.0532
    0.0000   22.5000   37.5000 2414.3269   11.9505
    7.5000   22.5000   37.5000 2401.7317   12.0298
   -7.5000   30.0000   37.5000 2242.3147   13.1114
    0.0000   30.0000   37.5000 2275.5569   12.9643
    7.5000   30.0000   37.5000 2273.2249   13.0543
   -7.5000   37.5000   37.5000 2075.0686   14.3395
    0.0000   37.5000   37.5000 2098.1997   14.1889
    7.5000   37.5000   37.5000 2097.6130   14.2904
   -7.5000   45.0000   37.5000 1881.4019   15.8811
    0.0000   45.0000   37.5000 1899.4288   15.6941
    7.5000   45.0000   37.5000 1895.7659   15.8169
   -7.5000  -45.0000   45.0000 2293.9338   12.9301
    0.0000  -45.0000   45.0000 2328.1897   12.7921
    7.5000  -45.0000   45.0000 2312.1804   12.8962
   -7.5000  -37.5000   45.0000 2411.7527   11.9774
    0.0000  -37.5000   45.0000 2449.0593   11.8528
    7.5000  -37.5000   45.0000 2438.4910   11.9533
   -7.5000  -30.0000   45.0000 2511.0918   11.2767
    0.0000  -30.0000   45.0000 2557.0186   11.1422
    7.5000  -30.0000   45.0000 2541.9534   11.2339
   -7.5000  -22.5000   45.0000 2578.7439   10.7788
    0.0000  -22.5000   45.0000 2623.0959   10.6366
    7.5000  -22.5000   45.0000 2610.6421   10.7381
   -7.5000  -15.0000   45.0000 2612.6509   10.4883
    0.0000  -15.0000   45.0000 2652.9204   10.3781
    7.5000  -15.0000   45.0000 2639.1282   10.4804
   -7.5000   -7.5000   45.0000 2597.2512   10.4716
    0.0000   -7.5000   45.0000 2637.0579   10.3491
    7.5000   -7.5000   45.0000 2625.9841   10.4643
   -7.5000    0.0000   45.0000 2554.4067   10.6500
    0.0000    0.0000   45.0000 2593.4946   10.5246
    7.5000    0.0000   45.0000 2579.5149   10.6269
   -7.5000    7.5000   45.0000 2492.3572   11.0523
    0.0000    7.5000   45.0000 2526.1526   10.9269
    7.5000    7.5000   45.0000 2507.2263   11.0301
   -7.5000   15.0000   45.0000 2404.2544   11.6667
    0.0000   15.0000   45.0000 2434.8096   11.5450
    7.5000   15.0000   45.0000 2421.8496   11.6257
   -7.5000   22.5000   45.0000 2290.8906   12.4749
    0.0000   22.5000   45.0000 2326.3320   12.3302
    7.5000   22.5000   45.0000 2315.5417   12.4140
   -7.5000   30.0000   45.0000 2164.0273   13.5446
    0.0000   30.0000   45.0000 2190.8281   13.3678
    7.5000   30.0000   45.0000 2184.9573   13.4577
   -7.5000   37.5000   45.0000 1998.0787   14.7781
    0.0000   37.5000   45.0000 2018.1848   14.6001
    7.5000   37.5000   45.0000 2019.1661   14.7040
   -7.5000   45.0000   45.0000 1815.8773   16.3325
    0.0000   45.0000   45.0000 1827.7340   16.1224
    7.5000   45.0000   45.0000 1829.6268   16.2732

---------------------------------------------------------------------
imgreg_4dfp /opt/freesurfer/average/711-2C_as_mni_average_305 /opt/freesurfer/average/711-2B_as_mni_average_305_mask talsrcimg_g11 none talsrcimg_to_711-2C_as_mni_average_305_t4 1283
---------------------------------------------------------------------

freesurfer imgreg_4dfp.c
/opt/freesurfer/average/711-2C_as_mni_average_305.4dfp.img
       256       256       256         1
  1.000000  1.000000  1.000000
orientation T byte_order littleendian
Reading image: /opt/freesurfer/average/711-2C_as_mni_average_305.4dfp.img
dimensions:      256       256       256
mmppix:       1.0000   -1.0000   -1.0000
center:     128.0000 -129.0000 -129.0000
/opt/freesurfer/average/711-2B_as_mni_average_305_mask.4dfp.img
       256       256       256         1
  1.000000  1.000000  1.000000
orientation T byte_order littleendian
Reading mask: /opt/freesurfer/average/711-2B_as_mni_average_305_mask.4dfp.img (2306576 pixels)
talsrcimg_g11.4dfp.img
       256       256       256         1
  0.898438  0.898438  0.898438
orientation T byte_order littleendian
Reading image: talsrcimg_g11.4dfp.img
dimensions:      256       256       256
mmppix:       0.8984   -0.8984   -0.8984
center:     115.0001 -115.8985 -115.8985
rotation matrix determinant  1.000000
fimgreg.f
image alignment mode   1283 decimal      503 hex
parameters
    0.0000   -7.5000   15.0000    0.0000    0.0000    0.0000
eta,q 0.93267  8.92546
niter,ni,del,rscale     5    3   12.0000    1.2000
parameter  5  0.534541 ->  0.500000 qaram    1.1500
parameter  6  0.959458 ->  0.500000 qaram    1.1500
parameters
    1.1877   -9.1352   12.4933    1.5566   -3.4500   -3.4500
eta,q 0.93670  8.89296
  0.0834  0.0747  0.0716  0.0744  0.0682  0.0643
  0.0773  0.0722  0.0692  0.0719  0.0663  0.0633
  0.0738  0.0703  0.0686  0.0699  0.0664  0.0639
  0.0713  0.0705  0.0702  0.0686  0.0682  0.0661
  0.0703  0.0734  0.0734  0.0682  0.0705  0.0689
  0.0717  0.0784  0.0771  0.0687  0.0734  0.0713
  0.0771  0.0847  0.0823  0.0707  0.0768  0.0732
niter,ni,del,rscale     6    3   12.0000    1.2000
parameters
    1.1624   -9.5922   12.7297    1.8801   -2.4691   -3.9371
eta,q 0.93667  8.90279
  0.0760  0.0724  0.0725  0.0704  0.0730  0.0695
  0.0694  0.0699  0.0677  0.0684  0.0691  0.0665
  0.0649  0.0657  0.0645  0.0658  0.0654  0.0640
  0.0633  0.0633  0.0634  0.0634  0.0632  0.0633
  0.0654  0.0657  0.0639  0.0637  0.0638  0.0649
  0.0693  0.0707  0.0668  0.0668  0.0658  0.0680
  0.0762  0.0769  0.0712  0.0700  0.0691  0.0711
niter,ni,del,rscale     5    3   12.0000    1.2000
parameters
    0.7988   -9.8601   12.9017    2.1361   -2.0520   -4.2613
eta,q 0.93673  8.90879
  0.0745  0.0730  0.0722  0.0701  0.0716  0.0698
  0.0685  0.0700  0.0670  0.0681  0.0677  0.0669
  0.0640  0.0658  0.0640  0.0654  0.0641  0.0642
  0.0633  0.0631  0.0632  0.0632  0.0631  0.0633
  0.0657  0.0653  0.0642  0.0640  0.0641  0.0647
  0.0700  0.0702  0.0669  0.0669  0.0661  0.0678
  0.0778  0.0759  0.0707  0.0697  0.0698  0.0710
niter,ni,del,rscale     4    3   12.0000    1.2000
parameters
    0.6033  -10.0347   12.9900    2.2997   -1.8421   -4.4688
eta,q 0.93667  8.91357
  0.0751  0.0735  0.0719  0.0699  0.0712  0.0700
  0.0689  0.0702  0.0667  0.0679  0.0672  0.0673
  0.0643  0.0659  0.0639  0.0652  0.0636  0.0645
  0.0633  0.0632  0.0632  0.0632  0.0632  0.0633
  0.0653  0.0653  0.0644  0.0643  0.0642  0.0646
  0.0695  0.0701  0.0671  0.0670  0.0662  0.0677
  0.0770  0.0757  0.0707  0.0698  0.0702  0.0710
niter,ni,del,rscale     3    3   12.0000    1.2000
parameters
    0.4957  -10.1521   13.0448    2.4023   -1.7346   -4.6014
eta,q 0.93662  8.91735
  0.0755  0.0738  0.0718  0.0698  0.0710  0.0701
  0.0691  0.0704  0.0666  0.0678  0.0669  0.0675
  0.0645  0.0661  0.0638  0.0650  0.0635  0.0647
  0.0633  0.0633  0.0633  0.0633  0.0633  0.0634
  0.0651  0.0653  0.0645  0.0646  0.0642  0.0645
  0.0692  0.0701  0.0672  0.0671  0.0662  0.0676
  0.0767  0.0755  0.0707  0.0698  0.0705  0.0709
niter,ni,del,rscale     2    3   12.0000    1.2000
parameters
    0.4375  -10.2235   13.0677    2.4623   -1.6819   -4.6758
eta,q 0.93658  8.91977
  0.0758  0.0739  0.0717  0.0697  0.0709  0.0702
  0.0692  0.0706  0.0665  0.0677  0.0668  0.0677
  0.0647  0.0662  0.0638  0.0650  0.0634  0.0649
  0.0634  0.0634  0.0634  0.0634  0.0634  0.0634
  0.0651  0.0653  0.0647  0.0647  0.0642  0.0645
  0.0691  0.0700  0.0672  0.0672  0.0663  0.0676
  0.0765  0.0754  0.0707  0.0698  0.0706  0.0709
niter,ni,del,rscale     1    3   12.0000    1.2000
parameters
    0.4088  -10.2641   13.0800    2.5015   -1.6589   -4.7169
eta,q 0.93655  8.92106
  0.0760  0.0741  0.0717  0.0697  0.0708  0.0703
  0.0693  0.0707  0.0665  0.0677  0.0668  0.0677
  0.0648  0.0663  0.0639  0.0650  0.0634  0.0649
  0.0634  0.0634  0.0634  0.0634  0.0634  0.0634
  0.0650  0.0653  0.0647  0.0648  0.0643  0.0645
  0.0691  0.0700  0.0673  0.0672  0.0663  0.0675
  0.0765  0.0753  0.0707  0.0699  0.0707  0.0708
registration optimization eta report
parameter search radius
    6.0000    6.0000    6.0000    6.0000    6.9000    6.9000
100000*second partial in parameter space
       36.       29.       22.       16.       16.       14.
  0.0760  0.0741  0.0717  0.0697  0.0708  0.0703
  0.0693  0.0707  0.0665  0.0677  0.0668  0.0677
  0.0648  0.0663  0.0639  0.0650  0.0634  0.0649
  0.0634  0.0634  0.0634  0.0634  0.0634  0.0634
  0.0650  0.0653  0.0647  0.0648  0.0643  0.0645
  0.0691  0.0700  0.0673  0.0672  0.0663  0.0675
  0.0765  0.0753  0.0707  0.0699  0.0707  0.0708
    0.4088  -10.2641   13.0800    2.5015   -1.6589   -4.7169
eta,q 0.93655  8.92106

---------------------------------------------------------------------
imgreg_4dfp /opt/freesurfer/average/711-2C_as_mni_average_305 /opt/freesurfer/average/711-2B_as_mni_average_305_mask talsrcimg_g11 none talsrcimg_to_711-2C_as_mni_average_305_t4 3335
---------------------------------------------------------------------

freesurfer imgreg_4dfp.c
/opt/freesurfer/average/711-2C_as_mni_average_305.4dfp.img
       256       256       256         1
  1.000000  1.000000  1.000000
orientation T byte_order littleendian
Reading image: /opt/freesurfer/average/711-2C_as_mni_average_305.4dfp.img
dimensions:      256       256       256
mmppix:       1.0000   -1.0000   -1.0000
center:     128.0000 -129.0000 -129.0000
/opt/freesurfer/average/711-2B_as_mni_average_305_mask.4dfp.img
       256       256       256         1
  1.000000  1.000000  1.000000
orientation T byte_order littleendian
Reading mask: /opt/freesurfer/average/711-2B_as_mni_average_305_mask.4dfp.img (2306576 pixels)
talsrcimg_g11.4dfp.img
       256       256       256         1
  0.898438  0.898438  0.898438
orientation T byte_order littleendian
Reading image: talsrcimg_g11.4dfp.img
dimensions:      256       256       256
mmppix:       0.8984   -0.8984   -0.8984
center:     115.0001 -115.8985 -115.8985
fimgreg.f
image alignment mode   3335 decimal      D07 hex
parameters
    0.4088  -10.2641   13.0800   -0.3804   -0.4440   -0.1372
    8.3413    2.5235   -8.2197   -4.5876   -2.8950    4.3627
eta,q 0.93927  8.87705
niter,ni,del,rscale     5    3    5.0000    1.2000
parameter  4  2.501066 ->  0.500000 qaram    1.1500
parameter  5  2.689231 ->  0.500000 qaram    1.1500
parameter  6  0.875142 ->  0.500000 qaram    1.1500
parameters
    0.2558  -10.5513   13.3337   -4.5204   -4.5840   -4.2772
    7.9863    3.3384   -5.3549   -4.5898   -3.5606    2.3681
eta,q 0.95219  8.42088
  0.0633  0.0621  0.0625  0.0510  0.0468  0.0474  0.0503  0.0528  0.0502  0.0506  0.0486  0.0484
  0.0618  0.0612  0.0616  0.0539  0.0492  0.0479  0.0491  0.0505  0.0492  0.0490  0.0482  0.0480
  0.0609  0.0607  0.0610  0.0570  0.0519  0.0487  0.0483  0.0488  0.0485  0.0481  0.0479  0.0478
  0.0607  0.0607  0.0607  0.0606  0.0547  0.0499  0.0481  0.0481  0.0481  0.0479  0.0479  0.0479
  0.0612  0.0611  0.0607  0.0651  0.0582  0.0521  0.0484  0.0482  0.0479  0.0482  0.0480  0.0482
  0.0623  0.0619  0.0611  0.0702  0.0622  0.0553  0.0494  0.0492  0.0480  0.0490  0.0484  0.0487
  0.0639  0.0629  0.0619  0.0754  0.0663  0.0591  0.0508  0.0511  0.0483  0.0506  0.0489  0.0494
niter,ni,del,rscale     7    3    5.0000    1.2000
parameter  4  1.916928 ->  0.500000 qaram    1.3225
parameter  5  1.795418 ->  0.500000 qaram    1.3225
parameters
    0.4573   -9.5306   13.9054   -9.2814   -9.3450   -7.8718
    7.9484    3.7424   -5.6411   -3.6502   -3.3306    2.1134
eta,q 0.96372  7.92835
  0.0510  0.0514  0.0494  0.0389  0.0350  0.0372  0.0392  0.0412  0.0381  0.0410  0.0374  0.0377
  0.0493  0.0498  0.0485  0.0409  0.0365  0.0365  0.0377  0.0388  0.0372  0.0387  0.0368  0.0369
  0.0482  0.0486  0.0478  0.0436  0.0386  0.0365  0.0367  0.0371  0.0366  0.0371  0.0364  0.0365
  0.0478  0.0478  0.0474  0.0473  0.0415  0.0370  0.0364  0.0364  0.0364  0.0364  0.0363  0.0363
  0.0479  0.0474  0.0473  0.0512  0.0450  0.0380  0.0367  0.0366  0.0366  0.0364  0.0364  0.0365
  0.0486  0.0475  0.0475  0.0558  0.0487  0.0398  0.0377  0.0380  0.0373  0.0374  0.0367  0.0371
  0.0501  0.0481  0.0481  0.0613  0.0532  0.0429  0.0393  0.0403  0.0384  0.0391  0.0373  0.0378
niter,ni,del,rscale     7    3    5.0000    1.2000
parameter  4  1.311262 ->  0.500000 qaram    1.5209
parameter  5  0.720241 ->  0.500000 qaram    1.5209
parameters
    0.7095   -9.2708   14.0954  -14.7566  -14.8202   -8.0966
    7.4229    4.0518   -6.3674   -3.0662   -3.0448    2.4712
eta,q 0.97047  7.44694
  0.0407  0.0398  0.0383  0.0306  0.0303  0.0323  0.0326  0.0352  0.0316  0.0341  0.0310  0.0312
  0.0385  0.0379  0.0372  0.0316  0.0296  0.0308  0.0309  0.0325  0.0304  0.0317  0.0302  0.0303
  0.0370  0.0367  0.0365  0.0336  0.0302  0.0299  0.0298  0.0305  0.0297  0.0302  0.0297  0.0298
  0.0363  0.0362  0.0362  0.0362  0.0320  0.0296  0.0296  0.0296  0.0296  0.0295  0.0295  0.0295
  0.0364  0.0364  0.0363  0.0398  0.0348  0.0300  0.0302  0.0300  0.0301  0.0298  0.0296  0.0297
  0.0374  0.0371  0.0368  0.0442  0.0385  0.0310  0.0316  0.0317  0.0311  0.0310  0.0301  0.0302
  0.0392  0.0385  0.0378  0.0490  0.0425  0.0325  0.0335  0.0345  0.0326  0.0327  0.0308  0.0309
niter,ni,del,rscale     7    3    5.0000    1.2000
parameters
    0.7153   -9.2300   14.7117  -19.8381  -16.3943   -7.4782
    7.3891    4.1006   -6.7175   -3.2059   -3.1328    2.8202
eta,q 0.97197  7.16296
  0.0338  0.0330  0.0323  0.0299  0.0322  0.0313  0.0313  0.0336  0.0302  0.0315  0.0295  0.0295
  0.0315  0.0311  0.0311  0.0283  0.0300  0.0297  0.0296  0.0308  0.0290  0.0295  0.0287  0.0287
  0.0300  0.0299  0.0301  0.0281  0.0285  0.0286  0.0284  0.0288  0.0282  0.0283  0.0282  0.0282
  0.0295  0.0295  0.0295  0.0294  0.0280  0.0281  0.0280  0.0280  0.0280  0.0280  0.0280  0.0280
  0.0300  0.0299  0.0294  0.0320  0.0293  0.0282  0.0284  0.0286  0.0284  0.0286  0.0282  0.0282
  0.0315  0.0310  0.0297  0.0355  0.0320  0.0291  0.0296  0.0306  0.0293  0.0298  0.0287  0.0286
  0.0338  0.0327  0.0305  0.0404  0.0360  0.0305  0.0314  0.0335  0.0307  0.0317  0.0295  0.0292
niter,ni,del,rscale     6    3    5.0000    1.2000
parameters
    0.7059   -9.1424   14.7492  -19.7698  -16.6772   -7.5301
    7.4529    4.0781   -6.7360   -3.1832   -3.0763    2.8805
eta,q 0.97194  7.15343
  0.0323  0.0314  0.0299  0.0340  0.0331  0.0309  0.0314  0.0335  0.0305  0.0317  0.0295  0.0294
  0.0299  0.0295  0.0289  0.0309  0.0308  0.0294  0.0296  0.0307  0.0292  0.0296  0.0288  0.0287
  0.0285  0.0284  0.0283  0.0288  0.0290  0.0284  0.0285  0.0287  0.0283  0.0284  0.0283  0.0282
  0.0280  0.0280  0.0280  0.0280  0.0280  0.0280  0.0280  0.0281  0.0281  0.0281  0.0281  0.0280
  0.0285  0.0284  0.0282  0.0287  0.0285  0.0283  0.0284  0.0287  0.0283  0.0285  0.0282  0.0282
  0.0300  0.0293  0.0288  0.0308  0.0307  0.0294  0.0295  0.0307  0.0292  0.0297  0.0287  0.0286
  0.0323  0.0309  0.0298  0.0339  0.0342  0.0310  0.0313  0.0336  0.0305  0.0315  0.0295  0.0293
niter,ni,del,rscale     5    3    5.0000    1.2000
parameters
    0.7027   -9.1290   14.7522  -19.7645  -16.7050   -7.5355
    7.4631    4.0705   -6.7577   -3.1710   -3.0501    2.8799
eta,q 0.97194  7.15246
  0.0323  0.0312  0.0298  0.0340  0.0333  0.0309  0.0313  0.0335  0.0305  0.0317  0.0295  0.0294
  0.0300  0.0294  0.0289  0.0309  0.0309  0.0294  0.0296  0.0307  0.0292  0.0296  0.0288  0.0287
  0.0285  0.0284  0.0283  0.0288  0.0291  0.0284  0.0285  0.0287  0.0283  0.0284  0.0283  0.0282
  0.0281  0.0281  0.0281  0.0281  0.0281  0.0281  0.0281  0.0281  0.0281  0.0281  0.0281  0.0281
  0.0285  0.0285  0.0283  0.0288  0.0284  0.0283  0.0284  0.0287  0.0283  0.0285  0.0282  0.0283
  0.0300  0.0295  0.0289  0.0309  0.0305  0.0293  0.0296  0.0307  0.0292  0.0297  0.0288  0.0287
  0.0323  0.0310  0.0298  0.0339  0.0339  0.0310  0.0313  0.0336  0.0305  0.0315  0.0295  0.0294
registration optimization eta report
parameter search radius
    2.4000    2.4000    2.4000   10.9503   10.9503    8.2800
    7.2000    7.2000    7.2000    7.2000    7.2000    7.2000
100000*second partial in parameter space
       74.       53.       31.        5.        5.        4.
        6.       11.        5.        7.        3.        3.
  0.0323  0.0312  0.0298  0.0340  0.0333  0.0309  0.0313  0.0335  0.0305  0.0317  0.0295  0.0294
  0.0300  0.0294  0.0289  0.0309  0.0309  0.0294  0.0296  0.0307  0.0292  0.0296  0.0288  0.0287
  0.0285  0.0284  0.0283  0.0288  0.0291  0.0284  0.0285  0.0287  0.0283  0.0284  0.0283  0.0282
  0.0281  0.0281  0.0281  0.0281  0.0281  0.0281  0.0281  0.0281  0.0281  0.0281  0.0281  0.0281
  0.0285  0.0285  0.0283  0.0288  0.0284  0.0283  0.0284  0.0287  0.0283  0.0285  0.0282  0.0283
  0.0300  0.0295  0.0289  0.0309  0.0305  0.0293  0.0296  0.0307  0.0292  0.0297  0.0288  0.0287
  0.0323  0.0310  0.0298  0.0339  0.0339  0.0310  0.0313  0.0336  0.0305  0.0315  0.0295  0.0294
    0.7027   -9.1290   14.7522  -19.7645  -16.7050   -7.5355
    7.4631    4.0705   -6.7577   -3.1710   -3.0501    2.8799
eta,q 0.97194  7.15246

---------------------------------------------------------------------
imgreg_4dfp /opt/freesurfer/average/711-2C_as_mni_average_305 /opt/freesurfer/average/711-2B_as_mni_average_305_mask talsrcimg_g11 none talsrcimg_to_711-2C_as_mni_average_305_t4 2311
---------------------------------------------------------------------

freesurfer imgreg_4dfp.c
/opt/freesurfer/average/711-2C_as_mni_average_305.4dfp.img
       256       256       256         1
  1.000000  1.000000  1.000000
orientation T byte_order littleendian
Reading image: /opt/freesurfer/average/711-2C_as_mni_average_305.4dfp.img
dimensions:      256       256       256
mmppix:       1.0000   -1.0000   -1.0000
center:     128.0000 -129.0000 -129.0000
/opt/freesurfer/average/711-2B_as_mni_average_305_mask.4dfp.img
       256       256       256         1
  1.000000  1.000000  1.000000
orientation T byte_order littleendian
Reading mask: /opt/freesurfer/average/711-2B_as_mni_average_305_mask.4dfp.img (2306576 pixels)
talsrcimg_g11.4dfp.img
       256       256       256         1
  0.898438  0.898438  0.898438
orientation T byte_order littleendian
Reading image: talsrcimg_g11.4dfp.img
dimensions:      256       256       256
mmppix:       0.8984   -0.8984   -0.8984
center:     115.0001 -115.8985 -115.8985
fimgreg.f
image alignment mode   2311 decimal      907 hex
parameters
    0.7027   -9.1290   14.7522  -19.7645  -16.7050   -7.5355
    7.4631    4.0705   -6.7577   -3.1710   -3.0501    2.8799
eta,q 0.97194  7.15246
niter,ni,del,rscale     5    3    5.0000    0.8000
parameters
    0.7029   -9.1684   14.7687  -19.7251  -15.8917   -7.4199
    7.5226    4.1372   -6.7327   -3.3145   -3.0753    2.6104
eta,q 0.97203  7.19116
  0.0300  0.0294  0.0289  0.0293  0.0296  0.0291  0.0296  0.0307  0.0291  0.0296  0.0287  0.0286
  0.0289  0.0286  0.0284  0.0286  0.0289  0.0285  0.0287  0.0292  0.0285  0.0286  0.0283  0.0282
  0.0283  0.0282  0.0282  0.0282  0.0284  0.0281  0.0282  0.0283  0.0281  0.0281  0.0281  0.0280
  0.0281  0.0281  0.0281  0.0281  0.0281  0.0280  0.0280  0.0280  0.0280  0.0280  0.0280  0.0280
  0.0283  0.0283  0.0281  0.0282  0.0280  0.0281  0.0281  0.0282  0.0281  0.0282  0.0281  0.0281
  0.0289  0.0287  0.0284  0.0286  0.0283  0.0284  0.0286  0.0291  0.0285  0.0288  0.0283  0.0283
  0.0300  0.0295  0.0288  0.0293  0.0289  0.0290  0.0295  0.0306  0.0291  0.0297  0.0287  0.0287
niter,ni,del,rscale     4    3    5.0000    0.7000
parameters
    0.7008   -9.2349   14.7680  -19.7197  -15.7886   -7.3726
    7.5237    4.1467   -6.6967   -3.3590   -3.1273    2.5813
eta,q 0.97204  7.19692
  0.0295  0.0290  0.0286  0.0289  0.0290  0.0288  0.0292  0.0300  0.0289  0.0293  0.0285  0.0285
  0.0286  0.0284  0.0283  0.0284  0.0285  0.0283  0.0285  0.0289  0.0284  0.0285  0.0282  0.0282
  0.0281  0.0280  0.0280  0.0281  0.0281  0.0281  0.0281  0.0282  0.0281  0.0281  0.0280  0.0280
  0.0280  0.0280  0.0280  0.0280  0.0280  0.0280  0.0280  0.0280  0.0280  0.0280  0.0280  0.0280
  0.0281  0.0281  0.0280  0.0281  0.0280  0.0280  0.0281  0.0282  0.0281  0.0281  0.0280  0.0280
  0.0286  0.0285  0.0283  0.0284  0.0284  0.0283  0.0285  0.0289  0.0283  0.0286  0.0282  0.0282
  0.0295  0.0292  0.0286  0.0289  0.0290  0.0288  0.0292  0.0300  0.0288  0.0293  0.0285  0.0284
niter,ni,del,rscale     3    3    5.0000    0.6000
parameters
    0.6978   -9.2501   14.7771  -19.7165  -15.7211   -7.3340
    7.5389    4.1558   -6.6756   -3.3879   -3.1310    2.5161
eta,q 0.97205  7.20094
  0.0291  0.0288  0.0284  0.0287  0.0287  0.0286  0.0288  0.0295  0.0286  0.0289  0.0284  0.0283
  0.0284  0.0283  0.0282  0.0283  0.0284  0.0282  0.0284  0.0286  0.0282  0.0284  0.0281  0.0281
  0.0281  0.0280  0.0280  0.0280  0.0281  0.0280  0.0281  0.0281  0.0280  0.0280  0.0280  0.0280
  0.0280  0.0280  0.0280  0.0280  0.0280  0.0280  0.0280  0.0280  0.0280  0.0280  0.0280  0.0280
  0.0281  0.0281  0.0280  0.0280  0.0280  0.0280  0.0280  0.0281  0.0280  0.0281  0.0280  0.0280
  0.0285  0.0284  0.0282  0.0283  0.0283  0.0282  0.0283  0.0286  0.0282  0.0284  0.0281  0.0282
  0.0291  0.0288  0.0284  0.0287  0.0287  0.0285  0.0288  0.0295  0.0286  0.0289  0.0284  0.0283
niter,ni,del,rscale     2    3    5.0000    0.5000
parameters
    0.6955   -9.2623   14.7822  -19.7066  -15.6453   -7.2937
    7.5414    4.1676   -6.6653   -3.4125   -3.1259    2.4574
eta,q 0.97205  7.20563
  0.0287  0.0285  0.0283  0.0284  0.0285  0.0284  0.0286  0.0290  0.0284  0.0286  0.0282  0.0282
  0.0283  0.0282  0.0281  0.0282  0.0282  0.0281  0.0282  0.0284  0.0282  0.0282  0.0281  0.0281
  0.0280  0.0280  0.0280  0.0280  0.0280  0.0280  0.0280  0.0281  0.0280  0.0280  0.0280  0.0280
  0.0280  0.0280  0.0280  0.0280  0.0280  0.0280  0.0279  0.0279  0.0279  0.0280  0.0279  0.0279
  0.0280  0.0280  0.0280  0.0280  0.0280  0.0280  0.0280  0.0281  0.0280  0.0280  0.0280  0.0280
  0.0283  0.0282  0.0281  0.0282  0.0282  0.0281  0.0282  0.0284  0.0282  0.0283  0.0281  0.0281
  0.0287  0.0285  0.0283  0.0284  0.0285  0.0284  0.0286  0.0290  0.0284  0.0286  0.0282  0.0282
niter,ni,del,rscale     1    3    5.0000    0.4000
parameters
    0.6963   -9.2744   14.7875  -19.7124  -15.5898   -7.2560
    7.5444    4.1819   -6.6570   -3.4325   -3.1086    2.3843
eta,q 0.97206  7.20862
  0.0284  0.0283  0.0282  0.0283  0.0283  0.0282  0.0283  0.0286  0.0282  0.0284  0.0281  0.0281
  0.0282  0.0281  0.0280  0.0281  0.0281  0.0281  0.0281  0.0283  0.0281  0.0281  0.0280  0.0280
  0.0280  0.0280  0.0280  0.0280  0.0280  0.0280  0.0280  0.0280  0.0280  0.0280  0.0280  0.0280
  0.0279  0.0279  0.0279  0.0279  0.0279  0.0279  0.0279  0.0279  0.0279  0.0279  0.0279  0.0279
  0.0280  0.0280  0.0280  0.0280  0.0280  0.0280  0.0280  0.0280  0.0280  0.0280  0.0280  0.0280
  0.0282  0.0281  0.0280  0.0281  0.0281  0.0281  0.0281  0.0282  0.0281  0.0282  0.0280  0.0280
  0.0284  0.0283  0.0282  0.0283  0.0283  0.0282  0.0283  0.0286  0.0282  0.0284  0.0281  0.0281
registration optimization eta report
parameter search radius
    0.8000    0.8000    0.8000    2.4000    2.4000    2.4000
    2.4000    2.4000    2.4000    2.4000    2.4000    2.4000
100000*second partial in parameter space
       77.       58.       34.        5.        6.        5.
        7.       12.        5.        8.        3.        3.
  0.0284  0.0283  0.0282  0.0283  0.0283  0.0282  0.0283  0.0286  0.0282  0.0284  0.0281  0.0281
  0.0282  0.0281  0.0280  0.0281  0.0281  0.0281  0.0281  0.0283  0.0281  0.0281  0.0280  0.0280
  0.0280  0.0280  0.0280  0.0280  0.0280  0.0280  0.0280  0.0280  0.0280  0.0280  0.0280  0.0280
  0.0279  0.0279  0.0279  0.0279  0.0279  0.0279  0.0279  0.0279  0.0279  0.0279  0.0279  0.0279
  0.0280  0.0280  0.0280  0.0280  0.0280  0.0280  0.0280  0.0280  0.0280  0.0280  0.0280  0.0280
  0.0282  0.0281  0.0280  0.0281  0.0281  0.0281  0.0281  0.0282  0.0281  0.0282  0.0280  0.0280
  0.0284  0.0283  0.0282  0.0283  0.0283  0.0282  0.0283  0.0286  0.0282  0.0284  0.0281  0.0281
    0.6963   -9.2744   14.7875  -19.7124  -15.5898   -7.2560
    7.5444    4.1819   -6.6570   -3.4325   -3.1086    2.3843
eta,q 0.97206  7.20862

---------------------------------------------------------------------
imgreg_4dfp /opt/freesurfer/average/711-2C_as_mni_average_305 /opt/freesurfer/average/711-2B_as_mni_average_305_mask talsrcimg_g11 none talsrcimg_to_711-2C_as_mni_average_305_t4 2311
---------------------------------------------------------------------

freesurfer imgreg_4dfp.c
/opt/freesurfer/average/711-2C_as_mni_average_305.4dfp.img
       256       256       256         1
  1.000000  1.000000  1.000000
orientation T byte_order littleendian
Reading image: /opt/freesurfer/average/711-2C_as_mni_average_305.4dfp.img
dimensions:      256       256       256
mmppix:       1.0000   -1.0000   -1.0000
center:     128.0000 -129.0000 -129.0000
/opt/freesurfer/average/711-2B_as_mni_average_305_mask.4dfp.img
       256       256       256         1
  1.000000  1.000000  1.000000
orientation T byte_order littleendian
Reading mask: /opt/freesurfer/average/711-2B_as_mni_average_305_mask.4dfp.img (2306576 pixels)
talsrcimg_g11.4dfp.img
       256       256       256         1
  0.898438  0.898438  0.898438
orientation T byte_order littleendian
Reading image: talsrcimg_g11.4dfp.img
dimensions:      256       256       256
mmppix:       0.8984   -0.8984   -0.8984
center:     115.0001 -115.8985 -115.8985
fimgreg.f
image alignment mode   2311 decimal      907 hex
parameters
    0.6963   -9.2744   14.7875  -19.7124  -15.5898   -7.2560
    7.5444    4.1819   -6.6570   -3.4325   -3.1086    2.3843
eta,q 0.97206  7.20862
niter,ni,del,rscale     5    3    5.0000    0.8000
parameters
    0.7007   -9.2524   14.7791  -19.7418  -15.8171   -7.3607
    7.5013    4.1391   -6.6801   -3.3294   -3.1812    2.6129
eta,q 0.97204  7.19535
  0.0299  0.0295  0.0288  0.0292  0.0291  0.0289  0.0295  0.0306  0.0291  0.0298  0.0286  0.0287
  0.0288  0.0286  0.0283  0.0285  0.0285  0.0284  0.0286  0.0291  0.0285  0.0288  0.0283  0.0283
  0.0282  0.0281  0.0280  0.0281  0.0281  0.0281  0.0281  0.0282  0.0281  0.0281  0.0280  0.0280
  0.0279  0.0279  0.0279  0.0279  0.0279  0.0280  0.0280  0.0280  0.0280  0.0280  0.0280  0.0280
  0.0282  0.0281  0.0280  0.0281  0.0281  0.0281  0.0281  0.0283  0.0281  0.0281  0.0280  0.0280
  0.0288  0.0286  0.0283  0.0285  0.0286  0.0284  0.0287  0.0292  0.0285  0.0287  0.0283  0.0282
  0.0299  0.0294  0.0288  0.0292  0.0295  0.0291  0.0296  0.0307  0.0291  0.0296  0.0287  0.0285
niter,ni,del,rscale     4    3    5.0000    0.7000
parameters
    0.6995   -9.2404   14.7747  -19.7295  -15.7854   -7.3663
    7.5156    4.1520   -6.6580   -3.3698   -3.1585    2.5818
eta,q 0.97204  7.19676
  0.0295  0.0291  0.0286  0.0289  0.0290  0.0287  0.0292  0.0300  0.0289  0.0293  0.0285  0.0285
  0.0286  0.0285  0.0283  0.0284  0.0285  0.0283  0.0285  0.0289  0.0284  0.0285  0.0282  0.0282
  0.0281  0.0281  0.0280  0.0281  0.0281  0.0281  0.0281  0.0282  0.0281  0.0281  0.0280  0.0280
  0.0280  0.0280  0.0280  0.0280  0.0280  0.0280  0.0280  0.0280  0.0280  0.0280  0.0280  0.0280
  0.0281  0.0281  0.0280  0.0281  0.0280  0.0280  0.0281  0.0282  0.0281  0.0281  0.0280  0.0280
  0.0286  0.0285  0.0283  0.0284  0.0284  0.0283  0.0285  0.0289  0.0283  0.0286  0.0282  0.0282
  0.0295  0.0291  0.0286  0.0289  0.0290  0.0288  0.0292  0.0300  0.0288  0.0293  0.0285  0.0285
registration optimization eta report
parameter search radius
    1.4000    1.4000    1.4000    4.2000    4.2000    4.2000
    4.2000    4.2000    4.2000    4.2000    4.2000    4.2000
100000*second partial in parameter space
       76.       57.       33.        5.        6.        5.
        7.       12.        5.        7.        3.        3.
  0.0295  0.0291  0.0286  0.0289  0.0290  0.0287  0.0292  0.0300  0.0289  0.0293  0.0285  0.0285
  0.0286  0.0285  0.0283  0.0284  0.0285  0.0283  0.0285  0.0289  0.0284  0.0285  0.0282  0.0282
  0.0281  0.0281  0.0280  0.0281  0.0281  0.0281  0.0281  0.0282  0.0281  0.0281  0.0280  0.0280
  0.0280  0.0280  0.0280  0.0280  0.0280  0.0280  0.0280  0.0280  0.0280  0.0280  0.0280  0.0280
  0.0281  0.0281  0.0280  0.0281  0.0280  0.0280  0.0281  0.0282  0.0281  0.0281  0.0280  0.0280
  0.0286  0.0285  0.0283  0.0284  0.0284  0.0283  0.0285  0.0289  0.0283  0.0286  0.0282  0.0282
  0.0295  0.0291  0.0286  0.0289  0.0290  0.0288  0.0292  0.0300  0.0288  0.0293  0.0285  0.0285
    0.6995   -9.2404   14.7747  -19.7295  -15.7854   -7.3663
    7.5156    4.1520   -6.6580   -3.3698   -3.1585    2.5818
eta,q 0.97204  7.19676

---------------------------------------------------------------------
compute_vox2vox talsrcimg talsrcimg_to_711-2C_as_mni_average_305_t4 /opt/freesurfer/average/711-2C_as_mni_average_305
---------------------------------------------------------------------

freesurfer compute_vox2vox.c
Reading: talsrcimg.4dfp.ifh
Reading: talsrcimg_to_711-2C_as_mni_average_305_t4
Reading: /opt/freesurfer/average/711-2C_as_mni_average_305.4dfp.ifh
Writing: talsrcimg_to_711-2C_as_mni_average_305_t4_vox2vox.txt

start time Thu Mar 12 22:59:17 CET 2026
end		time Thu Mar 12 23:00:43 CET 2026

mpr2mni305 success

avi2talxfm orig_nu.mgz /opt/freesurfer/average/mni305.cor.mgz talsrcimg_to_711-2C_as_mni_average_305_t4_vox2vox.txt transforms/talairach.auto.xfm
avi2talxfm done
mv -f /out/sourcedata/freesurfer/sub-v2s2x29091_ses-1/mri/talsrcimg_to_711-2C_as_mni_average_305_t4_vox2vox.txt /out/sourcedata/freesurfer/sub-v2s2x29091_ses-1/mri/transforms/talsrcimg_to_711-2C_as_mni_average_305_t4_vox2vox.txt
lta_convert --src orig_nu.mgz --trg /opt/freesurfer/average/mni305.cor.mgz --inxfm transforms/talairach.auto.xfm --outlta transforms/talairach.auto.xfm.lta --subject fsaverage
7.3.2

--src: orig_nu.mgz src image (geometry).
--trg: /opt/freesurfer/average/mni305.cor.mgz trg image (geometry).
--inmni: transforms/talairach.auto.xfm input MNI/XFM transform.
--outlta: transforms/talairach.auto.xfm.lta output LTA.
--s: fsaverage subject name
 LTA read, type : 1
 1.23447  -0.05927  -0.10835   4.09573;
 0.03933   1.07643  -0.03651  -1.04138;
 0.09917   0.03839   1.17741  -5.45377;
 0.00000   0.00000   0.00000   1.00000;
setting subject to fsaverage
Writing  LTA to file transforms/talairach.auto.xfm.lta...
lta_convert successful.
 
 
Started at Thu Mar 12 22:59:17 CET 2026
Ended   at Thu Mar 12 23:00:43 CET 2026
talairach_avi done
