/out/sourcedata/freesurfer/sub-v2s2x29066_ses-1/mri
/opt/freesurfer/bin/talairach_avi
--i orig_nu.mgz --xfm transforms/talairach.auto.xfm
talairach_avi 7.3.2
Linux dna035 5.14.0-427.37.1.el9_4.x86_64 #1 SMP PREEMPT_DYNAMIC Fri Sep 13 12:41:50 EDT 2024 x86_64 x86_64 x86_64 GNU/Linux
Thu Mar 12 21:33:24 CET 2026
mri_convert orig_nu.mgz talsrcimg.img 
reading from orig_nu.mgz...
TR=0.00, TE=0.00, TI=0.00, flip angle=0.00
i_ras = (-1, 0, 0)
j_ras = (0, 0, -1)
k_ras = (0, 1, 0)
writing to talsrcimg.img...
Analyze Output Matrix
-0.89844   0.00000   0.00000   123.18539;
 0.00000   0.00000   0.89844  -138.63110;
 0.00000  -0.89844   0.00000   132.67152;
 0.00000   0.00000   0.00000   1.00000;
--------------------
INFO: set hdr.hist.orient to -1
mpr2mni305 talsrcimg
Thu Mar 12 21:33:24 CET 2026
/opt/freesurfer/bin/mpr2mni305 talsrcimg
mpr2mni305 7.3.2
target=711-2C_as_mni_average_305

---------------------------------------------------------------------
analyzeto4dfp talsrcimg -O0 -y
---------------------------------------------------------------------

freesurfer ifh2hdr.c
Thu Mar 12 21:33:25 2026
Writing: talsrcimg.4dfp.hdr
freesurfer analyzeto4dfp.c
Reading: talsrcimg.hdr
header size 348 bytes
hdr.dime.datatype	offset=70	value=2
hdr.dime.bitpix		offset=72	value=8
hdr.hist.orient		offset=252	value=-1
dimensionality     4
dimensions       256       256       256         1
Reading: talsrcimg.img
Writing: talsrcimg.4dfp.img
Writing: talsrcimg.4dfp.ifh
ifh2hdr talsrcimg -r0to255
ori=2

---------------------------------------------------------------------
gauss_4dfp talsrcimg 1.1
---------------------------------------------------------------------

freesurfer gauss_4dfp.c
Reading: talsrcimg.4dfp.img
Writing: talsrcimg_g11.4dfp.img
image dimensions 256 256 256 padded to 288 288 288
processing volume 1freesurfer ifh2hdr.c
Thu Mar 12 21:33:26 2026
Writing: talsrcimg_g11.4dfp.hdr

Writing: talsrcimg_g11.4dfp.ifh
including: talsrcimg.4dfp.img.rec in talsrcimg_g11.4dfp.img.rec

---------------------------------------------------------------------
imgreg_4dfp /opt/freesurfer/average/711-2C_as_mni_average_305 none talsrcimg_g11 none talsrcimg_to_711-2C_as_mni_average_305_t4 4355
---------------------------------------------------------------------

freesurfer imgreg_4dfp.c
/opt/freesurfer/average/711-2C_as_mni_average_305.4dfp.img
       256       256       256         1
  1.000000  1.000000  1.000000
orientation T byte_order littleendian
Reading image: /opt/freesurfer/average/711-2C_as_mni_average_305.4dfp.img
dimensions:      256       256       256
mmppix:       1.0000   -1.0000   -1.0000
center:     128.0000 -129.0000 -129.0000
talsrcimg_g11.4dfp.img
       256       256       256         1
  0.898437  0.898437  0.898437
orientation T byte_order littleendian
Reading image: talsrcimg_g11.4dfp.img
dimensions:      256       256       256
mmppix:       0.8984   -0.8984   -0.8984
center:     114.9999 -115.8984 -115.8984
t4_read: open error in t4_sub.f l:  41 t4_file(1:l)talsrcimg_to_711-2C_as_mni_average_305_t4 
t4_read: transform initialized to I4
rotation matrix determinant  1.000000
image alignment mode   4355 decimal     1103 hex
   -7.5000  -45.0000  -45.0000 6377.0591    9.4021
    0.0000  -45.0000  -45.0000 6358.5635    9.4288
    7.5000  -45.0000  -45.0000 6003.8711    9.4448
   -7.5000  -37.5000  -45.0000 6720.9097   10.0159
    0.0000  -37.5000  -45.0000 6717.3101   10.0445
    7.5000  -37.5000  -45.0000 6328.8594   10.0586
   -7.5000  -30.0000  -45.0000 7101.5234   10.3236
    0.0000  -30.0000  -45.0000 7106.4766   10.3550
    7.5000  -30.0000  -45.0000 6688.7368   10.3704
   -7.5000  -22.5000  -45.0000 7600.9307   10.2959
    0.0000  -22.5000  -45.0000 7596.1279   10.3290
    7.5000  -22.5000  -45.0000 7161.9404   10.3479
   -7.5000  -15.0000  -45.0000 8076.9155   10.2744
    0.0000  -15.0000  -45.0000 8059.0513   10.3078
    7.5000  -15.0000  -45.0000 7597.0464   10.3293
   -7.5000   -7.5000  -45.0000 8219.0801   10.2774
    0.0000   -7.5000  -45.0000 8157.1704   10.3089
    7.5000   -7.5000  -45.0000 7687.1318   10.3298
   -7.5000    0.0000  -45.0000 8252.1035   10.3051
    0.0000    0.0000  -45.0000 8176.1245   10.3343
    7.5000    0.0000  -45.0000 7708.0796   10.3519
   -7.5000    7.5000  -45.0000 7805.3213   10.3317
    0.0000    7.5000  -45.0000 7731.1694   10.3612
    7.5000    7.5000  -45.0000 7294.1807   10.3757
   -7.5000   15.0000  -45.0000 7497.0132   10.3236
    0.0000   15.0000  -45.0000 7423.2163   10.3550
    7.5000   15.0000  -45.0000 6998.9287   10.3704
   -7.5000   22.5000  -45.0000 6890.9941   10.1574
    0.0000   22.5000  -45.0000 6815.5449   10.1901
    7.5000   22.5000  -45.0000 6404.1621   10.2087
   -7.5000   30.0000  -45.0000 6313.8867    9.8660
    0.0000   30.0000  -45.0000 6233.7241    9.8981
    7.5000   30.0000  -45.0000 5866.4683    9.9187
   -7.5000   37.5000  -45.0000 5771.4741    9.8045
    0.0000   37.5000  -45.0000 5695.3037    9.8325
    7.5000   37.5000  -45.0000 5368.4844    9.8504
   -7.5000   45.0000  -45.0000 5226.6519    9.8032
    0.0000   45.0000  -45.0000 5156.2896    9.8275
    7.5000   45.0000  -45.0000 4846.3794    9.8414
   -7.5000  -45.0000  -37.5000 6967.3828    9.8153
    0.0000  -45.0000  -37.5000 6942.9307    9.8434
    7.5000  -45.0000  -37.5000 6544.5039    9.8628
   -7.5000  -37.5000  -37.5000 7333.3091   10.4590
    0.0000  -37.5000  -37.5000 7322.9316   10.4873
    7.5000  -37.5000  -37.5000 6881.5776   10.5041
   -7.5000  -30.0000  -37.5000 7742.9302   10.7626
    0.0000  -30.0000  -37.5000 7739.2036   10.7925
    7.5000  -30.0000  -37.5000 7266.2842   10.8100
   -7.5000  -22.5000  -37.5000 8234.6191   10.7366
    0.0000  -22.5000  -37.5000 8217.9990   10.7689
    7.5000  -22.5000  -37.5000 7743.1719   10.7898
   -7.5000  -15.0000  -37.5000 8738.5840   10.7156
    0.0000  -15.0000  -37.5000 8700.2656   10.7498
    7.5000  -15.0000  -37.5000 8192.4717   10.7743
   -7.5000   -7.5000  -37.5000 8895.3604   10.7174
    0.0000   -7.5000  -37.5000 8824.3711   10.7511
    7.5000   -7.5000  -37.5000 8301.4980   10.7759
   -7.5000    0.0000  -37.5000 8931.3857   10.7442
    0.0000    0.0000  -37.5000 8856.2822   10.7750
    7.5000    0.0000  -37.5000 8319.2197   10.7962
   -7.5000    7.5000  -37.5000 8432.7451   10.7698
    0.0000    7.5000  -37.5000 8358.5840   10.7988
    7.5000    7.5000  -37.5000 7871.7607   10.8162
   -7.5000   15.0000  -37.5000 8062.4775   10.7621
    0.0000   15.0000  -37.5000 8006.3164   10.7920
    7.5000   15.0000  -37.5000 7540.0859   10.8095
   -7.5000   22.5000  -37.5000 7390.3188   10.5931
    0.0000   22.5000  -37.5000 7329.0498   10.6249
    7.5000   22.5000  -37.5000 6892.0088   10.6456
   -7.5000   30.0000  -37.5000 6749.0908   10.2970
    0.0000   30.0000  -37.5000 6675.8950   10.3299
    7.5000   30.0000  -37.5000 6290.8198   10.3534
   -7.5000   37.5000  -37.5000 6146.1104   10.2280
    0.0000   37.5000  -37.5000 6071.0332   10.2583
    7.5000   37.5000  -37.5000 5734.6948   10.2805
   -7.5000   45.0000  -37.5000 5561.9761   10.2133
    0.0000   45.0000  -37.5000 5490.5820   10.2381
    7.5000   45.0000  -37.5000 5171.7651   10.2558
   -7.5000  -45.0000  -30.0000 7564.6196   10.2395
    0.0000  -45.0000  -30.0000 7549.3042   10.2647
    7.5000  -45.0000  -30.0000 7114.0654   10.2834
   -7.5000  -37.5000  -30.0000 7949.6650   10.9167
    0.0000  -37.5000  -30.0000 7934.4668   10.9391
    7.5000  -37.5000  -30.0000 7465.2183   10.9551
   -7.5000  -30.0000  -30.0000 8388.2246   11.2207
    0.0000  -30.0000  -30.0000 8374.4131   11.2440
    7.5000  -30.0000  -30.0000 7865.1353   11.2603
   -7.5000  -22.5000  -30.0000 8925.6328   11.1955
    0.0000  -22.5000  -30.0000 8907.8438   11.2228
    7.5000  -22.5000  -30.0000 8383.3086   11.2426
   -7.5000  -15.0000  -30.0000 9466.7461   11.1716
    0.0000  -15.0000  -30.0000 9408.9170   11.2034
    7.5000  -15.0000  -30.0000 8877.1934   11.2267
   -7.5000   -7.5000  -30.0000 9602.8008   11.1705
    0.0000   -7.5000  -30.0000 9526.4902   11.2026
    7.5000   -7.5000  -30.0000 8966.2900   11.2265
   -7.5000    0.0000  -30.0000 9607.4365   11.1969
    0.0000    0.0000  -30.0000 9535.2607   11.2244
    7.5000    0.0000  -30.0000 8973.4990   11.2449
   -7.5000    7.5000  -30.0000 9046.5049   11.2240
    0.0000    7.5000  -30.0000 8981.6836   11.2471
    7.5000    7.5000  -30.0000 8474.3828   11.2635
   -7.5000   15.0000  -30.0000 8638.5801   11.2192
    0.0000   15.0000  -30.0000 8587.8418   11.2424
    7.5000   15.0000  -30.0000 8110.9526   11.2587
   -7.5000   22.5000  -30.0000 7909.5850   11.0463
    0.0000   22.5000  -30.0000 7861.8882   11.0732
    7.5000   22.5000  -30.0000 7408.1255   11.0927
   -7.5000   30.0000  -30.0000 7206.9590   10.7430
    0.0000   30.0000  -30.0000 7142.1914   10.7736
    7.5000   30.0000  -30.0000 6738.6455   10.7960
   -7.5000   37.5000  -30.0000 6547.0259   10.6742
    0.0000   37.5000  -30.0000 6466.5332   10.7037
    7.5000   37.5000  -30.0000 6105.3726   10.7256
   -7.5000   45.0000  -30.0000 5901.7251   10.6573
    0.0000   45.0000  -30.0000 5825.5615   10.6803
    7.5000   45.0000  -30.0000 5499.9175   10.6994
   -7.5000  -45.0000  -22.5000 8172.5732   10.6114
    0.0000  -45.0000  -22.5000 8164.8877   10.6354
    7.5000  -45.0000  -22.5000 7693.8965   10.6506
   -7.5000  -37.5000  -22.5000 8576.5977   11.3220
    0.0000  -37.5000  -22.5000 8559.3564   11.3416
    7.5000  -37.5000  -22.5000 8052.4028   11.3542
   -7.5000  -30.0000  -22.5000 9055.2695   11.6263
    0.0000  -30.0000  -22.5000 9022.1367   11.6462
    7.5000  -30.0000  -22.5000 8474.3643   11.6589
   -7.5000  -22.5000  -22.5000 9648.5283   11.5996
    0.0000  -22.5000  -22.5000 9608.8838   11.6247
    7.5000  -22.5000  -22.5000 9031.4395   11.6404
   -7.5000  -15.0000  -22.500010234.4541   11.5724
    0.0000  -15.0000  -22.500010173.5918   11.6034
    7.5000  -15.0000  -22.5000 9557.7588   11.6223
   -7.5000   -7.5000  -22.500010322.5264   11.5695
    0.0000   -7.5000  -22.500010248.0605   11.6013
    7.5000   -7.5000  -22.5000 9639.3271   11.6208
   -7.5000    0.0000  -22.500010280.3760   11.5970
    0.0000    0.0000  -22.500010216.9258   11.6232
    7.5000    0.0000  -22.5000 9626.3916   11.6398
   -7.5000    7.5000  -22.5000 9653.7363   11.6263
    0.0000    7.5000  -22.5000 9581.2119   11.6464
    7.5000    7.5000  -22.5000 9058.1699   11.6593
   -7.5000   15.0000  -22.5000 9207.1602   11.6235
    0.0000   15.0000  -22.5000 9158.5879   11.6434
    7.5000   15.0000  -22.5000 8677.5547   11.6561
   -7.5000   22.5000  -22.5000 8416.7236   11.4461
    0.0000   22.5000  -22.5000 8380.7520   11.4708
    7.5000   22.5000  -22.5000 7923.3730   11.4864
   -7.5000   30.0000  -22.5000 7657.6943   11.1366
    0.0000   30.0000  -22.5000 7598.0083   11.1665
    7.5000   30.0000  -22.5000 7168.7988   11.1846
   -7.5000   37.5000  -22.5000 6922.9707   11.0714
    0.0000   37.5000  -22.5000 6844.4351   11.1011
    7.5000   37.5000  -22.5000 6470.1499   11.1187
   -7.5000   45.0000  -22.5000 6238.7876   11.0613
    0.0000   45.0000  -22.5000 6172.4360   11.0856
    7.5000   45.0000  -22.5000 5834.1538   11.1030
   -7.5000  -45.0000  -15.0000 8790.6602   10.9692
    0.0000  -45.0000  -15.0000 8787.4727   10.9944
    7.5000  -45.0000  -15.0000 8266.6494   11.0064
   -7.5000  -37.5000  -15.0000 9220.3408   11.7058
    0.0000  -37.5000  -15.0000 9192.8877   11.7278
    7.5000  -37.5000  -15.0000 8638.8516   11.7370
   -7.5000  -30.0000  -15.0000 9740.2979   12.0109
    0.0000  -30.0000  -15.0000 9684.6123   12.0337
    7.5000  -30.0000  -15.0000 9106.0977   12.0428
   -7.5000  -22.5000  -15.000010395.8438   11.9811
    0.0000  -22.5000  -15.000010349.4736   12.0088
    7.5000  -22.5000  -15.0000 9699.1133   12.0210
   -7.5000  -15.0000  -15.000011011.5732   11.9505
    0.0000  -15.0000  -15.000010947.8457   11.9831
    7.5000  -15.0000  -15.000010239.9883   11.9983
   -7.5000   -7.5000  -15.000011081.5967   11.9469
    0.0000   -7.5000  -15.000011010.5635   11.9795
    7.5000   -7.5000  -15.000010323.3115   11.9952
   -7.5000    0.0000  -15.000011010.4785   11.9765
    0.0000    0.0000  -15.000010938.2100   12.0040
    7.5000    0.0000  -15.000010293.9795   12.0170
   -7.5000    7.5000  -15.000010300.9229   12.0087
    0.0000    7.5000  -15.000010241.9033   12.0313
    7.5000    7.5000  -15.0000 9683.5967   12.0408
   -7.5000   15.0000  -15.0000 9822.6572   12.0072
    0.0000   15.0000  -15.0000 9772.7021   12.0299
    7.5000   15.0000  -15.0000 9264.8096   12.0391
   -7.5000   22.5000  -15.0000 8924.4961   11.8243
    0.0000   22.5000  -15.0000 8879.5615   11.8517
    7.5000   22.5000  -15.0000 8406.3096   11.8637
   -7.5000   30.0000  -15.0000 8113.6069   11.5091
    0.0000   30.0000  -15.0000 8049.9102   11.5406
    7.5000   30.0000  -15.0000 7610.7456   11.5552
   -7.5000   37.5000  -15.0000 7345.6982   11.4503
    0.0000   37.5000  -15.0000 7266.1582   11.4805
    7.5000   37.5000  -15.0000 6877.7495   11.4938
   -7.5000   45.0000  -15.0000 6592.3950   11.4484
    0.0000   45.0000  -15.0000 6539.9536   11.4745
    7.5000   45.0000  -15.0000 6193.4336   11.4879
   -7.5000  -45.0000   -7.5000 9144.2119   10.9617
    0.0000  -45.0000   -7.5000 9127.2412   10.9898
    7.5000  -45.0000   -7.5000 8567.2744   11.0021
   -7.5000  -37.5000   -7.5000 9585.0791   11.6978
    0.0000  -37.5000   -7.5000 9549.1611   11.7258
    7.5000  -37.5000   -7.5000 8969.5996   11.7355
   -7.5000  -30.0000   -7.500010114.5732   12.0009
    0.0000  -30.0000   -7.500010081.5938   12.0306
    7.5000  -30.0000   -7.5000 9452.4551   12.0406
   -7.5000  -22.5000   -7.500010814.6279   11.9692
    0.0000  -22.5000   -7.500010780.8604   12.0021
    7.5000  -22.5000   -7.500010065.4043   12.0153
   -7.5000  -15.0000   -7.500011437.8457   11.9390
    0.0000  -15.0000   -7.500011374.2012   11.9741
    7.5000  -15.0000   -7.500010633.8818   11.9905
   -7.5000   -7.5000   -7.500011490.1357   11.9372
    0.0000   -7.5000   -7.500011425.6650   11.9711
    7.5000   -7.5000   -7.500010734.2080   11.9877
   -7.5000    0.0000   -7.500011385.1133   11.9683
    0.0000    0.0000   -7.500011338.2520   11.9989
    7.5000    0.0000   -7.500010668.5332   12.0124
   -7.5000    7.5000   -7.500010637.8457   12.0005
    0.0000    7.5000   -7.500010604.1963   12.0292
    7.5000    7.5000   -7.500010012.9912   12.0392
   -7.5000   15.0000   -7.500010149.9561   11.9972
    0.0000   15.0000   -7.500010112.7881   12.0269
    7.5000   15.0000   -7.5000 9573.5566   12.0369
   -7.5000   22.5000   -7.5000 9214.8174   11.8126
    0.0000   22.5000   -7.5000 9182.2363   11.8451
    7.5000   22.5000   -7.5000 8687.3330   11.8582
   -7.5000   30.0000   -7.5000 8337.0078   11.4981
    0.0000   30.0000   -7.5000 8287.4619   11.5318
    7.5000   30.0000   -7.5000 7833.2158   11.5476
   -7.5000   37.5000   -7.5000 7553.7773   11.4408
    0.0000   37.5000   -7.5000 7481.9702   11.4715
    7.5000   37.5000   -7.5000 7078.7080   11.4849
   -7.5000   45.0000   -7.5000 6791.7451   11.4380
    0.0000   45.0000   -7.5000 6734.2637   11.4654
    7.5000   45.0000   -7.5000 6355.9170   11.4770
   -7.5000  -45.0000    0.0000 9274.9844   11.2383
    0.0000  -45.0000    0.0000 9233.0186   11.2701
    7.5000  -45.0000    0.0000 8650.8359   11.2875
   -7.5000  -37.5000    0.0000 9720.3262   11.9851
    0.0000  -37.5000    0.0000 9674.4531   12.0184
    7.5000  -37.5000    0.0000 9073.4277   12.0329
   -7.5000  -30.0000    0.000010320.0713   12.2836
    0.0000  -30.0000    0.000010288.4053   12.3192
    7.5000  -30.0000    0.0000 9609.5488   12.3343
   -7.5000  -22.5000    0.000011151.1709   12.2507
    0.0000  -22.5000    0.000011077.1318   12.2882
    7.5000  -22.5000    0.000010266.1553   12.3071
   -7.5000  -15.0000    0.000011731.9736   12.2235
    0.0000  -15.0000    0.000011669.6641   12.2619
    7.5000  -15.0000    0.000010853.3096   12.2844
   -7.5000   -7.5000    0.000011706.3027   12.2254
    0.0000   -7.5000    0.000011650.3164   12.2624
    7.5000   -7.5000    0.000010918.5068   12.2851
   -7.5000    0.0000    0.000011583.6230   12.2582
    0.0000    0.0000    0.000011536.7197   12.2929
    7.5000    0.0000    0.000010812.2754   12.3117
   -7.5000    7.5000    0.000010817.7539   12.2871
    0.0000    7.5000    0.000010779.6787   12.3213
    7.5000    7.5000    0.000010128.6689   12.3361
   -7.5000   15.0000    0.000010317.7051   12.2792
    0.0000   15.0000    0.000010284.4922   12.3148
    7.5000   15.0000    0.0000 9682.6641   12.3299
   -7.5000   22.5000    0.0000 9347.2939   12.0921
    0.0000   22.5000    0.0000 9331.7959   12.1292
    7.5000   22.5000    0.0000 8769.4814   12.1478
   -7.5000   30.0000    0.0000 8448.8701   11.7791
    0.0000   30.0000    0.0000 8423.0723   11.8162
    7.5000   30.0000    0.0000 7925.9380   11.8379
   -7.5000   37.5000    0.0000 7626.3535   11.7304
    0.0000   37.5000    0.0000 7584.8804   11.7636
    7.5000   37.5000    0.0000 7154.7095   11.7829
   -7.5000   45.0000    0.0000 6839.0527   11.7371
    0.0000   45.0000    0.0000 6784.9614   11.7662
    7.5000   45.0000    0.0000 6406.1221   11.7810
   -7.5000  -45.0000    7.5000 9005.6416   11.2484
    0.0000  -45.0000    7.5000 8958.4658   11.2791
    7.5000  -45.0000    7.5000 8406.5566   11.3004
   -7.5000  -37.5000    7.5000 9462.3818   11.9934
    0.0000  -37.5000    7.5000 9407.4150   12.0239
    7.5000  -37.5000    7.5000 8819.1279   12.0423
   -7.5000  -30.0000    7.500010273.6865   12.2914
    0.0000  -30.0000    7.500010152.5146   12.3237
    7.5000  -30.0000    7.5000 9374.3740   12.3426
   -7.5000  -22.5000    7.500011253.9873   12.2607
    0.0000  -22.5000    7.500011080.1992   12.2959
    7.5000  -22.5000    7.500010070.1729   12.3186
   -7.5000  -15.0000    7.500011704.8818   12.2355
    0.0000  -15.0000    7.500011626.8232   12.2731
    7.5000  -15.0000    7.500010646.9492   12.2999
   -7.5000   -7.5000    7.500011518.1650   12.2375
    0.0000   -7.5000    7.500011480.3477   12.2745
    7.5000   -7.5000    7.500010642.0928   12.3017
   -7.5000    0.0000    7.500011331.1924   12.2691
    0.0000    0.0000    7.500011271.7803   12.3026
    7.5000    0.0000    7.500010463.4248   12.3258
   -7.5000    7.5000    7.500010550.8271   12.2956
    0.0000    7.5000    7.500010477.5840   12.3269
    7.5000    7.5000    7.5000 9747.0557   12.3458
   -7.5000   15.0000    7.500010057.0801   12.2870
    0.0000   15.0000    7.5000 9983.5303   12.3193
    7.5000   15.0000    7.5000 9348.6709   12.3382
   -7.5000   22.5000    7.5000 9109.4268   12.1020
    0.0000   22.5000    7.5000 9060.8037   12.1367
    7.5000   22.5000    7.5000 8505.4023   12.1592
   -7.5000   30.0000    7.5000 8228.0508   11.7907
    0.0000   30.0000    7.5000 8197.0703   11.8270
    7.5000   30.0000    7.5000 7686.1675   11.8527
   -7.5000   37.5000    7.5000 7397.1299   11.7414
    0.0000   37.5000    7.5000 7360.1978   11.7748
    7.5000   37.5000    7.5000 6921.7139   11.7992
   -7.5000   45.0000    7.5000 6596.7178   11.7498
    0.0000   45.0000    7.5000 6554.0283   11.7767
    7.5000   45.0000    7.5000 6175.0928   11.7961
   -7.5000  -45.0000   15.0000 9147.0127   11.2796
    0.0000  -45.0000   15.0000 9066.8037   11.3071
    7.5000  -45.0000   15.0000 8437.3594   11.3276
   -7.5000  -37.5000   15.0000 9694.8369   12.0271
    0.0000  -37.5000   15.0000 9566.2080   12.0516
    7.5000  -37.5000   15.0000 8853.7803   12.0693
   -7.5000  -30.0000   15.000010589.9199   12.3286
    0.0000  -30.0000   15.000010355.8486   12.3540
    7.5000  -30.0000   15.0000 9400.9902   12.3721
   -7.5000  -22.5000   15.000011558.4639   12.3002
    0.0000  -22.5000   15.000011273.5264   12.3301
    7.5000  -22.5000   15.000010066.5820   12.3520
   -7.5000  -15.0000   15.000012038.2988   12.2739
    0.0000  -15.0000   15.000011839.4150   12.3088
    7.5000  -15.0000   15.000010653.5166   12.3343
   -7.5000   -7.5000   15.000011765.2070   12.2734
    0.0000   -7.5000   15.000011661.9492   12.3085
    7.5000   -7.5000   15.000010667.1777   12.3345
   -7.5000    0.0000   15.000011401.2432   12.3032
    0.0000    0.0000   15.000011326.1475   12.3331
    7.5000    0.0000   15.000010453.9053   12.3555
   -7.5000    7.5000   15.000010535.2422   12.3302
    0.0000    7.5000   15.000010445.3359   12.3553
    7.5000    7.5000   15.0000 9701.7051   12.3735
   -7.5000   15.0000   15.000010047.8242   12.3242
    0.0000   15.0000   15.0000 9976.2148   12.3497
    7.5000   15.0000   15.0000 9319.0938   12.3678
   -7.5000   22.5000   15.0000 9128.4102   12.1410
    0.0000   22.5000   15.0000 9085.2236   12.1706
    7.5000   22.5000   15.0000 8500.8574   12.1921
   -7.5000   30.0000   15.0000 8255.2139   11.8277
    0.0000   30.0000   15.0000 8212.3867   11.8613
    7.5000   30.0000   15.0000 7683.7344   11.8860
   -7.5000   37.5000   15.0000 7401.4004   11.7765
    0.0000   37.5000   15.0000 7361.4199   11.8088
    7.5000   37.5000   15.0000 6922.5708   11.8328
   -7.5000   45.0000   15.0000 6599.2222   11.7860
    0.0000   45.0000   15.0000 6549.0420   11.8112
    7.5000   45.0000   15.0000 6158.3354   11.8322
   -7.5000  -45.0000   22.5000 8735.2207   11.4334
    0.0000  -45.0000   22.5000 8638.2383   11.4600
    7.5000  -45.0000   22.5000 8007.8281   11.4768
   -7.5000  -37.5000   22.5000 9241.3896   12.1947
    0.0000  -37.5000   22.5000 9119.0664   12.2163
    7.5000  -37.5000   22.5000 8409.7471   12.2303
   -7.5000  -30.0000   22.5000 9934.5000   12.5047
    0.0000  -30.0000   22.5000 9767.6230   12.5266
    7.5000  -30.0000   22.5000 8922.4795   12.5405
   -7.5000  -22.5000   22.500010683.2529   12.4762
    0.0000  -22.5000   22.500010502.1045   12.5039
    7.5000  -22.5000   22.5000 9544.3105   12.5211
   -7.5000  -15.0000   22.500011241.2910   12.4461
    0.0000  -15.0000   22.500011067.5684   12.4804
    7.5000  -15.0000   22.500010104.9248   12.5011
   -7.5000   -7.5000   22.500011164.4561   12.4416
    0.0000   -7.5000   22.500011030.4102   12.4768
    7.5000   -7.5000   22.500010149.9219   12.4982
   -7.5000    0.0000   22.500010867.9873   12.4708
    0.0000    0.0000   22.500010765.5527   12.4998
    7.5000    0.0000   22.5000 9962.3105   12.5181
   -7.5000    7.5000   22.500010037.8955   12.5020
    0.0000    7.5000   22.5000 9939.3926   12.5242
    7.5000    7.5000   22.5000 9236.8350   12.5385
   -7.5000   15.0000   22.5000 9600.5469   12.5002
    0.0000   15.0000   22.5000 9504.2881   12.5221
    7.5000   15.0000   22.5000 8854.4883   12.5361
   -7.5000   22.5000   22.5000 8721.9668   12.3147
    0.0000   22.5000   22.5000 8659.8662   12.3421
    7.5000   22.5000   22.5000 8057.6699   12.3591
   -7.5000   30.0000   22.5000 7856.2070   11.9937
    0.0000   30.0000   22.5000 7816.9194   12.0267
    7.5000   30.0000   22.5000 7283.8516   12.0466
   -7.5000   37.5000   22.5000 6999.8545   11.9363
    0.0000   37.5000   22.5000 6961.0425   11.9692
    7.5000   37.5000   22.5000 6540.1445   11.9887
   -7.5000   45.0000   22.5000 6231.8403   11.9355
    0.0000   45.0000   22.5000 6173.1665   11.9625
    7.5000   45.0000   22.5000 5817.4238   11.9818
   -7.5000  -45.0000   30.0000 8189.4688   11.5486
    0.0000  -45.0000   30.0000 8105.9385   11.5779
    7.5000  -45.0000   30.0000 7575.6929   11.5928
   -7.5000  -37.5000   30.0000 8606.7148   12.3261
    0.0000  -37.5000   30.0000 8517.4600   12.3518
    7.5000  -37.5000   30.0000 7944.2207   12.3638
   -7.5000  -30.0000   30.0000 9150.4561   12.6441
    0.0000  -30.0000   30.0000 9063.2803   12.6704
    7.5000  -30.0000   30.0000 8417.4150   12.6826
   -7.5000  -22.5000   30.0000 9778.6719   12.6143
    0.0000  -22.5000   30.0000 9695.0068   12.6459
    7.5000  -22.5000   30.0000 8984.5596   12.6616
   -7.5000  -15.0000   30.000010350.4844   12.5812
    0.0000  -15.0000   30.000010245.9688   12.6184
    7.5000  -15.0000   30.0000 9520.7891   12.6374
   -7.5000   -7.5000   30.000010407.4297   12.5747
    0.0000   -7.5000   30.000010306.7744   12.6121
    7.5000   -7.5000   30.0000 9584.0488   12.6314
   -7.5000    0.0000   30.000010217.9443   12.6042
    0.0000    0.0000   30.000010106.9277   12.6361
    7.5000    0.0000   30.0000 9406.8184   12.6524
   -7.5000    7.5000   30.0000 9465.9805   12.6388
    0.0000    7.5000   30.0000 9359.6445   12.6652
    7.5000    7.5000   30.0000 8719.5352   12.6776
   -7.5000   15.0000   30.0000 9065.9053   12.6396
    0.0000   15.0000   30.0000 8975.4629   12.6659
    7.5000   15.0000   30.0000 8356.8008   12.6781
   -7.5000   22.5000   30.0000 8230.6230   12.4499
    0.0000   22.5000   30.0000 8158.4907   12.4811
    7.5000   22.5000   30.0000 7605.7783   12.4966
   -7.5000   30.0000   30.0000 7391.5586   12.1294
    0.0000   30.0000   30.0000 7330.5107   12.1653
    7.5000   30.0000   30.0000 6857.0913   12.1836
   -7.5000   37.5000   30.0000 6564.1748   12.0738
    0.0000   37.5000   30.0000 6506.9404   12.1085
    7.5000   37.5000   30.0000 6122.0396   12.1251
   -7.5000   45.0000   30.0000 5824.8398   12.0662
    0.0000   45.0000   30.0000 5776.0073   12.0962
    7.5000   45.0000   30.0000 5454.2188   12.1128
   -7.5000  -45.0000   37.5000 7679.1450   11.6006
    0.0000  -45.0000   37.5000 7597.5283   11.6341
    7.5000  -45.0000   37.5000 7132.3179   11.6492
   -7.5000  -37.5000   37.5000 8037.1074   12.3858
    0.0000  -37.5000   37.5000 7972.3003   12.4188
    7.5000  -37.5000   37.5000 7476.3477   12.4301
   -7.5000  -30.0000   37.5000 8504.6934   12.6973
    0.0000  -30.0000   37.5000 8442.4893   12.7320
    7.5000  -30.0000   37.5000 7904.5244   12.7430
   -7.5000  -22.5000   37.5000 9054.4502   12.6653
    0.0000  -22.5000   37.5000 8978.1270   12.7040
    7.5000  -22.5000   37.5000 8411.5264   12.7188
   -7.5000  -15.0000   37.5000 9567.9688   12.6311
    0.0000  -15.0000   37.5000 9497.5557   12.6728
    7.5000  -15.0000   37.5000 8904.1113   12.6919
   -7.5000   -7.5000   37.5000 9655.5752   12.6249
    0.0000   -7.5000   37.5000 9594.8047   12.6656
    7.5000   -7.5000   37.5000 8984.2158   12.6855
   -7.5000    0.0000   37.5000 9526.4443   12.6561
    0.0000    0.0000   37.5000 9437.3477   12.6927
    7.5000    0.0000   37.5000 8836.5332   12.7090
   -7.5000    7.5000   37.5000 8857.4785   12.6922
    0.0000    7.5000   37.5000 8766.3027   12.7260
    7.5000    7.5000   37.5000 8207.9990   12.7376
   -7.5000   15.0000   37.5000 8503.0117   12.6927
    0.0000   15.0000   37.5000 8437.5312   12.7274
    7.5000   15.0000   37.5000 7874.1914   12.7384
   -7.5000   22.5000   37.5000 7712.9844   12.4981
    0.0000   22.5000   37.5000 7659.5396   12.5363
    7.5000   22.5000   37.5000 7169.8584   12.5509
   -7.5000   30.0000   37.5000 6906.9507   12.1774
    0.0000   30.0000   37.5000 6850.6548   12.2177
    7.5000   30.0000   37.5000 6430.8887   12.2361
   -7.5000   37.5000   37.5000 6130.9048   12.1188
    0.0000   37.5000   37.5000 6069.0718   12.1563
    7.5000   37.5000   37.5000 5720.0132   12.1730
   -7.5000   45.0000   37.5000 5438.3423   12.0990
    0.0000   45.0000   37.5000 5385.5474   12.1328
    7.5000   45.0000   37.5000 5102.7271   12.1479
   -7.5000  -45.0000   45.0000 7147.1621   11.6858
    0.0000  -45.0000   45.0000 7077.0938   11.7206
    7.5000  -45.0000   45.0000 6670.5464   11.7418
   -7.5000  -37.5000   45.0000 7473.6680   12.4746
    0.0000  -37.5000   45.0000 7418.3564   12.5120
    7.5000  -37.5000   45.0000 6992.0342   12.5299
   -7.5000  -30.0000   45.0000 7899.2544   12.7735
    0.0000  -30.0000   45.0000 7839.1265   12.8147
    7.5000  -30.0000   45.0000 7378.0977   12.8332
   -7.5000  -22.5000   45.0000 8392.6484   12.7427
    0.0000  -22.5000   45.0000 8313.9697   12.7864
    7.5000  -22.5000   45.0000 7832.5103   12.8095
   -7.5000  -15.0000   45.0000 8858.1045   12.7116
    0.0000  -15.0000   45.0000 8784.5732   12.7553
    7.5000  -15.0000   45.0000 8258.1406   12.7829
   -7.5000   -7.5000   45.0000 8944.9756   12.7073
    0.0000   -7.5000   45.0000 8884.4014   12.7482
    7.5000   -7.5000   45.0000 8344.3740   12.7759
   -7.5000    0.0000   45.0000 8844.2197   12.7381
    0.0000    0.0000   45.0000 8764.6631   12.7759
    7.5000    0.0000   45.0000 8228.5127   12.7990
   -7.5000    7.5000   45.0000 8243.3164   12.7709
    0.0000    7.5000   45.0000 8166.8486   12.8093
    7.5000    7.5000   45.0000 7662.6665   12.8276
   -7.5000   15.0000   45.0000 7923.7573   12.7688
    0.0000   15.0000   45.0000 7849.8838   12.8099
    7.5000   15.0000   45.0000 7361.6157   12.8284
   -7.5000   22.5000   45.0000 7172.9785   12.5728
    0.0000   22.5000   45.0000 7126.7598   12.6159
    7.5000   22.5000   45.0000 6691.7915   12.6387
   -7.5000   30.0000   45.0000 6420.9111   12.2539
    0.0000   30.0000   45.0000 6362.6460   12.2960
    7.5000   30.0000   45.0000 5989.0317   12.3225
   -7.5000   37.5000   45.0000 5715.9658   12.1910
    0.0000   37.5000   45.0000 5643.7866   12.2284
    7.5000   37.5000   45.0000 5323.3047   12.2527
   -7.5000   45.0000   45.0000 5048.7075   12.1566
    0.0000   45.0000   45.0000 5002.4570   12.1898
    7.5000   45.0000   45.0000 4735.8232   12.2100

---------------------------------------------------------------------
imgreg_4dfp /opt/freesurfer/average/711-2C_as_mni_average_305 /opt/freesurfer/average/711-2B_as_mni_average_305_mask talsrcimg_g11 none talsrcimg_to_711-2C_as_mni_average_305_t4 4355
---------------------------------------------------------------------

freesurfer imgreg_4dfp.c
/opt/freesurfer/average/711-2C_as_mni_average_305.4dfp.img
       256       256       256         1
  1.000000  1.000000  1.000000
orientation T byte_order littleendian
Reading image: /opt/freesurfer/average/711-2C_as_mni_average_305.4dfp.img
dimensions:      256       256       256
mmppix:       1.0000   -1.0000   -1.0000
center:     128.0000 -129.0000 -129.0000
/opt/freesurfer/average/711-2B_as_mni_average_305_mask.4dfp.img
       256       256       256         1
  1.000000  1.000000  1.000000
orientation T byte_order littleendian
Reading mask: /opt/freesurfer/average/711-2B_as_mni_average_305_mask.4dfp.img (2306576 pixels)
talsrcimg_g11.4dfp.img
       256       256       256         1
  0.898437  0.898437  0.898437
orientation T byte_order littleendian
Reading image: talsrcimg_g11.4dfp.img
dimensions:      256       256       256
mmppix:       0.8984   -0.8984   -0.8984
center:     114.9999 -115.8984 -115.8984
rotation matrix determinant  1.000000
image alignment mode   4355 decimal     1103 hex
  -15.0000  -60.0000  -30.0000 2127.3108   12.2761
   -7.5000  -60.0000  -30.0000 2152.7874   12.1332
    0.0000  -60.0000  -30.0000 2154.2888   12.1731
  -15.0000  -52.5000  -30.0000 2231.7000   11.2202
   -7.5000  -52.5000  -30.0000 2260.8625   11.1187
    0.0000  -52.5000  -30.0000 2261.4578   11.1579
  -15.0000  -45.0000  -30.0000 2320.0012   10.5859
   -7.5000  -45.0000  -30.0000 2350.3901   10.4593
    0.0000  -45.0000  -30.0000 2347.9856   10.5087
  -15.0000  -37.5000  -30.0000 2371.0112   10.0281
   -7.5000  -37.5000  -30.0000 2402.9597    9.8842
    0.0000  -37.5000  -30.0000 2401.1145    9.9254
  -15.0000  -30.0000  -30.0000 2407.6284    9.6325
   -7.5000  -30.0000  -30.0000 2437.2085    9.5024
    0.0000  -30.0000  -30.0000 2434.4607    9.5407
  -15.0000  -22.5000  -30.0000 2416.5283    9.4298
   -7.5000  -22.5000  -30.0000 2446.5454    9.3110
    0.0000  -22.5000  -30.0000 2440.4932    9.3395
  -15.0000  -15.0000  -30.0000 2412.2485    9.4152
   -7.5000  -15.0000  -30.0000 2444.2661    9.2961
    0.0000  -15.0000  -30.0000 2429.6033    9.3192
  -15.0000   -7.5000  -30.0000 2391.2649    9.6193
   -7.5000   -7.5000  -30.0000 2427.0342    9.4785
    0.0000   -7.5000  -30.0000 2413.7112    9.4951
  -15.0000    0.0000  -30.0000 2356.9631    9.9824
   -7.5000    0.0000  -30.0000 2389.0039    9.8359
    0.0000    0.0000  -30.0000 2375.6252    9.8514
  -15.0000    7.5000  -30.0000 2302.8037   10.5768
   -7.5000    7.5000  -30.0000 2334.6724   10.4368
    0.0000    7.5000  -30.0000 2320.4270   10.4572
  -15.0000   15.0000  -30.0000 2229.5852   11.4214
   -7.5000   15.0000  -30.0000 2255.5786   11.2623
    0.0000   15.0000  -30.0000 2242.0652   11.2861
  -15.0000   22.5000  -30.0000 2135.0249   12.5502
   -7.5000   22.5000  -30.0000 2165.7290   12.3672
    0.0000   22.5000  -30.0000 2150.6130   12.4049
  -15.0000   30.0000  -30.0000 2026.5546   13.9929
   -7.5000   30.0000  -30.0000 2054.6707   13.7917
    0.0000   30.0000  -30.0000 2042.1841   13.8181
  -15.0000  -60.0000  -22.5000 2234.5977   11.8183
   -7.5000  -60.0000  -22.5000 2266.8994   11.6884
    0.0000  -60.0000  -22.5000 2268.1138   11.7403
  -15.0000  -52.5000  -22.5000 2340.3787   10.7956
   -7.5000  -52.5000  -22.5000 2377.2051   10.6732
    0.0000  -52.5000  -22.5000 2378.5315   10.7193
  -15.0000  -45.0000  -22.5000 2436.3828   10.1662
   -7.5000  -45.0000  -22.5000 2469.6357   10.0351
    0.0000  -45.0000  -22.5000 2469.9404   10.0745
  -15.0000  -37.5000  -22.5000 2493.1335    9.6330
   -7.5000  -37.5000  -22.5000 2529.4094    9.5039
    0.0000  -37.5000  -22.5000 2528.1992    9.5149
  -15.0000  -30.0000  -22.5000 2538.1179    9.2247
   -7.5000  -30.0000  -22.5000 2577.0161    9.0884
    0.0000  -30.0000  -22.5000 2569.6104    9.1182
  -15.0000  -22.5000  -22.5000 2565.2700    9.0011
   -7.5000  -22.5000  -22.5000 2601.7498    8.8815
    0.0000  -22.5000  -22.5000 2589.3726    8.9197
  -15.0000  -15.0000  -22.5000 2566.0647    8.9943
   -7.5000  -15.0000  -22.5000 2605.6318    8.8741
    0.0000  -15.0000  -22.5000 2588.9604    8.9166
  -15.0000   -7.5000  -22.5000 2544.9404    9.1897
   -7.5000   -7.5000  -22.5000 2586.5251    9.0504
    0.0000   -7.5000  -22.5000 2570.3962    9.0954
  -15.0000    0.0000  -22.5000 2502.8003    9.5627
   -7.5000    0.0000  -22.5000 2544.5811    9.4096
    0.0000    0.0000  -22.5000 2528.4197    9.4489
  -15.0000    7.5000  -22.5000 2447.3501   10.1460
   -7.5000    7.5000  -22.5000 2481.5989    9.9999
    0.0000    7.5000  -22.5000 2460.8125   10.0260
  -15.0000   15.0000  -22.5000 2360.6243   10.9708
   -7.5000   15.0000  -22.5000 2393.9048   10.8138
    0.0000   15.0000  -22.5000 2375.5793   10.8382
  -15.0000   22.5000  -22.5000 2260.8047   12.0500
   -7.5000   22.5000  -22.5000 2291.1316   11.8770
    0.0000   22.5000  -22.5000 2277.7546   11.9009
  -15.0000   30.0000  -22.5000 2142.2878   13.4364
   -7.5000   30.0000  -22.5000 2173.5720   13.2504
    0.0000   30.0000  -22.5000 2158.9941   13.2511
  -15.0000  -60.0000  -15.0000 2309.5610   11.3055
   -7.5000  -60.0000  -15.0000 2347.6794   11.1787
    0.0000  -60.0000  -15.0000 2348.6794   11.2108
  -15.0000  -52.5000  -15.0000 2419.9778   10.2938
   -7.5000  -52.5000  -15.0000 2456.6555   10.1693
    0.0000  -52.5000  -15.0000 2462.5378   10.1977
  -15.0000  -45.0000  -15.0000 2525.7612    9.6881
   -7.5000  -45.0000  -15.0000 2562.5706    9.5508
    0.0000  -45.0000  -15.0000 2566.7781    9.5905
  -15.0000  -37.5000  -15.0000 2590.3738    9.1504
   -7.5000  -37.5000  -15.0000 2628.4966    9.0308
    0.0000  -37.5000  -15.0000 2626.1707    9.0643
  -15.0000  -30.0000  -15.0000 2643.4570    8.7714
   -7.5000  -30.0000  -15.0000 2687.0894    8.6391
    0.0000  -30.0000  -15.0000 2678.8376    8.6746
  -15.0000  -22.5000  -15.0000 2682.1375    8.5540
   -7.5000  -22.5000  -15.0000 2728.1021    8.4100
    0.0000  -22.5000  -15.0000 2713.1663    8.4594
  -15.0000  -15.0000  -15.0000 2693.4111    8.5353
   -7.5000  -15.0000  -15.0000 2740.8352    8.4006
    0.0000  -15.0000  -15.0000 2717.7188    8.4649
  -15.0000   -7.5000  -15.0000 2678.1201    8.7216
   -7.5000   -7.5000  -15.0000 2725.0952    8.5790
    0.0000   -7.5000  -15.0000 2700.6843    8.6522
  -15.0000    0.0000  -15.0000 2636.1548    9.1142
   -7.5000    0.0000  -15.0000 2678.1023    8.9640
    0.0000    0.0000  -15.0000 2653.6208    9.0218
  -15.0000    7.5000  -15.0000 2566.5637    9.6788
   -7.5000    7.5000  -15.0000 2601.4822    9.5586
    0.0000    7.5000  -15.0000 2579.5901    9.5792
  -15.0000   15.0000  -15.0000 2464.4021   10.4710
   -7.5000   15.0000  -15.0000 2502.5066   10.3390
    0.0000   15.0000  -15.0000 2485.3965   10.3667
  -15.0000   22.5000  -15.0000 2349.7451   11.5101
   -7.5000   22.5000  -15.0000 2383.6553   11.3570
    0.0000   22.5000  -15.0000 2371.0576   11.3892
  -15.0000   30.0000  -15.0000 2230.1482   12.8282
   -7.5000   30.0000  -15.0000 2260.5715   12.6706
    0.0000   30.0000  -15.0000 2248.2949   12.6859
  -15.0000  -60.0000   -7.5000 2341.9719   10.7437
   -7.5000  -60.0000   -7.5000 2381.4373   10.6039
    0.0000  -60.0000   -7.5000 2381.4846   10.6634
  -15.0000  -52.5000   -7.5000 2463.5264    9.7753
   -7.5000  -52.5000   -7.5000 2502.0974    9.6439
    0.0000  -52.5000   -7.5000 2504.8220    9.6718
  -15.0000  -45.0000   -7.5000 2583.0908    9.1788
   -7.5000  -45.0000   -7.5000 2619.7617    9.0354
    0.0000  -45.0000   -7.5000 2617.3726    9.0743
  -15.0000  -37.5000   -7.5000 2656.5117    8.6866
   -7.5000  -37.5000   -7.5000 2696.8840    8.5470
    0.0000  -37.5000   -7.5000 2687.4048    8.5721
  -15.0000  -30.0000   -7.5000 2717.3987    8.3134
   -7.5000  -30.0000   -7.5000 2765.2327    8.1514
    0.0000  -30.0000   -7.5000 2751.4509    8.2018
  -15.0000  -22.5000   -7.5000 2761.2900    8.1005
   -7.5000  -22.5000   -7.5000 2811.3716    7.9480
    0.0000  -22.5000   -7.5000 2800.1982    7.9908
  -15.0000  -15.0000   -7.5000 2780.1011    8.0732
   -7.5000  -15.0000   -7.5000 2832.3403    7.9214
    0.0000  -15.0000   -7.5000 2807.3799    7.9906
  -15.0000   -7.5000   -7.5000 2761.2087    8.2469
   -7.5000   -7.5000   -7.5000 2813.1389    8.1021
    0.0000   -7.5000   -7.5000 2784.2124    8.1733
  -15.0000    0.0000   -7.5000 2713.2969    8.6247
   -7.5000    0.0000   -7.5000 2758.5039    8.4900
    0.0000    0.0000   -7.5000 2735.5625    8.5500
  -15.0000    7.5000   -7.5000 2634.1851    9.1786
   -7.5000    7.5000   -7.5000 2674.2910    9.0508
    0.0000    7.5000   -7.5000 2652.8408    9.1135
  -15.0000   15.0000   -7.5000 2531.4595    9.9653
   -7.5000   15.0000   -7.5000 2567.6431    9.8154
    0.0000   15.0000   -7.5000 2550.1421    9.8779
  -15.0000   22.5000   -7.5000 2408.6924   10.9863
   -7.5000   22.5000   -7.5000 2444.0710   10.8278
    0.0000   22.5000   -7.5000 2429.7983   10.8693
  -15.0000   30.0000   -7.5000 2277.1243   12.2394
   -7.5000   30.0000   -7.5000 2303.0776   12.0570
    0.0000   30.0000   -7.5000 2288.9053   12.1286
  -15.0000  -60.0000    0.0000 2376.0774   10.4731
   -7.5000  -60.0000    0.0000 2412.3691   10.3052
    0.0000  -60.0000    0.0000 2410.8889   10.3454
  -15.0000  -52.5000    0.0000 2501.3823    9.4781
   -7.5000  -52.5000    0.0000 2537.5251    9.3063
    0.0000  -52.5000    0.0000 2536.9976    9.3517
  -15.0000  -45.0000    0.0000 2628.8391    8.8789
   -7.5000  -45.0000    0.0000 2662.7896    8.7320
    0.0000  -45.0000    0.0000 2654.9902    8.7592
  -15.0000  -37.5000    0.0000 2714.6797    8.4085
   -7.5000  -37.5000    0.0000 2752.3733    8.2429
    0.0000  -37.5000    0.0000 2740.1418    8.2630
  -15.0000  -30.0000    0.0000 2784.0803    8.0510
   -7.5000  -30.0000    0.0000 2832.6094    7.8799
    0.0000  -30.0000    0.0000 2818.5088    7.9335
  -15.0000  -22.5000    0.0000 2838.7173    7.8762
   -7.5000  -22.5000    0.0000 2899.4727    7.7065
    0.0000  -22.5000    0.0000 2878.7068    7.7595
  -15.0000  -15.0000    0.0000 2857.8821    7.8384
   -7.5000  -15.0000    0.0000 2923.8640    7.6635
    0.0000  -15.0000    0.0000 2896.4734    7.7355
  -15.0000   -7.5000    0.0000 2837.1030    7.9789
   -7.5000   -7.5000    0.0000 2890.0435    7.7933
    0.0000   -7.5000    0.0000 2859.9673    7.8774
  -15.0000    0.0000    0.0000 2777.9534    8.3585
   -7.5000    0.0000    0.0000 2826.3416    8.1859
    0.0000    0.0000    0.0000 2802.6008    8.2492
  -15.0000    7.5000    0.0000 2692.9585    8.9201
   -7.5000    7.5000    0.0000 2737.0417    8.7485
    0.0000    7.5000    0.0000 2715.3237    8.8269
  -15.0000   15.0000    0.0000 2583.2056    9.6876
   -7.5000   15.0000    0.0000 2622.0405    9.5072
    0.0000   15.0000    0.0000 2601.7227    9.5811
  -15.0000   22.5000    0.0000 2453.9187   10.6878
   -7.5000   22.5000    0.0000 2488.9512   10.4945
    0.0000   22.5000    0.0000 2474.2263   10.5697
  -15.0000   30.0000    0.0000 2310.6633   11.9236
   -7.5000   30.0000    0.0000 2344.1721   11.7316
    0.0000   30.0000    0.0000 2330.9712   11.8151
  -15.0000  -60.0000    7.5000 2391.9160   10.2728
   -7.5000  -60.0000    7.5000 2422.2539   10.0792
    0.0000  -60.0000    7.5000 2419.4324   10.1022
  -15.0000  -52.5000    7.5000 2517.2949    9.2752
   -7.5000  -52.5000    7.5000 2549.7427    9.1005
    0.0000  -52.5000    7.5000 2544.1050    9.1280
  -15.0000  -45.0000    7.5000 2645.4167    8.6799
   -7.5000  -45.0000    7.5000 2676.0549    8.5250
    0.0000  -45.0000    7.5000 2668.8044    8.5248
  -15.0000  -37.5000    7.5000 2748.1592    8.1992
   -7.5000  -37.5000    7.5000 2781.2473    8.0626
    0.0000  -37.5000    7.5000 2770.9021    8.0589
  -15.0000  -30.0000    7.5000 2835.1255    7.8946
   -7.5000  -30.0000    7.5000 2886.2410    7.7641
    0.0000  -30.0000    7.5000 2863.5276    7.7692
  -15.0000  -22.5000    7.5000 2892.4290    7.7739
   -7.5000  -22.5000    7.5000 2967.8494    7.6749
    0.0000  -22.5000    7.5000 2940.6680    7.6703
  -15.0000  -15.0000    7.5000 2904.5471    7.7350
   -7.5000  -15.0000    7.5000 2989.7649    7.5973
    0.0000  -15.0000    7.5000 2956.8330    7.6510
  -15.0000   -7.5000    7.5000 2879.0063    7.8029
   -7.5000   -7.5000    7.5000 2938.4187    7.6008
    0.0000   -7.5000    7.5000 2906.4023    7.7028
  -15.0000    0.0000    7.5000 2814.7751    8.1339
   -7.5000    0.0000    7.5000 2859.2043    7.9479
    0.0000    0.0000    7.5000 2834.0745    8.0174
  -15.0000    7.5000    7.5000 2714.7998    8.6900
   -7.5000    7.5000    7.5000 2761.6624    8.5114
    0.0000    7.5000    7.5000 2740.5857    8.5654
  -15.0000   15.0000    7.5000 2599.4446    9.4558
   -7.5000   15.0000    7.5000 2639.1030    9.2916
    0.0000   15.0000    7.5000 2617.4314    9.3305
  -15.0000   22.5000    7.5000 2470.2324   10.4512
   -7.5000   22.5000    7.5000 2505.6267   10.2985
    0.0000   22.5000    7.5000 2485.7971   10.3316
  -15.0000   30.0000    7.5000 2333.8281   11.6704
   -7.5000   30.0000    7.5000 2368.2021   11.4986
    0.0000   30.0000    7.5000 2352.9309   11.5586
  -15.0000  -60.0000   15.0000 2397.4873   10.2262
   -7.5000  -60.0000   15.0000 2428.2690   10.0214
    0.0000  -60.0000   15.0000 2425.7708   10.0701
  -15.0000  -52.5000   15.0000 2524.0645    9.2373
   -7.5000  -52.5000   15.0000 2552.5300    9.0786
    0.0000  -52.5000   15.0000 2545.4526    9.0856
  -15.0000  -45.0000   15.0000 2656.8862    8.6478
   -7.5000  -45.0000   15.0000 2690.5139    8.5183
    0.0000  -45.0000   15.0000 2673.5420    8.5191
  -15.0000  -37.5000   15.0000 2762.5337    8.1582
   -7.5000  -37.5000   15.0000 2802.2571    8.0688
    0.0000  -37.5000   15.0000 2781.2529    8.0856
  -15.0000  -30.0000   15.0000 2860.6597    7.8495
   -7.5000  -30.0000   15.0000 2917.3628    7.8112
    0.0000  -30.0000   15.0000 2884.6401    7.8085
  -15.0000  -22.5000   15.0000 2921.0100    7.7140
   -7.5000  -22.5000   15.0000 3004.7944    7.7438
    0.0000  -22.5000   15.0000 2971.2676    7.6924
  -15.0000  -15.0000   15.0000 2921.8081    7.6975
   -7.5000  -15.0000   15.0000 3015.7236    7.6582
    0.0000  -15.0000   15.0000 2977.3254    7.6619
  -15.0000   -7.5000   15.0000 2885.0293    7.7875
   -7.5000   -7.5000   15.0000 2956.0508    7.6407
    0.0000   -7.5000   15.0000 2922.8245    7.7146
  -15.0000    0.0000   15.0000 2816.6187    8.0517
   -7.5000    0.0000   15.0000 2865.9434    7.8713
    0.0000    0.0000   15.0000 2840.2712    7.9531
  -15.0000    7.5000   15.0000 2718.2803    8.5790
   -7.5000    7.5000   15.0000 2756.8989    8.3914
    0.0000    7.5000   15.0000 2737.6245    8.4417
  -15.0000   15.0000   15.0000 2601.0383    9.3578
   -7.5000   15.0000   15.0000 2636.7764    9.1831
    0.0000   15.0000   15.0000 2616.2031    9.2198
  -15.0000   22.5000   15.0000 2468.7932   10.3571
   -7.5000   22.5000   15.0000 2506.2083   10.1787
    0.0000   22.5000   15.0000 2488.6855   10.2171
  -15.0000   30.0000   15.0000 2331.7778   11.5727
   -7.5000   30.0000   15.0000 2372.1929   11.3756
    0.0000   30.0000   15.0000 2354.2520   11.4478
  -15.0000  -60.0000   22.5000 2391.9473   10.3651
   -7.5000  -60.0000   22.5000 2426.1599   10.1917
    0.0000  -60.0000   22.5000 2417.4534   10.2533
  -15.0000  -52.5000   22.5000 2519.0898    9.3802
   -7.5000  -52.5000   22.5000 2553.8296    9.2579
    0.0000  -52.5000   22.5000 2535.4937    9.2847
  -15.0000  -45.0000   22.5000 2653.6655    8.7738
   -7.5000  -45.0000   22.5000 2689.9497    8.6688
    0.0000  -45.0000   22.5000 2666.3130    8.6995
  -15.0000  -37.5000   22.5000 2759.2546    8.2780
   -7.5000  -37.5000   22.5000 2800.1052    8.2049
    0.0000  -37.5000   22.5000 2774.6887    8.2341
  -15.0000  -30.0000   22.5000 2850.0999    7.9262
   -7.5000  -30.0000   22.5000 2912.1199    7.9070
    0.0000  -30.0000   22.5000 2871.6702    7.9244
  -15.0000  -22.5000   22.5000 2904.6201    7.7591
   -7.5000  -22.5000   22.5000 2981.7085    7.7310
    0.0000  -22.5000   22.5000 2945.9644    7.7478
  -15.0000  -15.0000   22.5000 2907.4585    7.7405
   -7.5000  -15.0000   22.5000 2992.6736    7.6479
    0.0000  -15.0000   22.5000 2953.9666    7.7029
  -15.0000   -7.5000   22.5000 2867.1257    7.8784
   -7.5000   -7.5000   22.5000 2933.6919    7.7656
    0.0000   -7.5000   22.5000 2904.7766    7.8067
  -15.0000    0.0000   22.5000 2793.0364    8.1741
   -7.5000    0.0000   22.5000 2843.6272    8.0435
    0.0000    0.0000   22.5000 2823.3667    8.0754
  -15.0000    7.5000   22.5000 2695.3853    8.6719
   -7.5000    7.5000   22.5000 2735.3518    8.5278
    0.0000    7.5000   22.5000 2716.2744    8.5587
  -15.0000   15.0000   22.5000 2579.5403    9.4227
   -7.5000   15.0000   22.5000 2612.7744    9.2520
    0.0000   15.0000   22.5000 2595.5366    9.2718
  -15.0000   22.5000   22.5000 2450.0791   10.3808
   -7.5000   22.5000   22.5000 2486.7568   10.2047
    0.0000   22.5000   22.5000 2468.6873   10.2353
  -15.0000   30.0000   22.5000 2312.3259   11.5664
   -7.5000   30.0000   22.5000 2347.8943   11.3939
    0.0000   30.0000   22.5000 2333.3108   11.4441
  -15.0000  -60.0000   30.0000 2380.6018   10.6522
   -7.5000  -60.0000   30.0000 2416.1492   10.4326
    0.0000  -60.0000   30.0000 2401.9480   10.4963
  -15.0000  -52.5000   30.0000 2508.2212    9.6562
   -7.5000  -52.5000   30.0000 2547.0066    9.4732
    0.0000  -52.5000   30.0000 2524.8887    9.5276
  -15.0000  -45.0000   30.0000 2642.2488    9.0396
   -7.5000  -45.0000   30.0000 2679.9453    8.8921
    0.0000  -45.0000   30.0000 2653.6296    8.9355
  -15.0000  -37.5000   30.0000 2739.8296    8.5137
   -7.5000  -37.5000   30.0000 2779.8137    8.3948
    0.0000  -37.5000   30.0000 2750.3579    8.4464
  -15.0000  -30.0000   30.0000 2816.1643    8.1422
   -7.5000  -30.0000   30.0000 2870.3220    8.0477
    0.0000  -30.0000   30.0000 2835.4463    8.0971
  -15.0000  -22.5000   30.0000 2864.0454    7.9517
   -7.5000  -22.5000   30.0000 2925.2463    7.8337
    0.0000  -22.5000   30.0000 2894.7068    7.8937
  -15.0000  -15.0000   30.0000 2862.4785    7.9562
   -7.5000  -15.0000   30.0000 2930.2224    7.8197
    0.0000  -15.0000   30.0000 2896.8650    7.8863
  -15.0000   -7.5000   30.0000 2824.1843    8.1227
   -7.5000   -7.5000   30.0000 2879.1516    7.9948
    0.0000   -7.5000   30.0000 2853.6743    8.0426
  -15.0000    0.0000   30.0000 2747.1829    8.4360
   -7.5000    0.0000   30.0000 2794.2615    8.3080
    0.0000    0.0000   30.0000 2771.7185    8.3459
  -15.0000    7.5000   30.0000 2650.0137    8.9264
   -7.5000    7.5000   30.0000 2690.5786    8.7956
    0.0000    7.5000   30.0000 2674.0117    8.8284
  -15.0000   15.0000   30.0000 2541.4197    9.6142
   -7.5000   15.0000   30.0000 2571.2393    9.4754
    0.0000   15.0000   30.0000 2558.5999    9.5056
  -15.0000   22.5000   30.0000 2418.4595   10.5141
   -7.5000   22.5000   30.0000 2447.0164   10.3692
    0.0000   22.5000   30.0000 2428.4954   10.4039
  -15.0000   30.0000   30.0000 2275.8491   11.6638
   -7.5000   30.0000   30.0000 2306.9531   11.5150
    0.0000   30.0000   30.0000 2291.8604   11.5730
  -15.0000  -60.0000   37.5000 2360.6191   11.0327
   -7.5000  -60.0000   37.5000 2394.4312   10.7566
    0.0000  -60.0000   37.5000 2379.1289   10.8116
  -15.0000  -52.5000   37.5000 2487.4514   10.0351
   -7.5000  -52.5000   37.5000 2526.3674    9.8125
    0.0000  -52.5000   37.5000 2504.2683    9.8446
  -15.0000  -45.0000   37.5000 2615.2720    9.4341
   -7.5000  -45.0000   37.5000 2653.7683    9.2416
    0.0000  -45.0000   37.5000 2627.1592    9.2675
  -15.0000  -37.5000   37.5000 2701.4680    8.8808
   -7.5000  -37.5000   37.5000 2739.6895    8.7208
    0.0000  -37.5000   37.5000 2713.7529    8.7710
  -15.0000  -30.0000   37.5000 2766.8843    8.4935
   -7.5000  -30.0000   37.5000 2811.9563    8.3374
    0.0000  -30.0000   37.5000 2786.2239    8.3941
  -15.0000  -22.5000   37.5000 2800.6658    8.2866
   -7.5000  -22.5000   37.5000 2852.9060    8.1169
    0.0000  -22.5000   37.5000 2822.1738    8.1733
  -15.0000  -15.0000   37.5000 2794.8176    8.2626
   -7.5000  -15.0000   37.5000 2842.9587    8.1202
    0.0000  -15.0000   37.5000 2819.7263    8.1644
  -15.0000   -7.5000   37.5000 2751.8879    8.4574
   -7.5000   -7.5000   37.5000 2794.8469    8.3157
    0.0000   -7.5000   37.5000 2776.5374    8.3655
  -15.0000    0.0000   37.5000 2679.8025    8.8021
   -7.5000    0.0000   37.5000 2722.5396    8.6589
    0.0000    0.0000   37.5000 2699.9153    8.7133
  -15.0000    7.5000   37.5000 2589.7986    9.3012
   -7.5000    7.5000   37.5000 2629.1809    9.1552
    0.0000    7.5000   37.5000 2607.9304    9.2065
  -15.0000   15.0000   37.5000 2481.8530    9.9713
   -7.5000   15.0000   37.5000 2519.4290    9.8192
    0.0000   15.0000   37.5000 2506.8264    9.8663
  -15.0000   22.5000   37.5000 2358.4534   10.8608
   -7.5000   22.5000   37.5000 2389.8672   10.7035
    0.0000   22.5000   37.5000 2379.2283   10.7566
  -15.0000   30.0000   37.5000 2216.1287   11.9930
   -7.5000   30.0000   37.5000 2247.4556   11.8254
    0.0000   30.0000   37.5000 2235.8169   11.8890
  -15.0000  -60.0000   45.0000 2308.1653   11.4548
   -7.5000  -60.0000   45.0000 2338.7800   11.1640
    0.0000  -60.0000   45.0000 2326.9431   11.1848
  -15.0000  -52.5000   45.0000 2430.7305   10.4717
   -7.5000  -52.5000   45.0000 2468.6406   10.2090
    0.0000  -52.5000   45.0000 2446.5833   10.2395
  -15.0000  -45.0000   45.0000 2548.2805    9.8523
   -7.5000  -45.0000   45.0000 2587.8032    9.6133
    0.0000  -45.0000   45.0000 2561.4583    9.6630
  -15.0000  -37.5000   45.0000 2626.7356    9.3170
   -7.5000  -37.5000   45.0000 2665.8772    9.0908
    0.0000  -37.5000   45.0000 2642.8994    9.1521
  -15.0000  -30.0000   45.0000 2683.6816    8.9159
   -7.5000  -30.0000   45.0000 2726.1628    8.7092
    0.0000  -30.0000   45.0000 2701.1050    8.7731
  -15.0000  -22.5000   45.0000 2701.7129    8.6871
   -7.5000  -22.5000   45.0000 2747.3882    8.5198
    0.0000  -22.5000   45.0000 2719.4478    8.5613
  -15.0000  -15.0000   45.0000 2691.6045    8.6699
   -7.5000  -15.0000   45.0000 2732.0464    8.5073
    0.0000  -15.0000   45.0000 2710.8193    8.5472
  -15.0000   -7.5000   45.0000 2642.8660    8.8825
   -7.5000   -7.5000   45.0000 2680.4609    8.7241
    0.0000   -7.5000   45.0000 2668.0471    8.7586
  -15.0000    0.0000   45.0000 2577.8735    9.2250
   -7.5000    0.0000   45.0000 2616.3345    9.0735
    0.0000    0.0000   45.0000 2599.6089    9.1106
  -15.0000    7.5000   45.0000 2492.7893    9.7284
   -7.5000    7.5000   45.0000 2530.8040    9.5709
    0.0000    7.5000   45.0000 2515.0891    9.6140
  -15.0000   15.0000   45.0000 2390.1624   10.3693
   -7.5000   15.0000   45.0000 2428.2786   10.2114
    0.0000   15.0000   45.0000 2413.6641   10.2561
  -15.0000   22.5000   45.0000 2269.0691   11.2602
   -7.5000   22.5000   45.0000 2304.4451   11.0894
    0.0000   22.5000   45.0000 2294.1719   11.1677
  -15.0000   30.0000   45.0000 2126.4841   12.4587
   -7.5000   30.0000   45.0000 2160.9365   12.2671
    0.0000   30.0000   45.0000 2148.0349   12.3483
  -15.0000  -60.0000   52.5000 2225.7517   11.9040
   -7.5000  -60.0000   52.5000 2256.8215   11.5860
    0.0000  -60.0000   52.5000 2245.0073   11.6346
  -15.0000  -52.5000   52.5000 2340.1240   10.8865
   -7.5000  -52.5000   52.5000 2376.1672   10.6103
    0.0000  -52.5000   52.5000 2358.7490   10.6682
  -15.0000  -45.0000   52.5000 2450.7075   10.2892
   -7.5000  -45.0000   52.5000 2489.7925   10.0130
    0.0000  -45.0000   52.5000 2466.3955   10.0773
  -15.0000  -37.5000   52.5000 2519.8635    9.7549
   -7.5000  -37.5000   52.5000 2558.4988    9.5011
    0.0000  -37.5000   52.5000 2535.7493    9.5550
  -15.0000  -30.0000   52.5000 2566.4294    9.3392
   -7.5000  -30.0000   52.5000 2607.2109    9.1197
    0.0000  -30.0000   52.5000 2581.8003    9.1863
  -15.0000  -22.5000   52.5000 2576.8440    9.1084
   -7.5000  -22.5000   52.5000 2615.9478    8.9148
    0.0000  -22.5000   52.5000 2592.1819    8.9742
  -15.0000  -15.0000   52.5000 2565.8494    9.1065
   -7.5000  -15.0000   52.5000 2602.4172    8.9257
    0.0000  -15.0000   52.5000 2580.7439    8.9720
  -15.0000   -7.5000   52.5000 2517.7104    9.3163
   -7.5000   -7.5000   52.5000 2553.6833    9.1301
    0.0000   -7.5000   52.5000 2540.0530    9.1739
  -15.0000    0.0000   52.5000 2458.6851    9.6484
   -7.5000    0.0000   52.5000 2489.7490    9.4947
    0.0000    0.0000   52.5000 2477.1929    9.5294
  -15.0000    7.5000   52.5000 2375.6240   10.1446
   -7.5000    7.5000   52.5000 2408.9331    9.9789
    0.0000    7.5000   52.5000 2393.9189   10.0174
  -15.0000   15.0000   52.5000 2278.2844   10.7947
   -7.5000   15.0000   52.5000 2310.9023   10.6234
    0.0000   15.0000   52.5000 2295.0386   10.6537
  -15.0000   22.5000   52.5000 2159.1829   11.6933
   -7.5000   22.5000   52.5000 2190.5547   11.5237
    0.0000   22.5000   52.5000 2175.7917   11.5648
  -15.0000   30.0000   52.5000 2028.5476   12.9392
   -7.5000   30.0000   52.5000 2054.7546   12.7761
    0.0000   30.0000   52.5000 2042.0878   12.7979
  -15.0000  -60.0000   60.0000 2166.8218   12.7228
   -7.5000  -60.0000   60.0000 2200.7622   12.4051
    0.0000  -60.0000   60.0000 2190.1501   12.4816
  -15.0000  -52.5000   60.0000 2276.0898   11.6459
   -7.5000  -52.5000   60.0000 2309.5767   11.3543
    0.0000  -52.5000   60.0000 2293.2258   11.4188
  -15.0000  -45.0000   60.0000 2381.0642   11.0287
   -7.5000  -45.0000   60.0000 2414.9641   10.7417
    0.0000  -45.0000   60.0000 2393.1057   10.8093
  -15.0000  -37.5000   60.0000 2442.3364   10.4862
   -7.5000  -37.5000   60.0000 2473.9863   10.2104
    0.0000  -37.5000   60.0000 2451.7253   10.2729
  -15.0000  -30.0000   60.0000 2476.1355   10.0572
   -7.5000  -30.0000   60.0000 2509.1624    9.8274
    0.0000  -30.0000   60.0000 2487.5383    9.8799
  -15.0000  -22.5000   60.0000 2487.1626    9.8101
   -7.5000  -22.5000   60.0000 2519.9578    9.6188
    0.0000  -22.5000   60.0000 2500.1243    9.6721
  -15.0000  -15.0000   60.0000 2473.2625    9.8071
   -7.5000  -15.0000   60.0000 2509.4614    9.6186
    0.0000  -15.0000   60.0000 2495.6948    9.6567
  -15.0000   -7.5000   60.0000 2430.2529   10.0127
   -7.5000   -7.5000   60.0000 2463.5940    9.8256
    0.0000   -7.5000   60.0000 2451.9260    9.8738
  -15.0000    0.0000   60.0000 2368.8401   10.3582
   -7.5000    0.0000   60.0000 2397.3953   10.1748
    0.0000    0.0000   60.0000 2386.4702   10.2139
  -15.0000    7.5000   60.0000 2290.6370   10.8325
   -7.5000    7.5000   60.0000 2316.9561   10.6492
    0.0000    7.5000   60.0000 2305.2148   10.6838
  -15.0000   15.0000   60.0000 2192.5457   11.5326
   -7.5000   15.0000   60.0000 2221.2532   11.3492
    0.0000   15.0000   60.0000 2207.2463   11.3790
  -15.0000   22.5000   60.0000 2073.4841   12.4969
   -7.5000   22.5000   60.0000 2101.4648   12.3210
    0.0000   22.5000   60.0000 2089.4985   12.3378
  -15.0000   30.0000   60.0000 1952.8698   13.8060
   -7.5000   30.0000   60.0000 1975.1069   13.6033
    0.0000   30.0000   60.0000 1965.7517   13.6226

---------------------------------------------------------------------
imgreg_4dfp /opt/freesurfer/average/711-2C_as_mni_average_305 /opt/freesurfer/average/711-2B_as_mni_average_305_mask talsrcimg_g11 none talsrcimg_to_711-2C_as_mni_average_305_t4 1283
---------------------------------------------------------------------

freesurfer imgreg_4dfp.c
/opt/freesurfer/average/711-2C_as_mni_average_305.4dfp.img
       256       256       256         1
  1.000000  1.000000  1.000000
orientation T byte_order littleendian
Reading image: /opt/freesurfer/average/711-2C_as_mni_average_305.4dfp.img
dimensions:      256       256       256
mmppix:       1.0000   -1.0000   -1.0000
center:     128.0000 -129.0000 -129.0000
/opt/freesurfer/average/711-2B_as_mni_average_305_mask.4dfp.img
       256       256       256         1
  1.000000  1.000000  1.000000
orientation T byte_order littleendian
Reading mask: /opt/freesurfer/average/711-2B_as_mni_average_305_mask.4dfp.img (2306576 pixels)
talsrcimg_g11.4dfp.img
       256       256       256         1
  0.898437  0.898437  0.898437
orientation T byte_order littleendian
Reading image: talsrcimg_g11.4dfp.img
dimensions:      256       256       256
mmppix:       0.8984   -0.8984   -0.8984
center:     114.9999 -115.8984 -115.8984
rotation matrix determinant  1.000000
fimgreg.f
image alignment mode   1283 decimal      503 hex
parameters
   -7.5000  -15.0000   15.0000    0.0000    0.0000    0.0000
eta,q 0.94618  7.64453
niter,ni,del,rscale     5    3   12.0000    1.2000
parameter  2  0.589299 ->  0.500000 qaram    1.1500
parameter  6 -0.571844 -> -0.500000 qaram    1.1500
parameters
   -5.3394  -18.4500   14.7887    0.9985    2.9160    3.4500
eta,q 0.95619  7.59359
  0.0781  0.0494  0.0557  0.0545  0.0612  0.0560
  0.0693  0.0473  0.0498  0.0519  0.0554  0.0517
  0.0604  0.0485  0.0469  0.0486  0.0510  0.0478
  0.0534  0.0506  0.0474  0.0473  0.0473  0.0449
  0.0506  0.0540  0.0493  0.0477  0.0451  0.0439
  0.0523  0.0596  0.0516  0.0494  0.0454  0.0439
  0.0592  0.0660  0.0554  0.0510  0.0479  0.0444
niter,ni,del,rscale     6    3   12.0000    1.2000
parameters
   -6.0672  -18.4589   15.4263    1.6135    3.5424    3.0327
eta,q 0.95686  7.58574
  0.0600  0.0568  0.0545  0.0504  0.0539  0.0493
  0.0497  0.0487  0.0485  0.0470  0.0481  0.0453
  0.0442  0.0438  0.0447  0.0442  0.0447  0.0434
  0.0438  0.0434  0.0434  0.0433  0.0433  0.0432
  0.0484  0.0444  0.0437  0.0437  0.0434  0.0440
  0.0576  0.0488  0.0460  0.0453  0.0454  0.0466
  0.0687  0.0566  0.0504  0.0480  0.0503  0.0510
niter,ni,del,rscale     5    3   12.0000    1.2000
parameters
   -6.4110  -18.9415   15.5233    2.2991    3.7137    2.7113
eta,q 0.95734  7.59116
  0.0625  0.0552  0.0522  0.0502  0.0522  0.0493
  0.0511  0.0464  0.0464  0.0467  0.0468  0.0448
  0.0443  0.0426  0.0434  0.0437  0.0438  0.0429
  0.0431  0.0430  0.0427  0.0427  0.0427  0.0427
  0.0469  0.0451  0.0438  0.0430  0.0431  0.0435
  0.0555  0.0503  0.0466  0.0446  0.0459  0.0461
  0.0662  0.0579  0.0510  0.0475  0.0514  0.0504
niter,ni,del,rscale     4    3   12.0000    1.2000
parameters
   -6.5053  -19.4044   15.6470    2.9239    3.6747    2.5840
eta,q 0.95771  7.60160
  0.0640  0.0559  0.0517  0.0499  0.0514  0.0496
  0.0524  0.0464  0.0461  0.0463  0.0461  0.0446
  0.0448  0.0420  0.0428  0.0433  0.0432  0.0424
  0.0427  0.0426  0.0423  0.0424  0.0423  0.0423
  0.0457  0.0453  0.0436  0.0426  0.0429  0.0431
  0.0539  0.0507  0.0461  0.0443  0.0460  0.0455
  0.0648  0.0580  0.0503  0.0474  0.0519  0.0497
niter,ni,del,rscale     3    3   12.0000    1.2000
parameters
   -6.4597  -19.8070   15.7824    3.4846    3.5884    2.5575
eta,q 0.95802  7.61406
  0.0648  0.0568  0.0513  0.0499  0.0511  0.0497
  0.0530  0.0468  0.0458  0.0459  0.0458  0.0443
  0.0450  0.0418  0.0423  0.0430  0.0429  0.0420
  0.0423  0.0423  0.0420  0.0420  0.0420  0.0420
  0.0449  0.0455  0.0433  0.0424  0.0426  0.0427
  0.0528  0.0511  0.0457  0.0442  0.0459  0.0450
  0.0640  0.0583  0.0499  0.0474  0.0520  0.0492
niter,ni,del,rscale     2    3   12.0000    1.2000
parameters
   -6.3671  -20.1550   15.9335    3.9441    3.5059    2.5574
eta,q 0.95829  7.62600
  0.0649  0.0578  0.0511  0.0500  0.0509  0.0496
  0.0531  0.0472  0.0456  0.0455  0.0457  0.0440
  0.0448  0.0417  0.0420  0.0428  0.0427  0.0416
  0.0420  0.0420  0.0416  0.0417  0.0417  0.0417
  0.0444  0.0456  0.0430  0.0423  0.0422  0.0424
  0.0522  0.0515  0.0454  0.0443  0.0456  0.0446
  0.0635  0.0587  0.0495  0.0476  0.0520  0.0489
niter,ni,del,rscale     1    3   12.0000    1.2000
parameters
   -6.2783  -20.4305   16.0761    4.2929    3.4361    2.5736
eta,q 0.95847  7.63417
  0.0648  0.0587  0.0509  0.0500  0.0508  0.0495
  0.0528  0.0477  0.0454  0.0452  0.0457  0.0439
  0.0445  0.0417  0.0419  0.0425  0.0426  0.0414
  0.0417  0.0417  0.0414  0.0415  0.0415  0.0415
  0.0442  0.0456  0.0428  0.0423  0.0420  0.0423
  0.0520  0.0518  0.0452  0.0444  0.0454  0.0444
  0.0633  0.0590  0.0494  0.0480  0.0519  0.0487
registration optimization eta report
parameter search radius
    6.0000    6.9000    6.0000    6.0000    6.0000    6.9000
100000*second partial in parameter space
       62.       36.       24.       21.       28.       17.
  0.0648  0.0587  0.0509  0.0500  0.0508  0.0495
  0.0528  0.0477  0.0454  0.0452  0.0457  0.0439
  0.0445  0.0417  0.0419  0.0425  0.0426  0.0414
  0.0417  0.0417  0.0414  0.0415  0.0415  0.0415
  0.0442  0.0456  0.0428  0.0423  0.0420  0.0423
  0.0520  0.0518  0.0452  0.0444  0.0454  0.0444
  0.0633  0.0590  0.0494  0.0480  0.0519  0.0487
   -6.2783  -20.4305   16.0761    4.2929    3.4361    2.5736
eta,q 0.95847  7.63417

---------------------------------------------------------------------
imgreg_4dfp /opt/freesurfer/average/711-2C_as_mni_average_305 /opt/freesurfer/average/711-2B_as_mni_average_305_mask talsrcimg_g11 none talsrcimg_to_711-2C_as_mni_average_305_t4 3335
---------------------------------------------------------------------

freesurfer imgreg_4dfp.c
/opt/freesurfer/average/711-2C_as_mni_average_305.4dfp.img
       256       256       256         1
  1.000000  1.000000  1.000000
orientation T byte_order littleendian
Reading image: /opt/freesurfer/average/711-2C_as_mni_average_305.4dfp.img
dimensions:      256       256       256
mmppix:       1.0000   -1.0000   -1.0000
center:     128.0000 -129.0000 -129.0000
/opt/freesurfer/average/711-2B_as_mni_average_305_mask.4dfp.img
       256       256       256         1
  1.000000  1.000000  1.000000
orientation T byte_order littleendian
Reading mask: /opt/freesurfer/average/711-2B_as_mni_average_305_mask.4dfp.img (2306576 pixels)
talsrcimg_g11.4dfp.img
       256       256       256         1
  0.898437  0.898437  0.898437
orientation T byte_order littleendian
Reading image: talsrcimg_g11.4dfp.img
dimensions:      256       256       256
mmppix:       0.8984   -0.8984   -0.8984
center:     114.9999 -115.8984 -115.8984
fimgreg.f
image alignment mode   3335 decimal      D07 hex
parameters
   -6.2783  -20.4305   16.0761   -0.2805   -0.4013   -0.4598
   -4.9259   -5.6346    4.4823   -7.7464    5.9936    7.4721
eta,q 0.95634  7.69718
niter,ni,del,rscale     5    3    5.0000    1.2000
parameter  4  0.969955 ->  0.500000 qaram    1.1500
parameter  5  1.285372 ->  0.500000 qaram    1.1500
parameter  6  0.680236 ->  0.500000 qaram    1.1500
parameter 12  0.870412 ->  0.500000 qaram    1.1500
parameters
   -6.1847  -20.3840   16.5153   -4.4205   -4.5413   -4.5998
   -3.3086   -5.4274    7.6708  -10.6048    5.8238    3.3321
eta,q 0.96294  7.23960
  0.0475  0.0462  0.0456  0.0412  0.0389  0.0386  0.0420  0.0427  0.0404  0.0388  0.0385  0.0370
  0.0454  0.0448  0.0447  0.0420  0.0395  0.0386  0.0404  0.0404  0.0396  0.0381  0.0381  0.0370
  0.0441  0.0439  0.0440  0.0427  0.0405  0.0389  0.0393  0.0389  0.0390  0.0379  0.0379  0.0373
  0.0437  0.0437  0.0437  0.0436  0.0422  0.0397  0.0387  0.0385  0.0385  0.0383  0.0379  0.0379
  0.0440  0.0439  0.0436  0.0451  0.0444  0.0408  0.0385  0.0389  0.0383  0.0393  0.0380  0.0386
  0.0451  0.0447  0.0439  0.0475  0.0470  0.0427  0.0390  0.0402  0.0383  0.0410  0.0382  0.0396
  0.0469  0.0459  0.0446  0.0507  0.0498  0.0457  0.0400  0.0421  0.0387  0.0432  0.0386  0.0409
niter,ni,del,rscale     7    3    5.0000    1.2000
parameter  4  0.993424 ->  0.500000 qaram    1.3225
parameter  5  0.627967 ->  0.500000 qaram    1.3225
parameters
   -6.1835  -20.1234   16.6712   -9.1815   -9.3023   -6.5292
   -4.2849   -5.2022    5.0741   -8.9125    7.6022    1.0372
eta,q 0.96619  6.74200
  0.0403  0.0400  0.0387  0.0353  0.0348  0.0360  0.0364  0.0388  0.0346  0.0371  0.0358  0.0344
  0.0386  0.0385  0.0379  0.0354  0.0346  0.0349  0.0350  0.0365  0.0342  0.0356  0.0349  0.0341
  0.0375  0.0375  0.0373  0.0361  0.0348  0.0343  0.0343  0.0349  0.0340  0.0346  0.0343  0.0338
  0.0371  0.0371  0.0370  0.0370  0.0356  0.0346  0.0343  0.0342  0.0342  0.0340  0.0339  0.0338
  0.0374  0.0372  0.0371  0.0380  0.0370  0.0355  0.0349  0.0346  0.0347  0.0339  0.0339  0.0343
  0.0385  0.0378  0.0375  0.0394  0.0390  0.0365  0.0362  0.0361  0.0355  0.0343  0.0341  0.0350
  0.0404  0.0390  0.0384  0.0417  0.0417  0.0379  0.0378  0.0383  0.0365  0.0351  0.0346  0.0360
niter,ni,del,rscale     7    3    5.0000    1.2000
parameters
   -6.2465  -19.2875   16.2733  -11.3976  -12.1734   -7.1437
   -4.3025   -5.4051    3.8582   -5.6617    8.9050   -0.1692
eta,q 0.96779  6.51325
  0.0373  0.0375  0.0346  0.0357  0.0341  0.0353  0.0357  0.0371  0.0339  0.0363  0.0339  0.0331
  0.0353  0.0358  0.0339  0.0339  0.0332  0.0339  0.0341  0.0347  0.0331  0.0347  0.0331  0.0325
  0.0341  0.0346  0.0336  0.0330  0.0328  0.0329  0.0330  0.0332  0.0328  0.0336  0.0325  0.0323
  0.0338  0.0338  0.0335  0.0335  0.0330  0.0328  0.0328  0.0328  0.0328  0.0327  0.0322  0.0322
  0.0343  0.0335  0.0339  0.0350  0.0338  0.0334  0.0331  0.0334  0.0332  0.0323  0.0322  0.0324
  0.0356  0.0338  0.0346  0.0365  0.0354  0.0345  0.0341  0.0352  0.0339  0.0323  0.0325  0.0330
  0.0376  0.0345  0.0356  0.0379  0.0378  0.0360  0.0357  0.0376  0.0350  0.0330  0.0330  0.0338
niter,ni,del,rscale     6    3    5.0000    1.2000
parameter  2 -0.502497 -> -0.500000 qaram    1.1500
parameters
   -6.2640  -17.9075   15.5139  -11.8200  -13.7813   -8.0118
   -3.9901   -5.7054    3.2739   -2.8436    9.4953   -2.2463
eta,q 0.96911  6.41291
  0.0359  0.0367  0.0322  0.0357  0.0334  0.0337  0.0346  0.0357  0.0330  0.0353  0.0323  0.0316
  0.0338  0.0348  0.0317  0.0335  0.0321  0.0324  0.0329  0.0333  0.0321  0.0336  0.0317  0.0311
  0.0326  0.0332  0.0315  0.0319  0.0315  0.0316  0.0318  0.0318  0.0315  0.0322  0.0312  0.0309
  0.0322  0.0322  0.0316  0.0315  0.0315  0.0314  0.0314  0.0314  0.0314  0.0314  0.0310  0.0310
  0.0327  0.0317  0.0321  0.0325  0.0321  0.0320  0.0316  0.0321  0.0317  0.0310  0.0310  0.0313
  0.0340  0.0317  0.0329  0.0344  0.0335  0.0332  0.0326  0.0339  0.0325  0.0312  0.0313  0.0319
  0.0360  0.0322  0.0340  0.0361  0.0356  0.0349  0.0341  0.0363  0.0337  0.0319  0.0320  0.0329
niter,ni,del,rscale     6    3    5.0000    1.2000
parameters
   -6.3109  -17.1694   14.9328  -11.7954  -14.2811   -8.4374
   -3.6538   -5.9205    2.9971   -1.1716    9.6366   -3.2711
eta,q 0.96959  6.38821
  0.0345  0.0355  0.0315  0.0354  0.0333  0.0331  0.0339  0.0350  0.0324  0.0339  0.0318  0.0314
  0.0325  0.0333  0.0309  0.0330  0.0318  0.0318  0.0322  0.0326  0.0314  0.0323  0.0311  0.0308
  0.0312  0.0317  0.0306  0.0312  0.0308  0.0309  0.0310  0.0310  0.0308  0.0312  0.0306  0.0305
  0.0309  0.0309  0.0307  0.0306  0.0306  0.0306  0.0306  0.0306  0.0306  0.0306  0.0304  0.0304
  0.0314  0.0307  0.0311  0.0314  0.0310  0.0310  0.0309  0.0313  0.0309  0.0305  0.0306  0.0307
  0.0327  0.0312  0.0319  0.0332  0.0321  0.0322  0.0318  0.0330  0.0316  0.0309  0.0310  0.0313
  0.0348  0.0323  0.0328  0.0351  0.0340  0.0337  0.0333  0.0355  0.0327  0.0318  0.0317  0.0321
niter,ni,del,rscale     5    3    5.0000    1.2000
parameters
   -6.3581  -16.6421   14.5523  -11.8215  -14.6475   -8.9360
   -3.4516   -6.0177    2.8732   -0.0042    9.8289   -3.8032
eta,q 0.96979  6.36767
  0.0340  0.0344  0.0314  0.0350  0.0331  0.0327  0.0335  0.0349  0.0322  0.0333  0.0317  0.0314
  0.0320  0.0324  0.0307  0.0326  0.0315  0.0314  0.0318  0.0324  0.0311  0.0318  0.0309  0.0307
  0.0308  0.0311  0.0303  0.0309  0.0306  0.0306  0.0307  0.0308  0.0305  0.0308  0.0304  0.0303
  0.0304  0.0304  0.0303  0.0303  0.0303  0.0303  0.0303  0.0303  0.0303  0.0303  0.0302  0.0302
  0.0309  0.0304  0.0307  0.0311  0.0307  0.0307  0.0306  0.0309  0.0305  0.0303  0.0303  0.0304
  0.0322  0.0310  0.0314  0.0329  0.0317  0.0319  0.0316  0.0326  0.0312  0.0308  0.0308  0.0309
  0.0343  0.0322  0.0323  0.0349  0.0337  0.0334  0.0331  0.0351  0.0323  0.0319  0.0315  0.0317
niter,ni,del,rscale     4    3    5.0000    1.2000
parameters
   -6.3768  -16.2680   14.2289  -11.8271  -14.9360   -9.4305
   -3.3440   -6.0732    2.7964    0.8289   10.0075   -4.0745
eta,q 0.96991  6.35056
  0.0339  0.0339  0.0313  0.0349  0.0330  0.0325  0.0332  0.0348  0.0321  0.0329  0.0316  0.0314
  0.0318  0.0320  0.0306  0.0325  0.0314  0.0313  0.0316  0.0323  0.0310  0.0315  0.0308  0.0306
  0.0306  0.0308  0.0302  0.0308  0.0304  0.0304  0.0305  0.0307  0.0304  0.0306  0.0303  0.0302
  0.0302  0.0302  0.0302  0.0301  0.0301  0.0301  0.0301  0.0301  0.0301  0.0301  0.0301  0.0301
  0.0307  0.0303  0.0305  0.0309  0.0305  0.0305  0.0305  0.0308  0.0304  0.0302  0.0302  0.0303
  0.0319  0.0310  0.0311  0.0327  0.0316  0.0317  0.0315  0.0324  0.0311  0.0307  0.0307  0.0308
  0.0340  0.0323  0.0320  0.0347  0.0335  0.0332  0.0330  0.0349  0.0322  0.0320  0.0315  0.0315
niter,ni,del,rscale     3    3    5.0000    1.2000
parameters
   -6.3820  -15.9885   13.9654  -11.8065  -15.1682   -9.8718
   -3.2895   -6.1070    2.7680    1.4504   10.0882   -4.2232
eta,q 0.96997  6.33713
  0.0338  0.0335  0.0312  0.0348  0.0329  0.0324  0.0331  0.0347  0.0321  0.0328  0.0314  0.0313
  0.0317  0.0317  0.0305  0.0324  0.0314  0.0312  0.0314  0.0322  0.0310  0.0314  0.0307  0.0306
  0.0305  0.0306  0.0301  0.0307  0.0304  0.0304  0.0304  0.0306  0.0303  0.0305  0.0302  0.0302
  0.0301  0.0301  0.0301  0.0301  0.0301  0.0301  0.0301  0.0301  0.0301  0.0301  0.0300  0.0300
  0.0305  0.0303  0.0304  0.0308  0.0304  0.0304  0.0304  0.0307  0.0303  0.0301  0.0302  0.0302
  0.0317  0.0310  0.0310  0.0326  0.0315  0.0315  0.0314  0.0323  0.0310  0.0308  0.0306  0.0307
  0.0338  0.0323  0.0318  0.0346  0.0333  0.0331  0.0330  0.0348  0.0321  0.0320  0.0314  0.0314
niter,ni,del,rscale     2    3    5.0000    1.2000
parameters
   -6.3823  -15.7755   13.7551  -11.7752  -15.3549  -10.2359
   -3.2584   -6.1212    2.7855    1.9291   10.0984   -4.3164
eta,q 0.97001  6.32705
  0.0337  0.0333  0.0312  0.0348  0.0329  0.0324  0.0330  0.0347  0.0320  0.0326  0.0314  0.0313
  0.0316  0.0316  0.0305  0.0324  0.0314  0.0312  0.0314  0.0322  0.0309  0.0313  0.0307  0.0306
  0.0304  0.0305  0.0301  0.0307  0.0303  0.0303  0.0303  0.0306  0.0303  0.0304  0.0302  0.0301
  0.0300  0.0300  0.0300  0.0300  0.0300  0.0300  0.0300  0.0300  0.0300  0.0300  0.0300  0.0300
  0.0304  0.0302  0.0303  0.0307  0.0304  0.0303  0.0304  0.0306  0.0302  0.0301  0.0301  0.0301
  0.0317  0.0310  0.0308  0.0326  0.0314  0.0314  0.0314  0.0323  0.0309  0.0308  0.0306  0.0306
  0.0337  0.0324  0.0317  0.0346  0.0333  0.0330  0.0329  0.0347  0.0320  0.0321  0.0314  0.0314
niter,ni,del,rscale     1    3    5.0000    1.2000
parameters
   -6.3785  -15.6062   13.5904  -11.7426  -15.5029  -10.5348
   -3.2523   -6.1211    2.8259    2.2960   10.0814   -4.3843
eta,q 0.97003  6.31919
  0.0336  0.0332  0.0312  0.0348  0.0329  0.0324  0.0330  0.0347  0.0320  0.0326  0.0313  0.0313
  0.0316  0.0315  0.0305  0.0324  0.0314  0.0312  0.0313  0.0322  0.0309  0.0312  0.0307  0.0306
  0.0304  0.0304  0.0301  0.0307  0.0303  0.0303  0.0303  0.0305  0.0302  0.0304  0.0301  0.0301
  0.0300  0.0300  0.0300  0.0300  0.0300  0.0300  0.0300  0.0300  0.0300  0.0300  0.0300  0.0300
  0.0304  0.0302  0.0302  0.0307  0.0303  0.0303  0.0303  0.0306  0.0302  0.0301  0.0301  0.0301
  0.0316  0.0311  0.0308  0.0325  0.0314  0.0314  0.0314  0.0322  0.0309  0.0308  0.0306  0.0306
  0.0336  0.0324  0.0316  0.0346  0.0332  0.0329  0.0329  0.0347  0.0320  0.0322  0.0314  0.0313
registration optimization eta report
parameter search radius
    2.4000    2.7600    2.4000    9.5220    9.5220    8.2800
    7.2000    7.2000    7.2000    7.2000    7.2000    8.2800
100000*second partial in parameter space
       63.       37.       25.        5.        3.        4.
        6.        9.        4.        5.        3.        2.
  0.0336  0.0332  0.0312  0.0348  0.0329  0.0324  0.0330  0.0347  0.0320  0.0326  0.0313  0.0313
  0.0316  0.0315  0.0305  0.0324  0.0314  0.0312  0.0313  0.0322  0.0309  0.0312  0.0307  0.0306
  0.0304  0.0304  0.0301  0.0307  0.0303  0.0303  0.0303  0.0305  0.0302  0.0304  0.0301  0.0301
  0.0300  0.0300  0.0300  0.0300  0.0300  0.0300  0.0300  0.0300  0.0300  0.0300  0.0300  0.0300
  0.0304  0.0302  0.0302  0.0307  0.0303  0.0303  0.0303  0.0306  0.0302  0.0301  0.0301  0.0301
  0.0316  0.0311  0.0308  0.0325  0.0314  0.0314  0.0314  0.0322  0.0309  0.0308  0.0306  0.0306
  0.0336  0.0324  0.0316  0.0346  0.0332  0.0329  0.0329  0.0347  0.0320  0.0322  0.0314  0.0313
   -6.3785  -15.6062   13.5904  -11.7426  -15.5029  -10.5348
   -3.2523   -6.1211    2.8259    2.2960   10.0814   -4.3843
eta,q 0.97003  6.31919

---------------------------------------------------------------------
imgreg_4dfp /opt/freesurfer/average/711-2C_as_mni_average_305 /opt/freesurfer/average/711-2B_as_mni_average_305_mask talsrcimg_g11 none talsrcimg_to_711-2C_as_mni_average_305_t4 2311
---------------------------------------------------------------------

freesurfer imgreg_4dfp.c
/opt/freesurfer/average/711-2C_as_mni_average_305.4dfp.img
       256       256       256         1
  1.000000  1.000000  1.000000
orientation T byte_order littleendian
Reading image: /opt/freesurfer/average/711-2C_as_mni_average_305.4dfp.img
dimensions:      256       256       256
mmppix:       1.0000   -1.0000   -1.0000
center:     128.0000 -129.0000 -129.0000
/opt/freesurfer/average/711-2B_as_mni_average_305_mask.4dfp.img
       256       256       256         1
  1.000000  1.000000  1.000000
orientation T byte_order littleendian
Reading mask: /opt/freesurfer/average/711-2B_as_mni_average_305_mask.4dfp.img (2306576 pixels)
talsrcimg_g11.4dfp.img
       256       256       256         1
  0.898437  0.898437  0.898437
orientation T byte_order littleendian
Reading image: talsrcimg_g11.4dfp.img
dimensions:      256       256       256
mmppix:       0.8984   -0.8984   -0.8984
center:     114.9999 -115.8984 -115.8984
fimgreg.f
image alignment mode   2311 decimal      907 hex
parameters
   -6.3785  -15.6062   13.5904  -11.7426  -15.5029  -10.5348
   -3.2523   -6.1211    2.8259    2.2960   10.0814   -4.3843
eta,q 0.97003  6.31919
niter,ni,del,rscale     5    3    5.0000    0.8000
parameters
   -6.3796  -15.5183   13.4575  -11.8205  -15.4081  -10.5041
   -3.3001   -6.1557    2.8763    2.6272   10.2322   -4.4678
eta,q 0.97005  6.32310
  0.0316  0.0311  0.0305  0.0314  0.0308  0.0309  0.0313  0.0322  0.0309  0.0312  0.0306  0.0304
  0.0307  0.0305  0.0302  0.0306  0.0303  0.0304  0.0305  0.0310  0.0304  0.0305  0.0303  0.0301
  0.0301  0.0301  0.0300  0.0301  0.0301  0.0301  0.0301  0.0302  0.0301  0.0301  0.0300  0.0300
  0.0300  0.0300  0.0300  0.0300  0.0300  0.0300  0.0300  0.0300  0.0300  0.0300  0.0299  0.0300
  0.0302  0.0301  0.0301  0.0302  0.0300  0.0300  0.0301  0.0302  0.0301  0.0300  0.0300  0.0300
  0.0307  0.0303  0.0303  0.0307  0.0303  0.0304  0.0306  0.0310  0.0304  0.0303  0.0302  0.0302
  0.0316  0.0308  0.0307  0.0315  0.0307  0.0310  0.0313  0.0322  0.0309  0.0309  0.0306  0.0304
niter,ni,del,rscale     4    3    5.0000    0.7000
parameters
   -6.3765  -15.4454   13.3919  -11.8335  -15.4648  -10.5542
   -3.3006   -6.1865    2.8482    2.8162   10.2799   -4.5116
eta,q 0.97006  6.32140
  0.0312  0.0308  0.0304  0.0311  0.0306  0.0307  0.0310  0.0317  0.0306  0.0308  0.0305  0.0303
  0.0305  0.0303  0.0301  0.0305  0.0302  0.0303  0.0304  0.0307  0.0303  0.0304  0.0302  0.0301
  0.0301  0.0301  0.0300  0.0301  0.0300  0.0300  0.0301  0.0301  0.0300  0.0301  0.0300  0.0300
  0.0300  0.0300  0.0300  0.0299  0.0299  0.0299  0.0299  0.0299  0.0299  0.0299  0.0299  0.0299
  0.0301  0.0300  0.0300  0.0301  0.0300  0.0300  0.0301  0.0302  0.0300  0.0300  0.0300  0.0300
  0.0305  0.0302  0.0302  0.0305  0.0302  0.0303  0.0304  0.0307  0.0303  0.0302  0.0302  0.0301
  0.0312  0.0306  0.0305  0.0311  0.0306  0.0307  0.0310  0.0317  0.0307  0.0307  0.0304  0.0303
niter,ni,del,rscale     3    3    5.0000    0.6000
parameters
   -6.3785  -15.3982   13.3452  -11.8198  -15.5008  -10.5941
   -3.2988   -6.2048    2.8401    2.9412   10.2901   -4.5571
eta,q 0.97006  6.32083
  0.0308  0.0305  0.0303  0.0308  0.0304  0.0305  0.0307  0.0312  0.0305  0.0306  0.0303  0.0302
  0.0303  0.0302  0.0301  0.0304  0.0301  0.0302  0.0303  0.0305  0.0302  0.0302  0.0301  0.0300
  0.0300  0.0300  0.0300  0.0301  0.0300  0.0300  0.0300  0.0301  0.0300  0.0300  0.0300  0.0300
  0.0299  0.0299  0.0299  0.0299  0.0299  0.0299  0.0299  0.0299  0.0299  0.0299  0.0299  0.0299
  0.0300  0.0300  0.0300  0.0300  0.0300  0.0300  0.0300  0.0301  0.0300  0.0300  0.0300  0.0300
  0.0303  0.0302  0.0301  0.0303  0.0302  0.0302  0.0303  0.0305  0.0302  0.0302  0.0301  0.0301
  0.0308  0.0304  0.0303  0.0308  0.0304  0.0305  0.0307  0.0312  0.0305  0.0305  0.0303  0.0302
niter,ni,del,rscale     2    3    5.0000    0.5000
parameters
   -6.3781  -15.3707   13.3116  -11.8116  -15.5090  -10.6131
   -3.2973   -6.2053    2.8485    3.0323   10.2731   -4.5984
eta,q 0.97006  6.32103
  0.0306  0.0303  0.0302  0.0306  0.0303  0.0303  0.0305  0.0308  0.0303  0.0304  0.0302  0.0301
  0.0302  0.0301  0.0300  0.0302  0.0301  0.0301  0.0302  0.0303  0.0301  0.0301  0.0300  0.0300
  0.0300  0.0300  0.0300  0.0300  0.0300  0.0300  0.0300  0.0300  0.0300  0.0300  0.0300  0.0300
  0.0299  0.0299  0.0299  0.0299  0.0299  0.0299  0.0299  0.0299  0.0299  0.0299  0.0299  0.0299
  0.0300  0.0300  0.0300  0.0300  0.0300  0.0300  0.0300  0.0300  0.0300  0.0300  0.0300  0.0300
  0.0302  0.0301  0.0301  0.0302  0.0301  0.0301  0.0302  0.0303  0.0301  0.0301  0.0301  0.0300
  0.0306  0.0303  0.0302  0.0306  0.0303  0.0303  0.0305  0.0308  0.0303  0.0303  0.0302  0.0301
niter,ni,del,rscale     1    3    5.0000    0.4000
parameters
   -6.3803  -15.3472   13.2953  -11.8002  -15.5395  -10.6235
   -3.2958   -6.2156    2.8685    3.1089   10.2423   -4.6070
eta,q 0.97007  6.32092
  0.0303  0.0302  0.0301  0.0303  0.0301  0.0302  0.0303  0.0305  0.0302  0.0302  0.0301  0.0301
  0.0301  0.0301  0.0300  0.0301  0.0300  0.0301  0.0301  0.0302  0.0300  0.0301  0.0300  0.0300
  0.0300  0.0300  0.0300  0.0300  0.0300  0.0300  0.0300  0.0300  0.0300  0.0300  0.0300  0.0299
  0.0299  0.0299  0.0299  0.0299  0.0299  0.0299  0.0299  0.0299  0.0299  0.0299  0.0299  0.0299
  0.0300  0.0300  0.0300  0.0300  0.0300  0.0300  0.0300  0.0300  0.0300  0.0300  0.0300  0.0300
  0.0301  0.0300  0.0300  0.0301  0.0300  0.0301  0.0301  0.0302  0.0300  0.0300  0.0300  0.0300
  0.0303  0.0302  0.0301  0.0303  0.0302  0.0302  0.0303  0.0305  0.0302  0.0302  0.0301  0.0301
registration optimization eta report
parameter search radius
    0.8000    0.8000    0.8000    2.4000    2.4000    2.4000
    2.4000    2.4000    2.4000    2.4000    2.4000    2.4000
100000*second partial in parameter space
       62.       38.       26.        7.        4.        4.
        6.       10.        4.        5.        3.        2.
  0.0303  0.0302  0.0301  0.0303  0.0301  0.0302  0.0303  0.0305  0.0302  0.0302  0.0301  0.0301
  0.0301  0.0301  0.0300  0.0301  0.0300  0.0301  0.0301  0.0302  0.0300  0.0301  0.0300  0.0300
  0.0300  0.0300  0.0300  0.0300  0.0300  0.0300  0.0300  0.0300  0.0300  0.0300  0.0300  0.0299
  0.0299  0.0299  0.0299  0.0299  0.0299  0.0299  0.0299  0.0299  0.0299  0.0299  0.0299  0.0299
  0.0300  0.0300  0.0300  0.0300  0.0300  0.0300  0.0300  0.0300  0.0300  0.0300  0.0300  0.0300
  0.0301  0.0300  0.0300  0.0301  0.0300  0.0301  0.0301  0.0302  0.0300  0.0300  0.0300  0.0300
  0.0303  0.0302  0.0301  0.0303  0.0302  0.0302  0.0303  0.0305  0.0302  0.0302  0.0301  0.0301
   -6.3803  -15.3472   13.2953  -11.8002  -15.5395  -10.6235
   -3.2958   -6.2156    2.8685    3.1089   10.2423   -4.6070
eta,q 0.97007  6.32092

---------------------------------------------------------------------
imgreg_4dfp /opt/freesurfer/average/711-2C_as_mni_average_305 /opt/freesurfer/average/711-2B_as_mni_average_305_mask talsrcimg_g11 none talsrcimg_to_711-2C_as_mni_average_305_t4 2311
---------------------------------------------------------------------

freesurfer imgreg_4dfp.c
/opt/freesurfer/average/711-2C_as_mni_average_305.4dfp.img
       256       256       256         1
  1.000000  1.000000  1.000000
orientation T byte_order littleendian
Reading image: /opt/freesurfer/average/711-2C_as_mni_average_305.4dfp.img
dimensions:      256       256       256
mmppix:       1.0000   -1.0000   -1.0000
center:     128.0000 -129.0000 -129.0000
/opt/freesurfer/average/711-2B_as_mni_average_305_mask.4dfp.img
       256       256       256         1
  1.000000  1.000000  1.000000
orientation T byte_order littleendian
Reading mask: /opt/freesurfer/average/711-2B_as_mni_average_305_mask.4dfp.img (2306576 pixels)
talsrcimg_g11.4dfp.img
       256       256       256         1
  0.898437  0.898437  0.898437
orientation T byte_order littleendian
Reading image: talsrcimg_g11.4dfp.img
dimensions:      256       256       256
mmppix:       0.8984   -0.8984   -0.8984
center:     114.9999 -115.8984 -115.8984
fimgreg.f
image alignment mode   2311 decimal      907 hex
parameters
   -6.3803  -15.3472   13.2953  -11.8002  -15.5395  -10.6235
   -3.2958   -6.2156    2.8685    3.1088   10.2423   -4.6070
eta,q 0.97007  6.32092
niter,ni,del,rscale     5    3    5.0000    0.8000
parameters
   -6.3758  -15.3073   13.2854  -11.8417  -15.5748  -10.7942
   -3.2837   -6.1882    2.8859    3.0570   10.2272   -4.5851
eta,q 0.97006  6.31433
  0.0315  0.0310  0.0306  0.0314  0.0307  0.0308  0.0313  0.0322  0.0309  0.0310  0.0306  0.0304
  0.0306  0.0304  0.0302  0.0306  0.0303  0.0304  0.0305  0.0310  0.0303  0.0304  0.0302  0.0301
  0.0301  0.0301  0.0300  0.0301  0.0300  0.0300  0.0301  0.0302  0.0300  0.0301  0.0300  0.0300
  0.0299  0.0299  0.0299  0.0299  0.0299  0.0299  0.0299  0.0299  0.0299  0.0299  0.0299  0.0299
  0.0301  0.0300  0.0300  0.0301  0.0300  0.0301  0.0301  0.0302  0.0300  0.0300  0.0300  0.0300
  0.0306  0.0304  0.0302  0.0307  0.0303  0.0304  0.0305  0.0310  0.0303  0.0304  0.0302  0.0301
  0.0315  0.0309  0.0306  0.0315  0.0308  0.0310  0.0313  0.0322  0.0309  0.0311  0.0306  0.0304
niter,ni,del,rscale     4    3    5.0000    0.7000
parameters
   -6.3773  -15.3038   13.2534  -11.8080  -15.5471  -10.7997
   -3.2937   -6.1912    2.8879    3.1115   10.2460   -4.6084
eta,q 0.97007  6.31650
  0.0312  0.0307  0.0304  0.0311  0.0306  0.0307  0.0310  0.0317  0.0306  0.0308  0.0304  0.0303
  0.0305  0.0303  0.0301  0.0305  0.0302  0.0303  0.0304  0.0307  0.0302  0.0303  0.0302  0.0301
  0.0301  0.0300  0.0300  0.0301  0.0300  0.0300  0.0300  0.0301  0.0300  0.0301  0.0300  0.0300
  0.0299  0.0299  0.0299  0.0299  0.0299  0.0299  0.0299  0.0299  0.0299  0.0299  0.0299  0.0299
  0.0301  0.0300  0.0300  0.0301  0.0300  0.0300  0.0300  0.0301  0.0300  0.0300  0.0300  0.0300
  0.0305  0.0303  0.0302  0.0305  0.0302  0.0303  0.0304  0.0307  0.0303  0.0303  0.0302  0.0301
  0.0312  0.0307  0.0305  0.0311  0.0306  0.0307  0.0310  0.0317  0.0306  0.0308  0.0304  0.0303
niter,ni,del,rscale     3    3    5.0000    0.6000
parameters
   -6.3756  -15.2988   13.2395  -11.7995  -15.5541  -10.7785
   -3.3069   -6.1969    2.8792    3.1579   10.2431   -4.6201
eta,q 0.97006  6.31732
  0.0308  0.0305  0.0303  0.0308  0.0304  0.0305  0.0307  0.0312  0.0305  0.0306  0.0303  0.0302
  0.0303  0.0302  0.0301  0.0304  0.0302  0.0302  0.0303  0.0305  0.0302  0.0302  0.0301  0.0301
  0.0300  0.0300  0.0300  0.0300  0.0300  0.0300  0.0300  0.0301  0.0300  0.0300  0.0300  0.0300
  0.0299  0.0299  0.0299  0.0299  0.0299  0.0299  0.0299  0.0299  0.0299  0.0299  0.0299  0.0299
  0.0300  0.0300  0.0300  0.0300  0.0300  0.0300  0.0300  0.0301  0.0300  0.0300  0.0300  0.0300
  0.0303  0.0302  0.0301  0.0303  0.0301  0.0302  0.0303  0.0305  0.0302  0.0302  0.0301  0.0301
  0.0308  0.0305  0.0303  0.0308  0.0304  0.0305  0.0307  0.0312  0.0305  0.0305  0.0303  0.0302
niter,ni,del,rscale     2    3    5.0000    0.5000
parameters
   -6.3725  -15.2991   13.2397  -11.7927  -15.5482  -10.7519
   -3.3085   -6.1958    2.8916    3.1913   10.2305   -4.6402
eta,q 0.97006  6.31857
  0.0306  0.0303  0.0302  0.0306  0.0303  0.0303  0.0305  0.0308  0.0303  0.0304  0.0302  0.0301
  0.0302  0.0301  0.0301  0.0302  0.0301  0.0301  0.0302  0.0303  0.0301  0.0301  0.0300  0.0300
  0.0300  0.0300  0.0300  0.0300  0.0300  0.0300  0.0300  0.0300  0.0300  0.0300  0.0300  0.0300
  0.0299  0.0299  0.0299  0.0299  0.0299  0.0299  0.0299  0.0299  0.0299  0.0299  0.0299  0.0299
  0.0300  0.0300  0.0300  0.0300  0.0300  0.0300  0.0300  0.0300  0.0300  0.0300  0.0300  0.0300
  0.0302  0.0301  0.0301  0.0302  0.0301  0.0301  0.0302  0.0303  0.0301  0.0301  0.0301  0.0300
  0.0306  0.0303  0.0302  0.0306  0.0303  0.0303  0.0305  0.0308  0.0303  0.0304  0.0302  0.0301
niter,ni,del,rscale     1    3    5.0000    0.4000
parameters
   -6.3741  -15.2916   13.2263  -11.7882  -15.5462  -10.7422
   -3.3149   -6.1955    2.8928    3.2243   10.2009   -4.6620
eta,q 0.97006  6.31915
  0.0303  0.0302  0.0301  0.0303  0.0301  0.0302  0.0303  0.0305  0.0302  0.0302  0.0301  0.0301
  0.0301  0.0301  0.0300  0.0301  0.0300  0.0301  0.0301  0.0302  0.0300  0.0301  0.0300  0.0300
  0.0300  0.0300  0.0300  0.0300  0.0300  0.0300  0.0300  0.0300  0.0300  0.0300  0.0299  0.0299
  0.0299  0.0299  0.0299  0.0299  0.0299  0.0299  0.0299  0.0299  0.0299  0.0299  0.0299  0.0299
  0.0300  0.0300  0.0300  0.0300  0.0300  0.0300  0.0300  0.0300  0.0300  0.0300  0.0300  0.0300
  0.0301  0.0300  0.0300  0.0301  0.0300  0.0300  0.0301  0.0302  0.0300  0.0301  0.0300  0.0300
  0.0303  0.0302  0.0301  0.0303  0.0301  0.0302  0.0303  0.0305  0.0302  0.0302  0.0301  0.0301
registration optimization eta report
parameter search radius
    0.8000    0.8000    0.8000    2.4000    2.4000    2.4000
    2.4000    2.4000    2.4000    2.4000    2.4000    2.4000
100000*second partial in parameter space
       63.       39.       26.        7.        4.        4.
        6.       10.        4.        5.        3.        2.
  0.0303  0.0302  0.0301  0.0303  0.0301  0.0302  0.0303  0.0305  0.0302  0.0302  0.0301  0.0301
  0.0301  0.0301  0.0300  0.0301  0.0300  0.0301  0.0301  0.0302  0.0300  0.0301  0.0300  0.0300
  0.0300  0.0300  0.0300  0.0300  0.0300  0.0300  0.0300  0.0300  0.0300  0.0300  0.0299  0.0299
  0.0299  0.0299  0.0299  0.0299  0.0299  0.0299  0.0299  0.0299  0.0299  0.0299  0.0299  0.0299
  0.0300  0.0300  0.0300  0.0300  0.0300  0.0300  0.0300  0.0300  0.0300  0.0300  0.0300  0.0300
  0.0301  0.0300  0.0300  0.0301  0.0300  0.0300  0.0301  0.0302  0.0300  0.0301  0.0300  0.0300
  0.0303  0.0302  0.0301  0.0303  0.0301  0.0302  0.0303  0.0305  0.0302  0.0302  0.0301  0.0301
   -6.3741  -15.2916   13.2263  -11.7882  -15.5462  -10.7422
   -3.3149   -6.1955    2.8928    3.2243   10.2009   -4.6620
eta,q 0.97006  6.31915

---------------------------------------------------------------------
compute_vox2vox talsrcimg talsrcimg_to_711-2C_as_mni_average_305_t4 /opt/freesurfer/average/711-2C_as_mni_average_305
---------------------------------------------------------------------

freesurfer compute_vox2vox.c
Reading: talsrcimg.4dfp.ifh
Reading: talsrcimg_to_711-2C_as_mni_average_305_t4
Reading: /opt/freesurfer/average/711-2C_as_mni_average_305.4dfp.ifh
Writing: talsrcimg_to_711-2C_as_mni_average_305_t4_vox2vox.txt

start time Thu Mar 12 21:33:24 CET 2026
end		time Thu Mar 12 21:34:51 CET 2026

mpr2mni305 success

avi2talxfm orig_nu.mgz /opt/freesurfer/average/mni305.cor.mgz talsrcimg_to_711-2C_as_mni_average_305_t4_vox2vox.txt transforms/talairach.auto.xfm
avi2talxfm done
mv -f /out/sourcedata/freesurfer/sub-v2s2x29066_ses-1/mri/talsrcimg_to_711-2C_as_mni_average_305_t4_vox2vox.txt /out/sourcedata/freesurfer/sub-v2s2x29066_ses-1/mri/transforms/talsrcimg_to_711-2C_as_mni_average_305_t4_vox2vox.txt
lta_convert --src orig_nu.mgz --trg /opt/freesurfer/average/mni305.cor.mgz --inxfm transforms/talairach.auto.xfm --outlta transforms/talairach.auto.xfm.lta --subject fsaverage
7.3.2

--src: orig_nu.mgz src image (geometry).
--trg: /opt/freesurfer/average/mni305.cor.mgz trg image (geometry).
--inmni: transforms/talairach.auto.xfm input MNI/XFM transform.
--outlta: transforms/talairach.auto.xfm.lta output LTA.
--s: fsaverage subject name
 LTA read, type : 1
 1.12323   0.07622   0.04829  -0.30339;
-0.13012   1.10929   0.05613   10.57716;
-0.03351  -0.04496   1.18028  -2.18538;
 0.00000   0.00000   0.00000   1.00000;
setting subject to fsaverage
Writing  LTA to file transforms/talairach.auto.xfm.lta...
lta_convert successful.
 
 
Started at Thu Mar 12 21:33:24 CET 2026
Ended   at Thu Mar 12 21:34:51 CET 2026
talairach_avi done
