status file for recon-all
Thu Mar 12 23:06:15 CET 2026
#@# Tessellate lh Thu Mar 12 23:06:15 CET 2026
#@# Smooth1 lh Thu Mar 12 23:06:20 CET 2026
#@# Inflation1 lh Thu Mar 12 23:06:24 CET 2026
#@# QSphere lh Thu Mar 12 23:07:56 CET 2026
#@# Fix Topology lh Thu Mar 12 23:09:50 CET 2026
#@# Smooth2 lh Thu Mar 12 23:17:34 CET 2026
#@# Inflation2 lh Thu Mar 12 23:17:39 CET 2026
#@# Curv .H and .K lh Thu Mar 12 23:18:15 CET 2026
#@# Sphere lh Thu Mar 12 23:19:25 CET 2026
#@# Surf Reg lh Thu Mar 12 23:23:22 CET 2026
#@# Jacobian white lh Thu Mar 12 23:30:07 CET 2026
#@# AvgCurv lh Thu Mar 12 23:30:08 CET 2026
#@# Cortical Parc lh Thu Mar 12 23:30:10 CET 2026
#@# white curv lh Thu Mar 12 23:40:24 CET 2026
#@# white area lh Thu Mar 12 23:40:26 CET 2026
#@# pial curv lh Thu Mar 12 23:40:27 CET 2026
#@# pial area lh Thu Mar 12 23:40:30 CET 2026
#@# thickness lh Thu Mar 12 23:40:31 CET 2026
#@# area and vertex vol lh Thu Mar 12 23:41:15 CET 2026
#@# Curvature Stats lh Thu Mar 12 23:41:17 CET 2026
#@# Cortical Parc 2 lh Thu Mar 12 23:41:21 CET 2026
#@# Cortical Parc 3 lh Thu Mar 12 23:41:41 CET 2026
#@# WM/GM Contrast lh Thu Mar 12 23:41:56 CET 2026
recon-all -s sub-v2s2x29063_ses-1 finished without error at Thu Mar 12 23:42:02 CET 2026



#New# invocation of recon-all 



status file for recon-all
Fri Mar 13 00:26:29 CET 2026
#@# white curv lh Fri Mar 13 00:26:30 CET 2026
#@# white area lh Fri Mar 13 00:26:30 CET 2026
#@# pial curv lh Fri Mar 13 00:26:30 CET 2026
#@# pial area lh Fri Mar 13 00:26:30 CET 2026
#@# thickness lh Fri Mar 13 00:26:30 CET 2026
#@# area and vertex vol lh Fri Mar 13 00:26:30 CET 2026
#@# Parcellation Stats lh Fri Mar 13 00:26:30 CET 2026
#@# Parcellation Stats 2 lh Fri Mar 13 00:27:05 CET 2026
#@# Parcellation Stats 3 lh Fri Mar 13 00:27:23 CET 2026
#@# BA_exvivo Labels lh Fri Mar 13 00:27:41 CET 2026
recon-all -s sub-v2s2x29063_ses-1 finished without error at Fri Mar 13 00:31:31 CET 2026
