status file for recon-all
Thu Mar 12 21:10:44 CET 2026
#@# MotionCor Thu Mar 12 21:10:46 CET 2026
#@# Talairach Thu Mar 12 21:10:57 CET 2026
#@# Talairach Failure Detection Thu Mar 12 21:15:23 CET 2026
#@# Nu Intensity Correction Thu Mar 12 21:15:23 CET 2026
#@# Intensity Normalization Thu Mar 12 21:18:38 CET 2026
recon-all -s sub-v2s2x29063_ses-1 finished without error at Thu Mar 12 21:20:09 CET 2026



#New# invocation of recon-all 



status file for recon-all
Thu Mar 12 21:28:16 CET 2026
#@# EM Registration Thu Mar 12 21:28:16 CET 2026
recon-all -s sub-v2s2x29063_ses-1 finished without error at Thu Mar 12 21:30:00 CET 2026



#New# invocation of recon-all 



status file for recon-all
Thu Mar 12 21:30:04 CET 2026
#@# CA Normalize Thu Mar 12 21:30:04 CET 2026
#@# CA Reg Thu Mar 12 21:31:21 CET 2026
#@# SubCort Seg Thu Mar 12 22:23:20 CET 2026
#@# CC Seg Thu Mar 12 22:59:50 CET 2026
#@# Merge ASeg Thu Mar 12 23:00:33 CET 2026
#@# Intensity Normalization2 Thu Mar 12 23:00:33 CET 2026
#@# Mask BFS Thu Mar 12 23:02:47 CET 2026
#@# WM Segmentation Thu Mar 12 23:02:47 CET 2026
#@# Fill Thu Mar 12 23:05:01 CET 2026
recon-all -s sub-v2s2x29063_ses-1 finished without error at Thu Mar 12 23:06:11 CET 2026



#New# invocation of recon-all 



status file for recon-all
Fri Mar 13 00:18:35 CET 2026
#@# white curv lh Fri Mar 13 00:18:35 CET 2026
#@# white area lh Fri Mar 13 00:18:35 CET 2026
#@# pial curv lh Fri Mar 13 00:18:35 CET 2026
#@# pial area lh Fri Mar 13 00:18:35 CET 2026
#@# thickness lh Fri Mar 13 00:18:35 CET 2026
#@# area and vertex vol lh Fri Mar 13 00:18:35 CET 2026
#@# white curv rh Fri Mar 13 00:18:35 CET 2026
#@# white area rh Fri Mar 13 00:18:35 CET 2026
#@# pial curv rh Fri Mar 13 00:18:35 CET 2026
#@# pial area rh Fri Mar 13 00:18:35 CET 2026
#@# thickness rh Fri Mar 13 00:18:35 CET 2026
#@# area and vertex vol rh Fri Mar 13 00:18:35 CET 2026
#@# Cortical ribbon mask Fri Mar 13 00:18:35 CET 2026
recon-all -s sub-v2s2x29063_ses-1 finished without error at Fri Mar 13 00:26:25 CET 2026



#New# invocation of recon-all 



status file for recon-all
Fri Mar 13 00:36:37 CET 2026
#@# white curv lh Fri Mar 13 00:36:37 CET 2026
#@# white area lh Fri Mar 13 00:36:37 CET 2026
#@# pial curv lh Fri Mar 13 00:36:37 CET 2026
#@# pial area lh Fri Mar 13 00:36:37 CET 2026
#@# thickness lh Fri Mar 13 00:36:37 CET 2026
#@# area and vertex vol lh Fri Mar 13 00:36:37 CET 2026
#@# white curv rh Fri Mar 13 00:36:38 CET 2026
#@# white area rh Fri Mar 13 00:36:38 CET 2026
#@# pial curv rh Fri Mar 13 00:36:38 CET 2026
#@# pial area rh Fri Mar 13 00:36:38 CET 2026
#@# thickness rh Fri Mar 13 00:36:38 CET 2026
#@# area and vertex vol rh Fri Mar 13 00:36:38 CET 2026
#@# Curvature Stats lh Fri Mar 13 00:36:38 CET 2026
#@# Curvature Stats rh Fri Mar 13 00:36:42 CET 2026
#@# Relabel Hypointensities Fri Mar 13 00:36:45 CET 2026
#@# APas-to-ASeg Fri Mar 13 00:37:06 CET 2026
#@# AParc-to-ASeg aparc Fri Mar 13 00:37:19 CET 2026
#@# AParc-to-ASeg aparc.a2009s Fri Mar 13 00:38:31 CET 2026
#@# AParc-to-ASeg aparc.DKTatlas Fri Mar 13 00:39:51 CET 2026
#@# WMParc Fri Mar 13 00:41:14 CET 2026
#@# ASeg Stats Fri Mar 13 00:45:41 CET 2026
recon-all -s sub-v2s2x29063_ses-1 finished without error at Fri Mar 13 00:46:25 CET 2026
