status file for recon-all
Thu Mar 12 23:42:03 CET 2026
#@# Tessellate rh Thu Mar 12 23:42:03 CET 2026
#@# Smooth1 rh Thu Mar 12 23:42:07 CET 2026
#@# Inflation1 rh Thu Mar 12 23:42:11 CET 2026
#@# QSphere rh Thu Mar 12 23:43:40 CET 2026
#@# Fix Topology rh Thu Mar 12 23:45:31 CET 2026
#@# Smooth2 rh Thu Mar 12 23:53:33 CET 2026
#@# Inflation2 rh Thu Mar 12 23:53:37 CET 2026
#@# Curv .H and .K rh Thu Mar 12 23:54:13 CET 2026
#@# Sphere rh Thu Mar 12 23:55:22 CET 2026
#@# Surf Reg rh Fri Mar 13 00:00:06 CET 2026
#@# Jacobian white rh Fri Mar 13 00:06:43 CET 2026
#@# AvgCurv rh Fri Mar 13 00:06:45 CET 2026
#@# Cortical Parc rh Fri Mar 13 00:06:46 CET 2026
#@# white curv rh Fri Mar 13 00:16:46 CET 2026
#@# white area rh Fri Mar 13 00:16:49 CET 2026
#@# pial curv rh Fri Mar 13 00:16:50 CET 2026
#@# pial area rh Fri Mar 13 00:16:53 CET 2026
#@# thickness rh Fri Mar 13 00:16:54 CET 2026
#@# area and vertex vol rh Fri Mar 13 00:17:42 CET 2026
#@# Curvature Stats rh Fri Mar 13 00:17:44 CET 2026
#@# Cortical Parc 2 rh Fri Mar 13 00:17:48 CET 2026
#@# Cortical Parc 3 rh Fri Mar 13 00:18:08 CET 2026
#@# WM/GM Contrast rh Fri Mar 13 00:18:23 CET 2026
recon-all -s sub-v2s2x29063_ses-1 finished without error at Fri Mar 13 00:18:29 CET 2026



#New# invocation of recon-all 



status file for recon-all
Fri Mar 13 00:31:33 CET 2026
#@# white curv rh Fri Mar 13 00:31:33 CET 2026
#@# white area rh Fri Mar 13 00:31:33 CET 2026
#@# pial curv rh Fri Mar 13 00:31:33 CET 2026
#@# pial area rh Fri Mar 13 00:31:33 CET 2026
#@# thickness rh Fri Mar 13 00:31:33 CET 2026
#@# area and vertex vol rh Fri Mar 13 00:31:33 CET 2026
#@# Parcellation Stats rh Fri Mar 13 00:31:33 CET 2026
#@# Parcellation Stats 2 rh Fri Mar 13 00:32:09 CET 2026
#@# Parcellation Stats 3 rh Fri Mar 13 00:32:28 CET 2026
#@# BA_exvivo Labels rh Fri Mar 13 00:32:46 CET 2026
recon-all -s sub-v2s2x29063_ses-1 finished without error at Fri Mar 13 00:36:33 CET 2026
