status file for recon-all
Thu Mar 12 22:50:55 CET 2026
#@# MotionCor Thu Mar 12 22:50:57 CET 2026
#@# Talairach Thu Mar 12 22:51:02 CET 2026
#@# Talairach Failure Detection Thu Mar 12 22:53:52 CET 2026
#@# Nu Intensity Correction Thu Mar 12 22:53:52 CET 2026
#@# Intensity Normalization Thu Mar 12 22:56:37 CET 2026
recon-all -s sub-v2s2x29089_ses-1 finished without error at Thu Mar 12 22:57:44 CET 2026



#New# invocation of recon-all 



status file for recon-all
Thu Mar 12 23:03:54 CET 2026
#@# EM Registration Thu Mar 12 23:03:54 CET 2026
recon-all -s sub-v2s2x29089_ses-1 finished without error at Thu Mar 12 23:04:59 CET 2026



#New# invocation of recon-all 



status file for recon-all
Thu Mar 12 23:05:03 CET 2026
#@# CA Normalize Thu Mar 12 23:05:03 CET 2026
#@# CA Reg Thu Mar 12 23:05:53 CET 2026
#@# SubCort Seg Thu Mar 12 23:40:42 CET 2026
#@# CC Seg Fri Mar 13 00:04:02 CET 2026
#@# Merge ASeg Fri Mar 13 00:04:18 CET 2026
#@# Intensity Normalization2 Fri Mar 13 00:04:18 CET 2026
#@# Mask BFS Fri Mar 13 00:05:52 CET 2026
#@# WM Segmentation Fri Mar 13 00:05:53 CET 2026
#@# Fill Fri Mar 13 00:07:31 CET 2026
recon-all -s sub-v2s2x29089_ses-1 finished without error at Fri Mar 13 00:08:10 CET 2026



#New# invocation of recon-all 



status file for recon-all
Fri Mar 13 00:48:25 CET 2026
#@# white curv lh Fri Mar 13 00:48:25 CET 2026
#@# white area lh Fri Mar 13 00:48:25 CET 2026
#@# pial curv lh Fri Mar 13 00:48:25 CET 2026
#@# pial area lh Fri Mar 13 00:48:25 CET 2026
#@# thickness lh Fri Mar 13 00:48:25 CET 2026
#@# area and vertex vol lh Fri Mar 13 00:48:25 CET 2026
#@# white curv rh Fri Mar 13 00:48:25 CET 2026
#@# white area rh Fri Mar 13 00:48:25 CET 2026
#@# pial curv rh Fri Mar 13 00:48:25 CET 2026
#@# pial area rh Fri Mar 13 00:48:25 CET 2026
#@# thickness rh Fri Mar 13 00:48:25 CET 2026
#@# area and vertex vol rh Fri Mar 13 00:48:25 CET 2026
#@# Cortical ribbon mask Fri Mar 13 00:48:25 CET 2026
recon-all -s sub-v2s2x29089_ses-1 finished without error at Fri Mar 13 00:52:55 CET 2026



#New# invocation of recon-all 



status file for recon-all
Fri Mar 13 00:58:54 CET 2026
#@# white curv lh Fri Mar 13 00:58:54 CET 2026
#@# white area lh Fri Mar 13 00:58:54 CET 2026
#@# pial curv lh Fri Mar 13 00:58:54 CET 2026
#@# pial area lh Fri Mar 13 00:58:54 CET 2026
#@# thickness lh Fri Mar 13 00:58:54 CET 2026
#@# area and vertex vol lh Fri Mar 13 00:58:54 CET 2026
#@# white curv rh Fri Mar 13 00:58:54 CET 2026
#@# white area rh Fri Mar 13 00:58:54 CET 2026
#@# pial curv rh Fri Mar 13 00:58:54 CET 2026
#@# pial area rh Fri Mar 13 00:58:54 CET 2026
#@# thickness rh Fri Mar 13 00:58:54 CET 2026
#@# area and vertex vol rh Fri Mar 13 00:58:54 CET 2026
#@# Curvature Stats lh Fri Mar 13 00:58:54 CET 2026
#@# Curvature Stats rh Fri Mar 13 00:58:56 CET 2026
#@# Relabel Hypointensities Fri Mar 13 00:58:58 CET 2026
#@# APas-to-ASeg Fri Mar 13 00:59:11 CET 2026
#@# AParc-to-ASeg aparc Fri Mar 13 00:59:18 CET 2026
#@# AParc-to-ASeg aparc.a2009s Fri Mar 13 00:59:41 CET 2026
#@# AParc-to-ASeg aparc.DKTatlas Fri Mar 13 01:00:07 CET 2026
#@# WMParc Fri Mar 13 01:00:32 CET 2026
#@# ASeg Stats Fri Mar 13 01:02:31 CET 2026
recon-all -s sub-v2s2x29089_ses-1 finished without error at Fri Mar 13 01:02:49 CET 2026
