status file for recon-all
Fri Mar 13 00:26:53 CET 2026
#@# Tessellate rh Fri Mar 13 00:26:53 CET 2026
#@# Smooth1 rh Fri Mar 13 00:26:55 CET 2026
#@# Inflation1 rh Fri Mar 13 00:26:58 CET 2026
#@# QSphere rh Fri Mar 13 00:27:46 CET 2026
#@# Fix Topology rh Fri Mar 13 00:28:37 CET 2026
#@# Smooth2 rh Fri Mar 13 00:33:20 CET 2026
#@# Inflation2 rh Fri Mar 13 00:33:22 CET 2026
#@# Curv .H and .K rh Fri Mar 13 00:33:37 CET 2026
#@# Sphere rh Fri Mar 13 00:34:24 CET 2026
#@# Surf Reg rh Fri Mar 13 00:36:09 CET 2026
#@# Jacobian white rh Fri Mar 13 00:40:57 CET 2026
#@# AvgCurv rh Fri Mar 13 00:40:57 CET 2026
#@# Cortical Parc rh Fri Mar 13 00:40:58 CET 2026
#@# white curv rh Fri Mar 13 00:47:21 CET 2026
#@# white area rh Fri Mar 13 00:47:23 CET 2026
#@# pial curv rh Fri Mar 13 00:47:24 CET 2026
#@# pial area rh Fri Mar 13 00:47:25 CET 2026
#@# thickness rh Fri Mar 13 00:47:26 CET 2026
#@# area and vertex vol rh Fri Mar 13 00:47:53 CET 2026
#@# Curvature Stats rh Fri Mar 13 00:47:54 CET 2026
#@# Cortical Parc 2 rh Fri Mar 13 00:47:57 CET 2026
#@# Cortical Parc 3 rh Fri Mar 13 00:48:09 CET 2026
#@# WM/GM Contrast rh Fri Mar 13 00:48:18 CET 2026
recon-all -s sub-v2s2x29089_ses-1 finished without error at Fri Mar 13 00:48:20 CET 2026



#New# invocation of recon-all 



status file for recon-all
Fri Mar 13 00:55:54 CET 2026
#@# white curv rh Fri Mar 13 00:55:54 CET 2026
#@# white area rh Fri Mar 13 00:55:54 CET 2026
#@# pial curv rh Fri Mar 13 00:55:54 CET 2026
#@# pial area rh Fri Mar 13 00:55:54 CET 2026
#@# thickness rh Fri Mar 13 00:55:54 CET 2026
#@# area and vertex vol rh Fri Mar 13 00:55:54 CET 2026
#@# Parcellation Stats rh Fri Mar 13 00:55:54 CET 2026
#@# Parcellation Stats 2 rh Fri Mar 13 00:56:15 CET 2026
#@# Parcellation Stats 3 rh Fri Mar 13 00:56:26 CET 2026
#@# BA_exvivo Labels rh Fri Mar 13 00:56:36 CET 2026
recon-all -s sub-v2s2x29089_ses-1 finished without error at Fri Mar 13 00:58:49 CET 2026
