status file for recon-all
Fri Mar 13 00:08:14 CET 2026
#@# Tessellate lh Fri Mar 13 00:08:14 CET 2026
#@# Smooth1 lh Fri Mar 13 00:08:16 CET 2026
#@# Inflation1 lh Fri Mar 13 00:08:18 CET 2026
#@# QSphere lh Fri Mar 13 00:09:03 CET 2026
#@# Fix Topology lh Fri Mar 13 00:09:58 CET 2026
#@# Smooth2 lh Fri Mar 13 00:14:43 CET 2026
#@# Inflation2 lh Fri Mar 13 00:14:46 CET 2026
#@# Curv .H and .K lh Fri Mar 13 00:15:00 CET 2026
#@# Sphere lh Fri Mar 13 00:15:46 CET 2026
#@# Surf Reg lh Fri Mar 13 00:16:56 CET 2026
#@# Jacobian white lh Fri Mar 13 00:19:52 CET 2026
#@# AvgCurv lh Fri Mar 13 00:19:53 CET 2026
#@# Cortical Parc lh Fri Mar 13 00:19:54 CET 2026
#@# white curv lh Fri Mar 13 00:25:55 CET 2026
#@# white area lh Fri Mar 13 00:25:57 CET 2026
#@# pial curv lh Fri Mar 13 00:25:58 CET 2026
#@# pial area lh Fri Mar 13 00:25:59 CET 2026
#@# thickness lh Fri Mar 13 00:26:00 CET 2026
#@# area and vertex vol lh Fri Mar 13 00:26:24 CET 2026
#@# Curvature Stats lh Fri Mar 13 00:26:26 CET 2026
#@# Cortical Parc 2 lh Fri Mar 13 00:26:28 CET 2026
#@# Cortical Parc 3 lh Fri Mar 13 00:26:39 CET 2026
#@# WM/GM Contrast lh Fri Mar 13 00:26:48 CET 2026
recon-all -s sub-v2s2x29089_ses-1 finished without error at Fri Mar 13 00:26:50 CET 2026



#New# invocation of recon-all 



status file for recon-all
Fri Mar 13 00:52:58 CET 2026
#@# white curv lh Fri Mar 13 00:52:58 CET 2026
#@# white area lh Fri Mar 13 00:52:58 CET 2026
#@# pial curv lh Fri Mar 13 00:52:58 CET 2026
#@# pial area lh Fri Mar 13 00:52:58 CET 2026
#@# thickness lh Fri Mar 13 00:52:58 CET 2026
#@# area and vertex vol lh Fri Mar 13 00:52:58 CET 2026
#@# Parcellation Stats lh Fri Mar 13 00:52:58 CET 2026
#@# Parcellation Stats 2 lh Fri Mar 13 00:53:18 CET 2026
#@# Parcellation Stats 3 lh Fri Mar 13 00:53:29 CET 2026
#@# BA_exvivo Labels lh Fri Mar 13 00:53:39 CET 2026
recon-all -s sub-v2s2x29089_ses-1 finished without error at Fri Mar 13 00:55:52 CET 2026
