status file for recon-all
Fri Mar 13 00:22:32 CET 2026
#@# Tessellate rh Fri Mar 13 00:22:32 CET 2026
#@# Smooth1 rh Fri Mar 13 00:22:36 CET 2026
#@# Inflation1 rh Fri Mar 13 00:22:40 CET 2026
#@# QSphere rh Fri Mar 13 00:24:08 CET 2026
#@# Fix Topology rh Fri Mar 13 00:25:46 CET 2026
#@# Smooth2 rh Fri Mar 13 00:34:22 CET 2026
#@# Inflation2 rh Fri Mar 13 00:34:27 CET 2026
#@# Curv .H and .K rh Fri Mar 13 00:34:58 CET 2026
#@# Sphere rh Fri Mar 13 00:36:10 CET 2026
#@# Surf Reg rh Fri Mar 13 00:41:31 CET 2026
#@# Jacobian white rh Fri Mar 13 00:48:10 CET 2026
#@# AvgCurv rh Fri Mar 13 00:48:11 CET 2026
#@# Cortical Parc rh Fri Mar 13 00:48:12 CET 2026
#@# white curv rh Fri Mar 13 00:58:27 CET 2026
#@# white area rh Fri Mar 13 00:58:30 CET 2026
#@# pial curv rh Fri Mar 13 00:58:31 CET 2026
#@# pial area rh Fri Mar 13 00:58:33 CET 2026
#@# thickness rh Fri Mar 13 00:58:34 CET 2026
#@# area and vertex vol rh Fri Mar 13 00:59:20 CET 2026
#@# Curvature Stats rh Fri Mar 13 00:59:23 CET 2026
#@# Cortical Parc 2 rh Fri Mar 13 00:59:26 CET 2026
#@# Cortical Parc 3 rh Fri Mar 13 00:59:46 CET 2026
#@# WM/GM Contrast rh Fri Mar 13 01:00:01 CET 2026
recon-all -s sub-v2s2x29070_ses-1 finished without error at Fri Mar 13 01:00:07 CET 2026



#New# invocation of recon-all 



status file for recon-all
Fri Mar 13 01:18:24 CET 2026
#@# white curv rh Fri Mar 13 01:18:24 CET 2026
#@# white area rh Fri Mar 13 01:18:24 CET 2026
#@# pial curv rh Fri Mar 13 01:18:24 CET 2026
#@# pial area rh Fri Mar 13 01:18:24 CET 2026
#@# thickness rh Fri Mar 13 01:18:24 CET 2026
#@# area and vertex vol rh Fri Mar 13 01:18:24 CET 2026
#@# Parcellation Stats rh Fri Mar 13 01:18:24 CET 2026
#@# Parcellation Stats 2 rh Fri Mar 13 01:19:02 CET 2026
#@# Parcellation Stats 3 rh Fri Mar 13 01:19:21 CET 2026
#@# BA_exvivo Labels rh Fri Mar 13 01:19:41 CET 2026
recon-all -s sub-v2s2x29070_ses-1 finished without error at Fri Mar 13 01:23:28 CET 2026
