status file for recon-all
Thu Mar 12 21:52:00 CET 2026
#@# MotionCor Thu Mar 12 21:52:02 CET 2026
#@# Talairach Thu Mar 12 21:52:12 CET 2026
#@# Talairach Failure Detection Thu Mar 12 21:56:34 CET 2026
#@# Nu Intensity Correction Thu Mar 12 21:56:34 CET 2026
#@# Intensity Normalization Thu Mar 12 21:59:51 CET 2026
recon-all -s sub-v2s2x29070_ses-1 finished without error at Thu Mar 12 22:01:29 CET 2026



#New# invocation of recon-all 



status file for recon-all
Thu Mar 12 22:09:26 CET 2026
#@# EM Registration Thu Mar 12 22:09:26 CET 2026
recon-all -s sub-v2s2x29070_ses-1 finished without error at Thu Mar 12 22:11:28 CET 2026



#New# invocation of recon-all 



status file for recon-all
Thu Mar 12 22:11:33 CET 2026
#@# CA Normalize Thu Mar 12 22:11:33 CET 2026
#@# CA Reg Thu Mar 12 22:12:51 CET 2026
#@# SubCort Seg Thu Mar 12 22:59:18 CET 2026
#@# CC Seg Thu Mar 12 23:37:40 CET 2026
#@# Merge ASeg Thu Mar 12 23:38:17 CET 2026
#@# Intensity Normalization2 Thu Mar 12 23:38:17 CET 2026
#@# Mask BFS Thu Mar 12 23:40:44 CET 2026
#@# WM Segmentation Thu Mar 12 23:40:45 CET 2026
#@# Fill Thu Mar 12 23:43:02 CET 2026
recon-all -s sub-v2s2x29070_ses-1 finished without error at Thu Mar 12 23:44:04 CET 2026



#New# invocation of recon-all 



status file for recon-all
Fri Mar 13 01:00:12 CET 2026
#@# white curv lh Fri Mar 13 01:00:12 CET 2026
#@# white area lh Fri Mar 13 01:00:12 CET 2026
#@# pial curv lh Fri Mar 13 01:00:12 CET 2026
#@# pial area lh Fri Mar 13 01:00:12 CET 2026
#@# thickness lh Fri Mar 13 01:00:12 CET 2026
#@# area and vertex vol lh Fri Mar 13 01:00:12 CET 2026
#@# white curv rh Fri Mar 13 01:00:12 CET 2026
#@# white area rh Fri Mar 13 01:00:12 CET 2026
#@# pial curv rh Fri Mar 13 01:00:12 CET 2026
#@# pial area rh Fri Mar 13 01:00:12 CET 2026
#@# thickness rh Fri Mar 13 01:00:12 CET 2026
#@# area and vertex vol rh Fri Mar 13 01:00:12 CET 2026
#@# Cortical ribbon mask Fri Mar 13 01:00:12 CET 2026
recon-all -s sub-v2s2x29070_ses-1 finished without error at Fri Mar 13 01:13:32 CET 2026



#New# invocation of recon-all 



status file for recon-all
Fri Mar 13 01:23:33 CET 2026
#@# white curv lh Fri Mar 13 01:23:33 CET 2026
#@# white area lh Fri Mar 13 01:23:34 CET 2026
#@# pial curv lh Fri Mar 13 01:23:34 CET 2026
#@# pial area lh Fri Mar 13 01:23:34 CET 2026
#@# thickness lh Fri Mar 13 01:23:34 CET 2026
#@# area and vertex vol lh Fri Mar 13 01:23:34 CET 2026
#@# white curv rh Fri Mar 13 01:23:34 CET 2026
#@# white area rh Fri Mar 13 01:23:34 CET 2026
#@# pial curv rh Fri Mar 13 01:23:34 CET 2026
#@# pial area rh Fri Mar 13 01:23:34 CET 2026
#@# thickness rh Fri Mar 13 01:23:34 CET 2026
#@# area and vertex vol rh Fri Mar 13 01:23:34 CET 2026
#@# Curvature Stats lh Fri Mar 13 01:23:34 CET 2026
#@# Curvature Stats rh Fri Mar 13 01:23:37 CET 2026
#@# Relabel Hypointensities Fri Mar 13 01:23:41 CET 2026
#@# APas-to-ASeg Fri Mar 13 01:24:02 CET 2026
#@# AParc-to-ASeg aparc Fri Mar 13 01:24:14 CET 2026
#@# AParc-to-ASeg aparc.a2009s Fri Mar 13 01:25:17 CET 2026
#@# AParc-to-ASeg aparc.DKTatlas Fri Mar 13 01:26:15 CET 2026
#@# WMParc Fri Mar 13 01:27:15 CET 2026
#@# ASeg Stats Fri Mar 13 01:31:11 CET 2026
recon-all -s sub-v2s2x29070_ses-1 finished without error at Fri Mar 13 01:31:53 CET 2026
