status file for recon-all
Thu Mar 12 23:44:07 CET 2026
#@# Tessellate lh Thu Mar 12 23:44:07 CET 2026
#@# Smooth1 lh Thu Mar 12 23:44:12 CET 2026
#@# Inflation1 lh Thu Mar 12 23:44:16 CET 2026
#@# QSphere lh Thu Mar 12 23:45:50 CET 2026
#@# Fix Topology lh Thu Mar 12 23:47:40 CET 2026
#@# Smooth2 lh Thu Mar 12 23:58:34 CET 2026
#@# Inflation2 lh Thu Mar 12 23:58:39 CET 2026
#@# Curv .H and .K lh Thu Mar 12 23:59:10 CET 2026
#@# Sphere lh Fri Mar 13 00:00:21 CET 2026
#@# Surf Reg lh Fri Mar 13 00:03:49 CET 2026
#@# Jacobian white lh Fri Mar 13 00:10:56 CET 2026
#@# AvgCurv lh Fri Mar 13 00:10:57 CET 2026
#@# Cortical Parc lh Fri Mar 13 00:10:58 CET 2026
#@# white curv lh Fri Mar 13 00:20:56 CET 2026
#@# white area lh Fri Mar 13 00:20:58 CET 2026
#@# pial curv lh Fri Mar 13 00:20:59 CET 2026
#@# pial area lh Fri Mar 13 00:21:02 CET 2026
#@# thickness lh Fri Mar 13 00:21:03 CET 2026
#@# area and vertex vol lh Fri Mar 13 00:21:46 CET 2026
#@# Curvature Stats lh Fri Mar 13 00:21:48 CET 2026
#@# Cortical Parc 2 lh Fri Mar 13 00:21:52 CET 2026
#@# Cortical Parc 3 lh Fri Mar 13 00:22:11 CET 2026
#@# WM/GM Contrast lh Fri Mar 13 00:22:25 CET 2026
recon-all -s sub-v2s2x29070_ses-1 finished without error at Fri Mar 13 00:22:30 CET 2026



#New# invocation of recon-all 



status file for recon-all
Fri Mar 13 01:13:38 CET 2026
#@# white curv lh Fri Mar 13 01:13:38 CET 2026
#@# white area lh Fri Mar 13 01:13:38 CET 2026
#@# pial curv lh Fri Mar 13 01:13:38 CET 2026
#@# pial area lh Fri Mar 13 01:13:38 CET 2026
#@# thickness lh Fri Mar 13 01:13:38 CET 2026
#@# area and vertex vol lh Fri Mar 13 01:13:38 CET 2026
#@# Parcellation Stats lh Fri Mar 13 01:13:38 CET 2026
#@# Parcellation Stats 2 lh Fri Mar 13 01:14:13 CET 2026
#@# Parcellation Stats 3 lh Fri Mar 13 01:14:31 CET 2026
#@# BA_exvivo Labels lh Fri Mar 13 01:14:48 CET 2026
recon-all -s sub-v2s2x29070_ses-1 finished without error at Fri Mar 13 01:18:22 CET 2026
