/out/sourcedata/freesurfer/sub-v2s2x29067_ses-1/mri
/opt/freesurfer/bin/talairach_avi
--i orig_nu.mgz --xfm transforms/talairach.auto.xfm
talairach_avi 7.3.2
Linux dna082 5.14.0-427.37.1.el9_4.x86_64 #1 SMP PREEMPT_DYNAMIC Fri Sep 13 12:41:50 EDT 2024 x86_64 x86_64 x86_64 GNU/Linux
Thu Mar 12 21:39:50 CET 2026
mri_convert orig_nu.mgz talsrcimg.img 
reading from orig_nu.mgz...
TR=0.00, TE=0.00, TI=0.00, flip angle=0.00
i_ras = (-1, 0, 0)
j_ras = (0, 0, -1)
k_ras = (0, 1, 0)
writing to talsrcimg.img...
Analyze Output Matrix
-0.89844   0.00000   0.00000   110.83939;
 0.00000   0.00000   0.89844  -121.53890;
 0.00000  -0.89844   0.00000   143.46628;
 0.00000   0.00000   0.00000   1.00000;
--------------------
INFO: set hdr.hist.orient to -1
mpr2mni305 talsrcimg
Thu Mar 12 21:39:50 CET 2026
/opt/freesurfer/bin/mpr2mni305 talsrcimg
mpr2mni305 7.3.2
target=711-2C_as_mni_average_305

---------------------------------------------------------------------
analyzeto4dfp talsrcimg -O0 -y
---------------------------------------------------------------------

freesurfer ifh2hdr.c
Thu Mar 12 21:39:50 2026
Writing: talsrcimg.4dfp.hdr
freesurfer analyzeto4dfp.c
Reading: talsrcimg.hdr
header size 348 bytes
hdr.dime.datatype	offset=70	value=2
hdr.dime.bitpix		offset=72	value=8
hdr.hist.orient		offset=252	value=-1
dimensionality     4
dimensions       256       256       256         1
Reading: talsrcimg.img
Writing: talsrcimg.4dfp.img
Writing: talsrcimg.4dfp.ifh
ifh2hdr talsrcimg -r0to234
ori=2

---------------------------------------------------------------------
gauss_4dfp talsrcimg 1.1
---------------------------------------------------------------------

freesurfer gauss_4dfp.c
Reading: talsrcimg.4dfp.img
Writing: talsrcimg_g11.4dfp.img
image dimensions 256 256 256 padded to 288 288 288
processing volume 1freesurfer ifh2hdr.c
Thu Mar 12 21:39:52 2026
Writing: talsrcimg_g11.4dfp.hdr

Writing: talsrcimg_g11.4dfp.ifh
including: talsrcimg.4dfp.img.rec in talsrcimg_g11.4dfp.img.rec

---------------------------------------------------------------------
imgreg_4dfp /opt/freesurfer/average/711-2C_as_mni_average_305 none talsrcimg_g11 none talsrcimg_to_711-2C_as_mni_average_305_t4 4355
---------------------------------------------------------------------

freesurfer imgreg_4dfp.c
/opt/freesurfer/average/711-2C_as_mni_average_305.4dfp.img
       256       256       256         1
  1.000000  1.000000  1.000000
orientation T byte_order littleendian
Reading image: /opt/freesurfer/average/711-2C_as_mni_average_305.4dfp.img
dimensions:      256       256       256
mmppix:       1.0000   -1.0000   -1.0000
center:     128.0000 -129.0000 -129.0000
talsrcimg_g11.4dfp.img
       256       256       256         1
  0.898437  0.898437  0.898437
orientation T byte_order littleendian
Reading image: talsrcimg_g11.4dfp.img
dimensions:      256       256       256
mmppix:       0.8984   -0.8984   -0.8984
center:     114.9999 -115.8984 -115.8984
t4_read: open error in t4_sub.f l:  41 t4_file(1:l)talsrcimg_to_711-2C_as_mni_average_305_t4 
t4_read: transform initialized to I4
rotation matrix determinant  1.000000
image alignment mode   4355 decimal     1103 hex
   -7.5000  -45.0000  -45.0000 6678.7280   13.2211
    0.0000  -45.0000  -45.0000 6686.0059   13.2284
    7.5000  -45.0000  -45.0000 6289.7227   13.2582
   -7.5000  -37.5000  -45.0000 7068.3257   14.0878
    0.0000  -37.5000  -45.0000 7068.0684   14.0902
    7.5000  -37.5000  -45.0000 6650.1270   14.1217
   -7.5000  -30.0000  -45.0000 7429.3667   14.5274
    0.0000  -30.0000  -45.0000 7435.6548   14.5288
    7.5000  -30.0000  -45.0000 6990.2793   14.5617
   -7.5000  -22.5000  -45.0000 7897.3555   14.4922
    0.0000  -22.5000  -45.0000 7896.3042   14.4979
    7.5000  -22.5000  -45.0000 7441.7905   14.5320
   -7.5000  -15.0000  -45.0000 8336.6650   14.4574
    0.0000  -15.0000  -45.0000 8329.7275   14.4684
    7.5000  -15.0000  -45.0000 7856.8335   14.5035
   -7.5000   -7.5000  -45.0000 8451.1924   14.4564
    0.0000   -7.5000  -45.0000 8454.1465   14.4686
    7.5000   -7.5000  -45.0000 7958.7373   14.5028
   -7.5000    0.0000  -45.0000 8522.1260   14.4937
    0.0000    0.0000  -45.0000 8536.7393   14.5016
    7.5000    0.0000  -45.0000 8025.8945   14.5343
   -7.5000    7.5000  -45.0000 8158.0283   14.5320
    0.0000    7.5000  -45.0000 8159.0908   14.5344
    7.5000    7.5000  -45.0000 7674.7271   14.5669
   -7.5000   15.0000  -45.0000 7871.9487   14.5274
    0.0000   15.0000  -45.0000 7863.6455   14.5288
    7.5000   15.0000  -45.0000 7389.8306   14.5617
   -7.5000   22.5000  -45.0000 7185.2783   14.2973
    0.0000   22.5000  -45.0000 7184.5410   14.3029
    7.5000   22.5000  -45.0000 6748.7690   14.3365
   -7.5000   30.0000  -45.0000 6495.3096   13.8827
    0.0000   30.0000  -45.0000 6487.9878   13.8932
    7.5000   30.0000  -45.0000 6107.0986   13.9269
   -7.5000   37.5000  -45.0000 5858.9673   13.7013
    0.0000   37.5000  -45.0000 5848.1802   13.7143
    7.5000   37.5000  -45.0000 5518.1133   13.7467
   -7.5000   45.0000  -45.0000 5274.7705   13.6714
    0.0000   45.0000  -45.0000 5263.2998   13.6824
    7.5000   45.0000  -45.0000 4958.8057   13.7154
   -7.5000  -45.0000  -37.5000 7282.2637   13.7931
    0.0000  -45.0000  -37.5000 7282.4473   13.7975
    7.5000  -45.0000  -37.5000 6858.1929   13.8222
   -7.5000  -37.5000  -37.5000 7682.4551   14.7011
    0.0000  -37.5000  -37.5000 7681.8525   14.7001
    7.5000  -37.5000  -37.5000 7231.6406   14.7281
   -7.5000  -30.0000  -37.5000 8096.2051   15.1273
    0.0000  -30.0000  -37.5000 8082.9453   15.1251
    7.5000  -30.0000  -37.5000 7612.3428   15.1568
   -7.5000  -22.5000  -37.5000 8612.4756   15.0865
    0.0000  -22.5000  -37.5000 8605.7793   15.0883
    7.5000  -22.5000  -37.5000 8103.2954   15.1218
   -7.5000  -15.0000  -37.5000 9086.0605   15.0527
    0.0000  -15.0000  -37.5000 9088.1094   15.0601
    7.5000  -15.0000  -37.5000 8543.2275   15.0927
   -7.5000   -7.5000  -37.5000 9174.7461   15.0581
    0.0000   -7.5000  -37.5000 9191.3457   15.0672
    7.5000   -7.5000  -37.5000 8639.9287   15.0966
   -7.5000    0.0000  -37.5000 9227.2471   15.1014
    0.0000    0.0000  -37.5000 9238.2383   15.1063
    7.5000    0.0000  -37.5000 8693.4062   15.1332
   -7.5000    7.5000  -37.5000 8793.7002   15.1379
    0.0000    7.5000  -37.5000 8793.6914   15.1369
    7.5000    7.5000  -37.5000 8288.2480   15.1657
   -7.5000   15.0000  -37.5000 8463.9326   15.1266
    0.0000   15.0000  -37.5000 8461.8584   15.1244
    7.5000   15.0000  -37.5000 7976.1235   15.1560
   -7.5000   22.5000  -37.5000 7720.9487   14.8848
    0.0000   22.5000  -37.5000 7715.6084   14.8866
    7.5000   22.5000  -37.5000 7268.2847   14.9196
   -7.5000   30.0000  -37.5000 6965.8081   14.4647
    0.0000   30.0000  -37.5000 6957.0635   14.4717
    7.5000   30.0000  -37.5000 6545.0410   14.5031
   -7.5000   37.5000  -37.5000 6275.3882   14.2835
    0.0000   37.5000  -37.5000 6259.7861   14.2940
    7.5000   37.5000  -37.5000 5893.7451   14.3212
   -7.5000   45.0000  -37.5000 5639.1050   14.2456
    0.0000   45.0000  -37.5000 5626.6226   14.2530
    7.5000   45.0000  -37.5000 5287.8496   14.2798
   -7.5000  -45.0000  -30.0000 7902.3608   14.3425
    0.0000  -45.0000  -30.0000 7907.0146   14.3464
    7.5000  -45.0000  -30.0000 7446.0986   14.3748
   -7.5000  -37.5000  -30.0000 8310.2090   15.2926
    0.0000  -37.5000  -30.0000 8312.4678   15.2942
    7.5000  -37.5000  -30.0000 7835.4717   15.3260
   -7.5000  -30.0000  -30.0000 8747.6250   15.7073
    0.0000  -30.0000  -30.0000 8743.2090   15.7097
    7.5000  -30.0000  -30.0000 8242.4287   15.7459
   -7.5000  -22.5000  -30.0000 9319.7803   15.6583
    0.0000  -22.5000  -30.0000 9316.4072   15.6630
    7.5000  -22.5000  -30.0000 8769.7549   15.7016
   -7.5000  -15.0000  -30.0000 9855.9131   15.6240
    0.0000  -15.0000  -30.0000 9853.2588   15.6308
    7.5000  -15.0000  -30.0000 9251.2354   15.6688
   -7.5000   -7.5000  -30.0000 9962.8691   15.6356
    0.0000   -7.5000  -30.0000 9951.3506   15.6428
    7.5000   -7.5000  -30.0000 9340.6562   15.6772
   -7.5000    0.0000  -30.0000 9992.6387   15.6866
    0.0000    0.0000  -30.0000 9982.6396   15.6909
    7.5000    0.0000  -30.0000 9399.8398   15.7220
   -7.5000    7.5000  -30.0000 9486.1357   15.7231
    0.0000    7.5000  -30.0000 9473.2441   15.7248
    7.5000    7.5000  -30.0000 8940.4199   15.7575
   -7.5000   15.0000  -30.0000 9103.8984   15.7051
    0.0000   15.0000  -30.0000 9091.4062   15.7075
    7.5000   15.0000  -30.0000 8598.1152   15.7438
   -7.5000   22.5000  -30.0000 8300.5146   15.4496
    0.0000   22.5000  -30.0000 8270.8955   15.4542
    7.5000   22.5000  -30.0000 7809.6128   15.4924
   -7.5000   30.0000  -30.0000 7476.2681   15.0245
    0.0000   30.0000  -30.0000 7442.6133   15.0311
    7.5000   30.0000  -30.0000 7016.0674   15.0676
   -7.5000   37.5000  -30.0000 6707.3828   14.8499
    0.0000   37.5000  -30.0000 6693.6318   14.8592
    7.5000   37.5000  -30.0000 6303.3198   14.8916
   -7.5000   45.0000  -30.0000 6017.9648   14.8209
    0.0000   45.0000  -30.0000 6011.5967   14.8279
    7.5000   45.0000  -30.0000 5641.9858   14.8578
   -7.5000  -45.0000  -22.5000 8553.4961   14.8973
    0.0000  -45.0000  -22.5000 8559.1289   14.9003
    7.5000  -45.0000  -22.5000 8059.9878   14.9365
   -7.5000  -37.5000  -22.5000 8968.3652   15.8989
    0.0000  -37.5000  -22.5000 8964.0596   15.9031
    7.5000  -37.5000  -22.5000 8451.3027   15.9406
   -7.5000  -30.0000  -22.5000 9422.7949   16.3110
    0.0000  -30.0000  -22.5000 9427.2861   16.3185
    7.5000  -30.0000  -22.5000 8893.4717   16.3596
   -7.5000  -22.5000  -22.500010032.4834   16.2537
    0.0000  -22.5000  -22.500010027.6543   16.2625
    7.5000  -22.5000  -22.5000 9459.0254   16.3068
   -7.5000  -15.0000  -22.500010642.0078   16.2132
    0.0000  -15.0000  -22.500010639.5420   16.2204
    7.5000  -15.0000  -22.500010003.6533   16.2664
   -7.5000   -7.5000  -22.500010779.2051   16.2259
    0.0000   -7.5000  -22.500010757.3896   16.2311
    7.5000   -7.5000  -22.500010098.0020   16.2750
   -7.5000    0.0000  -22.500010794.0156   16.2841
    0.0000    0.0000  -22.500010773.0010   16.2874
    7.5000    0.0000  -22.500010146.3047   16.3269
   -7.5000    7.5000  -22.500010203.1963   16.3262
    0.0000    7.5000  -22.500010183.0615   16.3305
    7.5000    7.5000  -22.5000 9620.6172   16.3690
   -7.5000   15.0000  -22.5000 9776.9141   16.3071
    0.0000   15.0000  -22.5000 9752.5312   16.3146
    7.5000   15.0000  -22.5000 9247.0137   16.3557
   -7.5000   22.5000  -22.5000 8884.9062   16.0386
    0.0000   22.5000  -22.5000 8849.8428   16.0473
    7.5000   22.5000  -22.5000 8381.5693   16.0911
   -7.5000   30.0000  -22.5000 7987.9907   15.6025
    0.0000   30.0000  -22.5000 7956.7153   15.6095
    7.5000   30.0000  -22.5000 7516.8164   15.6538
   -7.5000   37.5000  -22.5000 7161.8667   15.4317
    0.0000   37.5000  -22.5000 7152.0425   15.4392
    7.5000   37.5000  -22.5000 6740.5547   15.4816
   -7.5000   45.0000  -22.5000 6391.7842   15.4227
    0.0000   45.0000  -22.5000 6392.8193   15.4288
    7.5000   45.0000  -22.5000 6010.6118   15.4670
   -7.5000  -45.0000  -15.0000 9192.5449   15.4209
    0.0000  -45.0000  -15.0000 9203.7129   15.4245
    7.5000  -45.0000  -15.0000 8663.9795   15.4658
   -7.5000  -37.5000  -15.0000 9625.8633   16.4597
    0.0000  -37.5000  -15.0000 9625.9902   16.4648
    7.5000  -37.5000  -15.0000 9059.5859   16.5055
   -7.5000  -30.0000  -15.000010110.7764   16.8744
    0.0000  -30.0000  -15.000010121.9678   16.8839
    7.5000  -30.0000  -15.0000 9550.9688   16.9272
   -7.5000  -22.5000  -15.000010796.7588   16.8152
    0.0000  -22.5000  -15.000010802.0107   16.8276
    7.5000  -22.5000  -15.000010194.7402   16.8750
   -7.5000  -15.0000  -15.000011453.0586   16.7701
    0.0000  -15.0000  -15.000011469.0244   16.7808
    7.5000  -15.0000  -15.000010786.0625   16.8318
   -7.5000   -7.5000  -15.000011576.7988   16.7801
    0.0000   -7.5000  -15.000011568.0791   16.7874
    7.5000   -7.5000  -15.000010863.6426   16.8374
   -7.5000    0.0000  -15.000011560.2783   16.8400
    0.0000    0.0000  -15.000011543.1797   16.8440
    7.5000    0.0000  -15.000010853.9727   16.8890
   -7.5000    7.5000  -15.000010911.8115   16.8857
    0.0000    7.5000  -15.000010875.8457   16.8908
    7.5000    7.5000  -15.000010272.4160   16.9327
   -7.5000   15.0000  -15.000010433.7041   16.8692
    0.0000   15.0000  -15.000010394.2363   16.8787
    7.5000   15.0000  -15.0000 9846.3545   16.9220
   -7.5000   22.5000  -15.0000 9461.8115   16.5953
    0.0000   22.5000  -15.0000 9427.1396   16.6074
    7.5000   22.5000  -15.0000 8930.2695   16.6543
   -7.5000   30.0000  -15.0000 8510.0996   16.1506
    0.0000   30.0000  -15.0000 8472.4492   16.1610
    7.5000   30.0000  -15.0000 8005.9395   16.2101
   -7.5000   37.5000  -15.0000 7624.8862   15.9830
    0.0000   37.5000  -15.0000 7609.8657   15.9919
    7.5000   37.5000  -15.0000 7163.0283   16.0408
   -7.5000   45.0000  -15.0000 6777.5586   15.9859
    0.0000   45.0000  -15.0000 6771.8940   15.9932
    7.5000   45.0000  -15.0000 6363.9150   16.0375
   -7.5000  -45.0000   -7.5000 9521.9307   15.4423
    0.0000  -45.0000   -7.5000 9548.2520   15.4490
    7.5000  -45.0000   -7.5000 8967.8750   15.4884
   -7.5000  -37.5000   -7.500010002.0029   16.4797
    0.0000  -37.5000   -7.500010032.3809   16.4844
    7.5000  -37.5000   -7.5000 9423.1123   16.5237
   -7.5000  -30.0000   -7.500010570.8623   16.8990
    0.0000  -30.0000   -7.500010590.1914   16.9058
    7.5000  -30.0000   -7.5000 9966.6406   16.9465
   -7.5000  -22.5000   -7.500011259.9043   16.8473
    0.0000  -22.5000   -7.500011278.9482   16.8586
    7.5000  -22.5000   -7.500010610.1523   16.9021
   -7.5000  -15.0000   -7.500011927.6670   16.8044
    0.0000  -15.0000   -7.500011936.1172   16.8180
    7.5000  -15.0000   -7.500011197.5371   16.8645
   -7.5000   -7.5000   -7.500012011.7236   16.8104
    0.0000   -7.5000   -7.500011997.7979   16.8221
    7.5000   -7.5000   -7.500011255.8691   16.8685
   -7.5000    0.0000   -7.500011973.0059   16.8634
    0.0000    0.0000   -7.500011938.8350   16.8707
    7.5000    0.0000   -7.500011232.7402   16.9137
   -7.5000    7.5000   -7.500011287.1553   16.9061
    0.0000    7.5000   -7.500011236.2451   16.9110
    7.5000    7.5000   -7.500010607.7178   16.9513
   -7.5000   15.0000   -7.500010769.8330   16.8938
    0.0000   15.0000   -7.500010714.9258   16.9006
    7.5000   15.0000   -7.500010152.9463   16.9413
   -7.5000   22.5000   -7.5000 9745.4736   16.6269
    0.0000   22.5000   -7.5000 9693.3232   16.6381
    7.5000   22.5000   -7.5000 9185.4795   16.6810
   -7.5000   30.0000   -7.5000 8762.4043   16.1837
    0.0000   30.0000   -7.5000 8724.9209   16.1967
    7.5000   30.0000   -7.5000 8253.3701   16.2416
   -7.5000   37.5000   -7.5000 7845.9116   16.0133
    0.0000   37.5000   -7.5000 7828.1226   16.0259
    7.5000   37.5000   -7.5000 7367.9204   16.0709
   -7.5000   45.0000   -7.5000 6932.0366   16.0047
    0.0000   45.0000   -7.5000 6922.6958   16.0155
    7.5000   45.0000   -7.5000 6507.9780   16.0587
   -7.5000  -45.0000    0.0000 9623.5557   15.8541
    0.0000  -45.0000    0.0000 9655.9912   15.8618
    7.5000  -45.0000    0.0000 9074.5850   15.8953
   -7.5000  -37.5000    0.000010231.3701   16.9074
    0.0000  -37.5000    0.000010292.5430   16.9092
    7.5000  -37.5000    0.0000 9617.7451   16.9446
   -7.5000  -30.0000    0.000010883.6045   17.3283
    0.0000  -30.0000    0.000010941.2822   17.3291
    7.5000  -30.0000    0.000010225.1514   17.3663
   -7.5000  -22.5000    0.000011584.7500   17.2821
    0.0000  -22.5000    0.000011638.5947   17.2885
    7.5000  -22.5000    0.000010846.8115   17.3272
   -7.5000  -15.0000    0.000012167.9512   17.2425
    0.0000  -15.0000    0.000012195.1045   17.2551
    7.5000  -15.0000    0.000011383.3828   17.2950
   -7.5000   -7.5000    0.000012221.1533   17.2474
    0.0000   -7.5000    0.000012221.0107   17.2612
    7.5000   -7.5000    0.000011435.0059   17.2995
   -7.5000    0.0000    0.000012159.5322   17.2960
    0.0000    0.0000    0.000012158.7266   17.3044
    7.5000    0.0000    0.000011408.3486   17.3409
   -7.5000    7.5000    0.000011446.6455   17.3335
    0.0000    7.5000    0.000011439.0488   17.3353
    7.5000    7.5000    0.000010769.1729   17.3716
   -7.5000   15.0000    0.000010895.3857   17.3222
    0.0000   15.0000    0.000010878.1738   17.3230
    7.5000   15.0000    0.000010291.9473   17.3602
   -7.5000   22.5000    0.0000 9843.6055   17.0584
    0.0000   22.5000    0.0000 9813.0234   17.0647
    7.5000   22.5000    0.0000 9298.4238   17.1030
   -7.5000   30.0000    0.0000 8851.6201   16.6156
    0.0000   30.0000    0.0000 8819.7969   16.6278
    7.5000   30.0000    0.0000 8346.1406   16.6662
   -7.5000   37.5000    0.0000 7914.1899   16.4510
    0.0000   37.5000    0.0000 7889.0264   16.4656
    7.5000   37.5000    0.0000 7440.1665   16.5020
   -7.5000   45.0000    0.0000 6967.4878   16.4452
    0.0000   45.0000    0.0000 6951.1958   16.4570
    7.5000   45.0000    0.0000 6558.4937   16.4940
   -7.5000  -45.0000    7.5000 9382.1602   15.8623
    0.0000  -45.0000    7.5000 9424.4346   15.8681
    7.5000  -45.0000    7.5000 8854.0234   15.8963
   -7.5000  -37.5000    7.500010014.6836   16.9130
    0.0000  -37.5000    7.500010085.7451   16.9126
    7.5000  -37.5000    7.5000 9380.4219   16.9447
   -7.5000  -30.0000    7.500010749.7979   17.3296
    0.0000  -30.0000    7.500010865.1182   17.3280
    7.5000  -30.0000    7.500010001.0908   17.3643
   -7.5000  -22.5000    7.500011437.6035   17.2820
    0.0000  -22.5000    7.500011554.2764   17.2851
    7.5000  -22.5000    7.500010622.3428   17.3235
   -7.5000  -15.0000    7.500011935.6064   17.2455
    0.0000  -15.0000    7.500011999.1621   17.2549
    7.5000  -15.0000    7.500011124.0791   17.2922
   -7.5000   -7.5000    7.500011931.3740   17.2545
    0.0000   -7.5000    7.500011966.4170   17.2659
    7.5000   -7.5000    7.500011175.2754   17.2994
   -7.5000    0.0000    7.500011832.4746   17.3049
    0.0000    0.0000    7.500011857.7471   17.3113
    7.5000    0.0000    7.500011121.3164   17.3421
   -7.5000    7.5000    7.500011116.1865   17.3392
    0.0000    7.5000    7.500011139.1631   17.3388
    7.5000    7.5000    7.500010481.0361   17.3717
   -7.5000   15.0000    7.500010601.6553   17.3235
    0.0000   15.0000    7.500010579.6748   17.3218
    7.5000   15.0000    7.500010015.0225   17.3581
   -7.5000   22.5000    7.5000 9576.9414   17.0584
    0.0000   22.5000    7.5000 9527.6152   17.0614
    7.5000   22.5000    7.5000 9037.2422   17.0993
   -7.5000   30.0000    7.5000 8583.6338   16.6185
    0.0000   30.0000    7.5000 8554.9023   16.6275
    7.5000   30.0000    7.5000 8104.8857   16.6635
   -7.5000   37.5000    7.5000 7658.4873   16.4581
    0.0000   37.5000    7.5000 7637.2622   16.4710
    7.5000   37.5000    7.5000 7222.6177   16.5023
   -7.5000   45.0000    7.5000 6733.5986   16.4559
    0.0000   45.0000    7.5000 6718.1777   16.4652
    7.5000   45.0000    7.5000 6356.0249   16.4959
   -7.5000  -45.0000   15.0000 9403.8926   15.9755
    0.0000  -45.0000   15.0000 9466.3779   15.9803
    7.5000  -45.0000   15.0000 8880.4424   16.0120
   -7.5000  -37.5000   15.0000 9997.4814   17.0332
    0.0000  -37.5000   15.000010072.1641   17.0355
    7.5000  -37.5000   15.0000 9375.7842   17.0709
   -7.5000  -30.0000   15.000010696.0947   17.4478
    0.0000  -30.0000   15.000010794.8779   17.4510
    7.5000  -30.0000   15.0000 9929.8682   17.4911
   -7.5000  -22.5000   15.000011334.7969   17.3952
    0.0000  -22.5000   15.000011482.9531   17.4009
    7.5000  -22.5000   15.000010534.7402   17.4436
   -7.5000  -15.0000   15.000011848.6602   17.3596
    0.0000  -15.0000   15.000011978.4072   17.3677
    7.5000  -15.0000   15.000011084.0674   17.4098
   -7.5000   -7.5000   15.000011867.9229   17.3735
    0.0000   -7.5000   15.000011963.1094   17.3819
    7.5000   -7.5000   15.000011151.8672   17.4201
   -7.5000    0.0000   15.000011761.1602   17.4285
    0.0000    0.0000   15.000011840.4570   17.4337
    7.5000    0.0000   15.000011091.8359   17.4683
   -7.5000    7.5000   15.000011047.5361   17.4624
    0.0000    7.5000   15.000011090.8730   17.4648
    7.5000    7.5000   15.000010430.2627   17.5011
   -7.5000   15.0000   15.000010557.7734   17.4416
    0.0000   15.0000   15.000010560.8613   17.4448
    7.5000   15.0000   15.0000 9982.4121   17.4849
   -7.5000   22.5000   15.0000 9549.7480   17.1701
    0.0000   22.5000   15.0000 9518.7666   17.1757
    7.5000   22.5000   15.0000 9010.7715   17.2179
   -7.5000   30.0000   15.0000 8567.4697   16.7285
    0.0000   30.0000   15.0000 8516.0615   16.7362
    7.5000   30.0000   15.0000 8074.3052   16.7768
   -7.5000   37.5000   15.0000 7620.2666   16.5728
    0.0000   37.5000   15.0000 7591.1069   16.5836
    7.5000   37.5000   15.0000 7191.8477   16.6198
   -7.5000   45.0000   15.0000 6718.1982   16.5844
    0.0000   45.0000   15.0000 6701.1987   16.5926
    7.5000   45.0000   15.0000 6340.0142   16.6262
   -7.5000  -45.0000   22.5000 8900.8604   16.1754
    0.0000  -45.0000   22.5000 8959.7949   16.1787
    7.5000  -45.0000   22.5000 8450.3896   16.2192
   -7.5000  -37.5000   22.5000 9411.8760   17.2532
    0.0000  -37.5000   22.5000 9476.0020   17.2579
    7.5000  -37.5000   22.5000 8890.3047   17.2997
   -7.5000  -30.0000   22.500010020.4502   17.6688
    0.0000  -30.0000   22.500010106.0674   17.6773
    7.5000  -30.0000   22.5000 9387.5518   17.7227
   -7.5000  -22.5000   22.500010633.2344   17.6041
    0.0000  -22.5000   22.500010718.0303   17.6142
    7.5000  -22.5000   22.5000 9952.6494   17.6631
   -7.5000  -15.0000   22.500011147.9316   17.5624
    0.0000  -15.0000   22.500011219.1279   17.5708
    7.5000  -15.0000   22.500010472.1680   17.6217
   -7.5000   -7.5000   22.500011222.2119   17.5805
    0.0000   -7.5000   22.500011288.4287   17.5866
    7.5000   -7.5000   22.500010557.3369   17.6355
   -7.5000    0.0000   22.500011147.4297   17.6464
    0.0000    0.0000   22.500011197.6572   17.6501
    7.5000    0.0000   22.500010503.8145   17.6943
   -7.5000    7.5000   22.500010459.8281   17.6880
    0.0000    7.5000   22.500010490.4219   17.6928
    7.5000    7.5000   22.5000 9866.3994   17.7356
   -7.5000   15.0000   22.5000 9999.5830   17.6625
    0.0000   15.0000   22.500010005.5859   17.6710
    7.5000   15.0000   22.5000 9435.0527   17.7165
   -7.5000   22.5000   22.5000 9038.3730   17.3763
    0.0000   22.5000   22.5000 9017.1270   17.3863
    7.5000   22.5000   22.5000 8494.2090   17.4345
   -7.5000   30.0000   22.5000 8074.5283   16.9239
    0.0000   30.0000   22.5000 8039.2871   16.9320
    7.5000   30.0000   22.5000 7586.8472   16.9811
   -7.5000   37.5000   22.5000 7183.8633   16.7731
    0.0000   37.5000   22.5000 7159.1055   16.7817
    7.5000   37.5000   22.5000 6759.4468   16.8291
   -7.5000   45.0000   22.5000 6355.4961   16.8067
    0.0000   45.0000   22.5000 6343.7612   16.8135
    7.5000   45.0000   22.5000 5974.8599   16.8565
   -7.5000  -45.0000   30.0000 8370.7197   16.3956
    0.0000  -45.0000   30.0000 8391.1279   16.4023
    7.5000  -45.0000   30.0000 7931.2935   16.4486
   -7.5000  -37.5000   30.0000 8828.0439   17.5025
    0.0000  -37.5000   30.0000 8856.2910   17.5107
    7.5000  -37.5000   30.0000 8330.9092   17.5560
   -7.5000  -30.0000   30.0000 9352.1699   17.9318
    0.0000  -30.0000   30.0000 9407.7959   17.9438
    7.5000  -30.0000   30.0000 8782.1631   17.9914
   -7.5000  -22.5000   30.0000 9906.3877   17.8641
    0.0000  -22.5000   30.0000 9959.2832   17.8784
    7.5000  -22.5000   30.0000 9298.3418   17.9303
   -7.5000  -15.0000   30.000010409.6328   17.8150
    0.0000  -15.0000   30.000010465.0879   17.8280
    7.5000  -15.0000   30.0000 9791.3154   17.8842
   -7.5000   -7.5000   30.000010495.5586   17.8293
    0.0000   -7.5000   30.000010540.6094   17.8394
    7.5000   -7.5000   30.0000 9875.6084   17.8951
   -7.5000    0.0000   30.000010413.5918   17.8977
    0.0000    0.0000   30.000010450.4873   17.9050
    7.5000    0.0000   30.0000 9810.6621   17.9555
   -7.5000    7.5000   30.0000 9768.5371   17.9466
    0.0000    7.5000   30.0000 9788.7754   17.9550
    7.5000    7.5000   30.0000 9200.1699   18.0015
   -7.5000   15.0000   30.0000 9332.9111   17.9254
    0.0000   15.0000   30.0000 9351.3467   17.9375
    7.5000   15.0000   30.0000 8797.7686   17.9849
   -7.5000   22.5000   30.0000 8438.3936   17.6314
    0.0000   22.5000   30.0000 8424.7451   17.6455
    7.5000   22.5000   30.0000 7916.0039   17.6967
   -7.5000   30.0000   30.0000 7528.5547   17.1752
    0.0000   30.0000   30.0000 7509.5894   17.1877
    7.5000   30.0000   30.0000 7061.4810   17.2419
   -7.5000   37.5000   30.0000 6696.9697   17.0334
    0.0000   37.5000   30.0000 6685.8149   17.0454
    7.5000   37.5000   30.0000 6288.7290   17.1000
   -7.5000   45.0000   30.0000 5923.0698   17.0867
    0.0000   45.0000   30.0000 5935.5366   17.0978
    7.5000   45.0000   30.0000 5567.3936   17.1479
   -7.5000  -45.0000   37.5000 7868.5688   16.5720
    0.0000  -45.0000   37.5000 7874.6104   16.5782
    7.5000  -45.0000   37.5000 7428.3823   16.6220
   -7.5000  -37.5000   37.5000 8262.0557   17.6945
    0.0000  -37.5000   37.5000 8281.6445   17.6998
    7.5000  -37.5000   37.5000 7780.0923   17.7447
   -7.5000  -30.0000   37.5000 8735.1123   18.1208
    0.0000  -30.0000   37.5000 8754.4873   18.1283
    7.5000  -30.0000   37.5000 8197.6562   18.1755
   -7.5000  -22.5000   37.5000 9243.8135   18.0568
    0.0000  -22.5000   37.5000 9264.8789   18.0679
    7.5000  -22.5000   37.5000 8678.3389   18.1182
   -7.5000  -15.0000   37.5000 9735.4961   18.0069
    0.0000  -15.0000   37.5000 9772.9883   18.0193
    7.5000  -15.0000   37.5000 9151.7598   18.0720
   -7.5000   -7.5000   37.5000 9827.9609   18.0181
    0.0000   -7.5000   37.5000 9859.7510   18.0283
    7.5000   -7.5000   37.5000 9250.4736   18.0798
   -7.5000    0.0000   37.5000 9734.9443   18.0834
    0.0000    0.0000   37.5000 9762.0225   18.0901
    7.5000    0.0000   37.5000 9174.0635   18.1380
   -7.5000    7.5000   37.5000 9109.2324   18.1323
    0.0000    7.5000   37.5000 9122.3770   18.1377
    7.5000    7.5000   37.5000 8568.9814   18.1837
   -7.5000   15.0000   37.5000 8677.9287   18.1142
    0.0000   15.0000   37.5000 8699.3379   18.1217
    7.5000   15.0000   37.5000 8181.8794   18.1689
   -7.5000   22.5000   37.5000 7836.3770   17.8184
    0.0000   22.5000   37.5000 7837.3706   17.8294
    7.5000   22.5000   37.5000 7375.3315   17.8790
   -7.5000   30.0000   37.5000 6985.4131   17.3601
    0.0000   30.0000   37.5000 6972.5347   17.3721
    7.5000   30.0000   37.5000 6573.1162   17.4228
   -7.5000   37.5000   37.5000 6216.0801   17.2264
    0.0000   37.5000   37.5000 6207.1260   17.2380
    7.5000   37.5000   37.5000 5856.0430   17.2882
   -7.5000   45.0000   37.5000 5498.0537   17.2846
    0.0000   45.0000   37.5000 5496.7803   17.2952
    7.5000   45.0000   37.5000 5181.6548   17.3436
   -7.5000  -45.0000   45.0000 7359.6221   16.7904
    0.0000  -45.0000   45.0000 7364.7788   16.7967
    7.5000  -45.0000   45.0000 6931.3286   16.8333
   -7.5000  -37.5000   45.0000 7715.5322   17.9251
    0.0000  -37.5000   45.0000 7718.0225   17.9259
    7.5000  -37.5000   45.0000 7247.0698   17.9637
   -7.5000  -30.0000   45.0000 8120.3540   18.3439
    0.0000  -30.0000   45.0000 8129.8389   18.3444
    7.5000  -30.0000   45.0000 7633.5977   18.3841
   -7.5000  -22.5000   45.0000 8594.3799   18.2883
    0.0000  -22.5000   45.0000 8600.0068   18.2945
    7.5000  -22.5000   45.0000 8087.1709   18.3373
   -7.5000  -15.0000   45.0000 9056.4277   18.2410
    0.0000  -15.0000   45.0000 9071.8672   18.2530
    7.5000  -15.0000   45.0000 8535.0361   18.2983
   -7.5000   -7.5000   45.0000 9130.8750   18.2475
    0.0000   -7.5000   45.0000 9159.1582   18.2599
    7.5000   -7.5000   45.0000 8620.1006   18.3032
   -7.5000    0.0000   45.0000 9048.1543   18.3059
    0.0000    0.0000   45.0000 9067.9512   18.3129
    7.5000    0.0000   45.0000 8535.3701   18.3527
   -7.5000    7.5000   45.0000 8438.1992   18.3509
    0.0000    7.5000   45.0000 8444.3340   18.3518
    7.5000    7.5000   45.0000 7948.9683   18.3905
   -7.5000   15.0000   45.0000 8022.5781   18.3370
    0.0000   15.0000   45.0000 8037.7036   18.3376
    7.5000   15.0000   45.0000 7568.8262   18.3772
   -7.5000   22.5000   45.0000 7241.4917   18.0445
    0.0000   22.5000   45.0000 7243.5083   18.0506
    7.5000   22.5000   45.0000 6825.6553   18.0928
   -7.5000   30.0000   45.0000 6474.8867   17.5841
    0.0000   30.0000   45.0000 6457.1792   17.5956
    7.5000   30.0000   45.0000 6093.7251   17.6392
   -7.5000   37.5000   45.0000 5752.0220   17.4577
    0.0000   37.5000   45.0000 5736.5459   17.4714
    7.5000   37.5000   45.0000 5415.9307   17.5126
   -7.5000   45.0000   45.0000 5073.3369   17.5064
    0.0000   45.0000   45.0000 5068.5586   17.5174
    7.5000   45.0000   45.0000 4788.6782   17.5589

---------------------------------------------------------------------
imgreg_4dfp /opt/freesurfer/average/711-2C_as_mni_average_305 /opt/freesurfer/average/711-2B_as_mni_average_305_mask talsrcimg_g11 none talsrcimg_to_711-2C_as_mni_average_305_t4 4355
---------------------------------------------------------------------

freesurfer imgreg_4dfp.c
/opt/freesurfer/average/711-2C_as_mni_average_305.4dfp.img
       256       256       256         1
  1.000000  1.000000  1.000000
orientation T byte_order littleendian
Reading image: /opt/freesurfer/average/711-2C_as_mni_average_305.4dfp.img
dimensions:      256       256       256
mmppix:       1.0000   -1.0000   -1.0000
center:     128.0000 -129.0000 -129.0000
/opt/freesurfer/average/711-2B_as_mni_average_305_mask.4dfp.img
       256       256       256         1
  1.000000  1.000000  1.000000
orientation T byte_order littleendian
Reading mask: /opt/freesurfer/average/711-2B_as_mni_average_305_mask.4dfp.img (2306576 pixels)
talsrcimg_g11.4dfp.img
       256       256       256         1
  0.898437  0.898437  0.898437
orientation T byte_order littleendian
Reading image: talsrcimg_g11.4dfp.img
dimensions:      256       256       256
mmppix:       0.8984   -0.8984   -0.8984
center:     114.9999 -115.8984 -115.8984
rotation matrix determinant  1.000000
image alignment mode   4355 decimal     1103 hex
  -15.0000  -52.5000  -45.0000 1997.0570   17.1766
   -7.5000  -52.5000  -45.0000 2024.6268   16.9468
    0.0000  -52.5000  -45.0000 2026.6257   16.9221
  -15.0000  -45.0000  -45.0000 2082.0051   16.2542
   -7.5000  -45.0000  -45.0000 2117.2271   16.0195
    0.0000  -45.0000  -45.0000 2120.2849   15.9796
  -15.0000  -37.5000  -45.0000 2138.5857   15.5366
   -7.5000  -37.5000  -45.0000 2173.6106   15.3350
    0.0000  -37.5000  -45.0000 2173.3008   15.2677
  -15.0000  -30.0000  -45.0000 2171.9397   15.0432
   -7.5000  -30.0000  -45.0000 2200.3506   14.8462
    0.0000  -30.0000  -45.0000 2197.5205   14.7865
  -15.0000  -22.5000  -45.0000 2174.6343   14.8386
   -7.5000  -22.5000  -45.0000 2200.9312   14.6176
    0.0000  -22.5000  -45.0000 2199.4253   14.5415
  -15.0000  -15.0000  -45.0000 2160.5820   14.8496
   -7.5000  -15.0000  -45.0000 2184.1006   14.6033
    0.0000  -15.0000  -45.0000 2181.6624   14.5650
  -15.0000   -7.5000  -45.0000 2138.4182   15.1542
   -7.5000   -7.5000  -45.0000 2163.4365   14.8912
    0.0000   -7.5000  -45.0000 2162.4485   14.8590
  -15.0000    0.0000  -45.0000 2107.0950   15.7261
   -7.5000    0.0000  -45.0000 2136.8252   15.4324
    0.0000    0.0000  -45.0000 2135.5220   15.3767
  -15.0000    7.5000  -45.0000 2063.4368   16.7073
   -7.5000    7.5000  -45.0000 2093.5974   16.3812
    0.0000    7.5000  -45.0000 2089.1685   16.3254
  -15.0000   15.0000  -45.0000 1996.3782   18.1621
   -7.5000   15.0000  -45.0000 2028.1399   17.7634
    0.0000   15.0000  -45.0000 2020.1042   17.6789
  -15.0000   22.5000  -45.0000 1906.4636   19.9945
   -7.5000   22.5000  -45.0000 1938.5389   19.4937
    0.0000   22.5000  -45.0000 1935.7522   19.4197
  -15.0000   30.0000  -45.0000 1812.6580   22.3068
   -7.5000   30.0000  -45.0000 1838.6937   21.6991
    0.0000   30.0000  -45.0000 1837.6929   21.6279
  -15.0000   37.5000  -45.0000 1686.5681   25.1518
   -7.5000   37.5000  -45.0000 1715.7279   24.4783
    0.0000   37.5000  -45.0000 1710.3495   24.3264
  -15.0000  -52.5000  -37.5000 2147.1499   16.7855
   -7.5000  -52.5000  -37.5000 2177.9966   16.5611
    0.0000  -52.5000  -37.5000 2179.6082   16.4850
  -15.0000  -45.0000  -37.5000 2238.9836   15.8956
   -7.5000  -45.0000  -37.5000 2278.6506   15.6531
    0.0000  -45.0000  -37.5000 2279.7966   15.5916
  -15.0000  -37.5000  -37.5000 2297.5933   15.1766
   -7.5000  -37.5000  -37.5000 2336.2976   14.9560
    0.0000  -37.5000  -37.5000 2336.6614   14.8864
  -15.0000  -30.0000  -37.5000 2338.7766   14.6740
   -7.5000  -30.0000  -37.5000 2369.1558   14.4389
    0.0000  -30.0000  -37.5000 2368.5732   14.3812
  -15.0000  -22.5000  -37.5000 2351.3984   14.4330
   -7.5000  -22.5000  -37.5000 2379.4924   14.1926
    0.0000  -22.5000  -37.5000 2378.3926   14.1004
  -15.0000  -15.0000  -37.5000 2338.4817   14.4403
   -7.5000  -15.0000  -37.5000 2368.7288   14.2156
    0.0000  -15.0000  -37.5000 2365.6646   14.1614
  -15.0000   -7.5000  -37.5000 2317.2659   14.7248
   -7.5000   -7.5000  -37.5000 2347.0701   14.4928
    0.0000   -7.5000  -37.5000 2347.7053   14.4702
  -15.0000    0.0000  -37.5000 2282.8479   15.2838
   -7.5000    0.0000  -37.5000 2315.7336   15.0142
    0.0000    0.0000  -37.5000 2314.4070   14.9812
  -15.0000    7.5000  -37.5000 2227.8152   16.2442
   -7.5000    7.5000  -37.5000 2264.2537   15.9527
    0.0000    7.5000  -37.5000 2262.2488   15.9048
  -15.0000   15.0000  -37.5000 2155.9473   17.6123
   -7.5000   15.0000  -37.5000 2191.9534   17.2627
    0.0000   15.0000  -37.5000 2187.1501   17.1921
  -15.0000   22.5000  -37.5000 2064.1270   19.4567
   -7.5000   22.5000  -37.5000 2097.3511   19.0058
    0.0000   22.5000  -37.5000 2092.8655   18.9294
  -15.0000   30.0000  -37.5000 1958.5780   21.7277
   -7.5000   30.0000  -37.5000 1989.1941   21.1801
    0.0000   30.0000  -37.5000 1989.9331   21.1231
  -15.0000   37.5000  -37.5000 1820.3551   24.5351
   -7.5000   37.5000  -37.5000 1852.1742   23.8786
    0.0000   37.5000  -37.5000 1849.8816   23.7582
  -15.0000  -52.5000  -30.0000 2280.5376   16.3016
   -7.5000  -52.5000  -30.0000 2314.3755   16.0876
    0.0000  -52.5000  -30.0000 2315.7966   16.0214
  -15.0000  -45.0000  -30.0000 2379.9692   15.3917
   -7.5000  -45.0000  -30.0000 2420.1516   15.1544
    0.0000  -45.0000  -30.0000 2420.3528   15.1115
  -15.0000  -37.5000  -30.0000 2446.8645   14.6757
   -7.5000  -37.5000  -30.0000 2481.2041   14.4206
    0.0000  -37.5000  -30.0000 2480.6821   14.3657
  -15.0000  -30.0000  -30.0000 2490.3110   14.1709
   -7.5000  -30.0000  -30.0000 2520.2561   13.9237
    0.0000  -30.0000  -30.0000 2520.8979   13.8531
  -15.0000  -22.5000  -30.0000 2510.7581   13.8921
   -7.5000  -22.5000  -30.0000 2543.6489   13.6398
    0.0000  -22.5000  -30.0000 2539.4426   13.5640
  -15.0000  -15.0000  -30.0000 2508.5029   13.8814
   -7.5000  -15.0000  -30.0000 2546.8083   13.6420
    0.0000  -15.0000  -30.0000 2544.4734   13.6177
  -15.0000   -7.5000  -30.0000 2490.6282   14.1575
   -7.5000   -7.5000  -30.0000 2530.1211   13.9242
    0.0000   -7.5000  -30.0000 2528.3491   13.9158
  -15.0000    0.0000  -30.0000 2453.7493   14.7532
   -7.5000    0.0000  -30.0000 2495.4075   14.4842
    0.0000    0.0000  -30.0000 2491.4729   14.4413
  -15.0000    7.5000  -30.0000 2389.6072   15.7246
   -7.5000    7.5000  -30.0000 2431.3875   15.4027
    0.0000    7.5000  -30.0000 2429.4858   15.3270
  -15.0000   15.0000  -30.0000 2308.9966   17.0232
   -7.5000   15.0000  -30.0000 2348.0901   16.6780
    0.0000   15.0000  -30.0000 2344.3687   16.5955
  -15.0000   22.5000  -30.0000 2213.8137   18.7920
   -7.5000   22.5000  -30.0000 2248.5508   18.3786
    0.0000   22.5000  -30.0000 2243.1272   18.2895
  -15.0000   30.0000  -30.0000 2095.5151   21.0765
   -7.5000   30.0000  -30.0000 2130.0552   20.5755
    0.0000   30.0000  -30.0000 2126.0938   20.4892
  -15.0000   37.5000  -30.0000 1942.3622   23.8250
   -7.5000   37.5000  -30.0000 1976.2883   23.2513
    0.0000   37.5000  -30.0000 1974.6310   23.1405
  -15.0000  -52.5000  -22.5000 2393.0208   15.6751
   -7.5000  -52.5000  -22.5000 2430.2864   15.4206
    0.0000  -52.5000  -22.5000 2433.7148   15.3722
  -15.0000  -45.0000  -22.5000 2501.8176   14.8196
   -7.5000  -45.0000  -22.5000 2540.1565   14.5572
    0.0000  -45.0000  -22.5000 2540.4341   14.4899
  -15.0000  -37.5000  -22.5000 2572.3125   14.0826
   -7.5000  -37.5000  -22.5000 2609.0525   13.7967
    0.0000  -37.5000  -22.5000 2602.2422   13.7403
  -15.0000  -30.0000  -22.5000 2622.0515   13.5587
   -7.5000  -30.0000  -22.5000 2656.4861   13.2574
    0.0000  -30.0000  -22.5000 2657.7422   13.1971
  -15.0000  -22.5000  -22.5000 2646.5654   13.2625
   -7.5000  -22.5000  -22.5000 2686.9863   12.9711
    0.0000  -22.5000  -22.5000 2684.7512   12.9266
  -15.0000  -15.0000  -22.5000 2657.0161   13.2430
   -7.5000  -15.0000  -22.5000 2702.9055   12.9629
    0.0000  -15.0000  -22.5000 2700.3582   12.9338
  -15.0000   -7.5000  -22.5000 2647.5911   13.5390
   -7.5000   -7.5000  -22.5000 2700.5176   13.2487
    0.0000   -7.5000  -22.5000 2695.2100   13.2145
  -15.0000    0.0000  -22.5000 2608.0657   14.1139
   -7.5000    0.0000  -22.5000 2658.8738   13.8057
    0.0000    0.0000  -22.5000 2654.0422   13.7600
  -15.0000    7.5000  -22.5000 2535.7366   15.0464
   -7.5000    7.5000  -22.5000 2579.1006   14.7151
    0.0000    7.5000  -22.5000 2575.1475   14.6500
  -15.0000   15.0000  -22.5000 2442.4355   16.3160
   -7.5000   15.0000  -22.5000 2480.6575   15.9733
    0.0000   15.0000  -22.5000 2477.1570   15.8922
  -15.0000   22.5000  -22.5000 2335.5117   18.0520
   -7.5000   22.5000  -22.5000 2371.7563   17.6269
    0.0000   22.5000  -22.5000 2368.0903   17.5519
  -15.0000   30.0000  -22.5000 2210.3616   20.2573
   -7.5000   30.0000  -22.5000 2246.3083   19.7597
    0.0000   30.0000  -22.5000 2244.8662   19.6632
  -15.0000   37.5000  -22.5000 2047.5850   22.8898
   -7.5000   37.5000  -22.5000 2081.7437   22.3639
    0.0000   37.5000  -22.5000 2079.7849   22.2480
  -15.0000  -52.5000  -15.0000 2477.5171   14.9995
   -7.5000  -52.5000  -15.0000 2515.3794   14.7082
    0.0000  -52.5000  -15.0000 2513.3684   14.6668
  -15.0000  -45.0000  -15.0000 2593.0242   14.1794
   -7.5000  -45.0000  -15.0000 2626.4597   13.8971
    0.0000  -45.0000  -15.0000 2628.4263   13.8200
  -15.0000  -37.5000  -15.0000 2668.7043   13.4799
   -7.5000  -37.5000  -15.0000 2706.2896   13.1618
    0.0000  -37.5000  -15.0000 2702.8247   13.0702
  -15.0000  -30.0000  -15.0000 2725.3811   12.9443
   -7.5000  -30.0000  -15.0000 2764.1033   12.6202
    0.0000  -30.0000  -15.0000 2767.5210   12.5581
  -15.0000  -22.5000  -15.0000 2762.6807   12.6457
   -7.5000  -22.5000  -15.0000 2810.4136   12.2986
    0.0000  -22.5000  -15.0000 2809.9253   12.2692
  -15.0000  -15.0000  -15.0000 2782.5593   12.6237
   -7.5000  -15.0000  -15.0000 2835.3262   12.2943
    0.0000  -15.0000  -15.0000 2837.2075   12.2518
  -15.0000   -7.5000  -15.0000 2771.6978   12.8760
   -7.5000   -7.5000  -15.0000 2829.5847   12.5571
    0.0000   -7.5000  -15.0000 2829.1235   12.5048
  -15.0000    0.0000  -15.0000 2722.6790   13.4583
   -7.5000    0.0000  -15.0000 2777.5581   13.1256
    0.0000    0.0000  -15.0000 2777.0647   13.0616
  -15.0000    7.5000  -15.0000 2641.3833   14.3530
   -7.5000    7.5000  -15.0000 2689.4031   14.0131
    0.0000    7.5000  -15.0000 2683.7227   13.9577
  -15.0000   15.0000  -15.0000 2540.6438   15.6317
   -7.5000   15.0000  -15.0000 2582.1814   15.2447
    0.0000   15.0000  -15.0000 2574.9839   15.1979
  -15.0000   22.5000  -15.0000 2424.7649   17.3045
   -7.5000   22.5000  -15.0000 2466.2844   16.8705
    0.0000   22.5000  -15.0000 2458.8252   16.8223
  -15.0000   30.0000  -15.0000 2293.4041   19.4116
   -7.5000   30.0000  -15.0000 2333.5747   18.9711
    0.0000   30.0000  -15.0000 2329.6008   18.8942
  -15.0000   37.5000  -15.0000 2121.2622   21.8893
   -7.5000   37.5000  -15.0000 2158.6541   21.4014
    0.0000   37.5000  -15.0000 2158.5332   21.3113
  -15.0000  -52.5000   -7.5000 2523.6267   14.3126
   -7.5000  -52.5000   -7.5000 2555.2356   13.9817
    0.0000  -52.5000   -7.5000 2556.3564   13.9306
  -15.0000  -45.0000   -7.5000 2645.1423   13.5027
   -7.5000  -45.0000   -7.5000 2675.4290   13.1996
    0.0000  -45.0000   -7.5000 2676.8105   13.1321
  -15.0000  -37.5000   -7.5000 2726.1001   12.8250
   -7.5000  -37.5000   -7.5000 2763.7419   12.5490
    0.0000  -37.5000   -7.5000 2768.8555   12.4617
  -15.0000  -30.0000   -7.5000 2789.3455   12.3447
   -7.5000  -30.0000   -7.5000 2838.2964   12.0096
    0.0000  -30.0000   -7.5000 2844.9233   11.9312
  -15.0000  -22.5000   -7.5000 2839.7930   12.0622
   -7.5000  -22.5000   -7.5000 2891.9629   11.6832
    0.0000  -22.5000   -7.5000 2899.1428   11.6297
  -15.0000  -15.0000   -7.5000 2861.2273   12.0146
   -7.5000  -15.0000   -7.5000 2920.5286   11.6502
    0.0000  -15.0000   -7.5000 2926.6982   11.6131
  -15.0000   -7.5000   -7.5000 2846.6790   12.2424
   -7.5000   -7.5000   -7.5000 2909.2571   11.8900
    0.0000   -7.5000   -7.5000 2914.1885   11.8549
  -15.0000    0.0000   -7.5000 2788.9866   12.7972
   -7.5000    0.0000   -7.5000 2848.1069   12.4579
    0.0000    0.0000   -7.5000 2849.7158   12.4121
  -15.0000    7.5000   -7.5000 2703.6897   13.7066
   -7.5000    7.5000   -7.5000 2752.4561   13.3311
    0.0000    7.5000   -7.5000 2749.1382   13.2899
  -15.0000   15.0000   -7.5000 2596.4968   14.9787
   -7.5000   15.0000   -7.5000 2639.1826   14.5609
    0.0000   15.0000   -7.5000 2633.9973   14.5037
  -15.0000   22.5000   -7.5000 2474.6311   16.6030
   -7.5000   22.5000   -7.5000 2517.7646   16.1759
    0.0000   22.5000   -7.5000 2509.4883   16.1118
  -15.0000   30.0000   -7.5000 2337.1809   18.6228
   -7.5000   30.0000   -7.5000 2378.6892   18.1776
    0.0000   30.0000   -7.5000 2373.2456   18.1071
  -15.0000   37.5000   -7.5000 2157.2524   20.9737
   -7.5000   37.5000   -7.5000 2194.1597   20.4573
    0.0000   37.5000   -7.5000 2195.0259   20.3941
  -15.0000  -52.5000    0.0000 2567.9270   13.9359
   -7.5000  -52.5000    0.0000 2595.2490   13.6010
    0.0000  -52.5000    0.0000 2597.2886   13.5855
  -15.0000  -45.0000    0.0000 2690.4929   13.1074
   -7.5000  -45.0000    0.0000 2721.5022   12.7925
    0.0000  -45.0000    0.0000 2724.8572   12.7436
  -15.0000  -37.5000    0.0000 2776.5920   12.4784
   -7.5000  -37.5000    0.0000 2819.4680   12.2059
    0.0000  -37.5000    0.0000 2825.8115   12.1443
  -15.0000  -30.0000    0.0000 2846.1267   12.0224
   -7.5000  -30.0000    0.0000 2901.6731   11.7486
    0.0000  -30.0000    0.0000 2911.9746   11.6882
  -15.0000  -22.5000    0.0000 2899.4890   11.7332
   -7.5000  -22.5000    0.0000 2963.9851   11.3824
    0.0000  -22.5000    0.0000 2973.8562   11.3398
  -15.0000  -15.0000    0.0000 2923.3379   11.6604
   -7.5000  -15.0000    0.0000 2989.7817   11.3036
    0.0000  -15.0000    0.0000 2995.4563   11.2567
  -15.0000   -7.5000    0.0000 2905.6060   11.8869
   -7.5000   -7.5000    0.0000 2970.6790   11.5473
    0.0000   -7.5000    0.0000 2974.3457   11.5032
  -15.0000    0.0000    0.0000 2844.2480   12.4817
   -7.5000    0.0000    0.0000 2900.1653   12.1241
    0.0000    0.0000    0.0000 2903.8435   12.0808
  -15.0000    7.5000    0.0000 2749.3215   13.3639
   -7.5000    7.5000    0.0000 2796.6865   12.9773
    0.0000    7.5000    0.0000 2799.1460   12.9511
  -15.0000   15.0000    0.0000 2637.0852   14.6219
   -7.5000   15.0000    0.0000 2677.0447   14.2230
    0.0000   15.0000    0.0000 2676.6465   14.1780
  -15.0000   22.5000    0.0000 2515.0525   16.2561
   -7.5000   22.5000    0.0000 2551.8228   15.8313
    0.0000   22.5000    0.0000 2551.1685   15.7488
  -15.0000   30.0000    0.0000 2373.6526   18.2247
   -7.5000   30.0000    0.0000 2412.3052   17.7844
    0.0000   30.0000    0.0000 2410.0813   17.7063
  -15.0000   37.5000    0.0000 2189.7295   20.5414
   -7.5000   37.5000    0.0000 2224.1960   20.0585
    0.0000   37.5000    0.0000 2224.2568   19.9911
  -15.0000  -52.5000    7.5000 2596.7725   13.6870
   -7.5000  -52.5000    7.5000 2626.0857   13.3412
    0.0000  -52.5000    7.5000 2626.7893   13.3413
  -15.0000  -45.0000    7.5000 2718.9155   12.8647
   -7.5000  -45.0000    7.5000 2753.9390   12.5431
    0.0000  -45.0000    7.5000 2751.3394   12.5295
  -15.0000  -37.5000    7.5000 2809.0820   12.2417
   -7.5000  -37.5000    7.5000 2852.3391   11.9799
    0.0000  -37.5000    7.5000 2856.1494   11.9468
  -15.0000  -30.0000    7.5000 2873.9141   11.7855
   -7.5000  -30.0000    7.5000 2930.8140   11.5845
    0.0000  -30.0000    7.5000 2937.8813   11.5623
  -15.0000  -22.5000    7.5000 2924.5383   11.4779
   -7.5000  -22.5000    7.5000 2988.6379   11.2555
    0.0000  -22.5000    7.5000 3002.4897   11.2328
  -15.0000  -15.0000    7.5000 2946.4951   11.3965
   -7.5000  -15.0000    7.5000 3014.1250   11.1055
    0.0000  -15.0000    7.5000 3020.3750   11.0713
  -15.0000   -7.5000    7.5000 2924.8633   11.6880
   -7.5000   -7.5000    7.5000 2987.7502   11.3199
    0.0000   -7.5000    7.5000 2992.5286   11.2680
  -15.0000    0.0000    7.5000 2859.2812   12.2792
   -7.5000    0.0000    7.5000 2916.9297   11.8978
    0.0000    0.0000    7.5000 2919.7808   11.8484
  -15.0000    7.5000    7.5000 2766.4219   13.1883
   -7.5000    7.5000    7.5000 2813.2759   12.7881
    0.0000    7.5000    7.5000 2815.9255   12.7416
  -15.0000   15.0000    7.5000 2656.4602   14.4069
   -7.5000   15.0000    7.5000 2697.5266   13.9928
    0.0000   15.0000    7.5000 2692.9746   13.9264
  -15.0000   22.5000    7.5000 2529.4314   15.9798
   -7.5000   22.5000    7.5000 2570.2009   15.5561
    0.0000   22.5000    7.5000 2559.1533   15.4725
  -15.0000   30.0000    7.5000 2383.3164   17.9698
   -7.5000   30.0000    7.5000 2423.5193   17.5112
    0.0000   30.0000    7.5000 2417.6206   17.4663
  -15.0000   37.5000    7.5000 2194.9492   20.2710
   -7.5000   37.5000    7.5000 2230.9431   19.7661
    0.0000   37.5000    7.5000 2230.8096   19.7587
  -15.0000  -52.5000   15.0000 2616.4797   13.6341
   -7.5000  -52.5000   15.0000 2647.8652   13.2914
    0.0000  -52.5000   15.0000 2647.3218   13.2842
  -15.0000  -45.0000   15.0000 2743.1599   12.8257
   -7.5000  -45.0000   15.0000 2777.0115   12.5164
    0.0000  -45.0000   15.0000 2775.5591   12.5318
  -15.0000  -37.5000   15.0000 2824.7456   12.1820
   -7.5000  -37.5000   15.0000 2869.4009   11.9420
    0.0000  -37.5000   15.0000 2869.3770   11.9663
  -15.0000  -30.0000   15.0000 2884.5134   11.7213
   -7.5000  -30.0000   15.0000 2941.3237   11.5210
    0.0000  -30.0000   15.0000 2941.4622   11.5131
  -15.0000  -22.5000   15.0000 2925.9683   11.4204
   -7.5000  -22.5000   15.0000 2984.1323   11.2098
    0.0000  -22.5000   15.0000 2991.6338   11.1999
  -15.0000  -15.0000   15.0000 2937.5015   11.3739
   -7.5000  -15.0000   15.0000 2996.8909   11.0760
    0.0000  -15.0000   15.0000 2999.3127   11.0603
  -15.0000   -7.5000   15.0000 2915.8672   11.6784
   -7.5000   -7.5000   15.0000 2972.0249   11.3209
    0.0000   -7.5000   15.0000 2971.4490   11.3040
  -15.0000    0.0000   15.0000 2855.4255   12.3278
   -7.5000    0.0000   15.0000 2905.7468   11.9458
    0.0000    0.0000   15.0000 2908.6553   11.9090
  -15.0000    7.5000   15.0000 2764.5269   13.2399
   -7.5000    7.5000   15.0000 2805.4294   12.8323
    0.0000    7.5000   15.0000 2807.9617   12.7661
  -15.0000   15.0000   15.0000 2648.7048   14.4038
   -7.5000   15.0000   15.0000 2689.2803   13.9631
    0.0000   15.0000   15.0000 2684.8320   13.8939
  -15.0000   22.5000   15.0000 2521.0750   15.9219
   -7.5000   22.5000   15.0000 2566.6223   15.4707
    0.0000   22.5000   15.0000 2555.8701   15.3890
  -15.0000   30.0000   15.0000 2376.3345   17.8453
   -7.5000   30.0000   15.0000 2420.4246   17.3737
    0.0000   30.0000   15.0000 2412.7593   17.3139
  -15.0000   37.5000   15.0000 2190.6934   20.1549
   -7.5000   37.5000   15.0000 2220.3313   19.6656
    0.0000   37.5000   15.0000 2220.8577   19.6034
  -15.0000  -52.5000   22.5000 2622.3887   13.8603
   -7.5000  -52.5000   22.5000 2652.8955   13.4865
    0.0000  -52.5000   22.5000 2654.1807   13.5009
  -15.0000  -45.0000   22.5000 2741.5388   13.0229
   -7.5000  -45.0000   22.5000 2778.9702   12.6777
    0.0000  -45.0000   22.5000 2779.5896   12.7170
  -15.0000  -37.5000   22.5000 2819.5791   12.3615
   -7.5000  -37.5000   22.5000 2866.4231   12.0560
    0.0000  -37.5000   22.5000 2868.9260   12.0618
  -15.0000  -30.0000   22.5000 2880.5024   11.8680
   -7.5000  -30.0000   22.5000 2931.2073   11.6099
    0.0000  -30.0000   22.5000 2933.9988   11.6235
  -15.0000  -22.5000   22.5000 2912.0969   11.5815
   -7.5000  -22.5000   22.5000 2964.9043   11.2959
    0.0000  -22.5000   22.5000 2966.6396   11.2848
  -15.0000  -15.0000   22.5000 2912.2009   11.5855
   -7.5000  -15.0000   22.5000 2969.1550   11.2344
    0.0000  -15.0000   22.5000 2965.1941   11.2025
  -15.0000   -7.5000   22.5000 2883.2473   11.9229
   -7.5000   -7.5000   22.5000 2935.9248   11.5587
    0.0000   -7.5000   22.5000 2934.4170   11.5095
  -15.0000    0.0000   22.5000 2824.3960   12.5984
   -7.5000    0.0000   22.5000 2869.3638   12.2226
    0.0000    0.0000   22.5000 2871.7166   12.1504
  -15.0000    7.5000   22.5000 2732.3059   13.4852
   -7.5000    7.5000   22.5000 2773.1162   13.0925
    0.0000    7.5000   22.5000 2777.4595   13.0165
  -15.0000   15.0000   22.5000 2622.4312   14.5912
   -7.5000   15.0000   22.5000 2660.7087   14.1734
    0.0000   15.0000   22.5000 2659.4539   14.1082
  -15.0000   22.5000   22.5000 2497.6270   16.0793
   -7.5000   22.5000   22.5000 2537.7500   15.6040
    0.0000   22.5000   22.5000 2530.6394   15.5340
  -15.0000   30.0000   22.5000 2351.2681   17.9696
   -7.5000   30.0000   22.5000 2388.3167   17.4655
    0.0000   30.0000   22.5000 2382.9661   17.3918
  -15.0000   37.5000   22.5000 2170.4270   20.2850
   -7.5000   37.5000   22.5000 2199.0747   19.7338
    0.0000   37.5000   22.5000 2196.2922   19.6476
  -15.0000  -52.5000   30.0000 2608.8159   14.2164
   -7.5000  -52.5000   30.0000 2643.8203   13.8449
    0.0000  -52.5000   30.0000 2650.7405   13.8395
  -15.0000  -45.0000   30.0000 2723.9839   13.3977
   -7.5000  -45.0000   30.0000 2767.3567   13.0333
    0.0000  -45.0000   30.0000 2767.8198   13.0177
  -15.0000  -37.5000   30.0000 2801.1140   12.7135
   -7.5000  -37.5000   30.0000 2849.9932   12.3790
    0.0000  -37.5000   30.0000 2851.9570   12.3665
  -15.0000  -30.0000   30.0000 2856.9429   12.2034
   -7.5000  -30.0000   30.0000 2907.0510   11.9104
    0.0000  -30.0000   30.0000 2908.9380   11.9177
  -15.0000  -22.5000   30.0000 2885.3169   11.9319
   -7.5000  -22.5000   30.0000 2932.7874   11.6164
    0.0000  -22.5000   30.0000 2928.8733   11.6063
  -15.0000  -15.0000   30.0000 2878.7336   11.9656
   -7.5000  -15.0000   30.0000 2925.6455   11.6161
    0.0000  -15.0000   30.0000 2919.7585   11.6049
  -15.0000   -7.5000   30.0000 2839.3250   12.3364
   -7.5000   -7.5000   30.0000 2883.5522   11.9853
    0.0000   -7.5000   30.0000 2879.5369   11.9480
  -15.0000    0.0000   30.0000 2771.6851   12.9966
   -7.5000    0.0000   30.0000 2816.3862   12.6273
    0.0000    0.0000   30.0000 2817.5198   12.5579
  -15.0000    7.5000   30.0000 2685.4543   13.8920
   -7.5000    7.5000   30.0000 2722.6858   13.5146
    0.0000    7.5000   30.0000 2726.8127   13.4339
  -15.0000   15.0000   30.0000 2582.7195   15.0360
   -7.5000   15.0000   30.0000 2614.4231   14.6276
    0.0000   15.0000   30.0000 2614.1948   14.5558
  -15.0000   22.5000   30.0000 2455.5420   16.4817
   -7.5000   22.5000   30.0000 2492.5508   16.0460
    0.0000   22.5000   30.0000 2488.4202   15.9758
  -15.0000   30.0000   30.0000 2313.3018   18.3524
   -7.5000   30.0000   30.0000 2349.6582   17.8979
    0.0000   30.0000   30.0000 2340.8398   17.8250
  -15.0000   37.5000   30.0000 2141.9663   20.6797
   -7.5000   37.5000   30.0000 2167.9336   20.1599
    0.0000   37.5000   30.0000 2161.7900   20.0774
  -15.0000  -52.5000   37.5000 2577.3621   14.7675
   -7.5000  -52.5000   37.5000 2614.0938   14.3894
    0.0000  -52.5000   37.5000 2621.2444   14.3362
  -15.0000  -45.0000   37.5000 2689.2119   13.9291
   -7.5000  -45.0000   37.5000 2734.4790   13.5536
    0.0000  -45.0000   37.5000 2735.6533   13.5158
  -15.0000  -37.5000   37.5000 2765.7478   13.2386
   -7.5000  -37.5000   37.5000 2812.6914   12.8622
    0.0000  -37.5000   37.5000 2816.8167   12.8345
  -15.0000  -30.0000   37.5000 2818.4124   12.7240
   -7.5000  -30.0000   37.5000 2864.9333   12.3870
    0.0000  -30.0000   37.5000 2865.8347   12.3640
  -15.0000  -22.5000   37.5000 2836.5571   12.4584
   -7.5000  -22.5000   37.5000 2879.3879   12.1248
    0.0000  -22.5000   37.5000 2877.7483   12.1016
  -15.0000  -15.0000   37.5000 2825.3635   12.5162
   -7.5000  -15.0000   37.5000 2867.6021   12.1729
    0.0000  -15.0000   37.5000 2865.4053   12.1575
  -15.0000   -7.5000   37.5000 2782.3271   12.9240
   -7.5000   -7.5000   37.5000 2820.5266   12.5641
    0.0000   -7.5000   37.5000 2818.7927   12.5473
  -15.0000    0.0000   37.5000 2716.6743   13.5690
   -7.5000    0.0000   37.5000 2749.4644   13.1882
    0.0000    0.0000   37.5000 2749.3865   13.1512
  -15.0000    7.5000   37.5000 2630.8879   14.4565
   -7.5000    7.5000   37.5000 2663.1782   14.0458
    0.0000    7.5000   37.5000 2661.8953   13.9822
  -15.0000   15.0000   37.5000 2521.0540   15.6162
   -7.5000   15.0000   37.5000 2552.5420   15.1937
    0.0000   15.0000   37.5000 2555.2009   15.1118
  -15.0000   22.5000   37.5000 2394.8230   17.1160
   -7.5000   22.5000   37.5000 2431.2451   16.6697
    0.0000   22.5000   37.5000 2430.6689   16.6084
  -15.0000   30.0000   37.5000 2258.3818   19.0301
   -7.5000   30.0000   37.5000 2288.7744   18.5418
    0.0000   30.0000   37.5000 2284.4421   18.5220
  -15.0000   37.5000   37.5000 2095.7446   21.3732
   -7.5000   37.5000   37.5000 2123.3442   20.8205
    0.0000   37.5000   37.5000 2118.9680   20.8041
  -15.0000  -52.5000   45.0000 2511.8320   15.3854
   -7.5000  -52.5000   45.0000 2553.1680   14.9618
    0.0000  -52.5000   45.0000 2560.3831   14.8937
  -15.0000  -45.0000   45.0000 2620.2542   14.5362
   -7.5000  -45.0000   45.0000 2664.0872   14.1482
    0.0000  -45.0000   45.0000 2665.3430   14.0711
  -15.0000  -37.5000   45.0000 2693.3999   13.8275
   -7.5000  -37.5000   45.0000 2737.6440   13.4449
    0.0000  -37.5000   45.0000 2738.0703   13.3859
  -15.0000  -30.0000   45.0000 2737.1138   13.3174
   -7.5000  -30.0000   45.0000 2778.2979   12.9565
    0.0000  -30.0000   45.0000 2782.5803   12.8940
  -15.0000  -22.5000   45.0000 2751.8813   13.0687
   -7.5000  -22.5000   45.0000 2792.0420   12.7015
    0.0000  -22.5000   45.0000 2788.2034   12.6747
  -15.0000  -15.0000   45.0000 2740.5327   13.1226
   -7.5000  -15.0000   45.0000 2777.4209   12.7762
    0.0000  -15.0000   45.0000 2773.9458   12.7638
  -15.0000   -7.5000   45.0000 2689.8406   13.5318
   -7.5000   -7.5000   45.0000 2722.4229   13.1802
    0.0000   -7.5000   45.0000 2723.2744   13.1519
  -15.0000    0.0000   45.0000 2621.0347   14.1894
   -7.5000    0.0000   45.0000 2652.8130   13.8186
    0.0000    0.0000   45.0000 2651.2241   13.7706
  -15.0000    7.5000   45.0000 2537.4133   15.0717
   -7.5000    7.5000   45.0000 2567.2634   14.6656
    0.0000    7.5000   45.0000 2566.7080   14.6067
  -15.0000   15.0000   45.0000 2430.3010   16.2655
   -7.5000   15.0000   45.0000 2461.5266   15.8394
    0.0000   15.0000   45.0000 2464.9832   15.7506
  -15.0000   22.5000   45.0000 2308.1382   17.8377
   -7.5000   22.5000   45.0000 2342.5037   17.3782
    0.0000   22.5000   45.0000 2339.2410   17.3067
  -15.0000   30.0000   45.0000 2174.8152   19.8691
   -7.5000   30.0000   45.0000 2204.8484   19.3926
    0.0000   30.0000   45.0000 2200.8479   19.3218
  -15.0000   37.5000   45.0000 2020.1324   22.2422
   -7.5000   37.5000   45.0000 2044.7963   21.6919
    0.0000   37.5000   45.0000 2041.6924   21.6607

---------------------------------------------------------------------
imgreg_4dfp /opt/freesurfer/average/711-2C_as_mni_average_305 /opt/freesurfer/average/711-2B_as_mni_average_305_mask talsrcimg_g11 none talsrcimg_to_711-2C_as_mni_average_305_t4 1283
---------------------------------------------------------------------

freesurfer imgreg_4dfp.c
/opt/freesurfer/average/711-2C_as_mni_average_305.4dfp.img
       256       256       256         1
  1.000000  1.000000  1.000000
orientation T byte_order littleendian
Reading image: /opt/freesurfer/average/711-2C_as_mni_average_305.4dfp.img
dimensions:      256       256       256
mmppix:       1.0000   -1.0000   -1.0000
center:     128.0000 -129.0000 -129.0000
/opt/freesurfer/average/711-2B_as_mni_average_305_mask.4dfp.img
       256       256       256         1
  1.000000  1.000000  1.000000
orientation T byte_order littleendian
Reading mask: /opt/freesurfer/average/711-2B_as_mni_average_305_mask.4dfp.img (2306576 pixels)
talsrcimg_g11.4dfp.img
       256       256       256         1
  0.898437  0.898437  0.898437
orientation T byte_order littleendian
Reading image: talsrcimg_g11.4dfp.img
dimensions:      256       256       256
mmppix:       0.8984   -0.8984   -0.8984
center:     114.9999 -115.8984 -115.8984
rotation matrix determinant  1.000000
fimgreg.f
image alignment mode   1283 decimal      503 hex
parameters
    0.0000  -15.0000    7.5000    0.0000    0.0000    0.0000
eta,q 0.94648 11.10083
niter,ni,del,rscale     5    3   12.0000    1.2000
parameter  1  0.569113 ->  0.500000 qaram    1.1500
parameter  4 -1.742962 -> -0.500000 qaram    1.1500
parameters
   -3.4500  -15.3363    8.0876    3.4500   -1.2614    2.3036
eta,q 0.95732 10.93107
  0.0514  0.0529  0.0558  0.0577  0.0484  0.0505
  0.0491  0.0513  0.0533  0.0538  0.0452  0.0474
  0.0494  0.0499  0.0508  0.0514  0.0436  0.0451
  0.0516  0.0490  0.0491  0.0488  0.0440  0.0435
  0.0561  0.0496  0.0489  0.0455  0.0463  0.0427
  0.0618  0.0515  0.0511  0.0438  0.0496  0.0431
  0.0673  0.0544  0.0543  0.0435  0.0532  0.0446
niter,ni,del,rscale     6    3   12.0000    1.2000
parameters
   -2.9287  -15.5188    8.0322    5.8909   -2.0946    2.6384
eta,q 0.95817 10.88345
  0.0592  0.0511  0.0508  0.0524  0.0476  0.0462
  0.0510  0.0475  0.0468  0.0490  0.0441  0.0438
  0.0448  0.0441  0.0437  0.0459  0.0420  0.0424
  0.0427  0.0428  0.0428  0.0428  0.0422  0.0419
  0.0444  0.0443  0.0442  0.0422  0.0441  0.0420
  0.0487  0.0477  0.0473  0.0431  0.0471  0.0433
  0.0543  0.0526  0.0509  0.0452  0.0509  0.0453
niter,ni,del,rscale     5    3   12.0000    1.2000
parameters
   -2.7834  -16.6359    8.4078    6.8218   -2.3357    2.4358
eta,q 0.95869 10.90804
  0.0576  0.0477  0.0505  0.0497  0.0477  0.0450
  0.0486  0.0432  0.0462  0.0471  0.0445  0.0425
  0.0426  0.0412  0.0425  0.0433  0.0418  0.0415
  0.0418  0.0419  0.0413  0.0414  0.0414  0.0413
  0.0444  0.0442  0.0428  0.0417  0.0428  0.0418
  0.0492  0.0483  0.0452  0.0438  0.0451  0.0433
  0.0548  0.0535  0.0481  0.0468  0.0485  0.0451
niter,ni,del,rscale     4    3   12.0000    1.2000
parameters
   -2.6816  -17.3634    8.6873    7.5299   -2.4170    2.4192
eta,q 0.95893 10.93614
  0.0563  0.0480  0.0501  0.0497  0.0477  0.0451
  0.0479  0.0435  0.0456  0.0467  0.0445  0.0424
  0.0421  0.0410  0.0418  0.0427  0.0417  0.0412
  0.0413  0.0414  0.0410  0.0411  0.0411  0.0411
  0.0436  0.0432  0.0428  0.0416  0.0425  0.0416
  0.0484  0.0467  0.0452  0.0441  0.0448  0.0430
  0.0542  0.0516  0.0478  0.0471  0.0478  0.0446
niter,ni,del,rscale     3    3   12.0000    1.2000
parameters
   -2.6202  -17.9176    8.9235    8.0961   -2.4550    2.4245
eta,q 0.95893 10.96298
  0.0557  0.0479  0.0499  0.0497  0.0478  0.0451
  0.0475  0.0436  0.0452  0.0464  0.0446  0.0425
  0.0419  0.0412  0.0414  0.0423  0.0418  0.0411
  0.0411  0.0411  0.0409  0.0410  0.0411  0.0411
  0.0433  0.0430  0.0428  0.0419  0.0425  0.0417
  0.0481  0.0459  0.0452  0.0445  0.0448  0.0430
  0.0540  0.0504  0.0476  0.0473  0.0477  0.0445
niter,ni,del,rscale     2    3   12.0000    1.2000
parameters
   -2.5646  -18.3855    9.1591    8.5970   -2.4750    2.4315
eta,q 0.95882 10.98828
  0.0555  0.0477  0.0498  0.0497  0.0480  0.0452
  0.0475  0.0437  0.0449  0.0462  0.0448  0.0427
  0.0418  0.0414  0.0413  0.0421  0.0420  0.0411
  0.0411  0.0411  0.0410  0.0411  0.0412  0.0412
  0.0434  0.0428  0.0428  0.0421  0.0426  0.0420
  0.0481  0.0456  0.0452  0.0447  0.0451  0.0432
  0.0538  0.0495  0.0474  0.0474  0.0478  0.0445
niter,ni,del,rscale     1    3   12.0000    1.2000
parameters
   -2.5046  -18.8465    9.4020    9.1203   -2.4729    2.4001
eta,q 0.95861 11.01090
  0.0555  0.0473  0.0498  0.0498  0.0483  0.0453
  0.0475  0.0435  0.0448  0.0462  0.0451  0.0429
  0.0419  0.0417  0.0413  0.0421  0.0423  0.0413
  0.0412  0.0412  0.0411  0.0413  0.0414  0.0414
  0.0436  0.0428  0.0429  0.0424  0.0428  0.0424
  0.0482  0.0454  0.0452  0.0449  0.0453  0.0435
  0.0537  0.0488  0.0472  0.0472  0.0480  0.0447
registration optimization eta report
parameter search radius
    6.9000    6.0000    6.0000    6.9000    6.0000    6.0000
100000*second partial in parameter space
       28.       19.       20.       15.       18.       10.
  0.0555  0.0473  0.0498  0.0498  0.0483  0.0453
  0.0475  0.0435  0.0448  0.0462  0.0451  0.0429
  0.0419  0.0417  0.0413  0.0421  0.0423  0.0413
  0.0412  0.0412  0.0411  0.0413  0.0414  0.0414
  0.0436  0.0428  0.0429  0.0424  0.0428  0.0424
  0.0482  0.0454  0.0452  0.0449  0.0453  0.0435
  0.0537  0.0488  0.0472  0.0472  0.0480  0.0447
   -2.5046  -18.8465    9.4020    9.1203   -2.4729    2.4001
eta,q 0.95861 11.01090

---------------------------------------------------------------------
imgreg_4dfp /opt/freesurfer/average/711-2C_as_mni_average_305 /opt/freesurfer/average/711-2B_as_mni_average_305_mask talsrcimg_g11 none talsrcimg_to_711-2C_as_mni_average_305_t4 3335
---------------------------------------------------------------------

freesurfer imgreg_4dfp.c
/opt/freesurfer/average/711-2C_as_mni_average_305.4dfp.img
       256       256       256         1
  1.000000  1.000000  1.000000
orientation T byte_order littleendian
Reading image: /opt/freesurfer/average/711-2C_as_mni_average_305.4dfp.img
dimensions:      256       256       256
mmppix:       1.0000   -1.0000   -1.0000
center:     128.0000 -129.0000 -129.0000
/opt/freesurfer/average/711-2B_as_mni_average_305_mask.4dfp.img
       256       256       256         1
  1.000000  1.000000  1.000000
orientation T byte_order littleendian
Reading mask: /opt/freesurfer/average/711-2B_as_mni_average_305_mask.4dfp.img (2306576 pixels)
talsrcimg_g11.4dfp.img
       256       256       256         1
  0.898437  0.898437  0.898437
orientation T byte_order littleendian
Reading image: talsrcimg_g11.4dfp.img
dimensions:      256       256       256
mmppix:       0.8984   -0.8984   -0.8984
center:     114.9999 -115.8984 -115.8984
fimgreg.f
image alignment mode   3335 decimal      D07 hex
parameters
   -2.5046  -18.8465    9.4020   -0.1808   -1.3222   -1.3562
   -3.4514    4.9201    4.1838  -15.6586   -4.3146   15.8361
eta,q 0.95790 10.98786
niter,ni,del,rscale     5    3    5.0000    1.2000
parameter  5  3.696972 ->  0.500000 qaram    1.1500
parameter 11  0.554886 ->  0.500000 qaram    1.1500
parameter 12 -1.021706 -> -0.500000 qaram    1.1500
parameters
   -2.4313  -19.8741   10.0313   -0.1913   -5.4622   -3.3480
   -2.4825    4.7538    5.1334  -14.9205   -8.4546   19.9761
eta,q 0.96190 10.84816
  0.0441  0.0422  0.0436  0.0432  0.0372  0.0398  0.0411  0.0421  0.0402  0.0413  0.0389  0.0409
  0.0431  0.0420  0.0428  0.0427  0.0385  0.0395  0.0402  0.0405  0.0396  0.0403  0.0388  0.0401
  0.0424  0.0420  0.0423  0.0422  0.0401  0.0392  0.0395  0.0394  0.0393  0.0396  0.0388  0.0394
  0.0421  0.0421  0.0420  0.0419  0.0419  0.0389  0.0391  0.0391  0.0391  0.0391  0.0390  0.0388
  0.0423  0.0425  0.0419  0.0420  0.0438  0.0394  0.0392  0.0395  0.0391  0.0391  0.0394  0.0383
  0.0429  0.0431  0.0421  0.0424  0.0457  0.0409  0.0396  0.0406  0.0393  0.0397  0.0399  0.0381
  0.0439  0.0439  0.0425  0.0435  0.0480  0.0432  0.0403  0.0424  0.0397  0.0407  0.0406  0.0381
niter,ni,del,rscale     7    3    5.0000    1.2000
parameter  5  1.482471 ->  0.500000 qaram    1.3225
parameters
   -2.6480  -20.6066   10.2333    1.5435  -10.2232   -3.9618
   -2.4759    4.9606    6.8918  -15.2061   -8.8028   22.5183
eta,q 0.96509 10.76080
  0.0397  0.0386  0.0392  0.0399  0.0343  0.0363  0.0372  0.0387  0.0369  0.0373  0.0362  0.0367
  0.0388  0.0382  0.0385  0.0391  0.0348  0.0359  0.0361  0.0369  0.0361  0.0361  0.0356  0.0361
  0.0382  0.0380  0.0381  0.0385  0.0360  0.0355  0.0354  0.0356  0.0355  0.0354  0.0352  0.0355
  0.0381  0.0381  0.0380  0.0380  0.0378  0.0351  0.0352  0.0352  0.0352  0.0351  0.0351  0.0351
  0.0384  0.0385  0.0381  0.0378  0.0401  0.0350  0.0354  0.0355  0.0351  0.0354  0.0353  0.0349
  0.0392  0.0392  0.0383  0.0380  0.0426  0.0357  0.0361  0.0366  0.0353  0.0363  0.0357  0.0351
  0.0404  0.0401  0.0388  0.0388  0.0451  0.0376  0.0372  0.0384  0.0358  0.0377  0.0364  0.0356
niter,ni,del,rscale     7    3    5.0000    1.2000
parameter  5  0.609522 ->  0.500000 qaram    1.5209
parameters
   -2.6474  -21.4044   10.6251    2.5756  -15.6983   -4.6121
   -2.7324    5.2018    6.8208  -16.0070   -8.7787   22.6282
eta,q 0.96616 10.55912
  0.0370  0.0354  0.0362  0.0368  0.0340  0.0346  0.0356  0.0372  0.0348  0.0350  0.0350  0.0346
  0.0359  0.0349  0.0355  0.0359  0.0338  0.0343  0.0346  0.0355  0.0342  0.0343  0.0344  0.0342
  0.0352  0.0348  0.0350  0.0352  0.0339  0.0341  0.0340  0.0343  0.0339  0.0339  0.0340  0.0339
  0.0349  0.0349  0.0348  0.0347  0.0346  0.0338  0.0338  0.0338  0.0338  0.0338  0.0338  0.0338
  0.0352  0.0354  0.0348  0.0346  0.0363  0.0337  0.0341  0.0341  0.0340  0.0341  0.0340  0.0339
  0.0359  0.0362  0.0350  0.0350  0.0390  0.0341  0.0348  0.0351  0.0343  0.0347  0.0344  0.0341
  0.0370  0.0373  0.0355  0.0361  0.0418  0.0356  0.0359  0.0368  0.0348  0.0358  0.0350  0.0346
niter,ni,del,rscale     7    3    5.0000    1.2000
parameters
   -2.5018  -22.4133   10.8541    3.3461  -18.4545   -5.5814
   -2.7146    5.4523    6.7531  -18.2207   -8.6983   22.1065
eta,q 0.96658 10.44164
  0.0362  0.0340  0.0346  0.0354  0.0347  0.0340  0.0355  0.0369  0.0346  0.0342  0.0346  0.0341
  0.0349  0.0337  0.0341  0.0347  0.0339  0.0339  0.0345  0.0352  0.0340  0.0336  0.0340  0.0337
  0.0341  0.0336  0.0337  0.0340  0.0336  0.0337  0.0339  0.0341  0.0337  0.0334  0.0336  0.0334
  0.0338  0.0338  0.0336  0.0336  0.0335  0.0335  0.0336  0.0336  0.0336  0.0336  0.0334  0.0334
  0.0340  0.0343  0.0337  0.0335  0.0341  0.0335  0.0339  0.0339  0.0337  0.0341  0.0335  0.0336
  0.0346  0.0349  0.0339  0.0339  0.0355  0.0338  0.0345  0.0349  0.0341  0.0348  0.0339  0.0338
  0.0356  0.0358  0.0343  0.0350  0.0382  0.0349  0.0355  0.0365  0.0346  0.0358  0.0346  0.0343
niter,ni,del,rscale     6    3    5.0000    1.2000
parameters
   -2.3926  -23.2431   11.0742    3.6185  -18.6137   -5.3770
   -2.6977    5.4861    7.0614  -19.9812   -8.9262   23.0353
eta,q 0.96688 10.47794
  0.0358  0.0338  0.0343  0.0350  0.0356  0.0339  0.0352  0.0365  0.0343  0.0340  0.0343  0.0343
  0.0345  0.0334  0.0338  0.0342  0.0342  0.0336  0.0342  0.0348  0.0337  0.0334  0.0336  0.0336
  0.0337  0.0333  0.0334  0.0337  0.0335  0.0334  0.0335  0.0337  0.0334  0.0331  0.0333  0.0332
  0.0334  0.0334  0.0333  0.0333  0.0332  0.0333  0.0332  0.0332  0.0332  0.0332  0.0331  0.0331
  0.0336  0.0338  0.0333  0.0333  0.0334  0.0331  0.0335  0.0336  0.0333  0.0337  0.0333  0.0332
  0.0343  0.0345  0.0336  0.0338  0.0342  0.0333  0.0342  0.0347  0.0336  0.0344  0.0337  0.0334
  0.0354  0.0353  0.0340  0.0350  0.0358  0.0341  0.0352  0.0364  0.0341  0.0354  0.0344  0.0338
niter,ni,del,rscale     5    3    5.0000    1.2000
parameters
   -2.3741  -23.9268   11.3714    3.8118  -18.2840   -5.1010
   -2.6526    5.5016    7.4435  -21.4706   -9.0097   23.9983
eta,q 0.96713 10.53463
  0.0354  0.0336  0.0342  0.0348  0.0355  0.0338  0.0351  0.0363  0.0340  0.0339  0.0341  0.0342
  0.0341  0.0332  0.0336  0.0340  0.0341  0.0334  0.0340  0.0345  0.0335  0.0332  0.0334  0.0334
  0.0334  0.0330  0.0332  0.0334  0.0333  0.0332  0.0332  0.0334  0.0331  0.0329  0.0330  0.0330
  0.0331  0.0331  0.0330  0.0330  0.0330  0.0330  0.0330  0.0330  0.0330  0.0330  0.0329  0.0329
  0.0334  0.0335  0.0331  0.0330  0.0331  0.0329  0.0332  0.0334  0.0330  0.0334  0.0330  0.0329
  0.0341  0.0340  0.0333  0.0337  0.0338  0.0331  0.0339  0.0345  0.0333  0.0341  0.0335  0.0332
  0.0353  0.0349  0.0337  0.0349  0.0353  0.0339  0.0350  0.0363  0.0338  0.0351  0.0342  0.0336
niter,ni,del,rscale     4    3    5.0000    1.2000
parameters
   -2.3534  -24.5707   11.5914    3.9370  -17.9407   -4.9846
   -2.6499    5.5637    7.4193  -22.9982   -8.9414   24.8028
eta,q 0.96734 10.58228
  0.0352  0.0334  0.0340  0.0346  0.0354  0.0337  0.0348  0.0361  0.0337  0.0336  0.0340  0.0340
  0.0339  0.0329  0.0333  0.0338  0.0340  0.0333  0.0337  0.0344  0.0332  0.0330  0.0333  0.0332
  0.0331  0.0328  0.0329  0.0332  0.0331  0.0330  0.0330  0.0332  0.0328  0.0327  0.0328  0.0328
  0.0329  0.0329  0.0328  0.0328  0.0328  0.0327  0.0327  0.0327  0.0327  0.0327  0.0327  0.0327
  0.0331  0.0332  0.0328  0.0328  0.0328  0.0326  0.0330  0.0331  0.0328  0.0332  0.0328  0.0327
  0.0339  0.0338  0.0331  0.0335  0.0336  0.0329  0.0337  0.0343  0.0332  0.0339  0.0332  0.0330
  0.0351  0.0346  0.0336  0.0347  0.0352  0.0339  0.0348  0.0360  0.0337  0.0349  0.0340  0.0335
niter,ni,del,rscale     3    3    5.0000    1.2000
parameters
   -2.3102  -25.1736   11.7915    4.0728  -17.5985   -4.8088
   -2.6002    5.6310    7.0850  -24.4905   -8.7891   25.4899
eta,q 0.96755 10.63051
  0.0351  0.0333  0.0338  0.0345  0.0353  0.0336  0.0347  0.0360  0.0334  0.0334  0.0339  0.0338
  0.0338  0.0328  0.0331  0.0337  0.0339  0.0331  0.0336  0.0342  0.0329  0.0328  0.0331  0.0330
  0.0329  0.0326  0.0327  0.0330  0.0330  0.0328  0.0328  0.0330  0.0326  0.0325  0.0327  0.0326
  0.0327  0.0327  0.0326  0.0326  0.0325  0.0325  0.0325  0.0325  0.0325  0.0325  0.0324  0.0324
  0.0329  0.0330  0.0326  0.0326  0.0326  0.0324  0.0328  0.0329  0.0327  0.0329  0.0326  0.0326
  0.0337  0.0336  0.0329  0.0334  0.0335  0.0327  0.0335  0.0340  0.0330  0.0336  0.0330  0.0329
  0.0349  0.0344  0.0334  0.0346  0.0351  0.0338  0.0346  0.0359  0.0336  0.0347  0.0338  0.0333
niter,ni,del,rscale     2    3    5.0000    1.2000
parameters
   -2.2663  -25.7580   11.9648    4.1938  -17.2951   -4.7418
   -2.4903    5.6704    6.7813  -25.7716   -8.6882   26.1647
eta,q 0.96773 10.66977
  0.0350  0.0331  0.0336  0.0344  0.0352  0.0334  0.0346  0.0358  0.0333  0.0334  0.0337  0.0337
  0.0336  0.0326  0.0329  0.0335  0.0338  0.0330  0.0334  0.0340  0.0327  0.0326  0.0330  0.0329
  0.0327  0.0324  0.0325  0.0328  0.0328  0.0326  0.0326  0.0328  0.0324  0.0323  0.0325  0.0324
  0.0325  0.0325  0.0324  0.0324  0.0324  0.0323  0.0323  0.0323  0.0323  0.0323  0.0323  0.0323
  0.0327  0.0328  0.0324  0.0324  0.0324  0.0322  0.0326  0.0327  0.0325  0.0327  0.0324  0.0324
  0.0335  0.0334  0.0327  0.0332  0.0334  0.0325  0.0333  0.0339  0.0329  0.0335  0.0329  0.0327
  0.0348  0.0343  0.0333  0.0345  0.0352  0.0338  0.0345  0.0358  0.0334  0.0345  0.0337  0.0332
niter,ni,del,rscale     1    3    5.0000    1.2000
parameters
   -2.2387  -26.2056   12.0699    4.2511  -17.1479   -4.8512
   -2.3683    5.6801    6.7226  -26.5762   -8.6720   26.7276
eta,q 0.96784 10.68801
  0.0348  0.0331  0.0334  0.0343  0.0353  0.0333  0.0345  0.0357  0.0334  0.0336  0.0336  0.0336
  0.0334  0.0325  0.0328  0.0334  0.0337  0.0328  0.0333  0.0339  0.0327  0.0326  0.0329  0.0328
  0.0326  0.0322  0.0324  0.0326  0.0327  0.0325  0.0325  0.0327  0.0323  0.0322  0.0323  0.0323
  0.0323  0.0323  0.0322  0.0322  0.0322  0.0322  0.0322  0.0322  0.0322  0.0322  0.0321  0.0321
  0.0325  0.0326  0.0323  0.0323  0.0323  0.0320  0.0325  0.0326  0.0323  0.0326  0.0323  0.0323
  0.0334  0.0332  0.0326  0.0331  0.0334  0.0325  0.0332  0.0338  0.0327  0.0333  0.0328  0.0327
  0.0347  0.0340  0.0332  0.0345  0.0354  0.0338  0.0344  0.0357  0.0334  0.0343  0.0337  0.0332
registration optimization eta report
parameter search radius
    2.4000    2.4000    2.4000    7.2000   10.9503    7.2000
    7.2000    7.2000    7.2000    7.2000    8.2800    8.2800
100000*second partial in parameter space
       43.       23.       19.        4.        3.        3.
        4.        7.        2.        3.        2.        2.
  0.0348  0.0331  0.0334  0.0343  0.0353  0.0333  0.0345  0.0357  0.0334  0.0336  0.0336  0.0336
  0.0334  0.0325  0.0328  0.0334  0.0337  0.0328  0.0333  0.0339  0.0327  0.0326  0.0329  0.0328
  0.0326  0.0322  0.0324  0.0326  0.0327  0.0325  0.0325  0.0327  0.0323  0.0322  0.0323  0.0323
  0.0323  0.0323  0.0322  0.0322  0.0322  0.0322  0.0322  0.0322  0.0322  0.0322  0.0321  0.0321
  0.0325  0.0326  0.0323  0.0323  0.0323  0.0320  0.0325  0.0326  0.0323  0.0326  0.0323  0.0323
  0.0334  0.0332  0.0326  0.0331  0.0334  0.0325  0.0332  0.0338  0.0327  0.0333  0.0328  0.0327
  0.0347  0.0340  0.0332  0.0345  0.0354  0.0338  0.0344  0.0357  0.0334  0.0343  0.0337  0.0332
   -2.2387  -26.2056   12.0699    4.2511  -17.1479   -4.8512
   -2.3683    5.6801    6.7226  -26.5762   -8.6720   26.7276
eta,q 0.96784 10.68801

---------------------------------------------------------------------
imgreg_4dfp /opt/freesurfer/average/711-2C_as_mni_average_305 /opt/freesurfer/average/711-2B_as_mni_average_305_mask talsrcimg_g11 none talsrcimg_to_711-2C_as_mni_average_305_t4 2311
---------------------------------------------------------------------

freesurfer imgreg_4dfp.c
/opt/freesurfer/average/711-2C_as_mni_average_305.4dfp.img
       256       256       256         1
  1.000000  1.000000  1.000000
orientation T byte_order littleendian
Reading image: /opt/freesurfer/average/711-2C_as_mni_average_305.4dfp.img
dimensions:      256       256       256
mmppix:       1.0000   -1.0000   -1.0000
center:     128.0000 -129.0000 -129.0000
/opt/freesurfer/average/711-2B_as_mni_average_305_mask.4dfp.img
       256       256       256         1
  1.000000  1.000000  1.000000
orientation T byte_order littleendian
Reading mask: /opt/freesurfer/average/711-2B_as_mni_average_305_mask.4dfp.img (2306576 pixels)
talsrcimg_g11.4dfp.img
       256       256       256         1
  0.898437  0.898437  0.898437
orientation T byte_order littleendian
Reading image: talsrcimg_g11.4dfp.img
dimensions:      256       256       256
mmppix:       0.8984   -0.8984   -0.8984
center:     114.9999 -115.8984 -115.8984
fimgreg.f
image alignment mode   2311 decimal      907 hex
parameters
   -2.2387  -26.2056   12.0699    4.2511  -17.1479   -4.8512
   -2.3683    5.6801    6.7226  -26.5762   -8.6720   26.7276
eta,q 0.96784 10.68801
niter,ni,del,rscale     5    3    5.0000    0.8000
parameters
   -2.2390  -26.5166   12.1205    4.5945  -16.4215   -3.3488
   -2.2769    5.6713    6.7152  -27.1578   -8.6478   26.1564
eta,q 0.96810 10.78666
  0.0333  0.0326  0.0327  0.0333  0.0329  0.0328  0.0331  0.0338  0.0325  0.0326  0.0325  0.0322
  0.0327  0.0323  0.0324  0.0328  0.0325  0.0325  0.0325  0.0328  0.0322  0.0321  0.0322  0.0320
  0.0323  0.0321  0.0322  0.0324  0.0323  0.0323  0.0321  0.0322  0.0320  0.0319  0.0320  0.0319
  0.0322  0.0322  0.0321  0.0321  0.0321  0.0321  0.0319  0.0319  0.0319  0.0319  0.0319  0.0319
  0.0323  0.0323  0.0322  0.0321  0.0321  0.0319  0.0321  0.0321  0.0320  0.0321  0.0320  0.0320
  0.0327  0.0326  0.0323  0.0325  0.0322  0.0320  0.0324  0.0328  0.0322  0.0324  0.0322  0.0322
  0.0333  0.0330  0.0326  0.0331  0.0326  0.0323  0.0330  0.0338  0.0325  0.0329  0.0325  0.0324
niter,ni,del,rscale     4    3    5.0000    0.7000
parameters
   -2.2351  -26.6297   12.2499    4.4558  -16.0574   -3.3286
   -2.3021    5.6712    6.7912  -27.4642   -8.7013   26.1935
eta,q 0.96813 10.80034
  0.0328  0.0324  0.0324  0.0327  0.0325  0.0325  0.0327  0.0333  0.0324  0.0325  0.0323  0.0322
  0.0323  0.0321  0.0321  0.0323  0.0322  0.0322  0.0323  0.0325  0.0321  0.0321  0.0321  0.0320
  0.0320  0.0319  0.0320  0.0320  0.0320  0.0320  0.0320  0.0321  0.0319  0.0319  0.0319  0.0319
  0.0319  0.0319  0.0319  0.0319  0.0319  0.0319  0.0319  0.0319  0.0319  0.0319  0.0319  0.0319
  0.0320  0.0320  0.0319  0.0320  0.0319  0.0319  0.0320  0.0320  0.0319  0.0320  0.0319  0.0319
  0.0323  0.0322  0.0320  0.0323  0.0320  0.0321  0.0323  0.0325  0.0321  0.0323  0.0321  0.0320
  0.0328  0.0325  0.0323  0.0329  0.0323  0.0326  0.0327  0.0333  0.0323  0.0326  0.0323  0.0322
niter,ni,del,rscale     3    3    5.0000    0.6000
parameters
   -2.2342  -26.7061   12.2417    4.4532  -16.0200   -3.1487
   -2.3050    5.6781    6.8318  -27.6213   -8.6926   26.1358
eta,q 0.96815 10.80957
  0.0325  0.0322  0.0322  0.0325  0.0323  0.0323  0.0325  0.0329  0.0322  0.0324  0.0322  0.0321
  0.0322  0.0320  0.0320  0.0322  0.0321  0.0322  0.0321  0.0324  0.0320  0.0320  0.0320  0.0320
  0.0319  0.0319  0.0319  0.0320  0.0319  0.0320  0.0319  0.0320  0.0319  0.0319  0.0319  0.0319
  0.0319  0.0319  0.0319  0.0319  0.0319  0.0319  0.0319  0.0319  0.0319  0.0319  0.0319  0.0319
  0.0320  0.0319  0.0319  0.0319  0.0319  0.0318  0.0319  0.0320  0.0319  0.0320  0.0319  0.0319
  0.0322  0.0321  0.0320  0.0322  0.0320  0.0320  0.0322  0.0323  0.0320  0.0321  0.0320  0.0320
  0.0325  0.0323  0.0322  0.0326  0.0323  0.0324  0.0325  0.0329  0.0322  0.0324  0.0322  0.0321
niter,ni,del,rscale     2    3    5.0000    0.5000
parameters
   -2.2341  -26.7393   12.2752    4.4786  -15.9624   -2.9106
   -2.3113    5.6766    6.8424  -27.7071   -8.6790   26.0439
eta,q 0.96817 10.82133
  0.0323  0.0321  0.0321  0.0323  0.0321  0.0322  0.0323  0.0326  0.0321  0.0322  0.0321  0.0320
  0.0321  0.0320  0.0320  0.0321  0.0320  0.0321  0.0320  0.0322  0.0320  0.0320  0.0319  0.0319
  0.0319  0.0319  0.0319  0.0319  0.0319  0.0319  0.0319  0.0319  0.0319  0.0319  0.0319  0.0318
  0.0318  0.0318  0.0318  0.0319  0.0319  0.0319  0.0318  0.0318  0.0318  0.0318  0.0318  0.0318
  0.0319  0.0319  0.0319  0.0319  0.0319  0.0318  0.0319  0.0319  0.0319  0.0319  0.0319  0.0319
  0.0321  0.0320  0.0319  0.0321  0.0320  0.0319  0.0320  0.0322  0.0320  0.0320  0.0319  0.0319
  0.0323  0.0322  0.0321  0.0324  0.0321  0.0322  0.0323  0.0326  0.0321  0.0322  0.0321  0.0320
niter,ni,del,rscale     1    3    5.0000    0.4000
parameters
   -2.2323  -26.7677   12.3034    4.4907  -15.9079   -2.7021
   -2.3210    5.6762    6.8321  -27.7906   -8.6509   25.9395
eta,q 0.96817 10.83107
  0.0321  0.0320  0.0320  0.0322  0.0320  0.0321  0.0321  0.0323  0.0320  0.0321  0.0320  0.0319
  0.0320  0.0319  0.0319  0.0320  0.0319  0.0320  0.0320  0.0321  0.0319  0.0319  0.0319  0.0319
  0.0319  0.0319  0.0319  0.0319  0.0319  0.0319  0.0319  0.0319  0.0318  0.0318  0.0318  0.0318
  0.0318  0.0318  0.0318  0.0318  0.0318  0.0318  0.0318  0.0318  0.0318  0.0318  0.0318  0.0318
  0.0319  0.0319  0.0318  0.0319  0.0319  0.0318  0.0319  0.0319  0.0319  0.0319  0.0318  0.0318
  0.0320  0.0319  0.0319  0.0320  0.0319  0.0319  0.0320  0.0321  0.0319  0.0320  0.0319  0.0319
  0.0321  0.0320  0.0320  0.0322  0.0320  0.0321  0.0321  0.0323  0.0320  0.0321  0.0320  0.0319
registration optimization eta report
parameter search radius
    0.8000    0.8000    0.8000    2.4000    2.4000    2.4000
    2.4000    2.4000    2.4000    2.4000    2.4000    2.4000
100000*second partial in parameter space
       47.       30.       23.        6.        3.        4.
        5.        9.        3.        4.        3.        2.
  0.0321  0.0320  0.0320  0.0322  0.0320  0.0321  0.0321  0.0323  0.0320  0.0321  0.0320  0.0319
  0.0320  0.0319  0.0319  0.0320  0.0319  0.0320  0.0320  0.0321  0.0319  0.0319  0.0319  0.0319
  0.0319  0.0319  0.0319  0.0319  0.0319  0.0319  0.0319  0.0319  0.0318  0.0318  0.0318  0.0318
  0.0318  0.0318  0.0318  0.0318  0.0318  0.0318  0.0318  0.0318  0.0318  0.0318  0.0318  0.0318
  0.0319  0.0319  0.0318  0.0319  0.0319  0.0318  0.0319  0.0319  0.0319  0.0319  0.0318  0.0318
  0.0320  0.0319  0.0319  0.0320  0.0319  0.0319  0.0320  0.0321  0.0319  0.0320  0.0319  0.0319
  0.0321  0.0320  0.0320  0.0322  0.0320  0.0321  0.0321  0.0323  0.0320  0.0321  0.0320  0.0319
   -2.2323  -26.7677   12.3034    4.4907  -15.9079   -2.7021
   -2.3210    5.6762    6.8321  -27.7906   -8.6509   25.9395
eta,q 0.96817 10.83107

---------------------------------------------------------------------
imgreg_4dfp /opt/freesurfer/average/711-2C_as_mni_average_305 /opt/freesurfer/average/711-2B_as_mni_average_305_mask talsrcimg_g11 none talsrcimg_to_711-2C_as_mni_average_305_t4 2311
---------------------------------------------------------------------

freesurfer imgreg_4dfp.c
/opt/freesurfer/average/711-2C_as_mni_average_305.4dfp.img
       256       256       256         1
  1.000000  1.000000  1.000000
orientation T byte_order littleendian
Reading image: /opt/freesurfer/average/711-2C_as_mni_average_305.4dfp.img
dimensions:      256       256       256
mmppix:       1.0000   -1.0000   -1.0000
center:     128.0000 -129.0000 -129.0000
/opt/freesurfer/average/711-2B_as_mni_average_305_mask.4dfp.img
       256       256       256         1
  1.000000  1.000000  1.000000
orientation T byte_order littleendian
Reading mask: /opt/freesurfer/average/711-2B_as_mni_average_305_mask.4dfp.img (2306576 pixels)
talsrcimg_g11.4dfp.img
       256       256       256         1
  0.898437  0.898437  0.898437
orientation T byte_order littleendian
Reading image: talsrcimg_g11.4dfp.img
dimensions:      256       256       256
mmppix:       0.8984   -0.8984   -0.8984
center:     114.9999 -115.8984 -115.8984
fimgreg.f
image alignment mode   2311 decimal      907 hex
parameters
   -2.2323  -26.7677   12.3034    4.4907  -15.9079   -2.7021
   -2.3210    5.6762    6.8321  -27.7906   -8.6509   25.9395
eta,q 0.96817 10.83107
niter,ni,del,rscale     5    3    5.0000    0.8000
parameters
   -2.2197  -26.7643   12.3425    4.1963  -16.0453   -3.3951
   -2.3149    5.6752    6.8786  -27.6595   -8.7821   26.4094
eta,q 0.96812 10.79459
  0.0330  0.0326  0.0325  0.0329  0.0325  0.0325  0.0330  0.0337  0.0325  0.0329  0.0324  0.0324
  0.0324  0.0322  0.0321  0.0323  0.0322  0.0322  0.0324  0.0327  0.0322  0.0323  0.0321  0.0321
  0.0320  0.0319  0.0319  0.0320  0.0319  0.0320  0.0320  0.0321  0.0320  0.0320  0.0319  0.0319
  0.0318  0.0318  0.0318  0.0318  0.0318  0.0318  0.0319  0.0319  0.0319  0.0319  0.0319  0.0319
  0.0320  0.0319  0.0319  0.0320  0.0319  0.0319  0.0320  0.0321  0.0320  0.0320  0.0320  0.0319
  0.0323  0.0322  0.0321  0.0325  0.0322  0.0324  0.0324  0.0327  0.0322  0.0323  0.0322  0.0320
  0.0330  0.0326  0.0324  0.0332  0.0326  0.0333  0.0330  0.0337  0.0325  0.0328  0.0325  0.0322
niter,ni,del,rscale     4    3    5.0000    0.7000
parameters
   -2.2292  -26.7513   12.2561    4.3636  -16.1047   -3.3869
   -2.2999    5.7011    6.8904  -27.6414   -8.7655   26.3070
eta,q 0.96813 10.79691
  0.0328  0.0325  0.0323  0.0328  0.0324  0.0325  0.0328  0.0333  0.0324  0.0326  0.0323  0.0322
  0.0323  0.0321  0.0320  0.0324  0.0321  0.0322  0.0323  0.0325  0.0321  0.0322  0.0321  0.0320
  0.0320  0.0319  0.0319  0.0321  0.0319  0.0320  0.0320  0.0321  0.0319  0.0319  0.0319  0.0319
  0.0319  0.0319  0.0319  0.0319  0.0319  0.0319  0.0319  0.0319  0.0319  0.0319  0.0319  0.0319
  0.0320  0.0320  0.0320  0.0319  0.0319  0.0319  0.0320  0.0320  0.0319  0.0320  0.0319  0.0319
  0.0323  0.0321  0.0321  0.0322  0.0321  0.0321  0.0323  0.0325  0.0321  0.0322  0.0321  0.0320
  0.0328  0.0324  0.0324  0.0328  0.0325  0.0326  0.0327  0.0333  0.0324  0.0326  0.0323  0.0322
niter,ni,del,rscale     3    3    5.0000    0.6000
parameters
   -2.2277  -26.7457   12.2562    4.4521  -16.0619   -3.1652
   -2.3085    5.7047    6.8761  -27.6790   -8.7446   26.1649
eta,q 0.96815 10.80852
  0.0325  0.0323  0.0322  0.0326  0.0323  0.0324  0.0325  0.0329  0.0322  0.0324  0.0322  0.0321
  0.0322  0.0321  0.0320  0.0322  0.0321  0.0322  0.0321  0.0323  0.0320  0.0321  0.0320  0.0319
  0.0319  0.0319  0.0319  0.0320  0.0319  0.0320  0.0319  0.0320  0.0319  0.0319  0.0319  0.0319
  0.0319  0.0319  0.0319  0.0319  0.0319  0.0319  0.0319  0.0319  0.0319  0.0319  0.0319  0.0319
  0.0320  0.0319  0.0319  0.0319  0.0319  0.0318  0.0319  0.0320  0.0319  0.0319  0.0319  0.0319
  0.0322  0.0321  0.0320  0.0321  0.0320  0.0320  0.0322  0.0323  0.0320  0.0321  0.0320  0.0320
  0.0325  0.0323  0.0322  0.0326  0.0323  0.0324  0.0325  0.0329  0.0322  0.0324  0.0322  0.0321
niter,ni,del,rscale     2    3    5.0000    0.5000
parameters
   -2.2295  -26.7581   12.2765    4.4775  -15.9864   -2.9271
   -2.3103    5.6942    6.8607  -27.7496   -8.7011   26.0341
eta,q 0.96817 10.82010
  0.0323  0.0321  0.0321  0.0323  0.0321  0.0322  0.0323  0.0326  0.0321  0.0322  0.0321  0.0320
  0.0321  0.0320  0.0320  0.0321  0.0320  0.0321  0.0320  0.0322  0.0320  0.0320  0.0320  0.0319
  0.0319  0.0319  0.0319  0.0319  0.0319  0.0319  0.0319  0.0319  0.0319  0.0319  0.0319  0.0318
  0.0319  0.0319  0.0319  0.0319  0.0319  0.0319  0.0318  0.0318  0.0318  0.0318  0.0318  0.0318
  0.0319  0.0319  0.0319  0.0319  0.0319  0.0318  0.0319  0.0319  0.0319  0.0319  0.0319  0.0319
  0.0321  0.0320  0.0319  0.0321  0.0320  0.0319  0.0320  0.0322  0.0320  0.0320  0.0319  0.0319
  0.0323  0.0322  0.0321  0.0324  0.0321  0.0322  0.0323  0.0326  0.0321  0.0322  0.0321  0.0320
niter,ni,del,rscale     1    3    5.0000    0.4000
parameters
   -2.2294  -26.7815   12.3034    4.4940  -15.9138   -2.7153
   -2.3204    5.6842    6.8493  -27.8216   -8.6654   25.9518
eta,q 0.96818 10.83094
  0.0321  0.0320  0.0320  0.0322  0.0320  0.0321  0.0321  0.0323  0.0320  0.0321  0.0320  0.0319
  0.0320  0.0319  0.0319  0.0320  0.0319  0.0320  0.0320  0.0320  0.0319  0.0319  0.0319  0.0319
  0.0319  0.0319  0.0319  0.0319  0.0319  0.0319  0.0319  0.0319  0.0318  0.0318  0.0318  0.0318
  0.0318  0.0318  0.0318  0.0318  0.0318  0.0318  0.0318  0.0318  0.0318  0.0318  0.0318  0.0318
  0.0319  0.0319  0.0318  0.0319  0.0318  0.0318  0.0319  0.0319  0.0318  0.0319  0.0318  0.0318
  0.0320  0.0319  0.0319  0.0320  0.0319  0.0319  0.0320  0.0321  0.0319  0.0320  0.0319  0.0319
  0.0321  0.0320  0.0320  0.0322  0.0320  0.0321  0.0321  0.0323  0.0320  0.0321  0.0320  0.0319
registration optimization eta report
parameter search radius
    0.8000    0.8000    0.8000    2.4000    2.4000    2.4000
    2.4000    2.4000    2.4000    2.4000    2.4000    2.4000
100000*second partial in parameter space
       47.       30.       23.        6.        3.        4.
        5.        9.        3.        4.        3.        2.
  0.0321  0.0320  0.0320  0.0322  0.0320  0.0321  0.0321  0.0323  0.0320  0.0321  0.0320  0.0319
  0.0320  0.0319  0.0319  0.0320  0.0319  0.0320  0.0320  0.0320  0.0319  0.0319  0.0319  0.0319
  0.0319  0.0319  0.0319  0.0319  0.0319  0.0319  0.0319  0.0319  0.0318  0.0318  0.0318  0.0318
  0.0318  0.0318  0.0318  0.0318  0.0318  0.0318  0.0318  0.0318  0.0318  0.0318  0.0318  0.0318
  0.0319  0.0319  0.0318  0.0319  0.0318  0.0318  0.0319  0.0319  0.0318  0.0319  0.0318  0.0318
  0.0320  0.0319  0.0319  0.0320  0.0319  0.0319  0.0320  0.0321  0.0319  0.0320  0.0319  0.0319
  0.0321  0.0320  0.0320  0.0322  0.0320  0.0321  0.0321  0.0323  0.0320  0.0321  0.0320  0.0319
   -2.2294  -26.7815   12.3034    4.4940  -15.9138   -2.7153
   -2.3204    5.6842    6.8493  -27.8216   -8.6654   25.9518
eta,q 0.96818 10.83094

---------------------------------------------------------------------
compute_vox2vox talsrcimg talsrcimg_to_711-2C_as_mni_average_305_t4 /opt/freesurfer/average/711-2C_as_mni_average_305
---------------------------------------------------------------------

freesurfer compute_vox2vox.c
Reading: talsrcimg.4dfp.ifh
Reading: talsrcimg_to_711-2C_as_mni_average_305_t4
Reading: /opt/freesurfer/average/711-2C_as_mni_average_305.4dfp.ifh
Writing: talsrcimg_to_711-2C_as_mni_average_305_t4_vox2vox.txt

start time Thu Mar 12 21:39:50 CET 2026
end		time Thu Mar 12 21:40:04 CET 2026

mpr2mni305 success

avi2talxfm orig_nu.mgz /opt/freesurfer/average/mni305.cor.mgz talsrcimg_to_711-2C_as_mni_average_305_t4_vox2vox.txt transforms/talairach.auto.xfm
avi2talxfm done
mv -f /out/sourcedata/freesurfer/sub-v2s2x29067_ses-1/mri/talsrcimg_to_711-2C_as_mni_average_305_t4_vox2vox.txt /out/sourcedata/freesurfer/sub-v2s2x29067_ses-1/mri/transforms/talsrcimg_to_711-2C_as_mni_average_305_t4_vox2vox.txt
lta_convert --src orig_nu.mgz --trg /opt/freesurfer/average/mni305.cor.mgz --inxfm transforms/talairach.auto.xfm --outlta transforms/talairach.auto.xfm.lta --subject fsaverage
7.3.2

--src: orig_nu.mgz src image (geometry).
--trg: /opt/freesurfer/average/mni305.cor.mgz trg image (geometry).
--inmni: transforms/talairach.auto.xfm input MNI/XFM transform.
--outlta: transforms/talairach.auto.xfm.lta output LTA.
--s: fsaverage subject name
 LTA read, type : 1
 0.95072  -0.04415   0.03986   7.15271;
 0.09680   0.94004  -0.28746  -5.48779;
-0.04541   0.31463   1.09089  -3.00208;
 0.00000   0.00000   0.00000   1.00000;
setting subject to fsaverage
Writing  LTA to file transforms/talairach.auto.xfm.lta...
lta_convert successful.
 
 
Started at Thu Mar 12 21:39:50 CET 2026
Ended   at Thu Mar 12 21:40:04 CET 2026
talairach_avi done
