/out/sourcedata/freesurfer/sub-v2s2x29090_ses-1/mri
/opt/freesurfer/bin/talairach_avi
--i orig_nu.mgz --xfm transforms/talairach.auto.xfm
talairach_avi 7.3.2
Linux dna003 5.14.0-427.37.1.el9_4.x86_64 #1 SMP PREEMPT_DYNAMIC Fri Sep 13 12:41:50 EDT 2024 x86_64 x86_64 x86_64 GNU/Linux
Thu Mar 12 22:56:06 CET 2026
mri_convert orig_nu.mgz talsrcimg.img 
reading from orig_nu.mgz...
TR=0.00, TE=0.00, TI=0.00, flip angle=0.00
i_ras = (-1, 0, 0)
j_ras = (0, 0, -1)
k_ras = (0, 1, 0)
writing to talsrcimg.img...
Analyze Output Matrix
-0.89844   0.00000   0.00000   119.01715;
 0.00000   0.00000   0.89844  -100.86139;
 0.00000  -0.89844   0.00000   178.63091;
 0.00000   0.00000   0.00000   1.00000;
--------------------
INFO: set hdr.hist.orient to -1
mpr2mni305 talsrcimg
Thu Mar 12 22:56:06 CET 2026
/opt/freesurfer/bin/mpr2mni305 talsrcimg
mpr2mni305 7.3.2
target=711-2C_as_mni_average_305

---------------------------------------------------------------------
analyzeto4dfp talsrcimg -O0 -y
---------------------------------------------------------------------

freesurfer ifh2hdr.c
Thu Mar 12 22:56:06 2026
Writing: talsrcimg.4dfp.hdr
freesurfer analyzeto4dfp.c
Reading: talsrcimg.hdr
header size 348 bytes
hdr.dime.datatype	offset=70	value=2
hdr.dime.bitpix		offset=72	value=8
hdr.hist.orient		offset=252	value=-1
dimensionality     4
dimensions       256       256       256         1
Reading: talsrcimg.img
Writing: talsrcimg.4dfp.img
Writing: talsrcimg.4dfp.ifh
ifh2hdr talsrcimg -r0to255
ori=2

---------------------------------------------------------------------
gauss_4dfp talsrcimg 1.1
---------------------------------------------------------------------

freesurfer gauss_4dfp.c
Reading: talsrcimg.4dfp.img
Writing: talsrcimg_g11.4dfp.img
image dimensions 256 256 256 padded to 288 288 288
processing volume 1freesurfer ifh2hdr.c
Thu Mar 12 22:56:08 2026
Writing: talsrcimg_g11.4dfp.hdr

Writing: talsrcimg_g11.4dfp.ifh
including: talsrcimg.4dfp.img.rec in talsrcimg_g11.4dfp.img.rec

---------------------------------------------------------------------
imgreg_4dfp /opt/freesurfer/average/711-2C_as_mni_average_305 none talsrcimg_g11 none talsrcimg_to_711-2C_as_mni_average_305_t4 4355
---------------------------------------------------------------------

freesurfer imgreg_4dfp.c
/opt/freesurfer/average/711-2C_as_mni_average_305.4dfp.img
       256       256       256         1
  1.000000  1.000000  1.000000
orientation T byte_order littleendian
Reading image: /opt/freesurfer/average/711-2C_as_mni_average_305.4dfp.img
dimensions:      256       256       256
mmppix:       1.0000   -1.0000   -1.0000
center:     128.0000 -129.0000 -129.0000
talsrcimg_g11.4dfp.img
       256       256       256         1
  0.898437  0.898437  0.898437
orientation T byte_order littleendian
Reading image: talsrcimg_g11.4dfp.img
dimensions:      256       256       256
mmppix:       0.8984   -0.8984   -0.8984
center:     114.9999 -115.8984 -115.8984
t4_read: open error in t4_sub.f l:  41 t4_file(1:l)talsrcimg_to_711-2C_as_mni_average_305_t4 
t4_read: transform initialized to I4
rotation matrix determinant  1.000000
image alignment mode   4355 decimal     1103 hex
   -7.5000  -45.0000  -45.0000 6082.0386   11.7802
    0.0000  -45.0000  -45.0000 6106.2910   11.8351
    7.5000  -45.0000  -45.0000 5747.4316   11.8950
   -7.5000  -37.5000  -45.0000 6505.8247   12.5217
    0.0000  -37.5000  -45.0000 6520.8979   12.5761
    7.5000  -37.5000  -45.0000 6133.1987   12.6332
   -7.5000  -30.0000  -45.0000 6906.4697   12.9083
    0.0000  -30.0000  -45.0000 6926.2651   12.9539
    7.5000  -30.0000  -45.0000 6503.2119   13.0067
   -7.5000  -22.5000  -45.0000 7347.6250   12.8966
    0.0000  -22.5000  -45.0000 7374.5835   12.9348
    7.5000  -22.5000  -45.0000 6934.5688   12.9880
   -7.5000  -15.0000  -45.0000 7759.0845   12.8936
    0.0000  -15.0000  -45.0000 7785.7646   12.9354
    7.5000  -15.0000  -45.0000 7325.0098   12.9952
   -7.5000   -7.5000  -45.0000 7849.1284   12.9023
    0.0000   -7.5000  -45.0000 7887.7686   12.9547
    7.5000   -7.5000  -45.0000 7409.6074   13.0204
   -7.5000    0.0000  -45.0000 7943.6997   12.9135
    0.0000    0.0000  -45.0000 7980.0664   12.9738
    7.5000    0.0000  -45.0000 7490.6177   13.0393
   -7.5000    7.5000  -45.0000 7647.8130   12.9165
    0.0000    7.5000  -45.0000 7676.6528   12.9726
    7.5000    7.5000  -45.0000 7211.5552   13.0315
   -7.5000   15.0000  -45.0000 7408.7310   12.9083
    0.0000   15.0000  -45.0000 7418.7876   12.9539
    7.5000   15.0000  -45.0000 6974.0532   13.0067
   -7.5000   22.5000  -45.0000 6775.4941   12.7231
    0.0000   22.5000  -45.0000 6796.9390   12.7608
    7.5000   22.5000  -45.0000 6370.7827   12.8133
   -7.5000   30.0000  -45.0000 6204.3457   12.3809
    0.0000   30.0000  -45.0000 6218.6323   12.4210
    7.5000   30.0000  -45.0000 5822.7476   12.4785
   -7.5000   37.5000  -45.0000 5623.9497   12.0569
    0.0000   37.5000  -45.0000 5627.3545   12.1071
    7.5000   37.5000  -45.0000 5297.6411   12.1694
   -7.5000   45.0000  -45.0000 5092.3257   12.0130
    0.0000   45.0000  -45.0000 5098.7549   12.0735
    7.5000   45.0000  -45.0000 4800.0723   12.1399
   -7.5000  -45.0000  -37.5000 6680.9775   12.3488
    0.0000  -45.0000  -37.5000 6705.1714   12.3998
    7.5000  -45.0000  -37.5000 6299.2661   12.4644
   -7.5000  -37.5000  -37.5000 7111.4385   13.1216
    0.0000  -37.5000  -37.5000 7115.9541   13.1669
    7.5000  -37.5000  -37.5000 6707.8784   13.2299
   -7.5000  -30.0000  -37.5000 7549.2549   13.4958
    0.0000  -30.0000  -37.5000 7573.9551   13.5321
    7.5000  -30.0000  -37.5000 7097.3228   13.5929
   -7.5000  -22.5000  -37.5000 8046.5547   13.4861
    0.0000  -22.5000  -37.5000 8068.3022   13.5204
    7.5000  -22.5000  -37.5000 7563.5977   13.5828
   -7.5000  -15.0000  -37.5000 8463.2979   13.4929
    0.0000  -15.0000  -37.5000 8495.1123   13.5357
    7.5000  -15.0000  -37.5000 7982.6738   13.6038
   -7.5000   -7.5000  -37.5000 8539.8477   13.5093
    0.0000   -7.5000  -37.5000 8569.0889   13.5626
    7.5000   -7.5000  -37.5000 8063.2510   13.6347
   -7.5000    0.0000  -37.5000 8617.9932   13.5195
    0.0000    0.0000  -37.5000 8643.0732   13.5754
    7.5000    0.0000  -37.5000 8131.5767   13.6462
   -7.5000    7.5000  -37.5000 8278.6904   13.5114
    0.0000    7.5000  -37.5000 8297.8848   13.5581
    7.5000    7.5000  -37.5000 7799.0928   13.6229
   -7.5000   15.0000  -37.5000 7978.8516   13.4951
    0.0000   15.0000  -37.5000 7995.4180   13.5315
    7.5000   15.0000  -37.5000 7499.1519   13.5922
   -7.5000   22.5000  -37.5000 7291.0488   13.3058
    0.0000   22.5000  -37.5000 7306.4868   13.3396
    7.5000   22.5000  -37.5000 6837.5117   13.4012
   -7.5000   30.0000  -37.5000 6656.8696   12.9656
    0.0000   30.0000  -37.5000 6671.6665   13.0067
    7.5000   30.0000  -37.5000 6250.3784   13.0722
   -7.5000   37.5000  -37.5000 6032.6372   12.6348
    0.0000   37.5000  -37.5000 6031.7949   12.6859
    7.5000   37.5000  -37.5000 5663.7056   12.7547
   -7.5000   45.0000  -37.5000 5449.6362   12.5731
    0.0000   45.0000  -37.5000 5439.5117   12.6309
    7.5000   45.0000  -37.5000 5124.1406   12.7036
   -7.5000  -45.0000  -30.0000 7258.5425   12.8642
    0.0000  -45.0000  -30.0000 7283.4839   12.9030
    7.5000  -45.0000  -30.0000 6837.8403   12.9635
   -7.5000  -37.5000  -30.0000 7688.1655   13.6746
    0.0000  -37.5000  -30.0000 7706.6597   13.7052
    7.5000  -37.5000  -30.0000 7241.9434   13.7636
   -7.5000  -30.0000  -30.0000 8164.4126   14.0504
    0.0000  -30.0000  -30.0000 8186.1919   14.0739
    7.5000  -30.0000  -30.0000 7663.8823   14.1301
   -7.5000  -22.5000  -30.0000 8716.5176   14.0466
    0.0000  -22.5000  -30.0000 8741.7363   14.0725
    7.5000  -22.5000  -30.0000 8178.9448   14.1312
   -7.5000  -15.0000  -30.0000 9156.5312   14.0540
    0.0000  -15.0000  -30.0000 9226.1650   14.0900
    7.5000  -15.0000  -30.0000 8613.2158   14.1545
   -7.5000   -7.5000  -30.0000 9212.7178   14.0649
    0.0000   -7.5000  -30.0000 9270.0957   14.1092
    7.5000   -7.5000  -30.0000 8684.4941   14.1771
   -7.5000    0.0000  -30.0000 9260.5674   14.0692
    0.0000    0.0000  -30.0000 9305.7715   14.1117
    7.5000    0.0000  -30.0000 8737.4775   14.1779
   -7.5000    7.5000  -30.0000 8852.6182   14.0595
    0.0000    7.5000  -30.0000 8872.8730   14.0911
    7.5000    7.5000  -30.0000 8325.8789   14.1511
   -7.5000   15.0000  -30.0000 8526.9580   14.0484
    0.0000   15.0000  -30.0000 8536.6914   14.0719
    7.5000   15.0000  -30.0000 8022.5400   14.1282
   -7.5000   22.5000  -30.0000 7788.3213   13.8594
    0.0000   22.5000  -30.0000 7795.3887   13.8850
    7.5000   22.5000  -30.0000 7345.1255   13.9429
   -7.5000   30.0000  -30.0000 7106.9585   13.5146
    0.0000   30.0000  -30.0000 7107.2690   13.5493
    7.5000   30.0000  -30.0000 6684.0405   13.6113
   -7.5000   37.5000  -30.0000 6413.7964   13.1730
    0.0000   37.5000  -30.0000 6422.7749   13.2159
    7.5000   37.5000  -30.0000 6033.9067   13.2809
   -7.5000   45.0000  -30.0000 5799.3335   13.1021
    0.0000   45.0000  -30.0000 5790.2339   13.1497
    7.5000   45.0000  -30.0000 5458.8120   13.2171
   -7.5000  -45.0000  -22.5000 7776.4351   13.3999
    0.0000  -45.0000  -22.5000 7821.1821   13.4290
    7.5000  -45.0000  -22.5000 7360.8530   13.4813
   -7.5000  -37.5000  -22.5000 8246.3828   14.2629
    0.0000  -37.5000  -22.5000 8289.5459   14.2870
    7.5000  -37.5000  -22.5000 7782.0879   14.3355
   -7.5000  -30.0000  -22.5000 8757.4404   14.6490
    0.0000  -30.0000  -22.5000 8797.3262   14.6684
    7.5000  -30.0000  -22.5000 8234.2109   14.7126
   -7.5000  -22.5000  -22.5000 9346.5830   14.6454
    0.0000  -22.5000  -22.5000 9405.9541   14.6666
    7.5000  -22.5000  -22.5000 8783.6943   14.7133
   -7.5000  -15.0000  -22.5000 9828.6465   14.6429
    0.0000  -15.0000  -22.5000 9907.7197   14.6703
    7.5000  -15.0000  -22.5000 9247.8135   14.7240
   -7.5000   -7.5000  -22.5000 9872.2783   14.6438
    0.0000   -7.5000  -22.5000 9951.3369   14.6763
    7.5000   -7.5000  -22.5000 9309.9102   14.7347
   -7.5000    0.0000  -22.5000 9915.8486   14.6467
    0.0000    0.0000  -22.5000 9997.3896   14.6786
    7.5000    0.0000  -22.5000 9348.9141   14.7357
   -7.5000    7.5000  -22.5000 9453.3799   14.6462
    0.0000    7.5000  -22.5000 9496.2598   14.6710
    7.5000    7.5000  -22.5000 8867.5684   14.7207
   -7.5000   15.0000  -22.5000 9098.2002   14.6455
    0.0000   15.0000  -22.5000 9137.7891   14.6649
    7.5000   15.0000  -22.5000 8560.9893   14.7090
   -7.5000   22.5000  -22.5000 8299.7656   14.4516
    0.0000   22.5000  -22.5000 8320.0840   14.4726
    7.5000   22.5000  -22.5000 7813.0610   14.5186
   -7.5000   30.0000  -22.5000 7540.3423   14.0912
    0.0000   30.0000  -22.5000 7563.1494   14.1177
    7.5000   30.0000  -22.5000 7098.1631   14.1693
   -7.5000   37.5000  -22.5000 6797.4814   13.7340
    0.0000   37.5000  -22.5000 6813.2476   13.7663
    7.5000   37.5000  -22.5000 6388.0840   13.8224
   -7.5000   45.0000  -22.5000 6140.0312   13.6729
    0.0000   45.0000  -22.5000 6130.5361   13.7117
    7.5000   45.0000  -22.5000 5772.0073   13.7685
   -7.5000  -45.0000  -15.0000 8303.0508   13.8813
    0.0000  -45.0000  -15.0000 8356.9014   13.9151
    7.5000  -45.0000  -15.0000 7865.4824   13.9645
   -7.5000  -37.5000  -15.0000 8802.1035   14.7875
    0.0000  -37.5000  -15.0000 8842.0537   14.8225
    7.5000  -37.5000  -15.0000 8303.2285   14.8670
   -7.5000  -30.0000  -15.0000 9337.9746   15.1810
    0.0000  -30.0000  -15.0000 9367.7744   15.2115
    7.5000  -30.0000  -15.0000 8795.0752   15.2496
   -7.5000  -22.5000  -15.0000 9927.2471   15.1708
    0.0000  -22.5000  -15.000010000.2139   15.1972
    7.5000  -22.5000  -15.0000 9347.1699   15.2369
   -7.5000  -15.0000  -15.000010460.4336   15.1550
    0.0000  -15.0000  -15.000010554.9932   15.1817
    7.5000  -15.0000  -15.0000 9846.7061   15.2293
   -7.5000   -7.5000  -15.000010524.7676   15.1496
    0.0000   -7.5000  -15.000010630.5029   15.1811
    7.5000   -7.5000  -15.0000 9901.9883   15.2352
   -7.5000    0.0000  -15.000010571.4277   15.1582
    0.0000    0.0000  -15.000010666.9092   15.1951
    7.5000    0.0000  -15.0000 9929.3750   15.2491
   -7.5000    7.5000  -15.000010020.0908   15.1702
    0.0000    7.5000  -15.000010075.2725   15.2060
    7.5000    7.5000  -15.0000 9387.5518   15.2517
   -7.5000   15.0000  -15.0000 9638.3828   15.1764
    0.0000   15.0000  -15.0000 9679.6758   15.2068
    7.5000   15.0000  -15.0000 9060.2188   15.2449
   -7.5000   22.5000  -15.0000 8795.9414   14.9724
    0.0000   22.5000  -15.0000 8824.0283   14.9984
    7.5000   22.5000  -15.0000 8269.3711   15.0376
   -7.5000   30.0000  -15.0000 7961.5098   14.5951
    0.0000   30.0000  -15.0000 8006.5317   14.6207
    7.5000   30.0000  -15.0000 7511.6729   14.6666
   -7.5000   37.5000  -15.0000 7153.9531   14.2290
    0.0000   37.5000  -15.0000 7184.7524   14.2604
    7.5000   37.5000  -15.0000 6721.7065   14.3122
   -7.5000   45.0000  -15.0000 6446.2534   14.1834
    0.0000   45.0000  -15.0000 6461.7744   14.2258
    7.5000   45.0000  -15.0000 6057.4663   14.2785
   -7.5000  -45.0000   -7.5000 8571.3291   13.8843
    0.0000  -45.0000   -7.5000 8620.8047   13.9336
    7.5000  -45.0000   -7.5000 8133.1011   13.9905
   -7.5000  -37.5000   -7.5000 9057.3643   14.7920
    0.0000  -37.5000   -7.5000 9102.0537   14.8444
    7.5000  -37.5000   -7.5000 8586.2744   14.8971
   -7.5000  -30.0000   -7.5000 9591.7891   15.1812
    0.0000  -30.0000   -7.5000 9638.4014   15.2265
    7.5000  -30.0000   -7.5000 9068.9219   15.2727
   -7.5000  -22.5000   -7.500010220.9668   15.1651
    0.0000  -22.5000   -7.500010320.7490   15.2016
    7.5000  -22.5000   -7.5000 9645.1084   15.2482
   -7.5000  -15.0000   -7.500010768.2041   15.1478
    0.0000  -15.0000   -7.500010888.0264   15.1838
    7.5000  -15.0000   -7.500010144.1221   15.2383
   -7.5000   -7.5000   -7.500010844.1162   15.1468
    0.0000   -7.5000   -7.500010943.8311   15.1912
    7.5000   -7.5000   -7.500010209.2666   15.2527
   -7.5000    0.0000   -7.500010865.4561   15.1615
    0.0000    0.0000   -7.500010956.9297   15.2154
    7.5000    0.0000   -7.500010206.0059   15.2774
   -7.5000    7.5000   -7.500010258.1582   15.1748
    0.0000    7.5000   -7.500010308.4287   15.2286
    7.5000    7.5000   -7.5000 9610.8857   15.2826
   -7.5000   15.0000   -7.5000 9832.6982   15.1765
    0.0000   15.0000   -7.5000 9878.0264   15.2218
    7.5000   15.0000   -7.5000 9233.1377   15.2680
   -7.5000   22.5000   -7.5000 8986.8301   14.9667
    0.0000   22.5000   -7.5000 9042.7266   15.0027
    7.5000   22.5000   -7.5000 8448.3838   15.0488
   -7.5000   30.0000   -7.5000 8141.8008   14.5881
    0.0000   30.0000   -7.5000 8183.5664   14.6228
    7.5000   30.0000   -7.5000 7664.2651   14.6753
   -7.5000   37.5000   -7.5000 7299.5654   14.2271
    0.0000   37.5000   -7.5000 7343.2090   14.2702
    7.5000   37.5000   -7.5000 6862.7451   14.3290
   -7.5000   45.0000   -7.5000 6556.5728   14.1849
    0.0000   45.0000   -7.5000 6592.6113   14.2409
    7.5000   45.0000   -7.5000 6161.5317   14.3025
   -7.5000  -45.0000    0.0000 8654.9805   14.2297
    0.0000  -45.0000    0.0000 8678.9932   14.2928
    7.5000  -45.0000    0.0000 8229.4980   14.3634
   -7.5000  -37.5000    0.0000 9142.8320   15.1424
    0.0000  -37.5000    0.0000 9144.8096   15.2045
    7.5000  -37.5000    0.0000 8671.3281   15.2719
   -7.5000  -30.0000    0.0000 9731.2861   15.5197
    0.0000  -30.0000    0.0000 9751.0762   15.5712
    7.5000  -30.0000    0.0000 9182.9365   15.6334
   -7.5000  -22.5000    0.000010417.7998   15.5033
    0.0000  -22.5000    0.000010509.9600   15.5465
    7.5000  -22.5000    0.0000 9794.5371   15.6093
   -7.5000  -15.0000    0.000010954.7109   15.4970
    0.0000  -15.0000    0.000011049.3398   15.5447
    7.5000  -15.0000    0.000010302.1572   15.6153
   -7.5000   -7.5000    0.000010978.2178   15.5073
    0.0000   -7.5000    0.000011031.0762   15.5674
    7.5000   -7.5000    0.000010348.9893   15.6446
   -7.5000    0.0000    0.000010958.3203   15.5233
    0.0000    0.0000    0.000010974.8652   15.5921
    7.5000    0.0000    0.000010332.5117   15.6691
   -7.5000    7.5000    0.000010278.7471   15.5240
    0.0000    7.5000    0.000010277.7549   15.5877
    7.5000    7.5000    0.0000 9669.0352   15.6568
   -7.5000   15.0000    0.0000 9851.5234   15.5142
    0.0000   15.0000    0.0000 9866.6924   15.5657
    7.5000   15.0000    0.0000 9265.3750   15.6279
   -7.5000   22.5000    0.0000 9026.8848   15.3027
    0.0000   22.5000    0.0000 9048.1816   15.3453
    7.5000   22.5000    0.0000 8472.6748   15.4073
   -7.5000   30.0000    0.0000 8190.6294   14.9334
    0.0000   30.0000    0.0000 8228.6484   14.9794
    7.5000   30.0000    0.0000 7683.7549   15.0474
   -7.5000   37.5000    0.0000 7330.6987   14.5852
    0.0000   37.5000    0.0000 7364.3711   14.6430
    7.5000   37.5000    0.0000 6873.3960   14.7168
   -7.5000   45.0000    0.0000 6542.4067   14.5508
    0.0000   45.0000    0.0000 6576.9673   14.6205
    7.5000   45.0000    0.0000 6146.6431   14.6990
   -7.5000  -45.0000    7.5000 8419.2920   14.2249
    0.0000  -45.0000    7.5000 8431.5371   14.2834
    7.5000  -45.0000    7.5000 8006.4541   14.3574
   -7.5000  -37.5000    7.5000 8862.7588   15.1244
    0.0000  -37.5000    7.5000 8880.1133   15.1762
    7.5000  -37.5000    7.5000 8417.8750   15.2482
   -7.5000  -30.0000    7.5000 9519.3203   15.4945
    0.0000  -30.0000    7.5000 9549.5596   15.5357
    7.5000  -30.0000    7.5000 8962.5117   15.6048
   -7.5000  -22.5000    7.500010306.5098   15.4842
    0.0000  -22.5000    7.500010384.9463   15.5230
    7.5000  -22.5000    7.5000 9628.6904   15.5939
   -7.5000  -15.0000    7.500010865.7012   15.4904
    0.0000  -15.0000    7.500010912.6074   15.5391
    7.5000  -15.0000    7.500010157.8760   15.6166
   -7.5000   -7.5000    7.500010778.4004   15.5070
    0.0000   -7.5000    7.500010797.5283   15.5679
    7.5000   -7.5000    7.500010162.0107   15.6501
   -7.5000    0.0000    7.500010688.0430   15.5181
    0.0000    0.0000    7.500010686.3945   15.5818
    7.5000    0.0000    7.500010100.2119   15.6626
   -7.5000    7.5000    7.5000 9969.9824   15.5056
    0.0000    7.5000    7.5000 9950.7939   15.5586
    7.5000    7.5000    7.5000 9406.4551   15.6325
   -7.5000   15.0000    7.5000 9570.3223   15.4890
    0.0000   15.0000    7.5000 9564.4346   15.5302
    7.5000   15.0000    7.5000 8982.2510   15.5992
   -7.5000   22.5000    7.5000 8773.4375   15.2838
    0.0000   22.5000    7.5000 8754.1445   15.3221
    7.5000   22.5000    7.5000 8213.9541   15.3921
   -7.5000   30.0000    7.5000 7954.9619   14.9270
    0.0000   30.0000    7.5000 7962.2778   14.9740
    7.5000   30.0000    7.5000 7438.5957   15.0486
   -7.5000   37.5000    7.5000 7104.8423   14.5861
    0.0000   37.5000    7.5000 7109.6455   14.6448
    7.5000   37.5000    7.5000 6642.3467   14.7236
   -7.5000   45.0000    7.5000 6322.9717   14.5472
    0.0000   45.0000    7.5000 6319.8765   14.6137
    7.5000   45.0000    7.5000 5927.6577   14.6972
   -7.5000  -45.0000   15.0000 8438.3301   14.2227
    0.0000  -45.0000   15.0000 8447.5156   14.2656
    7.5000  -45.0000   15.0000 8042.9556   14.3325
   -7.5000  -37.5000   15.0000 8855.1279   15.1206
    0.0000  -37.5000   15.0000 8873.7500   15.1544
    7.5000  -37.5000   15.0000 8436.6562   15.2190
   -7.5000  -30.0000   15.0000 9506.5615   15.4949
    0.0000  -30.0000   15.0000 9532.2520   15.5208
    7.5000  -30.0000   15.0000 8973.8271   15.5828
   -7.5000  -22.5000   15.000010372.6475   15.4908
    0.0000  -22.5000   15.000010414.9678   15.5194
    7.5000  -22.5000   15.0000 9673.0586   15.5841
   -7.5000  -15.0000   15.000010989.4639   15.4989
    0.0000  -15.0000   15.000010988.3896   15.5387
    7.5000  -15.0000   15.000010234.5225   15.6098
   -7.5000   -7.5000   15.000010874.6924   15.5110
    0.0000   -7.5000   15.000010842.8809   15.5597
    7.5000   -7.5000   15.000010215.7031   15.6346
   -7.5000    0.0000   15.000010731.5273   15.5156
    0.0000    0.0000   15.000010705.9238   15.5625
    7.5000    0.0000   15.000010128.7021   15.6354
   -7.5000    7.5000   15.0000 9940.6650   15.5016
    0.0000    7.5000   15.0000 9917.7900   15.5363
    7.5000    7.5000   15.0000 9380.7373   15.6026
   -7.5000   15.0000   15.0000 9523.0879   15.4894
    0.0000   15.0000   15.0000 9518.6934   15.5153
    7.5000   15.0000   15.0000 8960.7012   15.5773
   -7.5000   22.5000   15.0000 8736.4014   15.2903
    0.0000   22.5000   15.0000 8701.3584   15.3185
    7.5000   22.5000   15.0000 8192.3164   15.3824
   -7.5000   30.0000   15.0000 7903.5532   14.9352
    0.0000   30.0000   15.0000 7873.9805   14.9736
    7.5000   30.0000   15.0000 7391.4810   15.0421
   -7.5000   37.5000   15.0000 7041.9014   14.5890
    0.0000   37.5000   15.0000 7020.4414   14.6366
    7.5000   37.5000   15.0000 6589.2227   14.7086
   -7.5000   45.0000   15.0000 6249.4468   14.5467
    0.0000   45.0000   15.0000 6236.9028   14.5995
    7.5000   45.0000   15.0000 5857.3267   14.6743
   -7.5000  -45.0000   22.5000 8063.1743   14.3192
    0.0000  -45.0000   22.5000 8131.6382   14.3506
    7.5000  -45.0000   22.5000 7664.1328   14.4070
   -7.5000  -37.5000   22.5000 8461.0752   15.2344
    0.0000  -37.5000   22.5000 8527.8779   15.2603
    7.5000  -37.5000   22.5000 8033.0337   15.3125
   -7.5000  -30.0000   22.5000 8969.4912   15.6236
    0.0000  -30.0000   22.5000 9049.1660   15.6442
    7.5000  -30.0000   22.5000 8495.3086   15.6916
   -7.5000  -22.5000   22.5000 9657.3105   15.6205
    0.0000  -22.5000   22.5000 9737.0020   15.6430
    7.5000  -22.5000   22.5000 9071.5850   15.6930
   -7.5000  -15.0000   22.500010257.2119   15.6182
    0.0000  -15.0000   22.500010295.2783   15.6474
    7.5000  -15.0000   22.5000 9588.9141   15.7049
   -7.5000   -7.5000   22.500010252.4209   15.6186
    0.0000   -7.5000   22.500010280.9658   15.6534
    7.5000   -7.5000   22.5000 9614.8193   15.7162
   -7.5000    0.0000   22.500010170.9004   15.6209
    0.0000    0.0000   22.500010184.5391   15.6552
    7.5000    0.0000   22.5000 9592.7441   15.7167
   -7.5000    7.5000   22.5000 9396.8174   15.6183
    0.0000    7.5000   22.5000 9406.0234   15.6449
    7.5000    7.5000   22.5000 8872.2598   15.6984
   -7.5000   15.0000   22.5000 8976.6738   15.6181
    0.0000   15.0000   22.5000 8979.6338   15.6387
    7.5000   15.0000   22.5000 8480.5000   15.6860
   -7.5000   22.5000   22.5000 8243.6445   15.4184
    0.0000   22.5000   22.5000 8229.8955   15.4406
    7.5000   22.5000   22.5000 7775.7607   15.4899
   -7.5000   30.0000   22.5000 7466.0195   15.0502
    0.0000   30.0000   22.5000 7447.0044   15.0783
    7.5000   30.0000   22.5000 7031.5200   15.1337
   -7.5000   37.5000   22.5000 6632.0303   14.6888
    0.0000   37.5000   22.5000 6615.4702   14.7235
    7.5000   37.5000   22.5000 6245.2051   14.7839
   -7.5000   45.0000   22.5000 5878.2266   14.6495
    0.0000   45.0000   22.5000 5867.8726   14.6914
    7.5000   45.0000   22.5000 5542.1626   14.7528
   -7.5000  -45.0000   30.0000 7596.2358   14.4159
    0.0000  -45.0000   30.0000 7665.1802   14.4512
    7.5000  -45.0000   30.0000 7223.1802   14.5043
   -7.5000  -37.5000   30.0000 7964.6060   15.3570
    0.0000  -37.5000   30.0000 8036.0000   15.3937
    7.5000  -37.5000   30.0000 7579.7090   15.4417
   -7.5000  -30.0000   30.0000 8417.6465   15.7603
    0.0000  -30.0000   30.0000 8482.9766   15.7924
    7.5000  -30.0000   30.0000 8006.5562   15.8337
   -7.5000  -22.5000   30.0000 8949.4375   15.7523
    0.0000  -22.5000   30.0000 9000.6621   15.7800
    7.5000  -22.5000   30.0000 8505.9453   15.8229
   -7.5000  -15.0000   30.0000 9433.7627   15.7373
    0.0000  -15.0000   30.0000 9474.2686   15.7652
    7.5000  -15.0000   30.0000 8964.9209   15.8163
   -7.5000   -7.5000   30.0000 9484.9277   15.7301
    0.0000   -7.5000   30.0000 9539.2256   15.7630
    7.5000   -7.5000   30.0000 9022.4736   15.8209
   -7.5000    0.0000   30.0000 9485.1475   15.7360
    0.0000    0.0000   30.0000 9523.6309   15.7746
    7.5000    0.0000   30.0000 9023.6631   15.8325
   -7.5000    7.5000   30.0000 8811.3457   15.7466
    0.0000    7.5000   30.0000 8832.8457   15.7843
    7.5000    7.5000   30.0000 8374.0488   15.8335
   -7.5000   15.0000   30.0000 8447.2852   15.7547
    0.0000   15.0000   30.0000 8448.0020   15.7867
    7.5000   15.0000   30.0000 8000.2095   15.8281
   -7.5000   22.5000   30.0000 7739.4316   15.5471
    0.0000   22.5000   30.0000 7723.7651   15.5744
    7.5000   22.5000   30.0000 7312.7046   15.6168
   -7.5000   30.0000   30.0000 6988.5439   15.1719
    0.0000   30.0000   30.0000 6983.3120   15.1988
    7.5000   30.0000   30.0000 6608.8447   15.2481
   -7.5000   37.5000   30.0000 6175.5908   14.8074
    0.0000   37.5000   30.0000 6178.2061   14.8403
    7.5000   37.5000   30.0000 5856.6211   14.8959
   -7.5000   45.0000   30.0000 5484.0366   14.7778
    0.0000   45.0000   30.0000 5477.7852   14.8223
    7.5000   45.0000   30.0000 5190.3442   14.8792
   -7.5000  -45.0000   37.5000 7119.3530   14.4044
    0.0000  -45.0000   37.5000 7188.0898   14.4585
    7.5000  -45.0000   37.5000 6748.5889   14.5218
   -7.5000  -37.5000   37.5000 7469.5713   15.3461
    0.0000  -37.5000   37.5000 7536.8594   15.4033
    7.5000  -37.5000   37.5000 7097.8398   15.4625
   -7.5000  -30.0000   37.5000 7881.6558   15.7347
    0.0000  -30.0000   37.5000 7939.5474   15.7837
    7.5000  -30.0000   37.5000 7494.5151   15.8359
   -7.5000  -22.5000   37.5000 8381.0654   15.7228
    0.0000  -22.5000   37.5000 8425.2930   15.7621
    7.5000  -22.5000   37.5000 7961.0229   15.8144
   -7.5000  -15.0000   37.5000 8806.5742   15.7096
    0.0000  -15.0000   37.5000 8844.6992   15.7487
    7.5000  -15.0000   37.5000 8381.5850   15.8092
   -7.5000   -7.5000   37.5000 8843.4805   15.7081
    0.0000   -7.5000   37.5000 8885.1982   15.7565
    7.5000   -7.5000   37.5000 8438.5762   15.8248
   -7.5000    0.0000   37.5000 8849.5537   15.7175
    0.0000    0.0000   37.5000 8884.7451   15.7765
    7.5000    0.0000   37.5000 8450.9717   15.8455
   -7.5000    7.5000   37.5000 8246.6113   15.7258
    0.0000    7.5000   37.5000 8269.0449   15.7844
    7.5000    7.5000   37.5000 7856.4019   15.8451
   -7.5000   15.0000   37.5000 7932.4902   15.7290
    0.0000   15.0000   37.5000 7942.5488   15.7780
    7.5000   15.0000   37.5000 7535.1890   15.8302
   -7.5000   22.5000   37.5000 7260.7725   15.5152
    0.0000   22.5000   37.5000 7267.4507   15.5540
    7.5000   22.5000   37.5000 6892.3140   15.6057
   -7.5000   30.0000   37.5000 6548.5752   15.1451
    0.0000   30.0000   37.5000 6560.9297   15.1828
    7.5000   30.0000   37.5000 6216.2979   15.2411
   -7.5000   37.5000   37.5000 5803.5938   14.7893
    0.0000   37.5000   37.5000 5812.8081   14.8365
    7.5000   37.5000   37.5000 5505.3521   14.9018
   -7.5000   45.0000   37.5000 5156.2861   14.7520
    0.0000   45.0000   37.5000 5163.7065   14.8139
    7.5000   45.0000   37.5000 4886.7803   14.8826
   -7.5000  -45.0000   45.0000 6616.0107   14.4496
    0.0000  -45.0000   45.0000 6671.3760   14.5177
    7.5000  -45.0000   45.0000 6267.6157   14.5991
   -7.5000  -37.5000   45.0000 6952.2207   15.3807
    0.0000  -37.5000   45.0000 7006.4814   15.4485
    7.5000  -37.5000   45.0000 6596.7690   15.5272
   -7.5000  -30.0000   45.0000 7350.6274   15.7463
    0.0000  -30.0000   45.0000 7393.6284   15.8016
    7.5000  -30.0000   45.0000 6972.3755   15.8737
   -7.5000  -22.5000   45.0000 7798.6914   15.7395
    0.0000  -22.5000   45.0000 7831.3350   15.7843
    7.5000  -22.5000   45.0000 7402.2554   15.8555
   -7.5000  -15.0000   45.0000 8187.3179   15.7406
    0.0000  -15.0000   45.0000 8247.1904   15.7897
    7.5000  -15.0000   45.0000 7794.2031   15.8686
   -7.5000   -7.5000   45.0000 8239.0928   15.7484
    0.0000   -7.5000   45.0000 8291.6631   15.8116
    7.5000   -7.5000   45.0000 7846.6836   15.8989
   -7.5000    0.0000   45.0000 8242.8750   15.7532
    0.0000    0.0000   45.0000 8277.9053   15.8274
    7.5000    0.0000   45.0000 7850.2192   15.9162
   -7.5000    7.5000   45.0000 7692.3794   15.7461
    0.0000    7.5000   45.0000 7709.6050   15.8155
    7.5000    7.5000   45.0000 7305.9604   15.8960
   -7.5000   15.0000   45.0000 7417.8501   15.7404
    0.0000   15.0000   45.0000 7422.4385   15.7957
    7.5000   15.0000   45.0000 7017.8345   15.8677
   -7.5000   22.5000   45.0000 6784.7280   15.5297
    0.0000   22.5000   45.0000 6797.5972   15.5739
    7.5000   22.5000   45.0000 6422.2886   15.6441
   -7.5000   30.0000   45.0000 6121.1240   15.1735
    0.0000   30.0000   45.0000 6145.0654   15.2208
    7.5000   30.0000   45.0000 5791.1040   15.2969
   -7.5000   37.5000   45.0000 5425.7295   14.8281
    0.0000   37.5000   45.0000 5442.7119   14.8891
    7.5000   37.5000   45.0000 5139.8867   14.9726
   -7.5000   45.0000   45.0000 4839.1685   14.7727
    0.0000   45.0000   45.0000 4841.5249   14.8481
    7.5000   45.0000   45.0000 4584.5176   14.9386

---------------------------------------------------------------------
imgreg_4dfp /opt/freesurfer/average/711-2C_as_mni_average_305 /opt/freesurfer/average/711-2B_as_mni_average_305_mask talsrcimg_g11 none talsrcimg_to_711-2C_as_mni_average_305_t4 4355
---------------------------------------------------------------------

freesurfer imgreg_4dfp.c
/opt/freesurfer/average/711-2C_as_mni_average_305.4dfp.img
       256       256       256         1
  1.000000  1.000000  1.000000
orientation T byte_order littleendian
Reading image: /opt/freesurfer/average/711-2C_as_mni_average_305.4dfp.img
dimensions:      256       256       256
mmppix:       1.0000   -1.0000   -1.0000
center:     128.0000 -129.0000 -129.0000
/opt/freesurfer/average/711-2B_as_mni_average_305_mask.4dfp.img
       256       256       256         1
  1.000000  1.000000  1.000000
orientation T byte_order littleendian
Reading mask: /opt/freesurfer/average/711-2B_as_mni_average_305_mask.4dfp.img (2306576 pixels)
talsrcimg_g11.4dfp.img
       256       256       256         1
  0.898437  0.898437  0.898437
orientation T byte_order littleendian
Reading image: talsrcimg_g11.4dfp.img
dimensions:      256       256       256
mmppix:       0.8984   -0.8984   -0.8984
center:     114.9999 -115.8984 -115.8984
rotation matrix determinant  1.000000
image alignment mode   4355 decimal     1103 hex
   -7.5000  -60.0000  -45.0000 1709.8064   15.9576
    0.0000  -60.0000  -45.0000 1713.5011   15.8790
    7.5000  -60.0000  -45.0000 1690.8364   16.2486
   -7.5000  -52.5000  -45.0000 1789.3796   14.4255
    0.0000  -52.5000  -45.0000 1795.4156   14.4202
    7.5000  -52.5000  -45.0000 1770.6375   14.7267
   -7.5000  -45.0000  -45.0000 1894.9612   13.4682
    0.0000  -45.0000  -45.0000 1899.2659   13.5440
    7.5000  -45.0000  -45.0000 1875.8523   13.7534
   -7.5000  -37.5000  -45.0000 1957.5354   12.7627
    0.0000  -37.5000  -45.0000 1957.8877   12.8035
    7.5000  -37.5000  -45.0000 1934.0382   12.9598
   -7.5000  -30.0000  -45.0000 1988.7108   12.2119
    0.0000  -30.0000  -45.0000 1989.2576   12.2124
    7.5000  -30.0000  -45.0000 1961.1740   12.3856
   -7.5000  -22.5000  -45.0000 1991.0739   11.8035
    0.0000  -22.5000  -45.0000 1993.8895   11.7882
    7.5000  -22.5000  -45.0000 1973.9430   12.0172
   -7.5000  -15.0000  -45.0000 1994.5848   11.6414
    0.0000  -15.0000  -45.0000 1994.7715   11.6328
    7.5000  -15.0000  -45.0000 1974.2949   11.8480
   -7.5000   -7.5000  -45.0000 1977.4894   11.8062
    0.0000   -7.5000  -45.0000 1986.1971   11.8063
    7.5000   -7.5000  -45.0000 1952.6891   12.0132
   -7.5000    0.0000  -45.0000 1956.6085   12.2091
    0.0000    0.0000  -45.0000 1962.9191   12.2075
    7.5000    0.0000  -45.0000 1928.1698   12.4390
   -7.5000    7.5000  -45.0000 1919.5492   12.8740
    0.0000    7.5000  -45.0000 1926.8248   12.8588
    7.5000    7.5000  -45.0000 1891.3536   13.1459
   -7.5000   15.0000  -45.0000 1865.0188   13.9478
    0.0000   15.0000  -45.0000 1869.9325   13.8980
    7.5000   15.0000  -45.0000 1836.7174   14.2148
   -7.5000   22.5000  -45.0000 1791.8210   15.3563
    0.0000   22.5000  -45.0000 1796.8326   15.3156
    7.5000   22.5000  -45.0000 1759.6626   15.6595
   -7.5000   30.0000  -45.0000 1695.7625   17.0994
    0.0000   30.0000  -45.0000 1698.4110   17.0943
    7.5000   30.0000  -45.0000 1656.9152   17.5318
   -7.5000  -60.0000  -37.5000 1854.8157   15.4360
    0.0000  -60.0000  -37.5000 1858.1707   15.4527
    7.5000  -60.0000  -37.5000 1834.2852   15.7436
   -7.5000  -52.5000  -37.5000 1951.3013   14.0051
    0.0000  -52.5000  -37.5000 1955.2148   14.0421
    7.5000  -52.5000  -37.5000 1931.5100   14.2988
   -7.5000  -45.0000  -37.5000 2064.5627   13.1082
    0.0000  -45.0000  -37.5000 2066.5903   13.1622
    7.5000  -45.0000  -37.5000 2039.1239   13.3804
   -7.5000  -37.5000  -37.5000 2129.0967   12.3779
    0.0000  -37.5000  -37.5000 2122.2454   12.4349
    7.5000  -37.5000  -37.5000 2098.2197   12.5735
   -7.5000  -30.0000  -37.5000 2158.6648   11.8440
    0.0000  -30.0000  -37.5000 2160.3140   11.8454
    7.5000  -30.0000  -37.5000 2128.0615   11.9833
   -7.5000  -22.5000  -37.5000 2169.9604   11.4860
    0.0000  -22.5000  -37.5000 2170.8140   11.4665
    7.5000  -22.5000  -37.5000 2142.6975   11.6501
   -7.5000  -15.0000  -37.5000 2168.2490   11.3443
    0.0000  -15.0000  -37.5000 2168.8457   11.3437
    7.5000  -15.0000  -37.5000 2141.7471   11.5304
   -7.5000   -7.5000  -37.5000 2150.7249   11.4907
    0.0000   -7.5000  -37.5000 2156.0430   11.5249
    7.5000   -7.5000  -37.5000 2124.1499   11.7468
   -7.5000    0.0000  -37.5000 2126.6301   11.8765
    0.0000    0.0000  -37.5000 2129.7104   11.8922
    7.5000    0.0000  -37.5000 2095.0432   12.1343
   -7.5000    7.5000  -37.5000 2085.2810   12.5465
    0.0000    7.5000  -37.5000 2090.4268   12.5290
    7.5000    7.5000  -37.5000 2057.3262   12.7725
   -7.5000   15.0000  -37.5000 2019.9128   13.5369
    0.0000   15.0000  -37.5000 2025.8149   13.5011
    7.5000   15.0000  -37.5000 1992.4286   13.7791
   -7.5000   22.5000  -37.5000 1943.5027   14.9033
    0.0000   22.5000  -37.5000 1942.8015   14.8635
    7.5000   22.5000  -37.5000 1905.3448   15.2029
   -7.5000   30.0000  -37.5000 1843.5148   16.6518
    0.0000   30.0000  -37.5000 1843.0883   16.6195
    7.5000   30.0000  -37.5000 1800.8823   16.9921
   -7.5000  -60.0000  -30.0000 1980.9172   14.9563
    0.0000  -60.0000  -30.0000 1984.3387   14.9778
    7.5000  -60.0000  -30.0000 1961.9047   15.2314
   -7.5000  -52.5000  -30.0000 2094.1716   13.5902
    0.0000  -52.5000  -30.0000 2094.7173   13.5957
    7.5000  -52.5000  -30.0000 2066.8022   13.8171
   -7.5000  -45.0000  -30.0000 2209.3723   12.6616
    0.0000  -45.0000  -30.0000 2213.5430   12.6844
    7.5000  -45.0000  -30.0000 2176.0520   12.8766
   -7.5000  -37.5000  -30.0000 2269.7527   11.8843
    0.0000  -37.5000  -30.0000 2269.5493   11.9084
    7.5000  -37.5000  -30.0000 2238.8398   12.0568
   -7.5000  -30.0000  -30.0000 2312.4470   11.3547
    0.0000  -30.0000  -30.0000 2311.6531   11.3686
    7.5000  -30.0000  -30.0000 2273.2114   11.5141
   -7.5000  -22.5000  -30.0000 2333.6506   11.0296
    0.0000  -22.5000  -30.0000 2331.0784   11.0410
    7.5000  -22.5000  -30.0000 2295.8630   11.2024
   -7.5000  -15.0000  -30.0000 2336.9080   10.9273
    0.0000  -15.0000  -30.0000 2342.0957   10.9461
    7.5000  -15.0000  -30.0000 2306.8323   11.0926
   -7.5000   -7.5000  -30.0000 2322.6350   11.0919
    0.0000   -7.5000  -30.0000 2328.6633   11.1222
    7.5000   -7.5000  -30.0000 2286.7927   11.2907
   -7.5000    0.0000  -30.0000 2292.1748   11.4500
    0.0000    0.0000  -30.0000 2294.7866   11.4678
    7.5000    0.0000  -30.0000 2252.3481   11.6854
   -7.5000    7.5000  -30.0000 2241.6936   12.0885
    0.0000    7.5000  -30.0000 2244.5671   12.0707
    7.5000    7.5000  -30.0000 2205.9055   12.2962
   -7.5000   15.0000  -30.0000 2172.0068   13.0270
    0.0000   15.0000  -30.0000 2173.5576   13.0092
    7.5000   15.0000  -30.0000 2136.4714   13.2712
   -7.5000   22.5000  -30.0000 2086.6021   14.3133
    0.0000   22.5000  -30.0000 2082.7048   14.3376
    7.5000   22.5000  -30.0000 2047.1519   14.6009
   -7.5000   30.0000  -30.0000 1975.2306   16.0068
    0.0000   30.0000  -30.0000 1973.5532   15.9882
    7.5000   30.0000  -30.0000 1935.9824   16.3244
   -7.5000  -60.0000  -22.5000 2087.9172   14.4089
    0.0000  -60.0000  -22.5000 2096.2397   14.3829
    7.5000  -60.0000  -22.5000 2071.0056   14.6037
   -7.5000  -52.5000  -22.5000 2203.7163   12.9889
    0.0000  -52.5000  -22.5000 2209.1360   13.0110
    7.5000  -52.5000  -22.5000 2180.4692   13.1802
   -7.5000  -45.0000  -22.5000 2321.3674   12.0752
    0.0000  -45.0000  -22.5000 2329.8760   12.0921
    7.5000  -45.0000  -22.5000 2295.7200   12.2396
   -7.5000  -37.5000  -22.5000 2390.6660   11.3152
    0.0000  -37.5000  -22.5000 2396.3904   11.3315
    7.5000  -37.5000  -22.5000 2361.4456   11.4792
   -7.5000  -30.0000  -22.5000 2439.4229   10.8035
    0.0000  -30.0000  -22.5000 2446.3384   10.8288
    7.5000  -30.0000  -22.5000 2404.6155   10.9548
   -7.5000  -22.5000  -22.5000 2475.5281   10.5050
    0.0000  -22.5000  -22.5000 2482.9326   10.5327
    7.5000  -22.5000  -22.5000 2435.7163   10.6678
   -7.5000  -15.0000  -22.5000 2491.2583   10.3896
    0.0000  -15.0000  -22.5000 2498.5364   10.4086
    7.5000  -15.0000  -22.5000 2455.3013   10.5475
   -7.5000   -7.5000  -22.5000 2479.9187   10.5478
    0.0000   -7.5000  -22.5000 2489.3279   10.5668
    7.5000   -7.5000  -22.5000 2443.6914   10.7312
   -7.5000    0.0000  -22.5000 2445.9976   10.9392
    0.0000    0.0000  -22.5000 2457.1660   10.9526
    7.5000    0.0000  -22.5000 2402.3691   11.1389
   -7.5000    7.5000  -22.5000 2390.8884   11.5840
    0.0000    7.5000  -22.5000 2401.3613   11.5785
    7.5000    7.5000  -22.5000 2346.6958   11.7425
   -7.5000   15.0000  -22.5000 2305.8423   12.4603
    0.0000   15.0000  -22.5000 2311.7075   12.4466
    7.5000   15.0000  -22.5000 2264.6965   12.6360
   -7.5000   22.5000  -22.5000 2211.3042   13.6723
    0.0000   22.5000  -22.5000 2206.8574   13.6848
    7.5000   22.5000  -22.5000 2163.2356   13.9041
   -7.5000   30.0000  -22.5000 2089.1458   15.2562
    0.0000   30.0000  -22.5000 2091.4414   15.2496
    7.5000   30.0000  -22.5000 2046.5056   15.5458
   -7.5000  -60.0000  -15.0000 2162.2932   13.7885
    0.0000  -60.0000  -15.0000 2176.1560   13.7681
    7.5000  -60.0000  -15.0000 2147.0171   13.9820
   -7.5000  -52.5000  -15.0000 2277.7439   12.3623
    0.0000  -52.5000  -15.0000 2287.3569   12.3746
    7.5000  -52.5000  -15.0000 2263.5305   12.5503
   -7.5000  -45.0000  -15.0000 2402.5803   11.4557
    0.0000  -45.0000  -15.0000 2417.4443   11.4503
    7.5000  -45.0000  -15.0000 2388.5640   11.6298
   -7.5000  -37.5000  -15.0000 2490.3608   10.7429
    0.0000  -37.5000  -15.0000 2499.2195   10.7288
    7.5000  -37.5000  -15.0000 2463.5562   10.8882
   -7.5000  -30.0000  -15.0000 2552.0166   10.2715
    0.0000  -30.0000  -15.0000 2562.3142   10.2403
    7.5000  -30.0000  -15.0000 2515.4727   10.4077
   -7.5000  -22.5000  -15.0000 2596.2278    9.9797
    0.0000  -22.5000  -15.0000 2607.5530    9.9730
    7.5000  -22.5000  -15.0000 2556.3982   10.1255
   -7.5000  -15.0000  -15.0000 2617.5273    9.8527
    0.0000  -15.0000  -15.0000 2630.5593    9.8574
    7.5000  -15.0000  -15.0000 2581.3557    9.9987
   -7.5000   -7.5000  -15.0000 2616.4568    9.9725
    0.0000   -7.5000  -15.0000 2629.2410    9.9994
    7.5000   -7.5000  -15.0000 2574.6011   10.1452
   -7.5000    0.0000  -15.0000 2578.2334   10.3790
    0.0000    0.0000  -15.0000 2594.8606   10.3923
    7.5000    0.0000  -15.0000 2533.2458   10.5504
   -7.5000    7.5000  -15.0000 2508.6997   11.0068
    0.0000    7.5000  -15.0000 2518.8870   11.0245
    7.5000    7.5000  -15.0000 2464.7163   11.1715
   -7.5000   15.0000  -15.0000 2409.6599   11.8775
    0.0000   15.0000  -15.0000 2415.9392   11.8729
    7.5000   15.0000  -15.0000 2372.4878   12.0197
   -7.5000   22.5000  -15.0000 2296.8555   13.0383
    0.0000   22.5000  -15.0000 2302.5457   13.0192
    7.5000   22.5000  -15.0000 2260.7402   13.2145
   -7.5000   30.0000  -15.0000 2171.2632   14.5492
    0.0000   30.0000  -15.0000 2180.2576   14.5141
    7.5000   30.0000  -15.0000 2140.7700   14.7798
   -7.5000  -60.0000   -7.5000 2205.9128   13.1482
    0.0000  -60.0000   -7.5000 2220.6116   13.1106
    7.5000  -60.0000   -7.5000 2191.7197   13.3806
   -7.5000  -52.5000   -7.5000 2318.9214   11.7318
    0.0000  -52.5000   -7.5000 2331.8296   11.7194
    7.5000  -52.5000   -7.5000 2308.3972   11.9762
   -7.5000  -45.0000   -7.5000 2457.2219   10.8395
    0.0000  -45.0000   -7.5000 2471.1243   10.8356
    7.5000  -45.0000   -7.5000 2440.3538   11.0539
   -7.5000  -37.5000   -7.5000 2557.1587   10.1408
    0.0000  -37.5000   -7.5000 2567.5640   10.1360
    7.5000  -37.5000   -7.5000 2532.1562   10.3284
   -7.5000  -30.0000   -7.5000 2632.2295    9.6945
    0.0000  -30.0000   -7.5000 2646.5225    9.6654
    7.5000  -30.0000   -7.5000 2599.5020    9.8732
   -7.5000  -22.5000   -7.5000 2692.6562    9.4308
    0.0000  -22.5000   -7.5000 2712.9780    9.4143
    7.5000  -22.5000   -7.5000 2654.7634    9.5892
   -7.5000  -15.0000   -7.5000 2722.1003    9.3209
    0.0000  -15.0000   -7.5000 2741.2693    9.3276
    7.5000  -15.0000   -7.5000 2677.6711    9.4786
   -7.5000   -7.5000   -7.5000 2719.2742    9.4223
    0.0000   -7.5000   -7.5000 2732.2397    9.4462
    7.5000   -7.5000   -7.5000 2670.6653    9.6148
   -7.5000    0.0000   -7.5000 2665.2739    9.8120
    0.0000    0.0000   -7.5000 2686.1567    9.8267
    7.5000    0.0000   -7.5000 2621.8586   10.0080
   -7.5000    7.5000   -7.5000 2587.2266   10.4207
    0.0000    7.5000   -7.5000 2602.2141   10.4340
    7.5000    7.5000   -7.5000 2545.0317   10.6109
   -7.5000   15.0000   -7.5000 2476.0469   11.2625
    0.0000   15.0000   -7.5000 2481.5005   11.2487
    7.5000   15.0000   -7.5000 2440.7922   11.4369
   -7.5000   22.5000   -7.5000 2354.3240   12.4117
    0.0000   22.5000   -7.5000 2359.9812   12.3699
    7.5000   22.5000   -7.5000 2317.3828   12.5712
   -7.5000   30.0000   -7.5000 2219.1963   13.8567
    0.0000   30.0000   -7.5000 2226.0437   13.8402
    7.5000   30.0000   -7.5000 2187.4338   14.0977
   -7.5000  -60.0000    0.0000 2241.9194   12.7293
    0.0000  -60.0000    0.0000 2256.4609   12.6996
    7.5000  -60.0000    0.0000 2220.9170   13.0268
   -7.5000  -52.5000    0.0000 2355.3867   11.3475
    0.0000  -52.5000    0.0000 2370.5315   11.3263
    7.5000  -52.5000    0.0000 2339.2883   11.6624
   -7.5000  -45.0000    0.0000 2502.2803   10.4836
    0.0000  -45.0000    0.0000 2514.8765   10.4557
    7.5000  -45.0000    0.0000 2479.8621   10.7348
   -7.5000  -37.5000    0.0000 2619.0242    9.7930
    0.0000  -37.5000    0.0000 2629.4858    9.7605
    7.5000  -37.5000    0.0000 2588.4661   10.0185
   -7.5000  -30.0000    0.0000 2713.4424    9.3498
    0.0000  -30.0000    0.0000 2729.3777    9.2958
    7.5000  -30.0000    0.0000 2675.0757    9.5386
   -7.5000  -22.5000    0.0000 2791.8875    9.1184
    0.0000  -22.5000    0.0000 2818.0388    9.0841
    7.5000  -22.5000    0.0000 2737.4116    9.3064
   -7.5000  -15.0000    0.0000 2829.8848    9.0253
    0.0000  -15.0000    0.0000 2855.0334    9.0070
    7.5000  -15.0000    0.0000 2768.5879    9.2315
   -7.5000   -7.5000    0.0000 2820.1335    9.1142
    0.0000   -7.5000    0.0000 2837.5925    9.1172
    7.5000   -7.5000    0.0000 2759.1101    9.3572
   -7.5000    0.0000    0.0000 2751.1455    9.4547
    0.0000    0.0000    0.0000 2767.1638    9.4728
    7.5000    0.0000    0.0000 2702.3650    9.6952
   -7.5000    7.5000    0.0000 2652.7693   10.0501
    0.0000    7.5000    0.0000 2664.5916   10.0498
    7.5000    7.5000    0.0000 2612.6921   10.2551
   -7.5000   15.0000    0.0000 2529.9202   10.8898
    0.0000   15.0000    0.0000 2536.7351   10.8756
    7.5000   15.0000    0.0000 2494.2900   11.0899
   -7.5000   22.5000    0.0000 2404.1499   12.0252
    0.0000   22.5000    0.0000 2405.7893   11.9977
    7.5000   22.5000    0.0000 2363.4932   12.2270
   -7.5000   30.0000    0.0000 2264.8542   13.4642
    0.0000   30.0000    0.0000 2269.9172   13.4634
    7.5000   30.0000    0.0000 2224.0205   13.7393
   -7.5000  -60.0000    7.5000 2264.4619   12.4470
    0.0000  -60.0000    7.5000 2277.6038   12.3605
    7.5000  -60.0000    7.5000 2241.5391   12.7586
   -7.5000  -52.5000    7.5000 2380.5776   11.0884
    0.0000  -52.5000    7.5000 2392.9033   11.0321
    7.5000  -52.5000    7.5000 2356.7979   11.4149
   -7.5000  -45.0000    7.5000 2526.6597   10.2228
    0.0000  -45.0000    7.5000 2537.4250   10.1793
    7.5000  -45.0000    7.5000 2496.8145   10.5070
   -7.5000  -37.5000    7.5000 2650.6848    9.5319
    0.0000  -37.5000    7.5000 2668.3691    9.4804
    7.5000  -37.5000    7.5000 2616.1648    9.7602
   -7.5000  -30.0000    7.5000 2759.6023    9.1107
    0.0000  -30.0000    7.5000 2778.9102    9.0468
    7.5000  -30.0000    7.5000 2717.7087    9.2949
   -7.5000  -22.5000    7.5000 2855.0237    8.9465
    0.0000  -22.5000    7.5000 2885.3606    8.8884
    7.5000  -22.5000    7.5000 2790.5684    9.1096
   -7.5000  -15.0000    7.5000 2912.7468    8.8693
    0.0000  -15.0000    7.5000 2941.7498    8.8235
    7.5000  -15.0000    7.5000 2824.9399    9.0864
   -7.5000   -7.5000    7.5000 2893.3945    8.9241
    0.0000   -7.5000    7.5000 2913.3069    8.9013
    7.5000   -7.5000    7.5000 2813.2334    9.1899
   -7.5000    0.0000    7.5000 2802.1250    9.2325
    0.0000    0.0000    7.5000 2819.9919    9.2153
    7.5000    0.0000    7.5000 2747.3132    9.4751
   -7.5000    7.5000    7.5000 2689.8345    9.7764
    0.0000    7.5000    7.5000 2703.1130    9.7568
    7.5000    7.5000    7.5000 2650.8027    9.9779
   -7.5000   15.0000    7.5000 2561.6250   10.6026
    0.0000   15.0000    7.5000 2568.9062   10.5891
    7.5000   15.0000    7.5000 2520.4585   10.7801
   -7.5000   22.5000    7.5000 2427.0188   11.7075
    0.0000   22.5000    7.5000 2427.3740   11.7003
    7.5000   22.5000    7.5000 2384.0886   11.9095
   -7.5000   30.0000    7.5000 2281.7122   13.1111
    0.0000   30.0000    7.5000 2288.1057   13.1184
    7.5000   30.0000    7.5000 2245.1865   13.3709
   -7.5000  -60.0000   15.0000 2267.1851   12.3764
    0.0000  -60.0000   15.0000 2286.2969   12.2654
    7.5000  -60.0000   15.0000 2246.8103   12.6536
   -7.5000  -52.5000   15.0000 2392.9414   11.0253
    0.0000  -52.5000   15.0000 2408.8298   10.9328
    7.5000  -52.5000   15.0000 2366.9573   11.2892
   -7.5000  -45.0000   15.0000 2537.7034   10.1516
    0.0000  -45.0000   15.0000 2551.9097   10.0679
    7.5000  -45.0000   15.0000 2509.9077   10.4037
   -7.5000  -37.5000   15.0000 2662.0872    9.4451
    0.0000  -37.5000   15.0000 2680.7004    9.3765
    7.5000  -37.5000   15.0000 2626.4314    9.6808
   -7.5000  -30.0000   15.0000 2766.6753    9.0528
    0.0000  -30.0000   15.0000 2789.1843    8.9691
    7.5000  -30.0000   15.0000 2727.0308    9.2389
   -7.5000  -22.5000   15.0000 2868.8906    8.9268
    0.0000  -22.5000   15.0000 2901.2976    8.8468
    7.5000  -22.5000   15.0000 2804.3074    9.0526
   -7.5000  -15.0000   15.0000 2933.2195    8.8827
    0.0000  -15.0000   15.0000 2965.6216    8.8059
    7.5000  -15.0000   15.0000 2841.7229    9.0330
   -7.5000   -7.5000   15.0000 2911.3147    8.9091
    0.0000   -7.5000   15.0000 2928.4958    8.8413
    7.5000   -7.5000   15.0000 2826.8037    9.1364
   -7.5000    0.0000   15.0000 2820.6055    9.1640
    0.0000    0.0000   15.0000 2836.2039    9.1285
    7.5000    0.0000   15.0000 2760.9734    9.3807
   -7.5000    7.5000   15.0000 2692.8875    9.7062
    0.0000    7.5000   15.0000 2710.8091    9.6658
    7.5000    7.5000   15.0000 2657.6470    9.8679
   -7.5000   15.0000   15.0000 2558.7148   10.4901
    0.0000   15.0000   15.0000 2572.9976   10.4548
    7.5000   15.0000   15.0000 2526.8979   10.6274
   -7.5000   22.5000   15.0000 2421.8293   11.5196
    0.0000   22.5000   15.0000 2421.5559   11.5098
    7.5000   22.5000   15.0000 2384.8640   11.6742
   -7.5000   30.0000   15.0000 2274.8977   12.8788
    0.0000   30.0000   15.0000 2274.2590   12.9001
    7.5000   30.0000   15.0000 2240.0720   13.1055
   -7.5000  -60.0000   22.5000 2265.0076   12.5245
    0.0000  -60.0000   22.5000 2278.9692   12.4449
    7.5000  -60.0000   22.5000 2237.6211   12.7691
   -7.5000  -52.5000   22.5000 2390.9973   11.1911
    0.0000  -52.5000   22.5000 2407.0366   11.1324
    7.5000  -52.5000   22.5000 2360.2153   11.4260
   -7.5000  -45.0000   22.5000 2528.6211   10.3395
    0.0000  -45.0000   22.5000 2548.1106   10.2835
    7.5000  -45.0000   22.5000 2502.9014   10.5582
   -7.5000  -37.5000   22.5000 2649.2812    9.6350
    0.0000  -37.5000   22.5000 2666.8630    9.5816
    7.5000  -37.5000   22.5000 2612.5613    9.8406
   -7.5000  -30.0000   22.5000 2746.9612    9.1905
    0.0000  -30.0000   22.5000 2768.4412    9.1312
    7.5000  -30.0000   22.5000 2704.7185    9.3664
   -7.5000  -22.5000   22.5000 2835.7119    8.9778
    0.0000  -22.5000   22.5000 2859.8743    8.9332
    7.5000  -22.5000   22.5000 2773.6584    9.1249
   -7.5000  -15.0000   22.5000 2880.1243    8.9357
    0.0000  -15.0000   22.5000 2902.4868    8.8836
    7.5000  -15.0000   22.5000 2805.6487    9.0940
   -7.5000   -7.5000   22.5000 2856.7300    9.0328
    0.0000   -7.5000   22.5000 2872.0229    8.9988
    7.5000   -7.5000   22.5000 2789.9722    9.1994
   -7.5000    0.0000   22.5000 2785.0713    9.3190
    0.0000    0.0000   22.5000 2794.8481    9.2987
    7.5000    0.0000   22.5000 2733.8496    9.4881
   -7.5000    7.5000   22.5000 2670.0532    9.8481
    0.0000    7.5000   22.5000 2680.4624    9.8187
    7.5000    7.5000   22.5000 2629.7930    9.9974
   -7.5000   15.0000   22.5000 2538.3354   10.5441
    0.0000   15.0000   22.5000 2544.9285   10.5321
    7.5000   15.0000   22.5000 2505.3391   10.6960
   -7.5000   22.5000   22.5000 2402.9636   11.5003
    0.0000   22.5000   22.5000 2405.5042   11.4999
    7.5000   22.5000   22.5000 2371.3340   11.6928
   -7.5000   30.0000   22.5000 2259.2925   12.7750
    0.0000   30.0000   22.5000 2256.6055   12.7975
    7.5000   30.0000   22.5000 2225.3914   13.0081
   -7.5000  -60.0000   30.0000 2238.8545   12.8635
    0.0000  -60.0000   30.0000 2253.0325   12.8298
    7.5000  -60.0000   30.0000 2212.1060   13.1348
   -7.5000  -52.5000   30.0000 2372.0320   11.5543
    0.0000  -52.5000   30.0000 2386.0276   11.5215
    7.5000  -52.5000   30.0000 2337.2405   11.7889
   -7.5000  -45.0000   30.0000 2504.0691   10.6822
    0.0000  -45.0000   30.0000 2525.7634   10.6648
    7.5000  -45.0000   30.0000 2474.4595   10.9257
   -7.5000  -37.5000   30.0000 2616.8945    9.9531
    0.0000  -37.5000   30.0000 2635.8481    9.9520
    7.5000  -37.5000   30.0000 2581.5671   10.2079
   -7.5000  -30.0000   30.0000 2709.4438    9.4916
    0.0000  -30.0000   30.0000 2729.8970    9.4620
    7.5000  -30.0000   30.0000 2668.6250    9.6943
   -7.5000  -22.5000   30.0000 2774.2793    9.2101
    0.0000  -22.5000   30.0000 2792.9326    9.1750
    7.5000  -22.5000   30.0000 2721.6914    9.4220
   -7.5000  -15.0000   30.0000 2798.4119    9.1309
    0.0000  -15.0000   30.0000 2816.1604    9.1010
    7.5000  -15.0000   30.0000 2743.5466    9.3491
   -7.5000   -7.5000   30.0000 2776.8027    9.2489
    0.0000   -7.5000   30.0000 2794.0837    9.2190
    7.5000   -7.5000   30.0000 2728.5396    9.4448
   -7.5000    0.0000   30.0000 2710.2246    9.5863
    0.0000    0.0000   30.0000 2721.8560    9.5667
    7.5000    0.0000   30.0000 2667.5728    9.7885
   -7.5000    7.5000   30.0000 2612.9810   10.1137
    0.0000    7.5000   30.0000 2622.7585   10.1121
    7.5000    7.5000   30.0000 2579.0317   10.3139
   -7.5000   15.0000   30.0000 2496.2544   10.8237
    0.0000   15.0000   30.0000 2501.0259   10.8273
    7.5000   15.0000   30.0000 2457.5339   11.0193
   -7.5000   22.5000   30.0000 2367.5337   11.7110
    0.0000   22.5000   30.0000 2369.5103   11.7007
    7.5000   22.5000   30.0000 2330.1646   11.9186
   -7.5000   30.0000   30.0000 2225.8403   12.9157
    0.0000   30.0000   30.0000 2229.9407   12.8890
    7.5000   30.0000   30.0000 2193.1868   13.1501
   -7.5000  -60.0000   37.5000 2203.7361   13.4072
    0.0000  -60.0000   37.5000 2217.0400   13.3926
    7.5000  -60.0000   37.5000 2177.1348   13.6757
   -7.5000  -52.5000   37.5000 2333.2324   12.0449
    0.0000  -52.5000   37.5000 2350.0237   12.0460
    7.5000  -52.5000   37.5000 2303.2202   12.2919
   -7.5000  -45.0000   37.5000 2468.8516   11.1680
    0.0000  -45.0000   37.5000 2487.8584   11.1806
    7.5000  -45.0000   37.5000 2431.5605   11.4259
   -7.5000  -37.5000   37.5000 2575.9124   10.4238
    0.0000  -37.5000   37.5000 2593.3623   10.4422
    7.5000  -37.5000   37.5000 2538.5237   10.6730
   -7.5000  -30.0000   37.5000 2658.1687    9.8982
    0.0000  -30.0000   37.5000 2676.1833    9.8919
    7.5000  -30.0000   37.5000 2616.4460   10.1441
   -7.5000  -22.5000   37.5000 2707.8948    9.6047
    0.0000  -22.5000   37.5000 2724.8438    9.5770
    7.5000  -22.5000   37.5000 2659.6111    9.8443
   -7.5000  -15.0000   37.5000 2709.9233    9.5287
    0.0000  -15.0000   37.5000 2725.5559    9.4976
    7.5000  -15.0000   37.5000 2666.9534    9.7611
   -7.5000   -7.5000   37.5000 2680.3965    9.6459
    0.0000   -7.5000   37.5000 2698.9631    9.6231
    7.5000   -7.5000   37.5000 2643.6577    9.8751
   -7.5000    0.0000   37.5000 2619.6353    9.9762
    0.0000    0.0000   37.5000 2633.8455    9.9642
    7.5000    0.0000   37.5000 2586.2463   10.2254
   -7.5000    7.5000   37.5000 2540.2231   10.4803
    0.0000    7.5000   37.5000 2548.8777   10.4802
    7.5000    7.5000   37.5000 2506.2156   10.7386
   -7.5000   15.0000   37.5000 2435.8660   11.1710
    0.0000   15.0000   37.5000 2441.5667   11.1876
    7.5000   15.0000   37.5000 2402.8838   11.4164
   -7.5000   22.5000   37.5000 2310.9197   12.0731
    0.0000   22.5000   37.5000 2319.8425   12.0588
    7.5000   22.5000   37.5000 2284.8489   12.3062
   -7.5000   30.0000   37.5000 2166.3757   13.2621
    0.0000   30.0000   37.5000 2179.9329   13.2339
    7.5000   30.0000   37.5000 2145.3301   13.5000
   -7.5000  -60.0000   45.0000 2148.4807   14.0062
    0.0000  -60.0000   45.0000 2161.1543   13.9995
    7.5000  -60.0000   45.0000 2119.1499   14.2648
   -7.5000  -52.5000   45.0000 2271.9277   12.6230
    0.0000  -52.5000   45.0000 2286.9460   12.6256
    7.5000  -52.5000   45.0000 2241.4487   12.8757
   -7.5000  -45.0000   45.0000 2398.7197   11.7368
    0.0000  -45.0000   45.0000 2413.5171   11.7472
    7.5000  -45.0000   45.0000 2362.0032   11.9831
   -7.5000  -37.5000   45.0000 2496.4785   10.9667
    0.0000  -37.5000   45.0000 2510.6155   10.9624
    7.5000  -37.5000   45.0000 2457.1160   11.1973
   -7.5000  -30.0000   45.0000 2569.3152   10.4245
    0.0000  -30.0000   45.0000 2584.0457   10.4142
    7.5000  -30.0000   45.0000 2528.8809   10.6562
   -7.5000  -22.5000   45.0000 2611.5576   10.0869
    0.0000  -22.5000   45.0000 2626.6699   10.0709
    7.5000  -22.5000   45.0000 2566.8889   10.3524
   -7.5000  -15.0000   45.0000 2603.3450   10.0119
    0.0000  -15.0000   45.0000 2624.8594   10.0035
    7.5000  -15.0000   45.0000 2564.5212   10.2770
   -7.5000   -7.5000   45.0000 2568.8713   10.1621
    0.0000   -7.5000   45.0000 2590.1692   10.1398
    7.5000   -7.5000   45.0000 2537.1843   10.4132
   -7.5000    0.0000   45.0000 2506.7666   10.4806
    0.0000    0.0000   45.0000 2519.7524   10.4785
    7.5000    0.0000   45.0000 2480.8718   10.7461
   -7.5000    7.5000   45.0000 2434.9387   10.9565
    0.0000    7.5000   45.0000 2443.0686   10.9817
    7.5000    7.5000   45.0000 2405.4092   11.2131
   -7.5000   15.0000   45.0000 2343.7612   11.6021
    0.0000   15.0000   45.0000 2351.2441   11.6031
    7.5000   15.0000   45.0000 2309.3708   11.8435
   -7.5000   22.5000   45.0000 2227.1948   12.4882
    0.0000   22.5000   45.0000 2237.0173   12.4770
    7.5000   22.5000   45.0000 2195.9832   12.7389
   -7.5000   30.0000   45.0000 2084.1331   13.7245
    0.0000   30.0000   45.0000 2098.5522   13.7369
    7.5000   30.0000   45.0000 2061.2126   14.0090

---------------------------------------------------------------------
imgreg_4dfp /opt/freesurfer/average/711-2C_as_mni_average_305 /opt/freesurfer/average/711-2B_as_mni_average_305_mask talsrcimg_g11 none talsrcimg_to_711-2C_as_mni_average_305_t4 1283
---------------------------------------------------------------------

freesurfer imgreg_4dfp.c
/opt/freesurfer/average/711-2C_as_mni_average_305.4dfp.img
       256       256       256         1
  1.000000  1.000000  1.000000
orientation T byte_order littleendian
Reading image: /opt/freesurfer/average/711-2C_as_mni_average_305.4dfp.img
dimensions:      256       256       256
mmppix:       1.0000   -1.0000   -1.0000
center:     128.0000 -129.0000 -129.0000
/opt/freesurfer/average/711-2B_as_mni_average_305_mask.4dfp.img
       256       256       256         1
  1.000000  1.000000  1.000000
orientation T byte_order littleendian
Reading mask: /opt/freesurfer/average/711-2B_as_mni_average_305_mask.4dfp.img (2306576 pixels)
talsrcimg_g11.4dfp.img
       256       256       256         1
  0.898437  0.898437  0.898437
orientation T byte_order littleendian
Reading image: talsrcimg_g11.4dfp.img
dimensions:      256       256       256
mmppix:       0.8984   -0.8984   -0.8984
center:     114.9999 -115.8984 -115.8984
rotation matrix determinant  1.000000
fimgreg.f
image alignment mode   1283 decimal      503 hex
parameters
    0.0000  -15.0000   15.0000    0.0000    0.0000    0.0000
eta,q 0.93023  8.83870
niter,ni,del,rscale     5    3   12.0000    1.2000
parameter  4 -1.034200 -> -0.500000 qaram    1.1500
parameters
   -2.2362  -13.1687   12.5779    3.4500    0.0109    0.1290
eta,q 0.93541  8.80223
  0.0785  0.0820  0.0699  0.0766  0.0744  0.0720
  0.0714  0.0784  0.0676  0.0747  0.0694  0.0680
  0.0696  0.0740  0.0674  0.0717  0.0660  0.0656
  0.0725  0.0696  0.0684  0.0673  0.0646  0.0646
  0.0804  0.0684  0.0711  0.0649  0.0656  0.0653
  0.0923  0.0698  0.0764  0.0646  0.0692  0.0679
  0.1048  0.0742  0.0825  0.0652  0.0746  0.0712
niter,ni,del,rscale     5    3   12.0000    1.2000
parameters
   -2.1189  -14.7099   13.0850    5.5641   -0.2020   -0.1774
eta,q 0.93867  8.81611
  0.0842  0.0716  0.0736  0.0760  0.0713  0.0682
  0.0751  0.0655  0.0686  0.0713  0.0662  0.0648
  0.0680  0.0630  0.0652  0.0659  0.0627  0.0620
  0.0646  0.0645  0.0630  0.0626  0.0614  0.0614
  0.0657  0.0690  0.0622  0.0614  0.0631  0.0629
  0.0722  0.0756  0.0650  0.0627  0.0674  0.0657
  0.0845  0.0843  0.0718  0.0666  0.0726  0.0696
niter,ni,del,rscale     4    3   12.0000    1.2000
parameters
   -2.2236  -15.6770   13.4212    6.4164   -0.0748   -0.2890
eta,q 0.94007  8.80584
  0.0808  0.0720  0.0721  0.0729  0.0725  0.0680
  0.0716  0.0643  0.0679  0.0679  0.0669  0.0644
  0.0644  0.0611  0.0643  0.0628  0.0623  0.0610
  0.0613  0.0614  0.0607  0.0603  0.0600  0.0600
  0.0631  0.0655  0.0602  0.0607  0.0614  0.0618
  0.0709  0.0718  0.0644  0.0641  0.0663  0.0647
  0.0840  0.0799  0.0719  0.0683  0.0716  0.0685
niter,ni,del,rscale     3    3   12.0000    1.2000
parameters
   -2.3160  -15.9709   13.5873    6.7885    0.0046   -0.3023
eta,q 0.94037  8.80187
  0.0808  0.0747  0.0717  0.0717  0.0725  0.0683
  0.0714  0.0657  0.0677  0.0664  0.0668  0.0645
  0.0631  0.0611  0.0637  0.0616  0.0620  0.0609
  0.0599  0.0599  0.0598  0.0597  0.0597  0.0596
  0.0625  0.0630  0.0602  0.0613  0.0613  0.0615
  0.0707  0.0688  0.0650  0.0651  0.0665  0.0645
  0.0837  0.0767  0.0726  0.0692  0.0719  0.0682
niter,ni,del,rscale     2    3   12.0000    1.2000
parameters
   -2.3561  -16.1107   13.6718    6.9697    0.0418   -0.2954
eta,q 0.94046  8.80047
  0.0812  0.0752  0.0716  0.0713  0.0724  0.0684
  0.0718  0.0661  0.0675  0.0657  0.0667  0.0645
  0.0631  0.0611  0.0635  0.0611  0.0618  0.0608
  0.0596  0.0596  0.0596  0.0595  0.0595  0.0595
  0.0623  0.0623  0.0603  0.0616  0.0614  0.0614
  0.0705  0.0680  0.0653  0.0655  0.0667  0.0645
  0.0833  0.0759  0.0730  0.0696  0.0721  0.0681
niter,ni,del,rscale     1    3   12.0000    1.2000
parameters
   -2.3706  -16.1841   13.7155    7.0633    0.0547   -0.2881
eta,q 0.94049  8.79991
  0.0814  0.0755  0.0715  0.0711  0.0724  0.0684
  0.0720  0.0664  0.0675  0.0654  0.0666  0.0645
  0.0632  0.0612  0.0634  0.0609  0.0618  0.0608
  0.0595  0.0595  0.0595  0.0595  0.0595  0.0595
  0.0622  0.0620  0.0604  0.0619  0.0614  0.0614
  0.0704  0.0676  0.0655  0.0657  0.0668  0.0645
  0.0832  0.0756  0.0732  0.0697  0.0722  0.0681
registration optimization eta report
parameter search radius
    6.0000    6.0000    6.0000    6.9000    6.0000    6.0000
100000*second partial in parameter space
       62.       44.       34.       22.       34.       23.
  0.0814  0.0755  0.0715  0.0711  0.0724  0.0684
  0.0720  0.0664  0.0675  0.0654  0.0666  0.0645
  0.0632  0.0612  0.0634  0.0609  0.0618  0.0608
  0.0595  0.0595  0.0595  0.0595  0.0595  0.0595
  0.0622  0.0620  0.0604  0.0619  0.0614  0.0614
  0.0704  0.0676  0.0655  0.0657  0.0668  0.0645
  0.0832  0.0756  0.0732  0.0697  0.0722  0.0681
   -2.3706  -16.1841   13.7155    7.0633    0.0547   -0.2881
eta,q 0.94049  8.79991

---------------------------------------------------------------------
imgreg_4dfp /opt/freesurfer/average/711-2C_as_mni_average_305 /opt/freesurfer/average/711-2B_as_mni_average_305_mask talsrcimg_g11 none talsrcimg_to_711-2C_as_mni_average_305_t4 3335
---------------------------------------------------------------------

freesurfer imgreg_4dfp.c
/opt/freesurfer/average/711-2C_as_mni_average_305.4dfp.img
       256       256       256         1
  1.000000  1.000000  1.000000
orientation T byte_order littleendian
Reading image: /opt/freesurfer/average/711-2C_as_mni_average_305.4dfp.img
dimensions:      256       256       256
mmppix:       1.0000   -1.0000   -1.0000
center:     128.0000 -129.0000 -129.0000
/opt/freesurfer/average/711-2B_as_mni_average_305_mask.4dfp.img
       256       256       256         1
  1.000000  1.000000  1.000000
orientation T byte_order littleendian
Reading mask: /opt/freesurfer/average/711-2B_as_mni_average_305_mask.4dfp.img (2306576 pixels)
talsrcimg_g11.4dfp.img
       256       256       256         1
  0.898437  0.898437  0.898437
orientation T byte_order littleendian
Reading image: talsrcimg_g11.4dfp.img
dimensions:      256       256       256
mmppix:       0.8984   -0.8984   -0.8984
center:     114.9999 -115.8984 -115.8984
fimgreg.f
image alignment mode   3335 decimal      D07 hex
parameters
   -2.3706  -16.1841   13.7155   -0.0013   -0.7601   -0.7590
    0.4872   -0.1566   -0.5028  -12.2960    0.0955   12.2966
eta,q 0.94122  8.77947
niter,ni,del,rscale     5    3    5.0000    1.2000
parameter  4  2.638780 ->  0.500000 qaram    1.1500
parameter  5  1.660920 ->  0.500000 qaram    1.1500
parameter  6  1.017051 ->  0.500000 qaram    1.1500
parameters
   -2.5174  -15.6340   14.1590   -4.1413   -4.9001   -4.8990
   -0.0846    0.5167    1.2256  -11.4725   -1.0109    9.8357
eta,q 0.95558  8.32543
  0.0619  0.0626  0.0615  0.0492  0.0466  0.0442  0.0478  0.0521  0.0474  0.0490  0.0459  0.0451
  0.0601  0.0610  0.0601  0.0517  0.0482  0.0446  0.0461  0.0488  0.0462  0.0469  0.0451  0.0446
  0.0590  0.0596  0.0591  0.0548  0.0501  0.0460  0.0451  0.0462  0.0453  0.0454  0.0446  0.0444
  0.0588  0.0588  0.0585  0.0584  0.0525  0.0487  0.0449  0.0449  0.0448  0.0447  0.0446  0.0446
  0.0594  0.0585  0.0584  0.0624  0.0557  0.0525  0.0455  0.0452  0.0447  0.0448  0.0451  0.0451
  0.0607  0.0591  0.0589  0.0669  0.0595  0.0569  0.0469  0.0470  0.0450  0.0457  0.0459  0.0461
  0.0627  0.0604  0.0600  0.0719  0.0636  0.0622  0.0488  0.0500  0.0457  0.0475  0.0470  0.0473
niter,ni,del,rscale     7    3    5.0000    1.2000
parameter  4  1.423563 ->  0.500000 qaram    1.3225
parameter  5  0.864410 ->  0.500000 qaram    1.3225
parameter  6  0.552302 ->  0.500000 qaram    1.3225
parameters
   -2.3969  -15.4257   13.6053   -8.9023   -9.6611   -9.6600
   -0.3627    0.7064    1.1340  -11.2022   -0.6132   10.1996
eta,q 0.96393  7.70576
  0.0497  0.0480  0.0458  0.0383  0.0374  0.0365  0.0401  0.0423  0.0385  0.0403  0.0382  0.0385
  0.0468  0.0461  0.0448  0.0395  0.0371  0.0361  0.0379  0.0391  0.0372  0.0380  0.0371  0.0373
  0.0451  0.0450  0.0443  0.0414  0.0381  0.0363  0.0365  0.0369  0.0363  0.0366  0.0364  0.0364
  0.0444  0.0444  0.0444  0.0443  0.0400  0.0373  0.0361  0.0361  0.0361  0.0361  0.0361  0.0361
  0.0449  0.0446  0.0451  0.0479  0.0424  0.0393  0.0367  0.0366  0.0364  0.0365  0.0362  0.0363
  0.0463  0.0454  0.0464  0.0521  0.0455  0.0428  0.0384  0.0386  0.0373  0.0377  0.0368  0.0370
  0.0486  0.0470  0.0483  0.0569  0.0495  0.0476  0.0408  0.0418  0.0386  0.0396  0.0378  0.0380
niter,ni,del,rscale     7    3    5.0000    1.2000
parameter  4  0.604119 ->  0.500000 qaram    1.5209
parameters
   -2.2390  -15.1063   13.4788  -14.3774  -11.9638  -10.6106
   -0.4216    0.9112    0.8100  -10.9725   -0.7616   10.3766
eta,q 0.96620  7.29277
  0.0420  0.0408  0.0383  0.0350  0.0365  0.0380  0.0380  0.0403  0.0357  0.0378  0.0357  0.0360
  0.0389  0.0384  0.0370  0.0341  0.0349  0.0354  0.0358  0.0371  0.0346  0.0356  0.0347  0.0349
  0.0369  0.0367  0.0362  0.0344  0.0339  0.0341  0.0343  0.0348  0.0340  0.0342  0.0340  0.0341
  0.0361  0.0360  0.0360  0.0360  0.0340  0.0338  0.0338  0.0338  0.0338  0.0338  0.0338  0.0338
  0.0364  0.0361  0.0364  0.0386  0.0354  0.0347  0.0344  0.0344  0.0341  0.0342  0.0341  0.0340
  0.0379  0.0371  0.0374  0.0424  0.0379  0.0368  0.0359  0.0365  0.0349  0.0354  0.0348  0.0347
  0.0407  0.0387  0.0389  0.0469  0.0411  0.0402  0.0382  0.0398  0.0361  0.0371  0.0358  0.0358
niter,ni,del,rscale     7    3    5.0000    1.2000
parameters
   -2.2347  -14.7781   13.5947  -14.7294  -12.5397  -10.6081
   -0.3873    0.9400    0.7437  -10.5881   -0.7620   10.2450
eta,q 0.96621  7.24965
  0.0391  0.0381  0.0365  0.0398  0.0375  0.0390  0.0380  0.0399  0.0358  0.0378  0.0357  0.0358
  0.0362  0.0359  0.0350  0.0366  0.0356  0.0361  0.0358  0.0369  0.0347  0.0356  0.0347  0.0347
  0.0344  0.0345  0.0341  0.0345  0.0344  0.0343  0.0343  0.0347  0.0340  0.0342  0.0340  0.0340
  0.0338  0.0338  0.0337  0.0337  0.0337  0.0338  0.0338  0.0338  0.0338  0.0338  0.0338  0.0338
  0.0344  0.0339  0.0340  0.0347  0.0343  0.0343  0.0343  0.0344  0.0340  0.0342  0.0340  0.0341
  0.0362  0.0347  0.0347  0.0370  0.0361  0.0361  0.0357  0.0367  0.0347  0.0353  0.0347  0.0348
  0.0391  0.0362  0.0360  0.0409  0.0388  0.0390  0.0379  0.0400  0.0358  0.0368  0.0357  0.0359
niter,ni,del,rscale     6    3    5.0000    1.2000
parameters
   -2.2356  -14.6432   13.5745  -14.7620  -12.7149  -10.6339
   -0.3804    0.9380    0.6856  -10.3538   -0.7276   10.1550
eta,q 0.96619  7.23799
  0.0390  0.0373  0.0362  0.0401  0.0377  0.0390  0.0379  0.0399  0.0357  0.0376  0.0358  0.0358
  0.0362  0.0354  0.0349  0.0368  0.0358  0.0361  0.0358  0.0368  0.0347  0.0354  0.0347  0.0348
  0.0344  0.0342  0.0340  0.0346  0.0345  0.0343  0.0343  0.0346  0.0340  0.0342  0.0340  0.0340
  0.0338  0.0338  0.0338  0.0338  0.0338  0.0338  0.0338  0.0338  0.0338  0.0338  0.0338  0.0338
  0.0344  0.0341  0.0341  0.0345  0.0341  0.0343  0.0343  0.0345  0.0340  0.0343  0.0340  0.0341
  0.0362  0.0350  0.0350  0.0367  0.0358  0.0361  0.0357  0.0367  0.0347  0.0354  0.0347  0.0348
  0.0390  0.0366  0.0363  0.0404  0.0383  0.0390  0.0379  0.0400  0.0358  0.0369  0.0357  0.0359
niter,ni,del,rscale     5    3    5.0000    1.2000
parameters
   -2.2373  -14.5685   13.5461  -14.7811  -12.8016  -10.6622
   -0.3777    0.9324    0.6406  -10.2140   -0.6910   10.1037
eta,q 0.96617  7.23109
  0.0390  0.0371  0.0363  0.0401  0.0377  0.0390  0.0379  0.0398  0.0357  0.0374  0.0358  0.0359
  0.0362  0.0353  0.0349  0.0368  0.0359  0.0361  0.0358  0.0368  0.0347  0.0354  0.0347  0.0348
  0.0344  0.0342  0.0341  0.0346  0.0346  0.0343  0.0343  0.0347  0.0340  0.0341  0.0340  0.0340
  0.0338  0.0338  0.0338  0.0338  0.0338  0.0338  0.0338  0.0338  0.0338  0.0338  0.0338  0.0338
  0.0344  0.0341  0.0341  0.0346  0.0341  0.0343  0.0343  0.0345  0.0341  0.0343  0.0341  0.0341
  0.0362  0.0351  0.0350  0.0367  0.0357  0.0361  0.0357  0.0367  0.0347  0.0354  0.0347  0.0348
  0.0390  0.0367  0.0363  0.0403  0.0382  0.0391  0.0379  0.0400  0.0357  0.0369  0.0357  0.0359
niter,ni,del,rscale     4    3    5.0000    1.2000
parameters
   -2.2385  -14.5208   13.5257  -14.7928  -12.8565  -10.6882
   -0.3758    0.9267    0.6055  -10.1222   -0.6756   10.0728
eta,q 0.96616  7.22641
  0.0390  0.0370  0.0363  0.0401  0.0377  0.0390  0.0379  0.0398  0.0357  0.0374  0.0358  0.0359
  0.0362  0.0353  0.0349  0.0368  0.0359  0.0361  0.0358  0.0368  0.0347  0.0353  0.0347  0.0348
  0.0344  0.0342  0.0341  0.0346  0.0346  0.0344  0.0343  0.0347  0.0340  0.0341  0.0341  0.0341
  0.0338  0.0338  0.0338  0.0338  0.0338  0.0338  0.0338  0.0338  0.0338  0.0338  0.0338  0.0338
  0.0344  0.0342  0.0341  0.0346  0.0341  0.0344  0.0343  0.0345  0.0341  0.0343  0.0341  0.0341
  0.0362  0.0352  0.0350  0.0367  0.0356  0.0362  0.0357  0.0367  0.0347  0.0354  0.0347  0.0348
  0.0390  0.0368  0.0363  0.0403  0.0382  0.0391  0.0379  0.0400  0.0357  0.0369  0.0357  0.0359
niter,ni,del,rscale     3    3    5.0000    1.2000
parameters
   -2.2384  -14.4894   13.5092  -14.8010  -12.8918  -10.7096
   -0.3733    0.9248    0.5829  -10.0622   -0.6607   10.0561
eta,q 0.96615  7.22316
  0.0390  0.0370  0.0363  0.0401  0.0377  0.0390  0.0379  0.0398  0.0357  0.0373  0.0358  0.0359
  0.0362  0.0352  0.0349  0.0368  0.0359  0.0362  0.0358  0.0368  0.0347  0.0353  0.0347  0.0348
  0.0344  0.0342  0.0341  0.0347  0.0346  0.0344  0.0343  0.0347  0.0341  0.0341  0.0341  0.0341
  0.0338  0.0338  0.0338  0.0338  0.0338  0.0338  0.0338  0.0338  0.0338  0.0338  0.0338  0.0338
  0.0344  0.0342  0.0342  0.0346  0.0341  0.0344  0.0344  0.0345  0.0341  0.0344  0.0341  0.0341
  0.0362  0.0352  0.0350  0.0367  0.0356  0.0362  0.0357  0.0367  0.0347  0.0355  0.0347  0.0348
  0.0390  0.0368  0.0363  0.0403  0.0381  0.0391  0.0379  0.0400  0.0357  0.0370  0.0357  0.0359
niter,ni,del,rscale     2    3    5.0000    1.2000
parameters
   -2.2391  -14.4671   13.4988  -14.8075  -12.9232  -10.7244
   -0.3723    0.9210    0.5658  -10.0200   -0.6464   10.0430
eta,q 0.96615  7.22059
  0.0390  0.0370  0.0363  0.0401  0.0377  0.0390  0.0379  0.0398  0.0357  0.0373  0.0358  0.0359
  0.0362  0.0352  0.0349  0.0368  0.0359  0.0362  0.0358  0.0369  0.0347  0.0353  0.0347  0.0348
  0.0344  0.0342  0.0341  0.0347  0.0346  0.0344  0.0344  0.0347  0.0341  0.0341  0.0341  0.0341
  0.0338  0.0338  0.0338  0.0338  0.0338  0.0338  0.0338  0.0338  0.0338  0.0338  0.0339  0.0339
  0.0344  0.0342  0.0342  0.0346  0.0341  0.0344  0.0344  0.0345  0.0341  0.0344  0.0341  0.0341
  0.0362  0.0352  0.0350  0.0367  0.0356  0.0362  0.0358  0.0367  0.0347  0.0355  0.0347  0.0348
  0.0390  0.0368  0.0363  0.0403  0.0381  0.0391  0.0379  0.0400  0.0357  0.0370  0.0357  0.0359
registration optimization eta report
parameter search radius
    2.4000    2.4000    2.4000   10.9503    9.5220    9.5220
    7.2000    7.2000    7.2000    7.2000    7.2000    7.2000
100000*second partial in parameter space
       89.       53.       43.        5.        4.        6.
        8.       12.        4.        6.        4.        4.
  0.0390  0.0370  0.0363  0.0401  0.0377  0.0390  0.0379  0.0398  0.0357  0.0373  0.0358  0.0359
  0.0362  0.0352  0.0349  0.0368  0.0359  0.0362  0.0358  0.0369  0.0347  0.0353  0.0347  0.0348
  0.0344  0.0342  0.0341  0.0347  0.0346  0.0344  0.0344  0.0347  0.0341  0.0341  0.0341  0.0341
  0.0338  0.0338  0.0338  0.0338  0.0338  0.0338  0.0338  0.0338  0.0338  0.0338  0.0339  0.0339
  0.0344  0.0342  0.0342  0.0346  0.0341  0.0344  0.0344  0.0345  0.0341  0.0344  0.0341  0.0341
  0.0362  0.0352  0.0350  0.0367  0.0356  0.0362  0.0358  0.0367  0.0347  0.0355  0.0347  0.0348
  0.0390  0.0368  0.0363  0.0403  0.0381  0.0391  0.0379  0.0400  0.0357  0.0370  0.0357  0.0359
   -2.2391  -14.4671   13.4988  -14.8075  -12.9232  -10.7244
   -0.3723    0.9210    0.5658  -10.0200   -0.6464   10.0430
eta,q 0.96615  7.22059

---------------------------------------------------------------------
imgreg_4dfp /opt/freesurfer/average/711-2C_as_mni_average_305 /opt/freesurfer/average/711-2B_as_mni_average_305_mask talsrcimg_g11 none talsrcimg_to_711-2C_as_mni_average_305_t4 2311
---------------------------------------------------------------------

freesurfer imgreg_4dfp.c
/opt/freesurfer/average/711-2C_as_mni_average_305.4dfp.img
       256       256       256         1
  1.000000  1.000000  1.000000
orientation T byte_order littleendian
Reading image: /opt/freesurfer/average/711-2C_as_mni_average_305.4dfp.img
dimensions:      256       256       256
mmppix:       1.0000   -1.0000   -1.0000
center:     128.0000 -129.0000 -129.0000
/opt/freesurfer/average/711-2B_as_mni_average_305_mask.4dfp.img
       256       256       256         1
  1.000000  1.000000  1.000000
orientation T byte_order littleendian
Reading mask: /opt/freesurfer/average/711-2B_as_mni_average_305_mask.4dfp.img (2306576 pixels)
talsrcimg_g11.4dfp.img
       256       256       256         1
  0.898437  0.898437  0.898437
orientation T byte_order littleendian
Reading image: talsrcimg_g11.4dfp.img
dimensions:      256       256       256
mmppix:       0.8984   -0.8984   -0.8984
center:     114.9999 -115.8984 -115.8984
fimgreg.f
image alignment mode   2311 decimal      907 hex
parameters
   -2.2391  -14.4671   13.4988  -14.8075  -12.9232  -10.7244
   -0.3723    0.9210    0.5658  -10.0200   -0.6464   10.0430
eta,q 0.96615  7.22059
niter,ni,del,rscale     5    3    5.0000    0.8000
parameters
   -2.2388  -14.4721   13.4728  -14.7158  -12.2557  -10.7296
   -0.3726    0.9936    0.6033  -10.2853   -0.7273    9.9562
eta,q 0.96622  7.25494
  0.0362  0.0352  0.0350  0.0352  0.0352  0.0351  0.0358  0.0368  0.0347  0.0352  0.0347  0.0348
  0.0349  0.0345  0.0343  0.0345  0.0346  0.0343  0.0347  0.0352  0.0342  0.0344  0.0342  0.0342
  0.0341  0.0340  0.0340  0.0340  0.0341  0.0340  0.0340  0.0342  0.0339  0.0339  0.0339  0.0339
  0.0338  0.0338  0.0339  0.0339  0.0338  0.0338  0.0338  0.0338  0.0338  0.0338  0.0338  0.0338
  0.0341  0.0340  0.0340  0.0340  0.0338  0.0339  0.0340  0.0341  0.0339  0.0341  0.0339  0.0339
  0.0349  0.0345  0.0344  0.0344  0.0341  0.0344  0.0347  0.0351  0.0342  0.0347  0.0342  0.0343
  0.0362  0.0352  0.0350  0.0351  0.0347  0.0351  0.0358  0.0367  0.0347  0.0355  0.0347  0.0348
niter,ni,del,rscale     4    3    5.0000    0.7000
parameters
   -2.2304  -14.6060   13.4848  -14.6354  -12.0292  -10.6605
   -0.3711    1.0328    0.6860  -10.5111   -0.7901    9.9958
eta,q 0.96625  7.27271
  0.0356  0.0347  0.0347  0.0349  0.0348  0.0348  0.0353  0.0361  0.0345  0.0349  0.0344  0.0346
  0.0346  0.0341  0.0342  0.0343  0.0343  0.0342  0.0345  0.0348  0.0341  0.0342  0.0341  0.0341
  0.0340  0.0338  0.0339  0.0339  0.0339  0.0339  0.0339  0.0340  0.0338  0.0338  0.0338  0.0338
  0.0338  0.0338  0.0338  0.0338  0.0338  0.0338  0.0338  0.0338  0.0338  0.0338  0.0337  0.0338
  0.0340  0.0340  0.0339  0.0339  0.0338  0.0338  0.0340  0.0340  0.0338  0.0340  0.0338  0.0338
  0.0346  0.0344  0.0342  0.0342  0.0341  0.0341  0.0345  0.0347  0.0341  0.0344  0.0341  0.0341
  0.0356  0.0351  0.0346  0.0348  0.0347  0.0347  0.0353  0.0361  0.0344  0.0351  0.0345  0.0345
niter,ni,del,rscale     3    3    5.0000    0.6000
parameters
   -2.2266  -14.6859   13.5140  -14.5913  -11.8896  -10.6006
   -0.3759    1.0573    0.7462  -10.6598   -0.8315   10.0205
eta,q 0.96626  7.28432
  0.0351  0.0345  0.0344  0.0346  0.0345  0.0345  0.0349  0.0355  0.0343  0.0346  0.0343  0.0343
  0.0344  0.0340  0.0341  0.0341  0.0341  0.0341  0.0343  0.0345  0.0340  0.0341  0.0340  0.0340
  0.0339  0.0338  0.0338  0.0339  0.0339  0.0338  0.0339  0.0339  0.0338  0.0338  0.0338  0.0338
  0.0338  0.0337  0.0337  0.0337  0.0337  0.0337  0.0337  0.0337  0.0337  0.0337  0.0337  0.0337
  0.0339  0.0339  0.0338  0.0338  0.0338  0.0338  0.0339  0.0339  0.0338  0.0339  0.0338  0.0338
  0.0343  0.0342  0.0340  0.0341  0.0340  0.0340  0.0343  0.0345  0.0340  0.0342  0.0340  0.0340
  0.0351  0.0347  0.0344  0.0345  0.0344  0.0344  0.0349  0.0354  0.0343  0.0347  0.0343  0.0343
niter,ni,del,rscale     2    3    5.0000    0.5000
parameters
   -2.2234  -14.7432   13.5366  -14.5618  -11.7934  -10.5271
   -0.3870    1.0720    0.8039  -10.7614   -0.8611   10.0238
eta,q 0.96627  7.29366
  0.0347  0.0343  0.0342  0.0343  0.0343  0.0342  0.0345  0.0349  0.0341  0.0344  0.0341  0.0341
  0.0342  0.0340  0.0339  0.0340  0.0340  0.0340  0.0341  0.0343  0.0339  0.0340  0.0339  0.0339
  0.0338  0.0338  0.0338  0.0338  0.0338  0.0338  0.0338  0.0339  0.0338  0.0338  0.0338  0.0338
  0.0337  0.0337  0.0337  0.0337  0.0337  0.0337  0.0337  0.0337  0.0337  0.0337  0.0337  0.0337
  0.0339  0.0338  0.0338  0.0338  0.0338  0.0338  0.0338  0.0339  0.0338  0.0338  0.0338  0.0338
  0.0342  0.0340  0.0339  0.0340  0.0339  0.0339  0.0341  0.0343  0.0339  0.0341  0.0339  0.0339
  0.0347  0.0344  0.0342  0.0343  0.0342  0.0342  0.0346  0.0349  0.0341  0.0344  0.0341  0.0341
niter,ni,del,rscale     1    3    5.0000    0.4000
parameters
   -2.2204  -14.7833   13.5596  -14.5290  -11.7222  -10.4637
   -0.4023    1.0787    0.8161  -10.8331   -0.8686   10.0083
eta,q 0.96628  7.30140
  0.0343  0.0341  0.0340  0.0341  0.0341  0.0340  0.0343  0.0345  0.0340  0.0341  0.0340  0.0340
  0.0340  0.0339  0.0339  0.0339  0.0339  0.0339  0.0340  0.0341  0.0338  0.0339  0.0338  0.0338
  0.0338  0.0338  0.0338  0.0338  0.0338  0.0338  0.0338  0.0338  0.0338  0.0338  0.0337  0.0337
  0.0337  0.0337  0.0337  0.0337  0.0337  0.0337  0.0337  0.0337  0.0337  0.0337  0.0337  0.0337
  0.0338  0.0338  0.0338  0.0338  0.0337  0.0337  0.0338  0.0338  0.0337  0.0338  0.0338  0.0338
  0.0340  0.0339  0.0338  0.0339  0.0339  0.0338  0.0340  0.0341  0.0338  0.0339  0.0338  0.0338
  0.0343  0.0341  0.0340  0.0341  0.0341  0.0340  0.0343  0.0345  0.0340  0.0342  0.0340  0.0340
registration optimization eta report
parameter search radius
    0.8000    0.8000    0.8000    2.4000    2.4000    2.4000
    2.4000    2.4000    2.4000    2.4000    2.4000    2.4000
100000*second partial in parameter space
       95.       59.       46.        6.        6.        5.
        9.       13.        4.        7.        4.        5.
  0.0343  0.0341  0.0340  0.0341  0.0341  0.0340  0.0343  0.0345  0.0340  0.0341  0.0340  0.0340
  0.0340  0.0339  0.0339  0.0339  0.0339  0.0339  0.0340  0.0341  0.0338  0.0339  0.0338  0.0338
  0.0338  0.0338  0.0338  0.0338  0.0338  0.0338  0.0338  0.0338  0.0338  0.0338  0.0337  0.0337
  0.0337  0.0337  0.0337  0.0337  0.0337  0.0337  0.0337  0.0337  0.0337  0.0337  0.0337  0.0337
  0.0338  0.0338  0.0338  0.0338  0.0337  0.0337  0.0338  0.0338  0.0337  0.0338  0.0338  0.0338
  0.0340  0.0339  0.0338  0.0339  0.0339  0.0338  0.0340  0.0341  0.0338  0.0339  0.0338  0.0338
  0.0343  0.0341  0.0340  0.0341  0.0341  0.0340  0.0343  0.0345  0.0340  0.0342  0.0340  0.0340
   -2.2204  -14.7833   13.5596  -14.5290  -11.7222  -10.4637
   -0.4023    1.0787    0.8161  -10.8331   -0.8686   10.0083
eta,q 0.96628  7.30140

---------------------------------------------------------------------
imgreg_4dfp /opt/freesurfer/average/711-2C_as_mni_average_305 /opt/freesurfer/average/711-2B_as_mni_average_305_mask talsrcimg_g11 none talsrcimg_to_711-2C_as_mni_average_305_t4 2311
---------------------------------------------------------------------

freesurfer imgreg_4dfp.c
/opt/freesurfer/average/711-2C_as_mni_average_305.4dfp.img
       256       256       256         1
  1.000000  1.000000  1.000000
orientation T byte_order littleendian
Reading image: /opt/freesurfer/average/711-2C_as_mni_average_305.4dfp.img
dimensions:      256       256       256
mmppix:       1.0000   -1.0000   -1.0000
center:     128.0000 -129.0000 -129.0000
/opt/freesurfer/average/711-2B_as_mni_average_305_mask.4dfp.img
       256       256       256         1
  1.000000  1.000000  1.000000
orientation T byte_order littleendian
Reading mask: /opt/freesurfer/average/711-2B_as_mni_average_305_mask.4dfp.img (2306576 pixels)
talsrcimg_g11.4dfp.img
       256       256       256         1
  0.898437  0.898437  0.898437
orientation T byte_order littleendian
Reading image: talsrcimg_g11.4dfp.img
dimensions:      256       256       256
mmppix:       0.8984   -0.8984   -0.8984
center:     114.9999 -115.8984 -115.8984
fimgreg.f
image alignment mode   2311 decimal      907 hex
parameters
   -2.2204  -14.7833   13.5596  -14.5290  -11.7222  -10.4637
   -0.4023    1.0787    0.8161  -10.8331   -0.8686   10.0083
eta,q 0.96628  7.30141
niter,ni,del,rscale     5    3    5.0000    0.8000
parameters
   -2.2192  -14.7963   13.5847  -14.5654  -11.9284  -10.5060
   -0.3774    1.0408    0.8144  -10.7625   -0.8480   10.1357
eta,q 0.96627  7.28905
  0.0362  0.0352  0.0349  0.0351  0.0349  0.0350  0.0358  0.0367  0.0347  0.0355  0.0347  0.0348
  0.0348  0.0344  0.0343  0.0344  0.0343  0.0343  0.0347  0.0351  0.0342  0.0345  0.0342  0.0342
  0.0340  0.0339  0.0339  0.0339  0.0339  0.0339  0.0340  0.0341  0.0338  0.0339  0.0338  0.0338
  0.0337  0.0337  0.0337  0.0337  0.0337  0.0337  0.0337  0.0337  0.0337  0.0337  0.0337  0.0337
  0.0340  0.0339  0.0338  0.0339  0.0339  0.0338  0.0340  0.0341  0.0338  0.0339  0.0338  0.0338
  0.0348  0.0344  0.0342  0.0344  0.0344  0.0343  0.0346  0.0351  0.0342  0.0345  0.0341  0.0342
  0.0361  0.0352  0.0348  0.0352  0.0352  0.0350  0.0357  0.0368  0.0347  0.0353  0.0346  0.0347
niter,ni,del,rscale     4    3    5.0000    0.7000
parameters
   -2.2247  -14.7706   13.5768  -14.5709  -11.9017  -10.5235
   -0.3813    1.0546    0.8013  -10.7770   -0.8573   10.1147
eta,q 0.96627  7.28922
  0.0356  0.0349  0.0346  0.0348  0.0347  0.0347  0.0353  0.0361  0.0345  0.0350  0.0344  0.0345
  0.0346  0.0343  0.0341  0.0342  0.0342  0.0341  0.0344  0.0348  0.0341  0.0343  0.0340  0.0341
  0.0339  0.0339  0.0338  0.0339  0.0339  0.0338  0.0339  0.0340  0.0338  0.0339  0.0338  0.0338
  0.0337  0.0337  0.0337  0.0337  0.0337  0.0337  0.0337  0.0337  0.0337  0.0337  0.0337  0.0337
  0.0340  0.0338  0.0338  0.0339  0.0338  0.0338  0.0339  0.0340  0.0338  0.0339  0.0338  0.0338
  0.0346  0.0342  0.0341  0.0342  0.0342  0.0341  0.0345  0.0347  0.0341  0.0343  0.0341  0.0341
  0.0356  0.0348  0.0346  0.0348  0.0347  0.0347  0.0353  0.0361  0.0345  0.0350  0.0344  0.0345
niter,ni,del,rscale     3    3    5.0000    0.6000
parameters
   -2.2245  -14.7768   13.5713  -14.5565  -11.8376  -10.5129
   -0.3842    1.0677    0.8080  -10.8084   -0.8651   10.0897
eta,q 0.96628  7.29318
  0.0351  0.0346  0.0344  0.0345  0.0345  0.0344  0.0349  0.0355  0.0343  0.0347  0.0343  0.0343
  0.0343  0.0341  0.0340  0.0341  0.0341  0.0340  0.0343  0.0345  0.0340  0.0341  0.0340  0.0340
  0.0339  0.0338  0.0338  0.0338  0.0338  0.0338  0.0339  0.0339  0.0338  0.0338  0.0338  0.0338
  0.0337  0.0337  0.0337  0.0337  0.0337  0.0337  0.0337  0.0337  0.0337  0.0337  0.0337  0.0337
  0.0339  0.0338  0.0338  0.0338  0.0338  0.0338  0.0339  0.0339  0.0338  0.0338  0.0338  0.0338
  0.0343  0.0341  0.0340  0.0341  0.0340  0.0340  0.0343  0.0345  0.0340  0.0342  0.0340  0.0340
  0.0351  0.0346  0.0344  0.0345  0.0345  0.0344  0.0349  0.0355  0.0343  0.0347  0.0343  0.0343
niter,ni,del,rscale     2    3    5.0000    0.5000
parameters
   -2.2211  -14.7896   13.5701  -14.5427  -11.7668  -10.4803
   -0.3931    1.0792    0.8207  -10.8393   -0.8682   10.0552
eta,q 0.96628  7.29830
  0.0347  0.0343  0.0342  0.0343  0.0343  0.0342  0.0345  0.0349  0.0341  0.0344  0.0341  0.0341
  0.0342  0.0340  0.0339  0.0340  0.0340  0.0340  0.0341  0.0343  0.0339  0.0340  0.0339  0.0339
  0.0338  0.0338  0.0338  0.0338  0.0338  0.0338  0.0338  0.0339  0.0338  0.0338  0.0338  0.0337
  0.0337  0.0337  0.0337  0.0337  0.0337  0.0337  0.0337  0.0337  0.0337  0.0337  0.0337  0.0337
  0.0338  0.0338  0.0338  0.0338  0.0338  0.0338  0.0338  0.0339  0.0338  0.0338  0.0338  0.0338
  0.0341  0.0340  0.0339  0.0340  0.0339  0.0339  0.0341  0.0343  0.0339  0.0340  0.0339  0.0339
  0.0347  0.0343  0.0342  0.0343  0.0342  0.0342  0.0345  0.0349  0.0341  0.0344  0.0341  0.0341
niter,ni,del,rscale     1    3    5.0000    0.4000
parameters
   -2.2196  -14.8040   13.5767  -14.5217  -11.7084  -10.4353
   -0.4012    1.0827    0.8225  -10.8651   -0.8695   10.0327
eta,q 0.96628  7.30387
  0.0343  0.0341  0.0340  0.0341  0.0341  0.0340  0.0343  0.0345  0.0340  0.0341  0.0340  0.0340
  0.0340  0.0339  0.0339  0.0339  0.0339  0.0339  0.0340  0.0341  0.0338  0.0339  0.0338  0.0338
  0.0338  0.0338  0.0338  0.0338  0.0338  0.0338  0.0338  0.0338  0.0337  0.0338  0.0337  0.0337
  0.0337  0.0337  0.0337  0.0337  0.0337  0.0337  0.0337  0.0337  0.0337  0.0337  0.0337  0.0337
  0.0338  0.0338  0.0338  0.0338  0.0337  0.0337  0.0338  0.0338  0.0337  0.0338  0.0337  0.0338
  0.0340  0.0339  0.0339  0.0339  0.0339  0.0338  0.0340  0.0341  0.0338  0.0339  0.0338  0.0338
  0.0343  0.0341  0.0340  0.0341  0.0341  0.0340  0.0343  0.0345  0.0340  0.0342  0.0340  0.0340
registration optimization eta report
parameter search radius
    0.8000    0.8000    0.8000    2.4000    2.4000    2.4000
    2.4000    2.4000    2.4000    2.4000    2.4000    2.4000
100000*second partial in parameter space
       96.       59.       46.        6.        6.        5.
        9.       13.        4.        8.        4.        5.
  0.0343  0.0341  0.0340  0.0341  0.0341  0.0340  0.0343  0.0345  0.0340  0.0341  0.0340  0.0340
  0.0340  0.0339  0.0339  0.0339  0.0339  0.0339  0.0340  0.0341  0.0338  0.0339  0.0338  0.0338
  0.0338  0.0338  0.0338  0.0338  0.0338  0.0338  0.0338  0.0338  0.0337  0.0338  0.0337  0.0337
  0.0337  0.0337  0.0337  0.0337  0.0337  0.0337  0.0337  0.0337  0.0337  0.0337  0.0337  0.0337
  0.0338  0.0338  0.0338  0.0338  0.0337  0.0337  0.0338  0.0338  0.0337  0.0338  0.0337  0.0338
  0.0340  0.0339  0.0339  0.0339  0.0339  0.0338  0.0340  0.0341  0.0338  0.0339  0.0338  0.0338
  0.0343  0.0341  0.0340  0.0341  0.0341  0.0340  0.0343  0.0345  0.0340  0.0342  0.0340  0.0340
   -2.2196  -14.8040   13.5767  -14.5217  -11.7084  -10.4353
   -0.4012    1.0827    0.8225  -10.8651   -0.8695   10.0327
eta,q 0.96628  7.30387

---------------------------------------------------------------------
compute_vox2vox talsrcimg talsrcimg_to_711-2C_as_mni_average_305_t4 /opt/freesurfer/average/711-2C_as_mni_average_305
---------------------------------------------------------------------

freesurfer compute_vox2vox.c
Reading: talsrcimg.4dfp.ifh
Reading: talsrcimg_to_711-2C_as_mni_average_305_t4
Reading: /opt/freesurfer/average/711-2C_as_mni_average_305.4dfp.ifh
Writing: talsrcimg_to_711-2C_as_mni_average_305_t4_vox2vox.txt

start time Thu Mar 12 22:56:06 CET 2026
end		time Thu Mar 12 22:57:31 CET 2026

mpr2mni305 success

avi2talxfm orig_nu.mgz /opt/freesurfer/average/mni305.cor.mgz talsrcimg_to_711-2C_as_mni_average_305_t4_vox2vox.txt transforms/talairach.auto.xfm
avi2talxfm done
mv -f /out/sourcedata/freesurfer/sub-v2s2x29090_ses-1/mri/talsrcimg_to_711-2C_as_mni_average_305_t4_vox2vox.txt /out/sourcedata/freesurfer/sub-v2s2x29090_ses-1/mri/transforms/talsrcimg_to_711-2C_as_mni_average_305_t4_vox2vox.txt
lta_convert --src orig_nu.mgz --trg /opt/freesurfer/average/mni305.cor.mgz --inxfm transforms/talairach.auto.xfm --outlta transforms/talairach.auto.xfm.lta --subject fsaverage
7.3.2

--src: orig_nu.mgz src image (geometry).
--trg: /opt/freesurfer/average/mni305.cor.mgz trg image (geometry).
--inmni: transforms/talairach.auto.xfm input MNI/XFM transform.
--outlta: transforms/talairach.auto.xfm.lta output LTA.
--s: fsaverage subject name
 LTA read, type : 1
 1.16968  -0.01331   0.00683  -1.00977;
 0.01240   1.10118  -0.12507  -25.53680;
-0.00937   0.13564   1.11715  -57.29388;
 0.00000   0.00000   0.00000   1.00000;
setting subject to fsaverage
Writing  LTA to file transforms/talairach.auto.xfm.lta...
lta_convert successful.
 
 
Started at Thu Mar 12 22:56:06 CET 2026
Ended   at Thu Mar 12 22:57:31 CET 2026
talairach_avi done
