status file for recon-all
Thu Mar 12 23:26:55 CET 2026
#@# Tessellate lh Thu Mar 12 23:26:55 CET 2026
#@# Smooth1 lh Thu Mar 12 23:26:58 CET 2026
#@# Inflation1 lh Thu Mar 12 23:27:01 CET 2026
#@# QSphere lh Thu Mar 12 23:28:25 CET 2026
#@# Fix Topology lh Thu Mar 12 23:29:25 CET 2026
#@# Smooth2 lh Thu Mar 12 23:35:55 CET 2026
#@# Inflation2 lh Thu Mar 12 23:35:58 CET 2026
#@# Curv .H and .K lh Thu Mar 12 23:36:26 CET 2026
#@# Sphere lh Thu Mar 12 23:37:20 CET 2026
#@# Surf Reg lh Thu Mar 12 23:42:01 CET 2026
#@# Jacobian white lh Thu Mar 12 23:47:06 CET 2026
#@# AvgCurv lh Thu Mar 12 23:47:07 CET 2026
#@# Cortical Parc lh Thu Mar 12 23:47:08 CET 2026
#@# white curv lh Thu Mar 12 23:56:22 CET 2026
#@# white area lh Thu Mar 12 23:56:24 CET 2026
#@# pial curv lh Thu Mar 12 23:56:25 CET 2026
#@# pial area lh Thu Mar 12 23:56:27 CET 2026
#@# thickness lh Thu Mar 12 23:56:27 CET 2026
#@# area and vertex vol lh Thu Mar 12 23:56:57 CET 2026
#@# Curvature Stats lh Thu Mar 12 23:56:59 CET 2026
#@# Cortical Parc 2 lh Thu Mar 12 23:57:02 CET 2026
#@# Cortical Parc 3 lh Thu Mar 12 23:57:15 CET 2026
#@# WM/GM Contrast lh Thu Mar 12 23:57:26 CET 2026
recon-all -s sub-v2s2x29074_ses-1 finished without error at Thu Mar 12 23:57:29 CET 2026



#New# invocation of recon-all 



status file for recon-all
Fri Mar 13 00:31:55 CET 2026
#@# white curv lh Fri Mar 13 00:31:55 CET 2026
#@# white area lh Fri Mar 13 00:31:55 CET 2026
#@# pial curv lh Fri Mar 13 00:31:55 CET 2026
#@# pial area lh Fri Mar 13 00:31:55 CET 2026
#@# thickness lh Fri Mar 13 00:31:55 CET 2026
#@# area and vertex vol lh Fri Mar 13 00:31:55 CET 2026
#@# Parcellation Stats lh Fri Mar 13 00:31:55 CET 2026
#@# Parcellation Stats 2 lh Fri Mar 13 00:32:23 CET 2026
#@# Parcellation Stats 3 lh Fri Mar 13 00:32:37 CET 2026
#@# BA_exvivo Labels lh Fri Mar 13 00:32:50 CET 2026
recon-all -s sub-v2s2x29074_ses-1 finished without error at Fri Mar 13 00:35:24 CET 2026
