status file for recon-all
Thu Mar 12 22:26:56 CET 2026
#@# MotionCor Thu Mar 12 22:26:58 CET 2026
#@# Talairach Thu Mar 12 22:27:09 CET 2026
#@# Talairach Failure Detection Thu Mar 12 22:31:32 CET 2026
#@# Nu Intensity Correction Thu Mar 12 22:31:32 CET 2026
#@# Intensity Normalization Thu Mar 12 22:34:47 CET 2026
recon-all -s sub-v2s2x29078_ses-1 finished without error at Thu Mar 12 22:36:21 CET 2026



#New# invocation of recon-all 



status file for recon-all
Thu Mar 12 22:43:49 CET 2026
#@# EM Registration Thu Mar 12 22:43:49 CET 2026
recon-all -s sub-v2s2x29078_ses-1 finished without error at Thu Mar 12 22:45:21 CET 2026



#New# invocation of recon-all 



status file for recon-all
Thu Mar 12 22:45:24 CET 2026
#@# CA Normalize Thu Mar 12 22:45:24 CET 2026
#@# CA Reg Thu Mar 12 22:46:44 CET 2026
#@# SubCort Seg Thu Mar 12 23:39:16 CET 2026
#@# CC Seg Fri Mar 13 00:11:04 CET 2026
#@# Merge ASeg Fri Mar 13 00:11:37 CET 2026
#@# Intensity Normalization2 Fri Mar 13 00:11:37 CET 2026
#@# Mask BFS Fri Mar 13 00:13:53 CET 2026
#@# WM Segmentation Fri Mar 13 00:13:54 CET 2026
#@# Fill Fri Mar 13 00:15:51 CET 2026
recon-all -s sub-v2s2x29078_ses-1 finished without error at Fri Mar 13 00:16:53 CET 2026



#New# invocation of recon-all 



status file for recon-all
Fri Mar 13 01:07:59 CET 2026
#@# white curv lh Fri Mar 13 01:07:59 CET 2026
#@# white area lh Fri Mar 13 01:07:59 CET 2026
#@# pial curv lh Fri Mar 13 01:07:59 CET 2026
#@# pial area lh Fri Mar 13 01:07:59 CET 2026
#@# thickness lh Fri Mar 13 01:07:59 CET 2026
#@# area and vertex vol lh Fri Mar 13 01:07:59 CET 2026
#@# white curv rh Fri Mar 13 01:07:59 CET 2026
#@# white area rh Fri Mar 13 01:07:59 CET 2026
#@# pial curv rh Fri Mar 13 01:07:59 CET 2026
#@# pial area rh Fri Mar 13 01:07:59 CET 2026
#@# thickness rh Fri Mar 13 01:07:59 CET 2026
#@# area and vertex vol rh Fri Mar 13 01:07:59 CET 2026
#@# Cortical ribbon mask Fri Mar 13 01:07:59 CET 2026
recon-all -s sub-v2s2x29078_ses-1 finished without error at Fri Mar 13 01:13:35 CET 2026



#New# invocation of recon-all 



status file for recon-all
Fri Mar 13 01:20:55 CET 2026
#@# white curv lh Fri Mar 13 01:20:55 CET 2026
#@# white area lh Fri Mar 13 01:20:55 CET 2026
#@# pial curv lh Fri Mar 13 01:20:55 CET 2026
#@# pial area lh Fri Mar 13 01:20:55 CET 2026
#@# thickness lh Fri Mar 13 01:20:55 CET 2026
#@# area and vertex vol lh Fri Mar 13 01:20:55 CET 2026
#@# white curv rh Fri Mar 13 01:20:55 CET 2026
#@# white area rh Fri Mar 13 01:20:55 CET 2026
#@# pial curv rh Fri Mar 13 01:20:55 CET 2026
#@# pial area rh Fri Mar 13 01:20:55 CET 2026
#@# thickness rh Fri Mar 13 01:20:55 CET 2026
#@# area and vertex vol rh Fri Mar 13 01:20:55 CET 2026
#@# Curvature Stats lh Fri Mar 13 01:20:55 CET 2026
#@# Curvature Stats rh Fri Mar 13 01:20:58 CET 2026
#@# Relabel Hypointensities Fri Mar 13 01:21:00 CET 2026
#@# APas-to-ASeg Fri Mar 13 01:21:18 CET 2026
#@# AParc-to-ASeg aparc Fri Mar 13 01:21:26 CET 2026
#@# AParc-to-ASeg aparc.a2009s Fri Mar 13 01:22:01 CET 2026
#@# AParc-to-ASeg aparc.DKTatlas Fri Mar 13 01:22:39 CET 2026
#@# WMParc Fri Mar 13 01:23:16 CET 2026
#@# ASeg Stats Fri Mar 13 01:27:35 CET 2026
recon-all -s sub-v2s2x29078_ses-1 finished without error at Fri Mar 13 01:28:15 CET 2026
