status file for recon-all
Fri Mar 13 00:16:57 CET 2026
#@# Tessellate lh Fri Mar 13 00:16:57 CET 2026
#@# Smooth1 lh Fri Mar 13 00:17:00 CET 2026
#@# Inflation1 lh Fri Mar 13 00:17:04 CET 2026
#@# QSphere lh Fri Mar 13 00:18:07 CET 2026
#@# Fix Topology lh Fri Mar 13 00:19:12 CET 2026
#@# Smooth2 lh Fri Mar 13 00:26:17 CET 2026
#@# Inflation2 lh Fri Mar 13 00:26:20 CET 2026
#@# Curv .H and .K lh Fri Mar 13 00:26:45 CET 2026
#@# Sphere lh Fri Mar 13 00:27:38 CET 2026
#@# Surf Reg lh Fri Mar 13 00:29:48 CET 2026
#@# Jacobian white lh Fri Mar 13 00:33:54 CET 2026
#@# AvgCurv lh Fri Mar 13 00:33:55 CET 2026
#@# Cortical Parc lh Fri Mar 13 00:33:55 CET 2026
#@# white curv lh Fri Mar 13 00:40:49 CET 2026
#@# white area lh Fri Mar 13 00:40:50 CET 2026
#@# pial curv lh Fri Mar 13 00:40:51 CET 2026
#@# pial area lh Fri Mar 13 00:40:53 CET 2026
#@# thickness lh Fri Mar 13 00:40:54 CET 2026
#@# area and vertex vol lh Fri Mar 13 00:41:28 CET 2026
#@# Curvature Stats lh Fri Mar 13 00:41:29 CET 2026
#@# Cortical Parc 2 lh Fri Mar 13 00:41:32 CET 2026
#@# Cortical Parc 3 lh Fri Mar 13 00:41:47 CET 2026
#@# WM/GM Contrast lh Fri Mar 13 00:41:58 CET 2026
recon-all -s sub-v2s2x29078_ses-1 finished without error at Fri Mar 13 00:42:03 CET 2026



#New# invocation of recon-all 



status file for recon-all
Fri Mar 13 01:13:39 CET 2026
#@# white curv lh Fri Mar 13 01:13:39 CET 2026
#@# white area lh Fri Mar 13 01:13:39 CET 2026
#@# pial curv lh Fri Mar 13 01:13:39 CET 2026
#@# pial area lh Fri Mar 13 01:13:39 CET 2026
#@# thickness lh Fri Mar 13 01:13:39 CET 2026
#@# area and vertex vol lh Fri Mar 13 01:13:39 CET 2026
#@# Parcellation Stats lh Fri Mar 13 01:13:39 CET 2026
#@# Parcellation Stats 2 lh Fri Mar 13 01:14:02 CET 2026
#@# Parcellation Stats 3 lh Fri Mar 13 01:14:14 CET 2026
#@# BA_exvivo Labels lh Fri Mar 13 01:14:25 CET 2026
recon-all -s sub-v2s2x29078_ses-1 finished without error at Fri Mar 13 01:17:14 CET 2026
