status file for recon-all
Fri Mar 13 00:27:09 CET 2026
#@# Tessellate lh Fri Mar 13 00:27:09 CET 2026
#@# Smooth1 lh Fri Mar 13 00:27:13 CET 2026
#@# Inflation1 lh Fri Mar 13 00:27:17 CET 2026
#@# QSphere lh Fri Mar 13 00:28:28 CET 2026
#@# Fix Topology lh Fri Mar 13 00:29:45 CET 2026
#@# Smooth2 lh Fri Mar 13 00:37:41 CET 2026
#@# Inflation2 lh Fri Mar 13 00:37:45 CET 2026
#@# Curv .H and .K lh Fri Mar 13 00:38:09 CET 2026
#@# Sphere lh Fri Mar 13 00:39:18 CET 2026
#@# Surf Reg lh Fri Mar 13 00:43:37 CET 2026
#@# Jacobian white lh Fri Mar 13 00:49:37 CET 2026
#@# AvgCurv lh Fri Mar 13 00:49:38 CET 2026
#@# Cortical Parc lh Fri Mar 13 00:49:39 CET 2026
#@# white curv lh Fri Mar 13 00:58:41 CET 2026
#@# white area lh Fri Mar 13 00:58:44 CET 2026
#@# pial curv lh Fri Mar 13 00:58:45 CET 2026
#@# pial area lh Fri Mar 13 00:58:48 CET 2026
#@# thickness lh Fri Mar 13 00:58:49 CET 2026
#@# area and vertex vol lh Fri Mar 13 00:59:32 CET 2026
#@# Curvature Stats lh Fri Mar 13 00:59:35 CET 2026
#@# Cortical Parc 2 lh Fri Mar 13 00:59:39 CET 2026
#@# Cortical Parc 3 lh Fri Mar 13 00:59:57 CET 2026
#@# WM/GM Contrast lh Fri Mar 13 01:00:10 CET 2026
recon-all -s sub-v2s2x29083_ses-1 finished without error at Fri Mar 13 01:00:16 CET 2026



#New# invocation of recon-all 



status file for recon-all
Fri Mar 13 01:48:59 CET 2026
#@# white curv lh Fri Mar 13 01:48:59 CET 2026
#@# white area lh Fri Mar 13 01:48:59 CET 2026
#@# pial curv lh Fri Mar 13 01:48:59 CET 2026
#@# pial area lh Fri Mar 13 01:48:59 CET 2026
#@# thickness lh Fri Mar 13 01:48:59 CET 2026
#@# area and vertex vol lh Fri Mar 13 01:48:59 CET 2026
#@# Parcellation Stats lh Fri Mar 13 01:48:59 CET 2026
#@# Parcellation Stats 2 lh Fri Mar 13 01:49:34 CET 2026
#@# Parcellation Stats 3 lh Fri Mar 13 01:49:52 CET 2026
#@# BA_exvivo Labels lh Fri Mar 13 01:50:08 CET 2026
recon-all -s sub-v2s2x29083_ses-1 finished without error at Fri Mar 13 01:53:46 CET 2026
