status file for recon-all
Fri Mar 13 01:00:17 CET 2026
#@# Tessellate rh Fri Mar 13 01:00:17 CET 2026
#@# Smooth1 rh Fri Mar 13 01:00:21 CET 2026
#@# Inflation1 rh Fri Mar 13 01:00:25 CET 2026
#@# QSphere rh Fri Mar 13 01:01:39 CET 2026
#@# Fix Topology rh Fri Mar 13 01:03:08 CET 2026
#@# Smooth2 rh Fri Mar 13 01:10:49 CET 2026
#@# Inflation2 rh Fri Mar 13 01:10:53 CET 2026
#@# Curv .H and .K rh Fri Mar 13 01:11:18 CET 2026
#@# Sphere rh Fri Mar 13 01:12:26 CET 2026
#@# Surf Reg rh Fri Mar 13 01:15:37 CET 2026
#@# Jacobian white rh Fri Mar 13 01:22:25 CET 2026
#@# AvgCurv rh Fri Mar 13 01:22:27 CET 2026
#@# Cortical Parc rh Fri Mar 13 01:22:28 CET 2026
#@# white curv rh Fri Mar 13 01:31:58 CET 2026
#@# white area rh Fri Mar 13 01:32:01 CET 2026
#@# pial curv rh Fri Mar 13 01:32:02 CET 2026
#@# pial area rh Fri Mar 13 01:32:04 CET 2026
#@# thickness rh Fri Mar 13 01:32:05 CET 2026
#@# area and vertex vol rh Fri Mar 13 01:32:51 CET 2026
#@# Curvature Stats rh Fri Mar 13 01:32:53 CET 2026
#@# Cortical Parc 2 rh Fri Mar 13 01:32:57 CET 2026
#@# Cortical Parc 3 rh Fri Mar 13 01:33:16 CET 2026
#@# WM/GM Contrast rh Fri Mar 13 01:33:29 CET 2026
recon-all -s sub-v2s2x29083_ses-1 finished without error at Fri Mar 13 01:33:35 CET 2026



#New# invocation of recon-all 



status file for recon-all
Fri Mar 13 01:53:47 CET 2026
#@# white curv rh Fri Mar 13 01:53:48 CET 2026
#@# white area rh Fri Mar 13 01:53:48 CET 2026
#@# pial curv rh Fri Mar 13 01:53:48 CET 2026
#@# pial area rh Fri Mar 13 01:53:48 CET 2026
#@# thickness rh Fri Mar 13 01:53:48 CET 2026
#@# area and vertex vol rh Fri Mar 13 01:53:48 CET 2026
#@# Parcellation Stats rh Fri Mar 13 01:53:48 CET 2026
#@# Parcellation Stats 2 rh Fri Mar 13 01:54:23 CET 2026
#@# Parcellation Stats 3 rh Fri Mar 13 01:54:42 CET 2026
#@# BA_exvivo Labels rh Fri Mar 13 01:54:59 CET 2026
recon-all -s sub-v2s2x29083_ses-1 finished without error at Fri Mar 13 01:58:37 CET 2026
