status file for recon-all
Thu Mar 12 22:36:30 CET 2026
#@# MotionCor Thu Mar 12 22:36:32 CET 2026
#@# Talairach Thu Mar 12 22:36:42 CET 2026
#@# Talairach Failure Detection Thu Mar 12 22:41:05 CET 2026
#@# Nu Intensity Correction Thu Mar 12 22:41:05 CET 2026
#@# Intensity Normalization Thu Mar 12 22:44:21 CET 2026
recon-all -s sub-v2s2x29083_ses-1 finished without error at Thu Mar 12 22:46:03 CET 2026



#New# invocation of recon-all 



status file for recon-all
Thu Mar 12 22:53:55 CET 2026
#@# EM Registration Thu Mar 12 22:53:55 CET 2026
recon-all -s sub-v2s2x29083_ses-1 finished without error at Thu Mar 12 22:56:11 CET 2026



#New# invocation of recon-all 



status file for recon-all
Thu Mar 12 22:56:14 CET 2026
#@# CA Normalize Thu Mar 12 22:56:14 CET 2026
#@# CA Reg Thu Mar 12 22:57:32 CET 2026
#@# SubCort Seg Thu Mar 12 23:44:47 CET 2026
#@# CC Seg Fri Mar 13 00:20:50 CET 2026
#@# Merge ASeg Fri Mar 13 00:21:34 CET 2026
#@# Intensity Normalization2 Fri Mar 13 00:21:34 CET 2026
#@# Mask BFS Fri Mar 13 00:23:57 CET 2026
#@# WM Segmentation Fri Mar 13 00:23:58 CET 2026
#@# Fill Fri Mar 13 00:26:02 CET 2026
recon-all -s sub-v2s2x29083_ses-1 finished without error at Fri Mar 13 00:27:05 CET 2026



#New# invocation of recon-all 



status file for recon-all
Fri Mar 13 01:33:39 CET 2026
#@# white curv lh Fri Mar 13 01:33:39 CET 2026
#@# white area lh Fri Mar 13 01:33:40 CET 2026
#@# pial curv lh Fri Mar 13 01:33:40 CET 2026
#@# pial area lh Fri Mar 13 01:33:40 CET 2026
#@# thickness lh Fri Mar 13 01:33:40 CET 2026
#@# area and vertex vol lh Fri Mar 13 01:33:40 CET 2026
#@# white curv rh Fri Mar 13 01:33:40 CET 2026
#@# white area rh Fri Mar 13 01:33:40 CET 2026
#@# pial curv rh Fri Mar 13 01:33:40 CET 2026
#@# pial area rh Fri Mar 13 01:33:40 CET 2026
#@# thickness rh Fri Mar 13 01:33:40 CET 2026
#@# area and vertex vol rh Fri Mar 13 01:33:40 CET 2026
#@# Cortical ribbon mask Fri Mar 13 01:33:40 CET 2026
recon-all -s sub-v2s2x29083_ses-1 finished without error at Fri Mar 13 01:48:53 CET 2026



#New# invocation of recon-all 



status file for recon-all
Fri Mar 13 01:58:43 CET 2026
#@# white curv lh Fri Mar 13 01:58:43 CET 2026
#@# white area lh Fri Mar 13 01:58:43 CET 2026
#@# pial curv lh Fri Mar 13 01:58:43 CET 2026
#@# pial area lh Fri Mar 13 01:58:43 CET 2026
#@# thickness lh Fri Mar 13 01:58:43 CET 2026
#@# area and vertex vol lh Fri Mar 13 01:58:43 CET 2026
#@# white curv rh Fri Mar 13 01:58:43 CET 2026
#@# white area rh Fri Mar 13 01:58:43 CET 2026
#@# pial curv rh Fri Mar 13 01:58:43 CET 2026
#@# pial area rh Fri Mar 13 01:58:43 CET 2026
#@# thickness rh Fri Mar 13 01:58:43 CET 2026
#@# area and vertex vol rh Fri Mar 13 01:58:43 CET 2026
#@# Curvature Stats lh Fri Mar 13 01:58:43 CET 2026
#@# Curvature Stats rh Fri Mar 13 01:58:48 CET 2026
#@# Relabel Hypointensities Fri Mar 13 01:58:52 CET 2026
#@# APas-to-ASeg Fri Mar 13 01:59:12 CET 2026
#@# AParc-to-ASeg aparc Fri Mar 13 01:59:23 CET 2026
#@# AParc-to-ASeg aparc.a2009s Fri Mar 13 02:00:18 CET 2026
#@# AParc-to-ASeg aparc.DKTatlas Fri Mar 13 02:01:25 CET 2026
#@# WMParc Fri Mar 13 02:02:30 CET 2026
#@# ASeg Stats Fri Mar 13 02:06:50 CET 2026
recon-all -s sub-v2s2x29083_ses-1 finished without error at Fri Mar 13 02:07:28 CET 2026
