status file for recon-all
Fri Mar 13 00:16:14 CET 2026
#@# Tessellate lh Fri Mar 13 00:16:14 CET 2026
#@# Smooth1 lh Fri Mar 13 00:16:18 CET 2026
#@# Inflation1 lh Fri Mar 13 00:16:21 CET 2026
#@# QSphere lh Fri Mar 13 00:17:14 CET 2026
#@# Fix Topology lh Fri Mar 13 00:18:22 CET 2026
#@# Smooth2 lh Fri Mar 13 00:24:45 CET 2026
#@# Inflation2 lh Fri Mar 13 00:24:49 CET 2026
#@# Curv .H and .K lh Fri Mar 13 00:25:06 CET 2026
#@# Sphere lh Fri Mar 13 00:26:09 CET 2026
#@# Surf Reg lh Fri Mar 13 00:28:39 CET 2026
#@# Jacobian white lh Fri Mar 13 00:32:51 CET 2026
#@# AvgCurv lh Fri Mar 13 00:32:52 CET 2026
#@# Cortical Parc lh Fri Mar 13 00:32:53 CET 2026
#@# white curv lh Fri Mar 13 00:40:41 CET 2026
#@# white area lh Fri Mar 13 00:40:43 CET 2026
#@# pial curv lh Fri Mar 13 00:40:44 CET 2026
#@# pial area lh Fri Mar 13 00:40:46 CET 2026
#@# thickness lh Fri Mar 13 00:40:47 CET 2026
#@# area and vertex vol lh Fri Mar 13 00:41:28 CET 2026
#@# Curvature Stats lh Fri Mar 13 00:41:30 CET 2026
#@# Cortical Parc 2 lh Fri Mar 13 00:41:32 CET 2026
#@# Cortical Parc 3 lh Fri Mar 13 00:41:50 CET 2026
#@# WM/GM Contrast lh Fri Mar 13 00:42:02 CET 2026
recon-all -s sub-v2s2x29082_ses-1 finished without error at Fri Mar 13 00:42:08 CET 2026



#New# invocation of recon-all 



status file for recon-all
Fri Mar 13 01:17:50 CET 2026
#@# white curv lh Fri Mar 13 01:17:50 CET 2026
#@# white area lh Fri Mar 13 01:17:50 CET 2026
#@# pial curv lh Fri Mar 13 01:17:50 CET 2026
#@# pial area lh Fri Mar 13 01:17:50 CET 2026
#@# thickness lh Fri Mar 13 01:17:50 CET 2026
#@# area and vertex vol lh Fri Mar 13 01:17:50 CET 2026
#@# Parcellation Stats lh Fri Mar 13 01:17:50 CET 2026
#@# Parcellation Stats 2 lh Fri Mar 13 01:18:20 CET 2026
#@# Parcellation Stats 3 lh Fri Mar 13 01:18:35 CET 2026
#@# BA_exvivo Labels lh Fri Mar 13 01:18:50 CET 2026
recon-all -s sub-v2s2x29082_ses-1 finished without error at Fri Mar 13 01:21:55 CET 2026
