status file for recon-all
Thu Mar 12 22:36:23 CET 2026
#@# MotionCor Thu Mar 12 22:36:25 CET 2026
#@# Talairach Thu Mar 12 22:36:34 CET 2026
#@# Talairach Failure Detection Thu Mar 12 22:40:57 CET 2026
#@# Nu Intensity Correction Thu Mar 12 22:40:57 CET 2026
#@# Intensity Normalization Thu Mar 12 22:44:10 CET 2026
recon-all -s sub-v2s2x29082_ses-1 finished without error at Thu Mar 12 22:45:43 CET 2026



#New# invocation of recon-all 



status file for recon-all
Thu Mar 12 22:53:13 CET 2026
#@# EM Registration Thu Mar 12 22:53:13 CET 2026
recon-all -s sub-v2s2x29082_ses-1 finished without error at Thu Mar 12 22:54:40 CET 2026



#New# invocation of recon-all 



status file for recon-all
Thu Mar 12 22:54:43 CET 2026
#@# CA Normalize Thu Mar 12 22:54:43 CET 2026
#@# CA Reg Thu Mar 12 22:56:01 CET 2026
#@# SubCort Seg Thu Mar 12 23:35:29 CET 2026
#@# CC Seg Fri Mar 13 00:10:11 CET 2026
#@# Merge ASeg Fri Mar 13 00:10:44 CET 2026
#@# Intensity Normalization2 Fri Mar 13 00:10:44 CET 2026
#@# Mask BFS Fri Mar 13 00:13:06 CET 2026
#@# WM Segmentation Fri Mar 13 00:13:06 CET 2026
#@# Fill Fri Mar 13 00:15:09 CET 2026
recon-all -s sub-v2s2x29082_ses-1 finished without error at Fri Mar 13 00:16:10 CET 2026



#New# invocation of recon-all 



status file for recon-all
Fri Mar 13 01:08:48 CET 2026
#@# white curv lh Fri Mar 13 01:08:48 CET 2026
#@# white area lh Fri Mar 13 01:08:48 CET 2026
#@# pial curv lh Fri Mar 13 01:08:48 CET 2026
#@# pial area lh Fri Mar 13 01:08:48 CET 2026
#@# thickness lh Fri Mar 13 01:08:48 CET 2026
#@# area and vertex vol lh Fri Mar 13 01:08:48 CET 2026
#@# white curv rh Fri Mar 13 01:08:48 CET 2026
#@# white area rh Fri Mar 13 01:08:48 CET 2026
#@# pial curv rh Fri Mar 13 01:08:48 CET 2026
#@# pial area rh Fri Mar 13 01:08:49 CET 2026
#@# thickness rh Fri Mar 13 01:08:49 CET 2026
#@# area and vertex vol rh Fri Mar 13 01:08:49 CET 2026
#@# Cortical ribbon mask Fri Mar 13 01:08:49 CET 2026
recon-all -s sub-v2s2x29082_ses-1 finished without error at Fri Mar 13 01:17:44 CET 2026



#New# invocation of recon-all 



status file for recon-all
Fri Mar 13 01:26:10 CET 2026
#@# white curv lh Fri Mar 13 01:26:10 CET 2026
#@# white area lh Fri Mar 13 01:26:10 CET 2026
#@# pial curv lh Fri Mar 13 01:26:10 CET 2026
#@# pial area lh Fri Mar 13 01:26:10 CET 2026
#@# thickness lh Fri Mar 13 01:26:10 CET 2026
#@# area and vertex vol lh Fri Mar 13 01:26:10 CET 2026
#@# white curv rh Fri Mar 13 01:26:10 CET 2026
#@# white area rh Fri Mar 13 01:26:10 CET 2026
#@# pial curv rh Fri Mar 13 01:26:10 CET 2026
#@# pial area rh Fri Mar 13 01:26:10 CET 2026
#@# thickness rh Fri Mar 13 01:26:10 CET 2026
#@# area and vertex vol rh Fri Mar 13 01:26:10 CET 2026
#@# Curvature Stats lh Fri Mar 13 01:26:10 CET 2026
#@# Curvature Stats rh Fri Mar 13 01:26:13 CET 2026
#@# Relabel Hypointensities Fri Mar 13 01:26:16 CET 2026
#@# APas-to-ASeg Fri Mar 13 01:26:36 CET 2026
#@# AParc-to-ASeg aparc Fri Mar 13 01:26:46 CET 2026
#@# AParc-to-ASeg aparc.a2009s Fri Mar 13 01:27:32 CET 2026
#@# AParc-to-ASeg aparc.DKTatlas Fri Mar 13 01:28:17 CET 2026
#@# WMParc Fri Mar 13 01:29:04 CET 2026
#@# ASeg Stats Fri Mar 13 01:32:44 CET 2026
recon-all -s sub-v2s2x29082_ses-1 finished without error at Fri Mar 13 01:33:17 CET 2026
