status file for recon-all
Fri Mar 13 00:19:02 CET 2026
#@# Tessellate lh Fri Mar 13 00:19:02 CET 2026
#@# Smooth1 lh Fri Mar 13 00:19:05 CET 2026
#@# Inflation1 lh Fri Mar 13 00:19:08 CET 2026
#@# QSphere lh Fri Mar 13 00:20:32 CET 2026
#@# Fix Topology lh Fri Mar 13 00:21:49 CET 2026
#@# Smooth2 lh Fri Mar 13 00:28:03 CET 2026
#@# Inflation2 lh Fri Mar 13 00:28:06 CET 2026
#@# Curv .H and .K lh Fri Mar 13 00:28:35 CET 2026
#@# Sphere lh Fri Mar 13 00:29:28 CET 2026
#@# Surf Reg lh Fri Mar 13 00:32:38 CET 2026
#@# Jacobian white lh Fri Mar 13 00:39:34 CET 2026
#@# AvgCurv lh Fri Mar 13 00:39:35 CET 2026
#@# Cortical Parc lh Fri Mar 13 00:39:36 CET 2026
#@# white curv lh Fri Mar 13 00:47:05 CET 2026
#@# white area lh Fri Mar 13 00:47:07 CET 2026
#@# pial curv lh Fri Mar 13 00:47:08 CET 2026
#@# pial area lh Fri Mar 13 00:47:10 CET 2026
#@# thickness lh Fri Mar 13 00:47:11 CET 2026
#@# area and vertex vol lh Fri Mar 13 00:47:40 CET 2026
#@# Curvature Stats lh Fri Mar 13 00:47:42 CET 2026
#@# Cortical Parc 2 lh Fri Mar 13 00:47:45 CET 2026
#@# Cortical Parc 3 lh Fri Mar 13 00:47:59 CET 2026
#@# WM/GM Contrast lh Fri Mar 13 00:48:10 CET 2026
recon-all -s sub-v2s2x29087_ses-1 finished without error at Fri Mar 13 00:48:13 CET 2026



#New# invocation of recon-all 



status file for recon-all
Fri Mar 13 01:22:10 CET 2026
#@# white curv lh Fri Mar 13 01:22:10 CET 2026
#@# white area lh Fri Mar 13 01:22:10 CET 2026
#@# pial curv lh Fri Mar 13 01:22:11 CET 2026
#@# pial area lh Fri Mar 13 01:22:11 CET 2026
#@# thickness lh Fri Mar 13 01:22:11 CET 2026
#@# area and vertex vol lh Fri Mar 13 01:22:11 CET 2026
#@# Parcellation Stats lh Fri Mar 13 01:22:11 CET 2026
#@# Parcellation Stats 2 lh Fri Mar 13 01:22:45 CET 2026
#@# Parcellation Stats 3 lh Fri Mar 13 01:22:59 CET 2026
#@# BA_exvivo Labels lh Fri Mar 13 01:23:16 CET 2026
recon-all -s sub-v2s2x29087_ses-1 finished without error at Fri Mar 13 01:26:07 CET 2026
