status file for recon-all
Thu Mar 12 22:41:46 CET 2026
#@# MotionCor Thu Mar 12 22:41:48 CET 2026
#@# Talairach Thu Mar 12 22:41:54 CET 2026
#@# Talairach Failure Detection Thu Mar 12 22:44:44 CET 2026
#@# Nu Intensity Correction Thu Mar 12 22:44:44 CET 2026
#@# Intensity Normalization Thu Mar 12 22:47:31 CET 2026
recon-all -s sub-v2s2x29087_ses-1 finished without error at Thu Mar 12 22:48:39 CET 2026



#New# invocation of recon-all 



status file for recon-all
Thu Mar 12 22:55:08 CET 2026
#@# EM Registration Thu Mar 12 22:55:08 CET 2026
recon-all -s sub-v2s2x29087_ses-1 finished without error at Thu Mar 12 22:56:33 CET 2026



#New# invocation of recon-all 



status file for recon-all
Thu Mar 12 22:56:36 CET 2026
#@# CA Normalize Thu Mar 12 22:56:36 CET 2026
#@# CA Reg Thu Mar 12 22:57:28 CET 2026
#@# SubCort Seg Thu Mar 12 23:48:09 CET 2026
#@# CC Seg Fri Mar 13 00:14:28 CET 2026
#@# Merge ASeg Fri Mar 13 00:14:56 CET 2026
#@# Intensity Normalization2 Fri Mar 13 00:14:56 CET 2026
#@# Mask BFS Fri Mar 13 00:16:35 CET 2026
#@# WM Segmentation Fri Mar 13 00:16:35 CET 2026
#@# Fill Fri Mar 13 00:18:17 CET 2026
recon-all -s sub-v2s2x29087_ses-1 finished without error at Fri Mar 13 00:18:57 CET 2026



#New# invocation of recon-all 



status file for recon-all
Fri Mar 13 01:17:08 CET 2026
#@# white curv lh Fri Mar 13 01:17:08 CET 2026
#@# white area lh Fri Mar 13 01:17:08 CET 2026
#@# pial curv lh Fri Mar 13 01:17:08 CET 2026
#@# pial area lh Fri Mar 13 01:17:08 CET 2026
#@# thickness lh Fri Mar 13 01:17:08 CET 2026
#@# area and vertex vol lh Fri Mar 13 01:17:08 CET 2026
#@# white curv rh Fri Mar 13 01:17:08 CET 2026
#@# white area rh Fri Mar 13 01:17:08 CET 2026
#@# pial curv rh Fri Mar 13 01:17:08 CET 2026
#@# pial area rh Fri Mar 13 01:17:08 CET 2026
#@# thickness rh Fri Mar 13 01:17:08 CET 2026
#@# area and vertex vol rh Fri Mar 13 01:17:08 CET 2026
#@# Cortical ribbon mask Fri Mar 13 01:17:08 CET 2026
recon-all -s sub-v2s2x29087_ses-1 finished without error at Fri Mar 13 01:22:06 CET 2026



#New# invocation of recon-all 



status file for recon-all
Fri Mar 13 01:30:04 CET 2026
#@# white curv lh Fri Mar 13 01:30:04 CET 2026
#@# white area lh Fri Mar 13 01:30:04 CET 2026
#@# pial curv lh Fri Mar 13 01:30:04 CET 2026
#@# pial area lh Fri Mar 13 01:30:04 CET 2026
#@# thickness lh Fri Mar 13 01:30:04 CET 2026
#@# area and vertex vol lh Fri Mar 13 01:30:04 CET 2026
#@# white curv rh Fri Mar 13 01:30:05 CET 2026
#@# white area rh Fri Mar 13 01:30:05 CET 2026
#@# pial curv rh Fri Mar 13 01:30:05 CET 2026
#@# pial area rh Fri Mar 13 01:30:05 CET 2026
#@# thickness rh Fri Mar 13 01:30:05 CET 2026
#@# area and vertex vol rh Fri Mar 13 01:30:05 CET 2026
#@# Curvature Stats lh Fri Mar 13 01:30:05 CET 2026
#@# Curvature Stats rh Fri Mar 13 01:30:08 CET 2026
#@# Relabel Hypointensities Fri Mar 13 01:30:10 CET 2026
#@# APas-to-ASeg Fri Mar 13 01:30:24 CET 2026
#@# AParc-to-ASeg aparc Fri Mar 13 01:30:34 CET 2026
#@# AParc-to-ASeg aparc.a2009s Fri Mar 13 01:31:09 CET 2026
#@# AParc-to-ASeg aparc.DKTatlas Fri Mar 13 01:31:46 CET 2026
#@# WMParc Fri Mar 13 01:32:19 CET 2026
#@# ASeg Stats Fri Mar 13 01:34:27 CET 2026
recon-all -s sub-v2s2x29087_ses-1 finished without error at Fri Mar 13 01:34:47 CET 2026
