status file for recon-all
Fri Mar 13 00:33:07 CET 2026
#@# Tessellate lh Fri Mar 13 00:33:07 CET 2026
#@# Smooth1 lh Fri Mar 13 00:33:11 CET 2026
#@# Inflation1 lh Fri Mar 13 00:33:15 CET 2026
#@# QSphere lh Fri Mar 13 00:34:39 CET 2026
#@# Fix Topology lh Fri Mar 13 00:36:22 CET 2026
#@# Smooth2 lh Fri Mar 13 00:46:21 CET 2026
#@# Inflation2 lh Fri Mar 13 00:46:25 CET 2026
#@# Curv .H and .K lh Fri Mar 13 00:46:57 CET 2026
#@# Sphere lh Fri Mar 13 00:48:01 CET 2026
#@# Surf Reg lh Fri Mar 13 00:53:04 CET 2026
#@# Jacobian white lh Fri Mar 13 00:59:31 CET 2026
#@# AvgCurv lh Fri Mar 13 00:59:32 CET 2026
#@# Cortical Parc lh Fri Mar 13 00:59:34 CET 2026
#@# white curv lh Fri Mar 13 01:09:13 CET 2026
#@# white area lh Fri Mar 13 01:09:16 CET 2026
#@# pial curv lh Fri Mar 13 01:09:17 CET 2026
#@# pial area lh Fri Mar 13 01:09:19 CET 2026
#@# thickness lh Fri Mar 13 01:09:20 CET 2026
#@# area and vertex vol lh Fri Mar 13 01:10:02 CET 2026
#@# Curvature Stats lh Fri Mar 13 01:10:04 CET 2026
#@# Cortical Parc 2 lh Fri Mar 13 01:10:08 CET 2026
#@# Cortical Parc 3 lh Fri Mar 13 01:10:26 CET 2026
#@# WM/GM Contrast lh Fri Mar 13 01:10:40 CET 2026
recon-all -s sub-v2s2x29081_ses-1 finished without error at Fri Mar 13 01:10:45 CET 2026



#New# invocation of recon-all 



status file for recon-all
Fri Mar 13 01:53:48 CET 2026
#@# white curv lh Fri Mar 13 01:53:48 CET 2026
#@# white area lh Fri Mar 13 01:53:48 CET 2026
#@# pial curv lh Fri Mar 13 01:53:48 CET 2026
#@# pial area lh Fri Mar 13 01:53:48 CET 2026
#@# thickness lh Fri Mar 13 01:53:48 CET 2026
#@# area and vertex vol lh Fri Mar 13 01:53:48 CET 2026
#@# Parcellation Stats lh Fri Mar 13 01:53:48 CET 2026
#@# Parcellation Stats 2 lh Fri Mar 13 01:54:20 CET 2026
#@# Parcellation Stats 3 lh Fri Mar 13 01:54:36 CET 2026
#@# BA_exvivo Labels lh Fri Mar 13 01:54:52 CET 2026
recon-all -s sub-v2s2x29081_ses-1 finished without error at Fri Mar 13 01:58:18 CET 2026
