status file for recon-all
Thu Mar 12 22:36:32 CET 2026
#@# MotionCor Thu Mar 12 22:36:34 CET 2026
#@# Talairach Thu Mar 12 22:36:44 CET 2026
#@# Talairach Failure Detection Thu Mar 12 22:41:10 CET 2026
#@# Nu Intensity Correction Thu Mar 12 22:41:10 CET 2026
#@# Intensity Normalization Thu Mar 12 22:44:26 CET 2026
recon-all -s sub-v2s2x29081_ses-1 finished without error at Thu Mar 12 22:45:57 CET 2026



#New# invocation of recon-all 



status file for recon-all
Thu Mar 12 22:54:19 CET 2026
#@# EM Registration Thu Mar 12 22:54:19 CET 2026
recon-all -s sub-v2s2x29081_ses-1 finished without error at Thu Mar 12 22:56:02 CET 2026



#New# invocation of recon-all 



status file for recon-all
Thu Mar 12 22:56:04 CET 2026
#@# CA Normalize Thu Mar 12 22:56:04 CET 2026
#@# CA Reg Thu Mar 12 22:57:23 CET 2026
#@# SubCort Seg Thu Mar 12 23:49:19 CET 2026
#@# CC Seg Fri Mar 13 00:26:58 CET 2026
#@# Merge ASeg Fri Mar 13 00:27:34 CET 2026
#@# Intensity Normalization2 Fri Mar 13 00:27:34 CET 2026
#@# Mask BFS Fri Mar 13 00:29:47 CET 2026
#@# WM Segmentation Fri Mar 13 00:29:48 CET 2026
#@# Fill Fri Mar 13 00:32:00 CET 2026
recon-all -s sub-v2s2x29081_ses-1 finished without error at Fri Mar 13 00:33:01 CET 2026



#New# invocation of recon-all 



status file for recon-all
Fri Mar 13 01:45:37 CET 2026
#@# white curv lh Fri Mar 13 01:45:37 CET 2026
#@# white area lh Fri Mar 13 01:45:37 CET 2026
#@# pial curv lh Fri Mar 13 01:45:37 CET 2026
#@# pial area lh Fri Mar 13 01:45:37 CET 2026
#@# thickness lh Fri Mar 13 01:45:37 CET 2026
#@# area and vertex vol lh Fri Mar 13 01:45:37 CET 2026
#@# white curv rh Fri Mar 13 01:45:37 CET 2026
#@# white area rh Fri Mar 13 01:45:38 CET 2026
#@# pial curv rh Fri Mar 13 01:45:38 CET 2026
#@# pial area rh Fri Mar 13 01:45:38 CET 2026
#@# thickness rh Fri Mar 13 01:45:38 CET 2026
#@# area and vertex vol rh Fri Mar 13 01:45:38 CET 2026
#@# Cortical ribbon mask Fri Mar 13 01:45:38 CET 2026
recon-all -s sub-v2s2x29081_ses-1 finished without error at Fri Mar 13 01:53:43 CET 2026



#New# invocation of recon-all 



status file for recon-all
Fri Mar 13 02:03:01 CET 2026
#@# white curv lh Fri Mar 13 02:03:01 CET 2026
#@# white area lh Fri Mar 13 02:03:01 CET 2026
#@# pial curv lh Fri Mar 13 02:03:01 CET 2026
#@# pial area lh Fri Mar 13 02:03:01 CET 2026
#@# thickness lh Fri Mar 13 02:03:02 CET 2026
#@# area and vertex vol lh Fri Mar 13 02:03:02 CET 2026
#@# white curv rh Fri Mar 13 02:03:02 CET 2026
#@# white area rh Fri Mar 13 02:03:02 CET 2026
#@# pial curv rh Fri Mar 13 02:03:02 CET 2026
#@# pial area rh Fri Mar 13 02:03:02 CET 2026
#@# thickness rh Fri Mar 13 02:03:02 CET 2026
#@# area and vertex vol rh Fri Mar 13 02:03:02 CET 2026
#@# Curvature Stats lh Fri Mar 13 02:03:02 CET 2026
#@# Curvature Stats rh Fri Mar 13 02:03:05 CET 2026
#@# Relabel Hypointensities Fri Mar 13 02:03:09 CET 2026
#@# APas-to-ASeg Fri Mar 13 02:03:29 CET 2026
#@# AParc-to-ASeg aparc Fri Mar 13 02:03:41 CET 2026
#@# AParc-to-ASeg aparc.a2009s Fri Mar 13 02:04:36 CET 2026
#@# AParc-to-ASeg aparc.DKTatlas Fri Mar 13 02:05:34 CET 2026
#@# WMParc Fri Mar 13 02:06:29 CET 2026
#@# ASeg Stats Fri Mar 13 02:10:59 CET 2026
recon-all -s sub-v2s2x29081_ses-1 finished without error at Fri Mar 13 02:11:41 CET 2026
