status file for recon-all
Fri Mar 13 01:10:47 CET 2026
#@# Tessellate rh Fri Mar 13 01:10:47 CET 2026
#@# Smooth1 rh Fri Mar 13 01:10:52 CET 2026
#@# Inflation1 rh Fri Mar 13 01:10:56 CET 2026
#@# QSphere rh Fri Mar 13 01:12:19 CET 2026
#@# Fix Topology rh Fri Mar 13 01:13:46 CET 2026
#@# Smooth2 rh Fri Mar 13 01:22:05 CET 2026
#@# Inflation2 rh Fri Mar 13 01:22:09 CET 2026
#@# Curv .H and .K rh Fri Mar 13 01:22:40 CET 2026
#@# Sphere rh Fri Mar 13 01:23:45 CET 2026
#@# Surf Reg rh Fri Mar 13 01:28:53 CET 2026
#@# Jacobian white rh Fri Mar 13 01:34:28 CET 2026
#@# AvgCurv rh Fri Mar 13 01:34:29 CET 2026
#@# Cortical Parc rh Fri Mar 13 01:34:30 CET 2026
#@# white curv rh Fri Mar 13 01:44:03 CET 2026
#@# white area rh Fri Mar 13 01:44:05 CET 2026
#@# pial curv rh Fri Mar 13 01:44:06 CET 2026
#@# pial area rh Fri Mar 13 01:44:09 CET 2026
#@# thickness rh Fri Mar 13 01:44:10 CET 2026
#@# area and vertex vol rh Fri Mar 13 01:44:51 CET 2026
#@# Curvature Stats rh Fri Mar 13 01:44:53 CET 2026
#@# Cortical Parc 2 rh Fri Mar 13 01:44:57 CET 2026
#@# Cortical Parc 3 rh Fri Mar 13 01:45:15 CET 2026
#@# WM/GM Contrast rh Fri Mar 13 01:45:28 CET 2026
recon-all -s sub-v2s2x29081_ses-1 finished without error at Fri Mar 13 01:45:34 CET 2026



#New# invocation of recon-all 



status file for recon-all
Fri Mar 13 01:58:20 CET 2026
#@# white curv rh Fri Mar 13 01:58:20 CET 2026
#@# white area rh Fri Mar 13 01:58:20 CET 2026
#@# pial curv rh Fri Mar 13 01:58:20 CET 2026
#@# pial area rh Fri Mar 13 01:58:20 CET 2026
#@# thickness rh Fri Mar 13 01:58:20 CET 2026
#@# area and vertex vol rh Fri Mar 13 01:58:20 CET 2026
#@# Parcellation Stats rh Fri Mar 13 01:58:20 CET 2026
#@# Parcellation Stats 2 rh Fri Mar 13 01:58:53 CET 2026
#@# Parcellation Stats 3 rh Fri Mar 13 01:59:10 CET 2026
#@# BA_exvivo Labels rh Fri Mar 13 01:59:26 CET 2026
recon-all -s sub-v2s2x29081_ses-1 finished without error at Fri Mar 13 02:02:56 CET 2026
