/out/sourcedata/freesurfer/sub-v2s2x29087_ses-1/mri
/opt/freesurfer/bin/talairach_avi
--i orig_nu.mgz --xfm transforms/talairach.auto.xfm
talairach_avi 7.3.2
Linux dna075 5.14.0-427.37.1.el9_4.x86_64 #1 SMP PREEMPT_DYNAMIC Fri Sep 13 12:41:50 EDT 2024 x86_64 x86_64 x86_64 GNU/Linux
Thu Mar 12 22:44:28 CET 2026
mri_convert orig_nu.mgz talsrcimg.img 
reading from orig_nu.mgz...
TR=0.00, TE=0.00, TI=0.00, flip angle=0.00
i_ras = (-1, 0, 0)
j_ras = (0, 0, -1)
k_ras = (0, 1, 0)
writing to talsrcimg.img...
Analyze Output Matrix
-0.89844   0.00000   0.00000   122.65325;
 0.00000   0.00000   0.89844  -134.35916;
 0.00000  -0.89844   0.00000   134.46875;
 0.00000   0.00000   0.00000   1.00000;
--------------------
INFO: set hdr.hist.orient to -1
mpr2mni305 talsrcimg
Thu Mar 12 22:44:28 CET 2026
/opt/freesurfer/bin/mpr2mni305 talsrcimg
mpr2mni305 7.3.2
target=711-2C_as_mni_average_305

---------------------------------------------------------------------
analyzeto4dfp talsrcimg -O0 -y
---------------------------------------------------------------------

freesurfer ifh2hdr.c
Thu Mar 12 22:44:29 2026
Writing: talsrcimg.4dfp.hdr
freesurfer analyzeto4dfp.c
Reading: talsrcimg.hdr
header size 348 bytes
hdr.dime.datatype	offset=70	value=2
hdr.dime.bitpix		offset=72	value=8
hdr.hist.orient		offset=252	value=-1
dimensionality     4
dimensions       256       256       256         1
Reading: talsrcimg.img
Writing: talsrcimg.4dfp.img
Writing: talsrcimg.4dfp.ifh
ifh2hdr talsrcimg -r0to255
ori=2

---------------------------------------------------------------------
gauss_4dfp talsrcimg 1.1
---------------------------------------------------------------------

freesurfer gauss_4dfp.c
Reading: talsrcimg.4dfp.img
Writing: talsrcimg_g11.4dfp.img
image dimensions 256 256 256 padded to 288 288 288
processing volume 1freesurfer ifh2hdr.c
Thu Mar 12 22:44:30 2026
Writing: talsrcimg_g11.4dfp.hdr

Writing: talsrcimg_g11.4dfp.ifh
including: talsrcimg.4dfp.img.rec in talsrcimg_g11.4dfp.img.rec

---------------------------------------------------------------------
imgreg_4dfp /opt/freesurfer/average/711-2C_as_mni_average_305 none talsrcimg_g11 none talsrcimg_to_711-2C_as_mni_average_305_t4 4355
---------------------------------------------------------------------

freesurfer imgreg_4dfp.c
/opt/freesurfer/average/711-2C_as_mni_average_305.4dfp.img
       256       256       256         1
  1.000000  1.000000  1.000000
orientation T byte_order littleendian
Reading image: /opt/freesurfer/average/711-2C_as_mni_average_305.4dfp.img
dimensions:      256       256       256
mmppix:       1.0000   -1.0000   -1.0000
center:     128.0000 -129.0000 -129.0000
talsrcimg_g11.4dfp.img
       256       256       256         1
  0.898438  0.898438  0.898438
orientation T byte_order littleendian
Reading image: talsrcimg_g11.4dfp.img
dimensions:      256       256       256
mmppix:       0.8984   -0.8984   -0.8984
center:     115.0001 -115.8985 -115.8985
t4_read: open error in t4_sub.f l:  41 t4_file(1:l)talsrcimg_to_711-2C_as_mni_average_305_t4 
t4_read: transform initialized to I4
rotation matrix determinant  1.000000
image alignment mode   4355 decimal     1103 hex
   -7.5000  -45.0000  -45.0000 6436.0757    9.9324
    0.0000  -45.0000  -45.0000 6529.8979    9.9315
    7.5000  -45.0000  -45.0000 6183.5156    9.9390
   -7.5000  -37.5000  -45.0000 6840.0962   10.5424
    0.0000  -37.5000  -45.0000 6935.4077   10.5342
    7.5000  -37.5000  -45.0000 6572.6191   10.5355
   -7.5000  -30.0000  -45.0000 7285.7808   10.8466
    0.0000  -30.0000  -45.0000 7378.7695   10.8324
    7.5000  -30.0000  -45.0000 6986.6807   10.8299
   -7.5000  -22.5000  -45.0000 7788.9980   10.8291
    0.0000  -22.5000  -45.0000 7901.0752   10.8161
    7.5000  -22.5000  -45.0000 7490.6455   10.8162
   -7.5000  -15.0000  -45.0000 8246.4248   10.8403
    0.0000  -15.0000  -45.0000 8366.1377   10.8352
    7.5000  -15.0000  -45.0000 7949.6372   10.8425
   -7.5000   -7.5000  -45.0000 8338.3916   10.8698
    0.0000   -7.5000  -45.0000 8464.1426   10.8707
    7.5000   -7.5000  -45.0000 8014.6294   10.8819
   -7.5000    0.0000  -45.0000 8404.5723   10.8871
    0.0000    0.0000  -45.0000 8519.8672   10.8861
    7.5000    0.0000  -45.0000 8057.7842   10.8944
   -7.5000    7.5000  -45.0000 8035.5127   10.8748
    0.0000    7.5000  -45.0000 8121.8687   10.8663
    7.5000    7.5000  -45.0000 7689.9189   10.8676
   -7.5000   15.0000  -45.0000 7738.7329   10.8466
    0.0000   15.0000  -45.0000 7843.3369   10.8324
    7.5000   15.0000  -45.0000 7429.1187   10.8299
   -7.5000   22.5000  -45.0000 7108.9072   10.6834
    0.0000   22.5000  -45.0000 7214.7617   10.6706
    7.5000   22.5000  -45.0000 6830.5845   10.6707
   -7.5000   30.0000  -45.0000 6517.8379   10.4093
    0.0000   30.0000  -45.0000 6627.5127   10.4044
    7.5000   30.0000  -45.0000 6262.8276   10.4114
   -7.5000   37.5000  -45.0000 5952.7656   10.2468
    0.0000   37.5000  -45.0000 6048.5571   10.2480
    7.5000   37.5000  -45.0000 5729.6011   10.2586
   -7.5000   45.0000  -45.0000 5426.6284   10.1820
    0.0000   45.0000  -45.0000 5503.1069   10.1825
    7.5000   45.0000  -45.0000 5205.1089   10.1921
   -7.5000  -45.0000  -37.5000 7004.3809   10.4106
    0.0000  -45.0000  -37.5000 7099.5278   10.4121
    7.5000  -45.0000  -37.5000 6721.4653   10.4181
   -7.5000  -37.5000  -37.5000 7430.7026   11.0596
    0.0000  -37.5000  -37.5000 7522.3721   11.0545
    7.5000  -37.5000  -37.5000 7136.2808   11.0545
   -7.5000  -30.0000  -37.5000 7906.0835   11.3579
    0.0000  -30.0000  -37.5000 7999.8823   11.3472
    7.5000  -30.0000  -37.5000 7580.2153   11.3428
   -7.5000  -22.5000  -37.5000 8457.1670   11.3342
    0.0000  -22.5000  -37.5000 8574.7324   11.3246
    7.5000  -22.5000  -37.5000 8120.4570   11.3218
   -7.5000  -15.0000  -37.5000 8946.2773   11.3414
    0.0000  -15.0000  -37.5000 9069.5635   11.3390
    7.5000  -15.0000  -37.5000 8599.7197   11.3429
   -7.5000   -7.5000  -37.5000 9009.4961   11.3730
    0.0000   -7.5000  -37.5000 9152.0127   11.3759
    7.5000   -7.5000  -37.5000 8654.6152   11.3843
   -7.5000    0.0000  -37.5000 9054.7881   11.3968
    0.0000    0.0000  -37.5000 9186.7363   11.3984
    7.5000    0.0000  -37.5000 8696.5938   11.4050
   -7.5000    7.5000  -37.5000 8625.6582   11.3882
    0.0000    7.5000  -37.5000 8730.6484   11.3829
    7.5000    7.5000  -37.5000 8274.3848   11.3830
   -7.5000   15.0000  -37.5000 8300.6748   11.3574
    0.0000   15.0000  -37.5000 8422.7256   11.3467
    7.5000   15.0000  -37.5000 7964.5195   11.3423
   -7.5000   22.5000  -37.5000 7611.7412   11.1827
    0.0000   22.5000  -37.5000 7732.2573   11.1731
    7.5000   22.5000  -37.5000 7315.7549   11.1704
   -7.5000   30.0000  -37.5000 6967.8594   10.8982
    0.0000   30.0000  -37.5000 7080.6538   10.8959
    7.5000   30.0000  -37.5000 6704.0225   10.8996
   -7.5000   37.5000  -37.5000 6355.1582   10.7278
    0.0000   37.5000  -37.5000 6452.9238   10.7314
    7.5000   37.5000  -37.5000 6121.2910   10.7393
   -7.5000   45.0000  -37.5000 5777.0586   10.6539
    0.0000   45.0000  -37.5000 5847.9785   10.6571
    7.5000   45.0000  -37.5000 5545.2471   10.6647
   -7.5000  -45.0000  -30.0000 7572.7139   10.8575
    0.0000  -45.0000  -30.0000 7663.8413   10.8599
    7.5000  -45.0000  -30.0000 7273.8213   10.8646
   -7.5000  -37.5000  -30.0000 8015.2964   11.5421
    0.0000  -37.5000  -30.0000 8102.6084   11.5391
    7.5000  -37.5000  -30.0000 7698.7109   11.5381
   -7.5000  -30.0000  -30.0000 8519.4375   11.8325
    0.0000  -30.0000  -30.0000 8630.4258   11.8254
    7.5000  -30.0000  -30.0000 8179.6680   11.8211
   -7.5000  -22.5000  -30.0000 9122.2637   11.8002
    0.0000  -22.5000  -30.0000 9240.0088   11.7947
    7.5000  -22.5000  -30.0000 8751.6875   11.7930
   -7.5000  -15.0000  -30.0000 9653.7764   11.8047
    0.0000  -15.0000  -30.0000 9770.9316   11.8050
    7.5000  -15.0000  -30.0000 9254.0176   11.8090
   -7.5000   -7.5000  -30.0000 9708.2314   11.8414
    0.0000   -7.5000  -30.0000 9839.8281   11.8456
    7.5000   -7.5000  -30.0000 9297.8916   11.8530
   -7.5000    0.0000  -30.0000 9748.7178   11.8737
    0.0000    0.0000  -30.0000 9866.7568   11.8764
    7.5000    0.0000  -30.0000 9335.9014   11.8815
   -7.5000    7.5000  -30.0000 9247.3916   11.8671
    0.0000    7.5000  -30.0000 9347.7100   11.8640
    7.5000    7.5000  -30.0000 8834.8379   11.8629
   -7.5000   15.0000  -30.0000 8882.7891   11.8308
    0.0000   15.0000  -30.0000 8986.4346   11.8238
    7.5000   15.0000  -30.0000 8503.1572   11.8195
   -7.5000   22.5000  -30.0000 8135.0918   11.6430
    0.0000   22.5000  -30.0000 8227.3564   11.6375
    7.5000   22.5000  -30.0000 7801.4761   11.6359
   -7.5000   30.0000  -30.0000 7430.5977   11.3516
    0.0000   30.0000  -30.0000 7536.5435   11.3519
    7.5000   30.0000  -30.0000 7143.4985   11.3558
   -7.5000   37.5000  -30.0000 6749.4917   11.1858
    0.0000   37.5000  -30.0000 6851.3506   11.1912
    7.5000   37.5000  -30.0000 6487.7163   11.1984
   -7.5000   45.0000  -30.0000 6123.8540   11.1151
    0.0000   45.0000  -30.0000 6203.9399   11.1203
    7.5000   45.0000  -30.0000 5861.6919   11.1258
   -7.5000  -45.0000  -22.5000 8130.2163   11.2393
    0.0000  -45.0000  -22.5000 8222.7295   11.2409
    7.5000  -45.0000  -22.5000 7805.7749   11.2465
   -7.5000  -37.5000  -22.5000 8600.1328   11.9512
    0.0000  -37.5000  -22.5000 8707.7119   11.9480
    7.5000  -37.5000  -22.5000 8256.5859   11.9483
   -7.5000  -30.0000  -22.5000 9156.3027   12.2338
    0.0000  -30.0000  -22.5000 9273.5791   12.2274
    7.5000  -30.0000  -22.5000 8779.9473   12.2265
   -7.5000  -22.5000  -22.5000 9805.3867   12.1994
    0.0000  -22.5000  -22.5000 9931.1758   12.1947
    7.5000  -22.5000  -22.5000 9396.1064   12.1977
   -7.5000  -15.0000  -22.500010364.4443   12.2075
    0.0000  -15.0000  -22.500010499.5928   12.2078
    7.5000  -15.0000  -22.5000 9918.9980   12.2159
   -7.5000   -7.5000  -22.500010410.1318   12.2498
    0.0000   -7.5000  -22.500010544.4922   12.2535
    7.5000   -7.5000  -22.5000 9949.3809   12.2631
   -7.5000    0.0000  -22.500010426.5625   12.2842
    0.0000    0.0000  -22.500010557.2656   12.2860
    7.5000    0.0000  -22.5000 9953.4990   12.2921
   -7.5000    7.5000  -22.5000 9858.4854   12.2724
    0.0000    7.5000  -22.5000 9971.3076   12.2691
    7.5000    7.5000  -22.5000 9414.1846   12.2694
   -7.5000   15.0000  -22.5000 9457.2754   12.2309
    0.0000   15.0000  -22.5000 9566.8682   12.2245
    7.5000   15.0000  -22.5000 9061.2715   12.2235
   -7.5000   22.5000  -22.5000 8641.6465   12.0380
    0.0000   22.5000  -22.5000 8739.6787   12.0333
    7.5000   22.5000  -22.5000 8280.8848   12.0363
   -7.5000   30.0000  -22.5000 7890.4385   11.7476
    0.0000   30.0000  -22.5000 7981.5571   11.7479
    7.5000   30.0000  -22.5000 7567.3599   11.7557
   -7.5000   37.5000  -22.5000 7143.5703   11.5891
    0.0000   37.5000  -22.5000 7239.0659   11.5944
    7.5000   37.5000  -22.5000 6856.1743   11.6040
   -7.5000   45.0000  -22.5000 6454.4492   11.5253
    0.0000   45.0000  -22.5000 6532.9712   11.5306
    7.5000   45.0000  -22.5000 6192.7231   11.5369
   -7.5000  -45.0000  -15.0000 8677.5332   11.6365
    0.0000  -45.0000  -15.0000 8779.1465   11.6350
    7.5000  -45.0000  -15.0000 8328.8086   11.6435
   -7.5000  -37.5000  -15.0000 9190.1396   12.3651
    0.0000  -37.5000  -15.0000 9301.8115   12.3577
    7.5000  -37.5000  -15.0000 8833.9863   12.3605
   -7.5000  -30.0000  -15.0000 9768.6943   12.6457
    0.0000  -30.0000  -15.0000 9873.7373   12.6341
    7.5000  -30.0000  -15.0000 9375.8828   12.6358
   -7.5000  -22.5000  -15.000010452.7188   12.6168
    0.0000  -22.5000  -15.000010586.5479   12.6063
    7.5000  -22.5000  -15.000010010.8018   12.6127
   -7.5000  -15.0000  -15.000011036.0361   12.6325
    0.0000  -15.0000  -15.000011196.4131   12.6280
    7.5000  -15.0000  -15.000010537.9053   12.6402
   -7.5000   -7.5000  -15.000011101.5449   12.6772
    0.0000   -7.5000  -15.000011256.1699   12.6772
    7.5000   -7.5000  -15.000010583.2119   12.6911
   -7.5000    0.0000  -15.000011117.2432   12.7059
    0.0000    0.0000  -15.000011260.6875   12.7043
    7.5000    0.0000  -15.000010584.2266   12.7136
   -7.5000    7.5000  -15.000010480.6611   12.6850
    0.0000    7.5000  -15.000010590.3242   12.6775
    7.5000    7.5000  -15.0000 9963.3926   12.6804
   -7.5000   15.0000  -15.000010073.6885   12.6418
    0.0000   15.0000  -15.000010147.8770   12.6302
    7.5000   15.0000  -15.0000 9594.0488   12.6319
   -7.5000   22.5000  -15.0000 9186.5361   12.4518
    0.0000   22.5000  -15.0000 9279.0156   12.4414
    7.5000   22.5000  -15.0000 8776.0039   12.4477
   -7.5000   30.0000  -15.0000 8355.6084   12.1657
    0.0000   30.0000  -15.0000 8441.3418   12.1614
    7.5000   30.0000  -15.0000 7995.4463   12.1732
   -7.5000   37.5000  -15.0000 7558.2041   12.0120
    0.0000   37.5000  -15.0000 7643.6655   12.0137
    7.5000   37.5000  -15.0000 7231.0386   12.0273
   -7.5000   45.0000  -15.0000 6820.3638   11.9491
    0.0000   45.0000  -15.0000 6889.7090   11.9513
    7.5000   45.0000  -15.0000 6525.1084   11.9615
   -7.5000  -45.0000   -7.5000 8947.6182   11.6548
    0.0000  -45.0000   -7.5000 9036.9775   11.6518
    7.5000  -45.0000   -7.5000 8587.7822   11.6620
   -7.5000  -37.5000   -7.5000 9466.8320   12.3797
    0.0000  -37.5000   -7.5000 9563.2832   12.3694
    7.5000  -37.5000   -7.5000 9086.9209   12.3732
   -7.5000  -30.0000   -7.500010091.6172   12.6637
    0.0000  -30.0000   -7.500010189.3223   12.6476
    7.5000  -30.0000   -7.5000 9672.1865   12.6490
   -7.5000  -22.5000   -7.500010812.7256   12.6426
    0.0000  -22.5000   -7.500010960.0068   12.6274
    7.5000  -22.5000   -7.500010353.0957   12.6331
   -7.5000  -15.0000   -7.500011401.3291   12.6629
    0.0000  -15.0000   -7.500011573.1914   12.6553
    7.5000  -15.0000   -7.500010875.3486   12.6683
   -7.5000   -7.5000   -7.500011476.8037   12.7050
    0.0000   -7.5000   -7.500011594.7119   12.7034
    7.5000   -7.5000   -7.500010879.2979   12.7192
   -7.5000    0.0000   -7.500011488.1660   12.7259
    0.0000    0.0000   -7.500011589.5996   12.7226
    7.5000    0.0000   -7.500010875.4756   12.7338
   -7.5000    7.5000   -7.500010802.0703   12.7001
    0.0000    7.5000   -7.500010877.3213   12.6895
    7.5000    7.5000   -7.500010230.7939   12.6933
   -7.5000   15.0000   -7.500010372.1162   12.6597
    0.0000   15.0000   -7.500010443.5791   12.6437
    7.5000   15.0000   -7.5000 9839.3379   12.6451
   -7.5000   22.5000   -7.5000 9469.4590   12.4772
    0.0000   22.5000   -7.5000 9553.0225   12.4622
    7.5000   22.5000   -7.5000 8994.3281   12.4678
   -7.5000   30.0000   -7.5000 8586.9639   12.1950
    0.0000   30.0000   -7.5000 8674.6680   12.1878
    7.5000   30.0000   -7.5000 8180.6899   12.2002
   -7.5000   37.5000   -7.5000 7740.1558   12.0381
    0.0000   37.5000   -7.5000 7844.2139   12.0376
    7.5000   37.5000   -7.5000 7394.1621   12.0527
   -7.5000   45.0000   -7.5000 6973.6006   11.9671
    0.0000   45.0000   -7.5000 7064.7070   11.9667
    7.5000   45.0000   -7.5000 6656.6655   11.9793
   -7.5000  -45.0000    0.0000 8996.5879   11.9667
    0.0000  -45.0000    0.0000 9099.9355   11.9651
    7.5000  -45.0000    0.0000 8646.7959   11.9747
   -7.5000  -37.5000    0.0000 9505.2344   12.7099
    0.0000  -37.5000    0.0000 9592.0918   12.6998
    7.5000  -37.5000    0.0000 9128.8535   12.7023
   -7.5000  -30.0000    0.000010209.2871   12.9975
    0.0000  -30.0000    0.000010295.1006   12.9806
    7.5000  -30.0000    0.0000 9773.5254   12.9787
   -7.5000  -22.5000    0.000011002.6104   12.9770
    0.0000  -22.5000    0.000011205.0830   12.9613
    7.5000  -22.5000    0.000010544.1572   12.9625
   -7.5000  -15.0000    0.000011659.1123   12.9945
    0.0000  -15.0000    0.000011853.6445   12.9879
    7.5000  -15.0000    0.000011086.5195   12.9973
   -7.5000   -7.5000    0.000011707.2783   13.0332
    0.0000   -7.5000    0.000011773.5908   13.0334
    7.5000   -7.5000    0.000011031.2842   13.0473
   -7.5000    0.0000    0.000011654.4111   13.0536
    0.0000    0.0000    0.000011702.5996   13.0518
    7.5000    0.0000    0.000010976.0869   13.0623
   -7.5000    7.5000    0.000010901.3428   13.0302
    0.0000    7.5000    0.000010964.2207   13.0199
    7.5000    7.5000    0.000010281.9463   13.0224
   -7.5000   15.0000    0.000010460.9521   12.9929
    0.0000   15.0000    0.000010545.2871   12.9760
    7.5000   15.0000    0.0000 9887.9326   12.9741
   -7.5000   22.5000    0.0000 9543.3105   12.8090
    0.0000   22.5000    0.0000 9648.2354   12.7936
    7.5000   22.5000    0.0000 9030.8008   12.7948
   -7.5000   30.0000    0.0000 8643.3496   12.5219
    0.0000   30.0000    0.0000 8766.5762   12.5156
    7.5000   30.0000    0.0000 8217.7334   12.5247
   -7.5000   37.5000    0.0000 7807.8164   12.3632
    0.0000   37.5000    0.0000 7915.7891   12.3639
    7.5000   37.5000    0.0000 7429.7720   12.3770
   -7.5000   45.0000    0.0000 7012.9722   12.2985
    0.0000   45.0000    0.0000 7107.1147   12.2984
    7.5000   45.0000    0.0000 6676.1611   12.3105
   -7.5000  -45.0000    7.5000 8714.5166   11.9701
    0.0000  -45.0000    7.5000 8823.4150   11.9716
    7.5000  -45.0000    7.5000 8380.6699   11.9789
   -7.5000  -37.5000    7.5000 9188.8809   12.7214
    0.0000  -37.5000    7.5000 9255.5654   12.7153
    7.5000  -37.5000    7.5000 8803.3838   12.7156
   -7.5000  -30.0000    7.5000 9874.6006   13.0102
    0.0000  -30.0000    7.5000 9982.3857   12.9978
    7.5000  -30.0000    7.5000 9425.6113   12.9929
   -7.5000  -22.5000    7.500010748.0986   12.9833
    0.0000  -22.5000    7.500011069.3438   12.9723
    7.5000  -22.5000    7.500010295.5615   12.9695
   -7.5000  -15.0000    7.500011567.8271   12.9932
    0.0000  -15.0000    7.500011865.0879   12.9905
    7.5000  -15.0000    7.500010938.2188   12.9954
   -7.5000   -7.5000    7.500011538.3848   13.0304
    0.0000   -7.5000    7.500011641.9414   13.0337
    7.5000   -7.5000    7.500010824.4385   13.0437
   -7.5000    0.0000    7.500011343.2930   13.0573
    0.0000    0.0000    7.500011372.4619   13.0590
    7.5000    0.0000    7.500010647.3105   13.0669
   -7.5000    7.5000    7.500010534.7178   13.0420
    0.0000    7.5000    7.500010579.9912   13.0357
    7.5000    7.5000    7.5000 9922.5264   13.0360
   -7.5000   15.0000    7.500010078.5420   13.0056
    0.0000   15.0000    7.500010163.1426   12.9932
    7.5000   15.0000    7.5000 9534.0088   12.9883
   -7.5000   22.5000    7.5000 9192.8926   12.8153
    0.0000   22.5000    7.5000 9297.0117   12.8044
    7.5000   22.5000    7.5000 8725.5391   12.8016
   -7.5000   30.0000    7.5000 8327.5859   12.5206
    0.0000   30.0000    7.5000 8441.7295   12.5181
    7.5000   30.0000    7.5000 7932.3555   12.5228
   -7.5000   37.5000    7.5000 7520.4600   12.3600
    0.0000   37.5000    7.5000 7627.2568   12.3640
    7.5000   37.5000    7.5000 7152.2598   12.3736
   -7.5000   45.0000    7.5000 6759.3589   12.3022
    0.0000   45.0000    7.5000 6837.8462   12.3056
    7.5000   45.0000    7.5000 6420.9185   12.3147
   -7.5000  -45.0000   15.0000 8741.5166   12.0650
    0.0000  -45.0000   15.0000 8853.2695   12.0679
    7.5000  -45.0000   15.0000 8375.9922   12.0733
   -7.5000  -37.5000   15.0000 9207.6084   12.8266
    0.0000  -37.5000   15.0000 9274.3994   12.8235
    7.5000  -37.5000   15.0000 8781.7041   12.8225
   -7.5000  -30.0000   15.0000 9835.0957   13.1150
    0.0000  -30.0000   15.0000 9983.7363   13.1074
    7.5000  -30.0000   15.0000 9382.6113   13.1028
   -7.5000  -22.5000   15.000010649.4854   13.0808
    0.0000  -22.5000   15.000010997.9365   13.0748
    7.5000  -22.5000   15.000010213.3701   13.0730
   -7.5000  -15.0000   15.000011454.9355   13.0866
    0.0000  -15.0000   15.000011799.6182   13.0871
    7.5000  -15.0000   15.000010897.9180   13.0917
   -7.5000   -7.5000   15.000011445.8867   13.1266
    0.0000   -7.5000   15.000011647.9268   13.1315
    7.5000   -7.5000   15.000010856.5293   13.1398
   -7.5000    0.0000   15.000011227.9307   13.1608
    0.0000    0.0000   15.000011361.3623   13.1640
    7.5000    0.0000   15.000010668.3975   13.1699
   -7.5000    7.5000   15.000010390.1768   13.1498
    0.0000    7.5000   15.000010500.9414   13.1466
    7.5000    7.5000   15.0000 9889.5645   13.1457
   -7.5000   15.0000   15.0000 9960.4785   13.1104
    0.0000   15.0000   15.000010041.0264   13.1028
    7.5000   15.0000   15.0000 9479.9180   13.0981
   -7.5000   22.5000   15.0000 9118.3926   12.9115
    0.0000   22.5000   15.0000 9185.8486   12.9056
    7.5000   22.5000   15.0000 8680.7549   12.9038
   -7.5000   30.0000   15.0000 8288.9424   12.6107
    0.0000   30.0000   15.0000 8367.9072   12.6112
    7.5000   30.0000   15.0000 7903.3960   12.6156
   -7.5000   37.5000   15.0000 7479.4365   12.4510
    0.0000   37.5000   15.0000 7551.2471   12.4572
    7.5000   37.5000   15.0000 7128.4380   12.4653
   -7.5000   45.0000   15.0000 6722.4097   12.3980
    0.0000   45.0000   15.0000 6772.2847   12.4039
    7.5000   45.0000   15.0000 6402.3618   12.4103
   -7.5000  -45.0000   22.5000 8274.5938   12.2051
    0.0000  -45.0000   22.5000 8391.2998   12.2067
    7.5000  -45.0000   22.5000 7948.6553   12.2125
   -7.5000  -37.5000   22.5000 8719.2930   12.9736
    0.0000  -37.5000   22.5000 8823.7393   12.9694
    7.5000  -37.5000   22.5000 8359.0850   12.9692
   -7.5000  -30.0000   22.5000 9288.4502   13.2605
    0.0000  -30.0000   22.5000 9434.4785   13.2529
    7.5000  -30.0000   22.5000 8933.7295   13.2511
   -7.5000  -22.5000   22.5000 9961.4287   13.2226
    0.0000  -22.5000   22.500010124.8906   13.2169
    7.5000  -22.5000   22.5000 9608.4023   13.2195
   -7.5000  -15.0000   22.500010558.5166   13.2304
    0.0000  -15.0000   22.500010678.1602   13.2305
    7.5000  -15.0000   22.500010162.4736   13.2389
   -7.5000   -7.5000   22.500010602.2715   13.2758
    0.0000   -7.5000   22.500010695.6826   13.2797
    7.5000   -7.5000   22.500010190.4297   13.2900
   -7.5000    0.0000   22.500010528.7617   13.3136
    0.0000    0.0000   22.500010621.7549   13.3153
    7.5000    0.0000   22.500010114.3721   13.3217
   -7.5000    7.5000   22.5000 9781.9102   13.3005
    0.0000    7.5000   22.5000 9863.0801   13.2963
    7.5000    7.5000   22.5000 9373.3691   13.2960
   -7.5000   15.0000   22.5000 9407.7852   13.2559
    0.0000   15.0000   22.5000 9477.0449   13.2482
    7.5000   15.0000   22.5000 8990.2510   13.2464
   -7.5000   22.5000   22.5000 8626.5586   13.0514
    0.0000   22.5000   22.5000 8693.2188   13.0458
    7.5000   22.5000   22.5000 8235.6592   13.0484
   -7.5000   30.0000   22.5000 7841.4385   12.7493
    0.0000   30.0000   22.5000 7921.2568   12.7494
    7.5000   30.0000   22.5000 7501.9878   12.7574
   -7.5000   37.5000   22.5000 7035.0996   12.5925
    0.0000   37.5000   22.5000 7104.8745   12.5981
    7.5000   37.5000   22.5000 6739.3984   12.6084
   -7.5000   45.0000   22.5000 6305.5317   12.5381
    0.0000   45.0000   22.5000 6356.8218   12.5436
    7.5000   45.0000   22.5000 6028.3062   12.5502
   -7.5000  -45.0000   30.0000 7728.7876   12.3763
    0.0000  -45.0000   30.0000 7841.1060   12.3754
    7.5000  -45.0000   30.0000 7432.0967   12.3849
   -7.5000  -37.5000   30.0000 8157.8457   13.1532
    0.0000  -37.5000   30.0000 8272.0635   13.1456
    7.5000  -37.5000   30.0000 7861.6724   13.1488
   -7.5000  -30.0000   30.0000 8677.1504   13.4467
    0.0000  -30.0000   30.0000 8815.4688   13.4346
    7.5000  -30.0000   30.0000 8397.1719   13.4364
   -7.5000  -22.5000   30.0000 9265.1748   13.4162
    0.0000  -22.5000   30.0000 9379.9355   13.4056
    7.5000  -22.5000   30.0000 8969.6357   13.4123
   -7.5000  -15.0000   30.0000 9770.9248   13.4320
    0.0000  -15.0000   30.0000 9861.3076   13.4282
    7.5000  -15.0000   30.0000 9442.8662   13.4414
   -7.5000   -7.5000   30.0000 9843.6377   13.4783
    0.0000   -7.5000   30.0000 9919.5654   13.4794
    7.5000   -7.5000   30.0000 9490.3545   13.4945
   -7.5000    0.0000   30.0000 9829.4287   13.5085
    0.0000    0.0000   30.0000 9887.3936   13.5075
    7.5000    0.0000   30.0000 9448.3174   13.5179
   -7.5000    7.5000   30.0000 9174.7363   13.4869
    0.0000    7.5000   30.0000 9217.8057   13.4791
    7.5000    7.5000   30.0000 8798.0879   13.4824
   -7.5000   15.0000   30.0000 8855.3174   13.4419
    0.0000   15.0000   30.0000 8907.8770   13.4298
    7.5000   15.0000   30.0000 8469.4219   13.4316
   -7.5000   22.5000   30.0000 8113.9458   13.2414
    0.0000   22.5000   30.0000 8162.7085   13.2309
    7.5000   22.5000   30.0000 7759.3457   13.2375
   -7.5000   30.0000   30.0000 7364.3740   12.9495
    0.0000   30.0000   30.0000 7423.9487   12.9458
    7.5000   30.0000   30.0000 7049.7368   12.9585
   -7.5000   37.5000   30.0000 6595.0571   12.7946
    0.0000   37.5000   30.0000 6652.3394   12.7973
    7.5000   37.5000   30.0000 6310.6567   12.8122
   -7.5000   45.0000   30.0000 5906.3501   12.7271
    0.0000   45.0000   30.0000 5944.3643   12.7302
    7.5000   45.0000   30.0000 5630.1978   12.7416
   -7.5000  -45.0000   37.5000 7220.9146   12.4849
    0.0000  -45.0000   37.5000 7324.8335   12.4878
    7.5000  -45.0000   37.5000 6941.5312   12.5023
   -7.5000  -37.5000   37.5000 7628.1455   13.2670
    0.0000  -37.5000   37.5000 7749.1587   13.2619
    7.5000  -37.5000   37.5000 7355.3921   13.2692
   -7.5000  -30.0000   37.5000 8099.6089   13.5581
    0.0000  -30.0000   37.5000 8230.1465   13.5462
    7.5000  -30.0000   37.5000 7844.4771   13.5499
   -7.5000  -22.5000   37.5000 8623.6855   13.5355
    0.0000  -22.5000   37.5000 8727.8955   13.5243
    7.5000  -22.5000   37.5000 8346.1318   13.5315
   -7.5000  -15.0000   37.5000 9107.2334   13.5561
    0.0000  -15.0000   37.5000 9194.3555   13.5534
    7.5000  -15.0000   37.5000 8799.0010   13.5690
   -7.5000   -7.5000   37.5000 9168.1133   13.5995
    0.0000   -7.5000   37.5000 9262.9775   13.6041
    7.5000   -7.5000   37.5000 8846.9658   13.6240
   -7.5000    0.0000   37.5000 9139.3428   13.6219
    0.0000    0.0000   37.5000 9212.9707   13.6250
    7.5000    0.0000   37.5000 8788.6396   13.6409
   -7.5000    7.5000   37.5000 8559.7617   13.5952
    0.0000    7.5000   37.5000 8619.3750   13.5900
    7.5000    7.5000   37.5000 8213.0859   13.5975
   -7.5000   15.0000   37.5000 8277.7627   13.5532
    0.0000   15.0000   37.5000 8346.3945   13.5413
    7.5000   15.0000   37.5000 7926.2510   13.5449
   -7.5000   22.5000   37.5000 7589.8672   13.3569
    0.0000   22.5000   37.5000 7653.4741   13.3457
    7.5000   22.5000   37.5000 7268.7212   13.3529
   -7.5000   30.0000   37.5000 6880.5337   13.0690
    0.0000   30.0000   37.5000 6945.8027   13.0664
    7.5000   30.0000   37.5000 6600.5962   13.0814
   -7.5000   37.5000   37.5000 6163.1499   12.9068
    0.0000   37.5000   37.5000 6220.7686   12.9123
    7.5000   37.5000   37.5000 5910.4751   12.9313
   -7.5000   45.0000   37.5000 5512.3936   12.8189
    0.0000   45.0000   37.5000 5544.5317   12.8253
    7.5000   45.0000   37.5000 5270.0825   12.8431
   -7.5000  -45.0000   45.0000 6710.0024   12.6737
    0.0000  -45.0000   45.0000 6808.1777   12.6761
    7.5000  -45.0000   45.0000 6449.6021   12.6865
   -7.5000  -37.5000   45.0000 7086.1616   13.4702
    0.0000  -37.5000   45.0000 7208.2222   13.4634
    7.5000  -37.5000   45.0000 6825.8379   13.4658
   -7.5000  -30.0000   45.0000 7520.2666   13.7559
    0.0000  -30.0000   45.0000 7637.0088   13.7412
    7.5000  -30.0000   45.0000 7258.2515   13.7379
   -7.5000  -22.5000   45.0000 7998.6636   13.7356
    0.0000  -22.5000   45.0000 8100.2939   13.7218
    7.5000  -22.5000   45.0000 7722.5132   13.7208
   -7.5000  -15.0000   45.0000 8440.4814   13.7554
    0.0000  -15.0000   45.0000 8536.2949   13.7518
    7.5000  -15.0000   45.0000 8148.6626   13.7599
   -7.5000   -7.5000   45.0000 8501.8779   13.7957
    0.0000   -7.5000   45.0000 8605.4199   13.8002
    7.5000   -7.5000   45.0000 8211.2334   13.8142
   -7.5000    0.0000   45.0000 8489.1934   13.8159
    0.0000    0.0000   45.0000 8564.2285   13.8185
    7.5000    0.0000   45.0000 8171.8560   13.8299
   -7.5000    7.5000   45.0000 7941.4736   13.7902
    0.0000    7.5000   45.0000 8012.6001   13.7832
    7.5000    7.5000   45.0000 7643.3960   13.7857
   -7.5000   15.0000   45.0000 7690.1270   13.7508
    0.0000   15.0000   45.0000 7767.9849   13.7361
    7.5000   15.0000   45.0000 7406.4058   13.7328
   -7.5000   22.5000   45.0000 7048.4087   13.5525
    0.0000   22.5000   45.0000 7124.9688   13.5389
    7.5000   22.5000   45.0000 6787.3652   13.5379
   -7.5000   30.0000   45.0000 6387.1904   13.2599
    0.0000   30.0000   45.0000 6465.9419   13.2564
    7.5000   30.0000   45.0000 6150.2720   13.2642
   -7.5000   37.5000   45.0000 5721.6504   13.0865
    0.0000   37.5000   45.0000 5788.3052   13.0912
    7.5000   37.5000   45.0000 5498.9307   13.1042
   -7.5000   45.0000   45.0000 5121.5161   12.9816
    0.0000   45.0000   45.0000 5155.7793   12.9862
    7.5000   45.0000   45.0000 4903.2554   12.9989

---------------------------------------------------------------------
imgreg_4dfp /opt/freesurfer/average/711-2C_as_mni_average_305 /opt/freesurfer/average/711-2B_as_mni_average_305_mask talsrcimg_g11 none talsrcimg_to_711-2C_as_mni_average_305_t4 4355
---------------------------------------------------------------------

freesurfer imgreg_4dfp.c
/opt/freesurfer/average/711-2C_as_mni_average_305.4dfp.img
       256       256       256         1
  1.000000  1.000000  1.000000
orientation T byte_order littleendian
Reading image: /opt/freesurfer/average/711-2C_as_mni_average_305.4dfp.img
dimensions:      256       256       256
mmppix:       1.0000   -1.0000   -1.0000
center:     128.0000 -129.0000 -129.0000
/opt/freesurfer/average/711-2B_as_mni_average_305_mask.4dfp.img
       256       256       256         1
  1.000000  1.000000  1.000000
orientation T byte_order littleendian
Reading mask: /opt/freesurfer/average/711-2B_as_mni_average_305_mask.4dfp.img (2306576 pixels)
talsrcimg_g11.4dfp.img
       256       256       256         1
  0.898438  0.898438  0.898438
orientation T byte_order littleendian
Reading image: talsrcimg_g11.4dfp.img
dimensions:      256       256       256
mmppix:       0.8984   -0.8984   -0.8984
center:     115.0001 -115.8985 -115.8985
rotation matrix determinant  1.000000
image alignment mode   4355 decimal     1103 hex
   -7.5000  -60.0000  -37.5000 2008.3931   13.0264
    0.0000  -60.0000  -37.5000 2028.2096   12.9563
    7.5000  -60.0000  -37.5000 2018.6586   13.0064
   -7.5000  -52.5000  -37.5000 2108.1560   11.9132
    0.0000  -52.5000  -37.5000 2126.5371   11.8379
    7.5000  -52.5000  -37.5000 2116.1221   11.8782
   -7.5000  -45.0000  -37.5000 2206.7959   11.1694
    0.0000  -45.0000  -37.5000 2225.4573   11.1002
    7.5000  -45.0000  -37.5000 2211.7456   11.1534
   -7.5000  -37.5000  -37.5000 2266.1790   10.5034
    0.0000  -37.5000  -37.5000 2280.7556   10.4181
    7.5000  -37.5000  -37.5000 2268.6064   10.4335
   -7.5000  -30.0000  -37.5000 2304.1851   10.0071
    0.0000  -30.0000  -37.5000 2318.9724    9.9181
    7.5000  -30.0000  -37.5000 2304.3743    9.9337
   -7.5000  -22.5000  -37.5000 2312.5930    9.7345
    0.0000  -22.5000  -37.5000 2335.5408    9.6466
    7.5000  -22.5000  -37.5000 2324.2788    9.6628
   -7.5000  -15.0000  -37.5000 2308.8198    9.6540
    0.0000  -15.0000  -37.5000 2329.7905    9.5735
    7.5000  -15.0000  -37.5000 2325.3499    9.5995
   -7.5000   -7.5000  -37.5000 2291.3271    9.7835
    0.0000   -7.5000  -37.5000 2320.3608    9.6895
    7.5000   -7.5000  -37.5000 2307.9949    9.7186
   -7.5000    0.0000  -37.5000 2261.7476   10.0736
    0.0000    0.0000  -37.5000 2290.5701    9.9702
    7.5000    0.0000  -37.5000 2276.3843   10.0114
   -7.5000    7.5000  -37.5000 2219.9578   10.5863
    0.0000    7.5000  -37.5000 2246.1846   10.4764
    7.5000    7.5000  -37.5000 2236.5894   10.4978
   -7.5000   15.0000  -37.5000 2148.9504   11.3281
    0.0000   15.0000  -37.5000 2179.8633   11.1912
    7.5000   15.0000  -37.5000 2165.5129   11.1991
   -7.5000   22.5000  -37.5000 2055.8506   12.3575
    0.0000   22.5000  -37.5000 2085.9358   12.1982
    7.5000   22.5000  -37.5000 2077.0239   12.2369
   -7.5000   30.0000  -37.5000 1951.7733   13.7130
    0.0000   30.0000  -37.5000 1978.7338   13.5659
    7.5000   30.0000  -37.5000 1965.9557   13.6090
   -7.5000  -60.0000  -30.0000 2135.9255   12.7452
    0.0000  -60.0000  -30.0000 2155.4597   12.6364
    7.5000  -60.0000  -30.0000 2143.3091   12.7155
   -7.5000  -52.5000  -30.0000 2242.6904   11.6337
    0.0000  -52.5000  -30.0000 2264.1289   11.5487
    7.5000  -52.5000  -30.0000 2250.1707   11.6122
   -7.5000  -45.0000  -30.0000 2346.3831   10.8924
    0.0000  -45.0000  -30.0000 2367.4705   10.8040
    7.5000  -45.0000  -30.0000 2351.8311   10.8649
   -7.5000  -37.5000  -30.0000 2403.8391   10.1955
    0.0000  -37.5000  -30.0000 2422.8271   10.1244
    7.5000  -37.5000  -30.0000 2413.8391   10.1639
   -7.5000  -30.0000  -30.0000 2451.8521    9.6909
    0.0000  -30.0000  -30.0000 2471.2856    9.6148
    7.5000  -30.0000  -30.0000 2459.9800    9.6442
   -7.5000  -22.5000  -30.0000 2474.0186    9.4148
    0.0000  -22.5000  -30.0000 2497.3853    9.3328
    7.5000  -22.5000  -30.0000 2485.1042    9.3698
   -7.5000  -15.0000  -30.0000 2475.4316    9.3548
    0.0000  -15.0000  -30.0000 2502.0999    9.2602
    7.5000  -15.0000  -30.0000 2489.8936    9.2806
   -7.5000   -7.5000  -30.0000 2466.9565    9.4700
    0.0000   -7.5000  -30.0000 2493.9587    9.3694
    7.5000   -7.5000  -30.0000 2476.0674    9.4042
   -7.5000    0.0000  -30.0000 2432.4641    9.7929
    0.0000    0.0000  -30.0000 2461.3237    9.6766
    7.5000    0.0000  -30.0000 2445.8806    9.7260
   -7.5000    7.5000  -30.0000 2378.2122   10.3078
    0.0000    7.5000  -30.0000 2406.6843   10.1811
    7.5000    7.5000  -30.0000 2392.6624   10.2078
   -7.5000   15.0000  -30.0000 2302.7368   11.0366
    0.0000   15.0000  -30.0000 2331.8015   10.8990
    7.5000   15.0000  -30.0000 2316.3945   10.9188
   -7.5000   22.5000  -30.0000 2202.7314   12.0322
    0.0000   22.5000  -30.0000 2233.2310   11.8854
    7.5000   22.5000  -30.0000 2216.8838   11.9145
   -7.5000   30.0000  -30.0000 2083.5063   13.3764
    0.0000   30.0000  -30.0000 2114.3315   13.2104
    7.5000   30.0000  -30.0000 2104.0442   13.2317
   -7.5000  -60.0000  -22.5000 2237.0020   12.3569
    0.0000  -60.0000  -22.5000 2262.6997   12.2143
    7.5000  -60.0000  -22.5000 2242.0205   12.3200
   -7.5000  -52.5000  -22.5000 2347.0115   11.2066
    0.0000  -52.5000  -22.5000 2375.3621   11.1083
    7.5000  -52.5000  -22.5000 2356.9045   11.2030
   -7.5000  -45.0000  -22.5000 2452.2148   10.4725
    0.0000  -45.0000  -22.5000 2477.1057   10.3675
    7.5000  -45.0000  -22.5000 2460.4878   10.4440
   -7.5000  -37.5000  -22.5000 2520.1033    9.8162
    0.0000  -37.5000  -22.5000 2543.6548    9.7230
    7.5000  -37.5000  -22.5000 2532.1426    9.7562
   -7.5000  -30.0000  -22.5000 2577.6267    9.3073
    0.0000  -30.0000  -22.5000 2603.8174    9.2220
    7.5000  -30.0000  -22.5000 2593.3667    9.2445
   -7.5000  -22.5000  -22.5000 2613.6914    9.0130
    0.0000  -22.5000  -22.5000 2649.3613    8.9070
    7.5000  -22.5000  -22.5000 2630.6670    8.9412
   -7.5000  -15.0000  -22.5000 2629.7373    8.9278
    0.0000  -15.0000  -22.5000 2662.4370    8.8193
    7.5000  -15.0000  -22.5000 2646.6255    8.8581
   -7.5000   -7.5000  -22.5000 2619.6665    9.0449
    0.0000   -7.5000  -22.5000 2652.5359    8.9451
    7.5000   -7.5000  -22.5000 2631.9595    8.9924
   -7.5000    0.0000  -22.5000 2584.4031    9.3864
    0.0000    0.0000  -22.5000 2621.4832    9.2724
    7.5000    0.0000  -22.5000 2595.3333    9.3171
   -7.5000    7.5000  -22.5000 2521.8323    9.9037
    0.0000    7.5000  -22.5000 2559.2925    9.7772
    7.5000    7.5000  -22.5000 2537.1816    9.8138
   -7.5000   15.0000  -22.5000 2431.8999   10.6207
    0.0000   15.0000  -22.5000 2465.5117   10.4828
    7.5000   15.0000  -22.5000 2449.2041   10.5123
   -7.5000   22.5000  -22.5000 2320.3477   11.6194
    0.0000   22.5000  -22.5000 2353.7136   11.4572
    7.5000   22.5000  -22.5000 2335.4263   11.5046
   -7.5000   30.0000  -22.5000 2198.5796   12.8713
    0.0000   30.0000  -22.5000 2230.7317   12.7039
    7.5000   30.0000  -22.5000 2217.5779   12.7524
   -7.5000  -60.0000  -15.0000 2298.0691   11.8682
    0.0000  -60.0000  -15.0000 2325.0872   11.7434
    7.5000  -60.0000  -15.0000 2310.1802   11.8929
   -7.5000  -52.5000  -15.0000 2412.5735   10.7594
    0.0000  -52.5000  -15.0000 2438.3054   10.6301
    7.5000  -52.5000  -15.0000 2424.3455   10.7667
   -7.5000  -45.0000  -15.0000 2528.9255   10.0325
    0.0000  -45.0000  -15.0000 2559.6350    9.8825
    7.5000  -45.0000  -15.0000 2539.8696    9.9979
   -7.5000  -37.5000  -15.0000 2612.6541    9.3534
    0.0000  -37.5000  -15.0000 2643.5510    9.2381
    7.5000  -37.5000  -15.0000 2628.6772    9.3044
   -7.5000  -30.0000  -15.0000 2676.2827    8.8628
    0.0000  -30.0000  -15.0000 2707.6501    8.7649
    7.5000  -30.0000  -15.0000 2698.8179    8.8032
   -7.5000  -22.5000  -15.0000 2727.9175    8.5747
    0.0000  -22.5000  -15.0000 2767.1445    8.4559
    7.5000  -22.5000  -15.0000 2746.4663    8.5077
   -7.5000  -15.0000  -15.0000 2745.1943    8.4819
    0.0000  -15.0000  -15.0000 2788.0205    8.3604
    7.5000  -15.0000  -15.0000 2766.5557    8.4154
   -7.5000   -7.5000  -15.0000 2738.6294    8.5838
    0.0000   -7.5000  -15.0000 2782.8806    8.4807
    7.5000   -7.5000  -15.0000 2756.3679    8.5455
   -7.5000    0.0000  -15.0000 2701.6323    8.9271
    0.0000    0.0000  -15.0000 2748.0342    8.8036
    7.5000    0.0000  -15.0000 2715.9180    8.8738
   -7.5000    7.5000  -15.0000 2632.4856    9.4418
    0.0000    7.5000  -15.0000 2672.2451    9.3140
    7.5000    7.5000  -15.0000 2646.8247    9.3674
   -7.5000   15.0000  -15.0000 2535.5256   10.1664
    0.0000   15.0000  -15.0000 2563.3113   10.0267
    7.5000   15.0000  -15.0000 2550.3882   10.0671
   -7.5000   22.5000  -15.0000 2409.1858   11.1205
    0.0000   22.5000  -15.0000 2442.2856   10.9720
    7.5000   22.5000  -15.0000 2428.4202   11.0256
   -7.5000   30.0000  -15.0000 2279.3284   12.3627
    0.0000   30.0000  -15.0000 2309.4258   12.1992
    7.5000   30.0000  -15.0000 2297.3738   12.2532
   -7.5000  -60.0000   -7.5000 2325.5095   11.4389
    0.0000  -60.0000   -7.5000 2346.3047   11.2878
    7.5000  -60.0000   -7.5000 2328.6541   11.4854
   -7.5000  -52.5000   -7.5000 2436.7227   10.3300
    0.0000  -52.5000   -7.5000 2460.4790   10.1895
    7.5000  -52.5000   -7.5000 2444.4158   10.3407
   -7.5000  -45.0000   -7.5000 2565.8562    9.5771
    0.0000  -45.0000   -7.5000 2593.2139    9.4310
    7.5000  -45.0000   -7.5000 2570.4470    9.5735
   -7.5000  -37.5000   -7.5000 2660.9988    8.9068
    0.0000  -37.5000   -7.5000 2691.7275    8.7727
    7.5000  -37.5000   -7.5000 2674.6484    8.8851
   -7.5000  -30.0000   -7.5000 2746.0129    8.4281
    0.0000  -30.0000   -7.5000 2780.5830    8.2999
    7.5000  -30.0000   -7.5000 2759.9546    8.3865
   -7.5000  -22.5000   -7.5000 2802.4050    8.1723
    0.0000  -22.5000   -7.5000 2848.8938    8.0493
    7.5000  -22.5000   -7.5000 2823.3103    8.1344
   -7.5000  -15.0000   -7.5000 2826.6128    8.0822
    0.0000  -15.0000   -7.5000 2879.6943    7.9671
    7.5000  -15.0000   -7.5000 2845.1328    8.0483
   -7.5000   -7.5000   -7.5000 2820.8079    8.1631
    0.0000   -7.5000   -7.5000 2868.4229    8.0355
    7.5000   -7.5000   -7.5000 2833.4102    8.1376
   -7.5000    0.0000   -7.5000 2772.3892    8.4825
    0.0000    0.0000   -7.5000 2818.0427    8.3538
    7.5000    0.0000   -7.5000 2785.9900    8.4422
   -7.5000    7.5000   -7.5000 2695.0269    9.0012
    0.0000    7.5000   -7.5000 2736.0388    8.8697
    7.5000    7.5000   -7.5000 2712.8918    8.9425
   -7.5000   15.0000   -7.5000 2586.4436    9.7065
    0.0000   15.0000   -7.5000 2620.2100    9.5554
    7.5000   15.0000   -7.5000 2603.8142    9.6396
   -7.5000   22.5000   -7.5000 2458.5964   10.6522
    0.0000   22.5000   -7.5000 2489.9507   10.4880
    7.5000   22.5000   -7.5000 2474.9636   10.5618
   -7.5000   30.0000   -7.5000 2321.4844   11.8319
    0.0000   30.0000   -7.5000 2350.7930   11.6547
    7.5000   30.0000   -7.5000 2336.3003   11.7444
   -7.5000  -60.0000    0.0000 2342.7434   11.2614
    0.0000  -60.0000    0.0000 2362.3789   11.1056
    7.5000  -60.0000    0.0000 2338.2976   11.3170
   -7.5000  -52.5000    0.0000 2457.4800   10.1254
    0.0000  -52.5000    0.0000 2482.8088    9.9914
    7.5000  -52.5000    0.0000 2459.7551   10.1523
   -7.5000  -45.0000    0.0000 2590.6272    9.3474
    0.0000  -45.0000    0.0000 2616.0132    9.2123
    7.5000  -45.0000    0.0000 2594.3914    9.3641
   -7.5000  -37.5000    0.0000 2692.4302    8.6954
    0.0000  -37.5000    0.0000 2722.2190    8.5464
    7.5000  -37.5000    0.0000 2704.9036    8.6695
   -7.5000  -30.0000    0.0000 2801.9624    8.2269
    0.0000  -30.0000    0.0000 2835.4353    8.0877
    7.5000  -30.0000    0.0000 2810.1108    8.2005
   -7.5000  -22.5000    0.0000 2873.1675    8.0016
    0.0000  -22.5000    0.0000 2922.3547    7.8910
    7.5000  -22.5000    0.0000 2883.5154    7.9744
   -7.5000  -15.0000    0.0000 2906.1326    7.9347
    0.0000  -15.0000    0.0000 2968.3330    7.8290
    7.5000  -15.0000    0.0000 2921.3000    7.9068
   -7.5000   -7.5000    0.0000 2891.2419    7.9931
    0.0000   -7.5000    0.0000 2940.4507    7.8580
    7.5000   -7.5000    0.0000 2899.0635    7.9584
   -7.5000    0.0000    0.0000 2834.0962    8.2534
    0.0000    0.0000    0.0000 2873.2629    8.1381
    7.5000    0.0000    0.0000 2844.8032    8.2158
   -7.5000    7.5000    0.0000 2745.3716    8.7723
    0.0000    7.5000    0.0000 2783.9497    8.6444
    7.5000    7.5000    0.0000 2763.4673    8.7137
   -7.5000   15.0000    0.0000 2632.4121    9.5018
    0.0000   15.0000    0.0000 2666.8137    9.3539
    7.5000   15.0000    0.0000 2650.1526    9.4089
   -7.5000   22.5000    0.0000 2496.5129   10.4341
    0.0000   22.5000    0.0000 2531.1016   10.2678
    7.5000   22.5000    0.0000 2513.3630   10.3364
   -7.5000   30.0000    0.0000 2352.7312   11.6117
    0.0000   30.0000    0.0000 2387.0298   11.4320
    7.5000   30.0000    0.0000 2370.2578   11.5047
   -7.5000  -60.0000    7.5000 2346.9944   11.1809
    0.0000  -60.0000    7.5000 2368.5959   11.0437
    7.5000  -60.0000    7.5000 2341.6348   11.2747
   -7.5000  -52.5000    7.5000 2462.9075   10.0267
    0.0000  -52.5000    7.5000 2484.7471    9.8955
    7.5000  -52.5000    7.5000 2459.6868   10.0705
   -7.5000  -45.0000    7.5000 2592.9094    9.2388
    0.0000  -45.0000    7.5000 2614.2451    9.1005
    7.5000  -45.0000    7.5000 2594.4377    9.2419
   -7.5000  -37.5000    7.5000 2705.1978    8.5641
    0.0000  -37.5000    7.5000 2732.8250    8.4315
    7.5000  -37.5000    7.5000 2717.3232    8.5446
   -7.5000  -30.0000    7.5000 2822.9805    8.1106
    0.0000  -30.0000    7.5000 2856.2520    7.9936
    7.5000  -30.0000    7.5000 2828.7532    8.0813
   -7.5000  -22.5000    7.5000 2910.6868    7.9253
    0.0000  -22.5000    7.5000 2960.7952    7.8653
    7.5000  -22.5000    7.5000 2919.5894    7.8959
   -7.5000  -15.0000    7.5000 2964.4897    7.9122
    0.0000  -15.0000    7.5000 3033.5317    7.8674
    7.5000  -15.0000    7.5000 2966.7449    7.8755
   -7.5000   -7.5000    7.5000 2936.9907    7.9512
    0.0000   -7.5000    7.5000 2992.3613    7.8544
    7.5000   -7.5000    7.5000 2941.8054    7.9101
   -7.5000    0.0000    7.5000 2867.0354    8.1381
    0.0000    0.0000    7.5000 2908.1682    8.0105
    7.5000    0.0000    7.5000 2869.4097    8.0983
   -7.5000    7.5000    7.5000 2772.9836    8.5985
    0.0000    7.5000    7.5000 2808.8206    8.4826
    7.5000    7.5000    7.5000 2781.1833    8.5493
   -7.5000   15.0000    7.5000 2646.9246    9.3078
    0.0000   15.0000    7.5000 2682.7944    9.1902
    7.5000   15.0000    7.5000 2661.8909    9.2431
   -7.5000   22.5000    7.5000 2505.5251   10.2438
    0.0000   22.5000    7.5000 2541.6479   10.1214
    7.5000   22.5000    7.5000 2524.5662   10.1657
   -7.5000   30.0000    7.5000 2359.7385   11.3889
    0.0000   30.0000    7.5000 2394.5747   11.2698
    7.5000   30.0000    7.5000 2381.2307   11.3162
   -7.5000  -60.0000   15.0000 2346.3079   11.2331
    0.0000  -60.0000   15.0000 2364.9436   11.1217
    7.5000  -60.0000   15.0000 2335.5823   11.3376
   -7.5000  -52.5000   15.0000 2458.8289   10.0813
    0.0000  -52.5000   15.0000 2482.6311    9.9500
    7.5000  -52.5000   15.0000 2449.9060   10.1274
   -7.5000  -45.0000   15.0000 2591.6506    9.2850
    0.0000  -45.0000   15.0000 2614.6216    9.1618
    7.5000  -45.0000   15.0000 2588.9961    9.3131
   -7.5000  -37.5000   15.0000 2708.4451    8.6048
    0.0000  -37.5000   15.0000 2736.8806    8.4753
    7.5000  -37.5000   15.0000 2714.2095    8.6006
   -7.5000  -30.0000   15.0000 2825.2087    8.1411
    0.0000  -30.0000   15.0000 2861.2290    8.0171
    7.5000  -30.0000   15.0000 2828.8438    8.1163
   -7.5000  -22.5000   15.0000 2909.2119    7.9430
    0.0000  -22.5000   15.0000 2966.0579    7.8921
    7.5000  -22.5000   15.0000 2916.6628    7.9331
   -7.5000  -15.0000   15.0000 2966.3875    7.9304
    0.0000  -15.0000   15.0000 3036.2886    7.9037
    7.5000  -15.0000   15.0000 2958.9309    7.9256
   -7.5000   -7.5000   15.0000 2933.9592    8.0089
    0.0000   -7.5000   15.0000 2985.2004    7.9348
    7.5000   -7.5000   15.0000 2930.5850    7.9933
   -7.5000    0.0000   15.0000 2859.7173    8.2022
    0.0000    0.0000   15.0000 2904.8774    8.0933
    7.5000    0.0000   15.0000 2863.8354    8.1782
   -7.5000    7.5000   15.0000 2764.7964    8.6009
    0.0000    7.5000   15.0000 2804.4443    8.5030
    7.5000    7.5000   15.0000 2773.1758    8.5845
   -7.5000   15.0000   15.0000 2642.9133    9.2584
    0.0000   15.0000   15.0000 2674.3542    9.1456
    7.5000   15.0000   15.0000 2654.3137    9.2155
   -7.5000   22.5000   15.0000 2503.3049   10.1418
    0.0000   22.5000   15.0000 2532.5447   10.0114
    7.5000   22.5000   15.0000 2519.6526   10.0769
   -7.5000   30.0000   15.0000 2359.5183   11.2901
    0.0000   30.0000   15.0000 2390.3376   11.1385
    7.5000   30.0000   15.0000 2374.8164   11.2130
   -7.5000  -60.0000   22.5000 2335.9363   11.4051
    0.0000  -60.0000   22.5000 2351.1389   11.2892
    7.5000  -60.0000   22.5000 2316.4622   11.5041
   -7.5000  -52.5000   22.5000 2447.9602   10.2428
    0.0000  -52.5000   22.5000 2471.3894   10.1259
    7.5000  -52.5000   22.5000 2437.3979   10.3033
   -7.5000  -45.0000   22.5000 2581.9651    9.4443
    0.0000  -45.0000   22.5000 2609.4114    9.3213
    7.5000  -45.0000   22.5000 2576.9343    9.4937
   -7.5000  -37.5000   22.5000 2699.1494    8.7401
    0.0000  -37.5000   22.5000 2732.1697    8.6104
    7.5000  -37.5000   22.5000 2696.7246    8.7689
   -7.5000  -30.0000   22.5000 2803.8657    8.2667
    0.0000  -30.0000   22.5000 2844.5022    8.1484
    7.5000  -30.0000   22.5000 2804.2200    8.2819
   -7.5000  -22.5000   22.5000 2883.2432    8.0302
    0.0000  -22.5000   22.5000 2935.3376    7.9273
    7.5000  -22.5000   22.5000 2885.2849    8.0488
   -7.5000  -15.0000   22.5000 2915.6042    7.9676
    0.0000  -15.0000   22.5000 2973.0823    7.8226
    7.5000  -15.0000   22.5000 2915.5146    7.9868
   -7.5000   -7.5000   22.5000 2895.6172    8.0748
    0.0000   -7.5000   22.5000 2938.5022    7.9279
    7.5000   -7.5000   22.5000 2894.6943    8.0765
   -7.5000    0.0000   22.5000 2827.8313    8.3488
    0.0000    0.0000   22.5000 2867.6792    8.2312
    7.5000    0.0000   22.5000 2834.6511    8.3339
   -7.5000    7.5000   22.5000 2731.5454    8.7931
    0.0000    7.5000   22.5000 2765.8914    8.6846
    7.5000    7.5000   22.5000 2736.4541    8.7721
   -7.5000   15.0000   22.5000 2609.6218    9.4059
    0.0000   15.0000   22.5000 2639.7305    9.3033
    7.5000   15.0000   22.5000 2621.6646    9.3722
   -7.5000   22.5000   22.5000 2479.9375   10.2097
    0.0000   22.5000   22.5000 2505.6985   10.0865
    7.5000   22.5000   22.5000 2493.3025   10.1507
   -7.5000   30.0000   22.5000 2338.1582   11.2803
    0.0000   30.0000   22.5000 2366.6826   11.1634
    7.5000   30.0000   22.5000 2354.5925   11.2218
   -7.5000  -60.0000   30.0000 2302.3450   11.7333
    0.0000  -60.0000   30.0000 2320.6033   11.6330
    7.5000  -60.0000   30.0000 2284.8545   11.8450
   -7.5000  -52.5000   30.0000 2424.8735   10.5563
    0.0000  -52.5000   30.0000 2451.9019   10.4373
    7.5000  -52.5000   30.0000 2411.1052   10.6509
   -7.5000  -45.0000   30.0000 2558.3608    9.7510
    0.0000  -45.0000   30.0000 2590.0449    9.6156
    7.5000  -45.0000   30.0000 2546.1006    9.8186
   -7.5000  -37.5000   30.0000 2669.9763    9.0427
    0.0000  -37.5000   30.0000 2704.9346    8.9179
    7.5000  -37.5000   30.0000 2665.4238    9.1047
   -7.5000  -30.0000   30.0000 2771.5518    8.5493
    0.0000  -30.0000   30.0000 2810.2898    8.4388
    7.5000  -30.0000   30.0000 2768.8699    8.6079
   -7.5000  -22.5000   30.0000 2833.7053    8.2773
    0.0000  -22.5000   30.0000 2880.3584    8.1409
    7.5000  -22.5000   30.0000 2836.4839    8.3049
   -7.5000  -15.0000   30.0000 2850.8418    8.2016
    0.0000  -15.0000   30.0000 2897.1226    8.0326
    7.5000  -15.0000   30.0000 2855.8159    8.2196
   -7.5000   -7.5000   30.0000 2829.6167    8.3215
    0.0000   -7.5000   30.0000 2865.7910    8.1764
    7.5000   -7.5000   30.0000 2830.9900    8.3175
   -7.5000    0.0000   30.0000 2771.3457    8.6063
    0.0000    0.0000   30.0000 2806.2190    8.4619
    7.5000    0.0000   30.0000 2775.7839    8.5853
   -7.5000    7.5000   30.0000 2679.7302    9.0521
    0.0000    7.5000   30.0000 2711.0002    8.9244
    7.5000    7.5000   30.0000 2686.0596    9.0267
   -7.5000   15.0000   30.0000 2565.8845    9.6811
    0.0000   15.0000   30.0000 2599.1367    9.5513
    7.5000   15.0000   30.0000 2577.6899    9.6264
   -7.5000   22.5000   30.0000 2441.0764   10.4721
    0.0000   22.5000   30.0000 2464.7739   10.3387
    7.5000   22.5000   30.0000 2450.7974   10.4079
   -7.5000   30.0000   30.0000 2300.6948   11.5049
    0.0000   30.0000   30.0000 2324.5906   11.3789
    7.5000   30.0000   30.0000 2310.9622   11.4443
   -7.5000  -60.0000   37.5000 2268.1006   12.2016
    0.0000  -60.0000   37.5000 2284.7498   12.1002
    7.5000  -60.0000   37.5000 2247.6726   12.3564
   -7.5000  -52.5000   37.5000 2386.3818   11.0079
    0.0000  -52.5000   37.5000 2412.3862   10.8881
    7.5000  -52.5000   37.5000 2372.2712   11.1165
   -7.5000  -45.0000   37.5000 2520.3489   10.2143
    0.0000  -45.0000   37.5000 2553.3896   10.0886
    7.5000  -45.0000   37.5000 2505.7915   10.2800
   -7.5000  -37.5000   37.5000 2630.9597    9.5077
    0.0000  -37.5000   37.5000 2666.9951    9.3854
    7.5000  -37.5000   37.5000 2620.7351    9.5669
   -7.5000  -30.0000   37.5000 2720.5764    8.9995
    0.0000  -30.0000   37.5000 2757.7017    8.8722
    7.5000  -30.0000   37.5000 2717.8611    9.0453
   -7.5000  -22.5000   37.5000 2770.4504    8.6842
    0.0000  -22.5000   37.5000 2812.9282    8.5273
    7.5000  -22.5000   37.5000 2774.4585    8.7210
   -7.5000  -15.0000   37.5000 2782.8940    8.6012
    0.0000  -15.0000   37.5000 2817.9917    8.4672
    7.5000  -15.0000   37.5000 2782.5154    8.6345
   -7.5000   -7.5000   37.5000 2748.9976    8.7441
    0.0000   -7.5000   37.5000 2782.9697    8.6165
    7.5000   -7.5000   37.5000 2752.4417    8.7498
   -7.5000    0.0000   37.5000 2687.1309    9.0078
    0.0000    0.0000   37.5000 2717.0210    8.8817
    7.5000    0.0000   37.5000 2692.6816    8.9899
   -7.5000    7.5000   37.5000 2608.1167    9.4572
    0.0000    7.5000   37.5000 2635.8225    9.3302
    7.5000    7.5000   37.5000 2613.6785    9.4203
   -7.5000   15.0000   37.5000 2509.7439   10.0551
    0.0000   15.0000   37.5000 2538.4038    9.9237
    7.5000   15.0000   37.5000 2513.4126    9.9879
   -7.5000   22.5000   37.5000 2386.8792   10.8743
    0.0000   22.5000   37.5000 2412.4102   10.7349
    7.5000   22.5000   37.5000 2396.8406   10.7899
   -7.5000   30.0000   37.5000 2240.8770   11.9458
    0.0000   30.0000   37.5000 2266.0808   11.8027
    7.5000   30.0000   37.5000 2255.0356   11.8542
   -7.5000  -60.0000   45.0000 2208.0930   12.7665
    0.0000  -60.0000   45.0000 2225.6255   12.6759
    7.5000  -60.0000   45.0000 2189.9419   12.9318
   -7.5000  -52.5000   45.0000 2324.5464   11.5567
    0.0000  -52.5000   45.0000 2347.7568   11.4573
    7.5000  -52.5000   45.0000 2307.3918   11.6679
   -7.5000  -45.0000   45.0000 2451.5706   10.7611
    0.0000  -45.0000   45.0000 2479.9785   10.6418
    7.5000  -45.0000   45.0000 2436.0510   10.8264
   -7.5000  -37.5000   45.0000 2555.8772   10.0326
    0.0000  -37.5000   45.0000 2586.0508    9.9272
    7.5000  -37.5000   45.0000 2541.6035   10.0886
   -7.5000  -30.0000   45.0000 2630.4729    9.5032
    0.0000  -30.0000   45.0000 2665.5938    9.3867
    7.5000  -30.0000   45.0000 2628.6016    9.5453
   -7.5000  -22.5000   45.0000 2672.5793    9.1784
    0.0000  -22.5000   45.0000 2711.2991    9.0373
    7.5000  -22.5000   45.0000 2672.2393    9.2084
   -7.5000  -15.0000   45.0000 2678.4353    9.0929
    0.0000  -15.0000   45.0000 2712.1450    8.9688
    7.5000  -15.0000   45.0000 2678.2673    9.1343
   -7.5000   -7.5000   45.0000 2638.3535    9.2335
    0.0000   -7.5000   45.0000 2672.1882    9.1227
    7.5000   -7.5000   45.0000 2644.4180    9.2577
   -7.5000    0.0000   45.0000 2578.7334    9.5091
    0.0000    0.0000   45.0000 2604.9790    9.3941
    7.5000    0.0000   45.0000 2584.9868    9.4989
   -7.5000    7.5000   45.0000 2505.8645    9.9292
    0.0000    7.5000   45.0000 2531.3157    9.8239
    7.5000    7.5000   45.0000 2509.6565    9.9104
   -7.5000   15.0000   45.0000 2410.1279   10.5178
    0.0000   15.0000   45.0000 2438.0676   10.3896
    7.5000   15.0000   45.0000 2419.6887   10.4643
   -7.5000   22.5000   45.0000 2293.7148   11.3470
    0.0000   22.5000   45.0000 2322.3652   11.2149
    7.5000   22.5000   45.0000 2308.3420   11.2704
   -7.5000   30.0000   45.0000 2153.2561   12.4320
    0.0000   30.0000   45.0000 2184.0342   12.3260
    7.5000   30.0000   45.0000 2164.5996   12.3767
   -7.5000  -60.0000   52.5000 2131.9788   13.3120
    0.0000  -60.0000   52.5000 2149.1272   13.2090
    7.5000  -60.0000   52.5000 2111.5735   13.4532
   -7.5000  -52.5000   52.5000 2245.0430   12.0649
    0.0000  -52.5000   52.5000 2265.6140   11.9783
    7.5000  -52.5000   52.5000 2225.7454   12.1465
   -7.5000  -45.0000   52.5000 2362.1177   11.2643
    0.0000  -45.0000   52.5000 2384.2659   11.1733
    7.5000  -45.0000   52.5000 2344.3633   11.3255
   -7.5000  -37.5000   52.5000 2450.7080   10.5359
    0.0000  -37.5000   52.5000 2479.9585   10.4337
    7.5000  -37.5000   52.5000 2439.4583   10.5891
   -7.5000  -30.0000   52.5000 2514.3899   10.0081
    0.0000  -30.0000   52.5000 2550.6921    9.9011
    7.5000  -30.0000   52.5000 2512.1233   10.0509
   -7.5000  -22.5000   52.5000 2548.3848    9.6869
    0.0000  -22.5000   52.5000 2580.2593    9.5825
    7.5000  -22.5000   52.5000 2546.6025    9.7234
   -7.5000  -15.0000   52.5000 2550.5334    9.5745
    0.0000  -15.0000   52.5000 2580.3662    9.4836
    7.5000  -15.0000   52.5000 2549.8289    9.6082
   -7.5000   -7.5000   52.5000 2519.7366    9.7016
    0.0000   -7.5000   52.5000 2548.1606    9.5887
    7.5000   -7.5000   52.5000 2518.6995    9.7235
   -7.5000    0.0000   52.5000 2465.0715    9.9843
    0.0000    0.0000   52.5000 2485.6904    9.8705
    7.5000    0.0000   52.5000 2459.3972    9.9996
   -7.5000    7.5000   52.5000 2387.8953   10.4155
    0.0000    7.5000   52.5000 2408.9890   10.3027
    7.5000    7.5000   52.5000 2391.2051   10.3937
   -7.5000   15.0000   52.5000 2299.3499   11.0107
    0.0000   15.0000   52.5000 2319.5603   10.8803
    7.5000   15.0000   52.5000 2303.6807   10.9507
   -7.5000   22.5000   52.5000 2183.4468   11.8404
    0.0000   22.5000   52.5000 2208.2688   11.7094
    7.5000   22.5000   52.5000 2193.7498   11.7578
   -7.5000   30.0000   52.5000 2049.2429   12.9268
    0.0000   30.0000   52.5000 2074.8914   12.7902
    7.5000   30.0000   52.5000 2058.5510   12.8565

---------------------------------------------------------------------
imgreg_4dfp /opt/freesurfer/average/711-2C_as_mni_average_305 /opt/freesurfer/average/711-2B_as_mni_average_305_mask talsrcimg_g11 none talsrcimg_to_711-2C_as_mni_average_305_t4 1283
---------------------------------------------------------------------

freesurfer imgreg_4dfp.c
/opt/freesurfer/average/711-2C_as_mni_average_305.4dfp.img
       256       256       256         1
  1.000000  1.000000  1.000000
orientation T byte_order littleendian
Reading image: /opt/freesurfer/average/711-2C_as_mni_average_305.4dfp.img
dimensions:      256       256       256
mmppix:       1.0000   -1.0000   -1.0000
center:     128.0000 -129.0000 -129.0000
/opt/freesurfer/average/711-2B_as_mni_average_305_mask.4dfp.img
       256       256       256         1
  1.000000  1.000000  1.000000
orientation T byte_order littleendian
Reading mask: /opt/freesurfer/average/711-2B_as_mni_average_305_mask.4dfp.img (2306576 pixels)
talsrcimg_g11.4dfp.img
       256       256       256         1
  0.898438  0.898438  0.898438
orientation T byte_order littleendian
Reading image: talsrcimg_g11.4dfp.img
dimensions:      256       256       256
mmppix:       0.8984   -0.8984   -0.8984
center:     115.0001 -115.8985 -115.8985
rotation matrix determinant  1.000000
fimgreg.f
image alignment mode   1283 decimal      503 hex
parameters
    0.0000  -15.0000   15.0000    0.0000    0.0000    0.0000
eta,q 0.95214  7.90460
niter,ni,del,rscale     5    3   12.0000    1.2000
parameter  3  0.770549 ->  0.500000 qaram    1.1500
parameters
   -0.1474  -14.1777   11.5500    1.4853    1.6445   -2.6270
eta,q 0.95978  7.84612
  0.0648  0.0670  0.0439  0.0532  0.0568  0.0433
  0.0562  0.0582  0.0433  0.0493  0.0514  0.0411
  0.0494  0.0503  0.0446  0.0459  0.0470  0.0401
  0.0470  0.0470  0.0472  0.0435  0.0432  0.0417
  0.0492  0.0485  0.0508  0.0434  0.0416  0.0454
  0.0569  0.0524  0.0557  0.0446  0.0433  0.0497
  0.0673  0.0585  0.0624  0.0472  0.0482  0.0537
niter,ni,del,rscale     5    3   12.0000    1.2000
parameters
   -0.6961  -14.4474   11.7006    1.2183    2.0624   -3.0574
eta,q 0.95992  7.86017
  0.0597  0.0538  0.0531  0.0468  0.0525  0.0461
  0.0492  0.0461  0.0457  0.0432  0.0463  0.0434
  0.0418  0.0412  0.0409  0.0407  0.0421  0.0413
  0.0402  0.0400  0.0399  0.0400  0.0400  0.0399
  0.0454  0.0426  0.0423  0.0414  0.0408  0.0408
  0.0557  0.0482  0.0455  0.0448  0.0439  0.0444
  0.0670  0.0560  0.0512  0.0474  0.0498  0.0490
niter,ni,del,rscale     4    3   12.0000    1.2000
parameters
   -0.8850  -14.4144   11.6066    1.1902    2.1652   -3.1856
eta,q 0.95990  7.86019
  0.0618  0.0556  0.0520  0.0473  0.0513  0.0466
  0.0511  0.0473  0.0448  0.0435  0.0453  0.0437
  0.0429  0.0417  0.0405  0.0410  0.0415  0.0415
  0.0401  0.0401  0.0401  0.0400  0.0400  0.0400
  0.0436  0.0424  0.0425  0.0411  0.0412  0.0403
  0.0533  0.0475  0.0458  0.0442  0.0446  0.0434
  0.0645  0.0548  0.0517  0.0470  0.0507  0.0481
niter,ni,del,rscale     3    3   12.0000    1.2000
parameters
   -0.9418  -14.4073   11.5906    1.1966    2.1951   -3.2234
eta,q 0.95989  7.86025
  0.0626  0.0554  0.0523  0.0473  0.0511  0.0468
  0.0517  0.0471  0.0450  0.0436  0.0451  0.0438
  0.0433  0.0416  0.0406  0.0410  0.0414  0.0416
  0.0401  0.0401  0.0401  0.0401  0.0401  0.0401
  0.0431  0.0424  0.0425  0.0411  0.0413  0.0403
  0.0524  0.0476  0.0457  0.0441  0.0448  0.0432
  0.0636  0.0547  0.0514  0.0469  0.0509  0.0479
registration optimization eta report
parameter search radius
    6.0000    6.0000    6.9000    6.0000    6.0000    6.0000
100000*second partial in parameter space
       63.       41.       25.       19.       30.       20.
  0.0626  0.0554  0.0523  0.0473  0.0511  0.0468
  0.0517  0.0471  0.0450  0.0436  0.0451  0.0438
  0.0433  0.0416  0.0406  0.0410  0.0414  0.0416
  0.0401  0.0401  0.0401  0.0401  0.0401  0.0401
  0.0431  0.0424  0.0425  0.0411  0.0413  0.0403
  0.0524  0.0476  0.0457  0.0441  0.0448  0.0432
  0.0636  0.0547  0.0514  0.0469  0.0509  0.0479
   -0.9418  -14.4073   11.5906    1.1966    2.1951   -3.2234
eta,q 0.95989  7.86025

---------------------------------------------------------------------
imgreg_4dfp /opt/freesurfer/average/711-2C_as_mni_average_305 /opt/freesurfer/average/711-2B_as_mni_average_305_mask talsrcimg_g11 none talsrcimg_to_711-2C_as_mni_average_305_t4 3335
---------------------------------------------------------------------

freesurfer imgreg_4dfp.c
/opt/freesurfer/average/711-2C_as_mni_average_305.4dfp.img
       256       256       256         1
  1.000000  1.000000  1.000000
orientation T byte_order littleendian
Reading image: /opt/freesurfer/average/711-2C_as_mni_average_305.4dfp.img
dimensions:      256       256       256
mmppix:       1.0000   -1.0000   -1.0000
center:     128.0000 -129.0000 -129.0000
/opt/freesurfer/average/711-2B_as_mni_average_305_mask.4dfp.img
       256       256       256         1
  1.000000  1.000000  1.000000
orientation T byte_order littleendian
Reading mask: /opt/freesurfer/average/711-2B_as_mni_average_305_mask.4dfp.img (2306576 pixels)
talsrcimg_g11.4dfp.img
       256       256       256         1
  0.898438  0.898438  0.898438
orientation T byte_order littleendian
Reading image: talsrcimg_g11.4dfp.img
dimensions:      256       256       256
mmppix:       0.8984   -0.8984   -0.8984
center:     115.0001 -115.8985 -115.8985
fimgreg.f
image alignment mode   3335 decimal      D07 hex
parameters
   -0.9418  -14.4073   11.5906   -0.2315   -0.1755   -0.0952
    5.5418   -3.9408   -5.6188   -1.8698    3.8302    2.0869
eta,q 0.95887  7.89707
niter,ni,del,rscale     5    3    5.0000    1.2000
parameter  4  1.301886 ->  0.500000 qaram    1.1500
parameter  5  1.399320 ->  0.500000 qaram    1.1500
parameter  6  0.937498 ->  0.500000 qaram    1.1500
parameters
   -0.9436  -14.0869   11.5305   -4.3715   -4.3155   -4.2352
    6.7674   -2.7351   -2.1066   -1.3543    1.5747    4.1169
eta,q 0.96720  7.42007
  0.0448  0.0446  0.0427  0.0371  0.0340  0.0334  0.0371  0.0389  0.0374  0.0374  0.0334  0.0351
  0.0427  0.0429  0.0418  0.0380  0.0348  0.0336  0.0355  0.0364  0.0358  0.0352  0.0331  0.0341
  0.0415  0.0417  0.0413  0.0391  0.0363  0.0342  0.0343  0.0347  0.0345  0.0337  0.0329  0.0334
  0.0411  0.0411  0.0411  0.0411  0.0382  0.0352  0.0338  0.0337  0.0336  0.0331  0.0330  0.0329
  0.0416  0.0412  0.0413  0.0438  0.0409  0.0366  0.0338  0.0336  0.0331  0.0333  0.0334  0.0328
  0.0428  0.0419  0.0419  0.0467  0.0441  0.0383  0.0343  0.0345  0.0331  0.0344  0.0340  0.0330
  0.0447  0.0432  0.0429  0.0502  0.0475  0.0409  0.0354  0.0364  0.0337  0.0364  0.0348  0.0336
niter,ni,del,rscale     7    3    5.0000    1.2000
parameter  4  0.959276 ->  0.500000 qaram    1.3225
parameter  5  0.662705 ->  0.500000 qaram    1.3225
parameters
   -0.9936  -14.1446   11.6819   -9.1325   -9.0765   -5.7686
    6.5420   -2.7534   -2.0837   -1.4211    1.4050    3.8531
eta,q 0.97129  6.94160
  0.0362  0.0358  0.0349  0.0302  0.0294  0.0313  0.0314  0.0335  0.0308  0.0323  0.0300  0.0301
  0.0342  0.0341  0.0338  0.0304  0.0290  0.0296  0.0299  0.0310  0.0297  0.0304  0.0293  0.0293
  0.0331  0.0331  0.0331  0.0313  0.0293  0.0288  0.0290  0.0293  0.0289  0.0291  0.0288  0.0288
  0.0328  0.0328  0.0328  0.0328  0.0305  0.0290  0.0287  0.0287  0.0287  0.0287  0.0287  0.0287
  0.0332  0.0332  0.0329  0.0345  0.0325  0.0299  0.0291  0.0294  0.0290  0.0292  0.0289  0.0289
  0.0344  0.0344  0.0335  0.0372  0.0352  0.0316  0.0302  0.0311  0.0297  0.0304  0.0294  0.0295
  0.0365  0.0361  0.0344  0.0404  0.0388  0.0337  0.0317  0.0336  0.0307  0.0325  0.0301  0.0303
niter,ni,del,rscale     7    3    5.0000    1.2000
parameters
   -1.0053  -14.2108   11.8785  -12.3218  -10.4088   -5.6022
    6.2135   -2.7225   -2.5302   -1.3997    1.2221    4.1277
eta,q 0.97173  6.75435
  0.0327  0.0316  0.0310  0.0300  0.0311  0.0321  0.0310  0.0332  0.0301  0.0316  0.0295  0.0297
  0.0305  0.0299  0.0298  0.0287  0.0296  0.0301  0.0294  0.0306  0.0290  0.0298  0.0288  0.0290
  0.0292  0.0289  0.0291  0.0283  0.0286  0.0288  0.0285  0.0289  0.0284  0.0287  0.0284  0.0285
  0.0287  0.0287  0.0287  0.0287  0.0283  0.0283  0.0283  0.0283  0.0283  0.0283  0.0283  0.0283
  0.0292  0.0292  0.0288  0.0302  0.0291  0.0289  0.0288  0.0288  0.0286  0.0287  0.0284  0.0284
  0.0306  0.0303  0.0294  0.0321  0.0309  0.0299  0.0299  0.0305  0.0294  0.0298  0.0289  0.0288
  0.0327  0.0318  0.0304  0.0348  0.0337  0.0318  0.0314  0.0331  0.0305  0.0316  0.0296  0.0295
niter,ni,del,rscale     6    3    5.0000    1.2000
parameters
   -1.0599  -14.0704   11.9569  -12.4602  -10.6371   -5.6253
    6.3234   -2.7787   -2.4985   -1.3165    1.1113    4.1106
eta,q 0.97173  6.73953
  0.0319  0.0315  0.0303  0.0320  0.0318  0.0319  0.0313  0.0330  0.0303  0.0316  0.0295  0.0296
  0.0299  0.0298  0.0292  0.0299  0.0301  0.0300  0.0297  0.0305  0.0292  0.0298  0.0288  0.0289
  0.0286  0.0287  0.0285  0.0287  0.0289  0.0287  0.0286  0.0288  0.0285  0.0287  0.0284  0.0284
  0.0283  0.0283  0.0283  0.0283  0.0283  0.0283  0.0283  0.0283  0.0283  0.0283  0.0283  0.0283
  0.0288  0.0285  0.0284  0.0287  0.0287  0.0289  0.0286  0.0289  0.0285  0.0286  0.0284  0.0284
  0.0301  0.0294  0.0290  0.0302  0.0301  0.0300  0.0296  0.0306  0.0292  0.0297  0.0289  0.0289
  0.0322  0.0308  0.0300  0.0322  0.0324  0.0319  0.0311  0.0331  0.0302  0.0315  0.0296  0.0296
niter,ni,del,rscale     5    3    5.0000    1.2000
parameters
   -1.0763  -14.0319   11.9599  -12.4892  -10.6768   -5.6287
    6.3522   -2.7909   -2.4521   -1.2744    1.0813    4.0789
eta,q 0.97172  6.73659
  0.0320  0.0312  0.0302  0.0321  0.0319  0.0319  0.0313  0.0331  0.0303  0.0315  0.0295  0.0296
  0.0299  0.0296  0.0291  0.0300  0.0302  0.0300  0.0296  0.0305  0.0292  0.0298  0.0288  0.0289
  0.0287  0.0286  0.0285  0.0287  0.0289  0.0287  0.0286  0.0288  0.0285  0.0287  0.0284  0.0284
  0.0283  0.0283  0.0283  0.0283  0.0283  0.0283  0.0283  0.0283  0.0283  0.0283  0.0283  0.0283
  0.0287  0.0286  0.0285  0.0287  0.0286  0.0289  0.0287  0.0289  0.0285  0.0286  0.0284  0.0284
  0.0300  0.0295  0.0291  0.0302  0.0299  0.0300  0.0297  0.0305  0.0292  0.0297  0.0289  0.0289
  0.0321  0.0309  0.0301  0.0321  0.0322  0.0319  0.0311  0.0331  0.0302  0.0315  0.0296  0.0296
niter,ni,del,rscale     4    3    5.0000    1.2000
parameters
   -1.0818  -14.0187   11.9585  -12.4981  -10.6851   -5.6205
    6.3506   -2.7938   -2.4349   -1.2523    1.0801    4.0559
eta,q 0.97172  6.73615
  0.0321  0.0311  0.0301  0.0322  0.0319  0.0319  0.0312  0.0331  0.0303  0.0315  0.0296  0.0296
  0.0300  0.0295  0.0291  0.0300  0.0302  0.0300  0.0296  0.0305  0.0292  0.0297  0.0288  0.0289
  0.0287  0.0286  0.0285  0.0287  0.0289  0.0287  0.0286  0.0288  0.0285  0.0286  0.0284  0.0284
  0.0283  0.0283  0.0283  0.0283  0.0283  0.0283  0.0283  0.0283  0.0283  0.0283  0.0283  0.0283
  0.0287  0.0286  0.0285  0.0287  0.0286  0.0289  0.0287  0.0288  0.0285  0.0286  0.0284  0.0284
  0.0300  0.0296  0.0291  0.0302  0.0299  0.0299  0.0297  0.0305  0.0292  0.0297  0.0289  0.0289
  0.0321  0.0310  0.0302  0.0321  0.0322  0.0319  0.0312  0.0331  0.0302  0.0315  0.0295  0.0296
registration optimization eta report
parameter search radius
    2.4000    2.4000    2.4000    9.5220    9.5220    8.2800
    7.2000    7.2000    7.2000    7.2000    7.2000    7.2000
100000*second partial in parameter space
       66.       48.       32.        4.        4.        5.
        6.        9.        4.        6.        2.        3.
  0.0321  0.0311  0.0301  0.0322  0.0319  0.0319  0.0312  0.0331  0.0303  0.0315  0.0296  0.0296
  0.0300  0.0295  0.0291  0.0300  0.0302  0.0300  0.0296  0.0305  0.0292  0.0297  0.0288  0.0289
  0.0287  0.0286  0.0285  0.0287  0.0289  0.0287  0.0286  0.0288  0.0285  0.0286  0.0284  0.0284
  0.0283  0.0283  0.0283  0.0283  0.0283  0.0283  0.0283  0.0283  0.0283  0.0283  0.0283  0.0283
  0.0287  0.0286  0.0285  0.0287  0.0286  0.0289  0.0287  0.0288  0.0285  0.0286  0.0284  0.0284
  0.0300  0.0296  0.0291  0.0302  0.0299  0.0299  0.0297  0.0305  0.0292  0.0297  0.0289  0.0289
  0.0321  0.0310  0.0302  0.0321  0.0322  0.0319  0.0312  0.0331  0.0302  0.0315  0.0295  0.0296
   -1.0818  -14.0187   11.9585  -12.4981  -10.6851   -5.6205
    6.3506   -2.7938   -2.4349   -1.2523    1.0801    4.0559
eta,q 0.97172  6.73615

---------------------------------------------------------------------
imgreg_4dfp /opt/freesurfer/average/711-2C_as_mni_average_305 /opt/freesurfer/average/711-2B_as_mni_average_305_mask talsrcimg_g11 none talsrcimg_to_711-2C_as_mni_average_305_t4 2311
---------------------------------------------------------------------

freesurfer imgreg_4dfp.c
/opt/freesurfer/average/711-2C_as_mni_average_305.4dfp.img
       256       256       256         1
  1.000000  1.000000  1.000000
orientation T byte_order littleendian
Reading image: /opt/freesurfer/average/711-2C_as_mni_average_305.4dfp.img
dimensions:      256       256       256
mmppix:       1.0000   -1.0000   -1.0000
center:     128.0000 -129.0000 -129.0000
/opt/freesurfer/average/711-2B_as_mni_average_305_mask.4dfp.img
       256       256       256         1
  1.000000  1.000000  1.000000
orientation T byte_order littleendian
Reading mask: /opt/freesurfer/average/711-2B_as_mni_average_305_mask.4dfp.img (2306576 pixels)
talsrcimg_g11.4dfp.img
       256       256       256         1
  0.898438  0.898438  0.898438
orientation T byte_order littleendian
Reading image: talsrcimg_g11.4dfp.img
dimensions:      256       256       256
mmppix:       0.8984   -0.8984   -0.8984
center:     115.0001 -115.8985 -115.8985
fimgreg.f
image alignment mode   2311 decimal      907 hex
parameters
   -1.0818  -14.0187   11.9585  -12.4981  -10.6851   -5.6205
    6.3506   -2.7938   -2.4349   -1.2523    1.0801    4.0559
eta,q 0.97172  6.73615
niter,ni,del,rscale     5    3    5.0000    0.8000
parameters
   -1.0975  -14.0584   11.9658  -12.4878  -10.1891   -5.6981
    6.2879   -2.7918   -2.4553   -1.3111    1.0556    4.0878
eta,q 0.97175  6.75425
  0.0300  0.0295  0.0291  0.0293  0.0295  0.0296  0.0296  0.0305  0.0292  0.0297  0.0288  0.0289
  0.0290  0.0288  0.0287  0.0287  0.0289  0.0288  0.0289  0.0293  0.0286  0.0289  0.0285  0.0285
  0.0285  0.0284  0.0284  0.0284  0.0285  0.0284  0.0284  0.0285  0.0283  0.0284  0.0283  0.0283
  0.0283  0.0283  0.0283  0.0283  0.0283  0.0283  0.0283  0.0283  0.0283  0.0283  0.0283  0.0283
  0.0285  0.0285  0.0284  0.0284  0.0283  0.0285  0.0284  0.0285  0.0284  0.0284  0.0283  0.0283
  0.0291  0.0289  0.0287  0.0287  0.0286  0.0290  0.0289  0.0293  0.0287  0.0289  0.0285  0.0285
  0.0300  0.0296  0.0291  0.0293  0.0291  0.0296  0.0297  0.0305  0.0292  0.0298  0.0288  0.0289
niter,ni,del,rscale     4    3    5.0000    0.7000
parameters
   -1.0889  -14.1084   11.9360  -12.4071  -10.0913   -5.7784
    6.2639   -2.7773   -2.4489   -1.3862    1.0545    4.1441
eta,q 0.97176  6.75843
  0.0296  0.0292  0.0289  0.0290  0.0291  0.0293  0.0293  0.0300  0.0290  0.0294  0.0287  0.0287
  0.0289  0.0286  0.0285  0.0286  0.0287  0.0287  0.0287  0.0290  0.0286  0.0287  0.0284  0.0285
  0.0284  0.0283  0.0283  0.0284  0.0284  0.0284  0.0284  0.0284  0.0283  0.0283  0.0283  0.0283
  0.0283  0.0283  0.0283  0.0282  0.0282  0.0282  0.0282  0.0282  0.0282  0.0282  0.0282  0.0282
  0.0284  0.0284  0.0283  0.0283  0.0283  0.0285  0.0284  0.0284  0.0283  0.0284  0.0283  0.0283
  0.0288  0.0288  0.0286  0.0285  0.0286  0.0288  0.0288  0.0290  0.0286  0.0288  0.0284  0.0284
  0.0296  0.0293  0.0289  0.0290  0.0291  0.0293  0.0293  0.0300  0.0289  0.0294  0.0287  0.0287
niter,ni,del,rscale     3    3    5.0000    0.6000
parameters
   -1.0832  -14.1359   11.9320  -12.3693  -10.0239   -5.8611
    6.2536   -2.7687   -2.4653   -1.4533    1.0585    4.2070
eta,q 0.97176  6.75981
  0.0292  0.0290  0.0287  0.0288  0.0289  0.0290  0.0291  0.0295  0.0288  0.0291  0.0286  0.0286
  0.0287  0.0285  0.0285  0.0285  0.0286  0.0286  0.0286  0.0288  0.0285  0.0286  0.0284  0.0284
  0.0284  0.0283  0.0283  0.0283  0.0283  0.0283  0.0283  0.0284  0.0283  0.0283  0.0283  0.0283
  0.0282  0.0282  0.0282  0.0282  0.0282  0.0282  0.0282  0.0282  0.0282  0.0282  0.0282  0.0282
  0.0284  0.0283  0.0283  0.0283  0.0283  0.0284  0.0283  0.0284  0.0283  0.0284  0.0283  0.0283
  0.0287  0.0286  0.0285  0.0285  0.0285  0.0287  0.0286  0.0288  0.0285  0.0286  0.0284  0.0284
  0.0292  0.0290  0.0287  0.0288  0.0289  0.0291  0.0291  0.0295  0.0288  0.0291  0.0286  0.0286
niter,ni,del,rscale     2    3    5.0000    0.5000
parameters
   -1.0800  -14.1549   11.9260  -12.3289   -9.9801   -5.9395
    6.2433   -2.7623   -2.4912   -1.5217    1.0614    4.2688
eta,q 0.97177  6.76051
  0.0289  0.0287  0.0286  0.0286  0.0287  0.0288  0.0288  0.0291  0.0286  0.0288  0.0285  0.0285
  0.0285  0.0285  0.0284  0.0284  0.0285  0.0285  0.0285  0.0286  0.0284  0.0285  0.0283  0.0283
  0.0283  0.0283  0.0283  0.0283  0.0283  0.0283  0.0283  0.0283  0.0283  0.0283  0.0283  0.0283
  0.0282  0.0282  0.0282  0.0282  0.0282  0.0282  0.0282  0.0282  0.0282  0.0282  0.0282  0.0282
  0.0283  0.0283  0.0283  0.0283  0.0283  0.0283  0.0283  0.0283  0.0283  0.0283  0.0283  0.0282
  0.0285  0.0285  0.0284  0.0284  0.0284  0.0286  0.0285  0.0286  0.0284  0.0285  0.0283  0.0283
  0.0289  0.0288  0.0286  0.0286  0.0287  0.0289  0.0288  0.0291  0.0286  0.0289  0.0285  0.0285
niter,ni,del,rscale     1    3    5.0000    0.4000
parameters
   -1.0778  -14.1732   11.9212  -12.3067   -9.9409   -5.9858
    6.2431   -2.7551   -2.5007   -1.5714    1.0701    4.3557
eta,q 0.97177  6.76153
  0.0287  0.0286  0.0285  0.0285  0.0285  0.0286  0.0286  0.0288  0.0285  0.0286  0.0284  0.0284
  0.0284  0.0284  0.0283  0.0283  0.0284  0.0284  0.0284  0.0285  0.0283  0.0284  0.0283  0.0283
  0.0283  0.0283  0.0283  0.0283  0.0283  0.0283  0.0283  0.0283  0.0283  0.0283  0.0282  0.0283
  0.0282  0.0282  0.0282  0.0282  0.0282  0.0282  0.0282  0.0282  0.0282  0.0282  0.0282  0.0282
  0.0283  0.0283  0.0283  0.0283  0.0283  0.0283  0.0283  0.0283  0.0283  0.0283  0.0282  0.0282
  0.0284  0.0284  0.0283  0.0283  0.0284  0.0284  0.0284  0.0285  0.0283  0.0284  0.0283  0.0283
  0.0287  0.0286  0.0285  0.0285  0.0285  0.0287  0.0286  0.0288  0.0285  0.0286  0.0284  0.0284
registration optimization eta report
parameter search radius
    0.8000    0.8000    0.8000    2.4000    2.4000    2.4000
    2.4000    2.4000    2.4000    2.4000    2.4000    2.4000
100000*second partial in parameter space
       69.       52.       36.        4.        5.        7.
        6.       10.        4.        7.        3.        3.
  0.0287  0.0286  0.0285  0.0285  0.0285  0.0286  0.0286  0.0288  0.0285  0.0286  0.0284  0.0284
  0.0284  0.0284  0.0283  0.0283  0.0284  0.0284  0.0284  0.0285  0.0283  0.0284  0.0283  0.0283
  0.0283  0.0283  0.0283  0.0283  0.0283  0.0283  0.0283  0.0283  0.0283  0.0283  0.0282  0.0283
  0.0282  0.0282  0.0282  0.0282  0.0282  0.0282  0.0282  0.0282  0.0282  0.0282  0.0282  0.0282
  0.0283  0.0283  0.0283  0.0283  0.0283  0.0283  0.0283  0.0283  0.0283  0.0283  0.0282  0.0282
  0.0284  0.0284  0.0283  0.0283  0.0284  0.0284  0.0284  0.0285  0.0283  0.0284  0.0283  0.0283
  0.0287  0.0286  0.0285  0.0285  0.0285  0.0287  0.0286  0.0288  0.0285  0.0286  0.0284  0.0284
   -1.0778  -14.1732   11.9212  -12.3067   -9.9409   -5.9858
    6.2431   -2.7551   -2.5007   -1.5714    1.0701    4.3557
eta,q 0.97177  6.76153

---------------------------------------------------------------------
imgreg_4dfp /opt/freesurfer/average/711-2C_as_mni_average_305 /opt/freesurfer/average/711-2B_as_mni_average_305_mask talsrcimg_g11 none talsrcimg_to_711-2C_as_mni_average_305_t4 2311
---------------------------------------------------------------------

freesurfer imgreg_4dfp.c
/opt/freesurfer/average/711-2C_as_mni_average_305.4dfp.img
       256       256       256         1
  1.000000  1.000000  1.000000
orientation T byte_order littleendian
Reading image: /opt/freesurfer/average/711-2C_as_mni_average_305.4dfp.img
dimensions:      256       256       256
mmppix:       1.0000   -1.0000   -1.0000
center:     128.0000 -129.0000 -129.0000
/opt/freesurfer/average/711-2B_as_mni_average_305_mask.4dfp.img
       256       256       256         1
  1.000000  1.000000  1.000000
orientation T byte_order littleendian
Reading mask: /opt/freesurfer/average/711-2B_as_mni_average_305_mask.4dfp.img (2306576 pixels)
talsrcimg_g11.4dfp.img
       256       256       256         1
  0.898438  0.898438  0.898438
orientation T byte_order littleendian
Reading image: talsrcimg_g11.4dfp.img
dimensions:      256       256       256
mmppix:       0.8984   -0.8984   -0.8984
center:     115.0001 -115.8985 -115.8985
fimgreg.f
image alignment mode   2311 decimal      907 hex
parameters
   -1.0778  -14.1732   11.9212  -12.3067   -9.9409   -5.9858
    6.2431   -2.7551   -2.5007   -1.5714    1.0701    4.3557
eta,q 0.97177  6.76153
niter,ni,del,rscale     5    3    5.0000    0.8000
parameters
   -1.0646  -14.1572   11.9149  -12.4410  -10.0566   -5.8370
    6.2566   -2.7568   -2.4938   -1.4839    1.0347    4.2008
eta,q 0.97176  6.75613
  0.0300  0.0296  0.0291  0.0292  0.0293  0.0297  0.0296  0.0305  0.0292  0.0298  0.0288  0.0288
  0.0290  0.0288  0.0286  0.0286  0.0287  0.0289  0.0289  0.0293  0.0287  0.0290  0.0285  0.0285
  0.0284  0.0284  0.0283  0.0283  0.0284  0.0284  0.0284  0.0285  0.0283  0.0284  0.0283  0.0283
  0.0282  0.0282  0.0282  0.0282  0.0282  0.0282  0.0282  0.0282  0.0282  0.0282  0.0282  0.0282
  0.0284  0.0284  0.0283  0.0283  0.0284  0.0284  0.0284  0.0285  0.0283  0.0284  0.0283  0.0283
  0.0290  0.0288  0.0286  0.0287  0.0288  0.0289  0.0289  0.0293  0.0287  0.0289  0.0285  0.0285
  0.0299  0.0295  0.0291  0.0293  0.0294  0.0295  0.0296  0.0305  0.0292  0.0297  0.0288  0.0289
niter,ni,del,rscale     4    3    5.0000    0.7000
parameters
   -1.0757  -14.1407   11.9289  -12.4066  -10.0437   -5.8445
    6.2558   -2.7653   -2.4683   -1.4583    1.0464    4.1926
eta,q 0.97176  6.75798
  0.0296  0.0293  0.0289  0.0290  0.0291  0.0293  0.0293  0.0300  0.0290  0.0294  0.0287  0.0287
  0.0288  0.0287  0.0286  0.0286  0.0286  0.0287  0.0287  0.0290  0.0286  0.0288  0.0284  0.0284
  0.0284  0.0283  0.0283  0.0283  0.0284  0.0284  0.0284  0.0284  0.0283  0.0284  0.0283  0.0283
  0.0282  0.0282  0.0282  0.0282  0.0282  0.0282  0.0282  0.0282  0.0282  0.0282  0.0282  0.0282
  0.0284  0.0284  0.0283  0.0283  0.0283  0.0284  0.0284  0.0284  0.0283  0.0284  0.0283  0.0283
  0.0289  0.0287  0.0285  0.0285  0.0286  0.0288  0.0287  0.0290  0.0286  0.0288  0.0284  0.0284
  0.0296  0.0292  0.0289  0.0290  0.0291  0.0293  0.0293  0.0300  0.0289  0.0294  0.0287  0.0287
niter,ni,del,rscale     3    3    5.0000    0.6000
parameters
   -1.0798  -14.1460   11.9272  -12.3652  -10.0113   -5.8900
    6.2528   -2.7642   -2.4780   -1.4769    1.0553    4.2208
eta,q 0.97176  6.75945
  0.0292  0.0290  0.0287  0.0288  0.0289  0.0291  0.0291  0.0295  0.0288  0.0291  0.0286  0.0286
  0.0287  0.0286  0.0285  0.0285  0.0285  0.0286  0.0286  0.0288  0.0285  0.0286  0.0284  0.0284
  0.0283  0.0283  0.0283  0.0283  0.0283  0.0283  0.0283  0.0284  0.0283  0.0283  0.0283  0.0283
  0.0282  0.0282  0.0282  0.0282  0.0282  0.0282  0.0282  0.0282  0.0282  0.0282  0.0282  0.0282
  0.0284  0.0283  0.0283  0.0283  0.0283  0.0284  0.0283  0.0284  0.0283  0.0284  0.0283  0.0283
  0.0287  0.0286  0.0285  0.0285  0.0285  0.0287  0.0286  0.0288  0.0285  0.0286  0.0284  0.0284
  0.0292  0.0290  0.0287  0.0288  0.0289  0.0291  0.0290  0.0295  0.0288  0.0291  0.0286  0.0286
niter,ni,del,rscale     2    3    5.0000    0.5000
parameters
   -1.0793  -14.1591   11.9199  -12.3341   -9.9786   -5.9495
    6.2475   -2.7613   -2.4892   -1.5283    1.0645    4.2830
eta,q 0.97177  6.75998
  0.0289  0.0287  0.0286  0.0286  0.0287  0.0288  0.0288  0.0291  0.0286  0.0288  0.0285  0.0285
  0.0285  0.0285  0.0284  0.0284  0.0285  0.0285  0.0285  0.0286  0.0284  0.0285  0.0283  0.0283
  0.0283  0.0283  0.0283  0.0283  0.0283  0.0283  0.0283  0.0283  0.0283  0.0283  0.0283  0.0283
  0.0282  0.0282  0.0282  0.0282  0.0282  0.0282  0.0282  0.0282  0.0282  0.0282  0.0282  0.0282
  0.0283  0.0283  0.0283  0.0283  0.0283  0.0283  0.0283  0.0283  0.0283  0.0283  0.0283  0.0282
  0.0285  0.0285  0.0284  0.0284  0.0284  0.0286  0.0285  0.0286  0.0284  0.0285  0.0283  0.0283
  0.0289  0.0288  0.0286  0.0286  0.0287  0.0289  0.0288  0.0291  0.0286  0.0288  0.0285  0.0285
niter,ni,del,rscale     1    3    5.0000    0.4000
parameters
   -1.0756  -14.1724   11.9205  -12.2979   -9.9390   -5.9939
    6.2417   -2.7510   -2.5052   -1.5791    1.0704    4.3446
eta,q 0.97177  6.76160
  0.0287  0.0286  0.0285  0.0285  0.0285  0.0286  0.0286  0.0288  0.0285  0.0286  0.0284  0.0284
  0.0284  0.0284  0.0283  0.0283  0.0284  0.0284  0.0284  0.0285  0.0283  0.0284  0.0283  0.0283
  0.0283  0.0283  0.0283  0.0283  0.0283  0.0283  0.0283  0.0283  0.0283  0.0283  0.0282  0.0283
  0.0282  0.0282  0.0282  0.0282  0.0282  0.0282  0.0282  0.0282  0.0282  0.0282  0.0282  0.0282
  0.0283  0.0283  0.0283  0.0283  0.0283  0.0283  0.0283  0.0283  0.0283  0.0283  0.0282  0.0282
  0.0284  0.0284  0.0283  0.0283  0.0284  0.0284  0.0284  0.0285  0.0283  0.0284  0.0283  0.0283
  0.0287  0.0286  0.0285  0.0285  0.0285  0.0287  0.0286  0.0288  0.0285  0.0286  0.0284  0.0284
registration optimization eta report
parameter search radius
    0.8000    0.8000    0.8000    2.4000    2.4000    2.4000
    2.4000    2.4000    2.4000    2.4000    2.4000    2.4000
100000*second partial in parameter space
       68.       53.       35.        4.        5.        7.
        6.       10.        4.        7.        3.        3.
  0.0287  0.0286  0.0285  0.0285  0.0285  0.0286  0.0286  0.0288  0.0285  0.0286  0.0284  0.0284
  0.0284  0.0284  0.0283  0.0283  0.0284  0.0284  0.0284  0.0285  0.0283  0.0284  0.0283  0.0283
  0.0283  0.0283  0.0283  0.0283  0.0283  0.0283  0.0283  0.0283  0.0283  0.0283  0.0282  0.0283
  0.0282  0.0282  0.0282  0.0282  0.0282  0.0282  0.0282  0.0282  0.0282  0.0282  0.0282  0.0282
  0.0283  0.0283  0.0283  0.0283  0.0283  0.0283  0.0283  0.0283  0.0283  0.0283  0.0282  0.0282
  0.0284  0.0284  0.0283  0.0283  0.0284  0.0284  0.0284  0.0285  0.0283  0.0284  0.0283  0.0283
  0.0287  0.0286  0.0285  0.0285  0.0285  0.0287  0.0286  0.0288  0.0285  0.0286  0.0284  0.0284
   -1.0756  -14.1724   11.9205  -12.2979   -9.9390   -5.9939
    6.2417   -2.7510   -2.5052   -1.5791    1.0704    4.3446
eta,q 0.97177  6.76160

---------------------------------------------------------------------
compute_vox2vox talsrcimg talsrcimg_to_711-2C_as_mni_average_305_t4 /opt/freesurfer/average/711-2C_as_mni_average_305
---------------------------------------------------------------------

freesurfer compute_vox2vox.c
Reading: talsrcimg.4dfp.ifh
Reading: talsrcimg_to_711-2C_as_mni_average_305_t4
Reading: /opt/freesurfer/average/711-2C_as_mni_average_305.4dfp.ifh
Writing: talsrcimg_to_711-2C_as_mni_average_305_t4_vox2vox.txt

start time Thu Mar 12 22:44:28 CET 2026
end		time Thu Mar 12 22:44:42 CET 2026

mpr2mni305 success

avi2talxfm orig_nu.mgz /opt/freesurfer/average/mni305.cor.mgz talsrcimg_to_711-2C_as_mni_average_305_t4_vox2vox.txt transforms/talairach.auto.xfm
avi2talxfm done
mv -f /out/sourcedata/freesurfer/sub-v2s2x29087_ses-1/mri/talsrcimg_to_711-2C_as_mni_average_305_t4_vox2vox.txt /out/sourcedata/freesurfer/sub-v2s2x29087_ses-1/mri/transforms/talsrcimg_to_711-2C_as_mni_average_305_t4_vox2vox.txt
lta_convert --src orig_nu.mgz --trg /opt/freesurfer/average/mni305.cor.mgz --inxfm transforms/talairach.auto.xfm --outlta transforms/talairach.auto.xfm.lta --subject fsaverage
7.3.2

--src: orig_nu.mgz src image (geometry).
--trg: /opt/freesurfer/average/mni305.cor.mgz trg image (geometry).
--inmni: transforms/talairach.auto.xfm input MNI/XFM transform.
--outlta: transforms/talairach.auto.xfm.lta output LTA.
--s: fsaverage subject name
 LTA read, type : 1
 1.13753   0.03194  -0.08038  -5.86887;
-0.01440   1.06249  -0.05026   7.20595;
 0.03139   0.01952   1.10724  -4.90221;
 0.00000   0.00000   0.00000   1.00000;
setting subject to fsaverage
Writing  LTA to file transforms/talairach.auto.xfm.lta...
lta_convert successful.
 
 
Started at Thu Mar 12 22:44:28 CET 2026
Ended   at Thu Mar 12 22:44:42 CET 2026
talairach_avi done
