063c480a-21fb-4a27-b04a-bd794b439265 oesteban@dna022:/tmp/59566729/oesteban/bootstrap-fmriprep/59566729_1252/project/derivatives/v2s2 timestamp=1773351129.689342337s
0ad4e9ad-6c11-407d-aa26-ee0d4e346103 oesteban@dna026:/tmp/59565709/oesteban/bootstrap-fmriprep/59565709_1239/project/derivatives/v2s2 timestamp=1773348405.32042867s
0ca0ec76-284d-481f-a7ad-2c773b8dea74 oesteban@dna039:/tmp/59566733/oesteban/bootstrap-fmriprep/59566733_1256/project/derivatives/v2s2 timestamp=1773351436.791350121s
0d26d657-c5b6-47fe-aedf-946f12a3a9e4 oesteban@dna078:/tmp/59566320/oesteban/bootstrap-fmriprep/59566320_1246/project/derivatives/v2s2 timestamp=1773350076.682777516s
165b6fd7-5ce5-444c-989e-e717aa1f4ff5 oesteban@dna061:/tmp/59567183/oesteban/bootstrap-fmriprep/59567183_1264/project/derivatives/v2s2 timestamp=1773352664.328484906s
1f53af9d-4b91-4c80-afe9-5fe1a89d56a3 oesteban@dna063:/tmp/59565813/oesteban/bootstrap-fmriprep/59565813_1243/project/derivatives/v2s2 timestamp=1773348614.867621343s
25937cb5-3d12-45a6-8143-570ffb3e7c10 oesteban@dna034:/tmp/59564538/oesteban/bootstrap-fmriprep/59564538_1230/project/derivatives/v2s2 timestamp=1773344508.891880889s
2df92744-2f6d-4a50-bb98-c414d0401cb8 oesteban@dna026:/tmp/59565407/oesteban/bootstrap-fmriprep/59565407_1238/project/derivatives/v2s2 timestamp=1773347755.652263696s
35814fba-0faf-469c-996d-a11b5dd4c239 oesteban@dna069:/tmp/59565283/oesteban/bootstrap-fmriprep/59565283_1235/project/derivatives/v2s2 timestamp=1773346632.608212169s
3636cc22-eac6-4c23-ac6e-818c14e8d36b oesteban@dna061:/tmp/59567141/oesteban/bootstrap-fmriprep/59567141_1262/project/derivatives/v2s2 timestamp=1773352509.87801641s
407b6339-06d9-4898-b8d4-0a78e4904247 oesteban@dna082:/tmp/59565406/oesteban/bootstrap-fmriprep/59565406_1237/project/derivatives/v2s2 timestamp=1773347600.150187155s
4148c5a4-0c2e-427e-b5ae-6879c1963080 oesteban@dna035:/tmp/59565394/oesteban/bootstrap-fmriprep/59565394_1236/project/derivatives/v2s2 timestamp=1773347155.743486932s
48e7e617-77dd-401a-a1e6-fe94689ab882 oesteban@dna060:/tmp/59566936/oesteban/bootstrap-fmriprep/59566936_1258/project/derivatives/v2s2 timestamp=1773351753.224377173s
4af709a9-bfcb-4808-8f20-5c9285193710 git@0cf3a9a26dcd:/data/repos/abide-fmriprep/v2s2.git timestamp=1773329297.962972123s
4c4b6f68-9714-4339-a763-0237a3863a71 oesteban@dna003:/tmp/59566522/oesteban/bootstrap-fmriprep/59566522_1248/project/derivatives/v2s2 timestamp=1773350558.613354354s
504db461-b5d2-496f-8bfe-0b9de721088b oesteban@dna086:/tmp/59566732/oesteban/bootstrap-fmriprep/59566732_1255/project/derivatives/v2s2 timestamp=1773351311.653706589s
51629714-99a5-4807-a04b-5b365d048a97 oesteban@dna026:/tmp/59567140/oesteban/bootstrap-fmriprep/59567140_1261/project/derivatives/v2s2 timestamp=1773352303.355875084s
559f337d-ffcc-4a71-ab97-a708b0e5a97c oesteban@dna075:/tmp/59566734/oesteban/bootstrap-fmriprep/59566734_1257/project/derivatives/v2s2 timestamp=1773351482.174193118s
55daffe5-50ed-42a3-ba9c-2c7bbf8a243c oesteban@dna030:/tmp/59564536/oesteban/bootstrap-fmriprep/59564536_1229/project/derivatives/v2s2 timestamp=1773344405.36620837s
59d85d58-8f36-4499-be7a-f90481f23bca oesteban@dna082:/tmp/59566937/oesteban/bootstrap-fmriprep/59566937_1259/project/derivatives/v2s2 timestamp=1773352030.050539702s
6e1ad321-eac9-4048-bf87-7e37f993d739 oesteban@Mac:~/workspace/abide_preproc/derivatives/v2s2 timestamp=1773736899s
7022b3fe-5351-42a4-9328-383ee0c64405 oesteban@dna017:/tmp/59565710/oesteban/bootstrap-fmriprep/59565710_1240/project/derivatives/v2s2 timestamp=1773348461.958912209s
7367d7ec-89e4-4527-b219-a1f314a7db23 oesteban@dna075:/tmp/59565915/oesteban/bootstrap-fmriprep/59565915_1244/project/derivatives/v2s2 timestamp=1773348953.54009095s
75f5a7e4-3f18-4498-95f2-f8a93ced0a8a oesteban@dna038:/tmp/59565067/oesteban/bootstrap-fmriprep/59565067_1234/project/derivatives/v2s2 timestamp=1773346039.245034459s
791c0555-2ff0-4a23-b2bb-65558371ec46 oesteban@dna085:/tmp/59566731/oesteban/bootstrap-fmriprep/59566731_1254/project/derivatives/v2s2 timestamp=1773351276.465007855s
861f89a2-3d6a-463e-8fa7-4d90caa86ff9 oesteban@dna020:/tmp/59566523/oesteban/bootstrap-fmriprep/59566523_1249/project/derivatives/v2s2 timestamp=1773350578.413867397s
94a2baff-29a5-480f-8367-b1d13a57b6ff oesteban@dna059:/tmp/59565066/oesteban/bootstrap-fmriprep/59565066_1233/project/derivatives/v2s2 timestamp=1773345974.953800452s
9d36e901-31bb-4878-9773-f82b99e481c3 oesteban@dna075:/tmp/59566521/oesteban/bootstrap-fmriprep/59566521_1247/project/derivatives/v2s2 timestamp=1773350297.853477268s
a0f76989-bc30-4569-b443-2f215f47c681 oesteban@dna021:/tmp/59566728/oesteban/bootstrap-fmriprep/59566728_1251/project/derivatives/v2s2 timestamp=1773351117.080066159s
a19fc6f7-6ac2-4bf9-a3d0-90bea14e4f05 oesteban@dna020:/tmp/59565812/oesteban/bootstrap-fmriprep/59565812_1242/project/derivatives/v2s2 timestamp=1773348608.918601584s
b66e8646-c468-43dd-93fc-7e5f7c53bcf7 oesteban@dna038:/tmp/59566721/oesteban/bootstrap-fmriprep/59566721_1250/project/derivatives/v2s2 timestamp=1773350981.906623128s
b9cddff1-6cce-4af2-bc19-7b908fa3b400 oesteban@dna082:/tmp/59566317/oesteban/bootstrap-fmriprep/59566317_1245/project/derivatives/v2s2 timestamp=1773349809.019068048s
c0dd8074-858c-4431-922e-e0a33463813e oesteban@curnagl:/scratch/oesteban/abide_fmriprep/derivatives/v2s2 timestamp=1772982609.478798176s
c302fba1-3ef4-42c9-8f0e-e9ee573af477 oesteban@dna022:/tmp/59566730/oesteban/bootstrap-fmriprep/59566730_1253/project/derivatives/v2s2 timestamp=1773351129.790555191s
c47df841-21a2-4a94-8e7c-9da93ba31352 oesteban@dna069:/tmp/59564752/oesteban/bootstrap-fmriprep/59564752_1232/project/derivatives/v2s2 timestamp=1773345140.471915377s
ca958a7f-7dd7-459b-b239-f74b2a1274bb oesteban@Mac:~/workspace/abide_preproc/derivatives/v2s2 timestamp=1772959794s
d4fc4712-47c9-4d6a-9e49-a1f011290657 oesteban@dna078:/tmp/59565711/oesteban/bootstrap-fmriprep/59565711_1241/project/derivatives/v2s2 timestamp=1773348497.396413772s
d85fe683-f753-4c1d-a814-d2638ad33d7e oesteban@dna056:/tmp/59567142/oesteban/bootstrap-fmriprep/59567142_1263/project/derivatives/v2s2 timestamp=1773352608.434856746s
e519ef83-d662-446c-b838-ee2ce1227591 oesteban@dna003:/tmp/59567038/oesteban/bootstrap-fmriprep/59567038_1260/project/derivatives/v2s2 timestamp=1773352119.434776914s
e9596e16-6ad2-4f08-947e-bc78f7c85503 oesteban@dna038:/tmp/59438994/oesteban/bootstrap-fmriprep/59438994_333/project/derivatives/v2s2 timestamp=1773329295.999842152s
f3501101-e3fb-4af3-8fe9-7badbf20b35e oesteban@dna055:/tmp/59564540/oesteban/bootstrap-fmriprep/59564540_1231/project/derivatives/v2s2 timestamp=1773344715.860299864s
