status file for recon-all
Thu Mar 12 22:27:24 CET 2026
#@# MotionCor Thu Mar 12 22:27:26 CET 2026
#@# Talairach Thu Mar 12 22:27:36 CET 2026
#@# Talairach Failure Detection Thu Mar 12 22:32:00 CET 2026
#@# Nu Intensity Correction Thu Mar 12 22:32:00 CET 2026
#@# Intensity Normalization Thu Mar 12 22:35:16 CET 2026
recon-all -s sub-v2s2x29079_ses-1 finished without error at Thu Mar 12 22:36:50 CET 2026



#New# invocation of recon-all 



status file for recon-all
Thu Mar 12 22:44:39 CET 2026
#@# EM Registration Thu Mar 12 22:44:39 CET 2026
recon-all -s sub-v2s2x29079_ses-1 finished without error at Thu Mar 12 22:46:43 CET 2026



#New# invocation of recon-all 



status file for recon-all
Thu Mar 12 22:46:46 CET 2026
#@# CA Normalize Thu Mar 12 22:46:46 CET 2026
#@# CA Reg Thu Mar 12 22:48:06 CET 2026
#@# SubCort Seg Thu Mar 12 23:42:12 CET 2026
#@# CC Seg Fri Mar 13 00:15:42 CET 2026
#@# Merge ASeg Fri Mar 13 00:16:33 CET 2026
#@# Intensity Normalization2 Fri Mar 13 00:16:33 CET 2026
#@# Mask BFS Fri Mar 13 00:18:45 CET 2026
#@# WM Segmentation Fri Mar 13 00:18:46 CET 2026
#@# Fill Fri Mar 13 00:20:56 CET 2026
recon-all -s sub-v2s2x29079_ses-1 finished without error at Fri Mar 13 00:21:58 CET 2026



#New# invocation of recon-all 



status file for recon-all
Fri Mar 13 01:30:13 CET 2026
#@# white curv lh Fri Mar 13 01:30:13 CET 2026
#@# white area lh Fri Mar 13 01:30:13 CET 2026
#@# pial curv lh Fri Mar 13 01:30:13 CET 2026
#@# pial area lh Fri Mar 13 01:30:13 CET 2026
#@# thickness lh Fri Mar 13 01:30:13 CET 2026
#@# area and vertex vol lh Fri Mar 13 01:30:13 CET 2026
#@# white curv rh Fri Mar 13 01:30:13 CET 2026
#@# white area rh Fri Mar 13 01:30:13 CET 2026
#@# pial curv rh Fri Mar 13 01:30:13 CET 2026
#@# pial area rh Fri Mar 13 01:30:13 CET 2026
#@# thickness rh Fri Mar 13 01:30:13 CET 2026
#@# area and vertex vol rh Fri Mar 13 01:30:13 CET 2026
#@# Cortical ribbon mask Fri Mar 13 01:30:13 CET 2026
recon-all -s sub-v2s2x29079_ses-1 finished without error at Fri Mar 13 01:38:12 CET 2026



#New# invocation of recon-all 



status file for recon-all
Fri Mar 13 01:46:17 CET 2026
#@# white curv lh Fri Mar 13 01:46:17 CET 2026
#@# white area lh Fri Mar 13 01:46:17 CET 2026
#@# pial curv lh Fri Mar 13 01:46:17 CET 2026
#@# pial area lh Fri Mar 13 01:46:17 CET 2026
#@# thickness lh Fri Mar 13 01:46:17 CET 2026
#@# area and vertex vol lh Fri Mar 13 01:46:17 CET 2026
#@# white curv rh Fri Mar 13 01:46:17 CET 2026
#@# white area rh Fri Mar 13 01:46:17 CET 2026
#@# pial curv rh Fri Mar 13 01:46:17 CET 2026
#@# pial area rh Fri Mar 13 01:46:17 CET 2026
#@# thickness rh Fri Mar 13 01:46:17 CET 2026
#@# area and vertex vol rh Fri Mar 13 01:46:17 CET 2026
#@# Curvature Stats lh Fri Mar 13 01:46:17 CET 2026
#@# Curvature Stats rh Fri Mar 13 01:46:20 CET 2026
#@# Relabel Hypointensities Fri Mar 13 01:46:23 CET 2026
#@# APas-to-ASeg Fri Mar 13 01:46:42 CET 2026
#@# AParc-to-ASeg aparc Fri Mar 13 01:46:51 CET 2026
#@# AParc-to-ASeg aparc.a2009s Fri Mar 13 01:47:26 CET 2026
#@# AParc-to-ASeg aparc.DKTatlas Fri Mar 13 01:48:07 CET 2026
#@# WMParc Fri Mar 13 01:48:48 CET 2026
#@# ASeg Stats Fri Mar 13 01:52:31 CET 2026
recon-all -s sub-v2s2x29079_ses-1 finished without error at Fri Mar 13 01:53:18 CET 2026
