status file for recon-all
Fri Mar 13 00:54:51 CET 2026
#@# Tessellate rh Fri Mar 13 00:54:51 CET 2026
#@# Smooth1 rh Fri Mar 13 00:54:55 CET 2026
#@# Inflation1 rh Fri Mar 13 00:54:58 CET 2026
#@# QSphere rh Fri Mar 13 00:56:12 CET 2026
#@# Fix Topology rh Fri Mar 13 00:57:21 CET 2026
#@# Smooth2 rh Fri Mar 13 01:09:21 CET 2026
#@# Inflation2 rh Fri Mar 13 01:09:24 CET 2026
#@# Curv .H and .K rh Fri Mar 13 01:10:44 CET 2026
#@# Sphere rh Fri Mar 13 01:11:38 CET 2026
#@# Surf Reg rh Fri Mar 13 01:15:27 CET 2026
#@# Jacobian white rh Fri Mar 13 01:21:16 CET 2026
#@# AvgCurv rh Fri Mar 13 01:21:17 CET 2026
#@# Cortical Parc rh Fri Mar 13 01:21:18 CET 2026
#@# white curv rh Fri Mar 13 01:28:51 CET 2026
#@# white area rh Fri Mar 13 01:28:53 CET 2026
#@# pial curv rh Fri Mar 13 01:28:54 CET 2026
#@# pial area rh Fri Mar 13 01:28:56 CET 2026
#@# thickness rh Fri Mar 13 01:28:57 CET 2026
#@# area and vertex vol rh Fri Mar 13 01:29:32 CET 2026
#@# Curvature Stats rh Fri Mar 13 01:29:34 CET 2026
#@# Cortical Parc 2 rh Fri Mar 13 01:29:37 CET 2026
#@# Cortical Parc 3 rh Fri Mar 13 01:29:53 CET 2026
#@# WM/GM Contrast rh Fri Mar 13 01:30:04 CET 2026
recon-all -s sub-v2s2x29079_ses-1 finished without error at Fri Mar 13 01:30:09 CET 2026



#New# invocation of recon-all 



status file for recon-all
Fri Mar 13 01:42:13 CET 2026
#@# white curv rh Fri Mar 13 01:42:13 CET 2026
#@# white area rh Fri Mar 13 01:42:13 CET 2026
#@# pial curv rh Fri Mar 13 01:42:13 CET 2026
#@# pial area rh Fri Mar 13 01:42:13 CET 2026
#@# thickness rh Fri Mar 13 01:42:13 CET 2026
#@# area and vertex vol rh Fri Mar 13 01:42:13 CET 2026
#@# Parcellation Stats rh Fri Mar 13 01:42:13 CET 2026
#@# Parcellation Stats 2 rh Fri Mar 13 01:42:37 CET 2026
#@# Parcellation Stats 3 rh Fri Mar 13 01:42:49 CET 2026
#@# BA_exvivo Labels rh Fri Mar 13 01:43:00 CET 2026
recon-all -s sub-v2s2x29079_ses-1 finished without error at Fri Mar 13 01:46:12 CET 2026
