status file for recon-all
Fri Mar 13 00:22:02 CET 2026
#@# Tessellate lh Fri Mar 13 00:22:02 CET 2026
#@# Smooth1 lh Fri Mar 13 00:22:07 CET 2026
#@# Inflation1 lh Fri Mar 13 00:22:10 CET 2026
#@# QSphere lh Fri Mar 13 00:23:22 CET 2026
#@# Fix Topology lh Fri Mar 13 00:24:27 CET 2026
#@# Smooth2 lh Fri Mar 13 00:35:21 CET 2026
#@# Inflation2 lh Fri Mar 13 00:35:24 CET 2026
#@# Curv .H and .K lh Fri Mar 13 00:36:03 CET 2026
#@# Sphere lh Fri Mar 13 00:36:57 CET 2026
#@# Surf Reg lh Fri Mar 13 00:41:38 CET 2026
#@# Jacobian white lh Fri Mar 13 00:46:32 CET 2026
#@# AvgCurv lh Fri Mar 13 00:46:33 CET 2026
#@# Cortical Parc lh Fri Mar 13 00:46:34 CET 2026
#@# white curv lh Fri Mar 13 00:53:33 CET 2026
#@# white area lh Fri Mar 13 00:53:35 CET 2026
#@# pial curv lh Fri Mar 13 00:53:36 CET 2026
#@# pial area lh Fri Mar 13 00:53:38 CET 2026
#@# thickness lh Fri Mar 13 00:53:39 CET 2026
#@# area and vertex vol lh Fri Mar 13 00:54:13 CET 2026
#@# Curvature Stats lh Fri Mar 13 00:54:14 CET 2026
#@# Cortical Parc 2 lh Fri Mar 13 00:54:17 CET 2026
#@# Cortical Parc 3 lh Fri Mar 13 00:54:31 CET 2026
#@# WM/GM Contrast lh Fri Mar 13 00:54:43 CET 2026
recon-all -s sub-v2s2x29079_ses-1 finished without error at Fri Mar 13 00:54:48 CET 2026



#New# invocation of recon-all 



status file for recon-all
Fri Mar 13 01:38:18 CET 2026
#@# white curv lh Fri Mar 13 01:38:18 CET 2026
#@# white area lh Fri Mar 13 01:38:19 CET 2026
#@# pial curv lh Fri Mar 13 01:38:19 CET 2026
#@# pial area lh Fri Mar 13 01:38:19 CET 2026
#@# thickness lh Fri Mar 13 01:38:19 CET 2026
#@# area and vertex vol lh Fri Mar 13 01:38:19 CET 2026
#@# Parcellation Stats lh Fri Mar 13 01:38:19 CET 2026
#@# Parcellation Stats 2 lh Fri Mar 13 01:38:41 CET 2026
#@# Parcellation Stats 3 lh Fri Mar 13 01:38:53 CET 2026
#@# BA_exvivo Labels lh Fri Mar 13 01:39:05 CET 2026
recon-all -s sub-v2s2x29079_ses-1 finished without error at Fri Mar 13 01:42:10 CET 2026
