/out/sourcedata/freesurfer/sub-v2s2x29080_ses-1/mri
/opt/freesurfer/bin/talairach_avi
--i orig_nu.mgz --xfm transforms/talairach.auto.xfm
talairach_avi 7.3.2
Linux dna038 5.14.0-427.37.1.el9_4.x86_64 #1 SMP PREEMPT_DYNAMIC Fri Sep 13 12:41:50 EDT 2024 x86_64 x86_64 x86_64 GNU/Linux
Thu Mar 12 22:37:09 CET 2026
mri_convert orig_nu.mgz talsrcimg.img 
reading from orig_nu.mgz...
TR=0.00, TE=0.00, TI=0.00, flip angle=0.00
i_ras = (-1, 0, 0)
j_ras = (0, 0, -1)
k_ras = (0, 1, 0)
writing to talsrcimg.img...
Analyze Output Matrix
-0.89844   0.00000   0.00000   117.38441;
 0.00000   0.00000   0.89844  -142.26576;
 0.00000  -0.89844   0.00000   124.92231;
 0.00000   0.00000   0.00000   1.00000;
--------------------
INFO: set hdr.hist.orient to -1
mpr2mni305 talsrcimg
Thu Mar 12 22:37:10 CET 2026
/opt/freesurfer/bin/mpr2mni305 talsrcimg
mpr2mni305 7.3.2
target=711-2C_as_mni_average_305

---------------------------------------------------------------------
analyzeto4dfp talsrcimg -O0 -y
---------------------------------------------------------------------

freesurfer ifh2hdr.c
Thu Mar 12 22:37:10 2026
Writing: talsrcimg.4dfp.hdr
freesurfer analyzeto4dfp.c
Reading: talsrcimg.hdr
header size 348 bytes
hdr.dime.datatype	offset=70	value=2
hdr.dime.bitpix		offset=72	value=8
hdr.hist.orient		offset=252	value=-1
dimensionality     4
dimensions       256       256       256         1
Reading: talsrcimg.img
Writing: talsrcimg.4dfp.img
Writing: talsrcimg.4dfp.ifh
ifh2hdr talsrcimg -r0to255
ori=2

---------------------------------------------------------------------
gauss_4dfp talsrcimg 1.1
---------------------------------------------------------------------

freesurfer gauss_4dfp.c
Reading: talsrcimg.4dfp.img
Writing: talsrcimg_g11.4dfp.img
image dimensions 256 256 256 padded to 288 288 288
processing volume 1freesurfer ifh2hdr.c
Thu Mar 12 22:37:11 2026
Writing: talsrcimg_g11.4dfp.hdr

Writing: talsrcimg_g11.4dfp.ifh
including: talsrcimg.4dfp.img.rec in talsrcimg_g11.4dfp.img.rec

---------------------------------------------------------------------
imgreg_4dfp /opt/freesurfer/average/711-2C_as_mni_average_305 none talsrcimg_g11 none talsrcimg_to_711-2C_as_mni_average_305_t4 4355
---------------------------------------------------------------------

freesurfer imgreg_4dfp.c
/opt/freesurfer/average/711-2C_as_mni_average_305.4dfp.img
       256       256       256         1
  1.000000  1.000000  1.000000
orientation T byte_order littleendian
Reading image: /opt/freesurfer/average/711-2C_as_mni_average_305.4dfp.img
dimensions:      256       256       256
mmppix:       1.0000   -1.0000   -1.0000
center:     128.0000 -129.0000 -129.0000
talsrcimg_g11.4dfp.img
       256       256       256         1
  0.898438  0.898438  0.898438
orientation T byte_order littleendian
Reading image: talsrcimg_g11.4dfp.img
dimensions:      256       256       256
mmppix:       0.8984   -0.8984   -0.8984
center:     115.0001 -115.8985 -115.8985
t4_read: open error in t4_sub.f l:  41 t4_file(1:l)talsrcimg_to_711-2C_as_mni_average_305_t4 
t4_read: transform initialized to I4
rotation matrix determinant  1.000000
image alignment mode   4355 decimal     1103 hex
   -7.5000  -45.0000  -45.0000 6236.7988   10.2649
    0.0000  -45.0000  -45.0000 6293.2441   10.2945
    7.5000  -45.0000  -45.0000 5970.5547   10.3060
   -7.5000  -37.5000  -45.0000 6616.5522   10.8913
    0.0000  -37.5000  -45.0000 6688.7441   10.9291
    7.5000  -37.5000  -45.0000 6329.2388   10.9457
   -7.5000  -30.0000  -45.0000 7006.1899   11.2094
    0.0000  -30.0000  -45.0000 7080.5601   11.2589
    7.5000  -30.0000  -45.0000 6688.8481   11.2840
   -7.5000  -22.5000  -45.0000 7506.6299   11.2024
    0.0000  -22.5000  -45.0000 7589.4712   11.2558
    7.5000  -22.5000  -45.0000 7166.2612   11.2850
   -7.5000  -15.0000  -45.0000 7987.3208   11.2221
    0.0000  -15.0000  -45.0000 8073.1255   11.2689
    7.5000  -15.0000  -45.0000 7614.4106   11.2942
   -7.5000   -7.5000  -45.0000 8082.6470   11.2457
    0.0000   -7.5000  -45.0000 8156.8740   11.2827
    7.5000   -7.5000  -45.0000 7697.9458   11.3000
   -7.5000    0.0000  -45.0000 8070.9028   11.2525
    0.0000    0.0000  -45.0000 8136.1943   11.2849
    7.5000    0.0000  -45.0000 7688.5049   11.2975
   -7.5000    7.5000  -45.0000 7718.7646   11.2347
    0.0000    7.5000  -45.0000 7796.6479   11.2737
    7.5000    7.5000  -45.0000 7373.1714   11.2908
   -7.5000   15.0000  -45.0000 7440.8271   11.2094
    0.0000   15.0000  -45.0000 7504.2373   11.2589
    7.5000   15.0000  -45.0000 7085.9937   11.2840
   -7.5000   22.5000  -45.0000 6809.8242   11.0517
    0.0000   22.5000  -45.0000 6884.8877   11.1044
    7.5000   22.5000  -45.0000 6485.3906   11.1332
   -7.5000   30.0000  -45.0000 6260.4712   10.7759
    0.0000   30.0000  -45.0000 6329.8940   10.8209
    7.5000   30.0000  -45.0000 5945.1777   10.8452
   -7.5000   37.5000  -45.0000 5735.1816   10.6157
    0.0000   37.5000  -45.0000 5798.5063   10.6507
    7.5000   37.5000  -45.0000 5448.3481   10.6685
   -7.5000   45.0000  -45.0000 5208.9023   10.6210
    0.0000   45.0000  -45.0000 5246.7314   10.6513
    7.5000   45.0000  -45.0000 4930.0474   10.6654
   -7.5000  -45.0000  -37.5000 6832.2212   10.7382
    0.0000  -45.0000  -37.5000 6890.0083   10.7704
    7.5000  -45.0000  -37.5000 6521.4639   10.7818
   -7.5000  -37.5000  -37.5000 7236.3965   11.4007
    0.0000  -37.5000  -37.5000 7310.4048   11.4416
    7.5000  -37.5000  -37.5000 6902.4189   11.4607
   -7.5000  -30.0000  -37.5000 7660.4072   11.7167
    0.0000  -30.0000  -37.5000 7734.3770   11.7666
    7.5000  -30.0000  -37.5000 7293.2202   11.7963
   -7.5000  -22.5000  -37.5000 8172.0156   11.7097
    0.0000  -22.5000  -37.5000 8247.6650   11.7605
    7.5000  -22.5000  -37.5000 7771.7114   11.7939
   -7.5000  -15.0000  -37.5000 8643.1738   11.7271
    0.0000  -15.0000  -37.5000 8738.4141   11.7711
    7.5000  -15.0000  -37.5000 8239.5322   11.7981
   -7.5000   -7.5000  -37.5000 8740.7432   11.7493
    0.0000   -7.5000  -37.5000 8826.2910   11.7861
    7.5000   -7.5000  -37.5000 8330.9453   11.8031
   -7.5000    0.0000  -37.5000 8743.2520   11.7562
    0.0000    0.0000  -37.5000 8837.2559   11.7916
    7.5000    0.0000  -37.5000 8332.0176   11.8041
   -7.5000    7.5000  -37.5000 8366.4668   11.7395
    0.0000    7.5000  -37.5000 8459.5830   11.7815
    7.5000    7.5000  -37.5000 7974.4062   11.8012
   -7.5000   15.0000  -37.5000 8042.0972   11.7162
    0.0000   15.0000  -37.5000 8113.3740   11.7661
    7.5000   15.0000  -37.5000 7653.5498   11.7957
   -7.5000   22.5000  -37.5000 7337.7710   11.5532
    0.0000   22.5000  -37.5000 7396.4087   11.6032
    7.5000   22.5000  -37.5000 6974.8809   11.6362
   -7.5000   30.0000  -37.5000 6719.0620   11.2689
    0.0000   30.0000  -37.5000 6781.1660   11.3112
    7.5000   30.0000  -37.5000 6371.4053   11.3371
   -7.5000   37.5000  -37.5000 6137.3555   11.0971
    0.0000   37.5000  -37.5000 6183.2329   11.1325
    7.5000   37.5000  -37.5000 5817.3672   11.1503
   -7.5000   45.0000  -37.5000 5584.2598   11.0920
    0.0000   45.0000  -37.5000 5607.4927   11.1254
    7.5000   45.0000  -37.5000 5267.4004   11.1393
   -7.5000  -45.0000  -30.0000 7419.8418   11.1988
    0.0000  -45.0000  -30.0000 7483.7822   11.2335
    7.5000  -45.0000  -30.0000 7080.5420   11.2466
   -7.5000  -37.5000  -30.0000 7837.4263   11.9010
    0.0000  -37.5000  -30.0000 7917.4067   11.9436
    7.5000  -37.5000  -30.0000 7480.3672   11.9649
   -7.5000  -30.0000  -30.0000 8297.3965   12.2204
    0.0000  -30.0000  -30.0000 8366.1123   12.2689
    7.5000  -30.0000  -30.0000 7887.9434   12.2997
   -7.5000  -22.5000  -30.0000 8848.1924   12.2129
    0.0000  -22.5000  -30.0000 8915.2080   12.2602
    7.5000  -22.5000  -30.0000 8407.3965   12.2933
   -7.5000  -15.0000  -30.0000 9340.4521   12.2235
    0.0000  -15.0000  -30.0000 9414.7666   12.2646
    7.5000  -15.0000  -30.0000 8899.1670   12.2910
   -7.5000   -7.5000  -30.0000 9423.9121   12.2402
    0.0000   -7.5000  -30.0000 9493.7695   12.2771
    7.5000   -7.5000  -30.0000 8969.5732   12.2945
   -7.5000    0.0000  -30.0000 9435.2480   12.2478
    0.0000    0.0000  -30.0000 9513.6807   12.2857
    7.5000    0.0000  -30.0000 8976.5752   12.3001
   -7.5000    7.5000  -30.0000 9034.2178   12.2361
    0.0000    7.5000  -30.0000 9101.1270   12.2799
    7.5000    7.5000  -30.0000 8585.1885   12.3018
   -7.5000   15.0000  -30.0000 8657.5518   12.2187
    0.0000   15.0000  -30.0000 8707.5117   12.2672
    7.5000   15.0000  -30.0000 8224.2295   12.2980
   -7.5000   22.5000  -30.0000 7860.3843   12.0502
    0.0000   22.5000  -30.0000 7903.2197   12.0968
    7.5000   22.5000  -30.0000 7483.9756   12.1295
   -7.5000   30.0000  -30.0000 7187.7217   11.7545
    0.0000   30.0000  -30.0000 7225.0869   11.7940
    7.5000   30.0000  -30.0000 6811.5527   11.8194
   -7.5000   37.5000  -30.0000 6523.2490   11.5757
    0.0000   37.5000  -30.0000 6554.1050   11.6116
    7.5000   37.5000  -30.0000 6180.3218   11.6297
   -7.5000   45.0000  -30.0000 5914.7974   11.5698
    0.0000   45.0000  -30.0000 5941.2681   11.6064
    7.5000   45.0000  -30.0000 5592.9565   11.6217
   -7.5000  -45.0000  -22.5000 8013.9023   11.6096
    0.0000  -45.0000  -22.5000 8062.0298   11.6451
    7.5000  -45.0000  -22.5000 7631.8452   11.6594
   -7.5000  -37.5000  -22.5000 8458.3447   12.3479
    0.0000  -37.5000  -22.5000 8518.0596   12.3908
    7.5000  -37.5000  -22.5000 8070.5410   12.4120
   -7.5000  -30.0000  -22.5000 8937.9951   12.6657
    0.0000  -30.0000  -22.5000 8989.0791   12.7145
    7.5000  -30.0000  -22.5000 8503.8828   12.7421
   -7.5000  -22.5000  -22.5000 9524.5410   12.6557
    0.0000  -22.5000  -22.5000 9584.6621   12.7041
    7.5000  -22.5000  -22.5000 9054.1895   12.7326
   -7.5000  -15.0000  -22.500010058.7363   12.6634
    0.0000  -15.0000  -22.500010112.7256   12.7061
    7.5000  -15.0000  -22.5000 9555.0615   12.7294
   -7.5000   -7.5000  -22.500010123.9229   12.6797
    0.0000   -7.5000  -22.500010186.6084   12.7180
    7.5000   -7.5000  -22.5000 9640.9043   12.7349
   -7.5000    0.0000  -22.500010111.1807   12.6899
    0.0000    0.0000  -22.500010170.1719   12.7286
    7.5000    0.0000  -22.5000 9627.0801   12.7443
   -7.5000    7.5000  -22.5000 9640.1924   12.6797
    0.0000    7.5000  -22.5000 9681.6787   12.7238
    7.5000    7.5000  -22.5000 9160.9668   12.7455
   -7.5000   15.0000  -22.5000 9237.1738   12.6627
    0.0000   15.0000  -22.5000 9263.4863   12.7114
    7.5000   15.0000  -22.5000 8776.7109   12.7391
   -7.5000   22.5000  -22.5000 8369.6689   12.4882
    0.0000   22.5000  -22.5000 8391.6035   12.5360
    7.5000   22.5000  -22.5000 7974.1274   12.5641
   -7.5000   30.0000  -22.5000 7640.4688   12.1865
    0.0000   30.0000  -22.5000 7672.0400   12.2275
    7.5000   30.0000  -22.5000 7266.0933   12.2499
   -7.5000   37.5000  -22.5000 6899.4302   12.0086
    0.0000   37.5000  -22.5000 6946.5044   12.0456
    7.5000   37.5000  -22.5000 6552.5815   12.0628
   -7.5000   45.0000  -22.5000 6252.3486   12.0103
    0.0000   45.0000  -22.5000 6278.2129   12.0481
    7.5000   45.0000  -22.5000 5907.8423   12.0643
   -7.5000  -45.0000  -15.0000 8604.1338   12.0296
    0.0000  -45.0000  -15.0000 8676.4971   12.0637
    7.5000  -45.0000  -15.0000 8195.5771   12.0779
   -7.5000  -37.5000  -15.0000 9075.6992   12.7897
    0.0000  -37.5000  -15.0000 9150.6465   12.8324
    7.5000  -37.5000  -15.0000 8647.6846   12.8520
   -7.5000  -30.0000  -15.0000 9586.1943   13.1035
    0.0000  -30.0000  -15.0000 9647.4219   13.1563
    7.5000  -30.0000  -15.0000 9113.2803   13.1806
   -7.5000  -22.5000  -15.000010215.3291   13.0943
    0.0000  -22.5000  -15.000010298.2754   13.1497
    7.5000  -22.5000  -15.0000 9696.0928   13.1748
   -7.5000  -15.0000  -15.000010772.0977   13.1074
    0.0000  -15.0000  -15.000010850.0967   13.1559
    7.5000  -15.0000  -15.000010228.1953   13.1770
   -7.5000   -7.5000  -15.000010849.4131   13.1269
    0.0000   -7.5000  -15.000010920.9756   13.1668
    7.5000   -7.5000  -15.000010316.0928   13.1832
   -7.5000    0.0000  -15.000010814.3418   13.1362
    0.0000    0.0000  -15.000010890.6660   13.1734
    7.5000    0.0000  -15.000010289.8555   13.1889
   -7.5000    7.5000  -15.000010250.5264   13.1207
    0.0000    7.5000  -15.000010301.9658   13.1645
    7.5000    7.5000  -15.0000 9735.2207   13.1845
   -7.5000   15.0000  -15.0000 9801.2607   13.0995
    0.0000   15.0000  -15.0000 9842.9277   13.1522
    7.5000   15.0000  -15.0000 9336.4707   13.1765
   -7.5000   22.5000  -15.0000 8879.0332   12.9230
    0.0000   22.5000  -15.0000 8898.1943   12.9777
    7.5000   22.5000  -15.0000 8475.4766   13.0024
   -7.5000   30.0000  -15.0000 8084.6460   12.6232
    0.0000   30.0000  -15.0000 8102.0225   12.6698
    7.5000   30.0000  -15.0000 7698.3018   12.6903
   -7.5000   37.5000  -15.0000 7298.6743   12.4527
    0.0000   37.5000  -15.0000 7313.9644   12.4907
    7.5000   37.5000  -15.0000 6922.9443   12.5074
   -7.5000   45.0000  -15.0000 6588.6997   12.4605
    0.0000   45.0000  -15.0000 6615.8555   12.4963
    7.5000   45.0000  -15.0000 6241.6113   12.5126
   -7.5000  -45.0000   -7.5000 8906.3799   12.0362
    0.0000  -45.0000   -7.5000 8985.9971   12.0693
    7.5000  -45.0000   -7.5000 8479.7197   12.0827
   -7.5000  -37.5000   -7.5000 9399.0498   12.7916
    0.0000  -37.5000   -7.5000 9490.4453   12.8340
    7.5000  -37.5000   -7.5000 8945.4492   12.8520
   -7.5000  -30.0000   -7.5000 9927.0186   13.1014
    0.0000  -30.0000   -7.500010015.0039   13.1569
    7.5000  -30.0000   -7.5000 9438.9062   13.1807
   -7.5000  -22.5000   -7.500010581.7686   13.0939
    0.0000  -22.5000   -7.500010681.8945   13.1542
    7.5000  -22.5000   -7.500010034.9648   13.1804
   -7.5000  -15.0000   -7.500011160.3545   13.1130
    0.0000  -15.0000   -7.500011261.8662   13.1658
    7.5000  -15.0000   -7.500010559.0039   13.1888
   -7.5000   -7.5000   -7.500011248.6836   13.1360
    0.0000   -7.5000   -7.500011370.0088   13.1774
    7.5000   -7.5000   -7.500010664.0859   13.1946
   -7.5000    0.0000   -7.500011179.2275   13.1434
    0.0000    0.0000   -7.500011302.6934   13.1795
    7.5000    0.0000   -7.500010611.3672   13.1941
   -7.5000    7.5000   -7.500010544.3525   13.1226
    0.0000    7.5000   -7.500010630.5039   13.1661
    7.5000    7.5000   -7.500010011.7520   13.1846
   -7.5000   15.0000   -7.500010090.9277   13.0974
    0.0000   15.0000   -7.500010140.5098   13.1528
    7.5000   15.0000   -7.5000 9609.9053   13.1766
   -7.5000   22.5000   -7.5000 9126.1299   12.9226
    0.0000   22.5000   -7.5000 9142.1338   12.9821
    7.5000   22.5000   -7.5000 8694.4971   13.0080
   -7.5000   30.0000   -7.5000 8297.7627   12.6286
    0.0000   30.0000   -7.5000 8324.2246   12.6794
    7.5000   30.0000   -7.5000 7902.2300   12.7015
   -7.5000   37.5000   -7.5000 7493.1411   12.4623
    0.0000   37.5000   -7.5000 7502.4980   12.5014
    7.5000   37.5000   -7.5000 7101.4526   12.5191
   -7.5000   45.0000   -7.5000 6762.6050   12.4669
    0.0000   45.0000   -7.5000 6771.2002   12.5011
    7.5000   45.0000   -7.5000 6393.2520   12.5171
   -7.5000  -45.0000    0.0000 9040.3203   12.3350
    0.0000  -45.0000    0.0000 9120.8721   12.3700
    7.5000  -45.0000    0.0000 8610.9248   12.3830
   -7.5000  -37.5000    0.0000 9555.1465   13.1039
    0.0000  -37.5000    0.0000 9650.6270   13.1489
    7.5000  -37.5000    0.0000 9081.1211   13.1681
   -7.5000  -30.0000    0.000010114.6475   13.4124
    0.0000  -30.0000    0.000010212.0918   13.4709
    7.5000  -30.0000    0.0000 9610.9102   13.4996
   -7.5000  -22.5000    0.000010758.7041   13.4044
    0.0000  -22.5000    0.000010890.2744   13.4671
    7.5000  -22.5000    0.000010206.7979   13.5002
   -7.5000  -15.0000    0.000011321.5605   13.4243
    0.0000  -15.0000    0.000011467.2285   13.4790
    7.5000  -15.0000    0.000010702.9648   13.5073
   -7.5000   -7.5000    0.000011405.8809   13.4487
    0.0000   -7.5000    0.000011556.7998   13.4919
    7.5000   -7.5000    0.000010785.8174   13.5111
   -7.5000    0.0000    0.000011339.5605   13.4564
    0.0000    0.0000    0.000011476.3496   13.4945
    7.5000    0.0000    0.000010737.7061   13.5087
   -7.5000    7.5000    0.000010676.2168   13.4341
    0.0000    7.5000    0.000010769.6162   13.4803
    7.5000    7.5000    0.000010104.8652   13.5000
   -7.5000   15.0000    0.000010211.2568   13.4077
    0.0000   15.0000    0.000010282.0029   13.4661
    7.5000   15.0000    0.0000 9689.8867   13.4948
   -7.5000   22.5000    0.0000 9247.9160   13.2309
    0.0000   22.5000    0.0000 9290.4766   13.2928
    7.5000   22.5000    0.0000 8774.6572   13.3254
   -7.5000   30.0000    0.0000 8391.4609   12.9362
    0.0000   30.0000    0.0000 8459.6455   12.9889
    7.5000   30.0000    0.0000 7978.5684   13.0161
   -7.5000   37.5000    0.0000 7552.1694   12.7740
    0.0000   37.5000    0.0000 7599.3774   12.8150
    7.5000   37.5000    0.0000 7164.5044   12.8350
   -7.5000   45.0000    0.0000 6783.0464   12.7906
    0.0000   45.0000    0.0000 6819.0151   12.8265
    7.5000   45.0000    0.0000 6422.8286   12.8425
   -7.5000  -45.0000    7.5000 8786.1191   12.3253
    0.0000  -45.0000    7.5000 8892.0381   12.3613
    7.5000  -45.0000    7.5000 8376.8457   12.3746
   -7.5000  -37.5000    7.5000 9272.1123   13.0978
    0.0000  -37.5000    7.5000 9375.6602   13.1437
    7.5000  -37.5000    7.5000 8830.7939   13.1655
   -7.5000  -30.0000    7.5000 9923.0840   13.4093
    0.0000  -30.0000    7.500010037.3398   13.4654
    7.5000  -30.0000    7.5000 9413.6035   13.4987
   -7.5000  -22.5000    7.500010636.6631   13.3995
    0.0000  -22.5000    7.500010812.4395   13.4564
    7.5000  -22.5000    7.500010040.9121   13.4939
   -7.5000  -15.0000    7.500011168.8379   13.4139
    0.0000  -15.0000    7.500011340.4609   13.4631
    7.5000  -15.0000    7.500010502.5576   13.4935
   -7.5000   -7.5000    7.500011205.9111   13.4360
    0.0000   -7.5000    7.500011347.2480   13.4769
    7.5000   -7.5000    7.500010536.0840   13.4964
   -7.5000    0.0000    7.500011104.4541   13.4457
    0.0000    0.0000    7.500011240.1191   13.4850
    7.5000    0.0000    7.500010470.0518   13.4995
   -7.5000    7.5000    7.500010390.7207   13.4279
    0.0000    7.5000    7.500010500.5020   13.4750
    7.5000    7.5000    7.5000 9788.3301   13.4973
   -7.5000   15.0000    7.5000 9937.9453   13.4046
    0.0000   15.0000    7.500010030.5703   13.4606
    7.5000   15.0000    7.5000 9364.8916   13.4939
   -7.5000   22.5000    7.5000 8998.1699   13.2261
    0.0000   22.5000    7.5000 9070.4541   13.2823
    7.5000   22.5000    7.5000 8480.6650   13.3193
   -7.5000   30.0000    7.5000 8179.1299   12.9262
    0.0000   30.0000    7.5000 8249.9932   12.9735
    7.5000   30.0000    7.5000 7744.8638   13.0029
   -7.5000   37.5000    7.5000 7358.5913   12.7606
    0.0000   37.5000    7.5000 7411.0200   12.8002
    7.5000   37.5000    7.5000 6960.8994   12.8208
   -7.5000   45.0000    7.5000 6585.6831   12.7832
    0.0000   45.0000    7.5000 6628.9985   12.8206
    7.5000   45.0000    7.5000 6229.2461   12.8368
   -7.5000  -45.0000   15.0000 8858.8281   12.3211
    0.0000  -45.0000   15.0000 8937.6738   12.3589
    7.5000  -45.0000   15.0000 8446.8916   12.3734
   -7.5000  -37.5000   15.0000 9334.3457   13.0976
    0.0000  -37.5000   15.0000 9396.0762   13.1439
    7.5000  -37.5000   15.0000 8891.5068   13.1672
   -7.5000  -30.0000   15.000010028.8906   13.4131
    0.0000  -30.0000   15.000010218.1465   13.4656
    7.5000  -30.0000   15.0000 9475.6670   13.4991
   -7.5000  -22.5000   15.000010876.7695   13.4025
    0.0000  -22.5000   15.000011172.4600   13.4536
    7.5000  -22.5000   15.000010187.3086   13.4896
   -7.5000  -15.0000   15.000011501.8877   13.4118
    0.0000  -15.0000   15.000011762.1895   13.4564
    7.5000  -15.0000   15.000010715.5000   13.4852
   -7.5000   -7.5000   15.000011472.5205   13.4304
    0.0000   -7.5000   15.000011664.4707   13.4705
    7.5000   -7.5000   15.000010709.2607   13.4896
   -7.5000    0.0000   15.000011268.8145   13.4412
    0.0000    0.0000   15.000011404.4092   13.4825
    7.5000    0.0000   15.000010572.4795   13.4982
   -7.5000    7.5000   15.000010434.4873   13.4277
    0.0000    7.5000   15.000010534.9258   13.4752
    7.5000    7.5000   15.0000 9812.0879   13.4991
   -7.5000   15.0000   15.0000 9941.6025   13.4084
    0.0000   15.0000   15.000010017.9375   13.4609
    7.5000   15.0000   15.0000 9356.0801   13.4943
   -7.5000   22.5000   15.0000 9009.1895   13.2291
    0.0000   22.5000   15.0000 9075.0967   13.2795
    7.5000   22.5000   15.0000 8498.9258   13.3150
   -7.5000   30.0000   15.0000 8208.1035   12.9242
    0.0000   30.0000   15.0000 8270.7217   12.9671
    7.5000   30.0000   15.0000 7749.0854   12.9949
   -7.5000   37.5000   15.0000 7381.8071   12.7541
    0.0000   37.5000   15.0000 7441.0391   12.7934
    7.5000   37.5000   15.0000 6974.8413   12.8133
   -7.5000   45.0000   15.0000 6591.6211   12.7793
    0.0000   45.0000   15.0000 6646.5010   12.8194
    7.5000   45.0000   15.0000 6231.2969   12.8363
   -7.5000  -45.0000   22.5000 8473.3789   12.4171
    0.0000  -45.0000   22.5000 8566.3555   12.4555
    7.5000  -45.0000   22.5000 8043.1641   12.4711
   -7.5000  -37.5000   22.5000 8927.9043   13.2005
    0.0000  -37.5000   22.5000 9022.7803   13.2468
    7.5000  -37.5000   22.5000 8473.0635   13.2698
   -7.5000  -30.0000   22.5000 9513.0586   13.5199
    0.0000  -30.0000   22.5000 9680.6758   13.5723
    7.5000  -30.0000   22.5000 8993.3984   13.6022
   -7.5000  -22.5000   22.500010217.6221   13.5095
    0.0000  -22.5000   22.500010450.7949   13.5615
    7.5000  -22.5000   22.5000 9601.6436   13.5924
   -7.5000  -15.0000   22.500010863.2002   13.5181
    0.0000  -15.0000   22.500011093.1445   13.5640
    7.5000  -15.0000   22.500010159.1777   13.5893
   -7.5000   -7.5000   22.500010905.4121   13.5354
    0.0000   -7.5000   22.500011092.3477   13.5768
    7.5000   -7.5000   22.500010210.8613   13.5951
   -7.5000    0.0000   22.500010683.6162   13.5458
    0.0000    0.0000   22.500010806.5039   13.5878
    7.5000    0.0000   22.500010049.1025   13.6048
   -7.5000    7.5000   22.5000 9862.8477   13.5332
    0.0000    7.5000   22.5000 9944.0781   13.5807
    7.5000    7.5000   22.5000 9307.9600   13.6042
   -7.5000   15.0000   22.5000 9394.1123   13.5151
    0.0000   15.0000   22.5000 9441.7217   13.5675
    7.5000   15.0000   22.5000 8886.6953   13.5974
   -7.5000   22.5000   22.5000 8565.7529   13.3347
    0.0000   22.5000   22.5000 8593.2490   13.3860
    7.5000   22.5000   22.5000 8094.6133   13.4165
   -7.5000   30.0000   22.5000 7809.8076   13.0265
    0.0000   30.0000   22.5000 7847.8950   13.0708
    7.5000   30.0000   22.5000 7377.4199   13.0952
   -7.5000   37.5000   22.5000 7003.6221   12.8544
    0.0000   37.5000   22.5000 7031.1416   12.8946
    7.5000   37.5000   22.5000 6634.3003   12.9133
   -7.5000   45.0000   22.5000 6249.0957   12.8787
    0.0000   45.0000   22.5000 6269.5210   12.9198
    7.5000   45.0000   22.5000 5910.0298   12.9375
   -7.5000  -45.0000   30.0000 7970.9170   12.5230
    0.0000  -45.0000   30.0000 8016.6680   12.5595
    7.5000  -45.0000   30.0000 7573.6265   12.5740
   -7.5000  -37.5000   30.0000 8413.0596   13.3136
    0.0000  -37.5000   30.0000 8463.7070   13.3592
    7.5000  -37.5000   30.0000 8008.7041   13.3792
   -7.5000  -30.0000   30.0000 8933.0059   13.6349
    0.0000  -30.0000   30.0000 9013.7949   13.6910
    7.5000  -30.0000   30.0000 8498.7373   13.7165
   -7.5000  -22.5000   30.0000 9529.4492   13.6270
    0.0000  -22.5000   30.0000 9599.3262   13.6860
    7.5000  -22.5000   30.0000 9046.7354   13.7129
   -7.5000  -15.0000   30.000010078.4707   13.6418
    0.0000  -15.0000   30.000010127.2725   13.6936
    7.5000  -15.0000   30.0000 9549.8018   13.7165
   -7.5000   -7.5000   30.000010153.7656   13.6619
    0.0000   -7.5000   30.000010202.4668   13.7047
    7.5000   -7.5000   30.0000 9616.1494   13.7220
   -7.5000    0.0000   30.000010027.3623   13.6697
    0.0000    0.0000   30.000010086.4229   13.7096
    7.5000    0.0000   30.0000 9517.5381   13.7254
   -7.5000    7.5000   30.0000 9274.4561   13.6514
    0.0000    7.5000   30.0000 9329.0869   13.6982
    7.5000    7.5000   30.0000 8801.5840   13.7187
   -7.5000   15.0000   30.0000 8877.5039   13.6301
    0.0000   15.0000   30.0000 8904.6240   13.6862
    7.5000   15.0000   30.0000 8396.5791   13.7117
   -7.5000   22.5000   30.0000 8103.2607   13.4494
    0.0000   22.5000   30.0000 8132.0854   13.5077
    7.5000   22.5000   30.0000 7659.7598   13.5343
   -7.5000   30.0000   30.0000 7370.2417   13.1518
    0.0000   30.0000   30.0000 7413.0625   13.2017
    7.5000   30.0000   30.0000 6976.4971   13.2238
   -7.5000   37.5000   30.0000 6587.0469   12.9790
    0.0000   37.5000   30.0000 6634.6313   13.0197
    7.5000   37.5000   30.0000 6243.0552   13.0373
   -7.5000   45.0000   30.0000 5859.7041   12.9931
    0.0000   45.0000   30.0000 5900.7090   13.0318
    7.5000   45.0000   30.0000 5550.2422   13.0485
   -7.5000  -45.0000   37.5000 7455.1841   12.5758
    0.0000  -45.0000   37.5000 7503.4697   12.6141
    7.5000  -45.0000   37.5000 7112.5654   12.6290
   -7.5000  -37.5000   37.5000 7862.2876   13.3657
    0.0000  -37.5000   37.5000 7926.2856   13.4135
    7.5000  -37.5000   37.5000 7522.4023   13.4332
   -7.5000  -30.0000   37.5000 8321.3125   13.6745
    0.0000  -30.0000   37.5000 8383.4131   13.7355
    7.5000  -30.0000   37.5000 7951.7573   13.7620
   -7.5000  -22.5000   37.5000 8862.3682   13.6686
    0.0000  -22.5000   37.5000 8896.4600   13.7344
    7.5000  -22.5000   37.5000 8460.0059   13.7642
   -7.5000  -15.0000   37.5000 9351.6484   13.6913
    0.0000  -15.0000   37.5000 9377.1611   13.7497
    7.5000  -15.0000   37.5000 8922.3564   13.7762
   -7.5000   -7.5000   37.5000 9430.1094   13.7165
    0.0000   -7.5000   37.5000 9460.0430   13.7637
    7.5000   -7.5000   37.5000 8974.6348   13.7834
   -7.5000    0.0000   37.5000 9390.8066   13.7222
    0.0000    0.0000   37.5000 9398.6299   13.7640
    7.5000    0.0000   37.5000 8912.7139   13.7803
   -7.5000    7.5000   37.5000 8725.9980   13.6963
    0.0000    7.5000   37.5000 8738.5967   13.7453
    7.5000    7.5000   37.5000 8277.2412   13.7656
   -7.5000   15.0000   37.5000 8368.3633   13.6696
    0.0000   15.0000   37.5000 8385.9160   13.7305
    7.5000   15.0000   37.5000 7919.1802   13.7570
   -7.5000   22.5000   37.5000 7638.9087   13.4881
    0.0000   22.5000   37.5000 7667.6172   13.5531
    7.5000   22.5000   37.5000 7228.5073   13.5825
   -7.5000   30.0000   37.5000 6917.2236   13.1994
    0.0000   30.0000   37.5000 6949.5747   13.2557
    7.5000   30.0000   37.5000 6544.9814   13.2812
   -7.5000   37.5000   37.5000 6181.9521   13.0218
    0.0000   37.5000   37.5000 6206.7271   13.0661
    7.5000   37.5000   37.5000 5848.0259   13.0861
   -7.5000   45.0000   37.5000 5504.0332   13.0227
    0.0000   45.0000   37.5000 5527.7705   13.0622
    7.5000   45.0000   37.5000 5215.9233   13.0794
   -7.5000  -45.0000   45.0000 6936.0591   12.6398
    0.0000  -45.0000   45.0000 6997.2871   12.6810
    7.5000  -45.0000   45.0000 6634.6816   12.6927
   -7.5000  -37.5000   45.0000 7315.5869   13.4287
    0.0000  -37.5000   45.0000 7388.0605   13.4809
    7.5000  -37.5000   45.0000 7012.6855   13.4999
   -7.5000  -30.0000   45.0000 7747.0674   13.7229
    0.0000  -30.0000   45.0000 7805.3779   13.7896
    7.5000  -30.0000   45.0000 7404.9912   13.8191
   -7.5000  -22.5000   45.0000 8235.2217   13.7193
    0.0000  -22.5000   45.0000 8275.7119   13.7905
    7.5000  -22.5000   45.0000 7863.6016   13.8246
   -7.5000  -15.0000   45.0000 8678.8643   13.7476
    0.0000  -15.0000   45.0000 8713.0469   13.8103
    7.5000  -15.0000   45.0000 8291.2734   13.8386
   -7.5000   -7.5000   45.0000 8746.4531   13.7767
    0.0000   -7.5000   45.0000 8777.3506   13.8272
    7.5000   -7.5000   45.0000 8337.6875   13.8451
   -7.5000    0.0000   45.0000 8734.9795   13.7801
    0.0000    0.0000   45.0000 8753.6279   13.8251
    7.5000    0.0000   45.0000 8307.6621   13.8378
   -7.5000    7.5000   45.0000 8125.9775   13.7477
    0.0000    7.5000   45.0000 8146.5869   13.8012
    7.5000    7.5000   45.0000 7716.1597   13.8206
   -7.5000   15.0000   45.0000 7804.4717   13.7178
    0.0000   15.0000   45.0000 7824.3232   13.7844
    7.5000   15.0000   45.0000 7396.6313   13.8139
   -7.5000   22.5000   45.0000 7138.8281   13.5364
    0.0000   22.5000   45.0000 7161.9326   13.6067
    7.5000   22.5000   45.0000 6766.3101   13.6403
   -7.5000   30.0000   45.0000 6435.1646   13.2524
    0.0000   30.0000   45.0000 6470.8481   13.3128
    7.5000   30.0000   45.0000 6118.6221   13.3400
   -7.5000   37.5000   45.0000 5739.1777   13.0628
    0.0000   37.5000   45.0000 5776.3110   13.1109
    7.5000   37.5000   45.0000 5448.4609   13.1298
   -7.5000   45.0000   45.0000 5118.9380   13.0518
    0.0000   45.0000   45.0000 5148.3042   13.0946
    7.5000   45.0000   45.0000 4859.2476   13.1093

---------------------------------------------------------------------
imgreg_4dfp /opt/freesurfer/average/711-2C_as_mni_average_305 /opt/freesurfer/average/711-2B_as_mni_average_305_mask talsrcimg_g11 none talsrcimg_to_711-2C_as_mni_average_305_t4 4355
---------------------------------------------------------------------

freesurfer imgreg_4dfp.c
/opt/freesurfer/average/711-2C_as_mni_average_305.4dfp.img
       256       256       256         1
  1.000000  1.000000  1.000000
orientation T byte_order littleendian
Reading image: /opt/freesurfer/average/711-2C_as_mni_average_305.4dfp.img
dimensions:      256       256       256
mmppix:       1.0000   -1.0000   -1.0000
center:     128.0000 -129.0000 -129.0000
/opt/freesurfer/average/711-2B_as_mni_average_305_mask.4dfp.img
       256       256       256         1
  1.000000  1.000000  1.000000
orientation T byte_order littleendian
Reading mask: /opt/freesurfer/average/711-2B_as_mni_average_305_mask.4dfp.img (2306576 pixels)
talsrcimg_g11.4dfp.img
       256       256       256         1
  0.898438  0.898438  0.898438
orientation T byte_order littleendian
Reading image: talsrcimg_g11.4dfp.img
dimensions:      256       256       256
mmppix:       0.8984   -0.8984   -0.8984
center:     115.0001 -115.8985 -115.8985
rotation matrix determinant  1.000000
image alignment mode   4355 decimal     1103 hex
   -7.5000  -60.0000  -30.0000 2096.2246   13.2414
    0.0000  -60.0000  -30.0000 2112.1846   13.2367
    7.5000  -60.0000  -30.0000 2086.6309   13.3770
   -7.5000  -52.5000  -30.0000 2206.8611   12.1070
    0.0000  -52.5000  -30.0000 2223.9600   12.0702
    7.5000  -52.5000  -30.0000 2200.5901   12.2054
   -7.5000  -45.0000  -30.0000 2312.9724   11.3658
    0.0000  -45.0000  -30.0000 2329.9292   11.3355
    7.5000  -45.0000  -30.0000 2306.1616   11.4630
   -7.5000  -37.5000  -30.0000 2361.1528   10.7382
    0.0000  -37.5000  -30.0000 2381.2971   10.7047
    7.5000  -37.5000  -30.0000 2352.6912   10.8412
   -7.5000  -30.0000  -30.0000 2395.6670   10.2587
    0.0000  -30.0000  -30.0000 2415.7087   10.2187
    7.5000  -30.0000  -30.0000 2379.4604   10.3795
   -7.5000  -22.5000  -30.0000 2403.6836   10.0174
    0.0000  -22.5000  -30.0000 2421.4993    9.9828
    7.5000  -22.5000  -30.0000 2388.8521   10.1305
   -7.5000  -15.0000  -30.0000 2396.5847    9.9967
    0.0000  -15.0000  -30.0000 2414.7029    9.9286
    7.5000  -15.0000  -30.0000 2387.3987   10.0954
   -7.5000   -7.5000  -30.0000 2377.6848   10.1568
    0.0000   -7.5000  -30.0000 2395.6562   10.1119
    7.5000   -7.5000  -30.0000 2362.1545   10.2873
   -7.5000    0.0000  -30.0000 2345.0134   10.5635
    0.0000    0.0000  -30.0000 2361.4834   10.5144
    7.5000    0.0000  -30.0000 2329.0696   10.6908
   -7.5000    7.5000  -30.0000 2291.1282   11.1575
    0.0000    7.5000  -30.0000 2305.9739   11.1302
    7.5000    7.5000  -30.0000 2275.4758   11.2902
   -7.5000   15.0000  -30.0000 2209.2437   11.9891
    0.0000   15.0000  -30.0000 2222.9688   11.9748
    7.5000   15.0000  -30.0000 2189.9910   12.1425
   -7.5000   22.5000  -30.0000 2111.1299   13.0812
    0.0000   22.5000  -30.0000 2120.7517   13.0781
    7.5000   22.5000  -30.0000 2089.3357   13.2996
   -7.5000   30.0000  -30.0000 1995.3210   14.5748
    0.0000   30.0000  -30.0000 2001.1713   14.5831
    7.5000   30.0000  -30.0000 1966.3396   14.8063
   -7.5000  -60.0000  -22.5000 2208.0173   12.8631
    0.0000  -60.0000  -22.5000 2224.4338   12.8312
    7.5000  -60.0000  -22.5000 2192.3853   12.9435
   -7.5000  -52.5000  -22.5000 2321.6465   11.7167
    0.0000  -52.5000  -22.5000 2341.7603   11.6726
    7.5000  -52.5000  -22.5000 2312.5952   11.7965
   -7.5000  -45.0000  -22.5000 2434.0247   10.9640
    0.0000  -45.0000  -22.5000 2451.9280   10.9059
    7.5000  -45.0000  -22.5000 2425.0579   11.0219
   -7.5000  -37.5000  -22.5000 2489.3191   10.3091
    0.0000  -37.5000  -22.5000 2509.7139   10.2489
    7.5000  -37.5000  -22.5000 2484.8601   10.3854
   -7.5000  -30.0000  -22.5000 2534.5952    9.8451
    0.0000  -30.0000  -22.5000 2551.7959    9.7899
    7.5000  -30.0000  -22.5000 2519.5542    9.9524
   -7.5000  -22.5000  -22.5000 2555.9304    9.5692
    0.0000  -22.5000  -22.5000 2573.5815    9.5341
    7.5000  -22.5000  -22.5000 2539.1565    9.7019
   -7.5000  -15.0000  -22.5000 2559.4607    9.5213
    0.0000  -15.0000  -22.5000 2573.9858    9.4724
    7.5000  -15.0000  -22.5000 2539.2505    9.6400
   -7.5000   -7.5000  -22.5000 2540.9199    9.6943
    0.0000   -7.5000  -22.5000 2556.8850    9.6418
    7.5000   -7.5000  -22.5000 2517.7705    9.8286
   -7.5000    0.0000  -22.5000 2499.2212   10.1012
    0.0000    0.0000  -22.5000 2516.0527   10.0452
    7.5000    0.0000  -22.5000 2475.8535   10.2301
   -7.5000    7.5000  -22.5000 2438.4905   10.6836
    0.0000    7.5000  -22.5000 2452.7837   10.6462
    7.5000    7.5000  -22.5000 2413.4314   10.8177
   -7.5000   15.0000  -22.5000 2347.1946   11.4840
    0.0000   15.0000  -22.5000 2361.6865   11.4463
    7.5000   15.0000  -22.5000 2323.3484   11.6390
   -7.5000   22.5000  -22.5000 2239.8083   12.5345
    0.0000   22.5000  -22.5000 2250.6428   12.5168
    7.5000   22.5000  -22.5000 2217.0068   12.7270
   -7.5000   30.0000  -22.5000 2110.5767   13.9678
    0.0000   30.0000  -22.5000 2123.9509   13.9391
    7.5000   30.0000  -22.5000 2092.5061   14.1508
   -7.5000  -60.0000  -15.0000 2282.3191   12.3785
    0.0000  -60.0000  -15.0000 2301.4795   12.3399
    7.5000  -60.0000  -15.0000 2274.7793   12.4685
   -7.5000  -52.5000  -15.0000 2401.2798   11.2226
    0.0000  -52.5000  -15.0000 2423.1750   11.1673
    7.5000  -52.5000  -15.0000 2392.8960   11.2851
   -7.5000  -45.0000  -15.0000 2517.8235   10.4530
    0.0000  -45.0000  -15.0000 2538.6692   10.4024
    7.5000  -45.0000  -15.0000 2513.4292   10.5122
   -7.5000  -37.5000  -15.0000 2582.4087    9.8119
    0.0000  -37.5000  -15.0000 2608.0601    9.7647
    7.5000  -37.5000  -15.0000 2582.0710    9.8989
   -7.5000  -30.0000  -15.0000 2640.0420    9.3384
    0.0000  -30.0000  -15.0000 2658.0396    9.2845
    7.5000  -30.0000  -15.0000 2631.5330    9.4277
   -7.5000  -22.5000  -15.0000 2679.6882    9.0738
    0.0000  -22.5000  -15.0000 2699.2639    9.0325
    7.5000  -22.5000  -15.0000 2658.4614    9.1743
   -7.5000  -15.0000  -15.0000 2690.5049    9.0010
    0.0000  -15.0000  -15.0000 2710.1489    8.9611
    7.5000  -15.0000  -15.0000 2668.4255    9.1196
   -7.5000   -7.5000  -15.0000 2671.7593    9.1957
    0.0000   -7.5000  -15.0000 2689.7698    9.1403
    7.5000   -7.5000  -15.0000 2648.9033    9.3142
   -7.5000    0.0000  -15.0000 2631.2827    9.6099
    0.0000    0.0000  -15.0000 2652.4983    9.5427
    7.5000    0.0000  -15.0000 2607.7751    9.7035
   -7.5000    7.5000  -15.0000 2558.3052   10.1697
    0.0000    7.5000  -15.0000 2578.9016   10.1056
    7.5000    7.5000  -15.0000 2532.1726   10.2711
   -7.5000   15.0000  -15.0000 2456.0032   10.9495
    0.0000   15.0000  -15.0000 2474.7188   10.8807
    7.5000   15.0000  -15.0000 2434.0818   11.0518
   -7.5000   22.5000  -15.0000 2334.3528   11.9858
    0.0000   22.5000  -15.0000 2348.5059   11.9157
    7.5000   22.5000  -15.0000 2316.1511   12.1077
   -7.5000   30.0000  -15.0000 2198.1880   13.3439
    0.0000   30.0000  -15.0000 2214.0066   13.3052
    7.5000   30.0000  -15.0000 2181.5354   13.4996
   -7.5000  -60.0000   -7.5000 2317.5901   11.8118
    0.0000  -60.0000   -7.5000 2336.6982   11.7600
    7.5000  -60.0000   -7.5000 2312.3669   11.9004
   -7.5000  -52.5000   -7.5000 2434.9546   10.6565
    0.0000  -52.5000   -7.5000 2453.3442   10.6040
    7.5000  -52.5000   -7.5000 2432.9382   10.7362
   -7.5000  -45.0000   -7.5000 2560.3655    9.9025
    0.0000  -45.0000   -7.5000 2583.2224    9.8502
    7.5000  -45.0000   -7.5000 2561.3408    9.9635
   -7.5000  -37.5000   -7.5000 2641.8313    9.2659
    0.0000  -37.5000   -7.5000 2667.4888    9.2250
    7.5000  -37.5000   -7.5000 2641.0715    9.3464
   -7.5000  -30.0000   -7.5000 2708.1526    8.8005
    0.0000  -30.0000   -7.5000 2730.8442    8.7695
    7.5000  -30.0000   -7.5000 2702.9155    8.8904
   -7.5000  -22.5000   -7.5000 2762.0225    8.5389
    0.0000  -22.5000   -7.5000 2787.8943    8.5031
    7.5000  -22.5000   -7.5000 2744.9258    8.6430
   -7.5000  -15.0000   -7.5000 2785.3462    8.4835
    0.0000  -15.0000   -7.5000 2809.8054    8.4265
    7.5000  -15.0000   -7.5000 2757.3882    8.5952
   -7.5000   -7.5000   -7.5000 2768.8435    8.6884
    0.0000   -7.5000   -7.5000 2794.4670    8.6303
    7.5000   -7.5000   -7.5000 2746.4595    8.7885
   -7.5000    0.0000   -7.5000 2719.6089    9.0870
    0.0000    0.0000   -7.5000 2749.0042    9.0239
    7.5000    0.0000   -7.5000 2695.9685    9.1776
   -7.5000    7.5000   -7.5000 2635.4431    9.6311
    0.0000    7.5000   -7.5000 2662.0837    9.5693
    7.5000    7.5000   -7.5000 2615.7808    9.7241
   -7.5000   15.0000   -7.5000 2528.0325   10.3686
    0.0000   15.0000   -7.5000 2543.4031   10.3175
    7.5000   15.0000   -7.5000 2511.7883   10.4643
   -7.5000   22.5000   -7.5000 2389.4448   11.3903
    0.0000   22.5000   -7.5000 2400.6802   11.3262
    7.5000   22.5000   -7.5000 2372.4082   11.5006
   -7.5000   30.0000   -7.5000 2253.6265   12.7212
    0.0000   30.0000   -7.5000 2268.2295   12.6614
    7.5000   30.0000   -7.5000 2235.3240   12.8599
   -7.5000  -60.0000    0.0000 2346.4583   11.4918
    0.0000  -60.0000    0.0000 2365.5635   11.4582
    7.5000  -60.0000    0.0000 2342.7268   11.6302
   -7.5000  -52.5000    0.0000 2463.9397   10.3452
    0.0000  -52.5000    0.0000 2480.7495   10.2694
    7.5000  -52.5000    0.0000 2458.8281   10.4265
   -7.5000  -45.0000    0.0000 2600.2510    9.5808
    0.0000  -45.0000    0.0000 2621.2971    9.5100
    7.5000  -45.0000    0.0000 2597.4722    9.6529
   -7.5000  -37.5000    0.0000 2699.5857    8.9281
    0.0000  -37.5000    0.0000 2726.6194    8.8837
    7.5000  -37.5000    0.0000 2698.0227    8.9953
   -7.5000  -30.0000    0.0000 2781.9163    8.4733
    0.0000  -30.0000    0.0000 2805.2878    8.4411
    7.5000  -30.0000    0.0000 2775.3418    8.5541
   -7.5000  -22.5000    0.0000 2844.2969    8.2161
    0.0000  -22.5000    0.0000 2876.2595    8.1843
    7.5000  -22.5000    0.0000 2827.3562    8.3281
   -7.5000  -15.0000    0.0000 2878.7661    8.1424
    0.0000  -15.0000    0.0000 2909.4521    8.0946
    7.5000  -15.0000    0.0000 2847.2935    8.2700
   -7.5000   -7.5000    0.0000 2858.7449    8.3396
    0.0000   -7.5000    0.0000 2890.5381    8.2881
    7.5000   -7.5000    0.0000 2832.4990    8.4490
   -7.5000    0.0000    0.0000 2798.1252    8.7202
    0.0000    0.0000    0.0000 2830.1831    8.6580
    7.5000    0.0000    0.0000 2778.8237    8.8209
   -7.5000    7.5000    0.0000 2706.2478    9.2613
    0.0000    7.5000    0.0000 2731.1526    9.2026
    7.5000    7.5000    0.0000 2686.2371    9.3710
   -7.5000   15.0000    0.0000 2583.6604   10.0196
    0.0000   15.0000    0.0000 2604.9819    9.9509
    7.5000   15.0000    0.0000 2567.2964   10.1444
   -7.5000   22.5000    0.0000 2442.1892   11.0291
    0.0000   22.5000    0.0000 2459.2021   10.9565
    7.5000   22.5000    0.0000 2421.4077   11.1574
   -7.5000   30.0000    0.0000 2295.4126   12.3014
    0.0000   30.0000    0.0000 2318.8840   12.2326
    7.5000   30.0000    0.0000 2280.6653   12.4519
   -7.5000  -60.0000    7.5000 2349.5667   11.2932
    0.0000  -60.0000    7.5000 2367.1921   11.2310
    7.5000  -60.0000    7.5000 2350.0139   11.4184
   -7.5000  -52.5000    7.5000 2468.7021   10.1135
    0.0000  -52.5000    7.5000 2485.9199   10.0526
    7.5000  -52.5000    7.5000 2468.3652   10.2125
   -7.5000  -45.0000    7.5000 2610.3015    9.3147
    0.0000  -45.0000    7.5000 2632.9719    9.2729
    7.5000  -45.0000    7.5000 2607.0620    9.4225
   -7.5000  -37.5000    7.5000 2722.6353    8.6682
    0.0000  -37.5000    7.5000 2748.9104    8.6235
    7.5000  -37.5000    7.5000 2717.2749    8.7596
   -7.5000  -30.0000    7.5000 2825.9414    8.2559
    0.0000  -30.0000    7.5000 2851.2253    8.2240
    7.5000  -30.0000    7.5000 2816.0076    8.3322
   -7.5000  -22.5000    7.5000 2911.3870    8.0474
    0.0000  -22.5000    7.5000 2946.0574    8.0132
    7.5000  -22.5000    7.5000 2888.7039    8.1212
   -7.5000  -15.0000    7.5000 2954.4392    7.9377
    0.0000  -15.0000    7.5000 2996.8875    7.8965
    7.5000  -15.0000    7.5000 2911.6882    8.0371
   -7.5000   -7.5000    7.5000 2925.6179    8.1022
    0.0000   -7.5000    7.5000 2958.1682    8.0527
    7.5000   -7.5000    7.5000 2885.6938    8.2018
   -7.5000    0.0000    7.5000 2848.6821    8.4381
    0.0000    0.0000    7.5000 2877.9004    8.3933
    7.5000    0.0000    7.5000 2822.7427    8.5473
   -7.5000    7.5000    7.5000 2744.6208    8.9791
    0.0000    7.5000    7.5000 2772.8225    8.9273
    7.5000    7.5000    7.5000 2724.9990    9.0865
   -7.5000   15.0000    7.5000 2615.8103    9.7435
    0.0000   15.0000    7.5000 2638.8506    9.6804
    7.5000   15.0000    7.5000 2596.8423    9.8413
   -7.5000   22.5000    7.5000 2467.7063   10.7394
    0.0000   22.5000    7.5000 2490.3611   10.6584
    7.5000   22.5000    7.5000 2448.7576   10.8290
   -7.5000   30.0000    7.5000 2320.4128   11.9749
    0.0000   30.0000    7.5000 2342.0098   11.9126
    7.5000   30.0000    7.5000 2307.5522   12.1080
   -7.5000  -60.0000   15.0000 2342.5085   11.2891
    0.0000  -60.0000   15.0000 2357.9570   11.2142
    7.5000  -60.0000   15.0000 2339.3601   11.4071
   -7.5000  -52.5000   15.0000 2462.8064   10.0839
    0.0000  -52.5000   15.0000 2478.7659   10.0041
    7.5000  -52.5000   15.0000 2457.3115   10.1832
   -7.5000  -45.0000   15.0000 2606.5432    9.2638
    0.0000  -45.0000   15.0000 2622.2803    9.2037
    7.5000  -45.0000   15.0000 2600.2500    9.3601
   -7.5000  -37.5000   15.0000 2726.5400    8.5867
    0.0000  -37.5000   15.0000 2741.3276    8.5551
    7.5000  -37.5000   15.0000 2719.8672    8.6794
   -7.5000  -30.0000   15.0000 2840.1250    8.1768
    0.0000  -30.0000   15.0000 2863.8118    8.1566
    7.5000  -30.0000   15.0000 2829.0896    8.2540
   -7.5000  -22.5000   15.0000 2940.6194    8.0319
    0.0000  -22.5000   15.0000 2981.0752    8.0501
    7.5000  -22.5000   15.0000 2914.0090    8.0578
   -7.5000  -15.0000   15.0000 3001.7676    7.9511
    0.0000  -15.0000   15.0000 3054.7869    7.9571
    7.5000  -15.0000   15.0000 2950.0229    7.9914
   -7.5000   -7.5000   15.0000 2958.7834    8.0579
    0.0000   -7.5000   15.0000 3000.7090    8.0281
    7.5000   -7.5000   15.0000 2913.9639    8.1314
   -7.5000    0.0000   15.0000 2866.9536    8.3410
    0.0000    0.0000   15.0000 2895.5679    8.2976
    7.5000    0.0000   15.0000 2839.1965    8.4335
   -7.5000    7.5000   15.0000 2754.7959    8.8269
    0.0000    7.5000   15.0000 2782.0781    8.7763
    7.5000    7.5000   15.0000 2740.4521    8.9181
   -7.5000   15.0000   15.0000 2626.5208    9.5902
    0.0000   15.0000   15.0000 2646.0869    9.5141
    7.5000   15.0000   15.0000 2606.4614    9.6730
   -7.5000   22.5000   15.0000 2478.6401   10.5729
    0.0000   22.5000   15.0000 2496.2527   10.5050
    7.5000   22.5000   15.0000 2458.3049   10.6724
   -7.5000   30.0000   15.0000 2329.4099   11.8170
    0.0000   30.0000   15.0000 2344.6907   11.7584
    7.5000   30.0000   15.0000 2311.6343   11.9395
   -7.5000  -60.0000   22.5000 2329.0271   11.4184
    0.0000  -60.0000   22.5000 2346.6682   11.3344
    7.5000  -60.0000   22.5000 2323.1470   11.5586
   -7.5000  -52.5000   22.5000 2447.6133   10.2011
    0.0000  -52.5000   22.5000 2464.9932   10.1360
    7.5000  -52.5000   22.5000 2439.4185   10.3214
   -7.5000  -45.0000   22.5000 2594.9045    9.4024
    0.0000  -45.0000   22.5000 2608.4402    9.3480
    7.5000  -45.0000   22.5000 2578.7087    9.5001
   -7.5000  -37.5000   22.5000 2715.2610    8.7285
    0.0000  -37.5000   22.5000 2729.6111    8.6891
    7.5000  -37.5000   22.5000 2700.9512    8.8277
   -7.5000  -30.0000   22.5000 2833.3359    8.2851
    0.0000  -30.0000   22.5000 2853.4788    8.2684
    7.5000  -30.0000   22.5000 2812.6785    8.3614
   -7.5000  -22.5000   22.5000 2927.9397    8.0646
    0.0000  -22.5000   22.5000 2963.3008    8.0818
    7.5000  -22.5000   22.5000 2894.2253    8.1257
   -7.5000  -15.0000   22.5000 2975.6201    8.0215
    0.0000  -15.0000   22.5000 3021.7468    8.0052
    7.5000  -15.0000   22.5000 2925.9814    8.0811
   -7.5000   -7.5000   22.5000 2935.9453    8.1804
    0.0000   -7.5000   22.5000 2976.6533    8.1349
    7.5000   -7.5000   22.5000 2896.7085    8.2313
   -7.5000    0.0000   22.5000 2847.8374    8.4334
    0.0000    0.0000   22.5000 2874.8826    8.3766
    7.5000    0.0000   22.5000 2820.7842    8.5055
   -7.5000    7.5000   22.5000 2740.4436    8.8944
    0.0000    7.5000   22.5000 2762.1484    8.8328
    7.5000    7.5000   22.5000 2723.4622    8.9808
   -7.5000   15.0000   22.5000 2608.1812    9.6248
    0.0000   15.0000   22.5000 2626.1042    9.5356
    7.5000   15.0000   22.5000 2593.8564    9.7010
   -7.5000   22.5000   22.5000 2469.7373   10.5609
    0.0000   22.5000   22.5000 2479.4678   10.4778
    7.5000   22.5000   22.5000 2450.1433   10.6458
   -7.5000   30.0000   22.5000 2320.2788   11.7404
    0.0000   30.0000   22.5000 2331.7229   11.6788
    7.5000   30.0000   22.5000 2303.9802   11.8659
   -7.5000  -60.0000   30.0000 2306.4924   11.7280
    0.0000  -60.0000   30.0000 2327.7620   11.6465
    7.5000  -60.0000   30.0000 2298.7878   11.9065
   -7.5000  -52.5000   30.0000 2425.0977   10.5067
    0.0000  -52.5000   30.0000 2443.6782   10.4216
    7.5000  -52.5000   30.0000 2412.4963   10.6549
   -7.5000  -45.0000   30.0000 2573.5896    9.6957
    0.0000  -45.0000   30.0000 2588.2778    9.6004
    7.5000  -45.0000   30.0000 2555.5886    9.8019
   -7.5000  -37.5000   30.0000 2693.9116    9.0090
    0.0000  -37.5000   30.0000 2711.0012    8.9361
    7.5000  -37.5000   30.0000 2678.2007    9.1025
   -7.5000  -30.0000   30.0000 2802.8867    8.5419
    0.0000  -30.0000   30.0000 2824.4094    8.4965
    7.5000  -30.0000   30.0000 2786.5955    8.6356
   -7.5000  -22.5000   30.0000 2879.2542    8.2757
    0.0000  -22.5000   30.0000 2907.5859    8.2246
    7.5000  -22.5000   30.0000 2851.5918    8.3708
   -7.5000  -15.0000   30.0000 2910.5444    8.2141
    0.0000  -15.0000   30.0000 2941.0496    8.1400
    7.5000  -15.0000   30.0000 2878.7974    8.3066
   -7.5000   -7.5000   30.0000 2878.4529    8.3876
    0.0000   -7.5000   30.0000 2908.6028    8.3096
    7.5000   -7.5000   30.0000 2851.3630    8.4587
   -7.5000    0.0000   30.0000 2793.6863    8.7012
    0.0000    0.0000   30.0000 2823.0447    8.6163
    7.5000    0.0000   30.0000 2778.9653    8.7631
   -7.5000    7.5000   30.0000 2689.0332    9.1620
    0.0000    7.5000   30.0000 2713.9863    9.0789
    7.5000    7.5000   30.0000 2676.9890    9.2390
   -7.5000   15.0000   30.0000 2573.1213    9.8327
    0.0000   15.0000   30.0000 2587.5076    9.7484
    7.5000   15.0000   30.0000 2556.7668    9.9068
   -7.5000   22.5000   30.0000 2440.6169   10.6917
    0.0000   22.5000   30.0000 2450.7883   10.6132
    7.5000   22.5000   30.0000 2421.4697   10.7928
   -7.5000   30.0000   30.0000 2292.0664   11.8393
    0.0000   30.0000   30.0000 2305.4065   11.7739
    7.5000   30.0000   30.0000 2278.2031   11.9558
   -7.5000  -60.0000   37.5000 2273.0896   12.1747
    0.0000  -60.0000   37.5000 2294.0251   12.1023
    7.5000  -60.0000   37.5000 2261.8862   12.3805
   -7.5000  -52.5000   37.5000 2395.7825   10.9337
    0.0000  -52.5000   37.5000 2412.6357   10.8295
    7.5000  -52.5000   37.5000 2378.6702   11.1053
   -7.5000  -45.0000   37.5000 2539.0554   10.1212
    0.0000  -45.0000   37.5000 2558.9983    9.9993
    7.5000  -45.0000   37.5000 2522.9331   10.2208
   -7.5000  -37.5000   37.5000 2653.6882    9.4130
    0.0000  -37.5000   37.5000 2676.3716    9.3214
    7.5000  -37.5000   37.5000 2643.4377    9.5275
   -7.5000  -30.0000   37.5000 2749.7690    8.9069
    0.0000  -30.0000   37.5000 2771.1140    8.8399
    7.5000  -30.0000   37.5000 2734.3264    9.0256
   -7.5000  -22.5000   37.5000 2812.6157    8.6182
    0.0000  -22.5000   37.5000 2835.6528    8.5404
    7.5000  -22.5000   37.5000 2789.8730    8.7441
   -7.5000  -15.0000   37.5000 2830.6724    8.5648
    0.0000  -15.0000   37.5000 2848.9561    8.4943
    7.5000  -15.0000   37.5000 2806.9907    8.6860
   -7.5000   -7.5000   37.5000 2795.9751    8.7284
    0.0000   -7.5000   37.5000 2819.9758    8.6660
    7.5000   -7.5000   37.5000 2776.3088    8.8332
   -7.5000    0.0000   37.5000 2720.8794    9.0762
    0.0000    0.0000   37.5000 2738.3572    8.9949
    7.5000    0.0000   37.5000 2701.7974    9.1418
   -7.5000    7.5000   37.5000 2626.5823    9.5405
    0.0000    7.5000   37.5000 2644.8821    9.4497
    7.5000    7.5000   37.5000 2611.1860    9.6252
   -7.5000   15.0000   37.5000 2517.0205   10.1887
    0.0000   15.0000   37.5000 2532.9963   10.1288
    7.5000   15.0000   37.5000 2500.0188   10.3005
   -7.5000   22.5000   37.5000 2389.9922   11.0414
    0.0000   22.5000   37.5000 2404.6113   10.9755
    7.5000   22.5000   37.5000 2377.5544   11.1522
   -7.5000   30.0000   37.5000 2243.8511   12.1775
    0.0000   30.0000   37.5000 2257.9895   12.0702
    7.5000   30.0000   37.5000 2232.8735   12.2706
   -7.5000  -60.0000   45.0000 2212.5862   12.6795
    0.0000  -60.0000   45.0000 2232.9792   12.5457
    7.5000  -60.0000   45.0000 2202.5164   12.8857
   -7.5000  -52.5000   45.0000 2336.0808   11.4284
    0.0000  -52.5000   45.0000 2356.7578   11.2825
    7.5000  -52.5000   45.0000 2319.3574   11.5707
   -7.5000  -45.0000   45.0000 2470.2742   10.5919
    0.0000  -45.0000   45.0000 2494.8167   10.4622
    7.5000  -45.0000   45.0000 2457.6375   10.6896
   -7.5000  -37.5000   45.0000 2576.7991    9.8550
    0.0000  -37.5000   45.0000 2606.3765    9.7602
    7.5000  -37.5000   45.0000 2571.2883    9.9860
   -7.5000  -30.0000   45.0000 2660.1431    9.3480
    0.0000  -30.0000   45.0000 2686.7004    9.2626
    7.5000  -30.0000   45.0000 2648.8167    9.4825
   -7.5000  -22.5000   45.0000 2710.4255    9.0652
    0.0000  -22.5000   45.0000 2732.8059    8.9885
    7.5000  -22.5000   45.0000 2690.3513    9.2071
   -7.5000  -15.0000   45.0000 2715.8782    8.9973
    0.0000  -15.0000   45.0000 2735.3066    8.9311
    7.5000  -15.0000   45.0000 2701.1792    9.1331
   -7.5000   -7.5000   45.0000 2677.4470    9.1737
    0.0000   -7.5000   45.0000 2699.5996    9.0886
    7.5000   -7.5000   45.0000 2662.2688    9.2567
   -7.5000    0.0000   45.0000 2612.7292    9.4977
    0.0000    0.0000   45.0000 2630.6123    9.4183
    7.5000    0.0000   45.0000 2598.2485    9.5752
   -7.5000    7.5000   45.0000 2526.8135    9.9765
    0.0000    7.5000   45.0000 2541.8462    9.8939
    7.5000    7.5000   45.0000 2515.0488   10.0629
   -7.5000   15.0000   45.0000 2428.8577   10.5949
    0.0000   15.0000   45.0000 2440.9941   10.5377
    7.5000   15.0000   45.0000 2413.5864   10.6951
   -7.5000   22.5000   45.0000 2311.9897   11.4687
    0.0000   22.5000   45.0000 2322.4993   11.4128
    7.5000   22.5000   45.0000 2300.1130   11.5858
   -7.5000   30.0000   45.0000 2164.2637   12.5866
    0.0000   30.0000   45.0000 2178.8123   12.5418
    7.5000   30.0000   45.0000 2159.8982   12.7399
   -7.5000  -60.0000   52.5000 2133.7937   13.1944
    0.0000  -60.0000   52.5000 2154.4294   13.0691
    7.5000  -60.0000   52.5000 2119.7856   13.3857
   -7.5000  -52.5000   52.5000 2253.0122   11.9202
    0.0000  -52.5000   52.5000 2275.4719   11.7936
    7.5000  -52.5000   52.5000 2236.4902   12.0632
   -7.5000  -45.0000   52.5000 2376.4426   11.0730
    0.0000  -45.0000   52.5000 2399.6790   10.9550
    7.5000  -45.0000   52.5000 2363.8240   11.1706
   -7.5000  -37.5000   52.5000 2475.3137   10.3261
    0.0000  -37.5000   52.5000 2500.5488   10.2383
    7.5000  -37.5000   52.5000 2464.4387   10.4516
   -7.5000  -30.0000   52.5000 2546.0137    9.8393
    0.0000  -30.0000   52.5000 2570.7593    9.7492
    7.5000  -30.0000   52.5000 2528.8975    9.9730
   -7.5000  -22.5000   52.5000 2582.7739    9.5337
    0.0000  -22.5000   52.5000 2601.8584    9.4587
    7.5000  -22.5000   52.5000 2563.2437    9.6852
   -7.5000  -15.0000   52.5000 2581.4924    9.4660
    0.0000  -15.0000   52.5000 2598.9758    9.4030
    7.5000  -15.0000   52.5000 2567.9392    9.6005
   -7.5000   -7.5000   52.5000 2542.3489    9.6136
    0.0000   -7.5000   52.5000 2562.2483    9.5493
    7.5000   -7.5000   52.5000 2533.2222    9.7176
   -7.5000    0.0000   52.5000 2488.8013    9.9327
    0.0000    0.0000   52.5000 2505.4663    9.8513
    7.5000    0.0000   52.5000 2475.9805   10.0294
   -7.5000    7.5000   52.5000 2409.3503   10.3991
    0.0000    7.5000   52.5000 2425.8354   10.3207
    7.5000    7.5000   52.5000 2396.3293   10.5099
   -7.5000   15.0000   52.5000 2319.7034   11.0003
    0.0000   15.0000   52.5000 2327.6074   10.9391
    7.5000   15.0000   52.5000 2302.3472   11.1132
   -7.5000   22.5000   52.5000 2206.8782   11.8807
    0.0000   22.5000   52.5000 2216.7817   11.8172
    7.5000   22.5000   52.5000 2190.6274   12.0112
   -7.5000   30.0000   52.5000 2066.8269   13.0316
    0.0000   30.0000   52.5000 2084.3933   12.9677
    7.5000   30.0000   52.5000 2057.4314   13.1546
   -7.5000  -60.0000   60.0000 2080.0286   14.1455
    0.0000  -60.0000   60.0000 2097.4509   14.0598
    7.5000  -60.0000   60.0000 2060.6194   14.3730
   -7.5000  -52.5000   60.0000 2192.3826   12.8188
    0.0000  -52.5000   60.0000 2213.5059   12.7067
    7.5000  -52.5000   60.0000 2173.6863   12.9658
   -7.5000  -45.0000   60.0000 2306.4495   11.8907
    0.0000  -45.0000   60.0000 2331.4812   11.8117
    7.5000  -45.0000   60.0000 2293.5867   12.0026
   -7.5000  -37.5000   60.0000 2398.0867   11.1288
    0.0000  -37.5000   60.0000 2422.0256   11.0454
    7.5000  -37.5000   60.0000 2384.7517   11.2571
   -7.5000  -30.0000   60.0000 2456.2461   10.6108
    0.0000  -30.0000   60.0000 2480.7688   10.5448
    7.5000  -30.0000   60.0000 2439.7197   10.7746
   -7.5000  -22.5000   60.0000 2487.0535   10.3224
    0.0000  -22.5000   60.0000 2500.3203   10.2642
    7.5000  -22.5000   60.0000 2465.3506   10.4764
   -7.5000  -15.0000   60.0000 2480.2563   10.2691
    0.0000  -15.0000   60.0000 2493.8665   10.2041
    7.5000  -15.0000   60.0000 2465.2336   10.3790
   -7.5000   -7.5000   60.0000 2448.7007   10.3664
    0.0000   -7.5000   60.0000 2464.6672   10.2915
    7.5000   -7.5000   60.0000 2437.0298   10.4518
   -7.5000    0.0000   60.0000 2401.6216   10.6667
    0.0000    0.0000   60.0000 2418.9380   10.5737
    7.5000    0.0000   60.0000 2385.6772   10.7684
   -7.5000    7.5000   60.0000 2330.1643   11.1348
    0.0000    7.5000   60.0000 2344.6084   11.0451
    7.5000    7.5000   60.0000 2314.4001   11.2403
   -7.5000   15.0000   60.0000 2239.5667   11.7447
    0.0000   15.0000   60.0000 2248.4883   11.6857
    7.5000   15.0000   60.0000 2224.2393   11.8863
   -7.5000   22.5000   60.0000 2126.9614   12.6299
    0.0000   22.5000   60.0000 2135.3538   12.5590
    7.5000   22.5000   60.0000 2110.1775   12.7405
   -7.5000   30.0000   60.0000 1996.1609   13.8207
    0.0000   30.0000   60.0000 2008.1665   13.7361
    7.5000   30.0000   60.0000 1981.5165   13.9182

---------------------------------------------------------------------
imgreg_4dfp /opt/freesurfer/average/711-2C_as_mni_average_305 /opt/freesurfer/average/711-2B_as_mni_average_305_mask talsrcimg_g11 none talsrcimg_to_711-2C_as_mni_average_305_t4 1283
---------------------------------------------------------------------

freesurfer imgreg_4dfp.c
/opt/freesurfer/average/711-2C_as_mni_average_305.4dfp.img
       256       256       256         1
  1.000000  1.000000  1.000000
orientation T byte_order littleendian
Reading image: /opt/freesurfer/average/711-2C_as_mni_average_305.4dfp.img
dimensions:      256       256       256
mmppix:       1.0000   -1.0000   -1.0000
center:     128.0000 -129.0000 -129.0000
/opt/freesurfer/average/711-2B_as_mni_average_305_mask.4dfp.img
       256       256       256         1
  1.000000  1.000000  1.000000
orientation T byte_order littleendian
Reading mask: /opt/freesurfer/average/711-2B_as_mni_average_305_mask.4dfp.img (2306576 pixels)
talsrcimg_g11.4dfp.img
       256       256       256         1
  0.898438  0.898438  0.898438
orientation T byte_order littleendian
Reading image: talsrcimg_g11.4dfp.img
dimensions:      256       256       256
mmppix:       0.8984   -0.8984   -0.8984
center:     115.0001 -115.8985 -115.8985
rotation matrix determinant  1.000000
fimgreg.f
image alignment mode   1283 decimal      503 hex
parameters
    0.0000  -15.0000   15.0000    0.0000    0.0000    0.0000
eta,q 0.95752  7.96282
niter,ni,del,rscale     5    3   12.0000    1.2000
parameter  4  0.670593 ->  0.500000 qaram    1.1500
parameters
   -1.3595  -14.4603   15.9600   -3.4500    0.8714    0.4567
eta,q 0.96236  7.94465
  0.0540  0.0556  0.0545  0.0403  0.0498  0.0477
  0.0451  0.0469  0.0476  0.0381  0.0443  0.0433
  0.0410  0.0427  0.0425  0.0389  0.0403  0.0396
  0.0428  0.0409  0.0408  0.0411  0.0381  0.0377
  0.0494  0.0411  0.0422  0.0445  0.0378  0.0381
  0.0582  0.0446  0.0443  0.0478  0.0403  0.0409
  0.0675  0.0507  0.0471  0.0514  0.0449  0.0456
niter,ni,del,rscale     5    3   12.0000    1.2000
parameters
   -1.5246  -13.0210   15.6190   -3.5852    1.0258    0.3120
eta,q 0.96298  7.92077
  0.0593  0.0613  0.0480  0.0475  0.0472  0.0450
  0.0474  0.0520  0.0417  0.0418  0.0424  0.0405
  0.0392  0.0422  0.0377  0.0376  0.0390  0.0377
  0.0376  0.0375  0.0374  0.0371  0.0371  0.0370
  0.0423  0.0378  0.0402  0.0390  0.0376  0.0382
  0.0508  0.0407  0.0443  0.0430  0.0414  0.0413
  0.0596  0.0465  0.0493  0.0475  0.0468  0.0456
niter,ni,del,rscale     4    3   12.0000    1.2000
parameters
   -1.6481  -12.8728   15.5771   -3.6533    1.1284    0.2782
eta,q 0.96306  7.91838
  0.0603  0.0547  0.0492  0.0476  0.0472  0.0453
  0.0479  0.0444  0.0426  0.0419  0.0424  0.0407
  0.0390  0.0378  0.0380  0.0376  0.0388  0.0377
  0.0370  0.0369  0.0370  0.0370  0.0370  0.0369
  0.0417  0.0392  0.0396  0.0387  0.0376  0.0380
  0.0509  0.0441  0.0437  0.0427  0.0416  0.0410
  0.0604  0.0519  0.0485  0.0473  0.0470  0.0453
niter,ni,del,rscale     3    3   12.0000    1.2000
parameters
   -1.6933  -12.8402   15.5625   -3.6690    1.1668    0.2706
eta,q 0.96309  7.91765
  0.0610  0.0541  0.0494  0.0477  0.0471  0.0454
  0.0485  0.0437  0.0427  0.0421  0.0422  0.0407
  0.0393  0.0375  0.0379  0.0377  0.0387  0.0377
  0.0369  0.0369  0.0369  0.0369  0.0369  0.0369
  0.0413  0.0393  0.0395  0.0385  0.0377  0.0380
  0.0505  0.0445  0.0436  0.0426  0.0418  0.0410
  0.0601  0.0524  0.0485  0.0472  0.0473  0.0452
registration optimization eta report
parameter search radius
    6.0000    6.0000    6.0000    6.9000    6.0000    6.0000
100000*second partial in parameter space
       64.       46.       32.       22.       28.       23.
  0.0610  0.0541  0.0494  0.0477  0.0471  0.0454
  0.0485  0.0437  0.0427  0.0421  0.0422  0.0407
  0.0393  0.0375  0.0379  0.0377  0.0387  0.0377
  0.0369  0.0369  0.0369  0.0369  0.0369  0.0369
  0.0413  0.0393  0.0395  0.0385  0.0377  0.0380
  0.0505  0.0445  0.0436  0.0426  0.0418  0.0410
  0.0601  0.0524  0.0485  0.0472  0.0473  0.0452
   -1.6933  -12.8402   15.5625   -3.6690    1.1668    0.2706
eta,q 0.96309  7.91765

---------------------------------------------------------------------
imgreg_4dfp /opt/freesurfer/average/711-2C_as_mni_average_305 /opt/freesurfer/average/711-2B_as_mni_average_305_mask talsrcimg_g11 none talsrcimg_to_711-2C_as_mni_average_305_t4 3335
---------------------------------------------------------------------

freesurfer imgreg_4dfp.c
/opt/freesurfer/average/711-2C_as_mni_average_305.4dfp.img
       256       256       256         1
  1.000000  1.000000  1.000000
orientation T byte_order littleendian
Reading image: /opt/freesurfer/average/711-2C_as_mni_average_305.4dfp.img
dimensions:      256       256       256
mmppix:       1.0000   -1.0000   -1.0000
center:     128.0000 -129.0000 -129.0000
/opt/freesurfer/average/711-2B_as_mni_average_305_mask.4dfp.img
       256       256       256         1
  1.000000  1.000000  1.000000
orientation T byte_order littleendian
Reading mask: /opt/freesurfer/average/711-2B_as_mni_average_305_mask.4dfp.img (2306576 pixels)
talsrcimg_g11.4dfp.img
       256       256       256         1
  0.898438  0.898438  0.898438
orientation T byte_order littleendian
Reading image: talsrcimg_g11.4dfp.img
dimensions:      256       256       256
mmppix:       0.8984   -0.8984   -0.8984
center:     115.0001 -115.8985 -115.8985
fimgreg.f
image alignment mode   3335 decimal      D07 hex
parameters
   -1.6933  -12.8402   15.5625   -0.0219   -0.2055   -0.2257
   -0.3410   -2.0624    0.4722    6.3896    2.0364   -6.3980
eta,q 0.96194  7.98831
niter,ni,del,rscale     5    3    5.0000    1.2000
parameter  4  0.524937 ->  0.500000 qaram    1.1500
parameter  5  1.885201 ->  0.500000 qaram    1.1500
parameter  6  0.616734 ->  0.500000 qaram    1.1500
parameters
   -1.8220  -12.9970   15.7629   -4.1619   -4.3455   -4.3657
    0.3412   -1.7894    2.2409    3.4469    0.7304   -8.4763
eta,q 0.96878  7.57698
  0.0417  0.0402  0.0406  0.0377  0.0317  0.0322  0.0355  0.0367  0.0356  0.0329  0.0320  0.0322
  0.0396  0.0389  0.0392  0.0375  0.0329  0.0323  0.0339  0.0344  0.0341  0.0317  0.0316  0.0315
  0.0384  0.0382  0.0384  0.0375  0.0348  0.0326  0.0328  0.0329  0.0329  0.0314  0.0314  0.0312
  0.0381  0.0380  0.0380  0.0380  0.0375  0.0334  0.0323  0.0323  0.0323  0.0321  0.0314  0.0314
  0.0387  0.0384  0.0381  0.0395  0.0405  0.0348  0.0324  0.0326  0.0321  0.0336  0.0316  0.0320
  0.0402  0.0393  0.0387  0.0421  0.0437  0.0377  0.0332  0.0339  0.0325  0.0357  0.0321  0.0329
  0.0425  0.0408  0.0399  0.0456  0.0474  0.0418  0.0345  0.0362  0.0335  0.0381  0.0328  0.0340
niter,ni,del,rscale     7    3    5.0000    1.2000
parameter  5  0.592293 ->  0.500000 qaram    1.3225
parameters
   -1.6640  -13.2196   15.2799   -4.9174   -9.1065   -6.4860
   -0.0393   -1.8722    2.4242    4.1389    0.2131   -7.8408
eta,q 0.97066  7.28342
  0.0353  0.0339  0.0323  0.0329  0.0304  0.0308  0.0319  0.0336  0.0316  0.0333  0.0302  0.0312
  0.0332  0.0323  0.0315  0.0318  0.0298  0.0297  0.0305  0.0313  0.0305  0.0313  0.0298  0.0303
  0.0318  0.0313  0.0311  0.0313  0.0299  0.0294  0.0297  0.0298  0.0297  0.0301  0.0295  0.0297
  0.0312  0.0312  0.0312  0.0311  0.0311  0.0297  0.0294  0.0294  0.0294  0.0294  0.0294  0.0294
  0.0314  0.0318  0.0316  0.0312  0.0334  0.0301  0.0298  0.0299  0.0296  0.0296  0.0295  0.0294
  0.0325  0.0332  0.0325  0.0321  0.0369  0.0314  0.0310  0.0314  0.0303  0.0305  0.0299  0.0299
  0.0344  0.0351  0.0338  0.0342  0.0406  0.0341  0.0325  0.0337  0.0314  0.0321  0.0305  0.0307
niter,ni,del,rscale     7    3    5.0000    1.2000
parameters
   -1.6850  -13.1132   15.3361   -5.3648  -10.4853   -6.6466
   -0.1773   -1.7985    2.3931    4.4578    0.4383   -7.4604
eta,q 0.97068  7.19894
  0.0327  0.0328  0.0314  0.0308  0.0324  0.0320  0.0320  0.0337  0.0313  0.0327  0.0303  0.0311
  0.0309  0.0310  0.0303  0.0298  0.0308  0.0303  0.0305  0.0314  0.0303  0.0310  0.0299  0.0302
  0.0297  0.0298  0.0296  0.0294  0.0297  0.0294  0.0296  0.0298  0.0296  0.0299  0.0295  0.0296
  0.0293  0.0293  0.0293  0.0293  0.0293  0.0294  0.0293  0.0293  0.0293  0.0293  0.0293  0.0293
  0.0297  0.0296  0.0295  0.0294  0.0301  0.0299  0.0297  0.0298  0.0296  0.0296  0.0294  0.0295
  0.0309  0.0306  0.0302  0.0299  0.0321  0.0305  0.0307  0.0312  0.0303  0.0306  0.0297  0.0300
  0.0329  0.0322  0.0312  0.0314  0.0356  0.0321  0.0322  0.0335  0.0313  0.0322  0.0303  0.0307
niter,ni,del,rscale     6    3    5.0000    1.2000
parameters
   -1.7155  -13.0829   15.4130   -5.6876  -10.8007   -6.7391
   -0.2944   -1.7395    2.1661    4.5407    0.7576   -7.2074
eta,q 0.97068  7.16663
  0.0326  0.0325  0.0314  0.0308  0.0330  0.0321  0.0320  0.0337  0.0311  0.0325  0.0304  0.0310
  0.0308  0.0307  0.0303  0.0297  0.0313  0.0304  0.0305  0.0314  0.0301  0.0309  0.0299  0.0301
  0.0297  0.0297  0.0296  0.0293  0.0300  0.0295  0.0296  0.0299  0.0295  0.0298  0.0295  0.0296
  0.0293  0.0293  0.0293  0.0293  0.0293  0.0293  0.0293  0.0293  0.0293  0.0293  0.0293  0.0293
  0.0297  0.0297  0.0295  0.0294  0.0297  0.0299  0.0297  0.0298  0.0296  0.0297  0.0294  0.0295
  0.0309  0.0307  0.0301  0.0299  0.0311  0.0306  0.0307  0.0313  0.0303  0.0307  0.0297  0.0300
  0.0328  0.0322  0.0311  0.0311  0.0340  0.0320  0.0321  0.0336  0.0314  0.0324  0.0302  0.0308
niter,ni,del,rscale     5    3    5.0000    1.2000
parameters
   -1.7285  -13.0826   15.4407   -5.8180  -10.9131   -6.8266
   -0.3574   -1.7017    1.9689    4.5566    0.9846   -7.0736
eta,q 0.97069  7.15167
  0.0327  0.0323  0.0313  0.0309  0.0330  0.0322  0.0320  0.0336  0.0311  0.0325  0.0304  0.0310
  0.0308  0.0307  0.0302  0.0297  0.0314  0.0304  0.0305  0.0314  0.0301  0.0308  0.0298  0.0301
  0.0297  0.0296  0.0296  0.0293  0.0300  0.0295  0.0296  0.0299  0.0295  0.0298  0.0295  0.0295
  0.0293  0.0293  0.0293  0.0293  0.0293  0.0293  0.0293  0.0293  0.0293  0.0293  0.0293  0.0293
  0.0297  0.0297  0.0296  0.0294  0.0296  0.0299  0.0297  0.0298  0.0296  0.0297  0.0294  0.0295
  0.0308  0.0307  0.0302  0.0298  0.0310  0.0307  0.0306  0.0313  0.0303  0.0308  0.0297  0.0301
  0.0327  0.0323  0.0312  0.0310  0.0337  0.0321  0.0321  0.0336  0.0313  0.0325  0.0303  0.0308
niter,ni,del,rscale     4    3    5.0000    1.2000
parameters
   -1.7302  -13.0826   15.4478   -5.9035  -10.9720   -6.8873
   -0.3907   -1.6830    1.8447    4.5592    1.0996   -7.0042
eta,q 0.97069  7.14234
  0.0327  0.0323  0.0313  0.0310  0.0330  0.0322  0.0321  0.0336  0.0312  0.0324  0.0303  0.0309
  0.0308  0.0307  0.0302  0.0297  0.0314  0.0305  0.0305  0.0314  0.0302  0.0308  0.0298  0.0301
  0.0297  0.0296  0.0295  0.0292  0.0300  0.0295  0.0296  0.0298  0.0295  0.0297  0.0295  0.0295
  0.0293  0.0293  0.0293  0.0293  0.0293  0.0293  0.0293  0.0293  0.0293  0.0293  0.0293  0.0293
  0.0297  0.0297  0.0296  0.0295  0.0296  0.0299  0.0296  0.0298  0.0296  0.0297  0.0294  0.0295
  0.0308  0.0307  0.0302  0.0298  0.0309  0.0307  0.0306  0.0313  0.0303  0.0308  0.0297  0.0301
  0.0327  0.0322  0.0312  0.0309  0.0336  0.0321  0.0321  0.0337  0.0313  0.0325  0.0303  0.0308
niter,ni,del,rscale     3    3    5.0000    1.2000
parameters
   -1.7294  -13.0813   15.4475   -5.9518  -11.0079   -6.9262
   -0.4074   -1.6703    1.7703    4.5628    1.1748   -6.9667
eta,q 0.97070  7.13674
  0.0327  0.0323  0.0313  0.0310  0.0330  0.0322  0.0321  0.0336  0.0312  0.0324  0.0303  0.0309
  0.0308  0.0306  0.0302  0.0297  0.0314  0.0305  0.0305  0.0314  0.0302  0.0308  0.0298  0.0301
  0.0297  0.0296  0.0295  0.0292  0.0300  0.0295  0.0296  0.0298  0.0295  0.0297  0.0294  0.0295
  0.0293  0.0293  0.0293  0.0293  0.0293  0.0293  0.0293  0.0293  0.0293  0.0293  0.0293  0.0293
  0.0297  0.0297  0.0296  0.0295  0.0295  0.0298  0.0296  0.0298  0.0295  0.0297  0.0294  0.0295
  0.0308  0.0307  0.0302  0.0298  0.0309  0.0307  0.0306  0.0313  0.0302  0.0308  0.0297  0.0301
  0.0327  0.0322  0.0312  0.0309  0.0336  0.0321  0.0320  0.0337  0.0313  0.0325  0.0303  0.0308
niter,ni,del,rscale     2    3    5.0000    1.2000
parameters
   -1.7294  -13.0806   15.4467   -5.9756  -11.0273   -6.9488
   -0.4157   -1.6654    1.7336    4.5660    1.2013   -6.9530
eta,q 0.97071  7.13377
  0.0327  0.0323  0.0313  0.0310  0.0330  0.0322  0.0321  0.0336  0.0312  0.0324  0.0303  0.0309
  0.0308  0.0306  0.0302  0.0297  0.0314  0.0305  0.0305  0.0314  0.0302  0.0308  0.0298  0.0300
  0.0297  0.0296  0.0295  0.0292  0.0300  0.0295  0.0296  0.0298  0.0295  0.0297  0.0294  0.0295
  0.0293  0.0293  0.0293  0.0293  0.0293  0.0293  0.0293  0.0293  0.0293  0.0293  0.0293  0.0293
  0.0297  0.0297  0.0296  0.0295  0.0295  0.0298  0.0296  0.0298  0.0295  0.0297  0.0294  0.0295
  0.0308  0.0307  0.0302  0.0298  0.0309  0.0307  0.0306  0.0313  0.0302  0.0308  0.0298  0.0301
  0.0327  0.0322  0.0312  0.0309  0.0336  0.0321  0.0320  0.0337  0.0312  0.0325  0.0303  0.0308
registration optimization eta report
parameter search radius
    2.4000    2.4000    2.4000    8.2800    9.5220    8.2800
    7.2000    7.2000    7.2000    7.2000    7.2000    7.2000
100000*second partial in parameter space
       59.       51.       33.        3.        4.        4.
        5.        8.        4.        6.        2.        3.
  0.0327  0.0323  0.0313  0.0310  0.0330  0.0322  0.0321  0.0336  0.0312  0.0324  0.0303  0.0309
  0.0308  0.0306  0.0302  0.0297  0.0314  0.0305  0.0305  0.0314  0.0302  0.0308  0.0298  0.0300
  0.0297  0.0296  0.0295  0.0292  0.0300  0.0295  0.0296  0.0298  0.0295  0.0297  0.0294  0.0295
  0.0293  0.0293  0.0293  0.0293  0.0293  0.0293  0.0293  0.0293  0.0293  0.0293  0.0293  0.0293
  0.0297  0.0297  0.0296  0.0295  0.0295  0.0298  0.0296  0.0298  0.0295  0.0297  0.0294  0.0295
  0.0308  0.0307  0.0302  0.0298  0.0309  0.0307  0.0306  0.0313  0.0302  0.0308  0.0298  0.0301
  0.0327  0.0322  0.0312  0.0309  0.0336  0.0321  0.0320  0.0337  0.0312  0.0325  0.0303  0.0308
   -1.7294  -13.0806   15.4467   -5.9756  -11.0273   -6.9488
   -0.4157   -1.6654    1.7336    4.5660    1.2013   -6.9530
eta,q 0.97071  7.13377

---------------------------------------------------------------------
imgreg_4dfp /opt/freesurfer/average/711-2C_as_mni_average_305 /opt/freesurfer/average/711-2B_as_mni_average_305_mask talsrcimg_g11 none talsrcimg_to_711-2C_as_mni_average_305_t4 2311
---------------------------------------------------------------------

freesurfer imgreg_4dfp.c
/opt/freesurfer/average/711-2C_as_mni_average_305.4dfp.img
       256       256       256         1
  1.000000  1.000000  1.000000
orientation T byte_order littleendian
Reading image: /opt/freesurfer/average/711-2C_as_mni_average_305.4dfp.img
dimensions:      256       256       256
mmppix:       1.0000   -1.0000   -1.0000
center:     128.0000 -129.0000 -129.0000
/opt/freesurfer/average/711-2B_as_mni_average_305_mask.4dfp.img
       256       256       256         1
  1.000000  1.000000  1.000000
orientation T byte_order littleendian
Reading mask: /opt/freesurfer/average/711-2B_as_mni_average_305_mask.4dfp.img (2306576 pixels)
talsrcimg_g11.4dfp.img
       256       256       256         1
  0.898438  0.898438  0.898438
orientation T byte_order littleendian
Reading image: talsrcimg_g11.4dfp.img
dimensions:      256       256       256
mmppix:       0.8984   -0.8984   -0.8984
center:     115.0001 -115.8985 -115.8985
fimgreg.f
image alignment mode   2311 decimal      907 hex
parameters
   -1.7294  -13.0806   15.4467   -5.9756  -11.0273   -6.9488
   -0.4157   -1.6654    1.7336    4.5660    1.2013   -6.9530
eta,q 0.97071  7.13376
niter,ni,del,rscale     5    3    5.0000    0.8000
parameters
   -1.7340  -13.1081   15.4288   -6.9405  -10.4763   -7.4831
   -0.6519   -1.5384    1.5427    4.4107    1.2976   -6.8766
eta,q 0.97085  7.08916
  0.0308  0.0306  0.0302  0.0295  0.0305  0.0301  0.0304  0.0314  0.0300  0.0306  0.0297  0.0300
  0.0300  0.0299  0.0297  0.0292  0.0299  0.0295  0.0296  0.0302  0.0295  0.0298  0.0294  0.0295
  0.0295  0.0294  0.0294  0.0292  0.0295  0.0292  0.0292  0.0295  0.0292  0.0293  0.0292  0.0292
  0.0293  0.0293  0.0293  0.0293  0.0292  0.0292  0.0292  0.0292  0.0292  0.0292  0.0291  0.0291
  0.0295  0.0295  0.0294  0.0294  0.0292  0.0295  0.0294  0.0293  0.0293  0.0294  0.0292  0.0293
  0.0300  0.0300  0.0297  0.0295  0.0295  0.0299  0.0298  0.0300  0.0296  0.0299  0.0294  0.0295
  0.0308  0.0307  0.0302  0.0297  0.0301  0.0304  0.0306  0.0312  0.0301  0.0308  0.0297  0.0299
niter,ni,del,rscale     4    3    5.0000    0.7000
parameters
   -1.7540  -13.0903   15.3229   -7.1344  -10.5060   -7.7886
   -0.7002   -1.5459    1.4811    4.4358    1.3652   -6.9409
eta,q 0.97088  7.06646
  0.0303  0.0302  0.0298  0.0295  0.0300  0.0300  0.0301  0.0308  0.0298  0.0303  0.0295  0.0297
  0.0297  0.0296  0.0294  0.0292  0.0295  0.0295  0.0295  0.0299  0.0294  0.0297  0.0293  0.0294
  0.0293  0.0293  0.0292  0.0291  0.0292  0.0292  0.0292  0.0293  0.0292  0.0293  0.0292  0.0292
  0.0291  0.0291  0.0291  0.0291  0.0291  0.0291  0.0291  0.0291  0.0291  0.0291  0.0291  0.0291
  0.0293  0.0293  0.0293  0.0293  0.0292  0.0293  0.0292  0.0293  0.0292  0.0293  0.0292  0.0292
  0.0297  0.0296  0.0296  0.0294  0.0295  0.0297  0.0296  0.0299  0.0294  0.0297  0.0293  0.0294
  0.0304  0.0302  0.0300  0.0295  0.0300  0.0301  0.0302  0.0309  0.0298  0.0303  0.0295  0.0297
niter,ni,del,rscale     3    3    5.0000    0.6000
parameters
   -1.7644  -13.0565   15.2548   -7.5373  -10.5543   -7.9699
   -0.7623   -1.5314    1.3835    4.4947    1.3884   -7.0066
eta,q 0.97092  7.03909
  0.0300  0.0300  0.0296  0.0294  0.0297  0.0298  0.0298  0.0304  0.0296  0.0300  0.0294  0.0295
  0.0295  0.0295  0.0293  0.0292  0.0294  0.0294  0.0294  0.0297  0.0293  0.0295  0.0292  0.0293
  0.0292  0.0292  0.0292  0.0291  0.0292  0.0292  0.0292  0.0293  0.0291  0.0292  0.0291  0.0291
  0.0291  0.0291  0.0291  0.0291  0.0291  0.0291  0.0291  0.0291  0.0291  0.0291  0.0291  0.0291
  0.0292  0.0292  0.0292  0.0292  0.0292  0.0292  0.0292  0.0292  0.0291  0.0292  0.0291  0.0292
  0.0295  0.0294  0.0294  0.0293  0.0294  0.0295  0.0294  0.0297  0.0293  0.0295  0.0292  0.0293
  0.0300  0.0299  0.0297  0.0294  0.0297  0.0299  0.0299  0.0304  0.0296  0.0300  0.0294  0.0295
niter,ni,del,rscale     2    3    5.0000    0.5000
parameters
   -1.7807  -13.0238   15.1983   -7.8300  -10.5939   -8.1059
   -0.7949   -1.5275    1.3523    4.5373    1.4058   -7.0789
eta,q 0.97094  7.01915
  0.0297  0.0297  0.0294  0.0293  0.0295  0.0296  0.0296  0.0300  0.0294  0.0297  0.0293  0.0294
  0.0294  0.0293  0.0292  0.0291  0.0293  0.0293  0.0293  0.0295  0.0292  0.0294  0.0292  0.0292
  0.0291  0.0292  0.0291  0.0291  0.0291  0.0291  0.0291  0.0292  0.0291  0.0292  0.0291  0.0291
  0.0291  0.0291  0.0291  0.0291  0.0291  0.0291  0.0291  0.0291  0.0291  0.0291  0.0291  0.0291
  0.0292  0.0291  0.0291  0.0292  0.0291  0.0292  0.0291  0.0292  0.0291  0.0291  0.0291  0.0291
  0.0294  0.0293  0.0293  0.0293  0.0293  0.0294  0.0293  0.0295  0.0292  0.0294  0.0292  0.0292
  0.0297  0.0296  0.0295  0.0294  0.0295  0.0297  0.0296  0.0300  0.0294  0.0297  0.0293  0.0294
niter,ni,del,rscale     1    3    5.0000    0.4000
parameters
   -1.7907  -12.9988   15.1586   -8.0240  -10.6141   -8.1797
   -0.8180   -1.5114    1.3299    4.5810    1.3886   -7.1437
eta,q 0.97094  7.00710
  0.0295  0.0294  0.0293  0.0292  0.0293  0.0294  0.0294  0.0297  0.0293  0.0295  0.0292  0.0293
  0.0292  0.0292  0.0292  0.0291  0.0292  0.0292  0.0292  0.0293  0.0292  0.0293  0.0291  0.0291
  0.0291  0.0291  0.0291  0.0291  0.0291  0.0291  0.0291  0.0291  0.0291  0.0291  0.0291  0.0291
  0.0291  0.0291  0.0291  0.0291  0.0291  0.0291  0.0291  0.0291  0.0291  0.0291  0.0291  0.0291
  0.0291  0.0291  0.0291  0.0291  0.0291  0.0291  0.0291  0.0291  0.0291  0.0291  0.0291  0.0291
  0.0293  0.0292  0.0292  0.0292  0.0292  0.0293  0.0292  0.0293  0.0292  0.0292  0.0291  0.0292
  0.0295  0.0294  0.0293  0.0293  0.0293  0.0295  0.0294  0.0297  0.0293  0.0295  0.0292  0.0293
registration optimization eta report
parameter search radius
    0.8000    0.8000    0.8000    2.4000    2.4000    2.4000
    2.4000    2.4000    2.4000    2.4000    2.4000    2.4000
100000*second partial in parameter space
       65.       55.       38.        3.        5.        7.
        6.       10.        4.        7.        3.        4.
  0.0295  0.0294  0.0293  0.0292  0.0293  0.0294  0.0294  0.0297  0.0293  0.0295  0.0292  0.0293
  0.0292  0.0292  0.0292  0.0291  0.0292  0.0292  0.0292  0.0293  0.0292  0.0293  0.0291  0.0291
  0.0291  0.0291  0.0291  0.0291  0.0291  0.0291  0.0291  0.0291  0.0291  0.0291  0.0291  0.0291
  0.0291  0.0291  0.0291  0.0291  0.0291  0.0291  0.0291  0.0291  0.0291  0.0291  0.0291  0.0291
  0.0291  0.0291  0.0291  0.0291  0.0291  0.0291  0.0291  0.0291  0.0291  0.0291  0.0291  0.0291
  0.0293  0.0292  0.0292  0.0292  0.0292  0.0293  0.0292  0.0293  0.0292  0.0292  0.0291  0.0292
  0.0295  0.0294  0.0293  0.0293  0.0293  0.0295  0.0294  0.0297  0.0293  0.0295  0.0292  0.0293
   -1.7907  -12.9988   15.1586   -8.0240  -10.6141   -8.1797
   -0.8180   -1.5114    1.3299    4.5810    1.3886   -7.1437
eta,q 0.97094  7.00710

---------------------------------------------------------------------
imgreg_4dfp /opt/freesurfer/average/711-2C_as_mni_average_305 /opt/freesurfer/average/711-2B_as_mni_average_305_mask talsrcimg_g11 none talsrcimg_to_711-2C_as_mni_average_305_t4 2311
---------------------------------------------------------------------

freesurfer imgreg_4dfp.c
/opt/freesurfer/average/711-2C_as_mni_average_305.4dfp.img
       256       256       256         1
  1.000000  1.000000  1.000000
orientation T byte_order littleendian
Reading image: /opt/freesurfer/average/711-2C_as_mni_average_305.4dfp.img
dimensions:      256       256       256
mmppix:       1.0000   -1.0000   -1.0000
center:     128.0000 -129.0000 -129.0000
/opt/freesurfer/average/711-2B_as_mni_average_305_mask.4dfp.img
       256       256       256         1
  1.000000  1.000000  1.000000
orientation T byte_order littleendian
Reading mask: /opt/freesurfer/average/711-2B_as_mni_average_305_mask.4dfp.img (2306576 pixels)
talsrcimg_g11.4dfp.img
       256       256       256         1
  0.898438  0.898438  0.898438
orientation T byte_order littleendian
Reading image: talsrcimg_g11.4dfp.img
dimensions:      256       256       256
mmppix:       0.8984   -0.8984   -0.8984
center:     115.0001 -115.8985 -115.8985
fimgreg.f
image alignment mode   2311 decimal      907 hex
parameters
   -1.7907  -12.9988   15.1586   -8.0240  -10.6142   -8.1797
   -0.8180   -1.5114    1.3299    4.5810    1.3886   -7.1437
eta,q 0.97094  7.00710
niter,ni,del,rscale     5    3    5.0000    0.8000
parameters
   -1.7852  -12.9617   15.1455   -7.2946  -10.6851   -8.0295
   -0.6715   -1.5922    1.4154    4.6652    1.3080   -7.0551
eta,q 0.97090  7.04295
  0.0307  0.0305  0.0300  0.0301  0.0301  0.0305  0.0305  0.0312  0.0300  0.0306  0.0296  0.0299
  0.0298  0.0297  0.0295  0.0295  0.0296  0.0297  0.0297  0.0301  0.0295  0.0298  0.0293  0.0295
  0.0292  0.0292  0.0292  0.0291  0.0292  0.0293  0.0293  0.0294  0.0292  0.0293  0.0292  0.0292
  0.0291  0.0291  0.0291  0.0291  0.0291  0.0291  0.0291  0.0291  0.0291  0.0291  0.0291  0.0291
  0.0293  0.0292  0.0292  0.0292  0.0292  0.0293  0.0292  0.0294  0.0292  0.0293  0.0292  0.0292
  0.0298  0.0296  0.0295  0.0294  0.0296  0.0297  0.0297  0.0302  0.0295  0.0298  0.0294  0.0295
  0.0307  0.0303  0.0300  0.0295  0.0302  0.0302  0.0303  0.0314  0.0300  0.0305  0.0297  0.0298
niter,ni,del,rscale     4    3    5.0000    0.7000
parameters
   -1.7813  -12.9808   15.1763   -7.3763  -10.6317   -8.0243
   -0.7084   -1.5741    1.4421    4.6213    1.3187   -7.0605
eta,q 0.97091  7.04168
  0.0303  0.0301  0.0299  0.0296  0.0299  0.0301  0.0301  0.0308  0.0298  0.0302  0.0295  0.0297
  0.0296  0.0295  0.0294  0.0292  0.0295  0.0296  0.0295  0.0299  0.0294  0.0296  0.0293  0.0294
  0.0292  0.0292  0.0292  0.0291  0.0292  0.0292  0.0292  0.0293  0.0292  0.0292  0.0292  0.0291
  0.0291  0.0291  0.0291  0.0291  0.0291  0.0291  0.0291  0.0291  0.0291  0.0291  0.0291  0.0291
  0.0292  0.0292  0.0292  0.0292  0.0292  0.0292  0.0292  0.0293  0.0292  0.0292  0.0291  0.0292
  0.0297  0.0296  0.0294  0.0294  0.0294  0.0296  0.0296  0.0299  0.0294  0.0297  0.0293  0.0294
  0.0303  0.0302  0.0298  0.0295  0.0299  0.0301  0.0301  0.0308  0.0298  0.0303  0.0295  0.0297
niter,ni,del,rscale     3    3    5.0000    0.6000
parameters
   -1.7832  -12.9928   15.1736   -7.6113  -10.6094   -8.0810
   -0.7555   -1.5501    1.4001    4.5999    1.3547   -7.0804
eta,q 0.97092  7.02963
  0.0300  0.0299  0.0296  0.0294  0.0297  0.0298  0.0298  0.0304  0.0296  0.0300  0.0294  0.0295
  0.0295  0.0294  0.0293  0.0292  0.0294  0.0294  0.0294  0.0297  0.0293  0.0295  0.0292  0.0293
  0.0292  0.0292  0.0291  0.0291  0.0292  0.0292  0.0292  0.0293  0.0291  0.0292  0.0291  0.0291
  0.0291  0.0291  0.0291  0.0291  0.0291  0.0291  0.0291  0.0291  0.0291  0.0291  0.0291  0.0291
  0.0292  0.0292  0.0292  0.0292  0.0291  0.0292  0.0292  0.0292  0.0291  0.0292  0.0291  0.0291
  0.0295  0.0295  0.0293  0.0293  0.0293  0.0295  0.0294  0.0296  0.0293  0.0295  0.0292  0.0293
  0.0300  0.0299  0.0296  0.0294  0.0297  0.0299  0.0299  0.0304  0.0296  0.0300  0.0294  0.0295
niter,ni,del,rscale     2    3    5.0000    0.5000
parameters
   -1.7885  -12.9906   15.1597   -7.8427  -10.6208   -8.1447
   -0.7961   -1.5356    1.3641    4.5919    1.3725   -7.1286
eta,q 0.97094  7.01628
  0.0297  0.0296  0.0294  0.0293  0.0295  0.0296  0.0296  0.0300  0.0294  0.0297  0.0293  0.0294
  0.0294  0.0293  0.0292  0.0291  0.0293  0.0293  0.0293  0.0295  0.0292  0.0294  0.0292  0.0292
  0.0291  0.0291  0.0291  0.0291  0.0291  0.0291  0.0291  0.0292  0.0291  0.0291  0.0291  0.0291
  0.0291  0.0291  0.0291  0.0291  0.0291  0.0291  0.0291  0.0291  0.0291  0.0291  0.0291  0.0291
  0.0292  0.0291  0.0291  0.0292  0.0291  0.0291  0.0291  0.0292  0.0291  0.0291  0.0291  0.0291
  0.0294  0.0293  0.0293  0.0293  0.0293  0.0294  0.0293  0.0295  0.0292  0.0294  0.0292  0.0292
  0.0297  0.0296  0.0295  0.0294  0.0295  0.0297  0.0296  0.0300  0.0294  0.0297  0.0293  0.0294
niter,ni,del,rscale     1    3    5.0000    0.4000
parameters
   -1.7952  -12.9818   15.1423   -8.0155  -10.6112   -8.2004
   -0.8136   -1.5181    1.3310    4.6087    1.3885   -7.1839
eta,q 0.97094  7.00702
  0.0295  0.0294  0.0293  0.0293  0.0293  0.0294  0.0294  0.0297  0.0293  0.0295  0.0292  0.0293
  0.0292  0.0292  0.0292  0.0291  0.0292  0.0292  0.0292  0.0293  0.0292  0.0293  0.0291  0.0291
  0.0291  0.0291  0.0291  0.0291  0.0291  0.0291  0.0291  0.0291  0.0291  0.0291  0.0291  0.0291
  0.0291  0.0291  0.0291  0.0291  0.0291  0.0291  0.0291  0.0291  0.0291  0.0291  0.0291  0.0291
  0.0291  0.0291  0.0291  0.0291  0.0291  0.0291  0.0291  0.0291  0.0291  0.0291  0.0291  0.0291
  0.0293  0.0292  0.0292  0.0292  0.0292  0.0293  0.0292  0.0293  0.0292  0.0292  0.0291  0.0292
  0.0295  0.0294  0.0293  0.0293  0.0293  0.0295  0.0294  0.0297  0.0293  0.0295  0.0292  0.0293
registration optimization eta report
parameter search radius
    0.8000    0.8000    0.8000    2.4000    2.4000    2.4000
    2.4000    2.4000    2.4000    2.4000    2.4000    2.4000
100000*second partial in parameter space
       65.       54.       38.        4.        5.        7.
        6.       10.        4.        7.        3.        4.
  0.0295  0.0294  0.0293  0.0293  0.0293  0.0294  0.0294  0.0297  0.0293  0.0295  0.0292  0.0293
  0.0292  0.0292  0.0292  0.0291  0.0292  0.0292  0.0292  0.0293  0.0292  0.0293  0.0291  0.0291
  0.0291  0.0291  0.0291  0.0291  0.0291  0.0291  0.0291  0.0291  0.0291  0.0291  0.0291  0.0291
  0.0291  0.0291  0.0291  0.0291  0.0291  0.0291  0.0291  0.0291  0.0291  0.0291  0.0291  0.0291
  0.0291  0.0291  0.0291  0.0291  0.0291  0.0291  0.0291  0.0291  0.0291  0.0291  0.0291  0.0291
  0.0293  0.0292  0.0292  0.0292  0.0292  0.0293  0.0292  0.0293  0.0292  0.0292  0.0291  0.0292
  0.0295  0.0294  0.0293  0.0293  0.0293  0.0295  0.0294  0.0297  0.0293  0.0295  0.0292  0.0293
   -1.7952  -12.9818   15.1423   -8.0155  -10.6112   -8.2004
   -0.8136   -1.5181    1.3310    4.6087    1.3885   -7.1839
eta,q 0.97094  7.00702

---------------------------------------------------------------------
compute_vox2vox talsrcimg talsrcimg_to_711-2C_as_mni_average_305_t4 /opt/freesurfer/average/711-2C_as_mni_average_305
---------------------------------------------------------------------

freesurfer compute_vox2vox.c
Reading: talsrcimg.4dfp.ifh
Reading: talsrcimg_to_711-2C_as_mni_average_305_t4
Reading: /opt/freesurfer/average/711-2C_as_mni_average_305.4dfp.ifh
Writing: talsrcimg_to_711-2C_as_mni_average_305_t4_vox2vox.txt

start time Thu Mar 12 22:37:10 CET 2026
end		time Thu Mar 12 22:38:34 CET 2026

mpr2mni305 success

avi2talxfm orig_nu.mgz /opt/freesurfer/average/mni305.cor.mgz talsrcimg_to_711-2C_as_mni_average_305_t4_vox2vox.txt transforms/talairach.auto.xfm
avi2talxfm done
mv -f /out/sourcedata/freesurfer/sub-v2s2x29080_ses-1/mri/talsrcimg_to_711-2C_as_mni_average_305_t4_vox2vox.txt /out/sourcedata/freesurfer/sub-v2s2x29080_ses-1/mri/transforms/talsrcimg_to_711-2C_as_mni_average_305_t4_vox2vox.txt
lta_convert --src orig_nu.mgz --trg /opt/freesurfer/average/mni305.cor.mgz --inxfm transforms/talairach.auto.xfm --outlta transforms/talairach.auto.xfm.lta --subject fsaverage
7.3.2

--src: orig_nu.mgz src image (geometry).
--trg: /opt/freesurfer/average/mni305.cor.mgz trg image (geometry).
--inmni: transforms/talairach.auto.xfm input MNI/XFM transform.
--outlta: transforms/talairach.auto.xfm.lta output LTA.
--s: fsaverage subject name
 LTA read, type : 1
 1.08671   0.01740   0.01129   0.59205;
-0.01763   1.08467   0.08701   12.48853;
-0.01527  -0.05618   1.11405   3.72398;
 0.00000   0.00000   0.00000   1.00000;
setting subject to fsaverage
Writing  LTA to file transforms/talairach.auto.xfm.lta...
lta_convert successful.
 
 
Started at Thu Mar 12 22:37:09 CET 2026
Ended   at Thu Mar 12 22:38:34 CET 2026
talairach_avi done
