/out/sourcedata/freesurfer/sub-v2s2x29086_ses-1/mri
/opt/freesurfer/bin/talairach_avi
--i orig_nu.mgz --xfm transforms/talairach.auto.xfm
talairach_avi 7.3.2
Linux dna039 5.14.0-427.37.1.el9_4.x86_64 #1 SMP PREEMPT_DYNAMIC Fri Sep 13 12:41:50 EDT 2024 x86_64 x86_64 x86_64 GNU/Linux
Thu Mar 12 22:44:59 CET 2026
mri_convert orig_nu.mgz talsrcimg.img 
reading from orig_nu.mgz...
TR=0.00, TE=0.00, TI=0.00, flip angle=0.00
i_ras = (-1, 0, 0)
j_ras = (0, 0, -1)
k_ras = (0, 1, 0)
writing to talsrcimg.img...
Analyze Output Matrix
-0.89844   0.00000   0.00000   118.75456;
 0.00000   0.00000   0.89844  -129.41896;
 0.00000  -0.89844   0.00000   140.74411;
 0.00000   0.00000   0.00000   1.00000;
--------------------
INFO: set hdr.hist.orient to -1
mpr2mni305 talsrcimg
Thu Mar 12 22:45:00 CET 2026
/opt/freesurfer/bin/mpr2mni305 talsrcimg
mpr2mni305 7.3.2
target=711-2C_as_mni_average_305

---------------------------------------------------------------------
analyzeto4dfp talsrcimg -O0 -y
---------------------------------------------------------------------

freesurfer ifh2hdr.c
Thu Mar 12 22:45:00 2026
Writing: talsrcimg.4dfp.hdr
freesurfer analyzeto4dfp.c
Reading: talsrcimg.hdr
header size 348 bytes
hdr.dime.datatype	offset=70	value=2
hdr.dime.bitpix		offset=72	value=8
hdr.hist.orient		offset=252	value=-1
dimensionality     4
dimensions       256       256       256         1
Reading: talsrcimg.img
Writing: talsrcimg.4dfp.img
Writing: talsrcimg.4dfp.ifh
ifh2hdr talsrcimg -r0to255
ori=2

---------------------------------------------------------------------
gauss_4dfp talsrcimg 1.1
---------------------------------------------------------------------

freesurfer gauss_4dfp.c
Reading: talsrcimg.4dfp.img
Writing: talsrcimg_g11.4dfp.img
image dimensions 256 256 256 padded to 288 288 288
processing volume 1freesurfer ifh2hdr.c
Thu Mar 12 22:45:02 2026
Writing: talsrcimg_g11.4dfp.hdr

Writing: talsrcimg_g11.4dfp.ifh
including: talsrcimg.4dfp.img.rec in talsrcimg_g11.4dfp.img.rec

---------------------------------------------------------------------
imgreg_4dfp /opt/freesurfer/average/711-2C_as_mni_average_305 none talsrcimg_g11 none talsrcimg_to_711-2C_as_mni_average_305_t4 4355
---------------------------------------------------------------------

freesurfer imgreg_4dfp.c
/opt/freesurfer/average/711-2C_as_mni_average_305.4dfp.img
       256       256       256         1
  1.000000  1.000000  1.000000
orientation T byte_order littleendian
Reading image: /opt/freesurfer/average/711-2C_as_mni_average_305.4dfp.img
dimensions:      256       256       256
mmppix:       1.0000   -1.0000   -1.0000
center:     128.0000 -129.0000 -129.0000
talsrcimg_g11.4dfp.img
       256       256       256         1
  0.898437  0.898437  0.898437
orientation T byte_order littleendian
Reading image: talsrcimg_g11.4dfp.img
dimensions:      256       256       256
mmppix:       0.8984   -0.8984   -0.8984
center:     114.9999 -115.8984 -115.8984
t4_read: open error in t4_sub.f l:  41 t4_file(1:l)talsrcimg_to_711-2C_as_mni_average_305_t4 
t4_read: transform initialized to I4
rotation matrix determinant  1.000000
image alignment mode   4355 decimal     1103 hex
   -7.5000  -45.0000  -45.0000 6267.7646   10.9104
    0.0000  -45.0000  -45.0000 6362.6118   10.9387
    7.5000  -45.0000  -45.0000 6023.6846   10.9271
   -7.5000  -37.5000  -45.0000 6654.2124   11.5738
    0.0000  -37.5000  -45.0000 6750.9751   11.6062
    7.5000  -37.5000  -45.0000 6411.4097   11.5974
   -7.5000  -30.0000  -45.0000 7023.3096   11.9295
    0.0000  -30.0000  -45.0000 7112.1084   11.9616
    7.5000  -30.0000  -45.0000 6761.8721   11.9524
   -7.5000  -22.5000  -45.0000 7463.4966   11.9404
    0.0000  -22.5000  -45.0000 7555.6431   11.9692
    7.5000  -22.5000  -45.0000 7179.6855   11.9568
   -7.5000  -15.0000  -45.0000 7891.8433   11.9614
    0.0000  -15.0000  -45.0000 7985.2202   11.9878
    7.5000  -15.0000  -45.0000 7580.2388   11.9717
   -7.5000   -7.5000  -45.0000 7965.7466   11.9717
    0.0000   -7.5000  -45.0000 8053.5137   11.9990
    7.5000   -7.5000  -45.0000 7649.9243   11.9825
   -7.5000    0.0000  -45.0000 8023.2817   11.9603
    0.0000    0.0000  -45.0000 8102.6519   11.9912
    7.5000    0.0000  -45.0000 7694.7593   11.9786
   -7.5000    7.5000  -45.0000 7776.3657   11.9387
    0.0000    7.5000  -45.0000 7832.5742   11.9721
    7.5000    7.5000  -45.0000 7433.9355   11.9630
   -7.5000   15.0000  -45.0000 7487.8701   11.9295
    0.0000   15.0000  -45.0000 7512.9863   11.9616
    7.5000   15.0000  -45.0000 7151.6763   11.9524
   -7.5000   22.5000  -45.0000 6794.7627   11.7798
    0.0000   22.5000  -45.0000 6825.3052   11.8082
    7.5000   22.5000  -45.0000 6490.9072   11.7959
   -7.5000   30.0000  -45.0000 6205.0488   11.4857
    0.0000   30.0000  -45.0000 6238.4556   11.5112
    7.5000   30.0000  -45.0000 5933.6348   11.4957
   -7.5000   37.5000  -45.0000 5608.6396   11.1813
    0.0000   37.5000  -45.0000 5632.8516   11.2075
    7.5000   37.5000  -45.0000 5368.5854   11.1913
   -7.5000   45.0000  -45.0000 5062.9888   11.0677
    0.0000   45.0000  -45.0000 5078.0879   11.1000
    7.5000   45.0000  -45.0000 4827.1797   11.0868
   -7.5000  -45.0000  -37.5000 6842.0898   11.4923
    0.0000  -45.0000  -37.5000 6941.3379   11.5253
    7.5000  -45.0000  -37.5000 6578.3584   11.5031
   -7.5000  -37.5000  -37.5000 7247.0396   12.1927
    0.0000  -37.5000  -37.5000 7353.4585   12.2301
    7.5000  -37.5000  -37.5000 6970.5239   12.2113
   -7.5000  -30.0000  -37.5000 7648.2183   12.5352
    0.0000  -30.0000  -37.5000 7741.0586   12.5733
    7.5000  -30.0000  -37.5000 7348.2305   12.5541
   -7.5000  -22.5000  -37.5000 8138.7383   12.5394
    0.0000  -22.5000  -37.5000 8254.3848   12.5746
    7.5000  -22.5000  -37.5000 7815.8525   12.5514
   -7.5000  -15.0000  -37.5000 8556.1543   12.5657
    0.0000  -15.0000  -37.5000 8701.1104   12.5985
    7.5000  -15.0000  -37.5000 8231.5371   12.5706
   -7.5000   -7.5000  -37.5000 8601.2021   12.5870
    0.0000   -7.5000  -37.5000 8730.0439   12.6201
    7.5000   -7.5000  -37.5000 8267.4551   12.5913
   -7.5000    0.0000  -37.5000 8637.5352   12.5821
    0.0000    0.0000  -37.5000 8741.2285   12.6182
    7.5000    0.0000  -37.5000 8283.7812   12.5939
   -7.5000    7.5000  -37.5000 8333.5684   12.5550
    0.0000    7.5000  -37.5000 8419.3848   12.5935
    7.5000    7.5000  -37.5000 7980.5811   12.5741
   -7.5000   15.0000  -37.5000 8007.2510   12.5347
    0.0000   15.0000  -37.5000 8072.4268   12.5727
    7.5000   15.0000  -37.5000 7660.3125   12.5535
   -7.5000   22.5000  -37.5000 7281.5498   12.3717
    0.0000   22.5000  -37.5000 7328.6265   12.4065
    7.5000   22.5000  -37.5000 6966.6670   12.3836
   -7.5000   30.0000  -37.5000 6637.4990   12.0746
    0.0000   30.0000  -37.5000 6676.6084   12.1061
    7.5000   30.0000  -37.5000 6343.0020   12.0794
   -7.5000   37.5000  -37.5000 5990.8887   11.7670
    0.0000   37.5000  -37.5000 6025.0576   11.7989
    7.5000   37.5000  -37.5000 5735.2271   11.7710
   -7.5000   45.0000  -37.5000 5400.2749   11.6414
    0.0000   45.0000  -37.5000 5410.1025   11.6788
    7.5000   45.0000  -37.5000 5163.1108   11.6539
   -7.5000  -45.0000  -30.0000 7397.9961   12.0041
    0.0000  -45.0000  -30.0000 7489.1450   12.0460
    7.5000  -45.0000  -30.0000 7108.0229   12.0201
   -7.5000  -37.5000  -30.0000 7813.1895   12.7412
    0.0000  -37.5000  -30.0000 7919.4902   12.7881
    7.5000  -37.5000  -30.0000 7517.6460   12.7644
   -7.5000  -30.0000  -30.0000 8241.1963   13.0751
    0.0000  -30.0000  -30.0000 8351.7734   13.1250
    7.5000  -30.0000  -30.0000 7924.8853   13.1001
   -7.5000  -22.5000  -30.0000 8784.0391   13.0731
    0.0000  -22.5000  -30.0000 8920.6523   13.1225
    7.5000  -22.5000  -30.0000 8433.7686   13.0941
   -7.5000  -15.0000  -30.0000 9230.3096   13.1003
    0.0000  -15.0000  -30.0000 9410.1572   13.1474
    7.5000  -15.0000  -30.0000 8869.7168   13.1157
   -7.5000   -7.5000  -30.0000 9262.1006   13.1275
    0.0000   -7.5000  -30.0000 9419.8633   13.1729
    7.5000   -7.5000  -30.0000 8878.5967   13.1406
   -7.5000    0.0000  -30.0000 9258.4912   13.1288
    0.0000    0.0000  -30.0000 9394.8789   13.1745
    7.5000    0.0000  -30.0000 8873.4014   13.1462
   -7.5000    7.5000  -30.0000 8900.0947   13.0999
    0.0000    7.5000  -30.0000 9012.4668   13.1481
    7.5000    7.5000  -30.0000 8516.8369   13.1238
   -7.5000   15.0000  -30.0000 8545.1484   13.0733
    0.0000   15.0000  -30.0000 8627.8877   13.1232
    7.5000   15.0000  -30.0000 8172.3521   13.0983
   -7.5000   22.5000  -30.0000 7757.6006   12.8989
    0.0000   22.5000  -30.0000 7832.4756   12.9476
    7.5000   22.5000  -30.0000 7436.0347   12.9196
   -7.5000   30.0000  -30.0000 7065.9019   12.5975
    0.0000   30.0000  -30.0000 7137.7441   12.6428
    7.5000   30.0000  -30.0000 6775.2832   12.6123
   -7.5000   37.5000  -30.0000 6336.5908   12.2913
    0.0000   37.5000  -30.0000 6404.4590   12.3350
    7.5000   37.5000  -30.0000 6082.8506   12.3040
   -7.5000   45.0000  -30.0000 5710.8184   12.1635
    0.0000   45.0000  -30.0000 5730.6997   12.2094
    7.5000   45.0000  -30.0000 5448.1914   12.1805
   -7.5000  -45.0000  -22.5000 7938.2183   12.4769
    0.0000  -45.0000  -22.5000 8031.9116   12.5262
    7.5000  -45.0000  -22.5000 7631.1733   12.5084
   -7.5000  -37.5000  -22.5000 8364.8975   13.2557
    0.0000  -37.5000  -22.5000 8480.2432   13.3105
    7.5000  -37.5000  -22.5000 8036.5361   13.2934
   -7.5000  -30.0000  -22.5000 8834.7051   13.5936
    0.0000  -30.0000  -22.5000 8939.2539   13.6539
    7.5000  -30.0000  -22.5000 8478.7139   13.6348
   -7.5000  -22.5000  -22.5000 9420.4961   13.5929
    0.0000  -22.5000  -22.5000 9574.9336   13.6548
    7.5000  -22.5000  -22.5000 9032.9609   13.6334
   -7.5000  -15.0000  -22.5000 9896.1875   13.6157
    0.0000  -15.0000  -22.500010104.4854   13.6755
    7.5000  -15.0000  -22.5000 9491.4961   13.6531
   -7.5000   -7.5000  -22.5000 9930.0430   13.6377
    0.0000   -7.5000  -22.500010102.6221   13.6937
    7.5000   -7.5000  -22.5000 9493.7100   13.6714
   -7.5000    0.0000  -22.5000 9915.3555   13.6380
    0.0000    0.0000  -22.500010065.4375   13.6919
    7.5000    0.0000  -22.5000 9469.4326   13.6725
   -7.5000    7.5000  -22.5000 9487.5459   13.6119
    0.0000    7.5000  -22.5000 9598.0596   13.6682
    7.5000    7.5000  -22.5000 9049.7480   13.6506
   -7.5000   15.0000  -22.5000 9078.6494   13.5904
    0.0000   15.0000  -22.5000 9193.8506   13.6506
    7.5000   15.0000  -22.5000 8693.3525   13.6315
   -7.5000   22.5000  -22.5000 8250.1758   13.4130
    0.0000   22.5000  -22.5000 8349.7939   13.4741
    7.5000   22.5000  -22.5000 7894.5962   13.4530
   -7.5000   30.0000  -22.5000 7480.4121   13.1028
    0.0000   30.0000  -22.5000 7561.9883   13.1603
    7.5000   30.0000  -22.5000 7164.1938   13.1387
   -7.5000   37.5000  -22.5000 6692.6519   12.7873
    0.0000   37.5000  -22.5000 6759.2778   12.8413
    7.5000   37.5000  -22.5000 6415.9995   12.8199
   -7.5000   45.0000  -22.5000 6005.7651   12.6640
    0.0000   45.0000  -22.5000 6036.9678   12.7166
    7.5000   45.0000  -22.5000 5738.6353   12.6966
   -7.5000  -45.0000  -15.0000 8469.2783   12.8836
    0.0000  -45.0000  -15.0000 8563.8721   12.9287
    7.5000  -45.0000  -15.0000 8126.3901   12.9219
   -7.5000  -37.5000  -15.0000 8906.9844   13.6907
    0.0000  -37.5000  -15.0000 8997.9883   13.7413
    7.5000  -37.5000  -15.0000 8532.2812   13.7351
   -7.5000  -30.0000  -15.0000 9415.1865   14.0394
    0.0000  -30.0000  -15.0000 9525.9385   14.0958
    7.5000  -30.0000  -15.0000 9012.4346   14.0873
   -7.5000  -22.5000  -15.000010030.6592   14.0476
    0.0000  -22.5000  -15.000010234.8340   14.1059
    7.5000  -22.5000  -15.0000 9613.4434   14.0954
   -7.5000  -15.0000  -15.000010528.5244   14.0666
    0.0000  -15.0000  -15.000010719.0967   14.1222
    7.5000  -15.0000  -15.000010062.5527   14.1112
   -7.5000   -7.5000  -15.000010561.0400   14.0774
    0.0000   -7.5000  -15.000010723.2080   14.1286
    7.5000   -7.5000  -15.000010079.4043   14.1184
   -7.5000    0.0000  -15.000010575.9590   14.0689
    0.0000    0.0000  -15.000010716.8213   14.1181
    7.5000    0.0000  -15.000010064.1738   14.1107
   -7.5000    7.5000  -15.000010071.3916   14.0449
    0.0000    7.5000  -15.000010168.6045   14.0969
    7.5000    7.5000  -15.0000 9568.6133   14.0906
   -7.5000   15.0000  -15.0000 9600.9922   14.0351
    0.0000   15.0000  -15.0000 9715.1826   14.0915
    7.5000   15.0000  -15.0000 9150.8779   14.0830
   -7.5000   22.5000  -15.0000 8742.6426   13.8638
    0.0000   22.5000  -15.0000 8839.9326   13.9214
    7.5000   22.5000  -15.0000 8324.2178   13.9111
   -7.5000   30.0000  -15.0000 7910.4888   13.5469
    0.0000   30.0000  -15.0000 7982.9341   13.6004
    7.5000   30.0000  -15.0000 7547.9819   13.5898
   -7.5000   37.5000  -15.0000 7053.4160   13.2176
    0.0000   37.5000  -15.0000 7126.3633   13.2670
    7.5000   37.5000  -15.0000 6740.7578   13.2570
   -7.5000   45.0000  -15.0000 6296.2256   13.0945
    0.0000   45.0000  -15.0000 6343.0435   13.1428
    7.5000   45.0000  -15.0000 6021.3813   13.1346
   -7.5000  -45.0000   -7.5000 8723.4902   12.8868
    0.0000  -45.0000   -7.5000 8814.3408   12.9227
    7.5000  -45.0000   -7.5000 8353.0400   12.9178
   -7.5000  -37.5000   -7.5000 9170.3496   13.6928
    0.0000  -37.5000   -7.5000 9241.0039   13.7340
    7.5000  -37.5000   -7.5000 8763.9258   13.7309
   -7.5000  -30.0000   -7.5000 9693.7959   14.0466
    0.0000  -30.0000   -7.5000 9828.4570   14.0904
    7.5000  -30.0000   -7.5000 9266.5166   14.0857
   -7.5000  -22.5000   -7.500010322.9941   14.0612
    0.0000  -22.5000   -7.500010545.2002   14.1041
    7.5000  -22.5000   -7.5000 9866.1729   14.0964
   -7.5000  -15.0000   -7.500010821.5635   14.0812
    0.0000  -15.0000   -7.500010987.7598   14.1212
    7.5000  -15.0000   -7.500010300.7080   14.1114
   -7.5000   -7.5000   -7.500010879.6631   14.0874
    0.0000   -7.5000   -7.500010983.2500   14.1254
    7.5000   -7.5000   -7.500010349.3701   14.1162
   -7.5000    0.0000   -7.500010882.2383   14.0724
    0.0000    0.0000   -7.500010967.4990   14.1116
    7.5000    0.0000   -7.500010337.1006   14.1063
   -7.5000    7.5000   -7.500010306.8506   14.0471
    0.0000    7.5000   -7.500010365.3418   14.0894
    7.5000    7.5000   -7.5000 9764.7031   14.0862
   -7.5000   15.0000   -7.5000 9810.1348   14.0422
    0.0000   15.0000   -7.5000 9903.9863   14.0861
    7.5000   15.0000   -7.5000 9322.4697   14.0813
   -7.5000   22.5000   -7.5000 8938.4395   13.8773
    0.0000   22.5000   -7.5000 9027.4287   13.9196
    7.5000   22.5000   -7.5000 8493.5742   13.9120
   -7.5000   30.0000   -7.5000 8112.2407   13.5609
    0.0000   30.0000   -7.5000 8172.1416   13.5994
    7.5000   30.0000   -7.5000 7711.5615   13.5900
   -7.5000   37.5000   -7.5000 7233.7954   13.2260
    0.0000   37.5000   -7.5000 7303.0361   13.2627
    7.5000   37.5000   -7.5000 6888.5562   13.2535
   -7.5000   45.0000   -7.5000 6408.8979   13.0981
    0.0000   45.0000   -7.5000 6468.6567   13.1378
    7.5000   45.0000   -7.5000 6097.4199   13.1318
   -7.5000  -45.0000    0.0000 8752.5391   13.2513
    0.0000  -45.0000    0.0000 8812.1279   13.2844
    7.5000  -45.0000    0.0000 8378.3379   13.2699
   -7.5000  -37.5000    0.0000 9239.4531   14.0705
    0.0000  -37.5000    0.0000 9276.5088   14.1087
    7.5000  -37.5000    0.0000 8820.6758   14.0976
   -7.5000  -30.0000    0.0000 9854.8994   14.4193
    0.0000  -30.0000    0.0000 9982.0908   14.4571
    7.5000  -30.0000    0.0000 9411.9189   14.4456
   -7.5000  -22.5000    0.000010482.6641   14.4326
    0.0000  -22.5000    0.000010658.9746   14.4666
    7.5000  -22.5000    0.0000 9999.8770   14.4510
   -7.5000  -15.0000    0.000010964.0684   14.4579
    0.0000  -15.0000    0.000011050.1846   14.4889
    7.5000  -15.0000    0.000010420.8887   14.4687
   -7.5000   -7.5000    0.000011013.4785   14.4702
    0.0000   -7.5000    0.000011056.5342   14.5019
    7.5000   -7.5000    0.000010458.0811   14.4812
   -7.5000    0.0000    0.000011004.4170   14.4562
    0.0000    0.0000    0.000011028.4287   14.4923
    7.5000    0.0000    0.000010443.9932   14.4764
   -7.5000    7.5000    0.000010338.1396   14.4251
    0.0000    7.5000    0.000010365.9482   14.4642
    7.5000    7.5000    0.0000 9814.3359   14.4529
   -7.5000   15.0000    0.0000 9848.3457   14.4142
    0.0000   15.0000    0.0000 9896.1787   14.4520
    7.5000   15.0000    0.0000 9335.3350   14.4405
   -7.5000   22.5000    0.0000 8972.5000   14.2458
    0.0000   22.5000    0.0000 9033.0752   14.2794
    7.5000   22.5000    0.0000 8512.7520   14.2639
   -7.5000   30.0000    0.0000 8137.5947   13.9321
    0.0000   30.0000    0.0000 8206.3555   13.9619
    7.5000   30.0000    0.0000 7721.5625   13.9425
   -7.5000   37.5000    0.0000 7240.3491   13.6029
    0.0000   37.5000    0.0000 7321.0645   13.6336
    7.5000   37.5000    0.0000 6884.1655   13.6132
   -7.5000   45.0000    0.0000 6390.2246   13.4832
    0.0000   45.0000    0.0000 6454.1543   13.5212
    7.5000   45.0000    0.0000 6074.5098   13.5047
   -7.5000  -45.0000    7.5000 8447.1777   13.2891
    0.0000  -45.0000    7.5000 8474.9883   13.3262
    7.5000  -45.0000    7.5000 8092.5215   13.2999
   -7.5000  -37.5000    7.5000 8945.7148   14.1062
    0.0000  -37.5000    7.5000 8986.3525   14.1485
    7.5000  -37.5000    7.5000 8539.1416   14.1261
   -7.5000  -30.0000    7.5000 9637.3984   14.4435
    0.0000  -30.0000    7.5000 9746.5928   14.4864
    7.5000  -30.0000    7.5000 9203.4824   14.4636
   -7.5000  -22.5000    7.500010356.1309   14.4482
    0.0000  -22.5000    7.500010419.1777   14.4879
    7.5000  -22.5000    7.5000 9852.6523   14.4605
   -7.5000  -15.0000    7.500010810.6221   14.4784
    0.0000  -15.0000    7.500010795.4004   14.5152
    7.5000  -15.0000    7.500010243.4033   14.4826
   -7.5000   -7.5000    7.500010797.1758   14.5029
    0.0000   -7.5000    7.500010782.8047   14.5400
    7.5000   -7.5000    7.500010235.8057   14.5062
   -7.5000    0.0000    7.500010702.5303   14.4973
    0.0000    0.0000    7.500010729.8525   14.5378
    7.5000    0.0000    7.500010169.4170   14.5091
   -7.5000    7.5000    7.5000 9986.9873   14.4617
    0.0000    7.5000    7.500010022.4307   14.5051
    7.5000    7.5000    7.5000 9476.6992   14.4820
   -7.5000   15.0000    7.5000 9485.9102   14.4384
    0.0000   15.0000    7.5000 9526.2803   14.4813
    7.5000   15.0000    7.5000 8991.4609   14.4584
   -7.5000   22.5000    7.5000 8622.3320   14.2612
    0.0000   22.5000    7.5000 8661.6250   14.3004
    7.5000   22.5000    7.5000 8167.5708   14.2734
   -7.5000   30.0000    7.5000 7811.0020   13.9519
    0.0000   30.0000    7.5000 7869.3252   13.9873
    7.5000   30.0000    7.5000 7419.5430   13.9558
   -7.5000   37.5000    7.5000 6940.1323   13.6359
    0.0000   37.5000    7.5000 6990.5571   13.6718
    7.5000   37.5000    7.5000 6605.7534   13.6390
   -7.5000   45.0000    7.5000 6132.0034   13.5232
    0.0000   45.0000    7.5000 6163.9858   13.5655
    7.5000   45.0000    7.5000 5826.1899   13.5360
   -7.5000  -45.0000   15.0000 8483.1514   13.3300
    0.0000  -45.0000   15.0000 8534.8740   13.3768
    7.5000  -45.0000   15.0000 8109.6172   13.3480
   -7.5000  -37.5000   15.0000 8928.5264   14.1500
    0.0000  -37.5000   15.0000 8993.3457   14.2024
    7.5000  -37.5000   15.0000 8536.9971   14.1761
   -7.5000  -30.0000   15.0000 9503.8945   14.4818
    0.0000  -30.0000   15.0000 9642.1084   14.5374
    7.5000  -30.0000   15.0000 9116.8555   14.5099
   -7.5000  -22.5000   15.000010255.4365   14.4795
    0.0000  -22.5000   15.000010375.4209   14.5344
    7.5000  -22.5000   15.0000 9808.8428   14.5029
   -7.5000  -15.0000   15.000010809.0127   14.5098
    0.0000  -15.0000   15.000010873.2100   14.5622
    7.5000  -15.0000   15.000010294.7432   14.5270
   -7.5000   -7.5000   15.000010752.9580   14.5404
    0.0000   -7.5000   15.000010764.6367   14.5909
    7.5000   -7.5000   15.000010238.9883   14.5551
   -7.5000    0.0000   15.000010616.9531   14.5420
    0.0000    0.0000   15.000010627.1562   14.5930
    7.5000    0.0000   15.000010123.1406   14.5616
   -7.5000    7.5000   15.0000 9858.2920   14.5066
    0.0000    7.5000   15.0000 9861.5303   14.5603
    7.5000    7.5000   15.0000 9387.0801   14.5334
   -7.5000   15.0000   15.0000 9353.0312   14.4767
    0.0000   15.0000   15.0000 9363.1367   14.5323
    7.5000   15.0000   15.0000 8904.7803   14.5048
   -7.5000   22.5000   15.0000 8531.0996   14.2921
    0.0000   22.5000   15.0000 8580.2822   14.3463
    7.5000   22.5000   15.0000 8121.0063   14.3152
   -7.5000   30.0000   15.0000 7719.9141   13.9821
    0.0000   30.0000   15.0000 7772.8140   14.0325
    7.5000   30.0000   15.0000 7349.3911   13.9987
   -7.5000   37.5000   15.0000 6853.2549   13.6724
    0.0000   37.5000   15.0000 6894.1689   13.7212
    7.5000   37.5000   15.0000 6540.3530   13.6867
   -7.5000   45.0000   15.0000 6052.6216   13.5660
    0.0000   45.0000   15.0000 6082.8218   13.6174
    7.5000   45.0000   15.0000 5757.3662   13.5851
   -7.5000  -45.0000   22.5000 8003.9829   13.5022
    0.0000  -45.0000   22.5000 8139.9795   13.5566
    7.5000  -45.0000   22.5000 7667.7690   13.5376
   -7.5000  -37.5000   22.5000 8397.9922   14.3424
    0.0000  -37.5000   22.5000 8534.5244   14.4028
    7.5000  -37.5000   22.5000 8068.6777   14.3847
   -7.5000  -30.0000   22.5000 8860.5771   14.6872
    0.0000  -30.0000   22.5000 9002.3711   14.7536
    7.5000  -30.0000   22.5000 8533.3877   14.7334
   -7.5000  -22.5000   22.5000 9485.7207   14.6834
    0.0000  -22.5000   22.5000 9626.2637   14.7514
    7.5000  -22.5000   22.5000 9105.8164   14.7287
   -7.5000  -15.0000   22.500010033.9980   14.7033
    0.0000  -15.0000   22.500010169.4219   14.7688
    7.5000  -15.0000   22.5000 9604.0117   14.7448
   -7.5000   -7.5000   22.500010045.6055   14.7265
    0.0000   -7.5000   22.500010131.9912   14.7879
    7.5000   -7.5000   22.5000 9618.8369   14.7640
   -7.5000    0.0000   22.5000 9967.8242   14.7298
    0.0000    0.0000   22.500010016.3047   14.7892
    7.5000    0.0000   22.5000 9534.4512   14.7684
   -7.5000    7.5000   22.5000 9266.7539   14.7038
    0.0000    7.5000   22.5000 9279.8721   14.7658
    7.5000    7.5000   22.5000 8849.0273   14.7472
   -7.5000   15.0000   22.5000 8828.0469   14.6820
    0.0000   15.0000   22.5000 8836.7344   14.7483
    7.5000   15.0000   22.5000 8420.3525   14.7281
   -7.5000   22.5000   22.5000 8070.0864   14.4934
    0.0000   22.5000   22.5000 8099.0649   14.5605
    7.5000   22.5000   22.5000 7689.3960   14.5381
   -7.5000   30.0000   22.5000 7276.8232   14.1686
    0.0000   30.0000   22.5000 7313.9390   14.2317
    7.5000   30.0000   22.5000 6940.1655   14.2086
   -7.5000   37.5000   22.5000 6452.5396   13.8472
    0.0000   37.5000   22.5000 6477.4438   13.9066
    7.5000   37.5000   22.5000 6150.0640   13.8835
   -7.5000   45.0000   22.5000 5703.3950   13.7461
    0.0000   45.0000   22.5000 5715.0869   13.8044
    7.5000   45.0000   22.5000 5433.0859   13.7828
   -7.5000  -45.0000   30.0000 7512.6851   13.6283
    0.0000  -45.0000   30.0000 7610.0938   13.6774
    7.5000  -45.0000   30.0000 7192.1255   13.6732
   -7.5000  -37.5000   30.0000 7877.0903   14.4907
    0.0000  -37.5000   30.0000 7958.7173   14.5460
    7.5000  -37.5000   30.0000 7553.2427   14.5428
   -7.5000  -30.0000   30.0000 8305.7617   14.8565
    0.0000  -30.0000   30.0000 8372.9893   14.9183
    7.5000  -30.0000   30.0000 7968.2056   14.9125
   -7.5000  -22.5000   30.0000 8842.5283   14.8602
    0.0000  -22.5000   30.0000 8906.8525   14.9243
    7.5000  -22.5000   30.0000 8476.2598   14.9161
   -7.5000  -15.0000   30.0000 9302.5801   14.8707
    0.0000  -15.0000   30.0000 9386.4111   14.9317
    7.5000  -15.0000   30.0000 8913.6543   14.9229
   -7.5000   -7.5000   30.0000 9332.0938   14.8795
    0.0000   -7.5000   30.0000 9407.9570   14.9354
    7.5000   -7.5000   30.0000 8950.3311   14.9275
   -7.5000    0.0000   30.0000 9307.2148   14.8765
    0.0000    0.0000   30.0000 9370.2393   14.9301
    7.5000    0.0000   30.0000 8912.3125   14.9255
   -7.5000    7.5000   30.0000 8654.3867   14.8584
    0.0000    7.5000   30.0000 8699.9727   14.9151
    7.5000    7.5000   30.0000 8275.2832   14.9118
   -7.5000   15.0000   30.0000 8255.2227   14.8512
    0.0000   15.0000   30.0000 8302.6494   14.9129
    7.5000   15.0000   30.0000 7878.4888   14.9072
   -7.5000   22.5000   30.0000 7546.0723   14.6666
    0.0000   22.5000   30.0000 7597.6729   14.7298
    7.5000   22.5000   30.0000 7200.6978   14.7218
   -7.5000   30.0000   30.0000 6788.1294   14.3364
    0.0000   30.0000   30.0000 6833.1299   14.3953
    7.5000   30.0000   30.0000 6488.0913   14.3868
   -7.5000   37.5000   30.0000 6025.6035   14.0032
    0.0000   37.5000   30.0000 6053.8164   14.0574
    7.5000   37.5000   30.0000 5756.1113   14.0494
   -7.5000   45.0000   30.0000 5343.2031   13.9085
    0.0000   45.0000   30.0000 5344.8994   13.9615
    7.5000   45.0000   30.0000 5089.7607   13.9558
   -7.5000  -45.0000   37.5000 7012.2100   13.7037
    0.0000  -45.0000   37.5000 7106.6006   13.7503
    7.5000  -45.0000   37.5000 6721.4624   13.7432
   -7.5000  -37.5000   37.5000 7365.4497   14.5773
    0.0000  -37.5000   37.5000 7443.4756   14.6330
    7.5000  -37.5000   37.5000 7057.1704   14.6285
   -7.5000  -30.0000   37.5000 7751.4824   14.9479
    0.0000  -30.0000   37.5000 7820.8013   15.0071
    7.5000  -30.0000   37.5000 7429.2002   15.0012
   -7.5000  -22.5000   37.5000 8247.0801   14.9620
    0.0000  -22.5000   37.5000 8300.1660   15.0177
    7.5000  -22.5000   37.5000 7893.3916   15.0083
   -7.5000  -15.0000   37.5000 8650.8350   14.9696
    0.0000  -15.0000   37.5000 8712.4307   15.0193
    7.5000  -15.0000   37.5000 8280.7910   15.0068
   -7.5000   -7.5000   37.5000 8677.0410   14.9658
    0.0000   -7.5000   37.5000 8742.3867   15.0129
    7.5000   -7.5000   37.5000 8331.9746   15.0007
   -7.5000    0.0000   37.5000 8666.7188   14.9531
    0.0000    0.0000   37.5000 8720.1680   15.0039
    7.5000    0.0000   37.5000 8313.2139   14.9962
   -7.5000    7.5000   37.5000 8070.4321   14.9380
    0.0000    7.5000   37.5000 8135.2910   14.9950
    7.5000    7.5000   37.5000 7745.4565   14.9904
   -7.5000   15.0000   37.5000 7724.2886   14.9425
    0.0000   15.0000   37.5000 7771.5464   15.0017
    7.5000   15.0000   37.5000 7393.7490   14.9957
   -7.5000   22.5000   37.5000 7050.1738   14.7645
    0.0000   22.5000   37.5000 7097.6919   14.8194
    7.5000   22.5000   37.5000 6744.8125   14.8101
   -7.5000   30.0000   37.5000 6344.8228   14.4317
    0.0000   30.0000   37.5000 6395.0610   14.4796
    7.5000   30.0000   37.5000 6077.7437   14.4676
   -7.5000   37.5000   37.5000 5644.2798   14.0856
    0.0000   37.5000   37.5000 5667.4761   14.1312
    7.5000   37.5000   37.5000 5398.0571   14.1189
   -7.5000   45.0000   37.5000 5004.2734   13.9883
    0.0000   45.0000   37.5000 5014.7178   14.0399
    7.5000   45.0000   37.5000 4780.2051   14.0313
   -7.5000  -45.0000   45.0000 6531.0698   13.9007
    0.0000  -45.0000   45.0000 6610.7026   13.9466
    7.5000  -45.0000   45.0000 6258.0947   13.9241
   -7.5000  -37.5000   45.0000 6841.2432   14.7860
    0.0000  -37.5000   45.0000 6910.9761   14.8407
    7.5000  -37.5000   45.0000 6556.9399   14.8237
   -7.5000  -30.0000   45.0000 7176.7358   15.1438
    0.0000  -30.0000   45.0000 7252.8818   15.1997
    7.5000  -30.0000   45.0000 6887.5156   15.1844
   -7.5000  -22.5000   45.0000 7601.3730   15.1570
    0.0000  -22.5000   45.0000 7676.9321   15.2072
    7.5000  -22.5000   45.0000 7307.5884   15.1879
   -7.5000  -15.0000   45.0000 8001.9937   15.1681
    0.0000  -15.0000   45.0000 8068.1152   15.2123
    7.5000  -15.0000   45.0000 7681.4341   15.1860
   -7.5000   -7.5000   45.0000 8040.0518   15.1674
    0.0000   -7.5000   45.0000 8105.1001   15.2112
    7.5000   -7.5000   45.0000 7723.9277   15.1821
   -7.5000    0.0000   45.0000 8052.3999   15.1550
    0.0000    0.0000   45.0000 8109.5630   15.2050
    7.5000    0.0000   45.0000 7724.5708   15.1805
   -7.5000    7.5000   45.0000 7501.9570   15.1373
    0.0000    7.5000   45.0000 7554.8413   15.1933
    7.5000    7.5000   45.0000 7191.7886   15.1758
   -7.5000   15.0000   45.0000 7187.3286   15.1382
    0.0000   15.0000   45.0000 7237.6021   15.1940
    7.5000   15.0000   45.0000 6875.7886   15.1787
   -7.5000   22.5000   45.0000 6566.8789   14.9549
    0.0000   22.5000   45.0000 6617.4004   15.0045
    7.5000   22.5000   45.0000 6280.2290   14.9854
   -7.5000   30.0000   45.0000 5923.3052   14.6216
    0.0000   30.0000   45.0000 5966.1279   14.6642
    7.5000   30.0000   45.0000 5673.6191   14.6389
   -7.5000   37.5000   45.0000 5278.0029   14.2758
    0.0000   37.5000   45.0000 5298.7642   14.3181
    7.5000   37.5000   45.0000 5041.1309   14.2895
   -7.5000   45.0000   45.0000 4682.9663   14.1818
    0.0000   45.0000   45.0000 4695.2695   14.2340
    7.5000   45.0000   45.0000 4480.8682   14.2086

---------------------------------------------------------------------
imgreg_4dfp /opt/freesurfer/average/711-2C_as_mni_average_305 /opt/freesurfer/average/711-2B_as_mni_average_305_mask talsrcimg_g11 none talsrcimg_to_711-2C_as_mni_average_305_t4 4355
---------------------------------------------------------------------

freesurfer imgreg_4dfp.c
/opt/freesurfer/average/711-2C_as_mni_average_305.4dfp.img
       256       256       256         1
  1.000000  1.000000  1.000000
orientation T byte_order littleendian
Reading image: /opt/freesurfer/average/711-2C_as_mni_average_305.4dfp.img
dimensions:      256       256       256
mmppix:       1.0000   -1.0000   -1.0000
center:     128.0000 -129.0000 -129.0000
/opt/freesurfer/average/711-2B_as_mni_average_305_mask.4dfp.img
       256       256       256         1
  1.000000  1.000000  1.000000
orientation T byte_order littleendian
Reading mask: /opt/freesurfer/average/711-2B_as_mni_average_305_mask.4dfp.img (2306576 pixels)
talsrcimg_g11.4dfp.img
       256       256       256         1
  0.898437  0.898437  0.898437
orientation T byte_order littleendian
Reading image: talsrcimg_g11.4dfp.img
dimensions:      256       256       256
mmppix:       0.8984   -0.8984   -0.8984
center:     114.9999 -115.8984 -115.8984
rotation matrix determinant  1.000000
image alignment mode   4355 decimal     1103 hex
   -7.5000  -52.5000  -45.0000 1857.5050   12.7299
    0.0000  -52.5000  -45.0000 1881.6204   12.5920
    7.5000  -52.5000  -45.0000 1854.9473   12.6904
   -7.5000  -45.0000  -45.0000 1960.7686   11.8776
    0.0000  -45.0000  -45.0000 1984.6268   11.7931
    7.5000  -45.0000  -45.0000 1959.0834   11.8535
   -7.5000  -37.5000  -45.0000 2017.3511   11.1982
    0.0000  -37.5000  -45.0000 2043.7194   11.1390
    7.5000  -37.5000  -45.0000 2018.9973   11.1782
   -7.5000  -30.0000  -45.0000 2045.2516   10.7100
    0.0000  -30.0000  -45.0000 2066.7244   10.6209
    7.5000  -30.0000  -45.0000 2045.9048   10.7052
   -7.5000  -22.5000  -45.0000 2050.3286   10.4337
    0.0000  -22.5000  -45.0000 2072.1941   10.3161
    7.5000  -22.5000  -45.0000 2053.7278   10.4029
   -7.5000  -15.0000  -45.0000 2046.5374   10.3946
    0.0000  -15.0000  -45.0000 2069.0171   10.2782
    7.5000  -15.0000  -45.0000 2049.5574   10.3586
   -7.5000   -7.5000  -45.0000 2026.9176   10.5476
    0.0000   -7.5000  -45.0000 2051.4143   10.4165
    7.5000   -7.5000  -45.0000 2026.6211   10.5327
   -7.5000    0.0000  -45.0000 1999.4762   10.8870
    0.0000    0.0000  -45.0000 2021.9590   10.7515
    7.5000    0.0000  -45.0000 1999.6704   10.8641
   -7.5000    7.5000  -45.0000 1963.4645   11.4613
    0.0000    7.5000  -45.0000 1983.9586   11.3080
    7.5000    7.5000  -45.0000 1958.5079   11.4387
   -7.5000   15.0000  -45.0000 1896.4121   12.4309
    0.0000   15.0000  -45.0000 1915.8115   12.2426
    7.5000   15.0000  -45.0000 1891.8605   12.3841
   -7.5000   22.5000  -45.0000 1806.6788   13.7214
    0.0000   22.5000  -45.0000 1828.3290   13.5285
    7.5000   22.5000  -45.0000 1802.3801   13.6635
   -7.5000   30.0000  -45.0000 1706.5599   15.3599
    0.0000   30.0000  -45.0000 1730.4072   15.1640
    7.5000   30.0000  -45.0000 1699.5618   15.3122
   -7.5000   37.5000  -45.0000 1583.4241   17.4184
    0.0000   37.5000  -45.0000 1602.8228   17.1968
    7.5000   37.5000  -45.0000 1580.5470   17.3680
   -7.5000  -52.5000  -37.5000 2008.4546   12.4486
    0.0000  -52.5000  -37.5000 2034.0535   12.3517
    7.5000  -52.5000  -37.5000 2006.0504   12.4172
   -7.5000  -45.0000  -37.5000 2121.1924   11.6458
    0.0000  -45.0000  -37.5000 2147.7561   11.5577
    7.5000  -45.0000  -37.5000 2118.6699   11.6130
   -7.5000  -37.5000  -37.5000 2179.5723   10.9645
    0.0000  -37.5000  -37.5000 2205.3643   10.9047
    7.5000  -37.5000  -37.5000 2180.7522   10.9379
   -7.5000  -30.0000  -37.5000 2210.2529   10.4918
    0.0000  -30.0000  -37.5000 2234.0725   10.4106
    7.5000  -30.0000  -37.5000 2209.9241   10.4468
   -7.5000  -22.5000  -37.5000 2222.7781   10.2266
    0.0000  -22.5000  -37.5000 2249.1064   10.1461
    7.5000  -22.5000  -37.5000 2225.9241   10.1811
   -7.5000  -15.0000  -37.5000 2219.0283   10.1769
    0.0000  -15.0000  -37.5000 2247.4988   10.0968
    7.5000  -15.0000  -37.5000 2224.0334   10.1266
   -7.5000   -7.5000  -37.5000 2193.9263   10.3199
    0.0000   -7.5000  -37.5000 2222.7322   10.2568
    7.5000   -7.5000  -37.5000 2196.4304   10.3368
   -7.5000    0.0000  -37.5000 2166.0837   10.6123
    0.0000    0.0000  -37.5000 2190.6785   10.5466
    7.5000    0.0000  -37.5000 2165.0771   10.6275
   -7.5000    7.5000  -37.5000 2121.7144   11.2108
    0.0000    7.5000  -37.5000 2143.7725   11.1207
    7.5000    7.5000  -37.5000 2120.1899   11.2039
   -7.5000   15.0000  -37.5000 2051.8086   12.1548
    0.0000   15.0000  -37.5000 2075.5557   12.0235
    7.5000   15.0000  -37.5000 2048.3167   12.1368
   -7.5000   22.5000  -37.5000 1960.0151   13.4236
    0.0000   22.5000  -37.5000 1982.1268   13.2757
    7.5000   22.5000  -37.5000 1954.6533   13.3773
   -7.5000   30.0000  -37.5000 1849.0254   15.0344
    0.0000   30.0000  -37.5000 1869.2491   14.8587
    7.5000   30.0000  -37.5000 1839.5562   14.9768
   -7.5000   37.5000  -37.5000 1711.9556   17.0563
    0.0000   37.5000  -37.5000 1729.7865   16.8381
    7.5000   37.5000  -37.5000 1709.4906   17.0360
   -7.5000  -52.5000  -30.0000 2136.3059   12.0920
    0.0000  -52.5000  -30.0000 2158.3369   12.0241
    7.5000  -52.5000  -30.0000 2138.6475   12.0844
   -7.5000  -45.0000  -30.0000 2252.6577   11.2507
    0.0000  -45.0000  -30.0000 2277.5962   11.1844
    7.5000  -45.0000  -30.0000 2252.3918   11.2359
   -7.5000  -37.5000  -30.0000 2316.4106   10.5813
    0.0000  -37.5000  -30.0000 2341.8359   10.5389
    7.5000  -37.5000  -30.0000 2321.9297   10.5756
   -7.5000  -30.0000  -30.0000 2355.5884   10.1230
    0.0000  -30.0000  -30.0000 2382.4211   10.1077
    7.5000  -30.0000  -30.0000 2362.0803   10.1331
   -7.5000  -22.5000  -30.0000 2378.5557    9.8393
    0.0000  -22.5000  -30.0000 2409.9119    9.8167
    7.5000  -22.5000  -30.0000 2381.1724    9.8535
   -7.5000  -15.0000  -30.0000 2386.0388    9.7883
    0.0000  -15.0000  -30.0000 2415.1621    9.7668
    7.5000  -15.0000  -30.0000 2388.1365    9.7905
   -7.5000   -7.5000  -30.0000 2366.2412    9.9519
    0.0000   -7.5000  -30.0000 2395.9451    9.9337
    7.5000   -7.5000  -30.0000 2364.9124    9.9615
   -7.5000    0.0000  -30.0000 2331.2957   10.2826
    0.0000    0.0000  -30.0000 2359.0964   10.2386
    7.5000    0.0000  -30.0000 2329.3386   10.2911
   -7.5000    7.5000  -30.0000 2276.1921   10.8943
    0.0000    7.5000  -30.0000 2304.1680   10.8516
    7.5000    7.5000  -30.0000 2274.9182   10.9027
   -7.5000   15.0000  -30.0000 2197.6047   11.8116
    0.0000   15.0000  -30.0000 2223.5825   11.7412
    7.5000   15.0000  -30.0000 2194.8411   11.8147
   -7.5000   22.5000  -30.0000 2099.2766   13.0350
    0.0000   22.5000  -30.0000 2121.0972   12.9488
    7.5000   22.5000  -30.0000 2096.3203   13.0147
   -7.5000   30.0000  -30.0000 1974.7650   14.6247
    0.0000   30.0000  -30.0000 2000.5302   14.4929
    7.5000   30.0000  -30.0000 1975.7593   14.5725
   -7.5000   37.5000  -30.0000 1816.9099   16.5607
    0.0000   37.5000  -30.0000 1843.0360   16.4114
    7.5000   37.5000  -30.0000 1818.3555   16.5417
   -7.5000  -52.5000  -22.5000 2241.6592   11.5655
    0.0000  -52.5000  -22.5000 2262.7200   11.5111
    7.5000  -52.5000  -22.5000 2242.9131   11.5583
   -7.5000  -45.0000  -22.5000 2361.3135   10.7389
    0.0000  -45.0000  -22.5000 2383.4724   10.7162
    7.5000  -45.0000  -22.5000 2366.7839   10.7359
   -7.5000  -37.5000  -22.5000 2430.5354   10.0680
    0.0000  -37.5000  -22.5000 2460.7556   10.0550
    7.5000  -37.5000  -22.5000 2438.7195   10.0783
   -7.5000  -30.0000  -22.5000 2482.7678    9.6280
    0.0000  -30.0000  -22.5000 2510.4622    9.6249
    7.5000  -30.0000  -22.5000 2489.3591    9.6548
   -7.5000  -22.5000  -22.5000 2522.9897    9.3803
    0.0000  -22.5000  -22.5000 2552.0100    9.3833
    7.5000  -22.5000  -22.5000 2520.2830    9.4080
   -7.5000  -15.0000  -22.5000 2538.4214    9.2990
    0.0000  -15.0000  -22.5000 2570.3684    9.3031
    7.5000  -15.0000  -22.5000 2538.3311    9.3302
   -7.5000   -7.5000  -22.5000 2526.5068    9.4670
    0.0000   -7.5000  -22.5000 2559.1038    9.4698
    7.5000   -7.5000  -22.5000 2521.3569    9.5006
   -7.5000    0.0000  -22.5000 2484.9841    9.8382
    0.0000    0.0000  -22.5000 2516.9707    9.8127
    7.5000    0.0000  -22.5000 2480.3572    9.8569
   -7.5000    7.5000  -22.5000 2412.8130   10.4877
    0.0000    7.5000  -22.5000 2446.7263   10.4463
    7.5000    7.5000  -22.5000 2410.9854   10.4850
   -7.5000   15.0000  -22.5000 2317.5767   11.3634
    0.0000   15.0000  -22.5000 2349.2229   11.3157
    7.5000   15.0000  -22.5000 2319.0305   11.3559
   -7.5000   22.5000  -22.5000 2208.2334   12.5473
    0.0000   22.5000  -22.5000 2235.5132   12.4658
    7.5000   22.5000  -22.5000 2208.1721   12.5282
   -7.5000   30.0000  -22.5000 2080.7690   14.0841
    0.0000   30.0000  -22.5000 2104.5393   13.9716
    7.5000   30.0000  -22.5000 2080.6572   14.0653
   -7.5000   37.5000  -22.5000 1910.3013   15.9526
    0.0000   37.5000  -22.5000 1930.4889   15.8113
    7.5000   37.5000  -22.5000 1909.7104   15.9026
   -7.5000  -52.5000  -15.0000 2316.5200   11.0474
    0.0000  -52.5000  -15.0000 2339.4038   10.9765
    7.5000  -52.5000  -15.0000 2323.5476   11.0457
   -7.5000  -45.0000  -15.0000 2442.0007   10.2151
    0.0000  -45.0000  -15.0000 2469.2617   10.1523
    7.5000  -45.0000  -15.0000 2448.8740   10.2054
   -7.5000  -37.5000  -15.0000 2531.6775    9.5482
    0.0000  -37.5000  -15.0000 2561.2705    9.5044
    7.5000  -37.5000  -15.0000 2539.9236    9.5579
   -7.5000  -30.0000  -15.0000 2595.5571    9.1333
    0.0000  -30.0000  -15.0000 2626.2793    9.0981
    7.5000  -30.0000  -15.0000 2600.1099    9.1467
   -7.5000  -22.5000  -15.0000 2644.1086    8.9139
    0.0000  -22.5000  -15.0000 2682.5735    8.9053
    7.5000  -22.5000  -15.0000 2644.0593    8.9488
   -7.5000  -15.0000  -15.0000 2663.6194    8.8460
    0.0000  -15.0000  -15.0000 2702.9290    8.8414
    7.5000  -15.0000  -15.0000 2663.9358    8.8785
   -7.5000   -7.5000  -15.0000 2652.7048    8.9913
    0.0000   -7.5000  -15.0000 2692.2747    8.9788
    7.5000   -7.5000  -15.0000 2651.1860    9.0149
   -7.5000    0.0000  -15.0000 2608.4294    9.3708
    0.0000    0.0000  -15.0000 2647.3813    9.3266
    7.5000    0.0000  -15.0000 2599.8176    9.3910
   -7.5000    7.5000  -15.0000 2522.8586   10.0207
    0.0000    7.5000  -15.0000 2556.8557    9.9703
    7.5000    7.5000  -15.0000 2516.5833   10.0289
   -7.5000   15.0000  -15.0000 2406.5356   10.8788
    0.0000   15.0000  -15.0000 2438.6716   10.8376
    7.5000   15.0000  -15.0000 2403.7825   10.8693
   -7.5000   22.5000  -15.0000 2286.5254   12.0565
    0.0000   22.5000  -15.0000 2314.8455   11.9911
    7.5000   22.5000  -15.0000 2282.3572   12.0176
   -7.5000   30.0000  -15.0000 2153.6724   13.5508
    0.0000   30.0000  -15.0000 2173.2261   13.4914
    7.5000   30.0000  -15.0000 2153.0059   13.5317
   -7.5000   37.5000  -15.0000 1979.0475   15.2814
    0.0000   37.5000  -15.0000 1993.9954   15.2180
    7.5000   37.5000  -15.0000 1975.4327   15.2748
   -7.5000  -52.5000   -7.5000 2354.6960   10.5373
    0.0000  -52.5000   -7.5000 2381.6279   10.4261
    7.5000  -52.5000   -7.5000 2359.1279   10.5306
   -7.5000  -45.0000   -7.5000 2490.8430    9.7281
    0.0000  -45.0000   -7.5000 2523.3503    9.6347
    7.5000  -45.0000   -7.5000 2494.6792    9.7329
   -7.5000  -37.5000   -7.5000 2596.2646    9.0809
    0.0000  -37.5000   -7.5000 2628.6692    9.0106
    7.5000  -37.5000   -7.5000 2599.8022    9.0989
   -7.5000  -30.0000   -7.5000 2675.5735    8.6785
    0.0000  -30.0000   -7.5000 2717.4932    8.6193
    7.5000  -30.0000   -7.5000 2680.6355    8.6879
   -7.5000  -22.5000   -7.5000 2734.9309    8.4914
    0.0000  -22.5000   -7.5000 2783.7698    8.4500
    7.5000  -22.5000   -7.5000 2735.7168    8.5032
   -7.5000  -15.0000   -7.5000 2759.8987    8.4216
    0.0000  -15.0000   -7.5000 2808.2253    8.3904
    7.5000  -15.0000   -7.5000 2754.6763    8.4398
   -7.5000   -7.5000   -7.5000 2744.1165    8.5759
    0.0000   -7.5000   -7.5000 2786.4121    8.5252
    7.5000   -7.5000   -7.5000 2738.7644    8.5988
   -7.5000    0.0000   -7.5000 2684.7227    8.9453
    0.0000    0.0000   -7.5000 2720.2068    8.8870
    7.5000    0.0000   -7.5000 2677.2039    8.9720
   -7.5000    7.5000   -7.5000 2588.0847    9.5587
    0.0000    7.5000   -7.5000 2615.9600    9.5018
    7.5000    7.5000   -7.5000 2578.8306    9.5755
   -7.5000   15.0000   -7.5000 2460.6089   10.4181
    0.0000   15.0000   -7.5000 2490.1504   10.3583
    7.5000   15.0000   -7.5000 2454.7700   10.4247
   -7.5000   22.5000   -7.5000 2328.6755   11.5798
    0.0000   22.5000   -7.5000 2352.7793   11.4987
    7.5000   22.5000   -7.5000 2322.8069   11.5419
   -7.5000   30.0000   -7.5000 2191.9382   13.0299
    0.0000   30.0000   -7.5000 2214.4297   12.9548
    7.5000   30.0000   -7.5000 2188.2205   12.9962
   -7.5000   37.5000   -7.5000 2015.1469   14.6512
    0.0000   37.5000   -7.5000 2038.5723   14.5941
    7.5000   37.5000   -7.5000 2011.1864   14.6685
   -7.5000  -52.5000    0.0000 2381.3645   10.3047
    0.0000  -52.5000    0.0000 2413.8970   10.1418
    7.5000  -52.5000    0.0000 2388.2317   10.3042
   -7.5000  -45.0000    0.0000 2524.7498    9.5076
    0.0000  -45.0000    0.0000 2561.0833    9.3721
    7.5000  -45.0000    0.0000 2532.5044    9.5099
   -7.5000  -37.5000    0.0000 2643.2998    8.8939
    0.0000  -37.5000    0.0000 2680.8555    8.7741
    7.5000  -37.5000    0.0000 2645.7791    8.8887
   -7.5000  -30.0000    0.0000 2743.1616    8.5197
    0.0000  -30.0000    0.0000 2789.5737    8.4113
    7.5000  -30.0000    0.0000 2744.9465    8.5173
   -7.5000  -22.5000    0.0000 2817.3567    8.3147
    0.0000  -22.5000    0.0000 2882.2021    8.2281
    7.5000  -22.5000    0.0000 2813.5032    8.3268
   -7.5000  -15.0000    0.0000 2848.4756    8.2361
    0.0000  -15.0000    0.0000 2905.9441    8.1229
    7.5000  -15.0000    0.0000 2835.9119    8.2585
   -7.5000   -7.5000    0.0000 2827.8452    8.4213
    0.0000   -7.5000    0.0000 2872.3760    8.3083
    7.5000   -7.5000    0.0000 2814.2644    8.4320
   -7.5000    0.0000    0.0000 2750.1904    8.7938
    0.0000    0.0000    0.0000 2787.1367    8.6978
    7.5000    0.0000    0.0000 2740.6929    8.8240
   -7.5000    7.5000    0.0000 2631.1323    9.3760
    0.0000    7.5000    0.0000 2664.0938    9.2922
    7.5000    7.5000    0.0000 2628.8940    9.3912
   -7.5000   15.0000    0.0000 2500.0605   10.2261
    0.0000   15.0000    0.0000 2526.5564   10.1220
    7.5000   15.0000    0.0000 2495.4189   10.2085
   -7.5000   22.5000    0.0000 2363.1174   11.3513
    0.0000   22.5000    0.0000 2387.1289   11.2392
    7.5000   22.5000    0.0000 2360.0681   11.3104
   -7.5000   30.0000    0.0000 2219.0999   12.7553
    0.0000   30.0000    0.0000 2247.3713   12.6440
    7.5000   30.0000    0.0000 2214.4395   12.7121
   -7.5000   37.5000    0.0000 2037.4717   14.3431
    0.0000   37.5000    0.0000 2067.2905   14.2528
    7.5000   37.5000    0.0000 2037.0707   14.3447
   -7.5000  -52.5000    7.5000 2398.9036   10.1713
    0.0000  -52.5000    7.5000 2427.0630    9.9993
    7.5000  -52.5000    7.5000 2399.1711   10.1789
   -7.5000  -45.0000    7.5000 2544.0386    9.3636
    0.0000  -45.0000    7.5000 2573.6201    9.2229
    7.5000  -45.0000    7.5000 2545.1531    9.3789
   -7.5000  -37.5000    7.5000 2669.0579    8.7682
    0.0000  -37.5000    7.5000 2704.9858    8.6212
    7.5000  -37.5000    7.5000 2665.5562    8.7804
   -7.5000  -30.0000    7.5000 2773.1265    8.4830
    0.0000  -30.0000    7.5000 2819.3835    8.3570
    7.5000  -30.0000    7.5000 2774.9648    8.4633
   -7.5000  -22.5000    7.5000 2861.5886    8.3208
    0.0000  -22.5000    7.5000 2925.6084    8.2084
    7.5000  -22.5000    7.5000 2852.8103    8.3078
   -7.5000  -15.0000    7.5000 2897.7878    8.2193
    0.0000  -15.0000    7.5000 2961.2195    8.0335
    7.5000  -15.0000    7.5000 2881.3052    8.2218
   -7.5000   -7.5000    7.5000 2872.4502    8.3750
    0.0000   -7.5000    7.5000 2919.7405    8.2194
    7.5000   -7.5000    7.5000 2858.3416    8.3703
   -7.5000    0.0000    7.5000 2772.8411    8.7361
    0.0000    0.0000    7.5000 2814.7312    8.6411
    7.5000    0.0000    7.5000 2769.7249    8.7256
   -7.5000    7.5000    7.5000 2647.5725    9.2789
    0.0000    7.5000    7.5000 2684.6514    9.1861
    7.5000    7.5000    7.5000 2646.1394    9.2730
   -7.5000   15.0000    7.5000 2511.1953   10.0664
    0.0000   15.0000    7.5000 2539.5437    9.9829
    7.5000   15.0000    7.5000 2511.6294   10.0448
   -7.5000   22.5000    7.5000 2370.2925   11.1331
    0.0000   22.5000    7.5000 2394.6887   11.0595
    7.5000   22.5000    7.5000 2366.1877   11.0844
   -7.5000   30.0000    7.5000 2224.0559   12.4786
    0.0000   30.0000    7.5000 2254.5718   12.3943
    7.5000   30.0000    7.5000 2224.6042   12.4554
   -7.5000   37.5000    7.5000 2043.4977   14.1188
    0.0000   37.5000    7.5000 2066.3699   14.0051
    7.5000   37.5000    7.5000 2044.5479   14.0943
   -7.5000  -52.5000   15.0000 2409.9221   10.2030
    0.0000  -52.5000   15.0000 2435.7407   10.0585
    7.5000  -52.5000   15.0000 2405.1272   10.2339
   -7.5000  -45.0000   15.0000 2560.6255    9.4226
    0.0000  -45.0000   15.0000 2586.6404    9.2817
    7.5000  -45.0000   15.0000 2553.2158    9.4327
   -7.5000  -37.5000   15.0000 2681.0032    8.8264
    0.0000  -37.5000   15.0000 2713.7639    8.7030
    7.5000  -37.5000   15.0000 2674.7510    8.8431
   -7.5000  -30.0000   15.0000 2775.0774    8.4930
    0.0000  -30.0000   15.0000 2823.0376    8.4202
    7.5000  -30.0000   15.0000 2769.3530    8.5122
   -7.5000  -22.5000   15.0000 2856.9468    8.3478
    0.0000  -22.5000   15.0000 2916.3782    8.2522
    7.5000  -22.5000   15.0000 2846.6331    8.3649
   -7.5000  -15.0000   15.0000 2888.3840    8.3301
    0.0000  -15.0000   15.0000 2952.3887    8.2064
    7.5000  -15.0000   15.0000 2873.8962    8.3375
   -7.5000   -7.5000   15.0000 2856.5569    8.4438
    0.0000   -7.5000   15.0000 2905.6924    8.3161
    7.5000   -7.5000   15.0000 2845.3022    8.4523
   -7.5000    0.0000   15.0000 2761.2095    8.7567
    0.0000    0.0000   15.0000 2803.8433    8.6455
    7.5000    0.0000   15.0000 2760.0581    8.7598
   -7.5000    7.5000   15.0000 2639.9849    9.2962
    0.0000    7.5000   15.0000 2674.4475    9.1823
    7.5000    7.5000   15.0000 2640.4424    9.2792
   -7.5000   15.0000   15.0000 2500.5530   10.0436
    0.0000   15.0000   15.0000 2526.2629    9.9375
    7.5000   15.0000   15.0000 2501.9023   10.0175
   -7.5000   22.5000   15.0000 2359.9658   11.0231
    0.0000   22.5000   15.0000 2390.0920   10.9527
    7.5000   22.5000   15.0000 2361.8389   11.0154
   -7.5000   30.0000   15.0000 2214.1218   12.3391
    0.0000   30.0000   15.0000 2244.6616   12.2843
    7.5000   30.0000   15.0000 2214.3564   12.3296
   -7.5000   37.5000   15.0000 2032.8156   13.9362
    0.0000   37.5000   15.0000 2055.5405   13.8739
    7.5000   37.5000   15.0000 2031.1833   13.9489
   -7.5000  -52.5000   22.5000 2405.5901   10.4258
    0.0000  -52.5000   22.5000 2433.9465   10.3495
    7.5000  -52.5000   22.5000 2390.6958   10.4770
   -7.5000  -45.0000   22.5000 2551.3779    9.6678
    0.0000  -45.0000   22.5000 2580.8386    9.5751
    7.5000  -45.0000   22.5000 2536.2454    9.7054
   -7.5000  -37.5000   22.5000 2662.8081    9.0671
    0.0000  -37.5000   22.5000 2698.7522    9.0028
    7.5000  -37.5000   22.5000 2653.1047    9.1069
   -7.5000  -30.0000   22.5000 2749.6777    8.6561
    0.0000  -30.0000   22.5000 2793.5166    8.5900
    7.5000  -30.0000   22.5000 2742.9595    8.7089
   -7.5000  -22.5000   22.5000 2813.8416    8.4668
    0.0000  -22.5000   22.5000 2858.2732    8.4011
    7.5000  -22.5000   22.5000 2800.9573    8.5155
   -7.5000  -15.0000   22.5000 2829.7893    8.4611
    0.0000  -15.0000   22.5000 2874.4673    8.4225
    7.5000  -15.0000   22.5000 2818.3274    8.4908
   -7.5000   -7.5000   22.5000 2795.9883    8.6093
    0.0000   -7.5000   22.5000 2836.2139    8.5502
    7.5000   -7.5000   22.5000 2791.1948    8.6111
   -7.5000    0.0000   22.5000 2717.4294    8.9171
    0.0000    0.0000   22.5000 2752.2744    8.8393
    7.5000    0.0000   22.5000 2710.9468    8.9382
   -7.5000    7.5000   22.5000 2602.1523    9.4647
    0.0000    7.5000   22.5000 2626.9126    9.3752
    7.5000    7.5000   22.5000 2595.6213    9.4787
   -7.5000   15.0000   22.5000 2472.8713   10.1700
    0.0000   15.0000   22.5000 2495.6196   10.0858
    7.5000   15.0000   22.5000 2467.9412   10.1772
   -7.5000   22.5000   22.5000 2336.5188   11.0959
    0.0000   22.5000   22.5000 2365.7737   11.0057
    7.5000   22.5000   22.5000 2333.1101   11.1032
   -7.5000   30.0000   22.5000 2185.7886   12.3493
    0.0000   30.0000   22.5000 2214.6313   12.2526
    7.5000   30.0000   22.5000 2185.7017   12.3068
   -7.5000   37.5000   22.5000 2001.7633   13.8650
    0.0000   37.5000   22.5000 2024.6814   13.7772
    7.5000   37.5000   22.5000 1998.6335   13.8747
   -7.5000  -52.5000   30.0000 2381.1655   10.7862
    0.0000  -52.5000   30.0000 2406.4534   10.7206
    7.5000  -52.5000   30.0000 2363.2217   10.8709
   -7.5000  -45.0000   30.0000 2526.0344   10.0351
    0.0000  -45.0000   30.0000 2556.2937    9.9559
    7.5000  -45.0000   30.0000 2508.2429   10.0908
   -7.5000  -37.5000   30.0000 2630.3206    9.4143
    0.0000  -37.5000   30.0000 2664.8218    9.3378
    7.5000  -37.5000   30.0000 2617.7375    9.4671
   -7.5000  -30.0000   30.0000 2708.1123    9.0033
    0.0000  -30.0000   30.0000 2746.5781    8.8990
    7.5000  -30.0000   30.0000 2699.0039    9.0436
   -7.5000  -22.5000   30.0000 2751.3762    8.7957
    0.0000  -22.5000   30.0000 2790.0564    8.7176
    7.5000  -22.5000   30.0000 2740.7263    8.8354
   -7.5000  -15.0000   30.0000 2751.8735    8.7583
    0.0000  -15.0000   30.0000 2790.7671    8.6901
    7.5000  -15.0000   30.0000 2742.2236    8.7942
   -7.5000   -7.5000   30.0000 2713.1248    8.8947
    0.0000   -7.5000   30.0000 2749.4961    8.8189
    7.5000   -7.5000   30.0000 2712.3550    8.8895
   -7.5000    0.0000   30.0000 2641.0122    9.2128
    0.0000    0.0000   30.0000 2672.2378    9.1385
    7.5000    0.0000   30.0000 2634.0505    9.2196
   -7.5000    7.5000   30.0000 2540.4211    9.7294
    0.0000    7.5000   30.0000 2564.1843    9.6809
    7.5000    7.5000   30.0000 2529.3711    9.7626
   -7.5000   15.0000   30.0000 2424.3127   10.4331
    0.0000   15.0000   30.0000 2445.1953   10.3915
    7.5000   15.0000   30.0000 2415.2019   10.4409
   -7.5000   22.5000   30.0000 2296.5393   11.3291
    0.0000   22.5000   30.0000 2320.0586   11.2720
    7.5000   22.5000   30.0000 2288.8467   11.3232
   -7.5000   30.0000   30.0000 2145.0278   12.5617
    0.0000   30.0000   30.0000 2166.9753   12.4682
    7.5000   30.0000   30.0000 2141.1848   12.5278
   -7.5000   37.5000   30.0000 1967.0375   14.0567
    0.0000   37.5000   30.0000 1987.8704   13.9585
    7.5000   37.5000   30.0000 1962.1198   14.0562
   -7.5000  -52.5000   37.5000 2343.6384   11.2618
    0.0000  -52.5000   37.5000 2370.5601   11.2076
    7.5000  -52.5000   37.5000 2330.7161   11.3528
   -7.5000  -45.0000   37.5000 2485.1211   10.5000
    0.0000  -45.0000   37.5000 2516.1045   10.4451
    7.5000  -45.0000   37.5000 2467.2302   10.5833
   -7.5000  -37.5000   37.5000 2586.8181    9.8780
    0.0000  -37.5000   37.5000 2617.6792    9.8033
    7.5000  -37.5000   37.5000 2569.6006    9.9317
   -7.5000  -30.0000   37.5000 2649.3848    9.4753
    0.0000  -30.0000   37.5000 2683.9727    9.3974
    7.5000  -30.0000   37.5000 2637.3831    9.5286
   -7.5000  -22.5000   37.5000 2677.9878    9.2760
    0.0000  -22.5000   37.5000 2709.8384    9.2031
    7.5000  -22.5000   37.5000 2663.8857    9.3220
   -7.5000  -15.0000   37.5000 2662.7480    9.2282
    0.0000  -15.0000   37.5000 2695.1055    9.1387
    7.5000  -15.0000   37.5000 2650.1975    9.2612
   -7.5000   -7.5000   37.5000 2622.9099    9.3310
    0.0000   -7.5000   37.5000 2654.1157    9.2484
    7.5000   -7.5000   37.5000 2621.2500    9.3309
   -7.5000    0.0000   37.5000 2553.6409    9.6446
    0.0000    0.0000   37.5000 2580.8105    9.5657
    7.5000    0.0000   37.5000 2547.7556    9.6719
   -7.5000    7.5000   37.5000 2464.7415   10.1494
    0.0000    7.5000   37.5000 2492.5498   10.0879
    7.5000    7.5000   37.5000 2458.7759   10.1831
   -7.5000   15.0000   37.5000 2357.9817   10.8244
    0.0000   15.0000   37.5000 2380.3274   10.7717
    7.5000   15.0000   37.5000 2352.3787   10.8473
   -7.5000   22.5000   37.5000 2231.4104   11.7528
    0.0000   22.5000   37.5000 2252.6831   11.6648
    7.5000   22.5000   37.5000 2222.8909   11.7202
   -7.5000   30.0000   37.5000 2090.1526   12.9691
    0.0000   30.0000   37.5000 2111.2830   12.8897
    7.5000   30.0000   37.5000 2080.0217   12.9547
   -7.5000   37.5000   37.5000 1924.7426   14.4723
    0.0000   37.5000   37.5000 1937.1995   14.4015
    7.5000   37.5000   37.5000 1912.9374   14.4896
   -7.5000  -52.5000   45.0000 2275.9885   11.8589
    0.0000  -52.5000   45.0000 2303.5681   11.8004
    7.5000  -52.5000   45.0000 2265.7507   11.9498
   -7.5000  -45.0000   45.0000 2407.4702   11.0944
    0.0000  -45.0000   45.0000 2437.9473   11.0219
    7.5000  -45.0000   45.0000 2391.6255   11.1574
   -7.5000  -37.5000   45.0000 2499.6099   10.4471
    0.0000  -37.5000   45.0000 2529.9678   10.3559
    7.5000  -37.5000   45.0000 2485.0112   10.4974
   -7.5000  -30.0000   45.0000 2549.7817   10.0228
    0.0000  -30.0000   45.0000 2579.9124    9.9642
    7.5000  -30.0000   45.0000 2536.4299   10.0893
   -7.5000  -22.5000   45.0000 2566.3406    9.8110
    0.0000  -22.5000   45.0000 2597.5259    9.7500
    7.5000  -22.5000   45.0000 2557.4788    9.8720
   -7.5000  -15.0000   45.0000 2551.0071    9.7834
    0.0000  -15.0000   45.0000 2579.5491    9.6984
    7.5000  -15.0000   45.0000 2540.8430    9.8269
   -7.5000   -7.5000   45.0000 2510.8767    9.8735
    0.0000   -7.5000   45.0000 2539.2922    9.7832
    7.5000   -7.5000   45.0000 2504.7207    9.9053
   -7.5000    0.0000   45.0000 2445.5071   10.2027
    0.0000    0.0000   45.0000 2469.2253   10.1290
    7.5000    0.0000   45.0000 2438.8813   10.2417
   -7.5000    7.5000   45.0000 2362.1125   10.6836
    0.0000    7.5000   45.0000 2385.4758   10.6236
    7.5000    7.5000   45.0000 2352.2976   10.7245
   -7.5000   15.0000   45.0000 2258.2258   11.3325
    0.0000   15.0000   45.0000 2280.4792   11.2635
    7.5000   15.0000   45.0000 2249.5857   11.3566
   -7.5000   22.5000   45.0000 2137.3564   12.2329
    0.0000   22.5000   45.0000 2159.3325   12.1578
    7.5000   22.5000   45.0000 2130.8083   12.2338
   -7.5000   30.0000   45.0000 2001.1371   13.5521
    0.0000   30.0000   45.0000 2020.4817   13.4441
    7.5000   30.0000   45.0000 1998.7344   13.5095
   -7.5000   37.5000   45.0000 1839.4734   15.1275
    0.0000   37.5000   45.0000 1853.1024   15.0324
    7.5000   37.5000   45.0000 1836.8005   15.1287

---------------------------------------------------------------------
imgreg_4dfp /opt/freesurfer/average/711-2C_as_mni_average_305 /opt/freesurfer/average/711-2B_as_mni_average_305_mask talsrcimg_g11 none talsrcimg_to_711-2C_as_mni_average_305_t4 1283
---------------------------------------------------------------------

freesurfer imgreg_4dfp.c
/opt/freesurfer/average/711-2C_as_mni_average_305.4dfp.img
       256       256       256         1
  1.000000  1.000000  1.000000
orientation T byte_order littleendian
Reading image: /opt/freesurfer/average/711-2C_as_mni_average_305.4dfp.img
dimensions:      256       256       256
mmppix:       1.0000   -1.0000   -1.0000
center:     128.0000 -129.0000 -129.0000
/opt/freesurfer/average/711-2B_as_mni_average_305_mask.4dfp.img
       256       256       256         1
  1.000000  1.000000  1.000000
orientation T byte_order littleendian
Reading mask: /opt/freesurfer/average/711-2B_as_mni_average_305_mask.4dfp.img (2306576 pixels)
talsrcimg_g11.4dfp.img
       256       256       256         1
  0.898437  0.898437  0.898437
orientation T byte_order littleendian
Reading image: talsrcimg_g11.4dfp.img
dimensions:      256       256       256
mmppix:       0.8984   -0.8984   -0.8984
center:     114.9999 -115.8984 -115.8984
rotation matrix determinant  1.000000
fimgreg.f
image alignment mode   1283 decimal      503 hex
parameters
    0.0000  -15.0000    7.5000    0.0000    0.0000    0.0000
eta,q 0.93011  7.98082
niter,ni,del,rscale     5    3   12.0000    1.2000
parameter  4 -2.038356 -> -0.500000 qaram    1.1500
parameters
   -0.3957  -14.5351    9.5350    3.4500    0.9301    0.4061
eta,q 0.93278  8.06139
  0.0843  0.0796  0.0873  0.0808  0.0749  0.0723
  0.0776  0.0765  0.0827  0.0784  0.0710  0.0703
  0.0756  0.0758  0.0785  0.0767  0.0691  0.0684
  0.0754  0.0754  0.0751  0.0737  0.0676  0.0673
  0.0769  0.0743  0.0737  0.0695  0.0673  0.0672
  0.0806  0.0753  0.0747  0.0675  0.0686  0.0686
  0.0860  0.0788  0.0782  0.0690  0.0716  0.0718
niter,ni,del,rscale     5    3   12.0000    1.2000
parameters
   -0.8479  -15.5728    9.9256    5.2833    1.1622   -0.1309
eta,q 0.93436  8.05089
  0.0780  0.0753  0.0768  0.0781  0.0715  0.0697
  0.0708  0.0708  0.0708  0.0753  0.0682  0.0673
  0.0670  0.0669  0.0671  0.0705  0.0667  0.0659
  0.0672  0.0669  0.0662  0.0662  0.0657  0.0656
  0.0697  0.0717  0.0670  0.0659  0.0658  0.0662
  0.0745  0.0768  0.0698  0.0681  0.0675  0.0682
  0.0803  0.0809  0.0738  0.0714  0.0710  0.0719
niter,ni,del,rscale     4    3   12.0000    1.2000
parameters
   -1.0904  -16.4360   10.5218    6.3771    1.5841   -0.3835
eta,q 0.93565  8.03474
  0.0771  0.0764  0.0741  0.0761  0.0708  0.0687
  0.0693  0.0703  0.0692  0.0716  0.0673  0.0660
  0.0655  0.0655  0.0661  0.0677  0.0656  0.0645
  0.0656  0.0655  0.0649  0.0647  0.0645  0.0644
  0.0677  0.0702  0.0647  0.0651  0.0642  0.0647
  0.0719  0.0770  0.0666  0.0683  0.0659  0.0663
  0.0777  0.0825  0.0713  0.0709  0.0696  0.0697
niter,ni,del,rscale     3    3   12.0000    1.2000
parameters
   -1.1808  -17.0853   10.7688    7.0218    1.7963   -0.4487
eta,q 0.93643  8.02236
  0.0760  0.0769  0.0731  0.0739  0.0702  0.0683
  0.0680  0.0698  0.0692  0.0704  0.0668  0.0653
  0.0644  0.0643  0.0659  0.0667  0.0648  0.0637
  0.0644  0.0643  0.0638  0.0637  0.0636  0.0636
  0.0657  0.0682  0.0640  0.0650  0.0634  0.0638
  0.0697  0.0753  0.0670  0.0683  0.0658  0.0652
  0.0756  0.0821  0.0729  0.0711  0.0699  0.0687
niter,ni,del,rscale     2    3   12.0000    1.2000
parameters
   -1.2083  -17.4593   10.8319    7.3614    1.8768   -0.4821
eta,q 0.93669  8.01751
  0.0754  0.0776  0.0731  0.0730  0.0701  0.0682
  0.0672  0.0702  0.0693  0.0702  0.0666  0.0652
  0.0635  0.0641  0.0655  0.0659  0.0645  0.0634
  0.0636  0.0636  0.0633  0.0633  0.0633  0.0633
  0.0647  0.0667  0.0640  0.0654  0.0632  0.0635
  0.0685  0.0732  0.0675  0.0683  0.0660  0.0650
  0.0745  0.0808  0.0741  0.0719  0.0704  0.0684
niter,ni,del,rscale     1    3   12.0000    1.2000
parameters
   -1.2317  -17.6563   10.8601    7.5432    1.9224   -0.5168
eta,q 0.93681  8.01531
  0.0752  0.0781  0.0733  0.0727  0.0701  0.0681
  0.0670  0.0706  0.0695  0.0701  0.0666  0.0651
  0.0632  0.0642  0.0654  0.0655  0.0644  0.0633
  0.0633  0.0633  0.0632  0.0632  0.0632  0.0632
  0.0644  0.0660  0.0640  0.0656  0.0631  0.0635
  0.0682  0.0720  0.0678  0.0683  0.0661  0.0649
  0.0743  0.0797  0.0746  0.0725  0.0706  0.0684
registration optimization eta report
parameter search radius
    6.0000    6.0000    6.0000    6.9000    6.0000    6.0000
100000*second partial in parameter space
       33.       43.       29.       18.       20.       15.
  0.0752  0.0781  0.0733  0.0727  0.0701  0.0681
  0.0670  0.0706  0.0695  0.0701  0.0666  0.0651
  0.0632  0.0642  0.0654  0.0655  0.0644  0.0633
  0.0633  0.0633  0.0632  0.0632  0.0632  0.0632
  0.0644  0.0660  0.0640  0.0656  0.0631  0.0635
  0.0682  0.0720  0.0678  0.0683  0.0661  0.0649
  0.0743  0.0797  0.0746  0.0725  0.0706  0.0684
   -1.2317  -17.6563   10.8601    7.5432    1.9224   -0.5168
eta,q 0.93681  8.01531

---------------------------------------------------------------------
imgreg_4dfp /opt/freesurfer/average/711-2C_as_mni_average_305 /opt/freesurfer/average/711-2B_as_mni_average_305_mask talsrcimg_g11 none talsrcimg_to_711-2C_as_mni_average_305_t4 3335
---------------------------------------------------------------------

freesurfer imgreg_4dfp.c
/opt/freesurfer/average/711-2C_as_mni_average_305.4dfp.img
       256       256       256         1
  1.000000  1.000000  1.000000
orientation T byte_order littleendian
Reading image: /opt/freesurfer/average/711-2C_as_mni_average_305.4dfp.img
dimensions:      256       256       256
mmppix:       1.0000   -1.0000   -1.0000
center:     128.0000 -129.0000 -129.0000
/opt/freesurfer/average/711-2B_as_mni_average_305_mask.4dfp.img
       256       256       256         1
  1.000000  1.000000  1.000000
orientation T byte_order littleendian
Reading mask: /opt/freesurfer/average/711-2B_as_mni_average_305_mask.4dfp.img (2306576 pixels)
talsrcimg_g11.4dfp.img
       256       256       256         1
  0.898437  0.898437  0.898437
orientation T byte_order littleendian
Reading image: talsrcimg_g11.4dfp.img
dimensions:      256       256       256
mmppix:       0.8984   -0.8984   -0.8984
center:     114.9999 -115.8984 -115.8984
fimgreg.f
image alignment mode   3335 decimal      D07 hex
parameters
   -1.2317  -17.6563   10.8601   -0.0603   -0.8654   -0.9212
    0.4539   -3.4438   -0.9015  -13.0968    3.3545   13.1199
eta,q 0.93969  7.98035
niter,ni,del,rscale     5    3    5.0000    1.2000
parameter  4  2.639410 ->  0.500000 qaram    1.1500
parameter  5  4.304080 ->  0.500000 qaram    1.1500
parameter  6  0.741480 ->  0.500000 qaram    1.1500
parameters
   -1.2350  -17.5952   11.2146   -4.2003   -5.0054   -5.0612
    1.2462   -2.9489    1.0238  -13.0341    0.7044    9.5949
eta,q 0.95554  7.61697
  0.0634  0.0619  0.0627  0.0505  0.0438  0.0453  0.0492  0.0519  0.0481  0.0493  0.0455  0.0450
  0.0617  0.0610  0.0616  0.0532  0.0466  0.0453  0.0472  0.0487  0.0468  0.0469  0.0451  0.0446
  0.0606  0.0605  0.0608  0.0565  0.0502  0.0458  0.0459  0.0464  0.0458  0.0454  0.0449  0.0445
  0.0603  0.0603  0.0603  0.0602  0.0540  0.0475  0.0453  0.0453  0.0452  0.0451  0.0451  0.0449
  0.0607  0.0604  0.0603  0.0646  0.0579  0.0505  0.0455  0.0456  0.0451  0.0458  0.0456  0.0457
  0.0617  0.0609  0.0607  0.0695  0.0621  0.0546  0.0463  0.0474  0.0454  0.0471  0.0466  0.0466
  0.0634  0.0617  0.0617  0.0747  0.0668  0.0593  0.0478  0.0505  0.0462  0.0489  0.0478  0.0479
niter,ni,del,rscale     7    3    5.0000    1.2000
parameter  4  1.127860 ->  0.500000 qaram    1.3225
parameter  5  1.459263 ->  0.500000 qaram    1.3225
parameters
   -1.2451  -16.8787   10.5098   -8.9613   -9.7664   -8.0018
    1.3643   -2.8052    1.7892  -12.2075    0.6490   10.0549
eta,q 0.96503  7.23147
  0.0484  0.0488  0.0450  0.0387  0.0337  0.0362  0.0387  0.0409  0.0379  0.0397  0.0367  0.0370
  0.0462  0.0469  0.0443  0.0393  0.0348  0.0353  0.0368  0.0379  0.0364  0.0372  0.0358  0.0361
  0.0449  0.0454  0.0440  0.0411  0.0368  0.0350  0.0355  0.0359  0.0355  0.0357  0.0352  0.0353
  0.0445  0.0445  0.0441  0.0440  0.0397  0.0352  0.0351  0.0350  0.0350  0.0350  0.0350  0.0350
  0.0449  0.0442  0.0448  0.0478  0.0436  0.0364  0.0354  0.0356  0.0351  0.0351  0.0352  0.0352
  0.0462  0.0446  0.0460  0.0524  0.0481  0.0388  0.0366  0.0375  0.0358  0.0360  0.0358  0.0357
  0.0485  0.0456  0.0476  0.0577  0.0524  0.0427  0.0385  0.0405  0.0369  0.0379  0.0368  0.0366
niter,ni,del,rscale     7    3    5.0000    1.2000
parameter  4  0.554889 ->  0.500000 qaram    1.5209
parameter  5  0.725169 ->  0.500000 qaram    1.5209
parameters
   -1.0294  -16.6720   10.4248  -14.4365  -15.2415   -9.5519
    0.7760   -2.5380    1.1741  -11.3850    0.9539   10.0673
eta,q 0.96871  6.70211
  0.0404  0.0388  0.0370  0.0343  0.0318  0.0336  0.0344  0.0372  0.0332  0.0361  0.0331  0.0333
  0.0377  0.0368  0.0358  0.0338  0.0315  0.0320  0.0326  0.0343  0.0321  0.0337  0.0321  0.0323
  0.0358  0.0355  0.0351  0.0341  0.0321  0.0313  0.0316  0.0321  0.0315  0.0321  0.0315  0.0315
  0.0350  0.0349  0.0349  0.0349  0.0338  0.0315  0.0314  0.0313  0.0313  0.0313  0.0313  0.0313
  0.0352  0.0351  0.0353  0.0370  0.0365  0.0323  0.0321  0.0318  0.0317  0.0316  0.0314  0.0316
  0.0365  0.0360  0.0361  0.0407  0.0403  0.0338  0.0335  0.0336  0.0327  0.0326  0.0320  0.0322
  0.0388  0.0377  0.0373  0.0453  0.0449  0.0361  0.0354  0.0365  0.0339  0.0343  0.0328  0.0333
niter,ni,del,rscale     7    3    5.0000    1.2000
parameters
   -1.0786  -16.4793   10.9706  -15.4164  -17.7174   -9.1242
    0.7135   -2.5318    0.6855  -10.9480    0.9506   10.0053
eta,q 0.96908  6.56331
  0.0354  0.0350  0.0345  0.0356  0.0341  0.0349  0.0346  0.0365  0.0328  0.0351  0.0325  0.0329
  0.0331  0.0331  0.0329  0.0328  0.0321  0.0326  0.0326  0.0336  0.0317  0.0329  0.0317  0.0318
  0.0317  0.0318  0.0318  0.0312  0.0310  0.0312  0.0313  0.0316  0.0311  0.0314  0.0311  0.0310
  0.0313  0.0313  0.0313  0.0312  0.0311  0.0309  0.0309  0.0309  0.0309  0.0309  0.0309  0.0309
  0.0319  0.0315  0.0312  0.0322  0.0325  0.0313  0.0314  0.0316  0.0313  0.0313  0.0311  0.0311
  0.0334  0.0324  0.0316  0.0340  0.0354  0.0323  0.0327  0.0336  0.0321  0.0324  0.0317  0.0318
  0.0357  0.0339  0.0324  0.0375  0.0395  0.0340  0.0346  0.0365  0.0333  0.0341  0.0325  0.0330
niter,ni,del,rscale     6    3    5.0000    1.2000
parameters
   -1.0834  -16.3181   11.1375  -15.6834  -18.2074   -8.9957
    0.7513   -2.5302    0.5686  -10.6744    0.9403    9.9024
eta,q 0.96908  6.53413
  0.0352  0.0343  0.0333  0.0361  0.0355  0.0346  0.0346  0.0365  0.0329  0.0348  0.0325  0.0328
  0.0328  0.0324  0.0320  0.0331  0.0331  0.0324  0.0327  0.0336  0.0318  0.0327  0.0316  0.0317
  0.0314  0.0313  0.0312  0.0312  0.0315  0.0311  0.0314  0.0316  0.0311  0.0313  0.0311  0.0310
  0.0309  0.0309  0.0309  0.0309  0.0309  0.0309  0.0309  0.0309  0.0309  0.0309  0.0309  0.0309
  0.0314  0.0312  0.0311  0.0318  0.0314  0.0313  0.0313  0.0316  0.0312  0.0313  0.0311  0.0311
  0.0329  0.0320  0.0317  0.0334  0.0334  0.0324  0.0326  0.0335  0.0319  0.0325  0.0316  0.0318
  0.0352  0.0334  0.0326  0.0365  0.0368  0.0342  0.0345  0.0365  0.0330  0.0341  0.0325  0.0329
niter,ni,del,rscale     5    3    5.0000    1.2000
parameters
   -1.0833  -16.2282   11.1491  -15.7611  -18.3469   -8.9814
    0.7684   -2.5292    0.5398  -10.5080    0.9331    9.8221
eta,q 0.96908  6.52445
  0.0352  0.0340  0.0330  0.0363  0.0357  0.0345  0.0346  0.0365  0.0329  0.0347  0.0325  0.0328
  0.0328  0.0323  0.0318  0.0333  0.0333  0.0324  0.0326  0.0336  0.0318  0.0326  0.0316  0.0318
  0.0314  0.0312  0.0311  0.0313  0.0316  0.0311  0.0314  0.0316  0.0311  0.0313  0.0311  0.0310
  0.0309  0.0309  0.0309  0.0309  0.0309  0.0309  0.0309  0.0309  0.0309  0.0309  0.0309  0.0309
  0.0314  0.0312  0.0312  0.0318  0.0313  0.0314  0.0314  0.0316  0.0312  0.0314  0.0311  0.0311
  0.0329  0.0321  0.0318  0.0334  0.0331  0.0325  0.0327  0.0335  0.0318  0.0325  0.0316  0.0318
  0.0352  0.0334  0.0329  0.0363  0.0363  0.0343  0.0345  0.0365  0.0329  0.0342  0.0325  0.0329
niter,ni,del,rscale     4    3    5.0000    1.2000
parameters
   -1.0838  -16.1712   11.1357  -15.7984  -18.4130   -9.0005
    0.7764   -2.5313    0.5265  -10.3926    0.9311    9.7627
eta,q 0.96908  6.51857
  0.0352  0.0338  0.0330  0.0364  0.0357  0.0345  0.0346  0.0365  0.0329  0.0346  0.0325  0.0328
  0.0328  0.0322  0.0317  0.0333  0.0334  0.0324  0.0326  0.0336  0.0318  0.0325  0.0316  0.0318
  0.0314  0.0312  0.0311  0.0313  0.0317  0.0311  0.0314  0.0316  0.0311  0.0313  0.0311  0.0310
  0.0309  0.0309  0.0309  0.0309  0.0309  0.0309  0.0309  0.0309  0.0309  0.0309  0.0309  0.0309
  0.0314  0.0312  0.0312  0.0318  0.0313  0.0314  0.0314  0.0316  0.0312  0.0314  0.0311  0.0311
  0.0329  0.0321  0.0319  0.0333  0.0331  0.0325  0.0327  0.0335  0.0318  0.0325  0.0317  0.0318
  0.0352  0.0335  0.0329  0.0363  0.0362  0.0343  0.0345  0.0365  0.0329  0.0342  0.0325  0.0329
niter,ni,del,rscale     3    3    5.0000    1.2000
parameters
   -1.0843  -16.1288   11.1210  -15.8226  -18.4600   -9.0142
    0.7801   -2.5334    0.5193  -10.3113    0.9278    9.7245
eta,q 0.96907  6.51447
  0.0352  0.0338  0.0330  0.0364  0.0357  0.0345  0.0346  0.0365  0.0329  0.0345  0.0325  0.0329
  0.0328  0.0322  0.0317  0.0333  0.0334  0.0324  0.0326  0.0336  0.0318  0.0325  0.0316  0.0318
  0.0314  0.0312  0.0311  0.0313  0.0317  0.0311  0.0314  0.0316  0.0311  0.0313  0.0311  0.0310
  0.0309  0.0309  0.0309  0.0309  0.0309  0.0309  0.0309  0.0309  0.0309  0.0309  0.0309  0.0309
  0.0314  0.0312  0.0312  0.0318  0.0313  0.0314  0.0314  0.0316  0.0312  0.0314  0.0311  0.0311
  0.0329  0.0321  0.0319  0.0333  0.0330  0.0325  0.0327  0.0335  0.0318  0.0325  0.0317  0.0318
  0.0352  0.0335  0.0329  0.0363  0.0362  0.0343  0.0345  0.0365  0.0329  0.0342  0.0325  0.0329
niter,ni,del,rscale     2    3    5.0000    1.2000
parameters
   -1.0846  -16.0979   11.1093  -15.8408  -18.4933   -9.0289
    0.7819   -2.5344    0.5133  -10.2467    0.9280    9.6967
eta,q 0.96908  6.51132
  0.0352  0.0337  0.0330  0.0364  0.0357  0.0345  0.0346  0.0364  0.0329  0.0345  0.0325  0.0329
  0.0328  0.0321  0.0318  0.0333  0.0334  0.0324  0.0326  0.0336  0.0318  0.0325  0.0317  0.0318
  0.0314  0.0312  0.0311  0.0313  0.0317  0.0311  0.0314  0.0316  0.0311  0.0313  0.0311  0.0310
  0.0309  0.0309  0.0309  0.0309  0.0309  0.0309  0.0309  0.0309  0.0309  0.0309  0.0309  0.0309
  0.0314  0.0313  0.0312  0.0318  0.0313  0.0314  0.0314  0.0316  0.0312  0.0314  0.0311  0.0311
  0.0329  0.0321  0.0319  0.0333  0.0330  0.0325  0.0327  0.0335  0.0318  0.0325  0.0317  0.0318
  0.0352  0.0335  0.0329  0.0363  0.0361  0.0343  0.0345  0.0365  0.0329  0.0342  0.0325  0.0329
niter,ni,del,rscale     1    3    5.0000    1.2000
parameters
   -1.0848  -16.0733   11.1001  -15.8565  -18.5238   -9.0426
    0.7833   -2.5358    0.5077  -10.1959    0.9314    9.6745
eta,q 0.96908  6.50850
  0.0352  0.0337  0.0330  0.0364  0.0357  0.0345  0.0346  0.0364  0.0329  0.0344  0.0325  0.0329
  0.0328  0.0321  0.0318  0.0333  0.0334  0.0324  0.0326  0.0336  0.0318  0.0324  0.0316  0.0318
  0.0314  0.0312  0.0311  0.0313  0.0317  0.0311  0.0314  0.0316  0.0311  0.0313  0.0311  0.0310
  0.0309  0.0309  0.0309  0.0309  0.0309  0.0309  0.0309  0.0309  0.0309  0.0309  0.0309  0.0309
  0.0314  0.0313  0.0312  0.0318  0.0313  0.0314  0.0314  0.0316  0.0312  0.0314  0.0311  0.0311
  0.0329  0.0321  0.0319  0.0333  0.0330  0.0325  0.0327  0.0335  0.0318  0.0325  0.0317  0.0318
  0.0352  0.0335  0.0329  0.0362  0.0361  0.0343  0.0345  0.0365  0.0329  0.0342  0.0325  0.0329
registration optimization eta report
parameter search radius
    2.4000    2.4000    2.4000   10.9503   10.9503    8.2800
    7.2000    7.2000    7.2000    7.2000    7.2000    7.2000
100000*second partial in parameter space
       74.       46.       35.        4.        4.        5.
        7.       11.        4.        7.        3.        4.
  0.0352  0.0337  0.0330  0.0364  0.0357  0.0345  0.0346  0.0364  0.0329  0.0344  0.0325  0.0329
  0.0328  0.0321  0.0318  0.0333  0.0334  0.0324  0.0326  0.0336  0.0318  0.0324  0.0316  0.0318
  0.0314  0.0312  0.0311  0.0313  0.0317  0.0311  0.0314  0.0316  0.0311  0.0313  0.0311  0.0310
  0.0309  0.0309  0.0309  0.0309  0.0309  0.0309  0.0309  0.0309  0.0309  0.0309  0.0309  0.0309
  0.0314  0.0313  0.0312  0.0318  0.0313  0.0314  0.0314  0.0316  0.0312  0.0314  0.0311  0.0311
  0.0329  0.0321  0.0319  0.0333  0.0330  0.0325  0.0327  0.0335  0.0318  0.0325  0.0317  0.0318
  0.0352  0.0335  0.0329  0.0362  0.0361  0.0343  0.0345  0.0365  0.0329  0.0342  0.0325  0.0329
   -1.0848  -16.0733   11.1001  -15.8565  -18.5238   -9.0426
    0.7833   -2.5358    0.5077  -10.1959    0.9314    9.6745
eta,q 0.96908  6.50850

---------------------------------------------------------------------
imgreg_4dfp /opt/freesurfer/average/711-2C_as_mni_average_305 /opt/freesurfer/average/711-2B_as_mni_average_305_mask talsrcimg_g11 none talsrcimg_to_711-2C_as_mni_average_305_t4 2311
---------------------------------------------------------------------

freesurfer imgreg_4dfp.c
/opt/freesurfer/average/711-2C_as_mni_average_305.4dfp.img
       256       256       256         1
  1.000000  1.000000  1.000000
orientation T byte_order littleendian
Reading image: /opt/freesurfer/average/711-2C_as_mni_average_305.4dfp.img
dimensions:      256       256       256
mmppix:       1.0000   -1.0000   -1.0000
center:     128.0000 -129.0000 -129.0000
/opt/freesurfer/average/711-2B_as_mni_average_305_mask.4dfp.img
       256       256       256         1
  1.000000  1.000000  1.000000
orientation T byte_order littleendian
Reading mask: /opt/freesurfer/average/711-2B_as_mni_average_305_mask.4dfp.img (2306576 pixels)
talsrcimg_g11.4dfp.img
       256       256       256         1
  0.898437  0.898437  0.898437
orientation T byte_order littleendian
Reading image: talsrcimg_g11.4dfp.img
dimensions:      256       256       256
mmppix:       0.8984   -0.8984   -0.8984
center:     114.9999 -115.8984 -115.8984
fimgreg.f
image alignment mode   2311 decimal      907 hex
parameters
   -1.0848  -16.0733   11.1001  -15.8565  -18.5238   -9.0426
    0.7833   -2.5358    0.5077  -10.1959    0.9314    9.6745
eta,q 0.96908  6.50850
niter,ni,del,rscale     5    3    5.0000    0.8000
parameters
   -1.0916  -16.0953   11.0426  -16.4092  -17.9506   -9.3572
    0.7620   -2.5491    0.4977  -10.4705    0.7934    9.6640
eta,q 0.96916  6.49522
  0.0328  0.0321  0.0318  0.0318  0.0321  0.0319  0.0326  0.0335  0.0317  0.0323  0.0316  0.0317
  0.0318  0.0314  0.0313  0.0312  0.0315  0.0312  0.0316  0.0320  0.0312  0.0314  0.0312  0.0311
  0.0311  0.0310  0.0310  0.0309  0.0311  0.0309  0.0310  0.0311  0.0309  0.0309  0.0309  0.0308
  0.0309  0.0309  0.0309  0.0309  0.0309  0.0309  0.0308  0.0308  0.0308  0.0308  0.0308  0.0308
  0.0311  0.0311  0.0311  0.0312  0.0309  0.0311  0.0310  0.0312  0.0310  0.0311  0.0310  0.0310
  0.0318  0.0315  0.0314  0.0316  0.0311  0.0315  0.0316  0.0321  0.0312  0.0317  0.0312  0.0312
  0.0329  0.0321  0.0319  0.0322  0.0316  0.0322  0.0326  0.0335  0.0317  0.0326  0.0316  0.0317
niter,ni,del,rscale     4    3    5.0000    0.7000
parameters
   -1.0939  -16.1604   10.9954  -16.4374  -17.7702   -9.4750
    0.7570   -2.5489    0.5905  -10.6284    0.7240    9.6688
eta,q 0.96918  6.49705
  0.0323  0.0317  0.0315  0.0318  0.0316  0.0317  0.0321  0.0329  0.0315  0.0320  0.0314  0.0315
  0.0315  0.0312  0.0311  0.0312  0.0312  0.0311  0.0314  0.0317  0.0311  0.0313  0.0311  0.0310
  0.0310  0.0309  0.0309  0.0309  0.0309  0.0308  0.0310  0.0310  0.0309  0.0309  0.0309  0.0308
  0.0308  0.0308  0.0308  0.0308  0.0308  0.0308  0.0308  0.0308  0.0308  0.0308  0.0308  0.0308
  0.0310  0.0310  0.0309  0.0310  0.0309  0.0310  0.0310  0.0311  0.0309  0.0310  0.0309  0.0309
  0.0315  0.0313  0.0312  0.0313  0.0311  0.0313  0.0314  0.0318  0.0311  0.0315  0.0311  0.0311
  0.0323  0.0318  0.0316  0.0317  0.0315  0.0318  0.0322  0.0329  0.0315  0.0321  0.0314  0.0314
niter,ni,del,rscale     3    3    5.0000    0.6000
parameters
   -1.0986  -16.2082   10.9852  -16.4731  -17.6640   -9.5557
    0.7530   -2.5597    0.6385  -10.7599    0.6765    9.6211
eta,q 0.96920  6.49677
  0.0319  0.0315  0.0313  0.0315  0.0314  0.0315  0.0318  0.0323  0.0313  0.0317  0.0312  0.0313
  0.0313  0.0311  0.0310  0.0311  0.0311  0.0310  0.0312  0.0315  0.0310  0.0312  0.0310  0.0309
  0.0309  0.0309  0.0309  0.0309  0.0309  0.0308  0.0309  0.0310  0.0309  0.0309  0.0308  0.0308
  0.0308  0.0308  0.0308  0.0308  0.0308  0.0308  0.0308  0.0308  0.0308  0.0308  0.0308  0.0308
  0.0309  0.0309  0.0309  0.0309  0.0309  0.0309  0.0309  0.0310  0.0309  0.0309  0.0309  0.0309
  0.0313  0.0312  0.0311  0.0312  0.0310  0.0311  0.0312  0.0315  0.0310  0.0313  0.0310  0.0310
  0.0319  0.0316  0.0313  0.0315  0.0313  0.0315  0.0318  0.0324  0.0313  0.0318  0.0313  0.0312
niter,ni,del,rscale     2    3    5.0000    0.5000
parameters
   -1.1020  -16.2436   10.9710  -16.5210  -17.5781   -9.6658
    0.7541   -2.5785    0.6566  -10.8551    0.6613    9.5244
eta,q 0.96921  6.49362
  0.0316  0.0313  0.0312  0.0313  0.0312  0.0312  0.0315  0.0319  0.0312  0.0314  0.0311  0.0311
  0.0311  0.0310  0.0309  0.0310  0.0310  0.0309  0.0311  0.0313  0.0310  0.0311  0.0309  0.0309
  0.0309  0.0308  0.0308  0.0308  0.0308  0.0308  0.0309  0.0309  0.0308  0.0308  0.0308  0.0308
  0.0308  0.0308  0.0308  0.0308  0.0308  0.0308  0.0308  0.0308  0.0308  0.0308  0.0308  0.0308
  0.0309  0.0309  0.0308  0.0309  0.0308  0.0309  0.0309  0.0309  0.0308  0.0309  0.0308  0.0308
  0.0311  0.0310  0.0310  0.0310  0.0310  0.0310  0.0311  0.0313  0.0309  0.0311  0.0309  0.0309
  0.0316  0.0313  0.0312  0.0313  0.0312  0.0313  0.0315  0.0319  0.0311  0.0315  0.0311  0.0311
niter,ni,del,rscale     1    3    5.0000    0.4000
parameters
   -1.1072  -16.2619   10.9524  -16.5580  -17.5105   -9.8115
    0.7569   -2.5887    0.6665  -10.9141    0.6246    9.3979
eta,q 0.96923  6.48868
  0.0313  0.0311  0.0310  0.0311  0.0311  0.0311  0.0312  0.0315  0.0310  0.0312  0.0310  0.0310
  0.0310  0.0309  0.0309  0.0309  0.0309  0.0309  0.0310  0.0311  0.0309  0.0309  0.0309  0.0308
  0.0308  0.0308  0.0308  0.0308  0.0308  0.0308  0.0308  0.0308  0.0308  0.0308  0.0308  0.0308
  0.0308  0.0308  0.0308  0.0308  0.0308  0.0308  0.0308  0.0308  0.0308  0.0308  0.0308  0.0308
  0.0308  0.0308  0.0308  0.0308  0.0308  0.0309  0.0308  0.0309  0.0308  0.0308  0.0308  0.0308
  0.0310  0.0309  0.0309  0.0310  0.0309  0.0309  0.0310  0.0311  0.0309  0.0310  0.0309  0.0309
  0.0313  0.0311  0.0310  0.0311  0.0310  0.0311  0.0312  0.0315  0.0310  0.0312  0.0310  0.0310
registration optimization eta report
parameter search radius
    0.8000    0.8000    0.8000    2.4000    2.4000    2.4000
    2.4000    2.4000    2.4000    2.4000    2.4000    2.4000
100000*second partial in parameter space
       78.       49.       37.        6.        4.        5.
        8.       12.        4.        7.        4.        3.
  0.0313  0.0311  0.0310  0.0311  0.0311  0.0311  0.0312  0.0315  0.0310  0.0312  0.0310  0.0310
  0.0310  0.0309  0.0309  0.0309  0.0309  0.0309  0.0310  0.0311  0.0309  0.0309  0.0309  0.0308
  0.0308  0.0308  0.0308  0.0308  0.0308  0.0308  0.0308  0.0308  0.0308  0.0308  0.0308  0.0308
  0.0308  0.0308  0.0308  0.0308  0.0308  0.0308  0.0308  0.0308  0.0308  0.0308  0.0308  0.0308
  0.0308  0.0308  0.0308  0.0308  0.0308  0.0309  0.0308  0.0309  0.0308  0.0308  0.0308  0.0308
  0.0310  0.0309  0.0309  0.0310  0.0309  0.0309  0.0310  0.0311  0.0309  0.0310  0.0309  0.0309
  0.0313  0.0311  0.0310  0.0311  0.0310  0.0311  0.0312  0.0315  0.0310  0.0312  0.0310  0.0310
   -1.1072  -16.2619   10.9524  -16.5580  -17.5105   -9.8115
    0.7569   -2.5887    0.6665  -10.9141    0.6246    9.3979
eta,q 0.96923  6.48868

---------------------------------------------------------------------
imgreg_4dfp /opt/freesurfer/average/711-2C_as_mni_average_305 /opt/freesurfer/average/711-2B_as_mni_average_305_mask talsrcimg_g11 none talsrcimg_to_711-2C_as_mni_average_305_t4 2311
---------------------------------------------------------------------

freesurfer imgreg_4dfp.c
/opt/freesurfer/average/711-2C_as_mni_average_305.4dfp.img
       256       256       256         1
  1.000000  1.000000  1.000000
orientation T byte_order littleendian
Reading image: /opt/freesurfer/average/711-2C_as_mni_average_305.4dfp.img
dimensions:      256       256       256
mmppix:       1.0000   -1.0000   -1.0000
center:     128.0000 -129.0000 -129.0000
/opt/freesurfer/average/711-2B_as_mni_average_305_mask.4dfp.img
       256       256       256         1
  1.000000  1.000000  1.000000
orientation T byte_order littleendian
Reading mask: /opt/freesurfer/average/711-2B_as_mni_average_305_mask.4dfp.img (2306576 pixels)
talsrcimg_g11.4dfp.img
       256       256       256         1
  0.898437  0.898437  0.898437
orientation T byte_order littleendian
Reading image: talsrcimg_g11.4dfp.img
dimensions:      256       256       256
mmppix:       0.8984   -0.8984   -0.8984
center:     114.9999 -115.8984 -115.8984
fimgreg.f
image alignment mode   2311 decimal      907 hex
parameters
   -1.1072  -16.2619   10.9524  -16.5580  -17.5105   -9.8115
    0.7569   -2.5887    0.6665  -10.9141    0.6246    9.3979
eta,q 0.96923  6.48868
niter,ni,del,rscale     5    3    5.0000    0.8000
parameters
   -1.1046  -16.2369   10.9716  -16.3034  -17.5495   -9.4213
    0.7517   -2.5466    0.7225  -10.7154    0.6906    9.7768
eta,q 0.96918  6.51529
  0.0327  0.0321  0.0318  0.0322  0.0318  0.0323  0.0325  0.0336  0.0318  0.0326  0.0316  0.0319
  0.0316  0.0313  0.0312  0.0314  0.0312  0.0314  0.0316  0.0320  0.0312  0.0316  0.0312  0.0312
  0.0310  0.0309  0.0309  0.0309  0.0309  0.0309  0.0310  0.0311  0.0309  0.0310  0.0309  0.0309
  0.0308  0.0308  0.0308  0.0308  0.0308  0.0308  0.0308  0.0308  0.0308  0.0308  0.0308  0.0308
  0.0310  0.0309  0.0309  0.0309  0.0309  0.0309  0.0310  0.0311  0.0309  0.0310  0.0309  0.0309
  0.0317  0.0313  0.0312  0.0313  0.0312  0.0312  0.0316  0.0320  0.0312  0.0315  0.0312  0.0311
  0.0327  0.0320  0.0317  0.0318  0.0318  0.0318  0.0326  0.0334  0.0317  0.0323  0.0316  0.0315
niter,ni,del,rscale     4    3    5.0000    0.7000
parameters
   -1.1034  -16.2520   10.9981  -16.3670  -17.6365   -9.4820
    0.7410   -2.5476    0.6821  -10.8116    0.7001    9.7496
eta,q 0.96919  6.50647
  0.0323  0.0318  0.0316  0.0318  0.0316  0.0318  0.0321  0.0329  0.0315  0.0321  0.0314  0.0315
  0.0315  0.0312  0.0311  0.0312  0.0311  0.0311  0.0314  0.0317  0.0311  0.0313  0.0311  0.0310
  0.0310  0.0309  0.0309  0.0309  0.0309  0.0308  0.0310  0.0310  0.0309  0.0309  0.0309  0.0308
  0.0308  0.0308  0.0308  0.0308  0.0308  0.0308  0.0308  0.0308  0.0308  0.0308  0.0308  0.0308
  0.0310  0.0309  0.0309  0.0310  0.0309  0.0310  0.0310  0.0311  0.0309  0.0310  0.0309  0.0309
  0.0315  0.0313  0.0311  0.0313  0.0312  0.0312  0.0314  0.0318  0.0311  0.0314  0.0311  0.0311
  0.0323  0.0318  0.0315  0.0317  0.0316  0.0317  0.0322  0.0329  0.0315  0.0321  0.0314  0.0314
niter,ni,del,rscale     3    3    5.0000    0.6000
parameters
   -1.1017  -16.2726   11.0000  -16.4317  -17.5756   -9.5610
    0.7372   -2.5614    0.6801  -10.8899    0.6823    9.6760
eta,q 0.96920  6.50285
  0.0319  0.0315  0.0313  0.0315  0.0314  0.0315  0.0318  0.0323  0.0313  0.0317  0.0312  0.0312
  0.0313  0.0311  0.0310  0.0311  0.0311  0.0310  0.0312  0.0315  0.0310  0.0312  0.0310  0.0309
  0.0309  0.0309  0.0309  0.0309  0.0309  0.0308  0.0309  0.0310  0.0309  0.0309  0.0308  0.0308
  0.0308  0.0308  0.0308  0.0308  0.0308  0.0308  0.0308  0.0308  0.0308  0.0308  0.0308  0.0308
  0.0309  0.0309  0.0309  0.0309  0.0309  0.0309  0.0309  0.0310  0.0309  0.0309  0.0309  0.0309
  0.0313  0.0311  0.0310  0.0312  0.0310  0.0311  0.0312  0.0315  0.0310  0.0313  0.0310  0.0310
  0.0319  0.0315  0.0313  0.0315  0.0314  0.0315  0.0318  0.0324  0.0313  0.0318  0.0312  0.0312
niter,ni,del,rscale     2    3    5.0000    0.5000
parameters
   -1.1038  -16.2891   10.9824  -16.4920  -17.5165   -9.6672
    0.7447   -2.5763    0.6866  -10.9416    0.6447    9.5741
eta,q 0.96921  6.49796
  0.0316  0.0313  0.0311  0.0313  0.0312  0.0312  0.0315  0.0319  0.0312  0.0314  0.0311  0.0311
  0.0311  0.0310  0.0309  0.0310  0.0310  0.0309  0.0311  0.0313  0.0310  0.0311  0.0309  0.0309
  0.0309  0.0308  0.0308  0.0308  0.0308  0.0308  0.0309  0.0309  0.0308  0.0309  0.0308  0.0308
  0.0308  0.0308  0.0308  0.0308  0.0308  0.0308  0.0308  0.0308  0.0308  0.0308  0.0308  0.0308
  0.0309  0.0309  0.0308  0.0309  0.0308  0.0309  0.0309  0.0309  0.0308  0.0309  0.0308  0.0308
  0.0311  0.0310  0.0310  0.0310  0.0310  0.0310  0.0311  0.0313  0.0310  0.0311  0.0309  0.0309
  0.0316  0.0313  0.0312  0.0313  0.0312  0.0313  0.0315  0.0319  0.0312  0.0315  0.0311  0.0311
niter,ni,del,rscale     1    3    5.0000    0.4000
parameters
   -1.1060  -16.2916   10.9576  -16.5372  -17.4721   -9.8101
    0.7489   -2.5921    0.7064  -10.9730    0.6257    9.4118
eta,q 0.96923  6.49150
  0.0313  0.0311  0.0310  0.0311  0.0310  0.0311  0.0312  0.0315  0.0310  0.0312  0.0310  0.0309
  0.0310  0.0309  0.0309  0.0309  0.0309  0.0309  0.0310  0.0311  0.0309  0.0310  0.0309  0.0308
  0.0308  0.0308  0.0308  0.0308  0.0308  0.0308  0.0308  0.0308  0.0308  0.0308  0.0308  0.0308
  0.0308  0.0308  0.0308  0.0308  0.0308  0.0308  0.0308  0.0308  0.0308  0.0308  0.0308  0.0308
  0.0308  0.0308  0.0308  0.0308  0.0308  0.0309  0.0308  0.0309  0.0308  0.0308  0.0308  0.0308
  0.0310  0.0309  0.0309  0.0310  0.0309  0.0309  0.0310  0.0311  0.0309  0.0310  0.0309  0.0309
  0.0313  0.0311  0.0310  0.0311  0.0310  0.0311  0.0312  0.0315  0.0310  0.0312  0.0310  0.0310
registration optimization eta report
parameter search radius
    0.8000    0.8000    0.8000    2.4000    2.4000    2.4000
    2.4000    2.4000    2.4000    2.4000    2.4000    2.4000
100000*second partial in parameter space
       78.       49.       36.        6.        4.        5.
        8.       12.        4.        8.        4.        3.
  0.0313  0.0311  0.0310  0.0311  0.0310  0.0311  0.0312  0.0315  0.0310  0.0312  0.0310  0.0309
  0.0310  0.0309  0.0309  0.0309  0.0309  0.0309  0.0310  0.0311  0.0309  0.0310  0.0309  0.0308
  0.0308  0.0308  0.0308  0.0308  0.0308  0.0308  0.0308  0.0308  0.0308  0.0308  0.0308  0.0308
  0.0308  0.0308  0.0308  0.0308  0.0308  0.0308  0.0308  0.0308  0.0308  0.0308  0.0308  0.0308
  0.0308  0.0308  0.0308  0.0308  0.0308  0.0309  0.0308  0.0309  0.0308  0.0308  0.0308  0.0308
  0.0310  0.0309  0.0309  0.0310  0.0309  0.0309  0.0310  0.0311  0.0309  0.0310  0.0309  0.0309
  0.0313  0.0311  0.0310  0.0311  0.0310  0.0311  0.0312  0.0315  0.0310  0.0312  0.0310  0.0310
   -1.1060  -16.2916   10.9576  -16.5372  -17.4721   -9.8101
    0.7489   -2.5921    0.7064  -10.9730    0.6257    9.4118
eta,q 0.96923  6.49150

---------------------------------------------------------------------
compute_vox2vox talsrcimg talsrcimg_to_711-2C_as_mni_average_305_t4 /opt/freesurfer/average/711-2C_as_mni_average_305
---------------------------------------------------------------------

freesurfer compute_vox2vox.c
Reading: talsrcimg.4dfp.ifh
Reading: talsrcimg_to_711-2C_as_mni_average_305_t4
Reading: /opt/freesurfer/average/711-2C_as_mni_average_305.4dfp.ifh
Writing: talsrcimg_to_711-2C_as_mni_average_305_t4_vox2vox.txt

start time Thu Mar 12 22:45:00 CET 2026
end		time Thu Mar 12 22:46:29 CET 2026

mpr2mni305 success

avi2talxfm orig_nu.mgz /opt/freesurfer/average/mni305.cor.mgz talsrcimg_to_711-2C_as_mni_average_305_t4_vox2vox.txt transforms/talairach.auto.xfm
avi2talxfm done
mv -f /out/sourcedata/freesurfer/sub-v2s2x29086_ses-1/mri/talsrcimg_to_711-2C_as_mni_average_305_t4_vox2vox.txt /out/sourcedata/freesurfer/sub-v2s2x29086_ses-1/mri/transforms/talsrcimg_to_711-2C_as_mni_average_305_t4_vox2vox.txt
lta_convert --src orig_nu.mgz --trg /opt/freesurfer/average/mni305.cor.mgz --inxfm transforms/talairach.auto.xfm --outlta transforms/talairach.auto.xfm.lta --subject fsaverage
7.3.2

--src: orig_nu.mgz src image (geometry).
--trg: /opt/freesurfer/average/mni305.cor.mgz trg image (geometry).
--inmni: transforms/talairach.auto.xfm input MNI/XFM transform.
--outlta: transforms/talairach.auto.xfm.lta output LTA.
--s: fsaverage subject name
 LTA read, type : 1
 1.19801   0.03266  -0.01460  -1.85837;
-0.00714   1.09340  -0.12463   3.86278;
-0.01120   0.14510   1.19526  -9.70210;
 0.00000   0.00000   0.00000   1.00000;
setting subject to fsaverage
Writing  LTA to file transforms/talairach.auto.xfm.lta...
lta_convert successful.
 
 
Started at Thu Mar 12 22:44:59 CET 2026
Ended   at Thu Mar 12 22:46:29 CET 2026
talairach_avi done
