status file for recon-all
Thu Mar 12 23:49:29 CET 2026
#@# Tessellate lh Thu Mar 12 23:49:29 CET 2026
#@# Smooth1 lh Thu Mar 12 23:49:32 CET 2026
#@# Inflation1 lh Thu Mar 12 23:49:35 CET 2026
#@# QSphere lh Thu Mar 12 23:50:58 CET 2026
#@# Fix Topology lh Thu Mar 12 23:52:24 CET 2026
#@# Smooth2 lh Thu Mar 12 23:57:58 CET 2026
#@# Inflation2 lh Thu Mar 12 23:58:01 CET 2026
#@# Curv .H and .K lh Thu Mar 12 23:58:25 CET 2026
#@# Sphere lh Thu Mar 12 23:59:16 CET 2026
#@# Surf Reg lh Fri Mar 13 00:03:14 CET 2026
#@# Jacobian white lh Fri Mar 13 00:08:01 CET 2026
#@# AvgCurv lh Fri Mar 13 00:08:02 CET 2026
#@# Cortical Parc lh Fri Mar 13 00:08:02 CET 2026
#@# white curv lh Fri Mar 13 00:15:39 CET 2026
#@# white area lh Fri Mar 13 00:15:41 CET 2026
#@# pial curv lh Fri Mar 13 00:15:41 CET 2026
#@# pial area lh Fri Mar 13 00:15:43 CET 2026
#@# thickness lh Fri Mar 13 00:15:44 CET 2026
#@# area and vertex vol lh Fri Mar 13 00:16:13 CET 2026
#@# Curvature Stats lh Fri Mar 13 00:16:15 CET 2026
#@# Cortical Parc 2 lh Fri Mar 13 00:16:18 CET 2026
#@# Cortical Parc 3 lh Fri Mar 13 00:16:32 CET 2026
#@# WM/GM Contrast lh Fri Mar 13 00:16:42 CET 2026
recon-all -s sub-v2s2x29076_ses-1 finished without error at Fri Mar 13 00:16:45 CET 2026



#New# invocation of recon-all 



status file for recon-all
Fri Mar 13 00:49:00 CET 2026
#@# white curv lh Fri Mar 13 00:49:00 CET 2026
#@# white area lh Fri Mar 13 00:49:00 CET 2026
#@# pial curv lh Fri Mar 13 00:49:00 CET 2026
#@# pial area lh Fri Mar 13 00:49:00 CET 2026
#@# thickness lh Fri Mar 13 00:49:00 CET 2026
#@# area and vertex vol lh Fri Mar 13 00:49:00 CET 2026
#@# Parcellation Stats lh Fri Mar 13 00:49:00 CET 2026
#@# Parcellation Stats 2 lh Fri Mar 13 00:49:26 CET 2026
#@# Parcellation Stats 3 lh Fri Mar 13 00:49:39 CET 2026
#@# BA_exvivo Labels lh Fri Mar 13 00:49:51 CET 2026
recon-all -s sub-v2s2x29076_ses-1 finished without error at Fri Mar 13 00:52:34 CET 2026
