status file for recon-all
Thu Mar 12 22:18:18 CET 2026
#@# MotionCor Thu Mar 12 22:18:19 CET 2026
#@# Talairach Thu Mar 12 22:18:25 CET 2026
#@# Talairach Failure Detection Thu Mar 12 22:21:16 CET 2026
#@# Nu Intensity Correction Thu Mar 12 22:21:16 CET 2026
#@# Intensity Normalization Thu Mar 12 22:24:02 CET 2026
recon-all -s sub-v2s2x29076_ses-1 finished without error at Thu Mar 12 22:25:11 CET 2026



#New# invocation of recon-all 



status file for recon-all
Thu Mar 12 22:31:35 CET 2026
#@# EM Registration Thu Mar 12 22:31:35 CET 2026
recon-all -s sub-v2s2x29076_ses-1 finished without error at Thu Mar 12 22:32:55 CET 2026



#New# invocation of recon-all 



status file for recon-all
Thu Mar 12 22:32:58 CET 2026
#@# CA Normalize Thu Mar 12 22:32:58 CET 2026
#@# CA Reg Thu Mar 12 22:33:49 CET 2026
#@# SubCort Seg Thu Mar 12 23:18:41 CET 2026
#@# CC Seg Thu Mar 12 23:45:15 CET 2026
#@# Merge ASeg Thu Mar 12 23:45:34 CET 2026
#@# Intensity Normalization2 Thu Mar 12 23:45:34 CET 2026
#@# Mask BFS Thu Mar 12 23:47:07 CET 2026
#@# WM Segmentation Thu Mar 12 23:47:08 CET 2026
#@# Fill Thu Mar 12 23:48:49 CET 2026
recon-all -s sub-v2s2x29076_ses-1 finished without error at Thu Mar 12 23:49:26 CET 2026



#New# invocation of recon-all 



status file for recon-all
Fri Mar 13 00:44:05 CET 2026
#@# white curv lh Fri Mar 13 00:44:05 CET 2026
#@# white area lh Fri Mar 13 00:44:05 CET 2026
#@# pial curv lh Fri Mar 13 00:44:05 CET 2026
#@# pial area lh Fri Mar 13 00:44:05 CET 2026
#@# thickness lh Fri Mar 13 00:44:05 CET 2026
#@# area and vertex vol lh Fri Mar 13 00:44:05 CET 2026
#@# white curv rh Fri Mar 13 00:44:05 CET 2026
#@# white area rh Fri Mar 13 00:44:05 CET 2026
#@# pial curv rh Fri Mar 13 00:44:05 CET 2026
#@# pial area rh Fri Mar 13 00:44:05 CET 2026
#@# thickness rh Fri Mar 13 00:44:05 CET 2026
#@# area and vertex vol rh Fri Mar 13 00:44:05 CET 2026
#@# Cortical ribbon mask Fri Mar 13 00:44:05 CET 2026
recon-all -s sub-v2s2x29076_ses-1 finished without error at Fri Mar 13 00:48:55 CET 2026



#New# invocation of recon-all 



status file for recon-all
Fri Mar 13 00:56:19 CET 2026
#@# white curv lh Fri Mar 13 00:56:19 CET 2026
#@# white area lh Fri Mar 13 00:56:19 CET 2026
#@# pial curv lh Fri Mar 13 00:56:19 CET 2026
#@# pial area lh Fri Mar 13 00:56:19 CET 2026
#@# thickness lh Fri Mar 13 00:56:19 CET 2026
#@# area and vertex vol lh Fri Mar 13 00:56:19 CET 2026
#@# white curv rh Fri Mar 13 00:56:19 CET 2026
#@# white area rh Fri Mar 13 00:56:19 CET 2026
#@# pial curv rh Fri Mar 13 00:56:19 CET 2026
#@# pial area rh Fri Mar 13 00:56:19 CET 2026
#@# thickness rh Fri Mar 13 00:56:19 CET 2026
#@# area and vertex vol rh Fri Mar 13 00:56:19 CET 2026
#@# Curvature Stats lh Fri Mar 13 00:56:19 CET 2026
#@# Curvature Stats rh Fri Mar 13 00:56:22 CET 2026
#@# Relabel Hypointensities Fri Mar 13 00:56:25 CET 2026
#@# APas-to-ASeg Fri Mar 13 00:56:39 CET 2026
#@# AParc-to-ASeg aparc Fri Mar 13 00:56:48 CET 2026
#@# AParc-to-ASeg aparc.a2009s Fri Mar 13 00:57:17 CET 2026
#@# AParc-to-ASeg aparc.DKTatlas Fri Mar 13 00:57:47 CET 2026
#@# WMParc Fri Mar 13 00:58:17 CET 2026
#@# ASeg Stats Fri Mar 13 01:00:21 CET 2026
recon-all -s sub-v2s2x29076_ses-1 finished without error at Fri Mar 13 01:00:40 CET 2026
