status file for recon-all
Thu Mar 12 23:09:58 CET 2026
#@# Tessellate rh Thu Mar 12 23:09:58 CET 2026
#@# Smooth1 rh Thu Mar 12 23:10:03 CET 2026
#@# Inflation1 rh Thu Mar 12 23:10:06 CET 2026
#@# QSphere rh Thu Mar 12 23:11:19 CET 2026
#@# Fix Topology rh Thu Mar 12 23:13:16 CET 2026
#@# Smooth2 rh Thu Mar 12 23:20:20 CET 2026
#@# Inflation2 rh Thu Mar 12 23:20:24 CET 2026
#@# Curv .H and .K rh Thu Mar 12 23:20:48 CET 2026
#@# Sphere rh Thu Mar 12 23:21:42 CET 2026
#@# Surf Reg rh Thu Mar 12 23:23:11 CET 2026
#@# Jacobian white rh Thu Mar 12 23:27:55 CET 2026
#@# AvgCurv rh Thu Mar 12 23:27:57 CET 2026
#@# Cortical Parc rh Thu Mar 12 23:27:58 CET 2026
#@# white curv rh Thu Mar 12 23:35:56 CET 2026
#@# white area rh Thu Mar 12 23:35:59 CET 2026
#@# pial curv rh Thu Mar 12 23:35:59 CET 2026
#@# pial area rh Thu Mar 12 23:36:01 CET 2026
#@# thickness rh Thu Mar 12 23:36:02 CET 2026
#@# area and vertex vol rh Thu Mar 12 23:36:36 CET 2026
#@# Curvature Stats rh Thu Mar 12 23:36:38 CET 2026
#@# Cortical Parc 2 rh Thu Mar 12 23:36:41 CET 2026
#@# Cortical Parc 3 rh Thu Mar 12 23:36:56 CET 2026
#@# WM/GM Contrast rh Thu Mar 12 23:37:08 CET 2026
recon-all -s sub-v2s2x29060_ses-1 finished without error at Thu Mar 12 23:37:13 CET 2026



#New# invocation of recon-all 



status file for recon-all
Thu Mar 12 23:46:16 CET 2026
#@# white curv rh Thu Mar 12 23:46:16 CET 2026
#@# white area rh Thu Mar 12 23:46:16 CET 2026
#@# pial curv rh Thu Mar 12 23:46:16 CET 2026
#@# pial area rh Thu Mar 12 23:46:16 CET 2026
#@# thickness rh Thu Mar 12 23:46:16 CET 2026
#@# area and vertex vol rh Thu Mar 12 23:46:16 CET 2026
#@# Parcellation Stats rh Thu Mar 12 23:46:16 CET 2026
#@# Parcellation Stats 2 rh Thu Mar 12 23:46:40 CET 2026
#@# Parcellation Stats 3 rh Thu Mar 12 23:46:52 CET 2026
#@# BA_exvivo Labels rh Thu Mar 12 23:47:04 CET 2026
recon-all -s sub-v2s2x29060_ses-1 finished without error at Thu Mar 12 23:50:10 CET 2026
