status file for recon-all
Thu Mar 12 22:42:02 CET 2026
#@# Tessellate lh Thu Mar 12 22:42:02 CET 2026
#@# Smooth1 lh Thu Mar 12 22:42:06 CET 2026
#@# Inflation1 lh Thu Mar 12 22:42:10 CET 2026
#@# QSphere lh Thu Mar 12 22:43:28 CET 2026
#@# Fix Topology lh Thu Mar 12 22:45:18 CET 2026
#@# Smooth2 lh Thu Mar 12 22:51:29 CET 2026
#@# Inflation2 lh Thu Mar 12 22:51:33 CET 2026
#@# Curv .H and .K lh Thu Mar 12 22:52:00 CET 2026
#@# Sphere lh Thu Mar 12 22:52:55 CET 2026
#@# Surf Reg lh Thu Mar 12 22:55:47 CET 2026
#@# Jacobian white lh Thu Mar 12 23:00:33 CET 2026
#@# AvgCurv lh Thu Mar 12 23:00:34 CET 2026
#@# Cortical Parc lh Thu Mar 12 23:00:36 CET 2026
#@# white curv lh Thu Mar 12 23:08:37 CET 2026
#@# white area lh Thu Mar 12 23:08:39 CET 2026
#@# pial curv lh Thu Mar 12 23:08:40 CET 2026
#@# pial area lh Thu Mar 12 23:08:43 CET 2026
#@# thickness lh Thu Mar 12 23:08:44 CET 2026
#@# area and vertex vol lh Thu Mar 12 23:09:18 CET 2026
#@# Curvature Stats lh Thu Mar 12 23:09:20 CET 2026
#@# Cortical Parc 2 lh Thu Mar 12 23:09:23 CET 2026
#@# Cortical Parc 3 lh Thu Mar 12 23:09:38 CET 2026
#@# WM/GM Contrast lh Thu Mar 12 23:09:50 CET 2026
recon-all -s sub-v2s2x29060_ses-1 finished without error at Thu Mar 12 23:09:56 CET 2026



#New# invocation of recon-all 



status file for recon-all
Thu Mar 12 23:42:10 CET 2026
#@# white curv lh Thu Mar 12 23:42:10 CET 2026
#@# white area lh Thu Mar 12 23:42:10 CET 2026
#@# pial curv lh Thu Mar 12 23:42:10 CET 2026
#@# pial area lh Thu Mar 12 23:42:10 CET 2026
#@# thickness lh Thu Mar 12 23:42:10 CET 2026
#@# area and vertex vol lh Thu Mar 12 23:42:10 CET 2026
#@# Parcellation Stats lh Thu Mar 12 23:42:10 CET 2026
#@# Parcellation Stats 2 lh Thu Mar 12 23:42:35 CET 2026
#@# Parcellation Stats 3 lh Thu Mar 12 23:42:48 CET 2026
#@# BA_exvivo Labels lh Thu Mar 12 23:43:00 CET 2026
recon-all -s sub-v2s2x29060_ses-1 finished without error at Thu Mar 12 23:46:13 CET 2026
