status file for recon-all
Thu Mar 12 22:22:04 CET 2026
#@# MotionCor Thu Mar 12 22:22:06 CET 2026
#@# Talairach Thu Mar 12 22:22:12 CET 2026
#@# Talairach Failure Detection Thu Mar 12 22:25:02 CET 2026
#@# Nu Intensity Correction Thu Mar 12 22:25:02 CET 2026
#@# Intensity Normalization Thu Mar 12 22:27:48 CET 2026
recon-all -s sub-v2s2x29077_ses-1 finished without error at Thu Mar 12 22:28:59 CET 2026



#New# invocation of recon-all 



status file for recon-all
Thu Mar 12 22:35:27 CET 2026
#@# EM Registration Thu Mar 12 22:35:27 CET 2026
recon-all -s sub-v2s2x29077_ses-1 finished without error at Thu Mar 12 22:36:54 CET 2026



#New# invocation of recon-all 



status file for recon-all
Thu Mar 12 22:36:58 CET 2026
#@# CA Normalize Thu Mar 12 22:36:58 CET 2026
#@# CA Reg Thu Mar 12 22:37:50 CET 2026
#@# SubCort Seg Thu Mar 12 23:18:54 CET 2026
#@# CC Seg Thu Mar 12 23:48:25 CET 2026
#@# Merge ASeg Thu Mar 12 23:48:49 CET 2026
#@# Intensity Normalization2 Thu Mar 12 23:48:49 CET 2026
#@# Mask BFS Thu Mar 12 23:50:26 CET 2026
#@# WM Segmentation Thu Mar 12 23:50:27 CET 2026
#@# Fill Thu Mar 12 23:52:06 CET 2026
recon-all -s sub-v2s2x29077_ses-1 finished without error at Thu Mar 12 23:52:45 CET 2026



#New# invocation of recon-all 



status file for recon-all
Fri Mar 13 00:49:32 CET 2026
#@# white curv lh Fri Mar 13 00:49:32 CET 2026
#@# white area lh Fri Mar 13 00:49:32 CET 2026
#@# pial curv lh Fri Mar 13 00:49:32 CET 2026
#@# pial area lh Fri Mar 13 00:49:32 CET 2026
#@# thickness lh Fri Mar 13 00:49:32 CET 2026
#@# area and vertex vol lh Fri Mar 13 00:49:32 CET 2026
#@# white curv rh Fri Mar 13 00:49:32 CET 2026
#@# white area rh Fri Mar 13 00:49:32 CET 2026
#@# pial curv rh Fri Mar 13 00:49:32 CET 2026
#@# pial area rh Fri Mar 13 00:49:32 CET 2026
#@# thickness rh Fri Mar 13 00:49:32 CET 2026
#@# area and vertex vol rh Fri Mar 13 00:49:32 CET 2026
#@# Cortical ribbon mask Fri Mar 13 00:49:32 CET 2026
recon-all -s sub-v2s2x29077_ses-1 finished without error at Fri Mar 13 00:58:49 CET 2026



#New# invocation of recon-all 



status file for recon-all
Fri Mar 13 01:06:27 CET 2026
#@# white curv lh Fri Mar 13 01:06:27 CET 2026
#@# white area lh Fri Mar 13 01:06:27 CET 2026
#@# pial curv lh Fri Mar 13 01:06:27 CET 2026
#@# pial area lh Fri Mar 13 01:06:27 CET 2026
#@# thickness lh Fri Mar 13 01:06:27 CET 2026
#@# area and vertex vol lh Fri Mar 13 01:06:27 CET 2026
#@# white curv rh Fri Mar 13 01:06:27 CET 2026
#@# white area rh Fri Mar 13 01:06:27 CET 2026
#@# pial curv rh Fri Mar 13 01:06:27 CET 2026
#@# pial area rh Fri Mar 13 01:06:27 CET 2026
#@# thickness rh Fri Mar 13 01:06:27 CET 2026
#@# area and vertex vol rh Fri Mar 13 01:06:27 CET 2026
#@# Curvature Stats lh Fri Mar 13 01:06:27 CET 2026
#@# Curvature Stats rh Fri Mar 13 01:06:30 CET 2026
#@# Relabel Hypointensities Fri Mar 13 01:06:33 CET 2026
#@# APas-to-ASeg Fri Mar 13 01:06:47 CET 2026
#@# AParc-to-ASeg aparc Fri Mar 13 01:06:56 CET 2026
#@# AParc-to-ASeg aparc.a2009s Fri Mar 13 01:07:34 CET 2026
#@# AParc-to-ASeg aparc.DKTatlas Fri Mar 13 01:08:15 CET 2026
#@# WMParc Fri Mar 13 01:08:57 CET 2026
#@# ASeg Stats Fri Mar 13 01:11:02 CET 2026
recon-all -s sub-v2s2x29077_ses-1 finished without error at Fri Mar 13 01:11:21 CET 2026
