status file for recon-all
Thu Mar 12 23:52:49 CET 2026
#@# Tessellate lh Thu Mar 12 23:52:49 CET 2026
#@# Smooth1 lh Thu Mar 12 23:52:52 CET 2026
#@# Inflation1 lh Thu Mar 12 23:52:55 CET 2026
#@# QSphere lh Thu Mar 12 23:54:26 CET 2026
#@# Fix Topology lh Thu Mar 12 23:55:36 CET 2026
#@# Smooth2 lh Fri Mar 13 00:01:54 CET 2026
#@# Inflation2 lh Fri Mar 13 00:01:58 CET 2026
#@# Curv .H and .K lh Fri Mar 13 00:02:25 CET 2026
#@# Sphere lh Fri Mar 13 00:03:20 CET 2026
#@# Surf Reg lh Fri Mar 13 00:06:16 CET 2026
#@# Jacobian white lh Fri Mar 13 00:11:33 CET 2026
#@# AvgCurv lh Fri Mar 13 00:11:34 CET 2026
#@# Cortical Parc lh Fri Mar 13 00:11:35 CET 2026
#@# white curv lh Fri Mar 13 00:19:43 CET 2026
#@# white area lh Fri Mar 13 00:19:45 CET 2026
#@# pial curv lh Fri Mar 13 00:19:46 CET 2026
#@# pial area lh Fri Mar 13 00:19:48 CET 2026
#@# thickness lh Fri Mar 13 00:19:49 CET 2026
#@# area and vertex vol lh Fri Mar 13 00:20:19 CET 2026
#@# Curvature Stats lh Fri Mar 13 00:20:21 CET 2026
#@# Cortical Parc 2 lh Fri Mar 13 00:20:24 CET 2026
#@# Cortical Parc 3 lh Fri Mar 13 00:20:39 CET 2026
#@# WM/GM Contrast lh Fri Mar 13 00:20:49 CET 2026
recon-all -s sub-v2s2x29077_ses-1 finished without error at Fri Mar 13 00:20:52 CET 2026



#New# invocation of recon-all 



status file for recon-all
Fri Mar 13 00:58:53 CET 2026
#@# white curv lh Fri Mar 13 00:58:53 CET 2026
#@# white area lh Fri Mar 13 00:58:53 CET 2026
#@# pial curv lh Fri Mar 13 00:58:53 CET 2026
#@# pial area lh Fri Mar 13 00:58:53 CET 2026
#@# thickness lh Fri Mar 13 00:58:53 CET 2026
#@# area and vertex vol lh Fri Mar 13 00:58:53 CET 2026
#@# Parcellation Stats lh Fri Mar 13 00:58:53 CET 2026
#@# Parcellation Stats 2 lh Fri Mar 13 00:59:22 CET 2026
#@# Parcellation Stats 3 lh Fri Mar 13 00:59:38 CET 2026
#@# BA_exvivo Labels lh Fri Mar 13 00:59:52 CET 2026
recon-all -s sub-v2s2x29077_ses-1 finished without error at Fri Mar 13 01:02:40 CET 2026
