status file for recon-all
Fri Mar 13 00:20:56 CET 2026
#@# Tessellate rh Fri Mar 13 00:20:56 CET 2026
#@# Smooth1 rh Fri Mar 13 00:20:59 CET 2026
#@# Inflation1 rh Fri Mar 13 00:21:02 CET 2026
#@# QSphere rh Fri Mar 13 00:22:22 CET 2026
#@# Fix Topology rh Fri Mar 13 00:23:37 CET 2026
#@# Smooth2 rh Fri Mar 13 00:30:28 CET 2026
#@# Inflation2 rh Fri Mar 13 00:30:32 CET 2026
#@# Curv .H and .K rh Fri Mar 13 00:30:54 CET 2026
#@# Sphere rh Fri Mar 13 00:31:51 CET 2026
#@# Surf Reg rh Fri Mar 13 00:35:07 CET 2026
#@# Jacobian white rh Fri Mar 13 00:40:02 CET 2026
#@# AvgCurv rh Fri Mar 13 00:40:03 CET 2026
#@# Cortical Parc rh Fri Mar 13 00:40:04 CET 2026
#@# white curv rh Fri Mar 13 00:48:19 CET 2026
#@# white area rh Fri Mar 13 00:48:20 CET 2026
#@# pial curv rh Fri Mar 13 00:48:21 CET 2026
#@# pial area rh Fri Mar 13 00:48:23 CET 2026
#@# thickness rh Fri Mar 13 00:48:24 CET 2026
#@# area and vertex vol rh Fri Mar 13 00:48:55 CET 2026
#@# Curvature Stats rh Fri Mar 13 00:48:56 CET 2026
#@# Cortical Parc 2 rh Fri Mar 13 00:48:59 CET 2026
#@# Cortical Parc 3 rh Fri Mar 13 00:49:14 CET 2026
#@# WM/GM Contrast rh Fri Mar 13 00:49:24 CET 2026
recon-all -s sub-v2s2x29077_ses-1 finished without error at Fri Mar 13 00:49:27 CET 2026



#New# invocation of recon-all 



status file for recon-all
Fri Mar 13 01:02:41 CET 2026
#@# white curv rh Fri Mar 13 01:02:41 CET 2026
#@# white area rh Fri Mar 13 01:02:41 CET 2026
#@# pial curv rh Fri Mar 13 01:02:41 CET 2026
#@# pial area rh Fri Mar 13 01:02:41 CET 2026
#@# thickness rh Fri Mar 13 01:02:41 CET 2026
#@# area and vertex vol rh Fri Mar 13 01:02:41 CET 2026
#@# Parcellation Stats rh Fri Mar 13 01:02:41 CET 2026
#@# Parcellation Stats 2 rh Fri Mar 13 01:03:10 CET 2026
#@# Parcellation Stats 3 rh Fri Mar 13 01:03:24 CET 2026
#@# BA_exvivo Labels rh Fri Mar 13 01:03:38 CET 2026
recon-all -s sub-v2s2x29077_ses-1 finished without error at Fri Mar 13 01:06:23 CET 2026
