/out/sourcedata/freesurfer/sub-v2s2x29074_ses-1/mri
/opt/freesurfer/bin/talairach_avi
--i orig_nu.mgz --xfm transforms/talairach.auto.xfm
talairach_avi 7.3.2
Linux dna075 5.14.0-427.37.1.el9_4.x86_64 #1 SMP PREEMPT_DYNAMIC Fri Sep 13 12:41:50 EDT 2024 x86_64 x86_64 x86_64 GNU/Linux
Thu Mar 12 22:02:23 CET 2026
mri_convert orig_nu.mgz talsrcimg.img 
reading from orig_nu.mgz...
TR=0.00, TE=0.00, TI=0.00, flip angle=0.00
i_ras = (-1, 0, 0)
j_ras = (0, 0, -1)
k_ras = (0, 1, 0)
writing to talsrcimg.img...
Analyze Output Matrix
-0.89844   0.00000   0.00000   119.51869;
 0.00000   0.00000   0.89844  -134.88475;
 0.00000  -0.89844   0.00000   130.35550;
 0.00000   0.00000   0.00000   1.00000;
--------------------
INFO: set hdr.hist.orient to -1
mpr2mni305 talsrcimg
Thu Mar 12 22:02:23 CET 2026
/opt/freesurfer/bin/mpr2mni305 talsrcimg
mpr2mni305 7.3.2
target=711-2C_as_mni_average_305

---------------------------------------------------------------------
analyzeto4dfp talsrcimg -O0 -y
---------------------------------------------------------------------

freesurfer ifh2hdr.c
Thu Mar 12 22:02:23 2026
Writing: talsrcimg.4dfp.hdr
freesurfer analyzeto4dfp.c
Reading: talsrcimg.hdr
header size 348 bytes
hdr.dime.datatype	offset=70	value=2
hdr.dime.bitpix		offset=72	value=8
hdr.hist.orient		offset=252	value=-1
dimensionality     4
dimensions       256       256       256         1
Reading: talsrcimg.img
Writing: talsrcimg.4dfp.img
Writing: talsrcimg.4dfp.ifh
ifh2hdr talsrcimg -r0to255
ori=2

---------------------------------------------------------------------
gauss_4dfp talsrcimg 1.1
---------------------------------------------------------------------

freesurfer gauss_4dfp.c
Reading: talsrcimg.4dfp.img
Writing: talsrcimg_g11.4dfp.img
image dimensions 256 256 256 padded to 288 288 288
processing volume 1freesurfer ifh2hdr.c
Thu Mar 12 22:02:25 2026
Writing: talsrcimg_g11.4dfp.hdr

Writing: talsrcimg_g11.4dfp.ifh
including: talsrcimg.4dfp.img.rec in talsrcimg_g11.4dfp.img.rec

---------------------------------------------------------------------
imgreg_4dfp /opt/freesurfer/average/711-2C_as_mni_average_305 none talsrcimg_g11 none talsrcimg_to_711-2C_as_mni_average_305_t4 4355
---------------------------------------------------------------------

freesurfer imgreg_4dfp.c
/opt/freesurfer/average/711-2C_as_mni_average_305.4dfp.img
       256       256       256         1
  1.000000  1.000000  1.000000
orientation T byte_order littleendian
Reading image: /opt/freesurfer/average/711-2C_as_mni_average_305.4dfp.img
dimensions:      256       256       256
mmppix:       1.0000   -1.0000   -1.0000
center:     128.0000 -129.0000 -129.0000
talsrcimg_g11.4dfp.img
       256       256       256         1
  0.898438  0.898438  0.898438
orientation T byte_order littleendian
Reading image: talsrcimg_g11.4dfp.img
dimensions:      256       256       256
mmppix:       0.8984   -0.8984   -0.8984
center:     115.0001 -115.8985 -115.8985
t4_read: open error in t4_sub.f l:  41 t4_file(1:l)talsrcimg_to_711-2C_as_mni_average_305_t4 
t4_read: transform initialized to I4
rotation matrix determinant  1.000000
image alignment mode   4355 decimal     1103 hex
   -7.5000  -45.0000  -45.0000 6087.6753   10.5119
    0.0000  -45.0000  -45.0000 6180.1982   10.5165
    7.5000  -45.0000  -45.0000 5871.8325   10.4906
   -7.5000  -37.5000  -45.0000 6522.8921   11.1884
    0.0000  -37.5000  -45.0000 6605.4126   11.1915
    7.5000  -37.5000  -45.0000 6278.8652   11.1640
   -7.5000  -30.0000  -45.0000 6950.9463   11.5519
    0.0000  -30.0000  -45.0000 7057.3203   11.5523
    7.5000  -30.0000  -45.0000 6692.5176   11.5234
   -7.5000  -22.5000  -45.0000 7466.3491   11.5383
    0.0000  -22.5000  -45.0000 7587.3770   11.5380
    7.5000  -22.5000  -45.0000 7183.2788   11.5088
   -7.5000  -15.0000  -45.0000 7939.3516   11.5118
    0.0000  -15.0000  -45.0000 8053.1479   11.5134
    7.5000  -15.0000  -45.0000 7634.9722   11.4846
   -7.5000   -7.5000  -45.0000 8061.4819   11.5007
    0.0000   -7.5000  -45.0000 8178.7183   11.5045
    7.5000   -7.5000  -45.0000 7754.0596   11.4760
   -7.5000    0.0000  -45.0000 8145.5400   11.5148
    0.0000    0.0000  -45.0000 8282.1230   11.5199
    7.5000    0.0000  -45.0000 7863.7744   11.4916
   -7.5000    7.5000  -45.0000 7879.5991   11.5411
    0.0000    7.5000  -45.0000 8022.5581   11.5444
    7.5000    7.5000  -45.0000 7602.5415   11.5160
   -7.5000   15.0000  -45.0000 7726.1450   11.5519
    0.0000   15.0000  -45.0000 7843.6440   11.5523
    7.5000   15.0000  -45.0000 7426.9443   11.5234
   -7.5000   22.5000  -45.0000 7096.3569   11.3831
    0.0000   22.5000  -45.0000 7208.7549   11.3828
    7.5000   22.5000  -45.0000 6835.0835   11.3540
   -7.5000   30.0000  -45.0000 6506.9614   11.0540
    0.0000   30.0000  -45.0000 6632.3774   11.0556
    7.5000   30.0000  -45.0000 6260.3140   11.0280
   -7.5000   37.5000  -45.0000 5950.0430   10.6904
    0.0000   37.5000  -45.0000 6050.9229   10.6940
    7.5000   37.5000  -45.0000 5716.1714   10.6675
   -7.5000   45.0000  -45.0000 5445.1289   10.6081
    0.0000   45.0000  -45.0000 5516.5532   10.6123
    7.5000   45.0000  -45.0000 5217.9868   10.5880
   -7.5000  -45.0000  -37.5000 6662.4971   10.9667
    0.0000  -45.0000  -37.5000 6760.7256   10.9755
    7.5000  -45.0000  -37.5000 6418.9170   10.9538
   -7.5000  -37.5000  -37.5000 7122.8345   11.6697
    0.0000  -37.5000  -37.5000 7226.8408   11.6765
    7.5000  -37.5000  -37.5000 6858.6235   11.6564
   -7.5000  -30.0000  -37.5000 7578.8809   12.0269
    0.0000  -30.0000  -37.5000 7699.5713   12.0302
    7.5000  -30.0000  -37.5000 7292.7881   12.0088
   -7.5000  -22.5000  -37.5000 8131.9434   12.0200
    0.0000  -22.5000  -37.5000 8253.5498   12.0224
    7.5000  -22.5000  -37.5000 7812.8047   11.9973
   -7.5000  -15.0000  -37.5000 8638.4531   12.0013
    0.0000  -15.0000  -37.5000 8771.6367   12.0064
    7.5000  -15.0000  -37.5000 8319.9326   11.9785
   -7.5000   -7.5000  -37.5000 8741.0186   11.9904
    0.0000   -7.5000  -37.5000 8879.8018   11.9987
    7.5000   -7.5000  -37.5000 8434.0664   11.9715
   -7.5000    0.0000  -37.5000 8808.8535   11.9978
    0.0000    0.0000  -37.5000 8963.9746   12.0075
    7.5000    0.0000  -37.5000 8518.4160   11.9838
   -7.5000    7.5000  -37.5000 8519.1699   12.0164
    0.0000    7.5000  -37.5000 8669.8906   12.0235
    7.5000    7.5000  -37.5000 8225.4590   12.0027
   -7.5000   15.0000  -37.5000 8338.1133   12.0263
    0.0000   15.0000  -37.5000 8455.5518   12.0297
    7.5000   15.0000  -37.5000 8026.0684   12.0083
   -7.5000   22.5000  -37.5000 7646.5962   11.8593
    0.0000   22.5000  -37.5000 7768.7446   11.8617
    7.5000   22.5000  -37.5000 7373.0591   11.8369
   -7.5000   30.0000  -37.5000 7005.4038   11.5323
    0.0000   30.0000  -37.5000 7126.3472   11.5372
    7.5000   30.0000  -37.5000 6748.7837   11.5104
   -7.5000   37.5000  -37.5000 6388.3379   11.1547
    0.0000   37.5000  -37.5000 6484.8770   11.1624
    7.5000   37.5000  -37.5000 6141.5020   11.1371
   -7.5000   45.0000  -37.5000 5820.3945   11.0479
    0.0000   45.0000  -37.5000 5898.8301   11.0572
    7.5000   45.0000  -37.5000 5594.6504   11.0378
   -7.5000  -45.0000  -30.0000 7249.8555   11.4057
    0.0000  -45.0000  -30.0000 7355.3105   11.4155
    7.5000  -45.0000  -30.0000 6966.8047   11.3969
   -7.5000  -37.5000  -30.0000 7725.4805   12.1405
    0.0000  -37.5000  -30.0000 7836.3760   12.1485
    7.5000  -37.5000  -30.0000 7422.1978   12.1326
   -7.5000  -30.0000  -30.0000 8224.3564   12.4937
    0.0000  -30.0000  -30.0000 8335.8301   12.4991
    7.5000  -30.0000  -30.0000 7891.0615   12.4822
   -7.5000  -22.5000  -30.0000 8797.2080   12.4875
    0.0000  -22.5000  -30.0000 8935.3926   12.4922
    7.5000  -22.5000  -30.0000 8464.7793   12.4709
   -7.5000  -15.0000  -30.0000 9348.4453   12.4695
    0.0000  -15.0000  -30.0000 9485.3516   12.4763
    7.5000  -15.0000  -30.0000 9006.1953   12.4515
   -7.5000   -7.5000  -30.0000 9455.6084   12.4585
    0.0000   -7.5000  -30.0000 9597.1523   12.4681
    7.5000   -7.5000  -30.0000 9105.6416   12.4437
   -7.5000    0.0000  -30.0000 9522.8545   12.4653
    0.0000    0.0000  -30.0000 9642.5840   12.4760
    7.5000    0.0000  -30.0000 9163.6270   12.4557
   -7.5000    7.5000  -30.0000 9177.8213   12.4823
    0.0000    7.5000  -30.0000 9296.8799   12.4906
    7.5000    7.5000  -30.0000 8831.6836   12.4742
   -7.5000   15.0000  -30.0000 8942.7275   12.4920
    0.0000   15.0000  -30.0000 9058.8086   12.4974
    7.5000   15.0000  -30.0000 8596.2773   12.4805
   -7.5000   22.5000  -30.0000 8193.0254   12.3211
    0.0000   22.5000  -30.0000 8294.2881   12.3257
    7.5000   22.5000  -30.0000 7889.2681   12.3047
   -7.5000   30.0000  -30.0000 7493.7012   11.9909
    0.0000   30.0000  -30.0000 7588.0166   11.9975
    7.5000   30.0000  -30.0000 7227.9609   11.9736
   -7.5000   37.5000  -30.0000 6815.1094   11.6075
    0.0000   37.5000  -30.0000 6886.5215   11.6165
    7.5000   37.5000  -30.0000 6559.6763   11.5938
   -7.5000   45.0000  -30.0000 6188.9004   11.4933
    0.0000   45.0000  -30.0000 6255.5991   11.5045
    7.5000   45.0000  -30.0000 5950.8169   11.4879
   -7.5000  -45.0000  -22.5000 7847.4316   11.8184
    0.0000  -45.0000  -22.5000 7948.9048   11.8274
    7.5000  -45.0000  -22.5000 7540.6426   11.8062
   -7.5000  -37.5000  -22.5000 8347.2676   12.5898
    0.0000  -37.5000  -22.5000 8465.8750   12.5976
    7.5000  -37.5000  -22.5000 8015.8486   12.5775
   -7.5000  -30.0000  -22.5000 8874.4033   12.9421
    0.0000  -30.0000  -22.5000 8999.9141   12.9471
    7.5000  -30.0000  -22.5000 8521.8086   12.9256
   -7.5000  -22.5000  -22.5000 9484.6650   12.9331
    0.0000  -22.5000  -22.5000 9618.0342   12.9368
    7.5000  -22.5000  -22.5000 9115.6689   12.9122
   -7.5000  -15.0000  -22.500010083.1631   12.9113
    0.0000  -15.0000  -22.500010214.9541   12.9165
    7.5000  -15.0000  -22.5000 9690.9482   12.8899
   -7.5000   -7.5000  -22.500010180.8389   12.8996
    0.0000   -7.5000  -22.500010316.5000   12.9075
    7.5000   -7.5000  -22.5000 9783.0020   12.8817
   -7.5000    0.0000  -22.500010243.6436   12.9090
    0.0000    0.0000  -22.500010361.0957   12.9188
    7.5000    0.0000  -22.5000 9834.3418   12.8957
   -7.5000    7.5000  -22.5000 9853.8145   12.9281
    0.0000    7.5000  -22.5000 9964.0986   12.9362
    7.5000    7.5000  -22.5000 9458.5879   12.9156
   -7.5000   15.0000  -22.5000 9572.9316   12.9390
    0.0000   15.0000  -22.5000 9662.8623   12.9440
    7.5000   15.0000  -22.5000 9186.7188   12.9225
   -7.5000   22.5000  -22.5000 8763.6250   12.7620
    0.0000   22.5000  -22.5000 8824.8691   12.7656
    7.5000   22.5000  -22.5000 8426.8896   12.7414
   -7.5000   30.0000  -22.5000 7987.0996   12.4249
    0.0000   30.0000  -22.5000 8041.5249   12.4298
    7.5000   30.0000  -22.5000 7680.6611   12.4043
   -7.5000   37.5000  -22.5000 7239.2739   12.0368
    0.0000   37.5000  -22.5000 7290.3657   12.0441
    7.5000   37.5000  -22.5000 6958.6685   12.0200
   -7.5000   45.0000  -22.5000 6556.3057   11.9294
    0.0000   45.0000  -22.5000 6608.7690   11.9402
    7.5000   45.0000  -22.5000 6299.5420   11.9200
   -7.5000  -45.0000  -15.0000 8418.7490   12.2401
    0.0000  -45.0000  -15.0000 8531.5371   12.2471
    7.5000  -45.0000  -15.0000 8088.9346   12.2200
   -7.5000  -37.5000  -15.0000 8952.4883   13.0435
    0.0000  -37.5000  -15.0000 9079.1318   13.0493
    7.5000  -37.5000  -15.0000 8598.4541   13.0208
   -7.5000  -30.0000  -15.0000 9520.8721   13.3984
    0.0000  -30.0000  -15.0000 9641.7393   13.4007
    7.5000  -30.0000  -15.0000 9151.6650   13.3704
   -7.5000  -22.5000  -15.000010183.5186   13.3854
    0.0000  -22.5000  -15.000010302.0664   13.3859
    7.5000  -22.5000  -15.0000 9790.1543   13.3544
   -7.5000  -15.0000  -15.000010805.6377   13.3568
    0.0000  -15.0000  -15.000010952.1875   13.3587
    7.5000  -15.0000  -15.000010381.3125   13.3276
   -7.5000   -7.5000  -15.000010890.2422   13.3432
    0.0000   -7.5000  -15.000011060.8389   13.3483
    7.5000   -7.5000  -15.000010479.0596   13.3179
   -7.5000    0.0000  -15.000010956.9551   13.3566
    0.0000    0.0000  -15.000011120.8252   13.3642
    7.5000    0.0000  -15.000010539.4453   13.3348
   -7.5000    7.5000  -15.000010542.0635   13.3810
    0.0000    7.5000  -15.000010681.4678   13.3870
    7.5000    7.5000  -15.000010114.3701   13.3577
   -7.5000   15.0000  -15.000010203.6641   13.3942
    0.0000   15.0000  -15.000010315.6035   13.3966
    7.5000   15.0000  -15.0000 9791.3125   13.3662
   -7.5000   22.5000  -15.0000 9343.9814   13.2103
    0.0000   22.5000  -15.0000 9404.6992   13.2108
    7.5000   22.5000  -15.0000 8970.4424   13.1797
   -7.5000   30.0000  -15.0000 8498.8906   12.8632
    0.0000   30.0000  -15.0000 8537.1719   12.8651
    7.5000   30.0000  -15.0000 8163.2666   12.8351
   -7.5000   37.5000  -15.0000 7681.6152   12.4697
    0.0000   37.5000  -15.0000 7708.4121   12.4745
    7.5000   37.5000  -15.0000 7372.6099   12.4461
   -7.5000   45.0000  -15.0000 6965.6089   12.3737
    0.0000   45.0000  -15.0000 6995.4448   12.3818
    7.5000   45.0000  -15.0000 6672.1572   12.3550
   -7.5000  -45.0000   -7.5000 8721.6709   12.2405
    0.0000  -45.0000   -7.5000 8822.2051   12.2464
    7.5000  -45.0000   -7.5000 8377.8818   12.2157
   -7.5000  -37.5000   -7.5000 9294.2393   13.0449
    0.0000  -37.5000   -7.5000 9396.7168   13.0496
    7.5000  -37.5000   -7.5000 8912.7930   13.0167
   -7.5000  -30.0000   -7.5000 9899.1035   13.3992
    0.0000  -30.0000   -7.5000 9992.2930   13.4002
    7.5000  -30.0000   -7.5000 9502.2930   13.3658
   -7.5000  -22.5000   -7.500010582.4170   13.3844
    0.0000  -22.5000   -7.500010693.3574   13.3835
    7.5000  -22.5000   -7.500010161.0625   13.3492
   -7.5000  -15.0000   -7.500011185.3291   13.3544
    0.0000  -15.0000   -7.500011352.1113   13.3553
    7.5000  -15.0000   -7.500010748.0635   13.3219
   -7.5000   -7.5000   -7.500011290.0381   13.3416
    0.0000   -7.5000   -7.500011460.7900   13.3456
    7.5000   -7.5000   -7.500010839.7637   13.3126
   -7.5000    0.0000   -7.500011362.1162   13.3570
    0.0000    0.0000   -7.500011523.8232   13.3635
    7.5000    0.0000   -7.500010897.3398   13.3301
   -7.5000    7.5000   -7.500010896.8975   13.3824
    0.0000    7.5000   -7.500011040.5371   13.3873
    7.5000    7.5000   -7.500010425.8291   13.3535
   -7.5000   15.0000   -7.500010552.6240   13.3951
    0.0000   15.0000   -7.500010647.1670   13.3961
    7.5000   15.0000   -7.500010100.2500   13.3617
   -7.5000   22.5000   -7.5000 9639.6650   13.2093
    0.0000   22.5000   -7.5000 9710.9141   13.2085
    7.5000   22.5000   -7.5000 9253.1592   13.1746
   -7.5000   30.0000   -7.5000 8770.0967   12.8609
    0.0000   30.0000   -7.5000 8815.9375   12.8618
    7.5000   30.0000   -7.5000 8407.3652   12.8297
   -7.5000   37.5000   -7.5000 7910.7949   12.4683
    0.0000   37.5000   -7.5000 7936.8555   12.4721
    7.5000   37.5000   -7.5000 7586.3564   12.4412
   -7.5000   45.0000   -7.5000 7147.4663   12.3741
    0.0000   45.0000   -7.5000 7183.2842   12.3800
    7.5000   45.0000   -7.5000 6850.2168   12.3500
   -7.5000  -45.0000    0.0000 8853.9102   12.5383
    0.0000  -45.0000    0.0000 8939.5840   12.5466
    7.5000  -45.0000    0.0000 8494.1514   12.5172
   -7.5000  -37.5000    0.0000 9412.3408   13.3537
    0.0000  -37.5000    0.0000 9520.7568   13.3603
    7.5000  -37.5000    0.0000 9035.1465   13.3300
   -7.5000  -30.0000    0.000010044.2832   13.7058
    0.0000  -30.0000    0.000010153.2285   13.7087
    7.5000  -30.0000    0.0000 9645.6104   13.6772
   -7.5000  -22.5000    0.000010800.2383   13.6920
    0.0000  -22.5000    0.000010939.2656   13.6937
    7.5000  -22.5000    0.000010351.3271   13.6611
   -7.5000  -15.0000    0.000011442.3877   13.6652
    0.0000  -15.0000    0.000011666.0840   13.6694
    7.5000  -15.0000    0.000010966.7607   13.6363
   -7.5000   -7.5000    0.000011526.3984   13.6540
    0.0000   -7.5000    0.000011716.2051   13.6614
    7.5000   -7.5000    0.000011024.8594   13.6284
   -7.5000    0.0000    0.000011585.1816   13.6685
    0.0000    0.0000    0.000011736.4717   13.6775
    7.5000    0.0000    0.000011072.6133   13.6456
   -7.5000    7.5000    0.000011080.3633   13.6902
    0.0000    7.5000    0.000011200.5830   13.6970
    7.5000    7.5000    0.000010569.9014   13.6659
   -7.5000   15.0000    0.000010704.8379   13.7009
    0.0000   15.0000    0.000010805.6924   13.7039
    7.5000   15.0000    0.000010213.1709   13.6724
   -7.5000   22.5000    0.0000 9764.6260   13.5148
    0.0000   22.5000    0.0000 9873.2861   13.5165
    7.5000   22.5000    0.0000 9336.4434   13.4843
   -7.5000   30.0000    0.0000 8910.5127   13.1682
    0.0000   30.0000    0.0000 8983.7490   13.1723
    7.5000   30.0000    0.0000 8514.5430   13.1404
   -7.5000   37.5000    0.0000 8017.3315   12.7756
    0.0000   37.5000    0.0000 8078.7651   12.7824
    7.5000   37.5000    0.0000 7676.7671   12.7516
   -7.5000   45.0000    0.0000 7233.3975   12.6860
    0.0000   45.0000    0.0000 7286.6978   12.6940
    7.5000   45.0000    0.0000 6927.3511   12.6665
   -7.5000  -45.0000    7.5000 8653.0898   12.5309
    0.0000  -45.0000    7.5000 8739.5967   12.5420
    7.5000  -45.0000    7.5000 8305.1152   12.5184
   -7.5000  -37.5000    7.5000 9130.2725   13.3411
    0.0000  -37.5000    7.5000 9221.0225   13.3501
    7.5000  -37.5000    7.5000 8782.4043   13.3283
   -7.5000  -30.0000    7.5000 9752.6270   13.6924
    0.0000  -30.0000    7.5000 9839.1367   13.6979
    7.5000  -30.0000    7.5000 9380.4150   13.6749
   -7.5000  -22.5000    7.500010590.6328   13.6833
    0.0000  -22.5000    7.500010786.1816   13.6883
    7.5000  -22.5000    7.500010162.6709   13.6612
   -7.5000  -15.0000    7.500011344.7539   13.6620
    0.0000  -15.0000    7.500011731.2734   13.6699
    7.5000  -15.0000    7.500010847.7852   13.6398
   -7.5000   -7.5000    7.500011424.1250   13.6507
    0.0000   -7.5000    7.500011751.1680   13.6617
    7.5000   -7.5000    7.500010886.2051   13.6323
   -7.5000    0.0000    7.500011392.1621   13.6604
    0.0000    0.0000    7.500011625.3750   13.6725
    7.5000    0.0000    7.500010860.0479   13.6469
   -7.5000    7.5000    7.500010760.8574   13.6773
    0.0000    7.5000    7.500010946.7090   13.6866
    7.5000    7.5000    7.500010252.3555   13.6642
   -7.5000   15.0000    7.500010341.0303   13.6875
    0.0000   15.0000    7.500010531.4199   13.6931
    7.5000   15.0000    7.5000 9857.1650   13.6700
   -7.5000   22.5000    7.5000 9447.7822   13.5062
    0.0000   22.5000    7.5000 9613.9570   13.5111
    7.5000   22.5000    7.5000 9019.8086   13.4844
   -7.5000   30.0000    7.5000 8622.0850   13.1651
    0.0000   30.0000    7.5000 8742.2275   13.1727
    7.5000   30.0000    7.5000 8245.1104   13.1438
   -7.5000   37.5000    7.5000 7785.3433   12.7725
    0.0000   37.5000    7.5000 7887.3257   12.7828
    7.5000   37.5000    7.5000 7458.8027   12.7553
   -7.5000   45.0000    7.5000 7010.5156   12.6779
    0.0000   45.0000    7.5000 7095.6167   12.6896
    7.5000   45.0000    7.5000 6728.8999   12.6685
   -7.5000  -45.0000   15.0000 8688.5029   12.5977
    0.0000  -45.0000   15.0000 8785.4531   12.6086
    7.5000  -45.0000   15.0000 8357.1553   12.5880
   -7.5000  -37.5000   15.0000 9169.5645   13.4106
    0.0000  -37.5000   15.0000 9262.7305   13.4198
    7.5000  -37.5000   15.0000 8818.1660   13.4018
   -7.5000  -30.0000   15.0000 9783.9092   13.7638
    0.0000  -30.0000   15.0000 9888.5283   13.7700
    7.5000  -30.0000   15.0000 9412.1084   13.7509
   -7.5000  -22.5000   15.000010588.4355   13.7568
    0.0000  -22.5000   15.000010911.4883   13.7623
    7.5000  -22.5000   15.000010165.5498   13.7385
   -7.5000  -15.0000   15.000011415.8271   13.7374
    0.0000  -15.0000   15.000011978.6055   13.7451
    7.5000  -15.0000   15.000010886.2334   13.7177
   -7.5000   -7.5000   15.000011524.5176   13.7257
    0.0000   -7.5000   15.000012053.4004   13.7364
    7.5000   -7.5000   15.000010977.5752   13.7095
   -7.5000    0.0000   15.000011448.7822   13.7332
    0.0000    0.0000   15.000011813.2461   13.7452
    7.5000    0.0000   15.000010920.0273   13.7227
   -7.5000    7.5000   15.000010749.5234   13.7486
    0.0000    7.5000   15.000011022.0049   13.7580
    7.5000    7.5000   15.000010267.0049   13.7395
   -7.5000   15.0000   15.000010303.2363   13.7589
    0.0000   15.0000   15.000010530.0996   13.7651
    7.5000   15.0000   15.0000 9848.7158   13.7461
   -7.5000   22.5000   15.0000 9448.0430   13.5788
    0.0000   22.5000   15.0000 9613.9219   13.5842
    7.5000   22.5000   15.0000 9039.0586   13.5607
   -7.5000   30.0000   15.0000 8636.7627   13.2378
    0.0000   30.0000   15.0000 8759.9463   13.2452
    7.5000   30.0000   15.0000 8270.1172   13.2188
   -7.5000   37.5000   15.0000 7796.4795   12.8426
    0.0000   37.5000   15.0000 7905.4756   12.8526
    7.5000   37.5000   15.0000 7472.9287   12.8274
   -7.5000   45.0000   15.0000 7019.9482   12.7476
    0.0000   45.0000   15.0000 7100.4590   12.7602
    7.5000   45.0000   15.0000 6731.5029   12.7416
   -7.5000  -45.0000   22.5000 8251.6074   12.7427
    0.0000  -45.0000   22.5000 8359.9785   12.7514
    7.5000  -45.0000   22.5000 7930.5825   12.7270
   -7.5000  -37.5000   22.5000 8747.5449   13.5688
    0.0000  -37.5000   22.5000 8849.4512   13.5769
    7.5000  -37.5000   22.5000 8401.2529   13.5539
   -7.5000  -30.0000   22.5000 9336.1006   13.9289
    0.0000  -30.0000   22.5000 9477.2939   13.9342
    7.5000  -30.0000   22.5000 8965.5068   13.9101
   -7.5000  -22.5000   22.500010037.0020   13.9205
    0.0000  -22.5000   22.500010301.5430   13.9241
    7.5000  -22.5000   22.5000 9640.9521   13.8968
   -7.5000  -15.0000   22.500010695.9551   13.8966
    0.0000  -15.0000   22.500011010.6533   13.9013
    7.5000  -15.0000   22.500010234.2998   13.8715
   -7.5000   -7.5000   22.500010820.2793   13.8823
    0.0000   -7.5000   22.500011121.3262   13.8895
    7.5000   -7.5000   22.500010345.5459   13.8600
   -7.5000    0.0000   22.500010835.4443   13.8911
    0.0000    0.0000   22.500011088.7227   13.9007
    7.5000    0.0000   22.500010376.4062   13.8741
   -7.5000    7.5000   22.500010184.3174   13.9108
    0.0000    7.5000   22.500010414.5654   13.9190
    7.5000    7.5000   22.5000 9763.6572   13.8955
   -7.5000   15.0000   22.5000 9776.8896   13.9240
    0.0000   15.0000   22.5000 9966.5605   13.9293
    7.5000   15.0000   22.5000 9357.3682   13.9052
   -7.5000   22.5000   22.5000 8991.2549   13.7403
    0.0000   22.5000   22.5000 9143.0771   13.7439
    7.5000   22.5000   22.5000 8606.3086   13.7169
   -7.5000   30.0000   22.5000 8217.1396   13.3912
    0.0000   30.0000   22.5000 8349.3408   13.3957
    7.5000   30.0000   22.5000 7863.6343   13.3670
   -7.5000   37.5000   22.5000 7386.1895   12.9890
    0.0000   37.5000   22.5000 7500.9624   12.9958
    7.5000   37.5000   22.5000 7085.4399   12.9683
   -7.5000   45.0000   22.5000 6626.6401   12.8965
    0.0000   45.0000   22.5000 6696.0669   12.9073
    7.5000   45.0000   22.5000 6358.5352   12.8838
   -7.5000  -45.0000   30.0000 7781.2168   12.9041
    0.0000  -45.0000   30.0000 7868.0015   12.9110
    7.5000  -45.0000   30.0000 7470.7446   12.8801
   -7.5000  -37.5000   30.0000 8238.2686   13.7520
    0.0000  -37.5000   30.0000 8325.8545   13.7582
    7.5000  -37.5000   30.0000 7913.2905   13.7255
   -7.5000  -30.0000   30.0000 8774.4424   14.1220
    0.0000  -30.0000   30.0000 8892.2432   14.1261
    7.5000  -30.0000   30.0000 8432.6611   14.0921
   -7.5000  -22.5000   30.0000 9391.2109   14.1102
    0.0000  -22.5000   30.0000 9563.1133   14.1135
    7.5000  -22.5000   30.0000 9053.8730   14.0793
   -7.5000  -15.0000   30.0000 9966.4199   14.0802
    0.0000  -15.0000   30.000010119.2617   14.0845
    7.5000  -15.0000   30.0000 9590.2314   14.0508
   -7.5000   -7.5000   30.000010102.4404   14.0635
    0.0000   -7.5000   30.000010217.0293   14.0696
    7.5000   -7.5000   30.0000 9700.6514   14.0359
   -7.5000    0.0000   30.000010182.2168   14.0754
    0.0000    0.0000   30.000010273.3359   14.0830
    7.5000    0.0000   30.0000 9763.4668   14.0494
   -7.5000    7.5000   30.0000 9600.3584   14.1010
    0.0000    7.5000   30.0000 9683.7725   14.1073
    7.5000    7.5000   30.0000 9189.7783   14.0738
   -7.5000   15.0000   30.0000 9256.1836   14.1170
    0.0000   15.0000   30.0000 9338.3027   14.1210
    7.5000   15.0000   30.0000 8843.9521   14.0871
   -7.5000   22.5000   30.0000 8498.7939   13.9264
    0.0000   22.5000   30.0000 8580.0947   13.9296
    7.5000   22.5000   30.0000 8118.4009   13.8958
   -7.5000   30.0000   30.0000 7743.9717   13.5743
    0.0000   30.0000   30.0000 7836.0928   13.5785
    7.5000   30.0000   30.0000 7398.0337   13.5460
   -7.5000   37.5000   30.0000 6940.6221   13.1710
    0.0000   37.5000   30.0000 7035.1489   13.1767
    7.5000   37.5000   30.0000 6646.6802   13.1453
   -7.5000   45.0000   30.0000 6199.4009   13.0891
    0.0000   45.0000   30.0000 6274.8467   13.0972
    7.5000   45.0000   30.0000 5948.3047   13.0665
   -7.5000  -45.0000   37.5000 7302.8682   12.9610
    0.0000  -45.0000   37.5000 7390.1865   12.9650
    7.5000  -45.0000   37.5000 7034.3569   12.9320
   -7.5000  -37.5000   37.5000 7733.1406   13.8156
    0.0000  -37.5000   37.5000 7832.1914   13.8193
    7.5000  -37.5000   37.5000 7445.9312   13.7846
   -7.5000  -30.0000   37.5000 8218.1426   14.1808
    0.0000  -30.0000   37.5000 8329.5537   14.1819
    7.5000  -30.0000   37.5000 7919.4478   14.1461
   -7.5000  -22.5000   37.5000 8791.8398   14.1705
    0.0000  -22.5000   37.5000 8911.5859   14.1702
    7.5000  -22.5000   37.5000 8481.0801   14.1342
   -7.5000  -15.0000   37.5000 9316.5127   14.1402
    0.0000  -15.0000   37.5000 9413.7510   14.1406
    7.5000  -15.0000   37.5000 8972.0205   14.1048
   -7.5000   -7.5000   37.5000 9413.8604   14.1217
    0.0000   -7.5000   37.5000 9503.0615   14.1239
    7.5000   -7.5000   37.5000 9057.4512   14.0880
   -7.5000    0.0000   37.5000 9493.6416   14.1318
    0.0000    0.0000   37.5000 9571.8027   14.1363
    7.5000    0.0000   37.5000 9120.9082   14.1004
   -7.5000    7.5000   37.5000 8950.6865   14.1574
    0.0000    7.5000   37.5000 9022.9385   14.1612
    7.5000    7.5000   37.5000 8580.9160   14.1257
   -7.5000   15.0000   37.5000 8661.9189   14.1756
    0.0000   15.0000   37.5000 8727.2988   14.1767
    7.5000   15.0000   37.5000 8279.6924   14.1409
   -7.5000   22.5000   37.5000 7944.1265   13.9835
    0.0000   22.5000   37.5000 8021.5698   13.9831
    7.5000   22.5000   37.5000 7583.8452   13.9476
   -7.5000   30.0000   37.5000 7231.3926   13.6321
    0.0000   30.0000   37.5000 7327.3560   13.6324
    7.5000   30.0000   37.5000 6912.7686   13.5980
   -7.5000   37.5000   37.5000 6481.4849   13.2259
    0.0000   37.5000   37.5000 6558.0952   13.2279
    7.5000   37.5000   37.5000 6206.5493   13.1944
   -7.5000   45.0000   37.5000 5793.7676   13.1436
    0.0000   45.0000   37.5000 5844.4048   13.1474
    7.5000   45.0000   37.5000 5554.0762   13.1151
   -7.5000  -45.0000   45.0000 6813.2144   13.0395
    0.0000  -45.0000   45.0000 6890.7339   13.0478
    7.5000  -45.0000   45.0000 6571.0098   13.0184
   -7.5000  -37.5000   45.0000 7209.0376   13.8954
    0.0000  -37.5000   45.0000 7306.7974   13.9027
    7.5000  -37.5000   45.0000 6958.2432   13.8733
   -7.5000  -30.0000   45.0000 7656.2358   14.2558
    0.0000  -30.0000   45.0000 7766.4390   14.2610
    7.5000  -30.0000   45.0000 7392.0991   14.2311
   -7.5000  -22.5000   45.0000 8184.0732   14.2576
    0.0000  -22.5000   45.0000 8282.3154   14.2625
    7.5000  -22.5000   45.0000 7897.8887   14.2312
   -7.5000  -15.0000   45.0000 8657.9277   14.2326
    0.0000  -15.0000   45.0000 8728.6133   14.2392
    7.5000  -15.0000   45.0000 8341.0332   14.2065
   -7.5000   -7.5000   45.0000 8745.3867   14.2070
    0.0000   -7.5000   45.0000 8823.4824   14.2151
    7.5000   -7.5000   45.0000 8403.8154   14.1819
   -7.5000    0.0000   45.0000 8834.1865   14.2049
    0.0000    0.0000   45.0000 8899.8389   14.2139
    7.5000    0.0000   45.0000 8470.6348   14.1820
   -7.5000    7.5000   45.0000 8321.9307   14.2255
    0.0000    7.5000   45.0000 8383.9053   14.2330
    7.5000    7.5000   45.0000 7976.1372   14.2029
   -7.5000   15.0000   45.0000 8029.6714   14.2504
    0.0000   15.0000   45.0000 8097.9316   14.2557
    7.5000   15.0000   45.0000 7697.5425   14.2257
   -7.5000   22.5000   45.0000 7388.3125   14.0675
    0.0000   22.5000   45.0000 7464.5957   14.0723
    7.5000   22.5000   45.0000 7075.9385   14.0415
   -7.5000   30.0000   45.0000 6726.6450   13.7198
    0.0000   30.0000   45.0000 6794.5210   13.7262
    7.5000   30.0000   45.0000 6446.9536   13.6946
   -7.5000   37.5000   45.0000 6017.3711   13.3025
    0.0000   37.5000   45.0000 6083.6016   13.3100
    7.5000   37.5000   45.0000 5778.4531   13.2789
   -7.5000   45.0000   45.0000 5385.7153   13.2053
    0.0000   45.0000   45.0000 5436.6367   13.2136
    7.5000   45.0000   45.0000 5171.7964   13.1864

---------------------------------------------------------------------
imgreg_4dfp /opt/freesurfer/average/711-2C_as_mni_average_305 /opt/freesurfer/average/711-2B_as_mni_average_305_mask talsrcimg_g11 none talsrcimg_to_711-2C_as_mni_average_305_t4 4355
---------------------------------------------------------------------

freesurfer imgreg_4dfp.c
/opt/freesurfer/average/711-2C_as_mni_average_305.4dfp.img
       256       256       256         1
  1.000000  1.000000  1.000000
orientation T byte_order littleendian
Reading image: /opt/freesurfer/average/711-2C_as_mni_average_305.4dfp.img
dimensions:      256       256       256
mmppix:       1.0000   -1.0000   -1.0000
center:     128.0000 -129.0000 -129.0000
/opt/freesurfer/average/711-2B_as_mni_average_305_mask.4dfp.img
       256       256       256         1
  1.000000  1.000000  1.000000
orientation T byte_order littleendian
Reading mask: /opt/freesurfer/average/711-2B_as_mni_average_305_mask.4dfp.img (2306576 pixels)
talsrcimg_g11.4dfp.img
       256       256       256         1
  0.898438  0.898438  0.898438
orientation T byte_order littleendian
Reading image: talsrcimg_g11.4dfp.img
dimensions:      256       256       256
mmppix:       0.8984   -0.8984   -0.8984
center:     115.0001 -115.8985 -115.8985
rotation matrix determinant  1.000000
image alignment mode   4355 decimal     1103 hex
   -7.5000  -52.5000  -30.0000 2153.9944   13.2688
    0.0000  -52.5000  -30.0000 2173.1313   13.2190
    7.5000  -52.5000  -30.0000 2157.6243   13.2366
   -7.5000  -45.0000  -30.0000 2280.5359   12.3534
    0.0000  -45.0000  -30.0000 2304.5327   12.2760
    7.5000  -45.0000  -30.0000 2282.1375   12.3119
   -7.5000  -37.5000  -30.0000 2351.6360   11.6038
    0.0000  -37.5000  -30.0000 2374.6606   11.5082
    7.5000  -37.5000  -30.0000 2354.9639   11.5167
   -7.5000  -30.0000  -30.0000 2400.5830   10.9730
    0.0000  -30.0000  -30.0000 2426.3352   10.8665
    7.5000  -30.0000  -30.0000 2400.3208   10.8896
   -7.5000  -22.5000  -30.0000 2434.4700   10.5422
    0.0000  -22.5000  -30.0000 2464.6548   10.4354
    7.5000  -22.5000  -30.0000 2440.1682   10.4963
   -7.5000  -15.0000  -30.0000 2452.5159   10.3352
    0.0000  -15.0000  -30.0000 2476.2573   10.2488
    7.5000  -15.0000  -30.0000 2459.0398   10.2960
   -7.5000   -7.5000  -30.0000 2441.0376   10.3968
    0.0000   -7.5000  -30.0000 2469.7200   10.2855
    7.5000   -7.5000  -30.0000 2449.4309   10.3336
   -7.5000    0.0000  -30.0000 2415.1001   10.6095
    0.0000    0.0000  -30.0000 2445.0032   10.4885
    7.5000    0.0000  -30.0000 2425.6567   10.5750
   -7.5000    7.5000  -30.0000 2372.1580   11.0994
    0.0000    7.5000  -30.0000 2400.9788   10.9517
    7.5000    7.5000  -30.0000 2384.4573   11.0251
   -7.5000   15.0000  -30.0000 2311.2197   11.8030
    0.0000   15.0000  -30.0000 2342.0217   11.6613
    7.5000   15.0000  -30.0000 2321.1047   11.7311
   -7.5000   22.5000  -30.0000 2228.2119   12.8020
    0.0000   22.5000  -30.0000 2260.3613   12.6384
    7.5000   22.5000  -30.0000 2238.9075   12.7160
   -7.5000   30.0000  -30.0000 2119.0220   14.0627
    0.0000   30.0000  -30.0000 2147.5427   13.9164
    7.5000   30.0000  -30.0000 2125.6719   13.9834
   -7.5000   37.5000  -30.0000 1975.5156   15.6434
    0.0000   37.5000  -30.0000 1998.0854   15.4497
    7.5000   37.5000  -30.0000 1984.0267   15.5218
   -7.5000  -52.5000  -22.5000 2262.8264   12.7969
    0.0000  -52.5000  -22.5000 2286.9595   12.7133
    7.5000  -52.5000  -22.5000 2265.1533   12.7527
   -7.5000  -45.0000  -22.5000 2394.5659   11.8636
    0.0000  -45.0000  -22.5000 2420.0891   11.7755
    7.5000  -45.0000  -22.5000 2393.2363   11.8295
   -7.5000  -37.5000  -22.5000 2469.7217   11.1296
    0.0000  -37.5000  -22.5000 2497.2617   11.0332
    7.5000  -37.5000  -22.5000 2474.7700   11.0604
   -7.5000  -30.0000  -22.5000 2524.6648   10.5196
    0.0000  -30.0000  -22.5000 2552.2107   10.4075
    7.5000  -30.0000  -22.5000 2531.2566   10.4404
   -7.5000  -22.5000  -22.5000 2570.7144   10.0878
    0.0000  -22.5000  -22.5000 2602.2834    9.9672
    7.5000  -22.5000  -22.5000 2581.8782   10.0386
   -7.5000  -15.0000  -22.5000 2600.8245    9.8756
    0.0000  -15.0000  -22.5000 2628.4133    9.7512
    7.5000  -15.0000  -22.5000 2607.2908    9.8236
   -7.5000   -7.5000  -22.5000 2598.5288    9.9210
    0.0000   -7.5000  -22.5000 2629.7654    9.7968
    7.5000   -7.5000  -22.5000 2607.7061    9.8567
   -7.5000    0.0000  -22.5000 2573.4202   10.1771
    0.0000    0.0000  -22.5000 2607.6926   10.0257
    7.5000    0.0000  -22.5000 2579.9363   10.1236
   -7.5000    7.5000  -22.5000 2524.2026   10.6505
    0.0000    7.5000  -22.5000 2561.2722   10.5115
    7.5000    7.5000  -22.5000 2536.0815   10.5846
   -7.5000   15.0000  -22.5000 2447.4241   11.3351
    0.0000   15.0000  -22.5000 2482.6553   11.1766
    7.5000   15.0000  -22.5000 2460.8677   11.2469
   -7.5000   22.5000  -22.5000 2351.1807   12.2618
    0.0000   22.5000  -22.5000 2385.5415   12.0909
    7.5000   22.5000  -22.5000 2363.3123   12.1819
   -7.5000   30.0000  -22.5000 2237.3271   13.5122
    0.0000   30.0000  -22.5000 2270.3655   13.3376
    7.5000   30.0000  -22.5000 2245.9475   13.4233
   -7.5000   37.5000  -22.5000 2082.2095   15.0067
    0.0000   37.5000  -22.5000 2112.1697   14.8017
    7.5000   37.5000  -22.5000 2096.4089   14.8669
   -7.5000  -52.5000  -15.0000 2333.0808   12.2847
    0.0000  -52.5000  -15.0000 2358.0955   12.1753
    7.5000  -52.5000  -15.0000 2340.5205   12.2205
   -7.5000  -45.0000  -15.0000 2472.2327   11.3506
    0.0000  -45.0000  -15.0000 2500.9907   11.2429
    7.5000  -45.0000  -15.0000 2480.2117   11.2810
   -7.5000  -37.5000  -15.0000 2557.4644   10.6153
    0.0000  -37.5000  -15.0000 2591.3457   10.4975
    7.5000  -37.5000  -15.0000 2566.5991   10.5303
   -7.5000  -30.0000  -15.0000 2618.8750   10.0136
    0.0000  -30.0000  -15.0000 2649.3757    9.8956
    7.5000  -30.0000  -15.0000 2634.3750    9.9349
   -7.5000  -22.5000  -15.0000 2678.5579    9.5927
    0.0000  -22.5000  -15.0000 2710.7058    9.4638
    7.5000  -22.5000  -15.0000 2693.7722    9.5208
   -7.5000  -15.0000  -15.0000 2716.7507    9.3751
    0.0000  -15.0000  -15.0000 2756.1443    9.2307
    7.5000  -15.0000  -15.0000 2729.4978    9.3103
   -7.5000   -7.5000  -15.0000 2721.3533    9.4037
    0.0000   -7.5000  -15.0000 2762.3215    9.2677
    7.5000   -7.5000  -15.0000 2735.5730    9.3449
   -7.5000    0.0000  -15.0000 2698.0928    9.6654
    0.0000    0.0000  -15.0000 2741.6492    9.5234
    7.5000    0.0000  -15.0000 2712.1401    9.6087
   -7.5000    7.5000  -15.0000 2648.1040   10.1525
    0.0000    7.5000  -15.0000 2692.8865   10.0046
    7.5000    7.5000  -15.0000 2660.3225   10.0846
   -7.5000   15.0000  -15.0000 2561.0818   10.8096
    0.0000   15.0000  -15.0000 2601.2158   10.6551
    7.5000   15.0000  -15.0000 2574.0059   10.7223
   -7.5000   22.5000  -15.0000 2452.3120   11.6971
    0.0000   22.5000  -15.0000 2485.6946   11.5444
    7.5000   22.5000  -15.0000 2462.1050   11.6158
   -7.5000   30.0000  -15.0000 2327.5493   12.8937
    0.0000   30.0000  -15.0000 2356.3811   12.7264
    7.5000   30.0000  -15.0000 2339.1807   12.8140
   -7.5000   37.5000  -15.0000 2163.3093   14.3353
    0.0000   37.5000  -15.0000 2192.9263   14.1223
    7.5000   37.5000  -15.0000 2175.6121   14.2159
   -7.5000  -52.5000   -7.5000 2369.3818   11.7348
    0.0000  -52.5000   -7.5000 2390.4602   11.6185
    7.5000  -52.5000   -7.5000 2374.0234   11.6866
   -7.5000  -45.0000   -7.5000 2507.9360   10.8042
    0.0000  -45.0000   -7.5000 2532.9568   10.6610
    7.5000  -45.0000   -7.5000 2517.8765   10.7163
   -7.5000  -37.5000   -7.5000 2604.1523   10.0521
    0.0000  -37.5000   -7.5000 2633.6328    9.9171
    7.5000  -37.5000   -7.5000 2618.2791    9.9573
   -7.5000  -30.0000   -7.5000 2685.5630    9.4689
    0.0000  -30.0000   -7.5000 2713.1062    9.3413
    7.5000  -30.0000   -7.5000 2701.1924    9.4001
   -7.5000  -22.5000   -7.5000 2755.1016    9.0536
    0.0000  -22.5000   -7.5000 2786.9773    8.9334
    7.5000  -22.5000   -7.5000 2769.8364    8.9920
   -7.5000  -15.0000   -7.5000 2798.0957    8.8593
    0.0000  -15.0000   -7.5000 2844.0994    8.7219
    7.5000  -15.0000   -7.5000 2815.1235    8.7911
   -7.5000   -7.5000   -7.5000 2811.8684    8.8708
    0.0000   -7.5000   -7.5000 2856.4128    8.7285
    7.5000   -7.5000   -7.5000 2826.0078    8.8238
   -7.5000    0.0000   -7.5000 2784.1384    9.1398
    0.0000    0.0000   -7.5000 2828.1077    8.9844
    7.5000    0.0000   -7.5000 2798.3137    9.0689
   -7.5000    7.5000   -7.5000 2723.3884    9.6254
    0.0000    7.5000   -7.5000 2770.2224    9.4553
    7.5000    7.5000   -7.5000 2734.2209    9.5371
   -7.5000   15.0000   -7.5000 2631.2390   10.2623
    0.0000   15.0000   -7.5000 2668.9402   10.1028
    7.5000   15.0000   -7.5000 2641.8330   10.1849
   -7.5000   22.5000   -7.5000 2511.3352   11.1375
    0.0000   22.5000   -7.5000 2546.6541   10.9660
    7.5000   22.5000   -7.5000 2522.7900   11.0525
   -7.5000   30.0000   -7.5000 2373.8174   12.3017
    0.0000   30.0000   -7.5000 2404.8352   12.1182
    7.5000   30.0000   -7.5000 2383.6245   12.2075
   -7.5000   37.5000   -7.5000 2210.2776   13.6932
    0.0000   37.5000   -7.5000 2238.3159   13.5017
    7.5000   37.5000   -7.5000 2220.1113   13.5976
   -7.5000  -52.5000    0.0000 2401.2581   11.4696
    0.0000  -52.5000    0.0000 2422.3987   11.3113
    7.5000  -52.5000    0.0000 2404.2395   11.4026
   -7.5000  -45.0000    0.0000 2538.1147   10.4727
    0.0000  -45.0000    0.0000 2561.1555   10.3249
    7.5000  -45.0000    0.0000 2545.8105   10.4040
   -7.5000  -37.5000    0.0000 2644.0886    9.7065
    0.0000  -37.5000    0.0000 2672.8728    9.5664
    7.5000  -37.5000    0.0000 2658.3406    9.6266
   -7.5000  -30.0000    0.0000 2736.6426    9.1315
    0.0000  -30.0000    0.0000 2771.0605    8.9988
    7.5000  -30.0000    0.0000 2754.2046    9.0713
   -7.5000  -22.5000    0.0000 2823.6575    8.7521
    0.0000  -22.5000    0.0000 2866.9153    8.6264
    7.5000  -22.5000    0.0000 2835.8203    8.6975
   -7.5000  -15.0000    0.0000 2877.9299    8.5839
    0.0000  -15.0000    0.0000 2938.6340    8.4403
    7.5000  -15.0000    0.0000 2895.5388    8.5156
   -7.5000   -7.5000    0.0000 2898.1836    8.5808
    0.0000   -7.5000    0.0000 2953.2744    8.4450
    7.5000   -7.5000    0.0000 2906.5830    8.5364
   -7.5000    0.0000    0.0000 2858.6643    8.8234
    0.0000    0.0000    0.0000 2904.2793    8.6666
    7.5000    0.0000    0.0000 2868.8557    8.7680
   -7.5000    7.5000    0.0000 2788.7847    9.2893
    0.0000    7.5000    0.0000 2834.1143    9.1251
    7.5000    7.5000    0.0000 2798.8894    9.2137
   -7.5000   15.0000    0.0000 2685.3372    9.9353
    0.0000   15.0000    0.0000 2725.1680    9.7636
    7.5000   15.0000    0.0000 2698.5002    9.8518
   -7.5000   22.5000    0.0000 2550.7581   10.8293
    0.0000   22.5000    0.0000 2593.6924   10.6475
    7.5000   22.5000    0.0000 2565.6772   10.7296
   -7.5000   30.0000    0.0000 2416.8389   12.0094
    0.0000   30.0000    0.0000 2449.2563   11.8022
    7.5000   30.0000    0.0000 2425.1067   11.9061
   -7.5000   37.5000    0.0000 2240.6790   13.4088
    0.0000   37.5000    0.0000 2275.4883   13.1992
    7.5000   37.5000    0.0000 2252.5413   13.2936
   -7.5000  -52.5000    7.5000 2416.5386   11.2613
    0.0000  -52.5000    7.5000 2439.7925   11.0909
    7.5000  -52.5000    7.5000 2414.6765   11.1843
   -7.5000  -45.0000    7.5000 2555.6125   10.2541
    0.0000  -45.0000    7.5000 2577.4810   10.0858
    7.5000  -45.0000    7.5000 2560.1387   10.1925
   -7.5000  -37.5000    7.5000 2661.8535    9.4417
    0.0000  -37.5000    7.5000 2685.9656    9.3001
    7.5000  -37.5000    7.5000 2676.5076    9.3961
   -7.5000  -30.0000    7.5000 2765.2646    8.8866
    0.0000  -30.0000    7.5000 2797.0454    8.7659
    7.5000  -30.0000    7.5000 2781.3816    8.8209
   -7.5000  -22.5000    7.5000 2859.9121    8.5659
    0.0000  -22.5000    7.5000 2906.3738    8.4495
    7.5000  -22.5000    7.5000 2873.1316    8.5071
   -7.5000  -15.0000    7.5000 2932.2578    8.4656
    0.0000  -15.0000    7.5000 3005.9443    8.3861
    7.5000  -15.0000    7.5000 2950.8459    8.3887
   -7.5000   -7.5000    7.5000 2956.8201    8.4418
    0.0000   -7.5000    7.5000 3025.1692    8.3830
    7.5000   -7.5000    7.5000 2966.0754    8.3915
   -7.5000    0.0000    7.5000 2908.0945    8.6131
    0.0000    0.0000    7.5000 2961.7119    8.5119
    7.5000    0.0000    7.5000 2914.7903    8.5707
   -7.5000    7.5000    7.5000 2821.0369    8.9935
    0.0000    7.5000    7.5000 2866.1250    8.8711
    7.5000    7.5000    7.5000 2829.9529    8.9364
   -7.5000   15.0000    7.5000 2705.7358    9.6566
    0.0000   15.0000    7.5000 2752.6553    9.5171
    7.5000   15.0000    7.5000 2719.9241    9.5721
   -7.5000   22.5000    7.5000 2569.1021   10.5833
    0.0000   22.5000    7.5000 2611.1836   10.4423
    7.5000   22.5000    7.5000 2583.9390   10.5036
   -7.5000   30.0000    7.5000 2430.1814   11.7679
    0.0000   30.0000    7.5000 2460.1562   11.5969
    7.5000   30.0000    7.5000 2435.1482   11.6880
   -7.5000   37.5000    7.5000 2254.0107   13.1409
    0.0000   37.5000    7.5000 2287.1875   12.9769
    7.5000   37.5000    7.5000 2264.5591   13.0451
   -7.5000  -52.5000   15.0000 2425.0942   11.1735
    0.0000  -52.5000   15.0000 2450.7419   10.9867
    7.5000  -52.5000   15.0000 2427.3848   11.1218
   -7.5000  -45.0000   15.0000 2559.5676   10.1899
    0.0000  -45.0000   15.0000 2581.6042    9.9999
    7.5000  -45.0000   15.0000 2569.8503   10.1360
   -7.5000  -37.5000   15.0000 2670.4978    9.3797
    0.0000  -37.5000   15.0000 2693.6953    9.2454
    7.5000  -37.5000   15.0000 2684.1216    9.3363
   -7.5000  -30.0000   15.0000 2780.7695    8.8029
    0.0000  -30.0000   15.0000 2809.6262    8.7000
    7.5000  -30.0000   15.0000 2794.5671    8.7730
   -7.5000  -22.5000   15.0000 2874.1328    8.4809
    0.0000  -22.5000   15.0000 2923.6284    8.4233
    7.5000  -22.5000   15.0000 2888.9890    8.4586
   -7.5000  -15.0000   15.0000 2952.1838    8.3922
    0.0000  -15.0000   15.0000 3029.4751    8.4008
    7.5000  -15.0000   15.0000 2962.9055    8.3366
   -7.5000   -7.5000   15.0000 2970.0225    8.4076
    0.0000   -7.5000   15.0000 3048.7332    8.4509
    7.5000   -7.5000   15.0000 2976.0378    8.3814
   -7.5000    0.0000   15.0000 2916.3770    8.5719
    0.0000    0.0000   15.0000 2970.2271    8.5510
    7.5000    0.0000   15.0000 2922.8201    8.5621
   -7.5000    7.5000   15.0000 2822.3047    8.9328
    0.0000    7.5000   15.0000 2870.7405    8.8420
    7.5000    7.5000   15.0000 2832.7805    8.9004
   -7.5000   15.0000   15.0000 2703.4031    9.5774
    0.0000   15.0000   15.0000 2748.6140    9.4430
    7.5000   15.0000   15.0000 2716.5684    9.5033
   -7.5000   22.5000   15.0000 2568.7834   10.4774
    0.0000   22.5000   15.0000 2606.4312   10.3116
    7.5000   22.5000   15.0000 2580.5532   10.3870
   -7.5000   30.0000   15.0000 2428.2930   11.6397
    0.0000   30.0000   15.0000 2454.7058   11.4619
    7.5000   30.0000   15.0000 2436.8835   11.5500
   -7.5000   37.5000   15.0000 2253.3760   13.0127
    0.0000   37.5000   15.0000 2282.7988   12.8268
    7.5000   37.5000   15.0000 2262.3745   12.9198
   -7.5000  -52.5000   22.5000 2418.7371   11.2539
    0.0000  -52.5000   22.5000 2446.4355   11.1100
    7.5000  -52.5000   22.5000 2420.5684   11.2430
   -7.5000  -45.0000   22.5000 2562.9397   10.2836
    0.0000  -45.0000   22.5000 2586.1062   10.1504
    7.5000  -45.0000   22.5000 2564.1765   10.2595
   -7.5000  -37.5000   22.5000 2678.5378    9.5127
    0.0000  -37.5000   22.5000 2704.7307    9.3868
    7.5000  -37.5000   22.5000 2682.6401    9.4681
   -7.5000  -30.0000   22.5000 2786.0850    8.9341
    0.0000  -30.0000   22.5000 2819.3945    8.8227
    7.5000  -30.0000   22.5000 2794.6375    8.8977
   -7.5000  -22.5000   22.5000 2868.4285    8.5815
    0.0000  -22.5000   22.5000 2918.0317    8.5189
    7.5000  -22.5000   22.5000 2885.5298    8.5387
   -7.5000  -15.0000   22.5000 2936.1174    8.4135
    0.0000  -15.0000   22.5000 2997.7222    8.3883
    7.5000  -15.0000   22.5000 2943.2449    8.3666
   -7.5000   -7.5000   22.5000 2940.9998    8.4451
    0.0000   -7.5000   22.5000 3002.3528    8.3941
    7.5000   -7.5000   22.5000 2946.6064    8.4353
   -7.5000    0.0000   22.5000 2885.8677    8.6959
    0.0000    0.0000   22.5000 2936.1104    8.6185
    7.5000    0.0000   22.5000 2895.6899    8.6729
   -7.5000    7.5000   22.5000 2796.2051    9.0804
    0.0000    7.5000   22.5000 2840.5129    8.9993
    7.5000    7.5000   22.5000 2811.9170    9.0488
   -7.5000   15.0000   22.5000 2681.2427    9.7030
    0.0000   15.0000   22.5000 2715.6243    9.5864
    7.5000   15.0000   22.5000 2689.7085    9.6485
   -7.5000   22.5000   22.5000 2553.5369   10.5489
    0.0000   22.5000   22.5000 2581.4043   10.3819
    7.5000   22.5000   22.5000 2561.4473   10.4524
   -7.5000   30.0000   22.5000 2410.1899   11.6527
    0.0000   30.0000   22.5000 2439.6177   11.4555
    7.5000   30.0000   22.5000 2417.6958   11.5409
   -7.5000   37.5000   22.5000 2235.5127   12.9882
    0.0000   37.5000   22.5000 2264.9302   12.7763
    7.5000   37.5000   22.5000 2245.7290   12.8442
   -7.5000  -52.5000   30.0000 2405.0015   11.5185
    0.0000  -52.5000   30.0000 2431.8438   11.3661
    7.5000  -52.5000   30.0000 2401.8125   11.5144
   -7.5000  -45.0000   30.0000 2554.2229   10.5609
    0.0000  -45.0000   30.0000 2579.4854   10.4071
    7.5000  -45.0000   30.0000 2552.7737   10.5301
   -7.5000  -37.5000   30.0000 2665.5789    9.7893
    0.0000  -37.5000   30.0000 2695.1479    9.6420
    7.5000  -37.5000   30.0000 2668.9622    9.7452
   -7.5000  -30.0000   30.0000 2765.4238    9.2192
    0.0000  -30.0000   30.0000 2801.7559    9.0878
    7.5000  -30.0000   30.0000 2775.3765    9.1661
   -7.5000  -22.5000   30.0000 2842.4661    8.8397
    0.0000  -22.5000   30.0000 2886.0244    8.7458
    7.5000  -22.5000   30.0000 2857.8984    8.7922
   -7.5000  -15.0000   30.0000 2888.9070    8.6451
    0.0000  -15.0000   30.0000 2937.4980    8.5386
    7.5000  -15.0000   30.0000 2898.7476    8.6126
   -7.5000   -7.5000   30.0000 2889.1340    8.6844
    0.0000   -7.5000   30.0000 2929.6472    8.5795
    7.5000   -7.5000   30.0000 2891.5071    8.6634
   -7.5000    0.0000   30.0000 2834.1404    8.9658
    0.0000    0.0000   30.0000 2872.1802    8.8526
    7.5000    0.0000   30.0000 2840.5671    8.9325
   -7.5000    7.5000   30.0000 2742.3574    9.3884
    0.0000    7.5000   30.0000 2783.2671    9.2540
    7.5000    7.5000   30.0000 2753.5591    9.3328
   -7.5000   15.0000   30.0000 2638.2905   10.0148
    0.0000   15.0000   30.0000 2671.3503    9.8691
    7.5000   15.0000   30.0000 2646.5083    9.9489
   -7.5000   22.5000   30.0000 2512.4312   10.8153
    0.0000   22.5000   30.0000 2540.6580   10.6428
    7.5000   22.5000   30.0000 2522.0322   10.7272
   -7.5000   30.0000   30.0000 2376.4902   11.8438
    0.0000   30.0000   30.0000 2404.8320   11.6353
    7.5000   30.0000   30.0000 2383.0007   11.7227
   -7.5000   37.5000   30.0000 2201.4749   13.1274
    0.0000   37.5000   30.0000 2229.4812   12.8967
    7.5000   37.5000   30.0000 2213.4519   12.9927
   -7.5000  -52.5000   37.5000 2376.7532   11.8812
    0.0000  -52.5000   37.5000 2402.9470   11.7052
    7.5000  -52.5000   37.5000 2377.2263   11.8791
   -7.5000  -45.0000   37.5000 2525.6660   10.9289
    0.0000  -45.0000   37.5000 2554.8264   10.7557
    7.5000  -45.0000   37.5000 2527.5669   10.9022
   -7.5000  -37.5000   37.5000 2636.8572   10.1555
    0.0000  -37.5000   37.5000 2674.2773   10.0032
    7.5000  -37.5000   37.5000 2644.2207   10.1102
   -7.5000  -30.0000   37.5000 2728.4626    9.6048
    0.0000  -30.0000   37.5000 2768.2307    9.4576
    7.5000  -30.0000   37.5000 2739.0762    9.5544
   -7.5000  -22.5000   37.5000 2795.0359    9.2166
    0.0000  -22.5000   37.5000 2835.5515    9.0878
    7.5000  -22.5000   37.5000 2807.8398    9.1707
   -7.5000  -15.0000   37.5000 2826.8503    9.0132
    0.0000  -15.0000   37.5000 2867.9924    8.8668
    7.5000  -15.0000   37.5000 2831.2053    8.9962
   -7.5000   -7.5000   37.5000 2811.2227    9.0546
    0.0000   -7.5000   37.5000 2848.9119    8.9340
    7.5000   -7.5000   37.5000 2815.4109    9.0255
   -7.5000    0.0000   37.5000 2758.3857    9.3286
    0.0000    0.0000   37.5000 2791.9417    9.2025
    7.5000    0.0000   37.5000 2762.0850    9.2856
   -7.5000    7.5000   37.5000 2673.9504    9.7668
    0.0000    7.5000   37.5000 2704.1914    9.6541
    7.5000    7.5000   37.5000 2680.0408    9.7176
   -7.5000   15.0000   37.5000 2578.2517   10.3852
    0.0000   15.0000   37.5000 2606.1079   10.2544
    7.5000   15.0000   37.5000 2583.4954   10.3247
   -7.5000   22.5000   37.5000 2458.3203   11.1811
    0.0000   22.5000   37.5000 2483.9512   11.0319
    7.5000   22.5000   37.5000 2462.3896   11.1038
   -7.5000   30.0000   37.5000 2324.1936   12.2343
    0.0000   30.0000   37.5000 2353.4407   12.0522
    7.5000   30.0000   37.5000 2328.4958   12.1254
   -7.5000   37.5000   37.5000 2154.0352   13.4878
    0.0000   37.5000   37.5000 2177.7107   13.2757
    7.5000   37.5000   37.5000 2159.3574   13.3676
   -7.5000  -52.5000   45.0000 2323.9214   12.2970
    0.0000  -52.5000   45.0000 2353.0974   12.1231
    7.5000  -52.5000   45.0000 2326.1150   12.3125
   -7.5000  -45.0000   45.0000 2467.9812   11.3471
    0.0000  -45.0000   45.0000 2496.6975   11.1611
    7.5000  -45.0000   45.0000 2470.7939   11.3327
   -7.5000  -37.5000   45.0000 2573.8435   10.5786
    0.0000  -37.5000   45.0000 2611.3984   10.4054
    7.5000  -37.5000   45.0000 2579.6243   10.5380
   -7.5000  -30.0000   45.0000 2655.9458   10.0245
    0.0000  -30.0000   45.0000 2698.6191    9.8565
    7.5000  -30.0000   45.0000 2664.4297    9.9869
   -7.5000  -22.5000   45.0000 2712.8982    9.6484
    0.0000  -22.5000   45.0000 2755.1245    9.4724
    7.5000  -22.5000   45.0000 2723.0322    9.6104
   -7.5000  -15.0000   45.0000 2732.3826    9.4512
    0.0000  -15.0000   45.0000 2768.1045    9.3006
    7.5000  -15.0000   45.0000 2737.2048    9.4204
   -7.5000   -7.5000   45.0000 2706.4424    9.4986
    0.0000   -7.5000   45.0000 2744.2710    9.3695
    7.5000   -7.5000   45.0000 2709.5017    9.4643
   -7.5000    0.0000   45.0000 2654.5276    9.7666
    0.0000    0.0000   45.0000 2684.6519    9.6277
    7.5000    0.0000   45.0000 2658.9480    9.7006
   -7.5000    7.5000   45.0000 2574.4707   10.2030
    0.0000    7.5000   45.0000 2602.1287   10.0738
    7.5000    7.5000   45.0000 2584.0759   10.1432
   -7.5000   15.0000   45.0000 2478.2578   10.7819
    0.0000   15.0000   45.0000 2506.6272   10.6556
    7.5000   15.0000   45.0000 2488.9941   10.7207
   -7.5000   22.5000   45.0000 2368.5183   11.5977
    0.0000   22.5000   45.0000 2394.6707   11.4262
    7.5000   22.5000   45.0000 2378.2246   11.5116
   -7.5000   30.0000   45.0000 2239.8999   12.6463
    0.0000   30.0000   45.0000 2266.0378   12.4711
    7.5000   30.0000   45.0000 2250.9553   12.5572
   -7.5000   37.5000   45.0000 2067.7236   13.9297
    0.0000   37.5000   45.0000 2091.5969   13.7493
    7.5000   37.5000   45.0000 2078.0156   13.8192
   -7.5000  -52.5000   52.5000 2244.6013   12.7589
    0.0000  -52.5000   52.5000 2276.5471   12.5917
    7.5000  -52.5000   52.5000 2246.5671   12.7562
   -7.5000  -45.0000   52.5000 2383.2319   11.7860
    0.0000  -45.0000   52.5000 2410.5662   11.6197
    7.5000  -45.0000   52.5000 2383.9783   11.7694
   -7.5000  -37.5000   52.5000 2479.4709   10.9829
    0.0000  -37.5000   52.5000 2515.4893   10.8132
    7.5000  -37.5000   52.5000 2485.9922   10.9733
   -7.5000  -30.0000   52.5000 2553.4199   10.4361
    0.0000  -30.0000   52.5000 2591.6353   10.2613
    7.5000  -30.0000   52.5000 2562.9336   10.4018
   -7.5000  -22.5000   52.5000 2602.9634   10.0948
    0.0000  -22.5000   52.5000 2638.6460    9.8979
    7.5000  -22.5000   52.5000 2608.7808   10.0580
   -7.5000  -15.0000   52.5000 2611.1875    9.8996
    0.0000  -15.0000   52.5000 2642.9817    9.7220
    7.5000  -15.0000   52.5000 2616.6086    9.8786
   -7.5000   -7.5000   52.5000 2586.0967    9.9353
    0.0000   -7.5000   52.5000 2614.9548    9.7832
    7.5000   -7.5000   52.5000 2590.8025    9.8983
   -7.5000    0.0000   52.5000 2533.1289   10.1986
    0.0000    0.0000   52.5000 2559.8743   10.0468
    7.5000    0.0000   52.5000 2540.3088   10.1505
   -7.5000    7.5000   52.5000 2458.0176   10.6228
    0.0000    7.5000   52.5000 2476.4404   10.4760
    7.5000    7.5000   52.5000 2459.2847   10.5775
   -7.5000   15.0000   52.5000 2366.4595   11.2216
    0.0000   15.0000   52.5000 2389.8042   11.0524
    7.5000   15.0000   52.5000 2371.6313   11.1517
   -7.5000   22.5000   52.5000 2258.1919   12.0299
    0.0000   22.5000   52.5000 2282.1777   11.8685
    7.5000   22.5000   52.5000 2267.2791   11.9423
   -7.5000   30.0000   52.5000 2130.6350   13.0943
    0.0000   30.0000   52.5000 2158.2317   12.9028
    7.5000   30.0000   52.5000 2142.2393   12.9803
   -7.5000   37.5000   52.5000 1969.6378   14.4139
    0.0000   37.5000   52.5000 1994.7181   14.2040
    7.5000   37.5000   52.5000 1978.0238   14.2597
   -7.5000  -52.5000   60.0000 2191.8513   13.6107
    0.0000  -52.5000   60.0000 2221.9807   13.4524
    7.5000  -52.5000   60.0000 2192.2339   13.6096
   -7.5000  -45.0000   60.0000 2321.4082   12.6071
    0.0000  -45.0000   60.0000 2350.4023   12.4352
    7.5000  -45.0000   60.0000 2321.8413   12.5695
   -7.5000  -37.5000   60.0000 2411.9653   11.7615
    0.0000  -37.5000   60.0000 2446.9570   11.6015
    7.5000  -37.5000   60.0000 2419.9556   11.7439
   -7.5000  -30.0000   60.0000 2476.5847   11.2029
    0.0000  -30.0000   60.0000 2514.8938   11.0146
    7.5000  -30.0000   60.0000 2491.0125   11.1697
   -7.5000  -22.5000   60.0000 2511.3503   10.8370
    0.0000  -22.5000   60.0000 2545.5442   10.6585
    7.5000  -22.5000   60.0000 2522.1077   10.7983
   -7.5000  -15.0000   60.0000 2520.3909   10.6270
    0.0000  -15.0000   60.0000 2547.0237   10.4655
    7.5000  -15.0000   60.0000 2527.1611   10.5957
   -7.5000   -7.5000   60.0000 2502.6165   10.6521
    0.0000   -7.5000   60.0000 2529.2866   10.4771
    7.5000   -7.5000   60.0000 2506.6533   10.6218
   -7.5000    0.0000   60.0000 2450.0879   10.9167
    0.0000    0.0000   60.0000 2474.8840   10.7592
    7.5000    0.0000   60.0000 2456.8401   10.8776
   -7.5000    7.5000   60.0000 2378.1299   11.3570
    0.0000    7.5000   60.0000 2400.4036   11.2227
    7.5000    7.5000   60.0000 2381.2480   11.3263
   -7.5000   15.0000   60.0000 2287.7249   11.9730
    0.0000   15.0000   60.0000 2309.2344   11.7961
    7.5000   15.0000   60.0000 2292.1968   11.8887
   -7.5000   22.5000   60.0000 2176.9817   12.8105
    0.0000   22.5000   60.0000 2200.2505   12.6553
    7.5000   22.5000   60.0000 2188.1487   12.7285
   -7.5000   30.0000   60.0000 2049.1042   13.9358
    0.0000   30.0000   60.0000 2076.0247   13.7509
    7.5000   30.0000   60.0000 2064.1196   13.8092
   -7.5000   37.5000   60.0000 1889.1578   15.3135
    0.0000   37.5000   60.0000 1913.9187   15.1017
    7.5000   37.5000   60.0000 1905.0292   15.1494

---------------------------------------------------------------------
imgreg_4dfp /opt/freesurfer/average/711-2C_as_mni_average_305 /opt/freesurfer/average/711-2B_as_mni_average_305_mask talsrcimg_g11 none talsrcimg_to_711-2C_as_mni_average_305_t4 1283
---------------------------------------------------------------------

freesurfer imgreg_4dfp.c
/opt/freesurfer/average/711-2C_as_mni_average_305.4dfp.img
       256       256       256         1
  1.000000  1.000000  1.000000
orientation T byte_order littleendian
Reading image: /opt/freesurfer/average/711-2C_as_mni_average_305.4dfp.img
dimensions:      256       256       256
mmppix:       1.0000   -1.0000   -1.0000
center:     128.0000 -129.0000 -129.0000
/opt/freesurfer/average/711-2B_as_mni_average_305_mask.4dfp.img
       256       256       256         1
  1.000000  1.000000  1.000000
orientation T byte_order littleendian
Reading mask: /opt/freesurfer/average/711-2B_as_mni_average_305_mask.4dfp.img (2306576 pixels)
talsrcimg_g11.4dfp.img
       256       256       256         1
  0.898438  0.898438  0.898438
orientation T byte_order littleendian
Reading image: talsrcimg_g11.4dfp.img
dimensions:      256       256       256
mmppix:       0.8984   -0.8984   -0.8984
center:     115.0001 -115.8985 -115.8985
rotation matrix determinant  1.000000
fimgreg.f
image alignment mode   1283 decimal      503 hex
parameters
    0.0000   -7.5000   15.0000    0.0000    0.0000    0.0000
eta,q 0.95610  8.42950
niter,ni,del,rscale     5    3   12.0000    1.2000
parameter  4 -0.567221 -> -0.500000 qaram    1.1500
parameters
    0.2561   -9.4337   12.3746    3.4500    0.5295   -0.8515
eta,q 0.95964  8.40956
  0.0649  0.0493  0.0457  0.0530  0.0510  0.0446
  0.0541  0.0451  0.0432  0.0497  0.0459  0.0421
  0.0477  0.0447  0.0430  0.0459  0.0421  0.0407
  0.0459  0.0461  0.0447  0.0429  0.0403  0.0402
  0.0486  0.0488  0.0472  0.0406  0.0408  0.0410
  0.0539  0.0533  0.0496  0.0405  0.0433  0.0441
  0.0603  0.0595  0.0535  0.0428  0.0481  0.0489
niter,ni,del,rscale     5    3   12.0000    1.2000
parameters
    0.1971  -10.9339   13.5861    3.8180    0.7278   -1.3261
eta,q 0.96114  8.41519
  0.0591  0.0474  0.0534  0.0519  0.0483  0.0439
  0.0484  0.0412  0.0470  0.0458  0.0433  0.0410
  0.0415  0.0391  0.0418  0.0407  0.0400  0.0393
  0.0404  0.0403  0.0391  0.0389  0.0388  0.0388
  0.0434  0.0447  0.0393  0.0400  0.0397  0.0395
  0.0500  0.0512  0.0419  0.0445  0.0422  0.0422
  0.0585  0.0579  0.0451  0.0491  0.0473  0.0462
niter,ni,del,rscale     4    3   12.0000    1.2000
parameters
    0.0258  -10.8259   13.8929    3.8906    0.9621   -1.4563
eta,q 0.96122  8.41558
  0.0557  0.0540  0.0497  0.0511  0.0483  0.0446
  0.0465  0.0460  0.0439  0.0448  0.0435  0.0415
  0.0404  0.0410  0.0402  0.0403  0.0402  0.0394
  0.0389  0.0388  0.0388  0.0388  0.0388  0.0388
  0.0418  0.0401  0.0403  0.0405  0.0394  0.0391
  0.0483  0.0454  0.0433  0.0453  0.0420  0.0416
  0.0572  0.0531  0.0471  0.0500  0.0474  0.0455
niter,ni,del,rscale     3    3   12.0000    1.2000
parameters
   -0.0694  -10.8038   13.9677    3.8901    1.0565   -1.5018
eta,q 0.96125  8.41488
  0.0561  0.0536  0.0487  0.0509  0.0480  0.0448
  0.0469  0.0458  0.0432  0.0446  0.0433  0.0416
  0.0405  0.0410  0.0399  0.0402  0.0401  0.0395
  0.0388  0.0388  0.0387  0.0388  0.0388  0.0387
  0.0416  0.0402  0.0405  0.0406  0.0395  0.0390
  0.0480  0.0458  0.0436  0.0454  0.0423  0.0414
  0.0567  0.0536  0.0476  0.0502  0.0480  0.0453
niter,ni,del,rscale     2    3   12.0000    1.2000
parameters
   -0.1061  -10.7965   13.9842    3.8838    1.0910   -1.5151
eta,q 0.96126  8.41466
  0.0565  0.0535  0.0485  0.0509  0.0478  0.0448
  0.0471  0.0458  0.0430  0.0446  0.0433  0.0416
  0.0406  0.0410  0.0398  0.0402  0.0400  0.0395
  0.0388  0.0387  0.0387  0.0387  0.0387  0.0387
  0.0415  0.0402  0.0405  0.0406  0.0395  0.0390
  0.0478  0.0458  0.0437  0.0454  0.0424  0.0414
  0.0564  0.0536  0.0476  0.0503  0.0482  0.0452
registration optimization eta report
parameter search radius
    6.0000    6.0000    6.0000    6.9000    6.0000    6.0000
100000*second partial in parameter space
       49.       41.       25.       24.       26.       18.
  0.0565  0.0535  0.0485  0.0509  0.0478  0.0448
  0.0471  0.0458  0.0430  0.0446  0.0433  0.0416
  0.0406  0.0410  0.0398  0.0402  0.0400  0.0395
  0.0388  0.0387  0.0387  0.0387  0.0387  0.0387
  0.0415  0.0402  0.0405  0.0406  0.0395  0.0390
  0.0478  0.0458  0.0437  0.0454  0.0424  0.0414
  0.0564  0.0536  0.0476  0.0503  0.0482  0.0452
   -0.1061  -10.7965   13.9842    3.8838    1.0910   -1.5151
eta,q 0.96126  8.41466

---------------------------------------------------------------------
imgreg_4dfp /opt/freesurfer/average/711-2C_as_mni_average_305 /opt/freesurfer/average/711-2B_as_mni_average_305_mask talsrcimg_g11 none talsrcimg_to_711-2C_as_mni_average_305_t4 3335
---------------------------------------------------------------------

freesurfer imgreg_4dfp.c
/opt/freesurfer/average/711-2C_as_mni_average_305.4dfp.img
       256       256       256         1
  1.000000  1.000000  1.000000
orientation T byte_order littleendian
Reading image: /opt/freesurfer/average/711-2C_as_mni_average_305.4dfp.img
dimensions:      256       256       256
mmppix:       1.0000   -1.0000   -1.0000
center:     128.0000 -129.0000 -129.0000
/opt/freesurfer/average/711-2B_as_mni_average_305_mask.4dfp.img
       256       256       256         1
  1.000000  1.000000  1.000000
orientation T byte_order littleendian
Reading mask: /opt/freesurfer/average/711-2B_as_mni_average_305_mask.4dfp.img (2306576 pixels)
talsrcimg_g11.4dfp.img
       256       256       256         1
  0.898438  0.898438  0.898438
orientation T byte_order littleendian
Reading image: talsrcimg_g11.4dfp.img
dimensions:      256       256       256
mmppix:       0.8984   -0.8984   -0.8984
center:     115.0001 -115.8985 -115.8985
fimgreg.f
image alignment mode   3335 decimal      D07 hex
parameters
   -0.1061  -10.7965   13.9842   -0.0531   -0.2611   -0.2477
    2.5091   -2.0780   -2.6436   -6.7207    1.9040    6.7721
eta,q 0.96102  8.38714
niter,ni,del,rscale     5    3    5.0000    1.2000
parameter  4  0.828818 ->  0.500000 qaram    1.1500
parameter  5  1.955164 ->  0.500000 qaram    1.1500
parameter  6  0.785656 ->  0.500000 qaram    1.1500
parameter 12  0.541070 ->  0.500000 qaram    1.1500
parameters
   -0.0833  -10.8237   14.1406   -4.1931   -4.4011   -4.3877
    3.4183   -1.6760   -2.2288   -7.0356    2.0421    2.6321
eta,q 0.96759  7.84943
  0.0426  0.0414  0.0407  0.0373  0.0324  0.0330  0.0363  0.0377  0.0348  0.0360  0.0339  0.0327
  0.0406  0.0402  0.0397  0.0377  0.0338  0.0328  0.0346  0.0352  0.0338  0.0344  0.0333  0.0324
  0.0394  0.0393  0.0392  0.0382  0.0355  0.0334  0.0334  0.0335  0.0331  0.0332  0.0329  0.0324
  0.0390  0.0390  0.0390  0.0390  0.0378  0.0342  0.0329  0.0328  0.0328  0.0328  0.0328  0.0328
  0.0394  0.0393  0.0391  0.0403  0.0407  0.0349  0.0329  0.0331  0.0329  0.0332  0.0328  0.0335
  0.0406  0.0402  0.0396  0.0423  0.0438  0.0363  0.0336  0.0345  0.0335  0.0346  0.0332  0.0344
  0.0424  0.0416  0.0402  0.0452  0.0471  0.0386  0.0349  0.0368  0.0344  0.0368  0.0338  0.0356
niter,ni,del,rscale     7    3    5.0000    1.2000
parameter  5  1.099070 ->  0.500000 qaram    1.3225
parameters
   -0.0944  -11.0828   13.9676   -8.1489   -9.1621   -4.6643
    2.9878   -1.5498   -2.6505   -6.0641    1.9409    2.8270
eta,q 0.97123  7.43942
  0.0357  0.0344  0.0339  0.0324  0.0284  0.0320  0.0316  0.0339  0.0306  0.0329  0.0301  0.0309
  0.0339  0.0331  0.0330  0.0317  0.0287  0.0302  0.0300  0.0314  0.0296  0.0310  0.0294  0.0299
  0.0328  0.0325  0.0325  0.0318  0.0298  0.0290  0.0291  0.0295  0.0290  0.0296  0.0289  0.0291
  0.0324  0.0324  0.0324  0.0324  0.0317  0.0289  0.0289  0.0288  0.0289  0.0288  0.0288  0.0288
  0.0328  0.0329  0.0327  0.0331  0.0339  0.0299  0.0294  0.0294  0.0292  0.0290  0.0290  0.0290
  0.0339  0.0339  0.0334  0.0343  0.0369  0.0308  0.0306  0.0311  0.0299  0.0298  0.0295  0.0297
  0.0358  0.0354  0.0344  0.0362  0.0404  0.0319  0.0322  0.0336  0.0311  0.0313  0.0302  0.0308
niter,ni,del,rscale     7    3    5.0000    1.2000
parameters
   -0.2096  -11.0535   14.1682   -7.9086  -13.0924   -4.7907
    2.7623   -1.5425   -2.7983   -5.5562    1.9395    2.8415
eta,q 0.97184  7.27675
  0.0322  0.0317  0.0312  0.0317  0.0296  0.0315  0.0311  0.0330  0.0300  0.0316  0.0296  0.0302
  0.0302  0.0301  0.0299  0.0300  0.0285  0.0298  0.0294  0.0305  0.0290  0.0297  0.0288  0.0291
  0.0290  0.0291  0.0291  0.0290  0.0281  0.0285  0.0284  0.0287  0.0283  0.0286  0.0283  0.0284
  0.0288  0.0288  0.0288  0.0287  0.0288  0.0282  0.0282  0.0281  0.0281  0.0281  0.0282  0.0282
  0.0294  0.0291  0.0289  0.0292  0.0305  0.0290  0.0286  0.0288  0.0284  0.0284  0.0284  0.0284
  0.0307  0.0301  0.0295  0.0301  0.0330  0.0302  0.0297  0.0305  0.0291  0.0293  0.0289  0.0292
  0.0328  0.0315  0.0305  0.0311  0.0362  0.0314  0.0314  0.0330  0.0301  0.0307  0.0296  0.0302
niter,ni,del,rscale     6    3    5.0000    1.2000
parameters
   -0.1932  -10.9321   14.3364   -8.0841  -13.6097   -4.6632
    2.7006   -1.5098   -2.8952   -5.3387    1.9078    2.7792
eta,q 0.97182  7.25252
  0.0319  0.0311  0.0305  0.0310  0.0314  0.0317  0.0312  0.0330  0.0300  0.0313  0.0296  0.0302
  0.0298  0.0295  0.0293  0.0293  0.0297  0.0299  0.0296  0.0305  0.0290  0.0295  0.0288  0.0291
  0.0286  0.0285  0.0285  0.0283  0.0286  0.0287  0.0285  0.0287  0.0284  0.0285  0.0283  0.0284
  0.0282  0.0282  0.0282  0.0282  0.0281  0.0282  0.0282  0.0282  0.0282  0.0282  0.0282  0.0282
  0.0286  0.0284  0.0283  0.0288  0.0285  0.0289  0.0286  0.0288  0.0284  0.0285  0.0284  0.0285
  0.0298  0.0292  0.0289  0.0298  0.0301  0.0301  0.0297  0.0305  0.0291  0.0294  0.0289  0.0292
  0.0317  0.0304  0.0299  0.0308  0.0324  0.0312  0.0313  0.0329  0.0300  0.0308  0.0296  0.0302
niter,ni,del,rscale     5    3    5.0000    1.2000
parameters
   -0.1706  -10.8643   14.3624   -8.1557  -13.7252   -4.6225
    2.6792   -1.4725   -2.9211   -5.1978    1.8770    2.7195
eta,q 0.97180  7.24626
  0.0319  0.0309  0.0303  0.0311  0.0316  0.0317  0.0312  0.0330  0.0300  0.0312  0.0296  0.0302
  0.0298  0.0293  0.0291  0.0294  0.0299  0.0299  0.0296  0.0305  0.0290  0.0295  0.0288  0.0291
  0.0286  0.0285  0.0284  0.0284  0.0287  0.0286  0.0285  0.0288  0.0284  0.0285  0.0284  0.0285
  0.0282  0.0282  0.0282  0.0282  0.0282  0.0282  0.0282  0.0282  0.0282  0.0282  0.0282  0.0282
  0.0286  0.0285  0.0284  0.0288  0.0284  0.0289  0.0286  0.0288  0.0284  0.0286  0.0284  0.0285
  0.0298  0.0293  0.0291  0.0298  0.0298  0.0302  0.0296  0.0305  0.0291  0.0294  0.0289  0.0292
  0.0317  0.0305  0.0301  0.0308  0.0321  0.0313  0.0312  0.0329  0.0300  0.0308  0.0296  0.0302
niter,ni,del,rscale     4    3    5.0000    1.2000
parameters
   -0.1583  -10.8209   14.3566   -8.1926  -13.7826   -4.6179
    2.6661   -1.4514   -2.9239   -5.1016    1.8470    2.6667
eta,q 0.97179  7.24250
  0.0319  0.0308  0.0302  0.0311  0.0316  0.0316  0.0312  0.0330  0.0300  0.0311  0.0296  0.0302
  0.0298  0.0293  0.0291  0.0294  0.0299  0.0299  0.0296  0.0305  0.0290  0.0294  0.0288  0.0291
  0.0286  0.0284  0.0284  0.0284  0.0288  0.0286  0.0285  0.0288  0.0284  0.0285  0.0284  0.0285
  0.0282  0.0282  0.0282  0.0282  0.0282  0.0282  0.0282  0.0282  0.0282  0.0282  0.0282  0.0282
  0.0286  0.0285  0.0285  0.0288  0.0284  0.0290  0.0286  0.0288  0.0284  0.0286  0.0284  0.0285
  0.0298  0.0293  0.0292  0.0298  0.0298  0.0302  0.0297  0.0305  0.0291  0.0295  0.0289  0.0292
  0.0317  0.0305  0.0302  0.0309  0.0320  0.0313  0.0312  0.0329  0.0300  0.0309  0.0296  0.0302
niter,ni,del,rscale     3    3    5.0000    1.2000
parameters
   -0.1507  -10.7877   14.3433   -8.2157  -13.8188   -4.6309
    2.6534   -1.4353   -2.9184   -5.0220    1.8243    2.6299
eta,q 0.97178  7.23964
  0.0319  0.0308  0.0302  0.0312  0.0316  0.0316  0.0313  0.0330  0.0300  0.0311  0.0296  0.0302
  0.0298  0.0293  0.0291  0.0295  0.0299  0.0299  0.0296  0.0305  0.0290  0.0294  0.0289  0.0292
  0.0286  0.0285  0.0284  0.0284  0.0288  0.0287  0.0285  0.0288  0.0284  0.0285  0.0284  0.0285
  0.0282  0.0282  0.0282  0.0282  0.0282  0.0282  0.0282  0.0282  0.0282  0.0282  0.0282  0.0282
  0.0286  0.0285  0.0285  0.0288  0.0284  0.0290  0.0286  0.0288  0.0284  0.0286  0.0284  0.0285
  0.0298  0.0293  0.0292  0.0298  0.0298  0.0302  0.0297  0.0305  0.0290  0.0295  0.0289  0.0292
  0.0318  0.0305  0.0302  0.0309  0.0320  0.0313  0.0312  0.0329  0.0300  0.0309  0.0296  0.0302
niter,ni,del,rscale     2    3    5.0000    1.2000
parameters
   -0.1440  -10.7609   14.3279   -8.2315  -13.8513   -4.6451
    2.6464   -1.4213   -2.9098   -4.9568    1.8039    2.5989
eta,q 0.97178  7.23718
  0.0318  0.0307  0.0302  0.0312  0.0316  0.0316  0.0313  0.0330  0.0300  0.0311  0.0296  0.0302
  0.0298  0.0293  0.0291  0.0295  0.0299  0.0299  0.0296  0.0305  0.0290  0.0294  0.0289  0.0292
  0.0286  0.0285  0.0284  0.0284  0.0288  0.0287  0.0285  0.0288  0.0284  0.0285  0.0284  0.0285
  0.0282  0.0282  0.0282  0.0282  0.0282  0.0282  0.0282  0.0282  0.0282  0.0282  0.0282  0.0282
  0.0286  0.0285  0.0285  0.0288  0.0284  0.0290  0.0286  0.0288  0.0284  0.0286  0.0284  0.0285
  0.0298  0.0293  0.0292  0.0298  0.0298  0.0302  0.0297  0.0305  0.0291  0.0295  0.0289  0.0292
  0.0318  0.0305  0.0302  0.0309  0.0320  0.0314  0.0312  0.0329  0.0300  0.0309  0.0296  0.0302
niter,ni,del,rscale     1    3    5.0000    1.2000
parameters
   -0.1395  -10.7377   14.3150   -8.2469  -13.8703   -4.6580
    2.6408   -1.4128   -2.9001   -4.9051    1.7891    2.5757
eta,q 0.97177  7.23529
  0.0318  0.0307  0.0302  0.0312  0.0316  0.0316  0.0313  0.0330  0.0300  0.0311  0.0296  0.0302
  0.0298  0.0293  0.0291  0.0295  0.0300  0.0299  0.0296  0.0305  0.0290  0.0294  0.0289  0.0292
  0.0286  0.0284  0.0284  0.0284  0.0288  0.0287  0.0286  0.0288  0.0284  0.0285  0.0284  0.0285
  0.0282  0.0282  0.0282  0.0282  0.0282  0.0282  0.0282  0.0282  0.0282  0.0282  0.0282  0.0282
  0.0286  0.0285  0.0285  0.0288  0.0284  0.0290  0.0286  0.0288  0.0284  0.0286  0.0284  0.0285
  0.0298  0.0293  0.0292  0.0298  0.0297  0.0302  0.0297  0.0305  0.0291  0.0295  0.0289  0.0292
  0.0318  0.0305  0.0302  0.0309  0.0319  0.0314  0.0312  0.0329  0.0300  0.0309  0.0296  0.0302
registration optimization eta report
parameter search radius
    2.4000    2.4000    2.4000    8.2800    9.5220    8.2800
    7.2000    7.2000    7.2000    7.2000    7.2000    8.2800
100000*second partial in parameter space
       62.       42.       34.        4.        4.        5.
        6.        9.        3.        5.        3.        3.
  0.0318  0.0307  0.0302  0.0312  0.0316  0.0316  0.0313  0.0330  0.0300  0.0311  0.0296  0.0302
  0.0298  0.0293  0.0291  0.0295  0.0300  0.0299  0.0296  0.0305  0.0290  0.0294  0.0289  0.0292
  0.0286  0.0284  0.0284  0.0284  0.0288  0.0287  0.0286  0.0288  0.0284  0.0285  0.0284  0.0285
  0.0282  0.0282  0.0282  0.0282  0.0282  0.0282  0.0282  0.0282  0.0282  0.0282  0.0282  0.0282
  0.0286  0.0285  0.0285  0.0288  0.0284  0.0290  0.0286  0.0288  0.0284  0.0286  0.0284  0.0285
  0.0298  0.0293  0.0292  0.0298  0.0297  0.0302  0.0297  0.0305  0.0291  0.0295  0.0289  0.0292
  0.0318  0.0305  0.0302  0.0309  0.0319  0.0314  0.0312  0.0329  0.0300  0.0309  0.0296  0.0302
   -0.1395  -10.7377   14.3150   -8.2469  -13.8703   -4.6580
    2.6408   -1.4128   -2.9001   -4.9051    1.7891    2.5757
eta,q 0.97177  7.23529

---------------------------------------------------------------------
imgreg_4dfp /opt/freesurfer/average/711-2C_as_mni_average_305 /opt/freesurfer/average/711-2B_as_mni_average_305_mask talsrcimg_g11 none talsrcimg_to_711-2C_as_mni_average_305_t4 2311
---------------------------------------------------------------------

freesurfer imgreg_4dfp.c
/opt/freesurfer/average/711-2C_as_mni_average_305.4dfp.img
       256       256       256         1
  1.000000  1.000000  1.000000
orientation T byte_order littleendian
Reading image: /opt/freesurfer/average/711-2C_as_mni_average_305.4dfp.img
dimensions:      256       256       256
mmppix:       1.0000   -1.0000   -1.0000
center:     128.0000 -129.0000 -129.0000
/opt/freesurfer/average/711-2B_as_mni_average_305_mask.4dfp.img
       256       256       256         1
  1.000000  1.000000  1.000000
orientation T byte_order littleendian
Reading mask: /opt/freesurfer/average/711-2B_as_mni_average_305_mask.4dfp.img (2306576 pixels)
talsrcimg_g11.4dfp.img
       256       256       256         1
  0.898438  0.898438  0.898438
orientation T byte_order littleendian
Reading image: talsrcimg_g11.4dfp.img
dimensions:      256       256       256
mmppix:       0.8984   -0.8984   -0.8984
center:     115.0001 -115.8985 -115.8985
fimgreg.f
image alignment mode   2311 decimal      907 hex
parameters
   -0.1395  -10.7377   14.3150   -8.2469  -13.8703   -4.6580
    2.6408   -1.4128   -2.9001   -4.9051    1.7891    2.5757
eta,q 0.97177  7.23529
niter,ni,del,rscale     5    3    5.0000    0.8000
parameters
   -0.1527  -10.7699   14.2741   -8.7431  -13.3190   -4.9647
    2.6366   -1.4931   -2.8871   -5.2731    1.7241    2.6878
eta,q 0.97186  7.22598
  0.0298  0.0293  0.0291  0.0291  0.0293  0.0295  0.0296  0.0304  0.0290  0.0292  0.0288  0.0289
  0.0289  0.0287  0.0286  0.0286  0.0288  0.0288  0.0288  0.0291  0.0285  0.0285  0.0284  0.0285
  0.0284  0.0283  0.0283  0.0282  0.0284  0.0283  0.0283  0.0284  0.0283  0.0282  0.0282  0.0283
  0.0282  0.0282  0.0282  0.0282  0.0282  0.0282  0.0282  0.0282  0.0282  0.0282  0.0281  0.0281
  0.0284  0.0284  0.0284  0.0285  0.0282  0.0285  0.0283  0.0285  0.0283  0.0284  0.0282  0.0282
  0.0290  0.0288  0.0287  0.0289  0.0284  0.0291  0.0288  0.0293  0.0285  0.0289  0.0285  0.0285
  0.0299  0.0293  0.0292  0.0295  0.0289  0.0298  0.0296  0.0305  0.0290  0.0295  0.0288  0.0289
niter,ni,del,rscale     4    3    5.0000    0.7000
parameters
   -0.1678  -10.8581   14.2120   -8.7472  -13.1447   -5.0991
    2.6477   -1.5392   -2.8374   -5.5122    1.7372    2.7952
eta,q 0.97188  7.22819
  0.0294  0.0289  0.0288  0.0291  0.0289  0.0293  0.0292  0.0299  0.0288  0.0290  0.0286  0.0287
  0.0287  0.0284  0.0284  0.0285  0.0285  0.0287  0.0286  0.0289  0.0284  0.0285  0.0284  0.0284
  0.0283  0.0282  0.0282  0.0282  0.0283  0.0283  0.0282  0.0283  0.0282  0.0282  0.0282  0.0282
  0.0281  0.0281  0.0281  0.0281  0.0281  0.0281  0.0281  0.0281  0.0281  0.0281  0.0281  0.0281
  0.0283  0.0283  0.0282  0.0283  0.0282  0.0283  0.0283  0.0284  0.0282  0.0283  0.0282  0.0282
  0.0287  0.0286  0.0285  0.0286  0.0284  0.0288  0.0286  0.0290  0.0284  0.0286  0.0284  0.0284
  0.0294  0.0291  0.0289  0.0290  0.0288  0.0295  0.0292  0.0299  0.0288  0.0292  0.0286  0.0287
niter,ni,del,rscale     3    3    5.0000    0.6000
parameters
   -0.1848  -10.9248   14.2038   -8.7391  -12.9965   -5.1381
    2.6575   -1.5844   -2.8144   -5.7265    1.7745    2.8875
eta,q 0.97191  7.23310
  0.0290  0.0287  0.0286  0.0288  0.0287  0.0291  0.0289  0.0294  0.0286  0.0288  0.0285  0.0286
  0.0285  0.0283  0.0283  0.0284  0.0284  0.0286  0.0285  0.0287  0.0283  0.0284  0.0283  0.0283
  0.0282  0.0281  0.0282  0.0282  0.0282  0.0282  0.0282  0.0282  0.0282  0.0281  0.0281  0.0282
  0.0281  0.0281  0.0281  0.0281  0.0281  0.0281  0.0281  0.0281  0.0281  0.0281  0.0281  0.0281
  0.0282  0.0282  0.0282  0.0282  0.0281  0.0282  0.0282  0.0283  0.0282  0.0282  0.0281  0.0281
  0.0285  0.0285  0.0284  0.0284  0.0283  0.0286  0.0285  0.0287  0.0283  0.0285  0.0283  0.0283
  0.0291  0.0288  0.0286  0.0288  0.0286  0.0291  0.0289  0.0295  0.0286  0.0289  0.0285  0.0285
niter,ni,del,rscale     2    3    5.0000    0.5000
parameters
   -0.1995  -10.9924   14.2099   -8.7344  -12.8713   -5.1411
    2.6757   -1.6241   -2.8081   -5.9196    1.8209    2.9954
eta,q 0.97192  7.23825
  0.0287  0.0285  0.0285  0.0286  0.0285  0.0288  0.0287  0.0290  0.0284  0.0285  0.0284  0.0284
  0.0284  0.0282  0.0283  0.0283  0.0283  0.0284  0.0283  0.0285  0.0282  0.0283  0.0282  0.0282
  0.0282  0.0281  0.0281  0.0281  0.0282  0.0282  0.0282  0.0282  0.0281  0.0281  0.0281  0.0281
  0.0281  0.0281  0.0281  0.0281  0.0281  0.0281  0.0281  0.0281  0.0281  0.0281  0.0281  0.0281
  0.0282  0.0282  0.0281  0.0282  0.0281  0.0282  0.0282  0.0282  0.0281  0.0282  0.0281  0.0281
  0.0284  0.0283  0.0283  0.0283  0.0282  0.0284  0.0283  0.0285  0.0282  0.0284  0.0282  0.0282
  0.0288  0.0286  0.0285  0.0286  0.0285  0.0288  0.0287  0.0290  0.0284  0.0287  0.0284  0.0284
niter,ni,del,rscale     1    3    5.0000    0.4000
parameters
   -0.2150  -11.0543   14.2305   -8.7365  -12.7602   -5.1285
    2.6901   -1.6743   -2.7872   -6.0979    1.8508    3.0934
eta,q 0.97193  7.24303
  0.0285  0.0283  0.0283  0.0284  0.0284  0.0286  0.0284  0.0287  0.0283  0.0284  0.0283  0.0283
  0.0283  0.0282  0.0282  0.0282  0.0282  0.0283  0.0282  0.0283  0.0282  0.0282  0.0282  0.0282
  0.0281  0.0281  0.0281  0.0281  0.0281  0.0281  0.0281  0.0281  0.0281  0.0281  0.0281  0.0281
  0.0281  0.0281  0.0281  0.0281  0.0281  0.0281  0.0281  0.0281  0.0281  0.0281  0.0281  0.0281
  0.0281  0.0281  0.0281  0.0281  0.0281  0.0281  0.0281  0.0282  0.0281  0.0281  0.0281  0.0281
  0.0283  0.0282  0.0282  0.0282  0.0282  0.0283  0.0282  0.0284  0.0282  0.0283  0.0282  0.0282
  0.0285  0.0284  0.0283  0.0284  0.0283  0.0286  0.0284  0.0287  0.0283  0.0285  0.0282  0.0283
registration optimization eta report
parameter search radius
    0.8000    0.8000    0.8000    2.4000    2.4000    2.4000
    2.4000    2.4000    2.4000    2.4000    2.4000    2.4000
100000*second partial in parameter space
       65.       46.       36.        6.        4.        8.
        6.       11.        4.        6.        3.        4.
  0.0285  0.0283  0.0283  0.0284  0.0284  0.0286  0.0284  0.0287  0.0283  0.0284  0.0283  0.0283
  0.0283  0.0282  0.0282  0.0282  0.0282  0.0283  0.0282  0.0283  0.0282  0.0282  0.0282  0.0282
  0.0281  0.0281  0.0281  0.0281  0.0281  0.0281  0.0281  0.0281  0.0281  0.0281  0.0281  0.0281
  0.0281  0.0281  0.0281  0.0281  0.0281  0.0281  0.0281  0.0281  0.0281  0.0281  0.0281  0.0281
  0.0281  0.0281  0.0281  0.0281  0.0281  0.0281  0.0281  0.0282  0.0281  0.0281  0.0281  0.0281
  0.0283  0.0282  0.0282  0.0282  0.0282  0.0283  0.0282  0.0284  0.0282  0.0283  0.0282  0.0282
  0.0285  0.0284  0.0283  0.0284  0.0283  0.0286  0.0284  0.0287  0.0283  0.0285  0.0282  0.0283
   -0.2150  -11.0543   14.2305   -8.7365  -12.7602   -5.1285
    2.6901   -1.6743   -2.7872   -6.0979    1.8508    3.0934
eta,q 0.97193  7.24303

---------------------------------------------------------------------
imgreg_4dfp /opt/freesurfer/average/711-2C_as_mni_average_305 /opt/freesurfer/average/711-2B_as_mni_average_305_mask talsrcimg_g11 none talsrcimg_to_711-2C_as_mni_average_305_t4 2311
---------------------------------------------------------------------

freesurfer imgreg_4dfp.c
/opt/freesurfer/average/711-2C_as_mni_average_305.4dfp.img
       256       256       256         1
  1.000000  1.000000  1.000000
orientation T byte_order littleendian
Reading image: /opt/freesurfer/average/711-2C_as_mni_average_305.4dfp.img
dimensions:      256       256       256
mmppix:       1.0000   -1.0000   -1.0000
center:     128.0000 -129.0000 -129.0000
/opt/freesurfer/average/711-2B_as_mni_average_305_mask.4dfp.img
       256       256       256         1
  1.000000  1.000000  1.000000
orientation T byte_order littleendian
Reading mask: /opt/freesurfer/average/711-2B_as_mni_average_305_mask.4dfp.img (2306576 pixels)
talsrcimg_g11.4dfp.img
       256       256       256         1
  0.898438  0.898438  0.898438
orientation T byte_order littleendian
Reading image: talsrcimg_g11.4dfp.img
dimensions:      256       256       256
mmppix:       0.8984   -0.8984   -0.8984
center:     115.0001 -115.8985 -115.8985
fimgreg.f
image alignment mode   2311 decimal      907 hex
parameters
   -0.2150  -11.0543   14.2305   -8.7365  -12.7602   -5.1285
    2.6901   -1.6743   -2.7872   -6.0979    1.8508    3.0934
eta,q 0.97193  7.24304
niter,ni,del,rscale     5    3    5.0000    0.8000
parameters
   -0.2156  -11.0655   14.2767   -8.5917  -12.9774   -5.1616
    2.7068   -1.6257   -2.8442   -5.9509    1.8752    3.0445
eta,q 0.97191  7.23934
  0.0298  0.0293  0.0291  0.0293  0.0290  0.0296  0.0295  0.0305  0.0289  0.0295  0.0288  0.0288
  0.0288  0.0286  0.0285  0.0286  0.0285  0.0289  0.0287  0.0292  0.0285  0.0287  0.0284  0.0284
  0.0282  0.0282  0.0282  0.0282  0.0282  0.0283  0.0282  0.0283  0.0282  0.0282  0.0282  0.0282
  0.0281  0.0281  0.0281  0.0281  0.0281  0.0281  0.0281  0.0281  0.0281  0.0281  0.0281  0.0281
  0.0283  0.0282  0.0282  0.0282  0.0282  0.0283  0.0282  0.0284  0.0282  0.0282  0.0282  0.0282
  0.0288  0.0286  0.0285  0.0286  0.0286  0.0289  0.0287  0.0291  0.0285  0.0287  0.0284  0.0284
  0.0297  0.0293  0.0289  0.0291  0.0293  0.0297  0.0295  0.0304  0.0290  0.0293  0.0288  0.0289
niter,ni,del,rscale     4    3    5.0000    0.7000
parameters
   -0.2121  -11.0422   14.2564   -8.6515  -12.9486   -5.1673
    2.6987   -1.6286   -2.8549   -5.9513    1.8554    3.0242
eta,q 0.97192  7.23776
  0.0294  0.0290  0.0288  0.0290  0.0289  0.0293  0.0292  0.0299  0.0288  0.0291  0.0286  0.0287
  0.0287  0.0285  0.0284  0.0285  0.0285  0.0287  0.0286  0.0289  0.0284  0.0285  0.0283  0.0284
  0.0282  0.0282  0.0282  0.0282  0.0282  0.0283  0.0282  0.0283  0.0282  0.0282  0.0281  0.0282
  0.0281  0.0281  0.0281  0.0281  0.0281  0.0281  0.0281  0.0281  0.0281  0.0281  0.0281  0.0281
  0.0282  0.0282  0.0282  0.0282  0.0281  0.0282  0.0282  0.0283  0.0282  0.0282  0.0281  0.0281
  0.0287  0.0285  0.0284  0.0285  0.0284  0.0287  0.0286  0.0289  0.0284  0.0286  0.0283  0.0284
  0.0293  0.0289  0.0288  0.0290  0.0289  0.0294  0.0292  0.0299  0.0288  0.0291  0.0286  0.0287
niter,ni,del,rscale     3    3    5.0000    0.6000
parameters
   -0.2127  -11.0480   14.2484   -8.6840  -12.8721   -5.1661
    2.6966   -1.6479   -2.8380   -6.0217    1.8610    3.0462
eta,q 0.97192  7.23949
  0.0290  0.0288  0.0286  0.0288  0.0287  0.0291  0.0289  0.0294  0.0286  0.0288  0.0285  0.0285
  0.0285  0.0284  0.0283  0.0284  0.0284  0.0286  0.0284  0.0287  0.0283  0.0284  0.0283  0.0283
  0.0282  0.0281  0.0281  0.0282  0.0282  0.0282  0.0282  0.0282  0.0281  0.0281  0.0281  0.0281
  0.0281  0.0281  0.0281  0.0281  0.0281  0.0281  0.0281  0.0281  0.0281  0.0281  0.0281  0.0281
  0.0282  0.0282  0.0282  0.0282  0.0281  0.0282  0.0282  0.0282  0.0281  0.0282  0.0281  0.0281
  0.0285  0.0284  0.0283  0.0284  0.0283  0.0285  0.0285  0.0287  0.0283  0.0285  0.0283  0.0283
  0.0290  0.0287  0.0286  0.0288  0.0287  0.0291  0.0289  0.0294  0.0286  0.0288  0.0285  0.0285
niter,ni,del,rscale     2    3    5.0000    0.5000
parameters
   -0.2204  -11.0748   14.2479   -8.7095  -12.7977   -5.1524
    2.6966   -1.6736   -2.8249   -6.1194    1.8705    3.1040
eta,q 0.97193  7.24190
  0.0287  0.0285  0.0284  0.0286  0.0285  0.0288  0.0287  0.0290  0.0284  0.0286  0.0284  0.0284
  0.0284  0.0283  0.0282  0.0283  0.0283  0.0284  0.0283  0.0285  0.0282  0.0283  0.0282  0.0282
  0.0281  0.0281  0.0281  0.0281  0.0281  0.0282  0.0281  0.0282  0.0281  0.0281  0.0281  0.0281
  0.0281  0.0281  0.0281  0.0281  0.0281  0.0281  0.0281  0.0281  0.0281  0.0281  0.0281  0.0281
  0.0282  0.0281  0.0281  0.0281  0.0281  0.0282  0.0281  0.0282  0.0281  0.0282  0.0281  0.0281
  0.0284  0.0283  0.0282  0.0283  0.0282  0.0284  0.0283  0.0285  0.0282  0.0283  0.0282  0.0282
  0.0287  0.0286  0.0284  0.0286  0.0285  0.0288  0.0287  0.0290  0.0284  0.0286  0.0283  0.0284
niter,ni,del,rscale     1    3    5.0000    0.4000
parameters
   -0.2272  -11.1069   14.2586   -8.7223  -12.7227   -5.1351
    2.6940   -1.6995   -2.8039   -6.2230    1.8935    3.1729
eta,q 0.97193  7.24500
  0.0285  0.0284  0.0283  0.0284  0.0283  0.0285  0.0284  0.0287  0.0283  0.0284  0.0282  0.0283
  0.0283  0.0282  0.0282  0.0282  0.0282  0.0283  0.0282  0.0283  0.0282  0.0282  0.0281  0.0282
  0.0281  0.0281  0.0281  0.0281  0.0281  0.0281  0.0281  0.0281  0.0281  0.0281  0.0281  0.0281
  0.0281  0.0281  0.0281  0.0281  0.0281  0.0281  0.0281  0.0281  0.0281  0.0281  0.0281  0.0281
  0.0281  0.0281  0.0281  0.0281  0.0281  0.0281  0.0281  0.0281  0.0281  0.0281  0.0281  0.0281
  0.0283  0.0282  0.0282  0.0282  0.0282  0.0283  0.0282  0.0284  0.0282  0.0283  0.0281  0.0282
  0.0285  0.0284  0.0283  0.0284  0.0283  0.0285  0.0284  0.0287  0.0283  0.0284  0.0282  0.0283
registration optimization eta report
parameter search radius
    0.8000    0.8000    0.8000    2.4000    2.4000    2.4000
    2.4000    2.4000    2.4000    2.4000    2.4000    2.4000
100000*second partial in parameter space
       65.       47.       37.        6.        5.        8.
        6.       11.        4.        6.        3.        4.
  0.0285  0.0284  0.0283  0.0284  0.0283  0.0285  0.0284  0.0287  0.0283  0.0284  0.0282  0.0283
  0.0283  0.0282  0.0282  0.0282  0.0282  0.0283  0.0282  0.0283  0.0282  0.0282  0.0281  0.0282
  0.0281  0.0281  0.0281  0.0281  0.0281  0.0281  0.0281  0.0281  0.0281  0.0281  0.0281  0.0281
  0.0281  0.0281  0.0281  0.0281  0.0281  0.0281  0.0281  0.0281  0.0281  0.0281  0.0281  0.0281
  0.0281  0.0281  0.0281  0.0281  0.0281  0.0281  0.0281  0.0281  0.0281  0.0281  0.0281  0.0281
  0.0283  0.0282  0.0282  0.0282  0.0282  0.0283  0.0282  0.0284  0.0282  0.0283  0.0281  0.0282
  0.0285  0.0284  0.0283  0.0284  0.0283  0.0285  0.0284  0.0287  0.0283  0.0284  0.0282  0.0283
   -0.2272  -11.1069   14.2586   -8.7223  -12.7227   -5.1351
    2.6940   -1.6995   -2.8039   -6.2230    1.8935    3.1729
eta,q 0.97193  7.24500

---------------------------------------------------------------------
compute_vox2vox talsrcimg talsrcimg_to_711-2C_as_mni_average_305_t4 /opt/freesurfer/average/711-2C_as_mni_average_305
---------------------------------------------------------------------

freesurfer compute_vox2vox.c
Reading: talsrcimg.4dfp.ifh
Reading: talsrcimg_to_711-2C_as_mni_average_305_t4
Reading: /opt/freesurfer/average/711-2C_as_mni_average_305.4dfp.ifh
Writing: talsrcimg_to_711-2C_as_mni_average_305_t4_vox2vox.txt

start time Thu Mar 12 22:02:23 CET 2026
end		time Thu Mar 12 22:02:37 CET 2026

mpr2mni305 success

avi2talxfm orig_nu.mgz /opt/freesurfer/average/mni305.cor.mgz talsrcimg_to_711-2C_as_mni_average_305_t4_vox2vox.txt transforms/talairach.auto.xfm
avi2talxfm done
mv -f /out/sourcedata/freesurfer/sub-v2s2x29074_ses-1/mri/talsrcimg_to_711-2C_as_mni_average_305_t4_vox2vox.txt /out/sourcedata/freesurfer/sub-v2s2x29074_ses-1/mri/transforms/talsrcimg_to_711-2C_as_mni_average_305_t4_vox2vox.txt
lta_convert --src orig_nu.mgz --trg /opt/freesurfer/average/mni305.cor.mgz --inxfm transforms/talairach.auto.xfm --outlta transforms/talairach.auto.xfm.lta --subject fsaverage
7.3.2

--src: orig_nu.mgz src image (geometry).
--trg: /opt/freesurfer/average/mni305.cor.mgz trg image (geometry).
--inmni: transforms/talairach.auto.xfm input MNI/XFM transform.
--outlta: transforms/talairach.auto.xfm.lta output LTA.
--s: fsaverage subject name
 LTA read, type : 1
 1.09414   0.01734  -0.03440  -3.49938;
-0.02296   1.05126  -0.03751   5.11764;
 0.03351   0.07551   1.14199  -3.51436;
 0.00000   0.00000   0.00000   1.00000;
setting subject to fsaverage
Writing  LTA to file transforms/talairach.auto.xfm.lta...
lta_convert successful.
 
 
Started at Thu Mar 12 22:02:23 CET 2026
Ended   at Thu Mar 12 22:02:37 CET 2026
talairach_avi done
