/out/sourcedata/freesurfer/sub-v2s2x29089_ses-1/mri
/opt/freesurfer/bin/talairach_avi
--i orig_nu.mgz --xfm transforms/talairach.auto.xfm
talairach_avi 7.3.2
Linux dna082 5.14.0-427.37.1.el9_4.x86_64 #1 SMP PREEMPT_DYNAMIC Fri Sep 13 12:41:50 EDT 2024 x86_64 x86_64 x86_64 GNU/Linux
Thu Mar 12 22:53:36 CET 2026
mri_convert orig_nu.mgz talsrcimg.img 
reading from orig_nu.mgz...
TR=0.00, TE=0.00, TI=0.00, flip angle=0.00
i_ras = (-1, 0, 0)
j_ras = (0, 0, -1)
k_ras = (0, 1, 0)
writing to talsrcimg.img...
Analyze Output Matrix
-0.89844   0.00000   0.00000   118.18462;
 0.00000   0.00000   0.89844  -132.05899;
 0.00000  -0.89844   0.00000   141.20442;
 0.00000   0.00000   0.00000   1.00000;
--------------------
INFO: set hdr.hist.orient to -1
mpr2mni305 talsrcimg
Thu Mar 12 22:53:36 CET 2026
/opt/freesurfer/bin/mpr2mni305 talsrcimg
mpr2mni305 7.3.2
target=711-2C_as_mni_average_305

---------------------------------------------------------------------
analyzeto4dfp talsrcimg -O0 -y
---------------------------------------------------------------------

freesurfer ifh2hdr.c
Thu Mar 12 22:53:37 2026
Writing: talsrcimg.4dfp.hdr
freesurfer analyzeto4dfp.c
Reading: talsrcimg.hdr
header size 348 bytes
hdr.dime.datatype	offset=70	value=2
hdr.dime.bitpix		offset=72	value=8
hdr.hist.orient		offset=252	value=-1
dimensionality     4
dimensions       256       256       256         1
Reading: talsrcimg.img
Writing: talsrcimg.4dfp.img
Writing: talsrcimg.4dfp.ifh
ifh2hdr talsrcimg -r0to255
ori=2

---------------------------------------------------------------------
gauss_4dfp talsrcimg 1.1
---------------------------------------------------------------------

freesurfer gauss_4dfp.c
Reading: talsrcimg.4dfp.img
Writing: talsrcimg_g11.4dfp.img
image dimensions 256 256 256 padded to 288 288 288
processing volume 1freesurfer ifh2hdr.c
Thu Mar 12 22:53:38 2026
Writing: talsrcimg_g11.4dfp.hdr

Writing: talsrcimg_g11.4dfp.ifh
including: talsrcimg.4dfp.img.rec in talsrcimg_g11.4dfp.img.rec

---------------------------------------------------------------------
imgreg_4dfp /opt/freesurfer/average/711-2C_as_mni_average_305 none talsrcimg_g11 none talsrcimg_to_711-2C_as_mni_average_305_t4 4355
---------------------------------------------------------------------

freesurfer imgreg_4dfp.c
/opt/freesurfer/average/711-2C_as_mni_average_305.4dfp.img
       256       256       256         1
  1.000000  1.000000  1.000000
orientation T byte_order littleendian
Reading image: /opt/freesurfer/average/711-2C_as_mni_average_305.4dfp.img
dimensions:      256       256       256
mmppix:       1.0000   -1.0000   -1.0000
center:     128.0000 -129.0000 -129.0000
talsrcimg_g11.4dfp.img
       256       256       256         1
  0.898438  0.898438  0.898438
orientation T byte_order littleendian
Reading image: talsrcimg_g11.4dfp.img
dimensions:      256       256       256
mmppix:       0.8984   -0.8984   -0.8984
center:     115.0001 -115.8985 -115.8985
t4_read: open error in t4_sub.f l:  41 t4_file(1:l)talsrcimg_to_711-2C_as_mni_average_305_t4 
t4_read: transform initialized to I4
rotation matrix determinant  1.000000
image alignment mode   4355 decimal     1103 hex
   -7.5000  -45.0000  -45.0000 6418.5874   10.6982
    0.0000  -45.0000  -45.0000 6528.7886   10.6919
    7.5000  -45.0000  -45.0000 6185.2700   10.6815
   -7.5000  -37.5000  -45.0000 6771.9399   11.3774
    0.0000  -37.5000  -45.0000 6866.0757   11.3675
    7.5000  -37.5000  -45.0000 6516.8877   11.3503
   -7.5000  -30.0000  -45.0000 7106.0845   11.6965
    0.0000  -30.0000  -45.0000 7212.2788   11.6875
    7.5000  -30.0000  -45.0000 6841.2915   11.6721
   -7.5000  -22.5000  -45.0000 7559.0737   11.6514
    0.0000  -22.5000  -45.0000 7678.3091   11.6474
    7.5000  -22.5000  -45.0000 7293.3613   11.6402
   -7.5000  -15.0000  -45.0000 7966.8008   11.6462
    0.0000  -15.0000  -45.0000 8085.7148   11.6455
    7.5000  -15.0000  -45.0000 7677.0723   11.6446
   -7.5000   -7.5000  -45.0000 8044.9775   11.6825
    0.0000   -7.5000  -45.0000 8178.1030   11.6802
    7.5000   -7.5000  -45.0000 7757.2861   11.6775
   -7.5000    0.0000  -45.0000 8119.2246   11.7280
    0.0000    0.0000  -45.0000 8254.1562   11.7211
    7.5000    0.0000  -45.0000 7813.2886   11.7097
   -7.5000    7.5000  -45.0000 7713.9658   11.7361
    0.0000    7.5000  -45.0000 7815.9453   11.7259
    7.5000    7.5000  -45.0000 7379.0474   11.7082
   -7.5000   15.0000  -45.0000 7387.7144   11.6965
    0.0000   15.0000  -45.0000 7496.7051   11.6875
    7.5000   15.0000  -45.0000 7080.9731   11.6721
   -7.5000   22.5000  -45.0000 6742.6177   11.4946
    0.0000   22.5000  -45.0000 6851.4204   11.4908
    7.5000   22.5000  -45.0000 6463.8682   11.4836
   -7.5000   30.0000  -45.0000 6148.9111   11.1832
    0.0000   30.0000  -45.0000 6240.8936   11.1825
    7.5000   30.0000  -45.0000 5907.4878   11.1817
   -7.5000   37.5000  -45.0000 5566.9165   11.0609
    0.0000   37.5000  -45.0000 5644.1411   11.0590
    7.5000   37.5000  -45.0000 5351.2593   11.0546
   -7.5000   45.0000  -45.0000 5066.3657   11.0641
    0.0000   45.0000  -45.0000 5123.1060   11.0541
    7.5000   45.0000  -45.0000 4850.0093   11.0370
   -7.5000  -45.0000  -37.5000 6997.9116   11.1996
    0.0000  -45.0000  -37.5000 7098.4653   11.1903
    7.5000  -45.0000  -37.5000 6741.2568   11.1756
   -7.5000  -37.5000  -37.5000 7369.4209   11.9200
    0.0000  -37.5000  -37.5000 7466.3530   11.9081
    7.5000  -37.5000  -37.5000 7093.6880   11.8843
   -7.5000  -30.0000  -37.5000 7743.8545   12.2434
    0.0000  -30.0000  -37.5000 7872.2153   12.2325
    7.5000  -30.0000  -37.5000 7464.9561   12.2104
   -7.5000  -22.5000  -37.5000 8227.0791   12.2014
    0.0000  -22.5000  -37.5000 8353.3672   12.1949
    7.5000  -22.5000  -37.5000 7933.3447   12.1834
   -7.5000  -15.0000  -37.5000 8653.3818   12.1908
    0.0000  -15.0000  -37.5000 8768.1904   12.1866
    7.5000  -15.0000  -37.5000 8339.4814   12.1835
   -7.5000   -7.5000  -37.5000 8718.2256   12.2199
    0.0000   -7.5000  -37.5000 8843.2607   12.2137
    7.5000   -7.5000  -37.5000 8405.5928   12.2086
   -7.5000    0.0000  -37.5000 8779.5615   12.2620
    0.0000    0.0000  -37.5000 8909.0342   12.2518
    7.5000    0.0000  -37.5000 8454.2373   12.2357
   -7.5000    7.5000  -37.5000 8295.5879   12.2742
    0.0000    7.5000  -37.5000 8419.4189   12.2619
    7.5000    7.5000  -37.5000 7970.0015   12.2374
   -7.5000   15.0000  -37.5000 7938.9326   12.2428
    0.0000   15.0000  -37.5000 8051.8721   12.2319
    7.5000   15.0000  -37.5000 7626.0166   12.2098
   -7.5000   22.5000  -37.5000 7230.8096   12.0383
    0.0000   22.5000  -37.5000 7336.6860   12.0318
    7.5000   22.5000  -37.5000 6949.7554   12.0205
   -7.5000   30.0000  -37.5000 6560.6104   11.7145
    0.0000   30.0000  -37.5000 6670.8267   11.7104
    7.5000   30.0000  -37.5000 6336.0840   11.7075
   -7.5000   37.5000  -37.5000 5962.6816   11.5762
    0.0000   37.5000  -37.5000 6054.5259   11.5699
    7.5000   37.5000  -37.5000 5747.6255   11.5629
   -7.5000   45.0000  -37.5000 5409.9810   11.5688
    0.0000   45.0000  -37.5000 5478.3403   11.5557
    7.5000   45.0000  -37.5000 5198.1758   11.5335
   -7.5000  -45.0000  -30.0000 7584.0732   11.6680
    0.0000  -45.0000  -30.0000 7686.2202   11.6555
    7.5000  -45.0000  -30.0000 7311.7778   11.6383
   -7.5000  -37.5000  -30.0000 7968.3472   12.4289
    0.0000  -37.5000  -30.0000 8072.8491   12.4119
    7.5000  -37.5000  -30.0000 7682.0034   12.3839
   -7.5000  -30.0000  -30.0000 8388.2686   12.7541
    0.0000  -30.0000  -30.0000 8505.8027   12.7358
    7.5000  -30.0000  -30.0000 8094.4980   12.7091
   -7.5000  -22.5000  -30.0000 8931.8027   12.7112
    0.0000  -22.5000  -30.0000 9038.7070   12.6962
    7.5000  -22.5000  -30.0000 8610.0957   12.6813
   -7.5000  -15.0000  -30.0000 9387.5215   12.6951
    0.0000  -15.0000  -30.0000 9494.2021   12.6839
    7.5000  -15.0000  -30.0000 9037.3662   12.6786
   -7.5000   -7.5000  -30.0000 9433.4404   12.7196
    0.0000   -7.5000  -30.0000 9528.0508   12.7087
    7.5000   -7.5000  -30.0000 9083.2549   12.7017
   -7.5000    0.0000  -30.0000 9470.6064   12.7616
    0.0000    0.0000  -30.0000 9585.3535   12.7479
    7.5000    0.0000  -30.0000 9116.0527   12.7291
   -7.5000    7.5000  -30.0000 8899.4023   12.7788
    0.0000    7.5000  -30.0000 9022.7422   12.7614
    7.5000    7.5000  -30.0000 8577.0723   12.7326
   -7.5000   15.0000  -30.0000 8492.8408   12.7524
    0.0000   15.0000  -30.0000 8581.2529   12.7340
    7.5000   15.0000  -30.0000 8178.4624   12.7074
   -7.5000   22.5000  -30.0000 7723.6875   12.5418
    0.0000   22.5000  -30.0000 7808.3560   12.5270
    7.5000   22.5000  -30.0000 7434.8740   12.5123
   -7.5000   30.0000  -30.0000 6992.1235   12.2079
    0.0000   30.0000  -30.0000 7083.2007   12.1971
    7.5000   30.0000  -30.0000 6752.7964   12.1921
   -7.5000   37.5000  -30.0000 6326.8354   12.0680
    0.0000   37.5000  -30.0000 6423.0459   12.0562
    7.5000   37.5000  -30.0000 6114.5381   12.0463
   -7.5000   45.0000  -30.0000 5729.0957   12.0616
    0.0000   45.0000  -30.0000 5807.8384   12.0442
    7.5000   45.0000  -30.0000 5518.6973   12.0183
   -7.5000  -45.0000  -22.5000 8176.4956   12.1624
    0.0000  -45.0000  -22.5000 8292.3281   12.1494
    7.5000  -45.0000  -22.5000 7870.8740   12.1349
   -7.5000  -37.5000  -22.5000 8559.3281   12.9655
    0.0000  -37.5000  -22.5000 8679.1582   12.9439
    7.5000  -37.5000  -22.5000 8266.5068   12.9183
   -7.5000  -30.0000  -22.5000 9027.6211   13.2851
    0.0000  -30.0000  -22.5000 9145.7793   13.2583
    7.5000  -30.0000  -22.5000 8709.2686   13.2334
   -7.5000  -22.5000  -22.5000 9630.3047   13.2340
    0.0000  -22.5000  -22.5000 9744.4404   13.2105
    7.5000  -22.5000  -22.5000 9279.9727   13.1967
   -7.5000  -15.0000  -22.500010117.1221   13.2160
    0.0000  -15.0000  -22.500010248.9404   13.2003
    7.5000  -15.0000  -22.5000 9738.0508   13.1962
   -7.5000   -7.5000  -22.500010156.9697   13.2451
    0.0000   -7.5000  -22.500010284.2021   13.2337
    7.5000   -7.5000  -22.5000 9770.2373   13.2288
   -7.5000    0.0000  -22.500010160.0938   13.2948
    0.0000    0.0000  -22.500010287.1064   13.2806
    7.5000    0.0000  -22.5000 9786.5781   13.2647
   -7.5000    7.5000  -22.5000 9505.3525   13.3139
    0.0000    7.5000  -22.5000 9619.7695   13.2918
    7.5000    7.5000  -22.5000 9181.3779   13.2655
   -7.5000   15.0000  -22.5000 9060.5195   13.2819
    0.0000   15.0000  -22.5000 9143.9434   13.2551
    7.5000   15.0000  -22.5000 8749.4307   13.2303
   -7.5000   22.5000  -22.5000 8245.8525   13.0588
    0.0000   22.5000  -22.5000 8318.5928   13.0357
    7.5000   22.5000  -22.5000 7956.9990   13.0221
   -7.5000   30.0000  -22.5000 7449.9189   12.7182
    0.0000   30.0000  -22.5000 7517.8813   12.7031
    7.5000   30.0000  -22.5000 7191.4028   12.6991
   -7.5000   37.5000  -22.5000 6709.7266   12.5891
    0.0000   37.5000  -22.5000 6783.4590   12.5762
    7.5000   37.5000  -22.5000 6483.8511   12.5674
   -7.5000   45.0000  -22.5000 6049.5137   12.5963
    0.0000   45.0000  -22.5000 6113.8345   12.5770
    7.5000   45.0000  -22.5000 5827.4678   12.5530
   -7.5000  -45.0000  -15.0000 8739.3379   12.6088
    0.0000  -45.0000  -15.0000 8858.2988   12.5985
    7.5000  -45.0000  -15.0000 8404.0264   12.5895
   -7.5000  -37.5000  -15.0000 9133.0020   13.4369
    0.0000  -37.5000  -15.0000 9264.5293   13.4162
    7.5000  -37.5000  -15.0000 8818.0557   13.3977
   -7.5000  -30.0000  -15.0000 9634.2705   13.7456
    0.0000  -30.0000  -15.0000 9771.0332   13.7190
    7.5000  -30.0000  -15.0000 9296.3486   13.7011
   -7.5000  -22.5000  -15.000010270.7002   13.6866
    0.0000  -22.5000  -15.000010416.6123   13.6643
    7.5000  -22.5000  -15.0000 9905.5439   13.6557
   -7.5000  -15.0000  -15.000010811.7041   13.6724
    0.0000  -15.0000  -15.000010971.6045   13.6598
    7.5000  -15.0000  -15.000010389.8564   13.6595
   -7.5000   -7.5000  -15.000010855.7441   13.7114
    0.0000   -7.5000  -15.000011016.4805   13.7041
    7.5000   -7.5000  -15.000010417.6973   13.7036
   -7.5000    0.0000  -15.000010818.8350   13.7693
    0.0000    0.0000  -15.000010968.7197   13.7580
    7.5000    0.0000  -15.000010402.5869   13.7483
   -7.5000    7.5000  -15.000010092.9375   13.7846
    0.0000    7.5000  -15.000010211.2236   13.7633
    7.5000    7.5000  -15.0000 9726.1543   13.7444
   -7.5000   15.0000  -15.0000 9620.5430   13.7414
    0.0000   15.0000  -15.0000 9711.1162   13.7147
    7.5000   15.0000  -15.0000 9286.1084   13.6969
   -7.5000   22.5000  -15.0000 8753.0449   13.5076
    0.0000   22.5000  -15.0000 8839.1777   13.4856
    7.5000   22.5000  -15.0000 8454.2363   13.4771
   -7.5000   30.0000  -15.0000 7890.8643   13.1673
    0.0000   30.0000  -15.0000 7964.1504   13.1551
    7.5000   30.0000  -15.0000 7623.6191   13.1549
   -7.5000   37.5000  -15.0000 7079.3965   13.0530
    0.0000   37.5000  -15.0000 7157.8071   13.0446
    7.5000   37.5000  -15.0000 6827.9614   13.0403
   -7.5000   45.0000  -15.0000 6360.9800   13.0703
    0.0000   45.0000  -15.0000 6427.8462   13.0533
    7.5000   45.0000  -15.0000 6125.4873   13.0354
   -7.5000  -45.0000   -7.5000 9001.6475   12.6237
    0.0000  -45.0000   -7.5000 9138.1748   12.6162
    7.5000  -45.0000   -7.5000 8659.5703   12.6093
   -7.5000  -37.5000   -7.5000 9443.3066   13.4466
    0.0000  -37.5000   -7.5000 9573.5645   13.4310
    7.5000  -37.5000   -7.5000 9102.7920   13.4165
   -7.5000  -30.0000   -7.5000 9978.7910   13.7501
    0.0000  -30.0000   -7.500010134.3506   13.7319
    7.5000  -30.0000   -7.5000 9610.1680   13.7185
   -7.5000  -22.5000   -7.500010601.6719   13.6918
    0.0000  -22.5000   -7.500010795.3350   13.6791
    7.5000  -22.5000   -7.500010199.2100   13.6739
   -7.5000  -15.0000   -7.500011153.9980   13.6832
    0.0000  -15.0000   -7.500011351.5283   13.6782
    7.5000  -15.0000   -7.500010695.8223   13.6798
   -7.5000   -7.5000   -7.500011187.6348   13.7272
    0.0000   -7.5000   -7.500011371.7510   13.7244
    7.5000   -7.5000   -7.500010714.2061   13.7254
   -7.5000    0.0000   -7.500011153.3496   13.7855
    0.0000    0.0000   -7.500011310.4219   13.7774
    7.5000    0.0000   -7.500010678.4121   13.7699
   -7.5000    7.5000   -7.500010385.5986   13.7945
    0.0000    7.5000   -7.500010509.3633   13.7786
    7.5000    7.5000   -7.5000 9971.3594   13.7637
   -7.5000   15.0000   -7.5000 9880.5752   13.7458
    0.0000   15.0000   -7.500010007.5488   13.7276
    7.5000   15.0000   -7.5000 9520.0215   13.7143
   -7.5000   22.5000   -7.5000 8992.6143   13.5127
    0.0000   22.5000   -7.5000 9108.1699   13.5002
    7.5000   22.5000   -7.5000 8659.1787   13.4950
   -7.5000   30.0000   -7.5000 8087.7505   13.1777
    0.0000   30.0000   -7.5000 8194.7803   13.1729
    7.5000   30.0000   -7.5000 7823.5659   13.1745
   -7.5000   37.5000   -7.5000 7228.8062   13.0658
    0.0000   37.5000   -7.5000 7335.6167   13.0628
    7.5000   37.5000   -7.5000 6982.0645   13.0609
   -7.5000   45.0000   -7.5000 6463.8423   13.0777
    0.0000   45.0000   -7.5000 6551.6895   13.0648
    7.5000   45.0000   -7.5000 6223.7769   13.0501
   -7.5000  -45.0000    0.0000 9062.7783   12.9411
    0.0000  -45.0000    0.0000 9209.6104   12.9335
    7.5000  -45.0000    0.0000 8698.3623   12.9228
   -7.5000  -37.5000    0.0000 9555.0527   13.7767
    0.0000  -37.5000    0.0000 9727.4590   13.7644
    7.5000  -37.5000    0.0000 9185.9492   13.7453
   -7.5000  -30.0000    0.000010161.1318   14.0838
    0.0000  -30.0000    0.000010414.9160   14.0724
    7.5000  -30.0000    0.0000 9791.0176   14.0551
   -7.5000  -22.5000    0.000010793.0635   14.0311
    0.0000  -22.5000    0.000011103.6777   14.0259
    7.5000  -22.5000    0.000010383.6279   14.0183
   -7.5000  -15.0000    0.000011320.7275   14.0236
    0.0000  -15.0000    0.000011573.1631   14.0227
    7.5000  -15.0000    0.000010823.6768   14.0231
   -7.5000   -7.5000    0.000011352.1562   14.0648
    0.0000   -7.5000    0.000011539.1465   14.0623
    7.5000   -7.5000    0.000010813.3477   14.0609
   -7.5000    0.0000    0.000011279.3193   14.1182
    0.0000    0.0000    0.000011440.6797   14.1099
    7.5000    0.0000    0.000010757.7432   14.0982
   -7.5000    7.5000    0.000010483.7656   14.1238
    0.0000    7.5000    0.000010623.9102   14.1112
    7.5000    7.5000    0.000010019.1670   14.0916
   -7.5000   15.0000    0.0000 9963.4834   14.0788
    0.0000   15.0000    0.000010114.6279   14.0675
    7.5000   15.0000    0.0000 9562.3193   14.0502
   -7.5000   22.5000    0.0000 9074.6055   13.8495
    0.0000   22.5000    0.0000 9212.8730   13.8444
    7.5000   22.5000    0.0000 8723.7998   13.8368
   -7.5000   30.0000    0.0000 8170.1001   13.5137
    0.0000   30.0000    0.0000 8293.5557   13.5129
    7.5000   30.0000    0.0000 7873.0273   13.5132
   -7.5000   37.5000    0.0000 7266.5957   13.3997
    0.0000   37.5000    0.0000 7392.1250   13.3976
    7.5000   37.5000    0.0000 7008.3691   13.3941
   -7.5000   45.0000    0.0000 6463.6133   13.4176
    0.0000   45.0000    0.0000 6555.8784   13.4056
    7.5000   45.0000    0.0000 6206.4771   13.3871
   -7.5000  -45.0000    7.5000 8772.5068   12.9247
    0.0000  -45.0000    7.5000 8907.8164   12.9141
    7.5000  -45.0000    7.5000 8411.8145   12.8976
   -7.5000  -37.5000    7.5000 9309.0244   13.7631
    0.0000  -37.5000    7.5000 9520.7266   13.7496
    7.5000  -37.5000    7.5000 8939.2959   13.7224
   -7.5000  -30.0000    7.500010007.0928   14.0804
    0.0000  -30.0000    7.500010373.8330   14.0683
    7.5000  -30.0000    7.5000 9625.7812   14.0432
   -7.5000  -22.5000    7.500010713.0459   14.0338
    0.0000  -22.5000    7.500011108.7363   14.0267
    7.5000  -22.5000    7.500010244.8623   14.0137
   -7.5000  -15.0000    7.500011222.1162   14.0216
    0.0000  -15.0000    7.500011488.0527   14.0171
    7.5000  -15.0000    7.500010625.0312   14.0139
   -7.5000   -7.5000    7.500011167.4365   14.0535
    0.0000   -7.5000    7.500011345.2920   14.0466
    7.5000   -7.5000    7.500010567.1787   14.0412
   -7.5000    0.0000    7.500010995.0508   14.1003
    0.0000    0.0000    7.500011168.8750   14.0888
    7.5000    0.0000    7.500010464.7676   14.0708
   -7.5000    7.5000    7.500010138.6543   14.1100
    0.0000    7.5000    7.500010297.8164   14.0960
    7.5000    7.5000    7.5000 9672.8945   14.0682
   -7.5000   15.0000    7.5000 9621.6533   14.0754
    0.0000   15.0000    7.5000 9804.4307   14.0633
    7.5000   15.0000    7.5000 9229.9590   14.0382
   -7.5000   22.5000    7.5000 8769.0645   13.8522
    0.0000   22.5000    7.5000 8930.8154   13.8452
    7.5000   22.5000    7.5000 8428.5439   13.8323
   -7.5000   30.0000    7.5000 7875.4526   13.5117
    0.0000   30.0000    7.5000 8008.3911   13.5074
    7.5000   30.0000    7.5000 7578.6309   13.5043
   -7.5000   37.5000    7.5000 7007.1528   13.3880
    0.0000   37.5000    7.5000 7130.5444   13.3810
    7.5000   37.5000    7.5000 6752.3789   13.3733
   -7.5000   45.0000    7.5000 6219.8989   13.4089
    0.0000   45.0000    7.5000 6309.1465   13.3940
    7.5000   45.0000    7.5000 5972.6396   13.3687
   -7.5000  -45.0000   15.0000 8803.7393   12.9443
    0.0000  -45.0000   15.0000 8956.6250   12.9304
    7.5000  -45.0000   15.0000 8428.6250   12.9111
   -7.5000  -37.5000   15.0000 9277.8066   13.7900
    0.0000  -37.5000   15.0000 9560.3994   13.7712
    7.5000  -37.5000   15.0000 8910.8223   13.7399
   -7.5000  -30.0000   15.0000 9934.8633   14.1131
    0.0000  -30.0000   15.000010369.4404   14.0927
    7.5000  -30.0000   15.0000 9554.9443   14.0631
   -7.5000  -22.5000   15.000010644.5811   14.0655
    0.0000  -22.5000   15.000011116.1309   14.0489
    7.5000  -22.5000   15.000010186.4160   14.0322
   -7.5000  -15.0000   15.000011218.3271   14.0478
    0.0000  -15.0000   15.000011586.6885   14.0353
    7.5000  -15.0000   15.000010641.8711   14.0294
   -7.5000   -7.5000   15.000011146.0596   14.0751
    0.0000   -7.5000   15.000011412.6172   14.0630
    7.5000   -7.5000   15.000010584.2422   14.0551
   -7.5000    0.0000   15.000010908.2275   14.1217
    0.0000    0.0000   15.000011112.9170   14.1065
    7.5000    0.0000   15.000010398.6914   14.0855
   -7.5000    7.5000   15.000010016.6514   14.1375
    0.0000    7.5000   15.000010173.6270   14.1182
    7.5000    7.5000   15.0000 9589.9629   14.0862
   -7.5000   15.0000   15.0000 9537.5449   14.1081
    0.0000   15.0000   15.0000 9696.6299   14.0877
    7.5000   15.0000   15.0000 9161.4443   14.0581
   -7.5000   22.5000   15.0000 8705.1602   13.8835
    0.0000   22.5000   15.0000 8847.0156   13.8670
    7.5000   22.5000   15.0000 8380.1504   13.8506
   -7.5000   30.0000   15.0000 7824.1367   13.5370
    0.0000   30.0000   15.0000 7938.4639   13.5250
    7.5000   30.0000   15.0000 7534.8721   13.5193
   -7.5000   37.5000   15.0000 6946.2139   13.4115
    0.0000   37.5000   15.0000 7061.1294   13.3984
    7.5000   37.5000   15.0000 6698.4775   13.3872
   -7.5000   45.0000   15.0000 6177.8789   13.4393
    0.0000   45.0000   15.0000 6265.9512   13.4199
    7.5000   45.0000   15.0000 5934.1943   13.3909
   -7.5000  -45.0000   22.5000 8364.7871   13.1285
    0.0000  -45.0000   22.5000 8496.6895   13.1149
    7.5000  -45.0000   22.5000 8032.2417   13.0990
   -7.5000  -37.5000   22.5000 8772.5762   13.9917
    0.0000  -37.5000   22.5000 8965.3428   13.9685
    7.5000  -37.5000   22.5000 8444.9697   13.9404
   -7.5000  -30.0000   22.5000 9291.4951   14.3150
    0.0000  -30.0000   22.5000 9549.7832   14.2861
    7.5000  -30.0000   22.5000 8972.6719   14.2589
   -7.5000  -22.5000   22.5000 9892.5684   14.2577
    0.0000  -22.5000   22.500010144.3594   14.2325
    7.5000  -22.5000   22.5000 9525.8789   14.2176
   -7.5000  -15.0000   22.500010439.0498   14.2356
    0.0000  -15.0000   22.500010657.4805   14.2192
    7.5000  -15.0000   22.500010009.8506   14.2149
   -7.5000   -7.5000   22.500010438.9629   14.2668
    0.0000   -7.5000   22.500010639.3398   14.2551
    7.5000   -7.5000   22.500010007.0537   14.2500
   -7.5000    0.0000   22.500010264.5850   14.3227
    0.0000    0.0000   22.500010415.6455   14.3078
    7.5000    0.0000   22.5000 9824.8652   14.2905
   -7.5000    7.5000   22.5000 9447.1641   14.3443
    0.0000    7.5000   22.5000 9566.4268   14.3205
    7.5000    7.5000   22.5000 9047.9258   14.2917
   -7.5000   15.0000   22.5000 9029.9102   14.3099
    0.0000   15.0000   22.5000 9152.2910   14.2811
    7.5000   15.0000   22.5000 8660.7998   14.2538
   -7.5000   22.5000   22.5000 8248.6074   14.0732
    0.0000   22.5000   22.5000 8355.7822   14.0483
    7.5000   22.5000   22.5000 7918.4131   14.0336
   -7.5000   30.0000   22.5000 7404.9922   13.7180
    0.0000   30.0000   22.5000 7498.6699   13.7021
    7.5000   30.0000   22.5000 7112.2295   13.6980
   -7.5000   37.5000   22.5000 6565.2988   13.5998
    0.0000   37.5000   22.5000 6641.5703   13.5865
    7.5000   37.5000   22.5000 6308.0156   13.5770
   -7.5000   45.0000   22.5000 5842.7041   13.6238
    0.0000   45.0000   22.5000 5914.6514   13.6030
    7.5000   45.0000   22.5000 5607.4937   13.5768
   -7.5000  -45.0000   30.0000 7845.4771   13.2853
    0.0000  -45.0000   30.0000 7953.3491   13.2732
    7.5000  -45.0000   30.0000 7567.1206   13.2627
   -7.5000  -37.5000   30.0000 8229.5889   14.1617
    0.0000  -37.5000   30.0000 8348.4658   14.1380
    7.5000  -37.5000   30.0000 7938.1392   14.1167
   -7.5000  -30.0000   30.0000 8692.1553   14.4798
    0.0000  -30.0000   30.0000 8816.9170   14.4499
    7.5000  -30.0000   30.0000 8388.4004   14.4292
   -7.5000  -22.5000   30.0000 9211.1143   14.4139
    0.0000  -22.5000   30.0000 9329.4121   14.3892
    7.5000  -22.5000   30.0000 8881.1982   14.3791
   -7.5000  -15.0000   30.0000 9700.3604   14.3959
    0.0000  -15.0000   30.0000 9800.4072   14.3818
    7.5000  -15.0000   30.0000 9330.0029   14.3812
   -7.5000   -7.5000   30.0000 9739.8936   14.4378
    0.0000   -7.5000   30.0000 9819.5615   14.4293
    7.5000   -7.5000   30.0000 9350.6299   14.4283
   -7.5000    0.0000   30.0000 9614.4355   14.5026
    0.0000    0.0000   30.0000 9667.0088   14.4894
    7.5000    0.0000   30.0000 9210.8799   14.4779
   -7.5000    7.5000   30.0000 8891.7842   14.5210
    0.0000    7.5000   30.0000 8957.3389   14.4968
    7.5000    7.5000   30.0000 8511.6729   14.4749
   -7.5000   15.0000   30.0000 8512.7197   14.4746
    0.0000   15.0000   30.0000 8601.5469   14.4447
    7.5000   15.0000   30.0000 8149.3506   14.4241
   -7.5000   22.5000   30.0000 7739.2905   14.2261
    0.0000   22.5000   30.0000 7830.8511   14.2017
    7.5000   22.5000   30.0000 7411.2935   14.1917
   -7.5000   30.0000   30.0000 6930.3604   13.8788
    0.0000   30.0000   30.0000 7010.3384   13.8653
    7.5000   30.0000   30.0000 6652.1270   13.8646
   -7.5000   37.5000   30.0000 6151.9902   13.7786
    0.0000   37.5000   30.0000 6231.3364   13.7689
    7.5000   37.5000   30.0000 5914.9644   13.7637
   -7.5000   45.0000   30.0000 5472.4141   13.7990
    0.0000   45.0000   30.0000 5536.6655   13.7793
    7.5000   45.0000   30.0000 5260.5952   13.7590
   -7.5000  -45.0000   37.5000 7344.1313   13.3341
    0.0000  -45.0000   37.5000 7458.3140   13.3238
    7.5000  -45.0000   37.5000 7109.0986   13.3154
   -7.5000  -37.5000   37.5000 7695.4897   14.2114
    0.0000  -37.5000   37.5000 7809.6382   14.1919
    7.5000  -37.5000   37.5000 7443.4819   14.1747
   -7.5000  -30.0000   37.5000 8112.4673   14.5171
    0.0000  -30.0000   37.5000 8225.1064   14.4947
    7.5000  -30.0000   37.5000 7844.4058   14.4787
   -7.5000  -22.5000   37.5000 8612.9834   14.4520
    0.0000  -22.5000   37.5000 8703.4551   14.4361
    7.5000  -22.5000   37.5000 8295.5088   14.4293
   -7.5000  -15.0000   37.5000 9039.9180   14.4388
    0.0000  -15.0000   37.5000 9127.7432   14.4315
    7.5000  -15.0000   37.5000 8687.7822   14.4327
   -7.5000   -7.5000   37.5000 9074.5049   14.4850
    0.0000   -7.5000   37.5000 9157.5000   14.4800
    7.5000   -7.5000   37.5000 8716.3779   14.4805
   -7.5000    0.0000   37.5000 8977.2871   14.5504
    0.0000    0.0000   37.5000 9022.4580   14.5391
    7.5000    0.0000   37.5000 8582.1602   14.5300
   -7.5000    7.5000   37.5000 8316.8086   14.5630
    0.0000    7.5000   37.5000 8382.0527   14.5430
    7.5000    7.5000   37.5000 7962.7056   14.5254
   -7.5000   15.0000   37.5000 7971.9346   14.5118
    0.0000   15.0000   37.5000 8061.2212   14.4895
    7.5000   15.0000   37.5000 7644.4351   14.4735
   -7.5000   22.5000   37.5000 7234.9844   14.2612
    0.0000   22.5000   37.5000 7326.4438   14.2455
    7.5000   22.5000   37.5000 6943.1621   14.2388
   -7.5000   30.0000   37.5000 6477.6001   13.9201
    0.0000   30.0000   37.5000 6548.5410   13.9131
    7.5000   30.0000   37.5000 6223.8965   13.9142
   -7.5000   37.5000   37.5000 5768.7397   13.8212
    0.0000   37.5000   37.5000 5828.8989   13.8161
    7.5000   37.5000   37.5000 5536.8267   13.8134
   -7.5000   45.0000   37.5000 5115.4502   13.8213
    0.0000   45.0000   37.5000 5165.4219   13.8047
    7.5000   45.0000   37.5000 4918.9067   13.7874
   -7.5000  -45.0000   45.0000 6816.7515   13.4521
    0.0000  -45.0000   45.0000 6915.6094   13.4404
    7.5000  -45.0000   45.0000 6607.8926   13.4251
   -7.5000  -37.5000   45.0000 7121.1821   14.3414
    0.0000  -37.5000   45.0000 7241.3418   14.3240
    7.5000  -37.5000   45.0000 6912.1724   14.2989
   -7.5000  -30.0000   45.0000 7509.7866   14.6455
    0.0000  -30.0000   45.0000 7625.8174   14.6290
    7.5000  -30.0000   45.0000 7272.6001   14.6058
   -7.5000  -22.5000   45.0000 7975.8569   14.5861
    0.0000  -22.5000   45.0000 8086.9253   14.5766
    7.5000  -22.5000   45.0000 7704.3828   14.5642
   -7.5000  -15.0000   45.0000 8380.7129   14.5680
    0.0000  -15.0000   45.0000 8482.7568   14.5635
    7.5000  -15.0000   45.0000 8072.5107   14.5603
   -7.5000   -7.5000   45.0000 8427.3457   14.6061
    0.0000   -7.5000   45.0000 8512.5205   14.5998
    7.5000   -7.5000   45.0000 8103.9478   14.5948
   -7.5000    0.0000   45.0000 8334.8896   14.6665
    0.0000    0.0000   45.0000 8394.8340   14.6537
    7.5000    0.0000   45.0000 7993.8750   14.6371
   -7.5000    7.5000   45.0000 7736.8281   14.6821
    0.0000    7.5000   45.0000 7804.0479   14.6643
    7.5000    7.5000   45.0000 7426.3350   14.6386
   -7.5000   15.0000   45.0000 7426.1377   14.6400
    0.0000   15.0000   45.0000 7513.8682   14.6235
    7.5000   15.0000   45.0000 7140.7334   14.6004
   -7.5000   22.5000   45.0000 6738.4209   14.3916
    0.0000   22.5000   45.0000 6826.2905   14.3822
    7.5000   22.5000   45.0000 6480.2827   14.3701
   -7.5000   30.0000   45.0000 6029.5859   14.0432
    0.0000   30.0000   45.0000 6109.0020   14.0389
    7.5000   30.0000   45.0000 5804.7720   14.0359
   -7.5000   37.5000   45.0000 5376.3364   13.9290
    0.0000   37.5000   45.0000 5438.7861   13.9232
    7.5000   37.5000   45.0000 5170.0513   13.9158
   -7.5000   45.0000   45.0000 4766.3457   13.9049
    0.0000   45.0000   45.0000 4825.0742   13.8885
    7.5000   45.0000   45.0000 4585.3267   13.8647

---------------------------------------------------------------------
imgreg_4dfp /opt/freesurfer/average/711-2C_as_mni_average_305 /opt/freesurfer/average/711-2B_as_mni_average_305_mask talsrcimg_g11 none talsrcimg_to_711-2C_as_mni_average_305_t4 4355
---------------------------------------------------------------------

freesurfer imgreg_4dfp.c
/opt/freesurfer/average/711-2C_as_mni_average_305.4dfp.img
       256       256       256         1
  1.000000  1.000000  1.000000
orientation T byte_order littleendian
Reading image: /opt/freesurfer/average/711-2C_as_mni_average_305.4dfp.img
dimensions:      256       256       256
mmppix:       1.0000   -1.0000   -1.0000
center:     128.0000 -129.0000 -129.0000
/opt/freesurfer/average/711-2B_as_mni_average_305_mask.4dfp.img
       256       256       256         1
  1.000000  1.000000  1.000000
orientation T byte_order littleendian
Reading mask: /opt/freesurfer/average/711-2B_as_mni_average_305_mask.4dfp.img (2306576 pixels)
talsrcimg_g11.4dfp.img
       256       256       256         1
  0.898438  0.898438  0.898438
orientation T byte_order littleendian
Reading image: talsrcimg_g11.4dfp.img
dimensions:      256       256       256
mmppix:       0.8984   -0.8984   -0.8984
center:     115.0001 -115.8985 -115.8985
rotation matrix determinant  1.000000
image alignment mode   4355 decimal     1103 hex
   -7.5000  -60.0000  -30.0000 2087.2141   13.1317
    0.0000  -60.0000  -30.0000 2108.2300   13.0124
    7.5000  -60.0000  -30.0000 2095.8098   13.1039
   -7.5000  -52.5000  -30.0000 2193.5898   12.0139
    0.0000  -52.5000  -30.0000 2223.2949   11.8946
    7.5000  -52.5000  -30.0000 2203.0278   11.9815
   -7.5000  -45.0000  -30.0000 2293.3440   11.3303
    0.0000  -45.0000  -30.0000 2323.0344   11.2120
    7.5000  -45.0000  -30.0000 2304.8247   11.2852
   -7.5000  -37.5000  -30.0000 2354.5854   10.7340
    0.0000  -37.5000  -30.0000 2380.9319   10.5972
    7.5000  -37.5000  -30.0000 2360.2273   10.6917
   -7.5000  -30.0000  -30.0000 2391.1902   10.3032
    0.0000  -30.0000  -30.0000 2418.4424   10.1708
    7.5000  -30.0000  -30.0000 2400.0305   10.2393
   -7.5000  -22.5000  -30.0000 2408.2061   10.1168
    0.0000  -22.5000  -30.0000 2433.6396    9.9693
    7.5000  -22.5000  -30.0000 2416.4873   10.0271
   -7.5000  -15.0000  -30.0000 2396.1558   10.1368
    0.0000  -15.0000  -30.0000 2430.9368    9.9861
    7.5000  -15.0000  -30.0000 2410.9077   10.0514
   -7.5000   -7.5000  -30.0000 2371.9949   10.3808
    0.0000   -7.5000  -30.0000 2407.6804   10.2215
    7.5000   -7.5000  -30.0000 2392.2815   10.2636
   -7.5000    0.0000  -30.0000 2328.2678   10.8877
    0.0000    0.0000  -30.0000 2362.9680   10.7098
    7.5000    0.0000  -30.0000 2347.4768   10.7312
   -7.5000    7.5000  -30.0000 2261.0693   11.6314
    0.0000    7.5000  -30.0000 2297.9971   11.4577
    7.5000    7.5000  -30.0000 2280.9592   11.4538
   -7.5000   15.0000  -30.0000 2174.4204   12.6166
    0.0000   15.0000  -30.0000 2206.6799   12.4593
    7.5000   15.0000  -30.0000 2190.7312   12.4746
   -7.5000   22.5000  -30.0000 2062.8333   13.9557
    0.0000   22.5000  -30.0000 2097.7458   13.7542
    7.5000   22.5000  -30.0000 2083.1367   13.7931
   -7.5000   30.0000  -30.0000 1941.3497   15.7389
    0.0000   30.0000  -30.0000 1972.6112   15.4899
    7.5000   30.0000  -30.0000 1962.3459   15.5299
   -7.5000  -60.0000  -22.5000 2192.9133   12.6159
    0.0000  -60.0000  -22.5000 2218.4192   12.4948
    7.5000  -60.0000  -22.5000 2200.6201   12.5882
   -7.5000  -52.5000  -22.5000 2301.4595   11.5201
    0.0000  -52.5000  -22.5000 2331.9282   11.3971
    7.5000  -52.5000  -22.5000 2310.8770   11.4688
   -7.5000  -45.0000  -22.5000 2403.5881   10.8703
    0.0000  -45.0000  -22.5000 2435.1792   10.7327
    7.5000  -45.0000  -22.5000 2415.7131   10.7981
   -7.5000  -37.5000  -22.5000 2469.8677   10.2708
    0.0000  -37.5000  -22.5000 2499.3772   10.1430
    7.5000  -37.5000  -22.5000 2485.7556   10.2062
   -7.5000  -30.0000  -22.5000 2522.8447    9.8448
    0.0000  -30.0000  -22.5000 2551.4458    9.6954
    7.5000  -30.0000  -22.5000 2540.9866    9.7752
   -7.5000  -22.5000  -22.5000 2555.2263    9.6467
    0.0000  -22.5000  -22.5000 2587.5396    9.4821
    7.5000  -22.5000  -22.5000 2570.3411    9.5619
   -7.5000  -15.0000  -22.5000 2551.8723    9.6687
    0.0000  -15.0000  -22.5000 2591.2847    9.5066
    7.5000  -15.0000  -22.5000 2570.0476    9.5861
   -7.5000   -7.5000  -22.5000 2524.5745    9.9377
    0.0000   -7.5000  -22.5000 2572.6792    9.7653
    7.5000   -7.5000  -22.5000 2548.1018    9.8258
   -7.5000    0.0000  -22.5000 2476.2930   10.4423
    0.0000    0.0000  -22.5000 2520.7332   10.2747
    7.5000    0.0000  -22.5000 2499.2119   10.2849
   -7.5000    7.5000  -22.5000 2395.0137   11.1523
    0.0000    7.5000  -22.5000 2434.5935   10.9670
    7.5000    7.5000  -22.5000 2418.7751   10.9697
   -7.5000   15.0000  -22.5000 2298.5396   12.1158
    0.0000   15.0000  -22.5000 2334.8708   11.9192
    7.5000   15.0000  -22.5000 2318.8855   11.9178
   -7.5000   22.5000  -22.5000 2180.8579   13.4270
    0.0000   22.5000  -22.5000 2217.5461   13.1875
    7.5000   22.5000  -22.5000 2204.7808   13.2083
   -7.5000   30.0000  -22.5000 2044.4797   15.1399
    0.0000   30.0000  -22.5000 2078.2930   14.8721
    7.5000   30.0000  -22.5000 2069.7708   14.8787
   -7.5000  -60.0000  -15.0000 2260.4004   12.0717
    0.0000  -60.0000  -15.0000 2281.9199   11.9400
    7.5000  -60.0000  -15.0000 2272.9802   12.0568
   -7.5000  -52.5000  -15.0000 2381.5713   11.0005
    0.0000  -52.5000  -15.0000 2405.2463   10.8590
    7.5000  -52.5000  -15.0000 2391.4937   10.9613
   -7.5000  -45.0000  -15.0000 2494.6633   10.3852
    0.0000  -45.0000  -15.0000 2525.5056   10.2334
    7.5000  -45.0000  -15.0000 2504.5020   10.3040
   -7.5000  -37.5000  -15.0000 2563.2544    9.8008
    0.0000  -37.5000  -15.0000 2598.6548    9.6612
    7.5000  -37.5000  -15.0000 2586.0020    9.7297
   -7.5000  -30.0000  -15.0000 2632.2734    9.3714
    0.0000  -30.0000  -15.0000 2664.5200    9.2438
    7.5000  -30.0000  -15.0000 2649.6819    9.3130
   -7.5000  -22.5000  -15.0000 2675.8120    9.1555
    0.0000  -22.5000  -15.0000 2713.4094    9.0064
    7.5000  -22.5000  -15.0000 2692.5647    9.0996
   -7.5000  -15.0000  -15.0000 2681.0498    9.1817
    0.0000  -15.0000  -15.0000 2722.0027    9.0389
    7.5000  -15.0000  -15.0000 2697.4192    9.1322
   -7.5000   -7.5000  -15.0000 2657.3296    9.4512
    0.0000   -7.5000  -15.0000 2707.8267    9.2945
    7.5000   -7.5000  -15.0000 2673.7542    9.3802
   -7.5000    0.0000  -15.0000 2596.7615    9.9396
    0.0000    0.0000  -15.0000 2644.7332    9.7747
    7.5000    0.0000  -15.0000 2617.8306    9.8349
   -7.5000    7.5000  -15.0000 2507.3440   10.6321
    0.0000    7.5000  -15.0000 2543.7065   10.4694
    7.5000    7.5000  -15.0000 2527.8591   10.4892
   -7.5000   15.0000  -15.0000 2395.0056   11.5867
    0.0000   15.0000  -15.0000 2427.9001   11.4054
    7.5000   15.0000  -15.0000 2415.7664   11.4279
   -7.5000   22.5000  -15.0000 2269.2153   12.8598
    0.0000   22.5000  -15.0000 2302.5232   12.6545
    7.5000   22.5000  -15.0000 2286.8481   12.6975
   -7.5000   30.0000  -15.0000 2125.4209   14.5046
    0.0000   30.0000  -15.0000 2157.8655   14.2895
    7.5000   30.0000  -15.0000 2142.1018   14.2800
   -7.5000  -60.0000   -7.5000 2295.9863   11.5659
    0.0000  -60.0000   -7.5000 2316.5090   11.4280
    7.5000  -60.0000   -7.5000 2300.7979   11.5382
   -7.5000  -52.5000   -7.5000 2420.1133   10.5096
    0.0000  -52.5000   -7.5000 2445.2722   10.3764
    7.5000  -52.5000   -7.5000 2429.5200   10.4657
   -7.5000  -45.0000   -7.5000 2543.8640    9.8672
    0.0000  -45.0000   -7.5000 2574.9026    9.7322
    7.5000  -45.0000   -7.5000 2558.4202    9.8204
   -7.5000  -37.5000   -7.5000 2634.7595    9.3287
    0.0000  -37.5000   -7.5000 2669.2231    9.1981
    7.5000  -37.5000   -7.5000 2655.5557    9.2667
   -7.5000  -30.0000   -7.5000 2710.5042    8.9218
    0.0000  -30.0000   -7.5000 2752.0442    8.8012
    7.5000  -30.0000   -7.5000 2732.2922    8.8689
   -7.5000  -22.5000   -7.5000 2759.6951    8.7132
    0.0000  -22.5000   -7.5000 2808.5496    8.5837
    7.5000  -22.5000   -7.5000 2779.4622    8.6654
   -7.5000  -15.0000   -7.5000 2774.6946    8.7210
    0.0000  -15.0000   -7.5000 2821.7786    8.5959
    7.5000  -15.0000   -7.5000 2789.7212    8.6910
   -7.5000   -7.5000   -7.5000 2741.5061    8.9548
    0.0000   -7.5000   -7.5000 2788.1436    8.8299
    7.5000   -7.5000   -7.5000 2759.3872    8.9208
   -7.5000    0.0000   -7.5000 2671.3628    9.4316
    0.0000    0.0000   -7.5000 2719.6826    9.2900
    7.5000    0.0000   -7.5000 2692.2915    9.3566
   -7.5000    7.5000   -7.5000 2573.1328   10.1233
    0.0000    7.5000   -7.5000 2609.6484    9.9715
    7.5000    7.5000   -7.5000 2593.1306   10.0375
   -7.5000   15.0000   -7.5000 2446.1685   11.0634
    0.0000   15.0000   -7.5000 2485.8044   10.9069
    7.5000   15.0000   -7.5000 2467.8438   10.9703
   -7.5000   22.5000   -7.5000 2315.0020   12.2838
    0.0000   22.5000   -7.5000 2346.7017   12.1228
    7.5000   22.5000   -7.5000 2327.8623   12.1849
   -7.5000   30.0000   -7.5000 2168.9365   13.8423
    0.0000   30.0000   -7.5000 2199.9294   13.6712
    7.5000   30.0000   -7.5000 2185.8232   13.7153
   -7.5000  -60.0000    0.0000 2322.8672   11.3048
    0.0000  -60.0000    0.0000 2348.5215   11.1940
    7.5000  -60.0000    0.0000 2328.6841   11.2933
   -7.5000  -52.5000    0.0000 2449.9753   10.2296
    0.0000  -52.5000    0.0000 2477.3586   10.1207
    7.5000  -52.5000    0.0000 2461.3601   10.1698
   -7.5000  -45.0000    0.0000 2584.7043    9.5790
    0.0000  -45.0000    0.0000 2613.6802    9.4637
    7.5000  -45.0000    0.0000 2600.2424    9.5364
   -7.5000  -37.5000    0.0000 2690.9507    9.0661
    0.0000  -37.5000    0.0000 2725.8291    8.9595
    7.5000  -37.5000    0.0000 2712.2847    9.0059
   -7.5000  -30.0000    0.0000 2786.2136    8.6958
    0.0000  -30.0000    0.0000 2839.3745    8.5906
    7.5000  -30.0000    0.0000 2810.3083    8.6503
   -7.5000  -22.5000    0.0000 2845.7930    8.4781
    0.0000  -22.5000    0.0000 2910.6992    8.3987
    7.5000  -22.5000    0.0000 2866.9854    8.4726
   -7.5000  -15.0000    0.0000 2862.0242    8.4619
    0.0000  -15.0000    0.0000 2918.3198    8.3732
    7.5000  -15.0000    0.0000 2877.0283    8.4480
   -7.5000   -7.5000    0.0000 2820.3484    8.6862
    0.0000   -7.5000    0.0000 2866.3911    8.5680
    7.5000   -7.5000    0.0000 2831.9893    8.6595
   -7.5000    0.0000    0.0000 2732.9141    9.1623
    0.0000    0.0000    0.0000 2781.2222    9.0052
    7.5000    0.0000    0.0000 2756.7944    9.0882
   -7.5000    7.5000    0.0000 2623.0288    9.8748
    0.0000    7.5000    0.0000 2664.9673    9.7003
    7.5000    7.5000    0.0000 2648.6350    9.7849
   -7.5000   15.0000    0.0000 2489.2708   10.8039
    0.0000   15.0000    0.0000 2530.3525   10.6321
    7.5000   15.0000    0.0000 2510.7861   10.7158
   -7.5000   22.5000    0.0000 2355.4692   12.0019
    0.0000   22.5000    0.0000 2391.6064   11.8208
    7.5000   22.5000    0.0000 2372.4646   11.9029
   -7.5000   30.0000    0.0000 2205.7363   13.4692
    0.0000   30.0000    0.0000 2241.5032   13.2954
    7.5000   30.0000    0.0000 2226.0942   13.3544
   -7.5000  -60.0000    7.5000 2338.0127   11.1061
    0.0000  -60.0000    7.5000 2363.0100   10.9881
    7.5000  -60.0000    7.5000 2340.4714   11.0872
   -7.5000  -52.5000    7.5000 2462.4470   10.0305
    0.0000  -52.5000    7.5000 2487.2373    9.9105
    7.5000  -52.5000    7.5000 2474.0188    9.9927
   -7.5000  -45.0000    7.5000 2597.4648    9.3731
    0.0000  -45.0000    7.5000 2629.2454    9.2700
    7.5000  -45.0000    7.5000 2617.2566    9.3134
   -7.5000  -37.5000    7.5000 2715.5725    8.8906
    0.0000  -37.5000    7.5000 2749.7578    8.7931
    7.5000  -37.5000    7.5000 2740.3325    8.8110
   -7.5000  -30.0000    7.5000 2822.5232    8.5906
    0.0000  -30.0000    7.5000 2885.3992    8.5389
    7.5000  -30.0000    7.5000 2851.2510    8.5235
   -7.5000  -22.5000    7.5000 2898.1692    8.4163
    0.0000  -22.5000    7.5000 2983.7339    8.3577
    7.5000  -22.5000    7.5000 2925.6584    8.3607
   -7.5000  -15.0000    7.5000 2917.5518    8.3754
    0.0000  -15.0000    7.5000 2991.1458    8.2824
    7.5000  -15.0000    7.5000 2930.3792    8.3224
   -7.5000   -7.5000    7.5000 2861.1870    8.5657
    0.0000   -7.5000    7.5000 2913.1562    8.4407
    7.5000   -7.5000    7.5000 2876.8330    8.4877
   -7.5000    0.0000    7.5000 2761.8313    8.9844
    0.0000    0.0000    7.5000 2812.3438    8.8304
    7.5000    0.0000    7.5000 2790.2400    8.8832
   -7.5000    7.5000    7.5000 2638.7886    9.6476
    0.0000    7.5000    7.5000 2686.9258    9.4797
    7.5000    7.5000    7.5000 2668.4038    9.5371
   -7.5000   15.0000    7.5000 2505.5173   10.5582
    0.0000   15.0000    7.5000 2547.7979   10.3988
    7.5000   15.0000    7.5000 2530.7288   10.4370
   -7.5000   22.5000    7.5000 2363.6311   11.7210
    0.0000   22.5000    7.5000 2400.0659   11.5687
    7.5000   22.5000    7.5000 2385.3054   11.5909
   -7.5000   30.0000    7.5000 2215.5432   13.1905
    0.0000   30.0000    7.5000 2252.1580   13.0246
    7.5000   30.0000    7.5000 2239.6211   13.0263
   -7.5000  -60.0000   15.0000 2344.3127   11.0362
    0.0000  -60.0000   15.0000 2372.3848   10.9142
    7.5000  -60.0000   15.0000 2346.0442   11.0231
   -7.5000  -52.5000   15.0000 2467.7749    9.9824
    0.0000  -52.5000   15.0000 2498.4004    9.8639
    7.5000  -52.5000   15.0000 2480.4238    9.9444
   -7.5000  -45.0000   15.0000 2602.8516    9.3524
    0.0000  -45.0000   15.0000 2637.8840    9.2492
    7.5000  -45.0000   15.0000 2623.8464    9.2741
   -7.5000  -37.5000   15.0000 2721.6387    8.8623
    0.0000  -37.5000   15.0000 2765.5769    8.7855
    7.5000  -37.5000   15.0000 2748.6865    8.7795
   -7.5000  -30.0000   15.0000 2829.1924    8.5633
    0.0000  -30.0000   15.0000 2893.7385    8.5503
    7.5000  -30.0000   15.0000 2858.9636    8.4948
   -7.5000  -22.5000   15.0000 2900.4871    8.4124
    0.0000  -22.5000   15.0000 2986.3411    8.3924
    7.5000  -22.5000   15.0000 2929.3850    8.3432
   -7.5000  -15.0000   15.0000 2914.5679    8.4110
    0.0000  -15.0000   15.0000 2994.9146    8.3228
    7.5000  -15.0000   15.0000 2930.2178    8.3414
   -7.5000   -7.5000   15.0000 2858.5500    8.5882
    0.0000   -7.5000   15.0000 2919.2732    8.4784
    7.5000   -7.5000   15.0000 2877.7881    8.5055
   -7.5000    0.0000   15.0000 2760.9573    8.9499
    0.0000    0.0000   15.0000 2810.9922    8.8047
    7.5000    0.0000   15.0000 2788.8186    8.8473
   -7.5000    7.5000   15.0000 2637.6111    9.5684
    0.0000    7.5000   15.0000 2681.0308    9.4034
    7.5000    7.5000   15.0000 2668.9604    9.4523
   -7.5000   15.0000   15.0000 2503.9451   10.4279
    0.0000   15.0000   15.0000 2540.5713   10.2502
    7.5000   15.0000   15.0000 2528.5928   10.2977
   -7.5000   22.5000   15.0000 2360.4270   11.5596
    0.0000   22.5000   15.0000 2396.0054   11.3734
    7.5000   22.5000   15.0000 2386.5928   11.4274
   -7.5000   30.0000   15.0000 2208.8467   13.0107
    0.0000   30.0000   15.0000 2245.5791   12.8315
    7.5000   30.0000   15.0000 2234.9973   12.8510
   -7.5000  -60.0000   22.5000 2335.0247   11.2384
    0.0000  -60.0000   22.5000 2361.5298   11.0926
    7.5000  -60.0000   22.5000 2335.5393   11.2337
   -7.5000  -52.5000   22.5000 2459.3345   10.1846
    0.0000  -52.5000   22.5000 2489.9041   10.0525
    7.5000  -52.5000   22.5000 2469.0759   10.1604
   -7.5000  -45.0000   22.5000 2592.3513    9.5567
    0.0000  -45.0000   22.5000 2630.0703    9.4235
    7.5000  -45.0000   22.5000 2606.8115    9.5149
   -7.5000  -37.5000   22.5000 2707.4141    9.0457
    0.0000  -37.5000   22.5000 2749.9395    8.9487
    7.5000  -37.5000   22.5000 2727.4963    8.9916
   -7.5000  -30.0000   22.5000 2802.3665    8.6803
    0.0000  -30.0000   22.5000 2859.0754    8.6069
    7.5000  -30.0000   22.5000 2829.3191    8.6322
   -7.5000  -22.5000   22.5000 2857.8367    8.4913
    0.0000  -22.5000   22.5000 2920.3826    8.3915
    7.5000  -22.5000   22.5000 2883.7166    8.4384
   -7.5000  -15.0000   22.5000 2865.6526    8.5160
    0.0000  -15.0000   22.5000 2922.5166    8.4015
    7.5000  -15.0000   22.5000 2885.1360    8.4730
   -7.5000   -7.5000   22.5000 2814.7964    8.7453
    0.0000   -7.5000   22.5000 2865.8750    8.6319
    7.5000   -7.5000   22.5000 2833.5063    8.6873
   -7.5000    0.0000   22.5000 2724.2764    9.1366
    0.0000    0.0000   22.5000 2764.5312    9.0085
    7.5000    0.0000   22.5000 2744.4868    9.0473
   -7.5000    7.5000   22.5000 2604.6162    9.7260
    0.0000    7.5000   22.5000 2642.7625    9.5662
    7.5000    7.5000   22.5000 2632.4585    9.6083
   -7.5000   15.0000   22.5000 2480.7974   10.5256
    0.0000   15.0000   22.5000 2512.2563   10.3350
    7.5000   15.0000   22.5000 2500.9951   10.3842
   -7.5000   22.5000   22.5000 2340.1201   11.5518
    0.0000   22.5000   22.5000 2374.0879   11.3697
    7.5000   22.5000   22.5000 2360.5791   11.4154
   -7.5000   30.0000   22.5000 2188.7058   12.9450
    0.0000   30.0000   22.5000 2220.5039   12.7579
    7.5000   30.0000   22.5000 2208.4805   12.7974
   -7.5000  -60.0000   30.0000 2314.6584   11.5808
    0.0000  -60.0000   30.0000 2339.9653   11.4110
    7.5000  -60.0000   30.0000 2315.5488   11.6033
   -7.5000  -52.5000   30.0000 2439.7424   10.5438
    0.0000  -52.5000   30.0000 2470.9277   10.3822
    7.5000  -52.5000   30.0000 2446.8296   10.5366
   -7.5000  -45.0000   30.0000 2567.8884    9.9154
    0.0000  -45.0000   30.0000 2605.4075    9.7610
    7.5000  -45.0000   30.0000 2579.6897    9.8969
   -7.5000  -37.5000   30.0000 2676.2915    9.3771
    0.0000  -37.5000   30.0000 2716.0396    9.2362
    7.5000  -37.5000   30.0000 2691.4592    9.3334
   -7.5000  -30.0000   30.0000 2757.4180    8.9829
    0.0000  -30.0000   30.0000 2805.2495    8.8282
    7.5000  -30.0000   30.0000 2779.3303    8.9110
   -7.5000  -22.5000   30.0000 2794.3560    8.7702
    0.0000  -22.5000   30.0000 2850.3057    8.5906
    7.5000  -22.5000   30.0000 2821.7271    8.6955
   -7.5000  -15.0000   30.0000 2797.4111    8.7558
    0.0000  -15.0000   30.0000 2849.0620    8.5953
    7.5000  -15.0000   30.0000 2820.1826    8.6926
   -7.5000   -7.5000   30.0000 2750.8674    8.9986
    0.0000   -7.5000   30.0000 2793.8521    8.8349
    7.5000   -7.5000   30.0000 2768.2827    8.9295
   -7.5000    0.0000   30.0000 2662.5273    9.4348
    0.0000    0.0000   30.0000 2698.6909    9.2592
    7.5000    0.0000   30.0000 2685.4431    9.3314
   -7.5000    7.5000   30.0000 2554.3547   10.0401
    0.0000    7.5000   30.0000 2591.9478    9.8574
    7.5000    7.5000   30.0000 2578.6650    9.9113
   -7.5000   15.0000   30.0000 2437.9460   10.8010
    0.0000   15.0000   30.0000 2472.5664   10.6132
    7.5000   15.0000   30.0000 2456.9595   10.6553
   -7.5000   22.5000   30.0000 2300.1716   11.7704
    0.0000   22.5000   30.0000 2333.7488   11.5876
    7.5000   22.5000   30.0000 2320.1172   11.6222
   -7.5000   30.0000   30.0000 2146.8931   13.1248
    0.0000   30.0000   30.0000 2176.2959   12.9168
    7.5000   30.0000   30.0000 2166.7170   12.9521
   -7.5000  -60.0000   37.5000 2281.5500   12.0621
    0.0000  -60.0000   37.5000 2310.4878   11.8708
    7.5000  -60.0000   37.5000 2284.7034   12.1023
   -7.5000  -52.5000   37.5000 2405.4297   10.9953
    0.0000  -52.5000   37.5000 2437.1819   10.8100
    7.5000  -52.5000   37.5000 2412.2549   10.9952
   -7.5000  -45.0000   37.5000 2531.8557   10.3654
    0.0000  -45.0000   37.5000 2573.4343   10.1968
    7.5000  -45.0000   37.5000 2547.6990   10.3339
   -7.5000  -37.5000   37.5000 2629.2720    9.8204
    0.0000  -37.5000   37.5000 2672.6726    9.6433
    7.5000  -37.5000   37.5000 2648.2808    9.7599
   -7.5000  -30.0000   37.5000 2694.5388    9.4029
    0.0000  -30.0000   37.5000 2744.4387    9.2044
    7.5000  -30.0000   37.5000 2724.0999    9.3157
   -7.5000  -22.5000   37.5000 2729.3955    9.1694
    0.0000  -22.5000   37.5000 2772.0623    8.9914
    7.5000  -22.5000   37.5000 2749.0066    9.0984
   -7.5000  -15.0000   37.5000 2715.3821    9.1641
    0.0000  -15.0000   37.5000 2757.9026    8.9946
    7.5000  -15.0000   37.5000 2735.3479    9.0860
   -7.5000   -7.5000   37.5000 2663.1860    9.4041
    0.0000   -7.5000   37.5000 2704.0840    9.2404
    7.5000   -7.5000   37.5000 2687.0945    9.3135
   -7.5000    0.0000   37.5000 2589.1689    9.8394
    0.0000    0.0000   37.5000 2618.0327    9.6545
    7.5000    0.0000   37.5000 2607.4729    9.7197
   -7.5000    7.5000   37.5000 2489.0659   10.4276
    0.0000    7.5000   37.5000 2523.6125   10.2371
    7.5000    7.5000   37.5000 2513.5464   10.2918
   -7.5000   15.0000   37.5000 2377.9927   11.1738
    0.0000   15.0000   37.5000 2413.3687   10.9832
    7.5000   15.0000   37.5000 2401.7439   11.0309
   -7.5000   22.5000   37.5000 2242.4929   12.1609
    0.0000   22.5000   37.5000 2279.0837   11.9576
    7.5000   22.5000   37.5000 2264.9832   12.0011
   -7.5000   30.0000   37.5000 2096.1199   13.5198
    0.0000   30.0000   37.5000 2123.4658   13.3061
    7.5000   30.0000   37.5000 2114.5911   13.3491
   -7.5000  -60.0000   45.0000 2221.4983   12.6446
    0.0000  -60.0000   45.0000 2251.4727   12.4375
    7.5000  -60.0000   45.0000 2225.8372   12.6752
   -7.5000  -52.5000   45.0000 2338.2820   11.5331
    0.0000  -52.5000   45.0000 2370.3601   11.3311
    7.5000  -52.5000   45.0000 2346.2805   11.5277
   -7.5000  -45.0000   45.0000 2456.3777   10.8622
    0.0000  -45.0000   45.0000 2495.3337   10.6615
    7.5000  -45.0000   45.0000 2474.6113   10.8311
   -7.5000  -37.5000   45.0000 2534.8882   10.3117
    0.0000  -37.5000   45.0000 2584.2388   10.1152
    7.5000  -37.5000   45.0000 2563.2964   10.2500
   -7.5000  -30.0000   45.0000 2596.2461    9.9059
    0.0000  -30.0000   45.0000 2645.3818    9.7078
    7.5000  -30.0000   45.0000 2624.4585    9.8202
   -7.5000  -22.5000   45.0000 2623.0500    9.6697
    0.0000  -22.5000   45.0000 2668.7156    9.5033
    7.5000  -22.5000   45.0000 2643.6265    9.6139
   -7.5000  -15.0000   45.0000 2606.8706    9.6667
    0.0000  -15.0000   45.0000 2646.5793    9.5063
    7.5000  -15.0000   45.0000 2624.5947    9.5945
   -7.5000   -7.5000   45.0000 2558.0857    9.9040
    0.0000   -7.5000   45.0000 2594.6487    9.7323
    7.5000   -7.5000   45.0000 2576.2917    9.8062
   -7.5000    0.0000   45.0000 2487.4189   10.3299
    0.0000    0.0000   45.0000 2513.3806   10.1260
    7.5000    0.0000   45.0000 2502.3379   10.1929
   -7.5000    7.5000   45.0000 2399.5745   10.8764
    0.0000    7.5000   45.0000 2429.2620   10.6725
    7.5000    7.5000   45.0000 2419.9092   10.7098
   -7.5000   15.0000   45.0000 2289.3181   11.6264
    0.0000   15.0000   45.0000 2323.3455   11.4103
    7.5000   15.0000   45.0000 2311.8101   11.4427
   -7.5000   22.5000   45.0000 2158.1406   12.6340
    0.0000   22.5000   45.0000 2191.9004   12.4267
    7.5000   22.5000   45.0000 2180.9927   12.4815
   -7.5000   30.0000   45.0000 2014.2288   14.0282
    0.0000   30.0000   45.0000 2039.7063   13.7960
    7.5000   30.0000   45.0000 2031.7716   13.8472
   -7.5000  -60.0000   52.5000 2136.7449   13.2386
    0.0000  -60.0000   52.5000 2167.8879   13.0510
    7.5000  -60.0000   52.5000 2139.9834   13.2660
   -7.5000  -52.5000   52.5000 2244.6838   12.0897
    0.0000  -52.5000   52.5000 2279.6348   11.9031
    7.5000  -52.5000   52.5000 2255.1509   12.0761
   -7.5000  -45.0000   52.5000 2350.8545   11.3908
    0.0000  -45.0000   52.5000 2391.2329   11.1810
    7.5000  -45.0000   52.5000 2369.8857   11.3397
   -7.5000  -37.5000   52.5000 2417.7847   10.8451
    0.0000  -37.5000   52.5000 2466.0747   10.6398
    7.5000  -37.5000   52.5000 2446.4531   10.7582
   -7.5000  -30.0000   52.5000 2466.0823   10.4319
    0.0000  -30.0000   52.5000 2510.6404   10.2439
    7.5000  -30.0000   52.5000 2492.3323   10.3561
   -7.5000  -22.5000   52.5000 2483.9382   10.1864
    0.0000  -22.5000   52.5000 2524.1155   10.0377
    7.5000  -22.5000   52.5000 2505.5757   10.1385
   -7.5000  -15.0000   52.5000 2480.3784   10.1653
    0.0000  -15.0000   52.5000 2514.8337   10.0265
    7.5000  -15.0000   52.5000 2496.0474   10.1152
   -7.5000   -7.5000   52.5000 2435.1245   10.3899
    0.0000   -7.5000   52.5000 2476.8704   10.2416
    7.5000   -7.5000   52.5000 2457.7991   10.3261
   -7.5000    0.0000   52.5000 2366.4473   10.8278
    0.0000    0.0000   52.5000 2402.8813   10.6302
    7.5000    0.0000   52.5000 2385.0388   10.7010
   -7.5000    7.5000   52.5000 2284.8313   11.3772
    0.0000    7.5000   52.5000 2317.6611   11.1660
    7.5000    7.5000   52.5000 2303.1716   11.2009
   -7.5000   15.0000   52.5000 2179.3748   12.1121
    0.0000   15.0000   52.5000 2212.7476   11.9157
    7.5000   15.0000   52.5000 2200.8335   11.9113
   -7.5000   22.5000   52.5000 2052.6565   13.1207
    0.0000   22.5000   52.5000 2083.7310   12.9445
    7.5000   22.5000   52.5000 2071.5051   12.9668
   -7.5000   30.0000   52.5000 1919.5178   14.5633
    0.0000   30.0000   52.5000 1945.1335   14.3593
    7.5000   30.0000   52.5000 1933.7645   14.3605
   -7.5000  -60.0000   60.0000 2074.1328   14.2949
    0.0000  -60.0000   60.0000 2107.4175   14.1016
    7.5000  -60.0000   60.0000 2078.3367   14.3138
   -7.5000  -52.5000   60.0000 2173.8169   13.0377
    0.0000  -52.5000   60.0000 2209.1882   12.8709
    7.5000  -52.5000   60.0000 2183.4814   13.0362
   -7.5000  -45.0000   60.0000 2272.4048   12.3241
    0.0000  -45.0000   60.0000 2311.6550   12.1331
    7.5000  -45.0000   60.0000 2292.1255   12.2719
   -7.5000  -37.5000   60.0000 2329.0703   11.7289
    0.0000  -37.5000   60.0000 2372.9731   11.5571
    7.5000  -37.5000   60.0000 2354.9172   11.6482
   -7.5000  -30.0000   60.0000 2368.4912   11.2758
    0.0000  -30.0000   60.0000 2409.9849   11.1502
    7.5000  -30.0000   60.0000 2392.5063   11.2131
   -7.5000  -22.5000   60.0000 2382.0623   11.0152
    0.0000  -22.5000   60.0000 2414.0569   10.8809
    7.5000  -22.5000   60.0000 2404.9338   10.9502
   -7.5000  -15.0000   60.0000 2374.1760   10.9737
    0.0000  -15.0000   60.0000 2404.8865   10.8349
    7.5000  -15.0000   60.0000 2393.0442   10.9337
   -7.5000   -7.5000   60.0000 2337.9351   11.1866
    0.0000   -7.5000   60.0000 2376.3979   11.0216
    7.5000   -7.5000   60.0000 2357.3894   11.1122
   -7.5000    0.0000   60.0000 2274.6470   11.6247
    0.0000    0.0000   60.0000 2314.4573   11.4296
    7.5000    0.0000   60.0000 2293.7791   11.4921
   -7.5000    7.5000   60.0000 2192.6768   12.2052
    0.0000    7.5000   60.0000 2225.9434   12.0077
    7.5000    7.5000   60.0000 2212.1106   12.0159
   -7.5000   15.0000   60.0000 2094.7668   12.9479
    0.0000   15.0000   60.0000 2122.1123   12.7707
    7.5000   15.0000   60.0000 2111.1892   12.7665
   -7.5000   22.5000   60.0000 1973.0353   13.9981
    0.0000   22.5000   60.0000 2002.0132   13.8384
    7.5000   22.5000   60.0000 1991.9324   13.8534
   -7.5000   30.0000   60.0000 1851.4166   15.5058
    0.0000   30.0000   60.0000 1874.3411   15.2920
    7.5000   30.0000   60.0000 1866.7720   15.3160

---------------------------------------------------------------------
imgreg_4dfp /opt/freesurfer/average/711-2C_as_mni_average_305 /opt/freesurfer/average/711-2B_as_mni_average_305_mask talsrcimg_g11 none talsrcimg_to_711-2C_as_mni_average_305_t4 1283
---------------------------------------------------------------------

freesurfer imgreg_4dfp.c
/opt/freesurfer/average/711-2C_as_mni_average_305.4dfp.img
       256       256       256         1
  1.000000  1.000000  1.000000
orientation T byte_order littleendian
Reading image: /opt/freesurfer/average/711-2C_as_mni_average_305.4dfp.img
dimensions:      256       256       256
mmppix:       1.0000   -1.0000   -1.0000
center:     128.0000 -129.0000 -129.0000
/opt/freesurfer/average/711-2B_as_mni_average_305_mask.4dfp.img
       256       256       256         1
  1.000000  1.000000  1.000000
orientation T byte_order littleendian
Reading mask: /opt/freesurfer/average/711-2B_as_mni_average_305_mask.4dfp.img (2306576 pixels)
talsrcimg_g11.4dfp.img
       256       256       256         1
  0.898438  0.898438  0.898438
orientation T byte_order littleendian
Reading image: talsrcimg_g11.4dfp.img
dimensions:      256       256       256
mmppix:       0.8984   -0.8984   -0.8984
center:     115.0001 -115.8985 -115.8985
rotation matrix determinant  1.000000
fimgreg.f
image alignment mode   1283 decimal      503 hex
parameters
    0.0000  -15.0000   15.0000    0.0000    0.0000    0.0000
eta,q 0.93804  8.36595
niter,ni,del,rscale     5    3   12.0000    1.2000
parameter  2  0.510814 ->  0.500000 qaram    1.1500
parameter  3  0.920627 ->  0.500000 qaram    1.1500
parameter  6  0.581412 ->  0.500000 qaram    1.1500
parameters
    0.6277  -18.4500   11.5500    2.3734   -0.7362   -3.4500
eta,q 0.94814  8.26588
  0.0805  0.0634  0.0551  0.0666  0.0607  0.0527
  0.0712  0.0604  0.0542  0.0621  0.0563  0.0518
  0.0647  0.0602  0.0563  0.0576  0.0540  0.0522
  0.0626  0.0628  0.0601  0.0546  0.0536  0.0535
  0.0639  0.0676  0.0648  0.0536  0.0558  0.0566
  0.0671  0.0727  0.0706  0.0544  0.0597  0.0617
  0.0740  0.0790  0.0774  0.0564  0.0645  0.0670
niter,ni,del,rscale     7    3   12.0000    1.2000
parameters
    0.5806  -18.3685   11.5960    2.5339   -0.1915   -3.4776
eta,q 0.94843  8.26367
  0.0714  0.0656  0.0672  0.0598  0.0628  0.0602
  0.0610  0.0600  0.0582  0.0557  0.0576  0.0553
  0.0536  0.0544  0.0522  0.0530  0.0537  0.0520
  0.0519  0.0518  0.0518  0.0519  0.0518  0.0516
  0.0546  0.0529  0.0548  0.0526  0.0517  0.0526
  0.0618  0.0579  0.0591  0.0556  0.0545  0.0551
  0.0715  0.0666  0.0651  0.0587  0.0600  0.0603
niter,ni,del,rscale     6    3   12.0000    1.2000
parameters
    0.4891  -18.4154   11.6620    2.6313   -0.0935   -3.4956
eta,q 0.94845  8.26468
  0.0712  0.0652  0.0670  0.0593  0.0615  0.0602
  0.0606  0.0595  0.0580  0.0554  0.0565  0.0552
  0.0533  0.0539  0.0520  0.0527  0.0530  0.0519
  0.0516  0.0515  0.0516  0.0516  0.0516  0.0515
  0.0545  0.0528  0.0545  0.0525  0.0521  0.0526
  0.0621  0.0582  0.0588  0.0555  0.0557  0.0550
  0.0717  0.0671  0.0648  0.0586  0.0614  0.0602
niter,ni,del,rscale     5    3   12.0000    1.2000
parameters
    0.4590  -18.4542   11.6910    2.6913   -0.0600   -3.5053
eta,q 0.94845  8.26519
  0.0715  0.0653  0.0668  0.0591  0.0613  0.0602
  0.0609  0.0595  0.0578  0.0553  0.0563  0.0552
  0.0534  0.0539  0.0520  0.0526  0.0530  0.0518
  0.0515  0.0515  0.0515  0.0516  0.0516  0.0516
  0.0543  0.0527  0.0545  0.0526  0.0521  0.0526
  0.0617  0.0581  0.0588  0.0555  0.0559  0.0550
  0.0713  0.0671  0.0649  0.0585  0.0616  0.0602
registration optimization eta report
parameter search radius
    6.0000    6.9000    6.9000    6.0000    6.0000    6.9000
100000*second partial in parameter space
       55.       31.       30.       20.       28.       19.
  0.0715  0.0653  0.0668  0.0591  0.0613  0.0602
  0.0609  0.0595  0.0578  0.0553  0.0563  0.0552
  0.0534  0.0539  0.0520  0.0526  0.0530  0.0518
  0.0515  0.0515  0.0515  0.0516  0.0516  0.0516
  0.0543  0.0527  0.0545  0.0526  0.0521  0.0526
  0.0617  0.0581  0.0588  0.0555  0.0559  0.0550
  0.0713  0.0671  0.0649  0.0585  0.0616  0.0602
    0.4590  -18.4542   11.6910    2.6913   -0.0600   -3.5053
eta,q 0.94845  8.26519

---------------------------------------------------------------------
imgreg_4dfp /opt/freesurfer/average/711-2C_as_mni_average_305 /opt/freesurfer/average/711-2B_as_mni_average_305_mask talsrcimg_g11 none talsrcimg_to_711-2C_as_mni_average_305_t4 3335
---------------------------------------------------------------------

freesurfer imgreg_4dfp.c
/opt/freesurfer/average/711-2C_as_mni_average_305.4dfp.img
       256       256       256         1
  1.000000  1.000000  1.000000
orientation T byte_order littleendian
Reading image: /opt/freesurfer/average/711-2C_as_mni_average_305.4dfp.img
dimensions:      256       256       256
mmppix:       1.0000   -1.0000   -1.0000
center:     128.0000 -129.0000 -129.0000
/opt/freesurfer/average/711-2B_as_mni_average_305_mask.4dfp.img
       256       256       256         1
  1.000000  1.000000  1.000000
orientation T byte_order littleendian
Reading mask: /opt/freesurfer/average/711-2B_as_mni_average_305_mask.4dfp.img (2306576 pixels)
talsrcimg_g11.4dfp.img
       256       256       256         1
  0.898438  0.898438  0.898438
orientation T byte_order littleendian
Reading image: talsrcimg_g11.4dfp.img
dimensions:      256       256       256
mmppix:       0.8984   -0.8984   -0.8984
center:     115.0001 -115.8985 -115.8985
fimgreg.f
image alignment mode   3335 decimal      D07 hex
parameters
    0.4590  -18.4542   11.6910   -0.1871   -0.2975   -0.1103
    6.1122   -0.1827   -6.1140   -4.6930   -0.1046    4.6954
eta,q 0.94779  8.33320
niter,ni,del,rscale     5    3    5.0000    1.2000
parameter  4  0.943657 ->  0.500000 qaram    1.1500
parameter  5  3.400782 ->  0.500000 qaram    1.1500
parameter  6  0.865270 ->  0.500000 qaram    1.1500
parameters
    0.3431  -18.1396   11.8016   -4.3271   -4.4375   -4.2503
    5.8109    0.3011   -4.9378   -4.1745    0.0960    3.6657
eta,q 0.95791  7.92632
  0.0552  0.0544  0.0544  0.0496  0.0417  0.0419  0.0448  0.0481  0.0452  0.0467  0.0438  0.0432
  0.0534  0.0533  0.0532  0.0498  0.0440  0.0421  0.0433  0.0452  0.0438  0.0446  0.0428  0.0425
  0.0524  0.0526  0.0524  0.0506  0.0468  0.0430  0.0424  0.0431  0.0428  0.0429  0.0423  0.0421
  0.0522  0.0522  0.0521  0.0521  0.0499  0.0447  0.0422  0.0422  0.0422  0.0421  0.0421  0.0421
  0.0527  0.0521  0.0523  0.0543  0.0533  0.0475  0.0427  0.0426  0.0422  0.0424  0.0423  0.0424
  0.0539  0.0525  0.0530  0.0571  0.0568  0.0511  0.0437  0.0443  0.0428  0.0437  0.0428  0.0431
  0.0558  0.0536  0.0541  0.0605  0.0609  0.0554  0.0451  0.0467  0.0438  0.0457  0.0435  0.0442
niter,ni,del,rscale     7    3    5.0000    1.2000
parameter  4  0.500895 ->  0.500000 qaram    1.3225
parameter  5  1.832559 ->  0.500000 qaram    1.3225
parameter  6  0.511938 ->  0.500000 qaram    1.3225
parameters
    0.4244  -18.8194   11.2493   -9.0881   -9.1985   -9.0113
    5.5599    0.4493   -4.9416   -4.1239    0.2278    4.4067
eta,q 0.96404  7.32519
  0.0462  0.0433  0.0431  0.0415  0.0350  0.0364  0.0388  0.0413  0.0383  0.0396  0.0374  0.0377
  0.0440  0.0423  0.0421  0.0412  0.0363  0.0360  0.0373  0.0386  0.0370  0.0376  0.0367  0.0368
  0.0426  0.0419  0.0417  0.0414  0.0384  0.0362  0.0363  0.0367  0.0362  0.0364  0.0362  0.0363
  0.0421  0.0421  0.0418  0.0417  0.0413  0.0368  0.0360  0.0360  0.0360  0.0360  0.0360  0.0360
  0.0424  0.0430  0.0425  0.0427  0.0449  0.0382  0.0364  0.0366  0.0363  0.0363  0.0361  0.0360
  0.0436  0.0445  0.0436  0.0449  0.0486  0.0409  0.0376  0.0383  0.0370  0.0376  0.0366  0.0364
  0.0457  0.0465  0.0451  0.0479  0.0525  0.0448  0.0392  0.0409  0.0383  0.0396  0.0373  0.0371
niter,ni,del,rscale     7    3    5.0000    1.2000
parameter  5  0.843187 ->  0.500000 qaram    1.5209
parameters
    0.4079  -19.1528   11.0708   -9.1881  -14.6736   -9.5793
    5.4637    0.4814   -5.1744   -4.1946    0.4750    5.2327
eta,q 0.96680  7.05928
  0.0396  0.0380  0.0375  0.0390  0.0331  0.0372  0.0363  0.0384  0.0352  0.0367  0.0349  0.0353
  0.0376  0.0366  0.0366  0.0370  0.0332  0.0349  0.0346  0.0358  0.0341  0.0347  0.0340  0.0342
  0.0364  0.0359  0.0360  0.0359  0.0339  0.0335  0.0336  0.0339  0.0334  0.0335  0.0335  0.0335
  0.0360  0.0360  0.0359  0.0359  0.0359  0.0333  0.0332  0.0332  0.0332  0.0332  0.0332  0.0332
  0.0364  0.0366  0.0362  0.0364  0.0387  0.0340  0.0336  0.0339  0.0335  0.0337  0.0334  0.0333
  0.0377  0.0378  0.0369  0.0371  0.0425  0.0356  0.0348  0.0357  0.0343  0.0350  0.0339  0.0338
  0.0397  0.0395  0.0381  0.0390  0.0468  0.0382  0.0364  0.0383  0.0355  0.0367  0.0347  0.0345
niter,ni,del,rscale     7    3    5.0000    1.2000
parameters
    0.3645  -19.0771   11.4283   -9.2712  -18.3555   -9.6561
    5.4567    0.3706   -5.2316   -4.0648    0.2496    6.1332
eta,q 0.96713  6.89016
  0.0369  0.0363  0.0358  0.0364  0.0346  0.0372  0.0359  0.0378  0.0349  0.0365  0.0343  0.0347
  0.0348  0.0346  0.0345  0.0344  0.0334  0.0349  0.0342  0.0352  0.0338  0.0344  0.0335  0.0337
  0.0336  0.0335  0.0336  0.0332  0.0329  0.0334  0.0332  0.0334  0.0331  0.0331  0.0330  0.0331
  0.0332  0.0332  0.0332  0.0332  0.0331  0.0329  0.0329  0.0329  0.0329  0.0328  0.0329  0.0329
  0.0337  0.0335  0.0332  0.0338  0.0346  0.0334  0.0332  0.0336  0.0331  0.0334  0.0331  0.0330
  0.0350  0.0344  0.0337  0.0345  0.0374  0.0350  0.0343  0.0355  0.0338  0.0345  0.0336  0.0334
  0.0372  0.0358  0.0346  0.0364  0.0414  0.0373  0.0359  0.0381  0.0349  0.0359  0.0345  0.0339
niter,ni,del,rscale     6    3    5.0000    1.2000
parameters
    0.3429  -18.9524   11.6093   -9.7545  -19.1233   -9.6714
    5.4885    0.3113   -5.1026   -3.9857   -0.0555    6.3694
eta,q 0.96718  6.83483
  0.0365  0.0358  0.0350  0.0360  0.0360  0.0371  0.0358  0.0379  0.0349  0.0363  0.0342  0.0342
  0.0345  0.0342  0.0339  0.0340  0.0343  0.0348  0.0342  0.0352  0.0338  0.0342  0.0334  0.0334
  0.0333  0.0332  0.0332  0.0328  0.0332  0.0333  0.0332  0.0334  0.0331  0.0330  0.0329  0.0329
  0.0329  0.0329  0.0329  0.0329  0.0328  0.0328  0.0328  0.0328  0.0328  0.0328  0.0328  0.0328
  0.0333  0.0331  0.0330  0.0337  0.0332  0.0333  0.0331  0.0336  0.0330  0.0334  0.0330  0.0330
  0.0346  0.0339  0.0335  0.0345  0.0346  0.0348  0.0342  0.0354  0.0337  0.0344  0.0336  0.0334
  0.0367  0.0352  0.0344  0.0363  0.0375  0.0371  0.0358  0.0380  0.0348  0.0358  0.0344  0.0340
niter,ni,del,rscale     5    3    5.0000    1.2000
parameters
    0.3258  -18.9080   11.6069   -9.8869  -19.2532   -9.7286
    5.4973    0.2987   -4.9453   -3.9333   -0.2167    6.4103
eta,q 0.96719  6.82082
  0.0365  0.0355  0.0346  0.0363  0.0363  0.0370  0.0358  0.0379  0.0349  0.0362  0.0342  0.0341
  0.0345  0.0340  0.0336  0.0342  0.0346  0.0348  0.0342  0.0353  0.0338  0.0342  0.0334  0.0333
  0.0332  0.0331  0.0330  0.0329  0.0333  0.0333  0.0332  0.0334  0.0331  0.0330  0.0329  0.0329
  0.0328  0.0328  0.0328  0.0328  0.0328  0.0328  0.0328  0.0328  0.0328  0.0328  0.0328  0.0328
  0.0333  0.0331  0.0330  0.0336  0.0330  0.0333  0.0331  0.0335  0.0330  0.0334  0.0330  0.0330
  0.0346  0.0340  0.0336  0.0345  0.0343  0.0348  0.0342  0.0353  0.0337  0.0344  0.0335  0.0334
  0.0366  0.0352  0.0345  0.0362  0.0368  0.0371  0.0358  0.0379  0.0347  0.0357  0.0344  0.0340
niter,ni,del,rscale     4    3    5.0000    1.2000
parameters
    0.3155  -18.8777   11.5857   -9.9252  -19.3059   -9.7735
    5.4920    0.2917   -4.8512   -3.8833   -0.2936    6.4160
eta,q 0.96719  6.81482
  0.0365  0.0354  0.0345  0.0364  0.0363  0.0370  0.0358  0.0379  0.0349  0.0361  0.0343  0.0341
  0.0345  0.0339  0.0335  0.0343  0.0346  0.0348  0.0342  0.0353  0.0338  0.0342  0.0334  0.0333
  0.0332  0.0331  0.0330  0.0329  0.0334  0.0333  0.0332  0.0334  0.0331  0.0330  0.0329  0.0329
  0.0328  0.0328  0.0328  0.0328  0.0328  0.0328  0.0328  0.0328  0.0328  0.0328  0.0328  0.0328
  0.0333  0.0331  0.0330  0.0336  0.0330  0.0333  0.0332  0.0335  0.0330  0.0333  0.0330  0.0330
  0.0345  0.0340  0.0336  0.0345  0.0342  0.0348  0.0342  0.0353  0.0337  0.0344  0.0335  0.0334
  0.0366  0.0352  0.0345  0.0361  0.0367  0.0371  0.0358  0.0379  0.0348  0.0357  0.0343  0.0340
niter,ni,del,rscale     3    3    5.0000    1.2000
parameters
    0.3093  -18.8537   11.5674   -9.9495  -19.3352   -9.8061
    5.4891    0.2860   -4.7930   -3.8449   -0.3436    6.4161
eta,q 0.96719  6.81104
  0.0365  0.0354  0.0345  0.0364  0.0363  0.0370  0.0358  0.0379  0.0348  0.0361  0.0343  0.0341
  0.0345  0.0339  0.0335  0.0343  0.0346  0.0348  0.0342  0.0353  0.0338  0.0341  0.0334  0.0333
  0.0332  0.0331  0.0330  0.0330  0.0334  0.0333  0.0332  0.0334  0.0331  0.0330  0.0330  0.0329
  0.0328  0.0328  0.0328  0.0328  0.0328  0.0328  0.0328  0.0328  0.0328  0.0328  0.0328  0.0328
  0.0333  0.0331  0.0330  0.0336  0.0330  0.0333  0.0332  0.0335  0.0330  0.0334  0.0330  0.0330
  0.0345  0.0340  0.0336  0.0345  0.0342  0.0348  0.0342  0.0353  0.0337  0.0344  0.0335  0.0334
  0.0366  0.0352  0.0345  0.0361  0.0367  0.0371  0.0358  0.0379  0.0348  0.0357  0.0343  0.0340
registration optimization eta report
parameter search radius
    2.4000    2.4000    2.4000    9.5220   10.9503    9.5220
    7.2000    7.2000    7.2000    7.2000    7.2000    7.2000
100000*second partial in parameter space
       65.       43.       30.        4.        3.        5.
        6.       10.        4.        6.        3.        2.
  0.0365  0.0354  0.0345  0.0364  0.0363  0.0370  0.0358  0.0379  0.0348  0.0361  0.0343  0.0341
  0.0345  0.0339  0.0335  0.0343  0.0346  0.0348  0.0342  0.0353  0.0338  0.0341  0.0334  0.0333
  0.0332  0.0331  0.0330  0.0330  0.0334  0.0333  0.0332  0.0334  0.0331  0.0330  0.0330  0.0329
  0.0328  0.0328  0.0328  0.0328  0.0328  0.0328  0.0328  0.0328  0.0328  0.0328  0.0328  0.0328
  0.0333  0.0331  0.0330  0.0336  0.0330  0.0333  0.0332  0.0335  0.0330  0.0334  0.0330  0.0330
  0.0345  0.0340  0.0336  0.0345  0.0342  0.0348  0.0342  0.0353  0.0337  0.0344  0.0335  0.0334
  0.0366  0.0352  0.0345  0.0361  0.0367  0.0371  0.0358  0.0379  0.0348  0.0357  0.0343  0.0340
    0.3093  -18.8537   11.5674   -9.9495  -19.3352   -9.8061
    5.4891    0.2860   -4.7930   -3.8449   -0.3436    6.4161
eta,q 0.96719  6.81104

---------------------------------------------------------------------
imgreg_4dfp /opt/freesurfer/average/711-2C_as_mni_average_305 /opt/freesurfer/average/711-2B_as_mni_average_305_mask talsrcimg_g11 none talsrcimg_to_711-2C_as_mni_average_305_t4 2311
---------------------------------------------------------------------

freesurfer imgreg_4dfp.c
/opt/freesurfer/average/711-2C_as_mni_average_305.4dfp.img
       256       256       256         1
  1.000000  1.000000  1.000000
orientation T byte_order littleendian
Reading image: /opt/freesurfer/average/711-2C_as_mni_average_305.4dfp.img
dimensions:      256       256       256
mmppix:       1.0000   -1.0000   -1.0000
center:     128.0000 -129.0000 -129.0000
/opt/freesurfer/average/711-2B_as_mni_average_305_mask.4dfp.img
       256       256       256         1
  1.000000  1.000000  1.000000
orientation T byte_order littleendian
Reading mask: /opt/freesurfer/average/711-2B_as_mni_average_305_mask.4dfp.img (2306576 pixels)
talsrcimg_g11.4dfp.img
       256       256       256         1
  0.898438  0.898438  0.898438
orientation T byte_order littleendian
Reading image: talsrcimg_g11.4dfp.img
dimensions:      256       256       256
mmppix:       0.8984   -0.8984   -0.8984
center:     115.0001 -115.8985 -115.8985
fimgreg.f
image alignment mode   2311 decimal      907 hex
parameters
    0.3093  -18.8537   11.5674   -9.9495  -19.3352   -9.8061
    5.4891    0.2860   -4.7930   -3.8449   -0.3436    6.4161
eta,q 0.96719  6.81103
niter,ni,del,rscale     5    3    5.0000    0.8000
parameters
    0.3007  -18.8904   11.5486  -10.7901  -18.7067   -9.6636
    5.4715    0.2552   -4.8984   -4.2787   -0.2424    6.0163
eta,q 0.96734  6.80572
  0.0345  0.0339  0.0336  0.0336  0.0336  0.0339  0.0341  0.0352  0.0336  0.0340  0.0334  0.0332
  0.0336  0.0333  0.0331  0.0330  0.0332  0.0333  0.0334  0.0339  0.0331  0.0331  0.0330  0.0329
  0.0330  0.0329  0.0329  0.0327  0.0329  0.0329  0.0329  0.0330  0.0328  0.0327  0.0328  0.0327
  0.0328  0.0328  0.0328  0.0328  0.0327  0.0327  0.0327  0.0327  0.0327  0.0327  0.0327  0.0327
  0.0330  0.0330  0.0329  0.0332  0.0327  0.0328  0.0329  0.0331  0.0328  0.0330  0.0327  0.0328
  0.0336  0.0334  0.0332  0.0336  0.0329  0.0332  0.0334  0.0339  0.0332  0.0336  0.0329  0.0330
  0.0345  0.0340  0.0336  0.0341  0.0332  0.0338  0.0342  0.0352  0.0337  0.0344  0.0333  0.0333
niter,ni,del,rscale     4    3    5.0000    0.7000
parameters
    0.2991  -18.9626   11.5623  -10.8008  -18.4492   -9.6258
    5.4502    0.2548   -5.0704   -4.4181   -0.0556    5.9184
eta,q 0.96736  6.81814
  0.0340  0.0335  0.0333  0.0336  0.0333  0.0336  0.0338  0.0347  0.0333  0.0338  0.0332  0.0331
  0.0333  0.0330  0.0329  0.0331  0.0330  0.0331  0.0332  0.0336  0.0329  0.0331  0.0329  0.0328
  0.0328  0.0327  0.0327  0.0327  0.0327  0.0328  0.0328  0.0329  0.0327  0.0327  0.0327  0.0327
  0.0327  0.0327  0.0327  0.0327  0.0327  0.0327  0.0327  0.0327  0.0327  0.0327  0.0327  0.0326
  0.0328  0.0328  0.0327  0.0328  0.0327  0.0328  0.0328  0.0329  0.0328  0.0329  0.0327  0.0327
  0.0333  0.0331  0.0329  0.0332  0.0329  0.0331  0.0332  0.0336  0.0330  0.0333  0.0328  0.0329
  0.0340  0.0336  0.0333  0.0335  0.0332  0.0335  0.0338  0.0346  0.0334  0.0339  0.0331  0.0331
niter,ni,del,rscale     3    3    5.0000    0.6000
parameters
    0.3094  -19.0077   11.5756  -10.8575  -18.3345   -9.5743
    5.4551    0.2433   -5.2050   -4.5335    0.0686    5.8409
eta,q 0.96737  6.82294
  0.0337  0.0333  0.0331  0.0334  0.0331  0.0333  0.0335  0.0341  0.0331  0.0335  0.0330  0.0330
  0.0331  0.0329  0.0329  0.0329  0.0328  0.0330  0.0330  0.0333  0.0329  0.0330  0.0328  0.0328
  0.0328  0.0327  0.0327  0.0327  0.0327  0.0327  0.0327  0.0328  0.0327  0.0327  0.0327  0.0327
  0.0326  0.0326  0.0326  0.0326  0.0326  0.0326  0.0326  0.0326  0.0326  0.0326  0.0326  0.0326
  0.0328  0.0327  0.0327  0.0328  0.0327  0.0327  0.0327  0.0328  0.0327  0.0328  0.0327  0.0327
  0.0331  0.0330  0.0328  0.0330  0.0328  0.0329  0.0330  0.0334  0.0329  0.0331  0.0328  0.0328
  0.0336  0.0334  0.0331  0.0333  0.0330  0.0333  0.0335  0.0341  0.0332  0.0336  0.0330  0.0330
niter,ni,del,rscale     2    3    5.0000    0.5000
parameters
    0.3147  -19.0414   11.5923  -10.9105  -18.2340   -9.5450
    5.4543    0.2317   -5.3107   -4.6327    0.1854    5.8170
eta,q 0.96738  6.82643
  0.0333  0.0331  0.0330  0.0331  0.0329  0.0331  0.0332  0.0337  0.0330  0.0333  0.0329  0.0329
  0.0329  0.0328  0.0328  0.0328  0.0328  0.0329  0.0329  0.0331  0.0328  0.0329  0.0328  0.0327
  0.0327  0.0327  0.0327  0.0327  0.0327  0.0327  0.0327  0.0327  0.0327  0.0327  0.0327  0.0326
  0.0326  0.0326  0.0326  0.0326  0.0326  0.0326  0.0326  0.0326  0.0326  0.0326  0.0326  0.0326
  0.0327  0.0327  0.0327  0.0327  0.0326  0.0327  0.0327  0.0328  0.0327  0.0327  0.0326  0.0327
  0.0329  0.0329  0.0328  0.0329  0.0327  0.0329  0.0329  0.0331  0.0328  0.0330  0.0327  0.0328
  0.0333  0.0331  0.0329  0.0331  0.0329  0.0331  0.0332  0.0337  0.0330  0.0333  0.0329  0.0329
niter,ni,del,rscale     1    3    5.0000    0.4000
parameters
    0.3177  -19.0636   11.5984  -10.9606  -18.1919   -9.5527
    5.4588    0.2116   -5.3945   -4.7084    0.2360    5.7586
eta,q 0.96738  6.82602
  0.0331  0.0329  0.0328  0.0330  0.0328  0.0329  0.0330  0.0333  0.0329  0.0330  0.0328  0.0328
  0.0328  0.0327  0.0327  0.0328  0.0327  0.0328  0.0328  0.0329  0.0327  0.0328  0.0327  0.0327
  0.0327  0.0326  0.0326  0.0326  0.0326  0.0327  0.0327  0.0327  0.0326  0.0326  0.0326  0.0326
  0.0326  0.0326  0.0326  0.0326  0.0326  0.0326  0.0326  0.0326  0.0326  0.0326  0.0326  0.0326
  0.0327  0.0327  0.0327  0.0327  0.0326  0.0327  0.0327  0.0327  0.0327  0.0327  0.0326  0.0326
  0.0328  0.0328  0.0327  0.0328  0.0327  0.0328  0.0328  0.0329  0.0327  0.0328  0.0327  0.0327
  0.0331  0.0329  0.0328  0.0330  0.0328  0.0329  0.0330  0.0333  0.0329  0.0331  0.0328  0.0328
registration optimization eta report
parameter search radius
    0.8000    0.8000    0.8000    2.4000    2.4000    2.4000
    2.4000    2.4000    2.4000    2.4000    2.4000    2.4000
100000*second partial in parameter space
       70.       48.       32.        6.        3.        6.
        6.       12.        4.        7.        3.        3.
  0.0331  0.0329  0.0328  0.0330  0.0328  0.0329  0.0330  0.0333  0.0329  0.0330  0.0328  0.0328
  0.0328  0.0327  0.0327  0.0328  0.0327  0.0328  0.0328  0.0329  0.0327  0.0328  0.0327  0.0327
  0.0327  0.0326  0.0326  0.0326  0.0326  0.0327  0.0327  0.0327  0.0326  0.0326  0.0326  0.0326
  0.0326  0.0326  0.0326  0.0326  0.0326  0.0326  0.0326  0.0326  0.0326  0.0326  0.0326  0.0326
  0.0327  0.0327  0.0327  0.0327  0.0326  0.0327  0.0327  0.0327  0.0327  0.0327  0.0326  0.0326
  0.0328  0.0328  0.0327  0.0328  0.0327  0.0328  0.0328  0.0329  0.0327  0.0328  0.0327  0.0327
  0.0331  0.0329  0.0328  0.0330  0.0328  0.0329  0.0330  0.0333  0.0329  0.0331  0.0328  0.0328
    0.3177  -19.0636   11.5984  -10.9606  -18.1919   -9.5527
    5.4588    0.2116   -5.3945   -4.7084    0.2360    5.7586
eta,q 0.96738  6.82602

---------------------------------------------------------------------
imgreg_4dfp /opt/freesurfer/average/711-2C_as_mni_average_305 /opt/freesurfer/average/711-2B_as_mni_average_305_mask talsrcimg_g11 none talsrcimg_to_711-2C_as_mni_average_305_t4 2311
---------------------------------------------------------------------

freesurfer imgreg_4dfp.c
/opt/freesurfer/average/711-2C_as_mni_average_305.4dfp.img
       256       256       256         1
  1.000000  1.000000  1.000000
orientation T byte_order littleendian
Reading image: /opt/freesurfer/average/711-2C_as_mni_average_305.4dfp.img
dimensions:      256       256       256
mmppix:       1.0000   -1.0000   -1.0000
center:     128.0000 -129.0000 -129.0000
/opt/freesurfer/average/711-2B_as_mni_average_305_mask.4dfp.img
       256       256       256         1
  1.000000  1.000000  1.000000
orientation T byte_order littleendian
Reading mask: /opt/freesurfer/average/711-2B_as_mni_average_305_mask.4dfp.img (2306576 pixels)
talsrcimg_g11.4dfp.img
       256       256       256         1
  0.898438  0.898438  0.898438
orientation T byte_order littleendian
Reading image: talsrcimg_g11.4dfp.img
dimensions:      256       256       256
mmppix:       0.8984   -0.8984   -0.8984
center:     115.0001 -115.8985 -115.8985
fimgreg.f
image alignment mode   2311 decimal      907 hex
parameters
    0.3177  -19.0636   11.5984  -10.9605  -18.1919   -9.5527
    5.4588    0.2116   -5.3945   -4.7084    0.2360    5.7586
eta,q 0.96738  6.82602
niter,ni,del,rscale     5    3    5.0000    0.8000
parameters
    0.3221  -19.0570   11.6111  -10.6137  -18.2543   -9.5352
    5.4420    0.2671   -5.3428   -4.4742    0.1635    5.9323
eta,q 0.96736  6.83923
  0.0344  0.0339  0.0335  0.0340  0.0333  0.0339  0.0341  0.0353  0.0336  0.0345  0.0333  0.0333
  0.0334  0.0332  0.0330  0.0332  0.0330  0.0332  0.0333  0.0339  0.0331  0.0334  0.0329  0.0330
  0.0328  0.0327  0.0327  0.0328  0.0327  0.0328  0.0328  0.0329  0.0327  0.0328  0.0327  0.0327
  0.0326  0.0326  0.0326  0.0326  0.0326  0.0326  0.0326  0.0326  0.0326  0.0326  0.0326  0.0326
  0.0328  0.0328  0.0327  0.0328  0.0327  0.0328  0.0328  0.0329  0.0327  0.0328  0.0327  0.0327
  0.0334  0.0332  0.0330  0.0331  0.0330  0.0332  0.0333  0.0338  0.0331  0.0333  0.0330  0.0329
  0.0344  0.0338  0.0334  0.0335  0.0334  0.0339  0.0341  0.0351  0.0336  0.0341  0.0334  0.0332
niter,ni,del,rscale     4    3    5.0000    0.7000
parameters
    0.3275  -19.0485   11.6077  -10.7052  -18.2825   -9.5097
    5.4518    0.2623   -5.2926   -4.5349    0.1456    5.9194
eta,q 0.96736  6.83479
  0.0340  0.0336  0.0333  0.0335  0.0332  0.0336  0.0338  0.0347  0.0334  0.0339  0.0332  0.0331
  0.0333  0.0331  0.0329  0.0330  0.0329  0.0331  0.0331  0.0336  0.0330  0.0331  0.0329  0.0329
  0.0328  0.0327  0.0327  0.0327  0.0327  0.0327  0.0328  0.0329  0.0327  0.0327  0.0327  0.0327
  0.0326  0.0326  0.0326  0.0326  0.0326  0.0326  0.0326  0.0326  0.0326  0.0326  0.0326  0.0326
  0.0328  0.0328  0.0327  0.0328  0.0327  0.0328  0.0328  0.0329  0.0327  0.0328  0.0327  0.0327
  0.0332  0.0331  0.0329  0.0331  0.0329  0.0330  0.0331  0.0336  0.0330  0.0333  0.0329  0.0329
  0.0340  0.0335  0.0333  0.0335  0.0332  0.0335  0.0338  0.0346  0.0334  0.0339  0.0332  0.0331
niter,ni,del,rscale     3    3    5.0000    0.6000
parameters
    0.3230  -19.0561   11.6158  -10.8150  -18.2661   -9.4913
    5.4534    0.2443   -5.3164   -4.6031    0.1744    5.8564
eta,q 0.96737  6.83141
  0.0336  0.0333  0.0331  0.0333  0.0330  0.0333  0.0335  0.0341  0.0332  0.0336  0.0330  0.0330
  0.0331  0.0329  0.0329  0.0329  0.0328  0.0329  0.0330  0.0333  0.0329  0.0330  0.0328  0.0328
  0.0327  0.0327  0.0327  0.0327  0.0327  0.0327  0.0327  0.0328  0.0327  0.0327  0.0327  0.0327
  0.0326  0.0326  0.0326  0.0326  0.0326  0.0326  0.0326  0.0326  0.0326  0.0326  0.0326  0.0326
  0.0328  0.0327  0.0327  0.0328  0.0327  0.0327  0.0327  0.0328  0.0327  0.0328  0.0327  0.0327
  0.0331  0.0330  0.0328  0.0330  0.0328  0.0329  0.0330  0.0333  0.0329  0.0331  0.0328  0.0328
  0.0336  0.0333  0.0331  0.0333  0.0331  0.0333  0.0335  0.0341  0.0332  0.0336  0.0330  0.0330
niter,ni,del,rscale     2    3    5.0000    0.5000
parameters
    0.3204  -19.0696   11.6170  -10.8907  -18.2140   -9.5009
    5.4543    0.2269   -5.3738   -4.6722    0.2331    5.8384
eta,q 0.96738  6.83016
  0.0333  0.0331  0.0330  0.0331  0.0329  0.0331  0.0332  0.0337  0.0330  0.0333  0.0329  0.0329
  0.0329  0.0328  0.0328  0.0328  0.0328  0.0328  0.0329  0.0331  0.0328  0.0329  0.0328  0.0327
  0.0327  0.0327  0.0327  0.0327  0.0327  0.0327  0.0327  0.0327  0.0327  0.0327  0.0327  0.0326
  0.0326  0.0326  0.0326  0.0326  0.0326  0.0326  0.0326  0.0326  0.0326  0.0326  0.0326  0.0326
  0.0327  0.0327  0.0327  0.0327  0.0326  0.0327  0.0327  0.0328  0.0327  0.0327  0.0326  0.0327
  0.0329  0.0328  0.0328  0.0329  0.0327  0.0329  0.0329  0.0331  0.0328  0.0330  0.0327  0.0328
  0.0333  0.0331  0.0330  0.0331  0.0329  0.0331  0.0332  0.0337  0.0330  0.0333  0.0329  0.0329
niter,ni,del,rscale     1    3    5.0000    0.4000
parameters
    0.3203  -19.0814   11.6150  -10.9443  -18.1728   -9.5154
    5.4558    0.2107   -5.4007   -4.7245    0.2727    5.7767
eta,q 0.96739  6.82907
  0.0331  0.0329  0.0328  0.0329  0.0328  0.0329  0.0330  0.0333  0.0329  0.0330  0.0328  0.0328
  0.0328  0.0327  0.0327  0.0328  0.0327  0.0328  0.0328  0.0329  0.0327  0.0328  0.0327  0.0327
  0.0327  0.0326  0.0326  0.0326  0.0326  0.0327  0.0327  0.0327  0.0326  0.0326  0.0326  0.0326
  0.0326  0.0326  0.0326  0.0326  0.0326  0.0326  0.0326  0.0326  0.0326  0.0326  0.0326  0.0326
  0.0327  0.0327  0.0326  0.0327  0.0326  0.0327  0.0327  0.0327  0.0327  0.0327  0.0326  0.0326
  0.0328  0.0328  0.0327  0.0328  0.0327  0.0328  0.0328  0.0329  0.0327  0.0328  0.0327  0.0327
  0.0331  0.0329  0.0328  0.0330  0.0328  0.0329  0.0330  0.0333  0.0329  0.0331  0.0328  0.0328
registration optimization eta report
parameter search radius
    0.8000    0.8000    0.8000    2.4000    2.4000    2.4000
    2.4000    2.4000    2.4000    2.4000    2.4000    2.4000
100000*second partial in parameter space
       70.       48.       33.        6.        3.        5.
        6.       12.        4.        7.        3.        3.
  0.0331  0.0329  0.0328  0.0329  0.0328  0.0329  0.0330  0.0333  0.0329  0.0330  0.0328  0.0328
  0.0328  0.0327  0.0327  0.0328  0.0327  0.0328  0.0328  0.0329  0.0327  0.0328  0.0327  0.0327
  0.0327  0.0326  0.0326  0.0326  0.0326  0.0327  0.0327  0.0327  0.0326  0.0326  0.0326  0.0326
  0.0326  0.0326  0.0326  0.0326  0.0326  0.0326  0.0326  0.0326  0.0326  0.0326  0.0326  0.0326
  0.0327  0.0327  0.0326  0.0327  0.0326  0.0327  0.0327  0.0327  0.0327  0.0327  0.0326  0.0326
  0.0328  0.0328  0.0327  0.0328  0.0327  0.0328  0.0328  0.0329  0.0327  0.0328  0.0327  0.0327
  0.0331  0.0329  0.0328  0.0330  0.0328  0.0329  0.0330  0.0333  0.0329  0.0331  0.0328  0.0328
    0.3203  -19.0814   11.6150  -10.9443  -18.1728   -9.5154
    5.4558    0.2107   -5.4007   -4.7245    0.2727    5.7767
eta,q 0.96739  6.82907

---------------------------------------------------------------------
compute_vox2vox talsrcimg talsrcimg_to_711-2C_as_mni_average_305_t4 /opt/freesurfer/average/711-2C_as_mni_average_305
---------------------------------------------------------------------

freesurfer compute_vox2vox.c
Reading: talsrcimg.4dfp.ifh
Reading: talsrcimg_to_711-2C_as_mni_average_305_t4
Reading: /opt/freesurfer/average/711-2C_as_mni_average_305.4dfp.ifh
Writing: talsrcimg_to_711-2C_as_mni_average_305_t4_vox2vox.txt

start time Thu Mar 12 22:53:36 CET 2026
end		time Thu Mar 12 22:53:50 CET 2026

mpr2mni305 success

avi2talxfm orig_nu.mgz /opt/freesurfer/average/mni305.cor.mgz talsrcimg_to_711-2C_as_mni_average_305_t4_vox2vox.txt transforms/talairach.auto.xfm
avi2talxfm done
mv -f /out/sourcedata/freesurfer/sub-v2s2x29089_ses-1/mri/talsrcimg_to_711-2C_as_mni_average_305_t4_vox2vox.txt /out/sourcedata/freesurfer/sub-v2s2x29089_ses-1/mri/transforms/talsrcimg_to_711-2C_as_mni_average_305_t4_vox2vox.txt
lta_convert --src orig_nu.mgz --trg /opt/freesurfer/average/mni305.cor.mgz --inxfm transforms/talairach.auto.xfm --outlta transforms/talairach.auto.xfm.lta --subject fsaverage
7.3.2

--src: orig_nu.mgz src image (geometry).
--trg: /opt/freesurfer/average/mni305.cor.mgz trg image (geometry).
--inmni: transforms/talairach.auto.xfm input MNI/XFM transform.
--outlta: transforms/talairach.auto.xfm.lta output LTA.
--s: fsaverage subject name
 LTA read, type : 1
 1.11842  -0.00647  -0.07411  -2.48879;
-0.00805   1.10115  -0.07720   5.49579;
 0.07335   0.06315   1.21274  -7.39566;
 0.00000   0.00000   0.00000   1.00000;
setting subject to fsaverage
Writing  LTA to file transforms/talairach.auto.xfm.lta...
lta_convert successful.
 
 
Started at Thu Mar 12 22:53:36 CET 2026
Ended   at Thu Mar 12 22:53:50 CET 2026
talairach_avi done
