status file for recon-all
Thu Mar 12 22:59:37 CET 2026
#@# MotionCor Thu Mar 12 22:59:39 CET 2026
#@# Talairach Thu Mar 12 22:59:49 CET 2026
#@# Talairach Failure Detection Thu Mar 12 23:04:17 CET 2026
#@# Nu Intensity Correction Thu Mar 12 23:04:17 CET 2026
#@# Intensity Normalization Thu Mar 12 23:07:33 CET 2026
recon-all -s sub-v2s2x29092_ses-1 finished without error at Thu Mar 12 23:09:13 CET 2026



#New# invocation of recon-all 



status file for recon-all
Thu Mar 12 23:16:13 CET 2026
#@# EM Registration Thu Mar 12 23:16:13 CET 2026
recon-all -s sub-v2s2x29092_ses-1 finished without error at Thu Mar 12 23:17:48 CET 2026



#New# invocation of recon-all 



status file for recon-all
Thu Mar 12 23:17:52 CET 2026
#@# CA Normalize Thu Mar 12 23:17:52 CET 2026
#@# CA Reg Thu Mar 12 23:19:10 CET 2026
#@# SubCort Seg Fri Mar 13 00:05:36 CET 2026
#@# CC Seg Fri Mar 13 00:42:39 CET 2026
#@# Merge ASeg Fri Mar 13 00:43:14 CET 2026
#@# Intensity Normalization2 Fri Mar 13 00:43:14 CET 2026
#@# Mask BFS Fri Mar 13 00:45:35 CET 2026
#@# WM Segmentation Fri Mar 13 00:45:36 CET 2026
#@# Fill Fri Mar 13 00:47:43 CET 2026
recon-all -s sub-v2s2x29092_ses-1 finished without error at Fri Mar 13 00:48:48 CET 2026



#New# invocation of recon-all 



status file for recon-all
Fri Mar 13 01:45:59 CET 2026
#@# white curv lh Fri Mar 13 01:45:59 CET 2026
#@# white area lh Fri Mar 13 01:46:00 CET 2026
#@# pial curv lh Fri Mar 13 01:46:00 CET 2026
#@# pial area lh Fri Mar 13 01:46:00 CET 2026
#@# thickness lh Fri Mar 13 01:46:00 CET 2026
#@# area and vertex vol lh Fri Mar 13 01:46:00 CET 2026
#@# white curv rh Fri Mar 13 01:46:00 CET 2026
#@# white area rh Fri Mar 13 01:46:00 CET 2026
#@# pial curv rh Fri Mar 13 01:46:00 CET 2026
#@# pial area rh Fri Mar 13 01:46:00 CET 2026
#@# thickness rh Fri Mar 13 01:46:00 CET 2026
#@# area and vertex vol rh Fri Mar 13 01:46:00 CET 2026
#@# Cortical ribbon mask Fri Mar 13 01:46:00 CET 2026
recon-all -s sub-v2s2x29092_ses-1 finished without error at Fri Mar 13 01:58:21 CET 2026



#New# invocation of recon-all 



status file for recon-all
Fri Mar 13 02:06:59 CET 2026
#@# white curv lh Fri Mar 13 02:06:59 CET 2026
#@# white area lh Fri Mar 13 02:07:00 CET 2026
#@# pial curv lh Fri Mar 13 02:07:00 CET 2026
#@# pial area lh Fri Mar 13 02:07:00 CET 2026
#@# thickness lh Fri Mar 13 02:07:00 CET 2026
#@# area and vertex vol lh Fri Mar 13 02:07:00 CET 2026
#@# white curv rh Fri Mar 13 02:07:00 CET 2026
#@# white area rh Fri Mar 13 02:07:00 CET 2026
#@# pial curv rh Fri Mar 13 02:07:00 CET 2026
#@# pial area rh Fri Mar 13 02:07:00 CET 2026
#@# thickness rh Fri Mar 13 02:07:00 CET 2026
#@# area and vertex vol rh Fri Mar 13 02:07:00 CET 2026
#@# Curvature Stats lh Fri Mar 13 02:07:00 CET 2026
#@# Curvature Stats rh Fri Mar 13 02:07:03 CET 2026
#@# Relabel Hypointensities Fri Mar 13 02:07:06 CET 2026
#@# APas-to-ASeg Fri Mar 13 02:07:26 CET 2026
#@# AParc-to-ASeg aparc Fri Mar 13 02:07:37 CET 2026
#@# AParc-to-ASeg aparc.a2009s Fri Mar 13 02:08:25 CET 2026
#@# AParc-to-ASeg aparc.DKTatlas Fri Mar 13 02:09:11 CET 2026
#@# WMParc Fri Mar 13 02:09:58 CET 2026
#@# ASeg Stats Fri Mar 13 02:13:54 CET 2026
recon-all -s sub-v2s2x29092_ses-1 finished without error at Fri Mar 13 02:14:28 CET 2026
