status file for recon-all
Fri Mar 13 01:17:09 CET 2026
#@# Tessellate rh Fri Mar 13 01:17:09 CET 2026
#@# Smooth1 rh Fri Mar 13 01:17:13 CET 2026
#@# Inflation1 rh Fri Mar 13 01:17:16 CET 2026
#@# QSphere rh Fri Mar 13 01:18:23 CET 2026
#@# Fix Topology rh Fri Mar 13 01:19:47 CET 2026
#@# Smooth2 rh Fri Mar 13 01:26:58 CET 2026
#@# Inflation2 rh Fri Mar 13 01:27:02 CET 2026
#@# Curv .H and .K rh Fri Mar 13 01:27:22 CET 2026
#@# Sphere rh Fri Mar 13 01:28:32 CET 2026
#@# Surf Reg rh Fri Mar 13 01:31:16 CET 2026
#@# Jacobian white rh Fri Mar 13 01:35:50 CET 2026
#@# AvgCurv rh Fri Mar 13 01:35:51 CET 2026
#@# Cortical Parc rh Fri Mar 13 01:35:52 CET 2026
#@# white curv rh Fri Mar 13 01:44:29 CET 2026
#@# white area rh Fri Mar 13 01:44:31 CET 2026
#@# pial curv rh Fri Mar 13 01:44:32 CET 2026
#@# pial area rh Fri Mar 13 01:44:34 CET 2026
#@# thickness rh Fri Mar 13 01:44:35 CET 2026
#@# area and vertex vol rh Fri Mar 13 01:45:16 CET 2026
#@# Curvature Stats rh Fri Mar 13 01:45:18 CET 2026
#@# Cortical Parc 2 rh Fri Mar 13 01:45:20 CET 2026
#@# Cortical Parc 3 rh Fri Mar 13 01:45:38 CET 2026
#@# WM/GM Contrast rh Fri Mar 13 01:45:51 CET 2026
recon-all -s sub-v2s2x29092_ses-1 finished without error at Fri Mar 13 01:45:56 CET 2026



#New# invocation of recon-all 



status file for recon-all
Fri Mar 13 02:02:43 CET 2026
#@# white curv rh Fri Mar 13 02:02:43 CET 2026
#@# white area rh Fri Mar 13 02:02:43 CET 2026
#@# pial curv rh Fri Mar 13 02:02:43 CET 2026
#@# pial area rh Fri Mar 13 02:02:43 CET 2026
#@# thickness rh Fri Mar 13 02:02:43 CET 2026
#@# area and vertex vol rh Fri Mar 13 02:02:43 CET 2026
#@# Parcellation Stats rh Fri Mar 13 02:02:43 CET 2026
#@# Parcellation Stats 2 rh Fri Mar 13 02:03:13 CET 2026
#@# Parcellation Stats 3 rh Fri Mar 13 02:03:28 CET 2026
#@# BA_exvivo Labels rh Fri Mar 13 02:03:43 CET 2026
recon-all -s sub-v2s2x29092_ses-1 finished without error at Fri Mar 13 02:06:56 CET 2026
