status file for recon-all
Fri Mar 13 00:48:53 CET 2026
#@# Tessellate lh Fri Mar 13 00:48:53 CET 2026
#@# Smooth1 lh Fri Mar 13 00:48:56 CET 2026
#@# Inflation1 lh Fri Mar 13 00:49:00 CET 2026
#@# QSphere lh Fri Mar 13 00:50:05 CET 2026
#@# Fix Topology lh Fri Mar 13 00:51:49 CET 2026
#@# Smooth2 lh Fri Mar 13 00:58:44 CET 2026
#@# Inflation2 lh Fri Mar 13 00:58:48 CET 2026
#@# Curv .H and .K lh Fri Mar 13 00:59:11 CET 2026
#@# Sphere lh Fri Mar 13 01:00:14 CET 2026
#@# Surf Reg lh Fri Mar 13 01:03:02 CET 2026
#@# Jacobian white lh Fri Mar 13 01:07:30 CET 2026
#@# AvgCurv lh Fri Mar 13 01:07:31 CET 2026
#@# Cortical Parc lh Fri Mar 13 01:07:32 CET 2026
#@# white curv lh Fri Mar 13 01:15:40 CET 2026
#@# white area lh Fri Mar 13 01:15:42 CET 2026
#@# pial curv lh Fri Mar 13 01:15:43 CET 2026
#@# pial area lh Fri Mar 13 01:15:45 CET 2026
#@# thickness lh Fri Mar 13 01:15:46 CET 2026
#@# area and vertex vol lh Fri Mar 13 01:16:27 CET 2026
#@# Curvature Stats lh Fri Mar 13 01:16:28 CET 2026
#@# Cortical Parc 2 lh Fri Mar 13 01:16:31 CET 2026
#@# Cortical Parc 3 lh Fri Mar 13 01:16:49 CET 2026
#@# WM/GM Contrast lh Fri Mar 13 01:17:01 CET 2026
recon-all -s sub-v2s2x29092_ses-1 finished without error at Fri Mar 13 01:17:07 CET 2026



#New# invocation of recon-all 



status file for recon-all
Fri Mar 13 01:58:27 CET 2026
#@# white curv lh Fri Mar 13 01:58:27 CET 2026
#@# white area lh Fri Mar 13 01:58:27 CET 2026
#@# pial curv lh Fri Mar 13 01:58:27 CET 2026
#@# pial area lh Fri Mar 13 01:58:27 CET 2026
#@# thickness lh Fri Mar 13 01:58:27 CET 2026
#@# area and vertex vol lh Fri Mar 13 01:58:27 CET 2026
#@# Parcellation Stats lh Fri Mar 13 01:58:27 CET 2026
#@# Parcellation Stats 2 lh Fri Mar 13 01:58:57 CET 2026
#@# Parcellation Stats 3 lh Fri Mar 13 01:59:12 CET 2026
#@# BA_exvivo Labels lh Fri Mar 13 01:59:27 CET 2026
recon-all -s sub-v2s2x29092_ses-1 finished without error at Fri Mar 13 02:02:40 CET 2026
