/out/sourcedata/freesurfer/sub-v2s2x29073_ses-1/mri
/opt/freesurfer/bin/talairach_avi
--i orig_nu.mgz --xfm transforms/talairach.auto.xfm
talairach_avi 7.3.2
Linux dna063 5.14.0-427.37.1.el9_4.x86_64 #1 SMP PREEMPT_DYNAMIC Fri Sep 13 12:41:50 EDT 2024 x86_64 x86_64 x86_64 GNU/Linux
Thu Mar 12 21:57:39 CET 2026
mri_convert orig_nu.mgz talsrcimg.img 
reading from orig_nu.mgz...
TR=0.00, TE=0.00, TI=0.00, flip angle=0.00
i_ras = (-1, 0, 0)
j_ras = (0, 0, -1)
k_ras = (0, 1, 0)
writing to talsrcimg.img...
Analyze Output Matrix
-0.89844   0.00000   0.00000   119.00984;
 0.00000   0.00000   0.89844  -132.43579;
 0.00000  -0.89844   0.00000   140.21803;
 0.00000   0.00000   0.00000   1.00000;
--------------------
INFO: set hdr.hist.orient to -1
mpr2mni305 talsrcimg
Thu Mar 12 21:57:39 CET 2026
/opt/freesurfer/bin/mpr2mni305 talsrcimg
mpr2mni305 7.3.2
target=711-2C_as_mni_average_305

---------------------------------------------------------------------
analyzeto4dfp talsrcimg -O0 -y
---------------------------------------------------------------------

freesurfer ifh2hdr.c
Thu Mar 12 21:57:39 2026
Writing: talsrcimg.4dfp.hdr
freesurfer analyzeto4dfp.c
Reading: talsrcimg.hdr
header size 348 bytes
hdr.dime.datatype	offset=70	value=2
hdr.dime.bitpix		offset=72	value=8
hdr.hist.orient		offset=252	value=-1
dimensionality     4
dimensions       256       256       256         1
Reading: talsrcimg.img
Writing: talsrcimg.4dfp.img
Writing: talsrcimg.4dfp.ifh
ifh2hdr talsrcimg -r0to255
ori=2

---------------------------------------------------------------------
gauss_4dfp talsrcimg 1.1
---------------------------------------------------------------------

freesurfer gauss_4dfp.c
Reading: talsrcimg.4dfp.img
Writing: talsrcimg_g11.4dfp.img
image dimensions 256 256 256 padded to 288 288 288
processing volume 1freesurfer ifh2hdr.c
Thu Mar 12 21:57:41 2026
Writing: talsrcimg_g11.4dfp.hdr

Writing: talsrcimg_g11.4dfp.ifh
including: talsrcimg.4dfp.img.rec in talsrcimg_g11.4dfp.img.rec

---------------------------------------------------------------------
imgreg_4dfp /opt/freesurfer/average/711-2C_as_mni_average_305 none talsrcimg_g11 none talsrcimg_to_711-2C_as_mni_average_305_t4 4355
---------------------------------------------------------------------

freesurfer imgreg_4dfp.c
/opt/freesurfer/average/711-2C_as_mni_average_305.4dfp.img
       256       256       256         1
  1.000000  1.000000  1.000000
orientation T byte_order littleendian
Reading image: /opt/freesurfer/average/711-2C_as_mni_average_305.4dfp.img
dimensions:      256       256       256
mmppix:       1.0000   -1.0000   -1.0000
center:     128.0000 -129.0000 -129.0000
talsrcimg_g11.4dfp.img
       256       256       256         1
  0.898437  0.898437  0.898437
orientation T byte_order littleendian
Reading image: talsrcimg_g11.4dfp.img
dimensions:      256       256       256
mmppix:       0.8984   -0.8984   -0.8984
center:     114.9999 -115.8984 -115.8984
t4_read: open error in t4_sub.f l:  41 t4_file(1:l)talsrcimg_to_711-2C_as_mni_average_305_t4 
t4_read: transform initialized to I4
rotation matrix determinant  1.000000
image alignment mode   4355 decimal     1103 hex
   -7.5000  -45.0000  -45.0000 6137.5845   10.9384
    0.0000  -45.0000  -45.0000 6221.9541   10.9587
    7.5000  -45.0000  -45.0000 5886.9033   10.9718
   -7.5000  -37.5000  -45.0000 6588.9150   11.6213
    0.0000  -37.5000  -45.0000 6677.1392   11.6394
    7.5000  -37.5000  -45.0000 6300.5215   11.6546
   -7.5000  -30.0000  -45.0000 7019.8296   12.0157
    0.0000  -30.0000  -45.0000 7106.5928   12.0315
    7.5000  -30.0000  -45.0000 6690.1050   12.0487
   -7.5000  -22.5000  -45.0000 7486.0581   12.0469
    0.0000  -22.5000  -45.0000 7572.7065   12.0636
    7.5000  -22.5000  -45.0000 7140.0151   12.0813
   -7.5000  -15.0000  -45.0000 7943.0537   12.0495
    0.0000  -15.0000  -45.0000 8045.7881   12.0694
    7.5000  -15.0000  -45.0000 7589.2764   12.0857
   -7.5000   -7.5000  -45.0000 8082.6763   12.0215
    0.0000   -7.5000  -45.0000 8181.1523   12.0440
    7.5000   -7.5000  -45.0000 7714.4268   12.0584
   -7.5000    0.0000  -45.0000 8175.5112   11.9899
    0.0000    0.0000  -45.0000 8257.0410   12.0121
    7.5000    0.0000  -45.0000 7802.5635   12.0265
   -7.5000    7.5000  -45.0000 7899.2134   11.9877
    0.0000    7.5000  -45.0000 8000.5449   12.0063
    7.5000    7.5000  -45.0000 7540.9897   12.0220
   -7.5000   15.0000  -45.0000 7702.2754   12.0157
    0.0000   15.0000  -45.0000 7783.6318   12.0315
    7.5000   15.0000  -45.0000 7339.8003   12.0487
   -7.5000   22.5000  -45.0000 7096.0264   11.8849
    0.0000   22.5000  -45.0000 7173.2661   11.9013
    7.5000   22.5000  -45.0000 6746.8843   11.9188
   -7.5000   30.0000  -45.0000 6522.7651   11.5704
    0.0000   30.0000  -45.0000 6592.6362   11.5894
    7.5000   30.0000  -45.0000 6186.1753   11.6051
   -7.5000   37.5000  -45.0000 5931.5781   11.1837
    0.0000   37.5000  -45.0000 5989.4668   11.2046
    7.5000   37.5000  -45.0000 5634.4507   11.2181
   -7.5000   45.0000  -45.0000 5396.4297   11.0810
    0.0000   45.0000  -45.0000 5455.2783   11.1026
    7.5000   45.0000  -45.0000 5128.7788   11.1153
   -7.5000  -45.0000  -37.5000 6712.5181   11.4659
    0.0000  -45.0000  -37.5000 6806.2993   11.4829
    7.5000  -45.0000  -37.5000 6423.0967   11.4930
   -7.5000  -37.5000  -37.5000 7191.6074   12.1941
    0.0000  -37.5000  -37.5000 7280.3745   12.2078
    7.5000  -37.5000  -37.5000 6881.6768   12.2183
   -7.5000  -30.0000  -37.5000 7654.3120   12.5915
    0.0000  -30.0000  -37.5000 7760.1484   12.6055
    7.5000  -30.0000  -37.5000 7312.6821   12.6192
   -7.5000  -22.5000  -37.5000 8180.7939   12.6228
    0.0000  -22.5000  -37.5000 8286.9336   12.6411
    7.5000  -22.5000  -37.5000 7812.1040   12.6582
   -7.5000  -15.0000  -37.5000 8678.6709   12.6181
    0.0000  -15.0000  -37.5000 8769.1895   12.6407
    7.5000  -15.0000  -37.5000 8264.4766   12.6582
   -7.5000   -7.5000  -37.5000 8791.3105   12.5834
    0.0000   -7.5000  -37.5000 8880.0049   12.6064
    7.5000   -7.5000  -37.5000 8363.6553   12.6206
   -7.5000    0.0000  -37.5000 8867.4951   12.5520
    0.0000    0.0000  -37.5000 8964.3525   12.5707
    7.5000    0.0000  -37.5000 8454.3818   12.5817
   -7.5000    7.5000  -37.5000 8561.9482   12.5564
    0.0000    7.5000  -37.5000 8666.7070   12.5705
    7.5000    7.5000  -37.5000 8174.0010   12.5813
   -7.5000   15.0000  -37.5000 8336.3047   12.5910
    0.0000   15.0000  -37.5000 8412.2559   12.6049
    7.5000   15.0000  -37.5000 7936.2075   12.6186
   -7.5000   22.5000  -37.5000 7660.0342   12.4540
    0.0000   22.5000  -37.5000 7721.1001   12.4721
    7.5000   22.5000  -37.5000 7268.3052   12.4890
   -7.5000   30.0000  -37.5000 7024.6196   12.1250
    0.0000   30.0000  -37.5000 7092.1543   12.1467
    7.5000   30.0000  -37.5000 6660.3687   12.1635
   -7.5000   37.5000  -37.5000 6361.2837   11.7156
    0.0000   37.5000  -37.5000 6413.2749   11.7370
    7.5000   37.5000  -37.5000 6034.0879   11.7503
   -7.5000   45.0000  -37.5000 5788.3672   11.5969
    0.0000   45.0000  -37.5000 5836.5518   11.6151
    7.5000   45.0000  -37.5000 5485.1519   11.6257
   -7.5000  -45.0000  -30.0000 7284.7729   11.9710
    0.0000  -45.0000  -30.0000 7373.7285   11.9877
    7.5000  -45.0000  -30.0000 6983.5571   11.9916
   -7.5000  -37.5000  -30.0000 7792.2520   12.7401
    0.0000  -37.5000  -30.0000 7886.7319   12.7561
    7.5000  -37.5000  -30.0000 7476.9409   12.7590
   -7.5000  -30.0000  -30.0000 8299.7646   13.1364
    0.0000  -30.0000  -30.0000 8407.0996   13.1557
    7.5000  -30.0000  -30.0000 7942.9736   13.1614
   -7.5000  -22.5000  -30.0000 8881.0166   13.1653
    0.0000  -22.5000  -30.0000 8984.2559   13.1893
    7.5000  -22.5000  -30.0000 8474.1533   13.1995
   -7.5000  -15.0000  -30.0000 9417.8174   13.1561
    0.0000  -15.0000  -30.0000 9511.9199   13.1823
    7.5000  -15.0000  -30.0000 8967.7217   13.1943
   -7.5000   -7.5000  -30.0000 9512.1348   13.1195
    0.0000   -7.5000  -30.0000 9603.8574   13.1429
    7.5000   -7.5000  -30.0000 9052.9463   13.1518
   -7.5000    0.0000  -30.0000 9584.1025   13.0914
    0.0000    0.0000  -30.0000 9667.1709   13.1096
    7.5000    0.0000  -30.0000 9127.3330   13.1139
   -7.5000    7.5000  -30.0000 9223.4668   13.0988
    0.0000    7.5000  -30.0000 9312.1885   13.1152
    7.5000    7.5000  -30.0000 8784.0518   13.1183
   -7.5000   15.0000  -30.0000 8935.2695   13.1346
    0.0000   15.0000  -30.0000 9010.8057   13.1539
    7.5000   15.0000  -30.0000 8521.9492   13.1596
   -7.5000   22.5000  -30.0000 8185.8340   12.9898
    0.0000   22.5000  -30.0000 8243.4785   13.0136
    7.5000   22.5000  -30.0000 7798.7021   13.0236
   -7.5000   30.0000  -30.0000 7507.2036   12.6512
    0.0000   30.0000  -30.0000 7552.9526   12.6764
    7.5000   30.0000  -30.0000 7132.3408   12.6879
   -7.5000   37.5000  -30.0000 6781.4990   12.2328
    0.0000   37.5000  -30.0000 6828.5410   12.2547
    7.5000   37.5000  -30.0000 6431.7549   12.2630
   -7.5000   45.0000  -30.0000 6150.1401   12.1156
    0.0000   45.0000  -30.0000 6197.9502   12.1336
    7.5000   45.0000  -30.0000 5827.9590   12.1377
   -7.5000  -45.0000  -22.5000 7903.5928   12.4899
    0.0000  -45.0000  -22.5000 7994.2725   12.5099
    7.5000  -45.0000  -22.5000 7561.5762   12.5121
   -7.5000  -37.5000  -22.5000 8427.4785   13.3016
    0.0000  -37.5000  -22.5000 8524.7334   13.3256
    7.5000  -37.5000  -22.5000 8061.8418   13.3275
   -7.5000  -30.0000  -22.5000 8955.7256   13.6971
    0.0000  -30.0000  -22.5000 9050.5967   13.7257
    7.5000  -30.0000  -22.5000 8564.2236   13.7288
   -7.5000  -22.5000  -22.5000 9567.5566   13.7228
    0.0000  -22.5000  -22.5000 9671.2480   13.7530
    7.5000  -22.5000  -22.5000 9131.3662   13.7585
   -7.5000  -15.0000  -22.500010154.9902   13.7114
    0.0000  -15.0000  -22.500010241.5020   13.7394
    7.5000  -15.0000  -22.5000 9661.3008   13.7462
   -7.5000   -7.5000  -22.500010236.7656   13.6754
    0.0000   -7.5000  -22.500010322.9150   13.6993
    7.5000   -7.5000  -22.5000 9732.1025   13.7043
   -7.5000    0.0000  -22.500010307.5801   13.6510
    0.0000    0.0000  -22.500010400.6846   13.6729
    7.5000    0.0000  -22.5000 9808.8916   13.6753
   -7.5000    7.5000  -22.5000 9891.3945   13.6590
    0.0000    7.5000  -22.5000 9970.4834   13.6837
    7.5000    7.5000  -22.5000 9403.4531   13.6857
   -7.5000   15.0000  -22.5000 9561.5469   13.6938
    0.0000   15.0000  -22.5000 9614.0781   13.7224
    7.5000   15.0000  -22.5000 9116.9121   13.7255
   -7.5000   22.5000  -22.5000 8736.4346   13.5412
    0.0000   22.5000  -22.5000 8782.3564   13.5711
    7.5000   22.5000  -22.5000 8335.5146   13.5765
   -7.5000   30.0000  -22.5000 7994.1011   13.1948
    0.0000   30.0000  -22.5000 8028.4912   13.2217
    7.5000   30.0000  -22.5000 7613.8223   13.2283
   -7.5000   37.5000  -22.5000 7191.9263   12.7705
    0.0000   37.5000  -22.5000 7226.6255   12.7929
    7.5000   37.5000  -22.5000 6825.7222   12.7976
   -7.5000   45.0000  -22.5000 6500.1147   12.6686
    0.0000   45.0000  -22.5000 6545.5815   12.6905
    7.5000   45.0000  -22.5000 6173.4678   12.6912
   -7.5000  -45.0000  -15.0000 8480.2490   12.9493
    0.0000  -45.0000  -15.0000 8571.3818   12.9731
    7.5000  -45.0000  -15.0000 8109.9946   12.9795
   -7.5000  -37.5000  -15.0000 9018.5889   13.7849
    0.0000  -37.5000  -15.0000 9112.5850   13.8140
    7.5000  -37.5000  -15.0000 8627.7188   13.8224
   -7.5000  -30.0000  -15.0000 9589.3174   14.1754
    0.0000  -30.0000  -15.0000 9679.5146   14.2071
    7.5000  -30.0000  -15.0000 9166.7041   14.2157
   -7.5000  -22.5000  -15.000010241.8760   14.1998
    0.0000  -22.5000  -15.000010355.8818   14.2302
    7.5000  -22.5000  -15.0000 9783.5381   14.2383
   -7.5000  -15.0000  -15.000010827.3604   14.1931
    0.0000  -15.0000  -15.000010939.2168   14.2200
    7.5000  -15.0000  -15.000010315.1406   14.2272
   -7.5000   -7.5000  -15.000010903.6992   14.1628
    0.0000   -7.5000  -15.000011015.8037   14.1873
    7.5000   -7.5000  -15.000010387.3340   14.1936
   -7.5000    0.0000  -15.000010994.2383   14.1394
    0.0000    0.0000  -15.000011110.1650   14.1654
    7.5000    0.0000  -15.000010455.7783   14.1724
   -7.5000    7.5000  -15.000010529.7656   14.1416
    0.0000    7.5000  -15.000010616.7793   14.1715
    7.5000    7.5000  -15.0000 9990.0137   14.1801
   -7.5000   15.0000  -15.000010173.8750   14.1710
    0.0000   15.0000  -15.000010215.4131   14.2027
    7.5000   15.0000  -15.0000 9676.9824   14.2114
   -7.5000   22.5000  -15.0000 9289.3125   14.0141
    0.0000   22.5000  -15.0000 9308.7266   14.0441
    7.5000   22.5000  -15.0000 8851.8975   14.0520
   -7.5000   30.0000  -15.0000 8461.6641   13.6687
    0.0000   30.0000  -15.0000 8493.0049   13.6946
    7.5000   30.0000  -15.0000 8067.3394   13.7015
   -7.5000   37.5000  -15.0000 7604.3569   13.2463
    0.0000   37.5000  -15.0000 7628.9048   13.2692
    7.5000   37.5000  -15.0000 7233.9673   13.2750
   -7.5000   45.0000  -15.0000 6861.2568   13.1539
    0.0000   45.0000  -15.0000 6898.9658   13.1797
    7.5000   45.0000  -15.0000 6522.3579   13.1834
   -7.5000  -45.0000   -7.5000 8764.7393   12.9542
    0.0000  -45.0000   -7.5000 8843.9053   12.9796
    7.5000  -45.0000   -7.5000 8384.9600   12.9921
   -7.5000  -37.5000   -7.5000 9305.1318   13.7842
    0.0000  -37.5000   -7.5000 9388.7236   13.8117
    7.5000  -37.5000   -7.5000 8895.4883   13.8272
   -7.5000  -30.0000   -7.5000 9924.2451   14.1726
    0.0000  -30.0000   -7.500010013.9561   14.1989
    7.5000  -30.0000   -7.5000 9471.5068   14.2147
   -7.5000  -22.5000   -7.500010616.2920   14.2003
    0.0000  -22.5000   -7.500010756.6963   14.2248
    7.5000  -22.5000   -7.500010120.3984   14.2391
   -7.5000  -15.0000   -7.500011161.4717   14.1998
    0.0000  -15.0000   -7.500011313.3506   14.2237
    7.5000  -15.0000   -7.500010608.2988   14.2360
   -7.5000   -7.5000   -7.500011251.8896   14.1723
    0.0000   -7.5000   -7.500011371.8535   14.1976
    7.5000   -7.5000   -7.500010689.5439   14.2091
   -7.5000    0.0000   -7.500011348.6289   14.1448
    0.0000    0.0000   -7.500011473.4229   14.1725
    7.5000    0.0000   -7.500010784.6953   14.1862
   -7.5000    7.5000   -7.500010832.0273   14.1409
    0.0000    7.5000   -7.500010902.2246   14.1691
    7.5000    7.5000   -7.500010276.1445   14.1850
   -7.5000   15.0000   -7.500010457.3281   14.1683
    0.0000   15.0000   -7.500010502.5547   14.1945
    7.5000   15.0000   -7.5000 9932.2305   14.2103
   -7.5000   22.5000   -7.5000 9548.2939   14.0145
    0.0000   22.5000   -7.5000 9568.6357   14.0388
    7.5000   22.5000   -7.5000 9075.3057   14.0529
   -7.5000   30.0000   -7.5000 8702.1562   13.6751
    0.0000   30.0000   -7.5000 8723.4658   13.6981
    7.5000   30.0000   -7.5000 8286.0254   13.7100
   -7.5000   37.5000   -7.5000 7801.1777   13.2554
    0.0000   37.5000   -7.5000 7821.1846   13.2790
    7.5000   37.5000   -7.5000 7415.3359   13.2899
   -7.5000   45.0000   -7.5000 7022.7944   13.1549
    0.0000   45.0000   -7.5000 7058.7739   13.1821
    7.5000   45.0000   -7.5000 6676.7500   13.1924
   -7.5000  -45.0000    0.0000 8848.1270   13.2676
    0.0000  -45.0000    0.0000 8931.7871   13.2913
    7.5000  -45.0000    0.0000 8450.6494   13.3060
   -7.5000  -37.5000    0.0000 9370.2793   14.1110
    0.0000  -37.5000    0.0000 9462.6289   14.1318
    7.5000  -37.5000    0.0000 8953.1514   14.1487
   -7.5000  -30.0000    0.000010042.9316   14.5033
    0.0000  -30.0000    0.000010148.7432   14.5214
    7.5000  -30.0000    0.0000 9603.4258   14.5399
   -7.5000  -22.5000    0.000010832.7734   14.5367
    0.0000  -22.5000    0.000011003.9307   14.5560
    7.5000  -22.5000    0.000010295.6943   14.5750
   -7.5000  -15.0000    0.000011399.8809   14.5380
    0.0000  -15.0000    0.000011553.8857   14.5612
    7.5000  -15.0000    0.000010776.6982   14.5789
   -7.5000   -7.5000    0.000011453.2695   14.5066
    0.0000   -7.5000    0.000011574.7393   14.5330
    7.5000   -7.5000    0.000010843.5488   14.5490
   -7.5000    0.0000    0.000011541.6211   14.4726
    0.0000    0.0000    0.000011640.7979   14.4985
    7.5000    0.0000    0.000010935.8955   14.5146
   -7.5000    7.5000    0.000010956.4912   14.4666
    0.0000    7.5000    0.000011004.9961   14.4879
    7.5000    7.5000    0.000010370.8867   14.5052
   -7.5000   15.0000    0.000010553.6426   14.4982
    0.0000   15.0000    0.000010591.8662   14.5163
    7.5000   15.0000    0.0000 9991.9932   14.5348
   -7.5000   22.5000    0.0000 9634.8682   14.3486
    0.0000   22.5000    0.0000 9658.6992   14.3676
    7.5000   22.5000    0.0000 9113.3750   14.3864
   -7.5000   30.0000    0.0000 8756.9551   14.0092
    0.0000   30.0000    0.0000 8803.2334   14.0316
    7.5000   30.0000    0.0000 8320.4268   14.0487
   -7.5000   37.5000    0.0000 7861.9458   13.5843
    0.0000   37.5000    0.0000 7902.5205   13.6090
    7.5000   37.5000    0.0000 7470.5894   13.6240
   -7.5000   45.0000    0.0000 7045.9155   13.4810
    0.0000   45.0000    0.0000 7092.7827   13.5063
    7.5000   45.0000    0.0000 6696.4722   13.5206
   -7.5000  -45.0000    7.5000 8585.2236   13.2507
    0.0000  -45.0000    7.5000 8661.0518   13.2701
    7.5000  -45.0000    7.5000 8197.7734   13.2805
   -7.5000  -37.5000    7.5000 9100.6582   14.0977
    0.0000  -37.5000    7.5000 9159.8818   14.1130
    7.5000  -37.5000    7.5000 8714.5420   14.1234
   -7.5000  -30.0000    7.5000 9848.2510   14.4949
    0.0000  -30.0000    7.5000 9952.9482   14.5102
    7.5000  -30.0000    7.5000 9401.1953   14.5240
   -7.5000  -22.5000    7.500010709.5537   14.5294
    0.0000  -22.5000    7.500010906.5947   14.5497
    7.5000  -22.5000    7.500010099.0547   14.5675
   -7.5000  -15.0000    7.500011296.7754   14.5259
    0.0000  -15.0000    7.500011493.4883   14.5515
    7.5000  -15.0000    7.500010608.3955   14.5700
   -7.5000   -7.5000    7.500011314.9922   14.4889
    0.0000   -7.5000    7.500011475.1758   14.5152
    7.5000   -7.5000    7.500010628.4453   14.5303
   -7.5000    0.0000    7.500011295.5508   14.4542
    0.0000    0.0000    7.500011426.3193   14.4754
    7.5000    0.0000    7.500010658.9316   14.4868
   -7.5000    7.5000    7.500010632.5898   14.4530
    0.0000    7.5000    7.500010746.0127   14.4686
    7.5000    7.5000    7.500010040.2695   14.4794
   -7.5000   15.0000    7.500010209.7822   14.4898
    0.0000   15.0000    7.500010305.6865   14.5051
    7.5000   15.0000    7.5000 9635.5166   14.5188
   -7.5000   22.5000    7.5000 9335.1377   14.3414
    0.0000   22.5000    7.5000 9383.4453   14.3614
    7.5000   22.5000    7.5000 8806.4004   14.3790
   -7.5000   30.0000    7.5000 8481.9990   13.9976
    0.0000   30.0000    7.5000 8527.7207   14.0222
    7.5000   30.0000    7.5000 8028.3770   14.0401
   -7.5000   37.5000    7.5000 7611.8228   13.5674
    0.0000   37.5000    7.5000 7649.8711   13.5920
    7.5000   37.5000    7.5000 7215.2212   13.6062
   -7.5000   45.0000    7.5000 6820.7744   13.4634
    0.0000   45.0000    7.5000 6856.4336   13.4843
    7.5000   45.0000    7.5000 6474.3887   13.4954
   -7.5000  -45.0000   15.0000 8633.0801   13.2604
    0.0000  -45.0000   15.0000 8715.9150   13.2789
    7.5000  -45.0000   15.0000 8250.5771   13.2831
   -7.5000  -37.5000   15.0000 9155.3057   14.1141
    0.0000  -37.5000   15.0000 9251.8076   14.1318
    7.5000  -37.5000   15.0000 8738.5459   14.1349
   -7.5000  -30.0000   15.0000 9847.0498   14.5146
    0.0000  -30.0000   15.000010044.7070   14.5360
    7.5000  -30.0000   15.0000 9350.9766   14.5421
   -7.5000  -22.5000   15.000010652.7676   14.5466
    0.0000  -22.5000   15.000010970.1846   14.5734
    7.5000  -22.5000   15.000010040.7598   14.5843
   -7.5000  -15.0000   15.000011334.1064   14.5366
    0.0000  -15.0000   15.000011665.9414   14.5656
    7.5000  -15.0000   15.000010651.2422   14.5787
   -7.5000   -7.5000   15.000011383.8486   14.4959
    0.0000   -7.5000   15.000011628.4180   14.5220
    7.5000   -7.5000   15.000010701.3848   14.5317
   -7.5000    0.0000   15.000011297.9551   14.4648
    0.0000    0.0000   15.000011467.7041   14.4850
    7.5000    0.0000   15.000010667.9795   14.4896
   -7.5000    7.5000   15.000010529.3848   14.4698
    0.0000    7.5000   15.000010669.9863   14.4880
    7.5000    7.5000   15.0000 9955.8281   14.4911
   -7.5000   15.0000   15.000010093.3691   14.5094
    0.0000   15.0000   15.000010196.4443   14.5309
    7.5000   15.0000   15.0000 9548.6133   14.5369
   -7.5000   22.5000   15.0000 9265.0488   14.3584
    0.0000   22.5000   15.0000 9342.0840   14.3848
    7.5000   22.5000   15.0000 8768.7607   14.3956
   -7.5000   30.0000   15.0000 8444.3408   14.0079
    0.0000   30.0000   15.0000 8514.4238   14.0359
    7.5000   30.0000   15.0000 7992.4365   14.0485
   -7.5000   37.5000   15.0000 7572.3906   13.5738
    0.0000   37.5000   15.0000 7626.0308   13.5981
    7.5000   37.5000   15.0000 7179.0298   13.6073
   -7.5000   45.0000   15.0000 6780.6890   13.4780
    0.0000   45.0000   15.0000 6817.3833   13.4981
    7.5000   45.0000   15.0000 6417.1006   13.5025
   -7.5000  -45.0000   22.5000 8213.8037   13.4536
    0.0000  -45.0000   22.5000 8313.6934   13.4758
    7.5000  -45.0000   22.5000 7839.0820   13.4782
   -7.5000  -37.5000   22.5000 8709.1113   14.3216
    0.0000  -37.5000   22.5000 8813.6367   14.3482
    7.5000  -37.5000   22.5000 8283.6523   14.3504
   -7.5000  -30.0000   22.5000 9270.1523   14.7277
    0.0000  -30.0000   22.5000 9434.0352   14.7592
    7.5000  -30.0000   22.5000 8791.5332   14.7623
   -7.5000  -22.5000   22.5000 9934.2842   14.7581
    0.0000  -22.5000   22.500010131.0186   14.7912
    7.5000  -22.5000   22.5000 9390.6562   14.7966
   -7.5000  -15.0000   22.500010569.9414   14.7460
    0.0000  -15.0000   22.500010810.6758   14.7767
    7.5000  -15.0000   22.500010002.5850   14.7836
   -7.5000   -7.5000   22.500010710.5957   14.7045
    0.0000   -7.5000   22.500010944.8291   14.7308
    7.5000   -7.5000   22.500010142.2959   14.7361
   -7.5000    0.0000   22.500010677.4443   14.6755
    0.0000    0.0000   22.500010869.6270   14.6997
    7.5000    0.0000   22.500010137.6377   14.7023
   -7.5000    7.5000   22.5000 9911.8975   14.6825
    0.0000    7.5000   22.500010068.5811   14.7098
    7.5000    7.5000   22.5000 9419.4053   14.7120
   -7.5000   15.0000   22.5000 9507.4619   14.7225
    0.0000   15.0000   22.5000 9616.6787   14.7540
    7.5000   15.0000   22.5000 9036.9189   14.7571
   -7.5000   22.5000   22.5000 8766.3574   14.5671
    0.0000   22.5000   22.5000 8842.0166   14.5998
    7.5000   22.5000   22.5000 8319.6865   14.6051
   -7.5000   30.0000   22.5000 8016.9468   14.2097
    0.0000   30.0000   22.5000 8065.2983   14.2392
    7.5000   30.0000   22.5000 7601.3037   14.2459
   -7.5000   37.5000   22.5000 7178.9185   13.7693
    0.0000   37.5000   22.5000 7216.9297   13.7939
    7.5000   37.5000   22.5000 6805.3892   13.7989
   -7.5000   45.0000   22.5000 6420.4727   13.6819
    0.0000   45.0000   22.5000 6450.1045   13.7061
    7.5000   45.0000   22.5000 6071.2534   13.7070
   -7.5000  -45.0000   30.0000 7719.6157   13.5988
    0.0000  -45.0000   30.0000 7787.4058   13.6250
    7.5000  -45.0000   30.0000 7370.3452   13.6321
   -7.5000  -37.5000   30.0000 8178.7285   14.4759
    0.0000  -37.5000   30.0000 8270.3027   14.5083
    7.5000  -37.5000   30.0000 7796.5820   14.5178
   -7.5000  -30.0000   30.0000 8686.6006   14.8849
    0.0000  -30.0000   30.0000 8785.2871   14.9199
    7.5000  -30.0000   30.0000 8253.2822   14.9292
   -7.5000  -22.5000   30.0000 9270.9326   14.9174
    0.0000  -22.5000   30.0000 9337.4258   14.9505
    7.5000  -22.5000   30.0000 8799.5566   14.9583
   -7.5000  -15.0000   30.0000 9803.3496   14.9123
    0.0000  -15.0000   30.0000 9885.9766   14.9412
    7.5000  -15.0000   30.0000 9324.3340   14.9478
   -7.5000   -7.5000   30.0000 9922.0176   14.8750
    0.0000   -7.5000   30.000010025.6514   14.9014
    7.5000   -7.5000   30.0000 9436.4756   14.9075
   -7.5000    0.0000   30.0000 9983.2939   14.8429
    0.0000    0.0000   30.000010086.1553   14.8715
    7.5000    0.0000   30.0000 9509.9150   14.8793
   -7.5000    7.5000   30.0000 9322.0625   14.8433
    0.0000    7.5000   30.0000 9410.5840   14.8765
    7.5000    7.5000   30.0000 8885.9102   14.8862
   -7.5000   15.0000   30.0000 8959.1172   14.8796
    0.0000   15.0000   30.0000 9042.5332   14.9146
    7.5000   15.0000   30.0000 8526.0107   14.9238
   -7.5000   22.5000   30.0000 8242.0645   14.7230
    0.0000   22.5000   30.0000 8310.2773   14.7557
    7.5000   22.5000   30.0000 7819.4014   14.7634
   -7.5000   30.0000   30.0000 7498.3003   14.3765
    0.0000   30.0000   30.0000 7546.7607   14.4044
    7.5000   30.0000   30.0000 7107.4629   14.4107
   -7.5000   37.5000   30.0000 6698.8711   13.9425
    0.0000   37.5000   30.0000 6744.4180   13.9674
    7.5000   37.5000   30.0000 6356.4082   13.9731
   -7.5000   45.0000   30.0000 5998.4351   13.8585
    0.0000   45.0000   30.0000 6028.9482   13.8871
    7.5000   45.0000   30.0000 5686.5054   13.8914
   -7.5000  -45.0000   37.5000 7218.3184   13.6276
    0.0000  -45.0000   37.5000 7299.9434   13.6539
    7.5000  -45.0000   37.5000 6906.1426   13.6676
   -7.5000  -37.5000   37.5000 7650.8315   14.4987
    0.0000  -37.5000   37.5000 7746.6387   14.5276
    7.5000  -37.5000   37.5000 7312.1245   14.5445
   -7.5000  -30.0000   37.5000 8101.6758   14.8981
    0.0000  -30.0000   37.5000 8194.2070   14.9256
    7.5000  -30.0000   37.5000 7723.4619   14.9424
   -7.5000  -22.5000   37.5000 8620.8691   14.9395
    0.0000  -22.5000   37.5000 8710.2412   14.9648
    7.5000  -22.5000   37.5000 8240.7090   14.9795
   -7.5000  -15.0000   37.5000 9100.0518   14.9461
    0.0000  -15.0000   37.5000 9195.2520   14.9703
    7.5000  -15.0000   37.5000 8699.2930   14.9828
   -7.5000   -7.5000   37.5000 9193.2354   14.9112
    0.0000   -7.5000   37.5000 9278.8682   14.9369
    7.5000   -7.5000   37.5000 8764.2871   14.9489
   -7.5000    0.0000   37.5000 9262.7832   14.8687
    0.0000    0.0000   37.5000 9345.1602   14.8974
    7.5000    0.0000   37.5000 8831.4023   14.9124
   -7.5000    7.5000   37.5000 8693.5088   14.8574
    0.0000    7.5000   37.5000 8743.2744   14.8870
    7.5000    7.5000   37.5000 8280.6094   14.9044
   -7.5000   15.0000   37.5000 8404.9385   14.8927
    0.0000   15.0000   37.5000 8454.5547   14.9201
    7.5000   15.0000   37.5000 7999.0991   14.9370
   -7.5000   22.5000   37.5000 7731.1265   14.7423
    0.0000   22.5000   37.5000 7778.5586   14.7672
    7.5000   22.5000   37.5000 7349.4878   14.7818
   -7.5000   30.0000   37.5000 7016.3813   14.4090
    0.0000   30.0000   37.5000 7058.0249   14.4323
    7.5000   30.0000   37.5000 6674.9282   14.4444
   -7.5000   37.5000   37.5000 6268.8130   13.9773
    0.0000   37.5000   37.5000 6308.5308   14.0014
    7.5000   37.5000   37.5000 5964.6699   14.0127
   -7.5000   45.0000   37.5000 5616.4634   13.8761
    0.0000   45.0000   37.5000 5642.0269   13.9046
    7.5000   45.0000   37.5000 5336.4956   13.9160
   -7.5000  -45.0000   45.0000 6707.4873   13.7095
    0.0000  -45.0000   45.0000 6784.3613   13.7372
    7.5000  -45.0000   45.0000 6427.7769   13.7549
   -7.5000  -37.5000   45.0000 7108.8198   14.5840
    0.0000  -37.5000   45.0000 7193.9941   14.6070
    7.5000  -37.5000   45.0000 6803.7612   14.6262
   -7.5000  -30.0000   45.0000 7527.2026   14.9750
    0.0000  -30.0000   45.0000 7595.4600   14.9951
    7.5000  -30.0000   45.0000 7191.7847   15.0158
   -7.5000  -22.5000   45.0000 7993.4805   15.0224
    0.0000  -22.5000   45.0000 8063.7905   15.0457
    7.5000  -22.5000   45.0000 7640.3579   15.0674
   -7.5000  -15.0000   45.0000 8416.2314   15.0325
    0.0000  -15.0000   45.0000 8501.1553   15.0617
    7.5000  -15.0000   45.0000 8056.4248   15.0827
   -7.5000   -7.5000   45.0000 8498.5781   14.9949
    0.0000   -7.5000   45.0000 8581.9346   15.0275
    7.5000   -7.5000   45.0000 8131.1694   15.0470
   -7.5000    0.0000   45.0000 8583.0137   14.9451
    0.0000    0.0000   45.0000 8652.6836   14.9754
    7.5000    0.0000   45.0000 8203.2334   14.9947
   -7.5000    7.5000   45.0000 8063.3159   14.9305
    0.0000    7.5000   45.0000 8109.7339   14.9540
    7.5000    7.5000   45.0000 7688.5132   14.9737
   -7.5000   15.0000   45.0000 7804.8062   14.9694
    0.0000   15.0000   45.0000 7846.5601   14.9895
    7.5000   15.0000   45.0000 7431.9521   15.0101
   -7.5000   22.5000   45.0000 7193.1089   14.8221
    0.0000   22.5000   45.0000 7240.5142   14.8451
    7.5000   22.5000   45.0000 6838.8154   14.8665
   -7.5000   30.0000   45.0000 6543.3076   14.4909
    0.0000   30.0000   45.0000 6590.7314   14.5191
    7.5000   30.0000   45.0000 6214.6255   14.5392
   -7.5000   37.5000   45.0000 5865.2275   14.0525
    0.0000   37.5000   45.0000 5912.6963   14.0831
    7.5000   37.5000   45.0000 5573.1543   14.1014
   -7.5000   45.0000   45.0000 5239.1724   13.9340
    0.0000   45.0000   45.0000 5275.5781   13.9636
    7.5000   45.0000   45.0000 4984.2783   13.9811

---------------------------------------------------------------------
imgreg_4dfp /opt/freesurfer/average/711-2C_as_mni_average_305 /opt/freesurfer/average/711-2B_as_mni_average_305_mask talsrcimg_g11 none talsrcimg_to_711-2C_as_mni_average_305_t4 4355
---------------------------------------------------------------------

freesurfer imgreg_4dfp.c
/opt/freesurfer/average/711-2C_as_mni_average_305.4dfp.img
       256       256       256         1
  1.000000  1.000000  1.000000
orientation T byte_order littleendian
Reading image: /opt/freesurfer/average/711-2C_as_mni_average_305.4dfp.img
dimensions:      256       256       256
mmppix:       1.0000   -1.0000   -1.0000
center:     128.0000 -129.0000 -129.0000
/opt/freesurfer/average/711-2B_as_mni_average_305_mask.4dfp.img
       256       256       256         1
  1.000000  1.000000  1.000000
orientation T byte_order littleendian
Reading mask: /opt/freesurfer/average/711-2B_as_mni_average_305_mask.4dfp.img (2306576 pixels)
talsrcimg_g11.4dfp.img
       256       256       256         1
  0.898437  0.898437  0.898437
orientation T byte_order littleendian
Reading image: talsrcimg_g11.4dfp.img
dimensions:      256       256       256
mmppix:       0.8984   -0.8984   -0.8984
center:     114.9999 -115.8984 -115.8984
rotation matrix determinant  1.000000
image alignment mode   4355 decimal     1103 hex
   -7.5000  -60.0000  -30.0000 2020.8444   15.0625
    0.0000  -60.0000  -30.0000 2040.5785   15.0061
    7.5000  -60.0000  -30.0000 2027.7715   15.1146
   -7.5000  -52.5000  -30.0000 2140.0164   13.4843
    0.0000  -52.5000  -30.0000 2159.2676   13.4235
    7.5000  -52.5000  -30.0000 2147.3342   13.5546
   -7.5000  -45.0000  -30.0000 2263.4392   12.4920
    0.0000  -45.0000  -30.0000 2288.1787   12.4582
    7.5000  -45.0000  -30.0000 2271.3911   12.5449
   -7.5000  -37.5000  -30.0000 2332.7068   11.7471
    0.0000  -37.5000  -30.0000 2354.5674   11.6843
    7.5000  -37.5000  -30.0000 2337.8752   11.7766
   -7.5000  -30.0000  -30.0000 2374.8352   11.1531
    0.0000  -30.0000  -30.0000 2398.9543   11.0969
    7.5000  -30.0000  -30.0000 2375.0959   11.2190
   -7.5000  -22.5000  -30.0000 2403.1321   10.7275
    0.0000  -22.5000  -30.0000 2426.7095   10.6621
    7.5000  -22.5000  -30.0000 2402.7402   10.7964
   -7.5000  -15.0000  -30.0000 2424.0376   10.5071
    0.0000  -15.0000  -30.0000 2442.2646   10.4597
    7.5000  -15.0000  -30.0000 2420.1023   10.5772
   -7.5000   -7.5000  -30.0000 2416.0798   10.5967
    0.0000   -7.5000  -30.0000 2440.0593   10.5321
    7.5000   -7.5000  -30.0000 2410.9463   10.6502
   -7.5000    0.0000  -30.0000 2391.9038   10.8632
    0.0000    0.0000  -30.0000 2416.0886   10.7898
    7.5000    0.0000  -30.0000 2384.7380   10.9180
   -7.5000    7.5000  -30.0000 2348.2351   11.3958
    0.0000    7.5000  -30.0000 2371.2122   11.3294
    7.5000    7.5000  -30.0000 2340.1062   11.4639
   -7.5000   15.0000  -30.0000 2279.0471   12.2196
    0.0000   15.0000  -30.0000 2299.8079   12.1501
    7.5000   15.0000  -30.0000 2271.5720   12.3045
   -7.5000   22.5000  -30.0000 2191.2754   13.3270
    0.0000   22.5000  -30.0000 2209.8445   13.2863
    7.5000   22.5000  -30.0000 2180.3628   13.4507
   -7.5000   30.0000  -30.0000 2080.9587   14.7825
    0.0000   30.0000  -30.0000 2094.8806   14.7263
    7.5000   30.0000  -30.0000 2067.4978   14.9008
   -7.5000  -60.0000  -22.5000 2128.6865   14.4937
    0.0000  -60.0000  -22.5000 2147.5845   14.4299
    7.5000  -60.0000  -22.5000 2131.7808   14.5280
   -7.5000  -52.5000  -22.5000 2258.9617   12.9822
    0.0000  -52.5000  -22.5000 2278.3911   12.9313
    7.5000  -52.5000  -22.5000 2259.7593   13.0107
   -7.5000  -45.0000  -22.5000 2388.6465   12.0061
    0.0000  -45.0000  -22.5000 2413.2080   11.9419
    7.5000  -45.0000  -22.5000 2389.0574   12.0343
   -7.5000  -37.5000  -22.5000 2460.7424   11.2362
    0.0000  -37.5000  -22.5000 2486.3218   11.1720
    7.5000  -37.5000  -22.5000 2464.8254   11.2646
   -7.5000  -30.0000  -22.5000 2506.3591   10.6499
    0.0000  -30.0000  -22.5000 2528.4966   10.5980
    7.5000  -30.0000  -22.5000 2510.3564   10.7127
   -7.5000  -22.5000  -22.5000 2544.9722   10.2491
    0.0000  -22.5000  -22.5000 2572.2495   10.1825
    7.5000  -22.5000  -22.5000 2545.1631   10.3186
   -7.5000  -15.0000  -22.5000 2578.4934   10.0260
    0.0000  -15.0000  -22.5000 2599.0225    9.9748
    7.5000  -15.0000  -22.5000 2570.7131   10.1121
   -7.5000   -7.5000  -22.5000 2577.9302   10.0806
    0.0000   -7.5000  -22.5000 2602.2312   10.0166
    7.5000   -7.5000  -22.5000 2568.0500   10.1669
   -7.5000    0.0000  -22.5000 2552.6841   10.4121
    0.0000    0.0000  -22.5000 2581.0381   10.3143
    7.5000    0.0000  -22.5000 2538.6233   10.4665
   -7.5000    7.5000  -22.5000 2501.8716   10.9838
    0.0000    7.5000  -22.5000 2526.6721   10.8833
    7.5000    7.5000  -22.5000 2485.7795   11.0112
   -7.5000   15.0000  -22.5000 2418.8716   11.7766
    0.0000   15.0000  -22.5000 2439.9656   11.6858
    7.5000   15.0000  -22.5000 2407.2329   11.8245
   -7.5000   22.5000  -22.5000 2319.2190   12.8491
    0.0000   22.5000  -22.5000 2335.6428   12.7833
    7.5000   22.5000  -22.5000 2306.6602   12.9268
   -7.5000   30.0000  -22.5000 2193.4753   14.2668
    0.0000   30.0000  -22.5000 2211.9111   14.1851
    7.5000   30.0000  -22.5000 2188.8892   14.3301
   -7.5000  -60.0000  -15.0000 2203.1646   13.9228
    0.0000  -60.0000  -15.0000 2220.9780   13.8093
    7.5000  -60.0000  -15.0000 2206.7583   13.9540
   -7.5000  -52.5000  -15.0000 2338.8816   12.4359
    0.0000  -52.5000  -15.0000 2357.9224   12.3628
    7.5000  -52.5000  -15.0000 2342.3367   12.4713
   -7.5000  -45.0000  -15.0000 2476.0176   11.4505
    0.0000  -45.0000  -15.0000 2500.4885   11.3695
    7.5000  -45.0000  -15.0000 2481.0120   11.4879
   -7.5000  -37.5000  -15.0000 2554.9817   10.6797
    0.0000  -37.5000  -15.0000 2585.3076   10.6183
    7.5000  -37.5000  -15.0000 2560.9089   10.7341
   -7.5000  -30.0000  -15.0000 2608.3713   10.1391
    0.0000  -30.0000  -15.0000 2637.6023   10.0734
    7.5000  -30.0000  -15.0000 2617.6494   10.1871
   -7.5000  -22.5000  -15.0000 2660.4399    9.7529
    0.0000  -22.5000  -15.0000 2692.1953    9.6875
    7.5000  -22.5000  -15.0000 2663.7700    9.8169
   -7.5000  -15.0000  -15.0000 2698.7449    9.5271
    0.0000  -15.0000  -15.0000 2728.6506    9.4533
    7.5000  -15.0000  -15.0000 2694.4412    9.5946
   -7.5000   -7.5000  -15.0000 2706.9661    9.5573
    0.0000   -7.5000  -15.0000 2735.4751    9.4802
    7.5000   -7.5000  -15.0000 2698.5195    9.6421
   -7.5000    0.0000  -15.0000 2683.0525    9.8973
    0.0000    0.0000  -15.0000 2714.6121    9.8045
    7.5000    0.0000  -15.0000 2667.5325    9.9562
   -7.5000    7.5000  -15.0000 2622.7996   10.4810
    0.0000    7.5000  -15.0000 2651.9453   10.3899
    7.5000    7.5000  -15.0000 2604.0552   10.5189
   -7.5000   15.0000  -15.0000 2527.8000   11.2611
    0.0000   15.0000  -15.0000 2547.9409   11.1760
    7.5000   15.0000  -15.0000 2513.2432   11.2894
   -7.5000   22.5000  -15.0000 2407.9207   12.3066
    0.0000   22.5000  -15.0000 2423.4500   12.2242
    7.5000   22.5000  -15.0000 2396.0093   12.3492
   -7.5000   30.0000  -15.0000 2278.7566   13.6991
    0.0000   30.0000  -15.0000 2298.6609   13.5860
    7.5000   30.0000  -15.0000 2266.5269   13.7374
   -7.5000  -60.0000   -7.5000 2238.2871   13.3388
    0.0000  -60.0000   -7.5000 2264.3093   13.2283
    7.5000  -60.0000   -7.5000 2244.2236   13.3800
   -7.5000  -52.5000   -7.5000 2374.2112   11.8895
    0.0000  -52.5000   -7.5000 2398.4253   11.7898
    7.5000  -52.5000   -7.5000 2380.3848   11.9417
   -7.5000  -45.0000   -7.5000 2516.9695   10.9055
    0.0000  -45.0000   -7.5000 2544.9939   10.8101
    7.5000  -45.0000   -7.5000 2525.7454   10.9459
   -7.5000  -37.5000   -7.5000 2612.5535   10.1172
    0.0000  -37.5000   -7.5000 2641.8457   10.0446
    7.5000  -37.5000   -7.5000 2623.0972   10.1652
   -7.5000  -30.0000   -7.5000 2686.9624    9.5944
    0.0000  -30.0000   -7.5000 2717.9377    9.5219
    7.5000  -30.0000   -7.5000 2695.7458    9.6352
   -7.5000  -22.5000   -7.5000 2747.6106    9.2561
    0.0000  -22.5000   -7.5000 2788.6201    9.1921
    7.5000  -22.5000   -7.5000 2755.2627    9.2954
   -7.5000  -15.0000   -7.5000 2790.6426    9.0275
    0.0000  -15.0000   -7.5000 2831.0881    8.9432
    7.5000  -15.0000   -7.5000 2784.5879    9.0910
   -7.5000   -7.5000   -7.5000 2803.3503    9.0399
    0.0000   -7.5000   -7.5000 2836.6965    8.9508
    7.5000   -7.5000   -7.5000 2791.9854    9.1218
   -7.5000    0.0000   -7.5000 2770.8574    9.3751
    0.0000    0.0000   -7.5000 2804.2007    9.2882
    7.5000    0.0000   -7.5000 2757.9185    9.4383
   -7.5000    7.5000   -7.5000 2699.5071    9.9511
    0.0000    7.5000   -7.5000 2726.2458    9.8526
    7.5000    7.5000   -7.5000 2686.9219    9.9971
   -7.5000   15.0000   -7.5000 2593.0527   10.7054
    0.0000   15.0000   -7.5000 2615.1379   10.6117
    7.5000   15.0000   -7.5000 2582.6553   10.7623
   -7.5000   22.5000   -7.5000 2465.1709   11.7390
    0.0000   22.5000   -7.5000 2483.0588   11.6348
    7.5000   22.5000   -7.5000 2451.5999   11.7963
   -7.5000   30.0000   -7.5000 2329.6670   13.0810
    0.0000   30.0000   -7.5000 2346.0459   12.9685
    7.5000   30.0000   -7.5000 2316.5471   13.1525
   -7.5000  -60.0000    0.0000 2266.8940   13.0887
    0.0000  -60.0000    0.0000 2292.3994   12.9280
    7.5000  -60.0000    0.0000 2271.7549   13.1103
   -7.5000  -52.5000    0.0000 2400.8005   11.5816
    0.0000  -52.5000    0.0000 2426.3853   11.4616
    7.5000  -52.5000    0.0000 2408.1072   11.6455
   -7.5000  -45.0000    0.0000 2550.7952   10.5758
    0.0000  -45.0000    0.0000 2577.6233   10.4655
    7.5000  -45.0000    0.0000 2555.3494   10.6412
   -7.5000  -37.5000    0.0000 2659.3394    9.7940
    0.0000  -37.5000    0.0000 2690.7305    9.6944
    7.5000  -37.5000    0.0000 2664.4590    9.8341
   -7.5000  -30.0000    0.0000 2754.2051    9.2697
    0.0000  -30.0000    0.0000 2791.0811    9.1826
    7.5000  -30.0000    0.0000 2762.6450    9.3256
   -7.5000  -22.5000    0.0000 2837.4941    8.9694
    0.0000  -22.5000    0.0000 2885.0845    8.8648
    7.5000  -22.5000    0.0000 2837.7515    9.0108
   -7.5000  -15.0000    0.0000 2890.7524    8.7596
    0.0000  -15.0000    0.0000 2940.5989    8.6563
    7.5000  -15.0000    0.0000 2871.1833    8.8203
   -7.5000   -7.5000    0.0000 2898.4070    8.7478
    0.0000   -7.5000    0.0000 2936.1741    8.6430
    7.5000   -7.5000    0.0000 2878.6074    8.8357
   -7.5000    0.0000    0.0000 2853.1089    9.0418
    0.0000    0.0000    0.0000 2889.1643    8.9399
    7.5000    0.0000    0.0000 2838.8506    9.1272
   -7.5000    7.5000    0.0000 2765.6624    9.6140
    0.0000    7.5000    0.0000 2792.3384    9.4904
    7.5000    7.5000    0.0000 2755.9014    9.6741
   -7.5000   15.0000    0.0000 2648.9702   10.4010
    0.0000   15.0000    0.0000 2672.3557   10.2819
    7.5000   15.0000    0.0000 2636.9868   10.4597
   -7.5000   22.5000    0.0000 2514.3618   11.4222
    0.0000   22.5000    0.0000 2536.1497   11.2971
    7.5000   22.5000    0.0000 2496.2263   11.4970
   -7.5000   30.0000    0.0000 2373.0276   12.6910
    0.0000   30.0000    0.0000 2396.1343   12.5681
    7.5000   30.0000    0.0000 2358.4199   12.7613
   -7.5000  -60.0000    7.5000 2278.7493   12.8368
    0.0000  -60.0000    7.5000 2305.9858   12.7280
    7.5000  -60.0000    7.5000 2283.5803   12.9273
   -7.5000  -52.5000    7.5000 2410.9495   11.3640
    0.0000  -52.5000    7.5000 2434.4099   11.2397
    7.5000  -52.5000    7.5000 2414.3096   11.4382
   -7.5000  -45.0000    7.5000 2559.7229   10.3492
    0.0000  -45.0000    7.5000 2581.2219   10.2475
    7.5000  -45.0000    7.5000 2560.7927   10.4095
   -7.5000  -37.5000    7.5000 2678.3975    9.5583
    0.0000  -37.5000    7.5000 2705.2512    9.4601
    7.5000  -37.5000    7.5000 2684.3850    9.6170
   -7.5000  -30.0000    7.5000 2789.3972    9.0877
    0.0000  -30.0000    7.5000 2823.1499    8.9773
    7.5000  -30.0000    7.5000 2795.4160    9.1328
   -7.5000  -22.5000    7.5000 2891.3333    8.8462
    0.0000  -22.5000    7.5000 2940.1099    8.7478
    7.5000  -22.5000    7.5000 2880.0723    8.8573
   -7.5000  -15.0000    7.5000 2961.1409    8.6370
    0.0000  -15.0000    7.5000 3019.4426    8.5572
    7.5000  -15.0000    7.5000 2928.7327    8.6753
   -7.5000   -7.5000    7.5000 2964.2205    8.5886
    0.0000   -7.5000    7.5000 3007.6602    8.5128
    7.5000   -7.5000    7.5000 2927.1704    8.6689
   -7.5000    0.0000    7.5000 2893.8513    8.8457
    0.0000    0.0000    7.5000 2930.0989    8.7607
    7.5000    0.0000    7.5000 2875.0369    8.9203
   -7.5000    7.5000    7.5000 2795.1685    9.3565
    0.0000    7.5000    7.5000 2829.3550    9.2635
    7.5000    7.5000    7.5000 2787.2668    9.4111
   -7.5000   15.0000    7.5000 2672.3040   10.1255
    0.0000   15.0000    7.5000 2701.2019   10.0145
    7.5000   15.0000    7.5000 2662.4563   10.1753
   -7.5000   22.5000    7.5000 2534.3975   11.1311
    0.0000   22.5000    7.5000 2552.5122   11.0295
    7.5000   22.5000    7.5000 2519.0547   11.1808
   -7.5000   30.0000    7.5000 2390.6445   12.3814
    0.0000   30.0000    7.5000 2408.8342   12.2680
    7.5000   30.0000    7.5000 2375.0774   12.4327
   -7.5000  -60.0000   15.0000 2281.4939   12.8026
    0.0000  -60.0000   15.0000 2306.5908   12.6691
    7.5000  -60.0000   15.0000 2286.4016   12.8978
   -7.5000  -52.5000   15.0000 2411.2307   11.3281
    0.0000  -52.5000   15.0000 2438.0500   11.2057
    7.5000  -52.5000   15.0000 2414.6230   11.4006
   -7.5000  -45.0000   15.0000 2564.3975   10.3297
    0.0000  -45.0000   15.0000 2586.0637   10.2171
    7.5000  -45.0000   15.0000 2566.5947   10.3674
   -7.5000  -37.5000   15.0000 2687.9756    9.5430
    0.0000  -37.5000   15.0000 2714.2485    9.4592
    7.5000  -37.5000   15.0000 2689.7024    9.5832
   -7.5000  -30.0000   15.0000 2802.5254    9.0635
    0.0000  -30.0000   15.0000 2832.9062    8.9910
    7.5000  -30.0000   15.0000 2800.9614    9.0947
   -7.5000  -22.5000   15.0000 2901.5540    8.8202
    0.0000  -22.5000   15.0000 2940.7517    8.8084
    7.5000  -22.5000   15.0000 2886.0303    8.8171
   -7.5000  -15.0000   15.0000 2970.9077    8.6476
    0.0000  -15.0000   15.0000 3030.2795    8.6536
    7.5000  -15.0000   15.0000 2935.8635    8.6824
   -7.5000   -7.5000   15.0000 2976.2180    8.6358
    0.0000   -7.5000   15.0000 3024.9629    8.5903
    7.5000   -7.5000   15.0000 2940.9331    8.7043
   -7.5000    0.0000   15.0000 2897.7693    8.8413
    0.0000    0.0000   15.0000 2939.3054    8.7530
    7.5000    0.0000   15.0000 2880.0200    8.9063
   -7.5000    7.5000   15.0000 2794.2263    9.2752
    0.0000    7.5000   15.0000 2828.4004    9.1946
    7.5000    7.5000   15.0000 2782.1572    9.3382
   -7.5000   15.0000   15.0000 2665.8137   10.0019
    0.0000   15.0000   15.0000 2692.8926    9.9095
    7.5000   15.0000   15.0000 2659.1379   10.0589
   -7.5000   22.5000   15.0000 2528.6313   10.9757
    0.0000   22.5000   15.0000 2548.7800   10.8773
    7.5000   22.5000   15.0000 2519.9448   11.0422
   -7.5000   30.0000   15.0000 2386.2866   12.2324
    0.0000   30.0000   15.0000 2406.4150   12.1475
    7.5000   30.0000   15.0000 2373.1533   12.2833
   -7.5000  -60.0000   22.5000 2269.8523   13.0235
    0.0000  -60.0000   22.5000 2294.1440   12.9183
    7.5000  -60.0000   22.5000 2268.8660   13.1351
   -7.5000  -52.5000   22.5000 2406.9214   11.5370
    0.0000  -52.5000   22.5000 2431.6150   11.4372
    7.5000  -52.5000   22.5000 2402.1873   11.5994
   -7.5000  -45.0000   22.5000 2558.9937   10.5334
    0.0000  -45.0000   22.5000 2583.0593   10.4487
    7.5000  -45.0000   22.5000 2558.2385   10.5929
   -7.5000  -37.5000   22.5000 2680.4229    9.7621
    0.0000  -37.5000   22.5000 2704.1675    9.6809
    7.5000  -37.5000   22.5000 2675.4561    9.8117
   -7.5000  -30.0000   22.5000 2786.1062    9.2534
    0.0000  -30.0000   22.5000 2815.3352    9.2027
    7.5000  -30.0000   22.5000 2776.9692    9.2814
   -7.5000  -22.5000   22.5000 2872.6819    8.9244
    0.0000  -22.5000   22.5000 2902.7344    8.8985
    7.5000  -22.5000   22.5000 2851.6931    8.9556
   -7.5000  -15.0000   22.5000 2928.3511    8.7603
    0.0000  -15.0000   22.5000 2964.5330    8.7340
    7.5000  -15.0000   22.5000 2900.6572    8.8253
   -7.5000   -7.5000   22.5000 2928.3025    8.8463
    0.0000   -7.5000   22.5000 2964.2224    8.8164
    7.5000   -7.5000   22.5000 2904.6433    8.8996
   -7.5000    0.0000   22.5000 2856.6062    9.0934
    0.0000    0.0000   22.5000 2894.3762    9.0360
    7.5000    0.0000   22.5000 2841.9717    9.1529
   -7.5000    7.5000   22.5000 2750.0432    9.4779
    0.0000    7.5000   22.5000 2782.9463    9.4059
    7.5000    7.5000   22.5000 2741.4033    9.5404
   -7.5000   15.0000   22.5000 2627.2954   10.1215
    0.0000   15.0000   22.5000 2654.2075   10.0201
    7.5000   15.0000   22.5000 2624.3630   10.1752
   -7.5000   22.5000   22.5000 2501.1567   11.0270
    0.0000   22.5000   22.5000 2521.6382   10.9121
    7.5000   22.5000   22.5000 2496.2175   11.0778
   -7.5000   30.0000   22.5000 2363.3757   12.2006
    0.0000   30.0000   22.5000 2383.2732   12.0752
    7.5000   30.0000   22.5000 2354.5037   12.2601
   -7.5000  -60.0000   30.0000 2247.8059   13.3786
    0.0000  -60.0000   30.0000 2267.4612   13.2689
    7.5000  -60.0000   30.0000 2243.3367   13.4944
   -7.5000  -52.5000   30.0000 2393.9148   11.8807
    0.0000  -52.5000   30.0000 2410.6238   11.7402
    7.5000  -52.5000   30.0000 2380.8479   11.9545
   -7.5000  -45.0000   30.0000 2542.8281   10.8822
    0.0000  -45.0000   30.0000 2566.6123   10.7620
    7.5000  -45.0000   30.0000 2533.6821   10.9757
   -7.5000  -37.5000   30.0000 2657.4988   10.1095
    0.0000  -37.5000   30.0000 2682.8945   10.0272
    7.5000  -37.5000   30.0000 2649.7998   10.1810
   -7.5000  -30.0000   30.0000 2753.0681    9.5713
    0.0000  -30.0000   30.0000 2779.6743    9.5077
    7.5000  -30.0000   30.0000 2742.2705    9.6021
   -7.5000  -22.5000   30.0000 2826.5076    9.2163
    0.0000  -22.5000   30.0000 2852.0796    9.1227
    7.5000  -22.5000   30.0000 2805.2798    9.2571
   -7.5000  -15.0000   30.0000 2858.8411    9.0587
    0.0000  -15.0000   30.0000 2891.8374    8.9604
    7.5000  -15.0000   30.0000 2840.7073    9.1091
   -7.5000   -7.5000   30.0000 2850.9731    9.1237
    0.0000   -7.5000   30.0000 2882.1458    9.0417
    7.5000   -7.5000   30.0000 2832.5789    9.1737
   -7.5000    0.0000   30.0000 2785.4385    9.4174
    0.0000    0.0000   30.0000 2815.6841    9.3190
    7.5000    0.0000   30.0000 2774.2996    9.4489
   -7.5000    7.5000   30.0000 2686.0793    9.8442
    0.0000    7.5000   30.0000 2710.6157    9.7591
    7.5000    7.5000   30.0000 2682.6074    9.8943
   -7.5000   15.0000   30.0000 2576.0769   10.4462
    0.0000   15.0000   30.0000 2598.5261   10.3722
    7.5000   15.0000   30.0000 2569.3423   10.5228
   -7.5000   22.5000   30.0000 2459.0591   11.2757
    0.0000   22.5000   30.0000 2475.8992   11.1749
    7.5000   22.5000   30.0000 2449.1956   11.3335
   -7.5000   30.0000   30.0000 2321.8994   12.3704
    0.0000   30.0000   30.0000 2335.8289   12.2486
    7.5000   30.0000   30.0000 2312.5283   12.4211
   -7.5000  -60.0000   37.5000 2211.5249   13.8574
    0.0000  -60.0000   37.5000 2231.6099   13.6875
    7.5000  -60.0000   37.5000 2210.2939   13.9889
   -7.5000  -52.5000   37.5000 2358.7522   12.3438
    0.0000  -52.5000   37.5000 2379.5393   12.1952
    7.5000  -52.5000   37.5000 2349.4194   12.4591
   -7.5000  -45.0000   37.5000 2509.9009   11.3596
    0.0000  -45.0000   37.5000 2532.3853   11.2290
    7.5000  -45.0000   37.5000 2499.5852   11.4639
   -7.5000  -37.5000   37.5000 2621.5715   10.5487
    0.0000  -37.5000   37.5000 2649.6243   10.4459
    7.5000  -37.5000   37.5000 2613.1506   10.6245
   -7.5000  -30.0000   37.5000 2707.4031    9.9699
    0.0000  -30.0000   37.5000 2733.1106    9.8817
    7.5000  -30.0000   37.5000 2691.9004   10.0518
   -7.5000  -22.5000   37.5000 2762.9119    9.6165
    0.0000  -22.5000   37.5000 2792.6079    9.5113
    7.5000  -22.5000   37.5000 2747.4229    9.6992
   -7.5000  -15.0000   37.5000 2781.9553    9.4551
    0.0000  -15.0000   37.5000 2811.0645    9.3708
    7.5000  -15.0000   37.5000 2766.5059    9.5463
   -7.5000   -7.5000   37.5000 2763.4497    9.5286
    0.0000   -7.5000   37.5000 2789.2278    9.4465
    7.5000   -7.5000   37.5000 2745.5229    9.5939
   -7.5000    0.0000   37.5000 2700.5791    9.8000
    0.0000    0.0000   37.5000 2725.2512    9.7177
    7.5000    0.0000   37.5000 2691.0525    9.8424
   -7.5000    7.5000   37.5000 2614.1646   10.2679
    0.0000    7.5000   37.5000 2631.7280   10.1508
    7.5000    7.5000   37.5000 2609.2832   10.2971
   -7.5000   15.0000   37.5000 2513.2075   10.8742
    0.0000   15.0000   37.5000 2532.9705   10.7649
    7.5000   15.0000   37.5000 2507.3918   10.9263
   -7.5000   22.5000   37.5000 2395.1794   11.7094
    0.0000   22.5000   37.5000 2414.0862   11.6170
    7.5000   22.5000   37.5000 2388.7620   11.7739
   -7.5000   30.0000   37.5000 2254.7017   12.7791
    0.0000   30.0000   37.5000 2270.5503   12.6701
    7.5000   30.0000   37.5000 2250.8994   12.8511
   -7.5000  -60.0000   45.0000 2151.1760   14.4281
    0.0000  -60.0000   45.0000 2176.4568   14.2371
    7.5000  -60.0000   45.0000 2150.5432   14.5579
   -7.5000  -52.5000   45.0000 2292.3379   12.8745
    0.0000  -52.5000   45.0000 2317.7197   12.7181
    7.5000  -52.5000   45.0000 2285.9705   12.9995
   -7.5000  -45.0000   45.0000 2438.3123   11.8738
    0.0000  -45.0000   45.0000 2462.6196   11.7361
    7.5000  -45.0000   45.0000 2430.2104   11.9998
   -7.5000  -37.5000   45.0000 2545.5591   11.0404
    0.0000  -37.5000   45.0000 2571.6140   10.9201
    7.5000  -37.5000   45.0000 2535.5981   11.1395
   -7.5000  -30.0000   45.0000 2618.6394   10.4691
    0.0000  -30.0000   45.0000 2649.6526   10.3450
    7.5000  -30.0000   45.0000 2608.8096   10.5671
   -7.5000  -22.5000   45.0000 2662.5276   10.1307
    0.0000  -22.5000   45.0000 2690.0564   10.0025
    7.5000  -22.5000   45.0000 2647.2114   10.2150
   -7.5000  -15.0000   45.0000 2673.0637    9.9472
    0.0000  -15.0000   45.0000 2697.1108    9.8743
    7.5000  -15.0000   45.0000 2658.8152   10.0540
   -7.5000   -7.5000   45.0000 2646.7256   10.0163
    0.0000   -7.5000   45.0000 2671.8423    9.9320
    7.5000   -7.5000   45.0000 2636.4375   10.1052
   -7.5000    0.0000   45.0000 2589.5957   10.2704
    0.0000    0.0000   45.0000 2611.5154   10.1751
    7.5000    0.0000   45.0000 2585.1890   10.3444
   -7.5000    7.5000   45.0000 2514.3923   10.7123
    0.0000    7.5000   45.0000 2529.0032   10.6056
    7.5000    7.5000   45.0000 2507.6294   10.7760
   -7.5000   15.0000   45.0000 2421.4888   11.3146
    0.0000   15.0000   45.0000 2434.1084   11.2223
    7.5000   15.0000   45.0000 2413.8840   11.3757
   -7.5000   22.5000   45.0000 2308.3777   12.1723
    0.0000   22.5000   45.0000 2324.7678   12.0695
    7.5000   22.5000   45.0000 2298.1770   12.2452
   -7.5000   30.0000   45.0000 2175.1094   13.3248
    0.0000   30.0000   45.0000 2191.1550   13.2158
    7.5000   30.0000   45.0000 2162.4951   13.3897
   -7.5000  -60.0000   52.5000 2080.1814   15.0297
    0.0000  -60.0000   52.5000 2102.5652   14.8512
    7.5000  -60.0000   52.5000 2070.0078   15.1569
   -7.5000  -52.5000   52.5000 2206.5303   13.4520
    0.0000  -52.5000   52.5000 2233.0078   13.2779
    7.5000  -52.5000   52.5000 2198.4885   13.5617
   -7.5000  -45.0000   52.5000 2339.0386   12.4121
    0.0000  -45.0000   52.5000 2364.0625   12.2721
    7.5000  -45.0000   52.5000 2333.6658   12.4975
   -7.5000  -37.5000   52.5000 2438.5007   11.5486
    0.0000  -37.5000   52.5000 2464.2090   11.4263
    7.5000  -37.5000   52.5000 2432.1057   11.6394
   -7.5000  -30.0000   52.5000 2501.8245   10.9863
    0.0000  -30.0000   52.5000 2531.2856   10.8514
    7.5000  -30.0000   52.5000 2497.3364   11.0761
   -7.5000  -22.5000   52.5000 2533.4268   10.6482
    0.0000  -22.5000   52.5000 2554.4148   10.5385
    7.5000  -22.5000   52.5000 2521.7041   10.7630
   -7.5000  -15.0000   52.5000 2535.8984   10.5010
    0.0000  -15.0000   52.5000 2553.8647   10.4201
    7.5000  -15.0000   52.5000 2524.1985   10.6113
   -7.5000   -7.5000   52.5000 2519.0720   10.5248
    0.0000   -7.5000   52.5000 2538.3208   10.4287
    7.5000   -7.5000   52.5000 2508.3367   10.6076
   -7.5000    0.0000   52.5000 2467.5483   10.7705
    0.0000    0.0000   52.5000 2487.2637   10.6439
    7.5000    0.0000   52.5000 2459.1189   10.8400
   -7.5000    7.5000   52.5000 2389.7219   11.2125
    0.0000    7.5000   52.5000 2407.6528   11.1053
    7.5000    7.5000   52.5000 2382.6350   11.2786
   -7.5000   15.0000   52.5000 2303.4868   11.8401
    0.0000   15.0000   52.5000 2322.6672   11.7443
    7.5000   15.0000   52.5000 2296.2769   11.9256
   -7.5000   22.5000   52.5000 2199.1790   12.6809
    0.0000   22.5000   52.5000 2212.1191   12.6006
    7.5000   22.5000   52.5000 2188.4270   12.7798
   -7.5000   30.0000   52.5000 2069.7947   13.8382
    0.0000   30.0000   52.5000 2085.6577   13.7411
    7.5000   30.0000   52.5000 2057.9753   13.9250
   -7.5000  -60.0000   60.0000 2027.2751   16.1351
    0.0000  -60.0000   60.0000 2050.9014   15.9775
    7.5000  -60.0000   60.0000 2019.1775   16.2680
   -7.5000  -52.5000   60.0000 2147.2058   14.4278
    0.0000  -52.5000   60.0000 2171.7837   14.3137
    7.5000  -52.5000   60.0000 2139.0249   14.5431
   -7.5000  -45.0000   60.0000 2270.8186   13.3134
    0.0000  -45.0000   60.0000 2295.1262   13.2148
    7.5000  -45.0000   60.0000 2261.9612   13.4121
   -7.5000  -37.5000   60.0000 2358.1919   12.4488
    0.0000  -37.5000   60.0000 2382.3115   12.3146
    7.5000  -37.5000   60.0000 2351.3357   12.5296
   -7.5000  -30.0000   60.0000 2417.8506   11.8678
    0.0000  -30.0000   60.0000 2437.5681   11.7600
    7.5000  -30.0000   60.0000 2409.0513   11.9886
   -7.5000  -22.5000   60.0000 2440.1738   11.5002
    0.0000  -22.5000   60.0000 2455.4910   11.4283
    7.5000  -22.5000   60.0000 2429.2822   11.6341
   -7.5000  -15.0000   60.0000 2434.6658   11.3329
    0.0000  -15.0000   60.0000 2452.5200   11.2630
    7.5000  -15.0000   60.0000 2426.6089   11.4490
   -7.5000   -7.5000   60.0000 2418.3940   11.3396
    0.0000   -7.5000   60.0000 2431.4885   11.2550
    7.5000   -7.5000   60.0000 2409.5435   11.4252
   -7.5000    0.0000   60.0000 2371.7942   11.6062
    0.0000    0.0000   60.0000 2392.4375   11.5050
    7.5000    0.0000   60.0000 2365.2480   11.6956
   -7.5000    7.5000   60.0000 2301.9041   12.0820
    0.0000    7.5000   60.0000 2321.0217   11.9913
    7.5000    7.5000   60.0000 2292.6919   12.1586
   -7.5000   15.0000   60.0000 2213.2683   12.7526
    0.0000   15.0000   60.0000 2224.3835   12.6506
    7.5000   15.0000   60.0000 2202.2617   12.8184
   -7.5000   22.5000   60.0000 2109.7471   13.6044
    0.0000   22.5000   60.0000 2122.8696   13.5293
    7.5000   22.5000   60.0000 2095.6807   13.6818
   -7.5000   30.0000   60.0000 1989.5964   14.7887
    0.0000   30.0000   60.0000 2002.7610   14.7180
    7.5000   30.0000   60.0000 1978.2769   14.8843

---------------------------------------------------------------------
imgreg_4dfp /opt/freesurfer/average/711-2C_as_mni_average_305 /opt/freesurfer/average/711-2B_as_mni_average_305_mask talsrcimg_g11 none talsrcimg_to_711-2C_as_mni_average_305_t4 1283
---------------------------------------------------------------------

freesurfer imgreg_4dfp.c
/opt/freesurfer/average/711-2C_as_mni_average_305.4dfp.img
       256       256       256         1
  1.000000  1.000000  1.000000
orientation T byte_order littleendian
Reading image: /opt/freesurfer/average/711-2C_as_mni_average_305.4dfp.img
dimensions:      256       256       256
mmppix:       1.0000   -1.0000   -1.0000
center:     128.0000 -129.0000 -129.0000
/opt/freesurfer/average/711-2B_as_mni_average_305_mask.4dfp.img
       256       256       256         1
  1.000000  1.000000  1.000000
orientation T byte_order littleendian
Reading mask: /opt/freesurfer/average/711-2B_as_mni_average_305_mask.4dfp.img (2306576 pixels)
talsrcimg_g11.4dfp.img
       256       256       256         1
  0.898437  0.898437  0.898437
orientation T byte_order littleendian
Reading image: talsrcimg_g11.4dfp.img
dimensions:      256       256       256
mmppix:       0.8984   -0.8984   -0.8984
center:     114.9999 -115.8984 -115.8984
rotation matrix determinant  1.000000
fimgreg.f
image alignment mode   1283 decimal      503 hex
parameters
    0.0000  -15.0000   15.0000    0.0000    0.0000    0.0000
eta,q 0.94923  8.65188
niter,ni,del,rscale     5    3   12.0000    1.2000
parameter  2 -0.844621 -> -0.500000 qaram    1.1500
parameters
   -1.1504  -11.5500   12.5794    2.4372    0.7035   -1.4525
eta,q 0.95832  8.45112
  0.0627  0.0693  0.0475  0.0565  0.0534  0.0452
  0.0548  0.0637  0.0439  0.0522  0.0485  0.0429
  0.0512  0.0575  0.0426  0.0466  0.0445  0.0417
  0.0521  0.0510  0.0446  0.0426  0.0423  0.0420
  0.0573  0.0460  0.0498  0.0422  0.0424  0.0437
  0.0642  0.0446  0.0554  0.0431  0.0451  0.0469
  0.0727  0.0473  0.0618  0.0450  0.0496  0.0515
niter,ni,del,rscale     5    3   12.0000    1.2000
parameters
   -1.4233  -12.0011   12.8085    2.9099    1.0793   -1.5001
eta,q 0.95835  8.45946
  0.0596  0.0564  0.0544  0.0505  0.0518  0.0475
  0.0504  0.0479  0.0469  0.0449  0.0467  0.0443
  0.0436  0.0425  0.0421  0.0415  0.0433  0.0424
  0.0417  0.0416  0.0415  0.0415  0.0417  0.0417
  0.0449  0.0446  0.0426  0.0426  0.0423  0.0423
  0.0526  0.0514  0.0461  0.0440  0.0452  0.0443
  0.0631  0.0601  0.0519  0.0471  0.0497  0.0478
niter,ni,del,rscale     4    3   12.0000    1.2000
parameters
   -1.5419  -12.2446   12.8077    3.0863    1.1826   -1.4915
eta,q 0.95834  8.46516
  0.0603  0.0566  0.0535  0.0494  0.0510  0.0476
  0.0508  0.0482  0.0461  0.0439  0.0461  0.0444
  0.0438  0.0429  0.0419  0.0412  0.0430  0.0425
  0.0417  0.0416  0.0416  0.0416  0.0417  0.0417
  0.0446  0.0438  0.0431  0.0427  0.0425  0.0423
  0.0517  0.0498  0.0469  0.0442  0.0457  0.0442
  0.0618  0.0587  0.0526  0.0474  0.0505  0.0477
niter,ni,del,rscale     3    3   12.0000    1.2000
parameters
   -1.5766  -12.3421   12.8065    3.1540    1.2162   -1.4891
eta,q 0.95834  8.46747
  0.0607  0.0570  0.0534  0.0490  0.0507  0.0476
  0.0511  0.0486  0.0462  0.0436  0.0460  0.0445
  0.0440  0.0431  0.0420  0.0412  0.0430  0.0425
  0.0417  0.0417  0.0416  0.0416  0.0417  0.0417
  0.0444  0.0435  0.0432  0.0427  0.0426  0.0423
  0.0513  0.0491  0.0470  0.0442  0.0458  0.0442
  0.0611  0.0579  0.0525  0.0476  0.0507  0.0477
niter,ni,del,rscale     2    3   12.0000    1.2000
parameters
   -1.5884  -12.3796   12.8074    3.1797    1.2281   -1.4884
eta,q 0.95833  8.46833
  0.0608  0.0572  0.0534  0.0489  0.0507  0.0476
  0.0512  0.0488  0.0462  0.0435  0.0459  0.0445
  0.0440  0.0432  0.0420  0.0412  0.0429  0.0425
  0.0417  0.0417  0.0417  0.0417  0.0417  0.0417
  0.0443  0.0434  0.0432  0.0427  0.0426  0.0423
  0.0511  0.0489  0.0470  0.0443  0.0458  0.0443
  0.0610  0.0576  0.0525  0.0477  0.0507  0.0477
registration optimization eta report
parameter search radius
    6.0000    6.9000    6.0000    6.0000    6.0000    6.0000
100000*second partial in parameter space
       53.       33.       32.       19.       25.       17.
  0.0608  0.0572  0.0534  0.0489  0.0507  0.0476
  0.0512  0.0488  0.0462  0.0435  0.0459  0.0445
  0.0440  0.0432  0.0420  0.0412  0.0429  0.0425
  0.0417  0.0417  0.0417  0.0417  0.0417  0.0417
  0.0443  0.0434  0.0432  0.0427  0.0426  0.0423
  0.0511  0.0489  0.0470  0.0443  0.0458  0.0443
  0.0610  0.0576  0.0525  0.0477  0.0507  0.0477
   -1.5884  -12.3796   12.8074    3.1797    1.2281   -1.4884
eta,q 0.95833  8.46833

---------------------------------------------------------------------
imgreg_4dfp /opt/freesurfer/average/711-2C_as_mni_average_305 /opt/freesurfer/average/711-2B_as_mni_average_305_mask talsrcimg_g11 none talsrcimg_to_711-2C_as_mni_average_305_t4 3335
---------------------------------------------------------------------

freesurfer imgreg_4dfp.c
/opt/freesurfer/average/711-2C_as_mni_average_305.4dfp.img
       256       256       256         1
  1.000000  1.000000  1.000000
orientation T byte_order littleendian
Reading image: /opt/freesurfer/average/711-2C_as_mni_average_305.4dfp.img
dimensions:      256       256       256
mmppix:       1.0000   -1.0000   -1.0000
center:     128.0000 -129.0000 -129.0000
/opt/freesurfer/average/711-2B_as_mni_average_305_mask.4dfp.img
       256       256       256         1
  1.000000  1.000000  1.000000
orientation T byte_order littleendian
Reading mask: /opt/freesurfer/average/711-2B_as_mni_average_305_mask.4dfp.img (2306576 pixels)
talsrcimg_g11.4dfp.img
       256       256       256         1
  0.898437  0.898437  0.898437
orientation T byte_order littleendian
Reading image: talsrcimg_g11.4dfp.img
dimensions:      256       256       256
mmppix:       0.8984   -0.8984   -0.8984
center:     114.9999 -115.8984 -115.8984
fimgreg.f
image alignment mode   3335 decimal      D07 hex
parameters
   -1.5884  -12.3796   12.8074   -0.0567   -0.1845   -0.1769
    2.4747   -2.2834   -2.5969   -5.4892    2.1434    5.5454
eta,q 0.95742  8.54423
niter,ni,del,rscale     5    3    5.0000    1.2000
parameter  4  0.724566 ->  0.500000 qaram    1.1500
parameter  5  2.200166 ->  0.500000 qaram    1.1500
parameter  6  0.692515 ->  0.500000 qaram    1.1500
parameter 11  0.649830 ->  0.500000 qaram    1.1500
parameters
   -1.5574  -12.2736   13.2100   -4.1967   -4.3245   -4.3169
    0.8638   -1.3492   -1.3854   -5.7319   -1.9966    3.6081
eta,q 0.96621  8.16413
  0.0458  0.0447  0.0455  0.0410  0.0343  0.0349  0.0361  0.0396  0.0374  0.0379  0.0340  0.0346
  0.0440  0.0437  0.0441  0.0411  0.0360  0.0347  0.0351  0.0373  0.0360  0.0360  0.0339  0.0340
  0.0430  0.0430  0.0431  0.0416  0.0382  0.0350  0.0346  0.0355  0.0350  0.0348  0.0340  0.0338
  0.0426  0.0426  0.0426  0.0425  0.0412  0.0365  0.0347  0.0346  0.0345  0.0344  0.0344  0.0339
  0.0429  0.0427  0.0426  0.0442  0.0446  0.0395  0.0354  0.0346  0.0345  0.0349  0.0350  0.0344
  0.0439  0.0433  0.0431  0.0467  0.0481  0.0433  0.0366  0.0357  0.0349  0.0364  0.0360  0.0350
  0.0457  0.0445  0.0441  0.0500  0.0521  0.0478  0.0383  0.0377  0.0359  0.0384  0.0372  0.0360
niter,ni,del,rscale     7    3    5.0000    1.2000
parameter  3  0.599486 ->  0.500000 qaram    1.1500
parameter  5  0.947995 ->  0.500000 qaram    1.3225
parameters
   -1.3274  -12.3228   11.8300   -5.7196   -9.0855   -8.2477
    0.8063   -0.9057   -0.3878   -5.3324   -3.2431    2.7278
eta,q 0.97021  7.77883
  0.0374  0.0363  0.0334  0.0344  0.0300  0.0302  0.0327  0.0344  0.0324  0.0336  0.0309  0.0309
  0.0356  0.0348  0.0331  0.0334  0.0301  0.0299  0.0312  0.0322  0.0312  0.0317  0.0302  0.0303
  0.0344  0.0340  0.0332  0.0330  0.0311  0.0299  0.0302  0.0306  0.0304  0.0304  0.0299  0.0299
  0.0338  0.0337  0.0337  0.0331  0.0330  0.0303  0.0299  0.0299  0.0299  0.0299  0.0298  0.0298
  0.0339  0.0341  0.0347  0.0333  0.0357  0.0316  0.0303  0.0302  0.0299  0.0301  0.0302  0.0301
  0.0347  0.0350  0.0361  0.0343  0.0392  0.0346  0.0313  0.0314  0.0305  0.0311  0.0309  0.0307
  0.0363  0.0364  0.0377  0.0364  0.0430  0.0387  0.0328  0.0335  0.0314  0.0330  0.0319  0.0316
niter,ni,del,rscale     7    3    5.0000    1.2000
parameters
   -1.2489  -12.4985   11.3696   -5.1838  -12.6209   -9.5786
    0.6034   -0.7727   -0.1055   -5.0561   -3.4748    3.3597
eta,q 0.97083  7.60338
  0.0333  0.0322  0.0311  0.0319  0.0308  0.0310  0.0318  0.0334  0.0311  0.0327  0.0306  0.0309
  0.0314  0.0308  0.0302  0.0305  0.0298  0.0297  0.0304  0.0312  0.0301  0.0309  0.0298  0.0301
  0.0303  0.0299  0.0297  0.0298  0.0293  0.0291  0.0295  0.0297  0.0295  0.0297  0.0294  0.0295
  0.0298  0.0298  0.0297  0.0297  0.0297  0.0293  0.0292  0.0292  0.0292  0.0292  0.0292  0.0292
  0.0301  0.0303  0.0302  0.0299  0.0313  0.0297  0.0296  0.0296  0.0294  0.0295  0.0294  0.0293
  0.0311  0.0314  0.0311  0.0303  0.0339  0.0306  0.0306  0.0309  0.0299  0.0305  0.0299  0.0297
  0.0329  0.0329  0.0324  0.0313  0.0376  0.0329  0.0321  0.0331  0.0309  0.0322  0.0308  0.0304
niter,ni,del,rscale     6    3    5.0000    1.2000
parameters
   -1.2676  -12.5982   11.6408   -5.6287  -13.5170   -9.2629
    0.4144   -0.6984   -0.2312   -5.0593   -3.2279    3.7638
eta,q 0.97086  7.55928
  0.0323  0.0315  0.0317  0.0309  0.0320  0.0319  0.0319  0.0334  0.0309  0.0324  0.0308  0.0308
  0.0306  0.0301  0.0304  0.0296  0.0305  0.0303  0.0304  0.0312  0.0299  0.0307  0.0300  0.0300
  0.0295  0.0293  0.0296  0.0290  0.0295  0.0293  0.0294  0.0297  0.0293  0.0296  0.0294  0.0294
  0.0292  0.0292  0.0292  0.0291  0.0291  0.0291  0.0292  0.0292  0.0292  0.0292  0.0292  0.0291
  0.0295  0.0296  0.0293  0.0295  0.0295  0.0294  0.0296  0.0296  0.0294  0.0295  0.0293  0.0293
  0.0306  0.0305  0.0299  0.0300  0.0311  0.0300  0.0306  0.0310  0.0300  0.0307  0.0298  0.0298
  0.0324  0.0318  0.0309  0.0311  0.0337  0.0314  0.0321  0.0333  0.0310  0.0324  0.0307  0.0305
niter,ni,del,rscale     5    3    5.0000    1.2000
parameters
   -1.2861  -12.6594   11.8333   -5.6550  -13.6790   -9.1431
    0.3773   -0.6916   -0.3946   -5.1058   -3.0557    3.9945
eta,q 0.97085  7.55642
  0.0323  0.0315  0.0315  0.0312  0.0324  0.0318  0.0320  0.0333  0.0309  0.0324  0.0308  0.0307
  0.0306  0.0301  0.0303  0.0297  0.0308  0.0302  0.0305  0.0311  0.0299  0.0307  0.0300  0.0299
  0.0295  0.0293  0.0295  0.0291  0.0297  0.0292  0.0295  0.0297  0.0293  0.0296  0.0294  0.0294
  0.0291  0.0291  0.0291  0.0291  0.0291  0.0291  0.0292  0.0292  0.0292  0.0292  0.0291  0.0291
  0.0295  0.0295  0.0293  0.0295  0.0293  0.0295  0.0295  0.0296  0.0294  0.0296  0.0293  0.0293
  0.0306  0.0304  0.0299  0.0300  0.0307  0.0301  0.0305  0.0310  0.0301  0.0307  0.0298  0.0298
  0.0324  0.0317  0.0309  0.0309  0.0330  0.0315  0.0320  0.0334  0.0311  0.0325  0.0307  0.0305
niter,ni,del,rscale     4    3    5.0000    1.2000
parameters
   -1.2921  -12.7004   11.8998   -5.6640  -13.7335   -9.1329
    0.3740   -0.6911   -0.4788   -5.1446   -2.9671    4.0999
eta,q 0.97085  7.55417
  0.0324  0.0316  0.0313  0.0312  0.0325  0.0317  0.0320  0.0333  0.0310  0.0324  0.0308  0.0307
  0.0306  0.0301  0.0302  0.0298  0.0309  0.0302  0.0305  0.0311  0.0299  0.0307  0.0299  0.0299
  0.0295  0.0293  0.0294  0.0291  0.0297  0.0292  0.0295  0.0297  0.0293  0.0296  0.0294  0.0294
  0.0291  0.0291  0.0291  0.0291  0.0291  0.0291  0.0291  0.0292  0.0292  0.0291  0.0291  0.0291
  0.0295  0.0295  0.0294  0.0295  0.0293  0.0295  0.0295  0.0296  0.0294  0.0296  0.0293  0.0293
  0.0306  0.0304  0.0301  0.0300  0.0306  0.0301  0.0305  0.0310  0.0300  0.0307  0.0298  0.0298
  0.0324  0.0316  0.0311  0.0309  0.0329  0.0316  0.0320  0.0334  0.0310  0.0325  0.0308  0.0306
niter,ni,del,rscale     3    3    5.0000    1.2000
parameters
   -1.2950  -12.7186   11.9207   -5.6692  -13.7548   -9.1442
    0.3787   -0.6910   -0.5232   -5.1639   -2.9245    4.1420
eta,q 0.97085  7.55252
  0.0324  0.0316  0.0313  0.0312  0.0325  0.0317  0.0320  0.0333  0.0310  0.0325  0.0308  0.0306
  0.0306  0.0302  0.0301  0.0298  0.0309  0.0302  0.0305  0.0311  0.0299  0.0307  0.0299  0.0299
  0.0295  0.0294  0.0294  0.0291  0.0297  0.0292  0.0295  0.0297  0.0293  0.0296  0.0294  0.0293
  0.0291  0.0291  0.0291  0.0291  0.0291  0.0291  0.0292  0.0291  0.0291  0.0291  0.0291  0.0291
  0.0295  0.0295  0.0294  0.0295  0.0293  0.0295  0.0295  0.0296  0.0294  0.0296  0.0293  0.0294
  0.0306  0.0304  0.0301  0.0300  0.0306  0.0301  0.0305  0.0310  0.0300  0.0307  0.0299  0.0298
  0.0324  0.0316  0.0312  0.0309  0.0329  0.0317  0.0320  0.0334  0.0310  0.0325  0.0308  0.0306
registration optimization eta report
parameter search radius
    2.4000    2.4000    2.7600    8.2800    9.5220    8.2800
    7.2000    7.2000    7.2000    7.2000    8.2800    7.2000
100000*second partial in parameter space
       56.       43.       27.        3.        4.        4.
        6.        8.        4.        6.        2.        3.
  0.0324  0.0316  0.0313  0.0312  0.0325  0.0317  0.0320  0.0333  0.0310  0.0325  0.0308  0.0306
  0.0306  0.0302  0.0301  0.0298  0.0309  0.0302  0.0305  0.0311  0.0299  0.0307  0.0299  0.0299
  0.0295  0.0294  0.0294  0.0291  0.0297  0.0292  0.0295  0.0297  0.0293  0.0296  0.0294  0.0293
  0.0291  0.0291  0.0291  0.0291  0.0291  0.0291  0.0292  0.0291  0.0291  0.0291  0.0291  0.0291
  0.0295  0.0295  0.0294  0.0295  0.0293  0.0295  0.0295  0.0296  0.0294  0.0296  0.0293  0.0294
  0.0306  0.0304  0.0301  0.0300  0.0306  0.0301  0.0305  0.0310  0.0300  0.0307  0.0299  0.0298
  0.0324  0.0316  0.0312  0.0309  0.0329  0.0317  0.0320  0.0334  0.0310  0.0325  0.0308  0.0306
   -1.2950  -12.7186   11.9207   -5.6692  -13.7548   -9.1442
    0.3787   -0.6910   -0.5232   -5.1639   -2.9245    4.1420
eta,q 0.97085  7.55252

---------------------------------------------------------------------
imgreg_4dfp /opt/freesurfer/average/711-2C_as_mni_average_305 /opt/freesurfer/average/711-2B_as_mni_average_305_mask talsrcimg_g11 none talsrcimg_to_711-2C_as_mni_average_305_t4 2311
---------------------------------------------------------------------

freesurfer imgreg_4dfp.c
/opt/freesurfer/average/711-2C_as_mni_average_305.4dfp.img
       256       256       256         1
  1.000000  1.000000  1.000000
orientation T byte_order littleendian
Reading image: /opt/freesurfer/average/711-2C_as_mni_average_305.4dfp.img
dimensions:      256       256       256
mmppix:       1.0000   -1.0000   -1.0000
center:     128.0000 -129.0000 -129.0000
/opt/freesurfer/average/711-2B_as_mni_average_305_mask.4dfp.img
       256       256       256         1
  1.000000  1.000000  1.000000
orientation T byte_order littleendian
Reading mask: /opt/freesurfer/average/711-2B_as_mni_average_305_mask.4dfp.img (2306576 pixels)
talsrcimg_g11.4dfp.img
       256       256       256         1
  0.898437  0.898437  0.898437
orientation T byte_order littleendian
Reading image: talsrcimg_g11.4dfp.img
dimensions:      256       256       256
mmppix:       0.8984   -0.8984   -0.8984
center:     114.9999 -115.8984 -115.8984
fimgreg.f
image alignment mode   2311 decimal      907 hex
parameters
   -1.2950  -12.7186   11.9207   -5.6692  -13.7548   -9.1442
    0.3787   -0.6910   -0.5232   -5.1639   -2.9245    4.1420
eta,q 0.97085  7.55252
niter,ni,del,rscale     5    3    5.0000    0.8000
parameters
   -1.2913  -12.7787   11.8932   -6.7008  -13.1085   -9.4391
    0.3083   -0.5671   -0.6553   -5.2199   -2.7759    4.1165
eta,q 0.97102  7.52243
  0.0306  0.0302  0.0299  0.0295  0.0302  0.0297  0.0304  0.0311  0.0298  0.0306  0.0296  0.0297
  0.0298  0.0296  0.0294  0.0291  0.0296  0.0292  0.0296  0.0300  0.0293  0.0297  0.0293  0.0293
  0.0293  0.0292  0.0292  0.0290  0.0293  0.0290  0.0291  0.0293  0.0291  0.0292  0.0291  0.0291
  0.0291  0.0291  0.0291  0.0291  0.0290  0.0290  0.0290  0.0290  0.0290  0.0290  0.0290  0.0290
  0.0293  0.0293  0.0292  0.0294  0.0290  0.0292  0.0292  0.0292  0.0291  0.0292  0.0290  0.0291
  0.0298  0.0297  0.0295  0.0296  0.0292  0.0294  0.0297  0.0298  0.0294  0.0297  0.0292  0.0293
  0.0306  0.0303  0.0299  0.0298  0.0297  0.0298  0.0304  0.0309  0.0299  0.0306  0.0295  0.0297
niter,ni,del,rscale     4    3    5.0000    0.7000
parameters
   -1.2940  -12.7752   11.8241   -6.7650  -13.0870   -9.6821
    0.3228   -0.5546   -0.7151   -5.2242   -2.7364    4.0778
eta,q 0.97105  7.51010
  0.0302  0.0299  0.0295  0.0296  0.0297  0.0296  0.0301  0.0305  0.0296  0.0302  0.0294  0.0295
  0.0295  0.0294  0.0292  0.0292  0.0293  0.0291  0.0295  0.0297  0.0292  0.0295  0.0292  0.0292
  0.0291  0.0291  0.0290  0.0290  0.0291  0.0289  0.0291  0.0291  0.0290  0.0291  0.0290  0.0290
  0.0290  0.0290  0.0290  0.0290  0.0290  0.0290  0.0290  0.0290  0.0290  0.0290  0.0290  0.0290
  0.0291  0.0291  0.0291  0.0291  0.0290  0.0292  0.0291  0.0291  0.0290  0.0291  0.0290  0.0290
  0.0295  0.0294  0.0293  0.0293  0.0293  0.0293  0.0294  0.0296  0.0293  0.0295  0.0292  0.0292
  0.0302  0.0299  0.0296  0.0295  0.0297  0.0296  0.0300  0.0305  0.0297  0.0302  0.0294  0.0295
niter,ni,del,rscale     3    3    5.0000    0.6000
parameters
   -1.2930  -12.7720   11.7701   -6.9472  -13.0232   -9.9309
    0.3240   -0.5408   -0.7474   -5.2435   -2.7310    3.9973
eta,q 0.97108  7.49428
  0.0298  0.0296  0.0294  0.0294  0.0295  0.0294  0.0297  0.0301  0.0294  0.0299  0.0293  0.0294
  0.0294  0.0292  0.0291  0.0291  0.0292  0.0291  0.0293  0.0295  0.0291  0.0293  0.0291  0.0291
  0.0291  0.0290  0.0290  0.0289  0.0290  0.0289  0.0290  0.0291  0.0290  0.0290  0.0290  0.0290
  0.0290  0.0290  0.0290  0.0290  0.0289  0.0289  0.0289  0.0289  0.0289  0.0289  0.0289  0.0289
  0.0290  0.0290  0.0290  0.0291  0.0290  0.0291  0.0290  0.0291  0.0290  0.0290  0.0290  0.0290
  0.0293  0.0293  0.0292  0.0292  0.0291  0.0293  0.0293  0.0294  0.0292  0.0294  0.0291  0.0292
  0.0298  0.0296  0.0294  0.0294  0.0295  0.0294  0.0297  0.0301  0.0294  0.0299  0.0293  0.0294
niter,ni,del,rscale     2    3    5.0000    0.5000
parameters
   -1.2901  -12.7706   11.7163   -7.1382  -12.9668  -10.1921
    0.3235   -0.5209   -0.7642   -5.2710   -2.7480    3.9321
eta,q 0.97111  7.47746
  0.0295  0.0294  0.0292  0.0292  0.0293  0.0293  0.0295  0.0297  0.0292  0.0296  0.0291  0.0292
  0.0292  0.0291  0.0290  0.0290  0.0291  0.0290  0.0292  0.0293  0.0291  0.0292  0.0290  0.0290
  0.0290  0.0290  0.0289  0.0289  0.0290  0.0289  0.0290  0.0290  0.0289  0.0290  0.0289  0.0289
  0.0289  0.0289  0.0289  0.0289  0.0289  0.0289  0.0289  0.0289  0.0289  0.0289  0.0289  0.0289
  0.0290  0.0290  0.0290  0.0290  0.0289  0.0290  0.0290  0.0290  0.0289  0.0290  0.0289  0.0289
  0.0292  0.0291  0.0291  0.0291  0.0291  0.0292  0.0292  0.0293  0.0291  0.0292  0.0290  0.0291
  0.0295  0.0294  0.0293  0.0293  0.0293  0.0293  0.0295  0.0297  0.0293  0.0296  0.0291  0.0292
niter,ni,del,rscale     1    3    5.0000    0.4000
parameters
   -1.2908  -12.7654   11.6558   -7.2722  -12.9187  -10.4316
    0.3239   -0.5024   -0.7628   -5.2872   -2.7796    3.8642
eta,q 0.97112  7.46375
  0.0293  0.0292  0.0291  0.0291  0.0291  0.0291  0.0293  0.0294  0.0291  0.0293  0.0290  0.0291
  0.0291  0.0290  0.0290  0.0290  0.0290  0.0290  0.0290  0.0291  0.0290  0.0291  0.0290  0.0290
  0.0289  0.0289  0.0289  0.0289  0.0289  0.0289  0.0289  0.0289  0.0289  0.0289  0.0289  0.0289
  0.0289  0.0289  0.0289  0.0289  0.0289  0.0289  0.0289  0.0289  0.0289  0.0289  0.0289  0.0289
  0.0289  0.0289  0.0289  0.0290  0.0289  0.0290  0.0289  0.0289  0.0289  0.0289  0.0289  0.0289
  0.0291  0.0290  0.0290  0.0290  0.0290  0.0291  0.0291  0.0291  0.0290  0.0291  0.0290  0.0290
  0.0293  0.0292  0.0291  0.0291  0.0291  0.0292  0.0293  0.0294  0.0291  0.0293  0.0290  0.0291
registration optimization eta report
parameter search radius
    0.8000    0.8000    0.8000    2.4000    2.4000    2.4000
    2.4000    2.4000    2.4000    2.4000    2.4000    2.4000
100000*second partial in parameter space
       63.       46.       33.        4.        4.        5.
        7.        9.        4.        7.        3.        4.
  0.0293  0.0292  0.0291  0.0291  0.0291  0.0291  0.0293  0.0294  0.0291  0.0293  0.0290  0.0291
  0.0291  0.0290  0.0290  0.0290  0.0290  0.0290  0.0290  0.0291  0.0290  0.0291  0.0290  0.0290
  0.0289  0.0289  0.0289  0.0289  0.0289  0.0289  0.0289  0.0289  0.0289  0.0289  0.0289  0.0289
  0.0289  0.0289  0.0289  0.0289  0.0289  0.0289  0.0289  0.0289  0.0289  0.0289  0.0289  0.0289
  0.0289  0.0289  0.0289  0.0290  0.0289  0.0290  0.0289  0.0289  0.0289  0.0289  0.0289  0.0289
  0.0291  0.0290  0.0290  0.0290  0.0290  0.0291  0.0291  0.0291  0.0290  0.0291  0.0290  0.0290
  0.0293  0.0292  0.0291  0.0291  0.0291  0.0292  0.0293  0.0294  0.0291  0.0293  0.0290  0.0291
   -1.2908  -12.7654   11.6558   -7.2722  -12.9187  -10.4316
    0.3239   -0.5024   -0.7628   -5.2872   -2.7796    3.8642
eta,q 0.97112  7.46375

---------------------------------------------------------------------
imgreg_4dfp /opt/freesurfer/average/711-2C_as_mni_average_305 /opt/freesurfer/average/711-2B_as_mni_average_305_mask talsrcimg_g11 none talsrcimg_to_711-2C_as_mni_average_305_t4 2311
---------------------------------------------------------------------

freesurfer imgreg_4dfp.c
/opt/freesurfer/average/711-2C_as_mni_average_305.4dfp.img
       256       256       256         1
  1.000000  1.000000  1.000000
orientation T byte_order littleendian
Reading image: /opt/freesurfer/average/711-2C_as_mni_average_305.4dfp.img
dimensions:      256       256       256
mmppix:       1.0000   -1.0000   -1.0000
center:     128.0000 -129.0000 -129.0000
/opt/freesurfer/average/711-2B_as_mni_average_305_mask.4dfp.img
       256       256       256         1
  1.000000  1.000000  1.000000
orientation T byte_order littleendian
Reading mask: /opt/freesurfer/average/711-2B_as_mni_average_305_mask.4dfp.img (2306576 pixels)
talsrcimg_g11.4dfp.img
       256       256       256         1
  0.898437  0.898437  0.898437
orientation T byte_order littleendian
Reading image: talsrcimg_g11.4dfp.img
dimensions:      256       256       256
mmppix:       0.8984   -0.8984   -0.8984
center:     114.9999 -115.8984 -115.8984
fimgreg.f
image alignment mode   2311 decimal      907 hex
parameters
   -1.2908  -12.7654   11.6558   -7.2722  -12.9187  -10.4316
    0.3239   -0.5024   -0.7628   -5.2872   -2.7796    3.8642
eta,q 0.97112  7.46375
niter,ni,del,rscale     5    3    5.0000    0.8000
parameters
   -1.2980  -12.7214   11.6375   -6.7406  -13.1547   -9.8284
    0.3634   -0.5844   -0.6831   -5.1703   -2.7710    3.9405
eta,q 0.97105  7.50205
  0.0304  0.0301  0.0297  0.0300  0.0298  0.0302  0.0304  0.0309  0.0299  0.0306  0.0296  0.0297
  0.0296  0.0294  0.0292  0.0294  0.0293  0.0295  0.0296  0.0298  0.0294  0.0297  0.0292  0.0293
  0.0291  0.0290  0.0290  0.0290  0.0290  0.0290  0.0291  0.0292  0.0291  0.0292  0.0290  0.0290
  0.0289  0.0289  0.0289  0.0289  0.0289  0.0289  0.0289  0.0289  0.0289  0.0289  0.0289  0.0289
  0.0291  0.0290  0.0290  0.0290  0.0290  0.0291  0.0291  0.0292  0.0290  0.0291  0.0290  0.0290
  0.0296  0.0294  0.0293  0.0292  0.0293  0.0293  0.0296  0.0299  0.0293  0.0296  0.0292  0.0293
  0.0305  0.0300  0.0297  0.0295  0.0300  0.0295  0.0303  0.0310  0.0298  0.0305  0.0296  0.0297
niter,ni,del,rscale     4    3    5.0000    0.7000
parameters
   -1.2989  -12.7385   11.7410   -6.8084  -13.0643   -9.7584
    0.3445   -0.5642   -0.7177   -5.1834   -2.7403    3.9892
eta,q 0.97106  7.50594
  0.0301  0.0298  0.0297  0.0296  0.0297  0.0297  0.0300  0.0305  0.0296  0.0302  0.0294  0.0296
  0.0295  0.0293  0.0293  0.0292  0.0293  0.0292  0.0294  0.0297  0.0292  0.0295  0.0292  0.0292
  0.0291  0.0290  0.0290  0.0289  0.0290  0.0289  0.0291  0.0291  0.0290  0.0291  0.0290  0.0290
  0.0289  0.0289  0.0289  0.0289  0.0289  0.0289  0.0289  0.0289  0.0289  0.0289  0.0289  0.0289
  0.0291  0.0291  0.0290  0.0291  0.0290  0.0291  0.0291  0.0291  0.0290  0.0291  0.0290  0.0290
  0.0295  0.0294  0.0292  0.0293  0.0292  0.0293  0.0294  0.0296  0.0293  0.0295  0.0291  0.0292
  0.0301  0.0298  0.0295  0.0295  0.0297  0.0295  0.0300  0.0305  0.0296  0.0302  0.0294  0.0295
niter,ni,del,rscale     3    3    5.0000    0.6000
parameters
   -1.2956  -12.7559   11.7494   -6.9585  -13.0200   -9.9375
    0.3286   -0.5399   -0.7495   -5.2263   -2.7391    3.9800
eta,q 0.97108  7.49370
  0.0298  0.0296  0.0294  0.0294  0.0295  0.0294  0.0297  0.0301  0.0294  0.0298  0.0293  0.0294
  0.0293  0.0292  0.0291  0.0291  0.0292  0.0291  0.0293  0.0295  0.0291  0.0293  0.0291  0.0291
  0.0290  0.0290  0.0290  0.0289  0.0290  0.0289  0.0290  0.0291  0.0290  0.0290  0.0290  0.0290
  0.0289  0.0289  0.0289  0.0289  0.0289  0.0289  0.0289  0.0289  0.0289  0.0289  0.0289  0.0289
  0.0290  0.0290  0.0290  0.0291  0.0290  0.0291  0.0290  0.0290  0.0290  0.0290  0.0290  0.0290
  0.0293  0.0293  0.0291  0.0292  0.0291  0.0292  0.0293  0.0294  0.0292  0.0294  0.0291  0.0291
  0.0298  0.0296  0.0294  0.0294  0.0295  0.0294  0.0297  0.0301  0.0294  0.0299  0.0293  0.0294
niter,ni,del,rscale     2    3    5.0000    0.5000
parameters
   -1.2911  -12.7652   11.7130   -7.1404  -12.9728  -10.1923
    0.3305   -0.5201   -0.7667   -5.2658   -2.7386    3.9197
eta,q 0.97111  7.47707
  0.0295  0.0294  0.0292  0.0292  0.0293  0.0293  0.0295  0.0297  0.0292  0.0295  0.0291  0.0292
  0.0292  0.0291  0.0290  0.0290  0.0291  0.0290  0.0292  0.0293  0.0290  0.0292  0.0290  0.0290
  0.0290  0.0290  0.0289  0.0289  0.0290  0.0289  0.0290  0.0290  0.0289  0.0290  0.0289  0.0289
  0.0289  0.0289  0.0289  0.0289  0.0289  0.0289  0.0289  0.0289  0.0289  0.0289  0.0289  0.0289
  0.0290  0.0290  0.0290  0.0290  0.0289  0.0290  0.0290  0.0290  0.0289  0.0290  0.0289  0.0289
  0.0292  0.0291  0.0291  0.0291  0.0291  0.0292  0.0292  0.0293  0.0291  0.0292  0.0290  0.0291
  0.0295  0.0294  0.0293  0.0293  0.0293  0.0293  0.0295  0.0297  0.0293  0.0296  0.0291  0.0292
niter,ni,del,rscale     1    3    5.0000    0.4000
parameters
   -1.2891  -12.7613   11.6576   -7.2705  -12.8980  -10.4327
    0.3188   -0.5038   -0.7558   -5.2864   -2.7620    3.8612
eta,q 0.97112  7.46465
  0.0293  0.0292  0.0291  0.0291  0.0291  0.0291  0.0293  0.0294  0.0291  0.0293  0.0290  0.0291
  0.0291  0.0290  0.0290  0.0290  0.0290  0.0290  0.0290  0.0291  0.0290  0.0291  0.0290  0.0290
  0.0289  0.0289  0.0289  0.0289  0.0289  0.0289  0.0289  0.0289  0.0289  0.0289  0.0289  0.0289
  0.0289  0.0289  0.0289  0.0289  0.0289  0.0289  0.0289  0.0289  0.0289  0.0289  0.0289  0.0289
  0.0289  0.0289  0.0289  0.0289  0.0289  0.0290  0.0289  0.0289  0.0289  0.0289  0.0289  0.0289
  0.0291  0.0290  0.0290  0.0290  0.0290  0.0291  0.0291  0.0291  0.0290  0.0291  0.0290  0.0290
  0.0293  0.0292  0.0291  0.0291  0.0291  0.0292  0.0293  0.0294  0.0291  0.0293  0.0290  0.0291
registration optimization eta report
parameter search radius
    0.8000    0.8000    0.8000    2.4000    2.4000    2.4000
    2.4000    2.4000    2.4000    2.4000    2.4000    2.4000
100000*second partial in parameter space
       63.       46.       33.        4.        4.        5.
        7.        9.        4.        8.        3.        4.
  0.0293  0.0292  0.0291  0.0291  0.0291  0.0291  0.0293  0.0294  0.0291  0.0293  0.0290  0.0291
  0.0291  0.0290  0.0290  0.0290  0.0290  0.0290  0.0290  0.0291  0.0290  0.0291  0.0290  0.0290
  0.0289  0.0289  0.0289  0.0289  0.0289  0.0289  0.0289  0.0289  0.0289  0.0289  0.0289  0.0289
  0.0289  0.0289  0.0289  0.0289  0.0289  0.0289  0.0289  0.0289  0.0289  0.0289  0.0289  0.0289
  0.0289  0.0289  0.0289  0.0289  0.0289  0.0290  0.0289  0.0289  0.0289  0.0289  0.0289  0.0289
  0.0291  0.0290  0.0290  0.0290  0.0290  0.0291  0.0291  0.0291  0.0290  0.0291  0.0290  0.0290
  0.0293  0.0292  0.0291  0.0291  0.0291  0.0292  0.0293  0.0294  0.0291  0.0293  0.0290  0.0291
   -1.2891  -12.7613   11.6576   -7.2705  -12.8980  -10.4327
    0.3188   -0.5038   -0.7558   -5.2864   -2.7620    3.8612
eta,q 0.97112  7.46465

---------------------------------------------------------------------
compute_vox2vox talsrcimg talsrcimg_to_711-2C_as_mni_average_305_t4 /opt/freesurfer/average/711-2C_as_mni_average_305
---------------------------------------------------------------------

freesurfer compute_vox2vox.c
Reading: talsrcimg.4dfp.ifh
Reading: talsrcimg_to_711-2C_as_mni_average_305_t4
Reading: /opt/freesurfer/average/711-2C_as_mni_average_305.4dfp.ifh
Writing: talsrcimg_to_711-2C_as_mni_average_305_t4_vox2vox.txt

start time Thu Mar 12 21:57:39 CET 2026
end		time Thu Mar 12 21:59:05 CET 2026

mpr2mni305 success

avi2talxfm orig_nu.mgz /opt/freesurfer/average/mni305.cor.mgz talsrcimg_to_711-2C_as_mni_average_305_t4_vox2vox.txt transforms/talairach.auto.xfm
avi2talxfm done
mv -f /out/sourcedata/freesurfer/sub-v2s2x29073_ses-1/mri/talsrcimg_to_711-2C_as_mni_average_305_t4_vox2vox.txt /out/sourcedata/freesurfer/sub-v2s2x29073_ses-1/mri/transforms/talsrcimg_to_711-2C_as_mni_average_305_t4_vox2vox.txt
lta_convert --src orig_nu.mgz --trg /opt/freesurfer/average/mni305.cor.mgz --inxfm transforms/talairach.auto.xfm --outlta transforms/talairach.auto.xfm.lta --subject fsaverage
7.3.2

--src: orig_nu.mgz src image (geometry).
--trg: /opt/freesurfer/average/mni305.cor.mgz trg image (geometry).
--inmni: transforms/talairach.auto.xfm input MNI/XFM transform.
--outlta: transforms/talairach.auto.xfm.lta output LTA.
--s: fsaverage subject name
 LTA read, type : 1
 1.07854   0.00582  -0.00421  -1.88285;
 0.03277   1.11374  -0.04949   5.94737;
 0.01135   0.06765   1.14504  -12.86395;
 0.00000   0.00000   0.00000   1.00000;
setting subject to fsaverage
Writing  LTA to file transforms/talairach.auto.xfm.lta...
lta_convert successful.
 
 
Started at Thu Mar 12 21:57:39 CET 2026
Ended   at Thu Mar 12 21:59:05 CET 2026
talairach_avi done
