Log file for defect2seg
Fri Mar 13 00:30:35 CET 2026

setenv SUBJECTS_DIR /out/sourcedata/freesurfer
cd /out/sourcedata/freesurfer/sub-v2s2x29067_ses-1/scripts
/opt/freesurfer/bin/defect2seg --s sub-v2s2x29067_ses-1 --rh-only --cortex

freesurfer-linux-ubuntu22_x86_64-7.3.2-20220804-6354275
defect2seg 7.3.2
Linux dna082 5.14.0-427.37.1.el9_4.x86_64 #1 SMP PREEMPT_DYNAMIC Fri Sep 13 12:41:50 EDT 2024 x86_64 x86_64 x86_64 GNU/Linux
pid 528313
mri_label2label --label-cortex /out/sourcedata/freesurfer/sub-v2s2x29067_ses-1/surf/rh.orig.nofix /out/sourcedata/freesurfer/sub-v2s2x29067_ses-1/mri/aseg.presurf.mgz 0 /out/sourcedata/freesurfer/sub-v2s2x29067_ses-1/label/rh.nofix.cortex.label

 Generating cortex label... RemoveHipAmgy=0
 NucAccIsMedialWall=0
 mris->useRealRAS=0
38 non-cortical segments detected
only using segment with 10363 vertices
erasing segment 0 (vno[0] = 32727)
erasing segment 2 (vno[0] = 55280)
erasing segment 3 (vno[0] = 78040)
erasing segment 4 (vno[0] = 80783)
erasing segment 5 (vno[0] = 82073)
erasing segment 6 (vno[0] = 85144)
erasing segment 7 (vno[0] = 85889)
erasing segment 8 (vno[0] = 92092)
erasing segment 9 (vno[0] = 95508)
erasing segment 10 (vno[0] = 96626)
erasing segment 11 (vno[0] = 98165)
erasing segment 12 (vno[0] = 99124)
erasing segment 13 (vno[0] = 99430)
erasing segment 14 (vno[0] = 99771)
erasing segment 15 (vno[0] = 100932)
erasing segment 16 (vno[0] = 101029)
erasing segment 17 (vno[0] = 103907)
erasing segment 18 (vno[0] = 105231)
erasing segment 19 (vno[0] = 106508)
erasing segment 20 (vno[0] = 106587)
erasing segment 21 (vno[0] = 107771)
erasing segment 22 (vno[0] = 107856)
erasing segment 23 (vno[0] = 110269)
erasing segment 24 (vno[0] = 112699)
erasing segment 25 (vno[0] = 113782)
erasing segment 26 (vno[0] = 113892)
erasing segment 27 (vno[0] = 113915)
erasing segment 28 (vno[0] = 115873)
erasing segment 29 (vno[0] = 115879)
erasing segment 30 (vno[0] = 115890)
erasing segment 31 (vno[0] = 124688)
erasing segment 32 (vno[0] = 126330)
erasing segment 33 (vno[0] = 132231)
erasing segment 34 (vno[0] = 133971)
erasing segment 35 (vno[0] = 134935)
erasing segment 36 (vno[0] = 144584)
erasing segment 37 (vno[0] = 148735)
mri_label2vol --defects /out/sourcedata/freesurfer/sub-v2s2x29067_ses-1/surf/rh.orig.nofix /out/sourcedata/freesurfer/sub-v2s2x29067_ses-1/surf/rh.defect_labels /out/sourcedata/freesurfer/sub-v2s2x29067_ses-1/mri/orig.mgz 2000 0 /out/sourcedata/freesurfer/sub-v2s2x29067_ses-1/mri/rh.surface.defects.mgz /out/sourcedata/freesurfer/sub-v2s2x29067_ses-1/label/rh.nofix.cortex.label
mri_label2vol supposed to be reproducible but seed not set
Contraining to label /out/sourcedata/freesurfer/sub-v2s2x29067_ses-1/label/rh.nofix.cortex.label
Changing input type 0 to MRI_INT
Converting defects to volume: offset=2000, merge=0
Writing to /out/sourcedata/freesurfer/sub-v2s2x29067_ses-1/mri/rh.surface.defects.mgz
mris_defects_pointset -s /out/sourcedata/freesurfer/sub-v2s2x29067_ses-1/surf/rh.orig.nofix -d /out/sourcedata/freesurfer/sub-v2s2x29067_ses-1/surf/rh.defect_labels -o /out/sourcedata/freesurfer/sub-v2s2x29067_ses-1/surf/rh.defects.pointset --label /out/sourcedata/freesurfer/sub-v2s2x29067_ses-1/label/rh.nofix.cortex.label
Reading in surface /out/sourcedata/freesurfer/sub-v2s2x29067_ses-1/surf/rh.orig.nofix
Reading in defect segmentation /out/sourcedata/freesurfer/sub-v2s2x29067_ses-1/surf/rh.defect_labels
Reading in label /out/sourcedata/freesurfer/sub-v2s2x29067_ses-1/label/rh.nofix.cortex.label
#VMPC# mris_defects_pointset 1384320
mris_defects_pointset done
 
Started at Fri Mar 13 00:30:35 CET 2026 
Ended   at Fri Mar 13 00:30:47 CET 2026
Defect2seg-Run-Time-Sec 12
Defect2seg-Run-Time-Min 0.24
Defect2seg-Run-Time-Hours 0.00
 
defect2seg Done
