status file for recon-all
Thu Mar 12 21:37:09 CET 2026
#@# MotionCor Thu Mar 12 21:37:11 CET 2026
#@# Talairach Thu Mar 12 21:37:17 CET 2026
#@# Talairach Failure Detection Thu Mar 12 21:40:07 CET 2026
#@# Nu Intensity Correction Thu Mar 12 21:40:07 CET 2026
#@# Intensity Normalization Thu Mar 12 21:42:53 CET 2026
recon-all -s sub-v2s2x29067_ses-1 finished without error at Thu Mar 12 21:43:55 CET 2026



#New# invocation of recon-all 



status file for recon-all
Thu Mar 12 21:50:09 CET 2026
#@# EM Registration Thu Mar 12 21:50:09 CET 2026
recon-all -s sub-v2s2x29067_ses-1 finished without error at Thu Mar 12 21:52:08 CET 2026



#New# invocation of recon-all 



status file for recon-all
Thu Mar 12 21:52:12 CET 2026
#@# CA Normalize Thu Mar 12 21:52:12 CET 2026
#@# CA Reg Thu Mar 12 21:53:04 CET 2026
#@# SubCort Seg Thu Mar 12 22:27:26 CET 2026
#@# CC Seg Thu Mar 12 23:00:26 CET 2026
#@# Merge ASeg Thu Mar 12 23:00:53 CET 2026
#@# Intensity Normalization2 Thu Mar 12 23:00:53 CET 2026
#@# Mask BFS Thu Mar 12 23:02:10 CET 2026
#@# WM Segmentation Thu Mar 12 23:02:11 CET 2026
#@# Fill Thu Mar 12 23:04:09 CET 2026
recon-all -s sub-v2s2x29067_ses-1 finished without error at Thu Mar 12 23:04:48 CET 2026



#New# invocation of recon-all 



status file for recon-all
Fri Mar 13 00:55:01 CET 2026
#@# white curv lh Fri Mar 13 00:55:01 CET 2026
#@# white area lh Fri Mar 13 00:55:01 CET 2026
#@# pial curv lh Fri Mar 13 00:55:01 CET 2026
#@# pial area lh Fri Mar 13 00:55:01 CET 2026
#@# thickness lh Fri Mar 13 00:55:01 CET 2026
#@# area and vertex vol lh Fri Mar 13 00:55:01 CET 2026
#@# white curv rh Fri Mar 13 00:55:01 CET 2026
#@# white area rh Fri Mar 13 00:55:01 CET 2026
#@# pial curv rh Fri Mar 13 00:55:01 CET 2026
#@# pial area rh Fri Mar 13 00:55:01 CET 2026
#@# thickness rh Fri Mar 13 00:55:01 CET 2026
#@# area and vertex vol rh Fri Mar 13 00:55:01 CET 2026
#@# Cortical ribbon mask Fri Mar 13 00:55:01 CET 2026
recon-all -s sub-v2s2x29067_ses-1 finished without error at Fri Mar 13 00:58:16 CET 2026



#New# invocation of recon-all 



status file for recon-all
Fri Mar 13 01:02:55 CET 2026
#@# white curv lh Fri Mar 13 01:02:55 CET 2026
#@# white area lh Fri Mar 13 01:02:56 CET 2026
#@# pial curv lh Fri Mar 13 01:02:56 CET 2026
#@# pial area lh Fri Mar 13 01:02:56 CET 2026
#@# thickness lh Fri Mar 13 01:02:56 CET 2026
#@# area and vertex vol lh Fri Mar 13 01:02:56 CET 2026
#@# white curv rh Fri Mar 13 01:02:56 CET 2026
#@# white area rh Fri Mar 13 01:02:56 CET 2026
#@# pial curv rh Fri Mar 13 01:02:56 CET 2026
#@# pial area rh Fri Mar 13 01:02:56 CET 2026
#@# thickness rh Fri Mar 13 01:02:56 CET 2026
#@# area and vertex vol rh Fri Mar 13 01:02:56 CET 2026
#@# Curvature Stats lh Fri Mar 13 01:02:56 CET 2026
#@# Curvature Stats rh Fri Mar 13 01:02:57 CET 2026
#@# Relabel Hypointensities Fri Mar 13 01:02:59 CET 2026
#@# APas-to-ASeg Fri Mar 13 01:03:13 CET 2026
#@# AParc-to-ASeg aparc Fri Mar 13 01:03:19 CET 2026
#@# AParc-to-ASeg aparc.a2009s Fri Mar 13 01:03:39 CET 2026
#@# AParc-to-ASeg aparc.DKTatlas Fri Mar 13 01:03:59 CET 2026
#@# WMParc Fri Mar 13 01:04:19 CET 2026
#@# ASeg Stats Fri Mar 13 01:06:02 CET 2026
recon-all -s sub-v2s2x29067_ses-1 finished without error at Fri Mar 13 01:06:22 CET 2026
