status file for recon-all
Fri Mar 13 00:15:57 CET 2026
#@# Tessellate rh Fri Mar 13 00:15:57 CET 2026
#@# Smooth1 rh Fri Mar 13 00:15:59 CET 2026
#@# Inflation1 rh Fri Mar 13 00:16:02 CET 2026
#@# QSphere rh Fri Mar 13 00:17:11 CET 2026
#@# Fix Topology rh Fri Mar 13 00:17:54 CET 2026
#@# Smooth2 rh Fri Mar 13 00:34:36 CET 2026
#@# Inflation2 rh Fri Mar 13 00:34:38 CET 2026
#@# Curv .H and .K rh Fri Mar 13 00:35:35 CET 2026
#@# Sphere rh Fri Mar 13 00:36:13 CET 2026
#@# Surf Reg rh Fri Mar 13 00:42:02 CET 2026
#@# Jacobian white rh Fri Mar 13 00:48:01 CET 2026
#@# AvgCurv rh Fri Mar 13 00:48:01 CET 2026
#@# Cortical Parc rh Fri Mar 13 00:48:02 CET 2026
#@# white curv rh Fri Mar 13 00:54:06 CET 2026
#@# white area rh Fri Mar 13 00:54:07 CET 2026
#@# pial curv rh Fri Mar 13 00:54:08 CET 2026
#@# pial area rh Fri Mar 13 00:54:09 CET 2026
#@# thickness rh Fri Mar 13 00:54:10 CET 2026
#@# area and vertex vol rh Fri Mar 13 00:54:32 CET 2026
#@# Curvature Stats rh Fri Mar 13 00:54:33 CET 2026
#@# Cortical Parc 2 rh Fri Mar 13 00:54:35 CET 2026
#@# Cortical Parc 3 rh Fri Mar 13 00:54:45 CET 2026
#@# WM/GM Contrast rh Fri Mar 13 00:54:54 CET 2026
recon-all -s sub-v2s2x29067_ses-1 finished without error at Fri Mar 13 00:54:56 CET 2026



#New# invocation of recon-all 



status file for recon-all
Fri Mar 13 01:00:24 CET 2026
#@# white curv rh Fri Mar 13 01:00:24 CET 2026
#@# white area rh Fri Mar 13 01:00:24 CET 2026
#@# pial curv rh Fri Mar 13 01:00:24 CET 2026
#@# pial area rh Fri Mar 13 01:00:24 CET 2026
#@# thickness rh Fri Mar 13 01:00:24 CET 2026
#@# area and vertex vol rh Fri Mar 13 01:00:24 CET 2026
#@# Parcellation Stats rh Fri Mar 13 01:00:24 CET 2026
#@# Parcellation Stats 2 rh Fri Mar 13 01:00:39 CET 2026
#@# Parcellation Stats 3 rh Fri Mar 13 01:00:46 CET 2026
#@# BA_exvivo Labels rh Fri Mar 13 01:00:53 CET 2026
recon-all -s sub-v2s2x29067_ses-1 finished without error at Fri Mar 13 01:02:51 CET 2026
