/out/sourcedata/freesurfer/sub-v2s2x29088_ses-1/mri
/opt/freesurfer/bin/talairach_avi
--i orig_nu.mgz --xfm transforms/talairach.auto.xfm
talairach_avi 7.3.2
Linux dna060 5.14.0-427.37.1.el9_4.x86_64 #1 SMP PREEMPT_DYNAMIC Fri Sep 13 12:41:50 EDT 2024 x86_64 x86_64 x86_64 GNU/Linux
Thu Mar 12 22:50:05 CET 2026
mri_convert orig_nu.mgz talsrcimg.img 
reading from orig_nu.mgz...
TR=0.00, TE=0.00, TI=0.00, flip angle=0.00
i_ras = (-1, 0, 0)
j_ras = (0, 0, -1)
k_ras = (0, 1, 0)
writing to talsrcimg.img...
Analyze Output Matrix
-0.89844   0.00000   0.00000   120.71460;
 0.00000   0.00000   0.89844  -128.72203;
 0.00000  -0.89844   0.00000   132.75668;
 0.00000   0.00000   0.00000   1.00000;
--------------------
INFO: set hdr.hist.orient to -1
mpr2mni305 talsrcimg
Thu Mar 12 22:50:06 CET 2026
/opt/freesurfer/bin/mpr2mni305 talsrcimg
mpr2mni305 7.3.2
target=711-2C_as_mni_average_305

---------------------------------------------------------------------
analyzeto4dfp talsrcimg -O0 -y
---------------------------------------------------------------------

freesurfer ifh2hdr.c
Thu Mar 12 22:50:06 2026
Writing: talsrcimg.4dfp.hdr
freesurfer analyzeto4dfp.c
Reading: talsrcimg.hdr
header size 348 bytes
hdr.dime.datatype	offset=70	value=2
hdr.dime.bitpix		offset=72	value=8
hdr.hist.orient		offset=252	value=-1
dimensionality     4
dimensions       256       256       256         1
Reading: talsrcimg.img
Writing: talsrcimg.4dfp.img
Writing: talsrcimg.4dfp.ifh
ifh2hdr talsrcimg -r0to255
ori=2

---------------------------------------------------------------------
gauss_4dfp talsrcimg 1.1
---------------------------------------------------------------------

freesurfer gauss_4dfp.c
Reading: talsrcimg.4dfp.img
Writing: talsrcimg_g11.4dfp.img
image dimensions 256 256 256 padded to 288 288 288
processing volume 1freesurfer ifh2hdr.c
Thu Mar 12 22:50:08 2026
Writing: talsrcimg_g11.4dfp.hdr

Writing: talsrcimg_g11.4dfp.ifh
including: talsrcimg.4dfp.img.rec in talsrcimg_g11.4dfp.img.rec

---------------------------------------------------------------------
imgreg_4dfp /opt/freesurfer/average/711-2C_as_mni_average_305 none talsrcimg_g11 none talsrcimg_to_711-2C_as_mni_average_305_t4 4355
---------------------------------------------------------------------

freesurfer imgreg_4dfp.c
/opt/freesurfer/average/711-2C_as_mni_average_305.4dfp.img
       256       256       256         1
  1.000000  1.000000  1.000000
orientation T byte_order littleendian
Reading image: /opt/freesurfer/average/711-2C_as_mni_average_305.4dfp.img
dimensions:      256       256       256
mmppix:       1.0000   -1.0000   -1.0000
center:     128.0000 -129.0000 -129.0000
talsrcimg_g11.4dfp.img
       256       256       256         1
  0.898437  0.898437  0.898437
orientation T byte_order littleendian
Reading image: talsrcimg_g11.4dfp.img
dimensions:      256       256       256
mmppix:       0.8984   -0.8984   -0.8984
center:     114.9999 -115.8984 -115.8984
t4_read: open error in t4_sub.f l:  41 t4_file(1:l)talsrcimg_to_711-2C_as_mni_average_305_t4 
t4_read: transform initialized to I4
rotation matrix determinant  1.000000
image alignment mode   4355 decimal     1103 hex
   -7.5000  -45.0000  -45.0000 6137.3447   11.6605
    0.0000  -45.0000  -45.0000 6163.1074   11.6901
    7.5000  -45.0000  -45.0000 5804.1748   11.7218
   -7.5000  -37.5000  -45.0000 6634.9521   12.3781
    0.0000  -37.5000  -45.0000 6660.8071   12.4023
    7.5000  -37.5000  -45.0000 6269.1250   12.4368
   -7.5000  -30.0000  -45.0000 7135.9922   12.7122
    0.0000  -30.0000  -45.0000 7177.2891   12.7378
    7.5000  -30.0000  -45.0000 6727.8330   12.7743
   -7.5000  -22.5000  -45.0000 7661.9175   12.6571
    0.0000  -22.5000  -45.0000 7718.1626   12.6904
    7.5000  -22.5000  -45.0000 7222.3936   12.7262
   -7.5000  -15.0000  -45.0000 8134.6519   12.6512
    0.0000  -15.0000  -45.0000 8193.0957   12.6919
    7.5000  -15.0000  -45.0000 7670.0688   12.7273
   -7.5000   -7.5000  -45.0000 8181.8696   12.7119
    0.0000   -7.5000  -45.0000 8236.8115   12.7524
    7.5000   -7.5000  -45.0000 7746.9287   12.7875
   -7.5000    0.0000  -45.0000 8193.3760   12.7747
    0.0000    0.0000  -45.0000 8245.3525   12.8072
    7.5000    0.0000  -45.0000 7766.2256   12.8419
   -7.5000    7.5000  -45.0000 7932.9531   12.7684
    0.0000    7.5000  -45.0000 7980.7412   12.7934
    7.5000    7.5000  -45.0000 7517.3354   12.8289
   -7.5000   15.0000  -45.0000 7894.7959   12.7122
    0.0000   15.0000  -45.0000 7920.8213   12.7378
    7.5000   15.0000  -45.0000 7465.3809   12.7743
   -7.5000   22.5000  -45.0000 7246.5562   12.4869
    0.0000   22.5000  -45.0000 7269.2544   12.5196
    7.5000   22.5000  -45.0000 6843.7383   12.5550
   -7.5000   30.0000  -45.0000 6622.6162   12.1482
    0.0000   30.0000  -45.0000 6643.2485   12.1873
    7.5000   30.0000  -45.0000 6251.0171   12.2212
   -7.5000   37.5000  -45.0000 6057.9087   11.8133
    0.0000   37.5000  -45.0000 6074.8296   11.8510
    7.5000   37.5000  -45.0000 5733.6978   11.8836
   -7.5000   45.0000  -45.0000 5482.1929   11.5327
    0.0000   45.0000  -45.0000 5486.2256   11.5621
    7.5000   45.0000  -45.0000 5201.1221   11.5939
   -7.5000  -45.0000  -37.5000 6693.5142   12.2724
    0.0000  -45.0000  -37.5000 6746.3628   12.2990
    7.5000  -45.0000  -37.5000 6348.8877   12.3318
   -7.5000  -37.5000  -37.5000 7211.0527   13.0238
    0.0000  -37.5000  -37.5000 7263.9116   13.0433
    7.5000  -37.5000  -37.5000 6822.5034   13.0787
   -7.5000  -30.0000  -37.5000 7730.8140   13.3526
    0.0000  -30.0000  -37.5000 7794.6138   13.3733
    7.5000  -30.0000  -37.5000 7315.1816   13.4111
   -7.5000  -22.5000  -37.5000 8296.7715   13.3054
    0.0000  -22.5000  -37.5000 8371.5029   13.3352
    7.5000  -22.5000  -37.5000 7845.9458   13.3728
   -7.5000  -15.0000  -37.5000 8823.8662   13.3092
    0.0000  -15.0000  -37.5000 8887.4072   13.3480
    7.5000  -15.0000  -37.5000 8320.8457   13.3852
   -7.5000   -7.5000  -37.5000 8856.6221   13.3724
    0.0000   -7.5000  -37.5000 8915.7354   13.4111
    7.5000   -7.5000  -37.5000 8372.5801   13.4480
   -7.5000    0.0000  -37.5000 8852.5000   13.4279
    0.0000    0.0000  -37.5000 8914.3701   13.4571
    7.5000    0.0000  -37.5000 8370.1709   13.4929
   -7.5000    7.5000  -37.5000 8546.6279   13.4107
    0.0000    7.5000  -37.5000 8614.6084   13.4308
    7.5000    7.5000  -37.5000 8088.3721   13.4672
   -7.5000   15.0000  -37.5000 8467.1104   13.3520
    0.0000   15.0000  -37.5000 8522.5576   13.3727
    7.5000   15.0000  -37.5000 8013.8950   13.4104
   -7.5000   22.5000  -37.5000 7758.7700   13.1275
    0.0000   22.5000  -37.5000 7797.8003   13.1569
    7.5000   22.5000  -37.5000 7339.6113   13.1940
   -7.5000   30.0000  -37.5000 7081.2524   12.7891
    0.0000   30.0000  -37.5000 7113.8867   12.8263
    7.5000   30.0000  -37.5000 6707.2178   12.8621
   -7.5000   37.5000  -37.5000 6476.4321   12.4373
    0.0000   37.5000  -37.5000 6509.0156   12.4733
    7.5000   37.5000  -37.5000 6139.1021   12.5076
   -7.5000   45.0000  -37.5000 5850.1230   12.1207
    0.0000   45.0000  -37.5000 5867.6851   12.1474
    7.5000   45.0000  -37.5000 5545.2031   12.1799
   -7.5000  -45.0000  -30.0000 7259.1475   12.8648
    0.0000  -45.0000  -30.0000 7303.7290   12.8879
    7.5000  -45.0000  -30.0000 6870.4722   12.9147
   -7.5000  -37.5000  -30.0000 7783.0405   13.6509
    0.0000  -37.5000  -30.0000 7846.7588   13.6655
    7.5000  -37.5000  -30.0000 7359.0557   13.6947
   -7.5000  -30.0000  -30.0000 8315.7090   13.9668
    0.0000  -30.0000  -30.0000 8379.6621   13.9841
    7.5000  -30.0000  -30.0000 7858.2944   14.0147
   -7.5000  -22.5000  -30.0000 8949.1748   13.9159
    0.0000  -22.5000  -30.0000 9008.9492   13.9446
    7.5000  -22.5000  -30.0000 8433.5635   13.9743
   -7.5000  -15.0000  -30.0000 9515.2344   13.9277
    0.0000  -15.0000  -30.0000 9572.0488   13.9661
    7.5000  -15.0000  -30.0000 8946.6426   13.9956
   -7.5000   -7.5000  -30.0000 9548.0723   14.0016
    0.0000   -7.5000  -30.0000 9606.3887   14.0389
    7.5000   -7.5000  -30.0000 8979.2676   14.0687
   -7.5000    0.0000  -30.0000 9515.7344   14.0615
    0.0000    0.0000  -30.0000 9570.9053   14.0867
    7.5000    0.0000  -30.0000 8957.9102   14.1160
   -7.5000    7.5000  -30.0000 9151.0635   14.0352
    0.0000    7.5000  -30.0000 9209.0273   14.0502
    7.5000    7.5000  -30.0000 8629.2178   14.0803
   -7.5000   15.0000  -30.0000 9036.5693   13.9649
    0.0000   15.0000  -30.0000 9090.3096   13.9821
    7.5000   15.0000  -30.0000 8521.4668   14.0128
   -7.5000   22.5000  -30.0000 8260.4121   13.7305
    0.0000   22.5000  -30.0000 8316.4121   13.7587
    7.5000   22.5000  -30.0000 7806.4639   13.7880
   -7.5000   30.0000  -30.0000 7539.2871   13.3931
    0.0000   30.0000  -30.0000 7586.8062   13.4300
    7.5000   30.0000  -30.0000 7146.1123   13.4584
   -7.5000   37.5000  -30.0000 6872.2939   13.0422
    0.0000   37.5000  -30.0000 6909.9727   13.0769
    7.5000   37.5000  -30.0000 6513.0171   13.1047
   -7.5000   45.0000  -30.0000 6185.4009   12.7119
    0.0000   45.0000  -30.0000 6224.9604   12.7351
    7.5000   45.0000  -30.0000 5855.7256   12.7618
   -7.5000  -45.0000  -22.5000 7796.4375   13.4459
    0.0000  -45.0000  -22.5000 7833.0767   13.4684
    7.5000  -45.0000  -22.5000 7370.9277   13.4892
   -7.5000  -37.5000  -22.5000 8315.4922   14.2774
    0.0000  -37.5000  -22.5000 8376.2178   14.2916
    7.5000  -37.5000  -22.5000 7869.6836   14.3148
   -7.5000  -30.0000  -22.5000 8890.4805   14.5833
    0.0000  -30.0000  -22.5000 8959.7939   14.6016
    7.5000  -30.0000  -22.5000 8402.1719   14.6244
   -7.5000  -22.5000  -22.5000 9560.7520   14.5202
    0.0000  -22.5000  -22.5000 9615.5781   14.5510
    7.5000  -22.5000  -22.5000 8997.7559   14.5710
   -7.5000  -15.0000  -22.500010166.4727   14.5310
    0.0000  -15.0000  -22.500010213.2812   14.5713
    7.5000  -15.0000  -22.5000 9537.7939   14.5912
   -7.5000   -7.5000  -22.500010210.4951   14.6156
    0.0000   -7.5000  -22.500010261.6221   14.6536
    7.5000   -7.5000  -22.5000 9559.6748   14.6751
   -7.5000    0.0000  -22.500010174.8691   14.6882
    0.0000    0.0000  -22.500010235.7900   14.7127
    7.5000    0.0000  -22.5000 9537.2783   14.7355
   -7.5000    7.5000  -22.5000 9782.4932   14.6611
    0.0000    7.5000  -22.5000 9838.0840   14.6757
    7.5000    7.5000  -22.5000 9175.2031   14.6995
   -7.5000   15.0000  -22.5000 9615.6709   14.5798
    0.0000   15.0000  -22.5000 9664.9639   14.5980
    7.5000   15.0000  -22.5000 9031.2754   14.6209
   -7.5000   22.5000  -22.5000 8779.9180   14.3281
    0.0000   22.5000  -22.5000 8845.7783   14.3584
    7.5000   22.5000  -22.5000 8292.3643   14.3782
   -7.5000   30.0000  -22.5000 8011.9766   13.9835
    0.0000   30.0000  -22.5000 8058.0381   14.0224
    7.5000   30.0000  -22.5000 7572.2046   14.0415
   -7.5000   37.5000  -22.5000 7272.5894   13.6348
    0.0000   37.5000  -22.5000 7300.4619   13.6703
    7.5000   37.5000  -22.5000 6862.4995   13.6903
   -7.5000   45.0000  -22.5000 6526.7842   13.3114
    0.0000   45.0000  -22.5000 6543.3940   13.3337
    7.5000   45.0000  -22.5000 6150.7993   13.3551
   -7.5000  -45.0000  -15.0000 8296.3252   13.9230
    0.0000  -45.0000  -15.0000 8325.3311   13.9505
    7.5000  -45.0000  -15.0000 7833.0503   13.9739
   -7.5000  -37.5000  -15.0000 8850.1221   14.7941
    0.0000  -37.5000  -15.0000 8903.3242   14.8148
    7.5000  -37.5000  -15.0000 8359.7100   14.8411
   -7.5000  -30.0000  -15.0000 9442.3799   15.0993
    0.0000  -30.0000  -15.0000 9497.5713   15.1247
    7.5000  -30.0000  -15.0000 8915.9307   15.1501
   -7.5000  -22.5000  -15.000010151.0869   15.0243
    0.0000  -22.5000  -15.000010189.6025   15.0617
    7.5000  -22.5000  -15.0000 9528.1553   15.0831
   -7.5000  -15.0000  -15.000010785.6357   15.0238
    0.0000  -15.0000  -15.000010813.9688   15.0699
    7.5000  -15.0000  -15.000010064.6133   15.0905
   -7.5000   -7.5000  -15.000010835.0557   15.1098
    0.0000   -7.5000  -15.000010864.9150   15.1528
    7.5000   -7.5000  -15.000010086.4121   15.1757
   -7.5000    0.0000  -15.000010820.1953   15.1945
    0.0000    0.0000  -15.000010867.8174   15.2246
    7.5000    0.0000  -15.000010083.9424   15.2502
   -7.5000    7.5000  -15.000010394.3330   15.1770
    0.0000    7.5000  -15.000010428.0166   15.1981
    7.5000    7.5000  -15.0000 9708.1348   15.2252
   -7.5000   15.0000  -15.000010164.1924   15.0947
    0.0000   15.0000  -15.000010186.0205   15.1201
    7.5000   15.0000  -15.0000 9516.7520   15.1454
   -7.5000   22.5000  -15.0000 9263.9424   14.8278
    0.0000   22.5000  -15.0000 9310.4219   14.8647
    7.5000   22.5000  -15.0000 8712.3877   14.8858
   -7.5000   30.0000  -15.0000 8431.8467   14.4687
    0.0000   30.0000  -15.0000 8471.2412   14.5131
    7.5000   30.0000  -15.0000 7950.9438   14.5329
   -7.5000   37.5000  -15.0000 7649.7744   14.1174
    0.0000   37.5000  -15.0000 7684.9482   14.1576
    7.5000   37.5000  -15.0000 7204.1938   14.1790
   -7.5000   45.0000  -15.0000 6864.5635   13.8052
    0.0000   45.0000  -15.0000 6879.6450   13.8321
    7.5000   45.0000  -15.0000 6444.4922   13.8565
   -7.5000  -45.0000   -7.5000 8519.3193   13.8930
    0.0000  -45.0000   -7.5000 8545.1377   13.9254
    7.5000  -45.0000   -7.5000 8032.2090   13.9571
   -7.5000  -37.5000   -7.5000 9051.1777   14.7707
    0.0000  -37.5000   -7.5000 9094.9170   14.7972
    7.5000  -37.5000   -7.5000 8540.4395   14.8324
   -7.5000  -30.0000   -7.5000 9671.5156   15.0852
    0.0000  -30.0000   -7.5000 9703.2773   15.1151
    7.5000  -30.0000   -7.5000 9124.5068   15.1507
   -7.5000  -22.5000   -7.500010418.6416   15.0113
    0.0000  -22.5000   -7.500010462.0049   15.0514
    7.5000  -22.5000   -7.5000 9777.7090   15.0841
   -7.5000  -15.0000   -7.500011060.0371   15.0017
    0.0000  -15.0000   -7.500011082.1328   15.0500
    7.5000  -15.0000   -7.500010309.5713   15.0817
   -7.5000   -7.5000   -7.500011123.7373   15.0787
    0.0000   -7.5000   -7.500011103.2217   15.1249
    7.5000   -7.5000   -7.500010335.6729   15.1578
   -7.5000    0.0000   -7.500011075.5215   15.1619
    0.0000    0.0000   -7.500011076.1201   15.1973
    7.5000    0.0000   -7.500010328.3721   15.2319
   -7.5000    7.5000   -7.500010620.8418   15.1529
    0.0000    7.5000   -7.500010621.6748   15.1801
    7.5000    7.5000   -7.5000 9932.1270   15.2162
   -7.5000   15.0000   -7.500010333.5596   15.0806
    0.0000   15.0000   -7.500010332.7227   15.1104
    7.5000   15.0000   -7.5000 9666.5010   15.1460
   -7.5000   22.5000   -7.5000 9422.0107   14.8149
    0.0000   22.5000   -7.5000 9430.2061   14.8545
    7.5000   22.5000   -7.5000 8838.9248   14.8868
   -7.5000   30.0000   -7.5000 8594.5947   14.4474
    0.0000   30.0000   -7.5000 8622.9102   14.4939
    7.5000   30.0000   -7.5000 8081.9341   14.5244
   -7.5000   37.5000   -7.5000 7790.4536   14.0883
    0.0000   37.5000   -7.5000 7815.4648   14.1315
    7.5000   37.5000   -7.5000 7319.6377   14.1622
   -7.5000   45.0000   -7.5000 6983.4175   13.7760
    0.0000   45.0000   -7.5000 6999.6318   13.8078
    7.5000   45.0000   -7.5000 6548.1992   13.8402
   -7.5000  -45.0000    0.0000 8538.3018   14.2069
    0.0000  -45.0000    0.0000 8567.7617   14.2415
    7.5000  -45.0000    0.0000 8063.0679   14.2804
   -7.5000  -37.5000    0.0000 9018.9131   15.0966
    0.0000  -37.5000    0.0000 9042.1152   15.1246
    7.5000  -37.5000    0.0000 8529.6123   15.1669
   -7.5000  -30.0000    0.0000 9668.2969   15.4170
    0.0000  -30.0000    0.0000 9694.3848   15.4464
    7.5000  -30.0000    0.0000 9147.4551   15.4909
   -7.5000  -22.5000    0.000010560.0986   15.3520
    0.0000  -22.5000    0.000010605.9238   15.3908
    7.5000  -22.5000    0.0000 9891.5781   15.4344
   -7.5000  -15.0000    0.000011273.0420   15.3439
    0.0000  -15.0000    0.000011270.2090   15.3918
    7.5000  -15.0000    0.000010483.8662   15.4348
   -7.5000   -7.5000    0.000011295.4854   15.4149
    0.0000   -7.5000    0.000011242.4434   15.4624
    7.5000   -7.5000    0.000010501.7471   15.5052
   -7.5000    0.0000    0.000011160.8945   15.4892
    0.0000    0.0000    0.000011132.9365   15.5270
    7.5000    0.0000    0.000010464.4668   15.5693
   -7.5000    7.5000    0.000010641.5146   15.4771
    0.0000    7.5000    0.000010638.6055   15.5057
    7.5000    7.5000    0.000010003.8701   15.5491
   -7.5000   15.0000    0.000010322.9531   15.4115
    0.0000   15.0000    0.000010303.3896   15.4410
    7.5000   15.0000    0.0000 9659.4336   15.4854
   -7.5000   22.5000    0.0000 9409.9219   15.1533
    0.0000   22.5000    0.0000 9390.4980   15.1916
    7.5000   22.5000    0.0000 8801.2559   15.2346
   -7.5000   30.0000    0.0000 8595.0889   14.7859
    0.0000   30.0000    0.0000 8594.8604   14.8320
    7.5000   30.0000    0.0000 8046.9512   14.8735
   -7.5000   37.5000    0.0000 7793.4131   14.4197
    0.0000   37.5000    0.0000 7795.4478   14.4641
    7.5000   37.5000    0.0000 7295.4092   14.5042
   -7.5000   45.0000    0.0000 6987.2842   14.0994
    0.0000   45.0000    0.0000 6991.1235   14.1338
    7.5000   45.0000    0.0000 6541.3076   14.1730
   -7.5000  -45.0000    7.5000 8259.5039   14.2100
    0.0000  -45.0000    7.5000 8284.1035   14.2407
    7.5000  -45.0000    7.5000 7812.5181   14.2783
   -7.5000  -37.5000    7.5000 8658.5967   15.0890
    0.0000  -37.5000    7.5000 8668.9326   15.1113
    7.5000  -37.5000    7.5000 8222.1719   15.1520
   -7.5000  -30.0000    7.5000 9311.6641   15.4070
    0.0000  -30.0000    7.5000 9326.2529   15.4309
    7.5000  -30.0000    7.5000 8805.6914   15.4742
   -7.5000  -22.5000    7.500010275.0918   15.3516
    0.0000  -22.5000    7.500010337.5928   15.3861
    7.5000  -22.5000    7.5000 9608.7295   15.4293
   -7.5000  -15.0000    7.500011058.6123   15.3549
    0.0000  -15.0000    7.500011095.3496   15.3997
    7.5000  -15.0000    7.500010294.4600   15.4425
   -7.5000   -7.5000    7.500011098.2822   15.4275
    0.0000   -7.5000    7.500011054.3154   15.4722
    7.5000   -7.5000    7.500010331.1924   15.5145
   -7.5000    0.0000    7.500010899.0537   15.4926
    0.0000    0.0000    7.500010851.7920   15.5261
    7.5000    0.0000    7.500010215.1406   15.5670
   -7.5000    7.5000    7.500010300.3066   15.4692
    0.0000    7.5000    7.500010282.9961   15.4921
    7.5000    7.5000    7.5000 9682.5723   15.5339
   -7.5000   15.0000    7.5000 9903.0840   15.4016
    0.0000   15.0000    7.5000 9893.7471   15.4254
    7.5000   15.0000    7.5000 9278.8672   15.4687
   -7.5000   22.5000    7.5000 9017.5312   15.1529
    0.0000   22.5000    7.5000 9008.3906   15.1870
    7.5000   22.5000    7.5000 8444.6113   15.2296
   -7.5000   30.0000    7.5000 8244.2246   14.7965
    0.0000   30.0000    7.5000 8246.9570   14.8396
    7.5000   30.0000    7.5000 7717.2383   14.8809
   -7.5000   37.5000    7.5000 7472.9360   14.4315
    0.0000   37.5000    7.5000 7480.3789   14.4733
    7.5000   37.5000    7.5000 7010.3857   14.5128
   -7.5000   45.0000    7.5000 6665.5840   14.1012
    0.0000   45.0000    7.5000 6686.7529   14.1321
    7.5000   45.0000    7.5000 6273.5630   14.1696
   -7.5000  -45.0000   15.0000 8219.0479   14.3510
    0.0000  -45.0000   15.0000 8268.2471   14.3774
    7.5000  -45.0000   15.0000 7790.1440   14.4075
   -7.5000  -37.5000   15.0000 8655.6260   15.2294
    0.0000  -37.5000   15.0000 8682.1377   15.2463
    7.5000  -37.5000   15.0000 8208.7988   15.2792
   -7.5000  -30.0000   15.0000 9269.8008   15.5399
    0.0000  -30.0000   15.0000 9284.5371   15.5596
    7.5000  -30.0000   15.0000 8772.4521   15.5939
   -7.5000  -22.5000   15.000010066.8350   15.4830
    0.0000  -22.5000   15.000010140.3564   15.5154
    7.5000  -22.5000   15.0000 9471.5869   15.5486
   -7.5000  -15.0000   15.000010798.7373   15.4964
    0.0000  -15.0000   15.000010872.7998   15.5397
    7.5000  -15.0000   15.000010129.9912   15.5726
   -7.5000   -7.5000   15.000010905.8906   15.5793
    0.0000   -7.5000   15.000010941.1357   15.6215
    7.5000   -7.5000   15.000010209.0244   15.6547
   -7.5000    0.0000   15.000010788.9580   15.6461
    0.0000    0.0000   15.000010809.9414   15.6750
    7.5000    0.0000   15.000010120.9600   15.7078
   -7.5000    7.5000   15.000010177.2402   15.6132
    0.0000    7.5000   15.000010204.3701   15.6305
    7.5000    7.5000   15.0000 9597.6123   15.6643
   -7.5000   15.0000   15.0000 9736.6543   15.5344
    0.0000   15.0000   15.0000 9752.5283   15.5541
    7.5000   15.0000   15.0000 9181.9648   15.5884
   -7.5000   22.5000   15.0000 8892.5986   15.2827
    0.0000   22.5000   15.0000 8899.3203   15.3146
    7.5000   22.5000   15.0000 8370.1992   15.3474
   -7.5000   30.0000   15.0000 8170.9482   14.9328
    0.0000   30.0000   15.0000 8154.4785   14.9745
    7.5000   30.0000   15.0000 7677.3257   15.0062
   -7.5000   37.5000   15.0000 7393.2847   14.5735
    0.0000   37.5000   15.0000 7398.7964   14.6130
    7.5000   37.5000   15.0000 6960.1099   14.6440
   -7.5000   45.0000   15.0000 6576.3296   14.2414
    0.0000   45.0000   15.0000 6579.1392   14.2681
    7.5000   45.0000   15.0000 6215.8584   14.2983
   -7.5000  -45.0000   22.5000 7764.9346   14.5605
    0.0000  -45.0000   22.5000 7830.2095   14.5859
    7.5000  -45.0000   22.5000 7355.8936   14.6100
   -7.5000  -37.5000   22.5000 8212.1455   15.4541
    0.0000  -37.5000   22.5000 8262.4990   15.4702
    7.5000  -37.5000   22.5000 7776.4731   15.4969
   -7.5000  -30.0000   22.5000 8784.5430   15.7619
    0.0000  -30.0000   22.5000 8835.0820   15.7821
    7.5000  -30.0000   22.5000 8320.5234   15.8081
   -7.5000  -22.5000   22.5000 9453.4443   15.6945
    0.0000  -22.5000   22.5000 9512.5752   15.7281
    7.5000  -22.5000   22.5000 8941.5059   15.7508
   -7.5000  -15.0000   22.500010023.0449   15.7058
    0.0000  -15.0000   22.500010062.0010   15.7503
    7.5000  -15.0000   22.5000 9498.1523   15.7727
   -7.5000   -7.5000   22.500010107.8818   15.7963
    0.0000   -7.5000   22.500010142.6211   15.8387
    7.5000   -7.5000   22.5000 9566.8838   15.8633
   -7.5000    0.0000   22.500010072.5957   15.8743
    0.0000    0.0000   22.500010115.7480   15.9021
    7.5000    0.0000   22.5000 9533.8340   15.9284
   -7.5000    7.5000   22.5000 9581.4258   15.8436
    0.0000    7.5000   22.5000 9627.0557   15.8601
    7.5000    7.5000   22.5000 9088.4219   15.8874
   -7.5000   15.0000   22.5000 9184.4844   15.7564
    0.0000   15.0000   22.5000 9211.3682   15.7765
    7.5000   15.0000   22.5000 8691.8379   15.8025
   -7.5000   22.5000   22.5000 8389.6240   15.4914
    0.0000   22.5000   22.5000 8410.5557   15.5246
    7.5000   22.5000   22.5000 7912.4629   15.5469
   -7.5000   30.0000   22.5000 7704.7720   15.1346
    0.0000   30.0000   22.5000 7704.2832   15.1775
    7.5000   30.0000   22.5000 7252.1025   15.1991
   -7.5000   37.5000   22.5000 6951.7524   14.7765
    0.0000   37.5000   22.5000 6965.2832   14.8161
    7.5000   37.5000   22.5000 6560.7959   14.8391
   -7.5000   45.0000   22.5000 6161.2295   14.4501
    0.0000   45.0000   22.5000 6168.7393   14.4754
    7.5000   45.0000   22.5000 5842.5249   14.5002
   -7.5000  -45.0000   30.0000 7281.1187   14.7768
    0.0000  -45.0000   30.0000 7340.9517   14.8062
    7.5000  -45.0000   30.0000 6882.1558   14.8302
   -7.5000  -37.5000   30.0000 7699.6455   15.7033
    0.0000  -37.5000   30.0000 7757.0205   15.7249
    7.5000  -37.5000   30.0000 7287.6304   15.7525
   -7.5000  -30.0000   30.0000 8215.6533   16.0212
    0.0000  -30.0000   30.0000 8276.3350   16.0483
    7.5000  -30.0000   30.0000 7800.3735   16.0755
   -7.5000  -22.5000   30.0000 8810.2393   15.9421
    0.0000  -22.5000   30.0000 8855.0312   15.9828
    7.5000  -22.5000   30.0000 8368.1475   16.0059
   -7.5000  -15.0000   30.0000 9307.8408   15.9405
    0.0000  -15.0000   30.0000 9340.0723   15.9908
    7.5000  -15.0000   30.0000 8872.7461   16.0126
   -7.5000   -7.5000   30.0000 9360.8262   16.0299
    0.0000   -7.5000   30.0000 9386.8965   16.0766
    7.5000   -7.5000   30.0000 8918.9658   16.1003
   -7.5000    0.0000   30.0000 9350.5420   16.1198
    0.0000    0.0000   30.0000 9382.7637   16.1519
    7.5000    0.0000   30.0000 8903.9648   16.1782
   -7.5000    7.5000   30.0000 8938.2803   16.1017
    0.0000    7.5000   30.0000 8975.0225   16.1239
    7.5000    7.5000   30.0000 8511.9980   16.1522
   -7.5000   15.0000   30.0000 8609.0977   16.0155
    0.0000   15.0000   30.0000 8633.5859   16.0426
    7.5000   15.0000   30.0000 8168.7334   16.0697
   -7.5000   22.5000   30.0000 7875.2583   15.7344
    0.0000   22.5000   30.0000 7897.4702   15.7745
    7.5000   22.5000   30.0000 7453.8696   15.7973
   -7.5000   30.0000   30.0000 7195.4448   15.3678
    0.0000   30.0000   30.0000 7214.2710   15.4163
    7.5000   30.0000   30.0000 6814.4668   15.4373
   -7.5000   37.5000   30.0000 6476.8726   15.0091
    0.0000   37.5000   30.0000 6504.2480   15.0528
    7.5000   37.5000   30.0000 6152.9966   15.0749
   -7.5000   45.0000   30.0000 5754.3843   14.6947
    0.0000   45.0000   30.0000 5770.0103   14.7235
    7.5000   45.0000   30.0000 5461.4111   14.7487
   -7.5000  -45.0000   37.5000 6804.6523   14.8396
    0.0000  -45.0000   37.5000 6855.1729   14.8740
    7.5000  -45.0000   37.5000 6440.9346   14.9130
   -7.5000  -37.5000   37.5000 7190.7686   15.7881
    0.0000  -37.5000   37.5000 7246.5229   15.8166
    7.5000  -37.5000   37.5000 6825.5806   15.8598
   -7.5000  -30.0000   37.5000 7668.2100   16.1130
    0.0000  -30.0000   37.5000 7727.1182   16.1469
    7.5000  -30.0000   37.5000 7282.2500   16.1906
   -7.5000  -22.5000   37.5000 8200.0635   16.0341
    0.0000  -22.5000   37.5000 8257.1689   16.0806
    7.5000  -22.5000   37.5000 7800.6089   16.1209
   -7.5000  -15.0000   37.5000 8659.8906   16.0171
    0.0000  -15.0000   37.5000 8717.9463   16.0720
    7.5000  -15.0000   37.5000 8265.6309   16.1110
   -7.5000   -7.5000   37.5000 8707.5957   16.0924
    0.0000   -7.5000   37.5000 8748.9189   16.1432
    7.5000   -7.5000   37.5000 8317.8271   16.1836
   -7.5000    0.0000   37.5000 8692.5498   16.1820
    0.0000    0.0000   37.5000 8737.0752   16.2195
    7.5000    0.0000   37.5000 8298.7725   16.2620
   -7.5000    7.5000   37.5000 8320.5234   16.1787
    0.0000    7.5000   37.5000 8364.1660   16.2080
    7.5000    7.5000   37.5000 7936.5684   16.2522
   -7.5000   15.0000   37.5000 8021.1211   16.1071
    0.0000   15.0000   37.5000 8055.3960   16.1410
    7.5000   15.0000   37.5000 7633.9722   16.1847
   -7.5000   22.5000   37.5000 7366.4268   15.8225
    0.0000   22.5000   37.5000 7395.3833   15.8683
    7.5000   22.5000   37.5000 6995.7422   15.9081
   -7.5000   30.0000   37.5000 6741.6172   15.4416
    0.0000   30.0000   37.5000 6773.2393   15.4944
    7.5000   30.0000   37.5000 6400.9365   15.5320
   -7.5000   37.5000   37.5000 6056.2954   15.0678
    0.0000   37.5000   37.5000 6083.4907   15.1154
    7.5000   37.5000   37.5000 5758.6289   15.1532
   -7.5000   45.0000   37.5000 5389.5049   14.7495
    0.0000   45.0000   37.5000 5401.5249   14.7834
    7.5000   45.0000   37.5000 5118.0640   14.8231
   -7.5000  -45.0000   45.0000 6311.2437   15.0054
    0.0000  -45.0000   45.0000 6360.2563   15.0388
    7.5000  -45.0000   45.0000 5984.2695   15.0804
   -7.5000  -37.5000   45.0000 6675.0679   15.9589
    0.0000  -37.5000   45.0000 6723.9995   15.9857
    7.5000  -37.5000   45.0000 6335.4468   16.0318
   -7.5000  -30.0000   45.0000 7118.9019   16.2777
    0.0000  -30.0000   45.0000 7169.3540   16.3071
    7.5000  -30.0000   45.0000 6754.0752   16.3563
   -7.5000  -22.5000   45.0000 7606.0415   16.2111
    0.0000  -22.5000   45.0000 7663.7358   16.2510
    7.5000  -22.5000   45.0000 7242.0166   16.2990
   -7.5000  -15.0000   45.0000 8022.4893   16.2005
    0.0000  -15.0000   45.0000 8073.7544   16.2491
    7.5000  -15.0000   45.0000 7652.2451   16.2954
   -7.5000   -7.5000   45.0000 8077.0229   16.2708
    0.0000   -7.5000   45.0000 8114.5347   16.3180
    7.5000   -7.5000   45.0000 7693.1055   16.3636
   -7.5000    0.0000   45.0000 8075.9072   16.3484
    0.0000    0.0000   45.0000 8116.5537   16.3848
    7.5000    0.0000   45.0000 7696.2104   16.4301
   -7.5000    7.5000   45.0000 7737.1411   16.3380
    0.0000    7.5000   45.0000 7777.2617   16.3655
    7.5000    7.5000   45.0000 7373.6616   16.4127
   -7.5000   15.0000   45.0000 7472.6577   16.2716
    0.0000   15.0000   45.0000 7506.9810   16.3010
    7.5000   15.0000   45.0000 7100.4346   16.3501
   -7.5000   22.5000   45.0000 6860.9526   15.9949
    0.0000   22.5000   45.0000 6893.8018   16.0343
    7.5000   22.5000   45.0000 6516.3135   16.0817
   -7.5000   30.0000   45.0000 6279.5391   15.6168
    0.0000   30.0000   45.0000 6306.7837   15.6636
    7.5000   30.0000   45.0000 5958.7310   15.7083
   -7.5000   37.5000   45.0000 5668.9419   15.2308
    0.0000   37.5000   45.0000 5677.0815   15.2749
    7.5000   37.5000   45.0000 5370.9800   15.3176
   -7.5000   45.0000   45.0000 5040.2212   14.8907
    0.0000   45.0000   45.0000 5051.8262   14.9238
    7.5000   45.0000   45.0000 4776.7622   14.9656

---------------------------------------------------------------------
imgreg_4dfp /opt/freesurfer/average/711-2C_as_mni_average_305 /opt/freesurfer/average/711-2B_as_mni_average_305_mask talsrcimg_g11 none talsrcimg_to_711-2C_as_mni_average_305_t4 4355
---------------------------------------------------------------------

freesurfer imgreg_4dfp.c
/opt/freesurfer/average/711-2C_as_mni_average_305.4dfp.img
       256       256       256         1
  1.000000  1.000000  1.000000
orientation T byte_order littleendian
Reading image: /opt/freesurfer/average/711-2C_as_mni_average_305.4dfp.img
dimensions:      256       256       256
mmppix:       1.0000   -1.0000   -1.0000
center:     128.0000 -129.0000 -129.0000
/opt/freesurfer/average/711-2B_as_mni_average_305_mask.4dfp.img
       256       256       256         1
  1.000000  1.000000  1.000000
orientation T byte_order littleendian
Reading mask: /opt/freesurfer/average/711-2B_as_mni_average_305_mask.4dfp.img (2306576 pixels)
talsrcimg_g11.4dfp.img
       256       256       256         1
  0.898437  0.898437  0.898437
orientation T byte_order littleendian
Reading image: talsrcimg_g11.4dfp.img
dimensions:      256       256       256
mmppix:       0.8984   -0.8984   -0.8984
center:     114.9999 -115.8984 -115.8984
rotation matrix determinant  1.000000
image alignment mode   4355 decimal     1103 hex
  -15.0000  -52.5000  -45.0000 1797.9772   14.3900
   -7.5000  -52.5000  -45.0000 1826.1689   14.1822
    0.0000  -52.5000  -45.0000 1833.9747   14.2005
  -15.0000  -45.0000  -45.0000 1892.8345   13.3808
   -7.5000  -45.0000  -45.0000 1921.1880   13.1794
    0.0000  -45.0000  -45.0000 1928.1964   13.2104
  -15.0000  -37.5000  -45.0000 1981.7345   12.4103
   -7.5000  -37.5000  -45.0000 2010.8253   12.2210
    0.0000  -37.5000  -45.0000 2014.9252   12.2511
  -15.0000  -30.0000  -45.0000 2034.9897   11.6750
   -7.5000  -30.0000  -45.0000 2068.4316   11.5139
    0.0000  -30.0000  -45.0000 2076.3274   11.5187
  -15.0000  -22.5000  -45.0000 2059.8501   11.2100
   -7.5000  -22.5000  -45.0000 2092.2065   10.9910
    0.0000  -22.5000  -45.0000 2099.1270   11.0118
  -15.0000  -15.0000  -45.0000 2060.8850   10.9820
   -7.5000  -15.0000  -45.0000 2095.9805   10.7731
    0.0000  -15.0000  -45.0000 2105.9934   10.8042
  -15.0000   -7.5000  -45.0000 2051.4656   11.0038
   -7.5000   -7.5000  -45.0000 2085.4468   10.7517
    0.0000   -7.5000  -45.0000 2094.9932   10.7787
  -15.0000    0.0000  -45.0000 2027.3163   11.2456
   -7.5000    0.0000  -45.0000 2070.2356   10.9398
    0.0000    0.0000  -45.0000 2078.5017   10.9649
  -15.0000    7.5000  -45.0000 1998.7819   11.7901
   -7.5000    7.5000  -45.0000 2038.3011   11.4584
    0.0000    7.5000  -45.0000 2046.3235   11.4609
  -15.0000   15.0000  -45.0000 1947.9244   12.5736
   -7.5000   15.0000  -45.0000 1986.2843   12.2386
    0.0000   15.0000  -45.0000 1993.5421   12.2347
  -15.0000   22.5000  -45.0000 1873.8140   13.6477
   -7.5000   22.5000  -45.0000 1907.8004   13.3208
    0.0000   22.5000  -45.0000 1914.7230   13.3320
  -15.0000   30.0000  -45.0000 1775.0199   15.0227
   -7.5000   30.0000  -45.0000 1813.8298   14.6832
    0.0000   30.0000  -45.0000 1817.4061   14.7249
  -15.0000   37.5000  -45.0000 1652.3561   16.6649
   -7.5000   37.5000  -45.0000 1688.4041   16.3617
    0.0000   37.5000  -45.0000 1689.8182   16.3744
  -15.0000  -52.5000  -37.5000 1933.4415   14.1448
   -7.5000  -52.5000  -37.5000 1962.3585   13.9700
    0.0000  -52.5000  -37.5000 1974.2321   13.9852
  -15.0000  -45.0000  -37.5000 2040.4581   13.1346
   -7.5000  -45.0000  -37.5000 2074.1829   12.9487
    0.0000  -45.0000  -37.5000 2086.4773   12.9878
  -15.0000  -37.5000  -37.5000 2135.1267   12.2007
   -7.5000  -37.5000  -37.5000 2170.5210   11.9821
    0.0000  -37.5000  -37.5000 2179.8293   12.0208
  -15.0000  -30.0000  -37.5000 2191.3040   11.4426
   -7.5000  -30.0000  -37.5000 2231.2361   11.2294
    0.0000  -30.0000  -37.5000 2239.7292   11.2498
  -15.0000  -22.5000  -37.5000 2224.3225   10.9600
   -7.5000  -22.5000  -37.5000 2261.7786   10.7519
    0.0000  -22.5000  -37.5000 2272.1689   10.7666
  -15.0000  -15.0000  -37.5000 2234.9204   10.7750
   -7.5000  -15.0000  -37.5000 2273.5750   10.5651
    0.0000  -15.0000  -37.5000 2281.3584   10.5903
  -15.0000   -7.5000  -37.5000 2220.4517   10.8054
   -7.5000   -7.5000  -37.5000 2257.6802   10.5596
    0.0000   -7.5000  -37.5000 2266.4519   10.5866
  -15.0000    0.0000  -37.5000 2193.6465   11.0331
   -7.5000    0.0000  -37.5000 2241.6055   10.7400
    0.0000    0.0000  -37.5000 2250.7053   10.7659
  -15.0000    7.5000  -37.5000 2154.5393   11.5201
   -7.5000    7.5000  -37.5000 2206.4092   11.2064
    0.0000    7.5000  -37.5000 2216.0974   11.2106
  -15.0000   15.0000  -37.5000 2100.8696   12.2962
   -7.5000   15.0000  -37.5000 2145.0940   11.9713
    0.0000   15.0000  -37.5000 2154.0168   11.9883
  -15.0000   22.5000  -37.5000 2015.3386   13.3637
   -7.5000   22.5000  -37.5000 2061.4517   13.0219
    0.0000   22.5000  -37.5000 2067.7031   13.0495
  -15.0000   30.0000  -37.5000 1916.4534   14.6919
   -7.5000   30.0000  -37.5000 1959.7894   14.3694
    0.0000   30.0000  -37.5000 1960.6945   14.4216
  -15.0000   37.5000  -37.5000 1780.3130   16.3241
   -7.5000   37.5000  -37.5000 1827.2612   15.9618
    0.0000   37.5000  -37.5000 1829.3820   16.0033
  -15.0000  -52.5000  -30.0000 2059.6091   13.8193
   -7.5000  -52.5000  -30.0000 2088.9041   13.6358
    0.0000  -52.5000  -30.0000 2096.7764   13.6565
  -15.0000  -45.0000  -30.0000 2165.8271   12.8008
   -7.5000  -45.0000  -30.0000 2204.9336   12.6018
    0.0000  -45.0000  -30.0000 2216.2280   12.6429
  -15.0000  -37.5000  -30.0000 2262.0820   11.8699
   -7.5000  -37.5000  -30.0000 2303.4209   11.6522
    0.0000  -37.5000  -30.0000 2315.5251   11.6528
  -15.0000  -30.0000  -30.0000 2327.5295   11.1094
   -7.5000  -30.0000  -30.0000 2366.2041   10.8933
    0.0000  -30.0000  -30.0000 2380.6296   10.8885
  -15.0000  -22.5000  -30.0000 2374.4253   10.6371
   -7.5000  -22.5000  -30.0000 2415.2124   10.4124
    0.0000  -22.5000  -30.0000 2427.2080   10.4314
  -15.0000  -15.0000  -30.0000 2395.4229   10.4400
   -7.5000  -15.0000  -30.0000 2440.7874   10.2333
    0.0000  -15.0000  -30.0000 2449.0305   10.2480
  -15.0000   -7.5000  -30.0000 2383.9717   10.4843
   -7.5000   -7.5000  -30.0000 2431.8098   10.2526
    0.0000   -7.5000  -30.0000 2441.1108   10.2873
  -15.0000    0.0000  -30.0000 2350.1274   10.7375
   -7.5000    0.0000  -30.0000 2408.5637   10.4631
    0.0000    0.0000  -30.0000 2419.0237   10.4941
  -15.0000    7.5000  -30.0000 2304.0181   11.2414
   -7.5000    7.5000  -30.0000 2362.4375   10.9601
    0.0000    7.5000  -30.0000 2372.2014   10.9600
  -15.0000   15.0000  -30.0000 2242.9050   11.9911
   -7.5000   15.0000  -30.0000 2296.3135   11.6923
    0.0000   15.0000  -30.0000 2304.6316   11.7067
  -15.0000   22.5000  -30.0000 2153.9954   13.0082
   -7.5000   22.5000  -30.0000 2203.2729   12.6746
    0.0000   22.5000  -30.0000 2209.7576   12.7210
  -15.0000   30.0000  -30.0000 2043.5254   14.3135
   -7.5000   30.0000  -30.0000 2090.5430   13.9823
    0.0000   30.0000  -30.0000 2097.7351   14.0432
  -15.0000   37.5000  -30.0000 1899.4417   15.9327
   -7.5000   37.5000  -30.0000 1946.3879   15.5501
    0.0000   37.5000  -30.0000 1952.9130   15.5986
  -15.0000  -52.5000  -22.5000 2156.1467   13.3723
   -7.5000  -52.5000  -22.5000 2187.3022   13.1398
    0.0000  -52.5000  -22.5000 2199.1936   13.1377
  -15.0000  -45.0000  -22.5000 2271.7803   12.3458
   -7.5000  -45.0000  -22.5000 2311.0862   12.1348
    0.0000  -45.0000  -22.5000 2322.1792   12.1322
  -15.0000  -37.5000  -22.5000 2369.5027   11.3887
   -7.5000  -37.5000  -22.5000 2410.6956   11.1919
    0.0000  -37.5000  -22.5000 2429.1787   11.1908
  -15.0000  -30.0000  -22.5000 2448.3999   10.6674
   -7.5000  -30.0000  -22.5000 2490.8130   10.4465
    0.0000  -30.0000  -22.5000 2505.7659   10.4468
  -15.0000  -22.5000  -22.5000 2503.5012   10.1979
   -7.5000  -22.5000  -22.5000 2553.7175    9.9940
    0.0000  -22.5000  -22.5000 2566.1267   10.0124
  -15.0000  -15.0000  -22.5000 2535.8716   10.0157
   -7.5000  -15.0000  -22.5000 2588.5339    9.8180
    0.0000  -15.0000  -22.5000 2599.4087    9.8246
  -15.0000   -7.5000  -22.5000 2530.0208   10.0756
   -7.5000   -7.5000  -22.5000 2586.5891    9.8550
    0.0000   -7.5000  -22.5000 2597.6035    9.8879
  -15.0000    0.0000  -22.5000 2499.7607   10.3414
   -7.5000    0.0000  -22.5000 2561.8306   10.0979
    0.0000    0.0000  -22.5000 2574.9106   10.1289
  -15.0000    7.5000  -22.5000 2445.2271   10.8694
   -7.5000    7.5000  -22.5000 2511.5542   10.6148
    0.0000    7.5000  -22.5000 2524.3489   10.6230
  -15.0000   15.0000  -22.5000 2373.4519   11.6035
   -7.5000   15.0000  -22.5000 2432.1482   11.3274
    0.0000   15.0000  -22.5000 2442.6694   11.3356
  -15.0000   22.5000  -22.5000 2271.2866   12.5879
   -7.5000   22.5000  -22.5000 2323.6382   12.2767
    0.0000   22.5000  -22.5000 2335.0967   12.3007
  -15.0000   30.0000  -22.5000 2159.1536   13.8501
   -7.5000   30.0000  -22.5000 2204.8499   13.5271
    0.0000   30.0000  -22.5000 2215.7085   13.5711
  -15.0000   37.5000  -22.5000 2008.9584   15.3868
   -7.5000   37.5000  -22.5000 2047.5857   15.0364
    0.0000   37.5000  -22.5000 2055.0884   15.0971
  -15.0000  -52.5000  -15.0000 2221.4956   12.8712
   -7.5000  -52.5000  -15.0000 2253.6875   12.6007
    0.0000  -52.5000  -15.0000 2262.1543   12.6168
  -15.0000  -45.0000  -15.0000 2347.3813   11.8784
   -7.5000  -45.0000  -15.0000 2387.4226   11.6332
    0.0000  -45.0000  -15.0000 2396.2720   11.6169
  -15.0000  -37.5000  -15.0000 2453.1304   10.9344
   -7.5000  -37.5000  -15.0000 2503.4006   10.7155
    0.0000  -37.5000  -15.0000 2518.0161   10.6926
  -15.0000  -30.0000  -15.0000 2544.8972   10.2036
   -7.5000  -30.0000  -15.0000 2591.8735    9.9964
    0.0000  -30.0000  -15.0000 2613.1145    9.9922
  -15.0000  -22.5000  -15.0000 2611.2725    9.7605
   -7.5000  -22.5000  -15.0000 2668.5703    9.5630
    0.0000  -22.5000  -15.0000 2682.9736    9.5543
  -15.0000  -15.0000  -15.0000 2648.5327    9.5830
   -7.5000  -15.0000  -15.0000 2715.2971    9.3717
    0.0000  -15.0000  -15.0000 2726.6221    9.3932
  -15.0000   -7.5000  -15.0000 2645.1926    9.6417
   -7.5000   -7.5000  -15.0000 2717.3284    9.4180
    0.0000   -7.5000  -15.0000 2728.4734    9.4432
  -15.0000    0.0000  -15.0000 2615.1951    9.9034
   -7.5000    0.0000  -15.0000 2687.3313    9.6870
    0.0000    0.0000  -15.0000 2703.0181    9.7051
  -15.0000    7.5000  -15.0000 2557.6321   10.4216
   -7.5000    7.5000  -15.0000 2627.6477   10.1904
    0.0000    7.5000  -15.0000 2641.0664   10.1934
  -15.0000   15.0000  -15.0000 2473.7231   11.1452
   -7.5000   15.0000  -15.0000 2536.0535   10.8774
    0.0000   15.0000  -15.0000 2544.7585   10.8996
  -15.0000   22.5000  -15.0000 2366.6365   12.1062
   -7.5000   22.5000  -15.0000 2417.6829   11.7959
    0.0000   22.5000  -15.0000 2425.5645   11.8217
  -15.0000   30.0000  -15.0000 2237.2793   13.3293
   -7.5000   30.0000  -15.0000 2280.4011   13.0226
    0.0000   30.0000  -15.0000 2293.2021   13.0583
  -15.0000   37.5000  -15.0000 2082.6943   14.8417
   -7.5000   37.5000  -15.0000 2122.9041   14.5035
    0.0000   37.5000  -15.0000 2131.3831   14.5757
  -15.0000  -52.5000   -7.5000 2248.2642   12.3996
   -7.5000  -52.5000   -7.5000 2288.8582   12.0891
    0.0000  -52.5000   -7.5000 2292.3672   12.0933
  -15.0000  -45.0000   -7.5000 2376.1304   11.3967
   -7.5000  -45.0000   -7.5000 2426.5642   11.1042
    0.0000  -45.0000   -7.5000 2433.3599   11.1001
  -15.0000  -37.5000   -7.5000 2492.2163   10.4690
   -7.5000  -37.5000   -7.5000 2546.4050   10.2085
    0.0000  -37.5000   -7.5000 2558.4128   10.2079
  -15.0000  -30.0000   -7.5000 2598.0029    9.7773
   -7.5000  -30.0000   -7.5000 2655.3313    9.5377
    0.0000  -30.0000   -7.5000 2673.2556    9.5227
  -15.0000  -22.5000   -7.5000 2680.8174    9.3427
   -7.5000  -22.5000   -7.5000 2748.0767    9.1370
    0.0000  -22.5000   -7.5000 2767.7312    9.1154
  -15.0000  -15.0000   -7.5000 2724.4470    9.1692
   -7.5000  -15.0000   -7.5000 2805.5125    8.9505
    0.0000  -15.0000   -7.5000 2819.9541    8.9579
  -15.0000   -7.5000   -7.5000 2728.2886    9.2091
   -7.5000   -7.5000   -7.5000 2815.8840    8.9807
    0.0000   -7.5000   -7.5000 2822.1326    8.9840
  -15.0000    0.0000   -7.5000 2693.5032    9.4462
   -7.5000    0.0000   -7.5000 2772.2485    9.2179
    0.0000    0.0000   -7.5000 2781.9417    9.2203
  -15.0000    7.5000   -7.5000 2627.9526    9.9626
   -7.5000    7.5000   -7.5000 2699.8206    9.7024
    0.0000    7.5000   -7.5000 2710.4780    9.6993
  -15.0000   15.0000   -7.5000 2529.4490   10.6805
   -7.5000   15.0000   -7.5000 2594.4341   10.3897
    0.0000   15.0000   -7.5000 2605.9255   10.3922
  -15.0000   22.5000   -7.5000 2411.5928   11.6099
   -7.5000   22.5000   -7.5000 2466.9819   11.2897
    0.0000   22.5000   -7.5000 2471.5813   11.3179
  -15.0000   30.0000   -7.5000 2279.0137   12.7911
   -7.5000   30.0000   -7.5000 2332.1204   12.4735
    0.0000   30.0000   -7.5000 2338.5635   12.5213
  -15.0000   37.5000   -7.5000 2114.6248   14.2211
   -7.5000   37.5000   -7.5000 2167.1365   13.8786
    0.0000   37.5000   -7.5000 2173.3469   13.9350
  -15.0000  -52.5000    0.0000 2270.1880   12.2324
   -7.5000  -52.5000    0.0000 2313.2034   11.8430
    0.0000  -52.5000    0.0000 2321.6497   11.8374
  -15.0000  -45.0000    0.0000 2400.6299   11.1701
   -7.5000  -45.0000    0.0000 2451.2749   10.8257
    0.0000  -45.0000    0.0000 2461.0190   10.8096
  -15.0000  -37.5000    0.0000 2523.0044   10.2601
   -7.5000  -37.5000    0.0000 2579.4702    9.9386
    0.0000  -37.5000    0.0000 2593.1030    9.9072
  -15.0000  -30.0000    0.0000 2638.0850    9.5765
   -7.5000  -30.0000    0.0000 2698.9841    9.2894
    0.0000  -30.0000    0.0000 2718.1953    9.2661
  -15.0000  -22.5000    0.0000 2735.2385    9.1834
   -7.5000  -22.5000    0.0000 2816.9553    8.9607
    0.0000  -22.5000    0.0000 2837.2600    8.9380
  -15.0000  -15.0000    0.0000 2791.5059    9.0266
   -7.5000  -15.0000    0.0000 2895.8191    8.8030
    0.0000  -15.0000    0.0000 2914.7368    8.7897
  -15.0000   -7.5000    0.0000 2804.0725    9.0385
   -7.5000   -7.5000    0.0000 2911.3721    8.7851
    0.0000   -7.5000    0.0000 2919.5295    8.7625
  -15.0000    0.0000    0.0000 2758.9114    9.2521
   -7.5000    0.0000    0.0000 2845.3323    8.9917
    0.0000    0.0000    0.0000 2856.2083    8.9687
  -15.0000    7.5000    0.0000 2681.4094    9.7022
   -7.5000    7.5000    0.0000 2754.4678    9.4182
    0.0000    7.5000    0.0000 2770.9033    9.3925
  -15.0000   15.0000    0.0000 2572.8157   10.4088
   -7.5000   15.0000    0.0000 2644.0962   10.0954
    0.0000   15.0000    0.0000 2651.5427   10.0860
  -15.0000   22.5000    0.0000 2447.5525   11.3338
   -7.5000   22.5000    0.0000 2503.3367   11.0487
    0.0000   22.5000    0.0000 2508.0190   11.0490
  -15.0000   30.0000    0.0000 2309.0303   12.5066
   -7.5000   30.0000    0.0000 2364.8394   12.1977
    0.0000   30.0000    0.0000 2372.7651   12.2291
  -15.0000   37.5000    0.0000 2144.2773   13.8936
   -7.5000   37.5000    0.0000 2195.4092   13.5522
    0.0000   37.5000    0.0000 2205.2197   13.5988
  -15.0000  -52.5000    7.5000 2279.0149   12.1645
   -7.5000  -52.5000    7.5000 2319.6399   11.7401
    0.0000  -52.5000    7.5000 2333.2793   11.7104
  -15.0000  -45.0000    7.5000 2404.3545   11.0921
   -7.5000  -45.0000    7.5000 2456.9844   10.7042
    0.0000  -45.0000    7.5000 2468.8267   10.6706
  -15.0000  -37.5000    7.5000 2526.0476   10.1424
   -7.5000  -37.5000    7.5000 2584.4072    9.7991
    0.0000  -37.5000    7.5000 2602.3901    9.7491
  -15.0000  -30.0000    7.5000 2651.8503    9.4618
   -7.5000  -30.0000    7.5000 2721.3403    9.1462
    0.0000  -30.0000    7.5000 2739.1562    9.0940
  -15.0000  -22.5000    7.5000 2762.0378    9.0995
   -7.5000  -22.5000    7.5000 2843.2996    8.8760
    0.0000  -22.5000    7.5000 2864.9580    8.8411
  -15.0000  -15.0000    7.5000 2825.8965    8.9920
   -7.5000  -15.0000    7.5000 2934.5203    8.8207
    0.0000  -15.0000    7.5000 2959.3972    8.7900
  -15.0000   -7.5000    7.5000 2838.6472    9.0152
   -7.5000   -7.5000    7.5000 2967.2312    8.7725
    0.0000   -7.5000    7.5000 2977.4551    8.7494
  -15.0000    0.0000    7.5000 2785.8999    9.1859
   -7.5000    0.0000    7.5000 2886.9646    8.9162
    0.0000    0.0000    7.5000 2899.0986    8.8817
  -15.0000    7.5000    7.5000 2698.7134    9.5528
   -7.5000    7.5000    7.5000 2776.7358    9.2705
    0.0000    7.5000    7.5000 2790.5625    9.2349
  -15.0000   15.0000    7.5000 2585.4795   10.2070
   -7.5000   15.0000    7.5000 2652.2690    9.9209
    0.0000   15.0000    7.5000 2665.9399    9.8880
  -15.0000   22.5000    7.5000 2456.8848   11.1498
   -7.5000   22.5000    7.5000 2509.8022   10.8623
    0.0000   22.5000    7.5000 2519.0044   10.8448
  -15.0000   30.0000    7.5000 2309.8320   12.3171
   -7.5000   30.0000    7.5000 2363.4822   12.0339
    0.0000   30.0000    7.5000 2372.5535   12.0596
  -15.0000   37.5000    7.5000 2146.6929   13.6858
   -7.5000   37.5000    7.5000 2194.6365   13.3612
    0.0000   37.5000    7.5000 2207.2664   13.4293
  -15.0000  -52.5000   15.0000 2272.1548   12.2671
   -7.5000  -52.5000   15.0000 2321.0107   11.8304
    0.0000  -52.5000   15.0000 2334.2756   11.7950
  -15.0000  -45.0000   15.0000 2397.0439   11.1980
   -7.5000  -45.0000   15.0000 2454.6948   10.7856
    0.0000  -45.0000   15.0000 2470.4417   10.7635
  -15.0000  -37.5000   15.0000 2523.4741   10.2718
   -7.5000  -37.5000   15.0000 2584.2334    9.8888
    0.0000  -37.5000   15.0000 2598.2961    9.8573
  -15.0000  -30.0000   15.0000 2645.7244    9.5887
   -7.5000  -30.0000   15.0000 2717.8301    9.2491
    0.0000  -30.0000   15.0000 2727.2925    9.2219
  -15.0000  -22.5000   15.0000 2755.8726    9.1606
   -7.5000  -22.5000   15.0000 2832.5034    8.9184
    0.0000  -22.5000   15.0000 2847.1719    8.9075
  -15.0000  -15.0000   15.0000 2821.8728    9.0226
   -7.5000  -15.0000   15.0000 2912.2112    8.8242
    0.0000  -15.0000   15.0000 2931.2869    8.8301
  -15.0000   -7.5000   15.0000 2820.6030    9.0823
   -7.5000   -7.5000   15.0000 2928.0950    8.8612
    0.0000   -7.5000   15.0000 2941.5298    8.8641
  -15.0000    0.0000   15.0000 2770.7776    9.2687
   -7.5000    0.0000   15.0000 2862.3152    9.0378
    0.0000    0.0000   15.0000 2878.4265    9.0303
  -15.0000    7.5000   15.0000 2689.8406    9.6095
   -7.5000    7.5000   15.0000 2757.9778    9.3478
    0.0000    7.5000   15.0000 2774.9473    9.3271
  -15.0000   15.0000   15.0000 2572.8555   10.2290
   -7.5000   15.0000   15.0000 2634.1919    9.9540
    0.0000   15.0000   15.0000 2644.2856    9.9263
  -15.0000   22.5000   15.0000 2443.0281   11.1478
   -7.5000   22.5000   15.0000 2496.5181   10.8447
    0.0000   22.5000   15.0000 2505.4053   10.8335
  -15.0000   30.0000   15.0000 2296.5791   12.2949
   -7.5000   30.0000   15.0000 2354.9583   11.9660
    0.0000   30.0000   15.0000 2357.9568   11.9979
  -15.0000   37.5000   15.0000 2131.9954   13.6484
   -7.5000   37.5000   15.0000 2179.4968   13.3281
    0.0000   37.5000   15.0000 2189.5422   13.3725
  -15.0000  -52.5000   22.5000 2258.3870   12.5127
   -7.5000  -52.5000   22.5000 2310.7888   12.0908
    0.0000  -52.5000   22.5000 2319.5222   12.0961
  -15.0000  -45.0000   22.5000 2388.1604   11.4877
   -7.5000  -45.0000   22.5000 2443.0054   11.0872
    0.0000  -45.0000   22.5000 2454.3257   11.0828
  -15.0000  -37.5000   22.5000 2509.2500   10.5837
   -7.5000  -37.5000   22.5000 2567.1970   10.2172
    0.0000  -37.5000   22.5000 2578.7163   10.1974
  -15.0000  -30.0000   22.5000 2627.4641    9.8877
   -7.5000  -30.0000   22.5000 2689.9946    9.5644
    0.0000  -30.0000   22.5000 2699.1130    9.5488
  -15.0000  -22.5000   22.5000 2721.8093    9.4430
   -7.5000  -22.5000   22.5000 2791.1074    9.1707
    0.0000  -22.5000   22.5000 2803.6770    9.1653
  -15.0000  -15.0000   22.5000 2774.8435    9.2461
   -7.5000  -15.0000   22.5000 2850.1960    8.9821
    0.0000  -15.0000   22.5000 2862.4824    8.9732
  -15.0000   -7.5000   22.5000 2773.5024    9.3050
   -7.5000   -7.5000   22.5000 2855.4587    9.0340
    0.0000   -7.5000   22.5000 2866.4219    9.0265
  -15.0000    0.0000   22.5000 2724.9734    9.5018
   -7.5000    0.0000   22.5000 2801.4165    9.2437
    0.0000    0.0000   22.5000 2818.7666    9.2255
  -15.0000    7.5000   22.5000 2646.0525    9.8803
   -7.5000    7.5000   22.5000 2709.5620    9.6084
    0.0000    7.5000   22.5000 2724.8850    9.5955
  -15.0000   15.0000   22.5000 2536.6514   10.4836
   -7.5000   15.0000   22.5000 2592.8923   10.2151
    0.0000   15.0000   22.5000 2601.5735   10.2119
  -15.0000   22.5000   22.5000 2409.3528   11.3288
   -7.5000   22.5000   22.5000 2465.6013   11.0376
    0.0000   22.5000   22.5000 2471.0310   11.0424
  -15.0000   30.0000   22.5000 2272.9434   12.4135
   -7.5000   30.0000   22.5000 2328.3726   12.0813
    0.0000   30.0000   22.5000 2329.3811   12.1047
  -15.0000   37.5000   22.5000 2103.5127   13.7613
   -7.5000   37.5000   22.5000 2150.2859   13.4233
    0.0000   37.5000   22.5000 2157.5303   13.4414
  -15.0000  -52.5000   30.0000 2235.3079   12.9995
   -7.5000  -52.5000   30.0000 2286.9412   12.5883
    0.0000  -52.5000   30.0000 2288.6389   12.5617
  -15.0000  -45.0000   30.0000 2363.5881   11.9637
   -7.5000  -45.0000   30.0000 2419.4868   11.5712
    0.0000  -45.0000   30.0000 2429.1885   11.5673
  -15.0000  -37.5000   30.0000 2473.6296   11.0570
   -7.5000  -37.5000   30.0000 2537.3113   10.6962
    0.0000  -37.5000   30.0000 2547.3755   10.6890
  -15.0000  -30.0000   30.0000 2579.2837   10.3472
   -7.5000  -30.0000   30.0000 2646.8530   10.0118
    0.0000  -30.0000   30.0000 2657.0227   10.0142
  -15.0000  -22.5000   30.0000 2662.0422    9.8716
   -7.5000  -22.5000   30.0000 2734.8264    9.5635
    0.0000  -22.5000   30.0000 2744.8850    9.5530
  -15.0000  -15.0000   30.0000 2705.2957    9.6510
   -7.5000  -15.0000   30.0000 2778.5144    9.3517
    0.0000  -15.0000   30.0000 2788.7539    9.3422
  -15.0000   -7.5000   30.0000 2706.0269    9.6672
   -7.5000   -7.5000   30.0000 2772.2637    9.3785
    0.0000   -7.5000   30.0000 2782.3792    9.3507
  -15.0000    0.0000   30.0000 2654.8633    9.8745
   -7.5000    0.0000   30.0000 2719.5984    9.5926
    0.0000    0.0000   30.0000 2731.9705    9.5532
  -15.0000    7.5000   30.0000 2578.9241   10.2803
   -7.5000    7.5000   30.0000 2634.6045    9.9874
    0.0000    7.5000   30.0000 2648.4426    9.9320
  -15.0000   15.0000   30.0000 2478.3022   10.8812
   -7.5000   15.0000   30.0000 2533.0024   10.5949
    0.0000   15.0000   30.0000 2542.0017   10.5880
  -15.0000   22.5000   30.0000 2365.0674   11.6983
   -7.5000   22.5000   30.0000 2410.9587   11.4133
    0.0000   22.5000   30.0000 2419.5146   11.4180
  -15.0000   30.0000   30.0000 2235.8662   12.7196
   -7.5000   30.0000   30.0000 2276.2896   12.4214
    0.0000   30.0000   30.0000 2282.0322   12.4385
  -15.0000   37.5000   30.0000 2065.6077   14.0155
   -7.5000   37.5000   30.0000 2104.1582   13.6882
    0.0000   37.5000   30.0000 2113.0168   13.6995
  -15.0000  -52.5000   37.5000 2197.8796   13.5991
   -7.5000  -52.5000   37.5000 2249.2202   13.1801
    0.0000  -52.5000   37.5000 2253.6956   13.1858
  -15.0000  -45.0000   37.5000 2323.7717   12.5636
   -7.5000  -45.0000   37.5000 2380.7014   12.1849
    0.0000  -45.0000   37.5000 2389.6914   12.1667
  -15.0000  -37.5000   37.5000 2423.5945   11.6479
   -7.5000  -37.5000   37.5000 2485.0393   11.2700
    0.0000  -37.5000   37.5000 2498.5566   11.2591
  -15.0000  -30.0000   37.5000 2515.1265   10.9191
   -7.5000  -30.0000   37.5000 2583.8845   10.5483
    0.0000  -30.0000   37.5000 2597.3652   10.5375
  -15.0000  -22.5000   37.5000 2590.2615   10.4085
   -7.5000  -22.5000   37.5000 2656.5098   10.0613
    0.0000  -22.5000   37.5000 2670.2993   10.0518
  -15.0000  -15.0000   37.5000 2630.6514   10.1579
   -7.5000  -15.0000   37.5000 2692.9092    9.8327
    0.0000  -15.0000   37.5000 2702.8630    9.8425
  -15.0000   -7.5000   37.5000 2620.6331   10.1513
   -7.5000   -7.5000   37.5000 2678.7556    9.8533
    0.0000   -7.5000   37.5000 2687.1882    9.8499
  -15.0000    0.0000   37.5000 2571.2644   10.3607
   -7.5000    0.0000   37.5000 2626.8401   10.0657
    0.0000    0.0000   37.5000 2636.1201   10.0431
  -15.0000    7.5000   37.5000 2501.1780   10.7703
   -7.5000    7.5000   37.5000 2549.6035   10.4625
    0.0000    7.5000   37.5000 2560.5632   10.4364
  -15.0000   15.0000   37.5000 2412.4976   11.3640
   -7.5000   15.0000   37.5000 2456.5032   11.0423
    0.0000   15.0000   37.5000 2466.2371   11.0289
  -15.0000   22.5000   37.5000 2303.9431   12.1761
   -7.5000   22.5000   37.5000 2347.6206   11.8545
    0.0000   22.5000   37.5000 2357.5356   11.8639
  -15.0000   30.0000   37.5000 2175.9993   13.2199
   -7.5000   30.0000   37.5000 2216.5789   12.9171
    0.0000   30.0000   37.5000 2227.7385   12.9307
  -15.0000   37.5000   37.5000 2014.0022   14.4534
   -7.5000   37.5000   37.5000 2045.9529   14.1645
    0.0000   37.5000   37.5000 2055.6819   14.2061
  -15.0000  -52.5000   45.0000 2130.2776   14.3003
   -7.5000  -52.5000   45.0000 2184.5210   13.9280
    0.0000  -52.5000   45.0000 2190.1062   13.9136
  -15.0000  -45.0000   45.0000 2250.2996   13.2331
   -7.5000  -45.0000   45.0000 2306.9885   12.8685
    0.0000  -45.0000   45.0000 2313.0056   12.8527
  -15.0000  -37.5000   45.0000 2344.0845   12.2976
   -7.5000  -37.5000   45.0000 2402.2229   11.9173
    0.0000  -37.5000   45.0000 2411.5188   11.9212
  -15.0000  -30.0000   45.0000 2426.8047   11.5271
   -7.5000  -30.0000   45.0000 2487.7285   11.1769
    0.0000  -30.0000   45.0000 2499.1489   11.1457
  -15.0000  -22.5000   45.0000 2490.7197   11.0036
   -7.5000  -22.5000   45.0000 2549.1140   10.6713
    0.0000  -22.5000   45.0000 2560.8835   10.6706
  -15.0000  -15.0000   45.0000 2521.6843   10.7534
   -7.5000  -15.0000   45.0000 2571.4194   10.4250
    0.0000  -15.0000   45.0000 2578.6775   10.4419
  -15.0000   -7.5000   45.0000 2510.9783   10.7345
   -7.5000   -7.5000   45.0000 2560.9268   10.4250
    0.0000   -7.5000   45.0000 2567.0300   10.4318
  -15.0000    0.0000   45.0000 2466.7329   10.9158
   -7.5000    0.0000   45.0000 2516.7979   10.6108
    0.0000    0.0000   45.0000 2523.8611   10.6081
  -15.0000    7.5000   45.0000 2402.8723   11.3244
   -7.5000    7.5000   45.0000 2442.6089   11.0190
    0.0000    7.5000   45.0000 2450.9773   11.0017
  -15.0000   15.0000   45.0000 2318.8831   11.9216
   -7.5000   15.0000   45.0000 2356.3892   11.5938
    0.0000   15.0000   45.0000 2366.9109   11.5898
  -15.0000   22.5000   45.0000 2216.7693   12.7058
   -7.5000   22.5000   45.0000 2256.2942   12.3773
    0.0000   22.5000   45.0000 2263.9236   12.3866
  -15.0000   30.0000   45.0000 2095.0320   13.7724
   -7.5000   30.0000   45.0000 2129.0259   13.4651
    0.0000   30.0000   45.0000 2138.5400   13.4810
  -15.0000   37.5000   45.0000 1937.2175   15.0655
   -7.5000   37.5000   45.0000 1968.0254   14.7481
    0.0000   37.5000   45.0000 1972.7389   14.7774

---------------------------------------------------------------------
imgreg_4dfp /opt/freesurfer/average/711-2C_as_mni_average_305 /opt/freesurfer/average/711-2B_as_mni_average_305_mask talsrcimg_g11 none talsrcimg_to_711-2C_as_mni_average_305_t4 1283
---------------------------------------------------------------------

freesurfer imgreg_4dfp.c
/opt/freesurfer/average/711-2C_as_mni_average_305.4dfp.img
       256       256       256         1
  1.000000  1.000000  1.000000
orientation T byte_order littleendian
Reading image: /opt/freesurfer/average/711-2C_as_mni_average_305.4dfp.img
dimensions:      256       256       256
mmppix:       1.0000   -1.0000   -1.0000
center:     128.0000 -129.0000 -129.0000
/opt/freesurfer/average/711-2B_as_mni_average_305_mask.4dfp.img
       256       256       256         1
  1.000000  1.000000  1.000000
orientation T byte_order littleendian
Reading mask: /opt/freesurfer/average/711-2B_as_mni_average_305_mask.4dfp.img (2306576 pixels)
talsrcimg_g11.4dfp.img
       256       256       256         1
  0.898437  0.898437  0.898437
orientation T byte_order littleendian
Reading image: talsrcimg_g11.4dfp.img
dimensions:      256       256       256
mmppix:       0.8984   -0.8984   -0.8984
center:     114.9999 -115.8984 -115.8984
rotation matrix determinant  1.000000
fimgreg.f
image alignment mode   1283 decimal      503 hex
parameters
    0.0000   -7.5000    7.5000    0.0000    0.0000    0.0000
eta,q 0.93340  8.73771
niter,ni,del,rscale     5    3   12.0000    1.2000
parameters
   -2.8355   -9.1436    8.4179   -0.0241    1.2241   -0.3607
eta,q 0.94162  8.73389
  0.0682  0.0687  0.0726  0.0662  0.0710  0.0647
  0.0632  0.0631  0.0669  0.0641  0.0654  0.0614
  0.0616  0.0599  0.0624  0.0616  0.0615  0.0591
  0.0659  0.0617  0.0599  0.0593  0.0593  0.0584
  0.0748  0.0667  0.0593  0.0600  0.0582  0.0599
  0.0852  0.0744  0.0619  0.0630  0.0603  0.0628
  0.0959  0.0830  0.0673  0.0677  0.0645  0.0661
niter,ni,del,rscale     4    3   12.0000    1.2000
parameters
   -3.1716   -9.2870    8.3275   -0.0547    1.5073   -0.5354
eta,q 0.94175  8.74096
  0.0754  0.0725  0.0693  0.0652  0.0679  0.0651
  0.0668  0.0675  0.0638  0.0628  0.0633  0.0616
  0.0604  0.0613  0.0601  0.0605  0.0603  0.0592
  0.0584  0.0584  0.0584  0.0584  0.0584  0.0582
  0.0618  0.0606  0.0598  0.0590  0.0585  0.0594
  0.0699  0.0666  0.0642  0.0621  0.0621  0.0623
  0.0794  0.0755  0.0701  0.0664  0.0667  0.0658
niter,ni,del,rscale     3    3   12.0000    1.2000
parameters
   -3.2847   -9.3074    8.2974   -0.0757    1.6070   -0.6017
eta,q 0.94177  8.74170
  0.0767  0.0726  0.0695  0.0651  0.0674  0.0653
  0.0678  0.0677  0.0640  0.0625  0.0630  0.0618
  0.0608  0.0615  0.0601  0.0603  0.0602  0.0593
  0.0582  0.0582  0.0583  0.0583  0.0583  0.0582
  0.0612  0.0601  0.0596  0.0589  0.0588  0.0592
  0.0689  0.0658  0.0641  0.0619  0.0625  0.0620
  0.0781  0.0747  0.0699  0.0661  0.0672  0.0657
niter,ni,del,rscale     2    3   12.0000    1.2000
parameters
   -3.3237   -9.3062    8.2864   -0.0868    1.6420   -0.6255
eta,q 0.94177  8.74177
  0.0772  0.0727  0.0696  0.0651  0.0672  0.0654
  0.0682  0.0678  0.0641  0.0625  0.0629  0.0619
  0.0609  0.0615  0.0601  0.0602  0.0601  0.0593
  0.0582  0.0582  0.0582  0.0582  0.0582  0.0582
  0.0611  0.0600  0.0596  0.0588  0.0589  0.0592
  0.0686  0.0657  0.0640  0.0618  0.0627  0.0619
  0.0776  0.0746  0.0699  0.0661  0.0675  0.0656
registration optimization eta report
parameter search radius
    6.0000    6.0000    6.0000    6.0000    6.0000    6.0000
100000*second partial in parameter space
       52.       41.       31.       20.       25.       20.
  0.0772  0.0727  0.0696  0.0651  0.0672  0.0654
  0.0682  0.0678  0.0641  0.0625  0.0629  0.0619
  0.0609  0.0615  0.0601  0.0602  0.0601  0.0593
  0.0582  0.0582  0.0582  0.0582  0.0582  0.0582
  0.0611  0.0600  0.0596  0.0588  0.0589  0.0592
  0.0686  0.0657  0.0640  0.0618  0.0627  0.0619
  0.0776  0.0746  0.0699  0.0661  0.0675  0.0656
   -3.3237   -9.3062    8.2864   -0.0868    1.6420   -0.6255
eta,q 0.94177  8.74177

---------------------------------------------------------------------
imgreg_4dfp /opt/freesurfer/average/711-2C_as_mni_average_305 /opt/freesurfer/average/711-2B_as_mni_average_305_mask talsrcimg_g11 none talsrcimg_to_711-2C_as_mni_average_305_t4 3335
---------------------------------------------------------------------

freesurfer imgreg_4dfp.c
/opt/freesurfer/average/711-2C_as_mni_average_305.4dfp.img
       256       256       256         1
  1.000000  1.000000  1.000000
orientation T byte_order littleendian
Reading image: /opt/freesurfer/average/711-2C_as_mni_average_305.4dfp.img
dimensions:      256       256       256
mmppix:       1.0000   -1.0000   -1.0000
center:     128.0000 -129.0000 -129.0000
/opt/freesurfer/average/711-2B_as_mni_average_305_mask.4dfp.img
       256       256       256         1
  1.000000  1.000000  1.000000
orientation T byte_order littleendian
Reading mask: /opt/freesurfer/average/711-2B_as_mni_average_305_mask.4dfp.img (2306576 pixels)
talsrcimg_g11.4dfp.img
       256       256       256         1
  0.898437  0.898437  0.898437
orientation T byte_order littleendian
Reading image: talsrcimg_g11.4dfp.img
dimensions:      256       256       256
mmppix:       0.8984   -0.8984   -0.8984
center:     114.9999 -115.8984 -115.8984
fimgreg.f
image alignment mode   3335 decimal      D07 hex
parameters
   -3.3237   -9.3062    8.2864   -0.0470   -0.0061   -0.0412
    1.0961   -2.8636   -1.0913    0.1829    2.8654   -0.1515
eta,q 0.94231  8.72059
niter,ni,del,rscale     5    3    5.0000    1.2000
parameter  4  1.643732 ->  0.500000 qaram    1.1500
parameter  5  3.529356 ->  0.500000 qaram    1.1500
parameter  6  1.138478 ->  0.500000 qaram    1.1500
parameters
   -3.6266   -9.4673    8.5042   -4.1870   -4.1461   -4.1812
    1.1874   -2.9218    0.8801   -2.0448    0.4105   -1.9519
eta,q 0.95714  8.29804
  0.0602  0.0597  0.0600  0.0503  0.0433  0.0422  0.0468  0.0490  0.0469  0.0449  0.0435  0.0436
  0.0586  0.0585  0.0588  0.0519  0.0459  0.0434  0.0452  0.0464  0.0455  0.0435  0.0431  0.0431
  0.0578  0.0578  0.0580  0.0544  0.0491  0.0448  0.0441  0.0445  0.0444  0.0431  0.0429  0.0429
  0.0577  0.0576  0.0576  0.0576  0.0525  0.0468  0.0438  0.0438  0.0438  0.0436  0.0431  0.0429
  0.0583  0.0581  0.0577  0.0614  0.0565  0.0497  0.0441  0.0444  0.0436  0.0447  0.0436  0.0433
  0.0598  0.0590  0.0583  0.0660  0.0608  0.0538  0.0451  0.0463  0.0439  0.0465  0.0444  0.0441
  0.0620  0.0603  0.0593  0.0712  0.0650  0.0584  0.0466  0.0493  0.0447  0.0489  0.0455  0.0451
niter,ni,del,rscale     7    3    5.0000    1.2000
parameter  4  0.949123 ->  0.500000 qaram    1.3225
parameter  5  1.643013 ->  0.500000 qaram    1.3225
parameter  6  0.743479 ->  0.500000 qaram    1.3225
parameters
   -3.5668   -9.1546    8.5684   -8.9480   -8.9071   -8.9422
    1.2966   -2.9154    1.2884   -1.2936   -0.1175   -0.3760
eta,q 0.96724  7.68270
  0.0474  0.0468  0.0448  0.0392  0.0332  0.0333  0.0361  0.0383  0.0359  0.0384  0.0342  0.0352
  0.0450  0.0449  0.0438  0.0396  0.0347  0.0329  0.0345  0.0355  0.0344  0.0357  0.0335  0.0342
  0.0434  0.0436  0.0431  0.0407  0.0368  0.0336  0.0334  0.0336  0.0334  0.0339  0.0330  0.0334
  0.0429  0.0429  0.0428  0.0428  0.0399  0.0352  0.0330  0.0330  0.0330  0.0330  0.0329  0.0329
  0.0433  0.0429  0.0429  0.0460  0.0438  0.0371  0.0333  0.0336  0.0332  0.0331  0.0332  0.0328
  0.0447  0.0437  0.0436  0.0499  0.0479  0.0398  0.0343  0.0354  0.0340  0.0344  0.0338  0.0331
  0.0470  0.0453  0.0447  0.0546  0.0526  0.0439  0.0359  0.0384  0.0354  0.0366  0.0347  0.0339
niter,ni,del,rscale     7    3    5.0000    1.2000
parameter  5  0.757573 ->  0.500000 qaram    1.5209
parameters
   -3.3595   -9.3631    8.4235  -13.5499  -14.3822  -10.3162
    0.3801   -2.3903    0.5423   -1.4032    0.2051    0.0041
eta,q 0.97123  7.12209
  0.0378  0.0358  0.0348  0.0326  0.0295  0.0331  0.0316  0.0355  0.0309  0.0329  0.0307  0.0308
  0.0353  0.0339  0.0336  0.0318  0.0291  0.0309  0.0299  0.0324  0.0297  0.0306  0.0297  0.0298
  0.0336  0.0329  0.0328  0.0319  0.0297  0.0293  0.0290  0.0300  0.0290  0.0292  0.0291  0.0291
  0.0328  0.0327  0.0327  0.0326  0.0317  0.0291  0.0290  0.0289  0.0288  0.0288  0.0288  0.0288
  0.0329  0.0334  0.0330  0.0343  0.0347  0.0306  0.0297  0.0293  0.0294  0.0294  0.0290  0.0290
  0.0342  0.0349  0.0340  0.0371  0.0387  0.0330  0.0312  0.0311  0.0304  0.0308  0.0295  0.0295
  0.0365  0.0370  0.0354  0.0411  0.0431  0.0360  0.0331  0.0340  0.0320  0.0331  0.0304  0.0305
niter,ni,del,rscale     7    3    5.0000    1.2000
parameters
   -3.3969   -9.2250    8.4438  -13.8359  -16.4964  -10.4388
    0.3809   -2.4077    0.3861   -1.4317    0.2707   -0.0614
eta,q 0.97128  7.00342
  0.0330  0.0327  0.0312  0.0329  0.0323  0.0340  0.0322  0.0345  0.0311  0.0326  0.0305  0.0304
  0.0306  0.0306  0.0299  0.0305  0.0302  0.0315  0.0303  0.0315  0.0298  0.0303  0.0296  0.0295
  0.0292  0.0292  0.0290  0.0290  0.0289  0.0296  0.0291  0.0294  0.0290  0.0291  0.0290  0.0289
  0.0288  0.0288  0.0288  0.0288  0.0287  0.0287  0.0287  0.0287  0.0287  0.0287  0.0287  0.0287
  0.0293  0.0291  0.0290  0.0296  0.0301  0.0295  0.0291  0.0295  0.0291  0.0292  0.0289  0.0290
  0.0308  0.0301  0.0299  0.0310  0.0329  0.0316  0.0303  0.0316  0.0300  0.0305  0.0295  0.0296
  0.0332  0.0318  0.0311  0.0332  0.0371  0.0343  0.0322  0.0345  0.0313  0.0325  0.0304  0.0304
niter,ni,del,rscale     6    3    5.0000    1.2000
parameters
   -3.3966   -8.9829    8.5102  -14.0968  -16.8820  -10.4571
    0.3855   -2.4220    0.3314   -1.2027    0.2681   -0.2645
eta,q 0.97128  6.97383
  0.0330  0.0326  0.0311  0.0330  0.0335  0.0341  0.0321  0.0345  0.0311  0.0327  0.0304  0.0303
  0.0306  0.0305  0.0298  0.0305  0.0310  0.0315  0.0303  0.0315  0.0298  0.0304  0.0295  0.0294
  0.0292  0.0292  0.0290  0.0290  0.0294  0.0297  0.0291  0.0294  0.0290  0.0291  0.0290  0.0289
  0.0287  0.0287  0.0287  0.0287  0.0287  0.0287  0.0287  0.0287  0.0287  0.0287  0.0287  0.0287
  0.0292  0.0289  0.0290  0.0295  0.0292  0.0295  0.0291  0.0295  0.0290  0.0291  0.0289  0.0290
  0.0306  0.0298  0.0297  0.0310  0.0313  0.0315  0.0303  0.0316  0.0299  0.0303  0.0295  0.0296
  0.0330  0.0312  0.0308  0.0332  0.0345  0.0342  0.0321  0.0345  0.0312  0.0321  0.0304  0.0304
niter,ni,del,rscale     5    3    5.0000    1.2000
parameters
   -3.3938   -8.8687    8.4929  -14.1830  -17.0032  -10.4632
    0.3864   -2.4147    0.3172   -1.0368    0.2884   -0.3886
eta,q 0.97126  6.96429
  0.0330  0.0321  0.0309  0.0332  0.0336  0.0341  0.0321  0.0345  0.0312  0.0326  0.0304  0.0303
  0.0306  0.0302  0.0297  0.0306  0.0311  0.0316  0.0303  0.0315  0.0298  0.0303  0.0295  0.0294
  0.0292  0.0291  0.0290  0.0290  0.0295  0.0297  0.0291  0.0294  0.0290  0.0291  0.0290  0.0289
  0.0287  0.0287  0.0287  0.0287  0.0287  0.0287  0.0287  0.0287  0.0287  0.0287  0.0287  0.0287
  0.0292  0.0290  0.0290  0.0295  0.0291  0.0295  0.0291  0.0294  0.0290  0.0292  0.0289  0.0290
  0.0306  0.0299  0.0298  0.0309  0.0310  0.0315  0.0303  0.0315  0.0299  0.0303  0.0295  0.0296
  0.0329  0.0314  0.0309  0.0331  0.0342  0.0342  0.0321  0.0345  0.0312  0.0321  0.0304  0.0304
niter,ni,del,rscale     4    3    5.0000    1.2000
parameters
   -3.3891   -8.8110    8.4700  -14.2239  -17.0615  -10.4658
    0.3788   -2.4065    0.3033   -0.9482    0.3106   -0.4482
eta,q 0.97125  6.95970
  0.0330  0.0319  0.0309  0.0332  0.0337  0.0341  0.0321  0.0345  0.0312  0.0325  0.0304  0.0304
  0.0306  0.0301  0.0297  0.0307  0.0312  0.0316  0.0303  0.0315  0.0299  0.0303  0.0296  0.0295
  0.0292  0.0291  0.0290  0.0291  0.0295  0.0297  0.0291  0.0294  0.0290  0.0291  0.0290  0.0289
  0.0287  0.0287  0.0287  0.0287  0.0287  0.0287  0.0287  0.0287  0.0287  0.0287  0.0288  0.0287
  0.0292  0.0291  0.0290  0.0295  0.0291  0.0295  0.0291  0.0295  0.0290  0.0292  0.0290  0.0290
  0.0306  0.0300  0.0298  0.0309  0.0310  0.0315  0.0303  0.0315  0.0299  0.0303  0.0295  0.0295
  0.0329  0.0315  0.0309  0.0330  0.0341  0.0342  0.0322  0.0345  0.0312  0.0322  0.0304  0.0304
niter,ni,del,rscale     3    3    5.0000    1.2000
parameters
   -3.3844   -8.7794    8.4578  -14.2493  -17.0917  -10.4698
    0.3755   -2.3993    0.2940   -0.8993    0.3154   -0.4799
eta,q 0.97123  6.95704
  0.0330  0.0318  0.0309  0.0333  0.0337  0.0341  0.0322  0.0345  0.0312  0.0325  0.0304  0.0304
  0.0306  0.0301  0.0297  0.0307  0.0312  0.0316  0.0304  0.0315  0.0299  0.0303  0.0296  0.0295
  0.0292  0.0291  0.0290  0.0291  0.0295  0.0297  0.0291  0.0295  0.0290  0.0291  0.0290  0.0289
  0.0288  0.0288  0.0288  0.0288  0.0288  0.0288  0.0288  0.0288  0.0288  0.0288  0.0288  0.0288
  0.0292  0.0291  0.0290  0.0295  0.0291  0.0295  0.0292  0.0295  0.0291  0.0292  0.0290  0.0290
  0.0306  0.0301  0.0298  0.0310  0.0310  0.0315  0.0303  0.0316  0.0299  0.0304  0.0295  0.0295
  0.0329  0.0316  0.0309  0.0331  0.0341  0.0342  0.0322  0.0345  0.0312  0.0322  0.0304  0.0304
niter,ni,del,rscale     2    3    5.0000    1.2000
parameters
   -3.3821   -8.7619    8.4491  -14.2623  -17.1083  -10.4740
    0.3713   -2.3977    0.2916   -0.8735    0.3232   -0.4961
eta,q 0.97123  6.95552
  0.0330  0.0318  0.0309  0.0333  0.0337  0.0341  0.0322  0.0345  0.0312  0.0325  0.0304  0.0304
  0.0306  0.0301  0.0297  0.0308  0.0312  0.0316  0.0304  0.0315  0.0299  0.0303  0.0296  0.0295
  0.0292  0.0290  0.0290  0.0291  0.0295  0.0297  0.0291  0.0295  0.0290  0.0291  0.0290  0.0289
  0.0288  0.0288  0.0288  0.0288  0.0288  0.0288  0.0288  0.0288  0.0288  0.0288  0.0288  0.0288
  0.0293  0.0291  0.0290  0.0296  0.0291  0.0295  0.0292  0.0295  0.0291  0.0293  0.0290  0.0290
  0.0307  0.0301  0.0298  0.0310  0.0310  0.0315  0.0304  0.0316  0.0299  0.0304  0.0295  0.0295
  0.0329  0.0316  0.0309  0.0330  0.0341  0.0342  0.0322  0.0345  0.0312  0.0322  0.0304  0.0303
registration optimization eta report
parameter search radius
    2.4000    2.4000    2.4000    9.5220   10.9503    9.5220
    7.2000    7.2000    7.2000    7.2000    7.2000    7.2000
100000*second partial in parameter space
       73.       51.       37.        5.        4.        6.
        7.       11.        5.        7.        3.        3.
  0.0330  0.0318  0.0309  0.0333  0.0337  0.0341  0.0322  0.0345  0.0312  0.0325  0.0304  0.0304
  0.0306  0.0301  0.0297  0.0308  0.0312  0.0316  0.0304  0.0315  0.0299  0.0303  0.0296  0.0295
  0.0292  0.0290  0.0290  0.0291  0.0295  0.0297  0.0291  0.0295  0.0290  0.0291  0.0290  0.0289
  0.0288  0.0288  0.0288  0.0288  0.0288  0.0288  0.0288  0.0288  0.0288  0.0288  0.0288  0.0288
  0.0293  0.0291  0.0290  0.0296  0.0291  0.0295  0.0292  0.0295  0.0291  0.0293  0.0290  0.0290
  0.0307  0.0301  0.0298  0.0310  0.0310  0.0315  0.0304  0.0316  0.0299  0.0304  0.0295  0.0295
  0.0329  0.0316  0.0309  0.0330  0.0341  0.0342  0.0322  0.0345  0.0312  0.0322  0.0304  0.0303
   -3.3821   -8.7619    8.4491  -14.2623  -17.1083  -10.4740
    0.3713   -2.3977    0.2916   -0.8735    0.3232   -0.4961
eta,q 0.97123  6.95552

---------------------------------------------------------------------
imgreg_4dfp /opt/freesurfer/average/711-2C_as_mni_average_305 /opt/freesurfer/average/711-2B_as_mni_average_305_mask talsrcimg_g11 none talsrcimg_to_711-2C_as_mni_average_305_t4 2311
---------------------------------------------------------------------

freesurfer imgreg_4dfp.c
/opt/freesurfer/average/711-2C_as_mni_average_305.4dfp.img
       256       256       256         1
  1.000000  1.000000  1.000000
orientation T byte_order littleendian
Reading image: /opt/freesurfer/average/711-2C_as_mni_average_305.4dfp.img
dimensions:      256       256       256
mmppix:       1.0000   -1.0000   -1.0000
center:     128.0000 -129.0000 -129.0000
/opt/freesurfer/average/711-2B_as_mni_average_305_mask.4dfp.img
       256       256       256         1
  1.000000  1.000000  1.000000
orientation T byte_order littleendian
Reading mask: /opt/freesurfer/average/711-2B_as_mni_average_305_mask.4dfp.img (2306576 pixels)
talsrcimg_g11.4dfp.img
       256       256       256         1
  0.898437  0.898437  0.898437
orientation T byte_order littleendian
Reading image: talsrcimg_g11.4dfp.img
dimensions:      256       256       256
mmppix:       0.8984   -0.8984   -0.8984
center:     114.9999 -115.8984 -115.8984
fimgreg.f
image alignment mode   2311 decimal      907 hex
parameters
   -3.3821   -8.7619    8.4491  -14.2623  -17.1083  -10.4739
    0.3713   -2.3977    0.2916   -0.8735    0.3232   -0.4961
eta,q 0.97123  6.95552
niter,ni,del,rscale     5    3    5.0000    0.8000
parameters
   -3.3929   -8.7977    8.4433  -14.7227  -16.4472  -10.2698
    0.4152   -2.4300    0.2786   -1.0123    0.3367   -0.4822
eta,q 0.97131  6.97218
  0.0306  0.0300  0.0297  0.0298  0.0299  0.0305  0.0303  0.0314  0.0298  0.0302  0.0295  0.0295
  0.0296  0.0293  0.0292  0.0291  0.0294  0.0297  0.0294  0.0299  0.0292  0.0293  0.0291  0.0290
  0.0290  0.0289  0.0289  0.0288  0.0290  0.0290  0.0289  0.0290  0.0288  0.0288  0.0288  0.0288
  0.0288  0.0288  0.0288  0.0288  0.0287  0.0287  0.0287  0.0287  0.0287  0.0287  0.0287  0.0287
  0.0290  0.0290  0.0289  0.0290  0.0287  0.0288  0.0289  0.0290  0.0288  0.0289  0.0288  0.0288
  0.0296  0.0294  0.0292  0.0296  0.0290  0.0294  0.0294  0.0300  0.0292  0.0295  0.0291  0.0290
  0.0307  0.0301  0.0297  0.0302  0.0295  0.0303  0.0303  0.0315  0.0298  0.0304  0.0295  0.0295
niter,ni,del,rscale     4    3    5.0000    0.7000
parameters
   -3.4130   -8.9040    8.4536  -14.6734  -16.2850  -10.2038
    0.4388   -2.4563    0.2940   -1.1445    0.3455   -0.3837
eta,q 0.97134  6.98417
  0.0301  0.0296  0.0295  0.0298  0.0295  0.0301  0.0299  0.0308  0.0296  0.0299  0.0293  0.0293
  0.0293  0.0290  0.0290  0.0291  0.0291  0.0294  0.0292  0.0296  0.0291  0.0292  0.0290  0.0290
  0.0288  0.0287  0.0288  0.0288  0.0288  0.0289  0.0288  0.0289  0.0288  0.0288  0.0288  0.0288
  0.0287  0.0287  0.0287  0.0287  0.0287  0.0287  0.0287  0.0287  0.0287  0.0287  0.0287  0.0287
  0.0289  0.0289  0.0288  0.0288  0.0287  0.0288  0.0288  0.0289  0.0288  0.0289  0.0287  0.0287
  0.0294  0.0293  0.0290  0.0292  0.0290  0.0293  0.0292  0.0297  0.0291  0.0293  0.0290  0.0289
  0.0302  0.0299  0.0294  0.0296  0.0294  0.0301  0.0299  0.0309  0.0296  0.0300  0.0293  0.0292
niter,ni,del,rscale     3    3    5.0000    0.6000
parameters
   -3.4279   -8.9681    8.4834  -14.6821  -16.1519  -10.1492
    0.4480   -2.4749    0.2919   -1.2437    0.3514   -0.3042
eta,q 0.97136  6.99195
  0.0297  0.0294  0.0293  0.0294  0.0293  0.0297  0.0296  0.0303  0.0293  0.0296  0.0291  0.0291
  0.0291  0.0289  0.0289  0.0290  0.0290  0.0292  0.0290  0.0294  0.0289  0.0290  0.0289  0.0289
  0.0288  0.0287  0.0288  0.0287  0.0287  0.0288  0.0287  0.0288  0.0287  0.0287  0.0287  0.0287
  0.0287  0.0287  0.0287  0.0287  0.0287  0.0287  0.0287  0.0287  0.0286  0.0286  0.0286  0.0286
  0.0288  0.0288  0.0287  0.0288  0.0287  0.0288  0.0287  0.0288  0.0287  0.0288  0.0287  0.0287
  0.0292  0.0291  0.0289  0.0290  0.0289  0.0291  0.0290  0.0294  0.0290  0.0291  0.0289  0.0288
  0.0298  0.0295  0.0292  0.0294  0.0292  0.0297  0.0295  0.0303  0.0293  0.0296  0.0291  0.0291
niter,ni,del,rscale     2    3    5.0000    0.5000
parameters
   -3.4369   -9.0156    8.4958  -14.7009  -16.0593  -10.1103
    0.4538   -2.4843    0.2908   -1.3226    0.3576   -0.2096
eta,q 0.97137  6.99679
  0.0294  0.0291  0.0291  0.0292  0.0291  0.0294  0.0293  0.0298  0.0291  0.0293  0.0290  0.0290
  0.0290  0.0288  0.0288  0.0289  0.0288  0.0290  0.0289  0.0291  0.0288  0.0289  0.0288  0.0288
  0.0287  0.0287  0.0287  0.0287  0.0287  0.0288  0.0287  0.0288  0.0287  0.0287  0.0287  0.0287
  0.0286  0.0286  0.0286  0.0286  0.0286  0.0286  0.0286  0.0286  0.0286  0.0286  0.0286  0.0286
  0.0287  0.0287  0.0287  0.0287  0.0287  0.0287  0.0287  0.0288  0.0287  0.0287  0.0287  0.0287
  0.0290  0.0289  0.0289  0.0289  0.0288  0.0290  0.0289  0.0291  0.0288  0.0290  0.0288  0.0288
  0.0294  0.0292  0.0290  0.0292  0.0290  0.0294  0.0293  0.0298  0.0291  0.0293  0.0290  0.0290
niter,ni,del,rscale     1    3    5.0000    0.4000
parameters
   -3.4423   -9.0523    8.4894  -14.7244  -15.9837  -10.0968
    0.4567   -2.4857    0.2829   -1.3724    0.3523   -0.1601
eta,q 0.97138  6.99949
  0.0291  0.0290  0.0289  0.0290  0.0289  0.0292  0.0290  0.0294  0.0289  0.0290  0.0289  0.0289
  0.0288  0.0288  0.0288  0.0288  0.0288  0.0289  0.0288  0.0290  0.0288  0.0288  0.0288  0.0288
  0.0287  0.0287  0.0287  0.0287  0.0287  0.0287  0.0287  0.0287  0.0287  0.0287  0.0287  0.0287
  0.0286  0.0286  0.0286  0.0286  0.0286  0.0286  0.0286  0.0286  0.0286  0.0286  0.0286  0.0286
  0.0287  0.0287  0.0287  0.0287  0.0286  0.0287  0.0287  0.0287  0.0287  0.0287  0.0287  0.0287
  0.0288  0.0288  0.0288  0.0288  0.0287  0.0289  0.0288  0.0290  0.0288  0.0288  0.0288  0.0287
  0.0291  0.0290  0.0289  0.0290  0.0289  0.0292  0.0290  0.0294  0.0289  0.0291  0.0289  0.0289
registration optimization eta report
parameter search radius
    0.8000    0.8000    0.8000    2.4000    2.4000    2.4000
    2.4000    2.4000    2.4000    2.4000    2.4000    2.4000
100000*second partial in parameter space
       76.       56.       37.        6.        5.        9.
        7.       13.        5.        7.        4.        4.
  0.0291  0.0290  0.0289  0.0290  0.0289  0.0292  0.0290  0.0294  0.0289  0.0290  0.0289  0.0289
  0.0288  0.0288  0.0288  0.0288  0.0288  0.0289  0.0288  0.0290  0.0288  0.0288  0.0288  0.0288
  0.0287  0.0287  0.0287  0.0287  0.0287  0.0287  0.0287  0.0287  0.0287  0.0287  0.0287  0.0287
  0.0286  0.0286  0.0286  0.0286  0.0286  0.0286  0.0286  0.0286  0.0286  0.0286  0.0286  0.0286
  0.0287  0.0287  0.0287  0.0287  0.0286  0.0287  0.0287  0.0287  0.0287  0.0287  0.0287  0.0287
  0.0288  0.0288  0.0288  0.0288  0.0287  0.0289  0.0288  0.0290  0.0288  0.0288  0.0288  0.0287
  0.0291  0.0290  0.0289  0.0290  0.0289  0.0292  0.0290  0.0294  0.0289  0.0291  0.0289  0.0289
   -3.4423   -9.0523    8.4894  -14.7244  -15.9837  -10.0968
    0.4567   -2.4857    0.2829   -1.3724    0.3523   -0.1601
eta,q 0.97138  6.99949

---------------------------------------------------------------------
imgreg_4dfp /opt/freesurfer/average/711-2C_as_mni_average_305 /opt/freesurfer/average/711-2B_as_mni_average_305_mask talsrcimg_g11 none talsrcimg_to_711-2C_as_mni_average_305_t4 2311
---------------------------------------------------------------------

freesurfer imgreg_4dfp.c
/opt/freesurfer/average/711-2C_as_mni_average_305.4dfp.img
       256       256       256         1
  1.000000  1.000000  1.000000
orientation T byte_order littleendian
Reading image: /opt/freesurfer/average/711-2C_as_mni_average_305.4dfp.img
dimensions:      256       256       256
mmppix:       1.0000   -1.0000   -1.0000
center:     128.0000 -129.0000 -129.0000
/opt/freesurfer/average/711-2B_as_mni_average_305_mask.4dfp.img
       256       256       256         1
  1.000000  1.000000  1.000000
orientation T byte_order littleendian
Reading mask: /opt/freesurfer/average/711-2B_as_mni_average_305_mask.4dfp.img (2306576 pixels)
talsrcimg_g11.4dfp.img
       256       256       256         1
  0.898437  0.898437  0.898437
orientation T byte_order littleendian
Reading image: talsrcimg_g11.4dfp.img
dimensions:      256       256       256
mmppix:       0.8984   -0.8984   -0.8984
center:     114.9999 -115.8984 -115.8984
fimgreg.f
image alignment mode   2311 decimal      907 hex
parameters
   -3.4423   -9.0523    8.4894  -14.7243  -15.9837  -10.0968
    0.4567   -2.4857    0.2829   -1.3724    0.3523   -0.1601
eta,q 0.97138  6.99949
niter,ni,del,rscale     5    3    5.0000    0.8000
parameters
   -3.4277   -9.0364    8.5016  -14.5158  -16.2271  -10.2306
    0.4434   -2.4784    0.2991   -1.3261    0.3186   -0.2399
eta,q 0.97137  6.99289
  0.0306  0.0301  0.0297  0.0301  0.0296  0.0303  0.0302  0.0315  0.0298  0.0304  0.0294  0.0294
  0.0295  0.0293  0.0291  0.0293  0.0291  0.0295  0.0293  0.0299  0.0292  0.0294  0.0290  0.0290
  0.0288  0.0288  0.0288  0.0288  0.0287  0.0289  0.0288  0.0290  0.0288  0.0288  0.0288  0.0287
  0.0286  0.0286  0.0286  0.0286  0.0286  0.0286  0.0286  0.0286  0.0286  0.0286  0.0286  0.0286
  0.0288  0.0288  0.0288  0.0288  0.0287  0.0289  0.0288  0.0289  0.0288  0.0288  0.0288  0.0288
  0.0295  0.0292  0.0291  0.0292  0.0291  0.0296  0.0293  0.0299  0.0292  0.0294  0.0290  0.0290
  0.0305  0.0300  0.0297  0.0298  0.0299  0.0306  0.0303  0.0315  0.0298  0.0303  0.0295  0.0295
niter,ni,del,rscale     4    3    5.0000    0.7000
parameters
   -3.4300   -9.0140    8.4923  -14.5916  -16.1832  -10.2064
    0.4501   -2.4767    0.3079   -1.3091    0.3324   -0.2545
eta,q 0.97137  6.99234
  0.0301  0.0298  0.0295  0.0296  0.0294  0.0300  0.0299  0.0308  0.0295  0.0299  0.0293  0.0293
  0.0293  0.0291  0.0290  0.0290  0.0290  0.0294  0.0292  0.0296  0.0290  0.0292  0.0290  0.0289
  0.0288  0.0287  0.0288  0.0287  0.0287  0.0289  0.0288  0.0289  0.0287  0.0288  0.0288  0.0287
  0.0286  0.0286  0.0286  0.0286  0.0286  0.0286  0.0286  0.0286  0.0286  0.0286  0.0286  0.0286
  0.0288  0.0288  0.0288  0.0288  0.0287  0.0288  0.0288  0.0289  0.0287  0.0288  0.0287  0.0287
  0.0293  0.0291  0.0290  0.0292  0.0289  0.0293  0.0292  0.0296  0.0290  0.0292  0.0290  0.0289
  0.0301  0.0297  0.0295  0.0296  0.0294  0.0301  0.0299  0.0308  0.0295  0.0299  0.0293  0.0293
niter,ni,del,rscale     3    3    5.0000    0.6000
parameters
   -3.4346   -9.0183    8.4922  -14.6482  -16.1064  -10.1607
    0.4523   -2.4853    0.2982   -1.3126    0.3564   -0.2531
eta,q 0.97137  6.99504
  0.0297  0.0294  0.0293  0.0294  0.0292  0.0297  0.0295  0.0302  0.0293  0.0296  0.0291  0.0291
  0.0291  0.0290  0.0289  0.0289  0.0289  0.0292  0.0290  0.0294  0.0289  0.0290  0.0289  0.0289
  0.0287  0.0287  0.0288  0.0287  0.0287  0.0288  0.0287  0.0288  0.0287  0.0287  0.0287  0.0287
  0.0286  0.0286  0.0286  0.0286  0.0286  0.0286  0.0286  0.0286  0.0286  0.0286  0.0286  0.0286
  0.0288  0.0287  0.0288  0.0288  0.0287  0.0288  0.0287  0.0288  0.0287  0.0287  0.0287  0.0287
  0.0291  0.0290  0.0289  0.0290  0.0289  0.0291  0.0290  0.0294  0.0289  0.0291  0.0289  0.0289
  0.0297  0.0294  0.0293  0.0294  0.0292  0.0297  0.0295  0.0303  0.0293  0.0296  0.0291  0.0291
niter,ni,del,rscale     2    3    5.0000    0.5000
parameters
   -3.4386   -9.0362    8.4972  -14.6832  -16.0377  -10.1201
    0.4525   -2.4880    0.2853   -1.3478    0.3566   -0.1869
eta,q 0.97137  6.99818
  0.0294  0.0292  0.0291  0.0292  0.0290  0.0294  0.0293  0.0298  0.0291  0.0293  0.0290  0.0290
  0.0290  0.0289  0.0288  0.0289  0.0288  0.0290  0.0289  0.0291  0.0288  0.0289  0.0288  0.0288
  0.0287  0.0287  0.0287  0.0287  0.0287  0.0288  0.0287  0.0288  0.0287  0.0287  0.0287  0.0287
  0.0286  0.0286  0.0286  0.0286  0.0286  0.0286  0.0286  0.0286  0.0286  0.0286  0.0286  0.0286
  0.0287  0.0287  0.0287  0.0287  0.0287  0.0287  0.0287  0.0287  0.0287  0.0287  0.0287  0.0287
  0.0290  0.0289  0.0289  0.0289  0.0288  0.0290  0.0289  0.0291  0.0288  0.0289  0.0288  0.0288
  0.0294  0.0292  0.0290  0.0292  0.0290  0.0294  0.0293  0.0298  0.0291  0.0293  0.0290  0.0290
niter,ni,del,rscale     1    3    5.0000    0.4000
parameters
   -3.4445   -9.0608    8.4873  -14.7168  -15.9748  -10.1038
    0.4601   -2.4893    0.2884   -1.3781    0.3471   -0.1477
eta,q 0.97138  6.99997
  0.0291  0.0290  0.0289  0.0290  0.0289  0.0292  0.0290  0.0294  0.0289  0.0290  0.0289  0.0289
  0.0288  0.0288  0.0288  0.0288  0.0288  0.0289  0.0288  0.0290  0.0288  0.0288  0.0288  0.0288
  0.0287  0.0287  0.0287  0.0287  0.0287  0.0287  0.0287  0.0287  0.0287  0.0287  0.0287  0.0287
  0.0286  0.0286  0.0286  0.0286  0.0286  0.0286  0.0286  0.0286  0.0286  0.0286  0.0286  0.0286
  0.0287  0.0287  0.0287  0.0287  0.0286  0.0287  0.0287  0.0287  0.0287  0.0287  0.0287  0.0287
  0.0288  0.0288  0.0288  0.0288  0.0287  0.0289  0.0288  0.0289  0.0288  0.0288  0.0288  0.0287
  0.0291  0.0290  0.0289  0.0290  0.0289  0.0292  0.0290  0.0294  0.0289  0.0291  0.0289  0.0289
registration optimization eta report
parameter search radius
    0.8000    0.8000    0.8000    2.4000    2.4000    2.4000
    2.4000    2.4000    2.4000    2.4000    2.4000    2.4000
100000*second partial in parameter space
       76.       55.       37.        6.        5.        9.
        7.       13.        5.        8.        4.        4.
  0.0291  0.0290  0.0289  0.0290  0.0289  0.0292  0.0290  0.0294  0.0289  0.0290  0.0289  0.0289
  0.0288  0.0288  0.0288  0.0288  0.0288  0.0289  0.0288  0.0290  0.0288  0.0288  0.0288  0.0288
  0.0287  0.0287  0.0287  0.0287  0.0287  0.0287  0.0287  0.0287  0.0287  0.0287  0.0287  0.0287
  0.0286  0.0286  0.0286  0.0286  0.0286  0.0286  0.0286  0.0286  0.0286  0.0286  0.0286  0.0286
  0.0287  0.0287  0.0287  0.0287  0.0286  0.0287  0.0287  0.0287  0.0287  0.0287  0.0287  0.0287
  0.0288  0.0288  0.0288  0.0288  0.0287  0.0289  0.0288  0.0289  0.0288  0.0288  0.0288  0.0287
  0.0291  0.0290  0.0289  0.0290  0.0289  0.0292  0.0290  0.0294  0.0289  0.0291  0.0289  0.0289
   -3.4445   -9.0608    8.4873  -14.7168  -15.9748  -10.1038
    0.4601   -2.4893    0.2884   -1.3781    0.3471   -0.1477
eta,q 0.97138  6.99997

---------------------------------------------------------------------
compute_vox2vox talsrcimg talsrcimg_to_711-2C_as_mni_average_305_t4 /opt/freesurfer/average/711-2C_as_mni_average_305
---------------------------------------------------------------------

freesurfer compute_vox2vox.c
Reading: talsrcimg.4dfp.ifh
Reading: talsrcimg_to_711-2C_as_mni_average_305_t4
Reading: /opt/freesurfer/average/711-2C_as_mni_average_305.4dfp.ifh
Writing: talsrcimg_to_711-2C_as_mni_average_305_t4_vox2vox.txt

start time Thu Mar 12 22:50:06 CET 2026
end		time Thu Mar 12 22:51:33 CET 2026

mpr2mni305 success

avi2talxfm orig_nu.mgz /opt/freesurfer/average/mni305.cor.mgz talsrcimg_to_711-2C_as_mni_average_305_t4_vox2vox.txt transforms/talairach.auto.xfm
avi2talxfm done
mv -f /out/sourcedata/freesurfer/sub-v2s2x29088_ses-1/mri/talsrcimg_to_711-2C_as_mni_average_305_t4_vox2vox.txt /out/sourcedata/freesurfer/sub-v2s2x29088_ses-1/mri/transforms/talsrcimg_to_711-2C_as_mni_average_305_t4_vox2vox.txt
lta_convert --src orig_nu.mgz --trg /opt/freesurfer/average/mni305.cor.mgz --inxfm transforms/talairach.auto.xfm --outlta transforms/talairach.auto.xfm.lta --subject fsaverage
7.3.2

--src: orig_nu.mgz src image (geometry).
--trg: /opt/freesurfer/average/mni305.cor.mgz trg image (geometry).
--inmni: transforms/talairach.auto.xfm input MNI/XFM transform.
--outlta: transforms/talairach.auto.xfm.lta output LTA.
--s: fsaverage subject name
 LTA read, type : 1
 1.17245   0.03237  -0.00636  -1.38884;
-0.00453   1.11230   0.00198   4.81299;
-0.00410   0.01813   1.19017  -9.17947;
 0.00000   0.00000   0.00000   1.00000;
setting subject to fsaverage
Writing  LTA to file transforms/talairach.auto.xfm.lta...
lta_convert successful.
 
 
Started at Thu Mar 12 22:50:05 CET 2026
Ended   at Thu Mar 12 22:51:33 CET 2026
talairach_avi done
