status file for recon-all
Thu Mar 12 21:20:51 CET 2026
#@# MotionCor Thu Mar 12 21:20:53 CET 2026
#@# Talairach Thu Mar 12 21:20:58 CET 2026
#@# Talairach Failure Detection Thu Mar 12 21:23:48 CET 2026
#@# Nu Intensity Correction Thu Mar 12 21:23:48 CET 2026
#@# Intensity Normalization Thu Mar 12 21:26:33 CET 2026
recon-all -s sub-v2s2x29065_ses-1 finished without error at Thu Mar 12 21:27:39 CET 2026



#New# invocation of recon-all 



status file for recon-all
Thu Mar 12 21:33:44 CET 2026
#@# EM Registration Thu Mar 12 21:33:44 CET 2026
recon-all -s sub-v2s2x29065_ses-1 finished without error at Thu Mar 12 21:35:09 CET 2026



#New# invocation of recon-all 



status file for recon-all
Thu Mar 12 21:35:13 CET 2026
#@# CA Normalize Thu Mar 12 21:35:13 CET 2026
#@# CA Reg Thu Mar 12 21:36:04 CET 2026
#@# SubCort Seg Thu Mar 12 22:11:14 CET 2026
#@# CC Seg Thu Mar 12 22:37:25 CET 2026
#@# Merge ASeg Thu Mar 12 22:37:45 CET 2026
#@# Intensity Normalization2 Thu Mar 12 22:37:45 CET 2026
#@# Mask BFS Thu Mar 12 22:39:19 CET 2026
#@# WM Segmentation Thu Mar 12 22:39:20 CET 2026
#@# Fill Thu Mar 12 22:40:59 CET 2026
recon-all -s sub-v2s2x29065_ses-1 finished without error at Thu Mar 12 22:41:38 CET 2026



#New# invocation of recon-all 



status file for recon-all
Thu Mar 12 23:21:21 CET 2026
#@# white curv lh Thu Mar 12 23:21:21 CET 2026
#@# white area lh Thu Mar 12 23:21:21 CET 2026
#@# pial curv lh Thu Mar 12 23:21:21 CET 2026
#@# pial area lh Thu Mar 12 23:21:21 CET 2026
#@# thickness lh Thu Mar 12 23:21:21 CET 2026
#@# area and vertex vol lh Thu Mar 12 23:21:21 CET 2026
#@# white curv rh Thu Mar 12 23:21:21 CET 2026
#@# white area rh Thu Mar 12 23:21:21 CET 2026
#@# pial curv rh Thu Mar 12 23:21:21 CET 2026
#@# pial area rh Thu Mar 12 23:21:21 CET 2026
#@# thickness rh Thu Mar 12 23:21:21 CET 2026
#@# area and vertex vol rh Thu Mar 12 23:21:21 CET 2026
#@# Cortical ribbon mask Thu Mar 12 23:21:21 CET 2026
recon-all -s sub-v2s2x29065_ses-1 finished without error at Thu Mar 12 23:26:18 CET 2026



#New# invocation of recon-all 



status file for recon-all
Thu Mar 12 23:32:14 CET 2026
#@# white curv lh Thu Mar 12 23:32:14 CET 2026
#@# white area lh Thu Mar 12 23:32:14 CET 2026
#@# pial curv lh Thu Mar 12 23:32:14 CET 2026
#@# pial area lh Thu Mar 12 23:32:14 CET 2026
#@# thickness lh Thu Mar 12 23:32:14 CET 2026
#@# area and vertex vol lh Thu Mar 12 23:32:14 CET 2026
#@# white curv rh Thu Mar 12 23:32:14 CET 2026
#@# white area rh Thu Mar 12 23:32:14 CET 2026
#@# pial curv rh Thu Mar 12 23:32:14 CET 2026
#@# pial area rh Thu Mar 12 23:32:14 CET 2026
#@# thickness rh Thu Mar 12 23:32:14 CET 2026
#@# area and vertex vol rh Thu Mar 12 23:32:14 CET 2026
#@# Curvature Stats lh Thu Mar 12 23:32:14 CET 2026
#@# Curvature Stats rh Thu Mar 12 23:32:16 CET 2026
#@# Relabel Hypointensities Thu Mar 12 23:32:18 CET 2026
#@# APas-to-ASeg Thu Mar 12 23:32:31 CET 2026
#@# AParc-to-ASeg aparc Thu Mar 12 23:32:38 CET 2026
#@# AParc-to-ASeg aparc.a2009s Thu Mar 12 23:33:03 CET 2026
#@# AParc-to-ASeg aparc.DKTatlas Thu Mar 12 23:33:30 CET 2026
#@# WMParc Thu Mar 12 23:33:56 CET 2026
#@# ASeg Stats Thu Mar 12 23:35:52 CET 2026
recon-all -s sub-v2s2x29065_ses-1 finished without error at Thu Mar 12 23:36:10 CET 2026
