status file for recon-all
Thu Mar 12 21:40:24 CET 2026
#@# MotionCor Thu Mar 12 21:40:26 CET 2026
#@# Talairach Thu Mar 12 21:40:36 CET 2026
#@# Talairach Failure Detection Thu Mar 12 21:44:59 CET 2026
#@# Nu Intensity Correction Thu Mar 12 21:44:59 CET 2026
#@# Intensity Normalization Thu Mar 12 21:48:18 CET 2026
recon-all -s sub-v2s2x29068_ses-1 finished without error at Thu Mar 12 21:49:55 CET 2026



#New# invocation of recon-all 



status file for recon-all
Thu Mar 12 21:57:35 CET 2026
#@# EM Registration Thu Mar 12 21:57:35 CET 2026
recon-all -s sub-v2s2x29068_ses-1 finished without error at Thu Mar 12 21:59:31 CET 2026



#New# invocation of recon-all 



status file for recon-all
Thu Mar 12 21:59:34 CET 2026
#@# CA Normalize Thu Mar 12 21:59:34 CET 2026
#@# CA Reg Thu Mar 12 22:00:54 CET 2026
#@# SubCort Seg Thu Mar 12 22:51:38 CET 2026
#@# CC Seg Thu Mar 12 23:27:19 CET 2026
#@# Merge ASeg Thu Mar 12 23:27:57 CET 2026
#@# Intensity Normalization2 Thu Mar 12 23:27:57 CET 2026
#@# Mask BFS Thu Mar 12 23:30:07 CET 2026
#@# WM Segmentation Thu Mar 12 23:30:07 CET 2026
#@# Fill Thu Mar 12 23:32:19 CET 2026
recon-all -s sub-v2s2x29068_ses-1 finished without error at Thu Mar 12 23:33:22 CET 2026



#New# invocation of recon-all 



status file for recon-all
Fri Mar 13 00:33:09 CET 2026
#@# white curv lh Fri Mar 13 00:33:09 CET 2026
#@# white area lh Fri Mar 13 00:33:09 CET 2026
#@# pial curv lh Fri Mar 13 00:33:09 CET 2026
#@# pial area lh Fri Mar 13 00:33:09 CET 2026
#@# thickness lh Fri Mar 13 00:33:09 CET 2026
#@# area and vertex vol lh Fri Mar 13 00:33:09 CET 2026
#@# white curv rh Fri Mar 13 00:33:09 CET 2026
#@# white area rh Fri Mar 13 00:33:09 CET 2026
#@# pial curv rh Fri Mar 13 00:33:09 CET 2026
#@# pial area rh Fri Mar 13 00:33:09 CET 2026
#@# thickness rh Fri Mar 13 00:33:09 CET 2026
#@# area and vertex vol rh Fri Mar 13 00:33:09 CET 2026
#@# Cortical ribbon mask Fri Mar 13 00:33:09 CET 2026
recon-all -s sub-v2s2x29068_ses-1 finished without error at Fri Mar 13 00:44:51 CET 2026



#New# invocation of recon-all 



status file for recon-all
Fri Mar 13 00:53:17 CET 2026
#@# white curv lh Fri Mar 13 00:53:17 CET 2026
#@# white area lh Fri Mar 13 00:53:17 CET 2026
#@# pial curv lh Fri Mar 13 00:53:17 CET 2026
#@# pial area lh Fri Mar 13 00:53:17 CET 2026
#@# thickness lh Fri Mar 13 00:53:17 CET 2026
#@# area and vertex vol lh Fri Mar 13 00:53:17 CET 2026
#@# white curv rh Fri Mar 13 00:53:17 CET 2026
#@# white area rh Fri Mar 13 00:53:17 CET 2026
#@# pial curv rh Fri Mar 13 00:53:17 CET 2026
#@# pial area rh Fri Mar 13 00:53:17 CET 2026
#@# thickness rh Fri Mar 13 00:53:17 CET 2026
#@# area and vertex vol rh Fri Mar 13 00:53:17 CET 2026
#@# Curvature Stats lh Fri Mar 13 00:53:17 CET 2026
#@# Curvature Stats rh Fri Mar 13 00:53:20 CET 2026
#@# Relabel Hypointensities Fri Mar 13 00:53:23 CET 2026
#@# APas-to-ASeg Fri Mar 13 00:53:42 CET 2026
#@# AParc-to-ASeg aparc Fri Mar 13 00:53:52 CET 2026
#@# AParc-to-ASeg aparc.a2009s Fri Mar 13 00:54:39 CET 2026
#@# AParc-to-ASeg aparc.DKTatlas Fri Mar 13 00:55:27 CET 2026
#@# WMParc Fri Mar 13 00:56:13 CET 2026
#@# ASeg Stats Fri Mar 13 01:00:18 CET 2026
recon-all -s sub-v2s2x29068_ses-1 finished without error at Fri Mar 13 01:01:02 CET 2026
