status file for recon-all
Thu Mar 12 23:33:28 CET 2026
#@# Tessellate lh Thu Mar 12 23:33:28 CET 2026
#@# Smooth1 lh Thu Mar 12 23:33:33 CET 2026
#@# Inflation1 lh Thu Mar 12 23:33:36 CET 2026
#@# QSphere lh Thu Mar 12 23:34:47 CET 2026
#@# Fix Topology lh Thu Mar 12 23:36:07 CET 2026
#@# Smooth2 lh Thu Mar 12 23:43:15 CET 2026
#@# Inflation2 lh Thu Mar 12 23:43:19 CET 2026
#@# Curv .H and .K lh Thu Mar 12 23:43:52 CET 2026
#@# Sphere lh Thu Mar 12 23:44:52 CET 2026
#@# Surf Reg lh Thu Mar 12 23:48:55 CET 2026
#@# Jacobian white lh Thu Mar 12 23:53:47 CET 2026
#@# AvgCurv lh Thu Mar 12 23:53:48 CET 2026
#@# Cortical Parc lh Thu Mar 12 23:53:48 CET 2026
#@# white curv lh Fri Mar 13 00:01:56 CET 2026
#@# white area lh Fri Mar 13 00:01:58 CET 2026
#@# pial curv lh Fri Mar 13 00:01:59 CET 2026
#@# pial area lh Fri Mar 13 00:02:02 CET 2026
#@# thickness lh Fri Mar 13 00:02:02 CET 2026
#@# area and vertex vol lh Fri Mar 13 00:02:41 CET 2026
#@# Curvature Stats lh Fri Mar 13 00:02:42 CET 2026
#@# Cortical Parc 2 lh Fri Mar 13 00:02:46 CET 2026
#@# Cortical Parc 3 lh Fri Mar 13 00:03:02 CET 2026
#@# WM/GM Contrast lh Fri Mar 13 00:03:15 CET 2026
recon-all -s sub-v2s2x29068_ses-1 finished without error at Fri Mar 13 00:03:20 CET 2026



#New# invocation of recon-all 



status file for recon-all
Fri Mar 13 00:44:57 CET 2026
#@# white curv lh Fri Mar 13 00:44:57 CET 2026
#@# white area lh Fri Mar 13 00:44:57 CET 2026
#@# pial curv lh Fri Mar 13 00:44:57 CET 2026
#@# pial area lh Fri Mar 13 00:44:57 CET 2026
#@# thickness lh Fri Mar 13 00:44:57 CET 2026
#@# area and vertex vol lh Fri Mar 13 00:44:57 CET 2026
#@# Parcellation Stats lh Fri Mar 13 00:44:57 CET 2026
#@# Parcellation Stats 2 lh Fri Mar 13 00:45:24 CET 2026
#@# Parcellation Stats 3 lh Fri Mar 13 00:45:38 CET 2026
#@# BA_exvivo Labels lh Fri Mar 13 00:45:52 CET 2026
recon-all -s sub-v2s2x29068_ses-1 finished without error at Fri Mar 13 00:49:05 CET 2026
