status file for recon-all
Thu Mar 12 23:26:42 CET 2026
#@# Tessellate lh Thu Mar 12 23:26:42 CET 2026
#@# Smooth1 lh Thu Mar 12 23:26:44 CET 2026
#@# Inflation1 lh Thu Mar 12 23:26:47 CET 2026
#@# QSphere lh Thu Mar 12 23:28:25 CET 2026
#@# Fix Topology lh Thu Mar 12 23:29:42 CET 2026
#@# Smooth2 lh Thu Mar 12 23:36:33 CET 2026
#@# Inflation2 lh Thu Mar 12 23:36:37 CET 2026
#@# Curv .H and .K lh Thu Mar 12 23:37:11 CET 2026
#@# Sphere lh Thu Mar 12 23:38:04 CET 2026
#@# Surf Reg lh Thu Mar 12 23:41:01 CET 2026
#@# Jacobian white lh Thu Mar 12 23:46:36 CET 2026
#@# AvgCurv lh Thu Mar 12 23:46:37 CET 2026
#@# Cortical Parc lh Thu Mar 12 23:46:38 CET 2026
#@# white curv lh Thu Mar 12 23:54:45 CET 2026
#@# white area lh Thu Mar 12 23:54:47 CET 2026
#@# pial curv lh Thu Mar 12 23:54:48 CET 2026
#@# pial area lh Thu Mar 12 23:54:50 CET 2026
#@# thickness lh Thu Mar 12 23:54:51 CET 2026
#@# area and vertex vol lh Thu Mar 12 23:55:24 CET 2026
#@# Curvature Stats lh Thu Mar 12 23:55:25 CET 2026
#@# Cortical Parc 2 lh Thu Mar 12 23:55:28 CET 2026
#@# Cortical Parc 3 lh Thu Mar 12 23:55:42 CET 2026
#@# WM/GM Contrast lh Thu Mar 12 23:55:52 CET 2026
recon-all -s sub-v2s2x29071_ses-1 finished without error at Thu Mar 12 23:55:55 CET 2026



#New# invocation of recon-all 



status file for recon-all
Fri Mar 13 00:34:04 CET 2026
#@# white curv lh Fri Mar 13 00:34:04 CET 2026
#@# white area lh Fri Mar 13 00:34:04 CET 2026
#@# pial curv lh Fri Mar 13 00:34:04 CET 2026
#@# pial area lh Fri Mar 13 00:34:04 CET 2026
#@# thickness lh Fri Mar 13 00:34:04 CET 2026
#@# area and vertex vol lh Fri Mar 13 00:34:04 CET 2026
#@# Parcellation Stats lh Fri Mar 13 00:34:04 CET 2026
#@# Parcellation Stats 2 lh Fri Mar 13 00:34:30 CET 2026
#@# Parcellation Stats 3 lh Fri Mar 13 00:34:43 CET 2026
#@# BA_exvivo Labels lh Fri Mar 13 00:34:55 CET 2026
recon-all -s sub-v2s2x29071_ses-1 finished without error at Fri Mar 13 00:37:32 CET 2026
