status file for recon-all
Thu Mar 12 22:46:57 CET 2026
#@# MotionCor Thu Mar 12 22:46:59 CET 2026
#@# Talairach Thu Mar 12 22:47:10 CET 2026
#@# Talairach Failure Detection Thu Mar 12 22:51:35 CET 2026
#@# Nu Intensity Correction Thu Mar 12 22:51:35 CET 2026
#@# Intensity Normalization Thu Mar 12 22:54:52 CET 2026
recon-all -s sub-v2s2x29088_ses-1 finished without error at Thu Mar 12 22:56:25 CET 2026



#New# invocation of recon-all 



status file for recon-all
Thu Mar 12 23:04:00 CET 2026
#@# EM Registration Thu Mar 12 23:04:00 CET 2026
recon-all -s sub-v2s2x29088_ses-1 finished without error at Thu Mar 12 23:05:42 CET 2026



#New# invocation of recon-all 



status file for recon-all
Thu Mar 12 23:05:46 CET 2026
#@# CA Normalize Thu Mar 12 23:05:46 CET 2026
#@# CA Reg Thu Mar 12 23:07:05 CET 2026
#@# SubCort Seg Thu Mar 12 23:59:58 CET 2026
#@# CC Seg Fri Mar 13 00:31:57 CET 2026
#@# Merge ASeg Fri Mar 13 00:32:32 CET 2026
#@# Intensity Normalization2 Fri Mar 13 00:32:32 CET 2026
#@# Mask BFS Fri Mar 13 00:34:51 CET 2026
#@# WM Segmentation Fri Mar 13 00:34:52 CET 2026
#@# Fill Fri Mar 13 00:36:52 CET 2026
recon-all -s sub-v2s2x29088_ses-1 finished without error at Fri Mar 13 00:37:56 CET 2026



#New# invocation of recon-all 



status file for recon-all
Fri Mar 13 01:32:40 CET 2026
#@# white curv lh Fri Mar 13 01:32:40 CET 2026
#@# white area lh Fri Mar 13 01:32:40 CET 2026
#@# pial curv lh Fri Mar 13 01:32:40 CET 2026
#@# pial area lh Fri Mar 13 01:32:40 CET 2026
#@# thickness lh Fri Mar 13 01:32:40 CET 2026
#@# area and vertex vol lh Fri Mar 13 01:32:40 CET 2026
#@# white curv rh Fri Mar 13 01:32:40 CET 2026
#@# white area rh Fri Mar 13 01:32:40 CET 2026
#@# pial curv rh Fri Mar 13 01:32:40 CET 2026
#@# pial area rh Fri Mar 13 01:32:40 CET 2026
#@# thickness rh Fri Mar 13 01:32:40 CET 2026
#@# area and vertex vol rh Fri Mar 13 01:32:40 CET 2026
#@# Cortical ribbon mask Fri Mar 13 01:32:40 CET 2026
recon-all -s sub-v2s2x29088_ses-1 finished without error at Fri Mar 13 01:40:26 CET 2026



#New# invocation of recon-all 



status file for recon-all
Fri Mar 13 01:48:25 CET 2026
#@# white curv lh Fri Mar 13 01:48:25 CET 2026
#@# white area lh Fri Mar 13 01:48:25 CET 2026
#@# pial curv lh Fri Mar 13 01:48:25 CET 2026
#@# pial area lh Fri Mar 13 01:48:25 CET 2026
#@# thickness lh Fri Mar 13 01:48:25 CET 2026
#@# area and vertex vol lh Fri Mar 13 01:48:25 CET 2026
#@# white curv rh Fri Mar 13 01:48:25 CET 2026
#@# white area rh Fri Mar 13 01:48:25 CET 2026
#@# pial curv rh Fri Mar 13 01:48:25 CET 2026
#@# pial area rh Fri Mar 13 01:48:25 CET 2026
#@# thickness rh Fri Mar 13 01:48:25 CET 2026
#@# area and vertex vol rh Fri Mar 13 01:48:25 CET 2026
#@# Curvature Stats lh Fri Mar 13 01:48:25 CET 2026
#@# Curvature Stats rh Fri Mar 13 01:48:28 CET 2026
#@# Relabel Hypointensities Fri Mar 13 01:48:31 CET 2026
#@# APas-to-ASeg Fri Mar 13 01:48:49 CET 2026
#@# AParc-to-ASeg aparc Fri Mar 13 01:49:00 CET 2026
#@# AParc-to-ASeg aparc.a2009s Fri Mar 13 01:49:41 CET 2026
#@# AParc-to-ASeg aparc.DKTatlas Fri Mar 13 01:50:25 CET 2026
#@# WMParc Fri Mar 13 01:51:07 CET 2026
#@# ASeg Stats Fri Mar 13 01:55:13 CET 2026
recon-all -s sub-v2s2x29088_ses-1 finished without error at Fri Mar 13 01:55:56 CET 2026
