status file for recon-all
Fri Mar 13 01:05:08 CET 2026
#@# Tessellate rh Fri Mar 13 01:05:08 CET 2026
#@# Smooth1 rh Fri Mar 13 01:05:12 CET 2026
#@# Inflation1 rh Fri Mar 13 01:05:15 CET 2026
#@# QSphere rh Fri Mar 13 01:06:32 CET 2026
#@# Fix Topology rh Fri Mar 13 01:07:56 CET 2026
#@# Smooth2 rh Fri Mar 13 01:14:35 CET 2026
#@# Inflation2 rh Fri Mar 13 01:14:38 CET 2026
#@# Curv .H and .K rh Fri Mar 13 01:15:03 CET 2026
#@# Sphere rh Fri Mar 13 01:15:58 CET 2026
#@# Surf Reg rh Fri Mar 13 01:18:21 CET 2026
#@# Jacobian white rh Fri Mar 13 01:23:13 CET 2026
#@# AvgCurv rh Fri Mar 13 01:23:14 CET 2026
#@# Cortical Parc rh Fri Mar 13 01:23:15 CET 2026
#@# white curv rh Fri Mar 13 01:31:14 CET 2026
#@# white area rh Fri Mar 13 01:31:17 CET 2026
#@# pial curv rh Fri Mar 13 01:31:17 CET 2026
#@# pial area rh Fri Mar 13 01:31:20 CET 2026
#@# thickness rh Fri Mar 13 01:31:21 CET 2026
#@# area and vertex vol rh Fri Mar 13 01:31:57 CET 2026
#@# Curvature Stats rh Fri Mar 13 01:31:58 CET 2026
#@# Cortical Parc 2 rh Fri Mar 13 01:32:01 CET 2026
#@# Cortical Parc 3 rh Fri Mar 13 01:32:17 CET 2026
#@# WM/GM Contrast rh Fri Mar 13 01:32:29 CET 2026
recon-all -s sub-v2s2x29088_ses-1 finished without error at Fri Mar 13 01:32:34 CET 2026



#New# invocation of recon-all 



status file for recon-all
Fri Mar 13 01:44:27 CET 2026
#@# white curv rh Fri Mar 13 01:44:27 CET 2026
#@# white area rh Fri Mar 13 01:44:27 CET 2026
#@# pial curv rh Fri Mar 13 01:44:27 CET 2026
#@# pial area rh Fri Mar 13 01:44:27 CET 2026
#@# thickness rh Fri Mar 13 01:44:27 CET 2026
#@# area and vertex vol rh Fri Mar 13 01:44:27 CET 2026
#@# Parcellation Stats rh Fri Mar 13 01:44:27 CET 2026
#@# Parcellation Stats 2 rh Fri Mar 13 01:44:51 CET 2026
#@# Parcellation Stats 3 rh Fri Mar 13 01:45:04 CET 2026
#@# BA_exvivo Labels rh Fri Mar 13 01:45:16 CET 2026
recon-all -s sub-v2s2x29088_ses-1 finished without error at Fri Mar 13 01:48:20 CET 2026
