/out/sourcedata/freesurfer/sub-v2s2x29085_ses-1/mri
/opt/freesurfer/bin/talairach_avi
--i orig_nu.mgz --xfm transforms/talairach.auto.xfm
talairach_avi 7.3.2
Linux dna086 5.14.0-427.37.1.el9_4.x86_64 #1 SMP PREEMPT_DYNAMIC Fri Sep 13 12:41:50 EDT 2024 x86_64 x86_64 x86_64 GNU/Linux
Thu Mar 12 22:41:38 CET 2026
mri_convert orig_nu.mgz talsrcimg.img 
reading from orig_nu.mgz...
TR=0.00, TE=0.00, TI=0.00, flip angle=0.00
i_ras = (-1, 0, 0)
j_ras = (0, 0, -1)
k_ras = (0, 1, 0)
writing to talsrcimg.img...
Analyze Output Matrix
-0.89844   0.00000   0.00000   120.38725;
 0.00000   0.00000   0.89844  -137.36804;
 0.00000  -0.89844   0.00000   121.29758;
 0.00000   0.00000   0.00000   1.00000;
--------------------
INFO: set hdr.hist.orient to -1
mpr2mni305 talsrcimg
Thu Mar 12 22:41:39 CET 2026
/opt/freesurfer/bin/mpr2mni305 talsrcimg
mpr2mni305 7.3.2
target=711-2C_as_mni_average_305

---------------------------------------------------------------------
analyzeto4dfp talsrcimg -O0 -y
---------------------------------------------------------------------

freesurfer ifh2hdr.c
Thu Mar 12 22:41:39 2026
Writing: talsrcimg.4dfp.hdr
freesurfer analyzeto4dfp.c
Reading: talsrcimg.hdr
header size 348 bytes
hdr.dime.datatype	offset=70	value=2
hdr.dime.bitpix		offset=72	value=8
hdr.hist.orient		offset=252	value=-1
dimensionality     4
dimensions       256       256       256         1
Reading: talsrcimg.img
Writing: talsrcimg.4dfp.img
Writing: talsrcimg.4dfp.ifh
ifh2hdr talsrcimg -r0to255
ori=2

---------------------------------------------------------------------
gauss_4dfp talsrcimg 1.1
---------------------------------------------------------------------

freesurfer gauss_4dfp.c
Reading: talsrcimg.4dfp.img
Writing: talsrcimg_g11.4dfp.img
image dimensions 256 256 256 padded to 288 288 288
processing volume 1freesurfer ifh2hdr.c
Thu Mar 12 22:41:40 2026
Writing: talsrcimg_g11.4dfp.hdr

Writing: talsrcimg_g11.4dfp.ifh
including: talsrcimg.4dfp.img.rec in talsrcimg_g11.4dfp.img.rec

---------------------------------------------------------------------
imgreg_4dfp /opt/freesurfer/average/711-2C_as_mni_average_305 none talsrcimg_g11 none talsrcimg_to_711-2C_as_mni_average_305_t4 4355
---------------------------------------------------------------------

freesurfer imgreg_4dfp.c
/opt/freesurfer/average/711-2C_as_mni_average_305.4dfp.img
       256       256       256         1
  1.000000  1.000000  1.000000
orientation T byte_order littleendian
Reading image: /opt/freesurfer/average/711-2C_as_mni_average_305.4dfp.img
dimensions:      256       256       256
mmppix:       1.0000   -1.0000   -1.0000
center:     128.0000 -129.0000 -129.0000
talsrcimg_g11.4dfp.img
       256       256       256         1
  0.898438  0.898438  0.898438
orientation T byte_order littleendian
Reading image: talsrcimg_g11.4dfp.img
dimensions:      256       256       256
mmppix:       0.8984   -0.8984   -0.8984
center:     115.0001 -115.8985 -115.8985
t4_read: open error in t4_sub.f l:  41 t4_file(1:l)talsrcimg_to_711-2C_as_mni_average_305_t4 
t4_read: transform initialized to I4
rotation matrix determinant  1.000000
image alignment mode   4355 decimal     1103 hex
   -7.5000  -45.0000  -45.0000 6371.5391    9.0647
    0.0000  -45.0000  -45.0000 6349.5742    9.0460
    7.5000  -45.0000  -45.0000 5967.6694    9.0367
   -7.5000  -37.5000  -45.0000 6801.0210    9.6357
    0.0000  -37.5000  -45.0000 6769.4053    9.6150
    7.5000  -37.5000  -45.0000 6365.9790    9.5994
   -7.5000  -30.0000  -45.0000 7214.5142    9.9382
    0.0000  -30.0000  -45.0000 7177.6562    9.9152
    7.5000  -30.0000  -45.0000 6734.0864    9.8975
   -7.5000  -22.5000  -45.0000 7678.5776    9.9285
    0.0000  -22.5000  -45.0000 7637.8135    9.9049
    7.5000  -22.5000  -45.0000 7182.5854    9.8916
   -7.5000  -15.0000  -45.0000 8112.5366    9.9226
    0.0000  -15.0000  -45.0000 8068.6021    9.9000
    7.5000  -15.0000  -45.0000 7607.7725    9.8919
   -7.5000   -7.5000  -45.0000 8201.9766    9.9253
    0.0000   -7.5000  -45.0000 8158.7373    9.9040
    7.5000   -7.5000  -45.0000 7702.1592    9.8974
   -7.5000    0.0000  -45.0000 8309.4512    9.9335
    0.0000    0.0000  -45.0000 8249.8564    9.9130
    7.5000    0.0000  -45.0000 7787.7817    9.9028
   -7.5000    7.5000  -45.0000 7963.5757    9.9394
    0.0000    7.5000  -45.0000 7905.7061    9.9181
    7.5000    7.5000  -45.0000 7453.3535    9.9020
   -7.5000   15.0000  -45.0000 7747.4111    9.9382
    0.0000   15.0000  -45.0000 7687.5981    9.9152
    7.5000   15.0000  -45.0000 7264.2944    9.8975
   -7.5000   22.5000  -45.0000 7146.4897    9.7949
    0.0000   22.5000  -45.0000 7072.7202    9.7717
    7.5000   22.5000  -45.0000 6674.0552    9.7585
   -7.5000   30.0000  -45.0000 6557.5674    9.5280
    0.0000   30.0000  -45.0000 6491.3599    9.5064
    7.5000   30.0000  -45.0000 6090.5479    9.4985
   -7.5000   37.5000  -45.0000 5943.6929    9.2628
    0.0000   37.5000  -45.0000 5897.9277    9.2438
    7.5000   37.5000  -45.0000 5542.9707    9.2383
   -7.5000   45.0000  -45.0000 5371.3784    9.2415
    0.0000   45.0000  -45.0000 5318.0659    9.2227
    7.5000   45.0000  -45.0000 5000.3525    9.2140
   -7.5000  -45.0000  -37.5000 6942.7285    9.4417
    0.0000  -45.0000  -37.5000 6912.4014    9.4237
    7.5000  -45.0000  -37.5000 6483.4097    9.4159
   -7.5000  -37.5000  -37.5000 7387.9766   10.0346
    0.0000  -37.5000  -37.5000 7352.1509   10.0157
    7.5000  -37.5000  -37.5000 6905.7197   10.0033
   -7.5000  -30.0000  -37.5000 7823.3794   10.3320
    0.0000  -30.0000  -37.5000 7801.6763   10.3109
    7.5000  -30.0000  -37.5000 7310.7388   10.2983
   -7.5000  -22.5000  -37.5000 8340.7236   10.3287
    0.0000  -22.5000  -37.5000 8288.8145   10.3062
    7.5000  -22.5000  -37.5000 7780.4360   10.2980
   -7.5000  -15.0000  -37.5000 8795.8281   10.3294
    0.0000  -15.0000  -37.5000 8747.2393   10.3065
    7.5000  -15.0000  -37.5000 8230.2490   10.3019
   -7.5000   -7.5000  -37.5000 8873.2871   10.3318
    0.0000   -7.5000  -37.5000 8822.7041   10.3100
    7.5000   -7.5000  -37.5000 8316.8457   10.3052
   -7.5000    0.0000  -37.5000 8977.5889   10.3335
    0.0000    0.0000  -37.5000 8916.3213   10.3138
    7.5000    0.0000  -37.5000 8397.1992   10.3053
   -7.5000    7.5000  -37.5000 8588.0088   10.3328
    0.0000    7.5000  -37.5000 8523.9043   10.3133
    7.5000    7.5000  -37.5000 8032.7397   10.3006
   -7.5000   15.0000  -37.5000 8339.2607   10.3315
    0.0000   15.0000  -37.5000 8275.6904   10.3104
    7.5000   15.0000  -37.5000 7825.8960   10.2978
   -7.5000   22.5000  -37.5000 7651.3613   10.1906
    0.0000   22.5000  -37.5000 7616.2095   10.1684
    7.5000   22.5000  -37.5000 7178.5332   10.1604
   -7.5000   30.0000  -37.5000 7003.0498    9.9257
    0.0000   30.0000  -37.5000 6949.2310    9.9037
    7.5000   30.0000  -37.5000 6541.2749    9.8993
   -7.5000   37.5000  -37.5000 6334.5430    9.6492
    0.0000   37.5000  -37.5000 6282.6406    9.6299
    7.5000   37.5000  -37.5000 5915.5425    9.6262
   -7.5000   45.0000  -37.5000 5705.4468    9.6047
    0.0000   45.0000  -37.5000 5648.2012    9.5873
    7.5000   45.0000  -37.5000 5318.4585    9.5819
   -7.5000  -45.0000  -30.0000 7515.8799    9.8244
    0.0000  -45.0000  -30.0000 7483.3130    9.8067
    7.5000  -45.0000  -30.0000 7014.2334    9.8048
   -7.5000  -37.5000  -30.0000 7975.0161   10.4389
    0.0000  -37.5000  -30.0000 7943.9517   10.4229
    7.5000  -37.5000  -30.0000 7461.8325   10.4189
   -7.5000  -30.0000  -30.0000 8440.8857   10.7345
    0.0000  -30.0000  -30.0000 8414.6426   10.7173
    7.5000  -30.0000  -30.0000 7902.8589   10.7137
   -7.5000  -22.5000  -30.0000 9011.1260   10.7396
    0.0000  -22.5000  -30.0000 8966.1250   10.7193
    7.5000  -22.5000  -30.0000 8406.2715   10.7186
   -7.5000  -15.0000  -30.0000 9501.7090   10.7467
    0.0000  -15.0000  -30.0000 9477.4023   10.7233
    7.5000  -15.0000  -30.0000 8885.0498   10.7243
   -7.5000   -7.5000  -30.0000 9565.0410   10.7477
    0.0000   -7.5000  -30.0000 9525.8428   10.7246
    7.5000   -7.5000  -30.0000 8967.0840   10.7248
   -7.5000    0.0000  -30.0000 9656.2715   10.7412
    0.0000    0.0000  -30.0000 9597.8184   10.7219
    7.5000    0.0000  -30.0000 9037.4727   10.7199
   -7.5000    7.5000  -30.0000 9206.4736   10.7327
    0.0000    7.5000  -30.0000 9142.2275   10.7163
    7.5000    7.5000  -30.0000 8626.0684   10.7122
   -7.5000   15.0000  -30.0000 8918.1582   10.7330
    0.0000   15.0000  -30.0000 8866.6992   10.7159
    7.5000   15.0000  -30.0000 8392.7324   10.7122
   -7.5000   22.5000  -30.0000 8183.3687   10.5965
    0.0000   22.5000  -30.0000 8146.2319   10.5764
    7.5000   22.5000  -30.0000 7696.1455   10.5757
   -7.5000   30.0000  -30.0000 7472.3667   10.3343
    0.0000   30.0000  -30.0000 7420.4707   10.3118
    7.5000   30.0000  -30.0000 7002.8623   10.3127
   -7.5000   37.5000  -30.0000 6741.5527   10.0522
    0.0000   37.5000  -30.0000 6686.6182   10.0316
    7.5000   37.5000  -30.0000 6305.1841   10.0327
   -7.5000   45.0000  -30.0000 6058.9697    9.9917
    0.0000   45.0000  -30.0000 6002.3896    9.9755
    7.5000   45.0000  -30.0000 5652.2222    9.9774
   -7.5000  -45.0000  -22.5000 8103.1821   10.1845
    0.0000  -45.0000  -22.5000 8080.1045   10.1654
    7.5000  -45.0000  -22.5000 7576.9912   10.1656
   -7.5000  -37.5000  -22.5000 8571.6318   10.8297
    0.0000  -37.5000  -22.5000 8559.5752   10.8136
    7.5000  -37.5000  -22.5000 8043.4404   10.8125
   -7.5000  -30.0000  -22.5000 9078.4375   11.1284
    0.0000  -30.0000  -22.5000 9068.8867   11.1110
    7.5000  -30.0000  -22.5000 8526.7266   11.1084
   -7.5000  -22.5000  -22.5000 9704.3262   11.1363
    0.0000  -22.5000  -22.5000 9672.5254   11.1140
    7.5000  -22.5000  -22.5000 9074.5020   11.1117
   -7.5000  -15.0000  -22.500010252.4268   11.1410
    0.0000  -15.0000  -22.500010218.7617   11.1142
    7.5000  -15.0000  -22.5000 9590.7510   11.1132
   -7.5000   -7.5000  -22.500010316.3262   11.1378
    0.0000   -7.5000  -22.500010259.3828   11.1116
    7.5000   -7.5000  -22.5000 9652.1240   11.1115
   -7.5000    0.0000  -22.500010386.0947   11.1286
    0.0000    0.0000  -22.500010337.0342   11.1078
    7.5000    0.0000  -22.5000 9713.9873   11.1080
   -7.5000    7.5000  -22.5000 9855.4932   11.1208
    0.0000    7.5000  -22.5000 9793.5303   11.1042
    7.5000    7.5000  -22.5000 9225.0693   11.1031
   -7.5000   15.0000  -22.5000 9512.5127   11.1257
    0.0000   15.0000  -22.5000 9467.1045   11.1083
    7.5000   15.0000  -22.5000 8958.5391   11.1058
   -7.5000   22.5000  -22.5000 8691.6748   10.9889
    0.0000   22.5000  -22.5000 8658.3398   10.9669
    7.5000   22.5000  -22.5000 8211.3818   10.9646
   -7.5000   30.0000  -22.5000 7933.5005   10.7212
    0.0000   30.0000  -22.5000 7889.8267   10.6955
    7.5000   30.0000  -22.5000 7471.8457   10.6945
   -7.5000   37.5000  -22.5000 7142.7764   10.4327
    0.0000   37.5000  -22.5000 7097.6313   10.4090
    7.5000   37.5000  -22.5000 6690.2144   10.4098
   -7.5000   45.0000  -22.5000 6410.2129   10.3735
    0.0000   45.0000  -22.5000 6368.6099   10.3561
    7.5000   45.0000  -22.5000 6001.5693   10.3596
   -7.5000  -45.0000  -15.0000 8673.2920   10.5192
    0.0000  -45.0000  -15.0000 8649.7285   10.4969
    7.5000  -45.0000  -15.0000 8115.0527   10.4934
   -7.5000  -37.5000  -15.0000 9192.0664   11.1914
    0.0000  -37.5000  -15.0000 9185.9414   11.1708
    7.5000  -37.5000  -15.0000 8619.5039   11.1643
   -7.5000  -30.0000  -15.0000 9751.9346   11.4894
    0.0000  -30.0000  -15.0000 9731.4678   11.4663
    7.5000  -30.0000  -15.0000 9132.9541   11.4559
   -7.5000  -22.5000  -15.000010416.7725   11.4902
    0.0000  -22.5000  -15.000010366.0596   11.4621
    7.5000  -22.5000  -15.0000 9703.6846   11.4510
   -7.5000  -15.0000  -15.000011008.2617   11.4882
    0.0000  -15.0000  -15.000010935.6123   11.4569
    7.5000  -15.0000  -15.000010257.4785   11.4487
   -7.5000   -7.5000  -15.000011090.6748   11.4855
    0.0000   -7.5000  -15.000011012.9150   11.4559
    7.5000   -7.5000  -15.000010338.5527   11.4509
   -7.5000    0.0000  -15.000011140.4756   11.4832
    0.0000    0.0000  -15.000011075.4385   11.4589
    7.5000    0.0000  -15.000010396.1221   11.4551
   -7.5000    7.5000  -15.000010524.2471   11.4810
    0.0000    7.5000  -15.000010457.0801   11.4599
    7.5000    7.5000  -15.0000 9827.6885   11.4532
   -7.5000   15.0000  -15.000010150.8623   11.4858
    0.0000   15.0000  -15.000010090.4551   11.4628
    7.5000   15.0000  -15.0000 9529.4863   11.4524
   -7.5000   22.5000  -15.0000 9260.3271   11.3399
    0.0000   22.5000  -15.0000 9232.6680   11.3122
    7.5000   22.5000  -15.0000 8748.8359   11.3012
   -7.5000   30.0000  -15.0000 8418.9512   11.0637
    0.0000   30.0000  -15.0000 8405.8057   11.0336
    7.5000   30.0000  -15.0000 7944.9824   11.0256
   -7.5000   37.5000  -15.0000 7588.3115   10.7749
    0.0000   37.5000  -15.0000 7548.8989   10.7479
    7.5000   37.5000  -15.0000 7105.1016   10.7439
   -7.5000   45.0000  -15.0000 6803.7764   10.7322
    0.0000   45.0000  -15.0000 6762.3584   10.7109
    7.5000   45.0000  -15.0000 6375.2432   10.7090
   -7.5000  -45.0000   -7.5000 8954.9316   10.5044
    0.0000  -45.0000   -7.5000 8938.6172   10.4813
    7.5000  -45.0000   -7.5000 8381.7891   10.4723
   -7.5000  -37.5000   -7.5000 9548.4512   11.1804
    0.0000  -37.5000   -7.5000 9514.9355   11.1564
    7.5000  -37.5000   -7.5000 8908.7031   11.1417
   -7.5000  -30.0000   -7.500010180.5469   11.4747
    0.0000  -30.0000   -7.500010115.8340   11.4472
    7.5000  -30.0000   -7.5000 9456.9551   11.4281
   -7.5000  -22.5000   -7.500010857.6006   11.4671
    0.0000  -22.5000   -7.500010770.9248   11.4363
    7.5000  -22.5000   -7.500010053.7168   11.4181
   -7.5000  -15.0000   -7.500011463.8555   11.4606
    0.0000  -15.0000   -7.500011347.5508   11.4293
    7.5000  -15.0000   -7.500010616.1836   11.4160
   -7.5000   -7.5000   -7.500011565.8857   11.4612
    0.0000   -7.5000   -7.500011457.2314   11.4323
    7.5000   -7.5000   -7.500010715.4482   11.4230
   -7.5000    0.0000   -7.500011609.8115   11.4670
    0.0000    0.0000   -7.500011522.0293   11.4418
    7.5000    0.0000   -7.500010776.6104   11.4320
   -7.5000    7.5000   -7.500010934.8867   11.4697
    0.0000    7.5000   -7.500010853.7490   11.4451
    7.5000    7.5000   -7.500010175.7549   11.4300
   -7.5000   15.0000   -7.500010535.8652   11.4711
    0.0000   15.0000   -7.500010465.8262   11.4437
    7.5000   15.0000   -7.5000 9862.9639   11.4246
   -7.5000   22.5000   -7.5000 9605.7402   11.3171
    0.0000   22.5000   -7.5000 9572.3633   11.2867
    7.5000   22.5000   -7.5000 9035.1377   11.2688
   -7.5000   30.0000   -7.5000 8723.7949   11.0371
    0.0000   30.0000   -7.5000 8700.8662   11.0070
    7.5000   30.0000   -7.5000 8170.0615   10.9942
   -7.5000   37.5000   -7.5000 7845.2466   10.7522
    0.0000   37.5000   -7.5000 7793.6431   10.7259
    7.5000   37.5000   -7.5000 7317.0015   10.7177
   -7.5000   45.0000   -7.5000 7017.1689   10.7207
    0.0000   45.0000   -7.5000 6981.0376   10.6976
    7.5000   45.0000   -7.5000 6568.0459   10.6888
   -7.5000  -45.0000    0.0000 9101.2881   10.7635
    0.0000  -45.0000    0.0000 9062.0879   10.7413
    7.5000  -45.0000    0.0000 8480.1914   10.7298
   -7.5000  -37.5000    0.0000 9704.1025   11.4499
    0.0000  -37.5000    0.0000 9639.3320   11.4255
    7.5000  -37.5000    0.0000 9002.4434   11.4073
   -7.5000  -30.0000    0.000010416.4033   11.7395
    0.0000  -30.0000    0.000010331.1367   11.7118
    7.5000  -30.0000    0.0000 9610.4941   11.6909
   -7.5000  -22.5000    0.000011198.5020   11.7290
    0.0000  -22.5000    0.000011090.3896   11.6996
    7.5000  -22.5000    0.000010284.5723   11.6827
   -7.5000  -15.0000    0.000011828.9902   11.7249
    0.0000  -15.0000    0.000011679.4668   11.6964
    7.5000  -15.0000    0.000010846.5811   11.6849
   -7.5000   -7.5000    0.000011873.4941   11.7297
    0.0000   -7.5000    0.000011733.2129   11.7033
    7.5000   -7.5000    0.000010902.4062   11.6940
   -7.5000    0.0000    0.000011880.0205   11.7382
    0.0000    0.0000    0.000011772.3506   11.7140
    7.5000    0.0000    0.000010954.5684   11.7015
   -7.5000    7.5000    0.000011166.9893   11.7385
    0.0000    7.5000    0.000011053.2666   11.7135
    7.5000    7.5000    0.000010315.5684   11.6947
   -7.5000   15.0000    0.000010757.5273   11.7354
    0.0000   15.0000    0.000010664.4775   11.7077
    7.5000   15.0000    0.0000 9970.0586   11.6868
   -7.5000   22.5000    0.0000 9788.1504   11.5772
    0.0000   22.5000    0.0000 9714.4482   11.5482
    7.5000   22.5000    0.0000 9094.2012   11.5315
   -7.5000   30.0000    0.0000 8864.6123   11.2985
    0.0000   30.0000    0.0000 8816.3818   11.2710
    7.5000   30.0000    0.0000 8243.4141   11.2599
   -7.5000   37.5000    0.0000 7956.1362   11.0172
    0.0000   37.5000    0.0000 7900.2266   10.9934
    7.5000   37.5000    0.0000 7398.5630   10.9854
   -7.5000   45.0000    0.0000 7116.7671   10.9965
    0.0000   45.0000    0.0000 7071.1396   10.9742
    7.5000   45.0000    0.0000 6638.0830   10.9633
   -7.5000  -45.0000    7.5000 8913.8721   10.7824
    0.0000  -45.0000    7.5000 8863.5312   10.7621
    7.5000  -45.0000    7.5000 8274.3887   10.7541
   -7.5000  -37.5000    7.5000 9448.6533   11.4626
    0.0000  -37.5000    7.5000 9383.3398   11.4416
    7.5000  -37.5000    7.5000 8752.8770   11.4286
   -7.5000  -30.0000    7.500010182.3848   11.7517
    0.0000  -30.0000    7.500010100.9160   11.7285
    7.5000  -30.0000    7.5000 9323.0352   11.7154
   -7.5000  -22.5000    7.500011122.7539   11.7482
    0.0000  -22.5000    7.500010999.5430   11.7233
    7.5000  -22.5000    7.500010021.2148   11.7152
   -7.5000  -15.0000    7.500011896.3564   11.7520
    0.0000  -15.0000    7.500011701.3447   11.7264
    7.5000  -15.0000    7.500010630.8662   11.7221
   -7.5000   -7.5000    7.500011857.8213   11.7572
    0.0000   -7.5000    7.500011671.0293   11.7327
    7.5000   -7.5000    7.500010685.2559   11.7281
   -7.5000    0.0000    7.500011721.2529   11.7589
    0.0000    0.0000    7.500011570.0273   11.7367
    7.5000    0.0000    7.500010678.8721   11.7280
   -7.5000    7.5000    7.500010904.2803   11.7515
    0.0000    7.5000    7.500010761.4307   11.7299
    7.5000    7.5000    7.5000 9999.9648   11.7166
   -7.5000   15.0000    7.500010451.0459   11.7475
    0.0000   15.0000    7.500010331.0225   11.7244
    7.5000   15.0000    7.5000 9631.6309   11.7112
   -7.5000   22.5000    7.5000 9500.1982   11.5962
    0.0000   22.5000    7.5000 9408.2217   11.5716
    7.5000   22.5000    7.5000 8795.5771   11.5636
   -7.5000   30.0000    7.5000 8607.8643   11.3246
    0.0000   30.0000    7.5000 8545.4746   11.2999
    7.5000   30.0000    7.5000 7985.9175   11.2958
   -7.5000   37.5000    7.5000 7754.5103   11.0430
    0.0000   37.5000    7.5000 7685.0405   11.0210
    7.5000   37.5000    7.5000 7189.4102   11.0176
   -7.5000   45.0000    7.5000 6941.3682   11.0134
    0.0000   45.0000    7.5000 6880.9512   10.9938
    7.5000   45.0000    7.5000 6450.0127   10.9885
   -7.5000  -45.0000   15.0000 8946.4736   10.9058
    0.0000  -45.0000   15.0000 8897.0146   10.8860
    7.5000  -45.0000   15.0000 8286.4033   10.8837
   -7.5000  -37.5000   15.0000 9430.2881   11.5902
    0.0000  -37.5000   15.0000 9365.6787   11.5723
    7.5000  -37.5000   15.0000 8762.3320   11.5674
   -7.5000  -30.0000   15.000010140.8574   11.8871
    0.0000  -30.0000   15.000010049.7246   11.8679
    7.5000  -30.0000   15.0000 9335.5928   11.8633
   -7.5000  -22.5000   15.000011131.4775   11.8922
    0.0000  -22.5000   15.000010983.4824   11.8696
    7.5000  -22.5000   15.000010011.0234   11.8682
   -7.5000  -15.0000   15.000012025.8887   11.8992
    0.0000  -15.0000   15.000011793.7754   11.8732
    7.5000  -15.0000   15.000010637.7432   11.8739
   -7.5000   -7.5000   15.000011979.3281   11.9001
    0.0000   -7.5000   15.000011779.9033   11.8743
    7.5000   -7.5000   15.000010709.8594   11.8743
   -7.5000    0.0000   15.000011740.3604   11.8933
    0.0000    0.0000   15.000011592.0117   11.8718
    7.5000    0.0000   15.000010672.5742   11.8693
   -7.5000    7.5000   15.000010858.1162   11.8823
    0.0000    7.5000   15.000010738.5459   11.8639
    7.5000    7.5000   15.0000 9977.5156   11.8589
   -7.5000   15.0000   15.000010385.8809   11.8829
    0.0000   15.0000   15.000010284.4863   11.8637
    7.5000   15.0000   15.0000 9610.3906   11.8591
   -7.5000   22.5000   15.0000 9491.1934   11.7383
    0.0000   22.5000   15.0000 9400.1123   11.7159
    7.5000   22.5000   15.0000 8801.5947   11.7146
   -7.5000   30.0000   15.0000 8620.4492   11.4665
    0.0000   30.0000   15.0000 8553.9873   11.4414
    7.5000   30.0000   15.0000 8005.8335   11.4421
   -7.5000   37.5000   15.0000 7750.5020   11.1773
    0.0000   37.5000   15.0000 7689.2866   11.1543
    7.5000   37.5000   15.0000 7205.8569   11.1553
   -7.5000   45.0000   15.0000 6955.6279   11.1333
    0.0000   45.0000   15.0000 6893.0176   11.1152
    7.5000   45.0000   15.0000 6469.0576   11.1171
   -7.5000  -45.0000   22.5000 8484.0264   11.0663
    0.0000  -45.0000   22.5000 8445.5879   11.0449
    7.5000  -45.0000   22.5000 7887.7339   11.0449
   -7.5000  -37.5000   22.5000 8990.2793   11.7630
    0.0000  -37.5000   22.5000 8929.2178   11.7445
    7.5000  -37.5000   22.5000 8351.6924   11.7429
   -7.5000  -30.0000   22.5000 9670.0352   12.0676
    0.0000  -30.0000   22.5000 9577.2129   12.0475
    7.5000  -30.0000   22.5000 8900.5977   12.0439
   -7.5000  -22.5000   22.500010490.5127   12.0735
    0.0000  -22.5000   22.500010376.1055   12.0483
    7.5000  -22.5000   22.5000 9523.9658   12.0447
   -7.5000  -15.0000   22.500011131.7275   12.0776
    0.0000  -15.0000   22.500010986.5107   12.0478
    7.5000  -15.0000   22.500010099.5967   12.0460
   -7.5000   -7.5000   22.500011116.7627   12.0758
    0.0000   -7.5000   22.500010993.7695   12.0467
    7.5000   -7.5000   22.500010163.6729   12.0464
   -7.5000    0.0000   22.500011010.8584   12.0684
    0.0000    0.0000   22.500010931.3516   12.0451
    7.5000    0.0000   22.500010140.5410   12.0451
   -7.5000    7.5000   22.500010248.6709   12.0595
    0.0000    7.5000   22.500010183.9697   12.0405
    7.5000    7.5000   22.5000 9483.4902   12.0388
   -7.5000   15.0000   22.5000 9830.6445   12.0633
    0.0000   15.0000   22.5000 9767.4209   12.0432
    7.5000   15.0000   22.5000 9137.4619   12.0396
   -7.5000   22.5000   22.5000 9023.0234   11.9172
    0.0000   22.5000   22.5000 8956.4209   11.8923
    7.5000   22.5000   22.5000 8385.6992   11.8889
   -7.5000   30.0000   22.5000 8205.9854   11.6384
    0.0000   30.0000   22.5000 8128.9385   11.6097
    7.5000   30.0000   22.5000 7618.7471   11.6079
   -7.5000   37.5000   22.5000 7360.4795   11.3425
    0.0000   37.5000   22.5000 7305.2925   11.3162
    7.5000   37.5000   22.5000 6843.5200   11.3168
   -7.5000   45.0000   22.5000 6576.9331   11.2887
    0.0000   45.0000   22.5000 6520.3701   11.2691
    7.5000   45.0000   22.5000 6130.6187   11.2728
   -7.5000  -45.0000   30.0000 7978.1851   11.2174
    0.0000  -45.0000   30.0000 7947.2373   11.1917
    7.5000  -45.0000   30.0000 7441.7974   11.1855
   -7.5000  -37.5000   30.0000 8453.1406   11.9365
    0.0000  -37.5000   30.0000 8404.7510   11.9125
    7.5000  -37.5000   30.0000 7882.0972   11.9026
   -7.5000  -30.0000   30.0000 9037.1523   12.2481
    0.0000  -30.0000   30.0000 8984.8145   12.2218
    7.5000  -30.0000   30.0000 8386.7861   12.2079
   -7.5000  -22.5000   30.0000 9708.8311   12.2462
    0.0000  -22.5000   30.0000 9646.4473   12.2154
    7.5000  -22.5000   30.0000 8959.3486   12.2011
   -7.5000  -15.0000   30.000010204.6270   12.2422
    0.0000  -15.0000   30.000010132.1104   12.2080
    7.5000  -15.0000   30.0000 9477.0811   12.1971
   -7.5000   -7.5000   30.000010258.9248   12.2403
    0.0000   -7.5000   30.000010181.8906   12.2073
    7.5000   -7.5000   30.0000 9537.3721   12.1997
   -7.5000    0.0000   30.000010271.0469   12.2405
    0.0000    0.0000   30.000010208.4980   12.2125
    7.5000    0.0000   30.0000 9555.6973   12.2058
   -7.5000    7.5000   30.0000 9605.6104   12.2394
    0.0000    7.5000   30.0000 9555.4092   12.2148
    7.5000    7.5000   30.0000 8956.5244   12.2046
   -7.5000   15.0000   30.0000 9259.1406   12.2438
    0.0000   15.0000   30.0000 9201.8662   12.2175
    7.5000   15.0000   30.0000 8633.1748   12.2035
   -7.5000   22.5000   30.0000 8498.2051   12.0867
    0.0000   22.5000   30.0000 8443.6523   12.0562
    7.5000   22.5000   30.0000 7913.9409   12.0421
   -7.5000   30.0000   30.0000 7737.9844   11.8024
    0.0000   30.0000   30.0000 7659.3584   11.7694
    7.5000   30.0000   30.0000 7177.9702   11.7589
   -7.5000   37.5000   30.0000 6919.5273   11.5081
    0.0000   37.5000   30.0000 6860.1118   11.4779
    7.5000   37.5000   30.0000 6437.9771   11.4714
   -7.5000   45.0000   30.0000 6174.4307   11.4579
    0.0000   45.0000   30.0000 6123.3550   11.4334
    7.5000   45.0000   30.0000 5767.8169   11.4290
   -7.5000  -45.0000   37.5000 7492.5645   11.2699
    0.0000  -45.0000   37.5000 7466.8926   11.2446
    7.5000  -45.0000   37.5000 7012.0049   11.2346
   -7.5000  -37.5000   37.5000 7946.7061   12.0014
    0.0000  -37.5000   37.5000 7918.8184   11.9749
    7.5000  -37.5000   37.5000 7425.7378   11.9594
   -7.5000  -30.0000   37.5000 8456.3477   12.3023
    0.0000  -30.0000   37.5000 8424.2471   12.2718
    7.5000  -30.0000   37.5000 7878.0381   12.2514
   -7.5000  -22.5000   37.5000 9029.7422   12.2885
    0.0000  -22.5000   37.5000 8992.2598   12.2546
    7.5000  -22.5000   37.5000 8409.0078   12.2345
   -7.5000  -15.0000   37.5000 9499.2002   12.2784
    0.0000  -15.0000   37.5000 9455.5488   12.2439
    7.5000  -15.0000   37.5000 8887.5391   12.2285
   -7.5000   -7.5000   37.5000 9570.9678   12.2815
    0.0000   -7.5000   37.5000 9502.9424   12.2498
    7.5000   -7.5000   37.5000 8921.5801   12.2386
   -7.5000    0.0000   37.5000 9596.9814   12.2930
    0.0000    0.0000   37.5000 9540.9648   12.2654
    7.5000    0.0000   37.5000 8959.3750   12.2545
   -7.5000    7.5000   37.5000 8997.0752   12.2983
    0.0000    7.5000   37.5000 8941.9062   12.2712
    7.5000    7.5000   37.5000 8413.7773   12.2552
   -7.5000   15.0000   37.5000 8691.1953   12.2978
    0.0000   15.0000   37.5000 8640.9170   12.2674
    7.5000   15.0000   37.5000 8130.8696   12.2469
   -7.5000   22.5000   37.5000 7968.3179   12.1263
    0.0000   22.5000   37.5000 7917.3403   12.0928
    7.5000   22.5000   37.5000 7432.8242   12.0730
   -7.5000   30.0000   37.5000 7250.0669   11.8372
    0.0000   30.0000   37.5000 7190.0078   11.8039
    7.5000   30.0000   37.5000 6758.0454   11.7891
   -7.5000   37.5000   37.5000 6472.4380   11.5470
    0.0000   37.5000   37.5000 6412.9312   11.5181
    7.5000   37.5000   37.5000 6044.3799   11.5082
   -7.5000   45.0000   37.5000 5768.8457   11.4977
    0.0000   45.0000   37.5000 5723.9902   11.4732
    7.5000   45.0000   37.5000 5400.2798   11.4641
   -7.5000  -45.0000   45.0000 7016.9976   11.3685
    0.0000  -45.0000   45.0000 6991.0044   11.3445
    7.5000  -45.0000   45.0000 6559.1899   11.3375
   -7.5000  -37.5000   45.0000 7425.3418   12.1128
    0.0000  -37.5000   45.0000 7397.4014   12.0862
    7.5000  -37.5000   45.0000 6938.6538   12.0718
   -7.5000  -30.0000   45.0000 7878.9688   12.4015
    0.0000  -30.0000   45.0000 7849.2080   12.3700
    7.5000  -30.0000   45.0000 7362.5737   12.3515
   -7.5000  -22.5000   45.0000 8389.7920   12.3789
    0.0000  -22.5000   45.0000 8353.6553   12.3448
    7.5000  -22.5000   45.0000 7854.1514   12.3295
   -7.5000  -15.0000   45.0000 8841.8682   12.3639
    0.0000  -15.0000   45.0000 8804.9209   12.3308
    7.5000  -15.0000   45.0000 8283.7500   12.3214
   -7.5000   -7.5000   45.0000 8915.3545   12.3698
    0.0000   -7.5000   45.0000 8862.3057   12.3402
    7.5000   -7.5000   45.0000 8324.1826   12.3344
   -7.5000    0.0000   45.0000 8933.4717   12.3897
    0.0000    0.0000   45.0000 8877.9092   12.3636
    7.5000    0.0000   45.0000 8370.7334   12.3559
   -7.5000    7.5000   45.0000 8358.2666   12.4006
    0.0000    7.5000   45.0000 8324.4385   12.3733
    7.5000    7.5000   45.0000 7859.6685   12.3586
   -7.5000   15.0000   45.0000 8089.7720   12.3969
    0.0000   15.0000   45.0000 8058.5610   12.3653
    7.5000   15.0000   45.0000 7596.5234   12.3469
   -7.5000   22.5000   45.0000 7424.6382   12.2139
    0.0000   22.5000   45.0000 7385.5366   12.1802
    7.5000   22.5000   45.0000 6936.9731   12.1651
   -7.5000   30.0000   45.0000 6735.7515   11.9184
    0.0000   30.0000   45.0000 6704.0225   11.8865
    7.5000   30.0000   45.0000 6299.2910   11.8774
   -7.5000   37.5000   45.0000 6011.0278   11.6272
    0.0000   37.5000   45.0000 5966.8472   11.6003
    7.5000   37.5000   45.0000 5627.6714   11.5955
   -7.5000   45.0000   45.0000 5360.2954   11.5719
    0.0000   45.0000   45.0000 5319.8423   11.5489
    7.5000   45.0000   45.0000 5026.4009   11.5436

---------------------------------------------------------------------
imgreg_4dfp /opt/freesurfer/average/711-2C_as_mni_average_305 /opt/freesurfer/average/711-2B_as_mni_average_305_mask talsrcimg_g11 none talsrcimg_to_711-2C_as_mni_average_305_t4 4355
---------------------------------------------------------------------

freesurfer imgreg_4dfp.c
/opt/freesurfer/average/711-2C_as_mni_average_305.4dfp.img
       256       256       256         1
  1.000000  1.000000  1.000000
orientation T byte_order littleendian
Reading image: /opt/freesurfer/average/711-2C_as_mni_average_305.4dfp.img
dimensions:      256       256       256
mmppix:       1.0000   -1.0000   -1.0000
center:     128.0000 -129.0000 -129.0000
/opt/freesurfer/average/711-2B_as_mni_average_305_mask.4dfp.img
       256       256       256         1
  1.000000  1.000000  1.000000
orientation T byte_order littleendian
Reading mask: /opt/freesurfer/average/711-2B_as_mni_average_305_mask.4dfp.img (2306576 pixels)
talsrcimg_g11.4dfp.img
       256       256       256         1
  0.898438  0.898438  0.898438
orientation T byte_order littleendian
Reading image: talsrcimg_g11.4dfp.img
dimensions:      256       256       256
mmppix:       0.8984   -0.8984   -0.8984
center:     115.0001 -115.8985 -115.8985
rotation matrix determinant  1.000000
image alignment mode   4355 decimal     1103 hex
  -15.0000  -60.0000  -30.0000 2093.6951   12.2975
   -7.5000  -60.0000  -30.0000 2112.0742   12.1109
    0.0000  -60.0000  -30.0000 2103.9766   12.1387
  -15.0000  -52.5000  -30.0000 2209.7007   11.1739
   -7.5000  -52.5000  -30.0000 2239.2546   11.0287
    0.0000  -52.5000  -30.0000 2233.9395   11.0316
  -15.0000  -45.0000  -30.0000 2334.8113   10.3976
   -7.5000  -45.0000  -30.0000 2368.8838   10.2574
    0.0000  -45.0000  -30.0000 2363.1843   10.2934
  -15.0000  -37.5000  -30.0000 2407.7698    9.7667
   -7.5000  -37.5000  -30.0000 2444.1765    9.6144
    0.0000  -37.5000  -30.0000 2433.6833    9.6424
  -15.0000  -30.0000  -30.0000 2448.1104    9.3165
   -7.5000  -30.0000  -30.0000 2485.4595    9.1777
    0.0000  -30.0000  -30.0000 2476.4768    9.2008
  -15.0000  -22.5000  -30.0000 2466.4697    9.0680
   -7.5000  -22.5000  -30.0000 2501.4985    8.9426
    0.0000  -22.5000  -30.0000 2493.4180    8.9493
  -15.0000  -15.0000  -30.0000 2468.4482    9.0045
   -7.5000  -15.0000  -30.0000 2502.6716    8.8539
    0.0000  -15.0000  -30.0000 2497.1084    8.8647
  -15.0000   -7.5000  -30.0000 2451.3770    9.1144
   -7.5000   -7.5000  -30.0000 2488.1409    8.9477
    0.0000   -7.5000  -30.0000 2479.7239    8.9770
  -15.0000    0.0000  -30.0000 2411.4619    9.4323
   -7.5000    0.0000  -30.0000 2453.8447    9.2599
    0.0000    0.0000  -30.0000 2443.3306    9.2655
  -15.0000    7.5000  -30.0000 2355.7834    9.9316
   -7.5000    7.5000  -30.0000 2397.4158    9.7653
    0.0000    7.5000  -30.0000 2386.6052    9.7556
  -15.0000   15.0000  -30.0000 2278.3237   10.6321
   -7.5000   15.0000  -30.0000 2317.7073   10.4414
    0.0000   15.0000  -30.0000 2310.9358   10.4449
  -15.0000   22.5000  -30.0000 2185.1851   11.5571
   -7.5000   22.5000  -30.0000 2225.5303   11.3625
    0.0000   22.5000  -30.0000 2223.1995   11.3434
  -15.0000   30.0000  -30.0000 2071.2463   12.8380
   -7.5000   30.0000  -30.0000 2112.6396   12.6214
    0.0000   30.0000  -30.0000 2103.2644   12.5875
  -15.0000  -60.0000  -22.5000 2195.4646   11.9829
   -7.5000  -60.0000  -22.5000 2219.7458   11.7682
    0.0000  -60.0000  -22.5000 2213.9375   11.8271
  -15.0000  -52.5000  -22.5000 2315.8345   10.8323
   -7.5000  -52.5000  -22.5000 2350.1729   10.6576
    0.0000  -52.5000  -22.5000 2345.3655   10.7093
  -15.0000  -45.0000  -22.5000 2440.8435   10.0668
   -7.5000  -45.0000  -22.5000 2479.9768    9.9032
    0.0000  -45.0000  -22.5000 2474.9480    9.9290
  -15.0000  -37.5000  -22.5000 2520.3691    9.4114
   -7.5000  -37.5000  -22.5000 2558.2881    9.2696
    0.0000  -37.5000  -22.5000 2553.6433    9.2908
  -15.0000  -30.0000  -22.5000 2570.0125    8.9834
   -7.5000  -30.0000  -22.5000 2607.9636    8.8256
    0.0000  -30.0000  -22.5000 2602.3958    8.8598
  -15.0000  -22.5000  -22.5000 2602.0859    8.7298
   -7.5000  -22.5000  -22.5000 2645.0452    8.5786
    0.0000  -22.5000  -22.5000 2636.5776    8.5937
  -15.0000  -15.0000  -22.5000 2614.5205    8.6564
   -7.5000  -15.0000  -22.5000 2657.9917    8.4855
    0.0000  -15.0000  -22.5000 2648.3462    8.5055
  -15.0000   -7.5000  -22.5000 2600.8479    8.7523
   -7.5000   -7.5000  -22.5000 2643.7732    8.5812
    0.0000   -7.5000  -22.5000 2635.4868    8.5853
  -15.0000    0.0000  -22.5000 2560.9299    9.0670
   -7.5000    0.0000  -22.5000 2610.4041    8.8896
    0.0000    0.0000  -22.5000 2599.8921    8.8921
  -15.0000    7.5000  -22.5000 2496.6223    9.5449
   -7.5000    7.5000  -22.5000 2543.8801    9.3721
    0.0000    7.5000  -22.5000 2533.6047    9.3694
  -15.0000   15.0000  -22.5000 2409.1741   10.2068
   -7.5000   15.0000  -22.5000 2454.9148   10.0336
    0.0000   15.0000  -22.5000 2441.9265   10.0150
  -15.0000   22.5000  -22.5000 2306.6482   11.1115
   -7.5000   22.5000  -22.5000 2347.3589   10.9284
    0.0000   22.5000  -22.5000 2338.7971   10.9100
  -15.0000   30.0000  -22.5000 2183.7534   12.3489
   -7.5000   30.0000  -22.5000 2228.0078   12.1373
    0.0000   30.0000  -22.5000 2221.1440   12.1126
  -15.0000  -60.0000  -15.0000 2263.9492   11.5710
   -7.5000  -60.0000  -15.0000 2290.8972   11.3880
    0.0000  -60.0000  -15.0000 2286.5603   11.4062
  -15.0000  -52.5000  -15.0000 2386.1470   10.4379
   -7.5000  -52.5000  -15.0000 2418.5142   10.2611
    0.0000  -52.5000  -15.0000 2414.9688   10.2662
  -15.0000  -45.0000  -15.0000 2512.8772    9.6498
   -7.5000  -45.0000  -15.0000 2551.6116    9.4879
    0.0000  -45.0000  -15.0000 2549.0071    9.4962
  -15.0000  -37.5000  -15.0000 2601.9832    9.0220
   -7.5000  -37.5000  -15.0000 2642.3428    8.8703
    0.0000  -37.5000  -15.0000 2639.2754    8.8889
  -15.0000  -30.0000  -15.0000 2661.6255    8.5826
   -7.5000  -30.0000  -15.0000 2701.9260    8.4476
    0.0000  -30.0000  -15.0000 2695.9580    8.4538
  -15.0000  -22.5000  -15.0000 2705.5439    8.3160
   -7.5000  -22.5000  -15.0000 2753.8599    8.1645
    0.0000  -22.5000  -15.0000 2745.2175    8.1617
  -15.0000  -15.0000  -15.0000 2733.2339    8.2218
   -7.5000  -15.0000  -15.0000 2779.6311    8.0411
    0.0000  -15.0000  -15.0000 2765.7622    8.0488
  -15.0000   -7.5000  -15.0000 2723.4248    8.3130
   -7.5000   -7.5000  -15.0000 2774.1819    8.1303
    0.0000   -7.5000  -15.0000 2761.5493    8.1327
  -15.0000    0.0000  -15.0000 2677.8323    8.6216
   -7.5000    0.0000  -15.0000 2735.3789    8.4404
    0.0000    0.0000  -15.0000 2722.7981    8.4539
  -15.0000    7.5000  -15.0000 2609.6958    9.1107
   -7.5000    7.5000  -15.0000 2659.1812    8.9312
    0.0000    7.5000  -15.0000 2649.3479    8.9298
  -15.0000   15.0000  -15.0000 2513.2798    9.7382
   -7.5000   15.0000  -15.0000 2559.5945    9.5671
    0.0000   15.0000  -15.0000 2547.0757    9.5634
  -15.0000   22.5000  -15.0000 2397.1721   10.6311
   -7.5000   22.5000  -15.0000 2444.6597   10.4323
    0.0000   22.5000  -15.0000 2433.2966   10.4367
  -15.0000   30.0000  -15.0000 2274.6682   11.8056
   -7.5000   30.0000  -15.0000 2314.8694   11.5896
    0.0000   30.0000  -15.0000 2310.7581   11.5590
  -15.0000  -60.0000   -7.5000 2291.2583   11.1442
   -7.5000  -60.0000   -7.5000 2317.5930   10.9349
    0.0000  -60.0000   -7.5000 2313.9641   10.9577
  -15.0000  -52.5000   -7.5000 2409.5334    9.9938
   -7.5000  -52.5000   -7.5000 2440.9788    9.8060
    0.0000  -52.5000   -7.5000 2438.1199    9.8070
  -15.0000  -45.0000   -7.5000 2545.3704    9.2132
   -7.5000  -45.0000   -7.5000 2577.7004    9.0405
    0.0000  -45.0000   -7.5000 2576.4241    9.0482
  -15.0000  -37.5000   -7.5000 2645.2590    8.5970
   -7.5000  -37.5000   -7.5000 2685.7148    8.4509
    0.0000  -37.5000   -7.5000 2681.1323    8.4473
  -15.0000  -30.0000   -7.5000 2721.4365    8.1626
   -7.5000  -30.0000   -7.5000 2763.9712    8.0277
    0.0000  -30.0000   -7.5000 2754.2742    8.0131
  -15.0000  -22.5000   -7.5000 2772.3921    7.8892
   -7.5000  -22.5000   -7.5000 2823.4558    7.7368
    0.0000  -22.5000   -7.5000 2811.6384    7.7170
  -15.0000  -15.0000   -7.5000 2805.5925    7.7813
   -7.5000  -15.0000   -7.5000 2858.4336    7.5860
    0.0000  -15.0000   -7.5000 2842.9006    7.5720
  -15.0000   -7.5000   -7.5000 2800.3650    7.8494
   -7.5000   -7.5000   -7.5000 2857.5981    7.6547
    0.0000   -7.5000   -7.5000 2846.2769    7.6505
  -15.0000    0.0000   -7.5000 2755.2134    8.1573
   -7.5000    0.0000   -7.5000 2815.4749    7.9632
    0.0000    0.0000   -7.5000 2802.5312    7.9695
  -15.0000    7.5000   -7.5000 2675.3938    8.6420
   -7.5000    7.5000   -7.5000 2732.4421    8.4577
    0.0000    7.5000   -7.5000 2719.3223    8.4566
  -15.0000   15.0000   -7.5000 2572.6780    9.2792
   -7.5000   15.0000   -7.5000 2621.5769    9.0932
    0.0000   15.0000   -7.5000 2609.3770    9.1017
  -15.0000   22.5000   -7.5000 2453.3523   10.1415
   -7.5000   22.5000   -7.5000 2500.1213    9.9267
    0.0000   22.5000   -7.5000 2493.4282    9.9154
  -15.0000   30.0000   -7.5000 2326.4636   11.2376
   -7.5000   30.0000   -7.5000 2371.8186   11.0177
    0.0000   30.0000   -7.5000 2365.4958   10.9994
  -15.0000  -60.0000    0.0000 2312.6099   10.9651
   -7.5000  -60.0000    0.0000 2335.2078   10.7734
    0.0000  -60.0000    0.0000 2328.9580   10.7881
  -15.0000  -52.5000    0.0000 2426.6270    9.7848
   -7.5000  -52.5000    0.0000 2457.0471    9.5998
    0.0000  -52.5000    0.0000 2452.6836    9.6115
  -15.0000  -45.0000    0.0000 2567.7966    8.9763
   -7.5000  -45.0000    0.0000 2604.7529    8.8197
    0.0000  -45.0000    0.0000 2596.5786    8.8202
  -15.0000  -37.5000    0.0000 2682.5093    8.3392
   -7.5000  -37.5000    0.0000 2717.4861    8.1930
    0.0000  -37.5000    0.0000 2709.8652    8.1747
  -15.0000  -30.0000    0.0000 2770.9561    7.9040
   -7.5000  -30.0000    0.0000 2809.5950    7.7802
    0.0000  -30.0000    0.0000 2799.5505    7.7578
  -15.0000  -22.5000    0.0000 2831.6350    7.6588
   -7.5000  -22.5000    0.0000 2886.8613    7.5233
    0.0000  -22.5000    0.0000 2872.6780    7.4959
  -15.0000  -15.0000    0.0000 2872.2610    7.5380
   -7.5000  -15.0000    0.0000 2936.3247    7.3667
    0.0000  -15.0000    0.0000 2918.0400    7.3538
  -15.0000   -7.5000    0.0000 2869.1165    7.5932
   -7.5000   -7.5000    0.0000 2934.7815    7.3910
    0.0000   -7.5000    0.0000 2920.9519    7.3799
  -15.0000    0.0000    0.0000 2815.7527    7.8758
   -7.5000    0.0000    0.0000 2874.7351    7.6840
    0.0000    0.0000    0.0000 2863.0085    7.6791
  -15.0000    7.5000    0.0000 2731.8911    8.3454
   -7.5000    7.5000    0.0000 2788.1479    8.1741
    0.0000    7.5000    0.0000 2775.8638    8.1626
  -15.0000   15.0000    0.0000 2625.3093    8.9950
   -7.5000   15.0000    0.0000 2677.0701    8.8150
    0.0000   15.0000    0.0000 2669.5222    8.7986
  -15.0000   22.5000    0.0000 2502.6296    9.8268
   -7.5000   22.5000    0.0000 2553.6523    9.6350
    0.0000   22.5000    0.0000 2542.0437    9.6059
  -15.0000   30.0000    0.0000 2361.4355   10.9058
   -7.5000   30.0000    0.0000 2415.1416   10.6864
    0.0000   30.0000    0.0000 2407.4314   10.6524
  -15.0000  -60.0000    7.5000 2316.7751   10.8591
   -7.5000  -60.0000    7.5000 2337.8162   10.6732
    0.0000  -60.0000    7.5000 2330.9304   10.7031
  -15.0000  -52.5000    7.5000 2433.7480    9.6615
   -7.5000  -52.5000    7.5000 2462.1650    9.4723
    0.0000  -52.5000    7.5000 2454.4805    9.4883
  -15.0000  -45.0000    7.5000 2578.0576    8.8397
   -7.5000  -45.0000    7.5000 2603.8257    8.6808
    0.0000  -45.0000    7.5000 2594.2573    8.6771
  -15.0000  -37.5000    7.5000 2694.2410    8.1615
   -7.5000  -37.5000    7.5000 2723.8186    8.0339
    0.0000  -37.5000    7.5000 2711.1624    8.0122
  -15.0000  -30.0000    7.5000 2791.4915    7.7372
   -7.5000  -30.0000    7.5000 2827.8120    7.6187
    0.0000  -30.0000    7.5000 2817.6006    7.6005
  -15.0000  -22.5000    7.5000 2862.8896    7.5006
   -7.5000  -22.5000    7.5000 2925.1099    7.4124
    0.0000  -22.5000    7.5000 2908.2192    7.3862
  -15.0000  -15.0000    7.5000 2909.0806    7.4174
   -7.5000  -15.0000    7.5000 2999.9060    7.3259
    0.0000  -15.0000    7.5000 2974.0947    7.3023
  -15.0000   -7.5000    7.5000 2904.1445    7.4564
   -7.5000   -7.5000    7.5000 2993.3850    7.3233
    0.0000   -7.5000    7.5000 2973.8931    7.2988
  -15.0000    0.0000    7.5000 2851.6528    7.6723
   -7.5000    0.0000    7.5000 2922.5315    7.5013
    0.0000    0.0000    7.5000 2907.4885    7.4955
  -15.0000    7.5000    7.5000 2762.0432    8.1202
   -7.5000    7.5000    7.5000 2820.6001    7.9401
    0.0000    7.5000    7.5000 2811.1592    7.9216
  -15.0000   15.0000    7.5000 2647.2283    8.7665
   -7.5000   15.0000    7.5000 2698.8770    8.5740
    0.0000   15.0000    7.5000 2693.8005    8.5456
  -15.0000   22.5000    7.5000 2515.9338    9.6141
   -7.5000   22.5000    7.5000 2568.4397    9.4062
    0.0000   22.5000    7.5000 2559.6941    9.3805
  -15.0000   30.0000    7.5000 2375.9031   10.6611
   -7.5000   30.0000    7.5000 2428.3228   10.4409
    0.0000   30.0000    7.5000 2417.3662   10.4348
  -15.0000  -60.0000   15.0000 2309.4905   10.8783
   -7.5000  -60.0000   15.0000 2336.9912   10.6913
    0.0000  -60.0000   15.0000 2326.9880   10.7625
  -15.0000  -52.5000   15.0000 2429.1680    9.6748
   -7.5000  -52.5000   15.0000 2460.8428    9.4998
    0.0000  -52.5000   15.0000 2445.1562    9.5207
  -15.0000  -45.0000   15.0000 2572.9272    8.8279
   -7.5000  -45.0000   15.0000 2600.8396    8.6799
    0.0000  -45.0000   15.0000 2584.1699    8.6979
  -15.0000  -37.5000   15.0000 2691.6003    8.1397
   -7.5000  -37.5000   15.0000 2720.3694    8.0164
    0.0000  -37.5000   15.0000 2702.0598    8.0248
  -15.0000  -30.0000   15.0000 2796.2935    7.6851
   -7.5000  -30.0000   15.0000 2832.8738    7.5818
    0.0000  -30.0000   15.0000 2816.2097    7.5868
  -15.0000  -22.5000   15.0000 2875.7029    7.4706
   -7.5000  -22.5000   15.0000 2946.4634    7.3920
    0.0000  -22.5000   15.0000 2919.9182    7.3827
  -15.0000  -15.0000   15.0000 2926.4712    7.3933
   -7.5000  -15.0000   15.0000 3042.2893    7.3181
    0.0000  -15.0000   15.0000 3000.7554    7.3104
  -15.0000   -7.5000   15.0000 2915.2461    7.4332
   -7.5000   -7.5000   15.0000 3024.1479    7.3423
    0.0000   -7.5000   15.0000 2994.7625    7.3236
  -15.0000    0.0000   15.0000 2858.0381    7.6348
   -7.5000    0.0000   15.0000 2934.4585    7.4854
    0.0000    0.0000   15.0000 2917.0645    7.4890
  -15.0000    7.5000   15.0000 2772.2378    8.0537
   -7.5000    7.5000   15.0000 2831.6587    7.8693
    0.0000    7.5000   15.0000 2821.5032    7.8650
  -15.0000   15.0000   15.0000 2649.7729    8.6825
   -7.5000   15.0000   15.0000 2702.5762    8.4902
    0.0000   15.0000   15.0000 2695.7136    8.4758
  -15.0000   22.5000   15.0000 2518.6726    9.5205
   -7.5000   22.5000   15.0000 2567.5930    9.3085
    0.0000   22.5000   15.0000 2561.8403    9.2868
  -15.0000   30.0000   15.0000 2375.2490   10.5616
   -7.5000   30.0000   15.0000 2423.0115   10.3439
    0.0000   30.0000   15.0000 2413.6130   10.3346
  -15.0000  -60.0000   22.5000 2301.1306   11.0233
   -7.5000  -60.0000   22.5000 2327.6555   10.8176
    0.0000  -60.0000   22.5000 2317.7366   10.8714
  -15.0000  -52.5000   22.5000 2420.6636    9.7828
   -7.5000  -52.5000   22.5000 2449.5869    9.5884
    0.0000  -52.5000   22.5000 2437.2769    9.6209
  -15.0000  -45.0000   22.5000 2564.1011    8.9560
   -7.5000  -45.0000   22.5000 2595.3530    8.7716
    0.0000  -45.0000   22.5000 2577.6812    8.8124
  -15.0000  -37.5000   22.5000 2684.9531    8.2563
   -7.5000  -37.5000   22.5000 2722.3499    8.1187
    0.0000  -37.5000   22.5000 2701.3782    8.1527
  -15.0000  -30.0000   22.5000 2799.6108    7.8006
   -7.5000  -30.0000   22.5000 2841.2764    7.6728
    0.0000  -30.0000   22.5000 2817.0977    7.6838
  -15.0000  -22.5000   22.5000 2876.4199    7.5468
   -7.5000  -22.5000   22.5000 2941.5708    7.4497
    0.0000  -22.5000   22.5000 2917.4250    7.4371
  -15.0000  -15.0000   22.5000 2912.8528    7.4392
   -7.5000  -15.0000   22.5000 3014.0627    7.3269
    0.0000  -15.0000   22.5000 2977.6704    7.3277
  -15.0000   -7.5000   22.5000 2901.1140    7.5035
   -7.5000   -7.5000   22.5000 2998.6248    7.3272
    0.0000   -7.5000   22.5000 2969.0603    7.3395
  -15.0000    0.0000   22.5000 2844.1353    7.7273
   -7.5000    0.0000   22.5000 2918.0237    7.5437
    0.0000    0.0000   22.5000 2903.7786    7.5619
  -15.0000    7.5000   22.5000 2758.4531    8.1314
   -7.5000    7.5000   22.5000 2813.2927    7.9657
    0.0000    7.5000   22.5000 2806.1277    7.9712
  -15.0000   15.0000   22.5000 2638.0488    8.7637
   -7.5000   15.0000   22.5000 2684.6230    8.5872
    0.0000   15.0000   22.5000 2680.0601    8.5734
  -15.0000   22.5000   22.5000 2503.3811    9.5621
   -7.5000   22.5000   22.5000 2550.4365    9.3579
    0.0000   22.5000   22.5000 2546.8552    9.3592
  -15.0000   30.0000   22.5000 2363.0525   10.5943
   -7.5000   30.0000   22.5000 2406.1311   10.3638
    0.0000   30.0000   22.5000 2392.3359   10.3476
  -15.0000  -60.0000   30.0000 2281.0361   11.2659
   -7.5000  -60.0000   30.0000 2309.8525   11.0018
    0.0000  -60.0000   30.0000 2298.2297   11.0467
  -15.0000  -52.5000   30.0000 2406.6099    9.9954
   -7.5000  -52.5000   30.0000 2438.3235    9.7547
    0.0000  -52.5000   30.0000 2424.5054    9.8060
  -15.0000  -45.0000   30.0000 2550.0693    9.1532
   -7.5000  -45.0000   30.0000 2586.6287    8.9441
    0.0000  -45.0000   30.0000 2571.2456    8.9980
  -15.0000  -37.5000   30.0000 2673.8723    8.4769
   -7.5000  -37.5000   30.0000 2711.2690    8.2875
    0.0000  -37.5000   30.0000 2693.2788    8.3290
  -15.0000  -30.0000   30.0000 2779.4978    8.0091
   -7.5000  -30.0000   30.0000 2824.2344    7.8442
    0.0000  -30.0000   30.0000 2801.3562    7.8709
  -15.0000  -22.5000   30.0000 2852.6233    7.7130
   -7.5000  -22.5000   30.0000 2913.0198    7.5746
    0.0000  -22.5000   30.0000 2885.8691    7.5907
  -15.0000  -15.0000   30.0000 2880.5298    7.6098
   -7.5000  -15.0000   30.0000 2951.9038    7.4274
    0.0000  -15.0000   30.0000 2921.6086    7.4427
  -15.0000   -7.5000   30.0000 2867.7942    7.6757
   -7.5000   -7.5000   30.0000 2936.5664    7.4693
    0.0000   -7.5000   30.0000 2911.6458    7.4865
  -15.0000    0.0000   30.0000 2810.9529    7.9403
   -7.5000    0.0000   30.0000 2869.7722    7.7413
    0.0000    0.0000   30.0000 2855.7307    7.7520
  -15.0000    7.5000   30.0000 2724.9138    8.3658
   -7.5000    7.5000   30.0000 2771.7729    8.1876
    0.0000    7.5000   30.0000 2763.8533    8.1891
  -15.0000   15.0000   30.0000 2605.9570    8.9644
   -7.5000   15.0000   30.0000 2647.9709    8.7968
    0.0000   15.0000   30.0000 2644.4199    8.7949
  -15.0000   22.5000   30.0000 2477.4956    9.7524
   -7.5000   22.5000   30.0000 2516.1636    9.5551
    0.0000   22.5000   30.0000 2516.3132    9.5410
  -15.0000   30.0000   30.0000 2341.4187   10.7384
   -7.5000   30.0000   30.0000 2376.8364   10.5150
    0.0000   30.0000   30.0000 2368.2349   10.4850
  -15.0000  -60.0000   37.5000 2251.1062   11.5560
   -7.5000  -60.0000   37.5000 2276.0002   11.2503
    0.0000  -60.0000   37.5000 2266.9399   11.3045
  -15.0000  -52.5000   37.5000 2383.7263   10.2827
   -7.5000  -52.5000   37.5000 2414.5442    9.9961
    0.0000  -52.5000   37.5000 2403.3013   10.0517
  -15.0000  -45.0000   37.5000 2527.4353    9.4642
   -7.5000  -45.0000   37.5000 2564.0713    9.1873
    0.0000  -45.0000   37.5000 2553.0659    9.2407
  -15.0000  -37.5000   37.5000 2647.4854    8.7825
   -7.5000  -37.5000   37.5000 2689.1587    8.5514
    0.0000  -37.5000   37.5000 2673.6404    8.5900
  -15.0000  -30.0000   37.5000 2743.3760    8.2829
   -7.5000  -30.0000   37.5000 2790.6880    8.1100
    0.0000  -30.0000   37.5000 2770.9602    8.1526
  -15.0000  -22.5000   37.5000 2805.5957    7.9868
   -7.5000  -22.5000   37.5000 2861.2610    7.8082
    0.0000  -22.5000   37.5000 2836.9514    7.8428
  -15.0000  -15.0000   37.5000 2825.5898    7.8728
   -7.5000  -15.0000   37.5000 2886.6248    7.6710
    0.0000  -15.0000   37.5000 2863.6633    7.6857
  -15.0000   -7.5000   37.5000 2809.5532    7.9476
   -7.5000   -7.5000   37.5000 2867.0959    7.7440
    0.0000   -7.5000   37.5000 2847.9717    7.7502
  -15.0000    0.0000   37.5000 2749.8713    8.2277
   -7.5000    0.0000   37.5000 2800.8066    8.0227
    0.0000    0.0000   37.5000 2790.6113    8.0206
  -15.0000    7.5000   37.5000 2663.8887    8.6657
   -7.5000    7.5000   37.5000 2708.3687    8.4713
    0.0000    7.5000   37.5000 2699.5618    8.4672
  -15.0000   15.0000   37.5000 2558.8025    9.2536
   -7.5000   15.0000   37.5000 2597.3989    9.0764
    0.0000   15.0000   37.5000 2593.3796    9.0797
  -15.0000   22.5000   37.5000 2439.1987   10.0479
   -7.5000   22.5000   37.5000 2471.3875    9.8470
    0.0000   22.5000   37.5000 2469.1316    9.8166
  -15.0000   30.0000   37.5000 2299.4424   11.0192
   -7.5000   30.0000   37.5000 2338.1050   10.8096
    0.0000   30.0000   37.5000 2328.5884   10.7743
  -15.0000  -60.0000   45.0000 2196.3577   11.9352
   -7.5000  -60.0000   45.0000 2222.3760   11.5897
    0.0000  -60.0000   45.0000 2214.8306   11.6529
  -15.0000  -52.5000   45.0000 2328.3142   10.6639
   -7.5000  -52.5000   45.0000 2358.6333   10.3405
    0.0000  -52.5000   45.0000 2346.9399   10.3824
  -15.0000  -45.0000   45.0000 2470.5227    9.8283
   -7.5000  -45.0000   45.0000 2507.8931    9.5447
    0.0000  -45.0000   45.0000 2497.3286    9.5884
  -15.0000  -37.5000   45.0000 2583.9299    9.1501
   -7.5000  -37.5000   45.0000 2625.4182    8.8988
    0.0000  -37.5000   45.0000 2610.0298    8.9586
  -15.0000  -30.0000   45.0000 2668.7346    8.6629
   -7.5000  -30.0000   45.0000 2714.4705    8.4362
    0.0000  -30.0000   45.0000 2695.7578    8.4882
  -15.0000  -22.5000   45.0000 2717.4502    8.3494
   -7.5000  -22.5000   45.0000 2772.8394    8.1319
    0.0000  -22.5000   45.0000 2753.8340    8.1650
  -15.0000  -15.0000   45.0000 2733.8943    8.2181
   -7.5000  -15.0000   45.0000 2790.7305    8.0076
    0.0000  -15.0000   45.0000 2772.6609    8.0315
  -15.0000   -7.5000   45.0000 2714.4573    8.2847
   -7.5000   -7.5000   45.0000 2766.6562    8.0889
    0.0000   -7.5000   45.0000 2747.9968    8.0971
  -15.0000    0.0000   45.0000 2659.7659    8.5527
   -7.5000    0.0000   45.0000 2701.0017    8.3463
    0.0000    0.0000   45.0000 2686.8125    8.3597
  -15.0000    7.5000   45.0000 2577.0085    8.9995
   -7.5000    7.5000   45.0000 2610.6875    8.8035
    0.0000    7.5000   45.0000 2604.9460    8.8118
  -15.0000   15.0000   45.0000 2477.3711    9.5818
   -7.5000   15.0000   45.0000 2513.2385    9.4068
    0.0000   15.0000   45.0000 2507.3750    9.3947
  -15.0000   22.5000   45.0000 2361.6089   10.3651
   -7.5000   22.5000   45.0000 2396.5730   10.1681
    0.0000   22.5000   45.0000 2396.2317   10.1451
  -15.0000   30.0000   45.0000 2223.2703   11.3419
   -7.5000   30.0000   45.0000 2262.1987   11.1330
    0.0000   30.0000   45.0000 2258.2866   11.1101
  -15.0000  -60.0000   52.5000 2116.4167   12.3561
   -7.5000  -60.0000   52.5000 2149.6592   12.0114
    0.0000  -60.0000   52.5000 2140.6890   12.0581
  -15.0000  -52.5000   52.5000 2245.4514   11.0648
   -7.5000  -52.5000   52.5000 2281.2139   10.7416
    0.0000  -52.5000   52.5000 2266.8201   10.7872
  -15.0000  -45.0000   52.5000 2379.7446   10.2263
   -7.5000  -45.0000   52.5000 2418.4126    9.9333
    0.0000  -45.0000   52.5000 2404.9778    9.9779
  -15.0000  -37.5000   52.5000 2485.4919    9.5277
   -7.5000  -37.5000   52.5000 2528.6326    9.2770
    0.0000  -37.5000   52.5000 2513.0806    9.3264
  -15.0000  -30.0000   52.5000 2563.7639    9.0542
   -7.5000  -30.0000   52.5000 2609.7354    8.8114
    0.0000  -30.0000   52.5000 2591.5815    8.8542
  -15.0000  -22.5000   52.5000 2601.0383    8.7457
   -7.5000  -22.5000   52.5000 2651.0708    8.5296
    0.0000  -22.5000   52.5000 2632.1938    8.5538
  -15.0000  -15.0000   52.5000 2613.1926    8.6151
   -7.5000  -15.0000   52.5000 2660.3367    8.4081
    0.0000  -15.0000   52.5000 2638.9646    8.4234
  -15.0000   -7.5000   52.5000 2587.3342    8.6765
   -7.5000   -7.5000   52.5000 2635.2407    8.4690
    0.0000   -7.5000   52.5000 2618.7134    8.4830
  -15.0000    0.0000   52.5000 2534.5869    8.9351
   -7.5000    0.0000   52.5000 2575.9136    8.7316
    0.0000    0.0000   52.5000 2565.0857    8.7436
  -15.0000    7.5000   52.5000 2461.5308    9.3557
   -7.5000    7.5000   52.5000 2491.6248    9.1600
    0.0000    7.5000   52.5000 2486.5103    9.1731
  -15.0000   15.0000   52.5000 2371.0850    9.9320
   -7.5000   15.0000   52.5000 2401.8982    9.7248
    0.0000   15.0000   52.5000 2396.5459    9.7328
  -15.0000   22.5000   52.5000 2259.4897   10.6801
   -7.5000   22.5000   52.5000 2293.6003   10.4937
    0.0000   22.5000   52.5000 2286.8796   10.4789
  -15.0000   30.0000   52.5000 2128.0593   11.6682
   -7.5000   30.0000   52.5000 2166.9011   11.4759
    0.0000   30.0000   52.5000 2156.5881   11.4474
  -15.0000  -60.0000   60.0000 2067.2500   13.1547
   -7.5000  -60.0000   60.0000 2105.7405   12.8217
    0.0000  -60.0000   60.0000 2095.5847   12.8440
  -15.0000  -52.5000   60.0000 2188.3896   11.8097
   -7.5000  -52.5000   60.0000 2229.6575   11.5020
    0.0000  -52.5000   60.0000 2217.9736   11.5142
  -15.0000  -45.0000   60.0000 2317.0325   10.9023
   -7.5000  -45.0000   60.0000 2359.0151   10.6398
    0.0000  -45.0000   60.0000 2346.1130   10.6643
  -15.0000  -37.5000   60.0000 2414.1582   10.1833
   -7.5000  -37.5000   60.0000 2459.2493    9.9404
    0.0000  -37.5000   60.0000 2442.5103    9.9800
  -15.0000  -30.0000   60.0000 2483.6775    9.6941
   -7.5000  -30.0000   60.0000 2525.6428    9.4603
    0.0000  -30.0000   60.0000 2508.0220    9.4930
  -15.0000  -22.5000   60.0000 2511.9978    9.4038
   -7.5000  -22.5000   60.0000 2554.8826    9.1883
    0.0000  -22.5000   60.0000 2540.8931    9.2220
  -15.0000  -15.0000   60.0000 2521.0618    9.2861
   -7.5000  -15.0000   60.0000 2558.4219    9.0664
    0.0000  -15.0000   60.0000 2542.7173    9.0883
  -15.0000   -7.5000   60.0000 2499.0205    9.3369
   -7.5000   -7.5000   60.0000 2538.9016    9.1276
    0.0000   -7.5000   60.0000 2523.5266    9.1295
  -15.0000    0.0000   60.0000 2451.5071    9.5711
   -7.5000    0.0000   60.0000 2492.4805    9.3717
    0.0000    0.0000   60.0000 2479.1396    9.3572
  -15.0000    7.5000   60.0000 2379.8687    9.9709
   -7.5000    7.5000   60.0000 2413.4355    9.7732
    0.0000    7.5000   60.0000 2408.6882    9.7876
  -15.0000   15.0000   60.0000 2289.5586   10.5641
   -7.5000   15.0000   60.0000 2326.2253   10.3641
    0.0000   15.0000   60.0000 2319.9941   10.3703
  -15.0000   22.5000   60.0000 2181.6509   11.3302
   -7.5000   22.5000   60.0000 2220.4392   11.1533
    0.0000   22.5000   60.0000 2208.2341   11.1066
  -15.0000   30.0000   60.0000 2053.2698   12.3893
   -7.5000   30.0000   60.0000 2090.9607   12.1626
    0.0000   30.0000   60.0000 2076.7024   12.1070

---------------------------------------------------------------------
imgreg_4dfp /opt/freesurfer/average/711-2C_as_mni_average_305 /opt/freesurfer/average/711-2B_as_mni_average_305_mask talsrcimg_g11 none talsrcimg_to_711-2C_as_mni_average_305_t4 1283
---------------------------------------------------------------------

freesurfer imgreg_4dfp.c
/opt/freesurfer/average/711-2C_as_mni_average_305.4dfp.img
       256       256       256         1
  1.000000  1.000000  1.000000
orientation T byte_order littleendian
Reading image: /opt/freesurfer/average/711-2C_as_mni_average_305.4dfp.img
dimensions:      256       256       256
mmppix:       1.0000   -1.0000   -1.0000
center:     128.0000 -129.0000 -129.0000
/opt/freesurfer/average/711-2B_as_mni_average_305_mask.4dfp.img
       256       256       256         1
  1.000000  1.000000  1.000000
orientation T byte_order littleendian
Reading mask: /opt/freesurfer/average/711-2B_as_mni_average_305_mask.4dfp.img (2306576 pixels)
talsrcimg_g11.4dfp.img
       256       256       256         1
  0.898438  0.898438  0.898438
orientation T byte_order littleendian
Reading image: talsrcimg_g11.4dfp.img
dimensions:      256       256       256
mmppix:       0.8984   -0.8984   -0.8984
center:     115.0001 -115.8985 -115.8985
rotation matrix determinant  1.000000
fimgreg.f
image alignment mode   1283 decimal      503 hex
parameters
   -7.5000  -15.0000   15.0000    0.0000    0.0000    0.0000
eta,q 0.95379  7.31352
niter,ni,del,rscale     5    3   12.0000    1.2000
parameter  2 -0.503153 -> -0.500000 qaram    1.1500
parameters
   -5.3949  -11.5500   15.4697    1.8166    1.6360    1.6627
eta,q 0.96259  7.28331
  0.0760  0.0655  0.0471  0.0501  0.0548  0.0495
  0.0636  0.0576  0.0429  0.0458  0.0487  0.0448
  0.0533  0.0499  0.0412  0.0422  0.0435  0.0410
  0.0461  0.0439  0.0405  0.0404  0.0396  0.0383
  0.0439  0.0408  0.0405  0.0396  0.0383  0.0374
  0.0462  0.0409  0.0420  0.0406  0.0404  0.0386
  0.0522  0.0448  0.0451  0.0428  0.0449  0.0420
niter,ni,del,rscale     5    3   12.0000    1.2000
parameters
   -5.3417  -12.4872   15.3410    1.8563    1.5559    1.7335
eta,q 0.96253  7.28027
  0.0594  0.0516  0.0452  0.0447  0.0475  0.0456
  0.0478  0.0435  0.0416  0.0405  0.0429  0.0412
  0.0398  0.0388  0.0392  0.0388  0.0394  0.0385
  0.0374  0.0374  0.0374  0.0375  0.0375  0.0375
  0.0400  0.0423  0.0378  0.0381  0.0385  0.0378
  0.0476  0.0512  0.0412  0.0406  0.0427  0.0409
  0.0582  0.0604  0.0471  0.0446  0.0488  0.0454
niter,ni,del,rscale     4    3   12.0000    1.2000
parameters
   -5.3410  -12.5847   15.3366    1.8845    1.5489    1.7478
eta,q 0.96249  7.28053
  0.0586  0.0557  0.0456  0.0447  0.0476  0.0454
  0.0470  0.0462  0.0418  0.0405  0.0430  0.0411
  0.0394  0.0404  0.0393  0.0388  0.0395  0.0385
  0.0375  0.0375  0.0375  0.0375  0.0375  0.0375
  0.0401  0.0396  0.0377  0.0382  0.0384  0.0379
  0.0475  0.0475  0.0410  0.0406  0.0424  0.0411
  0.0580  0.0567  0.0468  0.0446  0.0485  0.0455
niter,ni,del,rscale     3    3   12.0000    1.2000
parameters
   -5.3405  -12.6041   15.3383    1.8899    1.5480    1.7503
eta,q 0.96248  7.28061
  0.0586  0.0560  0.0457  0.0447  0.0477  0.0454
  0.0471  0.0465  0.0419  0.0405  0.0431  0.0411
  0.0394  0.0406  0.0393  0.0388  0.0395  0.0385
  0.0375  0.0375  0.0375  0.0375  0.0375  0.0375
  0.0401  0.0393  0.0378  0.0382  0.0383  0.0379
  0.0475  0.0471  0.0410  0.0407  0.0424  0.0411
  0.0580  0.0564  0.0468  0.0447  0.0485  0.0456
registration optimization eta report
parameter search radius
    6.0000    6.9000    6.0000    6.0000    6.0000    6.0000
100000*second partial in parameter space
       58.       39.       24.       20.       29.       22.
  0.0586  0.0560  0.0457  0.0447  0.0477  0.0454
  0.0471  0.0465  0.0419  0.0405  0.0431  0.0411
  0.0394  0.0406  0.0393  0.0388  0.0395  0.0385
  0.0375  0.0375  0.0375  0.0375  0.0375  0.0375
  0.0401  0.0393  0.0378  0.0382  0.0383  0.0379
  0.0475  0.0471  0.0410  0.0407  0.0424  0.0411
  0.0580  0.0564  0.0468  0.0447  0.0485  0.0456
   -5.3405  -12.6041   15.3383    1.8899    1.5480    1.7503
eta,q 0.96248  7.28061

---------------------------------------------------------------------
imgreg_4dfp /opt/freesurfer/average/711-2C_as_mni_average_305 /opt/freesurfer/average/711-2B_as_mni_average_305_mask talsrcimg_g11 none talsrcimg_to_711-2C_as_mni_average_305_t4 3335
---------------------------------------------------------------------

freesurfer imgreg_4dfp.c
/opt/freesurfer/average/711-2C_as_mni_average_305.4dfp.img
       256       256       256         1
  1.000000  1.000000  1.000000
orientation T byte_order littleendian
Reading image: /opt/freesurfer/average/711-2C_as_mni_average_305.4dfp.img
dimensions:      256       256       256
mmppix:       1.0000   -1.0000   -1.0000
center:     128.0000 -129.0000 -129.0000
/opt/freesurfer/average/711-2B_as_mni_average_305_mask.4dfp.img
       256       256       256         1
  1.000000  1.000000  1.000000
orientation T byte_order littleendian
Reading mask: /opt/freesurfer/average/711-2B_as_mni_average_305_mask.4dfp.img (2306576 pixels)
talsrcimg_g11.4dfp.img
       256       256       256         1
  0.898438  0.898438  0.898438
orientation T byte_order littleendian
Reading image: talsrcimg_g11.4dfp.img
dimensions:      256       256       256
mmppix:       0.8984   -0.8984   -0.8984
center:     115.0001 -115.8985 -115.8985
fimgreg.f
image alignment mode   3335 decimal      D07 hex
parameters
   -5.3405  -12.6041   15.3383   -0.0831   -0.1038   -0.0909
   -3.1418   -2.5980    3.0533   -3.3789    2.7015    3.2967
eta,q 0.96219  7.30321
niter,ni,del,rscale     5    3    5.0000    1.2000
parameter  4  0.732688 ->  0.500000 qaram    1.1500
parameter  5  1.979722 ->  0.500000 qaram    1.1500
parameters
   -5.3433  -12.6932   15.7027   -4.2231   -4.2438   -0.1301
   -2.1954   -1.7655    4.4863   -1.6014    1.5387    3.2780
eta,q 0.96804  7.00816
  0.0417  0.0401  0.0400  0.0364  0.0306  0.0346  0.0362  0.0384  0.0354  0.0379  0.0329  0.0336
  0.0396  0.0389  0.0390  0.0363  0.0320  0.0333  0.0344  0.0356  0.0339  0.0354  0.0323  0.0328
  0.0382  0.0381  0.0382  0.0367  0.0339  0.0325  0.0331  0.0335  0.0329  0.0335  0.0320  0.0322
  0.0378  0.0378  0.0378  0.0378  0.0363  0.0325  0.0325  0.0325  0.0324  0.0323  0.0320  0.0320
  0.0383  0.0381  0.0379  0.0396  0.0392  0.0328  0.0326  0.0326  0.0324  0.0320  0.0323  0.0322
  0.0396  0.0391  0.0383  0.0421  0.0424  0.0333  0.0334  0.0339  0.0328  0.0327  0.0329  0.0328
  0.0417  0.0406  0.0390  0.0453  0.0460  0.0346  0.0347  0.0363  0.0337  0.0344  0.0337  0.0336
niter,ni,del,rscale     6    3    5.0000    1.2000
parameter  5  1.033306 ->  0.500000 qaram    1.3225
parameters
   -5.2388  -12.7787   16.0690   -6.1437   -9.0048    0.5668
   -2.6293   -1.6036    4.5921   -1.1226    1.6548    3.1757
eta,q 0.97086  6.78355
  0.0363  0.0348  0.0345  0.0334  0.0289  0.0320  0.0320  0.0343  0.0315  0.0338  0.0305  0.0309
  0.0341  0.0331  0.0332  0.0325  0.0290  0.0304  0.0303  0.0317  0.0302  0.0314  0.0298  0.0299
  0.0326  0.0322  0.0324  0.0320  0.0301  0.0295  0.0294  0.0298  0.0294  0.0298  0.0293  0.0293
  0.0320  0.0320  0.0319  0.0319  0.0320  0.0292  0.0292  0.0292  0.0291  0.0292  0.0291  0.0291
  0.0323  0.0324  0.0320  0.0326  0.0345  0.0293  0.0297  0.0297  0.0294  0.0295  0.0293  0.0295
  0.0336  0.0335  0.0325  0.0341  0.0378  0.0298  0.0310  0.0313  0.0302  0.0307  0.0297  0.0301
  0.0357  0.0351  0.0333  0.0365  0.0412  0.0310  0.0326  0.0339  0.0313  0.0327  0.0304  0.0309
niter,ni,del,rscale     6    3    5.0000    1.2000
parameters
   -5.1998  -12.8930   16.4017   -6.2058  -11.8198    1.0482
   -2.6043   -1.5936    4.8132   -1.2002    1.6094    3.6845
eta,q 0.97134  6.69415
  0.0332  0.0321  0.0317  0.0318  0.0312  0.0312  0.0320  0.0335  0.0311  0.0325  0.0299  0.0305
  0.0310  0.0304  0.0304  0.0302  0.0296  0.0298  0.0302  0.0310  0.0298  0.0303  0.0292  0.0295
  0.0296  0.0294  0.0295  0.0294  0.0287  0.0290  0.0290  0.0293  0.0289  0.0290  0.0288  0.0289
  0.0291  0.0291  0.0291  0.0291  0.0291  0.0287  0.0286  0.0286  0.0286  0.0286  0.0286  0.0286
  0.0295  0.0297  0.0292  0.0293  0.0308  0.0287  0.0291  0.0292  0.0289  0.0292  0.0288  0.0288
  0.0308  0.0309  0.0297  0.0302  0.0335  0.0293  0.0302  0.0309  0.0296  0.0306  0.0293  0.0293
  0.0330  0.0327  0.0305  0.0319  0.0371  0.0306  0.0319  0.0335  0.0308  0.0325  0.0299  0.0300
niter,ni,del,rscale     5    3    5.0000    1.2000
parameters
   -5.1806  -12.8848   16.7251   -6.1550  -12.2515    1.3467
   -2.6345   -1.5696    4.8787   -1.2773    1.5063    3.9119
eta,q 0.97134  6.69009
  0.0327  0.0320  0.0310  0.0315  0.0328  0.0310  0.0319  0.0336  0.0310  0.0324  0.0299  0.0303
  0.0305  0.0302  0.0298  0.0298  0.0309  0.0296  0.0301  0.0310  0.0297  0.0303  0.0291  0.0294
  0.0292  0.0290  0.0290  0.0289  0.0294  0.0289  0.0290  0.0293  0.0289  0.0290  0.0287  0.0288
  0.0287  0.0287  0.0287  0.0286  0.0286  0.0287  0.0287  0.0287  0.0287  0.0287  0.0286  0.0286
  0.0291  0.0291  0.0287  0.0288  0.0293  0.0287  0.0291  0.0292  0.0289  0.0292  0.0288  0.0289
  0.0304  0.0302  0.0292  0.0297  0.0312  0.0293  0.0303  0.0309  0.0297  0.0306  0.0292  0.0293
  0.0326  0.0319  0.0300  0.0314  0.0339  0.0307  0.0319  0.0335  0.0309  0.0325  0.0299  0.0300
niter,ni,del,rscale     4    3    5.0000    1.2000
parameters
   -5.1742  -12.9064   16.8156   -6.1311  -12.3296    1.3849
   -2.6473   -1.5532    4.9068   -1.3322    1.4693    3.9920
eta,q 0.97134  6.68914
  0.0326  0.0319  0.0306  0.0314  0.0331  0.0308  0.0320  0.0336  0.0310  0.0325  0.0299  0.0302
  0.0305  0.0301  0.0295  0.0298  0.0311  0.0295  0.0301  0.0310  0.0297  0.0303  0.0291  0.0293
  0.0291  0.0290  0.0289  0.0290  0.0295  0.0289  0.0290  0.0293  0.0289  0.0290  0.0287  0.0288
  0.0287  0.0287  0.0287  0.0287  0.0287  0.0287  0.0287  0.0287  0.0287  0.0287  0.0287  0.0287
  0.0291  0.0291  0.0288  0.0288  0.0291  0.0288  0.0291  0.0292  0.0289  0.0292  0.0288  0.0289
  0.0304  0.0302  0.0294  0.0298  0.0309  0.0294  0.0303  0.0310  0.0297  0.0305  0.0292  0.0293
  0.0326  0.0320  0.0303  0.0315  0.0335  0.0309  0.0319  0.0335  0.0309  0.0325  0.0299  0.0301
niter,ni,del,rscale     3    3    5.0000    1.2000
parameters
   -5.1709  -12.9158   16.8353   -6.1288  -12.3485    1.3863
   -2.6559   -1.5458    4.9134   -1.3535    1.4634    4.0167
eta,q 0.97134  6.68854
  0.0326  0.0320  0.0305  0.0314  0.0331  0.0308  0.0320  0.0336  0.0310  0.0325  0.0299  0.0302
  0.0305  0.0301  0.0294  0.0298  0.0311  0.0295  0.0301  0.0310  0.0297  0.0304  0.0292  0.0293
  0.0291  0.0290  0.0288  0.0290  0.0295  0.0289  0.0290  0.0293  0.0289  0.0290  0.0287  0.0287
  0.0287  0.0287  0.0287  0.0287  0.0287  0.0287  0.0287  0.0287  0.0287  0.0287  0.0287  0.0287
  0.0291  0.0291  0.0289  0.0288  0.0291  0.0288  0.0291  0.0293  0.0289  0.0292  0.0288  0.0289
  0.0304  0.0302  0.0295  0.0298  0.0308  0.0294  0.0303  0.0310  0.0297  0.0305  0.0292  0.0293
  0.0327  0.0320  0.0304  0.0315  0.0334  0.0309  0.0319  0.0336  0.0309  0.0324  0.0298  0.0301
registration optimization eta report
parameter search radius
    2.4000    2.4000    2.4000    8.2800    9.5220    7.2000
    7.2000    7.2000    7.2000    7.2000    7.2000    7.2000
100000*second partial in parameter space
       69.       57.       31.        4.        5.        4.
        6.        9.        4.        7.        2.        3.
  0.0326  0.0320  0.0305  0.0314  0.0331  0.0308  0.0320  0.0336  0.0310  0.0325  0.0299  0.0302
  0.0305  0.0301  0.0294  0.0298  0.0311  0.0295  0.0301  0.0310  0.0297  0.0304  0.0292  0.0293
  0.0291  0.0290  0.0288  0.0290  0.0295  0.0289  0.0290  0.0293  0.0289  0.0290  0.0287  0.0287
  0.0287  0.0287  0.0287  0.0287  0.0287  0.0287  0.0287  0.0287  0.0287  0.0287  0.0287  0.0287
  0.0291  0.0291  0.0289  0.0288  0.0291  0.0288  0.0291  0.0293  0.0289  0.0292  0.0288  0.0289
  0.0304  0.0302  0.0295  0.0298  0.0308  0.0294  0.0303  0.0310  0.0297  0.0305  0.0292  0.0293
  0.0327  0.0320  0.0304  0.0315  0.0334  0.0309  0.0319  0.0336  0.0309  0.0324  0.0298  0.0301
   -5.1709  -12.9158   16.8353   -6.1288  -12.3485    1.3863
   -2.6559   -1.5458    4.9134   -1.3535    1.4634    4.0167
eta,q 0.97134  6.68854

---------------------------------------------------------------------
imgreg_4dfp /opt/freesurfer/average/711-2C_as_mni_average_305 /opt/freesurfer/average/711-2B_as_mni_average_305_mask talsrcimg_g11 none talsrcimg_to_711-2C_as_mni_average_305_t4 2311
---------------------------------------------------------------------

freesurfer imgreg_4dfp.c
/opt/freesurfer/average/711-2C_as_mni_average_305.4dfp.img
       256       256       256         1
  1.000000  1.000000  1.000000
orientation T byte_order littleendian
Reading image: /opt/freesurfer/average/711-2C_as_mni_average_305.4dfp.img
dimensions:      256       256       256
mmppix:       1.0000   -1.0000   -1.0000
center:     128.0000 -129.0000 -129.0000
/opt/freesurfer/average/711-2B_as_mni_average_305_mask.4dfp.img
       256       256       256         1
  1.000000  1.000000  1.000000
orientation T byte_order littleendian
Reading mask: /opt/freesurfer/average/711-2B_as_mni_average_305_mask.4dfp.img (2306576 pixels)
talsrcimg_g11.4dfp.img
       256       256       256         1
  0.898438  0.898438  0.898438
orientation T byte_order littleendian
Reading image: talsrcimg_g11.4dfp.img
dimensions:      256       256       256
mmppix:       0.8984   -0.8984   -0.8984
center:     115.0001 -115.8985 -115.8985
fimgreg.f
image alignment mode   2311 decimal      907 hex
parameters
   -5.1709  -12.9158   16.8353   -6.1288  -12.3485    1.3863
   -2.6559   -1.5458    4.9134   -1.3535    1.4634    4.0167
eta,q 0.97133  6.68853
niter,ni,del,rscale     5    3    5.0000    0.8000
parameters
   -5.1601  -12.9361   16.8020   -5.9820  -11.8957    1.5269
   -2.7445   -1.5279    4.8414   -1.4224    1.3742    3.7738
eta,q 0.97139  6.71589
  0.0305  0.0301  0.0294  0.0295  0.0303  0.0295  0.0301  0.0310  0.0296  0.0304  0.0291  0.0293
  0.0295  0.0293  0.0290  0.0291  0.0295  0.0290  0.0293  0.0297  0.0291  0.0294  0.0288  0.0288
  0.0289  0.0288  0.0287  0.0288  0.0290  0.0288  0.0288  0.0289  0.0287  0.0288  0.0287  0.0286
  0.0287  0.0287  0.0287  0.0287  0.0287  0.0286  0.0286  0.0286  0.0286  0.0286  0.0286  0.0286
  0.0289  0.0289  0.0288  0.0287  0.0287  0.0287  0.0288  0.0289  0.0288  0.0289  0.0287  0.0287
  0.0294  0.0294  0.0290  0.0289  0.0291  0.0289  0.0294  0.0297  0.0291  0.0295  0.0289  0.0290
  0.0305  0.0302  0.0295  0.0295  0.0299  0.0294  0.0302  0.0309  0.0297  0.0305  0.0292  0.0293
niter,ni,del,rscale     4    3    5.0000    0.7000
parameters
   -5.1559  -12.9536   16.7655   -5.9407  -11.8150    1.5120
   -2.7479   -1.5236    4.8409   -1.4149    1.3871    3.6934
eta,q 0.97139  6.72009
  0.0300  0.0298  0.0292  0.0292  0.0298  0.0292  0.0298  0.0304  0.0294  0.0301  0.0290  0.0292
  0.0292  0.0291  0.0289  0.0289  0.0292  0.0289  0.0291  0.0294  0.0290  0.0292  0.0288  0.0288
  0.0288  0.0287  0.0287  0.0287  0.0288  0.0287  0.0287  0.0288  0.0287  0.0288  0.0286  0.0286
  0.0286  0.0286  0.0286  0.0286  0.0286  0.0286  0.0286  0.0286  0.0286  0.0286  0.0286  0.0286
  0.0288  0.0288  0.0287  0.0286  0.0287  0.0286  0.0287  0.0288  0.0287  0.0288  0.0287  0.0287
  0.0292  0.0292  0.0289  0.0288  0.0291  0.0288  0.0292  0.0294  0.0290  0.0293  0.0288  0.0289
  0.0300  0.0298  0.0293  0.0292  0.0297  0.0293  0.0298  0.0304  0.0294  0.0300  0.0290  0.0291
niter,ni,del,rscale     3    3    5.0000    0.6000
parameters
   -5.1550  -12.9525   16.7408   -5.8681  -11.7532    1.5445
   -2.7447   -1.5283    4.8283   -1.4126    1.4403    3.6053
eta,q 0.97140  6.72659
  0.0296  0.0295  0.0291  0.0290  0.0295  0.0290  0.0295  0.0299  0.0292  0.0297  0.0289  0.0290
  0.0291  0.0290  0.0288  0.0288  0.0290  0.0288  0.0290  0.0292  0.0289  0.0291  0.0287  0.0287
  0.0287  0.0287  0.0286  0.0287  0.0287  0.0287  0.0287  0.0288  0.0287  0.0287  0.0286  0.0286
  0.0286  0.0286  0.0286  0.0286  0.0286  0.0286  0.0286  0.0286  0.0286  0.0286  0.0286  0.0286
  0.0287  0.0287  0.0287  0.0286  0.0287  0.0286  0.0287  0.0287  0.0287  0.0287  0.0286  0.0287
  0.0291  0.0290  0.0288  0.0288  0.0290  0.0288  0.0290  0.0292  0.0289  0.0291  0.0287  0.0288
  0.0296  0.0295  0.0291  0.0290  0.0295  0.0291  0.0295  0.0299  0.0292  0.0297  0.0289  0.0290
niter,ni,del,rscale     2    3    5.0000    0.5000
parameters
   -5.1552  -12.9532   16.7221   -5.8003  -11.6923    1.6346
   -2.7417   -1.5328    4.7973   -1.3930    1.5061    3.5149
eta,q 0.97141  6.73485
  0.0293  0.0292  0.0289  0.0289  0.0292  0.0289  0.0292  0.0295  0.0290  0.0294  0.0288  0.0289
  0.0289  0.0289  0.0287  0.0287  0.0289  0.0288  0.0289  0.0290  0.0288  0.0289  0.0287  0.0287
  0.0287  0.0287  0.0286  0.0286  0.0287  0.0286  0.0287  0.0287  0.0286  0.0287  0.0286  0.0286
  0.0286  0.0286  0.0286  0.0286  0.0286  0.0286  0.0286  0.0286  0.0286  0.0286  0.0286  0.0286
  0.0287  0.0287  0.0286  0.0286  0.0286  0.0286  0.0287  0.0287  0.0286  0.0287  0.0286  0.0286
  0.0289  0.0289  0.0288  0.0287  0.0288  0.0287  0.0289  0.0290  0.0288  0.0289  0.0287  0.0287
  0.0293  0.0292  0.0289  0.0289  0.0292  0.0289  0.0292  0.0295  0.0290  0.0293  0.0288  0.0289
niter,ni,del,rscale     1    3    5.0000    0.4000
parameters
   -5.1547  -12.9544   16.7114   -5.7011  -11.6392    1.7190
   -2.7271   -1.5242    4.7738   -1.3879    1.6158    3.4372
eta,q 0.97141  6.74382
  0.0291  0.0290  0.0288  0.0288  0.0290  0.0288  0.0290  0.0292  0.0288  0.0291  0.0287  0.0288
  0.0288  0.0288  0.0287  0.0287  0.0288  0.0287  0.0288  0.0289  0.0287  0.0288  0.0287  0.0287
  0.0286  0.0286  0.0286  0.0286  0.0287  0.0286  0.0286  0.0287  0.0286  0.0286  0.0286  0.0286
  0.0286  0.0286  0.0286  0.0286  0.0286  0.0286  0.0286  0.0286  0.0286  0.0286  0.0286  0.0286
  0.0286  0.0286  0.0286  0.0286  0.0286  0.0286  0.0286  0.0286  0.0286  0.0287  0.0286  0.0286
  0.0288  0.0288  0.0287  0.0287  0.0288  0.0287  0.0288  0.0288  0.0287  0.0288  0.0286  0.0287
  0.0291  0.0290  0.0288  0.0288  0.0290  0.0288  0.0290  0.0292  0.0289  0.0291  0.0287  0.0288
registration optimization eta report
parameter search radius
    0.8000    0.8000    0.8000    2.4000    2.4000    2.4000
    2.4000    2.4000    2.4000    2.4000    2.4000    2.4000
100000*second partial in parameter space
       72.       61.       35.        3.        7.        3.
        7.       10.        5.        8.        2.        3.
  0.0291  0.0290  0.0288  0.0288  0.0290  0.0288  0.0290  0.0292  0.0288  0.0291  0.0287  0.0288
  0.0288  0.0288  0.0287  0.0287  0.0288  0.0287  0.0288  0.0289  0.0287  0.0288  0.0287  0.0287
  0.0286  0.0286  0.0286  0.0286  0.0287  0.0286  0.0286  0.0287  0.0286  0.0286  0.0286  0.0286
  0.0286  0.0286  0.0286  0.0286  0.0286  0.0286  0.0286  0.0286  0.0286  0.0286  0.0286  0.0286
  0.0286  0.0286  0.0286  0.0286  0.0286  0.0286  0.0286  0.0286  0.0286  0.0287  0.0286  0.0286
  0.0288  0.0288  0.0287  0.0287  0.0288  0.0287  0.0288  0.0288  0.0287  0.0288  0.0286  0.0287
  0.0291  0.0290  0.0288  0.0288  0.0290  0.0288  0.0290  0.0292  0.0289  0.0291  0.0287  0.0288
   -5.1547  -12.9544   16.7114   -5.7011  -11.6392    1.7190
   -2.7271   -1.5242    4.7738   -1.3879    1.6158    3.4372
eta,q 0.97141  6.74382

---------------------------------------------------------------------
imgreg_4dfp /opt/freesurfer/average/711-2C_as_mni_average_305 /opt/freesurfer/average/711-2B_as_mni_average_305_mask talsrcimg_g11 none talsrcimg_to_711-2C_as_mni_average_305_t4 2311
---------------------------------------------------------------------

freesurfer imgreg_4dfp.c
/opt/freesurfer/average/711-2C_as_mni_average_305.4dfp.img
       256       256       256         1
  1.000000  1.000000  1.000000
orientation T byte_order littleendian
Reading image: /opt/freesurfer/average/711-2C_as_mni_average_305.4dfp.img
dimensions:      256       256       256
mmppix:       1.0000   -1.0000   -1.0000
center:     128.0000 -129.0000 -129.0000
/opt/freesurfer/average/711-2B_as_mni_average_305_mask.4dfp.img
       256       256       256         1
  1.000000  1.000000  1.000000
orientation T byte_order littleendian
Reading mask: /opt/freesurfer/average/711-2B_as_mni_average_305_mask.4dfp.img (2306576 pixels)
talsrcimg_g11.4dfp.img
       256       256       256         1
  0.898438  0.898438  0.898438
orientation T byte_order littleendian
Reading image: talsrcimg_g11.4dfp.img
dimensions:      256       256       256
mmppix:       0.8984   -0.8984   -0.8984
center:     115.0001 -115.8985 -115.8985
fimgreg.f
image alignment mode   2311 decimal      907 hex
parameters
   -5.1547  -12.9544   16.7114   -5.7011  -11.6392    1.7190
   -2.7271   -1.5242    4.7738   -1.3879    1.6158    3.4372
eta,q 0.97141  6.74381
niter,ni,del,rscale     5    3    5.0000    0.8000
parameters
   -5.1591  -12.9505   16.7457   -6.0092  -11.8259    1.4742
   -2.7190   -1.5492    4.8035   -1.3659    1.4915    3.7371
eta,q 0.97139  6.71568
  0.0304  0.0302  0.0295  0.0293  0.0299  0.0294  0.0302  0.0309  0.0297  0.0305  0.0291  0.0295
  0.0294  0.0293  0.0290  0.0289  0.0293  0.0289  0.0293  0.0296  0.0291  0.0294  0.0288  0.0290
  0.0288  0.0288  0.0287  0.0287  0.0288  0.0287  0.0288  0.0289  0.0287  0.0288  0.0286  0.0287
  0.0286  0.0286  0.0286  0.0286  0.0286  0.0286  0.0286  0.0286  0.0286  0.0286  0.0286  0.0286
  0.0288  0.0288  0.0287  0.0287  0.0288  0.0287  0.0288  0.0289  0.0287  0.0288  0.0287  0.0287
  0.0294  0.0293  0.0290  0.0290  0.0294  0.0290  0.0293  0.0297  0.0291  0.0294  0.0289  0.0289
  0.0304  0.0301  0.0294  0.0296  0.0302  0.0296  0.0301  0.0310  0.0296  0.0304  0.0292  0.0292
niter,ni,del,rscale     4    3    5.0000    0.7000
parameters
   -5.1598  -12.9454   16.7389   -5.9437  -11.7922    1.5202
   -2.7339   -1.5371    4.8181   -1.3993    1.4386    3.6705
eta,q 0.97140  6.72123
  0.0300  0.0298  0.0292  0.0292  0.0298  0.0292  0.0298  0.0304  0.0294  0.0300  0.0290  0.0292
  0.0292  0.0291  0.0289  0.0289  0.0292  0.0289  0.0291  0.0294  0.0290  0.0292  0.0288  0.0288
  0.0288  0.0287  0.0287  0.0287  0.0288  0.0287  0.0287  0.0288  0.0287  0.0287  0.0286  0.0286
  0.0286  0.0286  0.0286  0.0286  0.0286  0.0286  0.0286  0.0286  0.0286  0.0286  0.0286  0.0286
  0.0288  0.0287  0.0287  0.0286  0.0287  0.0286  0.0287  0.0288  0.0287  0.0288  0.0287  0.0287
  0.0292  0.0291  0.0289  0.0288  0.0291  0.0288  0.0292  0.0294  0.0290  0.0293  0.0288  0.0289
  0.0300  0.0298  0.0292  0.0292  0.0298  0.0292  0.0298  0.0304  0.0294  0.0300  0.0290  0.0291
niter,ni,del,rscale     3    3    5.0000    0.6000
parameters
   -5.1555  -12.9507   16.7357   -5.8733  -11.7478    1.5566
   -2.7420   -1.5316    4.8138   -1.4000    1.4476    3.5872
eta,q 0.97140  6.72702
  0.0296  0.0295  0.0291  0.0290  0.0295  0.0290  0.0295  0.0299  0.0292  0.0297  0.0289  0.0290
  0.0291  0.0290  0.0288  0.0288  0.0290  0.0288  0.0290  0.0292  0.0289  0.0291  0.0287  0.0287
  0.0287  0.0287  0.0286  0.0287  0.0287  0.0287  0.0287  0.0288  0.0287  0.0287  0.0286  0.0286
  0.0286  0.0286  0.0286  0.0286  0.0286  0.0286  0.0286  0.0286  0.0286  0.0286  0.0286  0.0286
  0.0287  0.0287  0.0287  0.0286  0.0287  0.0286  0.0287  0.0287  0.0287  0.0287  0.0286  0.0287
  0.0290  0.0290  0.0288  0.0288  0.0290  0.0288  0.0290  0.0292  0.0289  0.0291  0.0287  0.0288
  0.0296  0.0295  0.0291  0.0290  0.0295  0.0291  0.0295  0.0299  0.0292  0.0296  0.0289  0.0290
niter,ni,del,rscale     2    3    5.0000    0.5000
parameters
   -5.1549  -12.9527   16.7234   -5.8017  -11.6940    1.6385
   -2.7371   -1.5298    4.7991   -1.3928    1.5071    3.5016
eta,q 0.97141  6.73484
  0.0293  0.0292  0.0289  0.0289  0.0292  0.0289  0.0292  0.0295  0.0290  0.0294  0.0288  0.0289
  0.0289  0.0289  0.0287  0.0287  0.0289  0.0288  0.0289  0.0290  0.0288  0.0289  0.0287  0.0287
  0.0287  0.0287  0.0286  0.0286  0.0287  0.0286  0.0287  0.0287  0.0286  0.0287  0.0286  0.0286
  0.0286  0.0286  0.0286  0.0286  0.0286  0.0286  0.0286  0.0286  0.0286  0.0286  0.0286  0.0286
  0.0287  0.0287  0.0286  0.0286  0.0286  0.0286  0.0287  0.0287  0.0286  0.0287  0.0286  0.0286
  0.0289  0.0289  0.0288  0.0287  0.0288  0.0287  0.0289  0.0290  0.0288  0.0289  0.0287  0.0287
  0.0293  0.0292  0.0289  0.0289  0.0292  0.0289  0.0292  0.0295  0.0290  0.0293  0.0288  0.0289
niter,ni,del,rscale     1    3    5.0000    0.4000
parameters
   -5.1530  -12.9562   16.7113   -5.7055  -11.6423    1.7110
   -2.7218   -1.5222    4.7685   -1.3853    1.5925    3.4465
eta,q 0.97142  6.74322
  0.0291  0.0290  0.0288  0.0288  0.0290  0.0288  0.0290  0.0292  0.0288  0.0291  0.0287  0.0288
  0.0288  0.0288  0.0287  0.0287  0.0288  0.0287  0.0288  0.0289  0.0287  0.0288  0.0287  0.0287
  0.0286  0.0286  0.0286  0.0286  0.0286  0.0286  0.0286  0.0287  0.0286  0.0286  0.0286  0.0286
  0.0286  0.0286  0.0286  0.0286  0.0286  0.0286  0.0286  0.0286  0.0286  0.0286  0.0286  0.0286
  0.0286  0.0286  0.0286  0.0286  0.0286  0.0286  0.0286  0.0287  0.0286  0.0286  0.0286  0.0286
  0.0288  0.0288  0.0287  0.0287  0.0288  0.0287  0.0288  0.0289  0.0287  0.0288  0.0286  0.0287
  0.0290  0.0290  0.0288  0.0288  0.0290  0.0288  0.0290  0.0292  0.0289  0.0291  0.0287  0.0288
registration optimization eta report
parameter search radius
    0.8000    0.8000    0.8000    2.4000    2.4000    2.4000
    2.4000    2.4000    2.4000    2.4000    2.4000    2.4000
100000*second partial in parameter space
       72.       61.       35.        3.        7.        3.
        7.       10.        5.        9.        2.        3.
  0.0291  0.0290  0.0288  0.0288  0.0290  0.0288  0.0290  0.0292  0.0288  0.0291  0.0287  0.0288
  0.0288  0.0288  0.0287  0.0287  0.0288  0.0287  0.0288  0.0289  0.0287  0.0288  0.0287  0.0287
  0.0286  0.0286  0.0286  0.0286  0.0286  0.0286  0.0286  0.0287  0.0286  0.0286  0.0286  0.0286
  0.0286  0.0286  0.0286  0.0286  0.0286  0.0286  0.0286  0.0286  0.0286  0.0286  0.0286  0.0286
  0.0286  0.0286  0.0286  0.0286  0.0286  0.0286  0.0286  0.0287  0.0286  0.0286  0.0286  0.0286
  0.0288  0.0288  0.0287  0.0287  0.0288  0.0287  0.0288  0.0289  0.0287  0.0288  0.0286  0.0287
  0.0290  0.0290  0.0288  0.0288  0.0290  0.0288  0.0290  0.0292  0.0289  0.0291  0.0287  0.0288
   -5.1530  -12.9562   16.7113   -5.7055  -11.6423    1.7110
   -2.7218   -1.5222    4.7685   -1.3853    1.5925    3.4465
eta,q 0.97142  6.74322

---------------------------------------------------------------------
compute_vox2vox talsrcimg talsrcimg_to_711-2C_as_mni_average_305_t4 /opt/freesurfer/average/711-2C_as_mni_average_305
---------------------------------------------------------------------

freesurfer compute_vox2vox.c
Reading: talsrcimg.4dfp.ifh
Reading: talsrcimg_to_711-2C_as_mni_average_305_t4
Reading: /opt/freesurfer/average/711-2C_as_mni_average_305.4dfp.ifh
Writing: talsrcimg_to_711-2C_as_mni_average_305_t4_vox2vox.txt

start time Thu Mar 12 22:41:39 CET 2026
end		time Thu Mar 12 22:41:52 CET 2026

mpr2mni305 success

avi2talxfm orig_nu.mgz /opt/freesurfer/average/mni305.cor.mgz talsrcimg_to_711-2C_as_mni_average_305_t4_vox2vox.txt transforms/talairach.auto.xfm
avi2talxfm done
mv -f /out/sourcedata/freesurfer/sub-v2s2x29085_ses-1/mri/talsrcimg_to_711-2C_as_mni_average_305_t4_vox2vox.txt /out/sourcedata/freesurfer/sub-v2s2x29085_ses-1/mri/transforms/talsrcimg_to_711-2C_as_mni_average_305_t4_vox2vox.txt
lta_convert --src orig_nu.mgz --trg /opt/freesurfer/average/mni305.cor.mgz --inxfm transforms/talairach.auto.xfm --outlta transforms/talairach.auto.xfm.lta --subject fsaverage
7.3.2

--src: orig_nu.mgz src image (geometry).
--trg: /opt/freesurfer/average/mni305.cor.mgz trg image (geometry).
--inmni: transforms/talairach.auto.xfm input MNI/XFM transform.
--outlta: transforms/talairach.auto.xfm.lta output LTA.
--s: fsaverage subject name
 LTA read, type : 1
 1.05861   0.01628   0.03198   1.03716;
-0.01463   0.98243  -0.03877   4.25420;
-0.05736   0.01452   1.12943   8.57955;
 0.00000   0.00000   0.00000   1.00000;
setting subject to fsaverage
Writing  LTA to file transforms/talairach.auto.xfm.lta...
lta_convert successful.
 
 
Started at Thu Mar 12 22:41:38 CET 2026
Ended   at Thu Mar 12 22:41:53 CET 2026
talairach_avi done
