status file for recon-all
Thu Mar 12 22:38:56 CET 2026
#@# MotionCor Thu Mar 12 22:38:58 CET 2026
#@# Talairach Thu Mar 12 22:39:04 CET 2026
#@# Talairach Failure Detection Thu Mar 12 22:41:55 CET 2026
#@# Nu Intensity Correction Thu Mar 12 22:41:55 CET 2026
#@# Intensity Normalization Thu Mar 12 22:44:40 CET 2026
recon-all -s sub-v2s2x29085_ses-1 finished without error at Thu Mar 12 22:45:51 CET 2026



#New# invocation of recon-all 



status file for recon-all
Thu Mar 12 22:52:16 CET 2026
#@# EM Registration Thu Mar 12 22:52:16 CET 2026
recon-all -s sub-v2s2x29085_ses-1 finished without error at Thu Mar 12 22:53:40 CET 2026



#New# invocation of recon-all 



status file for recon-all
Thu Mar 12 22:53:42 CET 2026
#@# CA Normalize Thu Mar 12 22:53:42 CET 2026
#@# CA Reg Thu Mar 12 22:54:34 CET 2026
#@# SubCort Seg Thu Mar 12 23:27:47 CET 2026
#@# CC Seg Thu Mar 12 23:54:21 CET 2026
#@# Merge ASeg Thu Mar 12 23:54:45 CET 2026
#@# Intensity Normalization2 Thu Mar 12 23:54:45 CET 2026
#@# Mask BFS Thu Mar 12 23:56:15 CET 2026
#@# WM Segmentation Thu Mar 12 23:56:15 CET 2026
#@# Fill Thu Mar 12 23:57:54 CET 2026
recon-all -s sub-v2s2x29085_ses-1 finished without error at Thu Mar 12 23:58:32 CET 2026



#New# invocation of recon-all 



status file for recon-all
Fri Mar 13 00:44:04 CET 2026
#@# white curv lh Fri Mar 13 00:44:04 CET 2026
#@# white area lh Fri Mar 13 00:44:04 CET 2026
#@# pial curv lh Fri Mar 13 00:44:04 CET 2026
#@# pial area lh Fri Mar 13 00:44:04 CET 2026
#@# thickness lh Fri Mar 13 00:44:04 CET 2026
#@# area and vertex vol lh Fri Mar 13 00:44:04 CET 2026
#@# white curv rh Fri Mar 13 00:44:04 CET 2026
#@# white area rh Fri Mar 13 00:44:04 CET 2026
#@# pial curv rh Fri Mar 13 00:44:04 CET 2026
#@# pial area rh Fri Mar 13 00:44:04 CET 2026
#@# thickness rh Fri Mar 13 00:44:04 CET 2026
#@# area and vertex vol rh Fri Mar 13 00:44:04 CET 2026
#@# Cortical ribbon mask Fri Mar 13 00:44:04 CET 2026
recon-all -s sub-v2s2x29085_ses-1 finished without error at Fri Mar 13 00:51:14 CET 2026



#New# invocation of recon-all 



status file for recon-all
Fri Mar 13 00:57:58 CET 2026
#@# white curv lh Fri Mar 13 00:57:58 CET 2026
#@# white area lh Fri Mar 13 00:57:58 CET 2026
#@# pial curv lh Fri Mar 13 00:57:58 CET 2026
#@# pial area lh Fri Mar 13 00:57:58 CET 2026
#@# thickness lh Fri Mar 13 00:57:58 CET 2026
#@# area and vertex vol lh Fri Mar 13 00:57:58 CET 2026
#@# white curv rh Fri Mar 13 00:57:58 CET 2026
#@# white area rh Fri Mar 13 00:57:58 CET 2026
#@# pial curv rh Fri Mar 13 00:57:58 CET 2026
#@# pial area rh Fri Mar 13 00:57:58 CET 2026
#@# thickness rh Fri Mar 13 00:57:58 CET 2026
#@# area and vertex vol rh Fri Mar 13 00:57:58 CET 2026
#@# Curvature Stats lh Fri Mar 13 00:57:58 CET 2026
#@# Curvature Stats rh Fri Mar 13 00:58:00 CET 2026
#@# Relabel Hypointensities Fri Mar 13 00:58:02 CET 2026
#@# APas-to-ASeg Fri Mar 13 00:58:15 CET 2026
#@# AParc-to-ASeg aparc Fri Mar 13 00:58:24 CET 2026
#@# AParc-to-ASeg aparc.a2009s Fri Mar 13 00:58:52 CET 2026
#@# AParc-to-ASeg aparc.DKTatlas Fri Mar 13 00:59:20 CET 2026
#@# WMParc Fri Mar 13 00:59:48 CET 2026
#@# ASeg Stats Fri Mar 13 01:01:49 CET 2026
recon-all -s sub-v2s2x29085_ses-1 finished without error at Fri Mar 13 01:02:06 CET 2026
