status file for recon-all
Thu Mar 12 23:58:37 CET 2026
#@# Tessellate lh Thu Mar 12 23:58:37 CET 2026
#@# Smooth1 lh Thu Mar 12 23:58:40 CET 2026
#@# Inflation1 lh Thu Mar 12 23:58:42 CET 2026
#@# QSphere lh Thu Mar 12 23:59:28 CET 2026
#@# Fix Topology lh Fri Mar 13 00:00:21 CET 2026
#@# Smooth2 lh Fri Mar 13 00:05:52 CET 2026
#@# Inflation2 lh Fri Mar 13 00:05:55 CET 2026
#@# Curv .H and .K lh Fri Mar 13 00:06:11 CET 2026
#@# Sphere lh Fri Mar 13 00:07:03 CET 2026
#@# Surf Reg lh Fri Mar 13 00:08:57 CET 2026
#@# Jacobian white lh Fri Mar 13 00:12:40 CET 2026
#@# AvgCurv lh Fri Mar 13 00:12:41 CET 2026
#@# Cortical Parc lh Fri Mar 13 00:12:42 CET 2026
#@# white curv lh Fri Mar 13 00:19:43 CET 2026
#@# white area lh Fri Mar 13 00:19:45 CET 2026
#@# pial curv lh Fri Mar 13 00:19:45 CET 2026
#@# pial area lh Fri Mar 13 00:19:47 CET 2026
#@# thickness lh Fri Mar 13 00:19:48 CET 2026
#@# area and vertex vol lh Fri Mar 13 00:20:16 CET 2026
#@# Curvature Stats lh Fri Mar 13 00:20:18 CET 2026
#@# Cortical Parc 2 lh Fri Mar 13 00:20:20 CET 2026
#@# Cortical Parc 3 lh Fri Mar 13 00:20:33 CET 2026
#@# WM/GM Contrast lh Fri Mar 13 00:20:43 CET 2026
recon-all -s sub-v2s2x29085_ses-1 finished without error at Fri Mar 13 00:20:46 CET 2026



#New# invocation of recon-all 



status file for recon-all
Fri Mar 13 00:51:18 CET 2026
#@# white curv lh Fri Mar 13 00:51:18 CET 2026
#@# white area lh Fri Mar 13 00:51:18 CET 2026
#@# pial curv lh Fri Mar 13 00:51:18 CET 2026
#@# pial area lh Fri Mar 13 00:51:18 CET 2026
#@# thickness lh Fri Mar 13 00:51:18 CET 2026
#@# area and vertex vol lh Fri Mar 13 00:51:18 CET 2026
#@# Parcellation Stats lh Fri Mar 13 00:51:18 CET 2026
#@# Parcellation Stats 2 lh Fri Mar 13 00:51:44 CET 2026
#@# Parcellation Stats 3 lh Fri Mar 13 00:51:57 CET 2026
#@# BA_exvivo Labels lh Fri Mar 13 00:52:10 CET 2026
recon-all -s sub-v2s2x29085_ses-1 finished without error at Fri Mar 13 00:54:34 CET 2026
