status file for recon-all
Fri Mar 13 00:20:49 CET 2026
#@# Tessellate rh Fri Mar 13 00:20:49 CET 2026
#@# Smooth1 rh Fri Mar 13 00:20:52 CET 2026
#@# Inflation1 rh Fri Mar 13 00:20:55 CET 2026
#@# QSphere rh Fri Mar 13 00:21:47 CET 2026
#@# Fix Topology rh Fri Mar 13 00:22:49 CET 2026
#@# Smooth2 rh Fri Mar 13 00:29:02 CET 2026
#@# Inflation2 rh Fri Mar 13 00:29:05 CET 2026
#@# Curv .H and .K rh Fri Mar 13 00:29:20 CET 2026
#@# Sphere rh Fri Mar 13 00:30:13 CET 2026
#@# Surf Reg rh Fri Mar 13 00:32:11 CET 2026
#@# Jacobian white rh Fri Mar 13 00:35:54 CET 2026
#@# AvgCurv rh Fri Mar 13 00:35:55 CET 2026
#@# Cortical Parc rh Fri Mar 13 00:35:55 CET 2026
#@# white curv rh Fri Mar 13 00:42:57 CET 2026
#@# white area rh Fri Mar 13 00:42:59 CET 2026
#@# pial curv rh Fri Mar 13 00:43:00 CET 2026
#@# pial area rh Fri Mar 13 00:43:01 CET 2026
#@# thickness rh Fri Mar 13 00:43:02 CET 2026
#@# area and vertex vol rh Fri Mar 13 00:43:31 CET 2026
#@# Curvature Stats rh Fri Mar 13 00:43:33 CET 2026
#@# Cortical Parc 2 rh Fri Mar 13 00:43:35 CET 2026
#@# Cortical Parc 3 rh Fri Mar 13 00:43:48 CET 2026
#@# WM/GM Contrast rh Fri Mar 13 00:43:58 CET 2026
recon-all -s sub-v2s2x29085_ses-1 finished without error at Fri Mar 13 00:44:00 CET 2026



#New# invocation of recon-all 



status file for recon-all
Fri Mar 13 00:54:36 CET 2026
#@# white curv rh Fri Mar 13 00:54:36 CET 2026
#@# white area rh Fri Mar 13 00:54:36 CET 2026
#@# pial curv rh Fri Mar 13 00:54:36 CET 2026
#@# pial area rh Fri Mar 13 00:54:36 CET 2026
#@# thickness rh Fri Mar 13 00:54:36 CET 2026
#@# area and vertex vol rh Fri Mar 13 00:54:36 CET 2026
#@# Parcellation Stats rh Fri Mar 13 00:54:36 CET 2026
#@# Parcellation Stats 2 rh Fri Mar 13 00:55:02 CET 2026
#@# Parcellation Stats 3 rh Fri Mar 13 00:55:16 CET 2026
#@# BA_exvivo Labels rh Fri Mar 13 00:55:29 CET 2026
recon-all -s sub-v2s2x29085_ses-1 finished without error at Fri Mar 13 00:57:53 CET 2026
