status file for recon-all
Thu Mar 12 23:20:58 CET 2026
#@# Tessellate rh Thu Mar 12 23:20:58 CET 2026
#@# Smooth1 rh Thu Mar 12 23:21:02 CET 2026
#@# Inflation1 rh Thu Mar 12 23:21:07 CET 2026
#@# QSphere rh Thu Mar 12 23:22:37 CET 2026
#@# Fix Topology rh Thu Mar 12 23:24:32 CET 2026
#@# Smooth2 rh Thu Mar 12 23:33:47 CET 2026
#@# Inflation2 rh Thu Mar 12 23:33:51 CET 2026
#@# Curv .H and .K rh Thu Mar 12 23:34:18 CET 2026
#@# Sphere rh Thu Mar 12 23:35:31 CET 2026
#@# Surf Reg rh Thu Mar 12 23:38:33 CET 2026
#@# Jacobian white rh Thu Mar 12 23:45:27 CET 2026
#@# AvgCurv rh Thu Mar 12 23:45:29 CET 2026
#@# Cortical Parc rh Thu Mar 12 23:45:30 CET 2026
#@# white curv rh Thu Mar 12 23:55:30 CET 2026
#@# white area rh Thu Mar 12 23:55:33 CET 2026
#@# pial curv rh Thu Mar 12 23:55:34 CET 2026
#@# pial area rh Thu Mar 12 23:55:37 CET 2026
#@# thickness rh Thu Mar 12 23:55:38 CET 2026
#@# area and vertex vol rh Thu Mar 12 23:56:24 CET 2026
#@# Curvature Stats rh Thu Mar 12 23:56:27 CET 2026
#@# Cortical Parc 2 rh Thu Mar 12 23:56:31 CET 2026
#@# Cortical Parc 3 rh Thu Mar 12 23:56:52 CET 2026
#@# WM/GM Contrast rh Thu Mar 12 23:57:07 CET 2026
recon-all -s sub-v2s2x29059_ses-1 finished without error at Thu Mar 12 23:57:13 CET 2026



#New# invocation of recon-all 



status file for recon-all
Fri Mar 13 00:27:14 CET 2026
#@# white curv rh Fri Mar 13 00:27:15 CET 2026
#@# white area rh Fri Mar 13 00:27:15 CET 2026
#@# pial curv rh Fri Mar 13 00:27:15 CET 2026
#@# pial area rh Fri Mar 13 00:27:15 CET 2026
#@# thickness rh Fri Mar 13 00:27:15 CET 2026
#@# area and vertex vol rh Fri Mar 13 00:27:15 CET 2026
#@# Parcellation Stats rh Fri Mar 13 00:27:15 CET 2026
#@# Parcellation Stats 2 rh Fri Mar 13 00:27:54 CET 2026
#@# Parcellation Stats 3 rh Fri Mar 13 00:28:13 CET 2026
#@# BA_exvivo Labels rh Fri Mar 13 00:28:32 CET 2026
recon-all -s sub-v2s2x29059_ses-1 finished without error at Fri Mar 13 00:32:21 CET 2026
