status file for recon-all
Fri Mar 13 00:52:21 CET 2026
#@# Tessellate lh Fri Mar 13 00:52:21 CET 2026
#@# Smooth1 lh Fri Mar 13 00:52:26 CET 2026
#@# Inflation1 lh Fri Mar 13 00:52:29 CET 2026
#@# QSphere lh Fri Mar 13 00:53:42 CET 2026
#@# Fix Topology lh Fri Mar 13 00:55:05 CET 2026
#@# Smooth2 lh Fri Mar 13 01:01:58 CET 2026
#@# Inflation2 lh Fri Mar 13 01:02:01 CET 2026
#@# Curv .H and .K lh Fri Mar 13 01:02:26 CET 2026
#@# Sphere lh Fri Mar 13 01:03:17 CET 2026
#@# Surf Reg lh Fri Mar 13 01:04:59 CET 2026
#@# Jacobian white lh Fri Mar 13 01:10:28 CET 2026
#@# AvgCurv lh Fri Mar 13 01:10:29 CET 2026
#@# Cortical Parc lh Fri Mar 13 01:10:30 CET 2026
#@# white curv lh Fri Mar 13 01:18:25 CET 2026
#@# white area lh Fri Mar 13 01:18:27 CET 2026
#@# pial curv lh Fri Mar 13 01:18:28 CET 2026
#@# pial area lh Fri Mar 13 01:18:30 CET 2026
#@# thickness lh Fri Mar 13 01:18:31 CET 2026
#@# area and vertex vol lh Fri Mar 13 01:19:05 CET 2026
#@# Curvature Stats lh Fri Mar 13 01:19:07 CET 2026
#@# Cortical Parc 2 lh Fri Mar 13 01:19:10 CET 2026
#@# Cortical Parc 3 lh Fri Mar 13 01:19:26 CET 2026
#@# WM/GM Contrast lh Fri Mar 13 01:19:38 CET 2026
recon-all -s sub-v2s2x29091_ses-1 finished without error at Fri Mar 13 01:19:43 CET 2026



#New# invocation of recon-all 



status file for recon-all
Fri Mar 13 01:54:42 CET 2026
#@# white curv lh Fri Mar 13 01:54:42 CET 2026
#@# white area lh Fri Mar 13 01:54:42 CET 2026
#@# pial curv lh Fri Mar 13 01:54:42 CET 2026
#@# pial area lh Fri Mar 13 01:54:42 CET 2026
#@# thickness lh Fri Mar 13 01:54:42 CET 2026
#@# area and vertex vol lh Fri Mar 13 01:54:42 CET 2026
#@# Parcellation Stats lh Fri Mar 13 01:54:42 CET 2026
#@# Parcellation Stats 2 lh Fri Mar 13 01:55:06 CET 2026
#@# Parcellation Stats 3 lh Fri Mar 13 01:55:18 CET 2026
#@# BA_exvivo Labels lh Fri Mar 13 01:55:28 CET 2026
recon-all -s sub-v2s2x29091_ses-1 finished without error at Fri Mar 13 01:58:37 CET 2026
