status file for recon-all
Fri Mar 13 01:19:46 CET 2026
#@# Tessellate rh Fri Mar 13 01:19:46 CET 2026
#@# Smooth1 rh Fri Mar 13 01:19:49 CET 2026
#@# Inflation1 rh Fri Mar 13 01:19:53 CET 2026
#@# QSphere rh Fri Mar 13 01:21:07 CET 2026
#@# Fix Topology rh Fri Mar 13 01:22:50 CET 2026
#@# Smooth2 rh Fri Mar 13 01:29:25 CET 2026
#@# Inflation2 rh Fri Mar 13 01:29:28 CET 2026
#@# Curv .H and .K rh Fri Mar 13 01:29:53 CET 2026
#@# Sphere rh Fri Mar 13 01:30:43 CET 2026
#@# Surf Reg rh Fri Mar 13 01:33:39 CET 2026
#@# Jacobian white rh Fri Mar 13 01:39:50 CET 2026
#@# AvgCurv rh Fri Mar 13 01:39:51 CET 2026
#@# Cortical Parc rh Fri Mar 13 01:39:52 CET 2026
#@# white curv rh Fri Mar 13 01:47:12 CET 2026
#@# white area rh Fri Mar 13 01:47:14 CET 2026
#@# pial curv rh Fri Mar 13 01:47:15 CET 2026
#@# pial area rh Fri Mar 13 01:47:18 CET 2026
#@# thickness rh Fri Mar 13 01:47:18 CET 2026
#@# area and vertex vol rh Fri Mar 13 01:47:52 CET 2026
#@# Curvature Stats rh Fri Mar 13 01:47:54 CET 2026
#@# Cortical Parc 2 rh Fri Mar 13 01:47:57 CET 2026
#@# Cortical Parc 3 rh Fri Mar 13 01:48:11 CET 2026
#@# WM/GM Contrast rh Fri Mar 13 01:48:22 CET 2026
recon-all -s sub-v2s2x29091_ses-1 finished without error at Fri Mar 13 01:48:27 CET 2026



#New# invocation of recon-all 



status file for recon-all
Fri Mar 13 01:58:40 CET 2026
#@# white curv rh Fri Mar 13 01:58:40 CET 2026
#@# white area rh Fri Mar 13 01:58:40 CET 2026
#@# pial curv rh Fri Mar 13 01:58:40 CET 2026
#@# pial area rh Fri Mar 13 01:58:40 CET 2026
#@# thickness rh Fri Mar 13 01:58:40 CET 2026
#@# area and vertex vol rh Fri Mar 13 01:58:40 CET 2026
#@# Parcellation Stats rh Fri Mar 13 01:58:40 CET 2026
#@# Parcellation Stats 2 rh Fri Mar 13 01:59:01 CET 2026
#@# Parcellation Stats 3 rh Fri Mar 13 01:59:12 CET 2026
#@# BA_exvivo Labels rh Fri Mar 13 01:59:23 CET 2026
recon-all -s sub-v2s2x29091_ses-1 finished without error at Fri Mar 13 02:02:26 CET 2026
