status file for recon-all
Thu Mar 12 22:56:08 CET 2026
#@# MotionCor Thu Mar 12 22:56:10 CET 2026
#@# Talairach Thu Mar 12 22:56:21 CET 2026
#@# Talairach Failure Detection Thu Mar 12 23:00:45 CET 2026
#@# Nu Intensity Correction Thu Mar 12 23:00:45 CET 2026
#@# Intensity Normalization Thu Mar 12 23:04:03 CET 2026
recon-all -s sub-v2s2x29091_ses-1 finished without error at Thu Mar 12 23:05:36 CET 2026



#New# invocation of recon-all 



status file for recon-all
Thu Mar 12 23:13:21 CET 2026
#@# EM Registration Thu Mar 12 23:13:21 CET 2026
recon-all -s sub-v2s2x29091_ses-1 finished without error at Thu Mar 12 23:15:16 CET 2026



#New# invocation of recon-all 



status file for recon-all
Thu Mar 12 23:15:21 CET 2026
#@# CA Normalize Thu Mar 12 23:15:21 CET 2026
#@# CA Reg Thu Mar 12 23:16:41 CET 2026
#@# SubCort Seg Fri Mar 13 00:13:35 CET 2026
#@# CC Seg Fri Mar 13 00:46:13 CET 2026
#@# Merge ASeg Fri Mar 13 00:46:55 CET 2026
#@# Intensity Normalization2 Fri Mar 13 00:46:55 CET 2026
#@# Mask BFS Fri Mar 13 00:49:12 CET 2026
#@# WM Segmentation Fri Mar 13 00:49:13 CET 2026
#@# Fill Fri Mar 13 00:51:10 CET 2026
recon-all -s sub-v2s2x29091_ses-1 finished without error at Fri Mar 13 00:52:17 CET 2026



#New# invocation of recon-all 



status file for recon-all
Fri Mar 13 01:48:32 CET 2026
#@# white curv lh Fri Mar 13 01:48:32 CET 2026
#@# white area lh Fri Mar 13 01:48:32 CET 2026
#@# pial curv lh Fri Mar 13 01:48:32 CET 2026
#@# pial area lh Fri Mar 13 01:48:32 CET 2026
#@# thickness lh Fri Mar 13 01:48:32 CET 2026
#@# area and vertex vol lh Fri Mar 13 01:48:32 CET 2026
#@# white curv rh Fri Mar 13 01:48:32 CET 2026
#@# white area rh Fri Mar 13 01:48:32 CET 2026
#@# pial curv rh Fri Mar 13 01:48:32 CET 2026
#@# pial area rh Fri Mar 13 01:48:32 CET 2026
#@# thickness rh Fri Mar 13 01:48:32 CET 2026
#@# area and vertex vol rh Fri Mar 13 01:48:32 CET 2026
#@# Cortical ribbon mask Fri Mar 13 01:48:32 CET 2026
recon-all -s sub-v2s2x29091_ses-1 finished without error at Fri Mar 13 01:54:38 CET 2026



#New# invocation of recon-all 



status file for recon-all
Fri Mar 13 02:02:30 CET 2026
#@# white curv lh Fri Mar 13 02:02:30 CET 2026
#@# white area lh Fri Mar 13 02:02:30 CET 2026
#@# pial curv lh Fri Mar 13 02:02:30 CET 2026
#@# pial area lh Fri Mar 13 02:02:30 CET 2026
#@# thickness lh Fri Mar 13 02:02:30 CET 2026
#@# area and vertex vol lh Fri Mar 13 02:02:30 CET 2026
#@# white curv rh Fri Mar 13 02:02:30 CET 2026
#@# white area rh Fri Mar 13 02:02:30 CET 2026
#@# pial curv rh Fri Mar 13 02:02:30 CET 2026
#@# pial area rh Fri Mar 13 02:02:30 CET 2026
#@# thickness rh Fri Mar 13 02:02:30 CET 2026
#@# area and vertex vol rh Fri Mar 13 02:02:30 CET 2026
#@# Curvature Stats lh Fri Mar 13 02:02:30 CET 2026
#@# Curvature Stats rh Fri Mar 13 02:02:33 CET 2026
#@# Relabel Hypointensities Fri Mar 13 02:02:36 CET 2026
#@# APas-to-ASeg Fri Mar 13 02:02:55 CET 2026
#@# AParc-to-ASeg aparc Fri Mar 13 02:03:05 CET 2026
#@# AParc-to-ASeg aparc.a2009s Fri Mar 13 02:03:43 CET 2026
#@# AParc-to-ASeg aparc.DKTatlas Fri Mar 13 02:04:21 CET 2026
#@# WMParc Fri Mar 13 02:04:59 CET 2026
#@# ASeg Stats Fri Mar 13 02:09:28 CET 2026
recon-all -s sub-v2s2x29091_ses-1 finished without error at Fri Mar 13 02:10:13 CET 2026
