/out/sourcedata/freesurfer/sub-v2s2x29064_ses-1/mri
/opt/freesurfer/bin/talairach_avi
--i orig_nu.mgz --xfm transforms/talairach.auto.xfm
talairach_avi 7.3.2
Linux dna038 5.14.0-427.37.1.el9_4.x86_64 #1 SMP PREEMPT_DYNAMIC Fri Sep 13 12:41:50 EDT 2024 x86_64 x86_64 x86_64 GNU/Linux
Thu Mar 12 21:14:47 CET 2026
mri_convert orig_nu.mgz talsrcimg.img 
reading from orig_nu.mgz...
TR=0.00, TE=0.00, TI=0.00, flip angle=0.00
i_ras = (-1, 0, 0)
j_ras = (0, 0, -1)
k_ras = (0, 1, 0)
writing to talsrcimg.img...
Analyze Output Matrix
-0.89844   0.00000   0.00000   119.64428;
 0.00000   0.00000   0.89844  -121.68109;
 0.00000  -0.89844   0.00000   149.71213;
 0.00000   0.00000   0.00000   1.00000;
--------------------
INFO: set hdr.hist.orient to -1
mpr2mni305 talsrcimg
Thu Mar 12 21:14:48 CET 2026
/opt/freesurfer/bin/mpr2mni305 talsrcimg
mpr2mni305 7.3.2
target=711-2C_as_mni_average_305

---------------------------------------------------------------------
analyzeto4dfp talsrcimg -O0 -y
---------------------------------------------------------------------

freesurfer ifh2hdr.c
Thu Mar 12 21:14:48 2026
Writing: talsrcimg.4dfp.hdr
freesurfer analyzeto4dfp.c
Reading: talsrcimg.hdr
header size 348 bytes
hdr.dime.datatype	offset=70	value=2
hdr.dime.bitpix		offset=72	value=8
hdr.hist.orient		offset=252	value=-1
dimensionality     4
dimensions       256       256       256         1
Reading: talsrcimg.img
Writing: talsrcimg.4dfp.img
Writing: talsrcimg.4dfp.ifh
ifh2hdr talsrcimg -r0to239
ori=2

---------------------------------------------------------------------
gauss_4dfp talsrcimg 1.1
---------------------------------------------------------------------

freesurfer gauss_4dfp.c
Reading: talsrcimg.4dfp.img
Writing: talsrcimg_g11.4dfp.img
image dimensions 256 256 256 padded to 288 288 288
processing volume 1freesurfer ifh2hdr.c
Thu Mar 12 21:14:49 2026
Writing: talsrcimg_g11.4dfp.hdr

Writing: talsrcimg_g11.4dfp.ifh
including: talsrcimg.4dfp.img.rec in talsrcimg_g11.4dfp.img.rec

---------------------------------------------------------------------
imgreg_4dfp /opt/freesurfer/average/711-2C_as_mni_average_305 none talsrcimg_g11 none talsrcimg_to_711-2C_as_mni_average_305_t4 4355
---------------------------------------------------------------------

freesurfer imgreg_4dfp.c
/opt/freesurfer/average/711-2C_as_mni_average_305.4dfp.img
       256       256       256         1
  1.000000  1.000000  1.000000
orientation T byte_order littleendian
Reading image: /opt/freesurfer/average/711-2C_as_mni_average_305.4dfp.img
dimensions:      256       256       256
mmppix:       1.0000   -1.0000   -1.0000
center:     128.0000 -129.0000 -129.0000
talsrcimg_g11.4dfp.img
       256       256       256         1
  0.898438  0.898438  0.898438
orientation T byte_order littleendian
Reading image: talsrcimg_g11.4dfp.img
dimensions:      256       256       256
mmppix:       0.8984   -0.8984   -0.8984
center:     115.0001 -115.8985 -115.8985
t4_read: open error in t4_sub.f l:  41 t4_file(1:l)talsrcimg_to_711-2C_as_mni_average_305_t4 
t4_read: transform initialized to I4
rotation matrix determinant  1.000000
image alignment mode   4355 decimal     1103 hex
   -7.5000  -45.0000  -45.0000 6715.9160   13.6662
    0.0000  -45.0000  -45.0000 6737.9214   13.6760
    7.5000  -45.0000  -45.0000 6328.1504   13.6911
   -7.5000  -37.5000  -45.0000 7062.4028   14.5702
    0.0000  -37.5000  -45.0000 7078.4121   14.5797
    7.5000  -37.5000  -45.0000 6645.1118   14.5979
   -7.5000  -30.0000  -45.0000 7415.4888   15.0423
    0.0000  -30.0000  -45.0000 7422.9531   15.0529
    7.5000  -30.0000  -45.0000 6963.9028   15.0719
   -7.5000  -22.5000  -45.0000 7847.4565   15.0149
    0.0000  -22.5000  -45.0000 7867.3247   15.0272
    7.5000  -22.5000  -45.0000 7380.4512   15.0439
   -7.5000  -15.0000  -45.0000 8249.6484   14.9720
    0.0000  -15.0000  -45.0000 8245.4570   14.9850
    7.5000  -15.0000  -45.0000 7760.6963   14.9994
   -7.5000   -7.5000  -45.0000 8307.2998   14.9530
    0.0000   -7.5000  -45.0000 8305.4883   14.9654
    7.5000   -7.5000  -45.0000 7822.1675   14.9799
   -7.5000    0.0000  -45.0000 8336.3408   14.9806
    0.0000    0.0000  -45.0000 8346.0059   14.9913
    7.5000    0.0000  -45.0000 7861.1240   15.0079
   -7.5000    7.5000  -45.0000 7900.5166   15.0295
    0.0000    7.5000  -45.0000 7907.0767   15.0393
    7.5000    7.5000  -45.0000 7453.4033   15.0581
   -7.5000   15.0000  -45.0000 7572.0273   15.0423
    0.0000   15.0000  -45.0000 7582.6538   15.0529
    7.5000   15.0000  -45.0000 7146.9756   15.0719
   -7.5000   22.5000  -45.0000 6887.5161   14.8129
    0.0000   22.5000  -45.0000 6898.6909   14.8251
    7.5000   22.5000  -45.0000 6507.0122   14.8416
   -7.5000   30.0000  -45.0000 6212.0591   14.3769
    0.0000   30.0000  -45.0000 6211.2705   14.3894
    7.5000   30.0000  -45.0000 5870.5312   14.4032
   -7.5000   37.5000  -45.0000 5589.2378   14.1658
    0.0000   37.5000  -45.0000 5575.8022   14.1768
    7.5000   37.5000  -45.0000 5267.0254   14.1932
   -7.5000   45.0000  -45.0000 5013.2261   14.1628
    0.0000   45.0000  -45.0000 4980.7725   14.1697
    7.5000   45.0000  -45.0000 4688.2490   14.1864
   -7.5000  -45.0000  -37.5000 7308.0752   14.3578
    0.0000  -45.0000  -37.5000 7335.2744   14.3686
    7.5000  -45.0000  -37.5000 6887.9312   14.3871
   -7.5000  -37.5000  -37.5000 7659.9429   15.3120
    0.0000  -37.5000  -37.5000 7676.4932   15.3245
    7.5000  -37.5000  -37.5000 7201.0996   15.3476
   -7.5000  -30.0000  -37.5000 8036.1021   15.7734
    0.0000  -30.0000  -37.5000 8063.6299   15.7897
    7.5000  -30.0000  -37.5000 7551.5474   15.8167
   -7.5000  -22.5000  -37.5000 8529.6250   15.7384
    0.0000  -22.5000  -37.5000 8552.0488   15.7573
    7.5000  -22.5000  -37.5000 8012.1299   15.7839
   -7.5000  -15.0000  -37.5000 8959.6699   15.6949
    0.0000  -15.0000  -37.5000 8956.6025   15.7130
    7.5000  -15.0000  -37.5000 8407.1514   15.7358
   -7.5000   -7.5000  -37.5000 8993.2969   15.6827
    0.0000   -7.5000  -37.5000 8986.0439   15.6975
    7.5000   -7.5000  -37.5000 8442.8340   15.7174
   -7.5000    0.0000  -37.5000 8995.5889   15.7186
    0.0000    0.0000  -37.5000 9001.5781   15.7305
    7.5000    0.0000  -37.5000 8462.0332   15.7507
   -7.5000    7.5000  -37.5000 8487.0820   15.7670
    0.0000    7.5000  -37.5000 8486.3496   15.7798
    7.5000    7.5000  -37.5000 7998.9668   15.8036
   -7.5000   15.0000  -37.5000 8092.2432   15.7726
    0.0000   15.0000  -37.5000 8098.0425   15.7890
    7.5000   15.0000  -37.5000 7653.8584   15.8159
   -7.5000   22.5000  -37.5000 7376.1406   15.5280
    0.0000   22.5000  -37.5000 7385.8545   15.5466
    7.5000   22.5000  -37.5000 6968.8486   15.5728
   -7.5000   30.0000  -37.5000 6644.8145   15.0817
    0.0000   30.0000  -37.5000 6649.7524   15.0991
    7.5000   30.0000  -37.5000 6262.6465   15.1211
   -7.5000   37.5000  -37.5000 5971.0225   14.8688
    0.0000   37.5000  -37.5000 5952.9609   14.8820
    7.5000   37.5000  -37.5000 5608.2998   14.9042
   -7.5000   45.0000  -37.5000 5345.8955   14.8607
    0.0000   45.0000  -37.5000 5305.4385   14.8687
    7.5000   45.0000  -37.5000 5002.4526   14.8880
   -7.5000  -45.0000  -30.0000 7900.8521   15.0391
    0.0000  -45.0000  -30.0000 7939.4497   15.0425
    7.5000  -45.0000  -30.0000 7447.5156   15.0607
   -7.5000  -37.5000  -30.0000 8261.4365   16.0478
    0.0000  -37.5000  -30.0000 8293.2266   16.0519
    7.5000  -37.5000  -30.0000 7764.0361   16.0724
   -7.5000  -30.0000  -30.0000 8652.4385   16.5055
    0.0000  -30.0000  -30.0000 8672.5254   16.5124
    7.5000  -30.0000  -30.0000 8112.0093   16.5377
   -7.5000  -22.5000  -30.0000 9185.9648   16.4638
    0.0000  -22.5000  -30.0000 9192.3613   16.4726
    7.5000  -22.5000  -30.0000 8600.4766   16.5006
   -7.5000  -15.0000  -30.0000 9661.5088   16.4151
    0.0000  -15.0000  -30.0000 9659.4570   16.4237
    7.5000  -15.0000  -30.0000 9031.7861   16.4500
   -7.5000   -7.5000  -30.0000 9704.5654   16.4045
    0.0000   -7.5000  -30.0000 9690.1748   16.4108
    7.5000   -7.5000  -30.0000 9060.5684   16.4335
   -7.5000    0.0000  -30.0000 9661.8252   16.4475
    0.0000    0.0000  -30.0000 9669.3311   16.4512
    7.5000    0.0000  -30.0000 9037.4824   16.4710
   -7.5000    7.5000  -30.0000 9079.7949   16.4996
    0.0000    7.5000  -30.0000 9084.3184   16.5038
    7.5000    7.5000  -30.0000 8537.7119   16.5249
   -7.5000   15.0000  -30.0000 8624.5293   16.5033
    0.0000   15.0000  -30.0000 8644.3828   16.5101
    7.5000   15.0000  -30.0000 8150.3643   16.5355
   -7.5000   22.5000  -30.0000 7846.2466   16.2444
    0.0000   22.5000  -30.0000 7859.7407   16.2531
    7.5000   22.5000  -30.0000 7407.0991   16.2807
   -7.5000   30.0000  -30.0000 7068.5557   15.7853
    0.0000   30.0000  -30.0000 7067.1172   15.7936
    7.5000   30.0000  -30.0000 6643.4170   15.8189
   -7.5000   37.5000  -30.0000 6339.8125   15.5792
    0.0000   37.5000  -30.0000 6324.4541   15.5850
    7.5000   37.5000  -30.0000 5953.5356   15.6108
   -7.5000   45.0000  -30.0000 5651.3491   15.5712
    0.0000   45.0000  -30.0000 5627.2222   15.5714
    7.5000   45.0000  -30.0000 5306.7964   15.5896
   -7.5000  -45.0000  -22.5000 8475.8965   15.6747
    0.0000  -45.0000  -22.5000 8508.5273   15.6680
    7.5000  -45.0000  -22.5000 7993.9404   15.6825
   -7.5000  -37.5000  -22.5000 8855.4795   16.7429
    0.0000  -37.5000  -22.5000 8868.5039   16.7336
    7.5000  -37.5000  -22.5000 8314.6680   16.7467
   -7.5000  -30.0000  -22.5000 9266.3848   17.2071
    0.0000  -30.0000  -22.5000 9275.7295   17.1967
    7.5000  -30.0000  -22.5000 8672.8408   17.2125
   -7.5000  -22.5000  -22.5000 9813.2051   17.1631
    0.0000  -22.5000  -22.5000 9822.9385   17.1533
    7.5000  -22.5000  -22.5000 9186.8057   17.1732
   -7.5000  -15.0000  -22.500010331.6094   17.1054
    0.0000  -15.0000  -22.500010341.4395   17.0978
    7.5000  -15.0000  -22.5000 9656.5986   17.1193
   -7.5000   -7.5000  -22.500010385.6885   17.0879
    0.0000   -7.5000  -22.500010388.3398   17.0819
    7.5000   -7.5000  -22.5000 9683.9189   17.1019
   -7.5000    0.0000  -22.500010329.0205   17.1328
    0.0000    0.0000  -22.500010331.6055   17.1255
    7.5000    0.0000  -22.5000 9642.2578   17.1413
   -7.5000    7.5000  -22.5000 9672.1094   17.1929
    0.0000    7.5000  -22.5000 9678.0908   17.1833
    7.5000    7.5000  -22.5000 9069.3135   17.1968
   -7.5000   15.0000  -22.5000 9189.3584   17.2030
    0.0000   15.0000  -22.5000 9206.9844   17.1926
    7.5000   15.0000  -22.5000 8645.5732   17.2084
   -7.5000   22.5000  -22.5000 8308.4053   16.9360
    0.0000   22.5000  -22.5000 8336.7305   16.9264
    7.5000   22.5000  -22.5000 7855.9375   16.9460
   -7.5000   30.0000  -22.5000 7476.6821   16.4612
    0.0000   30.0000  -22.5000 7474.7939   16.4539
    7.5000   30.0000  -22.5000 7040.7314   16.4746
   -7.5000   37.5000  -22.5000 6701.4893   16.2554
    0.0000   37.5000  -22.5000 6701.5503   16.2501
    7.5000   37.5000  -22.5000 6313.8828   16.2737
   -7.5000   45.0000  -22.5000 5964.5962   16.2568
    0.0000   45.0000  -22.5000 5954.1348   16.2468
    7.5000   45.0000  -22.5000 5609.8438   16.2610
   -7.5000  -45.0000  -15.0000 9037.0332   16.2335
    0.0000  -45.0000  -15.0000 9056.0820   16.2261
    7.5000  -45.0000  -15.0000 8514.6777   16.2368
   -7.5000  -37.5000  -15.0000 9409.5938   17.3417
    0.0000  -37.5000  -15.0000 9413.1328   17.3293
    7.5000  -37.5000  -15.0000 8849.2480   17.3377
   -7.5000  -30.0000  -15.0000 9849.3945   17.8170
    0.0000  -30.0000  -15.0000 9854.3311   17.8003
    7.5000  -30.0000  -15.0000 9246.4443   17.8085
   -7.5000  -22.5000  -15.000010456.3271   17.7797
    0.0000  -22.5000  -15.000010453.5547   17.7626
    7.5000  -22.5000  -15.0000 9776.7266   17.7727
   -7.5000  -15.0000  -15.000010998.1475   17.7175
    0.0000  -15.0000  -15.000011006.7949   17.7044
    7.5000  -15.0000  -15.000010280.7334   17.7171
   -7.5000   -7.5000  -15.000011021.4414   17.6890
    0.0000   -7.5000  -15.000011025.8721   17.6805
    7.5000   -7.5000  -15.000010296.5332   17.6945
   -7.5000    0.0000  -15.000010923.6211   17.7264
    0.0000    0.0000  -15.000010919.6074   17.7183
    7.5000    0.0000  -15.000010213.2129   17.7300
   -7.5000    7.5000  -15.000010222.2529   17.7904
    0.0000    7.5000  -15.000010220.7754   17.7777
    7.5000    7.5000  -15.0000 9581.4258   17.7863
   -7.5000   15.0000  -15.0000 9711.7842   17.8115
    0.0000   15.0000  -15.0000 9731.4609   17.7948
    7.5000   15.0000  -15.0000 9121.3818   17.8030
   -7.5000   22.5000  -15.0000 8777.3721   17.5471
    0.0000   22.5000  -15.0000 8800.9492   17.5302
    7.5000   22.5000  -15.0000 8267.0127   17.5402
   -7.5000   30.0000  -15.0000 7876.8384   17.0631
    0.0000   30.0000  -15.0000 7885.5508   17.0504
    7.5000   30.0000  -15.0000 7416.2974   17.0627
   -7.5000   37.5000  -15.0000 7039.9453   16.8510
    0.0000   37.5000  -15.0000 7045.1577   16.8434
    7.5000   37.5000  -15.0000 6626.5083   16.8606
   -7.5000   45.0000  -15.0000 6248.4507   16.8587
    0.0000   45.0000  -15.0000 6237.9253   16.8474
    7.5000   45.0000  -15.0000 5874.6279   16.8585
   -7.5000  -45.0000   -7.5000 9258.1104   16.2435
    0.0000  -45.0000   -7.5000 9269.4375   16.2460
    7.5000  -45.0000   -7.5000 8770.2188   16.2591
   -7.5000  -37.5000   -7.5000 9642.6797   17.3475
    0.0000  -37.5000   -7.5000 9645.1826   17.3465
    7.5000  -37.5000   -7.5000 9126.2822   17.3598
   -7.5000  -30.0000   -7.500010133.4189   17.8249
    0.0000  -30.0000   -7.500010151.0088   17.8210
    7.5000  -30.0000   -7.5000 9527.0625   17.8333
   -7.5000  -22.5000   -7.500010768.6387   17.7942
    0.0000  -22.5000   -7.500010781.4756   17.7904
    7.5000  -22.5000   -7.500010077.6377   17.8013
   -7.5000  -15.0000   -7.500011308.3066   17.7372
    0.0000  -15.0000   -7.500011295.3232   17.7363
    7.5000  -15.0000   -7.500010580.6670   17.7473
   -7.5000   -7.5000   -7.500011292.3438   17.7068
    0.0000   -7.5000   -7.500011265.3330   17.7093
    7.5000   -7.5000   -7.500010588.0420   17.7224
   -7.5000    0.0000   -7.500011149.2617   17.7372
    0.0000    0.0000   -7.500011120.5791   17.7400
    7.5000    0.0000   -7.500010456.3223   17.7542
   -7.5000    7.5000   -7.500010407.9561   17.7964
    0.0000    7.5000   -7.500010404.9492   17.7954
    7.5000    7.5000   -7.5000 9783.6992   17.8091
   -7.5000   15.0000   -7.5000 9909.4229   17.8194
    0.0000   15.0000   -7.5000 9918.5342   17.8155
    7.5000   15.0000   -7.5000 9322.2559   17.8278
   -7.5000   22.5000   -7.5000 8956.1475   17.5615
    0.0000   22.5000   -7.5000 8969.8652   17.5577
    7.5000   22.5000   -7.5000 8430.7764   17.5684
   -7.5000   30.0000   -7.5000 8036.7212   17.0821
    0.0000   30.0000   -7.5000 8037.2495   17.0811
    7.5000   30.0000   -7.5000 7546.7300   17.0918
   -7.5000   37.5000   -7.5000 7152.2905   16.8639
    0.0000   37.5000   -7.5000 7149.1191   16.8662
    7.5000   37.5000   -7.5000 6720.9321   16.8818
   -7.5000   45.0000   -7.5000 6327.5166   16.8695
    0.0000   45.0000   -7.5000 6300.1992   16.8683
    7.5000   45.0000   -7.5000 5932.5684   16.8828
   -7.5000  -45.0000    0.0000 9291.5186   16.6582
    0.0000  -45.0000    0.0000 9289.2969   16.6705
    7.5000  -45.0000    0.0000 8814.3164   16.6891
   -7.5000  -37.5000    0.0000 9743.6553   17.7767
    0.0000  -37.5000    0.0000 9733.7822   17.7890
    7.5000  -37.5000    0.0000 9211.4375   17.8121
   -7.5000  -30.0000    0.000010309.6514   18.2474
    0.0000  -30.0000    0.000010333.0293   18.2611
    7.5000  -30.0000    0.0000 9659.4268   18.2853
   -7.5000  -22.5000    0.000010873.4434   18.2149
    0.0000  -22.5000    0.000010882.5781   18.2306
    7.5000  -22.5000    0.000010200.9863   18.2519
   -7.5000  -15.0000    0.000011363.7471   18.1630
    0.0000  -15.0000    0.000011346.4746   18.1791
    7.5000  -15.0000    0.000010690.3477   18.1969
   -7.5000   -7.5000    0.000011360.6885   18.1393
    0.0000   -7.5000    0.000011329.5723   18.1545
    7.5000   -7.5000    0.000010691.2363   18.1722
   -7.5000    0.0000    0.000011197.2471   18.1720
    0.0000    0.0000    0.000011171.8965   18.1854
    7.5000    0.0000    0.000010531.3457   18.2058
   -7.5000    7.5000    0.000010448.0127   18.2247
    0.0000    7.5000    0.000010415.9434   18.2373
    7.5000    7.5000    0.0000 9822.1133   18.2609
   -7.5000   15.0000    0.0000 9931.0908   18.2410
    0.0000   15.0000    0.0000 9919.3135   18.2547
    7.5000   15.0000    0.0000 9350.4854   18.2789
   -7.5000   22.5000    0.0000 8957.9561   17.9792
    0.0000   22.5000    0.0000 8958.1855   17.9946
    7.5000   22.5000    0.0000 8437.5557   18.0157
   -7.5000   30.0000    0.0000 8020.4175   17.5027
    0.0000   30.0000    0.0000 8012.6865   17.5182
    7.5000   30.0000    0.0000 7540.4688   17.5354
   -7.5000   37.5000    0.0000 7115.2129   17.2941
    0.0000   37.5000    0.0000 7111.7441   17.3077
    7.5000   37.5000    0.0000 6687.0801   17.3277
   -7.5000   45.0000    0.0000 6249.2681   17.3193
    0.0000   45.0000    0.0000 6225.0132   17.3282
    7.5000   45.0000    0.0000 5867.4443   17.3489
   -7.5000  -45.0000    7.5000 9012.1348   16.6535
    0.0000  -45.0000    7.5000 9014.8994   16.6661
    7.5000  -45.0000    7.5000 8554.0078   16.6875
   -7.5000  -37.5000    7.5000 9453.7266   17.7691
    0.0000  -37.5000    7.5000 9461.8379   17.7836
    7.5000  -37.5000    7.5000 8923.1328   17.8104
   -7.5000  -30.0000    7.500010025.1904   18.2304
    0.0000  -30.0000    7.500010044.4463   18.2493
    7.5000  -30.0000    7.5000 9396.6084   18.2804
   -7.5000  -22.5000    7.500010553.7109   18.1908
    0.0000  -22.5000    7.500010548.6250   18.2126
    7.5000  -22.5000    7.5000 9929.1377   18.2432
   -7.5000  -15.0000    7.500011008.6719   18.1409
    0.0000  -15.0000    7.500010967.5186   18.1618
    7.5000  -15.0000    7.500010376.3105   18.1880
   -7.5000   -7.5000    7.500010979.3730   18.1264
    0.0000   -7.5000    7.500010941.4590   18.1434
    7.5000   -7.5000    7.500010367.7520   18.1663
   -7.5000    0.0000    7.500010803.7188   18.1670
    0.0000    0.0000    7.500010789.5850   18.1806
    7.5000    0.0000    7.500010189.4404   18.2039
   -7.5000    7.5000    7.500010045.4102   18.2169
    0.0000    7.5000    7.500010020.0010   18.2317
    7.5000    7.5000    7.5000 9448.5352   18.2592
   -7.5000   15.0000    7.5000 9539.2236   18.2239
    0.0000   15.0000    7.5000 9516.5098   18.2428
    7.5000   15.0000    7.5000 8974.3457   18.2740
   -7.5000   22.5000    7.5000 8587.4629   17.9554
    0.0000   22.5000    7.5000 8574.9365   17.9769
    7.5000   22.5000    7.5000 8085.4922   18.0071
   -7.5000   30.0000    7.5000 7668.5474   17.4814
    0.0000   30.0000    7.5000 7654.1318   17.5015
    7.5000   30.0000    7.5000 7205.8516   17.5268
   -7.5000   37.5000    7.5000 6803.8916   17.2837
    0.0000   37.5000    7.5000 6777.9746   17.2990
    7.5000   37.5000    7.5000 6391.9497   17.3247
   -7.5000   45.0000    7.5000 5955.5283   17.3168
    0.0000   45.0000    7.5000 5923.8540   17.3259
    7.5000   45.0000    7.5000 5606.9546   17.3485
   -7.5000  -45.0000   15.0000 9007.7988   16.7228
    0.0000  -45.0000   15.0000 9020.3750   16.7258
    7.5000  -45.0000   15.0000 8532.8906   16.7458
   -7.5000  -37.5000   15.0000 9384.0576   17.8466
    0.0000  -37.5000   15.0000 9394.7822   17.8505
    7.5000  -37.5000   15.0000 8855.0811   17.8732
   -7.5000  -30.0000   15.0000 9899.6025   18.3076
    0.0000  -30.0000   15.0000 9920.9609   18.3145
    7.5000  -30.0000   15.0000 9284.9453   18.3426
   -7.5000  -22.5000   15.000010491.5889   18.2621
    0.0000  -22.5000   15.000010494.9434   18.2712
    7.5000  -22.5000   15.0000 9841.2500   18.3020
   -7.5000  -15.0000   15.000010949.1250   18.2082
    0.0000  -15.0000   15.000010924.4043   18.2170
    7.5000  -15.0000   15.000010315.2812   18.2458
   -7.5000   -7.5000   15.000010900.5947   18.1957
    0.0000   -7.5000   15.000010872.4023   18.2019
    7.5000   -7.5000   15.000010304.8066   18.2266
   -7.5000    0.0000   15.000010699.2041   18.2425
    0.0000    0.0000   15.000010671.7178   18.2459
    7.5000    0.0000   15.000010122.6943   18.2676
   -7.5000    7.5000   15.0000 9923.3936   18.2964
    0.0000    7.5000   15.0000 9896.2109   18.3003
    7.5000    7.5000   15.0000 9395.8926   18.3237
   -7.5000   15.0000   15.0000 9440.2158   18.3011
    0.0000   15.0000   15.0000 9429.4482   18.3081
    7.5000   15.0000   15.0000 8932.7100   18.3361
   -7.5000   22.5000   15.0000 8512.2119   18.0257
    0.0000   22.5000   15.0000 8488.6064   18.0347
    7.5000   22.5000   15.0000 8031.3999   18.0652
   -7.5000   30.0000   15.0000 7581.6377   17.5462
    0.0000   30.0000   15.0000 7555.9951   17.5547
    7.5000   30.0000   15.0000 7138.2090   17.5825
   -7.5000   37.5000   15.0000 6712.2954   17.3555
    0.0000   37.5000   15.0000 6691.6660   17.3611
    7.5000   37.5000   15.0000 6334.5020   17.3895
   -7.5000   45.0000   15.0000 5885.1050   17.3914
    0.0000   45.0000   15.0000 5874.8379   17.3908
    7.5000   45.0000   15.0000 5558.3779   17.4109
   -7.5000  -45.0000   22.5000 8517.5000   16.9164
    0.0000  -45.0000   22.5000 8538.4434   16.9090
    7.5000  -45.0000   22.5000 8051.5811   16.9252
   -7.5000  -37.5000   22.5000 8859.9541   18.0598
    0.0000  -37.5000   22.5000 8862.3789   18.0498
    7.5000  -37.5000   22.5000 8371.3105   18.0646
   -7.5000  -30.0000   22.5000 9284.3164   18.5337
    0.0000  -30.0000   22.5000 9278.4658   18.5226
    7.5000  -30.0000   22.5000 8763.8232   18.5403
   -7.5000  -22.5000   22.5000 9802.6465   18.4890
    0.0000  -22.5000   22.5000 9801.8701   18.4783
    7.5000  -22.5000   22.5000 9262.0527   18.5004
   -7.5000  -15.0000   22.500010267.1953   18.4283
    0.0000  -15.0000   22.500010268.3555   18.4197
    7.5000  -15.0000   22.5000 9720.5977   18.4436
   -7.5000   -7.5000   22.500010254.9336   18.4082
    0.0000   -7.5000   22.500010271.1348   18.4013
    7.5000   -7.5000   22.5000 9725.8350   18.4236
   -7.5000    0.0000   22.500010071.5107   18.4537
    0.0000    0.0000   22.500010086.0898   18.4457
    7.5000    0.0000   22.5000 9568.7520   18.4633
   -7.5000    7.5000   22.5000 9355.8232   18.5149
    0.0000    7.5000   22.5000 9367.4287   18.5046
    7.5000    7.5000   22.5000 8872.1240   18.5198
   -7.5000   15.0000   22.5000 8906.6719   18.5272
    0.0000   15.0000   22.5000 8919.3770   18.5160
    7.5000   15.0000   22.5000 8441.6250   18.5338
   -7.5000   22.5000   22.5000 8024.5527   18.2497
    0.0000   22.5000   22.5000 8016.3379   18.2392
    7.5000   22.5000   22.5000 7588.6089   18.2610
   -7.5000   30.0000   22.5000 7130.5361   17.7584
    0.0000   30.0000   22.5000 7111.9946   17.7501
    7.5000   30.0000   22.5000 6734.4072   17.7731
   -7.5000   37.5000   22.5000 6302.2319   17.5650
    0.0000   37.5000   22.5000 6288.8257   17.5590
    7.5000   37.5000   22.5000 5972.3750   17.5852
   -7.5000   45.0000   22.5000 5530.8823   17.5915
    0.0000   45.0000   22.5000 5507.1450   17.5804
    7.5000   45.0000   22.5000 5247.3525   17.5965
   -7.5000  -45.0000   30.0000 7971.9268   17.1460
    0.0000  -45.0000   30.0000 7996.2085   17.1387
    7.5000  -45.0000   30.0000 7541.3052   17.1530
   -7.5000  -37.5000   30.0000 8298.3896   18.3136
    0.0000  -37.5000   30.0000 8309.9092   18.3015
    7.5000  -37.5000   30.0000 7848.9673   18.3134
   -7.5000  -30.0000   30.0000 8654.7578   18.8067
    0.0000  -30.0000   30.0000 8658.6055   18.7899
    7.5000  -30.0000   30.0000 8208.3086   18.8008
   -7.5000  -22.5000   30.0000 9099.2832   18.7710
    0.0000  -22.5000   30.0000 9122.8828   18.7529
    7.5000  -22.5000   30.0000 8664.9785   18.7649
   -7.5000  -15.0000   30.0000 9529.3027   18.7097
    0.0000  -15.0000   30.0000 9552.6836   18.6952
    7.5000  -15.0000   30.0000 9085.0771   18.7101
   -7.5000   -7.5000   30.0000 9553.8535   18.6798
    0.0000   -7.5000   30.0000 9578.6641   18.6706
    7.5000   -7.5000   30.0000 9096.6309   18.6879
   -7.5000    0.0000   30.0000 9405.1143   18.7156
    0.0000    0.0000   30.0000 9419.7881   18.7077
    7.5000    0.0000   30.0000 8953.7432   18.7233
   -7.5000    7.5000   30.0000 8738.8330   18.7783
    0.0000    7.5000   30.0000 8747.4678   18.7659
    7.5000    7.5000   30.0000 8307.3945   18.7781
   -7.5000   15.0000   30.0000 8319.0176   18.8000
    0.0000   15.0000   30.0000 8323.7334   18.7832
    7.5000   15.0000   30.0000 7907.1108   18.7941
   -7.5000   22.5000   30.0000 7491.9570   18.5265
    0.0000   22.5000   30.0000 7478.9995   18.5085
    7.5000   22.5000   30.0000 7100.4419   18.5204
   -7.5000   30.0000   30.0000 6636.6714   18.0378
    0.0000   30.0000   30.0000 6618.9771   18.0238
    7.5000   30.0000   30.0000 6275.0322   18.0382
   -7.5000   37.5000   30.0000 5870.4976   17.8462
    0.0000   37.5000   30.0000 5850.6128   17.8380
    7.5000   37.5000   30.0000 5556.0464   17.8587
   -7.5000   45.0000   30.0000 5143.8638   17.8625
    0.0000   45.0000   30.0000 5125.1455   17.8513
    7.5000   45.0000   30.0000 4869.4331   17.8662
   -7.5000  -45.0000   37.5000 7426.4502   17.3161
    0.0000  -45.0000   37.5000 7448.3682   17.3185
    7.5000  -45.0000   37.5000 7027.3999   17.3359
   -7.5000  -37.5000   37.5000 7721.1758   18.4980
    0.0000  -37.5000   37.5000 7751.3794   18.4961
    7.5000  -37.5000   37.5000 7318.4067   18.5136
   -7.5000  -30.0000   37.5000 8056.0630   18.9877
    0.0000  -30.0000   37.5000 8080.3379   18.9820
    7.5000  -30.0000   37.5000 7659.2202   18.9975
   -7.5000  -22.5000   37.5000 8483.4951   18.9566
    0.0000  -22.5000   37.5000 8500.3184   18.9507
    7.5000  -22.5000   37.5000 8070.5776   18.9642
   -7.5000  -15.0000   37.5000 8877.3643   18.8967
    0.0000  -15.0000   37.5000 8896.5498   18.8943
    7.5000  -15.0000   37.5000 8453.3672   18.9082
   -7.5000   -7.5000   37.5000 8902.8906   18.8631
    0.0000   -7.5000   37.5000 8923.6152   18.8652
    7.5000   -7.5000   37.5000 8481.4307   18.8823
   -7.5000    0.0000   37.5000 8773.3037   18.8940
    0.0000    0.0000   37.5000 8792.0605   18.8967
    7.5000    0.0000   37.5000 8358.0752   18.9156
   -7.5000    7.5000   37.5000 8159.7437   18.9556
    0.0000    7.5000   37.5000 8162.0894   18.9538
    7.5000    7.5000   37.5000 7752.8564   18.9716
   -7.5000   15.0000   37.5000 7754.5200   18.9808
    0.0000   15.0000   37.5000 7758.3970   18.9751
    7.5000   15.0000   37.5000 7378.1333   18.9906
   -7.5000   22.5000   37.5000 6962.5059   18.7064
    0.0000   22.5000   37.5000 6964.3696   18.7006
    7.5000   22.5000   37.5000 6613.1865   18.7138
   -7.5000   30.0000   37.5000 6195.4614   18.2179
    0.0000   30.0000   37.5000 6170.7192   18.2156
    7.5000   30.0000   37.5000 5855.2822   18.2291
   -7.5000   37.5000   37.5000 5472.7227   18.0282
    0.0000   37.5000   37.5000 5457.7954   18.0300
    7.5000   37.5000   37.5000 5177.1416   18.0501
   -7.5000   45.0000   37.5000 4796.5986   18.0326
    0.0000   45.0000   37.5000 4780.7109   18.0304
    7.5000   45.0000   37.5000 4538.2192   18.0492
   -7.5000  -45.0000   45.0000 6872.8672   17.5482
    0.0000  -45.0000   45.0000 6891.6045   17.5520
    7.5000  -45.0000   45.0000 6503.9263   17.5741
   -7.5000  -37.5000   45.0000 7137.5903   18.7450
    0.0000  -37.5000   45.0000 7155.8286   18.7478
    7.5000  -37.5000   45.0000 6769.7163   18.7759
   -7.5000  -30.0000   45.0000 7449.3320   19.2156
    0.0000  -30.0000   45.0000 7472.1284   19.2196
    7.5000  -30.0000   45.0000 7087.7979   19.2495
   -7.5000  -22.5000   45.0000 7859.4482   19.1793
    0.0000  -22.5000   45.0000 7873.7495   19.1855
    7.5000  -22.5000   45.0000 7474.6875   19.2116
   -7.5000  -15.0000   45.0000 8251.7764   19.1209
    0.0000  -15.0000   45.0000 8266.5596   19.1279
    7.5000  -15.0000   45.0000 7849.5640   19.1490
   -7.5000   -7.5000   45.0000 8287.8672   19.0940
    0.0000   -7.5000   45.0000 8305.0342   19.1002
    7.5000   -7.5000   45.0000 7893.0625   19.1207
   -7.5000    0.0000   45.0000 8158.1396   19.1308
    0.0000    0.0000   45.0000 8168.8179   19.1348
    7.5000    0.0000   45.0000 7763.8369   19.1590
   -7.5000    7.5000   45.0000 7575.4365   19.1903
    0.0000    7.5000   45.0000 7581.3633   19.1932
    7.5000    7.5000   45.0000 7198.4453   19.2220
   -7.5000   15.0000   45.0000 7206.0894   19.2085
    0.0000   15.0000   45.0000 7209.1250   19.2124
    7.5000   15.0000   45.0000 6842.1128   19.2423
   -7.5000   22.5000   45.0000 6485.2695   18.9236
    0.0000   22.5000   45.0000 6480.2554   18.9297
    7.5000   22.5000   45.0000 6150.2627   18.9555
   -7.5000   30.0000   45.0000 5776.8521   18.4323
    0.0000   30.0000   45.0000 5758.6528   18.4390
    7.5000   30.0000   45.0000 5470.3667   18.4594
   -7.5000   37.5000   45.0000 5093.8281   18.2552
    0.0000   37.5000   45.0000 5077.6206   18.2599
    7.5000   37.5000   45.0000 4826.0610   18.2832
   -7.5000   45.0000   45.0000 4474.3564   18.2545
    0.0000   45.0000   45.0000 4454.5566   18.2527
    7.5000   45.0000   45.0000 4222.0249   18.2775

---------------------------------------------------------------------
imgreg_4dfp /opt/freesurfer/average/711-2C_as_mni_average_305 /opt/freesurfer/average/711-2B_as_mni_average_305_mask talsrcimg_g11 none talsrcimg_to_711-2C_as_mni_average_305_t4 4355
---------------------------------------------------------------------

freesurfer imgreg_4dfp.c
/opt/freesurfer/average/711-2C_as_mni_average_305.4dfp.img
       256       256       256         1
  1.000000  1.000000  1.000000
orientation T byte_order littleendian
Reading image: /opt/freesurfer/average/711-2C_as_mni_average_305.4dfp.img
dimensions:      256       256       256
mmppix:       1.0000   -1.0000   -1.0000
center:     128.0000 -129.0000 -129.0000
/opt/freesurfer/average/711-2B_as_mni_average_305_mask.4dfp.img
       256       256       256         1
  1.000000  1.000000  1.000000
orientation T byte_order littleendian
Reading mask: /opt/freesurfer/average/711-2B_as_mni_average_305_mask.4dfp.img (2306576 pixels)
talsrcimg_g11.4dfp.img
       256       256       256         1
  0.898438  0.898438  0.898438
orientation T byte_order littleendian
Reading image: talsrcimg_g11.4dfp.img
dimensions:      256       256       256
mmppix:       0.8984   -0.8984   -0.8984
center:     115.0001 -115.8985 -115.8985
rotation matrix determinant  1.000000
image alignment mode   4355 decimal     1103 hex
  -15.0000  -60.0000  -45.0000 1856.5513   16.7053
   -7.5000  -60.0000  -45.0000 1882.0466   16.4612
    0.0000  -60.0000  -45.0000 1888.8386   16.4642
  -15.0000  -52.5000  -45.0000 1944.0690   15.3567
   -7.5000  -52.5000  -45.0000 1973.4948   15.1280
    0.0000  -52.5000  -45.0000 1979.2737   15.1543
  -15.0000  -45.0000  -45.0000 2020.6538   14.5656
   -7.5000  -45.0000  -45.0000 2055.4834   14.3547
    0.0000  -45.0000  -45.0000 2064.1572   14.3925
  -15.0000  -37.5000  -45.0000 2065.0286   13.9224
   -7.5000  -37.5000  -45.0000 2099.3665   13.6859
    0.0000  -37.5000  -45.0000 2106.1731   13.7188
  -15.0000  -30.0000  -45.0000 2088.9661   13.4568
   -7.5000  -30.0000  -45.0000 2119.9106   13.2186
    0.0000  -30.0000  -45.0000 2121.7129   13.2657
  -15.0000  -22.5000  -45.0000 2080.0071   13.2960
   -7.5000  -22.5000  -45.0000 2113.5017   13.0446
    0.0000  -22.5000  -45.0000 2117.4141   13.0620
  -15.0000  -15.0000  -45.0000 2061.8489   13.3725
   -7.5000  -15.0000  -45.0000 2096.5237   13.0953
    0.0000  -15.0000  -45.0000 2094.3110   13.1131
  -15.0000   -7.5000  -45.0000 2039.8241   13.6812
   -7.5000   -7.5000  -45.0000 2075.1016   13.3681
    0.0000   -7.5000  -45.0000 2071.2070   13.4004
  -15.0000    0.0000  -45.0000 2004.7502   14.3580
   -7.5000    0.0000  -45.0000 2037.5609   13.9956
    0.0000    0.0000  -45.0000 2035.7455   14.0176
  -15.0000    7.5000  -45.0000 1951.9099   15.3702
   -7.5000    7.5000  -45.0000 1981.3245   15.0303
    0.0000    7.5000  -45.0000 1980.3640   15.0434
  -15.0000   15.0000  -45.0000 1870.8470   16.8562
   -7.5000   15.0000  -45.0000 1907.7986   16.4648
    0.0000   15.0000  -45.0000 1906.6821   16.5079
  -15.0000   22.5000  -45.0000 1774.4486   18.6882
   -7.5000   22.5000  -45.0000 1809.3898   18.2575
    0.0000   22.5000  -45.0000 1804.3352   18.3198
  -15.0000   30.0000  -45.0000 1669.3837   21.0562
   -7.5000   30.0000  -45.0000 1699.8365   20.6462
    0.0000   30.0000  -45.0000 1696.0251   20.6801
  -15.0000  -60.0000  -37.5000 2004.1527   16.3098
   -7.5000  -60.0000  -37.5000 2031.6163   16.0533
    0.0000  -60.0000  -37.5000 2038.9037   16.1135
  -15.0000  -52.5000  -37.5000 2096.3074   14.9465
   -7.5000  -52.5000  -37.5000 2134.7380   14.7370
    0.0000  -52.5000  -37.5000 2140.1445   14.7919
  -15.0000  -45.0000  -37.5000 2178.2346   14.1875
   -7.5000  -45.0000  -37.5000 2217.9785   13.9744
    0.0000  -45.0000  -37.5000 2224.3289   14.0273
  -15.0000  -37.5000  -37.5000 2228.0410   13.5719
   -7.5000  -37.5000  -37.5000 2261.2114   13.3174
    0.0000  -37.5000  -37.5000 2265.1184   13.3373
  -15.0000  -30.0000  -37.5000 2259.4609   13.1248
   -7.5000  -30.0000  -37.5000 2285.3032   12.8496
    0.0000  -30.0000  -37.5000 2291.3882   12.8706
  -15.0000  -22.5000  -37.5000 2260.3899   12.9537
   -7.5000  -22.5000  -37.5000 2297.6689   12.6824
    0.0000  -22.5000  -37.5000 2299.0208   12.6968
  -15.0000  -15.0000  -37.5000 2241.9080   13.0614
   -7.5000  -15.0000  -37.5000 2282.3540   12.7778
    0.0000  -15.0000  -37.5000 2277.3906   12.8160
  -15.0000   -7.5000  -37.5000 2212.2695   13.3871
   -7.5000   -7.5000  -37.5000 2257.9343   13.0773
    0.0000   -7.5000  -37.5000 2254.0720   13.1173
  -15.0000    0.0000  -37.5000 2170.1440   14.0708
   -7.5000    0.0000  -37.5000 2216.5552   13.7230
    0.0000    0.0000  -37.5000 2213.5171   13.7478
  -15.0000    7.5000  -37.5000 2107.0312   15.0682
   -7.5000    7.5000  -37.5000 2149.7881   14.7411
    0.0000    7.5000  -37.5000 2145.1025   14.7651
  -15.0000   15.0000  -37.5000 2022.6160   16.4949
   -7.5000   15.0000  -37.5000 2062.9226   16.1211
    0.0000   15.0000  -37.5000 2056.3281   16.1679
  -15.0000   22.5000  -37.5000 1921.9368   18.3078
   -7.5000   22.5000  -37.5000 1957.4174   17.8960
    0.0000   22.5000  -37.5000 1952.1284   17.9450
  -15.0000   30.0000  -37.5000 1802.0352   20.6601
   -7.5000   30.0000  -37.5000 1834.4639   20.1897
    0.0000   30.0000  -37.5000 1834.7871   20.2309
  -15.0000  -60.0000  -30.0000 2125.1895   15.8215
   -7.5000  -60.0000  -30.0000 2164.1912   15.5768
    0.0000  -60.0000  -30.0000 2170.0334   15.6186
  -15.0000  -52.5000  -30.0000 2227.1821   14.4982
   -7.5000  -52.5000  -30.0000 2266.4709   14.2684
    0.0000  -52.5000  -30.0000 2276.0820   14.3292
  -15.0000  -45.0000  -30.0000 2319.1809   13.7499
   -7.5000  -45.0000  -30.0000 2356.7114   13.5003
    0.0000  -45.0000  -30.0000 2367.0129   13.5363
  -15.0000  -37.5000  -30.0000 2369.2336   13.1150
   -7.5000  -37.5000  -30.0000 2407.0542   12.8648
    0.0000  -37.5000  -30.0000 2411.2561   12.8978
  -15.0000  -30.0000  -30.0000 2401.8977   12.6832
   -7.5000  -30.0000  -30.0000 2438.8359   12.4090
    0.0000  -30.0000  -30.0000 2441.8208   12.4371
  -15.0000  -22.5000  -30.0000 2419.5220   12.4895
   -7.5000  -22.5000  -30.0000 2460.3638   12.2162
    0.0000  -22.5000  -30.0000 2458.9656   12.2158
  -15.0000  -15.0000  -30.0000 2411.2815   12.6261
   -7.5000  -15.0000  -30.0000 2458.1472   12.3303
    0.0000  -15.0000  -30.0000 2454.1206   12.3465
  -15.0000   -7.5000  -30.0000 2380.8008   13.0035
   -7.5000   -7.5000  -30.0000 2438.3728   12.6817
    0.0000   -7.5000  -30.0000 2432.7686   12.6995
  -15.0000    0.0000  -30.0000 2325.8523   13.7015
   -7.5000    0.0000  -30.0000 2385.8345   13.3751
    0.0000    0.0000  -30.0000 2383.9021   13.3998
  -15.0000    7.5000  -30.0000 2250.5879   14.7088
   -7.5000    7.5000  -30.0000 2300.9856   14.3740
    0.0000    7.5000  -30.0000 2298.5405   14.3873
  -15.0000   15.0000  -30.0000 2161.8691   16.0547
   -7.5000   15.0000  -30.0000 2201.5691   15.7018
    0.0000   15.0000  -30.0000 2197.3445   15.7222
  -15.0000   22.5000  -30.0000 2049.2864   17.8763
   -7.5000   22.5000  -30.0000 2087.0957   17.4442
    0.0000   22.5000  -30.0000 2083.2424   17.4385
  -15.0000   30.0000  -30.0000 1920.4097   20.1981
   -7.5000   30.0000  -30.0000 1960.2590   19.6838
    0.0000   30.0000  -30.0000 1958.3502   19.6969
  -15.0000  -60.0000  -22.5000 2226.5710   15.2600
   -7.5000  -60.0000  -22.5000 2264.2925   14.9688
    0.0000  -60.0000  -22.5000 2271.5793   14.9809
  -15.0000  -52.5000  -22.5000 2337.1619   13.9604
   -7.5000  -52.5000  -22.5000 2378.9958   13.6685
    0.0000  -52.5000  -22.5000 2387.2656   13.6626
  -15.0000  -45.0000  -22.5000 2437.5847   13.1717
   -7.5000  -45.0000  -22.5000 2476.9927   12.8983
    0.0000  -45.0000  -22.5000 2486.6572   12.9193
  -15.0000  -37.5000  -22.5000 2494.8286   12.5617
   -7.5000  -37.5000  -22.5000 2539.8596   12.2885
    0.0000  -37.5000  -22.5000 2543.7852   12.2954
  -15.0000  -30.0000  -22.5000 2535.5833   12.1523
   -7.5000  -30.0000  -22.5000 2583.7056   11.8984
    0.0000  -30.0000  -22.5000 2587.0989   11.8834
  -15.0000  -22.5000  -22.5000 2560.6318   11.9625
   -7.5000  -22.5000  -22.5000 2608.4404   11.6940
    0.0000  -22.5000  -22.5000 2610.1274   11.6852
  -15.0000  -15.0000  -22.5000 2558.4636   12.1003
   -7.5000  -15.0000  -22.5000 2614.8159   11.7989
    0.0000  -15.0000  -22.5000 2613.5625   11.8047
  -15.0000   -7.5000  -22.5000 2529.8140   12.4968
   -7.5000   -7.5000  -22.5000 2599.2227   12.1688
    0.0000   -7.5000  -22.5000 2596.7461   12.1931
  -15.0000    0.0000  -22.5000 2473.8916   13.2179
   -7.5000    0.0000  -22.5000 2536.4128   12.8882
    0.0000    0.0000  -22.5000 2532.6489   12.9051
  -15.0000    7.5000  -22.5000 2383.2019   14.2109
   -7.5000    7.5000  -22.5000 2433.7307   13.8707
    0.0000    7.5000  -22.5000 2431.4099   13.9011
  -15.0000   15.0000  -22.5000 2277.3235   15.5569
   -7.5000   15.0000  -22.5000 2320.2568   15.1873
    0.0000   15.0000  -22.5000 2316.9360   15.1807
  -15.0000   22.5000  -22.5000 2156.4463   17.3424
   -7.5000   22.5000  -22.5000 2189.8696   16.8896
    0.0000   22.5000  -22.5000 2193.5305   16.8565
  -15.0000   30.0000  -22.5000 2021.2252   19.6037
   -7.5000   30.0000  -22.5000 2058.3916   19.1163
    0.0000   30.0000  -22.5000 2053.0696   19.0836
  -15.0000  -60.0000  -15.0000 2301.8997   14.6759
   -7.5000  -60.0000  -15.0000 2341.5388   14.3143
    0.0000  -60.0000  -15.0000 2346.6248   14.2955
  -15.0000  -52.5000  -15.0000 2417.7419   13.3397
   -7.5000  -52.5000  -15.0000 2463.9802   12.9992
    0.0000  -52.5000  -15.0000 2471.9956   13.0036
  -15.0000  -45.0000  -15.0000 2528.6333   12.5792
   -7.5000  -45.0000  -15.0000 2576.1121   12.2790
    0.0000  -45.0000  -15.0000 2583.9290   12.2535
  -15.0000  -37.5000  -15.0000 2601.7144   11.9898
   -7.5000  -37.5000  -15.0000 2654.1755   11.6977
    0.0000  -37.5000  -15.0000 2655.5081   11.6690
  -15.0000  -30.0000  -15.0000 2651.6355   11.5959
   -7.5000  -30.0000  -15.0000 2713.2280   11.3143
    0.0000  -30.0000  -15.0000 2715.5032   11.2746
  -15.0000  -22.5000  -15.0000 2685.6460   11.4320
   -7.5000  -22.5000  -15.0000 2747.2190   11.1457
    0.0000  -22.5000  -15.0000 2747.5530   11.1398
  -15.0000  -15.0000  -15.0000 2682.0715   11.5651
   -7.5000  -15.0000  -15.0000 2751.6807   11.2707
    0.0000  -15.0000  -15.0000 2753.3877   11.2597
  -15.0000   -7.5000  -15.0000 2652.5977   11.9366
   -7.5000   -7.5000  -15.0000 2725.7795   11.6236
    0.0000   -7.5000  -15.0000 2725.6677   11.6301
  -15.0000    0.0000  -15.0000 2583.6980   12.6466
   -7.5000    0.0000  -15.0000 2648.5120   12.3394
    0.0000    0.0000  -15.0000 2643.1208   12.3413
  -15.0000    7.5000  -15.0000 2483.6472   13.6745
   -7.5000    7.5000  -15.0000 2536.5649   13.3274
    0.0000    7.5000  -15.0000 2532.4458   13.3213
  -15.0000   15.0000  -15.0000 2358.9631   15.0175
   -7.5000   15.0000  -15.0000 2407.8584   14.6415
    0.0000   15.0000  -15.0000 2411.2878   14.6238
  -15.0000   22.5000  -15.0000 2228.6824   16.7537
   -7.5000   22.5000  -15.0000 2268.3772   16.3478
    0.0000   22.5000  -15.0000 2272.0024   16.3025
  -15.0000   30.0000  -15.0000 2090.9841   18.8838
   -7.5000   30.0000  -15.0000 2124.9822   18.4220
    0.0000   30.0000  -15.0000 2126.5195   18.4004
  -15.0000  -60.0000   -7.5000 2346.4663   14.0896
   -7.5000  -60.0000   -7.5000 2387.3521   13.6437
    0.0000  -60.0000   -7.5000 2390.8228   13.6182
  -15.0000  -52.5000   -7.5000 2466.4314   12.7624
   -7.5000  -52.5000   -7.5000 2512.4807   12.3661
    0.0000  -52.5000   -7.5000 2514.3704   12.3383
  -15.0000  -45.0000   -7.5000 2586.5818   11.9986
   -7.5000  -45.0000   -7.5000 2634.3740   11.6418
    0.0000  -45.0000   -7.5000 2641.1985   11.6160
  -15.0000  -37.5000   -7.5000 2667.8162   11.4063
   -7.5000  -37.5000   -7.5000 2728.4800   11.0914
    0.0000  -37.5000   -7.5000 2735.8057   11.0431
  -15.0000  -30.0000   -7.5000 2733.4744   11.0220
   -7.5000  -30.0000   -7.5000 2805.3835   10.7306
    0.0000  -30.0000   -7.5000 2815.6018   10.6931
  -15.0000  -22.5000   -7.5000 2772.7019   10.8882
   -7.5000  -22.5000   -7.5000 2852.9607   10.6037
    0.0000  -22.5000   -7.5000 2862.8850   10.5860
  -15.0000  -15.0000   -7.5000 2772.4932   11.0147
   -7.5000  -15.0000   -7.5000 2860.9207   10.7127
    0.0000  -15.0000   -7.5000 2860.1445   10.7148
  -15.0000   -7.5000   -7.5000 2731.6982   11.4034
   -7.5000   -7.5000   -7.5000 2809.7283   11.0744
    0.0000   -7.5000   -7.5000 2804.9692   11.0801
  -15.0000    0.0000   -7.5000 2647.9019   12.1044
   -7.5000    0.0000   -7.5000 2714.7366   11.7484
    0.0000    0.0000   -7.5000 2709.3481   11.7616
  -15.0000    7.5000   -7.5000 2536.1692   13.1003
   -7.5000    7.5000   -7.5000 2590.1177   12.7324
    0.0000    7.5000   -7.5000 2589.4248   12.7266
  -15.0000   15.0000   -7.5000 2407.0784   14.4251
   -7.5000   15.0000   -7.5000 2458.4917   14.0558
    0.0000   15.0000   -7.5000 2459.0132   14.0455
  -15.0000   22.5000   -7.5000 2266.3289   16.1108
   -7.5000   22.5000   -7.5000 2312.6567   15.7118
    0.0000   22.5000   -7.5000 2314.2429   15.6995
  -15.0000   30.0000   -7.5000 2120.6670   18.1022
   -7.5000   30.0000   -7.5000 2162.5337   17.6886
    0.0000   30.0000   -7.5000 2167.8564   17.7073
  -15.0000  -60.0000    0.0000 2388.8540   13.8263
   -7.5000  -60.0000    0.0000 2432.6672   13.3523
    0.0000  -60.0000    0.0000 2437.2441   13.3077
  -15.0000  -52.5000    0.0000 2503.3928   12.4873
   -7.5000  -52.5000    0.0000 2552.2410   12.0677
    0.0000  -52.5000    0.0000 2559.0344   12.0303
  -15.0000  -45.0000    0.0000 2626.7715   11.6913
   -7.5000  -45.0000    0.0000 2686.7327   11.3080
    0.0000  -45.0000    0.0000 2695.1658   11.2733
  -15.0000  -37.5000    0.0000 2724.6689   11.1216
   -7.5000  -37.5000    0.0000 2792.6292   10.7719
    0.0000  -37.5000    0.0000 2801.1887   10.7309
  -15.0000  -30.0000    0.0000 2800.4417   10.7525
   -7.5000  -30.0000    0.0000 2887.4636   10.4700
    0.0000  -30.0000    0.0000 2902.5991   10.4201
  -15.0000  -22.5000    0.0000 2842.0779   10.6080
   -7.5000  -22.5000    0.0000 2950.0806   10.3218
    0.0000  -22.5000    0.0000 2963.9036   10.2970
  -15.0000  -15.0000    0.0000 2846.0608   10.7557
   -7.5000  -15.0000    0.0000 2948.4651   10.4188
    0.0000  -15.0000    0.0000 2950.8071   10.4111
  -15.0000   -7.5000    0.0000 2791.3242   11.1602
   -7.5000   -7.5000    0.0000 2884.0420   10.8075
    0.0000   -7.5000    0.0000 2881.3970   10.8057
  -15.0000    0.0000    0.0000 2694.5320   11.8190
   -7.5000    0.0000    0.0000 2766.8560   11.4517
    0.0000    0.0000    0.0000 2769.7544   11.4550
  -15.0000    7.5000    0.0000 2573.3467   12.8039
   -7.5000    7.5000    0.0000 2635.8350   12.4332
    0.0000    7.5000    0.0000 2639.1672   12.4326
  -15.0000   15.0000    0.0000 2440.3738   14.1230
   -7.5000   15.0000    0.0000 2494.6882   13.7470
    0.0000   15.0000    0.0000 2496.7705   13.7388
  -15.0000   22.5000    0.0000 2297.0576   15.7468
   -7.5000   22.5000    0.0000 2341.9717   15.3386
    0.0000   22.5000    0.0000 2347.9705   15.3464
  -15.0000   30.0000    0.0000 2144.7915   17.7390
   -7.5000   30.0000    0.0000 2190.0405   17.2738
    0.0000   30.0000    0.0000 2195.2710   17.3293
  -15.0000  -60.0000    7.5000 2403.8518   13.6983
   -7.5000  -60.0000    7.5000 2456.8650   13.1800
    0.0000  -60.0000    7.5000 2464.0266   13.1516
  -15.0000  -52.5000    7.5000 2525.3381   12.3868
   -7.5000  -52.5000    7.5000 2585.0283   11.9106
    0.0000  -52.5000    7.5000 2588.8064   11.8727
  -15.0000  -45.0000    7.5000 2651.1799   11.5982
   -7.5000  -45.0000    7.5000 2718.5310   11.1578
    0.0000  -45.0000    7.5000 2724.7219   11.1144
  -15.0000  -37.5000    7.5000 2749.8931   11.0250
   -7.5000  -37.5000    7.5000 2823.3879   10.6248
    0.0000  -37.5000    7.5000 2833.7695   10.5639
  -15.0000  -30.0000    7.5000 2823.4487   10.6431
   -7.5000  -30.0000    7.5000 2926.8748   10.3505
    0.0000  -30.0000    7.5000 2937.6299   10.3218
  -15.0000  -22.5000    7.5000 2864.8782   10.5272
   -7.5000  -22.5000    7.5000 2989.3601   10.2084
    0.0000  -22.5000    7.5000 3001.5576   10.1804
  -15.0000  -15.0000    7.5000 2872.9917   10.6450
   -7.5000  -15.0000    7.5000 2983.5703   10.2689
    0.0000  -15.0000    7.5000 2985.5686   10.2408
  -15.0000   -7.5000    7.5000 2809.6401   11.0349
   -7.5000   -7.5000    7.5000 2903.0588   10.6900
    0.0000   -7.5000    7.5000 2906.2925   10.6738
  -15.0000    0.0000    7.5000 2706.0720   11.6815
   -7.5000    0.0000    7.5000 2786.9834   11.3248
    0.0000    0.0000    7.5000 2793.3762   11.3084
  -15.0000    7.5000    7.5000 2585.7188   12.6411
   -7.5000    7.5000    7.5000 2653.6279   12.2683
    0.0000    7.5000    7.5000 2653.0818   12.2584
  -15.0000   15.0000    7.5000 2450.9849   13.8998
   -7.5000   15.0000    7.5000 2503.7163   13.5064
    0.0000   15.0000    7.5000 2505.3835   13.5106
  -15.0000   22.5000    7.5000 2301.8306   15.4877
   -7.5000   22.5000    7.5000 2348.1084   15.0433
    0.0000   22.5000    7.5000 2351.4670   15.0511
  -15.0000   30.0000    7.5000 2147.3564   17.4386
   -7.5000   30.0000    7.5000 2193.8315   16.9849
    0.0000   30.0000    7.5000 2198.4114   17.0029
  -15.0000  -60.0000   15.0000 2403.4006   13.8115
   -7.5000  -60.0000   15.0000 2461.0674   13.2697
    0.0000  -60.0000   15.0000 2467.0134   13.2435
  -15.0000  -52.5000   15.0000 2534.0222   12.5020
   -7.5000  -52.5000   15.0000 2591.1118   12.0316
    0.0000  -52.5000   15.0000 2595.5647   11.9913
  -15.0000  -45.0000   15.0000 2659.8708   11.7204
   -7.5000  -45.0000   15.0000 2722.9165   11.2611
    0.0000  -45.0000   15.0000 2728.6172   11.2131
  -15.0000  -37.5000   15.0000 2751.3042   11.1079
   -7.5000  -37.5000   15.0000 2824.2793   10.7097
    0.0000  -37.5000   15.0000 2831.9036   10.6590
  -15.0000  -30.0000   15.0000 2819.6428   10.7312
   -7.5000  -30.0000   15.0000 2912.8870   10.3866
    0.0000  -30.0000   15.0000 2921.1438   10.3407
  -15.0000  -22.5000   15.0000 2854.3328   10.6060
   -7.5000  -22.5000   15.0000 2962.0720   10.2762
    0.0000  -22.5000   15.0000 2969.1301   10.2353
  -15.0000  -15.0000   15.0000 2854.1545   10.7217
   -7.5000  -15.0000   15.0000 2949.5283   10.3704
    0.0000  -15.0000   15.0000 2954.0999   10.3412
  -15.0000   -7.5000   15.0000 2796.2920   11.0991
   -7.5000   -7.5000   15.0000 2878.4661   10.7484
    0.0000   -7.5000   15.0000 2885.8335   10.7205
  -15.0000    0.0000   15.0000 2696.1221   11.7483
   -7.5000    0.0000   15.0000 2768.2676   11.3926
    0.0000    0.0000   15.0000 2774.7085   11.3438
  -15.0000    7.5000   15.0000 2576.5818   12.6827
   -7.5000    7.5000   15.0000 2636.2170   12.3161
    0.0000    7.5000   15.0000 2640.3748   12.2721
  -15.0000   15.0000   15.0000 2440.1694   13.8752
   -7.5000   15.0000   15.0000 2489.9436   13.4745
    0.0000   15.0000   15.0000 2496.5098   13.4435
  -15.0000   22.5000   15.0000 2294.2832   15.4202
   -7.5000   22.5000   15.0000 2341.7310   14.9548
    0.0000   22.5000   15.0000 2342.2134   14.9407
  -15.0000   30.0000   15.0000 2140.5327   17.3590
   -7.5000   30.0000   15.0000 2183.0928   16.8648
    0.0000   30.0000   15.0000 2184.9990   16.8286
  -15.0000  -60.0000   22.5000 2392.0132   14.1386
   -7.5000  -60.0000   22.5000 2446.1084   13.6292
    0.0000  -60.0000   22.5000 2449.0544   13.6107
  -15.0000  -52.5000   22.5000 2522.8657   12.8317
   -7.5000  -52.5000   22.5000 2579.0891   12.3846
    0.0000  -52.5000   22.5000 2580.8560   12.3502
  -15.0000  -45.0000   22.5000 2642.8022   12.0771
   -7.5000  -45.0000   22.5000 2704.7854   11.6400
    0.0000  -45.0000   22.5000 2708.6865   11.6007
  -15.0000  -37.5000   22.5000 2728.9197   11.4571
   -7.5000  -37.5000   22.5000 2796.3865   11.0433
    0.0000  -37.5000   22.5000 2801.3970   10.9936
  -15.0000  -30.0000   22.5000 2790.1353   11.0388
   -7.5000  -30.0000   22.5000 2868.8069   10.6527
    0.0000  -30.0000   22.5000 2874.7104   10.5926
  -15.0000  -22.5000   22.5000 2813.4768   10.8887
   -7.5000  -22.5000   22.5000 2896.8074   10.5253
    0.0000  -22.5000   22.5000 2902.4949   10.4608
  -15.0000  -15.0000   22.5000 2801.1963   10.9915
   -7.5000  -15.0000   22.5000 2879.7146   10.6251
    0.0000  -15.0000   22.5000 2885.0613   10.5521
  -15.0000   -7.5000   22.5000 2741.4202   11.3697
   -7.5000   -7.5000   22.5000 2815.1287   10.9984
    0.0000   -7.5000   22.5000 2823.5361   10.9479
  -15.0000    0.0000   22.5000 2655.9177   11.9929
   -7.5000    0.0000   22.5000 2718.9263   11.6347
    0.0000    0.0000   22.5000 2725.4097   11.6076
  -15.0000    7.5000   22.5000 2539.8088   12.8888
   -7.5000    7.5000   22.5000 2598.7581   12.5213
    0.0000    7.5000   22.5000 2604.5200   12.4787
  -15.0000   15.0000   22.5000 2406.3674   14.0330
   -7.5000   15.0000   22.5000 2459.9177   13.6156
    0.0000   15.0000   22.5000 2466.7656   13.5911
  -15.0000   22.5000   22.5000 2267.7988   15.5813
   -7.5000   22.5000   22.5000 2315.8191   15.0897
    0.0000   22.5000   22.5000 2315.8794   15.0460
  -15.0000   30.0000   22.5000 2110.7886   17.4646
   -7.5000   30.0000   22.5000 2157.3337   16.9343
    0.0000   30.0000   22.5000 2158.6213   16.8845
  -15.0000  -60.0000   30.0000 2362.5305   14.6466
   -7.5000  -60.0000   30.0000 2413.9829   14.1903
    0.0000  -60.0000   30.0000 2419.6777   14.1554
  -15.0000  -52.5000   30.0000 2487.0498   13.3630
   -7.5000  -52.5000   30.0000 2545.3696   12.9331
    0.0000  -52.5000   30.0000 2549.8716   12.8867
  -15.0000  -45.0000   30.0000 2605.4817   12.5983
   -7.5000  -45.0000   30.0000 2670.4370   12.1677
    0.0000  -45.0000   30.0000 2674.1970   12.1195
  -15.0000  -37.5000   30.0000 2684.7039   11.9982
   -7.5000  -37.5000   30.0000 2755.7129   11.5520
    0.0000  -37.5000   30.0000 2758.3105   11.4916
  -15.0000  -30.0000   30.0000 2731.5068   11.5749
   -7.5000  -30.0000   30.0000 2804.2866   11.1518
    0.0000  -30.0000   30.0000 2808.0383   11.0823
  -15.0000  -22.5000   30.0000 2749.7754   11.3648
   -7.5000  -22.5000   30.0000 2818.0566   10.9764
    0.0000  -22.5000   30.0000 2823.4602   10.9123
  -15.0000  -15.0000   30.0000 2727.9023   11.4319
   -7.5000  -15.0000   30.0000 2795.0962   11.0633
    0.0000  -15.0000   30.0000 2802.3123   10.9929
  -15.0000   -7.5000   30.0000 2669.1536   11.8096
   -7.5000   -7.5000   30.0000 2735.1921   11.4408
    0.0000   -7.5000   30.0000 2741.7988   11.3855
  -15.0000    0.0000   30.0000 2591.1868   12.4120
   -7.5000    0.0000   30.0000 2648.1108   12.0558
    0.0000    0.0000   30.0000 2653.8691   12.0204
  -15.0000    7.5000   30.0000 2488.2014   13.2983
   -7.5000    7.5000   30.0000 2539.8364   12.9177
    0.0000    7.5000   30.0000 2545.3953   12.8858
  -15.0000   15.0000   30.0000 2365.4207   14.4210
   -7.5000   15.0000   30.0000 2411.7217   14.0167
    0.0000   15.0000   30.0000 2416.7290   13.9739
  -15.0000   22.5000   30.0000 2226.4495   15.9205
   -7.5000   22.5000   30.0000 2274.5200   15.4285
    0.0000   22.5000   30.0000 2273.3076   15.3935
  -15.0000   30.0000   30.0000 2071.9871   17.7990
   -7.5000   30.0000   30.0000 2114.6804   17.2552
    0.0000   30.0000   30.0000 2117.0400   17.2403
  -15.0000  -60.0000   37.5000 2317.8735   15.3728
   -7.5000  -60.0000   37.5000 2371.7751   14.9082
    0.0000  -60.0000   37.5000 2375.3523   14.8957
  -15.0000  -52.5000   37.5000 2433.8796   14.0527
   -7.5000  -52.5000   37.5000 2495.4092   13.6182
    0.0000  -52.5000   37.5000 2499.4004   13.5845
  -15.0000  -45.0000   37.5000 2548.5037   13.2858
   -7.5000  -45.0000   37.5000 2616.6482   12.8488
    0.0000  -45.0000   37.5000 2616.6619   12.8270
  -15.0000  -37.5000   37.5000 2621.2039   12.6814
   -7.5000  -37.5000   37.5000 2689.8770   12.2288
    0.0000  -37.5000   37.5000 2694.4651   12.1837
  -15.0000  -30.0000   37.5000 2663.1477   12.2580
   -7.5000  -30.0000   37.5000 2728.1394   11.8289
    0.0000  -30.0000   37.5000 2731.4678   11.7802
  -15.0000  -22.5000   37.5000 2669.5955   12.0333
   -7.5000  -22.5000   37.5000 2734.1235   11.6323
    0.0000  -22.5000   37.5000 2737.5286   11.5860
  -15.0000  -15.0000   37.5000 2646.1836   12.0712
   -7.5000  -15.0000   37.5000 2703.6519   11.6836
    0.0000  -15.0000   37.5000 2708.0256   11.6312
  -15.0000   -7.5000   37.5000 2591.4900   12.4131
   -7.5000   -7.5000   37.5000 2644.3831   12.0471
    0.0000   -7.5000   37.5000 2648.7371   12.0098
  -15.0000    0.0000   37.5000 2517.4331   13.0169
   -7.5000    0.0000   37.5000 2563.8684   12.6531
    0.0000    0.0000   37.5000 2568.2112   12.6106
  -15.0000    7.5000   37.5000 2419.9094   13.8671
   -7.5000    7.5000   37.5000 2466.4299   13.4684
    0.0000    7.5000   37.5000 2467.4138   13.4377
  -15.0000   15.0000   37.5000 2302.4919   14.9870
   -7.5000   15.0000   37.5000 2346.4124   14.5656
    0.0000   15.0000   37.5000 2347.6284   14.5309
  -15.0000   22.5000   37.5000 2166.5925   16.4668
   -7.5000   22.5000   37.5000 2208.1992   16.0296
    0.0000   22.5000   37.5000 2212.3745   15.9937
  -15.0000   30.0000   37.5000 2022.8635   18.3846
   -7.5000   30.0000   37.5000 2057.3257   17.8849
    0.0000   30.0000   37.5000 2057.8120   17.8596
  -15.0000  -60.0000   45.0000 2245.7778   16.1552
   -7.5000  -60.0000   45.0000 2299.4319   15.7359
    0.0000  -60.0000   45.0000 2303.0120   15.7027
  -15.0000  -52.5000   45.0000 2351.2158   14.8236
   -7.5000  -52.5000   45.0000 2410.3730   14.4092
    0.0000  -52.5000   45.0000 2412.8218   14.3817
  -15.0000  -45.0000   45.0000 2457.8752   14.0638
   -7.5000  -45.0000   45.0000 2520.2034   13.6353
    0.0000  -45.0000   45.0000 2521.7119   13.5918
  -15.0000  -37.5000   45.0000 2526.0811   13.4533
   -7.5000  -37.5000   45.0000 2582.5781   13.0122
    0.0000  -37.5000   45.0000 2584.6453   12.9677
  -15.0000  -30.0000   45.0000 2561.1511   13.0033
   -7.5000  -30.0000   45.0000 2614.1050   12.5910
    0.0000  -30.0000   45.0000 2618.8086   12.5462
  -15.0000  -22.5000   45.0000 2565.0459   12.7620
   -7.5000  -22.5000   45.0000 2620.8311   12.3739
    0.0000  -22.5000   45.0000 2623.8650   12.3455
  -15.0000  -15.0000   45.0000 2538.4729   12.7967
   -7.5000  -15.0000   45.0000 2592.1597   12.4218
    0.0000  -15.0000   45.0000 2599.4119   12.3860
  -15.0000   -7.5000   45.0000 2483.7971   13.1304
   -7.5000   -7.5000   45.0000 2536.0144   12.7588
    0.0000   -7.5000   45.0000 2539.7622   12.7345
  -15.0000    0.0000   45.0000 2411.1196   13.7030
   -7.5000    0.0000   45.0000 2457.5461   13.3262
    0.0000    0.0000   45.0000 2457.4753   13.2977
  -15.0000    7.5000   45.0000 2319.3345   14.5417
   -7.5000    7.5000   45.0000 2365.8506   14.1535
    0.0000    7.5000   45.0000 2361.3049   14.1340
  -15.0000   15.0000   45.0000 2206.2017   15.6660
   -7.5000   15.0000   45.0000 2251.7092   15.2541
    0.0000   15.0000   45.0000 2250.1748   15.2435
  -15.0000   22.5000   45.0000 2079.4390   17.1859
   -7.5000   22.5000   45.0000 2117.3008   16.7502
    0.0000   22.5000   45.0000 2115.9922   16.7298
  -15.0000   30.0000   45.0000 1943.7866   19.1715
   -7.5000   30.0000   45.0000 1973.0679   18.6728
    0.0000   30.0000   45.0000 1974.6746   18.6813

---------------------------------------------------------------------
imgreg_4dfp /opt/freesurfer/average/711-2C_as_mni_average_305 /opt/freesurfer/average/711-2B_as_mni_average_305_mask talsrcimg_g11 none talsrcimg_to_711-2C_as_mni_average_305_t4 1283
---------------------------------------------------------------------

freesurfer imgreg_4dfp.c
/opt/freesurfer/average/711-2C_as_mni_average_305.4dfp.img
       256       256       256         1
  1.000000  1.000000  1.000000
orientation T byte_order littleendian
Reading image: /opt/freesurfer/average/711-2C_as_mni_average_305.4dfp.img
dimensions:      256       256       256
mmppix:       1.0000   -1.0000   -1.0000
center:     128.0000 -129.0000 -129.0000
/opt/freesurfer/average/711-2B_as_mni_average_305_mask.4dfp.img
       256       256       256         1
  1.000000  1.000000  1.000000
orientation T byte_order littleendian
Reading mask: /opt/freesurfer/average/711-2B_as_mni_average_305_mask.4dfp.img (2306576 pixels)
talsrcimg_g11.4dfp.img
       256       256       256         1
  0.898438  0.898438  0.898438
orientation T byte_order littleendian
Reading image: talsrcimg_g11.4dfp.img
dimensions:      256       256       256
mmppix:       0.8984   -0.8984   -0.8984
center:     115.0001 -115.8985 -115.8985
rotation matrix determinant  1.000000
fimgreg.f
image alignment mode   1283 decimal      503 hex
parameters
    0.0000  -22.5000    7.5000    0.0000    0.0000    0.0000
eta,q 0.94224 10.17869
niter,ni,del,rscale     5    3   12.0000    1.2000
parameter  1  0.628281 ->  0.500000 qaram    1.1500
parameter  4 -1.259631 -> -0.500000 qaram    1.1500
parameters
   -3.4500  -20.2811    8.4337    3.4500    1.2168    1.7171
eta,q 0.95564 10.06823
  0.0578  0.0649  0.0605  0.0584  0.0573  0.0529
  0.0521  0.0587  0.0558  0.0548  0.0522  0.0495
  0.0525  0.0548  0.0519  0.0518  0.0478  0.0465
  0.0589  0.0516  0.0493  0.0489  0.0450  0.0447
  0.0695  0.0494  0.0491  0.0463  0.0452  0.0444
  0.0794  0.0504  0.0516  0.0448  0.0474  0.0452
  0.0885  0.0538  0.0558  0.0448  0.0505  0.0472
niter,ni,del,rscale     6    3   12.0000    1.2000
parameter  4 -0.653576 -> -0.500000 qaram    1.3225
parameters
   -3.4314  -21.1465    8.3985    7.4175    1.6022    0.8979
eta,q 0.95770  9.99851
  0.0704  0.0534  0.0549  0.0540  0.0536  0.0465
  0.0580  0.0490  0.0494  0.0514  0.0488  0.0434
  0.0480  0.0447  0.0456  0.0474  0.0449  0.0421
  0.0444  0.0444  0.0440  0.0440  0.0429  0.0428
  0.0481  0.0476  0.0456  0.0430  0.0439  0.0443
  0.0587  0.0534  0.0499  0.0429  0.0469  0.0458
  0.0695  0.0606  0.0550  0.0435  0.0514  0.0480
niter,ni,del,rscale     6    3   12.0000    1.2000
parameters
   -3.6262  -22.9813    8.2455    9.0310    1.6906    0.7000
eta,q 0.96095  9.99359
  0.0687  0.0482  0.0516  0.0523  0.0504  0.0452
  0.0566  0.0421  0.0453  0.0487  0.0453  0.0416
  0.0460  0.0402  0.0416  0.0436  0.0409  0.0393
  0.0423  0.0423  0.0402  0.0403  0.0391  0.0391
  0.0477  0.0476  0.0415  0.0389  0.0410  0.0405
  0.0593  0.0541  0.0462  0.0411  0.0448  0.0425
  0.0710  0.0609  0.0529  0.0470  0.0497  0.0455
niter,ni,del,rscale     5    3   12.0000    1.2000
parameters
   -3.6433  -23.5280    8.1946    9.6322    1.7005    0.6820
eta,q 0.96146 10.00325
  0.0687  0.0523  0.0516  0.0514  0.0497  0.0453
  0.0559  0.0446  0.0447  0.0467  0.0445  0.0415
  0.0439  0.0399  0.0401  0.0416  0.0402  0.0390
  0.0391  0.0390  0.0388  0.0388  0.0385  0.0385
  0.0442  0.0428  0.0404  0.0390  0.0406  0.0397
  0.0564  0.0494  0.0451  0.0431  0.0445  0.0418
  0.0688  0.0566  0.0520  0.0493  0.0494  0.0451
niter,ni,del,rscale     4    3   12.0000    1.2000
parameters
   -3.6503  -23.7991    8.2155    9.9815    1.7047    0.6764
eta,q 0.96161 10.01109
  0.0686  0.0534  0.0518  0.0512  0.0496  0.0453
  0.0556  0.0454  0.0446  0.0460  0.0443  0.0414
  0.0433  0.0402  0.0399  0.0410  0.0400  0.0390
  0.0385  0.0385  0.0385  0.0385  0.0384  0.0384
  0.0437  0.0416  0.0402  0.0393  0.0404  0.0394
  0.0559  0.0481  0.0448  0.0439  0.0444  0.0416
  0.0684  0.0555  0.0513  0.0499  0.0493  0.0451
niter,ni,del,rscale     3    3   12.0000    1.2000
parameters
   -3.6507  -23.9542    8.2378   10.1820    1.7071    0.6720
eta,q 0.96167 10.01568
  0.0685  0.0538  0.0518  0.0510  0.0495  0.0453
  0.0554  0.0457  0.0445  0.0456  0.0442  0.0414
  0.0431  0.0404  0.0398  0.0406  0.0400  0.0390
  0.0384  0.0384  0.0384  0.0384  0.0383  0.0383
  0.0435  0.0410  0.0402  0.0396  0.0404  0.0393
  0.0557  0.0474  0.0448  0.0444  0.0443  0.0416
  0.0682  0.0550  0.0511  0.0502  0.0493  0.0452
niter,ni,del,rscale     2    3   12.0000    1.2000
parameters
   -3.6505  -24.0455    8.2564   10.2995    1.7088    0.6679
eta,q 0.96169 10.01821
  0.0684  0.0541  0.0518  0.0509  0.0495  0.0454
  0.0554  0.0458  0.0444  0.0453  0.0442  0.0414
  0.0430  0.0405  0.0398  0.0404  0.0400  0.0390
  0.0383  0.0383  0.0383  0.0383  0.0383  0.0383
  0.0434  0.0407  0.0403  0.0397  0.0403  0.0393
  0.0556  0.0471  0.0449  0.0446  0.0443  0.0416
  0.0681  0.0547  0.0510  0.0504  0.0493  0.0452
niter,ni,del,rscale     1    3   12.0000    1.2000
parameters
   -3.6496  -24.0986    8.2684   10.3675    1.7096    0.6656
eta,q 0.96170 10.01963
  0.0684  0.0542  0.0517  0.0508  0.0495  0.0454
  0.0553  0.0460  0.0444  0.0451  0.0442  0.0414
  0.0429  0.0406  0.0398  0.0403  0.0399  0.0390
  0.0383  0.0383  0.0383  0.0383  0.0383  0.0383
  0.0434  0.0406  0.0403  0.0398  0.0403  0.0393
  0.0555  0.0468  0.0449  0.0448  0.0443  0.0416
  0.0681  0.0545  0.0510  0.0505  0.0493  0.0452
registration optimization eta report
parameter search radius
    6.9000    6.0000    6.0000    7.9350    6.0000    6.0000
100000*second partial in parameter space
       61.       44.       36.       19.       30.       19.
  0.0684  0.0542  0.0517  0.0508  0.0495  0.0454
  0.0553  0.0460  0.0444  0.0451  0.0442  0.0414
  0.0429  0.0406  0.0398  0.0403  0.0399  0.0390
  0.0383  0.0383  0.0383  0.0383  0.0383  0.0383
  0.0434  0.0406  0.0403  0.0398  0.0403  0.0393
  0.0555  0.0468  0.0449  0.0448  0.0443  0.0416
  0.0681  0.0545  0.0510  0.0505  0.0493  0.0452
   -3.6496  -24.0986    8.2684   10.3675    1.7096    0.6656
eta,q 0.96170 10.01963

---------------------------------------------------------------------
imgreg_4dfp /opt/freesurfer/average/711-2C_as_mni_average_305 /opt/freesurfer/average/711-2B_as_mni_average_305_mask talsrcimg_g11 none talsrcimg_to_711-2C_as_mni_average_305_t4 3335
---------------------------------------------------------------------

freesurfer imgreg_4dfp.c
/opt/freesurfer/average/711-2C_as_mni_average_305.4dfp.img
       256       256       256         1
  1.000000  1.000000  1.000000
orientation T byte_order littleendian
Reading image: /opt/freesurfer/average/711-2C_as_mni_average_305.4dfp.img
dimensions:      256       256       256
mmppix:       1.0000   -1.0000   -1.0000
center:     128.0000 -129.0000 -129.0000
/opt/freesurfer/average/711-2B_as_mni_average_305_mask.4dfp.img
       256       256       256         1
  1.000000  1.000000  1.000000
orientation T byte_order littleendian
Reading mask: /opt/freesurfer/average/711-2B_as_mni_average_305_mask.4dfp.img (2306576 pixels)
talsrcimg_g11.4dfp.img
       256       256       256         1
  0.898438  0.898438  0.898438
orientation T byte_order littleendian
Reading image: talsrcimg_g11.4dfp.img
dimensions:      256       256       256
mmppix:       0.8984   -0.8984   -0.8984
center:     115.0001 -115.8985 -115.8985
fimgreg.f
image alignment mode   3335 decimal      D07 hex
parameters
   -3.6496  -24.0986    8.2684   -0.0513   -1.6455   -1.6764
   -1.6795   -2.7254    1.1611  -18.0291    2.9834   17.9882
eta,q 0.96098 10.04664
niter,ni,del,rscale     5    3    5.0000    1.2000
parameter  4  1.107866 ->  0.500000 qaram    1.1500
parameter  5  1.329587 ->  0.500000 qaram    1.1500
parameters
   -3.7258  -24.0756    8.7720   -4.1913   -5.7855   -5.0121
   -1.5667   -2.2021    3.4166  -18.9020    0.5516   16.6698
eta,q 0.96958  9.58202
  0.0426  0.0416  0.0424  0.0343  0.0302  0.0319  0.0343  0.0367  0.0338  0.0331  0.0312  0.0314
  0.0405  0.0402  0.0408  0.0349  0.0311  0.0313  0.0325  0.0340  0.0325  0.0315  0.0307  0.0308
  0.0394  0.0394  0.0397  0.0363  0.0327  0.0308  0.0313  0.0319  0.0315  0.0308  0.0305  0.0304
  0.0390  0.0390  0.0390  0.0389  0.0352  0.0315  0.0309  0.0309  0.0309  0.0307  0.0307  0.0305
  0.0395  0.0393  0.0389  0.0423  0.0384  0.0338  0.0313  0.0312  0.0307  0.0312  0.0312  0.0308
  0.0409  0.0401  0.0394  0.0464  0.0421  0.0373  0.0324  0.0328  0.0309  0.0326  0.0320  0.0314
  0.0430  0.0416  0.0405  0.0513  0.0463  0.0416  0.0341  0.0354  0.0316  0.0346  0.0332  0.0324
niter,ni,del,rscale     6    3    5.0000    1.2000
parameter  5  0.628089 ->  0.500000 qaram    1.3225
parameters
   -3.6070  -23.6450    8.5695   -8.1323  -10.5465   -6.8013
   -1.7872   -1.9669    4.7525  -17.2699   -0.5110   16.8019
eta,q 0.97165  9.07020
  0.0348  0.0341  0.0320  0.0304  0.0286  0.0292  0.0312  0.0329  0.0306  0.0321  0.0292  0.0296
  0.0325  0.0322  0.0310  0.0298  0.0283  0.0288  0.0297  0.0306  0.0296  0.0303  0.0286  0.0289
  0.0310  0.0310  0.0304  0.0298  0.0287  0.0286  0.0288  0.0291  0.0289  0.0292  0.0284  0.0285
  0.0304  0.0304  0.0303  0.0303  0.0297  0.0283  0.0286  0.0286  0.0286  0.0285  0.0284  0.0283
  0.0307  0.0304  0.0307  0.0319  0.0315  0.0285  0.0290  0.0290  0.0286  0.0284  0.0287  0.0285
  0.0320  0.0310  0.0315  0.0348  0.0344  0.0300  0.0300  0.0302  0.0289  0.0289  0.0291  0.0289
  0.0341  0.0321  0.0326  0.0386  0.0383  0.0327  0.0315  0.0323  0.0295  0.0299  0.0297  0.0295
niter,ni,del,rscale     6    3    5.0000    1.2000
parameters
   -3.4198  -23.2885    8.9382   -9.7532  -13.2330   -6.9581
   -2.2203   -1.6795    4.6214  -16.0325   -0.2253   16.2016
eta,q 0.97210  8.82393
  0.0324  0.0316  0.0303  0.0295  0.0298  0.0295  0.0305  0.0324  0.0294  0.0313  0.0291  0.0291
  0.0303  0.0300  0.0293  0.0287  0.0286  0.0286  0.0291  0.0301  0.0286  0.0298  0.0285  0.0283
  0.0290  0.0289  0.0286  0.0283  0.0281  0.0282  0.0282  0.0285  0.0282  0.0287  0.0281  0.0279
  0.0284  0.0283  0.0283  0.0283  0.0282  0.0280  0.0280  0.0280  0.0280  0.0280  0.0279  0.0279
  0.0285  0.0284  0.0283  0.0287  0.0293  0.0279  0.0285  0.0284  0.0282  0.0280  0.0280  0.0282
  0.0295  0.0290  0.0287  0.0296  0.0312  0.0283  0.0296  0.0297  0.0287  0.0286  0.0284  0.0287
  0.0313  0.0301  0.0294  0.0317  0.0342  0.0300  0.0311  0.0317  0.0295  0.0297  0.0290  0.0294
niter,ni,del,rscale     5    3    5.0000    1.2000
parameters
   -3.4375  -23.0520    9.1355  -10.3090  -14.1221   -6.6829
   -2.3244   -1.6505    4.2498  -15.2832    0.0989   15.8115
eta,q 0.97221  8.75421
  0.0313  0.0308  0.0297  0.0296  0.0305  0.0296  0.0306  0.0320  0.0292  0.0309  0.0291  0.0291
  0.0294  0.0293  0.0288  0.0285  0.0291  0.0286  0.0291  0.0297  0.0284  0.0295  0.0284  0.0283
  0.0283  0.0283  0.0281  0.0280  0.0282  0.0281  0.0282  0.0283  0.0280  0.0284  0.0280  0.0279
  0.0279  0.0279  0.0279  0.0279  0.0279  0.0279  0.0279  0.0279  0.0279  0.0279  0.0278  0.0278
  0.0283  0.0280  0.0280  0.0282  0.0284  0.0278  0.0283  0.0283  0.0281  0.0279  0.0279  0.0281
  0.0295  0.0287  0.0284  0.0288  0.0298  0.0281  0.0293  0.0297  0.0286  0.0287  0.0283  0.0286
  0.0314  0.0298  0.0292  0.0301  0.0319  0.0296  0.0307  0.0319  0.0295  0.0300  0.0289  0.0293
niter,ni,del,rscale     4    3    5.0000    1.2000
parameters
   -3.4526  -22.8625    9.1446  -10.4278  -14.5082   -6.7020
   -2.3111   -1.6690    4.0143  -14.7553    0.3290   15.5502
eta,q 0.97224  8.72201
  0.0312  0.0306  0.0294  0.0297  0.0307  0.0294  0.0306  0.0319  0.0292  0.0307  0.0290  0.0291
  0.0293  0.0291  0.0285  0.0285  0.0292  0.0285  0.0291  0.0296  0.0284  0.0294  0.0284  0.0283
  0.0282  0.0282  0.0280  0.0279  0.0282  0.0280  0.0281  0.0282  0.0279  0.0283  0.0279  0.0278
  0.0278  0.0278  0.0278  0.0278  0.0278  0.0278  0.0278  0.0278  0.0278  0.0278  0.0278  0.0278
  0.0282  0.0280  0.0280  0.0280  0.0281  0.0277  0.0281  0.0283  0.0280  0.0279  0.0279  0.0280
  0.0293  0.0287  0.0285  0.0286  0.0294  0.0281  0.0291  0.0297  0.0286  0.0288  0.0283  0.0285
  0.0313  0.0298  0.0294  0.0298  0.0314  0.0297  0.0305  0.0319  0.0294  0.0301  0.0289  0.0292
niter,ni,del,rscale     3    3    5.0000    1.2000
parameters
   -3.4602  -22.6993    9.0977  -10.5507  -14.7570   -6.7673
   -2.2939   -1.6839    3.8592  -14.3209    0.4793   15.3346
eta,q 0.97227  8.69549
  0.0311  0.0305  0.0293  0.0297  0.0307  0.0293  0.0306  0.0318  0.0292  0.0307  0.0290  0.0291
  0.0293  0.0290  0.0284  0.0284  0.0292  0.0284  0.0290  0.0296  0.0284  0.0293  0.0283  0.0283
  0.0281  0.0281  0.0279  0.0278  0.0282  0.0279  0.0281  0.0282  0.0279  0.0283  0.0279  0.0278
  0.0278  0.0278  0.0278  0.0278  0.0278  0.0278  0.0278  0.0278  0.0278  0.0278  0.0277  0.0277
  0.0281  0.0280  0.0280  0.0280  0.0281  0.0277  0.0281  0.0282  0.0280  0.0279  0.0279  0.0280
  0.0293  0.0287  0.0285  0.0286  0.0293  0.0281  0.0291  0.0297  0.0285  0.0288  0.0283  0.0285
  0.0312  0.0298  0.0294  0.0297  0.0312  0.0297  0.0305  0.0318  0.0293  0.0302  0.0289  0.0292
niter,ni,del,rscale     2    3    5.0000    1.2000
parameters
   -3.4664  -22.5549    9.0463  -10.6436  -14.9469   -6.8278
   -2.2820   -1.6937    3.7589  -13.9484    0.5962   15.1571
eta,q 0.97230  8.67451
  0.0311  0.0304  0.0293  0.0297  0.0307  0.0293  0.0305  0.0318  0.0292  0.0307  0.0290  0.0291
  0.0292  0.0290  0.0284  0.0284  0.0292  0.0284  0.0290  0.0296  0.0284  0.0293  0.0283  0.0283
  0.0281  0.0281  0.0279  0.0278  0.0282  0.0279  0.0280  0.0282  0.0279  0.0282  0.0279  0.0278
  0.0277  0.0277  0.0277  0.0277  0.0277  0.0277  0.0277  0.0277  0.0277  0.0277  0.0277  0.0277
  0.0281  0.0279  0.0279  0.0280  0.0280  0.0277  0.0281  0.0282  0.0279  0.0279  0.0279  0.0279
  0.0293  0.0286  0.0285  0.0286  0.0292  0.0281  0.0291  0.0296  0.0285  0.0288  0.0282  0.0284
  0.0311  0.0298  0.0294  0.0297  0.0312  0.0297  0.0305  0.0318  0.0293  0.0302  0.0289  0.0292
niter,ni,del,rscale     1    3    5.0000    1.2000
parameters
   -3.4698  -22.4308    8.9971  -10.7173  -15.1034   -6.8837
   -2.2699   -1.6985    3.6794  -13.6311    0.6718   15.0023
eta,q 0.97231  8.65727
  0.0311  0.0304  0.0293  0.0297  0.0307  0.0293  0.0305  0.0318  0.0292  0.0306  0.0289  0.0291
  0.0292  0.0289  0.0284  0.0284  0.0292  0.0284  0.0290  0.0296  0.0284  0.0292  0.0283  0.0283
  0.0281  0.0280  0.0279  0.0278  0.0281  0.0279  0.0280  0.0282  0.0279  0.0282  0.0278  0.0278
  0.0277  0.0277  0.0277  0.0277  0.0277  0.0277  0.0277  0.0277  0.0277  0.0277  0.0277  0.0277
  0.0281  0.0279  0.0279  0.0280  0.0280  0.0277  0.0281  0.0282  0.0279  0.0280  0.0279  0.0279
  0.0292  0.0287  0.0285  0.0286  0.0291  0.0281  0.0290  0.0296  0.0285  0.0289  0.0282  0.0284
  0.0311  0.0298  0.0294  0.0297  0.0311  0.0296  0.0304  0.0318  0.0293  0.0302  0.0289  0.0292
registration optimization eta report
parameter search radius
    2.4000    2.4000    2.4000    8.2800    9.5220    7.2000
    7.2000    7.2000    7.2000    7.2000    7.2000    7.2000
100000*second partial in parameter space
       59.       41.       28.        3.        4.        4.
        5.        8.        3.        5.        2.        3.
  0.0311  0.0304  0.0293  0.0297  0.0307  0.0293  0.0305  0.0318  0.0292  0.0306  0.0289  0.0291
  0.0292  0.0289  0.0284  0.0284  0.0292  0.0284  0.0290  0.0296  0.0284  0.0292  0.0283  0.0283
  0.0281  0.0280  0.0279  0.0278  0.0281  0.0279  0.0280  0.0282  0.0279  0.0282  0.0278  0.0278
  0.0277  0.0277  0.0277  0.0277  0.0277  0.0277  0.0277  0.0277  0.0277  0.0277  0.0277  0.0277
  0.0281  0.0279  0.0279  0.0280  0.0280  0.0277  0.0281  0.0282  0.0279  0.0280  0.0279  0.0279
  0.0292  0.0287  0.0285  0.0286  0.0291  0.0281  0.0290  0.0296  0.0285  0.0289  0.0282  0.0284
  0.0311  0.0298  0.0294  0.0297  0.0311  0.0296  0.0304  0.0318  0.0293  0.0302  0.0289  0.0292
   -3.4698  -22.4308    8.9971  -10.7173  -15.1034   -6.8837
   -2.2699   -1.6985    3.6794  -13.6311    0.6718   15.0023
eta,q 0.97231  8.65727

---------------------------------------------------------------------
imgreg_4dfp /opt/freesurfer/average/711-2C_as_mni_average_305 /opt/freesurfer/average/711-2B_as_mni_average_305_mask talsrcimg_g11 none talsrcimg_to_711-2C_as_mni_average_305_t4 2311
---------------------------------------------------------------------

freesurfer imgreg_4dfp.c
/opt/freesurfer/average/711-2C_as_mni_average_305.4dfp.img
       256       256       256         1
  1.000000  1.000000  1.000000
orientation T byte_order littleendian
Reading image: /opt/freesurfer/average/711-2C_as_mni_average_305.4dfp.img
dimensions:      256       256       256
mmppix:       1.0000   -1.0000   -1.0000
center:     128.0000 -129.0000 -129.0000
/opt/freesurfer/average/711-2B_as_mni_average_305_mask.4dfp.img
       256       256       256         1
  1.000000  1.000000  1.000000
orientation T byte_order littleendian
Reading mask: /opt/freesurfer/average/711-2B_as_mni_average_305_mask.4dfp.img (2306576 pixels)
talsrcimg_g11.4dfp.img
       256       256       256         1
  0.898438  0.898438  0.898438
orientation T byte_order littleendian
Reading image: talsrcimg_g11.4dfp.img
dimensions:      256       256       256
mmppix:       0.8984   -0.8984   -0.8984
center:     115.0001 -115.8985 -115.8985
fimgreg.f
image alignment mode   2311 decimal      907 hex
parameters
   -3.4698  -22.4308    8.9971  -10.7173  -15.1034   -6.8837
   -2.2699   -1.6985    3.6794  -13.6311    0.6718   15.0023
eta,q 0.97231  8.65727
niter,ni,del,rscale     5    3    5.0000    0.8000
parameters
   -3.4641  -22.3495    8.9466  -11.2763  -14.8565   -6.1709
   -2.3823   -1.6691    3.6625  -13.3026    0.4989   14.7832
eta,q 0.97237  8.66888
  0.0292  0.0289  0.0284  0.0282  0.0286  0.0283  0.0289  0.0296  0.0284  0.0291  0.0282  0.0283
  0.0284  0.0283  0.0280  0.0278  0.0281  0.0280  0.0282  0.0285  0.0280  0.0284  0.0279  0.0279
  0.0279  0.0278  0.0277  0.0277  0.0278  0.0278  0.0278  0.0279  0.0277  0.0279  0.0277  0.0277
  0.0277  0.0277  0.0277  0.0277  0.0277  0.0277  0.0277  0.0277  0.0276  0.0276  0.0276  0.0276
  0.0279  0.0278  0.0278  0.0278  0.0277  0.0276  0.0278  0.0278  0.0277  0.0277  0.0277  0.0278
  0.0283  0.0281  0.0280  0.0281  0.0280  0.0277  0.0283  0.0285  0.0280  0.0281  0.0279  0.0280
  0.0292  0.0287  0.0285  0.0284  0.0284  0.0280  0.0290  0.0295  0.0284  0.0288  0.0282  0.0284
niter,ni,del,rscale     4    3    5.0000    0.7000
parameters
   -3.4648  -22.2912    8.9563  -11.2486  -14.9114   -6.1238
   -2.3945   -1.6568    3.7232  -13.1474    0.4043   14.6625
eta,q 0.97238  8.66833
  0.0288  0.0286  0.0282  0.0281  0.0283  0.0280  0.0286  0.0291  0.0282  0.0287  0.0281  0.0281
  0.0281  0.0281  0.0279  0.0278  0.0279  0.0278  0.0281  0.0283  0.0279  0.0282  0.0278  0.0278
  0.0278  0.0277  0.0277  0.0277  0.0277  0.0277  0.0277  0.0278  0.0277  0.0278  0.0277  0.0277
  0.0276  0.0276  0.0276  0.0276  0.0276  0.0276  0.0276  0.0276  0.0276  0.0276  0.0276  0.0276
  0.0278  0.0277  0.0277  0.0277  0.0277  0.0276  0.0277  0.0278  0.0277  0.0277  0.0277  0.0277
  0.0281  0.0280  0.0279  0.0278  0.0279  0.0277  0.0281  0.0283  0.0279  0.0281  0.0279  0.0279
  0.0288  0.0284  0.0282  0.0281  0.0283  0.0281  0.0286  0.0291  0.0282  0.0286  0.0281  0.0282
niter,ni,del,rscale     3    3    5.0000    0.6000
parameters
   -3.4606  -22.2572    8.9418  -11.3375  -14.9254   -5.8931
   -2.4150   -1.6328    3.7650  -13.0046    0.2883   14.5899
eta,q 0.97239  8.67221
  0.0285  0.0283  0.0280  0.0280  0.0281  0.0279  0.0283  0.0287  0.0281  0.0285  0.0279  0.0280
  0.0280  0.0279  0.0278  0.0277  0.0278  0.0277  0.0279  0.0281  0.0278  0.0280  0.0277  0.0278
  0.0277  0.0277  0.0277  0.0276  0.0277  0.0277  0.0277  0.0277  0.0277  0.0277  0.0276  0.0276
  0.0276  0.0276  0.0276  0.0276  0.0276  0.0276  0.0276  0.0276  0.0276  0.0276  0.0276  0.0276
  0.0277  0.0277  0.0277  0.0277  0.0277  0.0276  0.0277  0.0277  0.0277  0.0277  0.0277  0.0277
  0.0280  0.0279  0.0278  0.0278  0.0278  0.0277  0.0280  0.0281  0.0278  0.0279  0.0278  0.0278
  0.0285  0.0282  0.0281  0.0280  0.0281  0.0279  0.0284  0.0287  0.0280  0.0283  0.0280  0.0280
niter,ni,del,rscale     2    3    5.0000    0.5000
parameters
   -3.4599  -22.2349    8.9395  -11.3852  -14.9345   -5.6913
   -2.4281   -1.6070    3.8208  -12.9160    0.1674   14.5329
eta,q 0.97240  8.67763
  0.0282  0.0281  0.0279  0.0278  0.0279  0.0278  0.0281  0.0283  0.0279  0.0282  0.0278  0.0279
  0.0279  0.0278  0.0277  0.0277  0.0278  0.0277  0.0278  0.0279  0.0277  0.0279  0.0277  0.0277
  0.0277  0.0277  0.0276  0.0276  0.0276  0.0276  0.0277  0.0277  0.0276  0.0277  0.0276  0.0276
  0.0276  0.0276  0.0276  0.0276  0.0276  0.0276  0.0276  0.0276  0.0276  0.0276  0.0276  0.0276
  0.0277  0.0276  0.0276  0.0276  0.0276  0.0276  0.0276  0.0277  0.0276  0.0276  0.0276  0.0276
  0.0279  0.0278  0.0277  0.0277  0.0278  0.0276  0.0278  0.0279  0.0277  0.0278  0.0277  0.0277
  0.0282  0.0280  0.0279  0.0278  0.0279  0.0278  0.0281  0.0283  0.0279  0.0281  0.0279  0.0279
niter,ni,del,rscale     1    3    5.0000    0.4000
parameters
   -3.4564  -22.2233    8.9488  -11.3991  -14.9414   -5.4674
   -2.4403   -1.5797    3.8722  -12.8519    0.0509   14.4569
eta,q 0.97241  8.68612
  0.0280  0.0279  0.0278  0.0277  0.0278  0.0277  0.0279  0.0281  0.0278  0.0280  0.0277  0.0278
  0.0278  0.0277  0.0277  0.0277  0.0277  0.0277  0.0277  0.0278  0.0277  0.0278  0.0277  0.0277
  0.0276  0.0276  0.0276  0.0276  0.0276  0.0276  0.0276  0.0277  0.0276  0.0276  0.0276  0.0276
  0.0276  0.0276  0.0276  0.0276  0.0276  0.0276  0.0276  0.0276  0.0276  0.0276  0.0276  0.0276
  0.0276  0.0276  0.0276  0.0276  0.0276  0.0276  0.0276  0.0276  0.0276  0.0276  0.0276  0.0276
  0.0278  0.0277  0.0277  0.0277  0.0277  0.0276  0.0277  0.0278  0.0277  0.0278  0.0277  0.0277
  0.0280  0.0279  0.0278  0.0277  0.0278  0.0277  0.0279  0.0281  0.0278  0.0279  0.0278  0.0278
registration optimization eta report
parameter search radius
    0.8000    0.8000    0.8000    2.4000    2.4000    2.4000
    2.4000    2.4000    2.4000    2.4000    2.4000    2.4000
100000*second partial in parameter space
       59.       43.       31.        3.        4.        2.
        6.        8.        3.        6.        3.        3.
  0.0280  0.0279  0.0278  0.0277  0.0278  0.0277  0.0279  0.0281  0.0278  0.0280  0.0277  0.0278
  0.0278  0.0277  0.0277  0.0277  0.0277  0.0277  0.0277  0.0278  0.0277  0.0278  0.0277  0.0277
  0.0276  0.0276  0.0276  0.0276  0.0276  0.0276  0.0276  0.0277  0.0276  0.0276  0.0276  0.0276
  0.0276  0.0276  0.0276  0.0276  0.0276  0.0276  0.0276  0.0276  0.0276  0.0276  0.0276  0.0276
  0.0276  0.0276  0.0276  0.0276  0.0276  0.0276  0.0276  0.0276  0.0276  0.0276  0.0276  0.0276
  0.0278  0.0277  0.0277  0.0277  0.0277  0.0276  0.0277  0.0278  0.0277  0.0278  0.0277  0.0277
  0.0280  0.0279  0.0278  0.0277  0.0278  0.0277  0.0279  0.0281  0.0278  0.0279  0.0278  0.0278
   -3.4564  -22.2233    8.9488  -11.3991  -14.9414   -5.4674
   -2.4403   -1.5797    3.8722  -12.8519    0.0509   14.4569
eta,q 0.97241  8.68612

---------------------------------------------------------------------
imgreg_4dfp /opt/freesurfer/average/711-2C_as_mni_average_305 /opt/freesurfer/average/711-2B_as_mni_average_305_mask talsrcimg_g11 none talsrcimg_to_711-2C_as_mni_average_305_t4 2311
---------------------------------------------------------------------

freesurfer imgreg_4dfp.c
/opt/freesurfer/average/711-2C_as_mni_average_305.4dfp.img
       256       256       256         1
  1.000000  1.000000  1.000000
orientation T byte_order littleendian
Reading image: /opt/freesurfer/average/711-2C_as_mni_average_305.4dfp.img
dimensions:      256       256       256
mmppix:       1.0000   -1.0000   -1.0000
center:     128.0000 -129.0000 -129.0000
/opt/freesurfer/average/711-2B_as_mni_average_305_mask.4dfp.img
       256       256       256         1
  1.000000  1.000000  1.000000
orientation T byte_order littleendian
Reading mask: /opt/freesurfer/average/711-2B_as_mni_average_305_mask.4dfp.img (2306576 pixels)
talsrcimg_g11.4dfp.img
       256       256       256         1
  0.898438  0.898438  0.898438
orientation T byte_order littleendian
Reading image: talsrcimg_g11.4dfp.img
dimensions:      256       256       256
mmppix:       0.8984   -0.8984   -0.8984
center:     115.0001 -115.8985 -115.8985
fimgreg.f
image alignment mode   2311 decimal      907 hex
parameters
   -3.4564  -22.2233    8.9488  -11.3991  -14.9414   -5.4674
   -2.4403   -1.5797    3.8722  -12.8519    0.0509   14.4569
eta,q 0.97241  8.68612
niter,ni,del,rscale     5    3    5.0000    0.8000
parameters
   -3.4536  -22.2053    8.9716  -11.1223  -15.0299   -6.2407
   -2.4329   -1.6170    3.8547  -12.9768    0.3984   14.5977
eta,q 0.97238  8.66325
  0.0291  0.0287  0.0284  0.0283  0.0284  0.0280  0.0289  0.0295  0.0284  0.0289  0.0283  0.0284
  0.0283  0.0281  0.0280  0.0279  0.0280  0.0278  0.0282  0.0284  0.0280  0.0282  0.0280  0.0280
  0.0278  0.0277  0.0277  0.0276  0.0277  0.0277  0.0278  0.0278  0.0277  0.0278  0.0277  0.0277
  0.0276  0.0276  0.0276  0.0276  0.0276  0.0276  0.0276  0.0276  0.0276  0.0276  0.0276  0.0276
  0.0278  0.0277  0.0277  0.0277  0.0277  0.0276  0.0278  0.0278  0.0277  0.0278  0.0277  0.0277
  0.0283  0.0281  0.0279  0.0278  0.0280  0.0279  0.0282  0.0285  0.0280  0.0283  0.0279  0.0279
  0.0291  0.0287  0.0284  0.0281  0.0285  0.0287  0.0289  0.0295  0.0284  0.0290  0.0281  0.0283
niter,ni,del,rscale     4    3    5.0000    0.7000
parameters
   -3.4505  -22.2044    8.9144  -11.3212  -14.9908   -6.1391
   -2.4451   -1.6119    3.7335  -12.9352    0.3718   14.5595
eta,q 0.97239  8.65804
  0.0288  0.0285  0.0282  0.0281  0.0283  0.0280  0.0286  0.0291  0.0282  0.0287  0.0281  0.0281
  0.0281  0.0280  0.0278  0.0278  0.0279  0.0278  0.0281  0.0283  0.0279  0.0281  0.0278  0.0278
  0.0277  0.0277  0.0277  0.0276  0.0277  0.0277  0.0277  0.0278  0.0277  0.0278  0.0277  0.0277
  0.0276  0.0276  0.0276  0.0276  0.0276  0.0276  0.0276  0.0276  0.0276  0.0276  0.0276  0.0276
  0.0277  0.0277  0.0277  0.0277  0.0277  0.0276  0.0277  0.0277  0.0277  0.0277  0.0277  0.0277
  0.0281  0.0280  0.0279  0.0279  0.0279  0.0277  0.0281  0.0282  0.0279  0.0281  0.0278  0.0279
  0.0288  0.0285  0.0282  0.0281  0.0283  0.0280  0.0286  0.0291  0.0282  0.0287  0.0281  0.0281
niter,ni,del,rscale     3    3    5.0000    0.6000
parameters
   -3.4499  -22.1874    8.9178  -11.3944  -14.9998   -5.9320
   -2.4403   -1.6066    3.7433  -12.8593    0.3015   14.5185
eta,q 0.97240  8.66242
  0.0285  0.0283  0.0280  0.0280  0.0281  0.0279  0.0284  0.0287  0.0280  0.0284  0.0280  0.0280
  0.0280  0.0279  0.0278  0.0277  0.0278  0.0277  0.0279  0.0281  0.0278  0.0280  0.0277  0.0278
  0.0277  0.0277  0.0277  0.0276  0.0277  0.0277  0.0277  0.0277  0.0277  0.0277  0.0276  0.0276
  0.0276  0.0276  0.0276  0.0276  0.0276  0.0276  0.0276  0.0276  0.0276  0.0276  0.0276  0.0276
  0.0277  0.0277  0.0277  0.0277  0.0277  0.0276  0.0277  0.0277  0.0277  0.0277  0.0277  0.0277
  0.0280  0.0279  0.0278  0.0278  0.0278  0.0277  0.0279  0.0281  0.0278  0.0280  0.0278  0.0278
  0.0285  0.0282  0.0280  0.0280  0.0281  0.0279  0.0283  0.0287  0.0280  0.0284  0.0280  0.0280
niter,ni,del,rscale     2    3    5.0000    0.5000
parameters
   -3.4507  -22.1829    8.9207  -11.4309  -14.9816   -5.7479
   -2.4479   -1.5900    3.7882  -12.8123    0.1797   14.4687
eta,q 0.97240  8.66925
  0.0282  0.0280  0.0279  0.0278  0.0279  0.0278  0.0281  0.0283  0.0279  0.0282  0.0278  0.0279
  0.0279  0.0278  0.0277  0.0277  0.0278  0.0277  0.0278  0.0279  0.0277  0.0279  0.0277  0.0277
  0.0277  0.0277  0.0276  0.0276  0.0276  0.0276  0.0277  0.0277  0.0276  0.0277  0.0276  0.0276
  0.0276  0.0276  0.0276  0.0276  0.0276  0.0276  0.0276  0.0276  0.0276  0.0276  0.0276  0.0276
  0.0277  0.0277  0.0276  0.0276  0.0276  0.0276  0.0276  0.0277  0.0276  0.0277  0.0276  0.0276
  0.0279  0.0278  0.0277  0.0277  0.0278  0.0276  0.0278  0.0279  0.0277  0.0278  0.0277  0.0277
  0.0282  0.0280  0.0279  0.0278  0.0279  0.0278  0.0281  0.0283  0.0279  0.0281  0.0279  0.0279
niter,ni,del,rscale     1    3    5.0000    0.4000
parameters
   -3.4537  -22.1844    8.9289  -11.4503  -14.9785   -5.5054
   -2.4396   -1.5690    3.8430  -12.7671    0.0723   14.4345
eta,q 0.97241  8.67908
  0.0280  0.0279  0.0278  0.0277  0.0278  0.0277  0.0279  0.0281  0.0278  0.0280  0.0277  0.0278
  0.0278  0.0277  0.0277  0.0276  0.0277  0.0277  0.0277  0.0278  0.0277  0.0278  0.0277  0.0277
  0.0276  0.0276  0.0276  0.0276  0.0276  0.0276  0.0276  0.0277  0.0276  0.0276  0.0276  0.0276
  0.0276  0.0276  0.0276  0.0276  0.0276  0.0276  0.0276  0.0276  0.0276  0.0276  0.0276  0.0276
  0.0276  0.0276  0.0276  0.0276  0.0276  0.0276  0.0276  0.0276  0.0276  0.0276  0.0276  0.0276
  0.0278  0.0277  0.0277  0.0277  0.0277  0.0276  0.0277  0.0278  0.0277  0.0278  0.0277  0.0277
  0.0280  0.0279  0.0278  0.0277  0.0278  0.0277  0.0279  0.0281  0.0278  0.0280  0.0278  0.0278
registration optimization eta report
parameter search radius
    0.8000    0.8000    0.8000    2.4000    2.4000    2.4000
    2.4000    2.4000    2.4000    2.4000    2.4000    2.4000
100000*second partial in parameter space
       59.       44.       31.        3.        4.        2.
        6.        8.        3.        6.        3.        3.
  0.0280  0.0279  0.0278  0.0277  0.0278  0.0277  0.0279  0.0281  0.0278  0.0280  0.0277  0.0278
  0.0278  0.0277  0.0277  0.0276  0.0277  0.0277  0.0277  0.0278  0.0277  0.0278  0.0277  0.0277
  0.0276  0.0276  0.0276  0.0276  0.0276  0.0276  0.0276  0.0277  0.0276  0.0276  0.0276  0.0276
  0.0276  0.0276  0.0276  0.0276  0.0276  0.0276  0.0276  0.0276  0.0276  0.0276  0.0276  0.0276
  0.0276  0.0276  0.0276  0.0276  0.0276  0.0276  0.0276  0.0276  0.0276  0.0276  0.0276  0.0276
  0.0278  0.0277  0.0277  0.0277  0.0277  0.0276  0.0277  0.0278  0.0277  0.0278  0.0277  0.0277
  0.0280  0.0279  0.0278  0.0277  0.0278  0.0277  0.0279  0.0281  0.0278  0.0280  0.0278  0.0278
   -3.4537  -22.1844    8.9289  -11.4503  -14.9785   -5.5054
   -2.4396   -1.5690    3.8430  -12.7671    0.0723   14.4345
eta,q 0.97241  8.67908

---------------------------------------------------------------------
compute_vox2vox talsrcimg talsrcimg_to_711-2C_as_mni_average_305_t4 /opt/freesurfer/average/711-2C_as_mni_average_305
---------------------------------------------------------------------

freesurfer compute_vox2vox.c
Reading: talsrcimg.4dfp.ifh
Reading: talsrcimg_to_711-2C_as_mni_average_305_t4
Reading: /opt/freesurfer/average/711-2C_as_mni_average_305.4dfp.ifh
Writing: talsrcimg_to_711-2C_as_mni_average_305_t4_vox2vox.txt

start time Thu Mar 12 21:14:48 CET 2026
end		time Thu Mar 12 21:16:16 CET 2026

mpr2mni305 success

avi2talxfm orig_nu.mgz /opt/freesurfer/average/mni305.cor.mgz talsrcimg_to_711-2C_as_mni_average_305_t4_vox2vox.txt transforms/talairach.auto.xfm
avi2talxfm done
mv -f /out/sourcedata/freesurfer/sub-v2s2x29064_ses-1/mri/talsrcimg_to_711-2C_as_mni_average_305_t4_vox2vox.txt /out/sourcedata/freesurfer/sub-v2s2x29064_ses-1/mri/transforms/talsrcimg_to_711-2C_as_mni_average_305_t4_vox2vox.txt
lta_convert --src orig_nu.mgz --trg /opt/freesurfer/average/mni305.cor.mgz --inxfm transforms/talairach.auto.xfm --outlta transforms/talairach.auto.xfm.lta --subject fsaverage
7.3.2

--src: orig_nu.mgz src image (geometry).
--trg: /opt/freesurfer/average/mni305.cor.mgz trg image (geometry).
--inmni: transforms/talairach.auto.xfm input MNI/XFM transform.
--outlta: transforms/talairach.auto.xfm.lta output LTA.
--s: fsaverage subject name
 LTA read, type : 1
 1.12805   0.02259   0.02853  -0.71178;
 0.00677   1.03466  -0.17547  -1.28751;
-0.04997   0.15435   1.14853  -13.68860;
 0.00000   0.00000   0.00000   1.00000;
setting subject to fsaverage
Writing  LTA to file transforms/talairach.auto.xfm.lta...
lta_convert successful.
 
 
Started at Thu Mar 12 21:14:47 CET 2026
Ended   at Thu Mar 12 21:16:16 CET 2026
talairach_avi done
