status file for recon-all
Thu Mar 12 22:35:58 CET 2026
#@# Tessellate lh Thu Mar 12 22:35:58 CET 2026
#@# Smooth1 lh Thu Mar 12 22:36:03 CET 2026
#@# Inflation1 lh Thu Mar 12 22:36:07 CET 2026
#@# QSphere lh Thu Mar 12 22:37:25 CET 2026
#@# Fix Topology lh Thu Mar 12 22:39:01 CET 2026
#@# Smooth2 lh Thu Mar 12 22:46:53 CET 2026
#@# Inflation2 lh Thu Mar 12 22:46:57 CET 2026
#@# Curv .H and .K lh Thu Mar 12 22:47:23 CET 2026
#@# Sphere lh Thu Mar 12 22:48:31 CET 2026
#@# Surf Reg lh Thu Mar 12 22:53:12 CET 2026
#@# Jacobian white lh Thu Mar 12 22:59:46 CET 2026
#@# AvgCurv lh Thu Mar 12 22:59:47 CET 2026
#@# Cortical Parc lh Thu Mar 12 22:59:48 CET 2026
#@# white curv lh Thu Mar 12 23:09:15 CET 2026
#@# white area lh Thu Mar 12 23:09:18 CET 2026
#@# pial curv lh Thu Mar 12 23:09:19 CET 2026
#@# pial area lh Thu Mar 12 23:09:22 CET 2026
#@# thickness lh Thu Mar 12 23:09:23 CET 2026
#@# area and vertex vol lh Thu Mar 12 23:10:06 CET 2026
#@# Curvature Stats lh Thu Mar 12 23:10:08 CET 2026
#@# Cortical Parc 2 lh Thu Mar 12 23:10:11 CET 2026
#@# Cortical Parc 3 lh Thu Mar 12 23:10:29 CET 2026
#@# WM/GM Contrast lh Thu Mar 12 23:10:44 CET 2026
recon-all -s sub-v2s2x29058_ses-1 finished without error at Thu Mar 12 23:10:49 CET 2026



#New# invocation of recon-all 



status file for recon-all
Thu Mar 12 23:55:06 CET 2026
#@# white curv lh Thu Mar 12 23:55:06 CET 2026
#@# white area lh Thu Mar 12 23:55:06 CET 2026
#@# pial curv lh Thu Mar 12 23:55:06 CET 2026
#@# pial area lh Thu Mar 12 23:55:06 CET 2026
#@# thickness lh Thu Mar 12 23:55:06 CET 2026
#@# area and vertex vol lh Thu Mar 12 23:55:06 CET 2026
#@# Parcellation Stats lh Thu Mar 12 23:55:06 CET 2026
#@# Parcellation Stats 2 lh Thu Mar 12 23:55:41 CET 2026
#@# Parcellation Stats 3 lh Thu Mar 12 23:55:58 CET 2026
#@# BA_exvivo Labels lh Thu Mar 12 23:56:15 CET 2026
recon-all -s sub-v2s2x29058_ses-1 finished without error at Thu Mar 12 23:59:51 CET 2026
