status file for recon-all
Thu Mar 12 23:10:52 CET 2026
#@# Tessellate rh Thu Mar 12 23:10:52 CET 2026
#@# Smooth1 rh Thu Mar 12 23:10:57 CET 2026
#@# Inflation1 rh Thu Mar 12 23:11:01 CET 2026
#@# QSphere rh Thu Mar 12 23:12:34 CET 2026
#@# Fix Topology rh Thu Mar 12 23:14:33 CET 2026
#@# Smooth2 rh Thu Mar 12 23:22:38 CET 2026
#@# Inflation2 rh Thu Mar 12 23:22:43 CET 2026
#@# Curv .H and .K rh Thu Mar 12 23:23:10 CET 2026
#@# Sphere rh Thu Mar 12 23:24:18 CET 2026
#@# Surf Reg rh Thu Mar 12 23:27:18 CET 2026
#@# Jacobian white rh Thu Mar 12 23:33:01 CET 2026
#@# AvgCurv rh Thu Mar 12 23:33:02 CET 2026
#@# Cortical Parc rh Thu Mar 12 23:33:03 CET 2026
#@# white curv rh Thu Mar 12 23:42:48 CET 2026
#@# white area rh Thu Mar 12 23:42:51 CET 2026
#@# pial curv rh Thu Mar 12 23:42:52 CET 2026
#@# pial area rh Thu Mar 12 23:42:54 CET 2026
#@# thickness rh Thu Mar 12 23:42:55 CET 2026
#@# area and vertex vol rh Thu Mar 12 23:43:39 CET 2026
#@# Curvature Stats rh Thu Mar 12 23:43:41 CET 2026
#@# Cortical Parc 2 rh Thu Mar 12 23:43:44 CET 2026
#@# Cortical Parc 3 rh Thu Mar 12 23:44:02 CET 2026
#@# WM/GM Contrast rh Thu Mar 12 23:44:16 CET 2026
recon-all -s sub-v2s2x29058_ses-1 finished without error at Thu Mar 12 23:44:21 CET 2026



#New# invocation of recon-all 



status file for recon-all
Thu Mar 12 23:59:53 CET 2026
#@# white curv rh Thu Mar 12 23:59:53 CET 2026
#@# white area rh Thu Mar 12 23:59:53 CET 2026
#@# pial curv rh Thu Mar 12 23:59:53 CET 2026
#@# pial area rh Thu Mar 12 23:59:53 CET 2026
#@# thickness rh Thu Mar 12 23:59:53 CET 2026
#@# area and vertex vol rh Thu Mar 12 23:59:53 CET 2026
#@# Parcellation Stats rh Thu Mar 12 23:59:53 CET 2026
#@# Parcellation Stats 2 rh Fri Mar 13 00:00:28 CET 2026
#@# Parcellation Stats 3 rh Fri Mar 13 00:00:46 CET 2026
#@# BA_exvivo Labels rh Fri Mar 13 00:01:02 CET 2026
recon-all -s sub-v2s2x29058_ses-1 finished without error at Fri Mar 13 00:04:30 CET 2026
