status file for recon-all
Thu Mar 12 20:44:29 CET 2026
#@# MotionCor Thu Mar 12 20:44:31 CET 2026
#@# Talairach Thu Mar 12 20:44:41 CET 2026
#@# Talairach Failure Detection Thu Mar 12 20:49:06 CET 2026
#@# Nu Intensity Correction Thu Mar 12 20:49:06 CET 2026
#@# Intensity Normalization Thu Mar 12 20:52:24 CET 2026
recon-all -s sub-v2s2x29058_ses-1 finished without error at Thu Mar 12 20:55:12 CET 2026



#New# invocation of recon-all 



status file for recon-all
Thu Mar 12 21:03:05 CET 2026
#@# EM Registration Thu Mar 12 21:03:05 CET 2026
recon-all -s sub-v2s2x29058_ses-1 finished without error at Thu Mar 12 21:05:11 CET 2026



#New# invocation of recon-all 



status file for recon-all
Thu Mar 12 21:05:16 CET 2026
#@# CA Normalize Thu Mar 12 21:05:16 CET 2026
#@# CA Reg Thu Mar 12 21:06:33 CET 2026
#@# SubCort Seg Thu Mar 12 21:52:29 CET 2026
#@# CC Seg Thu Mar 12 22:29:36 CET 2026
#@# Merge ASeg Thu Mar 12 22:30:14 CET 2026
#@# Intensity Normalization2 Thu Mar 12 22:30:14 CET 2026
#@# Mask BFS Thu Mar 12 22:32:42 CET 2026
#@# WM Segmentation Thu Mar 12 22:32:43 CET 2026
#@# Fill Thu Mar 12 22:34:52 CET 2026
recon-all -s sub-v2s2x29058_ses-1 finished without error at Thu Mar 12 22:35:55 CET 2026



#New# invocation of recon-all 



status file for recon-all
Thu Mar 12 23:44:25 CET 2026
#@# white curv lh Thu Mar 12 23:44:25 CET 2026
#@# white area lh Thu Mar 12 23:44:25 CET 2026
#@# pial curv lh Thu Mar 12 23:44:25 CET 2026
#@# pial area lh Thu Mar 12 23:44:25 CET 2026
#@# thickness lh Thu Mar 12 23:44:25 CET 2026
#@# area and vertex vol lh Thu Mar 12 23:44:25 CET 2026
#@# white curv rh Thu Mar 12 23:44:25 CET 2026
#@# white area rh Thu Mar 12 23:44:25 CET 2026
#@# pial curv rh Thu Mar 12 23:44:25 CET 2026
#@# pial area rh Thu Mar 12 23:44:25 CET 2026
#@# thickness rh Thu Mar 12 23:44:25 CET 2026
#@# area and vertex vol rh Thu Mar 12 23:44:25 CET 2026
#@# Cortical ribbon mask Thu Mar 12 23:44:25 CET 2026
recon-all -s sub-v2s2x29058_ses-1 finished without error at Thu Mar 12 23:55:01 CET 2026



#New# invocation of recon-all 



status file for recon-all
Fri Mar 13 00:04:36 CET 2026
#@# white curv lh Fri Mar 13 00:04:36 CET 2026
#@# white area lh Fri Mar 13 00:04:36 CET 2026
#@# pial curv lh Fri Mar 13 00:04:36 CET 2026
#@# pial area lh Fri Mar 13 00:04:36 CET 2026
#@# thickness lh Fri Mar 13 00:04:36 CET 2026
#@# area and vertex vol lh Fri Mar 13 00:04:36 CET 2026
#@# white curv rh Fri Mar 13 00:04:36 CET 2026
#@# white area rh Fri Mar 13 00:04:36 CET 2026
#@# pial curv rh Fri Mar 13 00:04:36 CET 2026
#@# pial area rh Fri Mar 13 00:04:36 CET 2026
#@# thickness rh Fri Mar 13 00:04:36 CET 2026
#@# area and vertex vol rh Fri Mar 13 00:04:36 CET 2026
#@# Curvature Stats lh Fri Mar 13 00:04:36 CET 2026
#@# Curvature Stats rh Fri Mar 13 00:04:40 CET 2026
#@# Relabel Hypointensities Fri Mar 13 00:04:43 CET 2026
#@# APas-to-ASeg Fri Mar 13 00:05:05 CET 2026
#@# AParc-to-ASeg aparc Fri Mar 13 00:05:16 CET 2026
#@# AParc-to-ASeg aparc.a2009s Fri Mar 13 00:06:17 CET 2026
#@# AParc-to-ASeg aparc.DKTatlas Fri Mar 13 00:07:18 CET 2026
#@# WMParc Fri Mar 13 00:08:10 CET 2026
#@# ASeg Stats Fri Mar 13 00:11:59 CET 2026
recon-all -s sub-v2s2x29058_ses-1 finished without error at Fri Mar 13 00:12:39 CET 2026
