/out/sourcedata/freesurfer/sub-v2s2x29084_ses-1/mri
/opt/freesurfer/bin/talairach_avi
--i orig_nu.mgz --xfm transforms/talairach.auto.xfm
talairach_avi 7.3.2
Linux dna085 5.14.0-427.37.1.el9_4.x86_64 #1 SMP PREEMPT_DYNAMIC Fri Sep 13 12:41:50 EDT 2024 x86_64 x86_64 x86_64 GNU/Linux
Thu Mar 12 22:41:01 CET 2026
mri_convert orig_nu.mgz talsrcimg.img 
reading from orig_nu.mgz...
TR=0.00, TE=0.00, TI=0.00, flip angle=0.00
i_ras = (-1, 0, 0)
j_ras = (0, 0, -1)
k_ras = (0, 1, 0)
writing to talsrcimg.img...
Analyze Output Matrix
-0.89844   0.00000   0.00000   124.60464;
 0.00000   0.00000   0.89844  -139.42183;
 0.00000  -0.89844   0.00000   129.09024;
 0.00000   0.00000   0.00000   1.00000;
--------------------
INFO: set hdr.hist.orient to -1
mpr2mni305 talsrcimg
Thu Mar 12 22:41:02 CET 2026
/opt/freesurfer/bin/mpr2mni305 talsrcimg
mpr2mni305 7.3.2
target=711-2C_as_mni_average_305

---------------------------------------------------------------------
analyzeto4dfp talsrcimg -O0 -y
---------------------------------------------------------------------

freesurfer ifh2hdr.c
Thu Mar 12 22:41:02 2026
Writing: talsrcimg.4dfp.hdr
freesurfer analyzeto4dfp.c
Reading: talsrcimg.hdr
header size 348 bytes
hdr.dime.datatype	offset=70	value=2
hdr.dime.bitpix		offset=72	value=8
hdr.hist.orient		offset=252	value=-1
dimensionality     4
dimensions       256       256       256         1
Reading: talsrcimg.img
Writing: talsrcimg.4dfp.img
Writing: talsrcimg.4dfp.ifh
ifh2hdr talsrcimg -r0to255
ori=2

---------------------------------------------------------------------
gauss_4dfp talsrcimg 1.1
---------------------------------------------------------------------

freesurfer gauss_4dfp.c
Reading: talsrcimg.4dfp.img
Writing: talsrcimg_g11.4dfp.img
image dimensions 256 256 256 padded to 288 288 288
processing volume 1freesurfer ifh2hdr.c
Thu Mar 12 22:41:03 2026
Writing: talsrcimg_g11.4dfp.hdr

Writing: talsrcimg_g11.4dfp.ifh
including: talsrcimg.4dfp.img.rec in talsrcimg_g11.4dfp.img.rec

---------------------------------------------------------------------
imgreg_4dfp /opt/freesurfer/average/711-2C_as_mni_average_305 none talsrcimg_g11 none talsrcimg_to_711-2C_as_mni_average_305_t4 4355
---------------------------------------------------------------------

freesurfer imgreg_4dfp.c
/opt/freesurfer/average/711-2C_as_mni_average_305.4dfp.img
       256       256       256         1
  1.000000  1.000000  1.000000
orientation T byte_order littleendian
Reading image: /opt/freesurfer/average/711-2C_as_mni_average_305.4dfp.img
dimensions:      256       256       256
mmppix:       1.0000   -1.0000   -1.0000
center:     128.0000 -129.0000 -129.0000
talsrcimg_g11.4dfp.img
       256       256       256         1
  0.898438  0.898438  0.898438
orientation T byte_order littleendian
Reading image: talsrcimg_g11.4dfp.img
dimensions:      256       256       256
mmppix:       0.8984   -0.8984   -0.8984
center:     115.0001 -115.8985 -115.8985
t4_read: open error in t4_sub.f l:  41 t4_file(1:l)talsrcimg_to_711-2C_as_mni_average_305_t4 
t4_read: transform initialized to I4
rotation matrix determinant  1.000000
image alignment mode   4355 decimal     1103 hex
   -7.5000  -45.0000  -45.0000 6278.3066   10.9944
    0.0000  -45.0000  -45.0000 6387.7227   10.9791
    7.5000  -45.0000  -45.0000 6071.5098   10.9880
   -7.5000  -37.5000  -45.0000 6701.8745   11.6857
    0.0000  -37.5000  -45.0000 6804.5649   11.6709
    7.5000  -37.5000  -45.0000 6466.2642   11.6759
   -7.5000  -30.0000  -45.0000 7107.0088   12.0680
    0.0000  -30.0000  -45.0000 7212.1533   12.0525
    7.5000  -30.0000  -45.0000 6848.1499   12.0509
   -7.5000  -22.5000  -45.0000 7577.7754   12.0805
    0.0000  -22.5000  -45.0000 7686.0903   12.0630
    7.5000  -22.5000  -45.0000 7273.5435   12.0586
   -7.5000  -15.0000  -45.0000 8003.3594   12.0794
    0.0000  -15.0000  -45.0000 8118.3740   12.0610
    7.5000  -15.0000  -45.0000 7699.1084   12.0615
   -7.5000   -7.5000  -45.0000 8080.5210   12.0661
    0.0000   -7.5000  -45.0000 8196.3643   12.0480
    7.5000   -7.5000  -45.0000 7773.4097   12.0554
   -7.5000    0.0000  -45.0000 8131.4448   12.0513
    0.0000    0.0000  -45.0000 8262.3828   12.0345
    7.5000    0.0000  -45.0000 7809.8740   12.0443
   -7.5000    7.5000  -45.0000 7816.6143   12.0541
    0.0000    7.5000  -45.0000 7950.8813   12.0389
    7.5000    7.5000  -45.0000 7503.2676   12.0440
   -7.5000   15.0000  -45.0000 7686.2563   12.0680
    0.0000   15.0000  -45.0000 7788.6968   12.0525
    7.5000   15.0000  -45.0000 7344.7822   12.0509
   -7.5000   22.5000  -45.0000 7015.1240   11.9180
    0.0000   22.5000  -45.0000 7113.3184   11.9007
    7.5000   22.5000  -45.0000 6703.7974   11.8964
   -7.5000   30.0000  -45.0000 6379.5596   11.5991
    0.0000   30.0000  -45.0000 6490.5220   11.5814
    7.5000   30.0000  -45.0000 6101.0640   11.5819
   -7.5000   37.5000  -45.0000 5820.7158   11.2135
    0.0000   37.5000  -45.0000 5918.0391   11.1967
    7.5000   37.5000  -45.0000 5575.5767   11.2036
   -7.5000   45.0000  -45.0000 5291.5801   11.0367
    0.0000   45.0000  -45.0000 5369.6948   11.0188
    7.5000   45.0000  -45.0000 5074.6807   11.0266
   -7.5000  -45.0000  -37.5000 6853.4531   11.5357
    0.0000  -45.0000  -37.5000 6968.6753   11.5218
    7.5000  -45.0000  -37.5000 6610.1030   11.5294
   -7.5000  -37.5000  -37.5000 7282.8398   12.2708
    0.0000  -37.5000  -37.5000 7398.3354   12.2594
    7.5000  -37.5000  -37.5000 7027.5376   12.2629
   -7.5000  -30.0000  -37.5000 7722.7183   12.6510
    0.0000  -30.0000  -37.5000 7840.1235   12.6403
    7.5000  -30.0000  -37.5000 7435.0386   12.6391
   -7.5000  -22.5000  -37.5000 8219.0010   12.6606
    0.0000  -22.5000  -37.5000 8340.1533   12.6469
    7.5000  -22.5000  -37.5000 7893.6675   12.6448
   -7.5000  -15.0000  -37.5000 8679.6973   12.6550
    0.0000  -15.0000  -37.5000 8804.9961   12.6381
    7.5000  -15.0000  -37.5000 8343.4316   12.6406
   -7.5000   -7.5000  -37.5000 8747.0010   12.6399
    0.0000   -7.5000  -37.5000 8866.4639   12.6224
    7.5000   -7.5000  -37.5000 8407.0615   12.6301
   -7.5000    0.0000  -37.5000 8779.5947   12.6285
    0.0000    0.0000  -37.5000 8916.1875   12.6133
    7.5000    0.0000  -37.5000 8425.6182   12.6216
   -7.5000    7.5000  -37.5000 8431.8311   12.6353
    0.0000    7.5000  -37.5000 8558.8193   12.6237
    7.5000    7.5000  -37.5000 8082.0405   12.6272
   -7.5000   15.0000  -37.5000 8256.0146   12.6504
    0.0000   15.0000  -37.5000 8361.2822   12.6397
    7.5000   15.0000  -37.5000 7914.1787   12.6385
   -7.5000   22.5000  -37.5000 7530.6689   12.4914
    0.0000   22.5000  -37.5000 7622.0752   12.4779
    7.5000   22.5000  -37.5000 7201.8579   12.4758
   -7.5000   30.0000  -37.5000 6839.2920   12.1605
    0.0000   30.0000  -37.5000 6935.6104   12.1442
    7.5000   30.0000  -37.5000 6550.1245   12.1466
   -7.5000   37.5000  -37.5000 6212.9312   11.7564
    0.0000   37.5000  -37.5000 6302.2715   11.7401
    7.5000   37.5000  -37.5000 5968.5327   11.7472
   -7.5000   45.0000  -37.5000 5638.3389   11.5609
    0.0000   45.0000  -37.5000 5737.6001   11.5454
    7.5000   45.0000  -37.5000 5431.7603   11.5522
   -7.5000  -45.0000  -30.0000 7416.0215   12.0602
    0.0000  -45.0000  -30.0000 7545.1597   12.0526
    7.5000  -45.0000  -30.0000 7146.2134   12.0633
   -7.5000  -37.5000  -30.0000 7858.1006   12.8391
    0.0000  -37.5000  -30.0000 7969.2422   12.8346
    7.5000  -37.5000  -30.0000 7571.5991   12.8426
   -7.5000  -30.0000  -30.0000 8332.7734   13.2134
    0.0000  -30.0000  -30.0000 8426.4502   13.2098
    7.5000  -30.0000  -30.0000 8006.7881   13.2173
   -7.5000  -22.5000  -30.0000 8859.3301   13.2124
    0.0000  -22.5000  -30.0000 8955.4092   13.2055
    7.5000  -22.5000  -30.0000 8513.4902   13.2152
   -7.5000  -15.0000  -30.0000 9340.6074   13.2008
    0.0000  -15.0000  -30.0000 9487.0352   13.1903
    7.5000  -15.0000  -30.0000 8990.0537   13.2034
   -7.5000   -7.5000  -30.0000 9413.4707   13.1900
    0.0000   -7.5000  -30.0000 9543.4072   13.1791
    7.5000   -7.5000  -30.0000 9030.8711   13.1931
   -7.5000    0.0000  -30.0000 9424.6260   13.1890
    0.0000    0.0000  -30.0000 9550.5840   13.1807
    7.5000    0.0000  -30.0000 9039.1855   13.1923
   -7.5000    7.5000  -30.0000 9033.1797   13.2005
    0.0000    7.5000  -30.0000 9144.8662   13.1959
    7.5000    7.5000  -30.0000 8666.5342   13.2042
   -7.5000   15.0000  -30.0000 8806.7061   13.2116
    0.0000   15.0000  -30.0000 8918.3154   13.2080
    7.5000   15.0000  -30.0000 8453.3115   13.2155
   -7.5000   22.5000  -30.0000 8021.9253   13.0363
    0.0000   22.5000  -30.0000 8107.6997   13.0295
    7.5000   22.5000  -30.0000 7670.6782   13.0391
   -7.5000   30.0000  -30.0000 7261.0396   12.6942
    0.0000   30.0000  -30.0000 7349.2705   12.6841
    7.5000   30.0000  -30.0000 6961.7485   12.6966
   -7.5000   37.5000  -30.0000 6596.4136   12.2866
    0.0000   37.5000  -30.0000 6687.7905   12.2763
    7.5000   37.5000  -30.0000 6337.7334   12.2894
   -7.5000   45.0000  -30.0000 5990.5811   12.0896
    0.0000   45.0000  -30.0000 6081.0278   12.0814
    7.5000   45.0000  -30.0000 5751.2427   12.0921
   -7.5000  -45.0000  -22.5000 7963.7598   12.5604
    0.0000  -45.0000  -22.5000 8074.8804   12.5579
    7.5000  -45.0000  -22.5000 7662.1646   12.5738
   -7.5000  -37.5000  -22.5000 8419.6006   13.3788
    0.0000  -37.5000  -22.5000 8518.4482   13.3780
    7.5000  -37.5000  -22.5000 8088.8472   13.3930
   -7.5000  -30.0000  -22.5000 8904.5322   13.7471
    0.0000  -30.0000  -22.5000 9008.5234   13.7458
    7.5000  -30.0000  -22.5000 8542.6279   13.7627
   -7.5000  -22.5000  -22.5000 9479.3008   13.7394
    0.0000  -22.5000  -22.5000 9586.1201   13.7352
    7.5000  -22.5000  -22.5000 9096.5186   13.7553
   -7.5000  -15.0000  -22.500010012.1006   13.7276
    0.0000  -15.0000  -22.500010167.8848   13.7217
    7.5000  -15.0000  -22.5000 9619.4697   13.7439
   -7.5000   -7.5000  -22.500010075.8662   13.7230
    0.0000   -7.5000  -22.500010230.2773   13.7179
    7.5000   -7.5000  -22.5000 9657.7705   13.7388
   -7.5000    0.0000  -22.500010077.5518   13.7282
    0.0000    0.0000  -22.500010207.7197   13.7255
    7.5000    0.0000  -22.5000 9664.8105   13.7428
   -7.5000    7.5000  -22.5000 9651.3535   13.7384
    0.0000    7.5000  -22.5000 9759.6299   13.7376
    7.5000    7.5000  -22.5000 9232.8252   13.7530
   -7.5000   15.0000  -22.5000 9360.4883   13.7438
    0.0000   15.0000  -22.5000 9465.8057   13.7425
    7.5000   15.0000  -22.5000 8968.4043   13.7594
   -7.5000   22.5000  -22.5000 8485.4258   13.5576
    0.0000   22.5000  -22.5000 8588.8750   13.5535
    7.5000   22.5000  -22.5000 8139.5439   13.5733
   -7.5000   30.0000  -22.5000 7702.1328   13.2105
    0.0000   30.0000  -22.5000 7771.6572   13.2048
    7.5000   30.0000  -22.5000 7378.9062   13.2261
   -7.5000   37.5000  -22.5000 6985.5005   12.8025
    0.0000   37.5000  -22.5000 7043.8960   12.7978
    7.5000   37.5000  -22.5000 6688.1577   12.8173
   -7.5000   45.0000  -22.5000 6343.0068   12.6137
    0.0000   45.0000  -22.5000 6398.5410   12.6107
    7.5000   45.0000  -22.5000 6056.4258   12.6272
   -7.5000  -45.0000  -15.0000 8464.3623   13.0095
    0.0000  -45.0000  -15.0000 8566.6846   13.0051
    7.5000  -45.0000  -15.0000 8139.0747   13.0227
   -7.5000  -37.5000  -15.0000 8948.0781   13.8505
    0.0000  -37.5000  -15.0000 9068.0820   13.8448
    7.5000  -37.5000  -15.0000 8583.8574   13.8615
   -7.5000  -30.0000  -15.0000 9470.9248   14.2156
    0.0000  -30.0000  -15.0000 9582.9482   14.2075
    7.5000  -30.0000  -15.0000 9070.7959   14.2238
   -7.5000  -22.5000  -15.000010066.1416   14.2099
    0.0000  -22.5000  -15.000010193.1230   14.1998
    7.5000  -22.5000  -15.0000 9644.1123   14.2170
   -7.5000  -15.0000  -15.000010643.5635   14.2038
    0.0000  -15.0000  -15.000010805.4043   14.1952
    7.5000  -15.0000  -15.000010196.8809   14.2149
   -7.5000   -7.5000  -15.000010714.0342   14.2026
    0.0000   -7.5000  -15.000010871.3818   14.1966
    7.5000   -7.5000  -15.000010243.2510   14.2173
   -7.5000    0.0000  -15.000010746.3467   14.2053
    0.0000    0.0000  -15.000010885.6865   14.2004
    7.5000    0.0000  -15.000010264.5654   14.2196
   -7.5000    7.5000  -15.000010265.9453   14.2089
    0.0000    7.5000  -15.000010385.2490   14.2031
    7.5000    7.5000  -15.0000 9784.8672   14.2202
   -7.5000   15.0000  -15.0000 9942.2959   14.2112
    0.0000   15.0000  -15.000010018.5205   14.2031
    7.5000   15.0000  -15.0000 9469.3389   14.2194
   -7.5000   22.5000  -15.0000 9003.6270   14.0240
    0.0000   22.5000  -15.0000 9071.9668   14.0141
    7.5000   22.5000  -15.0000 8587.2734   14.0311
   -7.5000   30.0000  -15.0000 8151.6206   13.6789
    0.0000   30.0000  -15.0000 8223.7646   13.6707
    7.5000   30.0000  -15.0000 7781.2788   13.6897
   -7.5000   37.5000  -15.0000 7372.6025   13.2702
    0.0000   37.5000  -15.0000 7419.8281   13.2645
    7.5000   37.5000  -15.0000 7013.5503   13.2839
   -7.5000   45.0000  -15.0000 6674.2666   13.0861
    0.0000   45.0000  -15.0000 6719.3657   13.0799
    7.5000   45.0000  -15.0000 6350.3359   13.0977
   -7.5000  -45.0000   -7.5000 8711.1562   13.0014
    0.0000  -45.0000   -7.5000 8821.7676   12.9896
    7.5000  -45.0000   -7.5000 8366.1436   13.0037
   -7.5000  -37.5000   -7.5000 9208.8555   13.8358
    0.0000  -37.5000   -7.5000 9327.3447   13.8223
    7.5000  -37.5000   -7.5000 8816.0127   13.8338
   -7.5000  -30.0000   -7.5000 9760.0527   14.2038
    0.0000  -30.0000   -7.5000 9865.5586   14.1875
    7.5000  -30.0000   -7.5000 9328.0273   14.1938
   -7.5000  -22.5000   -7.500010363.1758   14.2076
    0.0000  -22.5000   -7.500010477.6885   14.1895
    7.5000  -22.5000   -7.5000 9908.6865   14.1937
   -7.5000  -15.0000   -7.500010930.8652   14.2077
    0.0000  -15.0000   -7.500011089.5107   14.1914
    7.5000  -15.0000   -7.500010448.1543   14.1999
   -7.5000   -7.5000   -7.500011020.7363   14.2035
    0.0000   -7.5000   -7.500011159.4951   14.1898
    7.5000   -7.5000   -7.500010509.1162   14.2035
   -7.5000    0.0000   -7.500011078.4062   14.1963
    0.0000    0.0000   -7.500011201.6846   14.1835
    7.5000    0.0000   -7.500010532.3408   14.1989
   -7.5000    7.5000   -7.500010558.8223   14.1938
    0.0000    7.5000   -7.500010661.0791   14.1800
    7.5000    7.5000   -7.500010038.3730   14.1918
   -7.5000   15.0000   -7.500010183.0303   14.1994
    0.0000   15.0000   -7.500010249.6016   14.1831
    7.5000   15.0000   -7.5000 9680.2295   14.1894
   -7.5000   22.5000   -7.5000 9206.7051   14.0218
    0.0000   22.5000   -7.5000 9295.3584   14.0039
    7.5000   22.5000   -7.5000 8769.8428   14.0080
   -7.5000   30.0000   -7.5000 8351.0098   13.6827
    0.0000   30.0000   -7.5000 8455.6104   13.6670
    7.5000   30.0000   -7.5000 7950.2290   13.6752
   -7.5000   37.5000   -7.5000 7539.7817   13.2710
    0.0000   37.5000   -7.5000 7633.8931   13.2582
    7.5000   37.5000   -7.5000 7181.5093   13.2710
   -7.5000   45.0000   -7.5000 6801.1597   13.0801
    0.0000   45.0000   -7.5000 6870.8926   13.0654
    7.5000   45.0000   -7.5000 6471.7339   13.0788
   -7.5000  -45.0000    0.0000 8771.3604   13.3138
    0.0000  -45.0000    0.0000 8876.2939   13.2960
    7.5000  -45.0000    0.0000 8396.0420   13.3059
   -7.5000  -37.5000    0.0000 9217.2793   14.1630
    0.0000  -37.5000    0.0000 9340.0508   14.1455
    7.5000  -37.5000    0.0000 8820.7314   14.1506
   -7.5000  -30.0000    0.0000 9799.4512   14.5378
    0.0000  -30.0000    0.0000 9903.8027   14.5192
    7.5000  -30.0000    0.0000 9383.5967   14.5164
   -7.5000  -22.5000    0.000010519.0479   14.5502
    0.0000  -22.5000    0.000010643.4609   14.5288
    7.5000  -22.5000    0.000010042.3545   14.5229
   -7.5000  -15.0000    0.000011134.2939   14.5503
    0.0000  -15.0000    0.000011299.9023   14.5282
    7.5000  -15.0000    0.000010595.7383   14.5282
   -7.5000   -7.5000    0.000011223.5840   14.5382
    0.0000   -7.5000    0.000011340.9453   14.5171
    7.5000   -7.5000    0.000010637.8252   14.5251
   -7.5000    0.0000    0.000011238.3574   14.5231
    0.0000    0.0000    0.000011334.5303   14.5037
    7.5000    0.0000    0.000010629.8916   14.5144
   -7.5000    7.5000    0.000010655.4766   14.5199
    0.0000    7.5000    0.000010751.1514   14.5020
    7.5000    7.5000    0.000010091.7393   14.5072
   -7.5000   15.0000    0.000010208.1250   14.5327
    0.0000   15.0000    0.000010317.1309   14.5140
    7.5000   15.0000    0.0000 9681.9736   14.5113
   -7.5000   22.5000    0.0000 9229.3584   14.3619
    0.0000   22.5000    0.0000 9360.7178   14.3408
    7.5000   22.5000    0.0000 8763.3340   14.3349
   -7.5000   30.0000    0.0000 8400.6523   14.0211
    0.0000   30.0000    0.0000 8528.8154   13.9999
    7.5000   30.0000    0.0000 7979.8530   13.9998
   -7.5000   37.5000    0.0000 7580.8364   13.6000
    0.0000   37.5000    0.0000 7700.1035   13.5802
    7.5000   37.5000    0.0000 7221.9653   13.5877
   -7.5000   45.0000    0.0000 6834.4019   13.4068
    0.0000   45.0000    0.0000 6913.5503   13.3859
    7.5000   45.0000    0.0000 6496.3286   13.3944
   -7.5000  -45.0000    7.5000 8525.0625   13.3111
    0.0000  -45.0000    7.5000 8595.5762   13.2954
    7.5000  -45.0000    7.5000 8137.9639   13.3039
   -7.5000  -37.5000    7.5000 8883.8906   14.1666
    0.0000  -37.5000    7.5000 8964.6826   14.1536
    7.5000  -37.5000    7.5000 8532.7383   14.1573
   -7.5000  -30.0000    7.5000 9482.6143   14.5448
    0.0000  -30.0000    7.5000 9583.4229   14.5324
    7.5000  -30.0000    7.5000 9077.4531   14.5309
   -7.5000  -22.5000    7.500010353.9102   14.5544
    0.0000  -22.5000    7.500010565.2559   14.5387
    7.5000  -22.5000    7.5000 9820.0293   14.5363
   -7.5000  -15.0000    7.500011077.6211   14.5480
    0.0000  -15.0000    7.500011317.9023   14.5288
    7.5000  -15.0000    7.500010438.2861   14.5317
   -7.5000   -7.5000    7.500011133.6855   14.5320
    0.0000   -7.5000    7.500011290.2246   14.5123
    7.5000   -7.5000    7.500010448.6084   14.5210
   -7.5000    0.0000    7.500011015.0537   14.5202
    0.0000    0.0000    7.500011142.2275   14.5030
    7.5000    0.0000    7.500010374.8330   14.5123
   -7.5000    7.5000    7.500010334.7334   14.5236
    0.0000    7.5000    7.500010444.7227   14.5102
    7.5000    7.5000    7.5000 9778.2324   14.5141
   -7.5000   15.0000    7.5000 9846.8936   14.5396
    0.0000   15.0000    7.5000 9957.8057   14.5273
    7.5000   15.0000    7.5000 9321.5029   14.5258
   -7.5000   22.5000    7.5000 8913.4482   14.3661
    0.0000   22.5000    7.5000 9006.1729   14.3506
    7.5000   22.5000    7.5000 8450.9629   14.3481
   -7.5000   30.0000    7.5000 8119.5146   14.0189
    0.0000   30.0000    7.5000 8204.9092   14.0004
    7.5000   30.0000    7.5000 7712.8877   14.0032
   -7.5000   37.5000    7.5000 7316.6528   13.5942
    0.0000   37.5000    7.5000 7424.7637   13.5758
    7.5000   37.5000    7.5000 6969.7612   13.5838
   -7.5000   45.0000    7.5000 6568.0850   13.4018
    0.0000   45.0000    7.5000 6661.4004   13.3841
    7.5000   45.0000    7.5000 6255.3442   13.3917
   -7.5000  -45.0000   15.0000 8514.1074   13.3939
    0.0000  -45.0000   15.0000 8613.0488   13.3853
    7.5000  -45.0000   15.0000 8122.1934   13.3971
   -7.5000  -37.5000   15.0000 8918.6260   14.2607
    0.0000  -37.5000   15.0000 9017.6035   14.2556
    7.5000  -37.5000   15.0000 8517.3672   14.2646
   -7.5000  -30.0000   15.0000 9501.4561   14.6384
    0.0000  -30.0000   15.0000 9644.1152   14.6342
    7.5000  -30.0000   15.0000 9050.8818   14.6427
   -7.5000  -22.5000   15.000010312.8359   14.6384
    0.0000  -22.5000   15.000010593.2764   14.6303
    7.5000  -22.5000   15.0000 9765.3555   14.6411
   -7.5000  -15.0000   15.000011042.1543   14.6257
    0.0000  -15.0000   15.000011322.7412   14.6135
    7.5000  -15.0000   15.000010398.5762   14.6277
   -7.5000   -7.5000   15.000011085.5137   14.6128
    0.0000   -7.5000   15.000011293.5820   14.6002
    7.5000   -7.5000   15.000010436.4580   14.6155
   -7.5000    0.0000   15.000010919.6855   14.6105
    0.0000    0.0000   15.000011074.6172   14.6010
    7.5000    0.0000   15.000010349.3662   14.6139
   -7.5000    7.5000   15.000010232.7393   14.6201
    0.0000    7.5000   15.000010329.9043   14.6148
    7.5000    7.5000   15.0000 9710.7002   14.6241
   -7.5000   15.0000   15.0000 9736.8418   14.6332
    0.0000   15.0000   15.0000 9821.7578   14.6290
    7.5000   15.0000   15.0000 9240.8877   14.6375
   -7.5000   22.5000   15.0000 8858.3662   14.4489
    0.0000   22.5000   15.0000 8905.5498   14.4409
    7.5000   22.5000   15.0000 8401.2295   14.4516
   -7.5000   30.0000   15.0000 8089.0991   14.0937
    0.0000   30.0000   15.0000 8143.8174   14.0820
    7.5000   30.0000   15.0000 7685.1577   14.0957
   -7.5000   37.5000   15.0000 7293.4238   13.6698
    0.0000   37.5000   15.0000 7359.1484   13.6579
    7.5000   37.5000   15.0000 6948.9351   13.6722
   -7.5000   45.0000   15.0000 6517.1694   13.4846
    0.0000   45.0000   15.0000 6571.3091   13.4752
    7.5000   45.0000   15.0000 6226.6216   13.4871
   -7.5000  -45.0000   22.5000 8024.5059   13.5893
    0.0000  -45.0000   22.5000 8140.3208   13.5868
    7.5000  -45.0000   22.5000 7674.2812   13.6037
   -7.5000  -37.5000   22.5000 8453.7949   14.4673
    0.0000  -37.5000   22.5000 8544.2227   14.4664
    7.5000  -37.5000   22.5000 8064.1436   14.4823
   -7.5000  -30.0000   22.5000 8998.5830   14.8433
    0.0000  -30.0000   22.5000 9108.8770   14.8419
    7.5000  -30.0000   22.5000 8590.3623   14.8601
   -7.5000  -22.5000   22.5000 9652.5674   14.8359
    0.0000  -22.5000   22.5000 9810.0742   14.8317
    7.5000  -22.5000   22.5000 9213.3604   14.8537
   -7.5000  -15.0000   22.500010244.5020   14.8238
    0.0000  -15.0000   22.500010360.5977   14.8181
    7.5000  -15.0000   22.5000 9762.7480   14.8425
   -7.5000   -7.5000   22.500010317.9443   14.8188
    0.0000   -7.5000   22.500010398.2354   14.8139
    7.5000   -7.5000   22.5000 9838.7539   14.8366
   -7.5000    0.0000   22.500010265.2051   14.8236
    0.0000    0.0000   22.500010338.8457   14.8209
    7.5000    0.0000   22.5000 9805.9277   14.8393
   -7.5000    7.5000   22.5000 9667.8623   14.8319
    0.0000    7.5000   22.5000 9730.9775   14.8310
    7.5000    7.5000   22.5000 9229.8779   14.8472
   -7.5000   15.0000   22.5000 9225.0342   14.8380
    0.0000   15.0000   22.5000 9260.5811   14.8366
    7.5000   15.0000   22.5000 8764.3633   14.8548
   -7.5000   22.5000   22.5000 8428.4307   14.6438
    0.0000   22.5000   22.5000 8443.1162   14.6397
    7.5000   22.5000   22.5000 7975.9517   14.6615
   -7.5000   30.0000   22.5000 7691.2290   14.2847
    0.0000   30.0000   22.5000 7738.8696   14.2791
    7.5000   30.0000   22.5000 7288.7222   14.3027
   -7.5000   37.5000   22.5000 6910.5674   13.8625
    0.0000   37.5000   22.5000 6972.2783   13.8579
    7.5000   37.5000   22.5000 6574.2061   13.8792
   -7.5000   45.0000   22.5000 6140.1650   13.6748
    0.0000   45.0000   22.5000 6196.6216   13.6718
    7.5000   45.0000   22.5000 5855.6460   13.6895
   -7.5000  -45.0000   30.0000 7506.3652   13.7930
    0.0000  -45.0000   30.0000 7589.1021   13.7860
    7.5000  -45.0000   30.0000 7203.0864   13.8040
   -7.5000  -37.5000   30.0000 7917.4561   14.6837
    0.0000  -37.5000   30.0000 7989.0679   14.6756
    7.5000  -37.5000   30.0000 7576.1743   14.6926
   -7.5000  -30.0000   30.0000 8407.9795   15.0632
    0.0000  -30.0000   30.0000 8493.3369   15.0529
    7.5000  -30.0000   30.0000 8051.8960   15.0699
   -7.5000  -22.5000   30.0000 8977.9648   15.0577
    0.0000  -22.5000   30.0000 9076.7832   15.0454
    7.5000  -22.5000   30.0000 8607.7295   15.0636
   -7.5000  -15.0000   30.0000 9496.0596   15.0529
    0.0000  -15.0000   30.0000 9557.9443   15.0419
    7.5000  -15.0000   30.0000 9092.4131   15.0628
   -7.5000   -7.5000   30.0000 9570.6240   15.0528
    0.0000   -7.5000   30.0000 9631.1230   15.0439
    7.5000   -7.5000   30.0000 9156.4814   15.0656
   -7.5000    0.0000   30.0000 9571.4541   15.0550
    0.0000    0.0000   30.0000 9640.3896   15.0473
    7.5000    0.0000   30.0000 9167.7139   15.0669
   -7.5000    7.5000   30.0000 9047.6445   15.0563
    0.0000    7.5000   30.0000 9106.6543   15.0480
    7.5000    7.5000   30.0000 8660.9893   15.0655
   -7.5000   15.0000   30.0000 8664.2676   15.0578
    0.0000   15.0000   30.0000 8687.0020   15.0476
    7.5000   15.0000   30.0000 8239.5498   15.0645
   -7.5000   22.5000   30.0000 7906.7349   14.8615
    0.0000   22.5000   30.0000 7922.4009   14.8494
    7.5000   22.5000   30.0000 7489.3003   14.8674
   -7.5000   30.0000   30.0000 7197.9902   14.5121
    0.0000   30.0000   30.0000 7236.4937   14.5015
    7.5000   30.0000   30.0000 6828.0029   14.5216
   -7.5000   37.5000   30.0000 6458.8657   14.0947
    0.0000   37.5000   30.0000 6509.0327   14.0863
    7.5000   37.5000   30.0000 6146.3955   14.1066
   -7.5000   45.0000   30.0000 5737.0679   13.9038
    0.0000   45.0000   30.0000 5786.4214   13.8952
    7.5000   45.0000   30.0000 5469.1089   13.9138
   -7.5000  -45.0000   37.5000 6990.8130   13.9280
    0.0000  -45.0000   37.5000 7080.5381   13.9159
    7.5000  -45.0000   37.5000 6729.9614   13.9290
   -7.5000  -37.5000   37.5000 7393.6123   14.8203
    0.0000  -37.5000   37.5000 7475.8188   14.8053
    7.5000  -37.5000   37.5000 7105.3589   14.8162
   -7.5000  -30.0000   37.5000 7848.1855   15.1984
    0.0000  -30.0000   37.5000 7922.4424   15.1792
    7.5000  -30.0000   37.5000 7533.6812   15.1859
   -7.5000  -22.5000   37.5000 8369.8359   15.2079
    0.0000  -22.5000   37.5000 8452.0879   15.1866
    7.5000  -22.5000   37.5000 8037.7002   15.1915
   -7.5000  -15.0000   37.5000 8833.3027   15.2140
    0.0000  -15.0000   37.5000 8905.4160   15.1959
    7.5000  -15.0000   37.5000 8482.4014   15.2046
   -7.5000   -7.5000   37.5000 8902.7520   15.2098
    0.0000   -7.5000   37.5000 8948.6914   15.1956
    7.5000   -7.5000   37.5000 8528.2881   15.2088
   -7.5000    0.0000   37.5000 8892.1074   15.1965
    0.0000    0.0000   37.5000 8958.2832   15.1833
    7.5000    0.0000   37.5000 8539.9609   15.1975
   -7.5000    7.5000   37.5000 8427.5449   15.1870
    0.0000    7.5000   37.5000 8474.3037   15.1716
    7.5000    7.5000   37.5000 8073.1821   15.1828
   -7.5000   15.0000   37.5000 8092.5332   15.1929
    0.0000   15.0000   37.5000 8131.7344   15.1737
    7.5000   15.0000   37.5000 7721.3481   15.1803
   -7.5000   22.5000   37.5000 7393.0811   15.0072
    0.0000   22.5000   37.5000 7424.3022   14.9861
    7.5000   22.5000   37.5000 7036.5181   14.9909
   -7.5000   30.0000   37.5000 6716.5674   14.6673
    0.0000   30.0000   37.5000 6765.4268   14.6499
    7.5000   30.0000   37.5000 6407.5601   14.6583
   -7.5000   37.5000   37.5000 6020.2021   14.2419
    0.0000   37.5000   37.5000 6074.7031   14.2285
    7.5000   37.5000   37.5000 5754.2539   14.2408
   -7.5000   45.0000   37.5000 5347.9639   14.0264
    0.0000   45.0000   37.5000 5383.9453   14.0119
    7.5000   45.0000   37.5000 5110.1841   14.0240
   -7.5000  -45.0000   45.0000 6499.5020   14.1111
    0.0000  -45.0000   45.0000 6588.0508   14.0961
    7.5000  -45.0000   45.0000 6256.0464   14.1035
   -7.5000  -37.5000   45.0000 6855.4028   15.0164
    0.0000  -37.5000   45.0000 6949.0479   14.9992
    7.5000  -37.5000   45.0000 6605.8745   15.0010
   -7.5000  -30.0000   45.0000 7289.6372   15.3961
    0.0000  -30.0000   45.0000 7384.5142   15.3752
    7.5000  -30.0000   45.0000 7015.4551   15.3707
   -7.5000  -22.5000   45.0000 7775.1812   15.4187
    0.0000  -22.5000   45.0000 7860.6689   15.3949
    7.5000  -22.5000   45.0000 7475.5913   15.3893
   -7.5000  -15.0000   45.0000 8178.9248   15.4249
    0.0000  -15.0000   45.0000 8254.5352   15.4032
    7.5000  -15.0000   45.0000 7879.2866   15.4045
   -7.5000   -7.5000   45.0000 8225.9531   15.4085
    0.0000   -7.5000   45.0000 8281.8848   15.3906
    7.5000   -7.5000   45.0000 7906.6777   15.3983
   -7.5000    0.0000   45.0000 8232.3086   15.3829
    0.0000    0.0000   45.0000 8299.7861   15.3666
    7.5000    0.0000   45.0000 7920.3184   15.3746
   -7.5000    7.5000   45.0000 7814.8086   15.3731
    0.0000    7.5000   45.0000 7865.4365   15.3555
    7.5000    7.5000   45.0000 7494.0801   15.3574
   -7.5000   15.0000   45.0000 7514.4966   15.3904
    0.0000   15.0000   45.0000 7577.7886   15.3694
    7.5000   15.0000   45.0000 7182.9727   15.3649
   -7.5000   22.5000   45.0000 6874.2441   15.2132
    0.0000   22.5000   45.0000 6932.9619   15.1896
    7.5000   22.5000   45.0000 6568.1353   15.1842
   -7.5000   30.0000   45.0000 6253.0708   14.8692
    0.0000   30.0000   45.0000 6323.9546   14.8482
    7.5000   30.0000   45.0000 5975.1245   14.8495
   -7.5000   37.5000   45.0000 5587.2075   14.4241
    0.0000   37.5000   45.0000 5661.9185   14.4072
    7.5000   37.5000   45.0000 5351.6719   14.4144
   -7.5000   45.0000   45.0000 4968.0752   14.1817
    0.0000   45.0000   45.0000 5016.0239   14.1642
    7.5000   45.0000   45.0000 4752.9971   14.1704

---------------------------------------------------------------------
imgreg_4dfp /opt/freesurfer/average/711-2C_as_mni_average_305 /opt/freesurfer/average/711-2B_as_mni_average_305_mask talsrcimg_g11 none talsrcimg_to_711-2C_as_mni_average_305_t4 4355
---------------------------------------------------------------------

freesurfer imgreg_4dfp.c
/opt/freesurfer/average/711-2C_as_mni_average_305.4dfp.img
       256       256       256         1
  1.000000  1.000000  1.000000
orientation T byte_order littleendian
Reading image: /opt/freesurfer/average/711-2C_as_mni_average_305.4dfp.img
dimensions:      256       256       256
mmppix:       1.0000   -1.0000   -1.0000
center:     128.0000 -129.0000 -129.0000
/opt/freesurfer/average/711-2B_as_mni_average_305_mask.4dfp.img
       256       256       256         1
  1.000000  1.000000  1.000000
orientation T byte_order littleendian
Reading mask: /opt/freesurfer/average/711-2B_as_mni_average_305_mask.4dfp.img (2306576 pixels)
talsrcimg_g11.4dfp.img
       256       256       256         1
  0.898438  0.898438  0.898438
orientation T byte_order littleendian
Reading image: talsrcimg_g11.4dfp.img
dimensions:      256       256       256
mmppix:       0.8984   -0.8984   -0.8984
center:     115.0001 -115.8985 -115.8985
rotation matrix determinant  1.000000
image alignment mode   4355 decimal     1103 hex
   -7.5000  -52.5000  -45.0000 1877.7567   12.9735
    0.0000  -52.5000  -45.0000 1898.4247   12.8758
    7.5000  -52.5000  -45.0000 1892.0004   12.9365
   -7.5000  -45.0000  -45.0000 1979.5369   12.1178
    0.0000  -45.0000  -45.0000 2002.1292   12.0282
    7.5000  -45.0000  -45.0000 1994.2357   12.0872
   -7.5000  -37.5000  -45.0000 2051.6218   11.4188
    0.0000  -37.5000  -45.0000 2071.4421   11.3435
    7.5000  -37.5000  -45.0000 2061.1038   11.3917
   -7.5000  -30.0000  -45.0000 2089.3152   10.8743
    0.0000  -30.0000  -45.0000 2111.1887   10.7984
    7.5000  -30.0000  -45.0000 2094.6890   10.8573
   -7.5000  -22.5000  -45.0000 2102.7822   10.5619
    0.0000  -22.5000  -45.0000 2125.9070   10.4603
    7.5000  -22.5000  -45.0000 2107.9670   10.5364
   -7.5000  -15.0000  -45.0000 2094.1636   10.4899
    0.0000  -15.0000  -45.0000 2121.1633   10.4060
    7.5000  -15.0000  -45.0000 2109.5735   10.4458
   -7.5000   -7.5000  -45.0000 2070.6697   10.6674
    0.0000   -7.5000  -45.0000 2097.4170   10.5604
    7.5000   -7.5000  -45.0000 2088.3921   10.5809
   -7.5000    0.0000  -45.0000 2039.1697   11.0043
    0.0000    0.0000  -45.0000 2067.2158   10.8935
    7.5000    0.0000  -45.0000 2050.5142   10.9394
   -7.5000    7.5000  -45.0000 1992.0828   11.6121
    0.0000    7.5000  -45.0000 2016.1162   11.5058
    7.5000    7.5000  -45.0000 2001.6107   11.5381
   -7.5000   15.0000  -45.0000 1929.4525   12.5311
    0.0000   15.0000  -45.0000 1948.3890   12.4195
    7.5000   15.0000  -45.0000 1935.5675   12.4500
   -7.5000   22.5000  -45.0000 1842.3912   13.7707
    0.0000   22.5000  -45.0000 1863.5994   13.6468
    7.5000   22.5000  -45.0000 1846.9441   13.7026
   -7.5000   30.0000  -45.0000 1740.0823   15.3660
    0.0000   30.0000  -45.0000 1766.2499   15.1566
    7.5000   30.0000  -45.0000 1743.0374   15.3103
   -7.5000   37.5000  -45.0000 1610.6553   17.3098
    0.0000   37.5000  -45.0000 1634.9109   17.0780
    7.5000   37.5000  -45.0000 1618.7709   17.2093
   -7.5000  -52.5000  -37.5000 2019.8718   12.7953
    0.0000  -52.5000  -37.5000 2047.5426   12.6754
    7.5000  -52.5000  -37.5000 2035.7783   12.7196
   -7.5000  -45.0000  -37.5000 2142.5935   11.9402
    0.0000  -45.0000  -37.5000 2167.1516   11.8309
    7.5000  -45.0000  -37.5000 2156.0229   11.8920
   -7.5000  -37.5000  -37.5000 2212.7986   11.1983
    0.0000  -37.5000  -37.5000 2238.1965   11.1225
    7.5000  -37.5000  -37.5000 2228.4653   11.1993
   -7.5000  -30.0000  -37.5000 2254.7747   10.6970
    0.0000  -30.0000  -37.5000 2281.3591   10.6032
    7.5000  -30.0000  -37.5000 2265.0562   10.6646
   -7.5000  -22.5000  -37.5000 2275.7925   10.3844
    0.0000  -22.5000  -37.5000 2301.2190   10.2943
    7.5000  -22.5000  -37.5000 2282.3232   10.3514
   -7.5000  -15.0000  -37.5000 2273.2244   10.3099
    0.0000  -15.0000  -37.5000 2296.6794   10.2074
    7.5000  -15.0000  -37.5000 2281.7236   10.2759
   -7.5000   -7.5000  -37.5000 2241.7212   10.4642
    0.0000   -7.5000  -37.5000 2270.4924   10.3578
    7.5000   -7.5000  -37.5000 2256.4028   10.4153
   -7.5000    0.0000  -37.5000 2202.7271   10.7723
    0.0000    0.0000  -37.5000 2235.0413   10.6630
    7.5000    0.0000  -37.5000 2215.3560   10.7331
   -7.5000    7.5000  -37.5000 2151.4207   11.3611
    0.0000    7.5000  -37.5000 2181.2429   11.2496
    7.5000    7.5000  -37.5000 2162.5007   11.3211
   -7.5000   15.0000  -37.5000 2076.7529   12.2519
    0.0000   15.0000  -37.5000 2103.4929   12.1354
    7.5000   15.0000  -37.5000 2092.4536   12.1827
   -7.5000   22.5000  -37.5000 1991.3289   13.4275
    0.0000   22.5000  -37.5000 2015.7625   13.3081
    7.5000   22.5000  -37.5000 1998.7025   13.3663
   -7.5000   30.0000  -37.5000 1882.3119   14.9505
    0.0000   30.0000  -37.5000 1908.2992   14.7727
    7.5000   30.0000  -37.5000 1885.8450   14.8910
   -7.5000   37.5000  -37.5000 1742.3739   16.8445
    0.0000   37.5000  -37.5000 1766.9669   16.6353
    7.5000   37.5000  -37.5000 1756.6899   16.7513
   -7.5000  -52.5000  -30.0000 2148.9861   12.5278
    0.0000  -52.5000  -30.0000 2176.5942   12.4193
    7.5000  -52.5000  -30.0000 2163.2837   12.4871
   -7.5000  -45.0000  -30.0000 2274.3420   11.6747
    0.0000  -45.0000  -30.0000 2307.5071   11.5757
    7.5000  -45.0000  -30.0000 2292.3765   11.6362
   -7.5000  -37.5000  -30.0000 2352.0286   10.9143
    0.0000  -37.5000  -30.0000 2379.3762   10.8317
    7.5000  -37.5000  -30.0000 2367.8748   10.9205
   -7.5000  -30.0000  -30.0000 2402.9287   10.4017
    0.0000  -30.0000  -30.0000 2426.7979   10.3019
    7.5000  -30.0000  -30.0000 2414.7163   10.3928
   -7.5000  -22.5000  -30.0000 2431.3560   10.0923
    0.0000  -22.5000  -30.0000 2457.9995    9.9911
    7.5000  -22.5000  -30.0000 2442.0837   10.0914
   -7.5000  -15.0000  -30.0000 2434.3394   10.0094
    0.0000  -15.0000  -30.0000 2465.9492    9.9087
    7.5000  -15.0000  -30.0000 2445.6719   10.0186
   -7.5000   -7.5000  -30.0000 2412.8528   10.1308
    0.0000   -7.5000  -30.0000 2443.5227   10.0413
    7.5000   -7.5000  -30.0000 2421.0938   10.1315
   -7.5000    0.0000  -30.0000 2366.5437   10.4455
    0.0000    0.0000  -30.0000 2398.7954   10.3507
    7.5000    0.0000  -30.0000 2377.3918   10.4356
   -7.5000    7.5000  -30.0000 2306.2620   11.0518
    0.0000    7.5000  -30.0000 2335.8760   10.9450
    7.5000    7.5000  -30.0000 2320.0381   11.0379
   -7.5000   15.0000  -30.0000 2226.1638   11.9183
    0.0000   15.0000  -30.0000 2255.9426   11.8121
    7.5000   15.0000  -30.0000 2240.5994   11.8907
   -7.5000   22.5000  -30.0000 2130.8040   13.0519
    0.0000   22.5000  -30.0000 2157.3572   12.9296
    7.5000   22.5000  -30.0000 2135.5144   13.0038
   -7.5000   30.0000  -30.0000 2008.8329   14.5070
    0.0000   30.0000  -30.0000 2036.5948   14.3736
    7.5000   30.0000  -30.0000 2014.8337   14.4477
   -7.5000   37.5000  -30.0000 1861.2501   16.2704
    0.0000   37.5000  -30.0000 1889.2820   16.1079
    7.5000   37.5000  -30.0000 1877.4537   16.1749
   -7.5000  -52.5000  -22.5000 2243.5818   12.1466
    0.0000  -52.5000  -22.5000 2279.4795   12.0280
    7.5000  -52.5000  -22.5000 2264.0305   12.1377
   -7.5000  -45.0000  -22.5000 2379.0066   11.2893
    0.0000  -45.0000  -22.5000 2410.4297   11.1787
    7.5000  -45.0000  -22.5000 2397.8430   11.2468
   -7.5000  -37.5000  -22.5000 2461.4250   10.5677
    0.0000  -37.5000  -22.5000 2493.9309   10.4536
    7.5000  -37.5000  -22.5000 2483.9678   10.5383
   -7.5000  -30.0000  -22.5000 2522.4224   10.0091
    0.0000  -30.0000  -22.5000 2555.2502    9.9138
    7.5000  -30.0000  -22.5000 2540.0469    9.9980
   -7.5000  -22.5000  -22.5000 2566.6941    9.6811
    0.0000  -22.5000  -22.5000 2596.2981    9.5921
    7.5000  -22.5000  -22.5000 2578.8345    9.7296
   -7.5000  -15.0000  -22.5000 2581.6470    9.5970
    0.0000  -15.0000  -22.5000 2614.9048    9.5256
    7.5000  -15.0000  -22.5000 2590.8875    9.6516
   -7.5000   -7.5000  -22.5000 2565.6145    9.7289
    0.0000   -7.5000  -22.5000 2600.6423    9.6437
    7.5000   -7.5000  -22.5000 2573.1865    9.7478
   -7.5000    0.0000  -22.5000 2515.9780   10.0607
    0.0000    0.0000  -22.5000 2551.2666    9.9598
    7.5000    0.0000  -22.5000 2525.9160   10.0702
   -7.5000    7.5000  -22.5000 2450.8230   10.6630
    0.0000    7.5000  -22.5000 2488.1460   10.5455
    7.5000    7.5000  -22.5000 2462.3853   10.6532
   -7.5000   15.0000  -22.5000 2356.9189   11.4986
    0.0000   15.0000  -22.5000 2388.2913   11.3699
    7.5000   15.0000  -22.5000 2370.7830   11.4424
   -7.5000   22.5000  -22.5000 2247.4814   12.5652
    0.0000   22.5000  -22.5000 2277.6736   12.4543
    7.5000   22.5000  -22.5000 2254.2715   12.5309
   -7.5000   30.0000  -22.5000 2122.7849   13.9825
    0.0000   30.0000  -22.5000 2144.8699   13.8547
    7.5000   30.0000  -22.5000 2127.9653   13.9486
   -7.5000   37.5000  -22.5000 1965.6230   15.6402
    0.0000   37.5000  -22.5000 1987.0752   15.5043
    7.5000   37.5000  -22.5000 1975.1838   15.5922
   -7.5000  -52.5000  -15.0000 2307.2732   11.7104
    0.0000  -52.5000  -15.0000 2337.5366   11.5883
    7.5000  -52.5000  -15.0000 2329.5076   11.6910
   -7.5000  -45.0000  -15.0000 2448.3608   10.8445
    0.0000  -45.0000  -15.0000 2480.0537   10.7052
    7.5000  -45.0000  -15.0000 2474.4370   10.8167
   -7.5000  -37.5000  -15.0000 2545.1772   10.1257
    0.0000  -37.5000  -15.0000 2585.4719    9.9949
    7.5000  -37.5000  -15.0000 2567.6562   10.0916
   -7.5000  -30.0000  -15.0000 2617.3018    9.5895
    0.0000  -30.0000  -15.0000 2655.4661    9.4843
    7.5000  -30.0000  -15.0000 2638.7080    9.5744
   -7.5000  -22.5000  -15.0000 2674.4800    9.2585
    0.0000  -22.5000  -15.0000 2707.7922    9.1716
    7.5000  -22.5000  -15.0000 2684.3857    9.2885
   -7.5000  -15.0000  -15.0000 2701.1909    9.1699
    0.0000  -15.0000  -15.0000 2736.1255    9.0844
    7.5000  -15.0000  -15.0000 2705.4731    9.2102
   -7.5000   -7.5000  -15.0000 2687.0410    9.2789
    0.0000   -7.5000  -15.0000 2724.5146    9.1751
    7.5000   -7.5000  -15.0000 2692.7651    9.3030
   -7.5000    0.0000  -15.0000 2641.2332    9.6199
    0.0000    0.0000  -15.0000 2679.0310    9.5110
    7.5000    0.0000  -15.0000 2644.0325    9.6439
   -7.5000    7.5000  -15.0000 2569.8188   10.1991
    0.0000    7.5000  -15.0000 2605.5986   10.0772
    7.5000    7.5000  -15.0000 2571.5635   10.1917
   -7.5000   15.0000  -15.0000 2464.9663   10.9896
    0.0000   15.0000  -15.0000 2492.7517   10.8662
    7.5000   15.0000  -15.0000 2469.9966   10.9494
   -7.5000   22.5000  -15.0000 2341.0391   12.0383
    0.0000   22.5000  -15.0000 2363.5154   11.9160
    7.5000   22.5000  -15.0000 2343.8281   11.9889
   -7.5000   30.0000  -15.0000 2202.7778   13.3942
    0.0000   30.0000  -15.0000 2231.0391   13.2658
    7.5000   30.0000  -15.0000 2207.4697   13.3666
   -7.5000   37.5000  -15.0000 2044.0801   15.0476
    0.0000   37.5000  -15.0000 2060.5259   14.8823
    7.5000   37.5000  -15.0000 2037.2922   15.0138
   -7.5000  -52.5000   -7.5000 2337.0327   11.2664
    0.0000  -52.5000   -7.5000 2364.8469   11.1025
    7.5000  -52.5000   -7.5000 2358.5862   11.2195
   -7.5000  -45.0000   -7.5000 2481.3870   10.3904
    0.0000  -45.0000   -7.5000 2514.0818   10.2411
    7.5000  -45.0000   -7.5000 2506.1455   10.3551
   -7.5000  -37.5000   -7.5000 2591.6401    9.6623
    0.0000  -37.5000   -7.5000 2632.0676    9.5361
    7.5000  -37.5000   -7.5000 2614.7122    9.6256
   -7.5000  -30.0000   -7.5000 2683.4968    9.1512
    0.0000  -30.0000   -7.5000 2718.8123    9.0343
    7.5000  -30.0000   -7.5000 2701.5754    9.1228
   -7.5000  -22.5000   -7.5000 2749.1372    8.8282
    0.0000  -22.5000   -7.5000 2784.0950    8.7195
    7.5000  -22.5000   -7.5000 2759.2769    8.8425
   -7.5000  -15.0000   -7.5000 2781.3467    8.7337
    0.0000  -15.0000   -7.5000 2822.5481    8.6245
    7.5000  -15.0000   -7.5000 2785.6260    8.7419
   -7.5000   -7.5000   -7.5000 2772.3037    8.8414
    0.0000   -7.5000   -7.5000 2811.1819    8.7152
    7.5000   -7.5000   -7.5000 2776.1287    8.8446
   -7.5000    0.0000   -7.5000 2722.3381    9.1535
    0.0000    0.0000   -7.5000 2761.9663    9.0288
    7.5000    0.0000   -7.5000 2723.6550    9.1591
   -7.5000    7.5000   -7.5000 2636.0093    9.6988
    0.0000    7.5000   -7.5000 2672.6392    9.5509
    7.5000    7.5000   -7.5000 2639.1672    9.6941
   -7.5000   15.0000   -7.5000 2524.0540   10.4473
    0.0000   15.0000   -7.5000 2548.9077   10.3165
    7.5000   15.0000   -7.5000 2527.8894   10.4317
   -7.5000   22.5000   -7.5000 2384.1848   11.4815
    0.0000   22.5000   -7.5000 2416.8225   11.3406
    7.5000   22.5000   -7.5000 2389.7520   11.4447
   -7.5000   30.0000   -7.5000 2243.6274   12.8155
    0.0000   30.0000   -7.5000 2275.1565   12.6717
    7.5000   30.0000   -7.5000 2245.3293   12.7643
   -7.5000   37.5000   -7.5000 2080.4546   14.4054
    0.0000   37.5000   -7.5000 2108.0266   14.2482
    7.5000   37.5000   -7.5000 2080.5752   14.3721
   -7.5000  -52.5000    0.0000 2359.8784   11.0989
    0.0000  -52.5000    0.0000 2389.7302   10.9287
    7.5000  -52.5000    0.0000 2377.8447   11.0734
   -7.5000  -45.0000    0.0000 2503.6392   10.1564
    0.0000  -45.0000    0.0000 2537.6257    9.9992
    7.5000  -45.0000    0.0000 2522.8225   10.1062
   -7.5000  -37.5000    0.0000 2619.9336    9.3978
    0.0000  -37.5000    0.0000 2655.6323    9.2577
    7.5000  -37.5000    0.0000 2638.9326    9.3676
   -7.5000  -30.0000    0.0000 2719.1553    8.8954
    0.0000  -30.0000    0.0000 2758.7905    8.7803
    7.5000  -30.0000    0.0000 2746.4812    8.8559
   -7.5000  -22.5000    0.0000 2813.0439    8.6274
    0.0000  -22.5000    0.0000 2858.0623    8.4979
    7.5000  -22.5000    0.0000 2828.8318    8.5981
   -7.5000  -15.0000    0.0000 2863.4678    8.5305
    0.0000  -15.0000    0.0000 2921.9705    8.4010
    7.5000  -15.0000    0.0000 2865.0293    8.5388
   -7.5000   -7.5000    0.0000 2854.8638    8.6193
    0.0000   -7.5000    0.0000 2905.9062    8.4961
    7.5000   -7.5000    0.0000 2856.2354    8.6307
   -7.5000    0.0000    0.0000 2794.6699    8.8964
    0.0000    0.0000    0.0000 2835.7754    8.7764
    7.5000    0.0000    0.0000 2791.7075    8.8960
   -7.5000    7.5000    0.0000 2693.5132    9.3907
    0.0000    7.5000    0.0000 2728.7556    9.2581
    7.5000    7.5000    0.0000 2693.9351    9.3672
   -7.5000   15.0000    0.0000 2565.6577   10.1406
    0.0000   15.0000    0.0000 2599.1921   10.0061
    7.5000   15.0000    0.0000 2571.0046   10.1122
   -7.5000   22.5000    0.0000 2419.8604   11.1899
    0.0000   22.5000    0.0000 2454.5159   11.0447
    7.5000   22.5000    0.0000 2422.6360   11.1283
   -7.5000   30.0000    0.0000 2277.6123   12.5339
    0.0000   30.0000    0.0000 2308.2856   12.3864
    7.5000   30.0000    0.0000 2273.9404   12.4697
   -7.5000   37.5000    0.0000 2108.3145   14.0674
    0.0000   37.5000    0.0000 2138.3472   13.9378
    7.5000   37.5000    0.0000 2109.2830   14.0113
   -7.5000  -52.5000    7.5000 2364.0249   11.0381
    0.0000  -52.5000    7.5000 2391.5369   10.8412
    7.5000  -52.5000    7.5000 2377.3135   11.0069
   -7.5000  -45.0000    7.5000 2504.8901   10.0716
    0.0000  -45.0000    7.5000 2533.7539    9.8770
    7.5000  -45.0000    7.5000 2517.6978   10.0203
   -7.5000  -37.5000    7.5000 2619.6023    9.2721
    0.0000  -37.5000    7.5000 2656.2590    9.1196
    7.5000  -37.5000    7.5000 2642.9409    9.2537
   -7.5000  -30.0000    7.5000 2737.7263    8.7574
    0.0000  -30.0000    7.5000 2770.6545    8.6454
    7.5000  -30.0000    7.5000 2757.9817    8.7514
   -7.5000  -22.5000    7.5000 2843.4048    8.5514
    0.0000  -22.5000    7.5000 2889.7263    8.4600
    7.5000  -22.5000    7.5000 2856.8416    8.5053
   -7.5000  -15.0000    7.5000 2912.4534    8.5118
    0.0000  -15.0000    7.5000 2981.6714    8.4405
    7.5000  -15.0000    7.5000 2908.6250    8.4679
   -7.5000   -7.5000    7.5000 2917.3110    8.5278
    0.0000   -7.5000    7.5000 2979.0505    8.4521
    7.5000   -7.5000    7.5000 2903.9307    8.5382
   -7.5000    0.0000    7.5000 2833.1570    8.7442
    0.0000    0.0000    7.5000 2881.2600    8.6547
    7.5000    0.0000    7.5000 2832.3242    8.7435
   -7.5000    7.5000    7.5000 2715.7810    9.1854
    0.0000    7.5000    7.5000 2754.0334    9.0607
    7.5000    7.5000    7.5000 2722.0281    9.1504
   -7.5000   15.0000    7.5000 2580.8999    9.9193
    0.0000   15.0000    7.5000 2613.5703    9.7945
    7.5000   15.0000    7.5000 2583.4521    9.8848
   -7.5000   22.5000    7.5000 2430.7671   10.9817
    0.0000   22.5000    7.5000 2457.8010   10.8407
    7.5000   22.5000    7.5000 2432.1587   10.9320
   -7.5000   30.0000    7.5000 2285.1338   12.3215
    0.0000   30.0000    7.5000 2308.6423   12.1892
    7.5000   30.0000    7.5000 2283.5874   12.2670
   -7.5000   37.5000    7.5000 2115.4734   13.8537
    0.0000   37.5000    7.5000 2142.9194   13.7432
    7.5000   37.5000    7.5000 2118.4597   13.8244
   -7.5000  -52.5000   15.0000 2358.1143   11.1098
    0.0000  -52.5000   15.0000 2388.6331   10.9174
    7.5000  -52.5000   15.0000 2370.5244   11.1058
   -7.5000  -45.0000   15.0000 2495.0833   10.1438
    0.0000  -45.0000   15.0000 2527.2039    9.9877
    7.5000  -45.0000   15.0000 2507.6692   10.1207
   -7.5000  -37.5000   15.0000 2615.4165    9.3851
    0.0000  -37.5000   15.0000 2651.0364    9.2448
    7.5000  -37.5000   15.0000 2631.6809    9.3576
   -7.5000  -30.0000   15.0000 2735.6987    8.8509
    0.0000  -30.0000   15.0000 2770.0981    8.7577
    7.5000  -30.0000   15.0000 2744.0715    8.8553
   -7.5000  -22.5000   15.0000 2841.5264    8.6169
    0.0000  -22.5000   15.0000 2886.4893    8.5543
    7.5000  -22.5000   15.0000 2840.8193    8.6025
   -7.5000  -15.0000   15.0000 2908.7771    8.5593
    0.0000  -15.0000   15.0000 2971.2532    8.5163
    7.5000  -15.0000   15.0000 2893.6023    8.5430
   -7.5000   -7.5000   15.0000 2909.2261    8.6043
    0.0000   -7.5000   15.0000 2970.0134    8.5120
    7.5000   -7.5000   15.0000 2888.8328    8.6141
   -7.5000    0.0000   15.0000 2826.4043    8.7843
    0.0000    0.0000   15.0000 2873.8547    8.6845
    7.5000    0.0000   15.0000 2824.0391    8.8025
   -7.5000    7.5000   15.0000 2713.0618    9.1909
    0.0000    7.5000   15.0000 2748.5161    9.0730
    7.5000    7.5000   15.0000 2716.6426    9.1973
   -7.5000   15.0000   15.0000 2576.6165    9.9288
    0.0000   15.0000   15.0000 2606.3757    9.7879
    7.5000   15.0000   15.0000 2578.5723    9.8927
   -7.5000   22.5000   15.0000 2425.1489   10.9529
    0.0000   22.5000   15.0000 2445.6677   10.7927
    7.5000   22.5000   15.0000 2430.6895   10.8971
   -7.5000   30.0000   15.0000 2281.8875   12.2512
    0.0000   30.0000   15.0000 2296.2849   12.1046
    7.5000   30.0000   15.0000 2282.0559   12.1983
   -7.5000   37.5000   15.0000 2110.8748   13.7455
    0.0000   37.5000   15.0000 2132.7327   13.6073
    7.5000   37.5000   15.0000 2114.8835   13.7366
   -7.5000  -52.5000   22.5000 2343.5022   11.3941
    0.0000  -52.5000   22.5000 2372.5811   11.2366
    7.5000  -52.5000   22.5000 2343.3906   11.4062
   -7.5000  -45.0000   22.5000 2481.3940   10.4428
    0.0000  -45.0000   22.5000 2511.2544   10.2945
    7.5000  -45.0000   22.5000 2485.8447   10.4419
   -7.5000  -37.5000   22.5000 2601.6995    9.6493
    0.0000  -37.5000   22.5000 2634.9812    9.5143
    7.5000  -37.5000   22.5000 2606.4507    9.6617
   -7.5000  -30.0000   22.5000 2719.5051    9.1142
    0.0000  -30.0000   22.5000 2750.3064    9.0047
    7.5000  -30.0000   22.5000 2717.8145    9.1258
   -7.5000  -22.5000   22.5000 2805.5442    8.8106
    0.0000  -22.5000   22.5000 2848.6460    8.7158
    7.5000  -22.5000   22.5000 2804.5347    8.8211
   -7.5000  -15.0000   22.5000 2857.8535    8.6903
    0.0000  -15.0000   22.5000 2906.4031    8.5647
    7.5000  -15.0000   22.5000 2846.9490    8.7102
   -7.5000   -7.5000   22.5000 2850.4880    8.7683
    0.0000   -7.5000   22.5000 2895.4065    8.6196
    7.5000   -7.5000   22.5000 2843.8438    8.7900
   -7.5000    0.0000   22.5000 2780.6289    9.0048
    0.0000    0.0000   22.5000 2817.9741    8.8690
    7.5000    0.0000   22.5000 2778.6921    9.0243
   -7.5000    7.5000   22.5000 2676.7141    9.4329
    0.0000    7.5000   22.5000 2709.6958    9.3127
    7.5000    7.5000   22.5000 2680.3879    9.4515
   -7.5000   15.0000   22.5000 2545.3418   10.1327
    0.0000   15.0000   22.5000 2566.0002   10.0036
    7.5000   15.0000   22.5000 2544.3208   10.1302
   -7.5000   22.5000   22.5000 2411.1519   11.1031
    0.0000   22.5000   22.5000 2426.4316   10.9354
    7.5000   22.5000   22.5000 2407.8149   11.0503
   -7.5000   30.0000   22.5000 2264.9399   12.3237
    0.0000   30.0000   22.5000 2285.0542   12.1848
    7.5000   30.0000   22.5000 2260.2144   12.2836
   -7.5000   37.5000   22.5000 2092.5779   13.7897
    0.0000   37.5000   22.5000 2111.6050   13.6724
    7.5000   37.5000   22.5000 2092.9954   13.7858
   -7.5000  -52.5000   30.0000 2317.1233   11.7939
    0.0000  -52.5000   30.0000 2346.3643   11.6174
    7.5000  -52.5000   30.0000 2314.8447   11.8461
   -7.5000  -45.0000   30.0000 2457.7886   10.8488
    0.0000  -45.0000   30.0000 2488.6396   10.6795
    7.5000  -45.0000   30.0000 2460.9580   10.8878
   -7.5000  -37.5000   30.0000 2575.0383   10.0658
    0.0000  -37.5000   30.0000 2605.0615    9.9076
    7.5000  -37.5000   30.0000 2575.4016   10.0866
   -7.5000  -30.0000   30.0000 2682.1663    9.5071
    0.0000  -30.0000   30.0000 2710.8579    9.3746
    7.5000  -30.0000   30.0000 2675.1765    9.5110
   -7.5000  -22.5000   30.0000 2756.6538    9.1667
    0.0000  -22.5000   30.0000 2793.6255    9.0284
    7.5000  -22.5000   30.0000 2749.4539    9.1713
   -7.5000  -15.0000   30.0000 2792.0659    9.0265
    0.0000  -15.0000   30.0000 2827.4990    8.8651
    7.5000  -15.0000   30.0000 2781.2922    9.0412
   -7.5000   -7.5000   30.0000 2777.0327    9.0942
    0.0000   -7.5000   30.0000 2808.8489    8.9435
    7.5000   -7.5000   30.0000 2769.6052    9.1070
   -7.5000    0.0000   30.0000 2715.1436    9.3567
    0.0000    0.0000   30.0000 2743.5515    9.2269
    7.5000    0.0000   30.0000 2710.8291    9.3669
   -7.5000    7.5000   30.0000 2617.1941    9.7935
    0.0000    7.5000   30.0000 2646.5012    9.6513
    7.5000    7.5000   30.0000 2620.5964    9.8077
   -7.5000   15.0000   30.0000 2500.1968   10.4951
    0.0000   15.0000   30.0000 2517.4487   10.3542
    7.5000   15.0000   30.0000 2495.5356   10.4959
   -7.5000   22.5000   30.0000 2370.4368   11.4269
    0.0000   22.5000   30.0000 2385.2732   11.2789
    7.5000   22.5000   30.0000 2364.9312   11.3969
   -7.5000   30.0000   30.0000 2232.2991   12.6266
    0.0000   30.0000   30.0000 2251.4490   12.4574
    7.5000   30.0000   30.0000 2225.2834   12.5597
   -7.5000   37.5000   30.0000 2056.4321   14.0624
    0.0000   37.5000   30.0000 2077.0371   13.9423
    7.5000   37.5000   30.0000 2059.2002   14.0430
   -7.5000  -52.5000   37.5000 2278.4717   12.3262
    0.0000  -52.5000   37.5000 2304.4062   12.1431
    7.5000  -52.5000   37.5000 2276.6624   12.3884
   -7.5000  -45.0000   37.5000 2418.5876   11.3385
    0.0000  -45.0000   37.5000 2449.5566   11.1782
    7.5000  -45.0000   37.5000 2419.3171   11.4048
   -7.5000  -37.5000   37.5000 2534.4160   10.5734
    0.0000  -37.5000   37.5000 2564.3455   10.4170
    7.5000  -37.5000   37.5000 2530.5820   10.6158
   -7.5000  -30.0000   37.5000 2630.4041    9.9987
    0.0000  -30.0000   37.5000 2659.1235    9.8500
    7.5000  -30.0000   37.5000 2621.3640   10.0177
   -7.5000  -22.5000   37.5000 2695.3618    9.6459
    0.0000  -22.5000   37.5000 2729.7800    9.4677
    7.5000  -22.5000   37.5000 2687.1860    9.6526
   -7.5000  -15.0000   37.5000 2716.3296    9.5103
    0.0000  -15.0000   37.5000 2749.5801    9.3368
    7.5000  -15.0000   37.5000 2708.5442    9.5104
   -7.5000   -7.5000   37.5000 2695.3621    9.5780
    0.0000   -7.5000   37.5000 2720.0920    9.4285
    7.5000   -7.5000   37.5000 2684.2910    9.5766
   -7.5000    0.0000   37.5000 2624.3865    9.8157
    0.0000    0.0000   37.5000 2653.5171    9.6880
    7.5000    0.0000   37.5000 2627.7473    9.8173
   -7.5000    7.5000   37.5000 2535.5398   10.2514
    0.0000    7.5000   37.5000 2559.9309   10.1106
    7.5000    7.5000   37.5000 2545.0300   10.2480
   -7.5000   15.0000   37.5000 2434.5664   10.9492
    0.0000   15.0000   37.5000 2453.6257   10.8103
    7.5000   15.0000   37.5000 2436.0374   10.9309
   -7.5000   22.5000   37.5000 2316.9561   11.9027
    0.0000   22.5000   37.5000 2328.3303   11.7581
    7.5000   22.5000   37.5000 2311.8232   11.8522
   -7.5000   30.0000   37.5000 2177.7891   13.1065
    0.0000   30.0000   37.5000 2193.8406   12.9428
    7.5000   30.0000   37.5000 2176.4209   13.0140
   -7.5000   37.5000   37.5000 2011.8401   14.5062
    0.0000   37.5000   37.5000 2029.9352   14.3900
    7.5000   37.5000   37.5000 2009.5160   14.5025
   -7.5000  -52.5000   45.0000 2216.8936   12.8962
    0.0000  -52.5000   45.0000 2240.5842   12.7645
    7.5000  -52.5000   45.0000 2208.3787   12.9875
   -7.5000  -45.0000   45.0000 2351.0928   11.9454
    0.0000  -45.0000   45.0000 2378.7632   11.7937
    7.5000  -45.0000   45.0000 2347.5916   12.0085
   -7.5000  -37.5000   45.0000 2454.7139   11.1261
    0.0000  -37.5000   45.0000 2483.3984   10.9875
    7.5000  -37.5000   45.0000 2448.7192   11.1838
   -7.5000  -30.0000   45.0000 2539.7258   10.5542
    0.0000  -30.0000   45.0000 2569.8845   10.4070
    7.5000  -30.0000   45.0000 2531.0381   10.5838
   -7.5000  -22.5000   45.0000 2597.1123   10.1948
    0.0000  -22.5000   45.0000 2629.4976   10.0353
    7.5000  -22.5000   45.0000 2587.5376   10.2113
   -7.5000  -15.0000   45.0000 2609.5889   10.0390
    0.0000  -15.0000   45.0000 2634.8435    9.8862
    7.5000  -15.0000   45.0000 2603.1643   10.0656
   -7.5000   -7.5000   45.0000 2580.6492   10.1134
    0.0000   -7.5000   45.0000 2602.0046    9.9797
    7.5000   -7.5000   45.0000 2573.8694   10.1209
   -7.5000    0.0000   45.0000 2516.8025   10.3465
    0.0000    0.0000   45.0000 2538.4656   10.2195
    7.5000    0.0000   45.0000 2518.0637   10.3403
   -7.5000    7.5000   45.0000 2437.1833   10.7886
    0.0000    7.5000   45.0000 2453.4558   10.6746
    7.5000    7.5000   45.0000 2435.9387   10.7851
   -7.5000   15.0000   45.0000 2346.9998   11.4487
    0.0000   15.0000   45.0000 2366.1646   11.3355
    7.5000   15.0000   45.0000 2339.4473   11.4327
   -7.5000   22.5000   45.0000 2232.8816   12.4101
    0.0000   22.5000   45.0000 2247.6228   12.2768
    7.5000   22.5000   45.0000 2229.2932   12.3647
   -7.5000   30.0000   45.0000 2101.3318   13.6205
    0.0000   30.0000   45.0000 2119.9685   13.5082
    7.5000   30.0000   45.0000 2097.6277   13.5781
   -7.5000   37.5000   45.0000 1934.4503   14.9940
    0.0000   37.5000   45.0000 1956.1909   14.9087
    7.5000   37.5000   45.0000 1931.5275   15.0036

---------------------------------------------------------------------
imgreg_4dfp /opt/freesurfer/average/711-2C_as_mni_average_305 /opt/freesurfer/average/711-2B_as_mni_average_305_mask talsrcimg_g11 none talsrcimg_to_711-2C_as_mni_average_305_t4 1283
---------------------------------------------------------------------

freesurfer imgreg_4dfp.c
/opt/freesurfer/average/711-2C_as_mni_average_305.4dfp.img
       256       256       256         1
  1.000000  1.000000  1.000000
orientation T byte_order littleendian
Reading image: /opt/freesurfer/average/711-2C_as_mni_average_305.4dfp.img
dimensions:      256       256       256
mmppix:       1.0000   -1.0000   -1.0000
center:     128.0000 -129.0000 -129.0000
/opt/freesurfer/average/711-2B_as_mni_average_305_mask.4dfp.img
       256       256       256         1
  1.000000  1.000000  1.000000
orientation T byte_order littleendian
Reading mask: /opt/freesurfer/average/711-2B_as_mni_average_305_mask.4dfp.img (2306576 pixels)
talsrcimg_g11.4dfp.img
       256       256       256         1
  0.898438  0.898438  0.898438
orientation T byte_order littleendian
Reading image: talsrcimg_g11.4dfp.img
dimensions:      256       256       256
mmppix:       0.8984   -0.8984   -0.8984
center:     115.0001 -115.8985 -115.8985
rotation matrix determinant  1.000000
fimgreg.f
image alignment mode   1283 decimal      503 hex
parameters
    0.0000  -15.0000    7.5000    0.0000    0.0000    0.0000
eta,q 0.93549  8.46236
niter,ni,del,rscale     5    3   12.0000    1.2000
parameter  2 -0.850140 -> -0.500000 qaram    1.1500
parameter  6  0.664511 ->  0.500000 qaram    1.1500
parameters
    0.0097  -11.5500    9.7426    0.5331    2.4127   -3.4500
eta,q 0.94760  8.43504
  0.0818  0.0780  0.0754  0.0666  0.0733  0.0542
  0.0724  0.0726  0.0679  0.0629  0.0668  0.0524
  0.0662  0.0685  0.0618  0.0595  0.0614  0.0531
  0.0637  0.0637  0.0582  0.0576  0.0574  0.0553
  0.0652  0.0592  0.0575  0.0579  0.0553  0.0579
  0.0719  0.0582  0.0584  0.0603  0.0563  0.0607
  0.0822  0.0604  0.0607  0.0645  0.0596  0.0646
niter,ni,del,rscale     6    3   12.0000    1.2000
parameters
   -1.1660  -11.2228    9.9206    0.6357    3.2364   -3.4028
eta,q 0.94921  8.45365
  0.0674  0.0695  0.0644  0.0612  0.0665  0.0602
  0.0564  0.0634  0.0573  0.0574  0.0598  0.0550
  0.0515  0.0564  0.0520  0.0535  0.0543  0.0513
  0.0524  0.0512  0.0511  0.0512  0.0512  0.0508
  0.0595  0.0531  0.0533  0.0530  0.0514  0.0529
  0.0707  0.0591  0.0568  0.0562  0.0549  0.0556
  0.0817  0.0685  0.0621  0.0612  0.0604  0.0589
niter,ni,del,rscale     5    3   12.0000    1.2000
parameters
   -1.4044  -11.1723    9.9464    0.7532    3.3605   -3.4574
eta,q 0.94930  8.45525
  0.0734  0.0684  0.0634  0.0607  0.0640  0.0599
  0.0607  0.0622  0.0565  0.0570  0.0575  0.0546
  0.0526  0.0550  0.0514  0.0529  0.0528  0.0509
  0.0508  0.0507  0.0507  0.0507  0.0507  0.0507
  0.0550  0.0534  0.0531  0.0524  0.0523  0.0529
  0.0647  0.0599  0.0568  0.0555  0.0566  0.0557
  0.0758  0.0697  0.0623  0.0607  0.0632  0.0590
niter,ni,del,rscale     4    3   12.0000    1.2000
parameters
   -1.4641  -11.1968    9.9528    0.8052    3.3923   -3.4794
eta,q 0.94931  8.45630
  0.0747  0.0682  0.0633  0.0605  0.0637  0.0600
  0.0618  0.0620  0.0564  0.0568  0.0572  0.0547
  0.0531  0.0547  0.0514  0.0526  0.0527  0.0510
  0.0507  0.0507  0.0507  0.0507  0.0507  0.0507
  0.0543  0.0535  0.0531  0.0524  0.0525  0.0528
  0.0635  0.0603  0.0568  0.0556  0.0568  0.0556
  0.0746  0.0702  0.0624  0.0608  0.0636  0.0589
registration optimization eta report
parameter search radius
    6.0000    6.9000    6.0000    6.0000    6.0000    6.9000
100000*second partial in parameter space
       66.       37.       33.       26.       35.       18.
  0.0747  0.0682  0.0633  0.0605  0.0637  0.0600
  0.0618  0.0620  0.0564  0.0568  0.0572  0.0547
  0.0531  0.0547  0.0514  0.0526  0.0527  0.0510
  0.0507  0.0507  0.0507  0.0507  0.0507  0.0507
  0.0543  0.0535  0.0531  0.0524  0.0525  0.0528
  0.0635  0.0603  0.0568  0.0556  0.0568  0.0556
  0.0746  0.0702  0.0624  0.0608  0.0636  0.0589
   -1.4641  -11.1968    9.9528    0.8052    3.3923   -3.4794
eta,q 0.94931  8.45630

---------------------------------------------------------------------
imgreg_4dfp /opt/freesurfer/average/711-2C_as_mni_average_305 /opt/freesurfer/average/711-2B_as_mni_average_305_mask talsrcimg_g11 none talsrcimg_to_711-2C_as_mni_average_305_t4 3335
---------------------------------------------------------------------

freesurfer imgreg_4dfp.c
/opt/freesurfer/average/711-2C_as_mni_average_305.4dfp.img
       256       256       256         1
  1.000000  1.000000  1.000000
orientation T byte_order littleendian
Reading image: /opt/freesurfer/average/711-2C_as_mni_average_305.4dfp.img
dimensions:      256       256       256
mmppix:       1.0000   -1.0000   -1.0000
center:     128.0000 -129.0000 -129.0000
/opt/freesurfer/average/711-2B_as_mni_average_305_mask.4dfp.img
       256       256       256         1
  1.000000  1.000000  1.000000
orientation T byte_order littleendian
Reading mask: /opt/freesurfer/average/711-2B_as_mni_average_305_mask.4dfp.img (2306576 pixels)
talsrcimg_g11.4dfp.img
       256       256       256         1
  0.898438  0.898438  0.898438
orientation T byte_order littleendian
Reading image: talsrcimg_g11.4dfp.img
dimensions:      256       256       256
mmppix:       0.8984   -0.8984   -0.8984
center:     115.0001 -115.8985 -115.8985
fimgreg.f
image alignment mode   3335 decimal      D07 hex
parameters
   -1.4641  -11.1968    9.9528   -0.3592   -0.1891   -0.1851
    5.9854   -5.9910   -6.0583   -1.0436    5.9172    1.4028
eta,q 0.94650  8.49325
niter,ni,del,rscale     5    3    5.0000    1.2000
parameter  4  0.784700 ->  0.500000 qaram    1.1500
parameter  5  3.158998 ->  0.500000 qaram    1.1500
parameter  6  0.515452 ->  0.500000 qaram    1.1500
parameter 12  0.535503 ->  0.500000 qaram    1.1500
parameters
   -1.7896  -11.2025   10.4689   -4.4992   -4.3291   -4.3251
    4.1535   -5.8144   -3.9926   -2.3472    5.5433   -2.7372
eta,q 0.95520  7.98365
  0.0564  0.0560  0.0562  0.0513  0.0426  0.0457  0.0470  0.0500  0.0480  0.0478  0.0458  0.0451
  0.0545  0.0545  0.0548  0.0515  0.0453  0.0457  0.0460  0.0477  0.0468  0.0460  0.0455  0.0448
  0.0535  0.0537  0.0539  0.0521  0.0485  0.0458  0.0456  0.0461  0.0460  0.0452  0.0453  0.0448
  0.0535  0.0534  0.0534  0.0533  0.0516  0.0462  0.0457  0.0456  0.0456  0.0454  0.0452  0.0452
  0.0543  0.0538  0.0533  0.0555  0.0554  0.0473  0.0465  0.0459  0.0454  0.0464  0.0453  0.0458
  0.0560  0.0546  0.0537  0.0585  0.0597  0.0497  0.0478  0.0473  0.0456  0.0479  0.0455  0.0467
  0.0585  0.0559  0.0545  0.0622  0.0642  0.0533  0.0497  0.0496  0.0462  0.0501  0.0461  0.0479
niter,ni,del,rscale     7    3    5.0000    1.2000
parameter  5  1.920226 ->  0.500000 qaram    1.3225
parameters
   -1.4052  -10.7066   10.1632   -8.1672   -9.0901   -6.0039
    4.1107   -5.6347   -4.4335   -1.0303    5.1836   -2.5840
eta,q 0.96124  7.50924
  0.0497  0.0486  0.0457  0.0446  0.0370  0.0407  0.0416  0.0436  0.0406  0.0440  0.0398  0.0407
  0.0472  0.0469  0.0450  0.0441  0.0387  0.0394  0.0402  0.0412  0.0396  0.0415  0.0392  0.0397
  0.0456  0.0455  0.0446  0.0441  0.0410  0.0389  0.0393  0.0395  0.0391  0.0399  0.0389  0.0391
  0.0448  0.0447  0.0445  0.0445  0.0441  0.0393  0.0389  0.0389  0.0389  0.0389  0.0388  0.0388
  0.0448  0.0446  0.0448  0.0455  0.0478  0.0397  0.0392  0.0394  0.0392  0.0388  0.0389  0.0389
  0.0456  0.0451  0.0455  0.0473  0.0518  0.0407  0.0401  0.0409  0.0399  0.0396  0.0394  0.0396
  0.0473  0.0465  0.0467  0.0502  0.0563  0.0429  0.0418  0.0432  0.0410  0.0414  0.0400  0.0406
niter,ni,del,rscale     7    3    5.0000    1.2000
parameter  5  0.988102 ->  0.500000 qaram    1.5209
parameters
   -1.3602  -10.7277   10.3218   -9.2157  -14.5653   -6.1220
    3.4590   -5.1453   -5.9131    0.0475    6.2672   -1.9797
eta,q 0.96488  7.18209
  0.0426  0.0418  0.0409  0.0404  0.0350  0.0383  0.0377  0.0403  0.0363  0.0399  0.0368  0.0376
  0.0405  0.0401  0.0398  0.0392  0.0352  0.0365  0.0364  0.0380  0.0356  0.0376  0.0360  0.0364
  0.0392  0.0390  0.0391  0.0387  0.0363  0.0356  0.0355  0.0362  0.0353  0.0360  0.0355  0.0355
  0.0388  0.0388  0.0388  0.0387  0.0387  0.0354  0.0354  0.0353  0.0353  0.0353  0.0352  0.0351
  0.0391  0.0392  0.0389  0.0392  0.0419  0.0360  0.0358  0.0356  0.0357  0.0353  0.0352  0.0353
  0.0403  0.0402  0.0395  0.0400  0.0461  0.0368  0.0370  0.0370  0.0366  0.0362  0.0355  0.0359
  0.0423  0.0418  0.0405  0.0415  0.0504  0.0381  0.0388  0.0393  0.0377  0.0378  0.0360  0.0370
niter,ni,del,rscale     7    3    5.0000    1.2000
parameters
   -1.3610  -10.4497   10.5896  -10.2833  -18.9311   -6.3090
    3.0986   -4.9022   -7.2220    0.6840    6.5696   -1.9853
eta,q 0.96587  6.91791
  0.0388  0.0389  0.0375  0.0370  0.0361  0.0371  0.0369  0.0390  0.0354  0.0378  0.0356  0.0361
  0.0367  0.0370  0.0363  0.0356  0.0347  0.0355  0.0354  0.0366  0.0346  0.0358  0.0348  0.0350
  0.0355  0.0357  0.0355  0.0349  0.0342  0.0345  0.0345  0.0348  0.0342  0.0346  0.0343  0.0343
  0.0351  0.0351  0.0351  0.0351  0.0349  0.0342  0.0342  0.0342  0.0342  0.0341  0.0341  0.0341
  0.0355  0.0352  0.0352  0.0357  0.0371  0.0347  0.0346  0.0347  0.0347  0.0344  0.0343  0.0344
  0.0367  0.0360  0.0357  0.0366  0.0407  0.0358  0.0358  0.0362  0.0355  0.0352  0.0347  0.0351
  0.0388  0.0375  0.0366  0.0380  0.0455  0.0373  0.0375  0.0384  0.0366  0.0366  0.0353  0.0360
niter,ni,del,rscale     6    3    5.0000    1.2000
parameters
   -1.3450   -9.8777   10.4938  -10.9804  -20.0438   -6.6770
    3.2450   -4.9060   -7.3066    1.5551    6.5033   -2.2073
eta,q 0.96614  6.82742
  0.0378  0.0381  0.0357  0.0366  0.0379  0.0367  0.0370  0.0384  0.0358  0.0376  0.0352  0.0356
  0.0357  0.0362  0.0347  0.0349  0.0357  0.0351  0.0354  0.0360  0.0347  0.0356  0.0345  0.0346
  0.0345  0.0349  0.0341  0.0340  0.0343  0.0342  0.0343  0.0344  0.0341  0.0344  0.0340  0.0340
  0.0341  0.0341  0.0340  0.0340  0.0339  0.0339  0.0339  0.0339  0.0339  0.0339  0.0339  0.0339
  0.0345  0.0340  0.0343  0.0347  0.0347  0.0344  0.0342  0.0345  0.0342  0.0340  0.0341  0.0342
  0.0357  0.0345  0.0349  0.0358  0.0368  0.0355  0.0352  0.0360  0.0348  0.0348  0.0345  0.0348
  0.0377  0.0355  0.0359  0.0372  0.0403  0.0371  0.0368  0.0384  0.0359  0.0360  0.0352  0.0357
niter,ni,del,rscale     5    3    5.0000    1.2000
parameters
   -1.3940   -9.4616   10.2246  -11.2360  -20.6036   -7.0304
    3.4215   -5.0040   -7.1213    2.3202    6.3068   -2.4288
eta,q 0.96630  6.78014
  0.0373  0.0373  0.0351  0.0368  0.0381  0.0365  0.0368  0.0381  0.0358  0.0372  0.0350  0.0354
  0.0353  0.0356  0.0343  0.0351  0.0358  0.0349  0.0352  0.0357  0.0347  0.0353  0.0343  0.0344
  0.0342  0.0344  0.0338  0.0340  0.0342  0.0340  0.0341  0.0342  0.0340  0.0342  0.0338  0.0338
  0.0339  0.0339  0.0338  0.0338  0.0337  0.0337  0.0337  0.0337  0.0337  0.0337  0.0337  0.0337
  0.0343  0.0338  0.0341  0.0344  0.0343  0.0342  0.0340  0.0343  0.0339  0.0339  0.0340  0.0340
  0.0356  0.0344  0.0348  0.0356  0.0361  0.0353  0.0350  0.0360  0.0346  0.0346  0.0344  0.0346
  0.0376  0.0355  0.0359  0.0369  0.0394  0.0370  0.0366  0.0383  0.0356  0.0359  0.0351  0.0355
niter,ni,del,rscale     4    3    5.0000    1.2000
parameters
   -1.4507   -9.1314    9.9881  -11.3780  -21.0499   -7.3125
    3.5611   -5.0839   -6.8412    2.9493    6.1043   -2.5845
eta,q 0.96642  6.74562
  0.0371  0.0368  0.0350  0.0369  0.0380  0.0364  0.0367  0.0380  0.0358  0.0369  0.0349  0.0353
  0.0351  0.0353  0.0342  0.0351  0.0357  0.0349  0.0351  0.0356  0.0346  0.0351  0.0342  0.0343
  0.0340  0.0342  0.0337  0.0339  0.0341  0.0339  0.0340  0.0341  0.0339  0.0340  0.0337  0.0337
  0.0337  0.0337  0.0336  0.0336  0.0336  0.0336  0.0336  0.0336  0.0336  0.0336  0.0336  0.0336
  0.0342  0.0337  0.0340  0.0342  0.0342  0.0341  0.0339  0.0342  0.0338  0.0338  0.0338  0.0339
  0.0354  0.0343  0.0347  0.0354  0.0359  0.0351  0.0349  0.0358  0.0344  0.0345  0.0343  0.0345
  0.0374  0.0355  0.0356  0.0369  0.0391  0.0368  0.0365  0.0381  0.0355  0.0358  0.0350  0.0353
niter,ni,del,rscale     3    3    5.0000    1.2000
parameters
   -1.4929   -8.8608    9.8075  -11.4650  -21.4249   -7.5208
    3.6451   -5.1342   -6.5939    3.4482    5.9592   -2.6992
eta,q 0.96649  6.71987
  0.0370  0.0366  0.0350  0.0369  0.0379  0.0363  0.0365  0.0379  0.0358  0.0367  0.0348  0.0352
  0.0350  0.0351  0.0341  0.0350  0.0356  0.0348  0.0350  0.0356  0.0346  0.0349  0.0341  0.0342
  0.0339  0.0341  0.0336  0.0338  0.0341  0.0338  0.0339  0.0340  0.0338  0.0339  0.0337  0.0337
  0.0336  0.0336  0.0335  0.0335  0.0335  0.0335  0.0335  0.0335  0.0335  0.0335  0.0335  0.0335
  0.0341  0.0337  0.0338  0.0341  0.0341  0.0341  0.0338  0.0341  0.0337  0.0337  0.0337  0.0338
  0.0353  0.0343  0.0345  0.0353  0.0358  0.0350  0.0348  0.0357  0.0344  0.0345  0.0342  0.0343
  0.0372  0.0355  0.0354  0.0368  0.0389  0.0366  0.0364  0.0380  0.0355  0.0358  0.0349  0.0352
niter,ni,del,rscale     2    3    5.0000    1.2000
parameters
   -1.5217   -8.6482    9.6733  -11.4997  -21.7171   -7.6741
    3.6901   -5.1590   -6.4106    3.8314    5.8679   -2.8030
eta,q 0.96653  6.70201
  0.0370  0.0364  0.0349  0.0369  0.0379  0.0363  0.0364  0.0379  0.0357  0.0365  0.0348  0.0351
  0.0350  0.0349  0.0341  0.0351  0.0356  0.0348  0.0349  0.0355  0.0345  0.0348  0.0341  0.0342
  0.0338  0.0340  0.0336  0.0338  0.0340  0.0338  0.0338  0.0340  0.0338  0.0338  0.0336  0.0336
  0.0335  0.0335  0.0335  0.0335  0.0335  0.0335  0.0335  0.0335  0.0335  0.0335  0.0335  0.0335
  0.0340  0.0336  0.0337  0.0341  0.0340  0.0340  0.0338  0.0340  0.0337  0.0337  0.0337  0.0337
  0.0352  0.0343  0.0344  0.0353  0.0357  0.0349  0.0348  0.0356  0.0344  0.0346  0.0342  0.0343
  0.0371  0.0355  0.0353  0.0368  0.0387  0.0365  0.0364  0.0379  0.0355  0.0359  0.0348  0.0351
niter,ni,del,rscale     1    3    5.0000    1.2000
parameters
   -1.5370   -8.4875    9.5767  -11.5174  -21.9310   -7.7785
    3.7014   -5.1707   -6.2911    4.1153    5.8216   -2.8755
eta,q 0.96654  6.68997
  0.0370  0.0362  0.0349  0.0369  0.0379  0.0363  0.0364  0.0379  0.0357  0.0364  0.0348  0.0351
  0.0350  0.0348  0.0341  0.0351  0.0356  0.0348  0.0349  0.0355  0.0345  0.0348  0.0341  0.0341
  0.0338  0.0339  0.0336  0.0338  0.0340  0.0338  0.0338  0.0339  0.0337  0.0338  0.0336  0.0336
  0.0335  0.0335  0.0335  0.0335  0.0335  0.0335  0.0335  0.0335  0.0335  0.0335  0.0335  0.0335
  0.0339  0.0336  0.0337  0.0340  0.0340  0.0340  0.0338  0.0340  0.0337  0.0338  0.0336  0.0337
  0.0351  0.0344  0.0343  0.0353  0.0356  0.0349  0.0348  0.0356  0.0344  0.0346  0.0341  0.0342
  0.0370  0.0356  0.0352  0.0368  0.0386  0.0364  0.0364  0.0379  0.0356  0.0359  0.0348  0.0350
registration optimization eta report
parameter search radius
    2.4000    2.4000    2.4000    8.2800   10.9503    8.2800
    7.2000    7.2000    7.2000    7.2000    7.2000    8.2800
100000*second partial in parameter space
       61.       42.       28.        5.        4.        4.
        6.        8.        4.        5.        3.        2.
  0.0370  0.0362  0.0349  0.0369  0.0379  0.0363  0.0364  0.0379  0.0357  0.0364  0.0348  0.0351
  0.0350  0.0348  0.0341  0.0351  0.0356  0.0348  0.0349  0.0355  0.0345  0.0348  0.0341  0.0341
  0.0338  0.0339  0.0336  0.0338  0.0340  0.0338  0.0338  0.0339  0.0337  0.0338  0.0336  0.0336
  0.0335  0.0335  0.0335  0.0335  0.0335  0.0335  0.0335  0.0335  0.0335  0.0335  0.0335  0.0335
  0.0339  0.0336  0.0337  0.0340  0.0340  0.0340  0.0338  0.0340  0.0337  0.0338  0.0336  0.0337
  0.0351  0.0344  0.0343  0.0353  0.0356  0.0349  0.0348  0.0356  0.0344  0.0346  0.0341  0.0342
  0.0370  0.0356  0.0352  0.0368  0.0386  0.0364  0.0364  0.0379  0.0356  0.0359  0.0348  0.0350
   -1.5370   -8.4875    9.5767  -11.5174  -21.9310   -7.7785
    3.7014   -5.1707   -6.2911    4.1153    5.8216   -2.8755
eta,q 0.96654  6.68997

---------------------------------------------------------------------
imgreg_4dfp /opt/freesurfer/average/711-2C_as_mni_average_305 /opt/freesurfer/average/711-2B_as_mni_average_305_mask talsrcimg_g11 none talsrcimg_to_711-2C_as_mni_average_305_t4 2311
---------------------------------------------------------------------

freesurfer imgreg_4dfp.c
/opt/freesurfer/average/711-2C_as_mni_average_305.4dfp.img
       256       256       256         1
  1.000000  1.000000  1.000000
orientation T byte_order littleendian
Reading image: /opt/freesurfer/average/711-2C_as_mni_average_305.4dfp.img
dimensions:      256       256       256
mmppix:       1.0000   -1.0000   -1.0000
center:     128.0000 -129.0000 -129.0000
/opt/freesurfer/average/711-2B_as_mni_average_305_mask.4dfp.img
       256       256       256         1
  1.000000  1.000000  1.000000
orientation T byte_order littleendian
Reading mask: /opt/freesurfer/average/711-2B_as_mni_average_305_mask.4dfp.img (2306576 pixels)
talsrcimg_g11.4dfp.img
       256       256       256         1
  0.898438  0.898438  0.898438
orientation T byte_order littleendian
Reading image: talsrcimg_g11.4dfp.img
dimensions:      256       256       256
mmppix:       0.8984   -0.8984   -0.8984
center:     115.0001 -115.8985 -115.8985
fimgreg.f
image alignment mode   2311 decimal      907 hex
parameters
   -1.5370   -8.4875    9.5767  -11.5174  -21.9310   -7.7785
    3.7014   -5.1707   -6.2911    4.1153    5.8216   -2.8755
eta,q 0.96654  6.68997
niter,ni,del,rscale     5    3    5.0000    0.8000
parameters
   -1.5648   -8.3651    9.5188  -11.7455  -21.7830   -7.9667
    3.7962   -5.2141   -6.2553    4.1892    5.8276   -3.1039
eta,q 0.96657  6.68296
  0.0350  0.0347  0.0341  0.0347  0.0344  0.0344  0.0349  0.0355  0.0345  0.0347  0.0341  0.0339
  0.0341  0.0341  0.0338  0.0340  0.0339  0.0339  0.0341  0.0343  0.0339  0.0340  0.0337  0.0336
  0.0336  0.0336  0.0335  0.0336  0.0336  0.0335  0.0336  0.0336  0.0336  0.0336  0.0335  0.0335
  0.0335  0.0335  0.0334  0.0335  0.0334  0.0334  0.0334  0.0334  0.0334  0.0334  0.0334  0.0334
  0.0337  0.0335  0.0335  0.0337  0.0335  0.0337  0.0336  0.0337  0.0335  0.0336  0.0335  0.0335
  0.0342  0.0338  0.0338  0.0342  0.0338  0.0341  0.0340  0.0344  0.0339  0.0340  0.0337  0.0337
  0.0351  0.0344  0.0342  0.0349  0.0343  0.0345  0.0348  0.0355  0.0344  0.0346  0.0341  0.0340
niter,ni,del,rscale     4    3    5.0000    0.7000
parameters
   -1.5895   -8.3448    9.4781  -11.7564  -21.7716   -8.0527
    3.8387   -5.2390   -6.2503    4.2458    5.8808   -3.1250
eta,q 0.96657  6.68089
  0.0346  0.0343  0.0340  0.0345  0.0342  0.0343  0.0345  0.0350  0.0342  0.0344  0.0339  0.0338
  0.0339  0.0338  0.0337  0.0339  0.0338  0.0338  0.0339  0.0341  0.0338  0.0339  0.0337  0.0336
  0.0335  0.0335  0.0335  0.0335  0.0335  0.0335  0.0336  0.0336  0.0335  0.0335  0.0335  0.0335
  0.0334  0.0334  0.0334  0.0334  0.0334  0.0334  0.0334  0.0334  0.0334  0.0334  0.0334  0.0334
  0.0336  0.0335  0.0335  0.0336  0.0335  0.0336  0.0335  0.0336  0.0335  0.0336  0.0335  0.0335
  0.0340  0.0338  0.0337  0.0339  0.0338  0.0339  0.0339  0.0342  0.0338  0.0339  0.0336  0.0336
  0.0347  0.0343  0.0340  0.0345  0.0342  0.0343  0.0345  0.0350  0.0342  0.0343  0.0339  0.0338
niter,ni,del,rscale     3    3    5.0000    0.6000
parameters
   -1.6012   -8.3231    9.4563  -11.7618  -21.7938   -8.1449
    3.8732   -5.2646   -6.2481    4.2637    5.9258   -3.1289
eta,q 0.96657  6.67738
  0.0343  0.0341  0.0338  0.0342  0.0340  0.0341  0.0342  0.0346  0.0340  0.0341  0.0338  0.0337
  0.0338  0.0337  0.0336  0.0338  0.0337  0.0337  0.0338  0.0339  0.0337  0.0337  0.0336  0.0336
  0.0335  0.0335  0.0335  0.0335  0.0335  0.0335  0.0335  0.0335  0.0335  0.0335  0.0335  0.0335
  0.0334  0.0334  0.0334  0.0334  0.0334  0.0334  0.0334  0.0334  0.0334  0.0334  0.0334  0.0334
  0.0335  0.0335  0.0335  0.0335  0.0335  0.0335  0.0335  0.0336  0.0335  0.0335  0.0335  0.0335
  0.0338  0.0337  0.0336  0.0338  0.0337  0.0338  0.0338  0.0340  0.0337  0.0337  0.0336  0.0336
  0.0343  0.0340  0.0339  0.0342  0.0340  0.0341  0.0342  0.0346  0.0340  0.0341  0.0338  0.0337
niter,ni,del,rscale     2    3    5.0000    0.5000
parameters
   -1.6176   -8.3083    9.4401  -11.7685  -21.8100   -8.1998
    3.8994   -5.2946   -6.2570    4.2653    5.9648   -3.1357
eta,q 0.96657  6.67504
  0.0340  0.0339  0.0337  0.0340  0.0338  0.0339  0.0340  0.0342  0.0338  0.0339  0.0337  0.0336
  0.0337  0.0336  0.0336  0.0337  0.0336  0.0337  0.0337  0.0338  0.0336  0.0336  0.0336  0.0335
  0.0335  0.0335  0.0335  0.0335  0.0335  0.0335  0.0335  0.0335  0.0335  0.0335  0.0335  0.0335
  0.0334  0.0334  0.0334  0.0334  0.0334  0.0334  0.0334  0.0334  0.0334  0.0334  0.0334  0.0334
  0.0335  0.0335  0.0335  0.0335  0.0335  0.0335  0.0335  0.0335  0.0335  0.0335  0.0335  0.0335
  0.0337  0.0336  0.0336  0.0337  0.0336  0.0337  0.0337  0.0338  0.0336  0.0337  0.0335  0.0335
  0.0340  0.0339  0.0337  0.0340  0.0338  0.0339  0.0340  0.0342  0.0338  0.0339  0.0337  0.0336
niter,ni,del,rscale     1    3    5.0000    0.4000
parameters
   -1.6273   -8.2985    9.4239  -11.7741  -21.8206   -8.2357
    3.9109   -5.3182   -6.2558    4.2575    6.0228   -3.1409
eta,q 0.96657  6.67342
  0.0338  0.0337  0.0336  0.0338  0.0337  0.0337  0.0338  0.0339  0.0337  0.0337  0.0336  0.0336
  0.0336  0.0336  0.0335  0.0336  0.0335  0.0336  0.0336  0.0336  0.0335  0.0336  0.0335  0.0335
  0.0335  0.0335  0.0334  0.0335  0.0335  0.0335  0.0335  0.0335  0.0335  0.0335  0.0335  0.0334
  0.0334  0.0334  0.0334  0.0334  0.0334  0.0334  0.0334  0.0334  0.0334  0.0334  0.0334  0.0334
  0.0335  0.0335  0.0334  0.0335  0.0335  0.0335  0.0335  0.0335  0.0335  0.0335  0.0334  0.0334
  0.0336  0.0336  0.0335  0.0336  0.0335  0.0336  0.0336  0.0337  0.0335  0.0336  0.0335  0.0335
  0.0338  0.0337  0.0336  0.0338  0.0337  0.0338  0.0338  0.0339  0.0337  0.0337  0.0336  0.0336
registration optimization eta report
parameter search radius
    0.8000    0.8000    0.8000    2.4000    2.4000    2.4000
    2.4000    2.4000    2.4000    2.4000    2.4000    2.4000
100000*second partial in parameter space
       61.       44.       29.        6.        4.        6.
        6.        9.        5.        5.        3.        2.
  0.0338  0.0337  0.0336  0.0338  0.0337  0.0337  0.0338  0.0339  0.0337  0.0337  0.0336  0.0336
  0.0336  0.0336  0.0335  0.0336  0.0335  0.0336  0.0336  0.0336  0.0335  0.0336  0.0335  0.0335
  0.0335  0.0335  0.0334  0.0335  0.0335  0.0335  0.0335  0.0335  0.0335  0.0335  0.0335  0.0334
  0.0334  0.0334  0.0334  0.0334  0.0334  0.0334  0.0334  0.0334  0.0334  0.0334  0.0334  0.0334
  0.0335  0.0335  0.0334  0.0335  0.0335  0.0335  0.0335  0.0335  0.0335  0.0335  0.0334  0.0334
  0.0336  0.0336  0.0335  0.0336  0.0335  0.0336  0.0336  0.0337  0.0335  0.0336  0.0335  0.0335
  0.0338  0.0337  0.0336  0.0338  0.0337  0.0338  0.0338  0.0339  0.0337  0.0337  0.0336  0.0336
   -1.6273   -8.2985    9.4239  -11.7741  -21.8206   -8.2357
    3.9109   -5.3182   -6.2558    4.2575    6.0228   -3.1409
eta,q 0.96657  6.67342

---------------------------------------------------------------------
imgreg_4dfp /opt/freesurfer/average/711-2C_as_mni_average_305 /opt/freesurfer/average/711-2B_as_mni_average_305_mask talsrcimg_g11 none talsrcimg_to_711-2C_as_mni_average_305_t4 2311
---------------------------------------------------------------------

freesurfer imgreg_4dfp.c
/opt/freesurfer/average/711-2C_as_mni_average_305.4dfp.img
       256       256       256         1
  1.000000  1.000000  1.000000
orientation T byte_order littleendian
Reading image: /opt/freesurfer/average/711-2C_as_mni_average_305.4dfp.img
dimensions:      256       256       256
mmppix:       1.0000   -1.0000   -1.0000
center:     128.0000 -129.0000 -129.0000
/opt/freesurfer/average/711-2B_as_mni_average_305_mask.4dfp.img
       256       256       256         1
  1.000000  1.000000  1.000000
orientation T byte_order littleendian
Reading mask: /opt/freesurfer/average/711-2B_as_mni_average_305_mask.4dfp.img (2306576 pixels)
talsrcimg_g11.4dfp.img
       256       256       256         1
  0.898438  0.898438  0.898438
orientation T byte_order littleendian
Reading image: talsrcimg_g11.4dfp.img
dimensions:      256       256       256
mmppix:       0.8984   -0.8984   -0.8984
center:     115.0001 -115.8985 -115.8985
fimgreg.f
image alignment mode   2311 decimal      907 hex
parameters
   -1.6273   -8.2985    9.4239  -11.7741  -21.8206   -8.2357
    3.9109   -5.3182   -6.2558    4.2575    6.0228   -3.1409
eta,q 0.96657  6.67342
niter,ni,del,rscale     5    3    5.0000    0.8000
parameters
   -1.6116   -8.2971    9.4042  -11.7062  -21.8450   -8.1154
    3.8762   -5.2840   -6.3012    4.3667    5.9263   -3.1270
eta,q 0.96657  6.67838
  0.0350  0.0345  0.0341  0.0348  0.0344  0.0346  0.0348  0.0355  0.0344  0.0347  0.0340  0.0340
  0.0341  0.0339  0.0337  0.0341  0.0339  0.0340  0.0340  0.0344  0.0339  0.0340  0.0337  0.0337
  0.0336  0.0336  0.0335  0.0336  0.0335  0.0336  0.0336  0.0337  0.0335  0.0336  0.0335  0.0335
  0.0334  0.0334  0.0334  0.0334  0.0334  0.0334  0.0334  0.0334  0.0334  0.0334  0.0334  0.0334
  0.0336  0.0336  0.0335  0.0336  0.0335  0.0336  0.0336  0.0337  0.0336  0.0336  0.0335  0.0335
  0.0341  0.0339  0.0338  0.0340  0.0339  0.0340  0.0340  0.0343  0.0339  0.0340  0.0337  0.0337
  0.0349  0.0345  0.0342  0.0347  0.0344  0.0344  0.0348  0.0355  0.0345  0.0346  0.0341  0.0340
niter,ni,del,rscale     4    3    5.0000    0.7000
parameters
   -1.6041   -8.2796    9.4213  -11.7347  -21.8586   -8.1395
    3.8887   -5.2735   -6.2545    4.3624    5.9151   -3.1401
eta,q 0.96657  6.67619
  0.0346  0.0343  0.0340  0.0345  0.0342  0.0343  0.0345  0.0350  0.0342  0.0344  0.0339  0.0338
  0.0340  0.0338  0.0337  0.0339  0.0338  0.0338  0.0339  0.0341  0.0338  0.0338  0.0337  0.0336
  0.0336  0.0335  0.0335  0.0335  0.0335  0.0335  0.0335  0.0336  0.0335  0.0335  0.0335  0.0335
  0.0334  0.0334  0.0334  0.0334  0.0334  0.0334  0.0334  0.0334  0.0334  0.0334  0.0334  0.0334
  0.0336  0.0335  0.0335  0.0336  0.0335  0.0336  0.0335  0.0336  0.0335  0.0336  0.0335  0.0335
  0.0340  0.0338  0.0337  0.0339  0.0338  0.0339  0.0339  0.0341  0.0338  0.0339  0.0337  0.0336
  0.0346  0.0343  0.0340  0.0345  0.0342  0.0343  0.0345  0.0350  0.0342  0.0344  0.0339  0.0338
niter,ni,del,rscale     3    3    5.0000    0.6000
parameters
   -1.6116   -8.2762    9.4189  -11.7459  -21.8575   -8.1886
    3.8913   -5.2816   -6.2443    4.3386    5.9367   -3.1541
eta,q 0.96657  6.67436
  0.0343  0.0341  0.0338  0.0342  0.0340  0.0341  0.0342  0.0346  0.0340  0.0341  0.0338  0.0337
  0.0338  0.0337  0.0336  0.0338  0.0337  0.0337  0.0338  0.0339  0.0337  0.0337  0.0336  0.0336
  0.0335  0.0335  0.0335  0.0335  0.0335  0.0335  0.0335  0.0335  0.0335  0.0335  0.0335  0.0335
  0.0334  0.0334  0.0334  0.0334  0.0334  0.0334  0.0334  0.0334  0.0334  0.0334  0.0334  0.0334
  0.0335  0.0335  0.0335  0.0335  0.0335  0.0335  0.0335  0.0336  0.0335  0.0335  0.0335  0.0335
  0.0338  0.0337  0.0336  0.0338  0.0337  0.0338  0.0338  0.0339  0.0337  0.0338  0.0336  0.0336
  0.0343  0.0341  0.0338  0.0342  0.0340  0.0341  0.0342  0.0346  0.0340  0.0341  0.0338  0.0337
niter,ni,del,rscale     2    3    5.0000    0.5000
parameters
   -1.6190   -8.2757    9.4151  -11.7602  -21.8519   -8.2343
    3.9101   -5.2945   -6.2426    4.3186    5.9781   -3.1523
eta,q 0.96657  6.67285
  0.0340  0.0339  0.0337  0.0340  0.0338  0.0339  0.0340  0.0342  0.0338  0.0339  0.0337  0.0336
  0.0337  0.0336  0.0336  0.0337  0.0336  0.0337  0.0337  0.0338  0.0336  0.0336  0.0336  0.0335
  0.0335  0.0335  0.0335  0.0335  0.0335  0.0335  0.0335  0.0335  0.0335  0.0335  0.0335  0.0335
  0.0334  0.0334  0.0334  0.0334  0.0334  0.0334  0.0334  0.0334  0.0334  0.0334  0.0334  0.0334
  0.0335  0.0335  0.0335  0.0335  0.0335  0.0335  0.0335  0.0335  0.0335  0.0335  0.0335  0.0334
  0.0337  0.0336  0.0336  0.0337  0.0336  0.0337  0.0337  0.0338  0.0336  0.0337  0.0335  0.0335
  0.0340  0.0339  0.0337  0.0340  0.0338  0.0339  0.0339  0.0342  0.0338  0.0339  0.0337  0.0336
niter,ni,del,rscale     1    3    5.0000    0.4000
parameters
   -1.6279   -8.2765    9.4110  -11.7578  -21.8479   -8.2460
    3.9198   -5.3177   -6.2514    4.2911    6.0214   -3.1703
eta,q 0.96657  6.67273
  0.0338  0.0337  0.0336  0.0338  0.0337  0.0338  0.0338  0.0339  0.0337  0.0337  0.0336  0.0335
  0.0336  0.0336  0.0335  0.0336  0.0335  0.0336  0.0336  0.0336  0.0335  0.0336  0.0335  0.0335
  0.0335  0.0335  0.0334  0.0335  0.0335  0.0335  0.0335  0.0335  0.0335  0.0335  0.0335  0.0334
  0.0334  0.0334  0.0334  0.0334  0.0334  0.0334  0.0334  0.0334  0.0334  0.0334  0.0334  0.0334
  0.0335  0.0335  0.0334  0.0335  0.0335  0.0335  0.0335  0.0335  0.0335  0.0335  0.0334  0.0334
  0.0336  0.0336  0.0335  0.0336  0.0335  0.0336  0.0336  0.0337  0.0336  0.0336  0.0335  0.0335
  0.0338  0.0337  0.0336  0.0338  0.0337  0.0338  0.0338  0.0339  0.0337  0.0338  0.0336  0.0336
registration optimization eta report
parameter search radius
    0.8000    0.8000    0.8000    2.4000    2.4000    2.4000
    2.4000    2.4000    2.4000    2.4000    2.4000    2.4000
100000*second partial in parameter space
       60.       44.       29.        6.        4.        6.
        6.        9.        5.        5.        3.        2.
  0.0338  0.0337  0.0336  0.0338  0.0337  0.0338  0.0338  0.0339  0.0337  0.0337  0.0336  0.0335
  0.0336  0.0336  0.0335  0.0336  0.0335  0.0336  0.0336  0.0336  0.0335  0.0336  0.0335  0.0335
  0.0335  0.0335  0.0334  0.0335  0.0335  0.0335  0.0335  0.0335  0.0335  0.0335  0.0335  0.0334
  0.0334  0.0334  0.0334  0.0334  0.0334  0.0334  0.0334  0.0334  0.0334  0.0334  0.0334  0.0334
  0.0335  0.0335  0.0334  0.0335  0.0335  0.0335  0.0335  0.0335  0.0335  0.0335  0.0334  0.0334
  0.0336  0.0336  0.0335  0.0336  0.0335  0.0336  0.0336  0.0337  0.0336  0.0336  0.0335  0.0335
  0.0338  0.0337  0.0336  0.0338  0.0337  0.0338  0.0338  0.0339  0.0337  0.0338  0.0336  0.0336
   -1.6279   -8.2765    9.4110  -11.7578  -21.8479   -8.2460
    3.9198   -5.3177   -6.2514    4.2911    6.0214   -3.1703
eta,q 0.96657  6.67273

---------------------------------------------------------------------
compute_vox2vox talsrcimg talsrcimg_to_711-2C_as_mni_average_305_t4 /opt/freesurfer/average/711-2C_as_mni_average_305
---------------------------------------------------------------------

freesurfer compute_vox2vox.c
Reading: talsrcimg.4dfp.ifh
Reading: talsrcimg_to_711-2C_as_mni_average_305_t4
Reading: /opt/freesurfer/average/711-2C_as_mni_average_305.4dfp.ifh
Writing: talsrcimg_to_711-2C_as_mni_average_305_t4_vox2vox.txt

start time Thu Mar 12 22:41:02 CET 2026
end		time Thu Mar 12 22:41:15 CET 2026

mpr2mni305 success

avi2talxfm orig_nu.mgz /opt/freesurfer/average/mni305.cor.mgz talsrcimg_to_711-2C_as_mni_average_305_t4_vox2vox.txt transforms/talairach.auto.xfm
avi2talxfm done
mv -f /out/sourcedata/freesurfer/sub-v2s2x29084_ses-1/mri/talsrcimg_to_711-2C_as_mni_average_305_t4_vox2vox.txt /out/sourcedata/freesurfer/sub-v2s2x29084_ses-1/mri/transforms/talsrcimg_to_711-2C_as_mni_average_305_t4_vox2vox.txt
lta_convert --src orig_nu.mgz --trg /opt/freesurfer/average/mni305.cor.mgz --inxfm transforms/talairach.auto.xfm --outlta transforms/talairach.auto.xfm.lta --subject fsaverage
7.3.2

--src: orig_nu.mgz src image (geometry).
--trg: /opt/freesurfer/average/mni305.cor.mgz trg image (geometry).
--inmni: transforms/talairach.auto.xfm input MNI/XFM transform.
--outlta: transforms/talairach.auto.xfm.lta output LTA.
--s: fsaverage subject name
 LTA read, type : 1
 1.12482   0.06770  -0.05367  -6.68154;
-0.07057   1.08356   0.04750   15.53087;
 0.09385  -0.05408   1.27265  -7.73122;
 0.00000   0.00000   0.00000   1.00000;
setting subject to fsaverage
Writing  LTA to file transforms/talairach.auto.xfm.lta...
lta_convert successful.
 
 
Started at Thu Mar 12 22:41:01 CET 2026
Ended   at Thu Mar 12 22:41:16 CET 2026
talairach_avi done
