/out/sourcedata/freesurfer/sub-v2s2x29077_ses-1/mri
/opt/freesurfer/bin/talairach_avi
--i orig_nu.mgz --xfm transforms/talairach.auto.xfm
talairach_avi 7.3.2
Linux dna075 5.14.0-427.37.1.el9_4.x86_64 #1 SMP PREEMPT_DYNAMIC Fri Sep 13 12:41:50 EDT 2024 x86_64 x86_64 x86_64 GNU/Linux
Thu Mar 12 22:24:45 CET 2026
mri_convert orig_nu.mgz talsrcimg.img 
reading from orig_nu.mgz...
TR=0.00, TE=0.00, TI=0.00, flip angle=0.00
i_ras = (-1, 0, 0)
j_ras = (0, 0, -1)
k_ras = (0, 1, 0)
writing to talsrcimg.img...
Analyze Output Matrix
-0.89844   0.00000   0.00000   117.39299;
 0.00000   0.00000   0.89844  -134.59210;
 0.00000  -0.89844   0.00000   129.23625;
 0.00000   0.00000   0.00000   1.00000;
--------------------
INFO: set hdr.hist.orient to -1
mpr2mni305 talsrcimg
Thu Mar 12 22:24:46 CET 2026
/opt/freesurfer/bin/mpr2mni305 talsrcimg
mpr2mni305 7.3.2
target=711-2C_as_mni_average_305

---------------------------------------------------------------------
analyzeto4dfp talsrcimg -O0 -y
---------------------------------------------------------------------

freesurfer ifh2hdr.c
Thu Mar 12 22:24:46 2026
Writing: talsrcimg.4dfp.hdr
freesurfer analyzeto4dfp.c
Reading: talsrcimg.hdr
header size 348 bytes
hdr.dime.datatype	offset=70	value=2
hdr.dime.bitpix		offset=72	value=8
hdr.hist.orient		offset=252	value=-1
dimensionality     4
dimensions       256       256       256         1
Reading: talsrcimg.img
Writing: talsrcimg.4dfp.img
Writing: talsrcimg.4dfp.ifh
ifh2hdr talsrcimg -r0to255
ori=2

---------------------------------------------------------------------
gauss_4dfp talsrcimg 1.1
---------------------------------------------------------------------

freesurfer gauss_4dfp.c
Reading: talsrcimg.4dfp.img
Writing: talsrcimg_g11.4dfp.img
image dimensions 256 256 256 padded to 288 288 288
processing volume 1freesurfer ifh2hdr.c
Thu Mar 12 22:24:47 2026
Writing: talsrcimg_g11.4dfp.hdr

Writing: talsrcimg_g11.4dfp.ifh
including: talsrcimg.4dfp.img.rec in talsrcimg_g11.4dfp.img.rec

---------------------------------------------------------------------
imgreg_4dfp /opt/freesurfer/average/711-2C_as_mni_average_305 none talsrcimg_g11 none talsrcimg_to_711-2C_as_mni_average_305_t4 4355
---------------------------------------------------------------------

freesurfer imgreg_4dfp.c
/opt/freesurfer/average/711-2C_as_mni_average_305.4dfp.img
       256       256       256         1
  1.000000  1.000000  1.000000
orientation T byte_order littleendian
Reading image: /opt/freesurfer/average/711-2C_as_mni_average_305.4dfp.img
dimensions:      256       256       256
mmppix:       1.0000   -1.0000   -1.0000
center:     128.0000 -129.0000 -129.0000
talsrcimg_g11.4dfp.img
       256       256       256         1
  0.898437  0.898437  0.898437
orientation T byte_order littleendian
Reading image: talsrcimg_g11.4dfp.img
dimensions:      256       256       256
mmppix:       0.8984   -0.8984   -0.8984
center:     114.9999 -115.8984 -115.8984
t4_read: open error in t4_sub.f l:  41 t4_file(1:l)talsrcimg_to_711-2C_as_mni_average_305_t4 
t4_read: transform initialized to I4
rotation matrix determinant  1.000000
image alignment mode   4355 decimal     1103 hex
   -7.5000  -45.0000  -45.0000 5981.6792   10.5628
    0.0000  -45.0000  -45.0000 6064.8120   10.5383
    7.5000  -45.0000  -45.0000 5776.3613   10.5437
   -7.5000  -37.5000  -45.0000 6414.4775   11.2330
    0.0000  -37.5000  -45.0000 6511.5718   11.2082
    7.5000  -37.5000  -45.0000 6183.1470   11.2071
   -7.5000  -30.0000  -45.0000 6845.4609   11.5815
    0.0000  -30.0000  -45.0000 6948.4165   11.5575
    7.5000  -30.0000  -45.0000 6591.2456   11.5476
   -7.5000  -22.5000  -45.0000 7349.6626   11.5648
    0.0000  -22.5000  -45.0000 7465.0635   11.5410
    7.5000  -22.5000  -45.0000 7067.0386   11.5294
   -7.5000  -15.0000  -45.0000 7828.6265   11.5542
    0.0000  -15.0000  -45.0000 7964.4741   11.5285
    7.5000  -15.0000  -45.0000 7536.8179   11.5241
   -7.5000   -7.5000  -45.0000 7951.5020   11.5604
    0.0000   -7.5000  -45.0000 8087.8257   11.5332
    7.5000   -7.5000  -45.0000 7656.4272   11.5370
   -7.5000    0.0000  -45.0000 8037.5127   11.5768
    0.0000    0.0000  -45.0000 8152.2241   11.5499
    7.5000    0.0000  -45.0000 7738.5649   11.5558
   -7.5000    7.5000  -45.0000 7699.5522   11.5871
    0.0000    7.5000  -45.0000 7807.3047   11.5616
    7.5000    7.5000  -45.0000 7418.3208   11.5605
   -7.5000   15.0000  -45.0000 7615.6245   11.5815
    0.0000   15.0000  -45.0000 7722.1084   11.5575
    7.5000   15.0000  -45.0000 7335.2656   11.5476
   -7.5000   22.5000  -45.0000 7056.1807   11.4093
    0.0000   22.5000  -45.0000 7173.0688   11.3858
    7.5000   22.5000  -45.0000 6784.8804   11.3743
   -7.5000   30.0000  -45.0000 6513.2617   11.0948
    0.0000   30.0000  -45.0000 6619.4893   11.0700
    7.5000   30.0000  -45.0000 6235.9268   11.0659
   -7.5000   37.5000  -45.0000 5992.0444   10.7442
    0.0000   37.5000  -45.0000 6076.7275   10.7189
    7.5000   37.5000  -45.0000 5717.2422   10.7224
   -7.5000   45.0000  -45.0000 5481.0059   10.6094
    0.0000   45.0000  -45.0000 5537.5669   10.5849
    7.5000   45.0000  -45.0000 5211.0190   10.5899
   -7.5000  -45.0000  -37.5000 6538.8462   11.0510
    0.0000  -45.0000  -37.5000 6635.5166   11.0257
    7.5000  -45.0000  -37.5000 6311.7388   11.0261
   -7.5000  -37.5000  -37.5000 7014.2280   11.7632
    0.0000  -37.5000  -37.5000 7115.2515   11.7389
    7.5000  -37.5000  -37.5000 6760.1875   11.7327
   -7.5000  -30.0000  -37.5000 7476.9019   12.1078
    0.0000  -30.0000  -37.5000 7594.8042   12.0859
    7.5000  -30.0000  -37.5000 7204.6963   12.0715
   -7.5000  -22.5000  -37.5000 8006.3047   12.0844
    0.0000  -22.5000  -37.5000 8155.7080   12.0626
    7.5000  -22.5000  -37.5000 7710.2397   12.0474
   -7.5000  -15.0000  -37.5000 8506.5137   12.0674
    0.0000  -15.0000  -37.5000 8645.4902   12.0426
    7.5000  -15.0000  -37.5000 8202.4385   12.0345
   -7.5000   -7.5000  -37.5000 8633.1738   12.0740
    0.0000   -7.5000  -37.5000 8751.9375   12.0464
    7.5000   -7.5000  -37.5000 8312.0176   12.0455
   -7.5000    0.0000  -37.5000 8726.4160   12.0965
    0.0000    0.0000  -37.5000 8835.2207   12.0688
    7.5000    0.0000  -37.5000 8386.6367   12.0692
   -7.5000    7.5000  -37.5000 8365.2344   12.1127
    0.0000    7.5000  -37.5000 8480.5918   12.0877
    7.5000    7.5000  -37.5000 8033.5625   12.0813
   -7.5000   15.0000  -37.5000 8274.2939   12.1073
    0.0000   15.0000  -37.5000 8388.7041   12.0853
    7.5000   15.0000  -37.5000 7932.9717   12.0710
   -7.5000   22.5000  -37.5000 7637.8330   11.9229
    0.0000   22.5000  -37.5000 7747.3530   11.9014
    7.5000   22.5000  -37.5000 7319.2944   11.8864
   -7.5000   30.0000  -37.5000 7019.6738   11.5958
    0.0000   30.0000  -37.5000 7119.9897   11.5719
    7.5000   30.0000  -37.5000 6707.2310   11.5642
   -7.5000   37.5000  -37.5000 6427.0244   11.2307
    0.0000   37.5000  -37.5000 6522.2637   11.2050
    7.5000   37.5000  -37.5000 6130.7476   11.2042
   -7.5000   45.0000  -37.5000 5861.0869   11.0818
    0.0000   45.0000  -37.5000 5929.2031   11.0579
    7.5000   45.0000  -37.5000 5578.4263   11.0591
   -7.5000  -45.0000  -30.0000 7137.5884   11.5455
    0.0000  -45.0000  -30.0000 7247.4292   11.5178
    7.5000  -45.0000  -30.0000 6893.3516   11.5101
   -7.5000  -37.5000  -30.0000 7641.9976   12.3028
    0.0000  -37.5000  -30.0000 7749.4033   12.2779
    7.5000  -37.5000  -30.0000 7354.8423   12.2644
   -7.5000  -30.0000  -30.0000 8120.4082   12.6482
    0.0000  -30.0000  -30.0000 8255.3936   12.6265
    7.5000  -30.0000  -30.0000 7827.3682   12.6046
   -7.5000  -22.5000  -30.0000 8683.8086   12.6176
    0.0000  -22.5000  -30.0000 8831.9873   12.5951
    7.5000  -22.5000  -30.0000 8356.1250   12.5711
   -7.5000  -15.0000  -30.0000 9230.7539   12.5907
    0.0000  -15.0000  -30.0000 9364.9824   12.5636
    7.5000  -15.0000  -30.0000 8878.2100   12.5455
   -7.5000   -7.5000  -30.0000 9362.2676   12.5951
    0.0000   -7.5000  -30.0000 9459.1641   12.5644
    7.5000   -7.5000  -30.0000 8991.0117   12.5533
   -7.5000    0.0000  -30.0000 9422.7900   12.6247
    0.0000    0.0000  -30.0000 9522.9326   12.5944
    7.5000    0.0000  -30.0000 9056.8350   12.5859
   -7.5000    7.5000  -30.0000 9021.9043   12.6492
    0.0000    7.5000  -30.0000 9120.6338   12.6236
    7.5000    7.5000  -30.0000 8665.6973   12.6097
   -7.5000   15.0000  -30.0000 8913.8877   12.6465
    0.0000   15.0000  -30.0000 9018.0342   12.6247
    7.5000   15.0000  -30.0000 8544.3877   12.6029
   -7.5000   22.5000  -30.0000 8204.1885   12.4494
    0.0000   22.5000  -30.0000 8295.7598   12.4272
    7.5000   22.5000  -30.0000 7863.2876   12.4036
   -7.5000   30.0000  -30.0000 7503.4219   12.1075
    0.0000   30.0000  -30.0000 7592.4902   12.0815
    7.5000   30.0000  -30.0000 7187.2939   12.0640
   -7.5000   37.5000  -30.0000 6852.1128   11.7331
    0.0000   37.5000  -30.0000 6929.0688   11.7045
    7.5000   37.5000  -30.0000 6553.5825   11.6941
   -7.5000   45.0000  -30.0000 6220.9092   11.5803
    0.0000   45.0000  -30.0000 6293.2988   11.5556
    7.5000   45.0000  -30.0000 5946.5996   11.5500
   -7.5000  -45.0000  -22.5000 7739.6753   11.9851
    0.0000  -45.0000  -22.5000 7842.6558   11.9571
    7.5000  -45.0000  -22.5000 7452.5796   11.9461
   -7.5000  -37.5000  -22.5000 8263.8379   12.7805
    0.0000  -37.5000  -22.5000 8367.0479   12.7575
    7.5000  -37.5000  -22.5000 7946.7085   12.7419
   -7.5000  -30.0000  -22.5000 8753.5459   13.1264
    0.0000  -30.0000  -22.5000 8883.9990   13.1060
    7.5000  -30.0000  -22.5000 8449.4883   13.0807
   -7.5000  -22.5000  -22.5000 9356.1455   13.0947
    0.0000  -22.5000  -22.5000 9505.6279   13.0712
    7.5000  -22.5000  -22.5000 9016.1582   13.0409
   -7.5000  -15.0000  -22.5000 9943.2383   13.0646
    0.0000  -15.0000  -22.500010076.1904   13.0347
    7.5000  -15.0000  -22.5000 9572.5488   13.0090
   -7.5000   -7.5000  -22.500010055.0801   13.0670
    0.0000   -7.5000  -22.500010180.0947   13.0337
    7.5000   -7.5000  -22.5000 9692.1914   13.0163
   -7.5000    0.0000  -22.500010097.4307   13.0979
    0.0000    0.0000  -22.500010218.7002   13.0673
    7.5000    0.0000  -22.5000 9730.8779   13.0553
   -7.5000    7.5000  -22.5000 9657.2451   13.1240
    0.0000    7.5000  -22.5000 9771.7881   13.1003
    7.5000    7.5000  -22.5000 9287.6484   13.0843
   -7.5000   15.0000  -22.5000 9504.3008   13.1232
    0.0000   15.0000  -22.5000 9621.1211   13.1029
    7.5000   15.0000  -22.5000 9139.1670   13.0776
   -7.5000   22.5000  -22.5000 8732.2471   12.9214
    0.0000   22.5000  -22.5000 8816.1055   12.8982
    7.5000   22.5000  -22.5000 8385.4141   12.8684
   -7.5000   30.0000  -22.5000 7972.8179   12.5724
    0.0000   30.0000  -22.5000 8044.2573   12.5436
    7.5000   30.0000  -22.5000 7658.1104   12.5189
   -7.5000   37.5000  -22.5000 7247.3511   12.1913
    0.0000   37.5000  -22.5000 7334.3198   12.1602
    7.5000   37.5000  -22.5000 6963.3467   12.1439
   -7.5000   45.0000  -22.5000 6577.8750   12.0411
    0.0000   45.0000  -22.5000 6652.4053   12.0163
    7.5000   45.0000  -22.5000 6295.0767   12.0073
   -7.5000  -45.0000  -15.0000 8295.0615   12.4074
    0.0000  -45.0000  -15.0000 8405.7256   12.3806
    7.5000  -45.0000  -15.0000 7993.4897   12.3751
   -7.5000  -37.5000  -15.0000 8856.0625   13.2249
    0.0000  -37.5000  -15.0000 8976.8955   13.2027
    7.5000  -37.5000  -15.0000 8526.1377   13.1925
   -7.5000  -30.0000  -15.0000 9393.8965   13.5708
    0.0000  -30.0000  -15.0000 9527.7129   13.5493
    7.5000  -30.0000  -15.0000 9062.0029   13.5278
   -7.5000  -22.5000  -15.000010036.8994   13.5441
    0.0000  -22.5000  -15.000010187.4785   13.5179
    7.5000  -22.5000  -15.0000 9656.0293   13.4899
   -7.5000  -15.0000  -15.000010668.8604   13.5184
    0.0000  -15.0000  -15.000010817.7764   13.4860
    7.5000  -15.0000  -15.000010248.8857   13.4628
   -7.5000   -7.5000  -15.000010754.0811   13.5200
    0.0000   -7.5000  -15.000010910.0742   13.4859
    7.5000   -7.5000  -15.000010346.6162   13.4729
   -7.5000    0.0000  -15.000010787.4443   13.5462
    0.0000    0.0000  -15.000010945.8926   13.5169
    7.5000    0.0000  -15.000010390.8584   13.5109
   -7.5000    7.5000  -15.000010282.0938   13.5671
    0.0000    7.5000  -15.000010421.8301   13.5443
    7.5000    7.5000  -15.0000 9889.9883   13.5339
   -7.5000   15.0000  -15.000010099.3711   13.5666
    0.0000   15.0000  -15.000010222.5283   13.5452
    7.5000   15.0000  -15.0000 9705.9971   13.5237
   -7.5000   22.5000  -15.0000 9245.7148   13.3669
    0.0000   22.5000  -15.0000 9324.2461   13.3411
    7.5000   22.5000  -15.0000 8893.9912   13.3134
   -7.5000   30.0000  -15.0000 8424.7529   13.0189
    0.0000   30.0000  -15.0000 8482.9072   12.9876
    7.5000   30.0000  -15.0000 8095.9150   12.9653
   -7.5000   37.5000  -15.0000 7655.4023   12.6331
    0.0000   37.5000  -15.0000 7722.5444   12.6012
    7.5000   37.5000  -15.0000 7362.8296   12.5891
   -7.5000   45.0000  -15.0000 6930.0083   12.4844
    0.0000   45.0000  -15.0000 6995.7441   12.4590
    7.5000   45.0000  -15.0000 6651.1045   12.4542
   -7.5000  -45.0000   -7.5000 8580.7891   12.4062
    0.0000  -45.0000   -7.5000 8699.6104   12.3807
    7.5000  -45.0000   -7.5000 8263.1055   12.3837
   -7.5000  -37.5000   -7.5000 9156.0703   13.2155
    0.0000  -37.5000   -7.5000 9295.3496   13.1927
    7.5000  -37.5000   -7.5000 8807.3916   13.1898
   -7.5000  -30.0000   -7.5000 9728.9082   13.5590
    0.0000  -30.0000   -7.5000 9881.8896   13.5363
    7.5000  -30.0000   -7.5000 9378.4277   13.5215
   -7.5000  -22.5000   -7.500010395.8896   13.5389
    0.0000  -22.5000   -7.500010544.1211   13.5128
    7.5000  -22.5000   -7.5000 9983.5137   13.4926
   -7.5000  -15.0000   -7.500011019.7559   13.5216
    0.0000  -15.0000   -7.500011184.8047   13.4908
    7.5000  -15.0000   -7.500010568.4355   13.4771
   -7.5000   -7.5000   -7.500011113.1533   13.5250
    0.0000   -7.5000   -7.500011272.7666   13.4932
    7.5000   -7.5000   -7.500010652.0557   13.4903
   -7.5000    0.0000   -7.500011157.7803   13.5449
    0.0000    0.0000   -7.500011319.8242   13.5171
    7.5000    0.0000   -7.500010705.0801   13.5203
   -7.5000    7.5000   -7.500010622.1982   13.5575
    0.0000    7.5000   -7.500010770.0498   13.5341
    7.5000    7.5000   -7.500010189.5967   13.5311
   -7.5000   15.0000   -7.500010417.2119   13.5548
    0.0000   15.0000   -7.500010516.1582   13.5321
    7.5000   15.0000   -7.5000 9971.4600   13.5174
   -7.5000   22.5000   -7.5000 9508.0498   13.3618
    0.0000   22.5000   -7.5000 9590.6377   13.3360
    7.5000   22.5000   -7.5000 9129.2393   13.3161
   -7.5000   30.0000   -7.5000 8651.5703   13.0220
    0.0000   30.0000   -7.5000 8724.7178   12.9923
    7.5000   30.0000   -7.5000 8303.0586   12.9791
   -7.5000   37.5000   -7.5000 7847.9575   12.6378
    0.0000   37.5000   -7.5000 7899.0479   12.6080
    7.5000   37.5000   -7.5000 7535.8105   12.6054
   -7.5000   45.0000   -7.5000 7089.9517   12.4852
    0.0000   45.0000   -7.5000 7153.2012   12.4596
    7.5000   45.0000   -7.5000 6812.0176   12.4621
   -7.5000  -45.0000    0.0000 8705.1328   12.7156
    0.0000  -45.0000    0.0000 8808.2646   12.6884
    7.5000  -45.0000    0.0000 8368.7578   12.6950
   -7.5000  -37.5000    0.0000 9249.8789   13.5364
    0.0000  -37.5000    0.0000 9395.8926   13.5103
    7.5000  -37.5000    0.0000 8900.3887   13.5092
   -7.5000  -30.0000    0.0000 9858.6328   13.8769
    0.0000  -30.0000    0.0000 9989.4463   13.8522
    7.5000  -30.0000    0.0000 9480.7627   13.8402
   -7.5000  -22.5000    0.000010576.5205   13.8570
    0.0000  -22.5000    0.000010723.4697   13.8316
    7.5000  -22.5000    0.000010148.9746   13.8169
   -7.5000  -15.0000    0.000011161.4336   13.8432
    0.0000  -15.0000    0.000011372.2832   13.8142
    7.5000  -15.0000    0.000010709.6279   13.8081
   -7.5000   -7.5000    0.000011269.6104   13.8495
    0.0000   -7.5000    0.000011441.6094   13.8185
    7.5000   -7.5000    0.000010767.6895   13.8224
   -7.5000    0.0000    0.000011308.9844   13.8689
    0.0000    0.0000    0.000011455.6719   13.8393
    7.5000    0.0000    0.000010808.3760   13.8464
   -7.5000    7.5000    0.000010749.1816   13.8775
    0.0000    7.5000    0.000010871.2832   13.8508
    7.5000    7.5000    0.000010279.1914   13.8496
   -7.5000   15.0000    0.000010519.0020   13.8720
    0.0000   15.0000    0.000010604.0791   13.8473
    7.5000   15.0000    0.000010043.5781   13.8353
   -7.5000   22.5000    0.0000 9612.1074   13.6777
    0.0000   22.5000    0.0000 9707.0850   13.6526
    7.5000   22.5000    0.0000 9198.5908   13.6381
   -7.5000   30.0000    0.0000 8763.0781   13.3397
    0.0000   30.0000    0.0000 8864.0215   13.3118
    7.5000   30.0000    0.0000 8390.0420   13.3059
   -7.5000   37.5000    0.0000 7927.5190   12.9565
    0.0000   37.5000    0.0000 8015.7896   12.9275
    7.5000   37.5000    0.0000 7585.5898   12.9312
   -7.5000   45.0000    0.0000 7153.8223   12.8098
    0.0000   45.0000    0.0000 7236.0039   12.7826
    7.5000   45.0000    0.0000 6845.3735   12.7887
   -7.5000  -45.0000    7.5000 8466.6416   12.7156
    0.0000  -45.0000    7.5000 8581.3340   12.6863
    7.5000  -45.0000    7.5000 8148.5283   12.6867
   -7.5000  -37.5000    7.5000 8945.1494   13.5425
    0.0000  -37.5000    7.5000 9066.6914   13.5144
    7.5000  -37.5000    7.5000 8613.8691   13.5070
   -7.5000  -30.0000    7.5000 9531.5361   13.8827
    0.0000  -30.0000    7.5000 9638.0508   13.8573
    7.5000  -30.0000    7.5000 9175.0928   13.8407
   -7.5000  -22.5000    7.500010302.1699   13.8555
    0.0000  -22.5000    7.500010518.4121   13.8304
    7.5000  -22.5000    7.5000 9949.6816   13.8127
   -7.5000  -15.0000    7.500010972.6494   13.8355
    0.0000  -15.0000    7.500011245.6309   13.8069
    7.5000  -15.0000    7.500010572.5449   13.7974
   -7.5000   -7.5000    7.500011068.7646   13.8428
    0.0000   -7.5000    7.500011249.7490   13.8111
    7.5000   -7.5000    7.500010595.9209   13.8099
   -7.5000    0.0000    7.500011055.1230   13.8690
    0.0000    0.0000    7.500011177.8350   13.8371
    7.5000    0.0000    7.500010581.5342   13.8374
   -7.5000    7.5000    7.500010472.3477   13.8838
    0.0000    7.5000    7.500010587.9111   13.8549
    7.5000    7.5000    7.500010005.5293   13.8474
   -7.5000   15.0000    7.500010205.3896   13.8778
    0.0000   15.0000    7.500010328.8252   13.8524
    7.5000   15.0000    7.5000 9717.5732   13.8358
   -7.5000   22.5000    7.5000 9321.5762   13.6762
    0.0000   22.5000    7.5000 9447.8027   13.6514
    7.5000   22.5000    7.5000 8887.9746   13.6340
   -7.5000   30.0000    7.5000 8479.8916   13.3323
    0.0000   30.0000    7.5000 8617.2666   13.3047
    7.5000   30.0000    7.5000 8114.4585   13.2956
   -7.5000   37.5000    7.5000 7672.4272   12.9503
    0.0000   37.5000    7.5000 7793.3770   12.9206
    7.5000   37.5000    7.5000 7340.4585   12.9195
   -7.5000   45.0000    7.5000 6907.3276   12.8088
    0.0000   45.0000    7.5000 7010.1851   12.7811
    7.5000   45.0000    7.5000 6614.7383   12.7824
   -7.5000  -45.0000   15.0000 8488.8633   12.7428
    0.0000  -45.0000   15.0000 8599.3750   12.7123
    7.5000  -45.0000   15.0000 8188.7798   12.7038
   -7.5000  -37.5000   15.0000 8984.4395   13.5800
    0.0000  -37.5000   15.0000 9054.1182   13.5528
    7.5000  -37.5000   15.0000 8659.0244   13.5379
   -7.5000  -30.0000   15.0000 9595.2236   13.9237
    0.0000  -30.0000   15.0000 9660.0615   13.9000
    7.5000  -30.0000   15.0000 9240.5225   13.8759
   -7.5000  -22.5000   15.000010391.5830   13.8898
    0.0000  -22.5000   15.000010634.3535   13.8651
    7.5000  -22.5000   15.000010012.5576   13.8385
   -7.5000  -15.0000   15.000011127.3594   13.8605
    0.0000  -15.0000   15.000011472.6006   13.8308
    7.5000  -15.0000   15.000010689.3750   13.8105
   -7.5000   -7.5000   15.000011269.7549   13.8658
    0.0000   -7.5000   15.000011559.2812   13.8321
    7.5000   -7.5000   15.000010755.7031   13.8197
   -7.5000    0.0000   15.000011195.6211   13.8986
    0.0000    0.0000   15.000011386.3896   13.8654
    7.5000    0.0000   15.000010695.1494   13.8561
   -7.5000    7.5000   15.000010502.7744   13.9222
    0.0000    7.5000   15.000010652.3320   13.8943
    7.5000    7.5000   15.000010038.0342   13.8791
   -7.5000   15.0000   15.000010151.3906   13.9188
    0.0000   15.0000   15.000010284.8496   13.8950
    7.5000   15.0000   15.0000 9694.9229   13.8709
   -7.5000   22.5000   15.0000 9280.2979   13.7100
    0.0000   22.5000   15.0000 9393.4814   13.6857
    7.5000   22.5000   15.0000 8868.8975   13.6594
   -7.5000   30.0000   15.0000 8472.0254   13.3564
    0.0000   30.0000   15.0000 8577.3525   13.3277
    7.5000   30.0000   15.0000 8106.1567   13.3082
   -7.5000   37.5000   15.0000 7669.7637   12.9717
    0.0000   37.5000   15.0000 7774.3877   12.9402
    7.5000   37.5000   15.0000 7352.4185   12.9286
   -7.5000   45.0000   15.0000 6900.5679   12.8346
    0.0000   45.0000   15.0000 6994.7808   12.8074
    7.5000   45.0000   15.0000 6616.7969   12.8012
   -7.5000  -45.0000   22.5000 8067.1709   12.8578
    0.0000  -45.0000   22.5000 8188.2983   12.8271
    7.5000  -45.0000   22.5000 7773.7871   12.8150
   -7.5000  -37.5000   22.5000 8560.0137   13.7052
    0.0000  -37.5000   22.5000 8664.1504   13.6798
    7.5000  -37.5000   22.5000 8243.8418   13.6628
   -7.5000  -30.0000   22.5000 9148.0977   14.0546
    0.0000  -30.0000   22.5000 9285.0479   14.0322
    7.5000  -30.0000   22.5000 8801.2783   14.0047
   -7.5000  -22.5000   22.5000 9863.0117   14.0203
    0.0000  -22.5000   22.500010069.6025   13.9946
    7.5000  -22.5000   22.5000 9484.8604   13.9618
   -7.5000  -15.0000   22.500010521.6260   13.9880
    0.0000  -15.0000   22.500010727.5850   13.9553
    7.5000  -15.0000   22.500010071.5234   13.9273
   -7.5000   -7.5000   22.500010661.1328   13.9907
    0.0000   -7.5000   22.500010875.5234   13.9542
    7.5000   -7.5000   22.500010184.3662   13.9352
   -7.5000    0.0000   22.500010618.7285   14.0240
    0.0000    0.0000   22.500010810.1543   13.9906
    7.5000    0.0000   22.500010183.6230   13.9773
   -7.5000    7.5000   22.5000 9938.1650   14.0505
    0.0000    7.5000   22.500010095.5938   14.0246
    7.5000    7.5000   22.5000 9559.6875   14.0071
   -7.5000   15.0000   22.5000 9601.6729   14.0496
    0.0000   15.0000   22.5000 9710.2451   14.0273
    7.5000   15.0000   22.5000 9204.0928   13.9998
   -7.5000   22.5000   22.5000 8788.6426   13.8388
    0.0000   22.5000   22.5000 8871.8486   13.8135
    7.5000   22.5000   22.5000 8423.4238   13.7811
   -7.5000   30.0000   22.5000 8052.4897   13.4793
    0.0000   30.0000   22.5000 8128.4951   13.4478
    7.5000   30.0000   22.5000 7712.5132   13.4208
   -7.5000   37.5000   22.5000 7285.1294   13.0886
    0.0000   37.5000   22.5000 7360.6338   13.0545
    7.5000   37.5000   22.5000 6992.5605   13.0367
   -7.5000   45.0000   22.5000 6530.9951   12.9519
    0.0000   45.0000   22.5000 6577.6338   12.9245
    7.5000   45.0000   22.5000 6260.1021   12.9146
   -7.5000  -45.0000   30.0000 7579.8384   12.9970
    0.0000  -45.0000   30.0000 7697.6318   12.9692
    7.5000  -45.0000   30.0000 7294.6187   12.9654
   -7.5000  -37.5000   30.0000 8052.3325   13.8545
    0.0000  -37.5000   30.0000 8165.1895   13.8320
    7.5000  -37.5000   30.0000 7751.1602   13.8231
   -7.5000  -30.0000   30.0000 8589.2783   14.2104
    0.0000  -30.0000   30.0000 8721.3389   14.1888
    7.5000  -30.0000   30.0000 8294.2627   14.1674
   -7.5000  -22.5000   30.0000 9227.0322   14.1816
    0.0000  -22.5000   30.0000 9340.7949   14.1549
    7.5000  -22.5000   30.0000 8905.2354   14.1261
   -7.5000  -15.0000   30.0000 9811.6484   14.1542
    0.0000  -15.0000   30.0000 9909.1777   14.1205
    7.5000  -15.0000   30.0000 9437.4541   14.0971
   -7.5000   -7.5000   30.0000 9934.4717   14.1562
    0.0000   -7.5000   30.000010036.2920   14.1206
    7.5000   -7.5000   30.0000 9554.8770   14.1086
   -7.5000    0.0000   30.0000 9948.7568   14.1844
    0.0000    0.0000   30.000010044.6992   14.1541
    7.5000    0.0000   30.0000 9585.2344   14.1499
   -7.5000    7.5000   30.0000 9356.5898   14.2061
    0.0000    7.5000   30.0000 9453.6396   14.1830
    7.5000    7.5000   30.0000 9038.7939   14.1739
   -7.5000   15.0000   30.0000 9023.4092   14.2053
    0.0000   15.0000   30.0000 9085.5527   14.1838
    7.5000   15.0000   30.0000 8681.7256   14.1623
   -7.5000   22.5000   30.0000 8288.8750   13.9968
    0.0000   22.5000   30.0000 8350.9326   13.9705
    7.5000   22.5000   30.0000 7965.5010   13.9421
   -7.5000   30.0000   30.0000 7583.5991   13.6456
    0.0000   30.0000   30.0000 7650.5273   13.6132
    7.5000   30.0000   30.0000 7291.4458   13.5907
   -7.5000   37.5000   30.0000 6834.8521   13.2558
    0.0000   37.5000   30.0000 6902.1978   13.2225
    7.5000   37.5000   30.0000 6576.9902   13.2113
   -7.5000   45.0000   30.0000 6108.9961   13.1206
    0.0000   45.0000   30.0000 6160.2090   13.0942
    7.5000   45.0000   30.0000 5868.1763   13.0912
   -7.5000  -45.0000   37.5000 7102.9287   13.0553
    0.0000  -45.0000   37.5000 7206.3130   13.0280
    7.5000  -45.0000   37.5000 6849.9067   13.0312
   -7.5000  -37.5000   37.5000 7547.8315   13.9157
    0.0000  -37.5000   37.5000 7658.6279   13.8926
    7.5000  -37.5000   37.5000 7278.7007   13.8898
   -7.5000  -30.0000   37.5000 8041.2837   14.2624
    0.0000  -30.0000   37.5000 8155.5474   14.2402
    7.5000  -30.0000   37.5000 7774.0713   14.2251
   -7.5000  -22.5000   37.5000 8603.4492   14.2362
    0.0000  -22.5000   37.5000 8693.5508   14.2100
    7.5000  -22.5000   37.5000 8315.6992   14.1892
   -7.5000  -15.0000   37.5000 9130.3516   14.2129
    0.0000  -15.0000   37.5000 9211.8477   14.1806
    7.5000  -15.0000   37.5000 8814.3115   14.1664
   -7.5000   -7.5000   37.5000 9239.5596   14.2166
    0.0000   -7.5000   37.5000 9335.3867   14.1823
    7.5000   -7.5000   37.5000 8921.5732   14.1793
   -7.5000    0.0000   37.5000 9266.8193   14.2425
    0.0000    0.0000   37.5000 9372.5176   14.2128
    7.5000    0.0000   37.5000 8961.8828   14.2162
   -7.5000    7.5000   37.5000 8757.9443   14.2600
    0.0000    7.5000   37.5000 8834.8350   14.2363
    7.5000    7.5000   37.5000 8456.9336   14.2335
   -7.5000   15.0000   37.5000 8459.9551   14.2572
    0.0000   15.0000   37.5000 8527.4912   14.2350
    7.5000   15.0000   37.5000 8147.8535   14.2200
   -7.5000   22.5000   37.5000 7768.7246   14.0482
    0.0000   22.5000   37.5000 7836.5942   14.0225
    7.5000   22.5000   37.5000 7473.2827   14.0019
   -7.5000   30.0000   37.5000 7096.8096   13.7022
    0.0000   30.0000   37.5000 7170.8247   13.6710
    7.5000   30.0000   37.5000 6835.3496   13.6573
   -7.5000   37.5000   37.5000 6389.3579   13.3124
    0.0000   37.5000   37.5000 6452.7266   13.2803
    7.5000   37.5000   37.5000 6145.4751   13.2775
   -7.5000   45.0000   37.5000 5695.9341   13.1695
    0.0000   45.0000   37.5000 5746.1387   13.1424
    7.5000   45.0000   37.5000 5479.7202   13.1453
   -7.5000  -45.0000   45.0000 6606.2231   13.1532
    0.0000  -45.0000   45.0000 6721.0581   13.1245
    7.5000  -45.0000   45.0000 6381.8506   13.1307
   -7.5000  -37.5000   45.0000 7023.8740   14.0156
    0.0000  -37.5000   45.0000 7143.7900   13.9884
    7.5000  -37.5000   45.0000 6782.5054   13.9874
   -7.5000  -30.0000   45.0000 7484.2446   14.3455
    0.0000  -30.0000   45.0000 7604.6958   14.3194
    7.5000  -30.0000   45.0000 7238.9160   14.3065
   -7.5000  -22.5000   45.0000 8005.9526   14.3192
    0.0000  -22.5000   45.0000 8115.9390   14.2916
    7.5000  -22.5000   45.0000 7743.8608   14.2745
   -7.5000  -15.0000   45.0000 8480.3691   14.3020
    0.0000  -15.0000   45.0000 8576.1045   14.2704
    7.5000  -15.0000   45.0000 8194.7451   14.2614
   -7.5000   -7.5000   45.0000 8570.9717   14.3114
    0.0000   -7.5000   45.0000 8657.9180   14.2781
    7.5000   -7.5000   45.0000 8278.9775   14.2801
   -7.5000    0.0000   45.0000 8603.0137   14.3370
    0.0000    0.0000   45.0000 8694.4336   14.3057
    7.5000    0.0000   45.0000 8300.8096   14.3123
   -7.5000    7.5000   45.0000 8156.7192   14.3486
    0.0000    7.5000   45.0000 8218.1279   14.3207
    7.5000    7.5000   45.0000 7854.7324   14.3197
   -7.5000   15.0000   45.0000 7889.6533   14.3401
    0.0000   15.0000   45.0000 7962.7720   14.3141
    7.5000   15.0000   45.0000 7598.1343   14.3012
   -7.5000   22.5000   45.0000 7259.0869   14.1283
    0.0000   22.5000   45.0000 7327.5078   14.1011
    7.5000   22.5000   45.0000 6985.3608   14.0842
   -7.5000   30.0000   45.0000 6616.5923   13.7867
    0.0000   30.0000   45.0000 6690.6816   13.7562
    7.5000   30.0000   45.0000 6381.8262   13.7475
   -7.5000   37.5000   45.0000 5936.7456   13.3974
    0.0000   37.5000   45.0000 6013.5176   13.3662
    7.5000   37.5000   45.0000 5730.1865   13.3681
   -7.5000   45.0000   45.0000 5290.7983   13.2386
    0.0000   45.0000   45.0000 5347.4136   13.2103
    7.5000   45.0000   45.0000 5103.1753   13.2170

---------------------------------------------------------------------
imgreg_4dfp /opt/freesurfer/average/711-2C_as_mni_average_305 /opt/freesurfer/average/711-2B_as_mni_average_305_mask talsrcimg_g11 none talsrcimg_to_711-2C_as_mni_average_305_t4 4355
---------------------------------------------------------------------

freesurfer imgreg_4dfp.c
/opt/freesurfer/average/711-2C_as_mni_average_305.4dfp.img
       256       256       256         1
  1.000000  1.000000  1.000000
orientation T byte_order littleendian
Reading image: /opt/freesurfer/average/711-2C_as_mni_average_305.4dfp.img
dimensions:      256       256       256
mmppix:       1.0000   -1.0000   -1.0000
center:     128.0000 -129.0000 -129.0000
/opt/freesurfer/average/711-2B_as_mni_average_305_mask.4dfp.img
       256       256       256         1
  1.000000  1.000000  1.000000
orientation T byte_order littleendian
Reading mask: /opt/freesurfer/average/711-2B_as_mni_average_305_mask.4dfp.img (2306576 pixels)
talsrcimg_g11.4dfp.img
       256       256       256         1
  0.898437  0.898437  0.898437
orientation T byte_order littleendian
Reading image: talsrcimg_g11.4dfp.img
dimensions:      256       256       256
mmppix:       0.8984   -0.8984   -0.8984
center:     114.9999 -115.8984 -115.8984
rotation matrix determinant  1.000000
image alignment mode   4355 decimal     1103 hex
   -7.5000  -52.5000  -30.0000 2100.8811   13.1041
    0.0000  -52.5000  -30.0000 2121.2214   13.0134
    7.5000  -52.5000  -30.0000 2116.0618   13.0590
   -7.5000  -45.0000  -30.0000 2235.5654   12.1278
    0.0000  -45.0000  -30.0000 2255.7378   12.0328
    7.5000  -45.0000  -30.0000 2250.7903   12.0810
   -7.5000  -37.5000  -30.0000 2317.3306   11.2860
    0.0000  -37.5000  -30.0000 2338.5754   11.1634
    7.5000  -37.5000  -30.0000 2330.2231   11.2117
   -7.5000  -30.0000  -30.0000 2364.5435   10.6345
    0.0000  -30.0000  -30.0000 2393.6692   10.4990
    7.5000  -30.0000  -30.0000 2379.4849   10.5219
   -7.5000  -22.5000  -30.0000 2393.6592   10.2060
    0.0000  -22.5000  -30.0000 2424.9705   10.0870
    7.5000  -22.5000  -30.0000 2408.9106   10.1220
   -7.5000  -15.0000  -30.0000 2407.4329   10.0170
    0.0000  -15.0000  -30.0000 2439.4839    9.8946
    7.5000  -15.0000  -30.0000 2426.5371    9.9562
   -7.5000   -7.5000  -30.0000 2406.1521   10.0731
    0.0000   -7.5000  -30.0000 2434.5044    9.9291
    7.5000   -7.5000  -30.0000 2423.6838    9.9926
   -7.5000    0.0000  -30.0000 2383.4429   10.3070
    0.0000    0.0000  -30.0000 2420.1021   10.1404
    7.5000    0.0000  -30.0000 2404.0698   10.2166
   -7.5000    7.5000  -30.0000 2343.3411   10.7546
    0.0000    7.5000  -30.0000 2375.7986   10.5810
    7.5000    7.5000  -30.0000 2365.8696   10.6532
   -7.5000   15.0000  -30.0000 2278.5676   11.3906
    0.0000   15.0000  -30.0000 2313.9866   11.2241
    7.5000   15.0000  -30.0000 2299.6609   11.2719
   -7.5000   22.5000  -30.0000 2190.6582   12.2671
    0.0000   22.5000  -30.0000 2225.2529   12.1084
    7.5000   22.5000  -30.0000 2212.7593   12.1433
   -7.5000   30.0000  -30.0000 2084.3899   13.4706
    0.0000   30.0000  -30.0000 2117.1414   13.2788
    7.5000   30.0000  -30.0000 2101.8296   13.3125
   -7.5000   37.5000  -30.0000 1942.4779   14.9987
    0.0000   37.5000  -30.0000 1969.8284   14.7700
    7.5000   37.5000  -30.0000 1956.2294   14.7767
   -7.5000  -52.5000  -22.5000 2220.6338   12.6513
    0.0000  -52.5000  -22.5000 2241.5928   12.5286
    7.5000  -52.5000  -22.5000 2228.9797   12.5874
   -7.5000  -45.0000  -22.5000 2359.2085   11.6697
    0.0000  -45.0000  -22.5000 2380.7656   11.5434
    7.5000  -45.0000  -22.5000 2368.3691   11.6025
   -7.5000  -37.5000  -22.5000 2447.2778   10.8448
    0.0000  -37.5000  -22.5000 2467.7151   10.7229
    7.5000  -37.5000  -22.5000 2452.6655   10.7546
   -7.5000  -30.0000  -22.5000 2493.2671   10.2063
    0.0000  -30.0000  -22.5000 2522.3977   10.0765
    7.5000  -30.0000  -22.5000 2511.8767   10.1285
   -7.5000  -22.5000  -22.5000 2535.5757    9.8026
    0.0000  -22.5000  -22.5000 2573.5618    9.6557
    7.5000  -22.5000  -22.5000 2555.5073    9.7057
   -7.5000  -15.0000  -22.5000 2561.3035    9.6125
    0.0000  -15.0000  -22.5000 2597.5696    9.4615
    7.5000  -15.0000  -22.5000 2577.6458    9.5292
   -7.5000   -7.5000  -22.5000 2563.2695    9.6428
    0.0000   -7.5000  -22.5000 2597.2705    9.4979
    7.5000   -7.5000  -22.5000 2586.3606    9.5724
   -7.5000    0.0000  -22.5000 2537.6143    9.8713
    0.0000    0.0000  -22.5000 2577.9167    9.7286
    7.5000    0.0000  -22.5000 2560.6423    9.8053
   -7.5000    7.5000  -22.5000 2489.7344   10.3309
    0.0000    7.5000  -22.5000 2532.9690   10.1659
    7.5000    7.5000  -22.5000 2513.9910   10.2396
   -7.5000   15.0000  -22.5000 2414.9268   10.9586
    0.0000   15.0000  -22.5000 2452.5583   10.8080
    7.5000   15.0000  -22.5000 2440.3972   10.8583
   -7.5000   22.5000  -22.5000 2316.4102   11.7931
    0.0000   22.5000  -22.5000 2353.0605   11.6454
    7.5000   22.5000  -22.5000 2338.2170   11.6959
   -7.5000   30.0000  -22.5000 2202.6296   12.9294
    0.0000   30.0000  -22.5000 2234.5967   12.7659
    7.5000   30.0000  -22.5000 2222.5203   12.8052
   -7.5000   37.5000  -22.5000 2050.1252   14.3884
    0.0000   37.5000  -22.5000 2084.2781   14.1957
    7.5000   37.5000  -22.5000 2074.8682   14.2112
   -7.5000  -52.5000  -15.0000 2302.8184   12.1215
    0.0000  -52.5000  -15.0000 2324.1599   11.9710
    7.5000  -52.5000  -15.0000 2308.5129   12.0536
   -7.5000  -45.0000  -15.0000 2440.9736   11.1513
    0.0000  -45.0000  -15.0000 2464.4988   11.0011
    7.5000  -45.0000  -15.0000 2449.1897   11.0789
   -7.5000  -37.5000  -15.0000 2535.4255   10.3641
    0.0000  -37.5000  -15.0000 2562.5205   10.1997
    7.5000  -37.5000  -15.0000 2544.9080   10.2750
   -7.5000  -30.0000  -15.0000 2591.6870    9.7405
    0.0000  -30.0000  -15.0000 2626.5420    9.6002
    7.5000  -30.0000  -15.0000 2613.9915    9.6706
   -7.5000  -22.5000  -15.0000 2648.4180    9.3306
    0.0000  -22.5000  -15.0000 2685.7458    9.1876
    7.5000  -22.5000  -15.0000 2669.3008    9.2383
   -7.5000  -15.0000  -15.0000 2688.0486    9.1546
    0.0000  -15.0000  -15.0000 2730.4321    8.9921
    7.5000  -15.0000  -15.0000 2704.0798    9.0593
   -7.5000   -7.5000  -15.0000 2696.9060    9.1700
    0.0000   -7.5000  -15.0000 2738.8799    9.0162
    7.5000   -7.5000  -15.0000 2717.5337    9.0886
   -7.5000    0.0000  -15.0000 2667.8381    9.4067
    0.0000    0.0000  -15.0000 2716.3599    9.2680
    7.5000    0.0000  -15.0000 2692.4097    9.3431
   -7.5000    7.5000  -15.0000 2617.5942    9.8453
    0.0000    7.5000  -15.0000 2664.0388    9.6935
    7.5000    7.5000  -15.0000 2636.8918    9.7732
   -7.5000   15.0000  -15.0000 2530.1479   10.4817
    0.0000   15.0000  -15.0000 2574.9739   10.3095
    7.5000   15.0000  -15.0000 2555.9028   10.3661
   -7.5000   22.5000  -15.0000 2422.8835   11.2869
    0.0000   22.5000  -15.0000 2455.3586   11.1233
    7.5000   22.5000  -15.0000 2444.4001   11.1700
   -7.5000   30.0000  -15.0000 2292.4697   12.3996
    0.0000   30.0000  -15.0000 2323.7085   12.2235
    7.5000   30.0000  -15.0000 2312.2375   12.2847
   -7.5000   37.5000  -15.0000 2133.3528   13.7792
    0.0000   37.5000  -15.0000 2166.1025   13.5908
    7.5000   37.5000  -15.0000 2156.5635   13.6480
   -7.5000  -52.5000   -7.5000 2339.1067   11.5593
    0.0000  -52.5000   -7.5000 2363.2419   11.4059
    7.5000  -52.5000   -7.5000 2342.5603   11.5207
   -7.5000  -45.0000   -7.5000 2482.2927   10.5845
    0.0000  -45.0000   -7.5000 2508.6477   10.4464
    7.5000  -45.0000   -7.5000 2491.0864   10.5498
   -7.5000  -37.5000   -7.5000 2586.1213    9.8012
    0.0000  -37.5000   -7.5000 2617.6152    9.6730
    7.5000  -37.5000   -7.5000 2596.8381    9.7414
   -7.5000  -30.0000   -7.5000 2658.4363    9.2127
    0.0000  -30.0000   -7.5000 2695.0444    9.0780
    7.5000  -30.0000   -7.5000 2680.3064    9.1451
   -7.5000  -22.5000   -7.5000 2722.1404    8.8158
    0.0000  -22.5000   -7.5000 2764.9829    8.6890
    7.5000  -22.5000   -7.5000 2744.2898    8.7482
   -7.5000  -15.0000   -7.5000 2771.3733    8.6255
    0.0000  -15.0000   -7.5000 2819.0266    8.4812
    7.5000  -15.0000   -7.5000 2795.2461    8.5481
   -7.5000   -7.5000   -7.5000 2788.8491    8.6413
    0.0000   -7.5000   -7.5000 2833.2607    8.5025
    7.5000   -7.5000   -7.5000 2810.1660    8.5795
   -7.5000    0.0000   -7.5000 2759.6868    8.8934
    0.0000    0.0000   -7.5000 2811.4666    8.7464
    7.5000    0.0000   -7.5000 2783.7051    8.8270
   -7.5000    7.5000   -7.5000 2701.4451    9.3441
    0.0000    7.5000   -7.5000 2750.9602    9.1783
    7.5000    7.5000   -7.5000 2722.7871    9.2639
   -7.5000   15.0000   -7.5000 2607.2358    9.9612
    0.0000   15.0000   -7.5000 2647.2295    9.7956
    7.5000   15.0000   -7.5000 2630.3713    9.8617
   -7.5000   22.5000   -7.5000 2485.7688   10.7668
    0.0000   22.5000   -7.5000 2522.6528   10.5965
    7.5000   22.5000   -7.5000 2509.3293   10.6536
   -7.5000   30.0000   -7.5000 2348.8403   11.8488
    0.0000   30.0000   -7.5000 2385.4480   11.6675
    7.5000   30.0000   -7.5000 2367.2317   11.7416
   -7.5000   37.5000   -7.5000 2181.9438   13.1713
    0.0000   37.5000   -7.5000 2214.0549   12.9779
    7.5000   37.5000   -7.5000 2203.6804   13.0472
   -7.5000  -52.5000    0.0000 2369.9968   11.2914
    0.0000  -52.5000    0.0000 2394.0413   11.1357
    7.5000  -52.5000    0.0000 2375.6094   11.2910
   -7.5000  -45.0000    0.0000 2515.3879   10.3108
    0.0000  -45.0000    0.0000 2538.7512   10.1340
    7.5000  -45.0000    0.0000 2520.5454   10.2683
   -7.5000  -37.5000    0.0000 2627.6853    9.4748
    0.0000  -37.5000    0.0000 2661.2910    9.3310
    7.5000  -37.5000    0.0000 2640.1143    9.4314
   -7.5000  -30.0000    0.0000 2719.4121    8.8813
    0.0000  -30.0000    0.0000 2754.4148    8.7454
    7.5000  -30.0000    0.0000 2739.0291    8.8115
   -7.5000  -22.5000    0.0000 2797.3042    8.5012
    0.0000  -22.5000    0.0000 2841.7197    8.3694
    7.5000  -22.5000    0.0000 2817.8674    8.4419
   -7.5000  -15.0000    0.0000 2853.7163    8.2950
    0.0000  -15.0000    0.0000 2914.0889    8.1627
    7.5000  -15.0000    0.0000 2879.6494    8.2487
   -7.5000   -7.5000    0.0000 2875.2998    8.2940
    0.0000   -7.5000    0.0000 2932.2412    8.1546
    7.5000   -7.5000    0.0000 2894.7417    8.2509
   -7.5000    0.0000    0.0000 2840.6714    8.5501
    0.0000    0.0000    0.0000 2893.6262    8.3982
    7.5000    0.0000    0.0000 2862.2283    8.5058
   -7.5000    7.5000    0.0000 2769.5942    9.0046
    0.0000    7.5000    0.0000 2820.4092    8.8311
    7.5000    7.5000    0.0000 2793.8149    8.9387
   -7.5000   15.0000    0.0000 2666.1423    9.6345
    0.0000   15.0000    0.0000 2709.1216    9.4582
    7.5000   15.0000    0.0000 2692.2834    9.5502
   -7.5000   22.5000    0.0000 2536.1189   10.4530
    0.0000   22.5000    0.0000 2580.0635   10.2713
    7.5000   22.5000    0.0000 2558.7041   10.3754
   -7.5000   30.0000    0.0000 2394.0464   11.5304
    0.0000   30.0000    0.0000 2436.2944   11.3332
    7.5000   30.0000    0.0000 2413.2563   11.4383
   -7.5000   37.5000    0.0000 2219.7522   12.8335
    0.0000   37.5000    0.0000 2258.8040   12.6077
    7.5000   37.5000    0.0000 2240.0208   12.7075
   -7.5000  -52.5000    7.5000 2375.8530   11.1016
    0.0000  -52.5000    7.5000 2399.3955   10.9342
    7.5000  -52.5000    7.5000 2382.8091   11.1102
   -7.5000  -45.0000    7.5000 2523.0439   10.1137
    0.0000  -45.0000    7.5000 2547.1243    9.9296
    7.5000  -45.0000    7.5000 2527.5298   10.0782
   -7.5000  -37.5000    7.5000 2639.0371    9.2429
    0.0000  -37.5000    7.5000 2671.6162    9.1025
    7.5000  -37.5000    7.5000 2651.7925    9.2137
   -7.5000  -30.0000    7.5000 2744.2290    8.6244
    0.0000  -30.0000    7.5000 2783.1033    8.4967
    7.5000  -30.0000    7.5000 2762.0352    8.5753
   -7.5000  -22.5000    7.5000 2843.8726    8.2614
    0.0000  -22.5000    7.5000 2892.4292    8.1439
    7.5000  -22.5000    7.5000 2863.5234    8.2212
   -7.5000  -15.0000    7.5000 2911.8657    8.1110
    0.0000  -15.0000    7.5000 2984.4451    8.0046
    7.5000  -15.0000    7.5000 2937.6553    8.0821
   -7.5000   -7.5000    7.5000 2934.0242    8.1071
    0.0000   -7.5000    7.5000 3007.5681    7.9731
    7.5000   -7.5000    7.5000 2952.7329    8.0900
   -7.5000    0.0000    7.5000 2885.8345    8.3283
    0.0000    0.0000    7.5000 2946.8318    8.1810
    7.5000    0.0000    7.5000 2909.3948    8.3002
   -7.5000    7.5000    7.5000 2804.8235    8.7338
    0.0000    7.5000    7.5000 2855.9324    8.5813
    7.5000    7.5000    7.5000 2829.4475    8.6810
   -7.5000   15.0000    7.5000 2695.6582    9.3316
    0.0000   15.0000    7.5000 2743.2341    9.1897
    7.5000   15.0000    7.5000 2719.1418    9.2660
   -7.5000   22.5000    7.5000 2558.8633   10.1580
    0.0000   22.5000    7.5000 2602.0479   10.0206
    7.5000   22.5000    7.5000 2581.4001   10.0921
   -7.5000   30.0000    7.5000 2409.0198   11.2362
    0.0000   30.0000    7.5000 2452.1526   11.0927
    7.5000   30.0000    7.5000 2432.5825   11.1498
   -7.5000   37.5000    7.5000 2235.9658   12.5055
    0.0000   37.5000    7.5000 2272.2764   12.3460
    7.5000   37.5000    7.5000 2255.8706   12.3961
   -7.5000  -52.5000   15.0000 2377.1084   11.0711
    0.0000  -52.5000   15.0000 2400.7842   10.8790
    7.5000  -52.5000   15.0000 2381.7219   11.0652
   -7.5000  -45.0000   15.0000 2519.8147   10.0592
    0.0000  -45.0000   15.0000 2549.5178    9.8587
    7.5000  -45.0000   15.0000 2526.4817   10.0492
   -7.5000  -37.5000   15.0000 2639.4929    9.2171
    0.0000  -37.5000   15.0000 2672.2837    9.0340
    7.5000  -37.5000   15.0000 2654.2192    9.1794
   -7.5000  -30.0000   15.0000 2750.9353    8.5998
    0.0000  -30.0000   15.0000 2791.6831    8.4370
    7.5000  -30.0000   15.0000 2772.1841    8.5480
   -7.5000  -22.5000   15.0000 2861.9958    8.2541
    0.0000  -22.5000   15.0000 2918.1528    8.1169
    7.5000  -22.5000   15.0000 2877.1914    8.1937
   -7.5000  -15.0000   15.0000 2941.2849    8.1061
    0.0000  -15.0000   15.0000 3016.5703    8.0422
    7.5000  -15.0000   15.0000 2954.3208    8.0582
   -7.5000   -7.5000   15.0000 2961.5627    8.1233
    0.0000   -7.5000   15.0000 3038.8704    8.0512
    7.5000   -7.5000   15.0000 2964.4988    8.0818
   -7.5000    0.0000   15.0000 2898.2944    8.3118
    0.0000    0.0000   15.0000 2961.7004    8.1961
    7.5000    0.0000   15.0000 2917.7844    8.2662
   -7.5000    7.5000   15.0000 2811.8423    8.6104
    0.0000    7.5000   15.0000 2863.7595    8.4999
    7.5000    7.5000   15.0000 2836.2366    8.5739
   -7.5000   15.0000   15.0000 2695.1711    9.1914
    0.0000   15.0000   15.0000 2742.5461    9.0649
    7.5000   15.0000   15.0000 2722.3696    9.1321
   -7.5000   22.5000   15.0000 2561.0371   10.0287
    0.0000   22.5000   15.0000 2599.3689    9.8932
    7.5000   22.5000   15.0000 2585.1357    9.9500
   -7.5000   30.0000   15.0000 2411.7122   11.1080
    0.0000   30.0000   15.0000 2445.7229   10.9635
    7.5000   30.0000   15.0000 2431.8162   11.0103
   -7.5000   37.5000   15.0000 2236.3098   12.3858
    0.0000   37.5000   15.0000 2269.4666   12.2067
    7.5000   37.5000   15.0000 2258.4294   12.2664
   -7.5000  -52.5000   22.5000 2374.2615   11.1941
    0.0000  -52.5000   22.5000 2401.2778   10.9852
    7.5000  -52.5000   22.5000 2375.6479   11.1843
   -7.5000  -45.0000   22.5000 2513.5435   10.2212
    0.0000  -45.0000   22.5000 2547.4790   10.0340
    7.5000  -45.0000   22.5000 2518.5349   10.1984
   -7.5000  -37.5000   22.5000 2630.6135    9.3928
    0.0000  -37.5000   22.5000 2664.6411    9.2134
    7.5000  -37.5000   22.5000 2641.8264    9.3575
   -7.5000  -30.0000   22.5000 2741.0281    8.7714
    0.0000  -30.0000   22.5000 2783.0278    8.6142
    7.5000  -30.0000   22.5000 2755.7539    8.7177
   -7.5000  -22.5000   22.5000 2848.9282    8.3896
    0.0000  -22.5000   22.5000 2901.5979    8.2831
    7.5000  -22.5000   22.5000 2861.0674    8.3285
   -7.5000  -15.0000   22.5000 2925.9509    8.1965
    0.0000  -15.0000   22.5000 2991.7876    8.0860
    7.5000  -15.0000   22.5000 2931.0461    8.1321
   -7.5000   -7.5000   22.5000 2944.4724    8.2331
    0.0000   -7.5000   22.5000 3011.5002    8.0918
    7.5000   -7.5000   22.5000 2943.0737    8.1721
   -7.5000    0.0000   22.5000 2881.8401    8.4376
    0.0000    0.0000   22.5000 2937.0496    8.3036
    7.5000    0.0000   22.5000 2895.6882    8.3721
   -7.5000    7.5000   22.5000 2786.7634    8.7426
    0.0000    7.5000   22.5000 2833.7966    8.6264
    7.5000    7.5000   22.5000 2809.8506    8.7066
   -7.5000   15.0000   22.5000 2669.3103    9.3170
    0.0000   15.0000   22.5000 2707.3940    9.1910
    7.5000   15.0000   22.5000 2688.6294    9.2773
   -7.5000   22.5000   22.5000 2534.5107   10.1347
    0.0000   22.5000   22.5000 2569.3589    9.9734
    7.5000   22.5000   22.5000 2557.6260   10.0447
   -7.5000   30.0000   22.5000 2395.0059   11.1818
    0.0000   30.0000   22.5000 2426.7615   11.0170
    7.5000   30.0000   22.5000 2416.6897   11.0617
   -7.5000   37.5000   22.5000 2219.9666   12.4281
    0.0000   37.5000   22.5000 2252.4888   12.2397
    7.5000   37.5000   22.5000 2248.0137   12.2773
   -7.5000  -52.5000   30.0000 2364.9360   11.4945
    0.0000  -52.5000   30.0000 2389.8892   11.3061
    7.5000  -52.5000   30.0000 2359.3916   11.4900
   -7.5000  -45.0000   30.0000 2499.4888   10.5309
    0.0000  -45.0000   30.0000 2532.3140   10.3475
    7.5000  -45.0000   30.0000 2500.2732   10.5132
   -7.5000  -37.5000   30.0000 2612.3062    9.7153
    0.0000  -37.5000   30.0000 2651.0667    9.5237
    7.5000  -37.5000   30.0000 2620.9846    9.6764
   -7.5000  -30.0000   30.0000 2719.4600    9.0894
    0.0000  -30.0000   30.0000 2761.2737    8.9159
    7.5000  -30.0000   30.0000 2733.6409    9.0548
   -7.5000  -22.5000   30.0000 2812.3955    8.6591
    0.0000  -22.5000   30.0000 2856.6914    8.5145
    7.5000  -22.5000   30.0000 2827.8921    8.6166
   -7.5000  -15.0000   30.0000 2876.2329    8.4511
    0.0000  -15.0000   30.0000 2935.5222    8.2668
    7.5000  -15.0000   30.0000 2887.6833    8.3883
   -7.5000   -7.5000   30.0000 2885.0110    8.4851
    0.0000   -7.5000   30.0000 2942.7837    8.3119
    7.5000   -7.5000   30.0000 2895.3142    8.4269
   -7.5000    0.0000   30.0000 2825.1697    8.7147
    0.0000    0.0000   30.0000 2875.7715    8.5535
    7.5000    0.0000   30.0000 2839.7112    8.6535
   -7.5000    7.5000   30.0000 2733.3374    9.0708
    0.0000    7.5000   30.0000 2779.1499    8.9084
    7.5000    7.5000   30.0000 2752.9106    9.0139
   -7.5000   15.0000   30.0000 2618.1689    9.6290
    0.0000   15.0000   30.0000 2653.1948    9.4692
    7.5000   15.0000   30.0000 2636.0488    9.5624
   -7.5000   22.5000   30.0000 2493.8823   10.3888
    0.0000   22.5000   30.0000 2528.0999   10.2281
    7.5000   22.5000   30.0000 2513.0476   10.3118
   -7.5000   30.0000   30.0000 2360.0459   11.3863
    0.0000   30.0000   30.0000 2393.5527   11.2215
    7.5000   30.0000   30.0000 2381.5989   11.3016
   -7.5000   37.5000   30.0000 2186.6353   12.6127
    0.0000   37.5000   30.0000 2216.7126   12.4239
    7.5000   37.5000   30.0000 2208.0664   12.4933
   -7.5000  -52.5000   37.5000 2336.1570   11.8834
    0.0000  -52.5000   37.5000 2363.4788   11.7186
    7.5000  -52.5000   37.5000 2330.6384   11.9069
   -7.5000  -45.0000   37.5000 2470.8052   10.9475
    0.0000  -45.0000   37.5000 2506.6196   10.7510
    7.5000  -45.0000   37.5000 2470.3904   10.9481
   -7.5000  -37.5000   37.5000 2582.0547   10.1374
    0.0000  -37.5000   37.5000 2623.4309    9.9464
    7.5000  -37.5000   37.5000 2586.7168   10.1222
   -7.5000  -30.0000   37.5000 2682.1750    9.4835
    0.0000  -30.0000   37.5000 2719.5117    9.3170
    7.5000  -30.0000   37.5000 2688.3127    9.4688
   -7.5000  -22.5000   37.5000 2760.4673    9.0551
    0.0000  -22.5000   37.5000 2801.0769    8.8676
    7.5000  -22.5000   37.5000 2769.0427    9.0165
   -7.5000  -15.0000   37.5000 2807.1323    8.8349
    0.0000  -15.0000   37.5000 2854.8928    8.6280
    7.5000  -15.0000   37.5000 2818.1284    8.7790
   -7.5000   -7.5000   37.5000 2805.1335    8.8499
    0.0000   -7.5000   37.5000 2852.6443    8.6785
    7.5000   -7.5000   37.5000 2816.1350    8.8039
   -7.5000    0.0000   37.5000 2744.6311    9.0772
    0.0000    0.0000   37.5000 2791.5034    8.9259
    7.5000    0.0000   37.5000 2761.8215    9.0366
   -7.5000    7.5000   37.5000 2660.6152    9.4657
    0.0000    7.5000   37.5000 2695.5122    9.2908
    7.5000    7.5000   37.5000 2675.8105    9.4032
   -7.5000   15.0000   37.5000 2557.6770   10.0475
    0.0000   15.0000   37.5000 2589.7830    9.8554
    7.5000   15.0000   37.5000 2570.4573    9.9517
   -7.5000   22.5000   37.5000 2438.4985   10.7846
    0.0000   22.5000   37.5000 2473.7192   10.6186
    7.5000   22.5000   37.5000 2456.7559   10.6998
   -7.5000   30.0000   37.5000 2309.6494   11.7577
    0.0000   30.0000   37.5000 2343.0220   11.5860
    7.5000   30.0000   37.5000 2332.5439   11.6717
   -7.5000   37.5000   37.5000 2136.7280   12.9824
    0.0000   37.5000   37.5000 2163.9121   12.7670
    7.5000   37.5000   37.5000 2152.7686   12.8551
   -7.5000  -52.5000   45.0000 2273.0898   12.3582
    0.0000  -52.5000   45.0000 2304.1003   12.1981
    7.5000  -52.5000   45.0000 2270.9639   12.4046
   -7.5000  -45.0000   45.0000 2403.2136   11.4176
    0.0000  -45.0000   45.0000 2441.1880   11.2251
    7.5000  -45.0000   45.0000 2408.4038   11.4246
   -7.5000  -37.5000   45.0000 2515.3455   10.5868
    0.0000  -37.5000   45.0000 2553.3533   10.4097
    7.5000  -37.5000   45.0000 2519.5212   10.5880
   -7.5000  -30.0000   45.0000 2607.3655    9.9228
    0.0000  -30.0000   45.0000 2646.9089    9.7572
    7.5000  -30.0000   45.0000 2613.2568    9.9248
   -7.5000  -22.5000   45.0000 2671.7925    9.4933
    0.0000  -22.5000   45.0000 2717.7214    9.3096
    7.5000  -22.5000   45.0000 2681.8455    9.4649
   -7.5000  -15.0000   45.0000 2707.8347    9.2648
    0.0000  -15.0000   45.0000 2751.0090    9.0777
    7.5000  -15.0000   45.0000 2715.6633    9.2378
   -7.5000   -7.5000   45.0000 2689.3252    9.2927
    0.0000   -7.5000   45.0000 2728.9482    9.1212
    7.5000   -7.5000   45.0000 2699.1633    9.2588
   -7.5000    0.0000   45.0000 2628.1782    9.5034
    0.0000    0.0000   45.0000 2669.0278    9.3375
    7.5000    0.0000   45.0000 2641.8152    9.4643
   -7.5000    7.5000   45.0000 2556.1565    9.8973
    0.0000    7.5000   45.0000 2584.3315    9.7041
    7.5000    7.5000   45.0000 2567.7886    9.8164
   -7.5000   15.0000   45.0000 2463.1475   10.4696
    0.0000   15.0000   45.0000 2495.7024   10.2854
    7.5000   15.0000   45.0000 2474.8381   10.3757
   -7.5000   22.5000   45.0000 2356.0667   11.2132
    0.0000   22.5000   45.0000 2386.2539   11.0566
    7.5000   22.5000   45.0000 2367.9365   11.1253
   -7.5000   30.0000   45.0000 2231.2695   12.1870
    0.0000   30.0000   45.0000 2261.0762   12.0298
    7.5000   30.0000   45.0000 2247.2739   12.0881
   -7.5000   37.5000   45.0000 2061.8584   13.3811
    0.0000   37.5000   45.0000 2090.7964   13.2195
    7.5000   37.5000   45.0000 2076.3242   13.2807
   -7.5000  -52.5000   52.5000 2187.9009   12.8517
    0.0000  -52.5000   52.5000 2221.2371   12.7176
    7.5000  -52.5000   52.5000 2190.8887   12.9043
   -7.5000  -45.0000   52.5000 2310.9229   11.9081
    0.0000  -45.0000   52.5000 2346.9675   11.7487
    7.5000  -45.0000   52.5000 2317.9238   11.9203
   -7.5000  -37.5000   52.5000 2412.5952   11.0739
    0.0000  -37.5000   52.5000 2446.0525   10.9236
    7.5000  -37.5000   52.5000 2419.4109   11.0750
   -7.5000  -30.0000   52.5000 2492.8899   10.4022
    0.0000  -30.0000   52.5000 2530.7488   10.2385
    7.5000  -30.0000   52.5000 2502.3638   10.3859
   -7.5000  -22.5000   52.5000 2548.1340    9.9605
    0.0000  -22.5000   52.5000 2591.3577    9.7901
    7.5000  -22.5000   52.5000 2557.9106    9.9361
   -7.5000  -15.0000   52.5000 2574.0491    9.7257
    0.0000  -15.0000   52.5000 2608.6428    9.5649
    7.5000  -15.0000   52.5000 2582.3115    9.6994
   -7.5000   -7.5000   52.5000 2551.0352    9.7501
    0.0000   -7.5000   52.5000 2587.3823    9.5948
    7.5000   -7.5000   52.5000 2561.4978    9.7175
   -7.5000    0.0000   52.5000 2496.4377    9.9452
    0.0000    0.0000   52.5000 2527.9919    9.8077
    7.5000    0.0000   52.5000 2510.0483    9.9108
   -7.5000    7.5000   52.5000 2426.3669   10.3216
    0.0000    7.5000   52.5000 2457.9336   10.1576
    7.5000    7.5000   52.5000 2440.0010   10.2678
   -7.5000   15.0000   52.5000 2344.2651   10.8660
    0.0000   15.0000   52.5000 2377.3140   10.7130
    7.5000   15.0000   52.5000 2360.5564   10.8070
   -7.5000   22.5000   52.5000 2247.0508   11.6188
    0.0000   22.5000   52.5000 2277.4148   11.4470
    7.5000   22.5000   52.5000 2259.5769   11.5202
   -7.5000   30.0000   52.5000 2124.7151   12.5844
    0.0000   30.0000   52.5000 2156.3384   12.4080
    7.5000   30.0000   52.5000 2137.3501   12.4837
   -7.5000   37.5000   52.5000 1966.7361   13.7813
    0.0000   37.5000   52.5000 1995.8099   13.6148
    7.5000   37.5000   52.5000 1981.2799   13.6714
   -7.5000  -52.5000   60.0000 2130.9680   13.7889
    0.0000  -52.5000   60.0000 2164.0103   13.6434
    7.5000  -52.5000   60.0000 2133.9658   13.8168
   -7.5000  -45.0000   60.0000 2244.0718   12.7863
    0.0000  -45.0000   60.0000 2279.2253   12.6398
    7.5000  -45.0000   60.0000 2256.3479   12.7916
   -7.5000  -37.5000   60.0000 2336.3599   11.9221
    0.0000  -37.5000   60.0000 2369.5837   11.7772
    7.5000  -37.5000   60.0000 2347.4944   11.9096
   -7.5000  -30.0000   60.0000 2406.7124   11.2222
    0.0000  -30.0000   60.0000 2443.7529   11.0704
    7.5000  -30.0000   60.0000 2419.6802   11.2075
   -7.5000  -22.5000   60.0000 2457.0938   10.7340
    0.0000  -22.5000   60.0000 2493.0620   10.5989
    7.5000  -22.5000   60.0000 2466.1963   10.7092
   -7.5000  -15.0000   60.0000 2473.4163   10.4966
    0.0000  -15.0000   60.0000 2501.9739   10.3601
    7.5000  -15.0000   60.0000 2482.6218   10.4645
   -7.5000   -7.5000   60.0000 2453.7864   10.4914
    0.0000   -7.5000   60.0000 2482.4507   10.3640
    7.5000   -7.5000   60.0000 2466.3538   10.4661
   -7.5000    0.0000   60.0000 2404.7798   10.7041
    0.0000    0.0000   60.0000 2435.7219   10.5583
    7.5000    0.0000   60.0000 2419.5027   10.6965
   -7.5000    7.5000   60.0000 2336.8335   11.0742
    0.0000    7.5000   60.0000 2370.6147   10.9154
    7.5000    7.5000   60.0000 2355.9485   11.0082
   -7.5000   15.0000   60.0000 2256.9023   11.5888
    0.0000   15.0000   60.0000 2289.7959   11.4404
    7.5000   15.0000   60.0000 2274.6646   11.5129
   -7.5000   22.5000   60.0000 2160.5347   12.3538
    0.0000   22.5000   60.0000 2188.1875   12.1838
    7.5000   22.5000   60.0000 2175.6853   12.2432
   -7.5000   30.0000   60.0000 2043.3097   13.3736
    0.0000   30.0000   60.0000 2072.3086   13.2208
    7.5000   30.0000   60.0000 2058.1978   13.2571
   -7.5000   37.5000   60.0000 1895.6504   14.6513
    0.0000   37.5000   60.0000 1924.1824   14.4689
    7.5000   37.5000   60.0000 1911.6104   14.5315

---------------------------------------------------------------------
imgreg_4dfp /opt/freesurfer/average/711-2C_as_mni_average_305 /opt/freesurfer/average/711-2B_as_mni_average_305_mask talsrcimg_g11 none talsrcimg_to_711-2C_as_mni_average_305_t4 1283
---------------------------------------------------------------------

freesurfer imgreg_4dfp.c
/opt/freesurfer/average/711-2C_as_mni_average_305.4dfp.img
       256       256       256         1
  1.000000  1.000000  1.000000
orientation T byte_order littleendian
Reading image: /opt/freesurfer/average/711-2C_as_mni_average_305.4dfp.img
dimensions:      256       256       256
mmppix:       1.0000   -1.0000   -1.0000
center:     128.0000 -129.0000 -129.0000
/opt/freesurfer/average/711-2B_as_mni_average_305_mask.4dfp.img
       256       256       256         1
  1.000000  1.000000  1.000000
orientation T byte_order littleendian
Reading mask: /opt/freesurfer/average/711-2B_as_mni_average_305_mask.4dfp.img (2306576 pixels)
talsrcimg_g11.4dfp.img
       256       256       256         1
  0.898437  0.898437  0.898437
orientation T byte_order littleendian
Reading image: talsrcimg_g11.4dfp.img
dimensions:      256       256       256
mmppix:       0.8984   -0.8984   -0.8984
center:     114.9999 -115.8984 -115.8984
rotation matrix determinant  1.000000
fimgreg.f
image alignment mode   1283 decimal      503 hex
parameters
    0.0000   -7.5000   15.0000    0.0000    0.0000    0.0000
eta,q 0.95210  8.06196
niter,ni,del,rscale     5    3   12.0000    1.2000
parameter  6  0.599667 ->  0.500000 qaram    1.1500
parameters
    0.0767  -10.3522   14.9753   -0.1027   -0.9374   -3.4500
eta,q 0.95652  8.03783
  0.0666  0.0498  0.0523  0.0518  0.0510  0.0453
  0.0568  0.0467  0.0489  0.0488  0.0476  0.0436
  0.0502  0.0459  0.0468  0.0467  0.0461  0.0441
  0.0481  0.0481  0.0460  0.0460  0.0460  0.0459
  0.0507  0.0541  0.0472  0.0469  0.0474  0.0482
  0.0570  0.0616  0.0493  0.0491  0.0507  0.0512
  0.0649  0.0683  0.0521  0.0522  0.0556  0.0548
niter,ni,del,rscale     5    3   12.0000    1.2000
parameters
    0.1009  -10.3855   15.3058   -0.5554   -0.8605   -3.2932
eta,q 0.95666  8.04111
  0.0640  0.0581  0.0523  0.0499  0.0524  0.0516
  0.0538  0.0498  0.0480  0.0458  0.0479  0.0477
  0.0464  0.0445  0.0448  0.0433  0.0448  0.0449
  0.0435  0.0435  0.0435  0.0435  0.0433  0.0433
  0.0470  0.0455  0.0445  0.0448  0.0441  0.0449
  0.0546  0.0508  0.0469  0.0477  0.0474  0.0475
  0.0628  0.0576  0.0505  0.0516  0.0522  0.0507
niter,ni,del,rscale     4    3   12.0000    1.2000
parameters
    0.0604  -10.2323   15.1853   -0.6922   -0.7933   -3.2917
eta,q 0.95672  8.04354
  0.0638  0.0587  0.0514  0.0506  0.0523  0.0512
  0.0535  0.0508  0.0470  0.0464  0.0478  0.0474
  0.0460  0.0449  0.0441  0.0434  0.0447  0.0447
  0.0433  0.0433  0.0434  0.0433  0.0433  0.0433
  0.0470  0.0452  0.0448  0.0445  0.0440  0.0450
  0.0550  0.0502  0.0478  0.0471  0.0474  0.0476
  0.0633  0.0567  0.0516  0.0509  0.0522  0.0509
niter,ni,del,rscale     3    3   12.0000    1.2000
parameters
    0.0272  -10.1597   15.1450   -0.7686   -0.7494   -3.3033
eta,q 0.95675  8.04467
  0.0640  0.0582  0.0516  0.0507  0.0522  0.0511
  0.0535  0.0504  0.0471  0.0465  0.0477  0.0474
  0.0460  0.0447  0.0442  0.0434  0.0446  0.0447
  0.0433  0.0433  0.0433  0.0433  0.0433  0.0433
  0.0470  0.0454  0.0447  0.0444  0.0440  0.0450
  0.0550  0.0505  0.0477  0.0469  0.0474  0.0476
  0.0633  0.0569  0.0515  0.0507  0.0522  0.0510
niter,ni,del,rscale     2    3   12.0000    1.2000
parameters
    0.0034  -10.1215   15.1263   -0.8122   -0.7214   -3.3138
eta,q 0.95677  8.04526
  0.0641  0.0580  0.0517  0.0507  0.0522  0.0511
  0.0536  0.0503  0.0472  0.0466  0.0476  0.0474
  0.0461  0.0446  0.0442  0.0434  0.0446  0.0447
  0.0432  0.0432  0.0433  0.0433  0.0432  0.0432
  0.0470  0.0455  0.0446  0.0443  0.0440  0.0450
  0.0550  0.0506  0.0476  0.0468  0.0474  0.0477
  0.0634  0.0569  0.0515  0.0506  0.0522  0.0510
registration optimization eta report
parameter search radius
    6.0000    6.0000    6.0000    6.0000    6.0000    6.9000
100000*second partial in parameter space
       55.       39.       23.       21.       25.       15.
  0.0641  0.0580  0.0517  0.0507  0.0522  0.0511
  0.0536  0.0503  0.0472  0.0466  0.0476  0.0474
  0.0461  0.0446  0.0442  0.0434  0.0446  0.0447
  0.0432  0.0432  0.0433  0.0433  0.0432  0.0432
  0.0470  0.0455  0.0446  0.0443  0.0440  0.0450
  0.0550  0.0506  0.0476  0.0468  0.0474  0.0477
  0.0634  0.0569  0.0515  0.0506  0.0522  0.0510
    0.0034  -10.1215   15.1263   -0.8122   -0.7214   -3.3138
eta,q 0.95677  8.04526

---------------------------------------------------------------------
imgreg_4dfp /opt/freesurfer/average/711-2C_as_mni_average_305 /opt/freesurfer/average/711-2B_as_mni_average_305_mask talsrcimg_g11 none talsrcimg_to_711-2C_as_mni_average_305_t4 3335
---------------------------------------------------------------------

freesurfer imgreg_4dfp.c
/opt/freesurfer/average/711-2C_as_mni_average_305.4dfp.img
       256       256       256         1
  1.000000  1.000000  1.000000
orientation T byte_order littleendian
Reading image: /opt/freesurfer/average/711-2C_as_mni_average_305.4dfp.img
dimensions:      256       256       256
mmppix:       1.0000   -1.0000   -1.0000
center:     128.0000 -129.0000 -129.0000
/opt/freesurfer/average/711-2B_as_mni_average_305_mask.4dfp.img
       256       256       256         1
  1.000000  1.000000  1.000000
orientation T byte_order littleendian
Reading mask: /opt/freesurfer/average/711-2B_as_mni_average_305_mask.4dfp.img (2306576 pixels)
talsrcimg_g11.4dfp.img
       256       256       256         1
  0.898437  0.898437  0.898437
orientation T byte_order littleendian
Reading image: talsrcimg_g11.4dfp.img
dimensions:      256       256       256
mmppix:       0.8984   -0.8984   -0.8984
center:     114.9999 -115.8984 -115.8984
fimgreg.f
image alignment mode   3335 decimal      D07 hex
parameters
    0.0034  -10.1215   15.1263   -0.1751   -0.1762   -0.0180
    5.7620    1.3388   -5.7800    1.3424   -1.2591   -1.4175
eta,q 0.95488  8.06040
niter,ni,del,rscale     5    3    5.0000    1.2000
parameter  4  0.928464 ->  0.500000 qaram    1.1500
parameter  5  2.213218 ->  0.500000 qaram    1.1500
parameter  6  0.963407 ->  0.500000 qaram    1.1500
parameter  9 -0.508977 -> -0.500000 qaram    1.1500
parameter 11  0.578514 ->  0.500000 qaram    1.1500
parameter 12  2.465179 ->  0.500000 qaram    1.1500
parameters
    0.0407   -9.5088   15.8194   -4.3151   -4.3162   -4.1580
    6.1828    0.7771   -1.6400   -1.9724   -5.3991   -5.5575
eta,q 0.96468  7.58066
  0.0485  0.0477  0.0465  0.0423  0.0378  0.0375  0.0403  0.0410  0.0411  0.0378  0.0368  0.0346
  0.0467  0.0465  0.0458  0.0429  0.0391  0.0378  0.0391  0.0392  0.0398  0.0370  0.0367  0.0351
  0.0455  0.0456  0.0453  0.0437  0.0409  0.0385  0.0383  0.0382  0.0387  0.0369  0.0368  0.0359
  0.0451  0.0451  0.0450  0.0449  0.0431  0.0396  0.0379  0.0379  0.0379  0.0375  0.0369  0.0367
  0.0454  0.0450  0.0449  0.0469  0.0456  0.0410  0.0380  0.0385  0.0375  0.0388  0.0372  0.0377
  0.0465  0.0453  0.0450  0.0499  0.0482  0.0429  0.0387  0.0399  0.0375  0.0408  0.0377  0.0388
  0.0483  0.0460  0.0454  0.0533  0.0514  0.0457  0.0399  0.0422  0.0379  0.0431  0.0383  0.0399
niter,ni,del,rscale     7    3    5.0000    1.2000
parameter  4  0.825108 ->  0.500000 qaram    1.3225
parameter  5  0.862480 ->  0.500000 qaram    1.3225
parameter 12  0.561868 ->  0.500000 qaram    1.3225
parameters
   -0.0087   -9.3884   16.6141   -9.0761   -9.0772   -6.9255
    5.6246    1.1538   -1.4364   -1.5553   -6.1659  -10.3185
eta,q 0.96917  7.06974
  0.0381  0.0380  0.0371  0.0336  0.0316  0.0326  0.0335  0.0360  0.0339  0.0345  0.0323  0.0311
  0.0366  0.0365  0.0363  0.0336  0.0316  0.0317  0.0322  0.0336  0.0325  0.0328  0.0317  0.0309
  0.0357  0.0357  0.0357  0.0343  0.0323  0.0313  0.0315  0.0320  0.0316  0.0317  0.0313  0.0309
  0.0353  0.0353  0.0353  0.0352  0.0338  0.0317  0.0313  0.0313  0.0313  0.0313  0.0313  0.0313
  0.0357  0.0355  0.0352  0.0363  0.0359  0.0326  0.0318  0.0317  0.0316  0.0315  0.0315  0.0319
  0.0367  0.0362  0.0353  0.0380  0.0387  0.0339  0.0328  0.0330  0.0324  0.0324  0.0320  0.0328
  0.0384  0.0375  0.0357  0.0409  0.0420  0.0355  0.0343  0.0352  0.0336  0.0338  0.0327  0.0339
niter,ni,del,rscale     7    3    5.0000    1.2000
parameters
   -0.1321   -8.9497   15.9440  -10.3971  -12.5737   -6.5942
    5.2863    1.0853   -0.9952    1.1808   -5.5218  -11.8306
eta,q 0.97022  6.88594
  0.0339  0.0342  0.0314  0.0332  0.0312  0.0334  0.0327  0.0344  0.0327  0.0340  0.0316  0.0312
  0.0321  0.0325  0.0309  0.0314  0.0305  0.0318  0.0312  0.0322  0.0314  0.0322  0.0307  0.0303
  0.0311  0.0314  0.0306  0.0305  0.0302  0.0307  0.0304  0.0307  0.0306  0.0310  0.0301  0.0298
  0.0308  0.0308  0.0307  0.0306  0.0304  0.0302  0.0302  0.0302  0.0302  0.0302  0.0299  0.0299
  0.0313  0.0308  0.0312  0.0316  0.0315  0.0306  0.0306  0.0308  0.0304  0.0299  0.0300  0.0303
  0.0326  0.0314  0.0320  0.0329  0.0335  0.0316  0.0317  0.0322  0.0311  0.0300  0.0304  0.0313
  0.0345  0.0324  0.0331  0.0345  0.0364  0.0328  0.0332  0.0346  0.0322  0.0307  0.0311  0.0323
niter,ni,del,rscale     6    3    5.0000    1.2000
parameters
   -0.2374   -8.1943   15.5446  -10.8266  -14.1721   -6.8640
    5.1448    0.9597   -1.1969    3.5373   -4.8826  -12.6927
eta,q 0.97092  6.80504
  0.0329  0.0333  0.0307  0.0331  0.0313  0.0324  0.0321  0.0335  0.0316  0.0329  0.0310  0.0308
  0.0311  0.0316  0.0299  0.0311  0.0300  0.0308  0.0306  0.0312  0.0304  0.0313  0.0301  0.0299
  0.0301  0.0305  0.0296  0.0298  0.0295  0.0298  0.0297  0.0298  0.0297  0.0302  0.0294  0.0292
  0.0298  0.0298  0.0296  0.0295  0.0295  0.0294  0.0294  0.0294  0.0294  0.0294  0.0291  0.0291
  0.0303  0.0296  0.0300  0.0304  0.0299  0.0300  0.0298  0.0300  0.0297  0.0291  0.0292  0.0296
  0.0315  0.0299  0.0307  0.0319  0.0312  0.0312  0.0308  0.0315  0.0306  0.0293  0.0297  0.0304
  0.0335  0.0306  0.0317  0.0334  0.0333  0.0326  0.0323  0.0337  0.0319  0.0302  0.0305  0.0315
niter,ni,del,rscale     5    3    5.0000    1.2000
parameters
   -0.2535   -7.3725   14.9978  -11.1954  -15.5473   -7.6152
    5.1087    0.9538   -1.7758    5.6179   -4.2605  -13.4667
eta,q 0.97169  6.72275
  0.0324  0.0327  0.0298  0.0326  0.0307  0.0313  0.0313  0.0328  0.0309  0.0323  0.0303  0.0301
  0.0306  0.0310  0.0291  0.0305  0.0294  0.0299  0.0298  0.0305  0.0296  0.0307  0.0293  0.0291
  0.0295  0.0298  0.0288  0.0291  0.0287  0.0289  0.0289  0.0290  0.0288  0.0294  0.0286  0.0285
  0.0291  0.0291  0.0288  0.0287  0.0287  0.0286  0.0286  0.0286  0.0286  0.0286  0.0283  0.0283
  0.0295  0.0288  0.0293  0.0296  0.0293  0.0294  0.0289  0.0292  0.0291  0.0283  0.0285  0.0288
  0.0306  0.0291  0.0302  0.0312  0.0304  0.0308  0.0299  0.0305  0.0301  0.0286  0.0290  0.0296
  0.0325  0.0298  0.0313  0.0328  0.0324  0.0323  0.0314  0.0327  0.0316  0.0297  0.0298  0.0307
niter,ni,del,rscale     4    3    5.0000    1.2000
parameters
   -0.2188   -6.6199   14.4441  -11.4455  -16.3812   -8.2465
    5.1337    1.0016   -2.2293    7.0811   -3.8389  -14.3053
eta,q 0.97218  6.67025
  0.0318  0.0321  0.0290  0.0321  0.0306  0.0307  0.0307  0.0322  0.0306  0.0317  0.0297  0.0296
  0.0299  0.0303  0.0283  0.0300  0.0291  0.0293  0.0292  0.0299  0.0291  0.0300  0.0287  0.0285
  0.0287  0.0291  0.0280  0.0285  0.0282  0.0283  0.0283  0.0284  0.0282  0.0287  0.0280  0.0279
  0.0283  0.0283  0.0281  0.0280  0.0280  0.0280  0.0280  0.0280  0.0280  0.0280  0.0278  0.0278
  0.0286  0.0281  0.0285  0.0288  0.0285  0.0286  0.0283  0.0285  0.0285  0.0279  0.0280  0.0282
  0.0298  0.0284  0.0293  0.0306  0.0297  0.0300  0.0292  0.0299  0.0296  0.0284  0.0285  0.0291
  0.0316  0.0292  0.0305  0.0323  0.0318  0.0316  0.0307  0.0321  0.0312  0.0296  0.0293  0.0302
niter,ni,del,rscale     3    3    5.0000    1.2000
parameters
   -0.1820   -6.1368   14.0213  -11.5571  -16.7543   -8.7123
    5.1345    1.0539   -2.4300    8.0145   -3.5813  -14.8546
eta,q 0.97236  6.64530
  0.0312  0.0312  0.0287  0.0321  0.0306  0.0304  0.0304  0.0320  0.0306  0.0312  0.0294  0.0295
  0.0294  0.0295  0.0280  0.0299  0.0290  0.0290  0.0289  0.0297  0.0290  0.0295  0.0284  0.0283
  0.0282  0.0284  0.0277  0.0283  0.0280  0.0280  0.0280  0.0282  0.0280  0.0283  0.0278  0.0277
  0.0278  0.0278  0.0277  0.0277  0.0277  0.0277  0.0277  0.0277  0.0277  0.0277  0.0276  0.0277
  0.0281  0.0278  0.0280  0.0284  0.0281  0.0281  0.0280  0.0282  0.0281  0.0278  0.0278  0.0280
  0.0292  0.0283  0.0287  0.0302  0.0292  0.0295  0.0290  0.0296  0.0292  0.0285  0.0283  0.0288
  0.0311  0.0292  0.0298  0.0321  0.0313  0.0311  0.0304  0.0318  0.0309  0.0298  0.0292  0.0298
niter,ni,del,rscale     2    3    5.0000    1.2000
parameters
   -0.1642   -5.8443   13.7418  -11.6011  -16.9775   -9.0601
    5.1265    1.0783   -2.5096    8.5780   -3.4021  -15.1634
eta,q 0.97242  6.63030
  0.0310  0.0306  0.0287  0.0321  0.0306  0.0304  0.0303  0.0319  0.0307  0.0308  0.0293  0.0295
  0.0292  0.0291  0.0280  0.0299  0.0290  0.0289  0.0288  0.0295  0.0290  0.0292  0.0284  0.0284
  0.0280  0.0281  0.0277  0.0283  0.0280  0.0280  0.0279  0.0281  0.0279  0.0281  0.0278  0.0277
  0.0276  0.0276  0.0276  0.0276  0.0276  0.0276  0.0276  0.0276  0.0276  0.0276  0.0276  0.0276
  0.0280  0.0277  0.0279  0.0283  0.0280  0.0280  0.0279  0.0281  0.0280  0.0278  0.0278  0.0279
  0.0291  0.0283  0.0284  0.0301  0.0290  0.0293  0.0289  0.0295  0.0291  0.0286  0.0283  0.0286
  0.0309  0.0294  0.0294  0.0320  0.0311  0.0309  0.0303  0.0318  0.0307  0.0299  0.0292  0.0296
niter,ni,del,rscale     1    3    5.0000    1.2000
parameters
   -0.1583   -5.6640   13.5630  -11.6178  -17.1046   -9.3031
    5.1277    1.0802   -2.5632    8.9318   -3.2969  -15.3369
eta,q 0.97244  6.62157
  0.0309  0.0303  0.0288  0.0321  0.0307  0.0304  0.0303  0.0318  0.0307  0.0306  0.0293  0.0295
  0.0291  0.0288  0.0280  0.0299  0.0291  0.0289  0.0288  0.0295  0.0289  0.0290  0.0283  0.0284
  0.0280  0.0279  0.0276  0.0283  0.0280  0.0279  0.0279  0.0280  0.0279  0.0280  0.0278  0.0277
  0.0276  0.0276  0.0276  0.0276  0.0276  0.0276  0.0276  0.0276  0.0276  0.0276  0.0276  0.0276
  0.0279  0.0278  0.0278  0.0282  0.0279  0.0279  0.0279  0.0281  0.0280  0.0278  0.0277  0.0279
  0.0291  0.0284  0.0283  0.0300  0.0290  0.0291  0.0288  0.0295  0.0291  0.0287  0.0283  0.0286
  0.0309  0.0295  0.0292  0.0320  0.0310  0.0308  0.0302  0.0318  0.0307  0.0301  0.0292  0.0296
registration optimization eta report
parameter search radius
    2.4000    2.4000    2.4000    9.5220    9.5220    8.2800
    7.2000    7.2000    8.2800    7.2000    8.2800    9.5220
100000*second partial in parameter space
       57.       41.       25.        5.        4.        4.
        5.        8.        5.        5.        2.        2.
  0.0309  0.0303  0.0288  0.0321  0.0307  0.0304  0.0303  0.0318  0.0307  0.0306  0.0293  0.0295
  0.0291  0.0288  0.0280  0.0299  0.0291  0.0289  0.0288  0.0295  0.0289  0.0290  0.0283  0.0284
  0.0280  0.0279  0.0276  0.0283  0.0280  0.0279  0.0279  0.0280  0.0279  0.0280  0.0278  0.0277
  0.0276  0.0276  0.0276  0.0276  0.0276  0.0276  0.0276  0.0276  0.0276  0.0276  0.0276  0.0276
  0.0279  0.0278  0.0278  0.0282  0.0279  0.0279  0.0279  0.0281  0.0280  0.0278  0.0277  0.0279
  0.0291  0.0284  0.0283  0.0300  0.0290  0.0291  0.0288  0.0295  0.0291  0.0287  0.0283  0.0286
  0.0309  0.0295  0.0292  0.0320  0.0310  0.0308  0.0302  0.0318  0.0307  0.0301  0.0292  0.0296
   -0.1583   -5.6640   13.5630  -11.6178  -17.1046   -9.3031
    5.1277    1.0802   -2.5632    8.9318   -3.2969  -15.3369
eta,q 0.97244  6.62157

---------------------------------------------------------------------
imgreg_4dfp /opt/freesurfer/average/711-2C_as_mni_average_305 /opt/freesurfer/average/711-2B_as_mni_average_305_mask talsrcimg_g11 none talsrcimg_to_711-2C_as_mni_average_305_t4 2311
---------------------------------------------------------------------

freesurfer imgreg_4dfp.c
/opt/freesurfer/average/711-2C_as_mni_average_305.4dfp.img
       256       256       256         1
  1.000000  1.000000  1.000000
orientation T byte_order littleendian
Reading image: /opt/freesurfer/average/711-2C_as_mni_average_305.4dfp.img
dimensions:      256       256       256
mmppix:       1.0000   -1.0000   -1.0000
center:     128.0000 -129.0000 -129.0000
/opt/freesurfer/average/711-2B_as_mni_average_305_mask.4dfp.img
       256       256       256         1
  1.000000  1.000000  1.000000
orientation T byte_order littleendian
Reading mask: /opt/freesurfer/average/711-2B_as_mni_average_305_mask.4dfp.img (2306576 pixels)
talsrcimg_g11.4dfp.img
       256       256       256         1
  0.898437  0.898437  0.898437
orientation T byte_order littleendian
Reading image: talsrcimg_g11.4dfp.img
dimensions:      256       256       256
mmppix:       0.8984   -0.8984   -0.8984
center:     114.9999 -115.8984 -115.8984
fimgreg.f
image alignment mode   2311 decimal      907 hex
parameters
   -0.1583   -5.6640   13.5630  -11.6178  -17.1046   -9.3031
    5.1277    1.0802   -2.5632    8.9318   -3.2969  -15.3369
eta,q 0.97244  6.62157
niter,ni,del,rscale     5    3    5.0000    0.8000
parameters
   -0.1516   -5.5910   13.4254  -11.5873  -16.8351   -9.2595
    5.0816    1.0385   -2.6704    9.0485   -3.1644  -15.9372
eta,q 0.97249  6.63506
  0.0290  0.0287  0.0281  0.0290  0.0285  0.0286  0.0288  0.0295  0.0286  0.0289  0.0282  0.0280
  0.0282  0.0281  0.0277  0.0283  0.0280  0.0281  0.0281  0.0284  0.0280  0.0281  0.0278  0.0276
  0.0277  0.0277  0.0276  0.0278  0.0277  0.0277  0.0277  0.0277  0.0276  0.0277  0.0276  0.0275
  0.0276  0.0276  0.0276  0.0275  0.0275  0.0275  0.0275  0.0275  0.0275  0.0275  0.0275  0.0275
  0.0277  0.0277  0.0277  0.0277  0.0276  0.0276  0.0277  0.0278  0.0277  0.0277  0.0276  0.0277
  0.0282  0.0280  0.0279  0.0282  0.0279  0.0280  0.0281  0.0285  0.0281  0.0281  0.0278  0.0279
  0.0290  0.0285  0.0283  0.0290  0.0283  0.0287  0.0288  0.0295  0.0287  0.0288  0.0281  0.0282
niter,ni,del,rscale     4    3    5.0000    0.7000
parameters
   -0.1504   -5.5709   13.3683  -11.5977  -16.8371   -9.2022
    5.0751    1.0096   -2.7079    9.1854   -3.0462  -16.0866
eta,q 0.97249  6.63759
  0.0287  0.0283  0.0280  0.0286  0.0282  0.0284  0.0285  0.0290  0.0283  0.0286  0.0280  0.0279
  0.0280  0.0279  0.0277  0.0281  0.0278  0.0279  0.0279  0.0282  0.0279  0.0280  0.0278  0.0277
  0.0276  0.0276  0.0276  0.0277  0.0276  0.0276  0.0276  0.0277  0.0276  0.0276  0.0276  0.0275
  0.0275  0.0275  0.0275  0.0275  0.0275  0.0275  0.0275  0.0275  0.0275  0.0275  0.0275  0.0275
  0.0276  0.0276  0.0276  0.0276  0.0276  0.0276  0.0276  0.0277  0.0276  0.0276  0.0276  0.0276
  0.0280  0.0279  0.0278  0.0280  0.0278  0.0278  0.0279  0.0282  0.0279  0.0279  0.0277  0.0277
  0.0287  0.0283  0.0281  0.0287  0.0282  0.0284  0.0285  0.0290  0.0284  0.0284  0.0280  0.0280
niter,ni,del,rscale     3    3    5.0000    0.6000
parameters
   -0.1491   -5.5458   13.3377  -11.5800  -16.8344   -9.1641
    5.0847    0.9746   -2.7478    9.2325   -3.0050  -16.2084
eta,q 0.97249  6.63995
  0.0284  0.0281  0.0279  0.0284  0.0280  0.0282  0.0282  0.0286  0.0281  0.0282  0.0279  0.0278
  0.0279  0.0278  0.0277  0.0279  0.0277  0.0278  0.0278  0.0280  0.0278  0.0278  0.0277  0.0276
  0.0276  0.0276  0.0275  0.0276  0.0276  0.0276  0.0276  0.0276  0.0276  0.0276  0.0276  0.0275
  0.0275  0.0275  0.0275  0.0275  0.0275  0.0275  0.0275  0.0275  0.0275  0.0275  0.0275  0.0275
  0.0276  0.0276  0.0276  0.0276  0.0276  0.0276  0.0276  0.0277  0.0276  0.0276  0.0275  0.0276
  0.0279  0.0278  0.0277  0.0279  0.0277  0.0278  0.0278  0.0281  0.0278  0.0278  0.0277  0.0277
  0.0284  0.0281  0.0279  0.0284  0.0280  0.0282  0.0282  0.0286  0.0281  0.0282  0.0279  0.0278
niter,ni,del,rscale     2    3    5.0000    0.5000
parameters
   -0.1526   -5.5429   13.3258  -11.5573  -16.8361   -9.1132
    5.0894    0.9335   -2.7711    9.2484   -2.9734  -16.2956
eta,q 0.97250  6.64228
  0.0281  0.0279  0.0278  0.0281  0.0278  0.0280  0.0280  0.0283  0.0279  0.0280  0.0278  0.0277
  0.0278  0.0277  0.0276  0.0278  0.0277  0.0277  0.0277  0.0278  0.0277  0.0277  0.0276  0.0276
  0.0276  0.0275  0.0275  0.0276  0.0275  0.0276  0.0276  0.0276  0.0275  0.0276  0.0275  0.0275
  0.0275  0.0275  0.0275  0.0275  0.0275  0.0275  0.0275  0.0275  0.0275  0.0275  0.0275  0.0275
  0.0276  0.0275  0.0275  0.0276  0.0275  0.0275  0.0276  0.0276  0.0275  0.0275  0.0275  0.0275
  0.0278  0.0277  0.0276  0.0278  0.0277  0.0277  0.0277  0.0279  0.0277  0.0277  0.0276  0.0276
  0.0281  0.0279  0.0278  0.0281  0.0278  0.0280  0.0280  0.0283  0.0279  0.0280  0.0278  0.0277
niter,ni,del,rscale     1    3    5.0000    0.4000
parameters
   -0.1579   -5.5417   13.3246  -11.5295  -16.8581   -9.0578
    5.1032    0.9003   -2.7814    9.2736   -2.9605  -16.3812
eta,q 0.97250  6.64438
  0.0279  0.0278  0.0277  0.0279  0.0277  0.0278  0.0278  0.0280  0.0278  0.0278  0.0277  0.0277
  0.0277  0.0276  0.0276  0.0277  0.0276  0.0276  0.0276  0.0277  0.0276  0.0276  0.0276  0.0276
  0.0275  0.0275  0.0275  0.0276  0.0275  0.0275  0.0275  0.0275  0.0275  0.0275  0.0275  0.0275
  0.0275  0.0275  0.0275  0.0275  0.0275  0.0275  0.0275  0.0275  0.0275  0.0275  0.0275  0.0275
  0.0275  0.0275  0.0275  0.0275  0.0275  0.0275  0.0275  0.0276  0.0275  0.0275  0.0275  0.0275
  0.0277  0.0276  0.0276  0.0277  0.0276  0.0276  0.0276  0.0278  0.0276  0.0276  0.0276  0.0276
  0.0279  0.0278  0.0277  0.0279  0.0277  0.0278  0.0278  0.0280  0.0278  0.0278  0.0277  0.0277
registration optimization eta report
parameter search radius
    0.8000    0.8000    0.8000    2.4000    2.4000    2.4000
    2.4000    2.4000    2.4000    2.4000    2.4000    2.4000
100000*second partial in parameter space
       59.       41.       28.        7.        4.        5.
        6.        9.        5.        6.        3.        3.
  0.0279  0.0278  0.0277  0.0279  0.0277  0.0278  0.0278  0.0280  0.0278  0.0278  0.0277  0.0277
  0.0277  0.0276  0.0276  0.0277  0.0276  0.0276  0.0276  0.0277  0.0276  0.0276  0.0276  0.0276
  0.0275  0.0275  0.0275  0.0276  0.0275  0.0275  0.0275  0.0275  0.0275  0.0275  0.0275  0.0275
  0.0275  0.0275  0.0275  0.0275  0.0275  0.0275  0.0275  0.0275  0.0275  0.0275  0.0275  0.0275
  0.0275  0.0275  0.0275  0.0275  0.0275  0.0275  0.0275  0.0276  0.0275  0.0275  0.0275  0.0275
  0.0277  0.0276  0.0276  0.0277  0.0276  0.0276  0.0276  0.0278  0.0276  0.0276  0.0276  0.0276
  0.0279  0.0278  0.0277  0.0279  0.0277  0.0278  0.0278  0.0280  0.0278  0.0278  0.0277  0.0277
   -0.1579   -5.5417   13.3246  -11.5295  -16.8581   -9.0578
    5.1032    0.9003   -2.7814    9.2736   -2.9605  -16.3812
eta,q 0.97250  6.64438

---------------------------------------------------------------------
imgreg_4dfp /opt/freesurfer/average/711-2C_as_mni_average_305 /opt/freesurfer/average/711-2B_as_mni_average_305_mask talsrcimg_g11 none talsrcimg_to_711-2C_as_mni_average_305_t4 2311
---------------------------------------------------------------------

freesurfer imgreg_4dfp.c
/opt/freesurfer/average/711-2C_as_mni_average_305.4dfp.img
       256       256       256         1
  1.000000  1.000000  1.000000
orientation T byte_order littleendian
Reading image: /opt/freesurfer/average/711-2C_as_mni_average_305.4dfp.img
dimensions:      256       256       256
mmppix:       1.0000   -1.0000   -1.0000
center:     128.0000 -129.0000 -129.0000
/opt/freesurfer/average/711-2B_as_mni_average_305_mask.4dfp.img
       256       256       256         1
  1.000000  1.000000  1.000000
orientation T byte_order littleendian
Reading mask: /opt/freesurfer/average/711-2B_as_mni_average_305_mask.4dfp.img (2306576 pixels)
talsrcimg_g11.4dfp.img
       256       256       256         1
  0.898437  0.898437  0.898437
orientation T byte_order littleendian
Reading image: talsrcimg_g11.4dfp.img
dimensions:      256       256       256
mmppix:       0.8984   -0.8984   -0.8984
center:     114.9999 -115.8984 -115.8984
fimgreg.f
image alignment mode   2311 decimal      907 hex
parameters
   -0.1579   -5.5417   13.3246  -11.5295  -16.8581   -9.0578
    5.1032    0.9003   -2.7814    9.2736   -2.9605  -16.3812
eta,q 0.97250  6.64438
niter,ni,del,rscale     5    3    5.0000    0.8000
parameters
   -0.1732   -5.5125   13.3548  -11.6837  -16.8692   -9.2481
    5.1336    0.9920   -2.7766    9.3252   -2.9674  -16.0846
eta,q 0.97249  6.63413
  0.0290  0.0286  0.0282  0.0289  0.0284  0.0286  0.0288  0.0296  0.0286  0.0288  0.0282  0.0282
  0.0282  0.0280  0.0278  0.0282  0.0279  0.0280  0.0281  0.0284  0.0280  0.0281  0.0278  0.0278
  0.0277  0.0276  0.0276  0.0277  0.0276  0.0276  0.0277  0.0277  0.0276  0.0277  0.0276  0.0276
  0.0275  0.0275  0.0275  0.0275  0.0275  0.0275  0.0275  0.0275  0.0275  0.0275  0.0275  0.0275
  0.0277  0.0276  0.0276  0.0277  0.0276  0.0276  0.0276  0.0277  0.0276  0.0276  0.0276  0.0276
  0.0282  0.0279  0.0278  0.0282  0.0279  0.0281  0.0281  0.0284  0.0280  0.0281  0.0278  0.0278
  0.0290  0.0285  0.0282  0.0291  0.0284  0.0288  0.0288  0.0294  0.0286  0.0288  0.0282  0.0280
niter,ni,del,rscale     4    3    5.0000    0.7000
parameters
   -0.1580   -5.5079   13.3190  -11.6199  -16.8573   -9.2618
    5.1228    0.9813   -2.7787    9.2958   -2.9729  -16.1328
eta,q 0.97249  6.63576
  0.0287  0.0283  0.0280  0.0287  0.0282  0.0284  0.0285  0.0290  0.0284  0.0285  0.0280  0.0280
  0.0280  0.0279  0.0277  0.0281  0.0278  0.0279  0.0279  0.0282  0.0279  0.0279  0.0278  0.0277
  0.0276  0.0276  0.0276  0.0277  0.0276  0.0276  0.0276  0.0277  0.0276  0.0276  0.0276  0.0275
  0.0275  0.0275  0.0275  0.0275  0.0275  0.0275  0.0275  0.0275  0.0275  0.0275  0.0275  0.0275
  0.0276  0.0276  0.0276  0.0276  0.0276  0.0276  0.0276  0.0277  0.0276  0.0276  0.0276  0.0276
  0.0280  0.0279  0.0278  0.0280  0.0278  0.0279  0.0279  0.0282  0.0279  0.0280  0.0278  0.0277
  0.0286  0.0283  0.0281  0.0287  0.0282  0.0284  0.0285  0.0290  0.0284  0.0285  0.0280  0.0280
niter,ni,del,rscale     3    3    5.0000    0.6000
parameters
   -0.1562   -5.5138   13.3083  -11.5838  -16.8439   -9.1973
    5.1091    0.9557   -2.7791    9.2785   -2.9794  -16.2396
eta,q 0.97250  6.63907
  0.0284  0.0281  0.0279  0.0284  0.0280  0.0282  0.0282  0.0286  0.0281  0.0282  0.0279  0.0278
  0.0279  0.0278  0.0277  0.0279  0.0277  0.0278  0.0278  0.0280  0.0278  0.0278  0.0277  0.0276
  0.0276  0.0276  0.0275  0.0276  0.0276  0.0276  0.0276  0.0276  0.0276  0.0276  0.0276  0.0275
  0.0275  0.0275  0.0275  0.0275  0.0275  0.0275  0.0275  0.0275  0.0275  0.0275  0.0275  0.0275
  0.0276  0.0276  0.0276  0.0276  0.0276  0.0275  0.0276  0.0277  0.0276  0.0276  0.0275  0.0276
  0.0279  0.0278  0.0277  0.0279  0.0277  0.0278  0.0278  0.0280  0.0278  0.0278  0.0277  0.0277
  0.0284  0.0281  0.0279  0.0284  0.0280  0.0282  0.0282  0.0286  0.0281  0.0282  0.0279  0.0278
niter,ni,del,rscale     2    3    5.0000    0.5000
parameters
   -0.1564   -5.5263   13.3118  -11.5568  -16.8527   -9.1288
    5.0990    0.9313   -2.7835    9.2780   -2.9565  -16.2963
eta,q 0.97250  6.64155
  0.0281  0.0279  0.0278  0.0281  0.0278  0.0280  0.0280  0.0283  0.0279  0.0280  0.0278  0.0277
  0.0278  0.0277  0.0276  0.0278  0.0277  0.0277  0.0277  0.0278  0.0277  0.0277  0.0276  0.0276
  0.0276  0.0275  0.0275  0.0276  0.0275  0.0276  0.0276  0.0276  0.0275  0.0276  0.0275  0.0275
  0.0275  0.0275  0.0275  0.0275  0.0275  0.0275  0.0275  0.0275  0.0275  0.0275  0.0275  0.0275
  0.0276  0.0276  0.0275  0.0276  0.0275  0.0275  0.0276  0.0276  0.0275  0.0275  0.0275  0.0275
  0.0278  0.0277  0.0276  0.0278  0.0277  0.0277  0.0277  0.0279  0.0277  0.0277  0.0276  0.0276
  0.0281  0.0279  0.0278  0.0281  0.0278  0.0279  0.0280  0.0283  0.0279  0.0280  0.0278  0.0277
niter,ni,del,rscale     1    3    5.0000    0.4000
parameters
   -0.1582   -5.5323   13.3136  -11.5261  -16.8641   -9.0730
    5.1126    0.8913   -2.7903    9.2889   -2.9250  -16.3797
eta,q 0.97250  6.64399
  0.0279  0.0278  0.0277  0.0279  0.0277  0.0278  0.0278  0.0280  0.0278  0.0278  0.0277  0.0277
  0.0277  0.0276  0.0276  0.0277  0.0276  0.0276  0.0276  0.0277  0.0276  0.0276  0.0276  0.0276
  0.0275  0.0275  0.0275  0.0276  0.0275  0.0275  0.0275  0.0275  0.0275  0.0275  0.0275  0.0275
  0.0275  0.0275  0.0275  0.0275  0.0275  0.0275  0.0275  0.0275  0.0275  0.0275  0.0275  0.0275
  0.0275  0.0275  0.0275  0.0275  0.0275  0.0275  0.0275  0.0276  0.0275  0.0275  0.0275  0.0275
  0.0277  0.0276  0.0276  0.0277  0.0276  0.0276  0.0276  0.0278  0.0276  0.0276  0.0276  0.0276
  0.0279  0.0278  0.0277  0.0279  0.0277  0.0278  0.0278  0.0280  0.0278  0.0278  0.0277  0.0277
registration optimization eta report
parameter search radius
    0.8000    0.8000    0.8000    2.4000    2.4000    2.4000
    2.4000    2.4000    2.4000    2.4000    2.4000    2.4000
100000*second partial in parameter space
       59.       41.       28.        7.        4.        5.
        5.        9.        5.        6.        3.        3.
  0.0279  0.0278  0.0277  0.0279  0.0277  0.0278  0.0278  0.0280  0.0278  0.0278  0.0277  0.0277
  0.0277  0.0276  0.0276  0.0277  0.0276  0.0276  0.0276  0.0277  0.0276  0.0276  0.0276  0.0276
  0.0275  0.0275  0.0275  0.0276  0.0275  0.0275  0.0275  0.0275  0.0275  0.0275  0.0275  0.0275
  0.0275  0.0275  0.0275  0.0275  0.0275  0.0275  0.0275  0.0275  0.0275  0.0275  0.0275  0.0275
  0.0275  0.0275  0.0275  0.0275  0.0275  0.0275  0.0275  0.0276  0.0275  0.0275  0.0275  0.0275
  0.0277  0.0276  0.0276  0.0277  0.0276  0.0276  0.0276  0.0278  0.0276  0.0276  0.0276  0.0276
  0.0279  0.0278  0.0277  0.0279  0.0277  0.0278  0.0278  0.0280  0.0278  0.0278  0.0277  0.0277
   -0.1582   -5.5323   13.3136  -11.5261  -16.8641   -9.0730
    5.1126    0.8913   -2.7903    9.2889   -2.9250  -16.3797
eta,q 0.97250  6.64399

---------------------------------------------------------------------
compute_vox2vox talsrcimg talsrcimg_to_711-2C_as_mni_average_305_t4 /opt/freesurfer/average/711-2C_as_mni_average_305
---------------------------------------------------------------------

freesurfer compute_vox2vox.c
Reading: talsrcimg.4dfp.ifh
Reading: talsrcimg_to_711-2C_as_mni_average_305_t4
Reading: /opt/freesurfer/average/711-2C_as_mni_average_305.4dfp.ifh
Writing: talsrcimg_to_711-2C_as_mni_average_305_t4_vox2vox.txt

start time Thu Mar 12 22:24:46 CET 2026
end		time Thu Mar 12 22:24:59 CET 2026

mpr2mni305 success

avi2talxfm orig_nu.mgz /opt/freesurfer/average/mni305.cor.mgz talsrcimg_to_711-2C_as_mni_average_305_t4_vox2vox.txt transforms/talairach.auto.xfm
avi2talxfm done
mv -f /out/sourcedata/freesurfer/sub-v2s2x29077_ses-1/mri/talsrcimg_to_711-2C_as_mni_average_305_t4_vox2vox.txt /out/sourcedata/freesurfer/sub-v2s2x29077_ses-1/mri/transforms/talsrcimg_to_711-2C_as_mni_average_305_t4_vox2vox.txt
lta_convert --src orig_nu.mgz --trg /opt/freesurfer/average/mni305.cor.mgz --inxfm transforms/talairach.auto.xfm --outlta transforms/talairach.auto.xfm.lta --subject fsaverage
7.3.2

--src: orig_nu.mgz src image (geometry).
--trg: /opt/freesurfer/average/mni305.cor.mgz trg image (geometry).
--inmni: transforms/talairach.auto.xfm input MNI/XFM transform.
--outlta: transforms/talairach.auto.xfm.lta output LTA.
--s: fsaverage subject name
 LTA read, type : 1
 1.12793  -0.00389  -0.07013  -0.98416;
 0.04225   1.07793   0.20978   4.07351;
 0.03314  -0.12057   1.17705  -9.98837;
 0.00000   0.00000   0.00000   1.00000;
setting subject to fsaverage
Writing  LTA to file transforms/talairach.auto.xfm.lta...
lta_convert successful.
 
 
Started at Thu Mar 12 22:24:45 CET 2026
Ended   at Thu Mar 12 22:25:00 CET 2026
talairach_avi done
