status file for recon-all
Thu Mar 12 23:59:13 CET 2026
#@# Tessellate rh Thu Mar 12 23:59:13 CET 2026
#@# Smooth1 rh Thu Mar 12 23:59:17 CET 2026
#@# Inflation1 rh Thu Mar 12 23:59:20 CET 2026
#@# QSphere rh Fri Mar 13 00:00:46 CET 2026
#@# Fix Topology rh Fri Mar 13 00:02:15 CET 2026
#@# Smooth2 rh Fri Mar 13 00:09:58 CET 2026
#@# Inflation2 rh Fri Mar 13 00:10:02 CET 2026
#@# Curv .H and .K rh Fri Mar 13 00:10:28 CET 2026
#@# Sphere rh Fri Mar 13 00:11:31 CET 2026
#@# Surf Reg rh Fri Mar 13 00:14:30 CET 2026
#@# Jacobian white rh Fri Mar 13 00:20:20 CET 2026
#@# AvgCurv rh Fri Mar 13 00:20:22 CET 2026
#@# Cortical Parc rh Fri Mar 13 00:20:23 CET 2026
#@# white curv rh Fri Mar 13 00:29:43 CET 2026
#@# white area rh Fri Mar 13 00:29:45 CET 2026
#@# pial curv rh Fri Mar 13 00:29:46 CET 2026
#@# pial area rh Fri Mar 13 00:29:49 CET 2026
#@# thickness rh Fri Mar 13 00:29:50 CET 2026
#@# area and vertex vol rh Fri Mar 13 00:30:29 CET 2026
#@# Curvature Stats rh Fri Mar 13 00:30:31 CET 2026
#@# Cortical Parc 2 rh Fri Mar 13 00:30:35 CET 2026
#@# Cortical Parc 3 rh Fri Mar 13 00:30:54 CET 2026
#@# WM/GM Contrast rh Fri Mar 13 00:31:08 CET 2026
recon-all -s sub-v2s2x29066_ses-1 finished without error at Fri Mar 13 00:31:13 CET 2026



#New# invocation of recon-all 



status file for recon-all
Fri Mar 13 00:50:08 CET 2026
#@# white curv rh Fri Mar 13 00:50:09 CET 2026
#@# white area rh Fri Mar 13 00:50:09 CET 2026
#@# pial curv rh Fri Mar 13 00:50:09 CET 2026
#@# pial area rh Fri Mar 13 00:50:09 CET 2026
#@# thickness rh Fri Mar 13 00:50:09 CET 2026
#@# area and vertex vol rh Fri Mar 13 00:50:09 CET 2026
#@# Parcellation Stats rh Fri Mar 13 00:50:09 CET 2026
#@# Parcellation Stats 2 rh Fri Mar 13 00:50:39 CET 2026
#@# Parcellation Stats 3 rh Fri Mar 13 00:50:55 CET 2026
#@# BA_exvivo Labels rh Fri Mar 13 00:51:10 CET 2026
recon-all -s sub-v2s2x29066_ses-1 finished without error at Fri Mar 13 00:54:35 CET 2026
