status file for recon-all
Thu Mar 12 23:22:42 CET 2026
#@# Tessellate lh Thu Mar 12 23:22:42 CET 2026
#@# Smooth1 lh Thu Mar 12 23:22:46 CET 2026
#@# Inflation1 lh Thu Mar 12 23:22:50 CET 2026
#@# QSphere lh Thu Mar 12 23:24:04 CET 2026
#@# Fix Topology lh Thu Mar 12 23:25:36 CET 2026
#@# Smooth2 lh Thu Mar 12 23:33:54 CET 2026
#@# Inflation2 lh Thu Mar 12 23:33:58 CET 2026
#@# Curv .H and .K lh Thu Mar 12 23:34:28 CET 2026
#@# Sphere lh Thu Mar 12 23:35:32 CET 2026
#@# Surf Reg lh Thu Mar 12 23:40:51 CET 2026
#@# Jacobian white lh Thu Mar 12 23:47:19 CET 2026
#@# AvgCurv lh Thu Mar 12 23:47:20 CET 2026
#@# Cortical Parc lh Thu Mar 12 23:47:21 CET 2026
#@# white curv lh Thu Mar 12 23:57:41 CET 2026
#@# white area lh Thu Mar 12 23:57:44 CET 2026
#@# pial curv lh Thu Mar 12 23:57:45 CET 2026
#@# pial area lh Thu Mar 12 23:57:47 CET 2026
#@# thickness lh Thu Mar 12 23:57:48 CET 2026
#@# area and vertex vol lh Thu Mar 12 23:58:29 CET 2026
#@# Curvature Stats lh Thu Mar 12 23:58:31 CET 2026
#@# Cortical Parc 2 lh Thu Mar 12 23:58:34 CET 2026
#@# Cortical Parc 3 lh Thu Mar 12 23:58:51 CET 2026
#@# WM/GM Contrast lh Thu Mar 12 23:59:04 CET 2026
recon-all -s sub-v2s2x29066_ses-1 finished without error at Thu Mar 12 23:59:10 CET 2026



#New# invocation of recon-all 



status file for recon-all
Fri Mar 13 00:45:37 CET 2026
#@# white curv lh Fri Mar 13 00:45:37 CET 2026
#@# white area lh Fri Mar 13 00:45:37 CET 2026
#@# pial curv lh Fri Mar 13 00:45:37 CET 2026
#@# pial area lh Fri Mar 13 00:45:37 CET 2026
#@# thickness lh Fri Mar 13 00:45:37 CET 2026
#@# area and vertex vol lh Fri Mar 13 00:45:37 CET 2026
#@# Parcellation Stats lh Fri Mar 13 00:45:37 CET 2026
#@# Parcellation Stats 2 lh Fri Mar 13 00:46:08 CET 2026
#@# Parcellation Stats 3 lh Fri Mar 13 00:46:24 CET 2026
#@# BA_exvivo Labels lh Fri Mar 13 00:46:40 CET 2026
recon-all -s sub-v2s2x29066_ses-1 finished without error at Fri Mar 13 00:50:04 CET 2026
