status file for recon-all
Thu Mar 12 21:30:15 CET 2026
#@# MotionCor Thu Mar 12 21:30:18 CET 2026
#@# Talairach Thu Mar 12 21:30:28 CET 2026
#@# Talairach Failure Detection Thu Mar 12 21:34:53 CET 2026
#@# Nu Intensity Correction Thu Mar 12 21:34:53 CET 2026
#@# Intensity Normalization Thu Mar 12 21:38:10 CET 2026
recon-all -s sub-v2s2x29066_ses-1 finished without error at Thu Mar 12 21:39:49 CET 2026



#New# invocation of recon-all 



status file for recon-all
Thu Mar 12 21:47:27 CET 2026
#@# EM Registration Thu Mar 12 21:47:27 CET 2026
recon-all -s sub-v2s2x29066_ses-1 finished without error at Thu Mar 12 21:49:46 CET 2026



#New# invocation of recon-all 



status file for recon-all
Thu Mar 12 21:49:50 CET 2026
#@# CA Normalize Thu Mar 12 21:49:50 CET 2026
#@# CA Reg Thu Mar 12 21:51:09 CET 2026
#@# SubCort Seg Thu Mar 12 22:39:02 CET 2026
#@# CC Seg Thu Mar 12 23:16:10 CET 2026
#@# Merge ASeg Thu Mar 12 23:17:04 CET 2026
#@# Intensity Normalization2 Thu Mar 12 23:17:04 CET 2026
#@# Mask BFS Thu Mar 12 23:19:25 CET 2026
#@# WM Segmentation Thu Mar 12 23:19:26 CET 2026
#@# Fill Thu Mar 12 23:21:30 CET 2026
recon-all -s sub-v2s2x29066_ses-1 finished without error at Thu Mar 12 23:22:38 CET 2026



#New# invocation of recon-all 



status file for recon-all
Fri Mar 13 00:31:17 CET 2026
#@# white curv lh Fri Mar 13 00:31:17 CET 2026
#@# white area lh Fri Mar 13 00:31:17 CET 2026
#@# pial curv lh Fri Mar 13 00:31:17 CET 2026
#@# pial area lh Fri Mar 13 00:31:17 CET 2026
#@# thickness lh Fri Mar 13 00:31:17 CET 2026
#@# area and vertex vol lh Fri Mar 13 00:31:17 CET 2026
#@# white curv rh Fri Mar 13 00:31:17 CET 2026
#@# white area rh Fri Mar 13 00:31:17 CET 2026
#@# pial curv rh Fri Mar 13 00:31:17 CET 2026
#@# pial area rh Fri Mar 13 00:31:17 CET 2026
#@# thickness rh Fri Mar 13 00:31:17 CET 2026
#@# area and vertex vol rh Fri Mar 13 00:31:17 CET 2026
#@# Cortical ribbon mask Fri Mar 13 00:31:17 CET 2026
recon-all -s sub-v2s2x29066_ses-1 finished without error at Fri Mar 13 00:45:32 CET 2026



#New# invocation of recon-all 



status file for recon-all
Fri Mar 13 00:54:40 CET 2026
#@# white curv lh Fri Mar 13 00:54:40 CET 2026
#@# white area lh Fri Mar 13 00:54:40 CET 2026
#@# pial curv lh Fri Mar 13 00:54:40 CET 2026
#@# pial area lh Fri Mar 13 00:54:41 CET 2026
#@# thickness lh Fri Mar 13 00:54:41 CET 2026
#@# area and vertex vol lh Fri Mar 13 00:54:41 CET 2026
#@# white curv rh Fri Mar 13 00:54:41 CET 2026
#@# white area rh Fri Mar 13 00:54:41 CET 2026
#@# pial curv rh Fri Mar 13 00:54:41 CET 2026
#@# pial area rh Fri Mar 13 00:54:41 CET 2026
#@# thickness rh Fri Mar 13 00:54:41 CET 2026
#@# area and vertex vol rh Fri Mar 13 00:54:41 CET 2026
#@# Curvature Stats lh Fri Mar 13 00:54:41 CET 2026
#@# Curvature Stats rh Fri Mar 13 00:54:44 CET 2026
#@# Relabel Hypointensities Fri Mar 13 00:54:48 CET 2026
#@# APas-to-ASeg Fri Mar 13 00:55:07 CET 2026
#@# AParc-to-ASeg aparc Fri Mar 13 00:55:19 CET 2026
#@# AParc-to-ASeg aparc.a2009s Fri Mar 13 00:56:07 CET 2026
#@# AParc-to-ASeg aparc.DKTatlas Fri Mar 13 00:56:56 CET 2026
#@# WMParc Fri Mar 13 00:57:45 CET 2026
#@# ASeg Stats Fri Mar 13 01:01:42 CET 2026
recon-all -s sub-v2s2x29066_ses-1 finished without error at Fri Mar 13 01:02:26 CET 2026
