/out/sourcedata/freesurfer/sub-v2s2x29076_ses-1/mri
/opt/freesurfer/bin/talairach_avi
--i orig_nu.mgz --xfm transforms/talairach.auto.xfm
talairach_avi 7.3.2
Linux dna078 5.14.0-427.37.1.el9_4.x86_64 #1 SMP PREEMPT_DYNAMIC Fri Sep 13 12:41:50 EDT 2024 x86_64 x86_64 x86_64 GNU/Linux
Thu Mar 12 22:21:00 CET 2026
mri_convert orig_nu.mgz talsrcimg.img 
reading from orig_nu.mgz...
TR=0.00, TE=0.00, TI=0.00, flip angle=0.00
i_ras = (-1, 0, 0)
j_ras = (0, 0, -1)
k_ras = (0, 1, 0)
writing to talsrcimg.img...
Analyze Output Matrix
-0.89844   0.00000   0.00000   113.84845;
 0.00000   0.00000   0.89844  -136.70123;
 0.00000  -0.89844   0.00000   120.37653;
 0.00000   0.00000   0.00000   1.00000;
--------------------
INFO: set hdr.hist.orient to -1
mpr2mni305 talsrcimg
Thu Mar 12 22:21:00 CET 2026
/opt/freesurfer/bin/mpr2mni305 talsrcimg
mpr2mni305 7.3.2
target=711-2C_as_mni_average_305

---------------------------------------------------------------------
analyzeto4dfp talsrcimg -O0 -y
---------------------------------------------------------------------

freesurfer ifh2hdr.c
Thu Mar 12 22:21:01 2026
Writing: talsrcimg.4dfp.hdr
freesurfer analyzeto4dfp.c
Reading: talsrcimg.hdr
header size 348 bytes
hdr.dime.datatype	offset=70	value=2
hdr.dime.bitpix		offset=72	value=8
hdr.hist.orient		offset=252	value=-1
dimensionality     4
dimensions       256       256       256         1
Reading: talsrcimg.img
Writing: talsrcimg.4dfp.img
Writing: talsrcimg.4dfp.ifh
ifh2hdr talsrcimg -r0to255
ori=2

---------------------------------------------------------------------
gauss_4dfp talsrcimg 1.1
---------------------------------------------------------------------

freesurfer gauss_4dfp.c
Reading: talsrcimg.4dfp.img
Writing: talsrcimg_g11.4dfp.img
image dimensions 256 256 256 padded to 288 288 288
processing volume 1freesurfer ifh2hdr.c
Thu Mar 12 22:21:02 2026
Writing: talsrcimg_g11.4dfp.hdr

Writing: talsrcimg_g11.4dfp.ifh
including: talsrcimg.4dfp.img.rec in talsrcimg_g11.4dfp.img.rec

---------------------------------------------------------------------
imgreg_4dfp /opt/freesurfer/average/711-2C_as_mni_average_305 none talsrcimg_g11 none talsrcimg_to_711-2C_as_mni_average_305_t4 4355
---------------------------------------------------------------------

freesurfer imgreg_4dfp.c
/opt/freesurfer/average/711-2C_as_mni_average_305.4dfp.img
       256       256       256         1
  1.000000  1.000000  1.000000
orientation T byte_order littleendian
Reading image: /opt/freesurfer/average/711-2C_as_mni_average_305.4dfp.img
dimensions:      256       256       256
mmppix:       1.0000   -1.0000   -1.0000
center:     128.0000 -129.0000 -129.0000
talsrcimg_g11.4dfp.img
       256       256       256         1
  0.898437  0.898437  0.898437
orientation T byte_order littleendian
Reading image: talsrcimg_g11.4dfp.img
dimensions:      256       256       256
mmppix:       0.8984   -0.8984   -0.8984
center:     114.9999 -115.8984 -115.8984
t4_read: open error in t4_sub.f l:  41 t4_file(1:l)talsrcimg_to_711-2C_as_mni_average_305_t4 
t4_read: transform initialized to I4
rotation matrix determinant  1.000000
image alignment mode   4355 decimal     1103 hex
   -7.5000  -45.0000  -45.0000 5823.4805    9.4866
    0.0000  -45.0000  -45.0000 5864.6548    9.5011
    7.5000  -45.0000  -45.0000 5533.0708    9.5241
   -7.5000  -37.5000  -45.0000 6247.7261   10.1003
    0.0000  -37.5000  -45.0000 6291.0444   10.1210
    7.5000  -37.5000  -45.0000 5931.5669   10.1469
   -7.5000  -30.0000  -45.0000 6683.7480   10.4308
    0.0000  -30.0000  -45.0000 6729.1064   10.4556
    7.5000  -30.0000  -45.0000 6342.6709   10.4834
   -7.5000  -22.5000  -45.0000 7190.9580   10.4102
    0.0000  -22.5000  -45.0000 7237.4229   10.4336
    7.5000  -22.5000  -45.0000 6832.5781   10.4610
   -7.5000  -15.0000  -45.0000 7678.0161   10.3773
    0.0000  -15.0000  -45.0000 7725.2871   10.3947
    7.5000  -15.0000  -45.0000 7309.3086   10.4200
   -7.5000   -7.5000  -45.0000 7827.3301   10.3680
    0.0000   -7.5000  -45.0000 7887.2319   10.3817
    7.5000   -7.5000  -45.0000 7438.2144   10.4059
   -7.5000    0.0000  -45.0000 7926.4277   10.3877
    0.0000    0.0000  -45.0000 7979.5693   10.4037
    7.5000    0.0000  -45.0000 7531.1934   10.4290
   -7.5000    7.5000  -45.0000 7599.0239   10.4187
    0.0000    7.5000  -45.0000 7639.1523   10.4400
    7.5000    7.5000  -45.0000 7221.1729   10.4668
   -7.5000   15.0000  -45.0000 7519.1006   10.4308
    0.0000   15.0000  -45.0000 7553.6694   10.4556
    7.5000   15.0000  -45.0000 7146.8740   10.4834
   -7.5000   22.5000  -45.0000 6973.5801   10.2702
    0.0000   22.5000  -45.0000 6988.5698   10.2933
    7.5000   22.5000  -45.0000 6603.4424   10.3202
   -7.5000   30.0000  -45.0000 6446.1670    9.9647
    0.0000   30.0000  -45.0000 6455.6924    9.9813
    7.5000   30.0000  -45.0000 6077.9951   10.0057
   -7.5000   37.5000  -45.0000 5919.6943    9.6358
    0.0000   37.5000  -45.0000 5936.3081    9.6486
    7.5000   37.5000  -45.0000 5563.6704    9.6711
   -7.5000   45.0000  -45.0000 5417.7471    9.5393
    0.0000   45.0000  -45.0000 5450.9526    9.5563
    7.5000   45.0000  -45.0000 5109.7017    9.5811
   -7.5000  -45.0000  -37.5000 6366.4395    9.8965
    0.0000  -45.0000  -37.5000 6412.6362    9.9105
    7.5000  -45.0000  -37.5000 6042.0757    9.9350
   -7.5000  -37.5000  -37.5000 6854.5269   10.5340
    0.0000  -37.5000  -37.5000 6892.9229   10.5550
    7.5000  -37.5000  -37.5000 6491.5840   10.5826
   -7.5000  -30.0000  -37.5000 7346.4648   10.8568
    0.0000  -30.0000  -37.5000 7389.1313   10.8826
    7.5000  -30.0000  -37.5000 6953.3672   10.9122
   -7.5000  -22.5000  -37.5000 7873.0327   10.8395
    0.0000  -22.5000  -37.5000 7922.3687   10.8635
    7.5000  -22.5000  -37.5000 7469.0029   10.8930
   -7.5000  -15.0000  -37.5000 8388.5967   10.8124
    0.0000  -15.0000  -37.5000 8423.1270   10.8298
    7.5000  -15.0000  -37.5000 7957.9136   10.8573
   -7.5000   -7.5000  -37.5000 8500.3799   10.8057
    0.0000   -7.5000  -37.5000 8555.5654   10.8190
    7.5000   -7.5000  -37.5000 8065.8379   10.8451
   -7.5000    0.0000  -37.5000 8608.0146   10.8228
    0.0000    0.0000  -37.5000 8655.5400   10.8383
    7.5000    0.0000  -37.5000 8164.4004   10.8651
   -7.5000    7.5000  -37.5000 8264.1279   10.8470
    0.0000    7.5000  -37.5000 8324.0781   10.8686
    7.5000    7.5000  -37.5000 7831.4053   10.8970
   -7.5000   15.0000  -37.5000 8184.7104   10.8563
    0.0000   15.0000  -37.5000 8227.4355   10.8820
    7.5000   15.0000  -37.5000 7761.3813   10.9117
   -7.5000   22.5000  -37.5000 7568.1938   10.6946
    0.0000   22.5000  -37.5000 7591.5806   10.7183
    7.5000   22.5000  -37.5000 7166.0254   10.7474
   -7.5000   30.0000  -37.5000 6966.7710   10.3898
    0.0000   30.0000  -37.5000 6996.3135   10.4065
    7.5000   30.0000  -37.5000 6590.2646   10.4330
   -7.5000   37.5000  -37.5000 6390.0981   10.0509
    0.0000   37.5000  -37.5000 6408.1978   10.0632
    7.5000   37.5000  -37.5000 6014.4629   10.0875
   -7.5000   45.0000  -37.5000 5824.2695    9.9375
    0.0000   45.0000  -37.5000 5842.5737    9.9546
    7.5000   45.0000  -37.5000 5499.8838    9.9801
   -7.5000  -45.0000  -30.0000 6952.5786   10.2863
    0.0000  -45.0000  -30.0000 7003.3535   10.3060
    7.5000  -45.0000  -30.0000 6587.9727   10.3336
   -7.5000  -37.5000  -30.0000 7472.9570   10.9498
    0.0000  -37.5000  -30.0000 7502.4941   10.9764
    7.5000  -37.5000  -30.0000 7064.9858   11.0078
   -7.5000  -30.0000  -30.0000 7986.4912   11.2700
    0.0000  -30.0000  -30.0000 8023.9629   11.3011
    7.5000  -30.0000  -30.0000 7567.4385   11.3341
   -7.5000  -22.5000  -30.0000 8558.7031   11.2564
    0.0000  -22.5000  -30.0000 8621.4834   11.2857
    7.5000  -22.5000  -30.0000 8124.3726   11.3174
   -7.5000  -15.0000  -30.0000 9113.5107   11.2317
    0.0000  -15.0000  -30.0000 9159.6973   11.2547
    7.5000  -15.0000  -30.0000 8628.4395   11.2840
   -7.5000   -7.5000  -30.0000 9211.5889   11.2239
    0.0000   -7.5000  -30.0000 9267.8945   11.2432
    7.5000   -7.5000  -30.0000 8736.8564   11.2717
   -7.5000    0.0000  -30.0000 9322.6465   11.2376
    0.0000    0.0000  -30.0000 9369.7646   11.2592
    7.5000    0.0000  -30.0000 8835.5557   11.2894
   -7.5000    7.5000  -30.0000 8959.4238   11.2580
    0.0000    7.5000  -30.0000 9007.6621   11.2855
    7.5000    7.5000  -30.0000 8478.4873   11.3177
   -7.5000   15.0000  -30.0000 8873.3037   11.2685
    0.0000   15.0000  -30.0000 8905.3438   11.2996
    7.5000   15.0000  -30.0000 8404.9160   11.3326
   -7.5000   22.5000  -30.0000 8151.2461   11.1064
    0.0000   22.5000  -30.0000 8189.8916   11.1353
    7.5000   22.5000  -30.0000 7745.2388   11.1666
   -7.5000   30.0000  -30.0000 7478.4741   10.8006
    0.0000   30.0000  -30.0000 7514.3228   10.8228
    7.5000   30.0000  -30.0000 7105.4854   10.8509
   -7.5000   37.5000  -30.0000 6843.6323   10.4556
    0.0000   37.5000  -30.0000 6854.3560   10.4735
    7.5000   37.5000  -30.0000 6459.5229   10.5001
   -7.5000   45.0000  -30.0000 6224.3311   10.3306
    0.0000   45.0000  -30.0000 6238.1479   10.3526
    7.5000   45.0000  -30.0000 5870.4873   10.3811
   -7.5000  -45.0000  -22.5000 7550.3491   10.6614
    0.0000  -45.0000  -22.5000 7581.2954   10.6868
    7.5000  -45.0000  -22.5000 7139.8970   10.7133
   -7.5000  -37.5000  -22.5000 8093.6558   11.3581
    0.0000  -37.5000  -22.5000 8119.7822   11.3894
    7.5000  -37.5000  -22.5000 7660.0923   11.4200
   -7.5000  -30.0000  -22.5000 8631.0381   11.6808
    0.0000  -30.0000  -22.5000 8668.2373   11.7151
    7.5000  -30.0000  -22.5000 8201.7998   11.7467
   -7.5000  -22.5000  -22.5000 9268.7510   11.6686
    0.0000  -22.5000  -22.5000 9314.2783   11.7010
    7.5000  -22.5000  -22.5000 8784.0879   11.7302
   -7.5000  -15.0000  -22.5000 9840.7188   11.6409
    0.0000  -15.0000  -22.5000 9889.6562   11.6683
    7.5000  -15.0000  -22.5000 9323.0723   11.6946
   -7.5000   -7.5000  -22.5000 9942.9600   11.6290
    0.0000   -7.5000  -22.5000 9992.2070   11.6539
    7.5000   -7.5000  -22.5000 9445.4678   11.6801
   -7.5000    0.0000  -22.500010030.7441   11.6409
    0.0000    0.0000  -22.500010076.1191   11.6687
    7.5000    0.0000  -22.5000 9527.9502   11.6977
   -7.5000    7.5000  -22.5000 9615.7100   11.6633
    0.0000    7.5000  -22.5000 9659.3545   11.6955
    7.5000    7.5000  -22.5000 9125.3057   11.7269
   -7.5000   15.0000  -22.5000 9497.4834   11.6780
    0.0000   15.0000  -22.5000 9528.5332   11.7123
    7.5000   15.0000  -22.5000 9013.8721   11.7438
   -7.5000   22.5000  -22.5000 8735.9385   11.5142
    0.0000   22.5000  -22.5000 8753.7412   11.5462
    7.5000   22.5000  -22.5000 8304.0391   11.5750
   -7.5000   30.0000  -22.5000 8001.0728   11.2024
    0.0000   30.0000  -22.5000 8011.3340   11.2287
    7.5000   30.0000  -22.5000 7616.7793   11.2540
   -7.5000   37.5000  -22.5000 7273.4858   10.8494
    0.0000   37.5000  -22.5000 7289.0020   10.8727
    7.5000   37.5000  -22.5000 6894.4180   10.8972
   -7.5000   45.0000  -22.5000 6608.5322   10.7218
    0.0000   45.0000  -22.5000 6614.6880   10.7481
    7.5000   45.0000  -22.5000 6238.6436   10.7760
   -7.5000  -45.0000  -15.0000 8125.6987   11.0461
    0.0000  -45.0000  -15.0000 8160.2490   11.0730
    7.5000  -45.0000  -15.0000 7702.5864   11.0963
   -7.5000  -37.5000  -15.0000 8699.1113   11.7740
    0.0000  -37.5000  -15.0000 8732.1475   11.8061
    7.5000  -37.5000  -15.0000 8253.7607   11.8334
   -7.5000  -30.0000  -15.0000 9264.6494   12.1015
    0.0000  -30.0000  -15.0000 9320.8018   12.1352
    7.5000  -30.0000  -15.0000 8799.0449   12.1635
   -7.5000  -22.5000  -15.0000 9954.4102   12.0859
    0.0000  -22.5000  -15.000010004.2334   12.1178
    7.5000  -22.5000  -15.0000 9420.5078   12.1435
   -7.5000  -15.0000  -15.000010576.7422   12.0510
    0.0000  -15.0000  -15.000010623.9434   12.0786
    7.5000  -15.0000  -15.000010006.7812   12.1011
   -7.5000   -7.5000  -15.000010689.3848   12.0349
    0.0000   -7.5000  -15.000010730.1904   12.0609
    7.5000   -7.5000  -15.000010148.5146   12.0834
   -7.5000    0.0000  -15.000010771.7646   12.0493
    0.0000    0.0000  -15.000010827.4219   12.0787
    7.5000    0.0000  -15.000010229.4512   12.1042
   -7.5000    7.5000  -15.000010297.8965   12.0787
    0.0000    7.5000  -15.000010347.4111   12.1116
    7.5000    7.5000  -15.0000 9765.1367   12.1396
   -7.5000   15.0000  -15.000010127.4424   12.0977
    0.0000   15.0000  -15.000010167.7354   12.1315
    7.5000   15.0000  -15.0000 9611.1152   12.1598
   -7.5000   22.5000  -15.0000 9275.5615   11.9278
    0.0000   22.5000  -15.0000 9300.9736   11.9593
    7.5000   22.5000  -15.0000 8857.8105   11.9847
   -7.5000   30.0000  -15.0000 8493.3047   11.6057
    0.0000   30.0000  -15.0000 8509.3018   11.6322
    7.5000   30.0000  -15.0000 8103.4814   11.6539
   -7.5000   37.5000  -15.0000 7698.7607   11.2452
    0.0000   37.5000  -15.0000 7716.2266   11.2696
    7.5000   37.5000  -15.0000 7308.9995   11.2906
   -7.5000   45.0000  -15.0000 6962.8828   11.1224
    0.0000   45.0000  -15.0000 6978.5894   11.1497
    7.5000   45.0000  -15.0000 6582.5449   11.1750
   -7.5000  -45.0000   -7.5000 8441.9688   11.0559
    0.0000  -45.0000   -7.5000 8474.9502   11.0778
    7.5000  -45.0000   -7.5000 8007.0811   11.0990
   -7.5000  -37.5000   -7.5000 9013.8516   11.7881
    0.0000  -37.5000   -7.5000 9065.2207   11.8157
    7.5000  -37.5000   -7.5000 8566.5752   11.8406
   -7.5000  -30.0000   -7.5000 9609.3760   12.1159
    0.0000  -30.0000   -7.5000 9682.9121   12.1461
    7.5000  -30.0000   -7.5000 9130.2705   12.1725
   -7.5000  -22.5000   -7.500010335.3115   12.0968
    0.0000  -22.5000   -7.500010381.4600   12.1249
    7.5000  -22.5000   -7.5000 9777.9609   12.1499
   -7.5000  -15.0000   -7.500010974.4404   12.0582
    0.0000  -15.0000   -7.500011031.2207   12.0813
    7.5000  -15.0000   -7.500010367.9297   12.1032
   -7.5000   -7.5000   -7.500011088.8369   12.0422
    0.0000   -7.5000   -7.500011154.1689   12.0629
    7.5000   -7.5000   -7.500010486.1504   12.0840
   -7.5000    0.0000   -7.500011176.7012   12.0599
    0.0000    0.0000   -7.500011271.4775   12.0840
    7.5000    0.0000   -7.500010579.9443   12.1072
   -7.5000    7.5000   -7.500010659.4805   12.0931
    0.0000    7.5000   -7.500010722.1045   12.1215
    7.5000    7.5000   -7.500010084.0146   12.1470
   -7.5000   15.0000   -7.500010447.3027   12.1122
    0.0000   15.0000   -7.500010488.2139   12.1424
    7.5000   15.0000   -7.5000 9896.3545   12.1687
   -7.5000   22.5000   -7.5000 9577.4297   11.9385
    0.0000   22.5000   -7.5000 9596.5977   11.9663
    7.5000   22.5000   -7.5000 9130.2354   11.9910
   -7.5000   30.0000   -7.5000 8741.7764   11.6127
    0.0000   30.0000   -7.5000 8763.9609   11.6348
    7.5000   30.0000   -7.5000 8332.8086   11.6560
   -7.5000   37.5000   -7.5000 7911.5454   11.2521
    0.0000   37.5000   -7.5000 7924.4268   11.2715
    7.5000   37.5000   -7.5000 7516.8218   11.2912
   -7.5000   45.0000   -7.5000 7160.6050   11.1338
    0.0000   45.0000   -7.5000 7161.5366   11.1571
    7.5000   45.0000   -7.5000 6774.9375   11.1806
   -7.5000  -45.0000    0.0000 8564.9355   11.3317
    0.0000  -45.0000    0.0000 8604.5879   11.3482
    7.5000  -45.0000    0.0000 8143.1870   11.3723
   -7.5000  -37.5000    0.0000 9144.6533   12.0750
    0.0000  -37.5000    0.0000 9199.8008   12.0987
    7.5000  -37.5000    0.0000 8696.2949   12.1262
   -7.5000  -30.0000    0.0000 9783.5371   12.3988
    0.0000  -30.0000    0.0000 9849.4219   12.4270
    7.5000  -30.0000    0.0000 9300.2148   12.4566
   -7.5000  -22.5000    0.000010531.7109   12.3769
    0.0000  -22.5000    0.000010591.7383   12.4030
    7.5000  -22.5000    0.0000 9979.1484   12.4325
   -7.5000  -15.0000    0.000011171.0791   12.3396
    0.0000  -15.0000    0.000011258.1562   12.3587
    7.5000  -15.0000    0.000010552.6787   12.3857
   -7.5000   -7.5000    0.000011296.7012   12.3277
    0.0000   -7.5000    0.000011379.6992   12.3428
    7.5000   -7.5000    0.000010646.7207   12.3682
   -7.5000    0.0000    0.000011396.6699   12.3485
    0.0000    0.0000    0.000011490.5029   12.3667
    7.5000    0.0000    0.000010761.3662   12.3930
   -7.5000    7.5000    0.000010851.6611   12.3793
    0.0000    7.5000    0.000010923.6104   12.4036
    7.5000    7.5000    0.000010230.0264   12.4318
   -7.5000   15.0000    0.000010597.5186   12.3944
    0.0000   15.0000    0.000010637.4580   12.4226
    7.5000   15.0000    0.000010011.6738   12.4522
   -7.5000   22.5000    0.0000 9694.2227   12.2167
    0.0000   22.5000    0.0000 9713.5195   12.2425
    7.5000   22.5000    0.0000 9193.1367   12.2716
   -7.5000   30.0000    0.0000 8859.4277   11.8908
    0.0000   30.0000    0.0000 8889.8955   11.9092
    7.5000   30.0000    0.0000 8384.7305   11.9352
   -7.5000   37.5000    0.0000 7997.7739   11.5326
    0.0000   37.5000    0.0000 8034.0708   11.5468
    7.5000   37.5000    0.0000 7576.3926   11.5706
   -7.5000   45.0000    0.0000 7217.4189   11.4262
    0.0000   45.0000    0.0000 7233.1758   11.4457
    7.5000   45.0000    0.0000 6832.3545   11.4718
   -7.5000  -45.0000    7.5000 8372.3320   11.3212
    0.0000  -45.0000    7.5000 8417.4707   11.3374
    7.5000  -45.0000    7.5000 7969.7461   11.3655
   -7.5000  -37.5000    7.5000 8885.6250   12.0566
    0.0000  -37.5000    7.5000 8936.6006   12.0809
    7.5000  -37.5000    7.5000 8465.2979   12.1128
   -7.5000  -30.0000    7.5000 9524.2246   12.3756
    0.0000  -30.0000    7.5000 9571.5029   12.4052
    7.5000  -30.0000    7.5000 9063.6533   12.4394
   -7.5000  -22.5000    7.500010372.9883   12.3562
    0.0000  -22.5000    7.500010451.2910   12.3837
    7.5000  -22.5000    7.5000 9837.4873   12.4176
   -7.5000  -15.0000    7.500011108.7861   12.3255
    0.0000  -15.0000    7.500011229.3418   12.3454
    7.5000  -15.0000    7.500010489.1885   12.3768
   -7.5000   -7.5000    7.500011213.3652   12.3178
    0.0000   -7.5000    7.500011321.2910   12.3330
    7.5000   -7.5000    7.500010547.2891   12.3628
   -7.5000    0.0000    7.500011221.5322   12.3370
    0.0000    0.0000    7.500011329.8379   12.3548
    7.5000    0.0000    7.500010567.2871   12.3855
   -7.5000    7.5000    7.500010603.3359   12.3604
    0.0000    7.5000    7.500010672.4346   12.3854
    7.5000    7.5000    7.5000 9970.6230   12.4181
   -7.5000   15.0000    7.500010308.4570   12.3712
    0.0000   15.0000    7.500010362.7451   12.4008
    7.5000   15.0000    7.5000 9689.4482   12.4350
   -7.5000   22.5000    7.5000 9424.6211   12.1963
    0.0000   22.5000    7.5000 9470.2861   12.2234
    7.5000   22.5000    7.5000 8877.1777   12.2569
   -7.5000   30.0000    7.5000 8595.0215   11.8773
    0.0000   30.0000    7.5000 8641.1338   11.8964
    7.5000   30.0000    7.5000 8118.1606   11.9267
   -7.5000   37.5000    7.5000 7775.4121   11.5234
    0.0000   37.5000    7.5000 7830.3325   11.5377
    7.5000   37.5000    7.5000 7356.8667   11.5655
   -7.5000   45.0000    7.5000 7037.6201   11.4178
    0.0000   45.0000    7.5000 7067.6836   11.4377
    7.5000   45.0000    7.5000 6662.4185   11.4671
   -7.5000  -45.0000   15.0000 8452.5771   11.3190
    0.0000  -45.0000   15.0000 8490.3496   11.3405
    7.5000  -45.0000   15.0000 8071.9297   11.3706
   -7.5000  -37.5000   15.0000 8962.2783   12.0505
    0.0000  -37.5000   15.0000 8977.8594   12.0796
    7.5000  -37.5000   15.0000 8560.2949   12.1139
   -7.5000  -30.0000   15.0000 9599.4697   12.3699
    0.0000  -30.0000   15.0000 9627.3994   12.4038
    7.5000  -30.0000   15.0000 9150.6084   12.4399
   -7.5000  -22.5000   15.000010552.9707   12.3552
    0.0000  -22.5000   15.000010647.7441   12.3871
    7.5000  -22.5000   15.0000 9961.2891   12.4217
   -7.5000  -15.0000   15.000011404.2100   12.3282
    0.0000  -15.0000   15.000011641.6973   12.3533
    7.5000  -15.0000   15.000010680.7168   12.3852
   -7.5000   -7.5000   15.000011548.7256   12.3198
    0.0000   -7.5000   15.000011777.5654   12.3407
    7.5000   -7.5000   15.000010763.1689   12.3717
   -7.5000    0.0000   15.000011400.9150   12.3346
    0.0000    0.0000   15.000011534.2188   12.3581
    7.5000    0.0000   15.000010690.4980   12.3909
   -7.5000    7.5000   15.000010647.1162   12.3542
    0.0000    7.5000   15.000010723.1348   12.3840
    7.5000    7.5000   15.000010023.9590   12.4192
   -7.5000   15.0000   15.000010314.3867   12.3655
    0.0000   15.0000   15.000010370.5381   12.3994
    7.5000   15.0000   15.0000 9712.6406   12.4355
   -7.5000   22.5000   15.0000 9431.8926   12.1953
    0.0000   22.5000   15.0000 9470.7520   12.2268
    7.5000   22.5000   15.0000 8889.9375   12.2609
   -7.5000   30.0000   15.0000 8606.2432   11.8799
    0.0000   30.0000   15.0000 8663.4521   11.9040
    7.5000   30.0000   15.0000 8138.1797   11.9348
   -7.5000   37.5000   15.0000 7799.7759   11.5253
    0.0000   37.5000   15.0000 7849.7412   11.5448
    7.5000   37.5000   15.0000 7390.8867   11.5738
   -7.5000   45.0000   15.0000 7059.3701   11.4144
    0.0000   45.0000   15.0000 7095.8657   11.4385
    7.5000   45.0000   15.0000 6679.8530   11.4698
   -7.5000  -45.0000   22.5000 8045.0688   11.4305
    0.0000  -45.0000   22.5000 8112.7803   11.4581
    7.5000  -45.0000   22.5000 7673.6665   11.4871
   -7.5000  -37.5000   22.5000 8554.2617   12.1721
    0.0000  -37.5000   22.5000 8602.9463   12.2062
    7.5000  -37.5000   22.5000 8154.3154   12.2395
   -7.5000  -30.0000   22.5000 9147.4844   12.4982
    0.0000  -30.0000   22.5000 9210.2930   12.5354
    7.5000  -30.0000   22.5000 8714.0508   12.5697
   -7.5000  -22.5000   22.5000 9966.6201   12.4842
    0.0000  -22.5000   22.500010098.5898   12.5194
    7.5000  -22.5000   22.5000 9426.4492   12.5512
   -7.5000  -15.0000   22.500010743.4219   12.4544
    0.0000  -15.0000   22.500010951.4365   12.4841
    7.5000  -15.0000   22.500010078.6250   12.5130
   -7.5000   -7.5000   22.500010905.9668   12.4422
    0.0000   -7.5000   22.500011110.5762   12.4693
    7.5000   -7.5000   22.500010204.0674   12.4981
   -7.5000    0.0000   22.500010828.0293   12.4560
    0.0000    0.0000   22.500010961.4990   12.4862
    7.5000    0.0000   22.500010187.3896   12.5178
   -7.5000    7.5000   22.500010104.4629   12.4788
    0.0000    7.5000   22.500010190.6191   12.5138
    7.5000    7.5000   22.5000 9570.8682   12.5479
   -7.5000   15.0000   22.5000 9744.0488   12.4937
    0.0000   15.0000   22.5000 9801.7490   12.5310
    7.5000   15.0000   22.5000 9245.8389   12.5653
   -7.5000   22.5000   22.5000 8932.5391   12.3226
    0.0000   22.5000   22.5000 8975.7900   12.3574
    7.5000   22.5000   22.5000 8476.9121   12.3888
   -7.5000   30.0000   22.5000 8203.4736   12.0014
    0.0000   30.0000   22.5000 8215.9092   12.0301
    7.5000   30.0000   22.5000 7775.1997   12.0579
   -7.5000   37.5000   22.5000 7426.8975   11.6398
    0.0000   37.5000   22.5000 7449.3174   11.6651
    7.5000   37.5000   22.5000 7059.1021   11.6920
   -7.5000   45.0000   22.5000 6701.2227   11.5184
    0.0000   45.0000   22.5000 6709.2144   11.5471
    7.5000   45.0000   22.5000 6365.2524   11.5776
   -7.5000  -45.0000   30.0000 7583.0449   11.5147
    0.0000  -45.0000   30.0000 7643.5713   11.5445
    7.5000  -45.0000   30.0000 7229.9604   11.5698
   -7.5000  -37.5000   30.0000 8087.1992   12.2727
    0.0000  -37.5000   30.0000 8121.7354   12.3080
    7.5000  -37.5000   30.0000 7715.0703   12.3377
   -7.5000  -30.0000   30.0000 8655.2480   12.6067
    0.0000  -30.0000   30.0000 8699.1494   12.6439
    7.5000  -30.0000   30.0000 8240.2500   12.6752
   -7.5000  -22.5000   30.0000 9345.5830   12.5902
    0.0000  -22.5000   30.0000 9412.7744   12.6254
    7.5000  -22.5000   30.0000 8873.2500   12.6544
   -7.5000  -15.0000   30.0000 9977.8545   12.5550
    0.0000  -15.0000   30.000010027.3486   12.5856
    7.5000  -15.0000   30.0000 9453.6797   12.6111
   -7.5000   -7.5000   30.000010098.2256   12.5398
    0.0000   -7.5000   30.000010141.4375   12.5687
    7.5000   -7.5000   30.0000 9588.2090   12.5936
   -7.5000    0.0000   30.000010136.3154   12.5554
    0.0000    0.0000   30.000010168.6494   12.5879
    7.5000    0.0000   30.0000 9636.5840   12.6156
   -7.5000    7.5000   30.0000 9548.9336   12.5841
    0.0000    7.5000   30.0000 9593.0215   12.6203
    7.5000    7.5000   30.0000 9104.8164   12.6508
   -7.5000   15.0000   30.0000 9210.5557   12.6022
    0.0000   15.0000   30.0000 9249.0137   12.6394
    7.5000   15.0000   30.0000 8776.2285   12.6706
   -7.5000   22.5000   30.0000 8449.8994   12.4262
    0.0000   22.5000   30.0000 8481.5508   12.4609
    7.5000   22.5000   30.0000 8036.2495   12.4895
   -7.5000   30.0000   30.0000 7772.0640   12.1040
    0.0000   30.0000   30.0000 7788.9995   12.1335
    7.5000   30.0000   30.0000 7370.7700   12.1580
   -7.5000   37.5000   30.0000 7024.6611   11.7421
    0.0000   37.5000   30.0000 7047.3921   11.7692
    7.5000   37.5000   30.0000 6665.3506   11.7925
   -7.5000   45.0000   30.0000 6309.8374   11.6169
    0.0000   45.0000   30.0000 6321.7388   11.6470
    7.5000   45.0000   30.0000 5986.2729   11.6746
   -7.5000  -45.0000   37.5000 7151.5068   11.5385
    0.0000  -45.0000   37.5000 7193.3843   11.5623
    7.5000  -45.0000   37.5000 6813.9185   11.5845
   -7.5000  -37.5000   37.5000 7614.0859   12.3037
    0.0000  -37.5000   37.5000 7656.1655   12.3344
    7.5000  -37.5000   37.5000 7252.9736   12.3605
   -7.5000  -30.0000   37.5000 8130.1475   12.6289
    0.0000  -30.0000   37.5000 8173.4399   12.6623
    7.5000  -30.0000   37.5000 7760.7769   12.6902
   -7.5000  -22.5000   37.5000 8750.5420   12.6070
    0.0000  -22.5000   37.5000 8774.7939   12.6376
    7.5000  -22.5000   37.5000 8339.2656   12.6642
   -7.5000  -15.0000   37.5000 9290.3574   12.5686
    0.0000  -15.0000   37.5000 9298.6572   12.5929
    7.5000  -15.0000   37.5000 8848.7451   12.6163
   -7.5000   -7.5000   37.5000 9406.1084   12.5556
    0.0000   -7.5000   37.5000 9411.5039   12.5774
    7.5000   -7.5000   37.5000 8965.8779   12.5995
   -7.5000    0.0000   37.5000 9481.0527   12.5762
    0.0000    0.0000   37.5000 9483.3711   12.6023
    7.5000    0.0000   37.5000 9042.1553   12.6265
   -7.5000    7.5000   37.5000 8973.1523   12.6081
    0.0000    7.5000   37.5000 8983.2979   12.6396
    7.5000    7.5000   37.5000 8560.5508   12.6664
   -7.5000   15.0000   37.5000 8688.7695   12.6243
    0.0000   15.0000   37.5000 8702.8105   12.6577
    7.5000   15.0000   37.5000 8280.3438   12.6856
   -7.5000   22.5000   37.5000 7975.2891   12.4405
    0.0000   22.5000   37.5000 7992.8945   12.4708
    7.5000   22.5000   37.5000 7591.0449   12.4970
   -7.5000   30.0000   37.5000 7304.4814   12.1170
    0.0000   30.0000   37.5000 7316.7451   12.1404
    7.5000   30.0000   37.5000 6932.6626   12.1629
   -7.5000   37.5000   37.5000 6590.2202   11.7570
    0.0000   37.5000   37.5000 6604.5483   11.7774
    7.5000   37.5000   37.5000 6253.1836   11.7982
   -7.5000   45.0000   37.5000 5918.3950   11.6278
    0.0000   45.0000   37.5000 5922.0259   11.6529
    7.5000   45.0000   37.5000 5613.5938   11.6774
   -7.5000  -45.0000   45.0000 6696.8208   11.5675
    0.0000  -45.0000   45.0000 6733.0117   11.5864
    7.5000  -45.0000   45.0000 6375.3086   11.6110
   -7.5000  -37.5000   45.0000 7136.3457   12.3303
    0.0000  -37.5000   45.0000 7177.8604   12.3580
    7.5000  -37.5000   45.0000 6786.2603   12.3861
   -7.5000  -30.0000   45.0000 7608.2476   12.6385
    0.0000  -30.0000   45.0000 7661.0659   12.6716
    7.5000  -30.0000   45.0000 7244.0542   12.7021
   -7.5000  -22.5000   45.0000 8157.5752   12.6156
    0.0000  -22.5000   45.0000 8196.4395   12.6461
    7.5000  -22.5000   45.0000 7771.0273   12.6767
   -7.5000  -15.0000   45.0000 8632.6709   12.5818
    0.0000  -15.0000   45.0000 8665.8906   12.6036
    7.5000  -15.0000   45.0000 8242.8994   12.6316
   -7.5000   -7.5000   45.0000 8746.0820   12.5743
    0.0000   -7.5000   45.0000 8754.4609   12.5913
    7.5000   -7.5000   45.0000 8338.0146   12.6173
   -7.5000    0.0000   45.0000 8821.1787   12.5965
    0.0000    0.0000   45.0000 8824.7432   12.6172
    7.5000    0.0000   45.0000 8408.4980   12.6440
   -7.5000    7.5000   45.0000 8373.4473   12.6232
    0.0000    7.5000   45.0000 8374.2002   12.6516
    7.5000    7.5000   45.0000 7979.1030   12.6804
   -7.5000   15.0000   45.0000 8127.0439   12.6338
    0.0000   15.0000   45.0000 8118.7056   12.6669
    7.5000   15.0000   45.0000 7729.1387   12.6973
   -7.5000   22.5000   45.0000 7474.8154   12.4474
    0.0000   22.5000   45.0000 7477.9062   12.4775
    7.5000   22.5000   45.0000 7099.4204   12.5077
   -7.5000   30.0000   45.0000 6835.3867   12.1285
    0.0000   30.0000   45.0000 6844.3213   12.1495
    7.5000   30.0000   45.0000 6483.6538   12.1764
   -7.5000   37.5000   45.0000 6147.9360   11.7714
    0.0000   37.5000   45.0000 6157.2979   11.7874
    7.5000   37.5000   45.0000 5842.7197   11.8117
   -7.5000   45.0000   45.0000 5513.9800   11.6346
    0.0000   45.0000   45.0000 5517.8735   11.6569
    7.5000   45.0000   45.0000 5228.6064   11.6834

---------------------------------------------------------------------
imgreg_4dfp /opt/freesurfer/average/711-2C_as_mni_average_305 /opt/freesurfer/average/711-2B_as_mni_average_305_mask talsrcimg_g11 none talsrcimg_to_711-2C_as_mni_average_305_t4 4355
---------------------------------------------------------------------

freesurfer imgreg_4dfp.c
/opt/freesurfer/average/711-2C_as_mni_average_305.4dfp.img
       256       256       256         1
  1.000000  1.000000  1.000000
orientation T byte_order littleendian
Reading image: /opt/freesurfer/average/711-2C_as_mni_average_305.4dfp.img
dimensions:      256       256       256
mmppix:       1.0000   -1.0000   -1.0000
center:     128.0000 -129.0000 -129.0000
/opt/freesurfer/average/711-2B_as_mni_average_305_mask.4dfp.img
       256       256       256         1
  1.000000  1.000000  1.000000
orientation T byte_order littleendian
Reading mask: /opt/freesurfer/average/711-2B_as_mni_average_305_mask.4dfp.img (2306576 pixels)
talsrcimg_g11.4dfp.img
       256       256       256         1
  0.898437  0.898437  0.898437
orientation T byte_order littleendian
Reading image: talsrcimg_g11.4dfp.img
dimensions:      256       256       256
mmppix:       0.8984   -0.8984   -0.8984
center:     114.9999 -115.8984 -115.8984
rotation matrix determinant  1.000000
image alignment mode   4355 decimal     1103 hex
   -7.5000  -52.5000  -30.0000 2085.2524   12.2785
    0.0000  -52.5000  -30.0000 2088.6541   12.2434
    7.5000  -52.5000  -30.0000 2059.7883   12.3871
   -7.5000  -45.0000  -30.0000 2212.8342   11.3723
    0.0000  -45.0000  -30.0000 2217.3999   11.3635
    7.5000  -45.0000  -30.0000 2192.1016   11.5005
   -7.5000  -37.5000  -30.0000 2299.5522   10.6063
    0.0000  -37.5000  -30.0000 2299.3984   10.5792
    7.5000  -37.5000  -30.0000 2274.0928   10.7287
   -7.5000  -30.0000  -30.0000 2348.8674   10.0250
    0.0000  -30.0000  -30.0000 2352.0352    9.9893
    7.5000  -30.0000  -30.0000 2318.8735   10.1280
   -7.5000  -22.5000  -30.0000 2372.1755    9.5987
    0.0000  -22.5000  -30.0000 2383.0115    9.5615
    7.5000  -22.5000  -30.0000 2349.9199    9.7028
   -7.5000  -15.0000  -30.0000 2382.4512    9.3715
    0.0000  -15.0000  -30.0000 2388.9126    9.3149
    7.5000  -15.0000  -30.0000 2362.4202    9.4634
   -7.5000   -7.5000  -30.0000 2374.6704    9.3451
    0.0000   -7.5000  -30.0000 2385.2356    9.2985
    7.5000   -7.5000  -30.0000 2355.4663    9.4202
   -7.5000    0.0000  -30.0000 2357.2566    9.5240
    0.0000    0.0000  -30.0000 2369.2029    9.4786
    7.5000    0.0000  -30.0000 2333.0693    9.6483
   -7.5000    7.5000  -30.0000 2320.4307    9.9316
    0.0000    7.5000  -30.0000 2334.2039    9.8712
    7.5000    7.5000  -30.0000 2296.7097   10.0584
   -7.5000   15.0000  -30.0000 2267.0698   10.5309
    0.0000   15.0000  -30.0000 2278.6079   10.5037
    7.5000   15.0000  -30.0000 2244.4785   10.6757
   -7.5000   22.5000  -30.0000 2189.2798   11.3742
    0.0000   22.5000  -30.0000 2201.9216   11.3394
    7.5000   22.5000  -30.0000 2172.0386   11.5375
   -7.5000   30.0000  -30.0000 2096.9060   12.4859
    0.0000   30.0000  -30.0000 2107.9326   12.4114
    7.5000   30.0000  -30.0000 2077.7749   12.6655
   -7.5000   37.5000  -30.0000 1968.6975   13.8450
    0.0000   37.5000  -30.0000 1975.9097   13.7525
    7.5000   37.5000  -30.0000 1941.1184   13.9734
   -7.5000  -52.5000  -22.5000 2200.9265   11.8147
    0.0000  -52.5000  -22.5000 2206.4814   11.7796
    7.5000  -52.5000  -22.5000 2176.5168   11.9366
   -7.5000  -45.0000  -22.5000 2338.2888   10.9237
    0.0000  -45.0000  -22.5000 2345.2512   10.8911
    7.5000  -45.0000  -22.5000 2313.7053   11.0532
   -7.5000  -37.5000  -22.5000 2424.8887   10.1815
    0.0000  -37.5000  -22.5000 2429.3035   10.1409
    7.5000  -37.5000  -22.5000 2400.4534   10.2951
   -7.5000  -30.0000  -22.5000 2471.6995    9.5991
    0.0000  -30.0000  -22.5000 2477.3369    9.5437
    7.5000  -30.0000  -22.5000 2451.7141    9.7032
   -7.5000  -22.5000  -22.5000 2513.7322    9.1726
    0.0000  -22.5000  -22.5000 2521.3521    9.1289
    7.5000  -22.5000  -22.5000 2488.1960    9.2680
   -7.5000  -15.0000  -22.5000 2532.4375    8.9342
    0.0000  -15.0000  -22.5000 2541.7537    8.8907
    7.5000  -15.0000  -22.5000 2510.1042    9.0198
   -7.5000   -7.5000  -22.5000 2535.7053    8.8852
    0.0000   -7.5000  -22.5000 2544.6328    8.8392
    7.5000   -7.5000  -22.5000 2514.5518    8.9862
   -7.5000    0.0000  -22.5000 2517.0349    9.0619
    0.0000    0.0000  -22.5000 2526.2734    9.0119
    7.5000    0.0000  -22.5000 2485.7976    9.1927
   -7.5000    7.5000  -22.5000 2473.1611    9.4716
    0.0000    7.5000  -22.5000 2487.6877    9.4053
    7.5000    7.5000  -22.5000 2444.2866    9.5975
   -7.5000   15.0000  -22.5000 2409.3865   10.0443
    0.0000   15.0000  -22.5000 2422.8374    9.9965
    7.5000   15.0000  -22.5000 2384.9314   10.1768
   -7.5000   22.5000  -22.5000 2327.5520   10.8506
    0.0000   22.5000  -22.5000 2338.7764   10.8026
    7.5000   22.5000  -22.5000 2307.1475   10.9922
   -7.5000   30.0000  -22.5000 2228.7546   11.8904
    0.0000   30.0000  -22.5000 2235.5015   11.8413
    7.5000   30.0000  -22.5000 2203.8789   12.0475
   -7.5000   37.5000  -22.5000 2081.3335   13.1844
    0.0000   37.5000  -22.5000 2092.5564   13.0939
    7.5000   37.5000  -22.5000 2060.3572   13.3038
   -7.5000  -52.5000  -15.0000 2282.4285   11.2717
    0.0000  -52.5000  -15.0000 2293.9580   11.2550
    7.5000  -52.5000  -15.0000 2263.4514   11.4257
   -7.5000  -45.0000  -15.0000 2424.2119   10.3832
    0.0000  -45.0000  -15.0000 2430.6963   10.3773
    7.5000  -45.0000  -15.0000 2401.2278   10.5162
   -7.5000  -37.5000  -15.0000 2513.7795    9.6730
    0.0000  -37.5000  -15.0000 2518.0959    9.6501
    7.5000  -37.5000  -15.0000 2489.3496    9.7784
   -7.5000  -30.0000  -15.0000 2567.3083    9.1159
    0.0000  -30.0000  -15.0000 2576.7876    9.0723
    7.5000  -30.0000  -15.0000 2548.4556    9.2118
   -7.5000  -22.5000  -15.0000 2620.3677    8.6920
    0.0000  -22.5000  -15.0000 2631.7915    8.6540
    7.5000  -22.5000  -15.0000 2596.3374    8.7833
   -7.5000  -15.0000  -15.0000 2658.3096    8.4413
    0.0000  -15.0000  -15.0000 2668.8455    8.3956
    7.5000  -15.0000  -15.0000 2631.7688    8.5227
   -7.5000   -7.5000  -15.0000 2670.7900    8.3965
    0.0000   -7.5000  -15.0000 2681.4651    8.3491
    7.5000   -7.5000  -15.0000 2644.8440    8.5075
   -7.5000    0.0000  -15.0000 2653.0872    8.5991
    0.0000    0.0000  -15.0000 2667.4629    8.5435
    7.5000    0.0000  -15.0000 2619.4067    8.7154
   -7.5000    7.5000  -15.0000 2607.1465    9.0102
    0.0000    7.5000  -15.0000 2624.6743    8.9521
    7.5000    7.5000  -15.0000 2575.1548    9.1136
   -7.5000   15.0000  -15.0000 2532.7031    9.5825
    0.0000   15.0000  -15.0000 2546.4497    9.5247
    7.5000   15.0000  -15.0000 2507.2571    9.6711
   -7.5000   22.5000  -15.0000 2434.6577   10.3208
    0.0000   22.5000  -15.0000 2445.9580   10.2617
    7.5000   22.5000  -15.0000 2414.1936   10.4314
   -7.5000   30.0000  -15.0000 2324.2473   11.3408
    0.0000   30.0000  -15.0000 2334.7156   11.2736
    7.5000   30.0000  -15.0000 2304.6758   11.4519
   -7.5000   37.5000  -15.0000 2173.3481   12.5707
    0.0000   37.5000  -15.0000 2186.6182   12.4770
    7.5000   37.5000  -15.0000 2154.4116   12.6687
   -7.5000  -52.5000   -7.5000 2322.5159   10.6966
    0.0000  -52.5000   -7.5000 2331.8318   10.6464
    7.5000  -52.5000   -7.5000 2305.4272   10.8408
   -7.5000  -45.0000   -7.5000 2470.1746    9.7993
    0.0000  -45.0000   -7.5000 2475.0403    9.7816
    7.5000  -45.0000   -7.5000 2452.2573    9.9395
   -7.5000  -37.5000   -7.5000 2566.4158    9.1201
    0.0000  -37.5000   -7.5000 2577.0562    9.0913
    7.5000  -37.5000   -7.5000 2546.5977    9.2433
   -7.5000  -30.0000   -7.5000 2631.7268    8.5822
    0.0000  -30.0000   -7.5000 2646.7161    8.5561
    7.5000  -30.0000   -7.5000 2614.9729    8.6749
   -7.5000  -22.5000   -7.5000 2697.1206    8.1904
    0.0000  -22.5000   -7.5000 2709.2385    8.1435
    7.5000  -22.5000   -7.5000 2673.7993    8.2641
   -7.5000  -15.0000   -7.5000 2746.4639    7.9392
    0.0000  -15.0000   -7.5000 2762.0830    7.8904
    7.5000  -15.0000   -7.5000 2716.3247    8.0249
   -7.5000   -7.5000   -7.5000 2765.2366    7.9053
    0.0000   -7.5000   -7.5000 2781.4573    7.8498
    7.5000   -7.5000   -7.5000 2731.3733    7.9987
   -7.5000    0.0000   -7.5000 2746.3174    8.1209
    0.0000    0.0000   -7.5000 2767.7363    8.0605
    7.5000    0.0000   -7.5000 2711.0347    8.2156
   -7.5000    7.5000   -7.5000 2695.4668    8.5162
    0.0000    7.5000   -7.5000 2715.0989    8.4661
    7.5000    7.5000   -7.5000 2663.2539    8.6073
   -7.5000   15.0000   -7.5000 2614.4270    9.0533
    0.0000   15.0000   -7.5000 2627.7598    9.0087
    7.5000   15.0000   -7.5000 2584.8132    9.1503
   -7.5000   22.5000   -7.5000 2506.6257    9.7736
    0.0000   22.5000   -7.5000 2515.1555    9.7319
    7.5000   22.5000   -7.5000 2486.7690    9.8714
   -7.5000   30.0000   -7.5000 2382.9121   10.7527
    0.0000   30.0000   -7.5000 2399.0696   10.6971
    7.5000   30.0000   -7.5000 2363.2212   10.8440
   -7.5000   37.5000   -7.5000 2230.5012   11.9496
    0.0000   37.5000   -7.5000 2242.8223   11.8534
    7.5000   37.5000   -7.5000 2206.5828   12.0370
   -7.5000  -52.5000    0.0000 2356.1370   10.3658
    0.0000  -52.5000    0.0000 2366.2507   10.3231
    7.5000  -52.5000    0.0000 2339.6445   10.5329
   -7.5000  -45.0000    0.0000 2505.0779    9.4678
    0.0000  -45.0000    0.0000 2511.6853    9.4260
    7.5000  -45.0000    0.0000 2482.1826    9.6075
   -7.5000  -37.5000    0.0000 2615.8586    8.7540
    0.0000  -37.5000    0.0000 2626.4678    8.7216
    7.5000  -37.5000    0.0000 2590.9780    8.8762
   -7.5000  -30.0000    0.0000 2703.3303    8.2280
    0.0000  -30.0000    0.0000 2711.0354    8.1961
    7.5000  -30.0000    0.0000 2681.2642    8.3160
   -7.5000  -22.5000    0.0000 2777.4094    7.8650
    0.0000  -22.5000    0.0000 2790.8242    7.8187
    7.5000  -22.5000    0.0000 2753.9802    7.9412
   -7.5000  -15.0000    0.0000 2832.1465    7.6280
    0.0000  -15.0000    0.0000 2855.5354    7.5722
    7.5000  -15.0000    0.0000 2797.0303    7.7277
   -7.5000   -7.5000    0.0000 2856.8389    7.5931
    0.0000   -7.5000    0.0000 2880.1436    7.5264
    7.5000   -7.5000    0.0000 2815.2185    7.6874
   -7.5000    0.0000    0.0000 2839.0522    7.7898
    0.0000    0.0000    0.0000 2860.8188    7.7341
    7.5000    0.0000    0.0000 2796.2930    7.8918
   -7.5000    7.5000    0.0000 2776.3125    8.1608
    0.0000    7.5000    0.0000 2796.2056    8.1089
    7.5000    7.5000    0.0000 2741.5925    8.2658
   -7.5000   15.0000    0.0000 2684.5508    8.6902
    0.0000   15.0000    0.0000 2701.2522    8.6481
    7.5000   15.0000    0.0000 2657.3274    8.8025
   -7.5000   22.5000    0.0000 2566.5984    9.3956
    0.0000   22.5000    0.0000 2575.5730    9.3397
    7.5000   22.5000    0.0000 2543.6106    9.5211
   -7.5000   30.0000    0.0000 2441.0164   10.3592
    0.0000   30.0000    0.0000 2457.0037   10.2973
    7.5000   30.0000    0.0000 2411.1824   10.4762
   -7.5000   37.5000    0.0000 2280.6111   11.5021
    0.0000   37.5000    0.0000 2294.8208   11.4095
    7.5000   37.5000    0.0000 2253.9504   11.6029
   -7.5000  -52.5000    7.5000 2368.6653   10.1671
    0.0000  -52.5000    7.5000 2378.4485   10.0912
    7.5000  -52.5000    7.5000 2349.9253   10.3184
   -7.5000  -45.0000    7.5000 2517.0022    9.2310
    0.0000  -45.0000    7.5000 2525.3538    9.1669
    7.5000  -45.0000    7.5000 2491.7949    9.3863
   -7.5000  -37.5000    7.5000 2633.4412    8.4869
    0.0000  -37.5000    7.5000 2644.1099    8.4286
    7.5000  -37.5000    7.5000 2607.1313    8.6294
   -7.5000  -30.0000    7.5000 2733.0178    7.9721
    0.0000  -30.0000    7.5000 2743.5161    7.9219
    7.5000  -30.0000    7.5000 2707.8933    8.0647
   -7.5000  -22.5000    7.5000 2827.4485    7.6580
    0.0000  -22.5000    7.5000 2844.9463    7.5954
    7.5000  -22.5000    7.5000 2807.2241    7.7022
   -7.5000  -15.0000    7.5000 2904.2639    7.4659
    0.0000  -15.0000    7.5000 2933.8616    7.3946
    7.5000  -15.0000    7.5000 2867.8914    7.5156
   -7.5000   -7.5000    7.5000 2935.8413    7.3911
    0.0000   -7.5000    7.5000 2969.4341    7.3268
    7.5000   -7.5000    7.5000 2884.4412    7.4719
   -7.5000    0.0000    7.5000 2901.6719    7.5343
    0.0000    0.0000    7.5000 2930.3828    7.4670
    7.5000    0.0000    7.5000 2856.5923    7.6231
   -7.5000    7.5000    7.5000 2831.5969    7.8463
    0.0000    7.5000    7.5000 2852.6707    7.7968
    7.5000    7.5000    7.5000 2793.5352    7.9455
   -7.5000   15.0000    7.5000 2729.5808    8.3734
    0.0000   15.0000    7.5000 2749.9417    8.3114
    7.5000   15.0000    7.5000 2703.9597    8.4619
   -7.5000   22.5000    7.5000 2599.8882    9.0907
    0.0000   22.5000    7.5000 2619.5886    9.0248
    7.5000   22.5000    7.5000 2578.5256    9.1766
   -7.5000   30.0000    7.5000 2470.5862   10.0254
    0.0000   30.0000    7.5000 2487.5208    9.9266
    7.5000   30.0000    7.5000 2449.7688   10.1002
   -7.5000   37.5000    7.5000 2304.0039   11.1275
    0.0000   37.5000    7.5000 2325.0105   11.0351
    7.5000   37.5000    7.5000 2284.0874   11.2196
   -7.5000  -52.5000   15.0000 2369.2234   10.0944
    0.0000  -52.5000   15.0000 2378.0642   10.0050
    7.5000  -52.5000   15.0000 2350.6733   10.2595
   -7.5000  -45.0000   15.0000 2513.4353    9.1571
    0.0000  -45.0000   15.0000 2520.8997    9.0704
    7.5000  -45.0000   15.0000 2489.1343    9.3380
   -7.5000  -37.5000   15.0000 2636.9351    8.4074
    0.0000  -37.5000   15.0000 2641.9116    8.3522
    7.5000  -37.5000   15.0000 2606.6399    8.5529
   -7.5000  -30.0000   15.0000 2744.1604    7.8643
    0.0000  -30.0000   15.0000 2754.1191    7.8074
    7.5000  -30.0000   15.0000 2719.2217    7.9744
   -7.5000  -22.5000   15.0000 2853.7373    7.5714
    0.0000  -22.5000   15.0000 2871.3396    7.5121
    7.5000  -22.5000   15.0000 2828.3811    7.6168
   -7.5000  -15.0000   15.0000 2950.0042    7.4187
    0.0000  -15.0000   15.0000 2990.3918    7.3915
    7.5000  -15.0000   15.0000 2906.7104    7.4282
   -7.5000   -7.5000   15.0000 3000.0183    7.3393
    0.0000   -7.5000   15.0000 3046.7720    7.3140
    7.5000   -7.5000   15.0000 2933.0132    7.3746
   -7.5000    0.0000   15.0000 2943.9712    7.4064
    0.0000    0.0000   15.0000 2976.4082    7.3651
    7.5000    0.0000   15.0000 2895.1470    7.4795
   -7.5000    7.5000   15.0000 2858.6604    7.6441
    0.0000    7.5000   15.0000 2882.1106    7.5982
    7.5000    7.5000   15.0000 2825.8308    7.7422
   -7.5000   15.0000   15.0000 2745.5730    8.1551
    0.0000   15.0000   15.0000 2771.0095    8.0966
    7.5000   15.0000   15.0000 2726.1292    8.2417
   -7.5000   22.5000   15.0000 2614.3762    8.8809
    0.0000   22.5000   15.0000 2634.3840    8.8086
    7.5000   22.5000   15.0000 2597.6641    8.9671
   -7.5000   30.0000   15.0000 2477.3906    9.8146
    0.0000   30.0000   15.0000 2499.5466    9.7360
    7.5000   30.0000   15.0000 2457.8630    9.9048
   -7.5000   37.5000   15.0000 2313.0974   10.9135
    0.0000   37.5000   15.0000 2329.9702   10.8301
    7.5000   37.5000   15.0000 2295.3579   11.0078
   -7.5000  -52.5000   22.5000 2357.7412   10.1841
    0.0000  -52.5000   22.5000 2368.7202   10.1217
    7.5000  -52.5000   22.5000 2340.7317   10.3724
   -7.5000  -45.0000   22.5000 2501.1440    9.2368
    0.0000  -45.0000   22.5000 2512.1387    9.1997
    7.5000  -45.0000   22.5000 2477.4417    9.4345
   -7.5000  -37.5000   22.5000 2630.3499    8.4812
    0.0000  -37.5000   22.5000 2634.1199    8.4623
    7.5000  -37.5000   22.5000 2597.7969    8.6579
   -7.5000  -30.0000   22.5000 2739.9946    7.9379
    0.0000  -30.0000   22.5000 2746.4907    7.8997
    7.5000  -30.0000   22.5000 2709.1199    8.0552
   -7.5000  -22.5000   22.5000 2850.2114    7.6056
    0.0000  -22.5000   22.5000 2868.1067    7.5801
    7.5000  -22.5000   22.5000 2821.2766    7.6633
   -7.5000  -15.0000   22.5000 2949.2473    7.4197
    0.0000  -15.0000   22.5000 2984.6069    7.4155
    7.5000  -15.0000   22.5000 2900.3618    7.4541
   -7.5000   -7.5000   22.5000 2991.1628    7.3413
    0.0000   -7.5000   22.5000 3036.2910    7.3239
    7.5000   -7.5000   22.5000 2926.8025    7.3960
   -7.5000    0.0000   22.5000 2933.3630    7.4437
    0.0000    0.0000   22.5000 2966.9597    7.4011
    7.5000    0.0000   22.5000 2890.1389    7.5179
   -7.5000    7.5000   22.5000 2849.6807    7.6747
    0.0000    7.5000   22.5000 2873.7480    7.6339
    7.5000    7.5000   22.5000 2821.3000    7.7784
   -7.5000   15.0000   22.5000 2736.7249    8.1405
    0.0000   15.0000   22.5000 2757.3516    8.1011
    7.5000   15.0000   22.5000 2720.3687    8.2498
   -7.5000   22.5000   22.5000 2602.0566    8.8400
    0.0000   22.5000   22.5000 2624.7119    8.7714
    7.5000   22.5000   22.5000 2593.1321    8.9318
   -7.5000   30.0000   22.5000 2465.1152    9.7414
    0.0000   30.0000   22.5000 2482.2925    9.6623
    7.5000   30.0000   22.5000 2454.2952    9.8461
   -7.5000   37.5000   22.5000 2295.8232   10.8235
    0.0000   37.5000   22.5000 2314.9844   10.7267
    7.5000   37.5000   22.5000 2289.7043   10.9290
   -7.5000  -52.5000   30.0000 2342.0242   10.3921
    0.0000  -52.5000   30.0000 2356.5869   10.3405
    7.5000  -52.5000   30.0000 2323.3538   10.5757
   -7.5000  -45.0000   30.0000 2489.4641    9.4610
    0.0000  -45.0000   30.0000 2505.8018    9.4205
    7.5000  -45.0000   30.0000 2464.8467    9.6413
   -7.5000  -37.5000   30.0000 2616.4680    8.7266
    0.0000  -37.5000   30.0000 2624.4565    8.6714
    7.5000  -37.5000   30.0000 2588.3684    8.8929
   -7.5000  -30.0000   30.0000 2724.0627    8.1655
    0.0000  -30.0000   30.0000 2734.5564    8.1083
    7.5000  -30.0000   30.0000 2693.9668    8.2902
   -7.5000  -22.5000   30.0000 2819.6658    7.7885
    0.0000  -22.5000   30.0000 2837.2998    7.7323
    7.5000  -22.5000   30.0000 2792.9487    7.8562
   -7.5000  -15.0000   30.0000 2900.8855    7.5476
    0.0000  -15.0000   30.0000 2926.5840    7.4988
    7.5000  -15.0000   30.0000 2865.1150    7.6062
   -7.5000   -7.5000   30.0000 2926.8965    7.4716
    0.0000   -7.5000   30.0000 2960.5276    7.4043
    7.5000   -7.5000   30.0000 2888.3550    7.5640
   -7.5000    0.0000   30.0000 2884.1548    7.6245
    0.0000    0.0000   30.0000 2912.3940    7.5500
    7.5000    0.0000   30.0000 2854.1555    7.7140
   -7.5000    7.5000   30.0000 2805.8608    7.9270
    0.0000    7.5000   30.0000 2828.9592    7.8610
    7.5000    7.5000   30.0000 2783.8962    8.0134
   -7.5000   15.0000   30.0000 2689.8093    8.3866
    0.0000   15.0000   30.0000 2710.5166    8.3258
    7.5000   15.0000   30.0000 2676.7214    8.4798
   -7.5000   22.5000   30.0000 2565.4561    9.0243
    0.0000   22.5000   30.0000 2585.2075    8.9508
    7.5000   22.5000   30.0000 2558.6736    9.1152
   -7.5000   30.0000   30.0000 2439.8079    9.8488
    0.0000   30.0000   30.0000 2453.1604    9.7783
    7.5000   30.0000   30.0000 2427.0867    9.9575
   -7.5000   37.5000   30.0000 2270.3608   10.8951
    0.0000   37.5000   30.0000 2286.9187   10.8168
    7.5000   37.5000   30.0000 2262.6555   10.9928
   -7.5000  -52.5000   37.5000 2322.8594   10.7229
    0.0000  -52.5000   37.5000 2336.8640   10.6569
    7.5000  -52.5000   37.5000 2301.5476   10.9002
   -7.5000  -45.0000   37.5000 2469.6821    9.7926
    0.0000  -45.0000   37.5000 2483.1831    9.7446
    7.5000  -45.0000   37.5000 2445.5908    9.9818
   -7.5000  -37.5000   37.5000 2586.7732    9.0663
    0.0000  -37.5000   37.5000 2603.0791    8.9966
    7.5000  -37.5000   37.5000 2557.8743    9.2158
   -7.5000  -30.0000   37.5000 2685.8267    8.4917
    0.0000  -30.0000   37.5000 2704.5286    8.4242
    7.5000  -30.0000   37.5000 2661.6104    8.6142
   -7.5000  -22.5000   37.5000 2775.4102    8.0810
    0.0000  -22.5000   37.5000 2790.5447    8.0049
    7.5000  -22.5000   37.5000 2749.4680    8.1859
   -7.5000  -15.0000   37.5000 2831.5410    7.8208
    0.0000  -15.0000   37.5000 2853.8118    7.7358
    7.5000  -15.0000   37.5000 2802.8518    7.9232
   -7.5000   -7.5000   37.5000 2845.3635    7.7594
    0.0000   -7.5000   37.5000 2867.8335    7.6833
    7.5000   -7.5000   37.5000 2816.6287    7.8640
   -7.5000    0.0000   37.5000 2805.2754    7.9368
    0.0000    0.0000   37.5000 2828.2925    7.8655
    7.5000    0.0000   37.5000 2785.3064    8.0225
   -7.5000    7.5000   37.5000 2732.3772    8.2497
    0.0000    7.5000   37.5000 2753.3767    8.1729
    7.5000    7.5000   37.5000 2715.5142    8.3330
   -7.5000   15.0000   37.5000 2630.8572    8.7130
    0.0000   15.0000   37.5000 2649.3496    8.6487
    7.5000   15.0000   37.5000 2618.8931    8.8260
   -7.5000   22.5000   37.5000 2513.5562    9.3429
    0.0000   22.5000   37.5000 2533.5476    9.2821
    7.5000   22.5000   37.5000 2506.8477    9.4591
   -7.5000   30.0000   37.5000 2387.4187   10.1666
    0.0000   30.0000   37.5000 2401.5085   10.0986
    7.5000   30.0000   37.5000 2376.1035   10.2807
   -7.5000   37.5000   37.5000 2220.8010   11.1683
    0.0000   37.5000   37.5000 2234.1584   11.0788
    7.5000   37.5000   37.5000 2214.0876   11.2742
   -7.5000  -52.5000   45.0000 2264.4026   11.1299
    0.0000  -52.5000   45.0000 2283.0229   11.0608
    7.5000  -52.5000   45.0000 2249.1501   11.3096
   -7.5000  -45.0000   45.0000 2410.1697   10.2046
    0.0000  -45.0000   45.0000 2425.6660   10.1333
    7.5000  -45.0000   45.0000 2384.6938   10.3679
   -7.5000  -37.5000   45.0000 2524.5535    9.4450
    0.0000  -37.5000   45.0000 2543.2856    9.3775
    7.5000  -37.5000   45.0000 2497.4978    9.5853
   -7.5000  -30.0000   45.0000 2615.2605    8.8627
    0.0000  -30.0000   45.0000 2639.1936    8.7864
    7.5000  -30.0000   45.0000 2592.8870    8.9790
   -7.5000  -22.5000   45.0000 2691.0237    8.4180
    0.0000  -22.5000   45.0000 2714.0610    8.3569
    7.5000  -22.5000   45.0000 2671.0522    8.5310
   -7.5000  -15.0000   45.0000 2728.7837    8.1635
    0.0000  -15.0000   45.0000 2757.5461    8.0693
    7.5000  -15.0000   45.0000 2711.1460    8.2757
   -7.5000   -7.5000   45.0000 2733.6711    8.1218
    0.0000   -7.5000   45.0000 2753.0071    8.0439
    7.5000   -7.5000   45.0000 2713.2622    8.2131
   -7.5000    0.0000   45.0000 2686.9272    8.3173
    0.0000    0.0000   45.0000 2710.7798    8.2307
    7.5000    0.0000   45.0000 2675.0757    8.3883
   -7.5000    7.5000   45.0000 2625.5513    8.6221
    0.0000    7.5000   45.0000 2643.0552    8.5411
    7.5000    7.5000   45.0000 2613.8635    8.7063
   -7.5000   15.0000   45.0000 2541.2283    9.0710
    0.0000   15.0000   45.0000 2553.6560    9.0041
    7.5000   15.0000   45.0000 2529.9180    9.1873
   -7.5000   22.5000   45.0000 2432.8630    9.6877
    0.0000   22.5000   45.0000 2445.7266    9.6301
    7.5000   22.5000   45.0000 2424.0342    9.8133
   -7.5000   30.0000   45.0000 2309.1160   10.5257
    0.0000   30.0000   45.0000 2324.3848   10.4528
    7.5000   30.0000   45.0000 2300.3247   10.6489
   -7.5000   37.5000   45.0000 2142.4402   11.5339
    0.0000   37.5000   45.0000 2154.7109   11.4625
    7.5000   37.5000   45.0000 2133.9167   11.6721
   -7.5000  -52.5000   52.5000 2182.6086   11.5642
    0.0000  -52.5000   52.5000 2204.3958   11.5193
    7.5000  -52.5000   52.5000 2171.3218   11.7527
   -7.5000  -45.0000   52.5000 2319.5859   10.6411
    0.0000  -45.0000   52.5000 2343.5845   10.5755
    7.5000  -45.0000   52.5000 2300.5767   10.8186
   -7.5000  -37.5000   52.5000 2427.1455    9.8481
    0.0000  -37.5000   52.5000 2447.4407    9.7724
    7.5000  -37.5000   52.5000 2402.4368    9.9905
   -7.5000  -30.0000   52.5000 2512.2261    9.2383
    0.0000  -30.0000   52.5000 2533.9275    9.1716
    7.5000  -30.0000   52.5000 2489.2991    9.3701
   -7.5000  -22.5000   52.5000 2574.1421    8.8064
    0.0000  -22.5000   52.5000 2598.5674    8.7255
    7.5000  -22.5000   52.5000 2557.2004    8.9280
   -7.5000  -15.0000   52.5000 2606.4568    8.5493
    0.0000  -15.0000   52.5000 2626.3032    8.4632
    7.5000  -15.0000   52.5000 2588.1750    8.6617
   -7.5000   -7.5000   52.5000 2600.3376    8.5146
    0.0000   -7.5000   52.5000 2618.9519    8.4516
    7.5000   -7.5000   52.5000 2583.2710    8.6231
   -7.5000    0.0000   52.5000 2560.9509    8.6938
    0.0000    0.0000   52.5000 2581.2793    8.6213
    7.5000    0.0000   52.5000 2549.9963    8.7958
   -7.5000    7.5000   52.5000 2502.8357    9.0065
    0.0000    7.5000   52.5000 2517.8623    8.9285
    7.5000    7.5000   52.5000 2493.4941    9.1064
   -7.5000   15.0000   52.5000 2423.7051    9.4340
    0.0000   15.0000   52.5000 2437.3315    9.3767
    7.5000   15.0000   52.5000 2410.5063    9.5523
   -7.5000   22.5000   52.5000 2330.6733   10.0384
    0.0000   22.5000   52.5000 2342.0549    9.9748
    7.5000   22.5000   52.5000 2318.3823   10.1537
   -7.5000   30.0000   52.5000 2210.2114   10.8763
    0.0000   30.0000   52.5000 2226.2751   10.7963
    7.5000   30.0000   52.5000 2199.7546   10.9823
   -7.5000   37.5000   52.5000 2046.1501   11.8971
    0.0000   37.5000   52.5000 2062.2073   11.8173
    7.5000   37.5000   52.5000 2039.1724   12.0271
   -7.5000  -52.5000   60.0000 2125.3523   12.3911
    0.0000  -52.5000   60.0000 2151.2764   12.3517
    7.5000  -52.5000   60.0000 2115.9585   12.5746
   -7.5000  -45.0000   60.0000 2259.7402   11.4078
    0.0000  -45.0000   60.0000 2281.8027   11.3707
    7.5000  -45.0000   60.0000 2240.7043   11.5917
   -7.5000  -37.5000   60.0000 2356.1616   10.5539
    0.0000  -37.5000   60.0000 2376.3071   10.5043
    7.5000  -37.5000   60.0000 2333.2444   10.7006
   -7.5000  -30.0000   60.0000 2428.7134    9.9059
    0.0000  -30.0000   60.0000 2449.3464    9.8574
    7.5000  -30.0000   60.0000 2408.1003   10.0591
   -7.5000  -22.5000   60.0000 2479.8296    9.4719
    0.0000  -22.5000   60.0000 2501.6743    9.3969
    7.5000  -22.5000   60.0000 2465.3313    9.5946
   -7.5000  -15.0000   60.0000 2507.2000    9.2224
    0.0000  -15.0000   60.0000 2517.7427    9.1607
    7.5000  -15.0000   60.0000 2492.9309    9.3460
   -7.5000   -7.5000   60.0000 2508.0513    9.1834
    0.0000   -7.5000   60.0000 2517.3618    9.1240
    7.5000   -7.5000   60.0000 2493.0305    9.2972
   -7.5000    0.0000   60.0000 2476.4368    9.3481
    0.0000    0.0000   60.0000 2491.5840    9.2890
    7.5000    0.0000   60.0000 2466.6162    9.4609
   -7.5000    7.5000   60.0000 2420.8401    9.6599
    0.0000    7.5000   60.0000 2439.6223    9.5965
    7.5000    7.5000   60.0000 2410.2983    9.7625
   -7.5000   15.0000   60.0000 2344.0042   10.0805
    0.0000   15.0000   60.0000 2362.6372   10.0231
    7.5000   15.0000   60.0000 2332.3164   10.1863
   -7.5000   22.5000   60.0000 2251.0203   10.6619
    0.0000   22.5000   60.0000 2268.2922   10.6089
    7.5000   22.5000   60.0000 2242.8955   10.7810
   -7.5000   30.0000   60.0000 2136.4761   11.5327
    0.0000   30.0000   60.0000 2151.8750   11.4700
    7.5000   30.0000   60.0000 2127.3450   11.6259
   -7.5000   37.5000   60.0000 1981.0100   12.5948
    0.0000   37.5000   60.0000 1994.2834   12.5012
    7.5000   37.5000   60.0000 1970.3347   12.6791

---------------------------------------------------------------------
imgreg_4dfp /opt/freesurfer/average/711-2C_as_mni_average_305 /opt/freesurfer/average/711-2B_as_mni_average_305_mask talsrcimg_g11 none talsrcimg_to_711-2C_as_mni_average_305_t4 1283
---------------------------------------------------------------------

freesurfer imgreg_4dfp.c
/opt/freesurfer/average/711-2C_as_mni_average_305.4dfp.img
       256       256       256         1
  1.000000  1.000000  1.000000
orientation T byte_order littleendian
Reading image: /opt/freesurfer/average/711-2C_as_mni_average_305.4dfp.img
dimensions:      256       256       256
mmppix:       1.0000   -1.0000   -1.0000
center:     128.0000 -129.0000 -129.0000
/opt/freesurfer/average/711-2B_as_mni_average_305_mask.4dfp.img
       256       256       256         1
  1.000000  1.000000  1.000000
orientation T byte_order littleendian
Reading mask: /opt/freesurfer/average/711-2B_as_mni_average_305_mask.4dfp.img (2306576 pixels)
talsrcimg_g11.4dfp.img
       256       256       256         1
  0.898437  0.898437  0.898437
orientation T byte_order littleendian
Reading image: talsrcimg_g11.4dfp.img
dimensions:      256       256       256
mmppix:       0.8984   -0.8984   -0.8984
center:     114.9999 -115.8984 -115.8984
rotation matrix determinant  1.000000
fimgreg.f
image alignment mode   1283 decimal      503 hex
parameters
    0.0000   -7.5000   15.0000    0.0000    0.0000    0.0000
eta,q 0.95499  7.33852
niter,ni,del,rscale     5    3   12.0000    1.2000
parameter  3 -0.501133 -> -0.500000 qaram    1.1500
parameters
   -1.9405   -8.4133   18.4500    0.0498   -0.8343    1.3002
eta,q 0.96223  7.35610
  0.0509  0.0538  0.0633  0.0483  0.0462  0.0514
  0.0445  0.0461  0.0546  0.0431  0.0411  0.0457
  0.0417  0.0410  0.0464  0.0393  0.0385  0.0406
  0.0435  0.0417  0.0406  0.0383  0.0383  0.0382
  0.0508  0.0470  0.0381  0.0398  0.0404  0.0379
  0.0612  0.0538  0.0387  0.0433  0.0452  0.0397
  0.0740  0.0616  0.0411  0.0474  0.0523  0.0437
niter,ni,del,rscale     5    3   12.0000    1.2000
parameters
   -1.6180   -8.2710   18.4389   -0.0854   -0.9415    1.3750
eta,q 0.96232  7.35568
  0.0628  0.0572  0.0528  0.0478  0.0486  0.0478
  0.0512  0.0462  0.0445  0.0423  0.0427  0.0420
  0.0420  0.0390  0.0390  0.0384  0.0385  0.0385
  0.0378  0.0377  0.0378  0.0378  0.0377  0.0377
  0.0396  0.0409  0.0402  0.0398  0.0390  0.0388
  0.0471  0.0464  0.0451  0.0435  0.0428  0.0421
  0.0587  0.0538  0.0522  0.0480  0.0496  0.0470
niter,ni,del,rscale     4    3   12.0000    1.2000
parameters
   -1.5692   -8.2104   18.4373   -0.1256   -0.9685    1.3762
eta,q 0.96229  7.35544
  0.0610  0.0568  0.0528  0.0481  0.0489  0.0476
  0.0497  0.0458  0.0446  0.0426  0.0429  0.0418
  0.0409  0.0387  0.0390  0.0385  0.0387  0.0384
  0.0377  0.0377  0.0377  0.0377  0.0377  0.0377
  0.0405  0.0411  0.0402  0.0397  0.0389  0.0389
  0.0487  0.0469  0.0450  0.0432  0.0427  0.0422
  0.0606  0.0542  0.0521  0.0477  0.0493  0.0472
niter,ni,del,rscale     3    3   12.0000    1.2000
parameters
   -1.5614   -8.1914   18.4364   -0.1376   -0.9737    1.3737
eta,q 0.96228  7.35536
  0.0608  0.0565  0.0528  0.0482  0.0490  0.0476
  0.0494  0.0456  0.0446  0.0427  0.0430  0.0418
  0.0408  0.0386  0.0391  0.0386  0.0387  0.0384
  0.0377  0.0377  0.0377  0.0377  0.0377  0.0377
  0.0407  0.0413  0.0402  0.0397  0.0389  0.0389
  0.0490  0.0470  0.0450  0.0432  0.0426  0.0423
  0.0609  0.0544  0.0521  0.0476  0.0492  0.0472
registration optimization eta report
parameter search radius
    6.0000    6.0000    6.9000    6.0000    6.0000    6.0000
100000*second partial in parameter space
       63.       49.       31.       28.       32.       27.
  0.0608  0.0565  0.0528  0.0482  0.0490  0.0476
  0.0494  0.0456  0.0446  0.0427  0.0430  0.0418
  0.0408  0.0386  0.0391  0.0386  0.0387  0.0384
  0.0377  0.0377  0.0377  0.0377  0.0377  0.0377
  0.0407  0.0413  0.0402  0.0397  0.0389  0.0389
  0.0490  0.0470  0.0450  0.0432  0.0426  0.0423
  0.0609  0.0544  0.0521  0.0476  0.0492  0.0472
   -1.5614   -8.1914   18.4364   -0.1376   -0.9737    1.3737
eta,q 0.96228  7.35536

---------------------------------------------------------------------
imgreg_4dfp /opt/freesurfer/average/711-2C_as_mni_average_305 /opt/freesurfer/average/711-2B_as_mni_average_305_mask talsrcimg_g11 none talsrcimg_to_711-2C_as_mni_average_305_t4 3335
---------------------------------------------------------------------

freesurfer imgreg_4dfp.c
/opt/freesurfer/average/711-2C_as_mni_average_305.4dfp.img
       256       256       256         1
  1.000000  1.000000  1.000000
orientation T byte_order littleendian
Reading image: /opt/freesurfer/average/711-2C_as_mni_average_305.4dfp.img
dimensions:      256       256       256
mmppix:       1.0000   -1.0000   -1.0000
center:     128.0000 -129.0000 -129.0000
/opt/freesurfer/average/711-2B_as_mni_average_305_mask.4dfp.img
       256       256       256         1
  1.000000  1.000000  1.000000
orientation T byte_order littleendian
Reading mask: /opt/freesurfer/average/711-2B_as_mni_average_305_mask.4dfp.img (2306576 pixels)
talsrcimg_g11.4dfp.img
       256       256       256         1
  0.898437  0.898437  0.898437
orientation T byte_order littleendian
Reading image: talsrcimg_g11.4dfp.img
dimensions:      256       256       256
mmppix:       0.8984   -0.8984   -0.8984
center:     114.9999 -115.8984 -115.8984
fimgreg.f
image alignment mode   3335 decimal      D07 hex
parameters
   -1.5614   -8.1914   18.4364   -0.0432   -0.0291   -0.0147
   -2.4014    1.6931    2.3969    0.2808   -1.6994   -0.2400
eta,q 0.96257  7.37378
niter,ni,del,rscale     5    3    5.0000    1.2000
parameter  4  0.553703 ->  0.500000 qaram    1.1500
parameter  5  1.879688 ->  0.500000 qaram    1.1500
parameter  6  0.842108 ->  0.500000 qaram    1.1500
parameter 12  0.675370 ->  0.500000 qaram    1.1500
parameters
   -1.6759   -8.0551   18.3431   -4.1832   -4.1691   -4.1547
   -1.6218    2.0125    3.6450   -1.6831   -2.7477   -4.3800
eta,q 0.96940  6.92993
  0.0413  0.0408  0.0394  0.0369  0.0318  0.0312  0.0355  0.0367  0.0348  0.0334  0.0322  0.0308
  0.0390  0.0391  0.0383  0.0367  0.0329  0.0316  0.0336  0.0342  0.0333  0.0319  0.0316  0.0306
  0.0377  0.0380  0.0376  0.0368  0.0346  0.0323  0.0323  0.0324  0.0323  0.0313  0.0313  0.0307
  0.0374  0.0374  0.0374  0.0374  0.0367  0.0333  0.0317  0.0317  0.0317  0.0316  0.0313  0.0313
  0.0381  0.0376  0.0377  0.0387  0.0395  0.0349  0.0318  0.0320  0.0317  0.0328  0.0315  0.0322
  0.0396  0.0385  0.0385  0.0410  0.0424  0.0373  0.0327  0.0335  0.0322  0.0348  0.0321  0.0333
  0.0421  0.0402  0.0398  0.0442  0.0455  0.0409  0.0342  0.0360  0.0332  0.0374  0.0330  0.0345
niter,ni,del,rscale     7    3    5.0000    1.2000
parameter  5  0.654154 ->  0.500000 qaram    1.3225
parameters
   -1.6345   -8.3012   18.1511   -5.0419   -8.9301   -6.0027
   -1.9492    1.9521    3.8212   -1.4266   -2.9187   -4.1288
eta,q 0.97167  6.66909
  0.0349  0.0334  0.0323  0.0329  0.0294  0.0306  0.0316  0.0333  0.0310  0.0324  0.0299  0.0306
  0.0326  0.0317  0.0313  0.0314  0.0288  0.0288  0.0298  0.0307  0.0296  0.0302  0.0290  0.0294
  0.0311  0.0307  0.0307  0.0306  0.0292  0.0283  0.0286  0.0289  0.0287  0.0288  0.0285  0.0287
  0.0306  0.0306  0.0306  0.0305  0.0305  0.0288  0.0284  0.0283  0.0283  0.0283  0.0283  0.0283
  0.0310  0.0313  0.0309  0.0310  0.0325  0.0297  0.0289  0.0290  0.0286  0.0287  0.0285  0.0285
  0.0324  0.0327  0.0317  0.0321  0.0354  0.0308  0.0303  0.0307  0.0295  0.0299  0.0291  0.0292
  0.0346  0.0348  0.0330  0.0342  0.0390  0.0332  0.0322  0.0335  0.0307  0.0318  0.0300  0.0303
niter,ni,del,rscale     7    3    5.0000    1.2000
parameters
   -1.6334   -8.1631   18.3765   -4.8020   -9.8326   -5.6770
   -2.0060    1.9609    3.8750   -1.3700   -2.9119   -4.1356
eta,q 0.97169  6.65983
  0.0326  0.0323  0.0309  0.0316  0.0322  0.0322  0.0319  0.0332  0.0308  0.0321  0.0299  0.0304
  0.0302  0.0302  0.0296  0.0298  0.0302  0.0299  0.0299  0.0307  0.0295  0.0300  0.0290  0.0293
  0.0288  0.0288  0.0288  0.0286  0.0287  0.0285  0.0287  0.0289  0.0286  0.0287  0.0285  0.0286
  0.0283  0.0283  0.0283  0.0283  0.0283  0.0283  0.0283  0.0283  0.0283  0.0283  0.0283  0.0283
  0.0288  0.0286  0.0284  0.0286  0.0292  0.0290  0.0288  0.0289  0.0286  0.0287  0.0285  0.0285
  0.0302  0.0297  0.0290  0.0295  0.0312  0.0299  0.0301  0.0306  0.0295  0.0299  0.0290  0.0293
  0.0325  0.0314  0.0302  0.0313  0.0341  0.0312  0.0319  0.0333  0.0307  0.0319  0.0299  0.0304
niter,ni,del,rscale     6    3    5.0000    1.2000
parameters
   -1.6247   -8.1255   18.4758   -4.7120   -9.9576   -5.5950
   -2.0221    1.9642    3.8728   -1.3494   -2.9064   -4.1459
eta,q 0.97168  6.66215
  0.0326  0.0320  0.0306  0.0315  0.0328  0.0319  0.0319  0.0332  0.0308  0.0320  0.0299  0.0304
  0.0302  0.0299  0.0294  0.0297  0.0307  0.0298  0.0300  0.0307  0.0294  0.0299  0.0290  0.0293
  0.0288  0.0287  0.0287  0.0286  0.0290  0.0284  0.0287  0.0289  0.0286  0.0287  0.0285  0.0286
  0.0283  0.0283  0.0283  0.0283  0.0283  0.0283  0.0283  0.0283  0.0283  0.0283  0.0283  0.0283
  0.0288  0.0287  0.0285  0.0286  0.0289  0.0291  0.0288  0.0289  0.0287  0.0288  0.0285  0.0286
  0.0302  0.0299  0.0291  0.0295  0.0306  0.0300  0.0300  0.0306  0.0295  0.0300  0.0290  0.0293
  0.0325  0.0317  0.0303  0.0314  0.0333  0.0314  0.0319  0.0333  0.0308  0.0319  0.0299  0.0305
niter,ni,del,rscale     5    3    5.0000    1.2000
parameters
   -1.6210   -8.1252   18.4944   -4.6967   -9.9764   -5.5767
   -2.0278    1.9676    3.8662   -1.3517   -2.9055   -4.1484
eta,q 0.97167  6.66278
  0.0326  0.0319  0.0305  0.0314  0.0329  0.0319  0.0319  0.0332  0.0308  0.0320  0.0299  0.0304
  0.0302  0.0299  0.0294  0.0297  0.0308  0.0297  0.0300  0.0307  0.0295  0.0299  0.0290  0.0293
  0.0288  0.0287  0.0286  0.0286  0.0291  0.0284  0.0287  0.0289  0.0286  0.0287  0.0285  0.0286
  0.0283  0.0283  0.0283  0.0283  0.0283  0.0283  0.0283  0.0283  0.0283  0.0283  0.0283  0.0283
  0.0288  0.0288  0.0285  0.0286  0.0289  0.0291  0.0288  0.0289  0.0287  0.0288  0.0285  0.0286
  0.0302  0.0300  0.0293  0.0296  0.0306  0.0300  0.0300  0.0306  0.0295  0.0300  0.0290  0.0293
  0.0325  0.0318  0.0305  0.0314  0.0332  0.0315  0.0319  0.0333  0.0308  0.0320  0.0299  0.0305
registration optimization eta report
parameter search radius
    2.4000    2.4000    2.4000    8.2800    9.5220    8.2800
    7.2000    7.2000    7.2000    7.2000    7.2000    8.2800
100000*second partial in parameter space
       73.       61.       38.        5.        5.        5.
        7.        9.        5.        7.        3.        3.
  0.0326  0.0319  0.0305  0.0314  0.0329  0.0319  0.0319  0.0332  0.0308  0.0320  0.0299  0.0304
  0.0302  0.0299  0.0294  0.0297  0.0308  0.0297  0.0300  0.0307  0.0295  0.0299  0.0290  0.0293
  0.0288  0.0287  0.0286  0.0286  0.0291  0.0284  0.0287  0.0289  0.0286  0.0287  0.0285  0.0286
  0.0283  0.0283  0.0283  0.0283  0.0283  0.0283  0.0283  0.0283  0.0283  0.0283  0.0283  0.0283
  0.0288  0.0288  0.0285  0.0286  0.0289  0.0291  0.0288  0.0289  0.0287  0.0288  0.0285  0.0286
  0.0302  0.0300  0.0293  0.0296  0.0306  0.0300  0.0300  0.0306  0.0295  0.0300  0.0290  0.0293
  0.0325  0.0318  0.0305  0.0314  0.0332  0.0315  0.0319  0.0333  0.0308  0.0320  0.0299  0.0305
   -1.6210   -8.1252   18.4944   -4.6967   -9.9764   -5.5767
   -2.0278    1.9676    3.8662   -1.3517   -2.9055   -4.1484
eta,q 0.97167  6.66278

---------------------------------------------------------------------
imgreg_4dfp /opt/freesurfer/average/711-2C_as_mni_average_305 /opt/freesurfer/average/711-2B_as_mni_average_305_mask talsrcimg_g11 none talsrcimg_to_711-2C_as_mni_average_305_t4 2311
---------------------------------------------------------------------

freesurfer imgreg_4dfp.c
/opt/freesurfer/average/711-2C_as_mni_average_305.4dfp.img
       256       256       256         1
  1.000000  1.000000  1.000000
orientation T byte_order littleendian
Reading image: /opt/freesurfer/average/711-2C_as_mni_average_305.4dfp.img
dimensions:      256       256       256
mmppix:       1.0000   -1.0000   -1.0000
center:     128.0000 -129.0000 -129.0000
/opt/freesurfer/average/711-2B_as_mni_average_305_mask.4dfp.img
       256       256       256         1
  1.000000  1.000000  1.000000
orientation T byte_order littleendian
Reading mask: /opt/freesurfer/average/711-2B_as_mni_average_305_mask.4dfp.img (2306576 pixels)
talsrcimg_g11.4dfp.img
       256       256       256         1
  0.898437  0.898437  0.898437
orientation T byte_order littleendian
Reading image: talsrcimg_g11.4dfp.img
dimensions:      256       256       256
mmppix:       0.8984   -0.8984   -0.8984
center:     114.9999 -115.8984 -115.8984
fimgreg.f
image alignment mode   2311 decimal      907 hex
parameters
   -1.6210   -8.1252   18.4944   -4.6967   -9.9764   -5.5767
   -2.0278    1.9676    3.8662   -1.3517   -2.9055   -4.1484
eta,q 0.97167  6.66278
niter,ni,del,rscale     5    3    5.0000    0.8000
parameters
   -1.6305   -8.1573   18.5466   -4.6501   -9.7464   -6.2378
   -2.0825    2.0120    3.8098   -1.4456   -2.6988   -3.8642
eta,q 0.97178  6.64794
  0.0302  0.0299  0.0294  0.0293  0.0299  0.0293  0.0299  0.0307  0.0294  0.0298  0.0291  0.0291
  0.0291  0.0290  0.0288  0.0287  0.0291  0.0286  0.0290  0.0294  0.0287  0.0289  0.0286  0.0287
  0.0285  0.0285  0.0285  0.0284  0.0286  0.0282  0.0284  0.0285  0.0284  0.0284  0.0283  0.0284
  0.0283  0.0283  0.0283  0.0283  0.0283  0.0283  0.0282  0.0282  0.0282  0.0282  0.0282  0.0282
  0.0286  0.0285  0.0284  0.0284  0.0284  0.0287  0.0284  0.0285  0.0284  0.0285  0.0283  0.0283
  0.0292  0.0291  0.0287  0.0287  0.0289  0.0292  0.0290  0.0293  0.0288  0.0290  0.0285  0.0285
  0.0302  0.0300  0.0293  0.0293  0.0296  0.0297  0.0299  0.0306  0.0294  0.0300  0.0289  0.0290
niter,ni,del,rscale     4    3    5.0000    0.7000
parameters
   -1.6256   -8.1989   18.4777   -4.7436   -9.7078   -6.4305
   -2.0877    2.0144    3.7400   -1.5192   -2.6245   -3.7781
eta,q 0.97181  6.63826
  0.0297  0.0294  0.0289  0.0290  0.0294  0.0293  0.0295  0.0301  0.0291  0.0295  0.0288  0.0289
  0.0289  0.0287  0.0285  0.0285  0.0288  0.0286  0.0288  0.0290  0.0286  0.0287  0.0285  0.0285
  0.0284  0.0283  0.0283  0.0283  0.0284  0.0282  0.0283  0.0284  0.0283  0.0283  0.0283  0.0283
  0.0282  0.0282  0.0282  0.0282  0.0282  0.0282  0.0282  0.0282  0.0282  0.0282  0.0282  0.0282
  0.0284  0.0284  0.0283  0.0283  0.0283  0.0285  0.0283  0.0284  0.0283  0.0284  0.0283  0.0283
  0.0289  0.0288  0.0286  0.0286  0.0287  0.0289  0.0288  0.0290  0.0286  0.0288  0.0285  0.0285
  0.0297  0.0295  0.0291  0.0290  0.0293  0.0293  0.0295  0.0301  0.0291  0.0295  0.0288  0.0288
niter,ni,del,rscale     3    3    5.0000    0.6000
parameters
   -1.6268   -8.2065   18.4616   -4.8046   -9.7051   -6.5693
   -2.0800    2.0056    3.7252   -1.5481   -2.5860   -3.7236
eta,q 0.97181  6.63078
  0.0293  0.0291  0.0288  0.0287  0.0290  0.0291  0.0292  0.0296  0.0289  0.0291  0.0286  0.0287
  0.0287  0.0286  0.0285  0.0284  0.0286  0.0285  0.0286  0.0288  0.0285  0.0286  0.0284  0.0284
  0.0283  0.0283  0.0283  0.0282  0.0283  0.0282  0.0283  0.0283  0.0283  0.0283  0.0283  0.0283
  0.0282  0.0282  0.0282  0.0282  0.0282  0.0282  0.0282  0.0282  0.0282  0.0282  0.0282  0.0282
  0.0283  0.0283  0.0283  0.0283  0.0283  0.0284  0.0283  0.0283  0.0283  0.0283  0.0282  0.0282
  0.0287  0.0286  0.0285  0.0285  0.0286  0.0287  0.0286  0.0288  0.0285  0.0286  0.0284  0.0284
  0.0293  0.0291  0.0288  0.0288  0.0290  0.0291  0.0291  0.0296  0.0289  0.0292  0.0286  0.0287
niter,ni,del,rscale     2    3    5.0000    0.5000
parameters
   -1.6324   -8.2105   18.4498   -4.8379   -9.7011   -6.6734
   -2.0769    2.0032    3.7157   -1.5740   -2.5650   -3.6894
eta,q 0.97181  6.62580
  0.0289  0.0288  0.0286  0.0286  0.0288  0.0288  0.0288  0.0292  0.0286  0.0288  0.0285  0.0285
  0.0285  0.0285  0.0284  0.0283  0.0285  0.0284  0.0285  0.0286  0.0284  0.0285  0.0283  0.0284
  0.0283  0.0283  0.0282  0.0282  0.0283  0.0282  0.0283  0.0283  0.0282  0.0283  0.0282  0.0282
  0.0282  0.0282  0.0282  0.0282  0.0282  0.0282  0.0282  0.0282  0.0282  0.0282  0.0282  0.0282
  0.0283  0.0283  0.0282  0.0282  0.0283  0.0283  0.0283  0.0283  0.0282  0.0283  0.0282  0.0282
  0.0285  0.0285  0.0284  0.0284  0.0285  0.0286  0.0285  0.0286  0.0284  0.0285  0.0283  0.0283
  0.0289  0.0288  0.0286  0.0286  0.0288  0.0289  0.0288  0.0292  0.0287  0.0289  0.0285  0.0285
niter,ni,del,rscale     1    3    5.0000    0.4000
parameters
   -1.6345   -8.2144   18.4422   -4.8989   -9.6899   -6.7660
   -2.0857    1.9974    3.7211   -1.5957   -2.5644   -3.6709
eta,q 0.97182  6.62042
  0.0287  0.0286  0.0284  0.0284  0.0286  0.0286  0.0286  0.0288  0.0285  0.0286  0.0284  0.0284
  0.0284  0.0284  0.0283  0.0283  0.0284  0.0284  0.0284  0.0285  0.0283  0.0284  0.0283  0.0283
  0.0282  0.0282  0.0282  0.0282  0.0282  0.0282  0.0282  0.0282  0.0282  0.0282  0.0282  0.0282
  0.0282  0.0282  0.0282  0.0282  0.0282  0.0282  0.0282  0.0282  0.0282  0.0282  0.0282  0.0282
  0.0282  0.0282  0.0282  0.0282  0.0282  0.0283  0.0282  0.0283  0.0282  0.0282  0.0282  0.0282
  0.0284  0.0284  0.0283  0.0283  0.0284  0.0284  0.0284  0.0285  0.0283  0.0284  0.0283  0.0283
  0.0287  0.0286  0.0285  0.0284  0.0286  0.0286  0.0286  0.0288  0.0285  0.0286  0.0284  0.0284
registration optimization eta report
parameter search radius
    0.8000    0.8000    0.8000    2.4000    2.4000    2.4000
    2.4000    2.4000    2.4000    2.4000    2.4000    2.4000
100000*second partial in parameter space
       74.       63.       42.        4.        7.        8.
        7.       11.        5.        8.        4.        4.
  0.0287  0.0286  0.0284  0.0284  0.0286  0.0286  0.0286  0.0288  0.0285  0.0286  0.0284  0.0284
  0.0284  0.0284  0.0283  0.0283  0.0284  0.0284  0.0284  0.0285  0.0283  0.0284  0.0283  0.0283
  0.0282  0.0282  0.0282  0.0282  0.0282  0.0282  0.0282  0.0282  0.0282  0.0282  0.0282  0.0282
  0.0282  0.0282  0.0282  0.0282  0.0282  0.0282  0.0282  0.0282  0.0282  0.0282  0.0282  0.0282
  0.0282  0.0282  0.0282  0.0282  0.0282  0.0283  0.0282  0.0283  0.0282  0.0282  0.0282  0.0282
  0.0284  0.0284  0.0283  0.0283  0.0284  0.0284  0.0284  0.0285  0.0283  0.0284  0.0283  0.0283
  0.0287  0.0286  0.0285  0.0284  0.0286  0.0286  0.0286  0.0288  0.0285  0.0286  0.0284  0.0284
   -1.6345   -8.2144   18.4422   -4.8989   -9.6899   -6.7660
   -2.0857    1.9974    3.7211   -1.5957   -2.5644   -3.6709
eta,q 0.97182  6.62042

---------------------------------------------------------------------
imgreg_4dfp /opt/freesurfer/average/711-2C_as_mni_average_305 /opt/freesurfer/average/711-2B_as_mni_average_305_mask talsrcimg_g11 none talsrcimg_to_711-2C_as_mni_average_305_t4 2311
---------------------------------------------------------------------

freesurfer imgreg_4dfp.c
/opt/freesurfer/average/711-2C_as_mni_average_305.4dfp.img
       256       256       256         1
  1.000000  1.000000  1.000000
orientation T byte_order littleendian
Reading image: /opt/freesurfer/average/711-2C_as_mni_average_305.4dfp.img
dimensions:      256       256       256
mmppix:       1.0000   -1.0000   -1.0000
center:     128.0000 -129.0000 -129.0000
/opt/freesurfer/average/711-2B_as_mni_average_305_mask.4dfp.img
       256       256       256         1
  1.000000  1.000000  1.000000
orientation T byte_order littleendian
Reading mask: /opt/freesurfer/average/711-2B_as_mni_average_305_mask.4dfp.img (2306576 pixels)
talsrcimg_g11.4dfp.img
       256       256       256         1
  0.898437  0.898437  0.898437
orientation T byte_order littleendian
Reading image: talsrcimg_g11.4dfp.img
dimensions:      256       256       256
mmppix:       0.8984   -0.8984   -0.8984
center:     114.9999 -115.8984 -115.8984
fimgreg.f
image alignment mode   2311 decimal      907 hex
parameters
   -1.6345   -8.2144   18.4422   -4.8989   -9.6899   -6.7660
   -2.0857    1.9974    3.7211   -1.5957   -2.5644   -3.6709
eta,q 0.97183  6.62042
niter,ni,del,rscale     5    3    5.0000    0.8000
parameters
   -1.6258   -8.1972   18.3959   -4.7616   -9.7033   -6.4355
   -2.0682    1.9983    3.7275   -1.5173   -2.6363   -3.8106
eta,q 0.97180  6.63736
  0.0301  0.0298  0.0292  0.0293  0.0296  0.0300  0.0299  0.0306  0.0294  0.0299  0.0289  0.0290
  0.0290  0.0289  0.0286  0.0286  0.0289  0.0290  0.0290  0.0293  0.0287  0.0290  0.0285  0.0286
  0.0284  0.0284  0.0283  0.0283  0.0284  0.0284  0.0284  0.0285  0.0283  0.0284  0.0283  0.0283
  0.0282  0.0282  0.0282  0.0282  0.0282  0.0282  0.0282  0.0282  0.0282  0.0282  0.0282  0.0282
  0.0284  0.0284  0.0283  0.0283  0.0284  0.0284  0.0284  0.0285  0.0283  0.0284  0.0283  0.0283
  0.0290  0.0289  0.0287  0.0286  0.0289  0.0289  0.0289  0.0293  0.0287  0.0289  0.0286  0.0286
  0.0301  0.0297  0.0293  0.0291  0.0296  0.0294  0.0299  0.0306  0.0294  0.0298  0.0290  0.0291
niter,ni,del,rscale     4    3    5.0000    0.7000
parameters
   -1.6287   -8.1920   18.4489   -4.7622   -9.7054   -6.4683
   -2.0764    2.0044    3.7228   -1.5185   -2.6141   -3.7852
eta,q 0.97181  6.63616
  0.0297  0.0294  0.0290  0.0290  0.0293  0.0294  0.0295  0.0301  0.0291  0.0295  0.0288  0.0288
  0.0288  0.0287  0.0286  0.0285  0.0287  0.0287  0.0288  0.0290  0.0286  0.0288  0.0285  0.0285
  0.0284  0.0283  0.0283  0.0283  0.0283  0.0283  0.0283  0.0284  0.0283  0.0283  0.0283  0.0283
  0.0282  0.0282  0.0282  0.0282  0.0282  0.0282  0.0282  0.0282  0.0282  0.0282  0.0282  0.0282
  0.0284  0.0283  0.0283  0.0283  0.0283  0.0284  0.0283  0.0284  0.0283  0.0284  0.0283  0.0283
  0.0289  0.0288  0.0285  0.0285  0.0287  0.0288  0.0288  0.0290  0.0286  0.0288  0.0285  0.0285
  0.0297  0.0294  0.0290  0.0289  0.0293  0.0293  0.0295  0.0301  0.0291  0.0295  0.0288  0.0288
niter,ni,del,rscale     3    3    5.0000    0.6000
parameters
   -1.6265   -8.2036   18.4550   -4.8082   -9.6998   -6.5690
   -2.0824    2.0024    3.7236   -1.5407   -2.5850   -3.7278
eta,q 0.97181  6.63085
  0.0293  0.0291  0.0288  0.0287  0.0290  0.0291  0.0291  0.0296  0.0289  0.0291  0.0286  0.0287
  0.0287  0.0286  0.0285  0.0284  0.0286  0.0285  0.0286  0.0288  0.0285  0.0286  0.0284  0.0284
  0.0283  0.0283  0.0283  0.0282  0.0283  0.0282  0.0283  0.0283  0.0283  0.0283  0.0283  0.0283
  0.0282  0.0282  0.0282  0.0282  0.0282  0.0282  0.0282  0.0282  0.0282  0.0282  0.0282  0.0282
  0.0283  0.0283  0.0283  0.0283  0.0283  0.0284  0.0283  0.0283  0.0283  0.0283  0.0282  0.0282
  0.0287  0.0286  0.0285  0.0285  0.0286  0.0287  0.0286  0.0288  0.0285  0.0286  0.0284  0.0284
  0.0293  0.0291  0.0288  0.0288  0.0290  0.0291  0.0291  0.0296  0.0289  0.0292  0.0286  0.0287
niter,ni,del,rscale     2    3    5.0000    0.5000
parameters
   -1.6321   -8.2096   18.4501   -4.8360   -9.7006   -6.6715
   -2.0818    2.0003    3.7090   -1.5719   -2.5623   -3.6901
eta,q 0.97182  6.62598
  0.0289  0.0288  0.0286  0.0286  0.0288  0.0288  0.0288  0.0292  0.0286  0.0288  0.0285  0.0285
  0.0285  0.0285  0.0284  0.0283  0.0285  0.0284  0.0285  0.0286  0.0284  0.0285  0.0283  0.0284
  0.0283  0.0282  0.0282  0.0282  0.0283  0.0282  0.0283  0.0283  0.0282  0.0283  0.0282  0.0282
  0.0282  0.0282  0.0282  0.0282  0.0282  0.0282  0.0282  0.0282  0.0282  0.0282  0.0282  0.0282
  0.0283  0.0283  0.0282  0.0282  0.0283  0.0283  0.0283  0.0283  0.0282  0.0283  0.0282  0.0282
  0.0285  0.0285  0.0284  0.0284  0.0285  0.0285  0.0285  0.0286  0.0284  0.0285  0.0283  0.0283
  0.0289  0.0288  0.0286  0.0286  0.0288  0.0289  0.0288  0.0292  0.0287  0.0289  0.0285  0.0285
niter,ni,del,rscale     1    3    5.0000    0.4000
parameters
   -1.6348   -8.2157   18.4429   -4.8897   -9.6980   -6.7618
   -2.0801    1.9971    3.7247   -1.5945   -2.5695   -3.6747
eta,q 0.97182  6.62066
  0.0287  0.0286  0.0284  0.0284  0.0286  0.0286  0.0286  0.0288  0.0285  0.0286  0.0284  0.0284
  0.0284  0.0284  0.0283  0.0283  0.0284  0.0284  0.0284  0.0285  0.0283  0.0284  0.0283  0.0283
  0.0282  0.0282  0.0282  0.0282  0.0282  0.0282  0.0282  0.0282  0.0282  0.0282  0.0282  0.0282
  0.0282  0.0282  0.0282  0.0282  0.0282  0.0282  0.0282  0.0282  0.0282  0.0282  0.0282  0.0282
  0.0282  0.0282  0.0282  0.0282  0.0282  0.0283  0.0282  0.0283  0.0282  0.0282  0.0282  0.0282
  0.0284  0.0284  0.0283  0.0283  0.0284  0.0284  0.0284  0.0285  0.0283  0.0284  0.0283  0.0283
  0.0287  0.0286  0.0285  0.0284  0.0286  0.0286  0.0286  0.0288  0.0285  0.0286  0.0284  0.0284
registration optimization eta report
parameter search radius
    0.8000    0.8000    0.8000    2.4000    2.4000    2.4000
    2.4000    2.4000    2.4000    2.4000    2.4000    2.4000
100000*second partial in parameter space
       74.       63.       42.        4.        7.        8.
        7.       11.        5.        8.        4.        4.
  0.0287  0.0286  0.0284  0.0284  0.0286  0.0286  0.0286  0.0288  0.0285  0.0286  0.0284  0.0284
  0.0284  0.0284  0.0283  0.0283  0.0284  0.0284  0.0284  0.0285  0.0283  0.0284  0.0283  0.0283
  0.0282  0.0282  0.0282  0.0282  0.0282  0.0282  0.0282  0.0282  0.0282  0.0282  0.0282  0.0282
  0.0282  0.0282  0.0282  0.0282  0.0282  0.0282  0.0282  0.0282  0.0282  0.0282  0.0282  0.0282
  0.0282  0.0282  0.0282  0.0282  0.0282  0.0283  0.0282  0.0283  0.0282  0.0282  0.0282  0.0282
  0.0284  0.0284  0.0283  0.0283  0.0284  0.0284  0.0284  0.0285  0.0283  0.0284  0.0283  0.0283
  0.0287  0.0286  0.0285  0.0284  0.0286  0.0286  0.0286  0.0288  0.0285  0.0286  0.0284  0.0284
   -1.6348   -8.2157   18.4429   -4.8897   -9.6980   -6.7618
   -2.0801    1.9971    3.7247   -1.5945   -2.5695   -3.6747
eta,q 0.97182  6.62066

---------------------------------------------------------------------
compute_vox2vox talsrcimg talsrcimg_to_711-2C_as_mni_average_305_t4 /opt/freesurfer/average/711-2C_as_mni_average_305
---------------------------------------------------------------------

freesurfer compute_vox2vox.c
Reading: talsrcimg.4dfp.ifh
Reading: talsrcimg_to_711-2C_as_mni_average_305_t4
Reading: /opt/freesurfer/average/711-2C_as_mni_average_305.4dfp.ifh
Writing: talsrcimg_to_711-2C_as_mni_average_305_t4_vox2vox.txt

start time Thu Mar 12 22:21:00 CET 2026
end		time Thu Mar 12 22:21:14 CET 2026

mpr2mni305 success

avi2talxfm orig_nu.mgz /opt/freesurfer/average/mni305.cor.mgz talsrcimg_to_711-2C_as_mni_average_305_t4_vox2vox.txt transforms/talairach.auto.xfm
avi2talxfm done
mv -f /out/sourcedata/freesurfer/sub-v2s2x29076_ses-1/mri/talsrcimg_to_711-2C_as_mni_average_305_t4_vox2vox.txt /out/sourcedata/freesurfer/sub-v2s2x29076_ses-1/mri/transforms/talsrcimg_to_711-2C_as_mni_average_305_t4_vox2vox.txt
lta_convert --src orig_nu.mgz --trg /opt/freesurfer/average/mni305.cor.mgz --inxfm transforms/talairach.auto.xfm --outlta transforms/talairach.auto.xfm.lta --subject fsaverage
7.3.2

--src: orig_nu.mgz src image (geometry).
--trg: /opt/freesurfer/average/mni305.cor.mgz trg image (geometry).
--inmni: transforms/talairach.auto.xfm input MNI/XFM transform.
--outlta: transforms/talairach.auto.xfm.lta output LTA.
--s: fsaverage subject name
 LTA read, type : 1
 1.04990  -0.02209   0.02328   3.88403;
 0.02725   1.07269   0.04428   2.76074;
-0.04282   0.01985   1.10721   4.04553;
 0.00000   0.00000   0.00000   1.00000;
setting subject to fsaverage
Writing  LTA to file transforms/talairach.auto.xfm.lta...
lta_convert successful.
 
 
Started at Thu Mar 12 22:21:00 CET 2026
Ended   at Thu Mar 12 22:21:14 CET 2026
talairach_avi done
