/out/sourcedata/freesurfer/sub-v2s2x29068_ses-1/mri
/opt/freesurfer/bin/talairach_avi
--i orig_nu.mgz --xfm transforms/talairach.auto.xfm
talairach_avi 7.3.2
Linux dna026 5.14.0-427.37.1.el9_4.x86_64 #1 SMP PREEMPT_DYNAMIC Fri Sep 13 12:41:50 EDT 2024 x86_64 x86_64 x86_64 GNU/Linux
Thu Mar 12 21:43:30 CET 2026
mri_convert orig_nu.mgz talsrcimg.img 
reading from orig_nu.mgz...
TR=0.00, TE=0.00, TI=0.00, flip angle=0.00
i_ras = (-1, 0, 0)
j_ras = (0, 0, -1)
k_ras = (0, 1, 0)
writing to talsrcimg.img...
Analyze Output Matrix
-0.89844   0.00000   0.00000   113.94956;
 0.00000   0.00000   0.89844  -141.09161;
 0.00000  -0.89844   0.00000   121.39483;
 0.00000   0.00000   0.00000   1.00000;
--------------------
INFO: set hdr.hist.orient to -1
mpr2mni305 talsrcimg
Thu Mar 12 21:43:31 CET 2026
/opt/freesurfer/bin/mpr2mni305 talsrcimg
mpr2mni305 7.3.2
target=711-2C_as_mni_average_305

---------------------------------------------------------------------
analyzeto4dfp talsrcimg -O0 -y
---------------------------------------------------------------------

freesurfer ifh2hdr.c
Thu Mar 12 21:43:31 2026
Writing: talsrcimg.4dfp.hdr
freesurfer analyzeto4dfp.c
Reading: talsrcimg.hdr
header size 348 bytes
hdr.dime.datatype	offset=70	value=2
hdr.dime.bitpix		offset=72	value=8
hdr.hist.orient		offset=252	value=-1
dimensionality     4
dimensions       256       256       256         1
Reading: talsrcimg.img
Writing: talsrcimg.4dfp.img
Writing: talsrcimg.4dfp.ifh
ifh2hdr talsrcimg -r0to250
ori=2

---------------------------------------------------------------------
gauss_4dfp talsrcimg 1.1
---------------------------------------------------------------------

freesurfer gauss_4dfp.c
Reading: talsrcimg.4dfp.img
Writing: talsrcimg_g11.4dfp.img
image dimensions 256 256 256 padded to 288 288 288
processing volume 1freesurfer ifh2hdr.c
Thu Mar 12 21:43:33 2026
Writing: talsrcimg_g11.4dfp.hdr

Writing: talsrcimg_g11.4dfp.ifh
including: talsrcimg.4dfp.img.rec in talsrcimg_g11.4dfp.img.rec

---------------------------------------------------------------------
imgreg_4dfp /opt/freesurfer/average/711-2C_as_mni_average_305 none talsrcimg_g11 none talsrcimg_to_711-2C_as_mni_average_305_t4 4355
---------------------------------------------------------------------

freesurfer imgreg_4dfp.c
/opt/freesurfer/average/711-2C_as_mni_average_305.4dfp.img
       256       256       256         1
  1.000000  1.000000  1.000000
orientation T byte_order littleendian
Reading image: /opt/freesurfer/average/711-2C_as_mni_average_305.4dfp.img
dimensions:      256       256       256
mmppix:       1.0000   -1.0000   -1.0000
center:     128.0000 -129.0000 -129.0000
talsrcimg_g11.4dfp.img
       256       256       256         1
  0.898437  0.898437  0.898437
orientation T byte_order littleendian
Reading image: talsrcimg_g11.4dfp.img
dimensions:      256       256       256
mmppix:       0.8984   -0.8984   -0.8984
center:     114.9999 -115.8984 -115.8984
t4_read: open error in t4_sub.f l:  41 t4_file(1:l)talsrcimg_to_711-2C_as_mni_average_305_t4 
t4_read: transform initialized to I4
rotation matrix determinant  1.000000
image alignment mode   4355 decimal     1103 hex
   -7.5000  -45.0000  -45.0000 6655.2812   10.7618
    0.0000  -45.0000  -45.0000 6718.0454   10.7832
    7.5000  -45.0000  -45.0000 6334.2632   10.7576
   -7.5000  -37.5000  -45.0000 6934.9902   11.5088
    0.0000  -37.5000  -45.0000 6997.4941   11.5261
    7.5000  -37.5000  -45.0000 6608.2329   11.4981
   -7.5000  -30.0000  -45.0000 7226.5405   11.8793
    0.0000  -30.0000  -45.0000 7308.5664   11.8939
    7.5000  -30.0000  -45.0000 6900.2236   11.8720
   -7.5000  -22.5000  -45.0000 7707.3081   11.8222
    0.0000  -22.5000  -45.0000 7805.3408   11.8392
    7.5000  -22.5000  -45.0000 7370.1387   11.8252
   -7.5000  -15.0000  -45.0000 8168.1855   11.7563
    0.0000  -15.0000  -45.0000 8262.9951   11.7794
    7.5000  -15.0000  -45.0000 7812.1592   11.7656
   -7.5000   -7.5000  -45.0000 8239.4043   11.7416
    0.0000   -7.5000  -45.0000 8348.2871   11.7677
    7.5000   -7.5000  -45.0000 7885.9448   11.7472
   -7.5000    0.0000  -45.0000 8193.8555   11.7976
    0.0000    0.0000  -45.0000 8301.8828   11.8211
    7.5000    0.0000  -45.0000 7842.7046   11.7930
   -7.5000    7.5000  -45.0000 7744.2905   11.8716
    0.0000    7.5000  -45.0000 7839.8765   11.8895
    7.5000    7.5000  -45.0000 7383.1050   11.8606
   -7.5000   15.0000  -45.0000 7417.1514   11.8793
    0.0000   15.0000  -45.0000 7507.0205   11.8939
    7.5000   15.0000  -45.0000 7067.0957   11.8720
   -7.5000   22.5000  -45.0000 6766.2227   11.6632
    0.0000   22.5000  -45.0000 6834.8228   11.6800
    7.5000   22.5000  -45.0000 6442.1055   11.6661
   -7.5000   30.0000  -45.0000 6155.7397   11.2890
    0.0000   30.0000  -45.0000 6203.2607   11.3112
    7.5000   30.0000  -45.0000 5839.4062   11.2980
   -7.5000   37.5000  -45.0000 5583.8511   11.2047
    0.0000   37.5000  -45.0000 5617.2222   11.2295
    7.5000   37.5000  -45.0000 5289.9312   11.2075
   -7.5000   45.0000  -45.0000 4996.5962   11.2928
    0.0000   45.0000  -45.0000 5031.4761   11.3171
    7.5000   45.0000  -45.0000 4730.2925   11.2849
   -7.5000  -45.0000  -37.5000 7227.4312   11.2531
    0.0000  -45.0000  -37.5000 7285.0825   11.2648
    7.5000  -45.0000  -37.5000 6872.0068   11.2331
   -7.5000  -37.5000  -37.5000 7505.3789   12.0367
    0.0000  -37.5000  -37.5000 7570.9810   12.0439
    7.5000  -37.5000  -37.5000 7151.7495   12.0105
   -7.5000  -30.0000  -37.5000 7830.0273   12.4069
    0.0000  -30.0000  -37.5000 7917.8579   12.4113
    7.5000  -30.0000  -37.5000 7473.0869   12.3847
   -7.5000  -22.5000  -37.5000 8317.3066   12.3543
    0.0000  -22.5000  -37.5000 8435.0010   12.3611
    7.5000  -22.5000  -37.5000 7966.1963   12.3421
   -7.5000  -15.0000  -37.5000 8801.6465   12.2878
    0.0000  -15.0000  -37.5000 8912.7207   12.3005
    7.5000  -15.0000  -37.5000 8426.2148   12.2807
   -7.5000   -7.5000  -37.5000 8903.7344   12.2687
    0.0000   -7.5000  -37.5000 9015.9775   12.2842
    7.5000   -7.5000  -37.5000 8518.5547   12.2570
   -7.5000    0.0000  -37.5000 8864.1582   12.3205
    0.0000    0.0000  -37.5000 8980.9922   12.3333
    7.5000    0.0000  -37.5000 8493.2910   12.2985
   -7.5000    7.5000  -37.5000 8360.6387   12.3943
    0.0000    7.5000  -37.5000 8466.8604   12.4017
    7.5000    7.5000  -37.5000 7990.0044   12.3674
   -7.5000   15.0000  -37.5000 7965.4707   12.4063
    0.0000   15.0000  -37.5000 8058.4556   12.4107
    7.5000   15.0000  -37.5000 7600.0146   12.3841
   -7.5000   22.5000  -37.5000 7240.5181   12.1892
    0.0000   22.5000  -37.5000 7329.0391   12.1958
    7.5000   22.5000  -37.5000 6913.2065   12.1771
   -7.5000   30.0000  -37.5000 6584.8994   11.8078
    0.0000   30.0000  -37.5000 6644.0605   11.8200
    7.5000   30.0000  -37.5000 6272.4438   11.8010
   -7.5000   37.5000  -37.5000 5964.6084   11.7131
    0.0000   37.5000  -37.5000 5997.8857   11.7279
    7.5000   37.5000  -37.5000 5667.7949   11.6999
   -7.5000   45.0000  -37.5000 5323.5405   11.7806
    0.0000   45.0000  -37.5000 5360.5166   11.7954
    7.5000   45.0000  -37.5000 5044.9404   11.7570
   -7.5000  -45.0000  -30.0000 7790.7212   11.7469
    0.0000  -45.0000  -30.0000 7859.0562   11.7511
    7.5000  -45.0000  -30.0000 7430.7109   11.7106
   -7.5000  -37.5000  -30.0000 8103.0098   12.5659
    0.0000  -37.5000  -30.0000 8184.5781   12.5665
    7.5000  -37.5000  -30.0000 7740.9434   12.5249
   -7.5000  -30.0000  -30.0000 8454.6426   12.9367
    0.0000  -30.0000  -30.0000 8560.8994   12.9357
    7.5000  -30.0000  -30.0000 8087.9204   12.9024
   -7.5000  -22.5000  -30.0000 8970.9238   12.8885
    0.0000  -22.5000  -30.0000 9078.0381   12.8898
    7.5000  -22.5000  -30.0000 8587.7285   12.8649
   -7.5000  -15.0000  -30.0000 9467.4941   12.8227
    0.0000  -15.0000  -30.0000 9575.7598   12.8285
    7.5000  -15.0000  -30.0000 9071.6895   12.8017
   -7.5000   -7.5000  -30.0000 9564.8506   12.8003
    0.0000   -7.5000  -30.0000 9676.9072   12.8076
    7.5000   -7.5000  -30.0000 9173.2871   12.7715
   -7.5000    0.0000  -30.0000 9521.6689   12.8478
    0.0000    0.0000  -30.0000 9635.1367   12.8524
    7.5000    0.0000  -30.0000 9130.5898   12.8081
   -7.5000    7.5000  -30.0000 8953.9629   12.9197
    0.0000    7.5000  -30.0000 9060.0713   12.9203
    7.5000    7.5000  -30.0000 8575.7324   12.8775
   -7.5000   15.0000  -30.0000 8494.1777   12.9349
    0.0000   15.0000  -30.0000 8591.5762   12.9339
    7.5000   15.0000  -30.0000 8136.9609   12.9006
   -7.5000   22.5000  -30.0000 7694.6982   12.7167
    0.0000   22.5000  -30.0000 7796.1313   12.7181
    7.5000   22.5000  -30.0000 7382.5747   12.6935
   -7.5000   30.0000  -30.0000 6973.8931   12.3308
    0.0000   30.0000  -30.0000 7066.1348   12.3364
    7.5000   30.0000  -30.0000 6691.4463   12.3106
   -7.5000   37.5000  -30.0000 6308.1143   12.2364
    0.0000   37.5000  -30.0000 6357.8545   12.2430
    7.5000   37.5000  -30.0000 6023.5698   12.2068
   -7.5000   45.0000  -30.0000 5636.1343   12.2988
    0.0000   45.0000  -30.0000 5677.4819   12.3052
    7.5000   45.0000  -30.0000 5345.6738   12.2575
   -7.5000  -45.0000  -22.5000 8386.9648   12.2047
    0.0000  -45.0000  -22.5000 8443.3975   12.2124
    7.5000  -45.0000  -22.5000 8000.7446   12.1709
   -7.5000  -37.5000  -22.5000 8713.2275   13.0669
    0.0000  -37.5000  -22.5000 8788.9551   13.0710
    7.5000  -37.5000  -22.5000 8334.2617   13.0264
   -7.5000  -30.0000  -22.5000 9101.4941   13.4399
    0.0000  -30.0000  -22.5000 9209.9414   13.4429
    7.5000  -30.0000  -22.5000 8709.6221   13.4068
   -7.5000  -22.5000  -22.5000 9633.6738   13.3887
    0.0000  -22.5000  -22.5000 9736.5645   13.3949
    7.5000  -22.5000  -22.5000 9222.4619   13.3694
   -7.5000  -15.0000  -22.500010140.4707   13.3167
    0.0000  -15.0000  -22.500010251.0869   13.3275
    7.5000  -15.0000  -22.5000 9720.6592   13.3019
   -7.5000   -7.5000  -22.500010223.5283   13.2906
    0.0000   -7.5000  -22.500010349.6875   13.3023
    7.5000   -7.5000  -22.5000 9817.1592   13.2673
   -7.5000    0.0000  -22.500010178.1504   13.3408
    0.0000    0.0000  -22.500010291.5791   13.3492
    7.5000    0.0000  -22.5000 9766.0645   13.3039
   -7.5000    7.5000  -22.5000 9538.8389   13.4181
    0.0000    7.5000  -22.5000 9652.4004   13.4223
    7.5000    7.5000  -22.5000 9147.9424   13.3765
   -7.5000   15.0000  -22.5000 9038.4580   13.4367
    0.0000   15.0000  -22.5000 9158.3057   13.4397
    7.5000   15.0000  -22.5000 8680.0967   13.4036
   -7.5000   22.5000  -22.5000 8194.1191   13.2115
    0.0000   22.5000  -22.5000 8294.3027   13.2176
    7.5000   22.5000  -22.5000 7873.3501   13.1925
   -7.5000   30.0000  -22.5000 7405.3433   12.8153
    0.0000   30.0000  -22.5000 7505.7212   12.8256
    7.5000   30.0000  -22.5000 7120.0747   12.8010
   -7.5000   37.5000  -22.5000 6668.7988   12.7235
    0.0000   37.5000  -22.5000 6728.7480   12.7338
    7.5000   37.5000  -22.5000 6383.0234   12.6983
   -7.5000   45.0000  -22.5000 5943.6436   12.8021
    0.0000   45.0000  -22.5000 5986.3066   12.8108
    7.5000   45.0000  -22.5000 5649.5728   12.7617
   -7.5000  -45.0000  -15.0000 8965.1855   12.6367
    0.0000  -45.0000  -15.0000 9034.6162   12.6571
    7.5000  -45.0000  -15.0000 8565.0098   12.6207
   -7.5000  -37.5000  -15.0000 9330.8037   13.5312
    0.0000  -37.5000  -15.0000 9408.6133   13.5478
    7.5000  -37.5000  -15.0000 8910.7363   13.5064
   -7.5000  -30.0000  -15.0000 9756.6406   13.9016
    0.0000  -30.0000  -15.0000 9850.5420   13.9163
    7.5000  -30.0000  -15.0000 9308.9619   13.8829
   -7.5000  -22.5000  -15.000010312.7080   13.8424
    0.0000  -22.5000  -15.000010407.8125   13.8601
    7.5000  -22.5000  -15.0000 9844.6523   13.8390
   -7.5000  -15.0000  -15.000010854.6260   13.7655
    0.0000  -15.0000  -15.000010947.9580   13.7892
    7.5000  -15.0000  -15.000010377.4248   13.7701
   -7.5000   -7.5000  -15.000010936.2266   13.7417
    0.0000   -7.5000  -15.000011048.0635   13.7673
    7.5000   -7.5000  -15.000010489.7803   13.7394
   -7.5000    0.0000  -15.000010828.2168   13.7997
    0.0000    0.0000  -15.000010931.2314   13.8219
    7.5000    0.0000  -15.000010399.9619   13.7822
   -7.5000    7.5000  -15.000010120.8965   13.8814
    0.0000    7.5000  -15.000010217.4932   13.8984
    7.5000    7.5000  -15.0000 9728.0166   13.8559
   -7.5000   15.0000  -15.0000 9590.1865   13.8974
    0.0000   15.0000  -15.0000 9693.4531   13.9120
    7.5000   15.0000  -15.0000 9226.3076   13.8786
   -7.5000   22.5000  -15.0000 8696.3252   13.6613
    0.0000   22.5000  -15.0000 8789.9160   13.6789
    7.5000   22.5000  -15.0000 8369.4102   13.6580
   -7.5000   30.0000  -15.0000 7860.4565   13.2571
    0.0000   30.0000  -15.0000 7950.9170   13.2799
    7.5000   30.0000  -15.0000 7549.2446   13.2616
   -7.5000   37.5000  -15.0000 7055.4883   13.1757
    0.0000   37.5000  -15.0000 7130.1348   13.1990
    7.5000   37.5000  -15.0000 6742.7075   13.1698
   -7.5000   45.0000  -15.0000 6290.7061   13.2774
    0.0000   45.0000  -15.0000 6346.3545   13.2984
    7.5000   45.0000  -15.0000 5988.3071   13.2542
   -7.5000  -45.0000   -7.5000 9262.7021   12.6281
    0.0000  -45.0000   -7.5000 9337.8643   12.6560
    7.5000  -45.0000   -7.5000 8845.9277   12.6270
   -7.5000  -37.5000   -7.5000 9664.9551   13.5223
    0.0000  -37.5000   -7.5000 9759.0996   13.5464
    7.5000  -37.5000   -7.5000 9213.9414   13.5128
   -7.5000  -30.0000   -7.500010093.0645   13.8867
    0.0000  -30.0000   -7.500010183.6201   13.9083
    7.5000  -30.0000   -7.5000 9610.4414   13.8820
   -7.5000  -22.5000   -7.500010647.3672   13.8212
    0.0000  -22.5000   -7.500010737.7314   13.8454
    7.5000  -22.5000   -7.500010146.6260   13.8305
   -7.5000  -15.0000   -7.500011230.1367   13.7443
    0.0000  -15.0000   -7.500011322.9355   13.7750
    7.5000  -15.0000   -7.500010728.5635   13.7622
   -7.5000   -7.5000   -7.500011325.6133   13.7262
    0.0000   -7.5000   -7.500011437.3105   13.7596
    7.5000   -7.5000   -7.500010846.0586   13.7388
   -7.5000    0.0000   -7.500011181.8779   13.7902
    0.0000    0.0000   -7.500011290.3408   13.8207
    7.5000    0.0000   -7.500010715.5303   13.7891
   -7.5000    7.5000   -7.500010453.2656   13.8722
    0.0000    7.5000   -7.500010545.5576   13.8969
    7.5000    7.5000   -7.500010024.7969   13.8625
   -7.5000   15.0000   -7.5000 9927.4756   13.8824
    0.0000   15.0000   -7.500010027.6504   13.9040
    7.5000   15.0000   -7.5000 9508.3213   13.8777
   -7.5000   22.5000   -7.5000 9003.3271   13.6404
    0.0000   22.5000   -7.5000 9086.8545   13.6643
    7.5000   22.5000   -7.5000 8626.4180   13.6496
   -7.5000   30.0000   -7.5000 8128.5991   13.2367
    0.0000   30.0000   -7.5000 8221.8027   13.2663
    7.5000   30.0000   -7.5000 7794.7275   13.2540
   -7.5000   37.5000   -7.5000 7287.4238   13.1607
    0.0000   37.5000   -7.5000 7357.7217   13.1920
    7.5000   37.5000   -7.5000 6944.0391   13.1693
   -7.5000   45.0000   -7.5000 6469.5737   13.2672
    0.0000   45.0000   -7.5000 6522.9014   13.2968
    7.5000   45.0000   -7.5000 6146.5244   13.2603
   -7.5000  -45.0000    0.0000 9358.9863   12.9325
    0.0000  -45.0000    0.0000 9456.7197   12.9581
    7.5000  -45.0000    0.0000 8929.6475   12.9297
   -7.5000  -37.5000    0.0000 9863.6055   13.8414
    0.0000  -37.5000    0.0000 9981.3145   13.8623
    7.5000  -37.5000    0.0000 9387.5352   13.8307
   -7.5000  -30.0000    0.000010328.1104   14.2037
    0.0000  -30.0000    0.000010428.8623   14.2213
    7.5000  -30.0000    0.0000 9842.5566   14.1970
   -7.5000  -22.5000    0.000010868.7207   14.1362
    0.0000  -22.5000    0.000010941.3086   14.1568
    7.5000  -22.5000    0.000010355.8447   14.1422
   -7.5000  -15.0000    0.000011457.9014   14.0591
    0.0000  -15.0000    0.000011542.9746   14.0869
    7.5000  -15.0000    0.000010912.4248   14.0731
   -7.5000   -7.5000    0.000011551.4102   14.0426
    0.0000   -7.5000    0.000011656.2393   14.0737
    7.5000   -7.5000    0.000010989.3057   14.0521
   -7.5000    0.0000    0.000011400.0156   14.1086
    0.0000    0.0000    0.000011499.4316   14.1366
    7.5000    0.0000    0.000010841.9873   14.1056
   -7.5000    7.5000    0.000010643.0713   14.1902
    0.0000    7.5000    0.000010708.7959   14.2116
    7.5000    7.5000    0.000010121.8223   14.1792
   -7.5000   15.0000    0.000010122.4648   14.1987
    0.0000   15.0000    0.000010216.6377   14.2163
    7.5000   15.0000    0.0000 9637.6377   14.1920
   -7.5000   22.5000    0.0000 9179.3320   13.9532
    0.0000   22.5000    0.0000 9268.9346   13.9736
    7.5000   22.5000    0.0000 8751.5674   13.9592
   -7.5000   30.0000    0.0000 8286.5947   13.5481
    0.0000   30.0000    0.0000 8395.0469   13.5748
    7.5000   30.0000    0.0000 7913.6060   13.5616
   -7.5000   37.5000    0.0000 7384.0210   13.4799
    0.0000   37.5000    0.0000 7468.2261   13.5096
    7.5000   37.5000    0.0000 7030.4893   13.4861
   -7.5000   45.0000    0.0000 6517.4268   13.5951
    0.0000   45.0000    0.0000 6589.4111   13.6242
    7.5000   45.0000    0.0000 6186.4663   13.5883
   -7.5000  -45.0000    7.5000 9025.8682   12.9315
    0.0000  -45.0000    7.5000 9152.3936   12.9453
    7.5000  -45.0000    7.5000 8620.2119   12.9086
   -7.5000  -37.5000    7.5000 9645.6270   13.8371
    0.0000  -37.5000    7.5000 9847.4844   13.8459
    7.5000  -37.5000    7.5000 9157.7109   13.8077
   -7.5000  -30.0000    7.500010281.7812   14.2036
    0.0000  -30.0000    7.500010497.7549   14.2093
    7.5000  -30.0000    7.5000 9748.1768   14.1791
   -7.5000  -22.5000    7.500010830.8574   14.1442
    0.0000  -22.5000    7.500010988.3506   14.1524
    7.5000  -22.5000    7.500010252.4541   14.1309
   -7.5000  -15.0000    7.500011298.9814   14.0699
    0.0000  -15.0000    7.500011428.3008   14.0847
    7.5000  -15.0000    7.500010678.0732   14.0620
   -7.5000   -7.5000    7.500011311.5928   14.0493
    0.0000   -7.5000    7.500011427.4141   14.0672
    7.5000   -7.5000    7.500010676.8975   14.0356
   -7.5000    0.0000    7.500011124.6436   14.1076
    0.0000    0.0000    7.500011247.4473   14.1226
    7.5000    0.0000    7.500010515.0498   14.0826
   -7.5000    7.5000    7.500010352.7705   14.1858
    0.0000    7.5000    7.500010456.1533   14.1948
    7.5000    7.5000    7.5000 9787.4766   14.1557
   -7.5000   15.0000    7.5000 9842.9658   14.1985
    0.0000   15.0000    7.5000 9985.6787   14.2042
    7.5000   15.0000    7.5000 9360.0674   14.1741
   -7.5000   22.5000    7.5000 8926.3613   13.9611
    0.0000   22.5000    7.5000 9062.4736   13.9692
    7.5000   22.5000    7.5000 8511.4609   13.9480
   -7.5000   30.0000    7.5000 8060.0425   13.5585
    0.0000   30.0000    7.5000 8184.6460   13.5728
    7.5000   30.0000    7.5000 7692.7183   13.5508
   -7.5000   37.5000    7.5000 7159.3545   13.4860
    0.0000   37.5000    7.5000 7262.1372   13.5032
    7.5000   37.5000    7.5000 6821.4497   13.4706
   -7.5000   45.0000    7.5000 6306.3198   13.5912
    0.0000   45.0000    7.5000 6373.5474   13.6086
    7.5000   45.0000    7.5000 5998.1973   13.5641
   -7.5000  -45.0000   15.0000 8985.1094   13.0355
    0.0000  -45.0000   15.0000 9134.3027   13.0403
    7.5000  -45.0000   15.0000 8543.6045   12.9957
   -7.5000  -37.5000   15.0000 9630.0176   13.9477
    0.0000  -37.5000   15.0000 9935.5781   13.9485
    7.5000  -37.5000   15.0000 9101.8154   13.9026
   -7.5000  -30.0000   15.000010352.4385   14.3226
    0.0000  -30.0000   15.000010759.6855   14.3214
    7.5000  -30.0000   15.0000 9751.5264   14.2847
   -7.5000  -22.5000   15.000010954.4434   14.2691
    0.0000  -22.5000   15.000011308.1123   14.2705
    7.5000  -22.5000   15.000010316.4756   14.2430
   -7.5000  -15.0000   15.000011381.3545   14.1947
    0.0000  -15.0000   15.000011639.8867   14.2010
    7.5000  -15.0000   15.000010740.1006   14.1716
   -7.5000   -7.5000   15.000011341.4102   14.1685
    0.0000   -7.5000   15.000011555.0410   14.1765
    7.5000   -7.5000   15.000010732.9199   14.1371
   -7.5000    0.0000   15.000011099.0703   14.2210
    0.0000    0.0000   15.000011279.8252   14.2262
    7.5000    0.0000   15.000010540.5791   14.1776
   -7.5000    7.5000   15.000010304.6299   14.2992
    0.0000    7.5000   15.000010438.3594   14.3000
    7.5000    7.5000   15.0000 9796.3379   14.2529
   -7.5000   15.0000   15.0000 9804.2725   14.3175
    0.0000   15.0000   15.0000 9942.9209   14.3163
    7.5000   15.0000   15.0000 9361.8584   14.2796
   -7.5000   22.5000   15.0000 8889.3184   14.0844
    0.0000   22.5000   15.0000 9017.1250   14.0858
    7.5000   22.5000   15.0000 8494.8672   14.0587
   -7.5000   30.0000   15.0000 8031.7979   13.6787
    0.0000   30.0000   15.0000 8169.0708   13.6848
    7.5000   30.0000   15.0000 7684.3721   13.6565
   -7.5000   37.5000   15.0000 7154.0591   13.5999
    0.0000   37.5000   15.0000 7255.0854   13.6072
    7.5000   37.5000   15.0000 6815.8096   13.5675
   -7.5000   45.0000   15.0000 6309.7471   13.6994
    0.0000   45.0000   15.0000 6374.9893   13.7066
    7.5000   45.0000   15.0000 6001.4302   13.6539
   -7.5000  -45.0000   22.5000 8527.2432   13.2244
    0.0000  -45.0000   22.5000 8651.2764   13.2329
    7.5000  -45.0000   22.5000 8128.3203   13.1861
   -7.5000  -37.5000   22.5000 9065.8096   14.1516
    0.0000  -37.5000   22.5000 9346.3398   14.1559
    7.5000  -37.5000   22.5000 8649.1963   14.1059
   -7.5000  -30.0000   22.5000 9653.4023   14.5335
    0.0000  -30.0000   22.5000 9946.0420   14.5365
    7.5000  -30.0000   22.5000 9194.1689   14.4963
   -7.5000  -22.5000   22.500010217.4287   14.4785
    0.0000  -22.5000   22.500010440.1689   14.4852
    7.5000  -22.5000   22.5000 9726.1172   14.4569
   -7.5000  -15.0000   22.500010700.3438   14.4011
    0.0000  -15.0000   22.500010941.9258   14.4132
    7.5000  -15.0000   22.500010207.0537   14.3847
   -7.5000   -7.5000   22.500010737.0420   14.3733
    0.0000   -7.5000   22.500011002.2246   14.3863
    7.5000   -7.5000   22.500010247.0215   14.3469
   -7.5000    0.0000   22.500010514.0801   14.4271
    0.0000    0.0000   22.500010746.2119   14.4364
    7.5000    0.0000   22.500010041.8203   14.3854
   -7.5000    7.5000   22.5000 9738.0898   14.5082
    0.0000    7.5000   22.5000 9904.7490   14.5127
    7.5000    7.5000   22.5000 9298.0938   14.4614
   -7.5000   15.0000   22.5000 9262.6240   14.5283
    0.0000   15.0000   22.5000 9396.4414   14.5314
    7.5000   15.0000   22.5000 8864.1826   14.4912
   -7.5000   22.5000   22.5000 8398.2646   14.2911
    0.0000   22.5000   22.5000 8526.6709   14.2977
    7.5000   22.5000   22.5000 8043.2329   14.2698
   -7.5000   30.0000   22.5000 7592.8799   13.8777
    0.0000   30.0000   22.5000 7705.6533   13.8893
    7.5000   30.0000   22.5000 7270.4961   13.8618
   -7.5000   37.5000   22.5000 6754.6235   13.7862
    0.0000   37.5000   22.5000 6839.1479   13.7977
    7.5000   37.5000   22.5000 6442.8740   13.7580
   -7.5000   45.0000   22.5000 5973.1084   13.8816
    0.0000   45.0000   22.5000 6021.2256   13.8911
    7.5000   45.0000   22.5000 5686.3975   13.8362
   -7.5000  -45.0000   30.0000 7985.8301   13.4159
    0.0000  -45.0000   30.0000 8113.3047   13.4391
    7.5000  -45.0000   30.0000 7675.5835   13.3975
   -7.5000  -37.5000   30.0000 8453.1221   14.3644
    0.0000  -37.5000   30.0000 8668.9482   14.3833
    7.5000  -37.5000   30.0000 8134.3613   14.3367
   -7.5000  -30.0000   30.0000 8937.8477   14.7510
    0.0000  -30.0000   30.0000 9104.0664   14.7677
    7.5000  -30.0000   30.0000 8584.9688   14.7306
   -7.5000  -22.5000   30.0000 9453.5986   14.6897
    0.0000  -22.5000   30.0000 9559.8447   14.7098
    7.5000  -22.5000   30.0000 9084.5918   14.6863
   -7.5000  -15.0000   30.0000 9966.1035   14.6098
    0.0000  -15.0000   30.000010095.2295   14.6366
    7.5000  -15.0000   30.0000 9568.7559   14.6148
   -7.5000   -7.5000   30.000010058.2119   14.5849
    0.0000   -7.5000   30.000010205.8291   14.6139
    7.5000   -7.5000   30.0000 9632.6533   14.5818
   -7.5000    0.0000   30.0000 9883.5078   14.6450
    0.0000    0.0000   30.000010033.0586   14.6703
    7.5000    0.0000   30.0000 9463.2998   14.6249
   -7.5000    7.5000   30.0000 9148.2979   14.7288
    0.0000    7.5000   30.0000 9281.8740   14.7483
    7.5000    7.5000   30.0000 8763.9082   14.7005
   -7.5000   15.0000   30.0000 8710.0195   14.7458
    0.0000   15.0000   30.0000 8838.9736   14.7625
    7.5000   15.0000   30.0000 8338.8574   14.7253
   -7.5000   22.5000   30.0000 7882.7319   14.4983
    0.0000   22.5000   30.0000 8007.6108   14.5182
    7.5000   22.5000   30.0000 7554.9033   14.4949
   -7.5000   30.0000   30.0000 7095.5400   14.0851
    0.0000   30.0000   30.0000 7206.0654   14.1110
    7.5000   30.0000   30.0000 6799.0840   14.0900
   -7.5000   37.5000   30.0000 6301.4961   13.9937
    0.0000   37.5000   30.0000 6383.2461   14.0203
    7.5000   37.5000   30.0000 6026.8579   13.9869
   -7.5000   45.0000   30.0000 5591.6030   14.0963
    0.0000   45.0000   30.0000 5643.0728   14.1201
    7.5000   45.0000   30.0000 5335.0220   14.0700
   -7.5000  -45.0000   37.5000 7512.7354   13.5346
    0.0000  -45.0000   37.5000 7615.9092   13.5634
    7.5000  -45.0000   37.5000 7227.2603   13.5258
   -7.5000  -37.5000   37.5000 7910.9370   14.4939
    0.0000  -37.5000   37.5000 8049.0181   14.5182
    7.5000  -37.5000   37.5000 7628.6284   14.4755
   -7.5000  -30.0000   37.5000 8322.9590   14.8663
    0.0000  -30.0000   37.5000 8411.2812   14.8885
    7.5000  -30.0000   37.5000 8004.1069   14.8547
   -7.5000  -22.5000   37.5000 8803.5371   14.7960
    0.0000  -22.5000   37.5000 8873.3857   14.8220
    7.5000  -22.5000   37.5000 8462.0977   14.8015
   -7.5000  -15.0000   37.5000 9304.1914   14.7165
    0.0000  -15.0000   37.5000 9387.6709   14.7498
    7.5000  -15.0000   37.5000 8919.2578   14.7313
   -7.5000   -7.5000   37.5000 9399.9600   14.7001
    0.0000   -7.5000   37.5000 9493.7969   14.7357
    7.5000   -7.5000   37.5000 8987.6885   14.7075
   -7.5000    0.0000   37.5000 9277.1182   14.7689
    0.0000    0.0000   37.5000 9362.7100   14.8004
    7.5000    0.0000   37.5000 8856.8789   14.7593
   -7.5000    7.5000   37.5000 8600.4512   14.8525
    0.0000    7.5000   37.5000 8682.9443   14.8774
    7.5000    7.5000   37.5000 8218.9561   14.8337
   -7.5000   15.0000   37.5000 8177.8672   14.8609
    0.0000   15.0000   37.5000 8274.9883   14.8830
    7.5000   15.0000   37.5000 7818.2031   14.8492
   -7.5000   22.5000   37.5000 7384.2148   14.6007
    0.0000   22.5000   37.5000 7488.3838   14.6263
    7.5000   22.5000   37.5000 7066.5566   14.6061
   -7.5000   30.0000   37.5000 6628.2075   14.1879
    0.0000   30.0000   37.5000 6725.7549   14.2200
    7.5000   30.0000   37.5000 6337.1040   14.2022
   -7.5000   37.5000   37.5000 5889.4731   14.0931
    0.0000   37.5000   37.5000 5964.4927   14.1263
    7.5000   37.5000   37.5000 5634.9468   14.0966
   -7.5000   45.0000   37.5000 5249.0640   14.1976
    0.0000   45.0000   37.5000 5277.4927   14.2278
    7.5000   45.0000   37.5000 5008.1831   14.1813
   -7.5000  -45.0000   45.0000 7032.5010   13.6888
    0.0000  -45.0000   45.0000 7128.8354   13.7132
    7.5000  -45.0000   45.0000 6760.8545   13.6736
   -7.5000  -37.5000   45.0000 7390.2764   14.6556
    0.0000  -37.5000   45.0000 7480.9492   14.6755
    7.5000  -37.5000   45.0000 7104.9751   14.6324
   -7.5000  -30.0000   45.0000 7753.1992   15.0146
    0.0000  -30.0000   45.0000 7799.3438   15.0312
    7.5000  -30.0000   45.0000 7432.4854   14.9962
   -7.5000  -22.5000   45.0000 8188.7998   14.9441
    0.0000  -22.5000   45.0000 8232.1719   14.9636
    7.5000  -22.5000   45.0000 7852.3677   14.9394
   -7.5000  -15.0000   45.0000 8644.8223   14.8679
    0.0000  -15.0000   45.0000 8699.9590   14.8945
    7.5000  -15.0000   45.0000 8273.5586   14.8709
   -7.5000   -7.5000   45.0000 8739.3135   14.8553
    0.0000   -7.5000   45.0000 8796.4414   14.8850
    7.5000   -7.5000   45.0000 8339.0254   14.8523
   -7.5000    0.0000   45.0000 8646.8350   14.9243
    0.0000    0.0000   45.0000 8705.8311   14.9510
    7.5000    0.0000   45.0000 8230.8428   14.9078
   -7.5000    7.5000   45.0000 8010.0269   15.0038
    0.0000    7.5000   45.0000 8072.2124   15.0241
    7.5000    7.5000   45.0000 7640.3486   14.9800
   -7.5000   15.0000   45.0000 7619.0542   15.0089
    0.0000   15.0000   45.0000 7709.3452   15.0255
    7.5000   15.0000   45.0000 7287.7861   14.9906
   -7.5000   22.5000   45.0000 6882.3062   14.7449
    0.0000   22.5000   45.0000 6963.4473   14.7641
    7.5000   22.5000   45.0000 6585.7764   14.7402
   -7.5000   30.0000   45.0000 6164.4150   14.3325
    0.0000   30.0000   45.0000 6235.7754   14.3582
    7.5000   30.0000   45.0000 5895.5967   14.3353
   -7.5000   37.5000   45.0000 5496.6978   14.2281
    0.0000   37.5000   45.0000 5547.0596   14.2558
    7.5000   37.5000   45.0000 5258.1562   14.2213
   -7.5000   45.0000   45.0000 4903.3198   14.3300
    0.0000   45.0000   45.0000 4928.6118   14.3567
    7.5000   45.0000   45.0000 4679.4155   14.3075

---------------------------------------------------------------------
imgreg_4dfp /opt/freesurfer/average/711-2C_as_mni_average_305 /opt/freesurfer/average/711-2B_as_mni_average_305_mask talsrcimg_g11 none talsrcimg_to_711-2C_as_mni_average_305_t4 4355
---------------------------------------------------------------------

freesurfer imgreg_4dfp.c
/opt/freesurfer/average/711-2C_as_mni_average_305.4dfp.img
       256       256       256         1
  1.000000  1.000000  1.000000
orientation T byte_order littleendian
Reading image: /opt/freesurfer/average/711-2C_as_mni_average_305.4dfp.img
dimensions:      256       256       256
mmppix:       1.0000   -1.0000   -1.0000
center:     128.0000 -129.0000 -129.0000
/opt/freesurfer/average/711-2B_as_mni_average_305_mask.4dfp.img
       256       256       256         1
  1.000000  1.000000  1.000000
orientation T byte_order littleendian
Reading mask: /opt/freesurfer/average/711-2B_as_mni_average_305_mask.4dfp.img (2306576 pixels)
talsrcimg_g11.4dfp.img
       256       256       256         1
  0.898437  0.898437  0.898437
orientation T byte_order littleendian
Reading image: talsrcimg_g11.4dfp.img
dimensions:      256       256       256
mmppix:       0.8984   -0.8984   -0.8984
center:     114.9999 -115.8984 -115.8984
rotation matrix determinant  1.000000
image alignment mode   4355 decimal     1103 hex
   -7.5000  -52.5000  -45.0000 2024.8458   12.2740
    0.0000  -52.5000  -45.0000 2028.2167   12.3046
    7.5000  -52.5000  -45.0000 2006.5411   12.4103
   -7.5000  -45.0000  -45.0000 2093.9971   11.6806
    0.0000  -45.0000  -45.0000 2101.3850   11.7156
    7.5000  -45.0000  -45.0000 2076.9509   11.8021
   -7.5000  -37.5000  -45.0000 2125.5059   11.2032
    0.0000  -37.5000  -45.0000 2133.6294   11.2124
    7.5000  -37.5000  -45.0000 2110.1384   11.3131
   -7.5000  -30.0000  -45.0000 2143.7732   10.8623
    0.0000  -30.0000  -45.0000 2155.2649   10.8583
    7.5000  -30.0000  -45.0000 2133.4509   10.9675
   -7.5000  -22.5000  -45.0000 2154.1160   10.7618
    0.0000  -22.5000  -45.0000 2169.0652   10.7454
    7.5000  -22.5000  -45.0000 2143.9001   10.8697
   -7.5000  -15.0000  -45.0000 2141.0396   10.9034
    0.0000  -15.0000  -45.0000 2155.9912   10.8929
    7.5000  -15.0000  -45.0000 2132.0090   11.0114
   -7.5000   -7.5000  -45.0000 2100.5310   11.3502
    0.0000   -7.5000  -45.0000 2117.5583   11.3228
    7.5000   -7.5000  -45.0000 2093.2983   11.4327
   -7.5000    0.0000  -45.0000 2045.4709   12.0490
    0.0000    0.0000  -45.0000 2060.3931   12.0148
    7.5000    0.0000  -45.0000 2039.5391   12.0782
   -7.5000    7.5000  -45.0000 1977.8218   13.0069
    0.0000    7.5000  -45.0000 1990.8053   12.9427
    7.5000    7.5000  -45.0000 1967.2651   13.0136
   -7.5000   15.0000  -45.0000 1893.2949   14.2301
    0.0000   15.0000  -45.0000 1905.8497   14.1146
    7.5000   15.0000  -45.0000 1885.3541   14.2701
   -7.5000   22.5000  -45.0000 1791.3114   15.7914
    0.0000   22.5000  -45.0000 1803.5754   15.6654
    7.5000   22.5000  -45.0000 1789.8483   15.8533
   -7.5000   30.0000  -45.0000 1688.3851   17.9369
    0.0000   30.0000  -45.0000 1700.7197   17.7532
    7.5000   30.0000  -45.0000 1686.5269   17.9578
   -7.5000   37.5000  -45.0000 1556.6047   20.7648
    0.0000   37.5000  -45.0000 1569.4513   20.4903
    7.5000   37.5000  -45.0000 1557.5397   20.7489
   -7.5000  -52.5000  -37.5000 2186.4255   12.0765
    0.0000  -52.5000  -37.5000 2194.5337   12.0700
    7.5000  -52.5000  -37.5000 2171.4634   12.1846
   -7.5000  -45.0000  -37.5000 2263.1553   11.5159
    0.0000  -45.0000  -37.5000 2272.4187   11.4887
    7.5000  -45.0000  -37.5000 2242.5549   11.6020
   -7.5000  -37.5000  -37.5000 2291.1472   11.0283
    0.0000  -37.5000  -37.5000 2305.5439   11.0064
    7.5000  -37.5000  -37.5000 2277.5989   11.1057
   -7.5000  -30.0000  -37.5000 2313.2402   10.6811
    0.0000  -30.0000  -37.5000 2331.3401   10.6600
    7.5000  -30.0000  -37.5000 2302.0632   10.7574
   -7.5000  -22.5000  -37.5000 2324.3694   10.5676
    0.0000  -22.5000  -37.5000 2344.1345   10.5179
    7.5000  -22.5000  -37.5000 2317.4885   10.6327
   -7.5000  -15.0000  -37.5000 2311.9036   10.6738
    0.0000  -15.0000  -37.5000 2332.7329   10.6510
    7.5000  -15.0000  -37.5000 2301.6003   10.7507
   -7.5000   -7.5000  -37.5000 2274.7715   11.1026
    0.0000   -7.5000  -37.5000 2294.1194   11.0565
    7.5000   -7.5000  -37.5000 2265.2434   11.1514
   -7.5000    0.0000  -37.5000 2214.5481   11.7606
    0.0000    0.0000  -37.5000 2233.6057   11.7120
    7.5000    0.0000  -37.5000 2210.4038   11.7748
   -7.5000    7.5000  -37.5000 2142.5571   12.6499
    0.0000    7.5000  -37.5000 2158.3169   12.5806
    7.5000    7.5000  -37.5000 2135.6016   12.6347
   -7.5000   15.0000  -37.5000 2047.7946   13.8102
    0.0000   15.0000  -37.5000 2060.0164   13.7063
    7.5000   15.0000  -37.5000 2040.6746   13.8232
   -7.5000   22.5000  -37.5000 1939.8090   15.3424
    0.0000   22.5000  -37.5000 1954.5751   15.2222
    7.5000   22.5000  -37.5000 1935.7587   15.3218
   -7.5000   30.0000  -37.5000 1825.3120   17.3639
    0.0000   30.0000  -37.5000 1840.1884   17.2165
    7.5000   30.0000  -37.5000 1821.8962   17.3620
   -7.5000   37.5000  -37.5000 1686.8162   20.0778
    0.0000   37.5000  -37.5000 1694.2498   19.8202
    7.5000   37.5000  -37.5000 1682.5510   19.9750
   -7.5000  -52.5000  -30.0000 2328.6106   11.8799
    0.0000  -52.5000  -30.0000 2343.2722   11.8145
    7.5000  -52.5000  -30.0000 2319.0090   11.9237
   -7.5000  -45.0000  -30.0000 2411.1851   11.2941
    0.0000  -45.0000  -30.0000 2424.8867   11.2345
    7.5000  -45.0000  -30.0000 2394.6646   11.3214
   -7.5000  -37.5000  -30.0000 2449.2192   10.8439
    0.0000  -37.5000  -30.0000 2465.2942   10.7883
    7.5000  -37.5000  -30.0000 2435.8904   10.8662
   -7.5000  -30.0000  -30.0000 2468.1580   10.5009
    0.0000  -30.0000  -30.0000 2490.7632   10.4527
    7.5000  -30.0000  -30.0000 2463.3635   10.5347
   -7.5000  -22.5000  -30.0000 2480.8542   10.3502
    0.0000  -22.5000  -30.0000 2501.5334   10.2941
    7.5000  -22.5000  -30.0000 2477.2837   10.3791
   -7.5000  -15.0000  -30.0000 2469.4580   10.4314
    0.0000  -15.0000  -30.0000 2492.4646   10.3669
    7.5000  -15.0000  -30.0000 2460.1155   10.4805
   -7.5000   -7.5000  -30.0000 2433.1338   10.8060
    0.0000   -7.5000  -30.0000 2457.9641   10.7383
    7.5000   -7.5000  -30.0000 2424.6265   10.8199
   -7.5000    0.0000  -30.0000 2371.3296   11.4047
    0.0000    0.0000  -30.0000 2391.5630   11.3347
    7.5000    0.0000  -30.0000 2366.4207   11.4072
   -7.5000    7.5000  -30.0000 2292.9429   12.2346
    0.0000    7.5000  -30.0000 2310.4111   12.1612
    7.5000    7.5000  -30.0000 2286.9180   12.2176
   -7.5000   15.0000  -30.0000 2185.3254   13.3648
    0.0000   15.0000  -30.0000 2203.6965   13.2652
    7.5000   15.0000  -30.0000 2184.1235   13.3515
   -7.5000   22.5000  -30.0000 2068.2693   14.8405
    0.0000   22.5000  -30.0000 2087.5430   14.7229
    7.5000   22.5000  -30.0000 2068.1396   14.8017
   -7.5000   30.0000  -30.0000 1947.9773   16.7847
    0.0000   30.0000  -30.0000 1970.0195   16.6736
    7.5000   30.0000  -30.0000 1951.5061   16.7417
   -7.5000   37.5000  -30.0000 1793.9397   19.3464
    0.0000   37.5000  -30.0000 1807.2186   19.1494
    7.5000   37.5000  -30.0000 1798.7692   19.2540
   -7.5000  -52.5000  -22.5000 2437.5962   11.5852
    0.0000  -52.5000  -22.5000 2458.1313   11.4785
    7.5000  -52.5000  -22.5000 2432.0305   11.5794
   -7.5000  -45.0000  -22.5000 2532.0408   11.0057
    0.0000  -45.0000  -22.5000 2549.4045   10.9052
    7.5000  -45.0000  -22.5000 2524.5479   10.9834
   -7.5000  -37.5000  -22.5000 2575.2332   10.5597
    0.0000  -37.5000  -22.5000 2595.8638   10.4562
    7.5000  -37.5000  -22.5000 2572.3518   10.5396
   -7.5000  -30.0000  -22.5000 2605.9866   10.1909
    0.0000  -30.0000  -22.5000 2633.7979   10.1148
    7.5000  -30.0000  -22.5000 2605.4487   10.2086
   -7.5000  -22.5000  -22.5000 2620.6936   10.0197
    0.0000  -22.5000  -22.5000 2645.8215    9.9469
    7.5000  -22.5000  -22.5000 2615.7043   10.0558
   -7.5000  -15.0000  -22.5000 2613.1467   10.0826
    0.0000  -15.0000  -22.5000 2637.8091   10.0106
    7.5000  -15.0000  -22.5000 2605.3091   10.1274
   -7.5000   -7.5000  -22.5000 2571.6650   10.4341
    0.0000   -7.5000  -22.5000 2602.9587   10.3353
    7.5000   -7.5000  -22.5000 2571.8081   10.4341
   -7.5000    0.0000  -22.5000 2505.3638   11.0007
    0.0000    0.0000  -22.5000 2534.4167   10.9022
    7.5000    0.0000  -22.5000 2509.8701   10.9804
   -7.5000    7.5000  -22.5000 2415.7378   11.7799
    0.0000    7.5000  -22.5000 2441.3113   11.7002
    7.5000    7.5000  -22.5000 2419.0781   11.7714
   -7.5000   15.0000  -22.5000 2305.3733   12.8470
    0.0000   15.0000  -22.5000 2331.9668   12.7399
    7.5000   15.0000  -22.5000 2309.0046   12.8241
   -7.5000   22.5000  -22.5000 2186.3359   14.2621
    0.0000   22.5000  -22.5000 2211.3516   14.1565
    7.5000   22.5000  -22.5000 2193.8406   14.2066
   -7.5000   30.0000  -22.5000 2054.1108   16.1067
    0.0000   30.0000  -22.5000 2078.0078   16.0215
    7.5000   30.0000  -22.5000 2060.3511   16.0527
   -7.5000   37.5000  -22.5000 1891.1588   18.5537
    0.0000   37.5000  -22.5000 1905.6155   18.4151
    7.5000   37.5000  -22.5000 1897.6705   18.4603
   -7.5000  -52.5000  -15.0000 2519.5435   11.1764
    0.0000  -52.5000  -15.0000 2539.0078   11.0974
    7.5000  -52.5000  -15.0000 2510.1047   11.1977
   -7.5000  -45.0000  -15.0000 2619.9949   10.6189
    0.0000  -45.0000  -15.0000 2642.0664   10.5198
    7.5000  -45.0000  -15.0000 2615.1355   10.5881
   -7.5000  -37.5000  -15.0000 2666.8564   10.1582
    0.0000  -37.5000  -15.0000 2693.0806   10.0607
    7.5000  -37.5000  -15.0000 2667.9509   10.1372
   -7.5000  -30.0000  -15.0000 2709.5190    9.7763
    0.0000  -30.0000  -15.0000 2735.4070    9.6947
    7.5000  -30.0000  -15.0000 2706.0273    9.7691
   -7.5000  -22.5000  -15.0000 2732.0100    9.5627
    0.0000  -22.5000  -15.0000 2760.4651    9.4871
    7.5000  -22.5000  -15.0000 2726.6780    9.6044
   -7.5000  -15.0000  -15.0000 2728.1135    9.6387
    0.0000  -15.0000  -15.0000 2753.1257    9.5575
    7.5000  -15.0000  -15.0000 2722.5859    9.6804
   -7.5000   -7.5000  -15.0000 2686.4563    9.9809
    0.0000   -7.5000  -15.0000 2718.1152    9.8852
    7.5000   -7.5000  -15.0000 2688.1782    9.9935
   -7.5000    0.0000  -15.0000 2616.9075   10.5120
    0.0000    0.0000  -15.0000 2647.9915   10.4160
    7.5000    0.0000  -15.0000 2622.6096   10.5056
   -7.5000    7.5000  -15.0000 2521.1689   11.2592
    0.0000    7.5000  -15.0000 2546.3855   11.1654
    7.5000    7.5000  -15.0000 2527.6008   11.2704
   -7.5000   15.0000  -15.0000 2404.5220   12.2666
    0.0000   15.0000  -15.0000 2429.4971   12.1749
    7.5000   15.0000  -15.0000 2410.7810   12.2778
   -7.5000   22.5000  -15.0000 2280.9858   13.5903
    0.0000   22.5000  -15.0000 2307.9993   13.5060
    7.5000   22.5000  -15.0000 2289.1816   13.5772
   -7.5000   30.0000  -15.0000 2137.4412   15.3112
    0.0000   30.0000  -15.0000 2160.3350   15.2330
    7.5000   30.0000  -15.0000 2143.4680   15.3075
   -7.5000   37.5000  -15.0000 1965.8397   17.6161
    0.0000   37.5000  -15.0000 1981.9015   17.4700
    7.5000   37.5000  -15.0000 1964.8151   17.5705
   -7.5000  -52.5000   -7.5000 2557.5762   10.7072
    0.0000  -52.5000   -7.5000 2574.4460   10.6253
    7.5000  -52.5000   -7.5000 2542.5967   10.7645
   -7.5000  -45.0000   -7.5000 2668.5596   10.1295
    0.0000  -45.0000   -7.5000 2688.6936   10.0651
    7.5000  -45.0000   -7.5000 2658.5398   10.1623
   -7.5000  -37.5000   -7.5000 2723.9375    9.6847
    0.0000  -37.5000   -7.5000 2751.9202    9.6046
    7.5000  -37.5000   -7.5000 2720.2612    9.6925
   -7.5000  -30.0000   -7.5000 2772.6504    9.2812
    0.0000  -30.0000   -7.5000 2800.4785    9.1998
    7.5000  -30.0000   -7.5000 2765.1887    9.3011
   -7.5000  -22.5000   -7.5000 2802.9871    9.0414
    0.0000  -22.5000   -7.5000 2834.8801    8.9554
    7.5000  -22.5000   -7.5000 2793.1592    9.1095
   -7.5000  -15.0000   -7.5000 2801.4651    9.1223
    0.0000  -15.0000   -7.5000 2835.5579    9.0432
    7.5000  -15.0000   -7.5000 2799.5076    9.1859
   -7.5000   -7.5000   -7.5000 2760.1179    9.4497
    0.0000   -7.5000   -7.5000 2795.7551    9.3601
    7.5000   -7.5000   -7.5000 2763.2063    9.4851
   -7.5000    0.0000   -7.5000 2686.7913    9.9474
    0.0000    0.0000   -7.5000 2720.5571    9.8627
    7.5000    0.0000   -7.5000 2691.3110    9.9859
   -7.5000    7.5000   -7.5000 2588.8999   10.6448
    0.0000    7.5000   -7.5000 2615.2185   10.5792
    7.5000    7.5000   -7.5000 2594.7708   10.6908
   -7.5000   15.0000   -7.5000 2472.0320   11.6073
    0.0000   15.0000   -7.5000 2494.5522   11.5366
    7.5000   15.0000   -7.5000 2473.1484   11.6510
   -7.5000   22.5000   -7.5000 2344.5684   12.8771
    0.0000   22.5000   -7.5000 2368.5732   12.8051
    7.5000   22.5000   -7.5000 2349.0237   12.8995
   -7.5000   30.0000   -7.5000 2197.9893   14.5440
    0.0000   30.0000   -7.5000 2219.1978   14.4587
    7.5000   30.0000   -7.5000 2199.2847   14.5563
   -7.5000   37.5000   -7.5000 2016.2802   16.6428
    0.0000   37.5000   -7.5000 2033.0594   16.5251
    7.5000   37.5000   -7.5000 2011.9766   16.6469
   -7.5000  -52.5000    0.0000 2578.6990   10.4755
    0.0000  -52.5000    0.0000 2595.8464   10.3844
    7.5000  -52.5000    0.0000 2562.7646   10.5209
   -7.5000  -45.0000    0.0000 2702.0530    9.8991
    0.0000  -45.0000    0.0000 2726.5454    9.8175
    7.5000  -45.0000    0.0000 2695.1763    9.9086
   -7.5000  -37.5000    0.0000 2780.7837    9.4830
    0.0000  -37.5000    0.0000 2810.9795    9.3895
    7.5000  -37.5000    0.0000 2775.8604    9.4693
   -7.5000  -30.0000    0.0000 2835.0664    9.0805
    0.0000  -30.0000    0.0000 2873.1265    8.9862
    7.5000  -30.0000    0.0000 2830.7766    9.1140
   -7.5000  -22.5000    0.0000 2870.2310    8.7806
    0.0000  -22.5000    0.0000 2904.6108    8.6701
    7.5000  -22.5000    0.0000 2859.0398    8.8730
   -7.5000  -15.0000    0.0000 2870.5156    8.8308
    0.0000  -15.0000    0.0000 2903.8191    8.7289
    7.5000  -15.0000    0.0000 2862.7468    8.8983
   -7.5000   -7.5000    0.0000 2829.1316    9.1220
    0.0000   -7.5000    0.0000 2860.1235    9.0340
    7.5000   -7.5000    0.0000 2824.7097    9.1523
   -7.5000    0.0000    0.0000 2751.0305    9.6101
    0.0000    0.0000    0.0000 2783.0090    9.5055
    7.5000    0.0000    0.0000 2753.6106    9.6094
   -7.5000    7.5000    0.0000 2645.4570   10.3078
    0.0000    7.5000    0.0000 2670.9646   10.1936
    7.5000    7.5000    0.0000 2649.9272   10.3092
   -7.5000   15.0000    0.0000 2524.8923   11.2622
    0.0000   15.0000    0.0000 2554.4407   11.1491
    7.5000   15.0000    0.0000 2528.8652   11.2951
   -7.5000   22.5000    0.0000 2397.3367   12.5145
    0.0000   22.5000    0.0000 2425.4211   12.3864
    7.5000   22.5000    0.0000 2400.0361   12.5334
   -7.5000   30.0000    0.0000 2246.7471   14.1065
    0.0000   30.0000    0.0000 2274.4741   14.0010
    7.5000   30.0000    0.0000 2251.2974   14.1219
   -7.5000   37.5000    0.0000 2054.8408   16.0902
    0.0000   37.5000    0.0000 2076.6218   15.9647
    7.5000   37.5000    0.0000 2053.3398   16.0872
   -7.5000  -52.5000    7.5000 2569.7463   10.3304
    0.0000  -52.5000    7.5000 2587.5835   10.2468
    7.5000  -52.5000    7.5000 2559.9971   10.3582
   -7.5000  -45.0000    7.5000 2702.5154    9.7622
    0.0000  -45.0000    7.5000 2727.7310    9.6915
    7.5000  -45.0000    7.5000 2702.4133    9.7479
   -7.5000  -37.5000    7.5000 2802.9656    9.3862
    0.0000  -37.5000    7.5000 2839.4395    9.3211
    7.5000  -37.5000    7.5000 2805.0977    9.3141
   -7.5000  -30.0000    7.5000 2876.3433    9.0660
    0.0000  -30.0000    7.5000 2922.2461    9.0104
    7.5000  -30.0000    7.5000 2875.9209    9.0055
   -7.5000  -22.5000    7.5000 2914.5950    8.7478
    0.0000  -22.5000    7.5000 2958.2473    8.6579
    7.5000  -22.5000    7.5000 2907.1130    8.7684
   -7.5000  -15.0000    7.5000 2905.1360    8.6770
    0.0000  -15.0000    7.5000 2944.1191    8.5744
    7.5000  -15.0000    7.5000 2897.5247    8.7023
   -7.5000   -7.5000    7.5000 2858.2793    8.8745
    0.0000   -7.5000    7.5000 2891.3066    8.7829
    7.5000   -7.5000    7.5000 2855.5103    8.8735
   -7.5000    0.0000    7.5000 2779.6946    9.3474
    0.0000    0.0000    7.5000 2812.1416    9.2367
    7.5000    0.0000    7.5000 2784.3140    9.3173
   -7.5000    7.5000    7.5000 2670.0117   10.0729
    0.0000    7.5000    7.5000 2699.5718    9.9561
    7.5000    7.5000    7.5000 2674.7373   10.0453
   -7.5000   15.0000    7.5000 2552.2878   11.0432
    0.0000   15.0000    7.5000 2582.3313   10.9511
    7.5000   15.0000    7.5000 2557.3677   11.0275
   -7.5000   22.5000    7.5000 2418.2300   12.2515
    0.0000   22.5000    7.5000 2447.4968   12.1667
    7.5000   22.5000    7.5000 2425.0176   12.2239
   -7.5000   30.0000    7.5000 2269.1169   13.7975
    0.0000   30.0000    7.5000 2295.0322   13.7094
    7.5000   30.0000    7.5000 2277.4333   13.7718
   -7.5000   37.5000    7.5000 2075.0664   15.7305
    0.0000   37.5000    7.5000 2096.5962   15.5841
    7.5000   37.5000    7.5000 2078.9297   15.6571
   -7.5000  -52.5000   15.0000 2547.2485   10.3975
    0.0000  -52.5000   15.0000 2562.9880   10.3471
    7.5000  -52.5000   15.0000 2544.0176   10.4036
   -7.5000  -45.0000   15.0000 2689.4021    9.7963
    0.0000  -45.0000   15.0000 2713.3481    9.7558
    7.5000  -45.0000   15.0000 2688.5403    9.7619
   -7.5000  -37.5000   15.0000 2804.3633    9.4028
    0.0000  -37.5000   15.0000 2841.3738    9.3844
    7.5000  -37.5000   15.0000 2805.0010    9.3144
   -7.5000  -30.0000   15.0000 2892.8452    9.1107
    0.0000  -30.0000   15.0000 2942.5564    9.1262
    7.5000  -30.0000   15.0000 2889.9255    9.0080
   -7.5000  -22.5000   15.0000 2937.7080    8.8279
    0.0000  -22.5000   15.0000 2985.7539    8.8126
    7.5000  -22.5000   15.0000 2926.6345    8.7743
   -7.5000  -15.0000   15.0000 2919.2495    8.6978
    0.0000  -15.0000   15.0000 2958.4863    8.6405
    7.5000  -15.0000   15.0000 2912.1160    8.6823
   -7.5000   -7.5000   15.0000 2864.2920    8.8439
    0.0000   -7.5000   15.0000 2899.0840    8.7542
    7.5000   -7.5000   15.0000 2862.6733    8.8528
   -7.5000    0.0000   15.0000 2781.9163    9.2716
    0.0000    0.0000   15.0000 2810.7600    9.1705
    7.5000    0.0000   15.0000 2783.3855    9.2744
   -7.5000    7.5000   15.0000 2675.7271   10.0065
    0.0000    7.5000   15.0000 2702.1902    9.8812
    7.5000    7.5000   15.0000 2681.9563    9.9823
   -7.5000   15.0000   15.0000 2558.8044   10.9610
    0.0000   15.0000   15.0000 2584.2354   10.8659
    7.5000   15.0000   15.0000 2566.5408   10.9511
   -7.5000   22.5000   15.0000 2420.9282   12.1671
    0.0000   22.5000   15.0000 2447.6572   12.0761
    7.5000   22.5000   15.0000 2430.4114   12.1672
   -7.5000   30.0000   15.0000 2270.7656   13.6808
    0.0000   30.0000   15.0000 2299.2734   13.6051
    7.5000   30.0000   15.0000 2278.1042   13.6669
   -7.5000   37.5000   15.0000 2076.6987   15.5663
    0.0000   37.5000   15.0000 2099.3970   15.4668
    7.5000   37.5000   15.0000 2081.7349   15.5145
   -7.5000  -52.5000   22.5000 2514.8401   10.6324
    0.0000  -52.5000   22.5000 2538.4338   10.5611
    7.5000  -52.5000   22.5000 2515.7947   10.6388
   -7.5000  -45.0000   22.5000 2661.4675    9.9879
    0.0000  -45.0000   22.5000 2686.5757    9.9133
    7.5000  -45.0000   22.5000 2663.8936    9.9530
   -7.5000  -37.5000   22.5000 2780.2053    9.5207
    0.0000  -37.5000   22.5000 2817.6948    9.4823
    7.5000  -37.5000   22.5000 2785.4893    9.4659
   -7.5000  -30.0000   22.5000 2873.8315    9.1541
    0.0000  -30.0000   22.5000 2926.4854    9.1574
    7.5000  -30.0000   22.5000 2870.9526    9.1260
   -7.5000  -22.5000   22.5000 2924.5481    8.8515
    0.0000  -22.5000   22.5000 2968.9578    8.7971
    7.5000  -22.5000   22.5000 2914.5574    8.8521
   -7.5000  -15.0000   22.5000 2908.8398    8.7980
    0.0000  -15.0000   22.5000 2951.7991    8.7024
    7.5000  -15.0000   22.5000 2902.7480    8.8144
   -7.5000   -7.5000   22.5000 2854.3398    9.0040
    0.0000   -7.5000   22.5000 2893.4614    8.9242
    7.5000   -7.5000   22.5000 2848.8459    9.0273
   -7.5000    0.0000   22.5000 2760.7515    9.4562
    0.0000    0.0000   22.5000 2788.1377    9.3824
    7.5000    0.0000   22.5000 2760.8113    9.4759
   -7.5000    7.5000   22.5000 2657.3608   10.1676
    0.0000    7.5000   22.5000 2677.9751   10.0723
    7.5000    7.5000   22.5000 2659.3655   10.1634
   -7.5000   15.0000   22.5000 2536.8596   11.1062
    0.0000   15.0000   22.5000 2557.2190   11.0063
    7.5000   15.0000   22.5000 2544.9575   11.0944
   -7.5000   22.5000   22.5000 2403.8394   12.2408
    0.0000   22.5000   22.5000 2432.0430   12.1479
    7.5000   22.5000   22.5000 2412.1685   12.2495
   -7.5000   30.0000   22.5000 2252.3203   13.7104
    0.0000   30.0000   22.5000 2282.8721   13.6188
    7.5000   30.0000   22.5000 2261.9053   13.7157
   -7.5000   37.5000   22.5000 2064.2090   15.5425
    0.0000   37.5000   22.5000 2088.1279   15.4451
    7.5000   37.5000   22.5000 2067.2820   15.5317
   -7.5000  -52.5000   30.0000 2486.1482   10.9427
    0.0000  -52.5000   30.0000 2508.1997   10.8605
    7.5000  -52.5000   30.0000 2486.5049   10.9751
   -7.5000  -45.0000   30.0000 2624.7234   10.2650
    0.0000  -45.0000   30.0000 2650.2561   10.1930
    7.5000  -45.0000   30.0000 2634.6616   10.2826
   -7.5000  -37.5000   30.0000 2742.0840    9.7831
    0.0000  -37.5000   30.0000 2775.5940    9.7428
    7.5000  -37.5000   30.0000 2747.3032    9.7799
   -7.5000  -30.0000   30.0000 2829.8423    9.3725
    0.0000  -30.0000   30.0000 2874.5146    9.3217
    7.5000  -30.0000   30.0000 2828.3335    9.3897
   -7.5000  -22.5000   30.0000 2879.2524    9.0717
    0.0000  -22.5000   30.0000 2912.8838    8.9443
    7.5000  -22.5000   30.0000 2874.3701    9.1157
   -7.5000  -15.0000   30.0000 2874.4412    9.0345
    0.0000  -15.0000   30.0000 2908.1638    8.9339
    7.5000  -15.0000   30.0000 2868.1172    9.0901
   -7.5000   -7.5000   30.0000 2822.1614    9.3025
    0.0000   -7.5000   30.0000 2854.6970    9.2143
    7.5000   -7.5000   30.0000 2816.9043    9.3346
   -7.5000    0.0000   30.0000 2724.6880    9.7979
    0.0000    0.0000   30.0000 2753.4031    9.6990
    7.5000    0.0000   30.0000 2725.3652    9.8036
   -7.5000    7.5000   30.0000 2618.5115   10.5022
    0.0000    7.5000   30.0000 2642.8557   10.4045
    7.5000    7.5000   30.0000 2625.1516   10.5164
   -7.5000   15.0000   30.0000 2500.7214   11.3880
    0.0000   15.0000   30.0000 2526.3506   11.3358
    7.5000   15.0000   30.0000 2508.8438   11.4297
   -7.5000   22.5000   30.0000 2371.0337   12.4652
    0.0000   22.5000   30.0000 2397.3762   12.4152
    7.5000   22.5000   30.0000 2377.3921   12.5068
   -7.5000   30.0000   30.0000 2218.3345   13.8929
    0.0000   30.0000   30.0000 2242.6514   13.8203
    7.5000   30.0000   30.0000 2225.5947   13.8926
   -7.5000   37.5000   30.0000 2033.0834   15.7036
    0.0000   37.5000   30.0000 2052.4521   15.5810
    7.5000   37.5000   30.0000 2038.0505   15.6679
   -7.5000  -52.5000   37.5000 2450.7129   11.3786
    0.0000  -52.5000   37.5000 2473.5747   11.2745
    7.5000  -52.5000   37.5000 2445.2249   11.4576
   -7.5000  -45.0000   37.5000 2588.5120   10.7041
    0.0000  -45.0000   37.5000 2612.5171   10.6181
    7.5000  -45.0000   37.5000 2593.9058   10.7463
   -7.5000  -37.5000   37.5000 2695.1658   10.1754
    0.0000  -37.5000   37.5000 2722.0676   10.1119
    7.5000  -37.5000   37.5000 2700.3569   10.2110
   -7.5000  -30.0000   37.5000 2767.1975    9.7190
    0.0000  -30.0000   37.5000 2802.6001    9.5954
    7.5000  -30.0000   37.5000 2771.6711    9.7617
   -7.5000  -22.5000   37.5000 2809.6521    9.4385
    0.0000  -22.5000   37.5000 2840.9739    9.2966
    7.5000  -22.5000   37.5000 2808.9783    9.4894
   -7.5000  -15.0000   37.5000 2807.9019    9.4251
    0.0000  -15.0000   37.5000 2838.0452    9.3235
    7.5000  -15.0000   37.5000 2806.7646    9.4726
   -7.5000   -7.5000   37.5000 2759.8367    9.7158
    0.0000   -7.5000   37.5000 2789.7578    9.6361
    7.5000   -7.5000   37.5000 2758.0154    9.7477
   -7.5000    0.0000   37.5000 2675.8059   10.2223
    0.0000    0.0000   37.5000 2701.2671   10.1341
    7.5000    0.0000   37.5000 2674.2236   10.2372
   -7.5000    7.5000   37.5000 2574.7708   10.9212
    0.0000    7.5000   37.5000 2600.2112   10.8427
    7.5000    7.5000   37.5000 2578.7000   10.9460
   -7.5000   15.0000   37.5000 2454.8279   11.7798
    0.0000   15.0000   37.5000 2482.3179   11.7293
    7.5000   15.0000   37.5000 2461.4138   11.8199
   -7.5000   22.5000   37.5000 2319.2251   12.8545
    0.0000   22.5000   37.5000 2344.6697   12.7736
    7.5000   22.5000   37.5000 2328.0173   12.8664
   -7.5000   30.0000   37.5000 2164.9060   14.2218
    0.0000   30.0000   37.5000 2193.1641   14.1486
    7.5000   30.0000   37.5000 2174.0488   14.2122
   -7.5000   37.5000   37.5000 1990.0236   15.9855
    0.0000   37.5000   37.5000 2010.0271   15.8694
    7.5000   37.5000   37.5000 1997.9545   15.9783
   -7.5000  -52.5000   45.0000 2385.1926   11.9149
    0.0000  -52.5000   45.0000 2410.5120   11.7733
    7.5000  -52.5000   45.0000 2384.4343   11.9942
   -7.5000  -45.0000   45.0000 2515.5310   11.2191
    0.0000  -45.0000   45.0000 2544.5237   11.1125
    7.5000  -45.0000   45.0000 2519.1909   11.2711
   -7.5000  -37.5000   45.0000 2612.6255   10.6531
    0.0000  -37.5000   45.0000 2643.5959   10.5303
    7.5000  -37.5000   45.0000 2617.9250   10.6834
   -7.5000  -30.0000   45.0000 2675.8647   10.1663
    0.0000  -30.0000   45.0000 2707.5020   10.0173
    7.5000  -30.0000   45.0000 2679.7668   10.2035
   -7.5000  -22.5000   45.0000 2706.3208    9.9252
    0.0000  -22.5000   45.0000 2732.5935    9.7863
    7.5000  -22.5000   45.0000 2707.2012    9.9592
   -7.5000  -15.0000   45.0000 2702.6746    9.9125
    0.0000  -15.0000   45.0000 2731.7043    9.7937
    7.5000  -15.0000   45.0000 2704.7498    9.9332
   -7.5000   -7.5000   45.0000 2655.9465   10.1868
    0.0000   -7.5000   45.0000 2687.1987   10.0775
    7.5000   -7.5000   45.0000 2656.2627   10.1928
   -7.5000    0.0000   45.0000 2587.0271   10.6930
    0.0000    0.0000   45.0000 2611.6938   10.6015
    7.5000    0.0000   45.0000 2582.9656   10.6901
   -7.5000    7.5000   45.0000 2489.5032   11.3540
    0.0000    7.5000   45.0000 2513.5654   11.2892
    7.5000    7.5000   45.0000 2493.4170   11.3660
   -7.5000   15.0000   45.0000 2375.7476   12.2142
    0.0000   15.0000   45.0000 2406.5125   12.1508
    7.5000   15.0000   45.0000 2390.1384   12.2326
   -7.5000   22.5000   45.0000 2240.3088   13.2936
    0.0000   22.5000   45.0000 2265.5039   13.2272
    7.5000   22.5000   45.0000 2251.9033   13.3029
   -7.5000   30.0000   45.0000 2089.6609   14.6607
    0.0000   30.0000   45.0000 2112.9771   14.6004
    7.5000   30.0000   45.0000 2095.4626   14.6888
   -7.5000   37.5000   45.0000 1933.1674   16.4163
    0.0000   37.5000   45.0000 1945.8226   16.3068
    7.5000   37.5000   45.0000 1935.9592   16.4307

---------------------------------------------------------------------
imgreg_4dfp /opt/freesurfer/average/711-2C_as_mni_average_305 /opt/freesurfer/average/711-2B_as_mni_average_305_mask talsrcimg_g11 none talsrcimg_to_711-2C_as_mni_average_305_t4 1283
---------------------------------------------------------------------

freesurfer imgreg_4dfp.c
/opt/freesurfer/average/711-2C_as_mni_average_305.4dfp.img
       256       256       256         1
  1.000000  1.000000  1.000000
orientation T byte_order littleendian
Reading image: /opt/freesurfer/average/711-2C_as_mni_average_305.4dfp.img
dimensions:      256       256       256
mmppix:       1.0000   -1.0000   -1.0000
center:     128.0000 -129.0000 -129.0000
/opt/freesurfer/average/711-2B_as_mni_average_305_mask.4dfp.img
       256       256       256         1
  1.000000  1.000000  1.000000
orientation T byte_order littleendian
Reading mask: /opt/freesurfer/average/711-2B_as_mni_average_305_mask.4dfp.img (2306576 pixels)
talsrcimg_g11.4dfp.img
       256       256       256         1
  0.898437  0.898437  0.898437
orientation T byte_order littleendian
Reading image: talsrcimg_g11.4dfp.img
dimensions:      256       256       256
mmppix:       0.8984   -0.8984   -0.8984
center:     114.9999 -115.8984 -115.8984
rotation matrix determinant  1.000000
fimgreg.f
image alignment mode   1283 decimal      503 hex
parameters
    0.0000  -22.5000   15.0000    0.0000    0.0000    0.0000
eta,q 0.93685  8.79581
niter,ni,del,rscale     5    3   12.0000    1.2000
parameter  4  1.764654 ->  0.500000 qaram    1.1500
parameters
   -0.6421  -23.5219   16.3843   -3.4500   -2.2178   -2.4629
eta,q 0.94180  8.97687
  0.0704  0.0662  0.0708  0.0583  0.0611  0.0595
  0.0660  0.0626  0.0680  0.0593  0.0595  0.0586
  0.0644  0.0629  0.0654  0.0611  0.0587  0.0582
  0.0636  0.0638  0.0636  0.0628  0.0598  0.0587
  0.0645  0.0639  0.0625  0.0629  0.0616  0.0603
  0.0685  0.0653  0.0631  0.0650  0.0647  0.0628
  0.0747  0.0684  0.0671  0.0688  0.0689  0.0655
niter,ni,del,rscale     5    3   12.0000    1.2000
parameter  4  1.570496 ->  0.500000 qaram    1.3225
parameters
   -0.1459  -21.5079   15.5202   -7.4175   -2.1488   -1.8058
eta,q 0.94447  8.95106
  0.0739  0.0710  0.0635  0.0547  0.0620  0.0610
  0.0667  0.0621  0.0611  0.0550  0.0590  0.0585
  0.0607  0.0582  0.0595  0.0571  0.0569  0.0563
  0.0582  0.0582  0.0593  0.0592  0.0555  0.0555
  0.0591  0.0593  0.0601  0.0605  0.0561  0.0558
  0.0633  0.0586  0.0629  0.0625  0.0587  0.0569
  0.0698  0.0587  0.0679  0.0667  0.0620  0.0592
niter,ni,del,rscale     5    3   12.0000    1.2000
parameters
   -0.4206  -19.6159   13.8233  -10.9457   -1.8227   -2.2523
eta,q 0.94864  8.91833
  0.0697  0.0678  0.0586  0.0558  0.0605  0.0569
  0.0620  0.0606  0.0550  0.0527  0.0567  0.0536
  0.0567  0.0568  0.0542  0.0515  0.0533  0.0516
  0.0555  0.0555  0.0550  0.0542  0.0515  0.0515
  0.0579  0.0550  0.0576  0.0582  0.0521  0.0526
  0.0640  0.0554  0.0613  0.0611  0.0548  0.0549
  0.0724  0.0574  0.0663  0.0645  0.0594  0.0587
niter,ni,del,rscale     4    3   12.0000    1.2000
parameters
   -0.6125  -19.3209   13.1316  -10.9135   -1.6984   -2.2481
eta,q 0.94901  8.89814
  0.0702  0.0643  0.0592  0.0621  0.0600  0.0573
  0.0597  0.0575  0.0539  0.0564  0.0561  0.0537
  0.0526  0.0530  0.0514  0.0528  0.0526  0.0516
  0.0514  0.0512  0.0512  0.0510  0.0510  0.0510
  0.0549  0.0525  0.0534  0.0527  0.0520  0.0517
  0.0624  0.0565  0.0575  0.0574  0.0550  0.0537
  0.0715  0.0616  0.0633  0.0612  0.0598  0.0572
niter,ni,del,rscale     3    3   12.0000    1.2000
parameters
   -0.6232  -19.4079   13.1303  -10.9138   -1.6863   -2.2407
eta,q 0.94902  8.89989
  0.0712  0.0623  0.0613  0.0620  0.0597  0.0573
  0.0603  0.0559  0.0555  0.0563  0.0559  0.0537
  0.0526  0.0520  0.0519  0.0527  0.0524  0.0515
  0.0510  0.0510  0.0510  0.0510  0.0510  0.0510
  0.0541  0.0526  0.0524  0.0527  0.0521  0.0517
  0.0612  0.0570  0.0557  0.0575  0.0552  0.0536
  0.0703  0.0624  0.0610  0.0612  0.0602  0.0572
niter,ni,del,rscale     2    3   12.0000    1.2000
parameters
   -0.6312  -19.4162   13.1312  -10.9134   -1.6828   -2.2416
eta,q 0.94903  8.89994
  0.0712  0.0627  0.0613  0.0620  0.0597  0.0572
  0.0603  0.0561  0.0555  0.0563  0.0559  0.0537
  0.0526  0.0521  0.0519  0.0527  0.0524  0.0515
  0.0510  0.0510  0.0510  0.0510  0.0510  0.0510
  0.0541  0.0524  0.0524  0.0527  0.0521  0.0517
  0.0612  0.0568  0.0557  0.0575  0.0552  0.0536
  0.0703  0.0622  0.0609  0.0612  0.0602  0.0572
registration optimization eta report
parameter search radius
    6.0000    6.0000    6.0000    7.9350    6.0000    6.0000
100000*second partial in parameter space
       55.       32.       28.       16.       24.       17.
  0.0712  0.0627  0.0613  0.0620  0.0597  0.0572
  0.0603  0.0561  0.0555  0.0563  0.0559  0.0537
  0.0526  0.0521  0.0519  0.0527  0.0524  0.0515
  0.0510  0.0510  0.0510  0.0510  0.0510  0.0510
  0.0541  0.0524  0.0524  0.0527  0.0521  0.0517
  0.0612  0.0568  0.0557  0.0575  0.0552  0.0536
  0.0703  0.0622  0.0609  0.0612  0.0602  0.0572
   -0.6312  -19.4162   13.1312  -10.9134   -1.6828   -2.2416
eta,q 0.94903  8.89994

---------------------------------------------------------------------
imgreg_4dfp /opt/freesurfer/average/711-2C_as_mni_average_305 /opt/freesurfer/average/711-2B_as_mni_average_305_mask talsrcimg_g11 none talsrcimg_to_711-2C_as_mni_average_305_t4 3335
---------------------------------------------------------------------

freesurfer imgreg_4dfp.c
/opt/freesurfer/average/711-2C_as_mni_average_305.4dfp.img
       256       256       256         1
  1.000000  1.000000  1.000000
orientation T byte_order littleendian
Reading image: /opt/freesurfer/average/711-2C_as_mni_average_305.4dfp.img
dimensions:      256       256       256
mmppix:       1.0000   -1.0000   -1.0000
center:     128.0000 -129.0000 -129.0000
/opt/freesurfer/average/711-2B_as_mni_average_305_mask.4dfp.img
       256       256       256         1
  1.000000  1.000000  1.000000
orientation T byte_order littleendian
Reading mask: /opt/freesurfer/average/711-2B_as_mni_average_305_mask.4dfp.img (2306576 pixels)
talsrcimg_g11.4dfp.img
       256       256       256         1
  0.898437  0.898437  0.898437
orientation T byte_order littleendian
Reading image: talsrcimg_g11.4dfp.img
dimensions:      256       256       256
mmppix:       0.8984   -0.8984   -0.8984
center:     114.9999 -115.8984 -115.8984
fimgreg.f
image alignment mode   3335 decimal      D07 hex
parameters
   -0.6312  -19.4162   13.1312   -0.1196   -1.8619   -1.8509
    3.2850    3.6217   -3.9096   18.8052   -2.9365  -18.9243
eta,q 0.94809  8.89912
niter,ni,del,rscale     5    3    5.0000    1.2000
parameter  4  1.349307 ->  0.500000 qaram    1.1500
parameter  5  7.107452 ->  0.500000 qaram    1.1500
parameter 10  0.638198 ->  0.500000 qaram    1.1500
parameters
   -0.5648  -19.6540   13.2261   -4.2596   -6.0019   -4.5793
    4.1158    3.4715   -1.5283   14.6652   -3.9964  -20.8499
eta,q 0.96040  8.50461
  0.0554  0.0533  0.0539  0.0478  0.0379  0.0420  0.0455  0.0456  0.0450  0.0403  0.0403  0.0404
  0.0535  0.0524  0.0528  0.0484  0.0407  0.0415  0.0436  0.0434  0.0434  0.0397  0.0399  0.0399
  0.0524  0.0519  0.0521  0.0498  0.0444  0.0415  0.0421  0.0419  0.0421  0.0400  0.0397  0.0396
  0.0519  0.0519  0.0519  0.0519  0.0487  0.0416  0.0415  0.0414  0.0414  0.0412  0.0397  0.0397
  0.0522  0.0523  0.0521  0.0545  0.0532  0.0423  0.0416  0.0419  0.0412  0.0431  0.0399  0.0402
  0.0533  0.0529  0.0527  0.0576  0.0573  0.0437  0.0425  0.0435  0.0414  0.0458  0.0403  0.0409
  0.0551  0.0539  0.0536  0.0609  0.0612  0.0464  0.0440  0.0461  0.0422  0.0491  0.0407  0.0418
niter,ni,del,rscale     7    3    5.0000    1.2000
parameter  4  0.736796 ->  0.500000 qaram    1.3225
parameter  5  1.575721 ->  0.500000 qaram    1.3225
parameters
   -0.6185  -19.2970   13.4723   -9.0206  -10.7629   -6.6584
    4.2066    2.8721   -1.0491   14.2667   -5.6241  -21.8858
eta,q 0.96690  8.02733
  0.0433  0.0434  0.0416  0.0380  0.0314  0.0342  0.0361  0.0368  0.0359  0.0372  0.0336  0.0340
  0.0412  0.0415  0.0406  0.0382  0.0329  0.0335  0.0346  0.0347  0.0345  0.0350  0.0332  0.0334
  0.0400  0.0402  0.0399  0.0386  0.0350  0.0332  0.0336  0.0334  0.0336  0.0336  0.0331  0.0332
  0.0396  0.0396  0.0395  0.0395  0.0383  0.0334  0.0332  0.0332  0.0331  0.0331  0.0331  0.0331
  0.0401  0.0397  0.0396  0.0413  0.0426  0.0341  0.0334  0.0339  0.0333  0.0337  0.0333  0.0334
  0.0415  0.0404  0.0401  0.0439  0.0474  0.0348  0.0344  0.0357  0.0340  0.0354  0.0337  0.0339
  0.0436  0.0416  0.0410  0.0473  0.0520  0.0359  0.0360  0.0381  0.0353  0.0382  0.0342  0.0347
niter,ni,del,rscale     7    3    5.0000    1.2000
parameter  5  0.733996 ->  0.500000 qaram    1.5209
parameters
   -0.5146  -18.8260   13.4090  -10.7778  -16.2381   -6.4991
    4.0965    2.8785   -1.0422   15.8133   -5.2123  -22.8276
eta,q 0.96987  7.70838
  0.0369  0.0374  0.0345  0.0348  0.0305  0.0325  0.0331  0.0347  0.0329  0.0364  0.0310  0.0311
  0.0349  0.0353  0.0336  0.0334  0.0302  0.0313  0.0316  0.0324  0.0315  0.0335  0.0305  0.0304
  0.0336  0.0338  0.0331  0.0328  0.0311  0.0306  0.0307  0.0309  0.0306  0.0315  0.0303  0.0301
  0.0331  0.0331  0.0330  0.0330  0.0328  0.0304  0.0304  0.0304  0.0304  0.0304  0.0302  0.0302
  0.0334  0.0330  0.0332  0.0335  0.0357  0.0306  0.0308  0.0309  0.0307  0.0302  0.0302  0.0304
  0.0345  0.0337  0.0337  0.0349  0.0400  0.0314  0.0318  0.0324  0.0315  0.0312  0.0304  0.0309
  0.0364  0.0349  0.0346  0.0373  0.0452  0.0322  0.0333  0.0347  0.0328  0.0332  0.0308  0.0317
niter,ni,del,rscale     7    3    5.0000    1.2000
parameters
   -0.5326  -18.7635   13.5240  -10.6460  -18.5668   -5.7704
    3.9071    2.9635   -1.2084   16.5297   -5.1034  -22.9436
eta,q 0.97023  7.63513
  0.0336  0.0334  0.0318  0.0330  0.0335  0.0323  0.0325  0.0341  0.0323  0.0352  0.0305  0.0311
  0.0317  0.0315  0.0309  0.0313  0.0313  0.0311  0.0310  0.0319  0.0309  0.0325  0.0301  0.0303
  0.0305  0.0305  0.0303  0.0303  0.0300  0.0303  0.0301  0.0304  0.0301  0.0307  0.0299  0.0299
  0.0301  0.0301  0.0301  0.0301  0.0301  0.0299  0.0298  0.0298  0.0298  0.0298  0.0298  0.0298
  0.0305  0.0305  0.0303  0.0305  0.0316  0.0300  0.0303  0.0303  0.0302  0.0300  0.0298  0.0300
  0.0318  0.0315  0.0307  0.0312  0.0344  0.0307  0.0313  0.0317  0.0311  0.0313  0.0301  0.0304
  0.0338  0.0329  0.0315  0.0328  0.0389  0.0314  0.0328  0.0340  0.0324  0.0337  0.0305  0.0311
niter,ni,del,rscale     6    3    5.0000    1.2000
parameters
   -0.5193  -18.6860   13.7250  -10.8006  -18.9919   -5.4058
    3.8278    3.0311   -1.2896   16.7321   -5.0584  -22.8281
eta,q 0.97025  7.62233
  0.0333  0.0330  0.0316  0.0324  0.0348  0.0320  0.0325  0.0340  0.0322  0.0347  0.0305  0.0311
  0.0314  0.0312  0.0306  0.0308  0.0323  0.0308  0.0310  0.0318  0.0309  0.0321  0.0301  0.0304
  0.0302  0.0301  0.0300  0.0299  0.0304  0.0301  0.0301  0.0303  0.0300  0.0304  0.0298  0.0299
  0.0298  0.0298  0.0298  0.0298  0.0298  0.0298  0.0298  0.0298  0.0298  0.0298  0.0298  0.0297
  0.0301  0.0301  0.0299  0.0302  0.0305  0.0300  0.0301  0.0302  0.0301  0.0302  0.0298  0.0299
  0.0313  0.0311  0.0303  0.0309  0.0326  0.0307  0.0312  0.0316  0.0310  0.0317  0.0301  0.0303
  0.0332  0.0325  0.0311  0.0325  0.0360  0.0315  0.0326  0.0339  0.0323  0.0343  0.0305  0.0310
niter,ni,del,rscale     5    3    5.0000    1.2000
parameters
   -0.5058  -18.6627   13.8217  -10.8175  -19.1094   -5.2936
    3.7883    3.0630   -1.3227   16.7665   -4.9847  -22.7336
eta,q 0.97024  7.61976
  0.0332  0.0328  0.0315  0.0324  0.0350  0.0318  0.0325  0.0340  0.0323  0.0345  0.0305  0.0311
  0.0314  0.0311  0.0305  0.0308  0.0325  0.0307  0.0310  0.0317  0.0309  0.0320  0.0301  0.0304
  0.0302  0.0301  0.0299  0.0299  0.0306  0.0300  0.0301  0.0303  0.0300  0.0304  0.0298  0.0299
  0.0298  0.0298  0.0298  0.0298  0.0298  0.0298  0.0298  0.0298  0.0298  0.0298  0.0298  0.0298
  0.0301  0.0301  0.0299  0.0302  0.0304  0.0301  0.0301  0.0302  0.0301  0.0302  0.0298  0.0299
  0.0313  0.0311  0.0304  0.0308  0.0324  0.0308  0.0311  0.0317  0.0310  0.0319  0.0301  0.0303
  0.0332  0.0326  0.0312  0.0323  0.0356  0.0316  0.0326  0.0339  0.0322  0.0345  0.0305  0.0310
niter,ni,del,rscale     4    3    5.0000    1.2000
parameters
   -0.4999  -18.6637   13.8639  -10.8356  -19.1460   -5.2678
    3.7688    3.0775   -1.3504   16.7621   -4.9125  -22.6711
eta,q 0.97024  7.61749
  0.0332  0.0328  0.0314  0.0324  0.0351  0.0318  0.0326  0.0339  0.0323  0.0345  0.0305  0.0311
  0.0313  0.0310  0.0305  0.0308  0.0326  0.0307  0.0310  0.0317  0.0309  0.0319  0.0301  0.0304
  0.0302  0.0300  0.0299  0.0299  0.0306  0.0300  0.0301  0.0303  0.0300  0.0304  0.0298  0.0299
  0.0298  0.0298  0.0298  0.0298  0.0298  0.0298  0.0298  0.0298  0.0298  0.0298  0.0298  0.0298
  0.0301  0.0302  0.0300  0.0302  0.0304  0.0301  0.0301  0.0302  0.0301  0.0303  0.0298  0.0299
  0.0313  0.0312  0.0305  0.0308  0.0323  0.0308  0.0311  0.0317  0.0310  0.0319  0.0301  0.0303
  0.0332  0.0326  0.0312  0.0323  0.0355  0.0316  0.0325  0.0339  0.0322  0.0345  0.0305  0.0310
niter,ni,del,rscale     3    3    5.0000    1.2000
parameters
   -0.4976  -18.6661   13.8809  -10.8469  -19.1596   -5.2736
    3.7591    3.0814   -1.3752   16.7556   -4.8587  -22.6318
eta,q 0.97024  7.61563
  0.0332  0.0328  0.0314  0.0324  0.0351  0.0318  0.0326  0.0339  0.0323  0.0345  0.0305  0.0311
  0.0313  0.0310  0.0304  0.0308  0.0326  0.0307  0.0310  0.0317  0.0309  0.0319  0.0301  0.0304
  0.0302  0.0300  0.0299  0.0298  0.0306  0.0300  0.0301  0.0303  0.0300  0.0304  0.0298  0.0299
  0.0298  0.0298  0.0298  0.0298  0.0298  0.0298  0.0298  0.0298  0.0298  0.0298  0.0298  0.0298
  0.0301  0.0302  0.0300  0.0302  0.0304  0.0301  0.0301  0.0302  0.0301  0.0303  0.0298  0.0299
  0.0313  0.0312  0.0305  0.0308  0.0323  0.0308  0.0311  0.0317  0.0310  0.0319  0.0301  0.0303
  0.0332  0.0326  0.0313  0.0323  0.0354  0.0317  0.0325  0.0340  0.0322  0.0345  0.0305  0.0310
registration optimization eta report
parameter search radius
    2.4000    2.4000    2.4000    9.5220   10.9503    7.2000
    7.2000    7.2000    7.2000    8.2800    7.2000    7.2000
100000*second partial in parameter space
       59.       51.       27.        3.        5.        4.
        5.        8.        5.        7.        1.        2.
  0.0332  0.0328  0.0314  0.0324  0.0351  0.0318  0.0326  0.0339  0.0323  0.0345  0.0305  0.0311
  0.0313  0.0310  0.0304  0.0308  0.0326  0.0307  0.0310  0.0317  0.0309  0.0319  0.0301  0.0304
  0.0302  0.0300  0.0299  0.0298  0.0306  0.0300  0.0301  0.0303  0.0300  0.0304  0.0298  0.0299
  0.0298  0.0298  0.0298  0.0298  0.0298  0.0298  0.0298  0.0298  0.0298  0.0298  0.0298  0.0298
  0.0301  0.0302  0.0300  0.0302  0.0304  0.0301  0.0301  0.0302  0.0301  0.0303  0.0298  0.0299
  0.0313  0.0312  0.0305  0.0308  0.0323  0.0308  0.0311  0.0317  0.0310  0.0319  0.0301  0.0303
  0.0332  0.0326  0.0313  0.0323  0.0354  0.0317  0.0325  0.0340  0.0322  0.0345  0.0305  0.0310
   -0.4976  -18.6661   13.8809  -10.8469  -19.1596   -5.2736
    3.7591    3.0814   -1.3752   16.7556   -4.8587  -22.6318
eta,q 0.97024  7.61563

---------------------------------------------------------------------
imgreg_4dfp /opt/freesurfer/average/711-2C_as_mni_average_305 /opt/freesurfer/average/711-2B_as_mni_average_305_mask talsrcimg_g11 none talsrcimg_to_711-2C_as_mni_average_305_t4 2311
---------------------------------------------------------------------

freesurfer imgreg_4dfp.c
/opt/freesurfer/average/711-2C_as_mni_average_305.4dfp.img
       256       256       256         1
  1.000000  1.000000  1.000000
orientation T byte_order littleendian
Reading image: /opt/freesurfer/average/711-2C_as_mni_average_305.4dfp.img
dimensions:      256       256       256
mmppix:       1.0000   -1.0000   -1.0000
center:     128.0000 -129.0000 -129.0000
/opt/freesurfer/average/711-2B_as_mni_average_305_mask.4dfp.img
       256       256       256         1
  1.000000  1.000000  1.000000
orientation T byte_order littleendian
Reading mask: /opt/freesurfer/average/711-2B_as_mni_average_305_mask.4dfp.img (2306576 pixels)
talsrcimg_g11.4dfp.img
       256       256       256         1
  0.898437  0.898437  0.898437
orientation T byte_order littleendian
Reading image: talsrcimg_g11.4dfp.img
dimensions:      256       256       256
mmppix:       0.8984   -0.8984   -0.8984
center:     114.9999 -115.8984 -115.8984
fimgreg.f
image alignment mode   2311 decimal      907 hex
parameters
   -0.4976  -18.6661   13.8809  -10.8469  -19.1596   -5.2736
    3.7591    3.0814   -1.3752   16.7556   -4.8587  -22.6318
eta,q 0.97024  7.61563
niter,ni,del,rscale     5    3    5.0000    0.8000
parameters
   -0.4843  -18.7163   13.8442  -11.5441  -18.8853   -5.5967
    3.6014    3.1950   -1.5958   16.7380   -4.2395  -22.3703
eta,q 0.97031  7.58014
  0.0313  0.0310  0.0304  0.0302  0.0311  0.0306  0.0309  0.0318  0.0308  0.0313  0.0301  0.0304
  0.0305  0.0303  0.0300  0.0299  0.0304  0.0301  0.0302  0.0307  0.0301  0.0304  0.0299  0.0300
  0.0300  0.0299  0.0298  0.0297  0.0299  0.0298  0.0298  0.0300  0.0298  0.0299  0.0298  0.0298
  0.0298  0.0298  0.0298  0.0298  0.0297  0.0297  0.0297  0.0297  0.0297  0.0297  0.0297  0.0297
  0.0299  0.0300  0.0299  0.0299  0.0298  0.0299  0.0299  0.0299  0.0299  0.0299  0.0297  0.0297
  0.0304  0.0304  0.0301  0.0302  0.0302  0.0304  0.0304  0.0305  0.0303  0.0304  0.0298  0.0299
  0.0313  0.0312  0.0305  0.0304  0.0308  0.0308  0.0311  0.0316  0.0310  0.0314  0.0299  0.0302
niter,ni,del,rscale     4    3    5.0000    0.7000
parameters
   -0.4782  -18.7186   13.8054  -11.8956  -18.9452   -5.8888
    3.4934    3.2563   -1.8384   16.7494   -3.7517  -22.2062
eta,q 0.97034  7.54788
  0.0309  0.0307  0.0302  0.0302  0.0306  0.0304  0.0306  0.0313  0.0305  0.0309  0.0300  0.0302
  0.0302  0.0301  0.0299  0.0298  0.0301  0.0300  0.0301  0.0304  0.0300  0.0302  0.0298  0.0299
  0.0298  0.0298  0.0297  0.0297  0.0298  0.0298  0.0298  0.0299  0.0297  0.0298  0.0297  0.0297
  0.0297  0.0297  0.0297  0.0297  0.0297  0.0297  0.0297  0.0297  0.0297  0.0297  0.0297  0.0297
  0.0298  0.0298  0.0298  0.0298  0.0298  0.0298  0.0298  0.0298  0.0298  0.0298  0.0297  0.0297
  0.0302  0.0302  0.0300  0.0300  0.0301  0.0302  0.0301  0.0303  0.0302  0.0302  0.0297  0.0298
  0.0309  0.0307  0.0303  0.0303  0.0306  0.0307  0.0307  0.0312  0.0307  0.0309  0.0299  0.0301
niter,ni,del,rscale     3    3    5.0000    0.6000
parameters
   -0.4623  -18.7086   13.7589  -12.2391  -19.0190   -6.0564
    3.4041    3.3053   -2.0506   16.8066   -3.3968  -22.1235
eta,q 0.97035  7.52129
  0.0306  0.0304  0.0300  0.0300  0.0303  0.0303  0.0303  0.0309  0.0302  0.0306  0.0299  0.0300
  0.0301  0.0300  0.0298  0.0298  0.0299  0.0300  0.0300  0.0302  0.0299  0.0301  0.0298  0.0298
  0.0298  0.0297  0.0297  0.0297  0.0297  0.0297  0.0297  0.0298  0.0297  0.0298  0.0297  0.0297
  0.0297  0.0297  0.0297  0.0297  0.0296  0.0297  0.0297  0.0297  0.0297  0.0297  0.0297  0.0297
  0.0298  0.0298  0.0297  0.0298  0.0297  0.0297  0.0297  0.0298  0.0298  0.0297  0.0297  0.0297
  0.0300  0.0300  0.0299  0.0299  0.0300  0.0300  0.0300  0.0302  0.0300  0.0300  0.0297  0.0298
  0.0305  0.0304  0.0301  0.0301  0.0304  0.0304  0.0304  0.0308  0.0304  0.0305  0.0298  0.0299
niter,ni,del,rscale     2    3    5.0000    0.5000
parameters
   -0.4474  -18.6828   13.7172  -12.4802  -19.0757   -6.1274
    3.3565    3.3300   -2.2030   16.8849   -3.1415  -22.1035
eta,q 0.97036  7.50496
  0.0303  0.0302  0.0299  0.0299  0.0301  0.0301  0.0301  0.0305  0.0301  0.0303  0.0298  0.0299
  0.0299  0.0299  0.0297  0.0297  0.0298  0.0299  0.0298  0.0300  0.0298  0.0300  0.0297  0.0297
  0.0297  0.0297  0.0297  0.0297  0.0297  0.0297  0.0297  0.0297  0.0297  0.0297  0.0297  0.0297
  0.0297  0.0296  0.0296  0.0296  0.0296  0.0296  0.0296  0.0296  0.0296  0.0296  0.0296  0.0296
  0.0297  0.0297  0.0297  0.0297  0.0297  0.0297  0.0297  0.0297  0.0297  0.0297  0.0296  0.0297
  0.0299  0.0299  0.0298  0.0298  0.0299  0.0299  0.0299  0.0300  0.0299  0.0299  0.0297  0.0297
  0.0302  0.0301  0.0299  0.0300  0.0301  0.0302  0.0302  0.0305  0.0301  0.0302  0.0298  0.0298
niter,ni,del,rscale     1    3    5.0000    0.4000
parameters
   -0.4366  -18.6660   13.6879  -12.6439  -19.1303   -6.1122
    3.3316    3.3348   -2.3004   16.9533   -2.9969  -22.1665
eta,q 0.97037  7.49626
  0.0300  0.0300  0.0298  0.0298  0.0299  0.0300  0.0299  0.0302  0.0299  0.0300  0.0297  0.0298
  0.0298  0.0298  0.0297  0.0297  0.0298  0.0298  0.0298  0.0299  0.0297  0.0298  0.0297  0.0297
  0.0297  0.0297  0.0296  0.0296  0.0297  0.0297  0.0297  0.0297  0.0297  0.0297  0.0297  0.0296
  0.0296  0.0296  0.0296  0.0296  0.0296  0.0296  0.0296  0.0296  0.0296  0.0296  0.0296  0.0296
  0.0297  0.0297  0.0297  0.0297  0.0297  0.0297  0.0297  0.0297  0.0297  0.0297  0.0296  0.0297
  0.0298  0.0298  0.0297  0.0298  0.0298  0.0298  0.0298  0.0299  0.0298  0.0298  0.0297  0.0297
  0.0300  0.0299  0.0298  0.0299  0.0299  0.0300  0.0300  0.0302  0.0300  0.0300  0.0297  0.0298
registration optimization eta report
parameter search radius
    0.8000    0.8000    0.8000    2.4000    2.4000    2.4000
    2.4000    2.4000    2.4000    2.4000    2.4000    2.4000
100000*second partial in parameter space
       62.       51.       28.        4.        5.        6.
        5.        9.        5.        7.        2.        2.
  0.0300  0.0300  0.0298  0.0298  0.0299  0.0300  0.0299  0.0302  0.0299  0.0300  0.0297  0.0298
  0.0298  0.0298  0.0297  0.0297  0.0298  0.0298  0.0298  0.0299  0.0297  0.0298  0.0297  0.0297
  0.0297  0.0297  0.0296  0.0296  0.0297  0.0297  0.0297  0.0297  0.0297  0.0297  0.0297  0.0296
  0.0296  0.0296  0.0296  0.0296  0.0296  0.0296  0.0296  0.0296  0.0296  0.0296  0.0296  0.0296
  0.0297  0.0297  0.0297  0.0297  0.0297  0.0297  0.0297  0.0297  0.0297  0.0297  0.0296  0.0297
  0.0298  0.0298  0.0297  0.0298  0.0298  0.0298  0.0298  0.0299  0.0298  0.0298  0.0297  0.0297
  0.0300  0.0299  0.0298  0.0299  0.0299  0.0300  0.0300  0.0302  0.0300  0.0300  0.0297  0.0298
   -0.4366  -18.6660   13.6879  -12.6439  -19.1303   -6.1122
    3.3316    3.3348   -2.3004   16.9533   -2.9969  -22.1665
eta,q 0.97037  7.49626

---------------------------------------------------------------------
imgreg_4dfp /opt/freesurfer/average/711-2C_as_mni_average_305 /opt/freesurfer/average/711-2B_as_mni_average_305_mask talsrcimg_g11 none talsrcimg_to_711-2C_as_mni_average_305_t4 2311
---------------------------------------------------------------------

freesurfer imgreg_4dfp.c
/opt/freesurfer/average/711-2C_as_mni_average_305.4dfp.img
       256       256       256         1
  1.000000  1.000000  1.000000
orientation T byte_order littleendian
Reading image: /opt/freesurfer/average/711-2C_as_mni_average_305.4dfp.img
dimensions:      256       256       256
mmppix:       1.0000   -1.0000   -1.0000
center:     128.0000 -129.0000 -129.0000
/opt/freesurfer/average/711-2B_as_mni_average_305_mask.4dfp.img
       256       256       256         1
  1.000000  1.000000  1.000000
orientation T byte_order littleendian
Reading mask: /opt/freesurfer/average/711-2B_as_mni_average_305_mask.4dfp.img (2306576 pixels)
talsrcimg_g11.4dfp.img
       256       256       256         1
  0.898437  0.898437  0.898437
orientation T byte_order littleendian
Reading image: talsrcimg_g11.4dfp.img
dimensions:      256       256       256
mmppix:       0.8984   -0.8984   -0.8984
center:     114.9999 -115.8984 -115.8984
fimgreg.f
image alignment mode   2311 decimal      907 hex
parameters
   -0.4366  -18.6660   13.6879  -12.6439  -19.1303   -6.1122
    3.3316    3.3348   -2.3004   16.9533   -2.9969  -22.1665
eta,q 0.97037  7.49626
niter,ni,del,rscale     5    3    5.0000    0.8000
parameters
   -0.4384  -18.6179   13.7079  -12.3126  -19.2002   -6.2427
    3.3319    3.3018   -2.2716   16.9188   -3.2819  -22.0718
eta,q 0.97035  7.50372
  0.0312  0.0310  0.0304  0.0306  0.0308  0.0307  0.0309  0.0317  0.0308  0.0312  0.0300  0.0303
  0.0303  0.0302  0.0300  0.0301  0.0302  0.0302  0.0302  0.0306  0.0302  0.0303  0.0298  0.0299
  0.0298  0.0298  0.0297  0.0297  0.0298  0.0298  0.0298  0.0299  0.0298  0.0298  0.0297  0.0297
  0.0296  0.0296  0.0296  0.0296  0.0296  0.0296  0.0296  0.0296  0.0296  0.0296  0.0296  0.0296
  0.0298  0.0298  0.0297  0.0297  0.0298  0.0298  0.0298  0.0299  0.0298  0.0298  0.0297  0.0297
  0.0303  0.0302  0.0299  0.0300  0.0302  0.0303  0.0302  0.0306  0.0302  0.0303  0.0298  0.0299
  0.0312  0.0308  0.0303  0.0303  0.0309  0.0309  0.0309  0.0318  0.0307  0.0312  0.0301  0.0302
niter,ni,del,rscale     4    3    5.0000    0.7000
parameters
   -0.4351  -18.6378   13.6888  -12.4059  -19.1625   -6.2674
    3.3318    3.3307   -2.2266   16.8828   -3.2379  -22.0895
eta,q 0.97036  7.49969
  0.0309  0.0306  0.0302  0.0303  0.0305  0.0305  0.0306  0.0313  0.0305  0.0308  0.0299  0.0301
  0.0302  0.0301  0.0299  0.0299  0.0301  0.0301  0.0301  0.0304  0.0300  0.0302  0.0298  0.0298
  0.0298  0.0297  0.0297  0.0297  0.0298  0.0298  0.0298  0.0298  0.0297  0.0298  0.0297  0.0297
  0.0296  0.0296  0.0296  0.0296  0.0296  0.0296  0.0296  0.0296  0.0296  0.0296  0.0296  0.0296
  0.0298  0.0298  0.0297  0.0298  0.0297  0.0297  0.0297  0.0298  0.0297  0.0298  0.0297  0.0297
  0.0302  0.0301  0.0299  0.0300  0.0300  0.0301  0.0301  0.0303  0.0300  0.0302  0.0298  0.0298
  0.0309  0.0306  0.0302  0.0303  0.0305  0.0306  0.0306  0.0312  0.0305  0.0309  0.0299  0.0301
niter,ni,del,rscale     3    3    5.0000    0.6000
parameters
   -0.4347  -18.6450   13.6703  -12.5086  -19.1423   -6.2578
    3.3249    3.3399   -2.2670   16.9064   -3.1427  -22.1235
eta,q 0.97036  7.49648
  0.0305  0.0304  0.0300  0.0301  0.0303  0.0303  0.0303  0.0308  0.0303  0.0305  0.0299  0.0300
  0.0300  0.0300  0.0298  0.0298  0.0299  0.0300  0.0300  0.0302  0.0299  0.0301  0.0298  0.0298
  0.0297  0.0297  0.0297  0.0297  0.0297  0.0298  0.0297  0.0298  0.0297  0.0298  0.0297  0.0297
  0.0296  0.0296  0.0296  0.0296  0.0296  0.0296  0.0296  0.0296  0.0296  0.0296  0.0296  0.0296
  0.0297  0.0297  0.0297  0.0297  0.0297  0.0297  0.0297  0.0298  0.0297  0.0297  0.0297  0.0297
  0.0300  0.0300  0.0298  0.0299  0.0299  0.0299  0.0299  0.0302  0.0299  0.0300  0.0297  0.0298
  0.0305  0.0304  0.0300  0.0301  0.0303  0.0304  0.0304  0.0308  0.0303  0.0305  0.0299  0.0300
niter,ni,del,rscale     2    3    5.0000    0.5000
parameters
   -0.4325  -18.6439   13.6549  -12.6079  -19.1417   -6.2326
    3.3224    3.3428   -2.3069   16.9506   -3.0190  -22.1492
eta,q 0.97037  7.49315
  0.0303  0.0301  0.0299  0.0300  0.0301  0.0301  0.0301  0.0305  0.0301  0.0303  0.0298  0.0299
  0.0299  0.0299  0.0297  0.0298  0.0298  0.0299  0.0298  0.0300  0.0298  0.0299  0.0297  0.0297
  0.0297  0.0297  0.0297  0.0297  0.0297  0.0297  0.0297  0.0297  0.0297  0.0297  0.0297  0.0296
  0.0296  0.0296  0.0296  0.0296  0.0296  0.0296  0.0296  0.0296  0.0296  0.0296  0.0296  0.0296
  0.0297  0.0297  0.0297  0.0297  0.0297  0.0297  0.0297  0.0297  0.0297  0.0297  0.0296  0.0297
  0.0299  0.0299  0.0298  0.0298  0.0298  0.0298  0.0298  0.0300  0.0299  0.0299  0.0297  0.0297
  0.0303  0.0301  0.0299  0.0300  0.0301  0.0302  0.0301  0.0305  0.0301  0.0302  0.0298  0.0299
niter,ni,del,rscale     1    3    5.0000    0.4000
parameters
   -0.4255  -18.6412   13.6498  -12.7035  -19.1740   -6.1628
    3.3039    3.3399   -2.3644   17.0119   -2.9320  -22.1734
eta,q 0.97038  7.49020
  0.0300  0.0300  0.0298  0.0299  0.0299  0.0300  0.0299  0.0302  0.0299  0.0300  0.0297  0.0298
  0.0298  0.0298  0.0297  0.0297  0.0298  0.0298  0.0298  0.0299  0.0297  0.0298  0.0297  0.0297
  0.0297  0.0297  0.0296  0.0296  0.0297  0.0297  0.0297  0.0297  0.0297  0.0297  0.0296  0.0296
  0.0296  0.0296  0.0296  0.0296  0.0296  0.0296  0.0296  0.0296  0.0296  0.0296  0.0296  0.0296
  0.0297  0.0297  0.0297  0.0297  0.0297  0.0296  0.0297  0.0297  0.0297  0.0297  0.0296  0.0296
  0.0298  0.0298  0.0297  0.0298  0.0298  0.0298  0.0298  0.0299  0.0298  0.0298  0.0297  0.0297
  0.0300  0.0299  0.0298  0.0299  0.0299  0.0300  0.0299  0.0302  0.0299  0.0300  0.0297  0.0298
registration optimization eta report
parameter search radius
    0.8000    0.8000    0.8000    2.4000    2.4000    2.4000
    2.4000    2.4000    2.4000    2.4000    2.4000    2.4000
100000*second partial in parameter space
       62.       50.       28.        4.        5.        6.
        5.        9.        5.        7.        2.        3.
  0.0300  0.0300  0.0298  0.0299  0.0299  0.0300  0.0299  0.0302  0.0299  0.0300  0.0297  0.0298
  0.0298  0.0298  0.0297  0.0297  0.0298  0.0298  0.0298  0.0299  0.0297  0.0298  0.0297  0.0297
  0.0297  0.0297  0.0296  0.0296  0.0297  0.0297  0.0297  0.0297  0.0297  0.0297  0.0296  0.0296
  0.0296  0.0296  0.0296  0.0296  0.0296  0.0296  0.0296  0.0296  0.0296  0.0296  0.0296  0.0296
  0.0297  0.0297  0.0297  0.0297  0.0297  0.0296  0.0297  0.0297  0.0297  0.0297  0.0296  0.0296
  0.0298  0.0298  0.0297  0.0298  0.0298  0.0298  0.0298  0.0299  0.0298  0.0298  0.0297  0.0297
  0.0300  0.0299  0.0298  0.0299  0.0299  0.0300  0.0299  0.0302  0.0299  0.0300  0.0297  0.0298
   -0.4255  -18.6412   13.6498  -12.7035  -19.1740   -6.1628
    3.3039    3.3399   -2.3644   17.0119   -2.9320  -22.1734
eta,q 0.97038  7.49020

---------------------------------------------------------------------
compute_vox2vox talsrcimg talsrcimg_to_711-2C_as_mni_average_305_t4 /opt/freesurfer/average/711-2C_as_mni_average_305
---------------------------------------------------------------------

freesurfer compute_vox2vox.c
Reading: talsrcimg.4dfp.ifh
Reading: talsrcimg_to_711-2C_as_mni_average_305_t4
Reading: /opt/freesurfer/average/711-2C_as_mni_average_305.4dfp.ifh
Writing: talsrcimg_to_711-2C_as_mni_average_305_t4_vox2vox.txt

start time Thu Mar 12 21:43:31 CET 2026
end		time Thu Mar 12 21:44:56 CET 2026

mpr2mni305 success

avi2talxfm orig_nu.mgz /opt/freesurfer/average/mni305.cor.mgz talsrcimg_to_711-2C_as_mni_average_305_t4_vox2vox.txt transforms/talairach.auto.xfm
avi2talxfm done
mv -f /out/sourcedata/freesurfer/sub-v2s2x29068_ses-1/mri/talsrcimg_to_711-2C_as_mni_average_305_t4_vox2vox.txt /out/sourcedata/freesurfer/sub-v2s2x29068_ses-1/mri/transforms/talsrcimg_to_711-2C_as_mni_average_305_t4_vox2vox.txt
lta_convert --src orig_nu.mgz --trg /opt/freesurfer/average/mni305.cor.mgz --inxfm transforms/talairach.auto.xfm --outlta transforms/talairach.auto.xfm.lta --subject fsaverage
7.3.2

--src: orig_nu.mgz src image (geometry).
--trg: /opt/freesurfer/average/mni305.cor.mgz trg image (geometry).
--inmni: transforms/talairach.auto.xfm input MNI/XFM transform.
--outlta: transforms/talairach.auto.xfm.lta output LTA.
--s: fsaverage subject name
 LTA read, type : 1
 1.14299  -0.03069  -0.05514   1.60755;
 0.04155   1.01407   0.27650   15.34978;
 0.02469  -0.21433   1.17741   12.86931;
 0.00000   0.00000   0.00000   1.00000;
setting subject to fsaverage
Writing  LTA to file transforms/talairach.auto.xfm.lta...
lta_convert successful.
 
 
Started at Thu Mar 12 21:43:30 CET 2026
Ended   at Thu Mar 12 21:44:57 CET 2026
talairach_avi done
