/out/sourcedata/freesurfer/sub-v2s2x29081_ses-1/mri
/opt/freesurfer/bin/talairach_avi
--i orig_nu.mgz --xfm transforms/talairach.auto.xfm
talairach_avi 7.3.2
Linux dna021 5.14.0-427.37.1.el9_4.x86_64 #1 SMP PREEMPT_DYNAMIC Fri Sep 13 12:41:50 EDT 2024 x86_64 x86_64 x86_64 GNU/Linux
Thu Mar 12 22:39:40 CET 2026
mri_convert orig_nu.mgz talsrcimg.img 
reading from orig_nu.mgz...
TR=0.00, TE=0.00, TI=0.00, flip angle=0.00
i_ras = (-1, 0, 0)
j_ras = (0, 0, -1)
k_ras = (0, 1, 0)
writing to talsrcimg.img...
Analyze Output Matrix
-0.89844   0.00000   0.00000   117.93649;
 0.00000   0.00000   0.89844  -130.86157;
 0.00000  -0.89844   0.00000   142.64590;
 0.00000   0.00000   0.00000   1.00000;
--------------------
INFO: set hdr.hist.orient to -1
mpr2mni305 talsrcimg
Thu Mar 12 22:39:40 CET 2026
/opt/freesurfer/bin/mpr2mni305 talsrcimg
mpr2mni305 7.3.2
target=711-2C_as_mni_average_305

---------------------------------------------------------------------
analyzeto4dfp talsrcimg -O0 -y
---------------------------------------------------------------------

freesurfer ifh2hdr.c
Thu Mar 12 22:39:40 2026
Writing: talsrcimg.4dfp.hdr
freesurfer analyzeto4dfp.c
Reading: talsrcimg.hdr
header size 348 bytes
hdr.dime.datatype	offset=70	value=2
hdr.dime.bitpix		offset=72	value=8
hdr.hist.orient		offset=252	value=-1
dimensionality     4
dimensions       256       256       256         1
Reading: talsrcimg.img
Writing: talsrcimg.4dfp.img
Writing: talsrcimg.4dfp.ifh
ifh2hdr talsrcimg -r0to250
ori=2

---------------------------------------------------------------------
gauss_4dfp talsrcimg 1.1
---------------------------------------------------------------------

freesurfer gauss_4dfp.c
Reading: talsrcimg.4dfp.img
Writing: talsrcimg_g11.4dfp.img
image dimensions 256 256 256 padded to 288 288 288
processing volume 1freesurfer ifh2hdr.c
Thu Mar 12 22:39:42 2026
Writing: talsrcimg_g11.4dfp.hdr

Writing: talsrcimg_g11.4dfp.ifh
including: talsrcimg.4dfp.img.rec in talsrcimg_g11.4dfp.img.rec

---------------------------------------------------------------------
imgreg_4dfp /opt/freesurfer/average/711-2C_as_mni_average_305 none talsrcimg_g11 none talsrcimg_to_711-2C_as_mni_average_305_t4 4355
---------------------------------------------------------------------

freesurfer imgreg_4dfp.c
/opt/freesurfer/average/711-2C_as_mni_average_305.4dfp.img
       256       256       256         1
  1.000000  1.000000  1.000000
orientation T byte_order littleendian
Reading image: /opt/freesurfer/average/711-2C_as_mni_average_305.4dfp.img
dimensions:      256       256       256
mmppix:       1.0000   -1.0000   -1.0000
center:     128.0000 -129.0000 -129.0000
talsrcimg_g11.4dfp.img
       256       256       256         1
  0.898437  0.898437  0.898437
orientation T byte_order littleendian
Reading image: talsrcimg_g11.4dfp.img
dimensions:      256       256       256
mmppix:       0.8984   -0.8984   -0.8984
center:     114.9999 -115.8984 -115.8984
t4_read: open error in t4_sub.f l:  41 t4_file(1:l)talsrcimg_to_711-2C_as_mni_average_305_t4 
t4_read: transform initialized to I4
rotation matrix determinant  1.000000
image alignment mode   4355 decimal     1103 hex
   -7.5000  -45.0000  -45.0000 6776.7759   11.9244
    0.0000  -45.0000  -45.0000 6800.9731   11.9475
    7.5000  -45.0000  -45.0000 6400.6484   11.9642
   -7.5000  -37.5000  -45.0000 6985.1567   12.7360
    0.0000  -37.5000  -45.0000 7012.5029   12.7621
    7.5000  -37.5000  -45.0000 6611.5107   12.7770
   -7.5000  -30.0000  -45.0000 7229.6528   13.1601
    0.0000  -30.0000  -45.0000 7264.7681   13.1848
    7.5000  -30.0000  -45.0000 6853.8599   13.2003
   -7.5000  -22.5000  -45.0000 7633.1978   13.1325
    0.0000  -22.5000  -45.0000 7683.1528   13.1531
    7.5000  -22.5000  -45.0000 7264.2959   13.1715
   -7.5000  -15.0000  -45.0000 8023.7153   13.0795
    0.0000  -15.0000  -45.0000 8090.8438   13.0986
    7.5000  -15.0000  -45.0000 7644.7852   13.1192
   -7.5000   -7.5000  -45.0000 8095.6104   13.0463
    0.0000   -7.5000  -45.0000 8160.8589   13.0679
    7.5000   -7.5000  -45.0000 7710.8184   13.0886
   -7.5000    0.0000  -45.0000 8048.3540   13.0722
    0.0000    0.0000  -45.0000 8097.4780   13.0976
    7.5000    0.0000  -45.0000 7649.0718   13.1159
   -7.5000    7.5000  -45.0000 7525.8599   13.1376
    0.0000    7.5000  -45.0000 7570.0601   13.1644
    7.5000    7.5000  -45.0000 7122.5063   13.1798
   -7.5000   15.0000  -45.0000 7137.1836   13.1601
    0.0000   15.0000  -45.0000 7180.7271   13.1848
    7.5000   15.0000  -45.0000 6747.8955   13.2003
   -7.5000   22.5000  -45.0000 6441.6592   12.9558
    0.0000   22.5000  -45.0000 6470.6641   12.9761
    7.5000   22.5000  -45.0000 6113.9297   12.9943
   -7.5000   30.0000  -45.0000 5801.1968   12.5597
    0.0000   30.0000  -45.0000 5821.5903   12.5781
    7.5000   30.0000  -45.0000 5491.5723   12.5979
   -7.5000   37.5000  -45.0000 5185.8179   12.5093
    0.0000   37.5000  -45.0000 5203.6816   12.5298
    7.5000   37.5000  -45.0000 4910.0034   12.5474
   -7.5000   45.0000  -45.0000 4602.8184   12.5640
    0.0000   45.0000  -45.0000 4635.5303   12.5896
    7.5000   45.0000  -45.0000 4357.7500   12.6027
   -7.5000  -45.0000  -37.5000 7353.3042   12.4701
    0.0000  -45.0000  -37.5000 7376.5229   12.4890
    7.5000  -45.0000  -37.5000 6935.6260   12.5071
   -7.5000  -37.5000  -37.5000 7571.1611   13.3288
    0.0000  -37.5000  -37.5000 7602.3506   13.3513
    7.5000  -37.5000  -37.5000 7156.3643   13.3679
   -7.5000  -30.0000  -37.5000 7838.9941   13.7517
    0.0000  -30.0000  -37.5000 7875.5200   13.7758
    7.5000  -30.0000  -37.5000 7434.5439   13.7933
   -7.5000  -22.5000  -37.5000 8265.6533   13.7205
    0.0000  -22.5000  -37.5000 8315.5205   13.7429
    7.5000  -22.5000  -37.5000 7844.7319   13.7635
   -7.5000  -15.0000  -37.5000 8685.9863   13.6600
    0.0000  -15.0000  -37.5000 8748.0811   13.6794
    7.5000  -15.0000  -37.5000 8247.2695   13.7020
   -7.5000   -7.5000  -37.5000 8759.5088   13.6237
    0.0000   -7.5000  -37.5000 8811.3701   13.6425
    7.5000   -7.5000  -37.5000 8317.0742   13.6648
   -7.5000    0.0000  -37.5000 8672.0098   13.6531
    0.0000    0.0000  -37.5000 8706.9512   13.6737
    7.5000    0.0000  -37.5000 8231.5566   13.6935
   -7.5000    7.5000  -37.5000 8073.0220   13.7248
    0.0000    7.5000  -37.5000 8107.2495   13.7480
    7.5000    7.5000  -37.5000 7659.1992   13.7650
   -7.5000   15.0000  -37.5000 7656.3877   13.7510
    0.0000   15.0000  -37.5000 7691.6348   13.7752
    7.5000   15.0000  -37.5000 7259.8203   13.7926
   -7.5000   22.5000  -37.5000 6880.8486   13.5371
    0.0000   22.5000  -37.5000 6899.5054   13.5592
    7.5000   22.5000  -37.5000 6539.8989   13.5795
   -7.5000   30.0000  -37.5000 6182.7310   13.1265
    0.0000   30.0000  -37.5000 6199.4282   13.1452
    7.5000   30.0000  -37.5000 5858.1528   13.1668
   -7.5000   37.5000  -37.5000 5507.8838   13.0694
    0.0000   37.5000  -37.5000 5532.2329   13.0879
    7.5000   37.5000  -37.5000 5232.8330   13.1081
   -7.5000   45.0000  -37.5000 4880.7979   13.1102
    0.0000   45.0000  -37.5000 4912.7515   13.1306
    7.5000   45.0000  -37.5000 4639.2764   13.1465
   -7.5000  -45.0000  -30.0000 7932.0781   13.0276
    0.0000  -45.0000  -30.0000 7961.8208   13.0398
    7.5000  -45.0000  -30.0000 7501.4849   13.0536
   -7.5000  -37.5000  -30.0000 8163.0840   13.9294
    0.0000  -37.5000  -30.0000 8206.0352   13.9470
    7.5000  -37.5000  -30.0000 7748.4312   13.9614
   -7.5000  -30.0000  -30.0000 8470.8340   14.3540
    0.0000  -30.0000  -30.0000 8507.9199   14.3730
    7.5000  -30.0000  -30.0000 8047.7725   14.3880
   -7.5000  -22.5000  -30.0000 8900.8818   14.3253
    0.0000  -22.5000  -30.0000 8949.7129   14.3401
    7.5000  -22.5000  -30.0000 8445.3887   14.3560
   -7.5000  -15.0000  -30.0000 9337.0234   14.2621
    0.0000  -15.0000  -30.0000 9397.8027   14.2716
    7.5000  -15.0000  -30.0000 8867.4004   14.2869
   -7.5000   -7.5000  -30.0000 9407.1074   14.2212
    0.0000   -7.5000  -30.0000 9453.0078   14.2304
    7.5000   -7.5000  -30.0000 8938.8467   14.2456
   -7.5000    0.0000  -30.0000 9288.1963   14.2486
    0.0000    0.0000  -30.0000 9331.2119   14.2620
    7.5000    0.0000  -30.0000 8837.6074   14.2771
   -7.5000    7.5000  -30.0000 8620.2959   14.3216
    0.0000    7.5000  -30.0000 8641.7666   14.3397
    7.5000    7.5000  -30.0000 8198.2764   14.3545
   -7.5000   15.0000  -30.0000 8161.2251   14.3520
    0.0000   15.0000  -30.0000 8187.1475   14.3710
    7.5000   15.0000  -30.0000 7760.4609   14.3861
   -7.5000   22.5000  -30.0000 7336.0498   14.1344
    0.0000   22.5000  -30.0000 7346.2773   14.1490
    7.5000   22.5000  -30.0000 6965.7280   14.1647
   -7.5000   30.0000  -30.0000 6572.9229   13.7151
    0.0000   30.0000  -30.0000 6568.1089   13.7242
    7.5000   30.0000  -30.0000 6214.0391   13.7390
   -7.5000   37.5000  -30.0000 5841.1611   13.6636
    0.0000   37.5000  -30.0000 5853.7671   13.6739
    7.5000   37.5000  -30.0000 5547.2173   13.6885
   -7.5000   45.0000  -30.0000 5171.2656   13.7018
    0.0000   45.0000  -30.0000 5188.1528   13.7159
    7.5000   45.0000  -30.0000 4896.3931   13.7295
   -7.5000  -45.0000  -22.5000 8492.1445   13.5274
    0.0000  -45.0000  -22.5000 8534.5967   13.5375
    7.5000  -45.0000  -22.5000 8047.8735   13.5440
   -7.5000  -37.5000  -22.5000 8760.6924   14.4675
    0.0000  -37.5000  -22.5000 8805.3555   14.4847
    7.5000  -37.5000  -22.5000 8298.5430   14.4935
   -7.5000  -30.0000  -22.5000 9088.9883   14.8918
    0.0000  -30.0000  -22.5000 9134.1348   14.9076
    7.5000  -30.0000  -22.5000 8618.4893   14.9160
   -7.5000  -22.5000  -22.5000 9536.8779   14.8679
    0.0000  -22.5000  -22.5000 9584.8096   14.8744
    7.5000  -22.5000  -22.5000 9035.7217   14.8802
   -7.5000  -15.0000  -22.5000 9996.3701   14.8074
    0.0000  -15.0000  -22.500010047.3242   14.8068
    7.5000  -15.0000  -22.5000 9476.6396   14.8099
   -7.5000   -7.5000  -22.500010045.9971   14.7640
    0.0000   -7.5000  -22.500010096.0732   14.7660
    7.5000   -7.5000  -22.5000 9552.5137   14.7700
   -7.5000    0.0000  -22.5000 9870.8506   14.7869
    0.0000    0.0000  -22.5000 9931.8066   14.7978
    7.5000    0.0000  -22.5000 9423.5098   14.8050
   -7.5000    7.5000  -22.5000 9130.1807   14.8563
    0.0000    7.5000  -22.5000 9156.3604   14.8740
    7.5000    7.5000  -22.5000 8717.9189   14.8830
   -7.5000   15.0000  -22.5000 8641.4521   14.8882
    0.0000   15.0000  -22.5000 8657.1309   14.9040
    7.5000   15.0000  -22.5000 8253.2207   14.9124
   -7.5000   22.5000  -22.5000 7751.6284   14.6711
    0.0000   22.5000  -22.5000 7778.9082   14.6776
    7.5000   22.5000  -22.5000 7386.0405   14.6833
   -7.5000   30.0000  -22.5000 6929.0640   14.2499
    0.0000   30.0000  -22.5000 6925.7183   14.2494
    7.5000   30.0000  -22.5000 6579.3374   14.2523
   -7.5000   37.5000  -22.5000 6160.4302   14.2073
    0.0000   37.5000  -22.5000 6173.9609   14.2114
    7.5000   37.5000  -22.5000 5856.3110   14.2155
   -7.5000   45.0000  -22.5000 5443.6929   14.2532
    0.0000   45.0000  -22.5000 5451.4062   14.2667
    7.5000   45.0000  -22.5000 5157.5371   14.2738
   -7.5000  -45.0000  -15.0000 9053.2832   14.0237
    0.0000  -45.0000  -15.0000 9096.2793   14.0400
    7.5000  -45.0000  -15.0000 8576.3008   14.0461
   -7.5000  -37.5000  -15.0000 9339.6445   14.9946
    0.0000  -37.5000  -15.0000 9394.3584   15.0178
    7.5000  -37.5000  -15.0000 8839.2881   15.0260
   -7.5000  -30.0000  -15.0000 9712.4980   15.4165
    0.0000  -30.0000  -15.0000 9771.2451   15.4351
    7.5000  -30.0000  -15.0000 9171.9766   15.4422
   -7.5000  -22.5000  -15.000010199.2549   15.3914
    0.0000  -22.5000  -15.000010251.1143   15.3977
    7.5000  -22.5000  -15.0000 9641.3604   15.4014
   -7.5000  -15.0000  -15.000010673.8311   15.3325
    0.0000  -15.0000  -15.000010721.7744   15.3329
    7.5000  -15.0000  -15.000010105.7275   15.3343
   -7.5000   -7.5000  -15.000010680.3623   15.2906
    0.0000   -7.5000  -15.000010750.4316   15.2968
    7.5000   -7.5000  -15.000010146.8105   15.2999
   -7.5000    0.0000  -15.000010484.6895   15.3144
    0.0000    0.0000  -15.000010548.2158   15.3322
    7.5000    0.0000  -15.0000 9992.3760   15.3389
   -7.5000    7.5000  -15.0000 9674.5938   15.3826
    0.0000    7.5000  -15.0000 9696.7373   15.4065
    7.5000    7.5000  -15.0000 9242.9238   15.4148
   -7.5000   15.0000  -15.0000 9130.6260   15.4117
    0.0000   15.0000  -15.0000 9143.5527   15.4304
    7.5000   15.0000  -15.0000 8725.4727   15.4374
   -7.5000   22.5000  -15.0000 8192.5420   15.1901
    0.0000   22.5000  -15.0000 8204.9434   15.1963
    7.5000   22.5000  -15.0000 7795.9424   15.1999
   -7.5000   30.0000  -15.0000 7304.9458   14.7664
    0.0000   30.0000  -15.0000 7317.5269   14.7668
    7.5000   30.0000  -15.0000 6961.3340   14.7680
   -7.5000   37.5000  -15.0000 6477.2573   14.7362
    0.0000   37.5000  -15.0000 6515.5020   14.7438
    7.5000   37.5000  -15.0000 6183.5728   14.7459
   -7.5000   45.0000  -15.0000 5719.6572   14.7983
    0.0000   45.0000  -15.0000 5736.5889   14.8190
    7.5000   45.0000  -15.0000 5435.4634   14.8245
   -7.5000  -45.0000   -7.5000 9355.8691   14.0262
    0.0000  -45.0000   -7.5000 9397.2783   14.0516
    7.5000  -45.0000   -7.5000 8861.1816   14.0648
   -7.5000  -37.5000   -7.5000 9642.9990   14.9983
    0.0000  -37.5000   -7.5000 9705.9639   15.0285
    7.5000  -37.5000   -7.5000 9111.2461   15.0416
   -7.5000  -30.0000   -7.500010016.4033   15.4154
    0.0000  -30.0000   -7.500010085.8896   15.4413
    7.5000  -30.0000   -7.5000 9439.4463   15.4540
   -7.5000  -22.5000   -7.500010514.1055   15.3841
    0.0000  -22.5000   -7.500010582.8242   15.4006
    7.5000  -22.5000   -7.5000 9914.7900   15.4132
   -7.5000  -15.0000   -7.500011003.3564   15.3249
    0.0000  -15.0000   -7.500011065.3672   15.3383
    7.5000  -15.0000   -7.500010404.6846   15.3512
   -7.5000   -7.5000   -7.500011011.8486   15.2877
    0.0000   -7.5000   -7.500011072.6045   15.3066
    7.5000   -7.5000   -7.500010430.1250   15.3206
   -7.5000    0.0000   -7.500010796.5576   15.3172
    0.0000    0.0000   -7.500010858.2598   15.3449
    7.5000    0.0000   -7.500010237.9033   15.3593
   -7.5000    7.5000   -7.5000 9955.4346   15.3864
    0.0000    7.5000   -7.5000 9985.7500   15.4174
    7.5000    7.5000   -7.5000 9475.4385   15.4309
   -7.5000   15.0000   -7.5000 9392.1572   15.4107
    0.0000   15.0000   -7.5000 9412.4873   15.4366
    7.5000   15.0000   -7.5000 8936.1699   15.4493
   -7.5000   22.5000   -7.5000 8412.7422   15.1829
    0.0000   22.5000   -7.5000 8430.1299   15.1992
    7.5000   22.5000   -7.5000 7988.3359   15.2116
   -7.5000   30.0000   -7.5000 7472.4971   14.7591
    0.0000   30.0000   -7.5000 7494.1191   14.7720
    7.5000   30.0000   -7.5000 7110.5898   14.7843
   -7.5000   37.5000   -7.5000 6621.8164   14.7299
    0.0000   37.5000   -7.5000 6669.8081   14.7486
    7.5000   37.5000   -7.5000 6305.2090   14.7598
   -7.5000   45.0000   -7.5000 5856.0288   14.7973
    0.0000   45.0000   -7.5000 5873.9595   14.8267
    7.5000   45.0000   -7.5000 5545.6079   14.8368
   -7.5000  -45.0000    0.0000 9462.4697   14.3618
    0.0000  -45.0000    0.0000 9507.0889   14.3904
    7.5000  -45.0000    0.0000 8940.2412   14.4114
   -7.5000  -37.5000    0.0000 9834.1250   15.3547
    0.0000  -37.5000    0.0000 9914.4902   15.3867
    7.5000  -37.5000    0.0000 9243.2607   15.4054
   -7.5000  -30.0000    0.000010198.8525   15.7703
    0.0000  -30.0000    0.000010306.5859   15.8011
    7.5000  -30.0000    0.0000 9561.7002   15.8204
   -7.5000  -22.5000    0.000010659.5410   15.7320
    0.0000  -22.5000    0.000010747.7148   15.7587
    7.5000  -22.5000    0.000010019.5771   15.7815
   -7.5000  -15.0000    0.000011143.1240   15.6675
    0.0000  -15.0000    0.000011222.6191   15.6925
    7.5000  -15.0000    0.000010493.9170   15.7181
   -7.5000   -7.5000    0.000011185.4707   15.6320
    0.0000   -7.5000    0.000011235.5820   15.6592
    7.5000   -7.5000    0.000010509.2383   15.6851
   -7.5000    0.0000    0.000010947.0742   15.6682
    0.0000    0.0000    0.000010982.9326   15.6993
    7.5000    0.0000    0.000010289.1533   15.7222
   -7.5000    7.5000    0.000010069.1299   15.7416
    0.0000    7.5000    0.000010110.3857   15.7744
    7.5000    7.5000    0.0000 9493.5303   15.7936
   -7.5000   15.0000    0.0000 9509.7666   15.7647
    0.0000   15.0000    0.0000 9558.1904   15.7955
    7.5000   15.0000    0.0000 8973.3936   15.8148
   -7.5000   22.5000    0.0000 8496.8691   15.5284
    0.0000   22.5000    0.0000 8547.6738   15.5547
    7.5000   22.5000    0.0000 8034.3115   15.5772
   -7.5000   30.0000    0.0000 7529.3784   15.0981
    0.0000   30.0000    0.0000 7568.7583   15.1222
    7.5000   30.0000    0.0000 7138.5464   15.1468
   -7.5000   37.5000    0.0000 6644.1826   15.0764
    0.0000   37.5000    0.0000 6692.2026   15.1025
    7.5000   37.5000    0.0000 6315.6777   15.1248
   -7.5000   45.0000    0.0000 5861.2954   15.1603
    0.0000   45.0000    0.0000 5881.2583   15.1919
    7.5000   45.0000    0.0000 5547.5361   15.2089
   -7.5000  -45.0000    7.5000 9147.1182   14.3457
    0.0000  -45.0000    7.5000 9186.3066   14.3674
    7.5000  -45.0000    7.5000 8650.7891   14.3887
   -7.5000  -37.5000    7.5000 9670.0459   15.3405
    0.0000  -37.5000    7.5000 9779.4189   15.3659
    7.5000  -37.5000    7.5000 9011.5596   15.3854
   -7.5000  -30.0000    7.500010178.4111   15.7601
    0.0000  -30.0000    7.500010287.5117   15.7871
    7.5000  -30.0000    7.5000 9396.1152   15.8076
   -7.5000  -22.5000    7.500010576.3311   15.7225
    0.0000  -22.5000    7.500010637.4854   15.7476
    7.5000  -22.5000    7.5000 9796.8057   15.7719
   -7.5000  -15.0000    7.500010937.7002   15.6538
    0.0000  -15.0000    7.500010973.1582   15.6760
    7.5000  -15.0000    7.500010198.8389   15.7026
   -7.5000   -7.5000    7.500010874.2920   15.6149
    0.0000   -7.5000    7.500010920.6680   15.6366
    7.5000   -7.5000    7.500010179.5879   15.6628
   -7.5000    0.0000    7.500010597.8232   15.6506
    0.0000    0.0000    7.500010637.7578   15.6742
    7.5000    0.0000    7.5000 9928.7666   15.6974
   -7.5000    7.5000    7.5000 9745.6631   15.7271
    0.0000    7.5000    7.5000 9779.3662   15.7531
    7.5000    7.5000    7.5000 9162.3203   15.7731
   -7.5000   15.0000    7.5000 9198.6465   15.7546
    0.0000   15.0000    7.5000 9251.5244   15.7815
    7.5000   15.0000    7.5000 8688.2891   15.8020
   -7.5000   22.5000    7.5000 8237.2432   15.5190
    0.0000   22.5000    7.5000 8282.3291   15.5438
    7.5000   22.5000    7.5000 7777.3491   15.5678
   -7.5000   30.0000    7.5000 7283.6226   15.0849
    0.0000   30.0000    7.5000 7329.5928   15.1063
    7.5000   30.0000    7.5000 6884.0298   15.1320
   -7.5000   37.5000    7.5000 6395.0220   15.0607
    0.0000   37.5000    7.5000 6437.2900   15.0821
    7.5000   37.5000    7.5000 6063.3022   15.1060
   -7.5000   45.0000    7.5000 5612.2729   15.1420
    0.0000   45.0000    7.5000 5622.1938   15.1655
    7.5000   45.0000    7.5000 5316.7808   15.1845
   -7.5000  -45.0000   15.0000 9145.5312   14.4352
    0.0000  -45.0000   15.0000 9218.7861   14.4491
    7.5000  -45.0000   15.0000 8663.3574   14.4646
   -7.5000  -37.5000   15.0000 9689.1963   15.4360
    0.0000  -37.5000   15.0000 9822.1631   15.4558
    7.5000  -37.5000   15.0000 9016.0371   15.4717
   -7.5000  -30.0000   15.000010273.0508   15.8642
    0.0000  -30.0000   15.000010384.2832   15.8853
    7.5000  -30.0000   15.0000 9418.9502   15.9017
   -7.5000  -22.5000   15.000010699.2129   15.8327
    0.0000  -22.5000   15.000010748.6230   15.8493
    7.5000  -22.5000   15.0000 9850.3564   15.8666
   -7.5000  -15.0000   15.000010954.9355   15.7633
    0.0000  -15.0000   15.000010986.9307   15.7741
    7.5000  -15.0000   15.000010218.1104   15.7911
   -7.5000   -7.5000   15.000010813.0957   15.7182
    0.0000   -7.5000   15.000010868.7344   15.7287
    7.5000   -7.5000   15.000010173.0635   15.7458
   -7.5000    0.0000   15.000010513.9316   15.7482
    0.0000    0.0000   15.000010563.1777   15.7634
    7.5000    0.0000   15.0000 9911.5195   15.7803
   -7.5000    7.5000   15.0000 9680.0215   15.8250
    0.0000    7.5000   15.0000 9729.1914   15.8453
    7.5000    7.5000   15.0000 9147.5117   15.8616
   -7.5000   15.0000   15.0000 9140.7344   15.8585
    0.0000   15.0000   15.0000 9191.8408   15.8797
    7.5000   15.0000   15.0000 8653.0723   15.8961
   -7.5000   22.5000   15.0000 8196.2451   15.6278
    0.0000   22.5000   15.0000 8232.3936   15.6442
    7.5000   22.5000   15.0000 7741.9858   15.6613
   -7.5000   30.0000   15.0000 7255.1890   15.1904
    0.0000   30.0000   15.0000 7290.7207   15.2008
    7.5000   30.0000   15.0000 6855.7710   15.2172
   -7.5000   37.5000   15.0000 6364.2827   15.1667
    0.0000   37.5000   15.0000 6386.0298   15.1786
    7.5000   37.5000   15.0000 6032.0493   15.1951
   -7.5000   45.0000   15.0000 5567.0347   15.2478
    0.0000   45.0000   15.0000 5558.4463   15.2640
    7.5000   45.0000   15.0000 5278.7529   15.2794
   -7.5000  -45.0000   22.5000 8691.1416   14.6239
    0.0000  -45.0000   22.5000 8766.9932   14.6345
    7.5000  -45.0000   22.5000 8260.5068   14.6422
   -7.5000  -37.5000   22.5000 9054.9912   15.6329
    0.0000  -37.5000   22.5000 9145.3193   15.6518
    7.5000  -37.5000   22.5000 8561.5166   15.6621
   -7.5000  -30.0000   22.5000 9458.0859   16.0661
    0.0000  -30.0000   22.5000 9521.2900   16.0835
    7.5000  -30.0000   22.5000 8912.8389   16.0935
   -7.5000  -22.5000   22.5000 9909.7998   16.0398
    0.0000  -22.5000   22.5000 9946.6611   16.0470
    7.5000  -22.5000   22.5000 9353.0693   16.0540
   -7.5000  -15.0000   22.500010288.5439   15.9748
    0.0000  -15.0000   22.500010330.2227   15.9739
    7.5000  -15.0000   22.5000 9740.1611   15.9778
   -7.5000   -7.5000   22.500010215.3389   15.9289
    0.0000   -7.5000   22.500010277.1260   15.9304
    7.5000   -7.5000   22.5000 9716.4248   15.9353
   -7.5000    0.0000   22.5000 9954.4824   15.9541
    0.0000    0.0000   22.5000 9987.0811   15.9657
    7.5000    0.0000   22.5000 9453.1621   15.9740
   -7.5000    7.5000   22.5000 9189.8086   16.0268
    0.0000    7.5000   22.5000 9203.2568   16.0462
    7.5000    7.5000   22.5000 8692.6797   16.0568
   -7.5000   15.0000   22.5000 8671.3525   16.0604
    0.0000   15.0000   22.5000 8704.6338   16.0779
    7.5000   15.0000   22.5000 8201.3262   16.0878
   -7.5000   22.5000   22.5000 7743.2603   15.8322
    0.0000   22.5000   22.5000 7766.6885   15.8393
    7.5000   22.5000   22.5000 7307.5659   15.8462
   -7.5000   30.0000   22.5000 6817.6719   15.3942
    0.0000   30.0000   22.5000 6853.9189   15.3934
    7.5000   30.0000   22.5000 6464.9272   15.3971
   -7.5000   37.5000   22.5000 5983.6787   15.3692
    0.0000   37.5000   22.5000 5999.8623   15.3731
    7.5000   37.5000   22.5000 5673.4062   15.3780
   -7.5000   45.0000   22.5000 5233.7349   15.4382
    0.0000   45.0000   22.5000 5241.4849   15.4528
    7.5000   45.0000   22.5000 4950.6450   15.4614
   -7.5000  -45.0000   30.0000 8142.1909   14.8330
    0.0000  -45.0000   30.0000 8214.5068   14.8539
    7.5000  -45.0000   30.0000 7774.2148   14.8645
   -7.5000  -37.5000   30.0000 8417.4561   15.8576
    0.0000  -37.5000   30.0000 8473.7305   15.8864
    7.5000  -37.5000   30.0000 8027.7222   15.9005
   -7.5000  -30.0000   30.0000 8745.7441   16.2953
    0.0000  -30.0000   30.0000 8780.9141   16.3196
    7.5000  -30.0000   30.0000 8335.3662   16.3333
   -7.5000  -22.5000   30.0000 9198.9727   16.2706
    0.0000  -22.5000   30.0000 9224.4209   16.2817
    7.5000  -22.5000   30.0000 8764.6924   16.2915
   -7.5000  -15.0000   30.0000 9614.1377   16.2116
    0.0000  -15.0000   30.0000 9644.4551   16.2160
    7.5000  -15.0000   30.0000 9163.6191   16.2222
   -7.5000   -7.5000   30.0000 9602.0850   16.1686
    0.0000   -7.5000   30.0000 9640.5332   16.1790
    7.5000   -7.5000   30.0000 9151.3740   16.1865
   -7.5000    0.0000   30.0000 9368.8828   16.1921
    0.0000    0.0000   30.0000 9389.5107   16.2149
    7.5000    0.0000   30.0000 8893.8994   16.2265
   -7.5000    7.5000   30.0000 8626.7871   16.2600
    0.0000    7.5000   30.0000 8644.0527   16.2896
    7.5000    7.5000   30.0000 8178.5972   16.3040
   -7.5000   15.0000   30.0000 8127.1128   16.2895
    0.0000   15.0000   30.0000 8161.8364   16.3138
    7.5000   15.0000   30.0000 7713.0806   16.3275
   -7.5000   22.5000   30.0000 7246.5635   16.0586
    0.0000   22.5000   30.0000 7264.3618   16.0696
    7.5000   22.5000   30.0000 6857.1689   16.0792
   -7.5000   30.0000   30.0000 6386.1299   15.6296
    0.0000   30.0000   30.0000 6396.5049   15.6338
    7.5000   30.0000   30.0000 6046.7285   15.6398
   -7.5000   37.5000   30.0000 5599.4976   15.6063
    0.0000   37.5000   30.0000 5605.8926   15.6179
    7.5000   37.5000   30.0000 5313.9844   15.6242
   -7.5000   45.0000   30.0000 4870.6958   15.6666
    0.0000   45.0000   30.0000 4864.0410   15.6926
    7.5000   45.0000   30.0000 4614.9756   15.7028
   -7.5000  -45.0000   37.5000 7630.2847   14.9274
    0.0000  -45.0000   37.5000 7689.7305   14.9595
    7.5000  -45.0000   37.5000 7275.7100   14.9807
   -7.5000  -37.5000   37.5000 7868.5894   15.9638
    0.0000  -37.5000   37.5000 7909.0327   16.0011
    7.5000  -37.5000   37.5000 7507.4956   16.0236
   -7.5000  -30.0000   37.5000 8177.1411   16.3891
    0.0000  -30.0000   37.5000 8200.0664   16.4218
    7.5000  -30.0000   37.5000 7797.3003   16.4444
   -7.5000  -22.5000   37.5000 8583.2695   16.3567
    0.0000  -22.5000   37.5000 8601.7998   16.3795
    7.5000  -22.5000   37.5000 8184.0957   16.4014
   -7.5000  -15.0000   37.5000 8973.0137   16.2962
    0.0000  -15.0000   37.5000 9005.2910   16.3159
    7.5000  -15.0000   37.5000 8555.4990   16.3370
   -7.5000   -7.5000   37.5000 8994.9473   16.2585
    0.0000   -7.5000   37.5000 9004.9316   16.2842
    7.5000   -7.5000   37.5000 8564.2900   16.3062
   -7.5000    0.0000   37.5000 8773.9307   16.2890
    0.0000    0.0000   37.5000 8788.4082   16.3240
    7.5000    0.0000   37.5000 8334.8701   16.3471
   -7.5000    7.5000   37.5000 8075.6533   16.3587
    0.0000    7.5000   37.5000 8101.4150   16.3970
    7.5000    7.5000   37.5000 7660.8999   16.4201
   -7.5000   15.0000   37.5000 7595.8389   16.3831
    0.0000   15.0000   37.5000 7621.7969   16.4158
    7.5000   15.0000   37.5000 7203.1338   16.4384
   -7.5000   22.5000   37.5000 6750.1963   16.1408
    0.0000   22.5000   37.5000 6769.5991   16.1633
    7.5000   22.5000   37.5000 6406.9775   16.1849
   -7.5000   30.0000   37.5000 5944.0991   15.7111
    0.0000   30.0000   37.5000 5953.2739   15.7300
    7.5000   30.0000   37.5000 5638.8477   15.7503
   -7.5000   37.5000   37.5000 5225.8867   15.6821
    0.0000   37.5000   37.5000 5237.4473   15.7074
    7.5000   37.5000   37.5000 4958.5376   15.7262
   -7.5000   45.0000   37.5000 4541.7437   15.7451
    0.0000   45.0000   37.5000 4538.1162   15.7816
    7.5000   45.0000   37.5000 4306.8765   15.7995
   -7.5000  -45.0000   45.0000 7095.3184   15.0677
    0.0000  -45.0000   45.0000 7155.2324   15.1029
    7.5000  -45.0000   45.0000 6772.3936   15.1317
   -7.5000  -37.5000   45.0000 7315.4141   16.1186
    0.0000  -37.5000   45.0000 7353.3296   16.1568
    7.5000  -37.5000   45.0000 6989.4775   16.1843
   -7.5000  -30.0000   45.0000 7590.4580   16.5385
    0.0000  -30.0000   45.0000 7618.4639   16.5752
    7.5000  -30.0000   45.0000 7249.4253   16.6026
   -7.5000  -22.5000   45.0000 7951.2847   16.5074
    0.0000  -22.5000   45.0000 7986.5957   16.5403
    7.5000  -22.5000   45.0000 7596.3701   16.5699
   -7.5000  -15.0000   45.0000 8328.3867   16.4421
    0.0000  -15.0000   45.0000 8369.7627   16.4741
    7.5000  -15.0000   45.0000 7958.3726   16.5059
   -7.5000   -7.5000   45.0000 8352.2529   16.3991
    0.0000   -7.5000   45.0000 8365.0771   16.4338
    7.5000   -7.5000   45.0000 7958.9639   16.4668
   -7.5000    0.0000   45.0000 8169.5312   16.4279
    0.0000    0.0000   45.0000 8171.3916   16.4663
    7.5000    0.0000   45.0000 7763.2422   16.4977
   -7.5000    7.5000   45.0000 7533.4697   16.5016
    0.0000    7.5000   45.0000 7545.7993   16.5407
    7.5000    7.5000   45.0000 7146.9482   16.5688
   -7.5000   15.0000   45.0000 7072.4893   16.5323
    0.0000   15.0000   45.0000 7107.9131   16.5690
    7.5000   15.0000   45.0000 6718.0083   16.5963
   -7.5000   22.5000   45.0000 6269.4805   16.2874
    0.0000   22.5000   45.0000 6302.6489   16.3198
    7.5000   22.5000   45.0000 5960.7612   16.3489
   -7.5000   30.0000   45.0000 5521.2344   15.8501
    0.0000   30.0000   45.0000 5538.8232   15.8810
    7.5000   30.0000   45.0000 5255.0000   15.9116
   -7.5000   37.5000   45.0000 4855.0708   15.7982
    0.0000   37.5000   45.0000 4868.8418   15.8321
    7.5000   37.5000   45.0000 4620.5049   15.8622
   -7.5000   45.0000   45.0000 4226.5996   15.8650
    0.0000   45.0000   45.0000 4235.6523   15.9035
    7.5000   45.0000   45.0000 4012.9695   15.9277

---------------------------------------------------------------------
imgreg_4dfp /opt/freesurfer/average/711-2C_as_mni_average_305 /opt/freesurfer/average/711-2B_as_mni_average_305_mask talsrcimg_g11 none talsrcimg_to_711-2C_as_mni_average_305_t4 4355
---------------------------------------------------------------------

freesurfer imgreg_4dfp.c
/opt/freesurfer/average/711-2C_as_mni_average_305.4dfp.img
       256       256       256         1
  1.000000  1.000000  1.000000
orientation T byte_order littleendian
Reading image: /opt/freesurfer/average/711-2C_as_mni_average_305.4dfp.img
dimensions:      256       256       256
mmppix:       1.0000   -1.0000   -1.0000
center:     128.0000 -129.0000 -129.0000
/opt/freesurfer/average/711-2B_as_mni_average_305_mask.4dfp.img
       256       256       256         1
  1.000000  1.000000  1.000000
orientation T byte_order littleendian
Reading mask: /opt/freesurfer/average/711-2B_as_mni_average_305_mask.4dfp.img (2306576 pixels)
talsrcimg_g11.4dfp.img
       256       256       256         1
  0.898437  0.898437  0.898437
orientation T byte_order littleendian
Reading image: talsrcimg_g11.4dfp.img
dimensions:      256       256       256
mmppix:       0.8984   -0.8984   -0.8984
center:     114.9999 -115.8984 -115.8984
rotation matrix determinant  1.000000
image alignment mode   4355 decimal     1103 hex
   -7.5000  -52.5000  -45.0000 2010.5154   12.4823
    0.0000  -52.5000  -45.0000 2015.2148   12.4736
    7.5000  -52.5000  -45.0000 1989.3451   12.6644
   -7.5000  -45.0000  -45.0000 2073.9299   11.9574
    0.0000  -45.0000  -45.0000 2078.3237   11.9414
    7.5000  -45.0000  -45.0000 2050.6389   12.1036
   -7.5000  -37.5000  -45.0000 2090.9600   11.5440
    0.0000  -37.5000  -45.0000 2095.9795   11.5255
    7.5000  -37.5000  -45.0000 2073.7434   11.7030
   -7.5000  -30.0000  -45.0000 2100.3264   11.2988
    0.0000  -30.0000  -45.0000 2108.7722   11.2811
    7.5000  -30.0000  -45.0000 2082.9570   11.4477
   -7.5000  -22.5000  -45.0000 2103.3477   11.3277
    0.0000  -22.5000  -45.0000 2113.8145   11.2963
    7.5000  -22.5000  -45.0000 2085.2119   11.4869
   -7.5000  -15.0000  -45.0000 2074.6604   11.6499
    0.0000  -15.0000  -45.0000 2088.6921   11.6228
    7.5000  -15.0000  -45.0000 2063.0278   11.8422
   -7.5000   -7.5000  -45.0000 2032.6506   12.3075
    0.0000   -7.5000  -45.0000 2050.9675   12.2668
    7.5000   -7.5000  -45.0000 2024.6320   12.4852
   -7.5000    0.0000  -45.0000 1971.2643   13.2514
    0.0000    0.0000  -45.0000 1982.2791   13.2249
    7.5000    0.0000  -45.0000 1959.9088   13.4278
   -7.5000    7.5000  -45.0000 1888.5835   14.4609
    0.0000    7.5000  -45.0000 1899.4481   14.4347
    7.5000    7.5000  -45.0000 1868.5614   14.6613
   -7.5000   15.0000  -45.0000 1784.5079   16.0517
    0.0000   15.0000  -45.0000 1797.9617   16.0549
    7.5000   15.0000  -45.0000 1763.5637   16.3352
   -7.5000   22.5000  -45.0000 1676.0385   18.3494
    0.0000   22.5000  -45.0000 1684.3998   18.3129
    7.5000   22.5000  -45.0000 1668.1802   18.6389
   -7.5000   30.0000  -45.0000 1562.7628   21.4872
    0.0000   30.0000  -45.0000 1575.2902   21.4677
    7.5000   30.0000  -45.0000 1555.7368   21.8125
   -7.5000   37.5000  -45.0000 1430.8514   25.5479
    0.0000   37.5000  -45.0000 1437.8617   25.5016
    7.5000   37.5000  -45.0000 1418.0063   25.9976
   -7.5000  -52.5000  -37.5000 2171.2627   12.2421
    0.0000  -52.5000  -37.5000 2174.9441   12.2169
    7.5000  -52.5000  -37.5000 2143.4678   12.4050
   -7.5000  -45.0000  -37.5000 2243.7747   11.7283
    0.0000  -45.0000  -37.5000 2248.6023   11.7047
    7.5000  -45.0000  -37.5000 2213.7744   11.8645
   -7.5000  -37.5000  -37.5000 2261.7024   11.3384
    0.0000  -37.5000  -37.5000 2268.5759   11.3047
    7.5000  -37.5000  -37.5000 2235.2065   11.4742
   -7.5000  -30.0000  -37.5000 2272.2957   11.1085
    0.0000  -30.0000  -37.5000 2281.3936   11.0822
    7.5000  -30.0000  -37.5000 2250.6853   11.2487
   -7.5000  -22.5000  -37.5000 2271.9192   11.1139
    0.0000  -22.5000  -37.5000 2285.7522   11.0966
    7.5000  -22.5000  -37.5000 2253.8462   11.2882
   -7.5000  -15.0000  -37.5000 2245.3196   11.4141
    0.0000  -15.0000  -37.5000 2261.5015   11.3801
    7.5000  -15.0000  -37.5000 2230.4998   11.5956
   -7.5000   -7.5000  -37.5000 2205.1140   12.0202
    0.0000   -7.5000  -37.5000 2222.0415   11.9826
    7.5000   -7.5000  -37.5000 2187.4014   12.1895
   -7.5000    0.0000  -37.5000 2133.0312   12.9117
    0.0000    0.0000  -37.5000 2147.3491   12.8733
    7.5000    0.0000  -37.5000 2117.7529   13.0720
   -7.5000    7.5000  -37.5000 2043.2677   14.0823
    0.0000    7.5000  -37.5000 2054.0352   14.0462
    7.5000    7.5000  -37.5000 2020.7548   14.2852
   -7.5000   15.0000  -37.5000 1928.4480   15.6114
    0.0000   15.0000  -37.5000 1938.0803   15.5974
    7.5000   15.0000  -37.5000 1904.4874   15.8605
   -7.5000   22.5000  -37.5000 1807.5449   17.7457
    0.0000   22.5000  -37.5000 1812.4216   17.7422
    7.5000   22.5000  -37.5000 1793.8352   18.0108
   -7.5000   30.0000  -37.5000 1687.2086   20.6807
    0.0000   30.0000  -37.5000 1697.6593   20.6701
    7.5000   30.0000  -37.5000 1678.4967   20.9947
   -7.5000   37.5000  -37.5000 1533.3618   24.4021
    0.0000   37.5000  -37.5000 1541.4426   24.3460
    7.5000   37.5000  -37.5000 1522.0132   24.9151
   -7.5000  -52.5000  -30.0000 2311.5173   11.9646
    0.0000  -52.5000  -30.0000 2315.4136   11.9144
    7.5000  -52.5000  -30.0000 2280.9709   12.0821
   -7.5000  -45.0000  -30.0000 2390.0564   11.4114
    0.0000  -45.0000  -30.0000 2397.8347   11.3713
    7.5000  -45.0000  -30.0000 2362.8489   11.5509
   -7.5000  -37.5000  -30.0000 2418.2070   11.0448
    0.0000  -37.5000  -30.0000 2430.0562   11.0088
    7.5000  -37.5000  -30.0000 2397.8135   11.1745
   -7.5000  -30.0000  -30.0000 2436.2053   10.8300
    0.0000  -30.0000  -30.0000 2446.4219   10.7990
    7.5000  -30.0000  -30.0000 2418.4758   10.9652
   -7.5000  -22.5000  -30.0000 2434.5703   10.8521
    0.0000  -22.5000  -30.0000 2448.9807   10.8307
    7.5000  -22.5000  -30.0000 2412.3652   10.9946
   -7.5000  -15.0000  -30.0000 2409.4028   11.1410
    0.0000  -15.0000  -30.0000 2426.7644   11.0858
    7.5000  -15.0000  -30.0000 2386.9531   11.2692
   -7.5000   -7.5000  -30.0000 2362.6008   11.6927
    0.0000   -7.5000  -30.0000 2374.0938   11.6176
    7.5000   -7.5000  -30.0000 2338.9807   11.8210
   -7.5000    0.0000  -30.0000 2283.5747   12.5333
    0.0000    0.0000  -30.0000 2297.8848   12.4668
    7.5000    0.0000  -30.0000 2263.5659   12.6615
   -7.5000    7.5000  -30.0000 2188.2004   13.6560
    0.0000    7.5000  -30.0000 2198.8062   13.6201
    7.5000    7.5000  -30.0000 2162.1794   13.8327
   -7.5000   15.0000  -30.0000 2068.7190   15.1894
    0.0000   15.0000  -30.0000 2074.7517   15.1457
    7.5000   15.0000  -30.0000 2038.3982   15.3733
   -7.5000   22.5000  -30.0000 1936.2466   17.1891
    0.0000   22.5000  -30.0000 1941.6300   17.1497
    7.5000   22.5000  -30.0000 1912.7063   17.3893
   -7.5000   30.0000  -30.0000 1806.0146   19.9940
    0.0000   30.0000  -30.0000 1807.4921   19.8960
    7.5000   30.0000  -30.0000 1781.4368   20.1854
   -7.5000   37.5000  -30.0000 1633.6603   23.5047
    0.0000   37.5000  -30.0000 1643.7870   23.4622
    7.5000   37.5000  -30.0000 1619.3458   23.8541
   -7.5000  -52.5000  -22.5000 2420.6443   11.5746
    0.0000  -52.5000  -22.5000 2431.7749   11.5247
    7.5000  -52.5000  -22.5000 2395.4080   11.6730
   -7.5000  -45.0000  -22.5000 2506.5740   11.0388
    0.0000  -45.0000  -22.5000 2522.0449   10.9912
    7.5000  -45.0000  -22.5000 2486.5381   11.1486
   -7.5000  -37.5000  -22.5000 2553.9133   10.6560
    0.0000  -37.5000  -22.5000 2566.3718   10.6147
    7.5000  -37.5000  -22.5000 2531.7195   10.7694
   -7.5000  -30.0000  -22.5000 2579.3923   10.4588
    0.0000  -30.0000  -22.5000 2591.4663   10.4205
    7.5000  -30.0000  -22.5000 2560.2690   10.5505
   -7.5000  -22.5000  -22.5000 2586.7300   10.4699
    0.0000  -22.5000  -22.5000 2600.2261   10.4271
    7.5000  -22.5000  -22.5000 2559.5325   10.5625
   -7.5000  -15.0000  -22.5000 2565.4885   10.7564
    0.0000  -15.0000  -22.5000 2580.9915   10.6832
    7.5000  -15.0000  -22.5000 2532.1392   10.8440
   -7.5000   -7.5000  -22.5000 2507.1057   11.2868
    0.0000   -7.5000  -22.5000 2522.0723   11.1992
    7.5000   -7.5000  -22.5000 2479.7656   11.3786
   -7.5000    0.0000  -22.5000 2415.1240   12.0822
    0.0000    0.0000  -22.5000 2431.0015   12.0049
    7.5000    0.0000  -22.5000 2394.0566   12.1709
   -7.5000    7.5000  -22.5000 2305.4707   13.1557
    0.0000    7.5000  -22.5000 2318.7532   13.0994
    7.5000    7.5000  -22.5000 2282.8586   13.3025
   -7.5000   15.0000  -22.5000 2180.8484   14.6244
    0.0000   15.0000  -22.5000 2188.9629   14.5671
    7.5000   15.0000  -22.5000 2161.3374   14.7895
   -7.5000   22.5000  -22.5000 2044.4164   16.6021
    0.0000   22.5000  -22.5000 2055.8840   16.5018
    7.5000   22.5000  -22.5000 2020.9933   16.7213
   -7.5000   30.0000  -22.5000 1896.0768   19.1668
    0.0000   30.0000  -22.5000 1898.5852   19.0967
    7.5000   30.0000  -22.5000 1872.9443   19.3668
   -7.5000   37.5000  -22.5000 1720.1526   22.5338
    0.0000   37.5000  -22.5000 1734.1383   22.4912
    7.5000   37.5000  -22.5000 1705.0854   22.8018
   -7.5000  -52.5000  -15.0000 2497.6895   11.0840
    0.0000  -52.5000  -15.0000 2513.7505   11.0481
    7.5000  -52.5000  -15.0000 2484.0415   11.1998
   -7.5000  -45.0000  -15.0000 2594.4475   10.5771
    0.0000  -45.0000  -15.0000 2609.2441   10.5281
    7.5000  -45.0000  -15.0000 2579.6951   10.6796
   -7.5000  -37.5000  -15.0000 2656.7261   10.1946
    0.0000  -37.5000  -15.0000 2672.8494   10.1569
    7.5000  -37.5000  -15.0000 2634.8496   10.3038
   -7.5000  -30.0000  -15.0000 2698.1140    9.9803
    0.0000  -30.0000  -15.0000 2713.4751    9.9443
    7.5000  -30.0000  -15.0000 2671.0825   10.0727
   -7.5000  -22.5000  -15.0000 2714.5471    9.9877
    0.0000  -22.5000  -15.0000 2731.5935    9.9396
    7.5000  -22.5000  -15.0000 2682.9619   10.0761
   -7.5000  -15.0000  -15.0000 2693.4478   10.2581
    0.0000  -15.0000  -15.0000 2710.2002   10.1918
    7.5000  -15.0000  -15.0000 2661.0671   10.3605
   -7.5000   -7.5000  -15.0000 2618.7974   10.7948
    0.0000   -7.5000  -15.0000 2641.5122   10.7119
    7.5000   -7.5000  -15.0000 2595.8657   10.8741
   -7.5000    0.0000  -15.0000 2515.9675   11.5551
    0.0000    0.0000  -15.0000 2534.5322   11.4832
    7.5000    0.0000  -15.0000 2496.6145   11.6676
   -7.5000    7.5000  -15.0000 2395.3376   12.6271
    0.0000    7.5000  -15.0000 2404.8503   12.5747
    7.5000    7.5000  -15.0000 2376.1299   12.7489
   -7.5000   15.0000  -15.0000 2262.3499   14.0267
    0.0000   15.0000  -15.0000 2271.3979   13.9735
    7.5000   15.0000  -15.0000 2246.8071   14.1749
   -7.5000   22.5000  -15.0000 2119.7913   15.8525
    0.0000   22.5000  -15.0000 2130.3301   15.7427
    7.5000   22.5000  -15.0000 2096.3394   15.9920
   -7.5000   30.0000  -15.0000 1961.2831   18.3385
    0.0000   30.0000  -15.0000 1967.7445   18.2585
    7.5000   30.0000  -15.0000 1946.4503   18.5022
   -7.5000   37.5000  -15.0000 1785.2524   21.5131
    0.0000   37.5000  -15.0000 1795.0658   21.4622
    7.5000   37.5000  -15.0000 1769.9969   21.7625
   -7.5000  -52.5000   -7.5000 2545.8501   10.5562
    0.0000  -52.5000   -7.5000 2560.0588   10.5059
    7.5000  -52.5000   -7.5000 2534.3433   10.6861
   -7.5000  -45.0000   -7.5000 2657.2690   10.0473
    0.0000  -45.0000   -7.5000 2672.7344   10.0201
    7.5000  -45.0000   -7.5000 2643.0325   10.1735
   -7.5000  -37.5000   -7.5000 2727.4880    9.6701
    0.0000  -37.5000   -7.5000 2748.9485    9.6582
    7.5000  -37.5000   -7.5000 2706.5383    9.8033
   -7.5000  -30.0000   -7.5000 2780.0303    9.4531
    0.0000  -30.0000   -7.5000 2800.3125    9.4231
    7.5000  -30.0000   -7.5000 2748.9260    9.5821
   -7.5000  -22.5000   -7.5000 2801.1958    9.4204
    0.0000  -22.5000   -7.5000 2821.9844    9.3786
    7.5000  -22.5000   -7.5000 2764.4045    9.5653
   -7.5000  -15.0000   -7.5000 2769.6372    9.7062
    0.0000  -15.0000   -7.5000 2792.0681    9.6485
    7.5000  -15.0000   -7.5000 2740.3193    9.8216
   -7.5000   -7.5000   -7.5000 2690.5042   10.2288
    0.0000   -7.5000   -7.5000 2710.7437   10.1814
    7.5000   -7.5000   -7.5000 2664.6641   10.3536
   -7.5000    0.0000   -7.5000 2578.4839   10.9932
    0.0000    0.0000   -7.5000 2595.9629   10.9547
    7.5000    0.0000   -7.5000 2553.1470   11.1376
   -7.5000    7.5000   -7.5000 2447.8743   12.0330
    0.0000    7.5000   -7.5000 2458.7834   12.0048
    7.5000    7.5000   -7.5000 2427.1670   12.1947
   -7.5000   15.0000   -7.5000 2311.3101   13.3704
    0.0000   15.0000   -7.5000 2320.4114   13.3203
    7.5000   15.0000   -7.5000 2289.2498   13.5314
   -7.5000   22.5000   -7.5000 2163.6179   15.1127
    0.0000   22.5000   -7.5000 2172.2097   15.0345
    7.5000   22.5000   -7.5000 2138.4873   15.3057
   -7.5000   30.0000   -7.5000 2000.6720   17.4171
    0.0000   30.0000   -7.5000 2008.1454   17.3774
    7.5000   30.0000   -7.5000 1985.3535   17.6577
   -7.5000   37.5000   -7.5000 1817.1216   20.3826
    0.0000   37.5000   -7.5000 1827.1063   20.3675
    7.5000   37.5000   -7.5000 1800.2225   20.6674
   -7.5000  -52.5000    0.0000 2579.9409   10.2351
    0.0000  -52.5000    0.0000 2593.4189   10.1952
    7.5000  -52.5000    0.0000 2569.1460   10.3890
   -7.5000  -45.0000    0.0000 2707.2261    9.7586
    0.0000  -45.0000    0.0000 2727.2810    9.7309
    7.5000  -45.0000    0.0000 2696.7136    9.8809
   -7.5000  -37.5000    0.0000 2805.5056    9.4222
    0.0000  -37.5000    0.0000 2828.3901    9.3991
    7.5000  -37.5000    0.0000 2777.8110    9.5252
   -7.5000  -30.0000    0.0000 2869.5535    9.1750
    0.0000  -30.0000    0.0000 2897.2424    9.1644
    7.5000  -30.0000    0.0000 2824.2278    9.3111
   -7.5000  -22.5000    0.0000 2883.7893    9.1048
    0.0000  -22.5000    0.0000 2907.7615    9.0842
    7.5000  -22.5000    0.0000 2835.2156    9.2779
   -7.5000  -15.0000    0.0000 2838.4153    9.3732
    0.0000  -15.0000    0.0000 2861.5215    9.3286
    7.5000  -15.0000    0.0000 2802.0527    9.5173
   -7.5000   -7.5000    0.0000 2752.4106    9.9063
    0.0000   -7.5000    0.0000 2772.1184    9.8552
    7.5000   -7.5000    0.0000 2718.1035   10.0276
   -7.5000    0.0000    0.0000 2628.2749   10.6570
    0.0000    0.0000    0.0000 2645.2483   10.6074
    7.5000    0.0000    0.0000 2603.4314   10.7775
   -7.5000    7.5000    0.0000 2488.3059   11.6889
    0.0000    7.5000    0.0000 2504.4795   11.6409
    7.5000    7.5000    0.0000 2468.6174   11.8377
   -7.5000   15.0000    0.0000 2351.3569   13.0478
    0.0000   15.0000    0.0000 2362.6355   12.9696
    7.5000   15.0000    0.0000 2323.1077   13.1889
   -7.5000   22.5000    0.0000 2196.3979   14.7295
    0.0000   22.5000    0.0000 2210.6113   14.6668
    7.5000   22.5000    0.0000 2174.3215   14.9246
   -7.5000   30.0000    0.0000 2029.1245   16.9543
    0.0000   30.0000    0.0000 2040.0613   16.9217
    7.5000   30.0000    0.0000 2014.1115   17.2250
   -7.5000   37.5000    0.0000 1836.7706   19.7047
    0.0000   37.5000    0.0000 1851.0808   19.6771
    7.5000   37.5000    0.0000 1822.1483   20.0700
   -7.5000  -52.5000    7.5000 2592.5874   10.0094
    0.0000  -52.5000    7.5000 2603.9907    9.9809
    7.5000  -52.5000    7.5000 2582.0903   10.1929
   -7.5000  -45.0000    7.5000 2735.6399    9.5419
    0.0000  -45.0000    7.5000 2751.9106    9.5092
    7.5000  -45.0000    7.5000 2720.9895    9.6726
   -7.5000  -37.5000    7.5000 2845.9614    9.3082
    0.0000  -37.5000    7.5000 2874.7490    9.2812
    7.5000  -37.5000    7.5000 2816.7241    9.3631
   -7.5000  -30.0000    7.5000 2929.7188    9.1362
    0.0000  -30.0000    7.5000 2963.2324    9.1200
    7.5000  -30.0000    7.5000 2876.5527    9.1724
   -7.5000  -22.5000    7.5000 2939.7759    9.0212
    0.0000  -22.5000    7.5000 2960.2871    9.0126
    7.5000  -22.5000    7.5000 2879.7263    9.1216
   -7.5000  -15.0000    7.5000 2877.4849    9.1651
    0.0000  -15.0000    7.5000 2896.9634    9.1412
    7.5000  -15.0000    7.5000 2837.7336    9.2958
   -7.5000   -7.5000    7.5000 2776.2000    9.6181
    0.0000   -7.5000    7.5000 2803.1118    9.5692
    7.5000   -7.5000    7.5000 2751.9512    9.7424
   -7.5000    0.0000    7.5000 2644.7876   10.3699
    0.0000    0.0000    7.5000 2669.4583   10.3227
    7.5000    0.0000    7.5000 2622.9004   10.5008
   -7.5000    7.5000    7.5000 2508.5488   11.4470
    0.0000    7.5000    7.5000 2524.2285   11.4070
    7.5000    7.5000    7.5000 2485.8130   11.5998
   -7.5000   15.0000    7.5000 2364.6106   12.7765
    0.0000   15.0000    7.5000 2376.5696   12.7470
    7.5000   15.0000    7.5000 2340.2581   12.9289
   -7.5000   22.5000    7.5000 2208.4595   14.4647
    0.0000   22.5000    7.5000 2220.4651   14.4272
    7.5000   22.5000    7.5000 2189.3289   14.6550
   -7.5000   30.0000    7.5000 2038.9365   16.5891
    0.0000   30.0000    7.5000 2052.3145   16.5489
    7.5000   30.0000    7.5000 2024.3136   16.8333
   -7.5000   37.5000    7.5000 1841.7805   19.2049
    0.0000   37.5000    7.5000 1852.4221   19.2318
    7.5000   37.5000    7.5000 1829.1394   19.5964
   -7.5000  -52.5000   15.0000 2591.3716   10.0514
    0.0000  -52.5000   15.0000 2601.2842   10.0179
    7.5000  -52.5000   15.0000 2577.2512   10.2132
   -7.5000  -45.0000   15.0000 2738.5830    9.5555
    0.0000  -45.0000   15.0000 2757.8333    9.5248
    7.5000  -45.0000   15.0000 2719.5649    9.7011
   -7.5000  -37.5000   15.0000 2861.8801    9.3017
    0.0000  -37.5000   15.0000 2887.3389    9.2995
    7.5000  -37.5000   15.0000 2820.0178    9.3841
   -7.5000  -30.0000   15.0000 2948.0525    9.1812
    0.0000  -30.0000   15.0000 2981.1040    9.1788
    7.5000  -30.0000   15.0000 2879.6404    9.2056
   -7.5000  -22.5000   15.0000 2949.7795    9.1082
    0.0000  -22.5000   15.0000 2969.8091    9.0982
    7.5000  -22.5000   15.0000 2887.0525    9.1555
   -7.5000  -15.0000   15.0000 2878.7085    9.1940
    0.0000  -15.0000   15.0000 2898.8254    9.1490
    7.5000  -15.0000   15.0000 2838.9692    9.2953
   -7.5000   -7.5000   15.0000 2770.9712    9.5785
    0.0000   -7.5000   15.0000 2794.0364    9.5432
    7.5000   -7.5000   15.0000 2747.5730    9.7251
   -7.5000    0.0000   15.0000 2642.5083   10.3049
    0.0000    0.0000   15.0000 2664.3408   10.2650
    7.5000    0.0000   15.0000 2625.1921   10.4491
   -7.5000    7.5000   15.0000 2506.0154   11.3490
    0.0000    7.5000   15.0000 2522.5642   11.3048
    7.5000    7.5000   15.0000 2487.7700   11.4970
   -7.5000   15.0000   15.0000 2357.1592   12.6663
    0.0000   15.0000   15.0000 2367.5740   12.6373
    7.5000   15.0000   15.0000 2339.5049   12.8380
   -7.5000   22.5000   15.0000 2207.3455   14.3688
    0.0000   22.5000   15.0000 2218.7510   14.3102
    7.5000   22.5000   15.0000 2187.9954   14.5531
   -7.5000   30.0000   15.0000 2034.6403   16.4353
    0.0000   30.0000   15.0000 2048.5435   16.4060
    7.5000   30.0000   15.0000 2016.7720   16.6875
   -7.5000   37.5000   15.0000 1840.4758   18.9849
    0.0000   37.5000   15.0000 1846.8693   19.0337
    7.5000   37.5000   15.0000 1825.6420   19.3618
   -7.5000  -52.5000   22.5000 2577.9250   10.2593
    0.0000  -52.5000   22.5000 2592.9485   10.2250
    7.5000  -52.5000   22.5000 2564.2642   10.4320
   -7.5000  -45.0000   22.5000 2722.8535    9.7475
    0.0000  -45.0000   22.5000 2745.0232    9.7147
    7.5000  -45.0000   22.5000 2706.6335    9.9193
   -7.5000  -37.5000   22.5000 2832.2551    9.4277
    0.0000  -37.5000   22.5000 2860.2402    9.4032
    7.5000  -37.5000   22.5000 2799.9507    9.5491
   -7.5000  -30.0000   22.5000 2905.5891    9.2075
    0.0000  -30.0000   22.5000 2936.6431    9.1756
    7.5000  -30.0000   22.5000 2856.6855    9.3375
   -7.5000  -22.5000   22.5000 2909.6404    9.1687
    0.0000  -22.5000   22.5000 2929.6240    9.1079
    7.5000  -22.5000   22.5000 2865.2529    9.2987
   -7.5000  -15.0000   22.5000 2843.8650    9.3869
    0.0000  -15.0000   22.5000 2865.3403    9.3194
    7.5000  -15.0000   22.5000 2812.7251    9.4957
   -7.5000   -7.5000   22.5000 2736.2695    9.8170
    0.0000   -7.5000   22.5000 2760.6604    9.7567
    7.5000   -7.5000   22.5000 2721.5732    9.9397
   -7.5000    0.0000   22.5000 2614.7976   10.4970
    0.0000    0.0000   22.5000 2634.7563   10.4494
    7.5000    0.0000   22.5000 2604.1589   10.6489
   -7.5000    7.5000   22.5000 2485.6565   11.4829
    0.0000    7.5000   22.5000 2494.9207   11.4325
    7.5000    7.5000   22.5000 2466.7168   11.6344
   -7.5000   15.0000   22.5000 2336.9885   12.7633
    0.0000   15.0000   22.5000 2348.6074   12.7182
    7.5000   15.0000   22.5000 2321.4434   12.9079
   -7.5000   22.5000   22.5000 2182.3860   14.4209
    0.0000   22.5000   22.5000 2195.2942   14.3650
    7.5000   22.5000   22.5000 2168.0801   14.5804
   -7.5000   30.0000   22.5000 2004.7832   16.4797
    0.0000   30.0000   22.5000 2025.5381   16.4269
    7.5000   30.0000   22.5000 1999.1738   16.7141
   -7.5000   37.5000   22.5000 1824.5140   19.0186
    0.0000   37.5000   22.5000 1832.5643   19.0001
    7.5000   37.5000   22.5000 1812.8624   19.3866
   -7.5000  -52.5000   30.0000 2552.3613   10.6369
    0.0000  -52.5000   30.0000 2574.0339   10.5707
    7.5000  -52.5000   30.0000 2539.8965   10.8131
   -7.5000  -45.0000   30.0000 2689.3982   10.1306
    0.0000  -45.0000   30.0000 2714.3779   10.0818
    7.5000  -45.0000   30.0000 2673.5039   10.2912
   -7.5000  -37.5000   30.0000 2778.0610    9.7434
    0.0000  -37.5000   30.0000 2807.2605    9.7053
    7.5000  -37.5000   30.0000 2756.1194    9.9052
   -7.5000  -30.0000   30.0000 2832.1179    9.4979
    0.0000  -30.0000   30.0000 2860.8713    9.4187
    7.5000  -30.0000   30.0000 2802.6943    9.6584
   -7.5000  -22.5000   30.0000 2839.4390    9.4778
    0.0000  -22.5000   30.0000 2857.5928    9.4228
    7.5000  -22.5000   30.0000 2808.8923    9.6196
   -7.5000  -15.0000   30.0000 2780.6243    9.7242
    0.0000  -15.0000   30.0000 2801.4617    9.6692
    7.5000  -15.0000   30.0000 2761.3572    9.8536
   -7.5000   -7.5000   30.0000 2684.3901   10.1784
    0.0000   -7.5000   30.0000 2709.0127   10.1177
    7.5000   -7.5000   30.0000 2673.1509   10.3008
   -7.5000    0.0000   30.0000 2572.2493   10.8583
    0.0000    0.0000   30.0000 2591.5186   10.8059
    7.5000    0.0000   30.0000 2560.9365   10.9915
   -7.5000    7.5000   30.0000 2443.4600   11.7980
    0.0000    7.5000   30.0000 2457.8340   11.7518
    7.5000    7.5000   30.0000 2432.7405   11.9410
   -7.5000   15.0000   30.0000 2299.8811   13.0119
    0.0000   15.0000   30.0000 2316.6887   12.9785
    7.5000   15.0000   30.0000 2293.2725   13.1816
   -7.5000   22.5000   30.0000 2143.6003   14.6425
    0.0000   22.5000   30.0000 2157.2356   14.5983
    7.5000   22.5000   30.0000 2132.1196   14.7889
   -7.5000   30.0000   30.0000 1973.1075   16.7360
    0.0000   30.0000   30.0000 1988.4420   16.6677
    7.5000   30.0000   30.0000 1967.4385   16.9095
   -7.5000   37.5000   30.0000 1798.4900   19.3235
    0.0000   37.5000   30.0000 1806.7489   19.2565
    7.5000   37.5000   30.0000 1795.6487   19.5639
   -7.5000  -52.5000   37.5000 2520.5142   11.1559
    0.0000  -52.5000   37.5000 2540.2158   11.0913
    7.5000  -52.5000   37.5000 2504.3677   11.3620
   -7.5000  -45.0000   37.5000 2644.1755   10.6328
    0.0000  -45.0000   37.5000 2666.7791   10.5859
    7.5000  -45.0000   37.5000 2625.6514   10.8062
   -7.5000  -37.5000   37.5000 2717.6541   10.2348
    0.0000  -37.5000   37.5000 2742.7283   10.1614
    7.5000  -37.5000   37.5000 2696.4365   10.3961
   -7.5000  -30.0000   37.5000 2757.5879    9.9737
    0.0000  -30.0000   37.5000 2778.9119    9.9067
    7.5000  -30.0000   37.5000 2731.7947   10.1356
   -7.5000  -22.5000   37.5000 2749.8562    9.9640
    0.0000  -22.5000   37.5000 2768.2896    9.9086
    7.5000  -22.5000   37.5000 2728.7468   10.1122
   -7.5000  -15.0000   37.5000 2697.1914   10.1990
    0.0000  -15.0000   37.5000 2718.9792   10.1312
    7.5000  -15.0000   37.5000 2682.0127   10.3274
   -7.5000   -7.5000   37.5000 2616.6772   10.6528
    0.0000   -7.5000   37.5000 2632.4277   10.5894
    7.5000   -7.5000   37.5000 2603.9614   10.7880
   -7.5000    0.0000   37.5000 2511.2490   11.3151
    0.0000    0.0000   37.5000 2527.4844   11.2547
    7.5000    0.0000   37.5000 2500.7212   11.4679
   -7.5000    7.5000   37.5000 2390.9480   12.2561
    0.0000    7.5000   37.5000 2407.5784   12.2084
    7.5000    7.5000   37.5000 2381.1477   12.3996
   -7.5000   15.0000   37.5000 2250.1958   13.4740
    0.0000   15.0000   37.5000 2268.3875   13.4213
    7.5000   15.0000   37.5000 2244.3804   13.5894
   -7.5000   22.5000   37.5000 2091.0369   15.0638
    0.0000   22.5000   37.5000 2108.3735   15.0253
    7.5000   22.5000   37.5000 2087.5364   15.1979
   -7.5000   30.0000   37.5000 1929.2300   17.1126
    0.0000   30.0000   37.5000 1940.7889   17.0768
    7.5000   30.0000   37.5000 1927.0930   17.3476
   -7.5000   37.5000   37.5000 1762.2166   19.6867
    0.0000   37.5000   37.5000 1772.7125   19.6677
    7.5000   37.5000   37.5000 1756.7764   19.9744
   -7.5000  -52.5000   45.0000 2448.5090   11.7521
    0.0000  -52.5000   45.0000 2466.8557   11.7138
    7.5000  -52.5000   45.0000 2428.3804   11.9375
   -7.5000  -45.0000   45.0000 2559.4907   11.2012
    0.0000  -45.0000   45.0000 2585.0066   11.1463
    7.5000  -45.0000   45.0000 2541.9961   11.4195
   -7.5000  -37.5000   45.0000 2619.8818   10.8107
    0.0000  -37.5000   45.0000 2645.5286   10.7294
    7.5000  -37.5000   45.0000 2601.3264   10.9783
   -7.5000  -30.0000   45.0000 2647.9929   10.5392
    0.0000  -30.0000   45.0000 2666.2070   10.4739
    7.5000  -30.0000   45.0000 2629.6316   10.7049
   -7.5000  -22.5000   45.0000 2625.7253   10.5423
    0.0000  -22.5000   45.0000 2647.2449   10.4805
    7.5000  -22.5000   45.0000 2616.1011   10.6811
   -7.5000  -15.0000   45.0000 2584.7285   10.7375
    0.0000  -15.0000   45.0000 2607.1707   10.6829
    7.5000  -15.0000   45.0000 2579.6729   10.8638
   -7.5000   -7.5000   45.0000 2513.3164   11.1736
    0.0000   -7.5000   45.0000 2525.4302   11.1170
    7.5000   -7.5000   45.0000 2502.4565   11.3150
   -7.5000    0.0000   45.0000 2421.1606   11.8232
    0.0000    0.0000   45.0000 2429.7864   11.7716
    7.5000    0.0000   45.0000 2409.7322   11.9709
   -7.5000    7.5000   45.0000 2308.0371   12.7663
    0.0000    7.5000   45.0000 2320.4915   12.7192
    7.5000    7.5000   45.0000 2297.1145   12.8908
   -7.5000   15.0000   45.0000 2173.7856   13.9838
    0.0000   15.0000   45.0000 2190.4902   13.9525
    7.5000   15.0000   45.0000 2162.4128   14.1224
   -7.5000   22.5000   45.0000 2014.0999   15.5442
    0.0000   22.5000   45.0000 2031.1167   15.5349
    7.5000   22.5000   45.0000 2008.2362   15.7611
   -7.5000   30.0000   45.0000 1862.4056   17.6570
    0.0000   30.0000   45.0000 1872.6259   17.5901
    7.5000   30.0000   45.0000 1859.8783   17.9026
   -7.5000   37.5000   45.0000 1700.8098   20.2692
    0.0000   37.5000   45.0000 1707.9508   20.2008
    7.5000   37.5000   45.0000 1698.0266   20.5542

---------------------------------------------------------------------
imgreg_4dfp /opt/freesurfer/average/711-2C_as_mni_average_305 /opt/freesurfer/average/711-2B_as_mni_average_305_mask talsrcimg_g11 none talsrcimg_to_711-2C_as_mni_average_305_t4 1283
---------------------------------------------------------------------

freesurfer imgreg_4dfp.c
/opt/freesurfer/average/711-2C_as_mni_average_305.4dfp.img
       256       256       256         1
  1.000000  1.000000  1.000000
orientation T byte_order littleendian
Reading image: /opt/freesurfer/average/711-2C_as_mni_average_305.4dfp.img
dimensions:      256       256       256
mmppix:       1.0000   -1.0000   -1.0000
center:     128.0000 -129.0000 -129.0000
/opt/freesurfer/average/711-2B_as_mni_average_305_mask.4dfp.img
       256       256       256         1
  1.000000  1.000000  1.000000
orientation T byte_order littleendian
Reading mask: /opt/freesurfer/average/711-2B_as_mni_average_305_mask.4dfp.img (2306576 pixels)
talsrcimg_g11.4dfp.img
       256       256       256         1
  0.898437  0.898437  0.898437
orientation T byte_order littleendian
Reading image: talsrcimg_g11.4dfp.img
dimensions:      256       256       256
mmppix:       0.8984   -0.8984   -0.8984
center:     114.9999 -115.8984 -115.8984
rotation matrix determinant  1.000000
fimgreg.f
image alignment mode   1283 decimal      503 hex
parameters
    0.0000  -30.0000   15.0000    0.0000    0.0000    0.0000
eta,q 0.93822  9.13478
niter,ni,del,rscale     5    3   12.0000    1.2000
parameters
   -2.5380  -27.0894   12.7293   -0.5101   -0.8923   -2.9762
eta,q 0.94803  9.09429
  0.0631  0.0883  0.0568  0.0598  0.0598  0.0542
  0.0587  0.0750  0.0546  0.0549  0.0567  0.0522
  0.0582  0.0634  0.0542  0.0535  0.0542  0.0522
  0.0614  0.0579  0.0551  0.0542  0.0538  0.0536
  0.0658  0.0555  0.0575  0.0563  0.0562  0.0565
  0.0725  0.0552  0.0615  0.0580  0.0599  0.0601
  0.0823  0.0579  0.0667  0.0597  0.0646  0.0635
niter,ni,del,rscale     4    3   12.0000    1.2000
parameters
   -2.1404  -26.8561   12.5618   -0.6888   -0.8951   -2.6510
eta,q 0.94809  9.08330
  0.0744  0.0686  0.0605  0.0597  0.0618  0.0598
  0.0631  0.0595  0.0561  0.0552  0.0569  0.0560
  0.0549  0.0540  0.0530  0.0522  0.0531  0.0529
  0.0520  0.0520  0.0520  0.0520  0.0519  0.0519
  0.0539  0.0538  0.0536  0.0544  0.0534  0.0527
  0.0600  0.0587  0.0569  0.0568  0.0570  0.0547
  0.0688  0.0656  0.0613  0.0593  0.0616  0.0583
niter,ni,del,rscale     3    3   12.0000    1.2000
parameters
   -2.1127  -26.8087   12.5073   -0.7647   -0.9602   -2.6170
eta,q 0.94811  9.08285
  0.0720  0.0676  0.0607  0.0601  0.0614  0.0591
  0.0610  0.0585  0.0563  0.0553  0.0567  0.0553
  0.0538  0.0534  0.0530  0.0523  0.0531  0.0526
  0.0519  0.0519  0.0519  0.0519  0.0519  0.0519
  0.0548  0.0541  0.0533  0.0543  0.0534  0.0529
  0.0616  0.0593  0.0566  0.0567  0.0571  0.0552
  0.0708  0.0661  0.0609  0.0591  0.0617  0.0589
niter,ni,del,rscale     2    3   12.0000    1.2000
parameters
   -2.1028  -26.7874   12.4869   -0.7888   -0.9796   -2.6127
eta,q 0.94812  9.08269
  0.0719  0.0674  0.0608  0.0603  0.0615  0.0591
  0.0609  0.0583  0.0563  0.0554  0.0568  0.0553
  0.0537  0.0533  0.0531  0.0523  0.0532  0.0525
  0.0519  0.0519  0.0519  0.0519  0.0519  0.0519
  0.0548  0.0541  0.0532  0.0541  0.0533  0.0529
  0.0617  0.0593  0.0565  0.0566  0.0569  0.0553
  0.0708  0.0661  0.0608  0.0590  0.0616  0.0589
registration optimization eta report
parameter search radius
    6.0000    6.0000    6.0000    6.0000    6.0000    6.0000
100000*second partial in parameter space
       54.       41.       24.       21.       26.       20.
  0.0719  0.0674  0.0608  0.0603  0.0615  0.0591
  0.0609  0.0583  0.0563  0.0554  0.0568  0.0553
  0.0537  0.0533  0.0531  0.0523  0.0532  0.0525
  0.0519  0.0519  0.0519  0.0519  0.0519  0.0519
  0.0548  0.0541  0.0532  0.0541  0.0533  0.0529
  0.0617  0.0593  0.0565  0.0566  0.0569  0.0553
  0.0708  0.0661  0.0608  0.0590  0.0616  0.0589
   -2.1028  -26.7874   12.4869   -0.7888   -0.9796   -2.6127
eta,q 0.94812  9.08269

---------------------------------------------------------------------
imgreg_4dfp /opt/freesurfer/average/711-2C_as_mni_average_305 /opt/freesurfer/average/711-2B_as_mni_average_305_mask talsrcimg_g11 none talsrcimg_to_711-2C_as_mni_average_305_t4 3335
---------------------------------------------------------------------

freesurfer imgreg_4dfp.c
/opt/freesurfer/average/711-2C_as_mni_average_305.4dfp.img
       256       256       256         1
  1.000000  1.000000  1.000000
orientation T byte_order littleendian
Reading image: /opt/freesurfer/average/711-2C_as_mni_average_305.4dfp.img
dimensions:      256       256       256
mmppix:       1.0000   -1.0000   -1.0000
center:     128.0000 -129.0000 -129.0000
/opt/freesurfer/average/711-2B_as_mni_average_305_mask.4dfp.img
       256       256       256         1
  1.000000  1.000000  1.000000
orientation T byte_order littleendian
Reading mask: /opt/freesurfer/average/711-2B_as_mni_average_305_mask.4dfp.img (2306576 pixels)
talsrcimg_g11.4dfp.img
       256       256       256         1
  0.898437  0.898437  0.898437
orientation T byte_order littleendian
Reading image: talsrcimg_g11.4dfp.img
dimensions:      256       256       256
mmppix:       0.8984   -0.8984   -0.8984
center:     114.9999 -115.8984 -115.8984
fimgreg.f
image alignment mode   3335 decimal      D07 hex
parameters
   -2.1028  -26.7874   12.4869   -0.1185   -0.1123   -0.0241
    4.5345    1.7704   -4.5578    1.2973   -1.7096   -1.3764
eta,q 0.94648  9.13268
niter,ni,del,rscale     5    3    5.0000    1.2000
parameter  4  0.899828 ->  0.500000 qaram    1.1500
parameter  5  2.877553 ->  0.500000 qaram    1.1500
parameter  6  1.166906 ->  0.500000 qaram    1.1500
parameter 12  0.558810 ->  0.500000 qaram    1.1500
parameters
   -2.1460  -26.7385   12.9843   -4.2585   -4.2523   -4.1641
    4.3372    1.6416   -2.1426   -0.4099   -1.7014   -5.5164
eta,q 0.95624  8.44737
  0.0568  0.0558  0.0556  0.0512  0.0435  0.0439  0.0466  0.0485  0.0479  0.0461  0.0450  0.0440
  0.0549  0.0546  0.0546  0.0517  0.0458  0.0443  0.0455  0.0464  0.0464  0.0448  0.0445  0.0438
  0.0538  0.0538  0.0539  0.0523  0.0486  0.0454  0.0448  0.0450  0.0453  0.0442  0.0442  0.0438
  0.0535  0.0535  0.0535  0.0535  0.0518  0.0465  0.0445  0.0445  0.0445  0.0442  0.0441  0.0441
  0.0539  0.0537  0.0535  0.0552  0.0554  0.0478  0.0448  0.0450  0.0442  0.0452  0.0442  0.0446
  0.0551  0.0544  0.0538  0.0576  0.0593  0.0495  0.0456  0.0465  0.0445  0.0469  0.0445  0.0453
  0.0570  0.0557  0.0544  0.0610  0.0636  0.0525  0.0469  0.0489  0.0453  0.0492  0.0450  0.0461
niter,ni,del,rscale     7    3    5.0000    1.2000
parameter  5  1.668636 ->  0.500000 qaram    1.3225
parameters
   -2.0317  -27.1961   12.8716   -8.3148   -9.0133   -6.9881
    3.1961    2.0132   -2.9628    0.1181   -1.3964   -3.3221
eta,q 0.96219  7.84149
  0.0476  0.0454  0.0452  0.0436  0.0366  0.0397  0.0398  0.0428  0.0397  0.0419  0.0391  0.0404
  0.0456  0.0441  0.0443  0.0429  0.0380  0.0386  0.0387  0.0404  0.0386  0.0399  0.0385  0.0392
  0.0443  0.0436  0.0437  0.0430  0.0402  0.0380  0.0381  0.0388  0.0380  0.0385  0.0381  0.0383
  0.0438  0.0437  0.0436  0.0436  0.0429  0.0385  0.0380  0.0380  0.0379  0.0379  0.0379  0.0379
  0.0440  0.0445  0.0439  0.0447  0.0462  0.0400  0.0387  0.0382  0.0384  0.0382  0.0379  0.0378
  0.0451  0.0456  0.0445  0.0465  0.0503  0.0415  0.0398  0.0397  0.0393  0.0392  0.0383  0.0381
  0.0469  0.0471  0.0456  0.0490  0.0546  0.0431  0.0414  0.0421  0.0406  0.0409  0.0389  0.0386
niter,ni,del,rscale     7    3    5.0000    1.2000
parameter  5  0.876864 ->  0.500000 qaram    1.5209
parameters
   -2.1428  -27.2538   12.6233   -8.4797  -14.4885   -7.1446
    3.0948    2.0871   -3.7271    0.3123   -0.8357   -2.6822
eta,q 0.96477  7.52983
  0.0410  0.0403  0.0391  0.0407  0.0348  0.0387  0.0377  0.0398  0.0368  0.0389  0.0365  0.0369
  0.0391  0.0389  0.0383  0.0390  0.0351  0.0371  0.0364  0.0375  0.0358  0.0368  0.0358  0.0359
  0.0381  0.0380  0.0378  0.0379  0.0359  0.0358  0.0356  0.0359  0.0353  0.0356  0.0354  0.0353
  0.0378  0.0378  0.0378  0.0378  0.0378  0.0353  0.0353  0.0353  0.0353  0.0352  0.0352  0.0352
  0.0383  0.0382  0.0381  0.0383  0.0406  0.0357  0.0356  0.0357  0.0357  0.0356  0.0353  0.0354
  0.0396  0.0391  0.0388  0.0393  0.0441  0.0373  0.0365  0.0373  0.0365  0.0367  0.0356  0.0358
  0.0416  0.0405  0.0397  0.0407  0.0486  0.0390  0.0379  0.0397  0.0376  0.0384  0.0362  0.0363
niter,ni,del,rscale     7    3    5.0000    1.2000
parameters
   -2.1155  -27.0475   12.5536   -8.7351  -17.9188   -7.0350
    3.0832    2.1599   -3.9340    0.9661   -1.0069   -2.3966
eta,q 0.96530  7.35179
  0.0387  0.0379  0.0366  0.0382  0.0369  0.0382  0.0371  0.0390  0.0365  0.0386  0.0357  0.0359
  0.0368  0.0364  0.0358  0.0365  0.0354  0.0366  0.0359  0.0368  0.0355  0.0365  0.0351  0.0352
  0.0356  0.0355  0.0353  0.0354  0.0347  0.0354  0.0350  0.0353  0.0349  0.0352  0.0348  0.0347
  0.0352  0.0352  0.0352  0.0352  0.0352  0.0347  0.0347  0.0347  0.0347  0.0347  0.0347  0.0347
  0.0356  0.0354  0.0354  0.0358  0.0366  0.0349  0.0350  0.0351  0.0350  0.0350  0.0348  0.0348
  0.0367  0.0360  0.0360  0.0369  0.0393  0.0364  0.0358  0.0366  0.0357  0.0359  0.0352  0.0352
  0.0385  0.0370  0.0368  0.0384  0.0431  0.0382  0.0371  0.0390  0.0367  0.0373  0.0358  0.0357
niter,ni,del,rscale     6    3    5.0000    1.2000
parameters
   -2.1167  -26.6990   12.2934   -9.1476  -18.6245   -7.2345
    3.1215    2.2101   -3.8632    1.6447   -1.2703   -2.5300
eta,q 0.96536  7.29277
  0.0380  0.0375  0.0357  0.0376  0.0384  0.0378  0.0370  0.0389  0.0365  0.0383  0.0356  0.0357
  0.0361  0.0360  0.0350  0.0359  0.0364  0.0364  0.0358  0.0367  0.0355  0.0364  0.0350  0.0350
  0.0350  0.0351  0.0347  0.0349  0.0351  0.0352  0.0350  0.0352  0.0349  0.0351  0.0347  0.0346
  0.0347  0.0347  0.0347  0.0347  0.0346  0.0346  0.0347  0.0346  0.0346  0.0346  0.0346  0.0346
  0.0351  0.0348  0.0350  0.0353  0.0353  0.0350  0.0349  0.0351  0.0349  0.0349  0.0348  0.0348
  0.0362  0.0353  0.0355  0.0365  0.0369  0.0365  0.0357  0.0365  0.0355  0.0357  0.0351  0.0351
  0.0380  0.0361  0.0362  0.0380  0.0397  0.0383  0.0370  0.0388  0.0365  0.0370  0.0357  0.0356
niter,ni,del,rscale     5    3    5.0000    1.2000
parameters
   -2.1187  -26.3695   12.0540   -9.3670  -19.1130   -7.4846
    3.1152    2.2514   -3.7262    2.4092   -1.5459   -2.6839
eta,q 0.96541  7.25302
  0.0379  0.0372  0.0356  0.0378  0.0384  0.0377  0.0369  0.0388  0.0365  0.0381  0.0355  0.0356
  0.0361  0.0358  0.0350  0.0360  0.0365  0.0363  0.0358  0.0366  0.0355  0.0363  0.0350  0.0349
  0.0350  0.0350  0.0347  0.0349  0.0351  0.0352  0.0350  0.0352  0.0348  0.0351  0.0347  0.0346
  0.0346  0.0346  0.0346  0.0346  0.0346  0.0346  0.0346  0.0346  0.0346  0.0346  0.0346  0.0346
  0.0350  0.0347  0.0349  0.0352  0.0352  0.0350  0.0349  0.0351  0.0348  0.0348  0.0347  0.0348
  0.0361  0.0352  0.0354  0.0364  0.0367  0.0364  0.0357  0.0365  0.0354  0.0355  0.0351  0.0350
  0.0378  0.0360  0.0361  0.0379  0.0394  0.0383  0.0370  0.0387  0.0363  0.0368  0.0357  0.0356
niter,ni,del,rscale     4    3    5.0000    1.2000
parameters
   -2.1125  -26.0197   11.8035   -9.5531  -19.6583   -7.7885
    3.0880    2.2928   -3.5928    3.2806   -1.8487   -2.8116
eta,q 0.96547  7.21211
  0.0378  0.0371  0.0356  0.0378  0.0383  0.0375  0.0369  0.0387  0.0364  0.0380  0.0354  0.0355
  0.0360  0.0358  0.0349  0.0360  0.0364  0.0361  0.0357  0.0365  0.0354  0.0363  0.0349  0.0349
  0.0349  0.0349  0.0346  0.0349  0.0350  0.0351  0.0349  0.0351  0.0348  0.0351  0.0346  0.0346
  0.0346  0.0346  0.0346  0.0346  0.0346  0.0346  0.0346  0.0346  0.0346  0.0346  0.0345  0.0345
  0.0350  0.0347  0.0348  0.0352  0.0352  0.0349  0.0349  0.0350  0.0348  0.0347  0.0347  0.0347
  0.0360  0.0351  0.0353  0.0364  0.0367  0.0363  0.0357  0.0364  0.0353  0.0354  0.0350  0.0350
  0.0377  0.0359  0.0360  0.0379  0.0393  0.0382  0.0369  0.0386  0.0363  0.0367  0.0356  0.0355
niter,ni,del,rscale     3    3    5.0000    1.2000
parameters
   -2.1016  -25.6304   11.5235   -9.7187  -20.2663   -8.1503
    3.0579    2.3310   -3.5110    4.2425   -2.1401   -2.8945
eta,q 0.96555  7.16936
  0.0377  0.0370  0.0354  0.0378  0.0381  0.0373  0.0368  0.0385  0.0364  0.0379  0.0353  0.0353
  0.0359  0.0357  0.0348  0.0360  0.0363  0.0360  0.0356  0.0364  0.0354  0.0363  0.0348  0.0348
  0.0349  0.0349  0.0345  0.0348  0.0349  0.0350  0.0348  0.0350  0.0347  0.0351  0.0345  0.0345
  0.0345  0.0345  0.0345  0.0345  0.0345  0.0345  0.0345  0.0345  0.0345  0.0345  0.0345  0.0345
  0.0349  0.0346  0.0347  0.0351  0.0351  0.0348  0.0348  0.0349  0.0347  0.0346  0.0346  0.0346
  0.0359  0.0350  0.0352  0.0363  0.0367  0.0362  0.0356  0.0363  0.0353  0.0352  0.0349  0.0349
  0.0376  0.0357  0.0359  0.0379  0.0393  0.0380  0.0368  0.0385  0.0363  0.0365  0.0355  0.0354
niter,ni,del,rscale     2    3    5.0000    1.2000
parameters
   -2.0838  -25.2249   11.2304   -9.8343  -20.8686   -8.5357
    3.0284    2.3583   -3.5231    5.1708   -2.3229   -3.0084
eta,q 0.96563  7.13045
  0.0376  0.0370  0.0353  0.0378  0.0381  0.0370  0.0366  0.0384  0.0363  0.0379  0.0353  0.0352
  0.0359  0.0357  0.0347  0.0360  0.0363  0.0358  0.0355  0.0363  0.0353  0.0362  0.0348  0.0348
  0.0348  0.0348  0.0344  0.0348  0.0349  0.0349  0.0347  0.0349  0.0347  0.0350  0.0345  0.0345
  0.0345  0.0345  0.0344  0.0344  0.0344  0.0344  0.0344  0.0344  0.0344  0.0344  0.0344  0.0344
  0.0348  0.0345  0.0347  0.0349  0.0350  0.0347  0.0347  0.0348  0.0347  0.0345  0.0345  0.0345
  0.0358  0.0349  0.0351  0.0362  0.0366  0.0361  0.0355  0.0362  0.0353  0.0352  0.0348  0.0348
  0.0375  0.0356  0.0358  0.0379  0.0392  0.0378  0.0367  0.0384  0.0363  0.0365  0.0354  0.0353
niter,ni,del,rscale     1    3    5.0000    1.2000
parameters
   -2.0660  -24.8617   10.9776   -9.8803  -21.3683   -8.8695
    3.0139    2.3685   -3.5932    5.9530   -2.4492   -3.1387
eta,q 0.96567  7.10151
  0.0375  0.0368  0.0352  0.0378  0.0381  0.0369  0.0366  0.0383  0.0362  0.0377  0.0352  0.0352
  0.0358  0.0355  0.0347  0.0360  0.0363  0.0357  0.0354  0.0362  0.0352  0.0361  0.0347  0.0347
  0.0347  0.0347  0.0344  0.0348  0.0349  0.0348  0.0347  0.0349  0.0346  0.0349  0.0344  0.0344
  0.0344  0.0344  0.0344  0.0343  0.0343  0.0343  0.0344  0.0344  0.0344  0.0344  0.0343  0.0343
  0.0347  0.0344  0.0346  0.0349  0.0349  0.0346  0.0346  0.0348  0.0346  0.0344  0.0344  0.0344
  0.0357  0.0349  0.0350  0.0361  0.0365  0.0359  0.0354  0.0362  0.0353  0.0352  0.0348  0.0348
  0.0374  0.0356  0.0356  0.0378  0.0391  0.0376  0.0366  0.0383  0.0363  0.0366  0.0353  0.0353
registration optimization eta report
parameter search radius
    2.4000    2.4000    2.4000    8.2800   10.9503    8.2800
    7.2000    7.2000    7.2000    7.2000    7.2000    8.2800
100000*second partial in parameter space
       53.       32.       19.        5.        4.        4.
        4.        8.        4.        5.        2.        1.
  0.0375  0.0368  0.0352  0.0378  0.0381  0.0369  0.0366  0.0383  0.0362  0.0377  0.0352  0.0352
  0.0358  0.0355  0.0347  0.0360  0.0363  0.0357  0.0354  0.0362  0.0352  0.0361  0.0347  0.0347
  0.0347  0.0347  0.0344  0.0348  0.0349  0.0348  0.0347  0.0349  0.0346  0.0349  0.0344  0.0344
  0.0344  0.0344  0.0344  0.0343  0.0343  0.0343  0.0344  0.0344  0.0344  0.0344  0.0343  0.0343
  0.0347  0.0344  0.0346  0.0349  0.0349  0.0346  0.0346  0.0348  0.0346  0.0344  0.0344  0.0344
  0.0357  0.0349  0.0350  0.0361  0.0365  0.0359  0.0354  0.0362  0.0353  0.0352  0.0348  0.0348
  0.0374  0.0356  0.0356  0.0378  0.0391  0.0376  0.0366  0.0383  0.0363  0.0366  0.0353  0.0353
   -2.0660  -24.8617   10.9776   -9.8803  -21.3683   -8.8695
    3.0139    2.3685   -3.5932    5.9530   -2.4492   -3.1387
eta,q 0.96567  7.10151

---------------------------------------------------------------------
imgreg_4dfp /opt/freesurfer/average/711-2C_as_mni_average_305 /opt/freesurfer/average/711-2B_as_mni_average_305_mask talsrcimg_g11 none talsrcimg_to_711-2C_as_mni_average_305_t4 2311
---------------------------------------------------------------------

freesurfer imgreg_4dfp.c
/opt/freesurfer/average/711-2C_as_mni_average_305.4dfp.img
       256       256       256         1
  1.000000  1.000000  1.000000
orientation T byte_order littleendian
Reading image: /opt/freesurfer/average/711-2C_as_mni_average_305.4dfp.img
dimensions:      256       256       256
mmppix:       1.0000   -1.0000   -1.0000
center:     128.0000 -129.0000 -129.0000
/opt/freesurfer/average/711-2B_as_mni_average_305_mask.4dfp.img
       256       256       256         1
  1.000000  1.000000  1.000000
orientation T byte_order littleendian
Reading mask: /opt/freesurfer/average/711-2B_as_mni_average_305_mask.4dfp.img (2306576 pixels)
talsrcimg_g11.4dfp.img
       256       256       256         1
  0.898437  0.898437  0.898437
orientation T byte_order littleendian
Reading image: talsrcimg_g11.4dfp.img
dimensions:      256       256       256
mmppix:       0.8984   -0.8984   -0.8984
center:     114.9999 -115.8984 -115.8984
fimgreg.f
image alignment mode   2311 decimal      907 hex
parameters
   -2.0660  -24.8617   10.9776   -9.8803  -21.3683   -8.8695
    3.0139    2.3685   -3.5932    5.9530   -2.4492   -3.1387
eta,q 0.96567  7.10150
niter,ni,del,rscale     5    3    5.0000    0.8000
parameters
   -2.0605  -24.6323   10.7701   -9.9182  -21.2485   -8.7214
    3.1012    2.4038   -3.6980    6.2679   -2.3704   -3.3531
eta,q 0.96572  7.10807
  0.0357  0.0354  0.0347  0.0357  0.0353  0.0354  0.0354  0.0362  0.0352  0.0358  0.0348  0.0346
  0.0349  0.0348  0.0344  0.0349  0.0348  0.0349  0.0348  0.0352  0.0347  0.0350  0.0345  0.0344
  0.0345  0.0345  0.0343  0.0345  0.0344  0.0345  0.0344  0.0345  0.0344  0.0345  0.0343  0.0343
  0.0343  0.0343  0.0343  0.0343  0.0343  0.0343  0.0343  0.0343  0.0343  0.0343  0.0343  0.0343
  0.0345  0.0343  0.0344  0.0345  0.0344  0.0343  0.0344  0.0345  0.0344  0.0344  0.0343  0.0343
  0.0349  0.0345  0.0346  0.0350  0.0347  0.0347  0.0347  0.0351  0.0347  0.0348  0.0345  0.0345
  0.0357  0.0349  0.0349  0.0357  0.0352  0.0354  0.0353  0.0361  0.0352  0.0354  0.0347  0.0347
niter,ni,del,rscale     4    3    5.0000    0.7000
parameters
   -2.0561  -24.5078   10.7722   -9.9580  -21.3407   -8.6233
    3.1331    2.4046   -3.7863    6.4835   -2.3617   -3.4750
eta,q 0.96573  7.10699
  0.0353  0.0350  0.0347  0.0353  0.0350  0.0352  0.0351  0.0357  0.0349  0.0354  0.0346  0.0345
  0.0347  0.0346  0.0345  0.0348  0.0346  0.0348  0.0347  0.0349  0.0346  0.0348  0.0344  0.0344
  0.0344  0.0344  0.0343  0.0344  0.0343  0.0345  0.0344  0.0344  0.0343  0.0344  0.0343  0.0343
  0.0343  0.0343  0.0343  0.0343  0.0343  0.0343  0.0343  0.0343  0.0343  0.0343  0.0343  0.0343
  0.0344  0.0343  0.0343  0.0344  0.0344  0.0343  0.0344  0.0344  0.0344  0.0343  0.0343  0.0343
  0.0347  0.0345  0.0345  0.0348  0.0346  0.0346  0.0346  0.0349  0.0346  0.0346  0.0344  0.0344
  0.0353  0.0348  0.0347  0.0354  0.0351  0.0352  0.0351  0.0357  0.0350  0.0352  0.0346  0.0346
niter,ni,del,rscale     3    3    5.0000    0.6000
parameters
   -2.0539  -24.4472   10.7756   -9.9668  -21.4183   -8.5190
    3.1540    2.4119   -3.8491    6.5979   -2.3602   -3.5044
eta,q 0.96573  7.10716
  0.0350  0.0348  0.0346  0.0351  0.0348  0.0349  0.0349  0.0353  0.0348  0.0351  0.0345  0.0345
  0.0346  0.0345  0.0344  0.0346  0.0345  0.0346  0.0346  0.0348  0.0345  0.0346  0.0344  0.0344
  0.0344  0.0343  0.0343  0.0344  0.0343  0.0344  0.0343  0.0344  0.0343  0.0344  0.0343  0.0343
  0.0343  0.0343  0.0343  0.0343  0.0343  0.0343  0.0343  0.0343  0.0343  0.0343  0.0343  0.0343
  0.0344  0.0343  0.0343  0.0344  0.0343  0.0343  0.0343  0.0344  0.0343  0.0343  0.0343  0.0343
  0.0346  0.0344  0.0344  0.0346  0.0345  0.0345  0.0345  0.0347  0.0345  0.0346  0.0344  0.0344
  0.0350  0.0347  0.0346  0.0351  0.0348  0.0349  0.0349  0.0353  0.0348  0.0350  0.0345  0.0345
niter,ni,del,rscale     2    3    5.0000    0.5000
parameters
   -2.0512  -24.4222   10.7889   -9.9664  -21.4684   -8.4177
    3.1688    2.4190   -3.8813    6.6332   -2.3683   -3.5168
eta,q 0.96574  7.10827
  0.0348  0.0346  0.0345  0.0348  0.0346  0.0348  0.0347  0.0350  0.0346  0.0348  0.0345  0.0344
  0.0345  0.0344  0.0344  0.0345  0.0344  0.0345  0.0345  0.0346  0.0344  0.0345  0.0343  0.0343
  0.0343  0.0343  0.0343  0.0343  0.0343  0.0344  0.0343  0.0343  0.0343  0.0343  0.0343  0.0343
  0.0343  0.0343  0.0343  0.0343  0.0343  0.0343  0.0343  0.0343  0.0343  0.0343  0.0343  0.0343
  0.0343  0.0343  0.0343  0.0343  0.0343  0.0343  0.0343  0.0343  0.0343  0.0343  0.0343  0.0343
  0.0345  0.0344  0.0344  0.0345  0.0344  0.0344  0.0344  0.0346  0.0344  0.0345  0.0344  0.0343
  0.0348  0.0346  0.0345  0.0348  0.0346  0.0347  0.0347  0.0350  0.0346  0.0348  0.0345  0.0344
niter,ni,del,rscale     1    3    5.0000    0.4000
parameters
   -2.0527  -24.4184   10.8109   -9.9706  -21.5095   -8.3021
    3.1780    2.4240   -3.8874    6.6527   -2.4101   -3.5291
eta,q 0.96574  7.10993
  0.0346  0.0345  0.0344  0.0346  0.0345  0.0346  0.0345  0.0347  0.0345  0.0346  0.0344  0.0343
  0.0344  0.0343  0.0343  0.0344  0.0344  0.0344  0.0344  0.0345  0.0344  0.0344  0.0343  0.0343
  0.0343  0.0343  0.0343  0.0343  0.0343  0.0343  0.0343  0.0343  0.0343  0.0343  0.0343  0.0343
  0.0343  0.0343  0.0343  0.0343  0.0343  0.0343  0.0343  0.0343  0.0343  0.0343  0.0343  0.0343
  0.0343  0.0343  0.0343  0.0343  0.0343  0.0343  0.0343  0.0343  0.0343  0.0343  0.0343  0.0343
  0.0344  0.0343  0.0343  0.0344  0.0344  0.0344  0.0344  0.0345  0.0344  0.0344  0.0343  0.0343
  0.0346  0.0344  0.0344  0.0346  0.0345  0.0346  0.0345  0.0347  0.0345  0.0346  0.0344  0.0344
registration optimization eta report
parameter search radius
    0.8000    0.8000    0.8000    2.4000    2.4000    2.4000
    2.4000    2.4000    2.4000    2.4000    2.4000    2.4000
100000*second partial in parameter space
       52.       31.       20.        6.        4.        5.
        5.        8.        4.        6.        2.        2.
  0.0346  0.0345  0.0344  0.0346  0.0345  0.0346  0.0345  0.0347  0.0345  0.0346  0.0344  0.0343
  0.0344  0.0343  0.0343  0.0344  0.0344  0.0344  0.0344  0.0345  0.0344  0.0344  0.0343  0.0343
  0.0343  0.0343  0.0343  0.0343  0.0343  0.0343  0.0343  0.0343  0.0343  0.0343  0.0343  0.0343
  0.0343  0.0343  0.0343  0.0343  0.0343  0.0343  0.0343  0.0343  0.0343  0.0343  0.0343  0.0343
  0.0343  0.0343  0.0343  0.0343  0.0343  0.0343  0.0343  0.0343  0.0343  0.0343  0.0343  0.0343
  0.0344  0.0343  0.0343  0.0344  0.0344  0.0344  0.0344  0.0345  0.0344  0.0344  0.0343  0.0343
  0.0346  0.0344  0.0344  0.0346  0.0345  0.0346  0.0345  0.0347  0.0345  0.0346  0.0344  0.0344
   -2.0527  -24.4184   10.8109   -9.9706  -21.5095   -8.3021
    3.1780    2.4240   -3.8874    6.6527   -2.4101   -3.5291
eta,q 0.96574  7.10993

---------------------------------------------------------------------
imgreg_4dfp /opt/freesurfer/average/711-2C_as_mni_average_305 /opt/freesurfer/average/711-2B_as_mni_average_305_mask talsrcimg_g11 none talsrcimg_to_711-2C_as_mni_average_305_t4 2311
---------------------------------------------------------------------

freesurfer imgreg_4dfp.c
/opt/freesurfer/average/711-2C_as_mni_average_305.4dfp.img
       256       256       256         1
  1.000000  1.000000  1.000000
orientation T byte_order littleendian
Reading image: /opt/freesurfer/average/711-2C_as_mni_average_305.4dfp.img
dimensions:      256       256       256
mmppix:       1.0000   -1.0000   -1.0000
center:     128.0000 -129.0000 -129.0000
/opt/freesurfer/average/711-2B_as_mni_average_305_mask.4dfp.img
       256       256       256         1
  1.000000  1.000000  1.000000
orientation T byte_order littleendian
Reading mask: /opt/freesurfer/average/711-2B_as_mni_average_305_mask.4dfp.img (2306576 pixels)
talsrcimg_g11.4dfp.img
       256       256       256         1
  0.898437  0.898437  0.898437
orientation T byte_order littleendian
Reading image: talsrcimg_g11.4dfp.img
dimensions:      256       256       256
mmppix:       0.8984   -0.8984   -0.8984
center:     114.9999 -115.8984 -115.8984
fimgreg.f
image alignment mode   2311 decimal      907 hex
parameters
   -2.0527  -24.4184   10.8109   -9.9706  -21.5095   -8.3021
    3.1780    2.4240   -3.8874    6.6527   -2.4101   -3.5291
eta,q 0.96574  7.10993
niter,ni,del,rscale     5    3    5.0000    0.8000
parameters
   -2.0398  -24.3844   10.8472  -10.0200  -21.5161   -8.6259
    3.1469    2.4040   -3.8358    6.7275   -2.3716   -3.6253
eta,q 0.96573  7.10042
  0.0356  0.0351  0.0348  0.0356  0.0352  0.0352  0.0353  0.0361  0.0352  0.0356  0.0347  0.0346
  0.0349  0.0346  0.0345  0.0349  0.0347  0.0348  0.0348  0.0351  0.0347  0.0349  0.0345  0.0344
  0.0344  0.0343  0.0343  0.0344  0.0344  0.0344  0.0344  0.0345  0.0344  0.0344  0.0343  0.0343
  0.0343  0.0343  0.0343  0.0343  0.0343  0.0343  0.0343  0.0343  0.0343  0.0343  0.0343  0.0343
  0.0344  0.0343  0.0343  0.0344  0.0344  0.0344  0.0344  0.0345  0.0344  0.0344  0.0343  0.0343
  0.0348  0.0346  0.0345  0.0349  0.0347  0.0349  0.0348  0.0351  0.0347  0.0348  0.0345  0.0344
  0.0356  0.0350  0.0347  0.0357  0.0352  0.0356  0.0354  0.0362  0.0351  0.0356  0.0347  0.0346
niter,ni,del,rscale     4    3    5.0000    0.7000
parameters
   -2.0435  -24.3821   10.7690   -9.9822  -21.5007   -8.6342
    3.1380    2.4098   -3.8514    6.7438   -2.3935   -3.5900
eta,q 0.96573  7.10154
  0.0353  0.0349  0.0346  0.0354  0.0350  0.0351  0.0351  0.0357  0.0350  0.0353  0.0346  0.0345
  0.0347  0.0345  0.0344  0.0348  0.0346  0.0347  0.0346  0.0349  0.0346  0.0347  0.0344  0.0344
  0.0344  0.0343  0.0343  0.0344  0.0343  0.0344  0.0344  0.0344  0.0343  0.0344  0.0343  0.0343
  0.0343  0.0343  0.0343  0.0343  0.0343  0.0343  0.0343  0.0343  0.0343  0.0343  0.0343  0.0343
  0.0344  0.0343  0.0343  0.0344  0.0344  0.0343  0.0344  0.0344  0.0344  0.0344  0.0343  0.0343
  0.0347  0.0345  0.0345  0.0348  0.0346  0.0346  0.0346  0.0349  0.0346  0.0347  0.0344  0.0344
  0.0353  0.0349  0.0347  0.0353  0.0350  0.0352  0.0351  0.0357  0.0350  0.0353  0.0346  0.0345
niter,ni,del,rscale     3    3    5.0000    0.6000
parameters
   -2.0456  -24.3741   10.7624   -9.9764  -21.5068   -8.5575
    3.1551    2.4237   -3.8671    6.7449   -2.3744   -3.5574
eta,q 0.96574  7.10337
  0.0350  0.0347  0.0346  0.0351  0.0348  0.0349  0.0349  0.0353  0.0348  0.0350  0.0345  0.0345
  0.0346  0.0345  0.0344  0.0346  0.0345  0.0346  0.0345  0.0348  0.0345  0.0346  0.0344  0.0344
  0.0343  0.0343  0.0343  0.0344  0.0343  0.0344  0.0343  0.0344  0.0343  0.0344  0.0343  0.0343
  0.0343  0.0343  0.0343  0.0343  0.0343  0.0343  0.0343  0.0343  0.0343  0.0343  0.0343  0.0343
  0.0344  0.0343  0.0343  0.0344  0.0343  0.0343  0.0343  0.0344  0.0343  0.0343  0.0343  0.0343
  0.0346  0.0345  0.0344  0.0346  0.0345  0.0345  0.0345  0.0347  0.0345  0.0346  0.0344  0.0343
  0.0350  0.0347  0.0346  0.0351  0.0348  0.0349  0.0349  0.0353  0.0348  0.0350  0.0345  0.0345
niter,ni,del,rscale     2    3    5.0000    0.5000
parameters
   -2.0465  -24.3768   10.7754   -9.9604  -21.5257   -8.4469
    3.1717    2.4267   -3.8885    6.7336   -2.3907   -3.5351
eta,q 0.96574  7.10616
  0.0348  0.0346  0.0345  0.0348  0.0346  0.0348  0.0347  0.0350  0.0346  0.0348  0.0345  0.0344
  0.0345  0.0344  0.0344  0.0345  0.0344  0.0345  0.0345  0.0346  0.0344  0.0345  0.0343  0.0343
  0.0343  0.0343  0.0343  0.0343  0.0343  0.0344  0.0343  0.0343  0.0343  0.0343  0.0343  0.0343
  0.0343  0.0343  0.0343  0.0343  0.0343  0.0343  0.0343  0.0343  0.0343  0.0343  0.0343  0.0343
  0.0343  0.0343  0.0343  0.0343  0.0343  0.0343  0.0343  0.0343  0.0343  0.0343  0.0343  0.0343
  0.0345  0.0344  0.0344  0.0345  0.0344  0.0344  0.0344  0.0346  0.0344  0.0345  0.0344  0.0343
  0.0348  0.0346  0.0345  0.0348  0.0346  0.0347  0.0347  0.0350  0.0346  0.0348  0.0345  0.0344
niter,ni,del,rscale     1    3    5.0000    0.4000
parameters
   -2.0480  -24.3869   10.8010   -9.9720  -21.5432   -8.3347
    3.1813    2.4268   -3.9009    6.7129   -2.4131   -3.5451
eta,q 0.96575  7.10808
  0.0346  0.0345  0.0344  0.0346  0.0345  0.0346  0.0345  0.0347  0.0345  0.0346  0.0344  0.0343
  0.0344  0.0343  0.0343  0.0344  0.0344  0.0344  0.0344  0.0345  0.0344  0.0344  0.0343  0.0343
  0.0343  0.0343  0.0343  0.0343  0.0343  0.0343  0.0343  0.0343  0.0343  0.0343  0.0343  0.0343
  0.0343  0.0343  0.0343  0.0343  0.0343  0.0343  0.0343  0.0343  0.0343  0.0343  0.0343  0.0343
  0.0343  0.0343  0.0343  0.0343  0.0343  0.0343  0.0343  0.0343  0.0343  0.0343  0.0343  0.0343
  0.0344  0.0343  0.0343  0.0344  0.0344  0.0344  0.0344  0.0345  0.0344  0.0344  0.0343  0.0343
  0.0346  0.0345  0.0344  0.0346  0.0345  0.0346  0.0345  0.0347  0.0345  0.0346  0.0344  0.0344
registration optimization eta report
parameter search radius
    0.8000    0.8000    0.8000    2.4000    2.4000    2.4000
    2.4000    2.4000    2.4000    2.4000    2.4000    2.4000
100000*second partial in parameter space
       53.       31.       20.        7.        4.        5.
        5.        8.        4.        6.        2.        2.
  0.0346  0.0345  0.0344  0.0346  0.0345  0.0346  0.0345  0.0347  0.0345  0.0346  0.0344  0.0343
  0.0344  0.0343  0.0343  0.0344  0.0344  0.0344  0.0344  0.0345  0.0344  0.0344  0.0343  0.0343
  0.0343  0.0343  0.0343  0.0343  0.0343  0.0343  0.0343  0.0343  0.0343  0.0343  0.0343  0.0343
  0.0343  0.0343  0.0343  0.0343  0.0343  0.0343  0.0343  0.0343  0.0343  0.0343  0.0343  0.0343
  0.0343  0.0343  0.0343  0.0343  0.0343  0.0343  0.0343  0.0343  0.0343  0.0343  0.0343  0.0343
  0.0344  0.0343  0.0343  0.0344  0.0344  0.0344  0.0344  0.0345  0.0344  0.0344  0.0343  0.0343
  0.0346  0.0345  0.0344  0.0346  0.0345  0.0346  0.0345  0.0347  0.0345  0.0346  0.0344  0.0344
   -2.0480  -24.3869   10.8010   -9.9720  -21.5432   -8.3347
    3.1813    2.4268   -3.9009    6.7129   -2.4131   -3.5451
eta,q 0.96575  7.10808

---------------------------------------------------------------------
compute_vox2vox talsrcimg talsrcimg_to_711-2C_as_mni_average_305_t4 /opt/freesurfer/average/711-2C_as_mni_average_305
---------------------------------------------------------------------

freesurfer compute_vox2vox.c
Reading: talsrcimg.4dfp.ifh
Reading: talsrcimg_to_711-2C_as_mni_average_305_t4
Reading: /opt/freesurfer/average/711-2C_as_mni_average_305.4dfp.ifh
Writing: talsrcimg_to_711-2C_as_mni_average_305_t4_vox2vox.txt

start time Thu Mar 12 22:39:40 CET 2026
end		time Thu Mar 12 22:41:07 CET 2026

mpr2mni305 success

avi2talxfm orig_nu.mgz /opt/freesurfer/average/mni305.cor.mgz talsrcimg_to_711-2C_as_mni_average_305_t4_vox2vox.txt transforms/talairach.auto.xfm
avi2talxfm done
mv -f /out/sourcedata/freesurfer/sub-v2s2x29081_ses-1/mri/talsrcimg_to_711-2C_as_mni_average_305_t4_vox2vox.txt /out/sourcedata/freesurfer/sub-v2s2x29081_ses-1/mri/transforms/talsrcimg_to_711-2C_as_mni_average_305_t4_vox2vox.txt
lta_convert --src orig_nu.mgz --trg /opt/freesurfer/average/mni305.cor.mgz --inxfm transforms/talairach.auto.xfm --outlta transforms/talairach.auto.xfm.lta --subject fsaverage
7.3.2

--src: orig_nu.mgz src image (geometry).
--trg: /opt/freesurfer/average/mni305.cor.mgz trg image (geometry).
--inmni: transforms/talairach.auto.xfm input MNI/XFM transform.
--outlta: transforms/talairach.auto.xfm.lta output LTA.
--s: fsaverage subject name
 LTA read, type : 1
 1.10807  -0.02596  -0.04610  -0.01118;
 0.03120   1.08659   0.04783   4.38579;
 0.05243  -0.09426   1.26820  -3.46967;
 0.00000   0.00000   0.00000   1.00000;
setting subject to fsaverage
Writing  LTA to file transforms/talairach.auto.xfm.lta...
lta_convert successful.
 
 
Started at Thu Mar 12 22:39:40 CET 2026
Ended   at Thu Mar 12 22:41:08 CET 2026
talairach_avi done
