status file for recon-all
Fri Mar 13 02:44:48 CET 2026
#@# Tessellate rh Fri Mar 13 02:44:48 CET 2026
#@# Smooth1 rh Fri Mar 13 02:44:50 CET 2026
#@# Inflation1 rh Fri Mar 13 02:44:53 CET 2026
#@# QSphere rh Fri Mar 13 02:45:35 CET 2026
#@# Fix Topology rh Fri Mar 13 02:46:16 CET 2026
#@# Smooth2 rh Fri Mar 13 03:21:19 CET 2026
#@# Inflation2 rh Fri Mar 13 03:21:21 CET 2026
#@# Curv .H and .K rh Fri Mar 13 03:21:55 CET 2026
#@# Sphere rh Fri Mar 13 03:22:29 CET 2026
#@# Surf Reg rh Fri Mar 13 03:26:50 CET 2026
#@# Jacobian white rh Fri Mar 13 03:30:39 CET 2026
#@# AvgCurv rh Fri Mar 13 03:30:39 CET 2026
#@# Cortical Parc rh Fri Mar 13 03:30:40 CET 2026
#@# white curv rh Fri Mar 13 03:35:19 CET 2026
#@# white area rh Fri Mar 13 03:35:20 CET 2026
#@# pial curv rh Fri Mar 13 03:35:20 CET 2026
#@# pial area rh Fri Mar 13 03:35:21 CET 2026
#@# thickness rh Fri Mar 13 03:35:22 CET 2026
#@# area and vertex vol rh Fri Mar 13 03:35:40 CET 2026
#@# Curvature Stats rh Fri Mar 13 03:35:41 CET 2026
#@# Cortical Parc 2 rh Fri Mar 13 03:35:42 CET 2026
#@# Cortical Parc 3 rh Fri Mar 13 03:35:51 CET 2026
#@# WM/GM Contrast rh Fri Mar 13 03:35:57 CET 2026
recon-all -s sub-v2s2x29062_ses-1 finished without error at Fri Mar 13 03:35:59 CET 2026



#New# invocation of recon-all 



status file for recon-all
Fri Mar 13 03:41:21 CET 2026
#@# white curv rh Fri Mar 13 03:41:21 CET 2026
#@# white area rh Fri Mar 13 03:41:21 CET 2026
#@# pial curv rh Fri Mar 13 03:41:21 CET 2026
#@# pial area rh Fri Mar 13 03:41:21 CET 2026
#@# thickness rh Fri Mar 13 03:41:21 CET 2026
#@# area and vertex vol rh Fri Mar 13 03:41:21 CET 2026
#@# Parcellation Stats rh Fri Mar 13 03:41:21 CET 2026
#@# Parcellation Stats 2 rh Fri Mar 13 03:41:33 CET 2026
#@# Parcellation Stats 3 rh Fri Mar 13 03:41:39 CET 2026
#@# BA_exvivo Labels rh Fri Mar 13 03:41:45 CET 2026
recon-all -s sub-v2s2x29062_ses-1 finished without error at Fri Mar 13 03:43:25 CET 2026
