status file for recon-all
Thu Mar 12 22:17:48 CET 2026
#@# Tessellate lh Thu Mar 12 22:17:48 CET 2026
#@# Smooth1 lh Thu Mar 12 22:17:50 CET 2026
#@# Inflation1 lh Thu Mar 12 22:17:53 CET 2026
#@# QSphere lh Thu Mar 12 22:18:34 CET 2026
#@# Fix Topology lh Thu Mar 12 22:19:14 CET 2026
#@# Smooth2 lh Fri Mar 13 02:30:46 CET 2026
#@# Inflation2 lh Fri Mar 13 02:30:47 CET 2026
#@# Curv .H and .K lh Fri Mar 13 02:31:16 CET 2026
#@# Sphere lh Fri Mar 13 02:31:44 CET 2026
#@# Surf Reg lh Fri Mar 13 02:36:19 CET 2026
#@# Jacobian white lh Fri Mar 13 02:39:35 CET 2026
#@# AvgCurv lh Fri Mar 13 02:39:35 CET 2026
#@# Cortical Parc lh Fri Mar 13 02:39:36 CET 2026
#@# white curv lh Fri Mar 13 02:44:10 CET 2026
#@# white area lh Fri Mar 13 02:44:11 CET 2026
#@# pial curv lh Fri Mar 13 02:44:11 CET 2026
#@# pial area lh Fri Mar 13 02:44:12 CET 2026
#@# thickness lh Fri Mar 13 02:44:12 CET 2026
#@# area and vertex vol lh Fri Mar 13 02:44:27 CET 2026
#@# Curvature Stats lh Fri Mar 13 02:44:28 CET 2026
#@# Cortical Parc 2 lh Fri Mar 13 02:44:29 CET 2026
#@# Cortical Parc 3 lh Fri Mar 13 02:44:36 CET 2026
#@# WM/GM Contrast lh Fri Mar 13 02:44:42 CET 2026
recon-all -s sub-v2s2x29062_ses-1 finished without error at Fri Mar 13 02:44:44 CET 2026



#New# invocation of recon-all 



status file for recon-all
Fri Mar 13 03:39:37 CET 2026
#@# white curv lh Fri Mar 13 03:39:37 CET 2026
#@# white area lh Fri Mar 13 03:39:37 CET 2026
#@# pial curv lh Fri Mar 13 03:39:37 CET 2026
#@# pial area lh Fri Mar 13 03:39:37 CET 2026
#@# thickness lh Fri Mar 13 03:39:37 CET 2026
#@# area and vertex vol lh Fri Mar 13 03:39:37 CET 2026
#@# Parcellation Stats lh Fri Mar 13 03:39:37 CET 2026
#@# Parcellation Stats 2 lh Fri Mar 13 03:39:46 CET 2026
#@# Parcellation Stats 3 lh Fri Mar 13 03:39:50 CET 2026
#@# BA_exvivo Labels lh Fri Mar 13 03:39:54 CET 2026
recon-all -s sub-v2s2x29062_ses-1 finished without error at Fri Mar 13 03:41:18 CET 2026
