status file for recon-all
Thu Mar 12 20:56:04 CET 2026
#@# MotionCor Thu Mar 12 20:56:06 CET 2026
#@# Talairach Thu Mar 12 20:56:12 CET 2026
#@# Talairach Failure Detection Thu Mar 12 20:59:01 CET 2026
#@# Nu Intensity Correction Thu Mar 12 20:59:01 CET 2026
#@# Intensity Normalization Thu Mar 12 21:01:46 CET 2026
recon-all -s sub-v2s2x29062_ses-1 finished without error at Thu Mar 12 21:02:53 CET 2026



#New# invocation of recon-all 



status file for recon-all
Thu Mar 12 21:09:06 CET 2026
#@# EM Registration Thu Mar 12 21:09:06 CET 2026
recon-all -s sub-v2s2x29062_ses-1 finished without error at Thu Mar 12 21:10:49 CET 2026



#New# invocation of recon-all 



status file for recon-all
Thu Mar 12 21:10:51 CET 2026
#@# CA Normalize Thu Mar 12 21:10:51 CET 2026
#@# CA Reg Thu Mar 12 21:11:45 CET 2026
#@# SubCort Seg Thu Mar 12 21:43:22 CET 2026
#@# CC Seg Thu Mar 12 22:13:15 CET 2026
#@# Merge ASeg Thu Mar 12 22:13:39 CET 2026
#@# Intensity Normalization2 Thu Mar 12 22:13:39 CET 2026
#@# Mask BFS Thu Mar 12 22:15:11 CET 2026
#@# WM Segmentation Thu Mar 12 22:15:12 CET 2026
#@# Fill Thu Mar 12 22:17:06 CET 2026
recon-all -s sub-v2s2x29062_ses-1 finished without error at Thu Mar 12 22:17:45 CET 2026



#New# invocation of recon-all 



status file for recon-all
Fri Mar 13 03:36:03 CET 2026
#@# white curv lh Fri Mar 13 03:36:03 CET 2026
#@# white area lh Fri Mar 13 03:36:03 CET 2026
#@# pial curv lh Fri Mar 13 03:36:03 CET 2026
#@# pial area lh Fri Mar 13 03:36:03 CET 2026
#@# thickness lh Fri Mar 13 03:36:03 CET 2026
#@# area and vertex vol lh Fri Mar 13 03:36:03 CET 2026
#@# white curv rh Fri Mar 13 03:36:03 CET 2026
#@# white area rh Fri Mar 13 03:36:03 CET 2026
#@# pial curv rh Fri Mar 13 03:36:03 CET 2026
#@# pial area rh Fri Mar 13 03:36:03 CET 2026
#@# thickness rh Fri Mar 13 03:36:03 CET 2026
#@# area and vertex vol rh Fri Mar 13 03:36:03 CET 2026
#@# Cortical ribbon mask Fri Mar 13 03:36:03 CET 2026
recon-all -s sub-v2s2x29062_ses-1 finished without error at Fri Mar 13 03:39:33 CET 2026



#New# invocation of recon-all 



status file for recon-all
Fri Mar 13 03:43:29 CET 2026
#@# white curv lh Fri Mar 13 03:43:29 CET 2026
#@# white area lh Fri Mar 13 03:43:29 CET 2026
#@# pial curv lh Fri Mar 13 03:43:29 CET 2026
#@# pial area lh Fri Mar 13 03:43:29 CET 2026
#@# thickness lh Fri Mar 13 03:43:29 CET 2026
#@# area and vertex vol lh Fri Mar 13 03:43:29 CET 2026
#@# white curv rh Fri Mar 13 03:43:29 CET 2026
#@# white area rh Fri Mar 13 03:43:29 CET 2026
#@# pial curv rh Fri Mar 13 03:43:29 CET 2026
#@# pial area rh Fri Mar 13 03:43:29 CET 2026
#@# thickness rh Fri Mar 13 03:43:29 CET 2026
#@# area and vertex vol rh Fri Mar 13 03:43:29 CET 2026
#@# Curvature Stats lh Fri Mar 13 03:43:29 CET 2026
#@# Curvature Stats rh Fri Mar 13 03:43:30 CET 2026
#@# Relabel Hypointensities Fri Mar 13 03:43:32 CET 2026
#@# APas-to-ASeg Fri Mar 13 03:43:43 CET 2026
#@# AParc-to-ASeg aparc Fri Mar 13 03:43:49 CET 2026
#@# AParc-to-ASeg aparc.a2009s Fri Mar 13 03:44:05 CET 2026
#@# AParc-to-ASeg aparc.DKTatlas Fri Mar 13 03:44:21 CET 2026
#@# WMParc Fri Mar 13 03:44:37 CET 2026
#@# ASeg Stats Fri Mar 13 03:46:34 CET 2026
recon-all -s sub-v2s2x29062_ses-1 finished without error at Fri Mar 13 03:46:54 CET 2026
