/out/sourcedata/freesurfer/sub-v2s2x29062_ses-1/mri
/opt/freesurfer/bin/talairach_avi
--i orig_nu.mgz --xfm transforms/talairach.auto.xfm
talairach_avi 7.3.2
Linux dna069 5.14.0-427.37.1.el9_4.x86_64 #1 SMP PREEMPT_DYNAMIC Fri Sep 13 12:41:50 EDT 2024 x86_64 x86_64 x86_64 GNU/Linux
Thu Mar 12 20:58:45 CET 2026
mri_convert orig_nu.mgz talsrcimg.img 
reading from orig_nu.mgz...
TR=0.00, TE=0.00, TI=0.00, flip angle=0.00
i_ras = (-1, 0, 0)
j_ras = (0, 0, -1)
k_ras = (0, 1, 0)
writing to talsrcimg.img...
Analyze Output Matrix
-0.89844   0.00000   0.00000   114.89915;
 0.00000   0.00000   0.89844  -126.73513;
 0.00000  -0.89844   0.00000   133.89404;
 0.00000   0.00000   0.00000   1.00000;
--------------------
INFO: set hdr.hist.orient to -1
mpr2mni305 talsrcimg
Thu Mar 12 20:58:46 CET 2026
/opt/freesurfer/bin/mpr2mni305 talsrcimg
mpr2mni305 7.3.2
target=711-2C_as_mni_average_305

---------------------------------------------------------------------
analyzeto4dfp talsrcimg -O0 -y
---------------------------------------------------------------------

freesurfer ifh2hdr.c
Thu Mar 12 20:58:46 2026
Writing: talsrcimg.4dfp.hdr
freesurfer analyzeto4dfp.c
Reading: talsrcimg.hdr
header size 348 bytes
hdr.dime.datatype	offset=70	value=2
hdr.dime.bitpix		offset=72	value=8
hdr.hist.orient		offset=252	value=-1
dimensionality     4
dimensions       256       256       256         1
Reading: talsrcimg.img
Writing: talsrcimg.4dfp.img
Writing: talsrcimg.4dfp.ifh
ifh2hdr talsrcimg -r0to249
ori=2

---------------------------------------------------------------------
gauss_4dfp talsrcimg 1.1
---------------------------------------------------------------------

freesurfer gauss_4dfp.c
Reading: talsrcimg.4dfp.img
Writing: talsrcimg_g11.4dfp.img
image dimensions 256 256 256 padded to 288 288 288
processing volume 1freesurfer ifh2hdr.c
Thu Mar 12 20:58:47 2026
Writing: talsrcimg_g11.4dfp.hdr

Writing: talsrcimg_g11.4dfp.ifh
including: talsrcimg.4dfp.img.rec in talsrcimg_g11.4dfp.img.rec

---------------------------------------------------------------------
imgreg_4dfp /opt/freesurfer/average/711-2C_as_mni_average_305 none talsrcimg_g11 none talsrcimg_to_711-2C_as_mni_average_305_t4 4355
---------------------------------------------------------------------

freesurfer imgreg_4dfp.c
/opt/freesurfer/average/711-2C_as_mni_average_305.4dfp.img
       256       256       256         1
  1.000000  1.000000  1.000000
orientation T byte_order littleendian
Reading image: /opt/freesurfer/average/711-2C_as_mni_average_305.4dfp.img
dimensions:      256       256       256
mmppix:       1.0000   -1.0000   -1.0000
center:     128.0000 -129.0000 -129.0000
talsrcimg_g11.4dfp.img
       256       256       256         1
  0.898438  0.898438  0.898438
orientation T byte_order littleendian
Reading image: talsrcimg_g11.4dfp.img
dimensions:      256       256       256
mmppix:       0.8984   -0.8984   -0.8984
center:     115.0001 -115.8985 -115.8985
t4_read: open error in t4_sub.f l:  41 t4_file(1:l)talsrcimg_to_711-2C_as_mni_average_305_t4 
t4_read: transform initialized to I4
rotation matrix determinant  1.000000
image alignment mode   4355 decimal     1103 hex
   -7.5000  -45.0000  -45.0000 5996.1689   12.7290
    0.0000  -45.0000  -45.0000 6057.8774   12.7139
    7.5000  -45.0000  -45.0000 5722.8970   12.6910
   -7.5000  -37.5000  -45.0000 6468.4966   13.4742
    0.0000  -37.5000  -45.0000 6539.7925   13.4583
    7.5000  -37.5000  -45.0000 6171.2222   13.4402
   -7.5000  -30.0000  -45.0000 6942.6650   13.8963
    0.0000  -30.0000  -45.0000 7029.0586   13.8788
    7.5000  -30.0000  -45.0000 6637.0508   13.8628
   -7.5000  -22.5000  -45.0000 7505.2344   13.9059
    0.0000  -22.5000  -45.0000 7616.2388   13.8871
    7.5000  -22.5000  -45.0000 7185.7202   13.8680
   -7.5000  -15.0000  -45.0000 7992.2510   13.9180
    0.0000  -15.0000  -45.0000 8098.2549   13.8989
    7.5000  -15.0000  -45.0000 7650.4937   13.8742
   -7.5000   -7.5000  -45.0000 8104.8130   13.9229
    0.0000   -7.5000  -45.0000 8206.8389   13.9052
    7.5000   -7.5000  -45.0000 7763.1919   13.8774
   -7.5000    0.0000  -45.0000 8248.6484   13.9129
    0.0000    0.0000  -45.0000 8348.3896   13.8966
    7.5000    0.0000  -45.0000 7893.3667   13.8715
   -7.5000    7.5000  -45.0000 8051.6372   13.8990
    0.0000    7.5000  -45.0000 8171.2114   13.8826
    7.5000    7.5000  -45.0000 7699.8496   13.8640
   -7.5000   15.0000  -45.0000 8081.5166   13.8963
    0.0000   15.0000  -45.0000 8179.1128   13.8788
    7.5000   15.0000  -45.0000 7709.6694   13.8628
   -7.5000   22.5000  -45.0000 7449.1543   13.7189
    0.0000   22.5000  -45.0000 7524.0308   13.7003
    7.5000   22.5000  -45.0000 7099.5059   13.6815
   -7.5000   30.0000  -45.0000 6853.9106   13.3646
    0.0000   30.0000  -45.0000 6942.9233   13.3463
    7.5000   30.0000  -45.0000 6534.8672   13.3225
   -7.5000   37.5000  -45.0000 6246.6279   12.9630
    0.0000   37.5000  -45.0000 6324.7651   12.9468
    7.5000   37.5000  -45.0000 5948.2471   12.9214
   -7.5000   45.0000  -45.0000 5668.0171   12.6768
    0.0000   45.0000  -45.0000 5725.5210   12.6624
    7.5000   45.0000  -45.0000 5403.9883   12.6412
   -7.5000  -45.0000  -37.5000 6579.6060   13.2967
    0.0000  -45.0000  -37.5000 6655.2163   13.2713
    7.5000  -45.0000  -37.5000 6270.5796   13.2458
   -7.5000  -37.5000  -37.5000 7084.6230   14.0801
    0.0000  -37.5000  -37.5000 7177.1211   14.0500
    7.5000  -37.5000  -37.5000 6758.7134   14.0295
   -7.5000  -30.0000  -37.5000 7599.0654   14.4863
    0.0000  -30.0000  -37.5000 7708.3652   14.4549
    7.5000  -30.0000  -37.5000 7271.3149   14.4380
   -7.5000  -22.5000  -37.5000 8213.7471   14.4885
    0.0000  -22.5000  -37.5000 8336.7227   14.4599
    7.5000  -22.5000  -37.5000 7869.0249   14.4418
   -7.5000  -15.0000  -37.5000 8738.9834   14.5035
    0.0000  -15.0000  -37.5000 8873.9863   14.4781
    7.5000  -15.0000  -37.5000 8367.0234   14.4540
   -7.5000   -7.5000  -37.5000 8835.8027   14.5177
    0.0000   -7.5000  -37.5000 8973.3330   14.4928
    7.5000   -7.5000  -37.5000 8465.1289   14.4638
   -7.5000    0.0000  -37.5000 8963.5029   14.5155
    0.0000    0.0000  -37.5000 9101.7236   14.4879
    7.5000    0.0000  -37.5000 8581.7920   14.4601
   -7.5000    7.5000  -37.5000 8744.9561   14.4984
    0.0000    7.5000  -37.5000 8882.3594   14.4675
    7.5000    7.5000  -37.5000 8367.5889   14.4463
   -7.5000   15.0000  -37.5000 8723.8252   14.4856
    0.0000   15.0000  -37.5000 8836.9326   14.4542
    7.5000   15.0000  -37.5000 8331.2783   14.4373
   -7.5000   22.5000  -37.5000 8002.6450   14.2948
    0.0000   22.5000  -37.5000 8109.9487   14.2666
    7.5000   22.5000  -37.5000 7650.8906   14.2487
   -7.5000   30.0000  -37.5000 7351.0396   13.9367
    0.0000   30.0000  -37.5000 7456.1479   13.9123
    7.5000   30.0000  -37.5000 7023.4180   13.8892
   -7.5000   37.5000  -37.5000 6693.2285   13.5269
    0.0000   37.5000  -37.5000 6784.9067   13.5040
    7.5000   37.5000  -37.5000 6401.0752   13.4772
   -7.5000   45.0000  -37.5000 6060.7192   13.2218
    0.0000   45.0000  -37.5000 6139.7524   13.1977
    7.5000   45.0000  -37.5000 5808.6768   13.1736
   -7.5000  -45.0000  -30.0000 7182.0615   13.8451
    0.0000  -45.0000  -30.0000 7258.9814   13.8231
    7.5000  -45.0000  -30.0000 6838.7817   13.8007
   -7.5000  -37.5000  -30.0000 7716.8145   14.6695
    0.0000  -37.5000  -30.0000 7811.3125   14.6440
    7.5000  -37.5000  -30.0000 7358.3643   14.6277
   -7.5000  -30.0000  -30.0000 8274.4512   15.0643
    0.0000  -30.0000  -30.0000 8389.1914   15.0392
    7.5000  -30.0000  -30.0000 7912.1519   15.0292
   -7.5000  -22.5000  -30.0000 8931.4229   15.0575
    0.0000  -22.5000  -30.0000 9050.5771   15.0360
    7.5000  -22.5000  -30.0000 8547.8125   15.0266
   -7.5000  -15.0000  -30.0000 9505.3525   15.0714
    0.0000  -15.0000  -30.0000 9639.1904   15.0519
    7.5000  -15.0000  -30.0000 9097.1689   15.0352
   -7.5000   -7.5000  -30.0000 9606.0303   15.0917
    0.0000   -7.5000  -30.0000 9743.8750   15.0710
    7.5000   -7.5000  -30.0000 9207.1514   15.0470
   -7.5000    0.0000  -30.0000 9713.2432   15.0987
    0.0000    0.0000  -30.0000 9866.4131   15.0749
    7.5000    0.0000  -30.0000 9321.8994   15.0505
   -7.5000    7.5000  -30.0000 9446.6699   15.0825
    0.0000    7.5000  -30.0000 9596.1650   15.0563
    7.5000    7.5000  -30.0000 9063.0498   15.0395
   -7.5000   15.0000  -30.0000 9364.2881   15.0622
    0.0000   15.0000  -30.0000 9504.5254   15.0371
    7.5000   15.0000  -30.0000 8965.3105   15.0272
   -7.5000   22.5000  -30.0000 8582.8779   14.8569
    0.0000   22.5000  -30.0000 8712.1914   14.8357
    7.5000   22.5000  -30.0000 8229.1455   14.8264
   -7.5000   30.0000  -30.0000 7868.6294   14.4929
    0.0000   30.0000  -30.0000 7970.1235   14.4742
    7.5000   30.0000  -30.0000 7533.7505   14.4582
   -7.5000   37.5000  -30.0000 7147.7803   14.0820
    0.0000   37.5000  -30.0000 7242.3662   14.0628
    7.5000   37.5000  -30.0000 6851.6030   14.0406
   -7.5000   45.0000  -30.0000 6455.2329   13.7738
    0.0000   45.0000  -30.0000 6543.6216   13.7534
    7.5000   45.0000  -30.0000 6191.3296   13.7324
   -7.5000  -45.0000  -22.5000 7756.0347   14.3381
    0.0000  -45.0000  -22.5000 7849.2280   14.3279
    7.5000  -45.0000  -22.5000 7390.3013   14.3078
   -7.5000  -37.5000  -22.5000 8339.2383   15.2051
    0.0000  -37.5000  -22.5000 8444.8164   15.1959
    7.5000  -37.5000  -22.5000 7957.7036   15.1824
   -7.5000  -30.0000  -22.5000 8943.5068   15.5974
    0.0000  -30.0000  -22.5000 9068.4199   15.5902
    7.5000  -30.0000  -22.5000 8551.3428   15.5846
   -7.5000  -22.5000  -22.5000 9654.9170   15.5876
    0.0000  -22.5000  -22.5000 9777.4746   15.5812
    7.5000  -22.5000  -22.5000 9221.4941   15.5767
   -7.5000  -15.0000  -22.500010284.7861   15.5979
    0.0000  -15.0000  -22.500010419.9814   15.5896
    7.5000  -15.0000  -22.5000 9816.0410   15.5770
   -7.5000   -7.5000  -22.500010392.4814   15.6172
    0.0000   -7.5000  -22.500010544.5859   15.6066
    7.5000   -7.5000  -22.5000 9935.8887   15.5857
   -7.5000    0.0000  -22.500010479.2070   15.6276
    0.0000    0.0000  -22.500010657.4658   15.6165
    7.5000    0.0000  -22.500010024.6064   15.5948
   -7.5000    7.5000  -22.500010161.6836   15.6137
    0.0000    7.5000  -22.500010325.5781   15.6043
    7.5000    7.5000  -22.5000 9715.7432   15.5904
   -7.5000   15.0000  -22.500010015.1250   15.5937
    0.0000   15.0000  -22.500010173.9707   15.5864
    7.5000   15.0000  -22.5000 9593.8057   15.5809
   -7.5000   22.5000  -22.5000 9173.7822   15.3813
    0.0000   22.5000  -22.5000 9309.0000   15.3750
    7.5000   22.5000  -22.5000 8811.4785   15.3705
   -7.5000   30.0000  -22.5000 8380.7139   15.0103
    0.0000   30.0000  -22.5000 8495.7422   15.0023
    7.5000   30.0000  -22.5000 8043.0889   14.9901
   -7.5000   37.5000  -22.5000 7594.6943   14.5943
    0.0000   37.5000  -22.5000 7696.1719   14.5844
    7.5000   37.5000  -22.5000 7283.2373   14.5652
   -7.5000   45.0000  -22.5000 6827.1982   14.2913
    0.0000   45.0000  -22.5000 6917.6401   14.2825
    7.5000   45.0000  -22.5000 6553.6484   14.2645
   -7.5000  -45.0000  -15.0000 8331.2197   14.8393
    0.0000  -45.0000  -15.0000 8425.4980   14.8356
    7.5000  -45.0000  -15.0000 7948.8379   14.8118
   -7.5000  -37.5000  -15.0000 8954.9678   15.7370
    0.0000  -37.5000  -15.0000 9066.7012   15.7375
    7.5000  -37.5000  -15.0000 8543.7607   15.7197
   -7.5000  -30.0000  -15.0000 9617.8389   16.1362
    0.0000  -30.0000  -15.0000 9737.2588   16.1384
    7.5000  -30.0000  -15.0000 9179.0391   16.1274
   -7.5000  -22.5000  -15.000010360.7178   16.1317
    0.0000  -22.5000  -15.000010502.9971   16.1312
    7.5000  -22.5000  -15.0000 9886.2949   16.1204
   -7.5000  -15.0000  -15.000011028.7188   16.1401
    0.0000  -15.0000  -15.000011182.9336   16.1349
    7.5000  -15.0000  -15.000010515.6875   16.1166
   -7.5000   -7.5000  -15.000011154.3799   16.1532
    0.0000   -7.5000  -15.000011348.1748   16.1464
    7.5000   -7.5000  -15.000010645.0410   16.1212
   -7.5000    0.0000  -15.000011251.5850   16.1580
    0.0000    0.0000  -15.000011469.3691   16.1542
    7.5000    0.0000  -15.000010734.0342   16.1285
   -7.5000    7.5000  -15.000010884.5996   16.1442
    0.0000    7.5000  -15.000011086.0713   16.1447
    7.5000    7.5000  -15.000010385.5322   16.1264
   -7.5000   15.0000  -15.000010696.3154   16.1312
    0.0000   15.0000  -15.000010864.0039   16.1334
    7.5000   15.0000  -15.000010216.3906   16.1224
   -7.5000   22.5000  -15.0000 9802.4121   15.9207
    0.0000   22.5000  -15.0000 9949.9316   15.9202
    7.5000   22.5000  -15.0000 9380.0488   15.9096
   -7.5000   30.0000  -15.0000 8909.8193   15.5437
    0.0000   30.0000  -15.0000 9043.8701   15.5387
    7.5000   30.0000  -15.0000 8537.4980   15.5211
   -7.5000   37.5000  -15.0000 8037.4619   15.1189
    0.0000   37.5000  -15.0000 8150.2993   15.1127
    7.5000   37.5000  -15.0000 7717.7256   15.0895
   -7.5000   45.0000  -15.0000 7214.6079   14.8132
    0.0000   45.0000  -15.0000 7319.9927   14.8104
    7.5000   45.0000  -15.0000 6947.7227   14.7892
   -7.5000  -45.0000   -7.5000 8632.9785   14.8564
    0.0000  -45.0000   -7.5000 8737.2295   14.8487
    7.5000  -45.0000   -7.5000 8269.6689   14.8205
   -7.5000  -37.5000   -7.5000 9284.0410   15.7515
    0.0000  -37.5000   -7.5000 9407.1172   15.7467
    7.5000  -37.5000   -7.5000 8886.3760   15.7239
   -7.5000  -30.0000   -7.5000 9979.5645   16.1575
    0.0000  -30.0000   -7.500010097.1523   16.1523
    7.5000  -30.0000   -7.5000 9531.2178   16.1337
   -7.5000  -22.5000   -7.500010733.5635   16.1623
    0.0000  -22.5000   -7.500010870.6260   16.1532
    7.5000  -22.5000   -7.500010261.1006   16.1325
   -7.5000  -15.0000   -7.500011435.2080   16.1733
    0.0000  -15.0000   -7.500011602.8555   16.1607
    7.5000  -15.0000   -7.500010929.6162   16.1331
   -7.5000   -7.5000   -7.500011561.1416   16.1815
    0.0000   -7.5000   -7.500011780.3867   16.1693
    7.5000   -7.5000   -7.500011051.5635   16.1371
   -7.5000    0.0000   -7.500011658.6523   16.1768
    0.0000    0.0000   -7.500011873.4805   16.1686
    7.5000    0.0000   -7.500011121.2051   16.1380
   -7.5000    7.5000   -7.500011250.9639   16.1591
    0.0000    7.5000   -7.500011450.7549   16.1542
    7.5000    7.5000   -7.500010743.9570   16.1308
   -7.5000   15.0000   -7.500011027.3584   16.1525
    0.0000   15.0000   -7.500011195.5244   16.1474
    7.5000   15.0000   -7.500010541.0996   16.1287
   -7.5000   22.5000   -7.500010115.3564   15.9509
    0.0000   22.5000   -7.500010276.6514   15.9420
    7.5000   22.5000   -7.5000 9672.7217   15.9215
   -7.5000   30.0000   -7.5000 9185.2764   15.5757
    0.0000   30.0000   -7.5000 9330.8018   15.5635
    7.5000   30.0000   -7.5000 8786.9980   15.5370
   -7.5000   37.5000   -7.5000 8262.3281   15.1462
    0.0000   37.5000   -7.5000 8389.6455   15.1350
    7.5000   37.5000   -7.5000 7929.5298   15.1054
   -7.5000   45.0000   -7.5000 7413.2227   14.8295
    0.0000   45.0000   -7.5000 7541.1870   14.8222
    7.5000   45.0000   -7.5000 7144.5103   14.7964
   -7.5000  -45.0000    0.0000 8766.9814   15.2519
    0.0000  -45.0000    0.0000 8864.4863   15.2325
    7.5000  -45.0000    0.0000 8430.1475   15.2014
   -7.5000  -37.5000    0.0000 9397.6650   16.1601
    0.0000  -37.5000    0.0000 9510.1572   16.1391
    7.5000  -37.5000    0.0000 9016.7061   16.1133
   -7.5000  -30.0000    0.000010108.2490   16.5662
    0.0000  -30.0000    0.000010197.3535   16.5434
    7.5000  -30.0000    0.0000 9662.0078   16.5203
   -7.5000  -22.5000    0.000010933.1064   16.5751
    0.0000  -22.5000    0.000011038.6826   16.5512
    7.5000  -22.5000    0.000010459.1064   16.5249
   -7.5000  -15.0000    0.000011689.3770   16.5907
    0.0000  -15.0000    0.000011891.5547   16.5672
    7.5000  -15.0000    0.000011189.6387   16.5344
   -7.5000   -7.5000    0.000011808.9727   16.6003
    0.0000   -7.5000    0.000012030.6172   16.5782
    7.5000   -7.5000    0.000011303.7559   16.5417
   -7.5000    0.0000    0.000011879.7393   16.5912
    0.0000    0.0000    0.000012036.0947   16.5702
    7.5000    0.0000    0.000011329.7686   16.5365
   -7.5000    7.5000    0.000011434.0342   16.5674
    0.0000    7.5000    0.000011574.1787   16.5458
    7.5000    7.5000    0.000010905.9971   16.5194
   -7.5000   15.0000    0.000011158.1777   16.5603
    0.0000   15.0000    0.000011309.2373   16.5375
    7.5000   15.0000    0.000010660.9062   16.5144
   -7.5000   22.5000    0.000010220.8877   16.3606
    0.0000   22.5000    0.000010397.3760   16.3370
    7.5000   22.5000    0.0000 9783.8594   16.3111
   -7.5000   30.0000    0.0000 9287.2988   15.9873
    0.0000   30.0000    0.0000 9441.2783   15.9647
    7.5000   30.0000    0.0000 8897.9414   15.9331
   -7.5000   37.5000    0.0000 8366.8320   15.5569
    0.0000   37.5000    0.0000 8486.6797   15.5366
    7.5000   37.5000    0.0000 8014.1338   15.5028
   -7.5000   45.0000    0.0000 7509.7837   15.2366
    0.0000   45.0000    0.0000 7627.2578   15.2179
    7.5000   45.0000    0.0000 7206.0435   15.1887
   -7.5000  -45.0000    7.5000 8528.5059   15.2621
    0.0000  -45.0000    7.5000 8646.3730   15.2337
    7.5000  -45.0000    7.5000 8209.4980   15.2042
   -7.5000  -37.5000    7.5000 9113.1035   16.1696
    0.0000  -37.5000    7.5000 9211.1650   16.1360
    7.5000  -37.5000    7.5000 8749.7588   16.1119
   -7.5000  -30.0000    7.5000 9776.8750   16.5681
    0.0000  -30.0000    7.5000 9866.6816   16.5333
    7.5000  -30.0000    7.5000 9364.1260   16.5135
   -7.5000  -22.5000    7.500010668.8379   16.5709
    0.0000  -22.5000    7.500010841.5273   16.5395
    7.5000  -22.5000    7.500010212.1709   16.5183
   -7.5000  -15.0000    7.500011537.8643   16.5887
    0.0000  -15.0000    7.500011824.7363   16.5607
    7.5000  -15.0000    7.500011039.4248   16.5328
   -7.5000   -7.5000    7.500011676.5938   16.6052
    0.0000   -7.5000    7.500011893.7783   16.5776
    7.5000   -7.5000    7.500011128.6084   16.5441
   -7.5000    0.0000    7.500011695.1211   16.6023
    0.0000    0.0000    7.500011792.5186   16.5716
    7.5000    0.0000    7.500011094.0840   16.5395
   -7.5000    7.5000    7.500011163.8984   16.5770
    0.0000    7.5000    7.500011244.5225   16.5426
    7.5000    7.5000    7.500010612.7178   16.5179
   -7.5000   15.0000    7.500010840.4629   16.5622
    0.0000   15.0000    7.500010966.7549   16.5274
    7.5000   15.0000    7.500010325.4150   16.5076
   -7.5000   22.5000    7.5000 9909.8086   16.3565
    0.0000   22.5000    7.500010074.8906   16.3254
    7.5000   22.5000    7.5000 9459.2861   16.3045
   -7.5000   30.0000    7.5000 8983.8604   15.9854
    0.0000   30.0000    7.5000 9141.1973   15.9584
    7.5000   30.0000    7.5000 8586.2168   15.9315
   -7.5000   37.5000    7.5000 8082.8384   15.5608
    0.0000   37.5000    7.5000 8218.1328   15.5352
    7.5000   37.5000    7.5000 7726.6108   15.5042
   -7.5000   45.0000    7.5000 7238.3857   15.2459
    0.0000   45.0000    7.5000 7363.8481   15.2189
    7.5000   45.0000    7.5000 6935.7563   15.1908
   -7.5000  -45.0000   15.0000 8543.1875   15.2908
    0.0000  -45.0000   15.0000 8669.1338   15.2670
    7.5000  -45.0000   15.0000 8203.8564   15.2427
   -7.5000  -37.5000   15.0000 9134.1885   16.2033
    0.0000  -37.5000   15.0000 9268.6650   16.1755
    7.5000  -37.5000   15.0000 8752.5039   16.1578
   -7.5000  -30.0000   15.0000 9819.5840   16.5952
    0.0000  -30.0000   15.0000 9963.4648   16.5679
    7.5000  -30.0000   15.0000 9388.3945   16.5571
   -7.5000  -22.5000   15.000010682.6953   16.5881
    0.0000  -22.5000   15.000010933.0654   16.5648
    7.5000  -22.5000   15.000010223.6582   16.5544
   -7.5000  -15.0000   15.000011554.3203   16.6037
    0.0000  -15.0000   15.000011914.3418   16.5826
    7.5000  -15.0000   15.000011017.4053   16.5642
   -7.5000   -7.5000   15.000011750.2891   16.6260
    0.0000   -7.5000   15.000012049.2773   16.6037
    7.5000   -7.5000   15.000011143.3447   16.5774
   -7.5000    0.0000   15.000011769.3809   16.6333
    0.0000    0.0000   15.000011926.4375   16.6075
    7.5000    0.0000   15.000011120.8379   16.5811
   -7.5000    7.5000   15.000011157.6758   16.6116
    0.0000    7.5000   15.000011245.6660   16.5831
    7.5000    7.5000   15.000010562.0283   16.5650
   -7.5000   15.0000   15.000010772.9023   16.5893
    0.0000   15.0000   15.000010874.5654   16.5620
    7.5000   15.0000   15.000010236.0410   16.5512
   -7.5000   22.5000   15.0000 9844.3701   16.3735
    0.0000   22.5000   15.0000 9976.2812   16.3504
    7.5000   22.5000   15.0000 9395.7275   16.3402
   -7.5000   30.0000   15.0000 8914.3242   15.9998
    0.0000   30.0000   15.0000 9050.2432   15.9795
    7.5000   30.0000   15.0000 8528.8770   15.9618
   -7.5000   37.5000   15.0000 8011.0063   15.5796
    0.0000   37.5000   15.0000 8138.0854   15.5588
    7.5000   37.5000   15.0000 7686.5112   15.5344
   -7.5000   45.0000   15.0000 7188.6597   15.2762
    0.0000   45.0000   15.0000 7293.2026   15.2540
    7.5000   45.0000   15.0000 6907.7271   15.2312
   -7.5000  -45.0000   22.5000 8084.5508   15.5050
    0.0000  -45.0000   22.5000 8207.4590   15.4944
    7.5000  -45.0000   22.5000 7762.2949   15.4720
   -7.5000  -37.5000   22.5000 8645.2471   16.4384
    0.0000  -37.5000   22.5000 8776.5576   16.4286
    7.5000  -37.5000   22.5000 8302.0342   16.4133
   -7.5000  -30.0000   22.5000 9279.9502   16.8360
    0.0000  -30.0000   22.5000 9415.0791   16.8287
    7.5000  -30.0000   22.5000 8914.9980   16.8224
   -7.5000  -22.5000   22.500010038.5254   16.8201
    0.0000  -22.5000   22.500010194.3350   16.8143
    7.5000  -22.5000   22.5000 9636.8271   16.8095
   -7.5000  -15.0000   22.500010732.5566   16.8267
    0.0000  -15.0000   22.500010917.4326   16.8190
    7.5000  -15.0000   22.500010286.1562   16.8055
   -7.5000   -7.5000   22.500010909.3516   16.8487
    0.0000   -7.5000   22.500011099.0625   16.8384
    7.5000   -7.5000   22.500010437.6943   16.8156
   -7.5000    0.0000   22.500011007.4619   16.8654
    0.0000    0.0000   22.500011161.5820   16.8540
    7.5000    0.0000   22.500010504.9512   16.8298
   -7.5000    7.5000   22.500010454.6650   16.8526
    0.0000    7.5000   22.500010571.1465   16.8426
    7.5000    7.5000   22.5000 9965.2100   16.8269
   -7.5000   15.0000   22.500010097.3418   16.8301
    0.0000   15.0000   22.500010193.3311   16.8228
    7.5000   15.0000   22.5000 9646.5703   16.8164
   -7.5000   22.5000   22.5000 9257.6709   16.6024
    0.0000   22.5000   22.5000 9359.4326   16.5967
    7.5000   22.5000   22.5000 8863.7344   16.5919
   -7.5000   30.0000   22.5000 8412.6084   16.2147
    0.0000   30.0000   22.5000 8520.8477   16.2073
    7.5000   30.0000   22.5000 8068.2256   16.1943
   -7.5000   37.5000   22.5000 7585.9517   15.7886
    0.0000   37.5000   22.5000 7680.3779   15.7790
    7.5000   37.5000   22.5000 7286.2529   15.7579
   -7.5000   45.0000   22.5000 6810.1821   15.4956
    0.0000   45.0000   22.5000 6874.5356   15.4866
    7.5000   45.0000   22.5000 6535.3877   15.4664
   -7.5000  -45.0000   30.0000 7565.7021   15.6943
    0.0000  -45.0000   30.0000 7680.4785   15.6889
    7.5000  -45.0000   30.0000 7300.3662   15.6616
   -7.5000  -37.5000   30.0000 8079.9497   16.6498
    0.0000  -37.5000   30.0000 8195.0479   16.6485
    7.5000  -37.5000   30.0000 7797.5146   16.6276
   -7.5000  -30.0000   30.0000 8670.1680   17.0652
    0.0000  -30.0000   30.0000 8779.8428   17.0660
    7.5000  -30.0000   30.0000 8368.9746   17.0531
   -7.5000  -22.5000   30.0000 9351.7559   17.0540
    0.0000  -22.5000   30.0000 9459.3545   17.0523
    7.5000  -22.5000   30.0000 9027.3945   17.0401
   -7.5000  -15.0000   30.0000 9947.3760   17.0553
    0.0000  -15.0000   30.000010038.2041   17.0486
    7.5000  -15.0000   30.0000 9584.1943   17.0283
   -7.5000   -7.5000   30.000010089.3281   17.0687
    0.0000   -7.5000   30.000010178.5811   17.0602
    7.5000   -7.5000   30.0000 9712.8799   17.0318
   -7.5000    0.0000   30.000010203.2529   17.0807
    0.0000    0.0000   30.000010308.0645   17.0749
    7.5000    0.0000   30.0000 9806.4238   17.0454
   -7.5000    7.5000   30.0000 9739.9609   17.0723
    0.0000    7.5000   30.0000 9829.5361   17.0710
    7.5000    7.5000   30.0000 9345.3838   17.0496
   -7.5000   15.0000   30.0000 9449.2910   17.0591
    0.0000   15.0000   30.0000 9524.8418   17.0599
    7.5000   15.0000   30.0000 9044.0645   17.0470
   -7.5000   22.5000   30.0000 8702.4873   16.8318
    0.0000   22.5000   30.0000 8775.2119   16.8301
    7.5000   22.5000   30.0000 8322.5010   16.8181
   -7.5000   30.0000   30.0000 7922.7397   16.4425
    0.0000   30.0000   30.0000 8000.4150   16.4361
    7.5000   30.0000   30.0000 7582.7266   16.4165
   -7.5000   37.5000   30.0000 7130.1519   16.0111
    0.0000   37.5000   30.0000 7191.0371   16.0032
    7.5000   37.5000   30.0000 6821.4883   15.9771
   -7.5000   45.0000   30.0000 6390.6094   15.7215
    0.0000   45.0000   30.0000 6436.1479   15.7170
    7.5000   45.0000   30.0000 6110.7861   15.6924
   -7.5000  -45.0000   37.5000 7091.7207   15.7803
    0.0000  -45.0000   37.5000 7213.1270   15.7699
    7.5000  -45.0000   37.5000 6857.4653   15.7375
   -7.5000  -37.5000   37.5000 7567.5991   16.7415
    0.0000  -37.5000   37.5000 7683.2886   16.7346
    7.5000  -37.5000   37.5000 7315.1426   16.7080
   -7.5000  -30.0000   37.5000 8111.4053   17.1609
    0.0000  -30.0000   37.5000 8213.7852   17.1542
    7.5000  -30.0000   37.5000 7829.4517   17.1328
   -7.5000  -22.5000   37.5000 8723.5439   17.1631
    0.0000  -22.5000   37.5000 8822.4258   17.1524
    7.5000  -22.5000   37.5000 8431.7178   17.1292
   -7.5000  -15.0000   37.5000 9262.5830   17.1653
    0.0000  -15.0000   37.5000 9346.7100   17.1503
    7.5000  -15.0000   37.5000 8942.2383   17.1194
   -7.5000   -7.5000   37.5000 9386.2412   17.1683
    0.0000   -7.5000   37.5000 9460.3584   17.1532
    7.5000   -7.5000   37.5000 9051.1328   17.1167
   -7.5000    0.0000   37.5000 9490.1670   17.1665
    0.0000    0.0000   37.5000 9570.3232   17.1554
    7.5000    0.0000   37.5000 9142.2920   17.1203
   -7.5000    7.5000   37.5000 9066.0391   17.1557
    0.0000    7.5000   37.5000 9138.5576   17.1486
    7.5000    7.5000   37.5000 8708.9326   17.1214
   -7.5000   15.0000   37.5000 8820.7949   17.1547
    0.0000   15.0000   37.5000 8874.5430   17.1479
    7.5000   15.0000   37.5000 8448.2783   17.1266
   -7.5000   22.5000   37.5000 8139.3311   16.9365
    0.0000   22.5000   37.5000 8199.3750   16.9260
    7.5000   22.5000   37.5000 7792.9399   16.9030
   -7.5000   30.0000   37.5000 7412.0596   16.5485
    0.0000   30.0000   37.5000 7474.8364   16.5340
    7.5000   30.0000   37.5000 7112.6743   16.5042
   -7.5000   37.5000   37.5000 6653.2485   16.1064
    0.0000   37.5000   37.5000 6706.8862   16.0925
    7.5000   37.5000   37.5000 6387.1704   16.0588
   -7.5000   45.0000   37.5000 5962.2026   15.8052
    0.0000   45.0000   37.5000 6002.3296   15.7951
    7.5000   45.0000   37.5000 5713.8872   15.7653
   -7.5000  -45.0000   45.0000 6623.1680   15.9513
    0.0000  -45.0000   45.0000 6737.8042   15.9266
    7.5000  -45.0000   45.0000 6413.5923   15.8932
   -7.5000  -37.5000   45.0000 7051.7310   16.9122
    0.0000  -37.5000   45.0000 7176.8232   16.8858
    7.5000  -37.5000   45.0000 6833.7349   16.8592
   -7.5000  -30.0000   45.0000 7544.1826   17.3190
    0.0000  -30.0000   45.0000 7665.5420   17.2904
    7.5000  -30.0000   45.0000 7306.6748   17.2674
   -7.5000  -22.5000   45.0000 8099.1440   17.3308
    0.0000  -22.5000   45.0000 8205.1230   17.3004
    7.5000  -22.5000   45.0000 7841.0303   17.2735
   -7.5000  -15.0000   45.0000 8590.5566   17.3428
    0.0000  -15.0000   45.0000 8673.4395   17.3126
    7.5000  -15.0000   45.0000 8286.9941   17.2776
   -7.5000   -7.5000   45.0000 8706.1982   17.3472
    0.0000   -7.5000   45.0000 8773.5918   17.3190
    7.5000   -7.5000   45.0000 8385.0342   17.2792
   -7.5000    0.0000   45.0000 8809.1748   17.3358
    0.0000    0.0000   45.0000 8883.0967   17.3092
    7.5000    0.0000   45.0000 8477.0762   17.2729
   -7.5000    7.5000   45.0000 8407.8232   17.3140
    0.0000    7.5000   45.0000 8476.3096   17.2870
    7.5000    7.5000   45.0000 8077.7666   17.2597
   -7.5000   15.0000   45.0000 8181.9360   17.3125
    0.0000   15.0000   45.0000 8246.9033   17.2839
    7.5000   15.0000   45.0000 7846.6006   17.2609
   -7.5000   22.5000   45.0000 7571.7871   17.0997
    0.0000   22.5000   45.0000 7631.9585   17.0698
    7.5000   22.5000   45.0000 7258.7725   17.0432
   -7.5000   30.0000   45.0000 6892.8105   16.7179
    0.0000   30.0000   45.0000 6946.8999   16.6888
    7.5000   30.0000   45.0000 6622.7368   16.6551
   -7.5000   37.5000   45.0000 6180.0449   16.2711
    0.0000   37.5000   45.0000 6240.5513   16.2451
    7.5000   37.5000   45.0000 5942.9834   16.2084
   -7.5000   45.0000   45.0000 5539.4995   15.9595
    0.0000   45.0000   45.0000 5590.9009   15.9356
    7.5000   45.0000   45.0000 5322.7686   15.9042

---------------------------------------------------------------------
imgreg_4dfp /opt/freesurfer/average/711-2C_as_mni_average_305 /opt/freesurfer/average/711-2B_as_mni_average_305_mask talsrcimg_g11 none talsrcimg_to_711-2C_as_mni_average_305_t4 4355
---------------------------------------------------------------------

freesurfer imgreg_4dfp.c
/opt/freesurfer/average/711-2C_as_mni_average_305.4dfp.img
       256       256       256         1
  1.000000  1.000000  1.000000
orientation T byte_order littleendian
Reading image: /opt/freesurfer/average/711-2C_as_mni_average_305.4dfp.img
dimensions:      256       256       256
mmppix:       1.0000   -1.0000   -1.0000
center:     128.0000 -129.0000 -129.0000
/opt/freesurfer/average/711-2B_as_mni_average_305_mask.4dfp.img
       256       256       256         1
  1.000000  1.000000  1.000000
orientation T byte_order littleendian
Reading mask: /opt/freesurfer/average/711-2B_as_mni_average_305_mask.4dfp.img (2306576 pixels)
talsrcimg_g11.4dfp.img
       256       256       256         1
  0.898438  0.898438  0.898438
orientation T byte_order littleendian
Reading image: talsrcimg_g11.4dfp.img
dimensions:      256       256       256
mmppix:       0.8984   -0.8984   -0.8984
center:     115.0001 -115.8985 -115.8985
rotation matrix determinant  1.000000
image alignment mode   4355 decimal     1103 hex
   -7.5000  -52.5000  -30.0000 2127.2983   17.1038
    0.0000  -52.5000  -30.0000 2138.1145   17.0107
    7.5000  -52.5000  -30.0000 2114.5369   17.0422
   -7.5000  -45.0000  -30.0000 2257.5098   15.8189
    0.0000  -45.0000  -30.0000 2271.6125   15.7537
    7.5000  -45.0000  -30.0000 2246.1326   15.7996
   -7.5000  -37.5000  -30.0000 2340.5234   14.7217
    0.0000  -37.5000  -30.0000 2355.8716   14.6929
    7.5000  -37.5000  -30.0000 2331.0632   14.7219
   -7.5000  -30.0000  -30.0000 2400.4321   13.8095
    0.0000  -30.0000  -30.0000 2418.7742   13.7803
    7.5000  -30.0000  -30.0000 2396.7681   13.8430
   -7.5000  -22.5000  -30.0000 2447.8828   13.1774
    0.0000  -22.5000  -30.0000 2464.7412   13.1040
    7.5000  -22.5000  -30.0000 2447.6226   13.2087
   -7.5000  -15.0000  -30.0000 2468.6787   12.8285
    0.0000  -15.0000  -30.0000 2487.7500   12.7707
    7.5000  -15.0000  -30.0000 2472.6157   12.8268
   -7.5000   -7.5000  -30.0000 2469.9805   12.7282
    0.0000   -7.5000  -30.0000 2490.9644   12.6602
    7.5000   -7.5000  -30.0000 2476.5713   12.6992
   -7.5000    0.0000  -30.0000 2459.4265   12.9118
    0.0000    0.0000  -30.0000 2482.0779   12.8317
    7.5000    0.0000  -30.0000 2465.2739   12.8749
   -7.5000    7.5000  -30.0000 2435.5647   13.2444
    0.0000    7.5000  -30.0000 2458.0054   13.1658
    7.5000    7.5000  -30.0000 2440.5012   13.2162
   -7.5000   15.0000  -30.0000 2390.6184   13.9849
    0.0000   15.0000  -30.0000 2414.9324   13.8795
    7.5000   15.0000  -30.0000 2396.4158   13.9345
   -7.5000   22.5000  -30.0000 2325.4648   15.0576
    0.0000   22.5000  -30.0000 2348.1079   14.9563
    7.5000   22.5000  -30.0000 2330.7639   15.0242
   -7.5000   30.0000  -30.0000 2237.6934   16.4571
    0.0000   30.0000  -30.0000 2258.4304   16.3458
    7.5000   30.0000  -30.0000 2238.6450   16.4258
   -7.5000   37.5000  -30.0000 2100.7305   18.1151
    0.0000   37.5000  -30.0000 2122.7112   17.9779
    7.5000   37.5000  -30.0000 2106.6023   18.0603
   -7.5000  -52.5000  -22.5000 2237.3125   16.3471
    0.0000  -52.5000  -22.5000 2251.8984   16.3075
    7.5000  -52.5000  -22.5000 2230.1819   16.4091
   -7.5000  -45.0000  -22.5000 2372.0264   15.1098
    0.0000  -45.0000  -22.5000 2386.8108   15.0728
    7.5000  -45.0000  -22.5000 2358.6873   15.1182
   -7.5000  -37.5000  -22.5000 2459.6785   14.0883
    0.0000  -37.5000  -22.5000 2479.3728   14.0604
    7.5000  -37.5000  -22.5000 2451.5295   14.0773
   -7.5000  -30.0000  -22.5000 2520.3015   13.2214
    0.0000  -30.0000  -22.5000 2539.7585   13.1809
    7.5000  -30.0000  -22.5000 2519.9812   13.2317
   -7.5000  -22.5000  -22.5000 2576.8503   12.5706
    0.0000  -22.5000  -22.5000 2592.0579   12.5108
    7.5000  -22.5000  -22.5000 2574.3369   12.5904
   -7.5000  -15.0000  -22.5000 2611.9185   12.2000
    0.0000  -15.0000  -22.5000 2629.9519   12.1206
    7.5000  -15.0000  -22.5000 2614.5686   12.2065
   -7.5000   -7.5000  -22.5000 2625.2166   12.0893
    0.0000   -7.5000  -22.5000 2646.2493   11.9945
    7.5000   -7.5000  -22.5000 2626.1206   12.0898
   -7.5000    0.0000  -22.5000 2614.8220   12.2788
    0.0000    0.0000  -22.5000 2643.4893   12.2010
    7.5000    0.0000  -22.5000 2623.0305   12.2629
   -7.5000    7.5000  -22.5000 2589.9336   12.6745
    0.0000    7.5000  -22.5000 2620.1672   12.5837
    7.5000    7.5000  -22.5000 2597.8013   12.6427
   -7.5000   15.0000  -22.5000 2536.6204   13.4008
    0.0000   15.0000  -22.5000 2566.1113   13.2895
    7.5000   15.0000  -22.5000 2545.8057   13.3676
   -7.5000   22.5000  -22.5000 2457.6763   14.4471
    0.0000   22.5000  -22.5000 2485.1917   14.3053
    7.5000   22.5000  -22.5000 2467.8315   14.4034
   -7.5000   30.0000  -22.5000 2362.5938   15.7900
    0.0000   30.0000  -22.5000 2385.8469   15.6438
    7.5000   30.0000  -22.5000 2368.4448   15.7309
   -7.5000   37.5000  -22.5000 2221.4299   17.3839
    0.0000   37.5000  -22.5000 2245.0771   17.2512
    7.5000   37.5000  -22.5000 2228.5063   17.3391
   -7.5000  -52.5000  -15.0000 2320.8992   15.6768
    0.0000  -52.5000  -15.0000 2333.6223   15.6197
    7.5000  -52.5000  -15.0000 2312.4016   15.7713
   -7.5000  -45.0000  -15.0000 2461.4099   14.4273
    0.0000  -45.0000  -15.0000 2476.0056   14.3593
    7.5000  -45.0000  -15.0000 2447.9526   14.4769
   -7.5000  -37.5000  -15.0000 2551.8831   13.3916
    0.0000  -37.5000  -15.0000 2573.5657   13.2967
    7.5000  -37.5000  -15.0000 2543.0081   13.3742
   -7.5000  -30.0000  -15.0000 2617.1809   12.5934
    0.0000  -30.0000  -15.0000 2636.2588   12.4925
    7.5000  -30.0000  -15.0000 2611.3250   12.5659
   -7.5000  -22.5000  -15.0000 2679.2222   11.9748
    0.0000  -22.5000  -15.0000 2699.2937   11.8816
    7.5000  -22.5000  -15.0000 2675.2498   11.9571
   -7.5000  -15.0000  -15.0000 2722.9097   11.5703
    0.0000  -15.0000  -15.0000 2747.7603   11.4622
    7.5000  -15.0000  -15.0000 2726.1055   11.5443
   -7.5000   -7.5000  -15.0000 2745.9370   11.4432
    0.0000   -7.5000  -15.0000 2773.4880   11.3392
    7.5000   -7.5000  -15.0000 2749.7932   11.4328
   -7.5000    0.0000  -15.0000 2747.6099   11.6195
    0.0000    0.0000  -15.0000 2779.9299   11.5206
    7.5000    0.0000  -15.0000 2753.1855   11.5856
   -7.5000    7.5000  -15.0000 2719.9641   12.0434
    0.0000    7.5000  -15.0000 2755.4658   11.9418
    7.5000    7.5000  -15.0000 2726.8010   12.0208
   -7.5000   15.0000  -15.0000 2658.7981   12.7849
    0.0000   15.0000  -15.0000 2689.0168   12.6692
    7.5000   15.0000  -15.0000 2666.0391   12.7582
   -7.5000   22.5000  -15.0000 2567.5417   13.8079
    0.0000   22.5000  -15.0000 2594.5996   13.6705
    7.5000   22.5000  -15.0000 2574.8496   13.7481
   -7.5000   30.0000  -15.0000 2457.6921   15.1044
    0.0000   30.0000  -15.0000 2483.6724   14.9590
    7.5000   30.0000  -15.0000 2464.0999   15.0588
   -7.5000   37.5000  -15.0000 2310.2239   16.6644
    0.0000   37.5000  -15.0000 2332.8875   16.4996
    7.5000   37.5000  -15.0000 2316.8877   16.6135
   -7.5000  -52.5000   -7.5000 2362.8599   15.0519
    0.0000  -52.5000   -7.5000 2380.0889   14.9318
    7.5000  -52.5000   -7.5000 2354.6125   15.1502
   -7.5000  -45.0000   -7.5000 2504.3765   13.7482
    0.0000  -45.0000   -7.5000 2522.7803   13.6311
    7.5000  -45.0000   -7.5000 2494.1865   13.8070
   -7.5000  -37.5000   -7.5000 2602.7290   12.6833
    0.0000  -37.5000   -7.5000 2623.1667   12.5659
    7.5000  -37.5000   -7.5000 2597.1726   12.7066
   -7.5000  -30.0000   -7.5000 2681.9834   11.8923
    0.0000  -30.0000   -7.5000 2702.2837   11.7745
    7.5000  -30.0000   -7.5000 2676.5193   11.8914
   -7.5000  -22.5000   -7.5000 2746.6108   11.3208
    0.0000  -22.5000   -7.5000 2771.5923   11.1979
    7.5000  -22.5000   -7.5000 2747.2969   11.3117
   -7.5000  -15.0000   -7.5000 2799.3311   10.9614
    0.0000  -15.0000   -7.5000 2832.4377   10.8219
    7.5000  -15.0000   -7.5000 2809.3687   10.9455
   -7.5000   -7.5000   -7.5000 2829.6521   10.8283
    0.0000   -7.5000   -7.5000 2863.8311   10.6919
    7.5000   -7.5000   -7.5000 2838.8474   10.8096
   -7.5000    0.0000   -7.5000 2836.0803   10.9539
    0.0000    0.0000   -7.5000 2870.2622   10.8404
    7.5000    0.0000   -7.5000 2840.6282   10.9466
   -7.5000    7.5000   -7.5000 2802.2861   11.3947
    0.0000    7.5000   -7.5000 2839.0664   11.2699
    7.5000    7.5000   -7.5000 2811.8469   11.3968
   -7.5000   15.0000   -7.5000 2731.4990   12.1384
    0.0000   15.0000   -7.5000 2763.7844   12.0040
    7.5000   15.0000   -7.5000 2745.7034   12.1234
   -7.5000   22.5000   -7.5000 2633.9863   13.1437
    0.0000   22.5000   -7.5000 2665.7134   12.9917
    7.5000   22.5000   -7.5000 2644.4329   13.1131
   -7.5000   30.0000   -7.5000 2514.9683   14.4177
    0.0000   30.0000   -7.5000 2543.4688   14.2595
    7.5000   30.0000   -7.5000 2520.4668   14.3943
   -7.5000   37.5000   -7.5000 2359.3303   15.9604
    0.0000   37.5000   -7.5000 2379.8879   15.7826
    7.5000   37.5000   -7.5000 2364.5508   15.9006
   -7.5000  -52.5000    0.0000 2397.9856   14.7742
    0.0000  -52.5000    0.0000 2418.1526   14.5397
    7.5000  -52.5000    0.0000 2393.9253   14.8373
   -7.5000  -45.0000    0.0000 2538.2571   13.4280
    0.0000  -45.0000    0.0000 2558.6978   13.2052
    7.5000  -45.0000    0.0000 2536.1570   13.4619
   -7.5000  -37.5000    0.0000 2643.3093   12.3176
    0.0000  -37.5000    0.0000 2664.6855   12.1073
    7.5000  -37.5000    0.0000 2639.7095   12.3063
   -7.5000  -30.0000    0.0000 2733.5061   11.5125
    0.0000  -30.0000    0.0000 2754.2507   11.3098
    7.5000  -30.0000    0.0000 2727.7502   11.4655
   -7.5000  -22.5000    0.0000 2808.6511   10.9607
    0.0000  -22.5000    0.0000 2839.1172   10.7722
    7.5000  -22.5000    0.0000 2813.3181   10.9301
   -7.5000  -15.0000    0.0000 2875.6057   10.6535
    0.0000  -15.0000    0.0000 2917.2336   10.4709
    7.5000  -15.0000    0.0000 2884.8044   10.6296
   -7.5000   -7.5000    0.0000 2911.7124   10.5124
    0.0000   -7.5000    0.0000 2957.4548   10.3597
    7.5000   -7.5000    0.0000 2922.6543   10.5064
   -7.5000    0.0000    0.0000 2919.0635   10.5950
    0.0000    0.0000    0.0000 2951.8704   10.4497
    7.5000    0.0000    0.0000 2917.7898   10.6139
   -7.5000    7.5000    0.0000 2877.5227   11.0277
    0.0000    7.5000    0.0000 2911.2063   10.8572
    7.5000    7.5000    0.0000 2886.7039   11.0356
   -7.5000   15.0000    0.0000 2792.5754   11.7696
    0.0000   15.0000    0.0000 2829.6179   11.5847
    7.5000   15.0000    0.0000 2812.5708   11.7631
   -7.5000   22.5000    0.0000 2684.4824   12.8066
    0.0000   22.5000    0.0000 2721.2241   12.5955
    7.5000   22.5000    0.0000 2699.9326   12.7780
   -7.5000   30.0000    0.0000 2563.6692   14.1021
    0.0000   30.0000    0.0000 2592.2903   13.8703
    7.5000   30.0000    0.0000 2572.8591   14.0493
   -7.5000   37.5000    0.0000 2404.0610   15.5952
    0.0000   37.5000    0.0000 2424.2175   15.3611
    7.5000   37.5000    0.0000 2405.4316   15.5092
   -7.5000  -52.5000    7.5000 2414.0901   14.4670
    0.0000  -52.5000    7.5000 2434.6326   14.2567
    7.5000  -52.5000    7.5000 2412.9460   14.5505
   -7.5000  -45.0000    7.5000 2549.4839   13.1398
    0.0000  -45.0000    7.5000 2571.7524   12.9283
    7.5000  -45.0000    7.5000 2551.9172   13.1623
   -7.5000  -37.5000    7.5000 2661.8408   12.0531
    0.0000  -37.5000    7.5000 2683.8589   11.8186
    7.5000  -37.5000    7.5000 2663.6487   12.0241
   -7.5000  -30.0000    7.5000 2756.2026   11.2226
    0.0000  -30.0000    7.5000 2783.9419   11.0216
    7.5000  -30.0000    7.5000 2762.6450   11.1728
   -7.5000  -22.5000    7.5000 2842.2327   10.7273
    0.0000  -22.5000    7.5000 2877.7339   10.5499
    7.5000  -22.5000    7.5000 2851.6853   10.6568
   -7.5000  -15.0000    7.5000 2925.2578   10.5130
    0.0000  -15.0000    7.5000 2974.8999   10.3797
    7.5000  -15.0000    7.5000 2933.2324   10.4410
   -7.5000   -7.5000    7.5000 2966.8870   10.3862
    0.0000   -7.5000    7.5000 3023.0955   10.2820
    7.5000   -7.5000    7.5000 2976.3457   10.3397
   -7.5000    0.0000    7.5000 2970.1816   10.4445
    0.0000    0.0000    7.5000 3012.2380   10.2663
    7.5000    0.0000    7.5000 2966.9517   10.4017
   -7.5000    7.5000    7.5000 2916.7793   10.8320
    0.0000    7.5000    7.5000 2952.4280   10.6318
    7.5000    7.5000    7.5000 2925.3503   10.7853
   -7.5000   15.0000    7.5000 2821.7654   11.5291
    0.0000   15.0000    7.5000 2859.8921   11.3425
    7.5000   15.0000    7.5000 2839.1079   11.4800
   -7.5000   22.5000    7.5000 2707.1416   12.5184
    0.0000   22.5000    7.5000 2746.5017   12.3340
    7.5000   22.5000    7.5000 2726.3589   12.4376
   -7.5000   30.0000    7.5000 2578.5322   13.7949
    0.0000   30.0000    7.5000 2612.0774   13.5966
    7.5000   30.0000    7.5000 2593.6128   13.6899
   -7.5000   37.5000    7.5000 2414.6521   15.2430
    0.0000   37.5000    7.5000 2444.0820   15.0497
    7.5000   37.5000    7.5000 2422.6143   15.1153
   -7.5000  -52.5000   15.0000 2425.6736   14.4101
    0.0000  -52.5000   15.0000 2447.3950   14.1965
    7.5000  -52.5000   15.0000 2427.6602   14.4531
   -7.5000  -45.0000   15.0000 2559.2874   13.0878
    0.0000  -45.0000   15.0000 2584.2700   12.8491
    7.5000  -45.0000   15.0000 2568.1438   13.0815
   -7.5000  -37.5000   15.0000 2674.9854   12.0027
    0.0000  -37.5000   15.0000 2703.3225   11.8052
    7.5000  -37.5000   15.0000 2686.9612   11.9707
   -7.5000  -30.0000   15.0000 2770.7175   11.2307
    0.0000  -30.0000   15.0000 2802.9751   11.0460
    7.5000  -30.0000   15.0000 2784.3057   11.1605
   -7.5000  -22.5000   15.0000 2857.9971   10.7363
    0.0000  -22.5000   15.0000 2902.6306   10.6025
    7.5000  -22.5000   15.0000 2874.0688   10.6654
   -7.5000  -15.0000   15.0000 2940.3711   10.4882
    0.0000  -15.0000   15.0000 3000.9763   10.4213
    7.5000  -15.0000   15.0000 2953.4980   10.4387
   -7.5000   -7.5000   15.0000 2977.8313   10.4354
    0.0000   -7.5000   15.0000 3045.6377   10.3269
    7.5000   -7.5000   15.0000 2990.8057   10.3244
   -7.5000    0.0000   15.0000 2975.8066   10.5185
    0.0000    0.0000   15.0000 3027.4446   10.3729
    7.5000    0.0000   15.0000 2976.4072   10.4125
   -7.5000    7.5000   15.0000 2921.3311   10.8258
    0.0000    7.5000   15.0000 2961.1211   10.6697
    7.5000    7.5000   15.0000 2924.8882   10.7693
   -7.5000   15.0000   15.0000 2822.6101   11.4255
    0.0000   15.0000   15.0000 2860.0725   11.2780
    7.5000   15.0000   15.0000 2836.2954   11.3937
   -7.5000   22.5000   15.0000 2706.6121   12.3508
    0.0000   22.5000   15.0000 2742.2874   12.1973
    7.5000   22.5000   15.0000 2724.2439   12.2949
   -7.5000   30.0000   15.0000 2573.5789   13.5779
    0.0000   30.0000   15.0000 2606.4199   13.4195
    7.5000   30.0000   15.0000 2589.0208   13.5005
   -7.5000   37.5000   15.0000 2403.8115   15.0352
    0.0000   37.5000   15.0000 2436.1550   14.8668
    7.5000   37.5000   15.0000 2418.2288   14.9481
   -7.5000  -52.5000   22.5000 2430.9949   14.6088
    0.0000  -52.5000   22.5000 2454.7878   14.3864
    7.5000  -52.5000   22.5000 2427.9021   14.5818
   -7.5000  -45.0000   22.5000 2567.5757   13.2985
    0.0000  -45.0000   22.5000 2596.8679   13.0774
    7.5000  -45.0000   22.5000 2572.5098   13.2504
   -7.5000  -37.5000   22.5000 2682.9858   12.2184
    0.0000  -37.5000   22.5000 2713.5940   12.0012
    7.5000  -37.5000   22.5000 2691.3098   12.1609
   -7.5000  -30.0000   22.5000 2771.1106   11.4267
    0.0000  -30.0000   22.5000 2804.0215   11.2390
    7.5000  -30.0000   22.5000 2783.9858   11.3952
   -7.5000  -22.5000   22.5000 2854.6365   10.8997
    0.0000  -22.5000   22.5000 2895.1436   10.7541
    7.5000  -22.5000   22.5000 2868.7397   10.8831
   -7.5000  -15.0000   22.5000 2921.1133   10.6022
    0.0000  -15.0000   22.5000 2968.3672   10.4558
    7.5000  -15.0000   22.5000 2932.4480   10.5543
   -7.5000   -7.5000   22.5000 2949.5662   10.5239
    0.0000   -7.5000   22.5000 3001.4968   10.3719
    7.5000   -7.5000   22.5000 2961.4556   10.4471
   -7.5000    0.0000   22.5000 2941.6992   10.6598
    0.0000    0.0000   22.5000 2987.6145   10.5347
    7.5000    0.0000   22.5000 2949.6506   10.5936
   -7.5000    7.5000   22.5000 2886.6782   11.0140
    0.0000    7.5000   22.5000 2928.3916   10.8895
    7.5000    7.5000   22.5000 2895.5432   10.9757
   -7.5000   15.0000   22.5000 2791.8103   11.6042
    0.0000   15.0000   22.5000 2827.0676   11.4915
    7.5000   15.0000   22.5000 2809.1304   11.5943
   -7.5000   22.5000   22.5000 2678.4727   12.4556
    0.0000   22.5000   22.5000 2709.0459   12.3339
    7.5000   22.5000   22.5000 2694.8623   12.4337
   -7.5000   30.0000   22.5000 2545.7407   13.6296
    0.0000   30.0000   22.5000 2577.8435   13.4777
    7.5000   30.0000   22.5000 2564.7368   13.5835
   -7.5000   37.5000   22.5000 2382.2034   15.0545
    0.0000   37.5000   22.5000 2415.1687   14.8936
    7.5000   37.5000   22.5000 2403.3506   14.9866
   -7.5000  -52.5000   30.0000 2418.3696   14.9053
    0.0000  -52.5000   30.0000 2446.8579   14.6928
    7.5000  -52.5000   30.0000 2416.4299   14.8909
   -7.5000  -45.0000   30.0000 2563.1875   13.6520
    0.0000  -45.0000   30.0000 2595.4224   13.4230
    7.5000  -45.0000   30.0000 2565.7178   13.5960
   -7.5000  -37.5000   30.0000 2671.6638   12.5785
    0.0000  -37.5000   30.0000 2704.7173   12.3425
    7.5000  -37.5000   30.0000 2675.7017   12.5152
   -7.5000  -30.0000   30.0000 2759.9026   11.7931
    0.0000  -30.0000   30.0000 2796.4907   11.5935
    7.5000  -30.0000   30.0000 2770.8870   11.7610
   -7.5000  -22.5000   30.0000 2832.1343   11.2449
    0.0000  -22.5000   30.0000 2870.9207   11.0508
    7.5000  -22.5000   30.0000 2846.8210   11.2177
   -7.5000  -15.0000   30.0000 2877.5774   10.9156
    0.0000  -15.0000   30.0000 2920.5935   10.6886
    7.5000  -15.0000   30.0000 2895.2974   10.8426
   -7.5000   -7.5000   30.0000 2894.0774   10.8186
    0.0000   -7.5000   30.0000 2940.0828   10.6062
    7.5000   -7.5000   30.0000 2913.2866   10.7487
   -7.5000    0.0000   30.0000 2880.7773   10.9650
    0.0000    0.0000   30.0000 2923.7551   10.7993
    7.5000    0.0000   30.0000 2896.3350   10.9227
   -7.5000    7.5000   30.0000 2827.7080   11.3776
    0.0000    7.5000   30.0000 2867.9695   11.2154
    7.5000    7.5000   30.0000 2845.8711   11.3487
   -7.5000   15.0000   30.0000 2741.3633   12.0021
    0.0000   15.0000   30.0000 2774.5037   11.8568
    7.5000   15.0000   30.0000 2760.8848   11.9818
   -7.5000   22.5000   30.0000 2631.5938   12.8602
    0.0000   22.5000   30.0000 2663.8044   12.7286
    7.5000   22.5000   30.0000 2653.1855   12.8274
   -7.5000   30.0000   30.0000 2508.8574   13.9941
    0.0000   30.0000   30.0000 2538.4785   13.8196
    7.5000   30.0000   30.0000 2527.8523   13.9158
   -7.5000   37.5000   30.0000 2345.8740   15.3628
    0.0000   37.5000   30.0000 2371.6616   15.1745
    7.5000   37.5000   30.0000 2363.5154   15.2588
   -7.5000  -52.5000   37.5000 2384.9924   15.3999
    0.0000  -52.5000   37.5000 2420.1621   15.1874
    7.5000  -52.5000   37.5000 2391.2468   15.3640
   -7.5000  -45.0000   37.5000 2532.4568   14.1255
    0.0000  -45.0000   37.5000 2570.4614   13.8956
    7.5000  -45.0000   37.5000 2540.8088   14.0826
   -7.5000  -37.5000   37.5000 2639.1365   13.0636
    0.0000  -37.5000   37.5000 2678.2820   12.8338
    7.5000  -37.5000   37.5000 2649.7996   13.0264
   -7.5000  -30.0000   37.5000 2726.4202   12.2856
    0.0000  -30.0000   37.5000 2766.0920   12.0492
    7.5000  -30.0000   37.5000 2739.2925   12.2234
   -7.5000  -22.5000   37.5000 2787.6790   11.7311
    0.0000  -22.5000   37.5000 2832.2197   11.4836
    7.5000  -22.5000   37.5000 2809.9583   11.6505
   -7.5000  -15.0000   37.5000 2820.9233   11.3956
    0.0000  -15.0000   37.5000 2865.5652   11.1516
    7.5000  -15.0000   37.5000 2847.5471   11.3192
   -7.5000   -7.5000   37.5000 2829.6597   11.2899
    0.0000   -7.5000   37.5000 2871.0532   11.0864
    7.5000   -7.5000   37.5000 2852.4404   11.2215
   -7.5000    0.0000   37.5000 2803.5208   11.4813
    0.0000    0.0000   37.5000 2840.5654   11.3058
    7.5000    0.0000   37.5000 2821.0652   11.4175
   -7.5000    7.5000   37.5000 2748.6431   11.9333
    0.0000    7.5000   37.5000 2783.3884   11.7562
    7.5000    7.5000   37.5000 2767.7561   11.8639
   -7.5000   15.0000   37.5000 2669.6902   12.5774
    0.0000   15.0000   37.5000 2702.4619   12.3897
    7.5000   15.0000   37.5000 2690.5808   12.4916
   -7.5000   22.5000   37.5000 2569.8943   13.4330
    0.0000   22.5000   37.5000 2603.3345   13.2275
    7.5000   22.5000   37.5000 2592.3967   13.3411
   -7.5000   30.0000   37.5000 2451.3374   14.5744
    0.0000   30.0000   37.5000 2479.6875   14.3850
    7.5000   30.0000   37.5000 2473.0300   14.4776
   -7.5000   37.5000   37.5000 2289.0156   15.9592
    0.0000   37.5000   37.5000 2316.8347   15.7495
    7.5000   37.5000   37.5000 2308.6484   15.8129
   -7.5000  -52.5000   45.0000 2326.2771   16.0078
    0.0000  -52.5000   45.0000 2361.4617   15.7574
    7.5000  -52.5000   45.0000 2337.6597   15.8998
   -7.5000  -45.0000   45.0000 2466.9624   14.7056
    0.0000  -45.0000   45.0000 2505.2087   14.4741
    7.5000  -45.0000   45.0000 2480.1638   14.6244
   -7.5000  -37.5000   45.0000 2567.2227   13.6276
    0.0000  -37.5000   45.0000 2609.4143   13.4163
    7.5000  -37.5000   45.0000 2583.6140   13.5624
   -7.5000  -30.0000   45.0000 2649.3188   12.8333
    0.0000  -30.0000   45.0000 2691.3882   12.6054
    7.5000  -30.0000   45.0000 2670.6721   12.7532
   -7.5000  -22.5000   45.0000 2702.8694   12.2796
    0.0000  -22.5000   45.0000 2748.3132   12.0441
    7.5000  -22.5000   45.0000 2730.9487   12.2087
   -7.5000  -15.0000   45.0000 2730.4612   11.9559
    0.0000  -15.0000   45.0000 2770.0886   11.7193
    7.5000  -15.0000   45.0000 2750.6621   11.8883
   -7.5000   -7.5000   45.0000 2729.7063   11.8694
    0.0000   -7.5000   45.0000 2766.5393   11.6564
    7.5000   -7.5000   45.0000 2749.6704   11.7991
   -7.5000    0.0000   45.0000 2696.1892   12.0927
    0.0000    0.0000   45.0000 2728.6892   11.9156
    7.5000    0.0000   45.0000 2713.9756   12.0308
   -7.5000    7.5000   45.0000 2639.2886   12.5565
    0.0000    7.5000   45.0000 2673.1709   12.3809
    7.5000    7.5000   45.0000 2659.7805   12.4848
   -7.5000   15.0000   45.0000 2567.0010   13.2003
    0.0000   15.0000   45.0000 2600.4224   13.0019
    7.5000   15.0000   45.0000 2585.8909   13.0935
   -7.5000   22.5000   45.0000 2477.7849   14.0580
    0.0000   22.5000   45.0000 2510.1042   13.8520
    7.5000   22.5000   45.0000 2497.8311   13.9359
   -7.5000   30.0000   45.0000 2361.2314   15.2154
    0.0000   30.0000   45.0000 2390.7656   15.0007
    7.5000   30.0000   45.0000 2383.1748   15.0938
   -7.5000   37.5000   45.0000 2200.3801   16.6304
    0.0000   37.5000   45.0000 2227.7815   16.4520
    7.5000   37.5000   45.0000 2221.9673   16.5124
   -7.5000  -52.5000   52.5000 2249.3525   16.6053
    0.0000  -52.5000   52.5000 2280.3264   16.3768
    7.5000  -52.5000   52.5000 2258.9841   16.4906
   -7.5000  -45.0000   52.5000 2380.0540   15.2965
    0.0000  -45.0000   52.5000 2415.4575   15.0935
    7.5000  -45.0000   52.5000 2395.2268   15.2097
   -7.5000  -37.5000   52.5000 2468.3491   14.2048
    0.0000  -37.5000   52.5000 2508.3499   13.9917
    7.5000  -37.5000   52.5000 2486.6211   14.1278
   -7.5000  -30.0000   52.5000 2538.7322   13.4042
    0.0000  -30.0000   52.5000 2578.1807   13.1809
    7.5000  -30.0000   52.5000 2561.6670   13.3153
   -7.5000  -22.5000   52.5000 2584.9253   12.8493
    0.0000  -22.5000   52.5000 2621.7100   12.6128
    7.5000  -22.5000   52.5000 2609.0649   12.7748
   -7.5000  -15.0000   52.5000 2607.4795   12.5303
    0.0000  -15.0000   52.5000 2643.5166   12.3137
    7.5000  -15.0000   52.5000 2627.8672   12.4818
   -7.5000   -7.5000   52.5000 2607.3701   12.4506
    0.0000   -7.5000   52.5000 2639.8740   12.2652
    7.5000   -7.5000   52.5000 2625.4573   12.3978
   -7.5000    0.0000   52.5000 2571.2781   12.7230
    0.0000    0.0000   52.5000 2599.0298   12.5532
    7.5000    0.0000   52.5000 2589.3677   12.6577
   -7.5000    7.5000   52.5000 2516.9463   13.1847
    0.0000    7.5000   52.5000 2546.0947   13.0229
    7.5000    7.5000   52.5000 2536.5356   13.0951
   -7.5000   15.0000   52.5000 2450.9526   13.8379
    0.0000   15.0000   52.5000 2479.9243   13.6228
    7.5000   15.0000   52.5000 2468.0486   13.6983
   -7.5000   22.5000   52.5000 2360.7471   14.6987
    0.0000   22.5000   52.5000 2391.2905   14.4688
    7.5000   22.5000   52.5000 2379.9082   14.5424
   -7.5000   30.0000   52.5000 2249.7349   15.8514
    0.0000   30.0000   52.5000 2274.8152   15.6376
    7.5000   30.0000   52.5000 2265.5010   15.7028
   -7.5000   37.5000   52.5000 2092.2131   17.3339
    0.0000   37.5000   52.5000 2116.0081   17.1178
    7.5000   37.5000   52.5000 2104.8345   17.1587
   -7.5000  -52.5000   60.0000 2198.4121   17.7045
    0.0000  -52.5000   60.0000 2224.3811   17.4444
    7.5000  -52.5000   60.0000 2205.2300   17.5675
   -7.5000  -45.0000   60.0000 2320.5947   16.3597
    0.0000  -45.0000   60.0000 2348.3171   16.1348
    7.5000  -45.0000   60.0000 2329.3594   16.2446
   -7.5000  -37.5000   60.0000 2403.4927   15.2029
    0.0000  -37.5000   60.0000 2437.4160   14.9986
    7.5000  -37.5000   60.0000 2418.6162   15.1280
   -7.5000  -30.0000   60.0000 2462.0381   14.3867
    0.0000  -30.0000   60.0000 2499.5835   14.1755
    7.5000  -30.0000   60.0000 2482.4954   14.2874
   -7.5000  -22.5000   60.0000 2499.0784   13.7889
    0.0000  -22.5000   60.0000 2532.7837   13.5916
    7.5000  -22.5000   60.0000 2519.7788   13.7124
   -7.5000  -15.0000   60.0000 2520.1401   13.4502
    0.0000  -15.0000   60.0000 2550.7109   13.2638
    7.5000  -15.0000   60.0000 2535.3276   13.3998
   -7.5000   -7.5000   60.0000 2519.4329   13.3978
    0.0000   -7.5000   60.0000 2548.0618   13.2200
    7.5000   -7.5000   60.0000 2533.4275   13.3290
   -7.5000    0.0000   60.0000 2480.4873   13.6763
    0.0000    0.0000   60.0000 2510.4065   13.5159
    7.5000    0.0000   60.0000 2498.6714   13.5908
   -7.5000    7.5000   60.0000 2427.5662   14.1659
    0.0000    7.5000   60.0000 2457.8655   14.0369
    7.5000    7.5000   60.0000 2447.8647   14.0666
   -7.5000   15.0000   60.0000 2357.9609   14.8355
    0.0000   15.0000   60.0000 2389.3086   14.6614
    7.5000   15.0000   60.0000 2380.5117   14.6889
   -7.5000   22.5000   60.0000 2268.4082   15.7207
    0.0000   22.5000   60.0000 2296.5767   15.5417
    7.5000   22.5000   60.0000 2290.1045   15.5702
   -7.5000   30.0000   60.0000 2158.3459   16.9118
    0.0000   30.0000   60.0000 2183.6816   16.7571
    7.5000   30.0000   60.0000 2174.8816   16.7819
   -7.5000   37.5000   60.0000 2014.4120   18.4587
    0.0000   37.5000   60.0000 2033.4945   18.2955
    7.5000   37.5000   60.0000 2023.0542   18.3154

---------------------------------------------------------------------
imgreg_4dfp /opt/freesurfer/average/711-2C_as_mni_average_305 /opt/freesurfer/average/711-2B_as_mni_average_305_mask talsrcimg_g11 none talsrcimg_to_711-2C_as_mni_average_305_t4 1283
---------------------------------------------------------------------

freesurfer imgreg_4dfp.c
/opt/freesurfer/average/711-2C_as_mni_average_305.4dfp.img
       256       256       256         1
  1.000000  1.000000  1.000000
orientation T byte_order littleendian
Reading image: /opt/freesurfer/average/711-2C_as_mni_average_305.4dfp.img
dimensions:      256       256       256
mmppix:       1.0000   -1.0000   -1.0000
center:     128.0000 -129.0000 -129.0000
/opt/freesurfer/average/711-2B_as_mni_average_305_mask.4dfp.img
       256       256       256         1
  1.000000  1.000000  1.000000
orientation T byte_order littleendian
Reading mask: /opt/freesurfer/average/711-2B_as_mni_average_305_mask.4dfp.img (2306576 pixels)
talsrcimg_g11.4dfp.img
       256       256       256         1
  0.898438  0.898438  0.898438
orientation T byte_order littleendian
Reading image: talsrcimg_g11.4dfp.img
dimensions:      256       256       256
mmppix:       0.8984   -0.8984   -0.8984
center:     115.0001 -115.8985 -115.8985
rotation matrix determinant  1.000000
fimgreg.f
image alignment mode   1283 decimal      503 hex
parameters
    0.0000   -7.5000   15.0000    0.0000    0.0000    0.0000
eta,q 0.95505 10.36037
niter,ni,del,rscale     5    3   12.0000    1.2000
parameters
    0.4495   -5.0283   13.1941    2.7116   -2.2414   -2.5506
eta,q 0.96188 10.23850
  0.0622  0.0533  0.0458  0.0507  0.0425  0.0396
  0.0537  0.0501  0.0422  0.0472  0.0399  0.0385
  0.0471  0.0469  0.0407  0.0436  0.0388  0.0381
  0.0439  0.0438  0.0423  0.0408  0.0402  0.0388
  0.0452  0.0423  0.0455  0.0400  0.0438  0.0407
  0.0504  0.0428  0.0491  0.0407  0.0476  0.0438
  0.0577  0.0455  0.0532  0.0417  0.0529  0.0473
niter,ni,del,rscale     4    3   12.0000    1.2000
parameter  4 -0.506859 -> -0.500000 qaram    1.1500
parameters
    0.8675   -7.1123   13.8378    6.1616   -1.9984   -2.7283
eta,q 0.96451 10.24596
  0.0585  0.0405  0.0490  0.0465  0.0460  0.0392
  0.0493  0.0378  0.0429  0.0431  0.0405  0.0378
  0.0412  0.0368  0.0383  0.0395  0.0370  0.0363
  0.0381  0.0381  0.0368  0.0369  0.0355  0.0355
  0.0399  0.0408  0.0380  0.0356  0.0366  0.0360
  0.0458  0.0445  0.0408  0.0357  0.0398  0.0376
  0.0536  0.0483  0.0441  0.0373  0.0442  0.0402
niter,ni,del,rscale     4    3   12.0000    1.2000
parameters
    0.5085   -9.7862   14.5930    8.2676   -1.8514   -3.5169
eta,q 0.96777 10.21885
  0.0517  0.0374  0.0451  0.0461  0.0432  0.0368
  0.0426  0.0339  0.0397  0.0417  0.0378  0.0342
  0.0370  0.0339  0.0358  0.0368  0.0341  0.0326
  0.0355  0.0354  0.0338  0.0335  0.0323  0.0323
  0.0388  0.0395  0.0338  0.0323  0.0333  0.0336
  0.0464  0.0449  0.0364  0.0336  0.0371  0.0363
  0.0551  0.0488  0.0408  0.0375  0.0424  0.0399
niter,ni,del,rscale     3    3   12.0000    1.2000
parameters
    0.3868  -10.4254   14.9286    8.8335   -1.8277   -3.5314
eta,q 0.96830 10.22235
  0.0508  0.0425  0.0435  0.0431  0.0424  0.0381
  0.0411  0.0346  0.0384  0.0380  0.0371  0.0349
  0.0346  0.0318  0.0341  0.0335  0.0334  0.0326
  0.0322  0.0322  0.0319  0.0318  0.0317  0.0317
  0.0347  0.0350  0.0328  0.0326  0.0330  0.0323
  0.0425  0.0400  0.0365  0.0363  0.0370  0.0348
  0.0523  0.0457  0.0416  0.0397  0.0423  0.0384
niter,ni,del,rscale     2    3   12.0000    1.2000
parameters
    0.3819  -10.6968   15.0421    9.1080   -1.8593   -3.4995
eta,q 0.96844 10.22628
  0.0514  0.0441  0.0428  0.0424  0.0421  0.0383
  0.0415  0.0357  0.0378  0.0371  0.0369  0.0350
  0.0345  0.0318  0.0335  0.0329  0.0332  0.0325
  0.0317  0.0317  0.0316  0.0316  0.0316  0.0316
  0.0339  0.0341  0.0331  0.0330  0.0329  0.0321
  0.0418  0.0390  0.0370  0.0369  0.0370  0.0347
  0.0515  0.0448  0.0422  0.0402  0.0424  0.0384
niter,ni,del,rscale     1    3   12.0000    1.2000
parameters
    0.3910  -10.8353   15.0911    9.2479   -1.8842   -3.4784
eta,q 0.96848 10.22794
  0.0515  0.0447  0.0426  0.0422  0.0420  0.0382
  0.0416  0.0362  0.0375  0.0367  0.0369  0.0350
  0.0344  0.0320  0.0332  0.0326  0.0332  0.0325
  0.0316  0.0316  0.0315  0.0315  0.0315  0.0315
  0.0338  0.0338  0.0332  0.0333  0.0328  0.0321
  0.0418  0.0386  0.0372  0.0371  0.0369  0.0347
  0.0514  0.0444  0.0423  0.0404  0.0424  0.0384
registration optimization eta report
parameter search radius
    6.0000    6.0000    6.0000    6.9000    6.0000    6.0000
100000*second partial in parameter space
       55.       36.       29.       20.       29.       19.
  0.0515  0.0447  0.0426  0.0422  0.0420  0.0382
  0.0416  0.0362  0.0375  0.0367  0.0369  0.0350
  0.0344  0.0320  0.0332  0.0326  0.0332  0.0325
  0.0316  0.0316  0.0315  0.0315  0.0315  0.0315
  0.0338  0.0338  0.0332  0.0333  0.0328  0.0321
  0.0418  0.0386  0.0372  0.0371  0.0369  0.0347
  0.0514  0.0444  0.0423  0.0404  0.0424  0.0384
    0.3910  -10.8353   15.0911    9.2479   -1.8842   -3.4784
eta,q 0.96848 10.22794

---------------------------------------------------------------------
imgreg_4dfp /opt/freesurfer/average/711-2C_as_mni_average_305 /opt/freesurfer/average/711-2B_as_mni_average_305_mask talsrcimg_g11 none talsrcimg_to_711-2C_as_mni_average_305_t4 3335
---------------------------------------------------------------------

freesurfer imgreg_4dfp.c
/opt/freesurfer/average/711-2C_as_mni_average_305.4dfp.img
       256       256       256         1
  1.000000  1.000000  1.000000
orientation T byte_order littleendian
Reading image: /opt/freesurfer/average/711-2C_as_mni_average_305.4dfp.img
dimensions:      256       256       256
mmppix:       1.0000   -1.0000   -1.0000
center:     128.0000 -129.0000 -129.0000
/opt/freesurfer/average/711-2B_as_mni_average_305_mask.4dfp.img
       256       256       256         1
  1.000000  1.000000  1.000000
orientation T byte_order littleendian
Reading mask: /opt/freesurfer/average/711-2B_as_mni_average_305_mask.4dfp.img (2306576 pixels)
talsrcimg_g11.4dfp.img
       256       256       256         1
  0.898438  0.898438  0.898438
orientation T byte_order littleendian
Reading image: talsrcimg_g11.4dfp.img
dimensions:      256       256       256
mmppix:       0.8984   -0.8984   -0.8984
center:     115.0001 -115.8985 -115.8985
fimgreg.f
image alignment mode   3335 decimal      D07 hex
parameters
    0.3910  -10.8353   15.0911   -0.2382   -1.5137   -1.3531
    6.5158    2.2642   -6.0639  -16.2379   -3.2879   16.0619
eta,q 0.96764 10.29736
niter,ni,del,rscale     5    3    5.0000    1.2000
parameter  4  1.046111 ->  0.500000 qaram    1.1500
parameter  5  1.086660 ->  0.500000 qaram    1.1500
parameter 12  0.531259 ->  0.500000 qaram    1.1500
parameters
    0.2816  -10.4187   15.3562   -4.3782   -5.6537   -3.7106
    6.8033    2.7961   -3.5781  -18.2461   -3.3302   11.9219
eta,q 0.97280  9.93435
  0.0352  0.0351  0.0344  0.0296  0.0277  0.0292  0.0310  0.0335  0.0307  0.0291  0.0291  0.0275
  0.0336  0.0338  0.0333  0.0297  0.0280  0.0285  0.0294  0.0310  0.0295  0.0280  0.0283  0.0272
  0.0326  0.0329  0.0326  0.0305  0.0286  0.0280  0.0285  0.0290  0.0286  0.0276  0.0278  0.0273
  0.0324  0.0324  0.0323  0.0322  0.0298  0.0281  0.0280  0.0280  0.0280  0.0278  0.0276  0.0276
  0.0328  0.0323  0.0323  0.0345  0.0317  0.0291  0.0282  0.0283  0.0278  0.0286  0.0278  0.0283
  0.0340  0.0328  0.0328  0.0369  0.0338  0.0313  0.0291  0.0297  0.0280  0.0302  0.0283  0.0294
  0.0358  0.0338  0.0337  0.0398  0.0359  0.0346  0.0306  0.0324  0.0285  0.0326  0.0292  0.0307
niter,ni,del,rscale     7    3    5.0000    1.2000
parameters
    0.3935  -10.5765   15.2508   -6.0408   -6.8913   -2.7111
    6.3040    2.8576   -3.7046  -17.6231   -2.9724   11.9672
eta,q 0.97323  9.86538
  0.0314  0.0291  0.0287  0.0295  0.0292  0.0296  0.0292  0.0317  0.0284  0.0302  0.0283  0.0286
  0.0292  0.0280  0.0278  0.0281  0.0279  0.0285  0.0278  0.0292  0.0275  0.0284  0.0275  0.0277
  0.0278  0.0273  0.0273  0.0272  0.0272  0.0277  0.0270  0.0274  0.0270  0.0272  0.0270  0.0270
  0.0272  0.0272  0.0272  0.0272  0.0271  0.0271  0.0268  0.0268  0.0268  0.0268  0.0268  0.0268
  0.0275  0.0275  0.0274  0.0282  0.0276  0.0266  0.0272  0.0273  0.0270  0.0270  0.0269  0.0270
  0.0287  0.0284  0.0280  0.0302  0.0289  0.0270  0.0283  0.0289  0.0276  0.0277  0.0273  0.0276
  0.0307  0.0297  0.0290  0.0326  0.0312  0.0290  0.0300  0.0317  0.0285  0.0291  0.0280  0.0286
niter,ni,del,rscale     6    3    5.0000    1.2000
parameters
    0.4111  -10.4789   15.5679   -6.2544   -7.1817   -2.6286
    6.2761    2.8501   -3.8901  -17.5040   -3.0360   12.1152
eta,q 0.97327  9.84776
  0.0306  0.0291  0.0290  0.0301  0.0294  0.0291  0.0295  0.0315  0.0283  0.0297  0.0281  0.0286
  0.0285  0.0279  0.0279  0.0285  0.0280  0.0281  0.0280  0.0290  0.0274  0.0280  0.0273  0.0277
  0.0272  0.0271  0.0271  0.0273  0.0271  0.0274  0.0271  0.0273  0.0269  0.0271  0.0269  0.0270
  0.0268  0.0268  0.0268  0.0267  0.0268  0.0268  0.0267  0.0267  0.0267  0.0267  0.0267  0.0267
  0.0272  0.0270  0.0268  0.0271  0.0271  0.0265  0.0270  0.0272  0.0269  0.0270  0.0269  0.0269
  0.0284  0.0276  0.0272  0.0286  0.0281  0.0274  0.0280  0.0289  0.0275  0.0279  0.0274  0.0275
  0.0305  0.0288  0.0281  0.0308  0.0300  0.0297  0.0296  0.0317  0.0285  0.0295  0.0281  0.0286
niter,ni,del,rscale     5    3    5.0000    1.2000
parameters
    0.4269  -10.5433   15.6469   -6.3156   -7.2769   -2.6076
    6.2956    2.8610   -3.8913  -17.5757   -3.1095   12.2664
eta,q 0.97328  9.84304
  0.0306  0.0288  0.0286  0.0302  0.0295  0.0291  0.0295  0.0315  0.0284  0.0295  0.0281  0.0286
  0.0285  0.0276  0.0276  0.0286  0.0280  0.0281  0.0280  0.0290  0.0275  0.0279  0.0273  0.0277
  0.0272  0.0269  0.0270  0.0273  0.0271  0.0274  0.0271  0.0273  0.0269  0.0270  0.0269  0.0270
  0.0267  0.0267  0.0267  0.0267  0.0267  0.0267  0.0267  0.0267  0.0267  0.0267  0.0267  0.0267
  0.0271  0.0270  0.0269  0.0270  0.0270  0.0265  0.0270  0.0272  0.0269  0.0271  0.0269  0.0269
  0.0284  0.0278  0.0274  0.0284  0.0279  0.0274  0.0280  0.0289  0.0275  0.0280  0.0274  0.0275
  0.0305  0.0290  0.0284  0.0306  0.0298  0.0298  0.0295  0.0316  0.0284  0.0296  0.0281  0.0286
niter,ni,del,rscale     4    3    5.0000    1.2000
parameters
    0.4309  -10.5764   15.6830   -6.3309   -7.3091   -2.6190
    6.3063    2.8627   -3.8651  -17.6261   -3.1595   12.3498
eta,q 0.97328  9.84117
  0.0305  0.0289  0.0285  0.0302  0.0296  0.0291  0.0295  0.0315  0.0284  0.0295  0.0281  0.0286
  0.0284  0.0277  0.0276  0.0286  0.0281  0.0280  0.0280  0.0290  0.0275  0.0279  0.0273  0.0276
  0.0271  0.0269  0.0269  0.0274  0.0271  0.0274  0.0271  0.0273  0.0269  0.0270  0.0269  0.0270
  0.0267  0.0267  0.0267  0.0267  0.0267  0.0267  0.0267  0.0267  0.0267  0.0267  0.0267  0.0267
  0.0271  0.0270  0.0269  0.0270  0.0270  0.0265  0.0270  0.0272  0.0269  0.0271  0.0269  0.0269
  0.0284  0.0278  0.0275  0.0284  0.0279  0.0274  0.0280  0.0289  0.0275  0.0280  0.0274  0.0275
  0.0305  0.0290  0.0284  0.0306  0.0298  0.0298  0.0295  0.0316  0.0284  0.0296  0.0281  0.0286
niter,ni,del,rscale     3    3    5.0000    1.2000
parameters
    0.4326  -10.5964   15.6958   -6.3416   -7.3252   -2.6279
    6.3075    2.8614   -3.8513  -17.6544   -3.1737   12.3917
eta,q 0.97327  9.83991
  0.0305  0.0289  0.0285  0.0302  0.0296  0.0291  0.0295  0.0315  0.0284  0.0295  0.0281  0.0286
  0.0284  0.0277  0.0275  0.0286  0.0281  0.0280  0.0280  0.0290  0.0275  0.0280  0.0273  0.0276
  0.0272  0.0270  0.0269  0.0274  0.0271  0.0274  0.0271  0.0273  0.0269  0.0270  0.0269  0.0270
  0.0267  0.0267  0.0267  0.0267  0.0267  0.0267  0.0267  0.0267  0.0267  0.0267  0.0267  0.0267
  0.0271  0.0270  0.0269  0.0270  0.0270  0.0265  0.0270  0.0272  0.0269  0.0271  0.0269  0.0269
  0.0284  0.0277  0.0275  0.0284  0.0279  0.0274  0.0280  0.0289  0.0275  0.0280  0.0273  0.0275
  0.0305  0.0290  0.0285  0.0306  0.0298  0.0298  0.0295  0.0316  0.0284  0.0296  0.0281  0.0286
registration optimization eta report
parameter search radius
    2.4000    2.4000    2.4000    8.2800    8.2800    7.2000
    7.2000    7.2000    7.2000    7.2000    7.2000    8.2800
100000*second partial in parameter space
       66.       38.       31.        5.        4.        5.
        5.        9.        3.        5.        3.        3.
  0.0305  0.0289  0.0285  0.0302  0.0296  0.0291  0.0295  0.0315  0.0284  0.0295  0.0281  0.0286
  0.0284  0.0277  0.0275  0.0286  0.0281  0.0280  0.0280  0.0290  0.0275  0.0280  0.0273  0.0276
  0.0272  0.0270  0.0269  0.0274  0.0271  0.0274  0.0271  0.0273  0.0269  0.0270  0.0269  0.0270
  0.0267  0.0267  0.0267  0.0267  0.0267  0.0267  0.0267  0.0267  0.0267  0.0267  0.0267  0.0267
  0.0271  0.0270  0.0269  0.0270  0.0270  0.0265  0.0270  0.0272  0.0269  0.0271  0.0269  0.0269
  0.0284  0.0277  0.0275  0.0284  0.0279  0.0274  0.0280  0.0289  0.0275  0.0280  0.0273  0.0275
  0.0305  0.0290  0.0285  0.0306  0.0298  0.0298  0.0295  0.0316  0.0284  0.0296  0.0281  0.0286
    0.4326  -10.5964   15.6958   -6.3416   -7.3252   -2.6279
    6.3075    2.8614   -3.8513  -17.6544   -3.1737   12.3917
eta,q 0.97327  9.83991

---------------------------------------------------------------------
imgreg_4dfp /opt/freesurfer/average/711-2C_as_mni_average_305 /opt/freesurfer/average/711-2B_as_mni_average_305_mask talsrcimg_g11 none talsrcimg_to_711-2C_as_mni_average_305_t4 2311
---------------------------------------------------------------------

freesurfer imgreg_4dfp.c
/opt/freesurfer/average/711-2C_as_mni_average_305.4dfp.img
       256       256       256         1
  1.000000  1.000000  1.000000
orientation T byte_order littleendian
Reading image: /opt/freesurfer/average/711-2C_as_mni_average_305.4dfp.img
dimensions:      256       256       256
mmppix:       1.0000   -1.0000   -1.0000
center:     128.0000 -129.0000 -129.0000
/opt/freesurfer/average/711-2B_as_mni_average_305_mask.4dfp.img
       256       256       256         1
  1.000000  1.000000  1.000000
orientation T byte_order littleendian
Reading mask: /opt/freesurfer/average/711-2B_as_mni_average_305_mask.4dfp.img (2306576 pixels)
talsrcimg_g11.4dfp.img
       256       256       256         1
  0.898438  0.898438  0.898438
orientation T byte_order littleendian
Reading image: talsrcimg_g11.4dfp.img
dimensions:      256       256       256
mmppix:       0.8984   -0.8984   -0.8984
center:     115.0001 -115.8985 -115.8985
fimgreg.f
image alignment mode   2311 decimal      907 hex
parameters
    0.4326  -10.5964   15.6958   -6.3416   -7.3252   -2.6279
    6.3075    2.8614   -3.8513  -17.6544   -3.1737   12.3917
eta,q 0.97327  9.83991
niter,ni,del,rscale     5    3    5.0000    0.8000
parameters
    0.4324  -10.6122   15.7070   -5.9280   -7.1373   -1.5395
    6.3257    2.9841   -3.7583  -17.8176   -3.2245   11.9188
eta,q 0.97350  9.90767
  0.0284  0.0277  0.0275  0.0283  0.0278  0.0281  0.0278  0.0290  0.0273  0.0277  0.0272  0.0271
  0.0275  0.0272  0.0271  0.0275  0.0272  0.0276  0.0271  0.0277  0.0269  0.0270  0.0268  0.0267
  0.0269  0.0268  0.0268  0.0270  0.0268  0.0271  0.0267  0.0268  0.0266  0.0266  0.0266  0.0265
  0.0267  0.0267  0.0267  0.0267  0.0267  0.0267  0.0265  0.0265  0.0265  0.0265  0.0265  0.0265
  0.0269  0.0268  0.0268  0.0268  0.0268  0.0265  0.0266  0.0267  0.0266  0.0267  0.0266  0.0266
  0.0275  0.0272  0.0271  0.0271  0.0271  0.0267  0.0271  0.0275  0.0268  0.0272  0.0268  0.0269
  0.0284  0.0277  0.0275  0.0279  0.0276  0.0274  0.0278  0.0288  0.0272  0.0279  0.0272  0.0273
niter,ni,del,rscale     4    3    5.0000    0.7000
parameters
    0.4171  -10.5928   15.7656   -5.8877   -7.0595   -1.3547
    6.3152    2.9905   -3.7513  -17.7781   -3.2344   11.7710
eta,q 0.97353  9.91827
  0.0278  0.0273  0.0272  0.0276  0.0273  0.0276  0.0274  0.0283  0.0271  0.0275  0.0270  0.0270
  0.0271  0.0269  0.0268  0.0270  0.0269  0.0272  0.0269  0.0273  0.0267  0.0269  0.0267  0.0267
  0.0266  0.0266  0.0266  0.0267  0.0266  0.0268  0.0266  0.0267  0.0265  0.0266  0.0265  0.0265
  0.0265  0.0265  0.0265  0.0265  0.0265  0.0265  0.0265  0.0265  0.0265  0.0265  0.0265  0.0265
  0.0267  0.0266  0.0266  0.0266  0.0266  0.0265  0.0266  0.0267  0.0265  0.0266  0.0265  0.0266
  0.0271  0.0268  0.0268  0.0270  0.0268  0.0268  0.0269  0.0273  0.0267  0.0269  0.0267  0.0268
  0.0279  0.0272  0.0271  0.0276  0.0272  0.0277  0.0275  0.0283  0.0271  0.0275  0.0270  0.0271
niter,ni,del,rscale     3    3    5.0000    0.6000
parameters
    0.4159  -10.5865   15.7760   -5.8423   -7.0573   -1.1114
    6.3179    3.0009   -3.7507  -17.7900   -3.2466   11.6197
eta,q 0.97355  9.92833
  0.0275  0.0270  0.0270  0.0273  0.0271  0.0274  0.0272  0.0278  0.0269  0.0272  0.0269  0.0268
  0.0269  0.0267  0.0267  0.0269  0.0267  0.0271  0.0268  0.0271  0.0266  0.0268  0.0266  0.0266
  0.0266  0.0265  0.0265  0.0266  0.0265  0.0267  0.0265  0.0266  0.0265  0.0265  0.0265  0.0265
  0.0265  0.0265  0.0265  0.0265  0.0265  0.0265  0.0264  0.0264  0.0264  0.0264  0.0264  0.0264
  0.0266  0.0265  0.0265  0.0265  0.0265  0.0265  0.0265  0.0266  0.0265  0.0265  0.0265  0.0265
  0.0269  0.0267  0.0267  0.0268  0.0267  0.0267  0.0268  0.0270  0.0266  0.0268  0.0266  0.0267
  0.0275  0.0270  0.0270  0.0273  0.0270  0.0273  0.0272  0.0278  0.0269  0.0272  0.0269  0.0269
niter,ni,del,rscale     2    3    5.0000    0.5000
parameters
    0.4112  -10.5795   15.8009   -5.8283   -7.0775   -0.8953
    6.3364    2.9998   -3.7608  -17.7745   -3.2686   11.4741
eta,q 0.97357  9.93513
  0.0271  0.0268  0.0268  0.0270  0.0269  0.0272  0.0269  0.0274  0.0267  0.0270  0.0267  0.0267
  0.0267  0.0266  0.0266  0.0267  0.0266  0.0269  0.0267  0.0269  0.0266  0.0267  0.0266  0.0265
  0.0265  0.0265  0.0265  0.0265  0.0265  0.0266  0.0265  0.0265  0.0265  0.0265  0.0265  0.0264
  0.0264  0.0264  0.0264  0.0264  0.0264  0.0264  0.0264  0.0264  0.0264  0.0264  0.0264  0.0264
  0.0265  0.0265  0.0265  0.0265  0.0265  0.0264  0.0265  0.0265  0.0265  0.0265  0.0265  0.0265
  0.0268  0.0266  0.0266  0.0267  0.0266  0.0266  0.0266  0.0269  0.0266  0.0267  0.0266  0.0266
  0.0271  0.0268  0.0268  0.0270  0.0269  0.0271  0.0269  0.0274  0.0267  0.0270  0.0267  0.0267
niter,ni,del,rscale     1    3    5.0000    0.4000
parameters
    0.4067  -10.5775   15.8287   -5.8306   -7.0924   -0.7290
    6.3536    3.0081   -3.7873  -17.7652   -3.2759   11.3893
eta,q 0.97358  9.93993
  0.0269  0.0267  0.0267  0.0268  0.0267  0.0270  0.0267  0.0270  0.0266  0.0268  0.0266  0.0266
  0.0266  0.0265  0.0265  0.0266  0.0265  0.0267  0.0266  0.0267  0.0265  0.0266  0.0265  0.0265
  0.0265  0.0265  0.0265  0.0265  0.0265  0.0265  0.0265  0.0265  0.0264  0.0265  0.0264  0.0264
  0.0264  0.0264  0.0264  0.0264  0.0264  0.0264  0.0264  0.0264  0.0264  0.0264  0.0264  0.0264
  0.0265  0.0265  0.0265  0.0265  0.0265  0.0264  0.0265  0.0265  0.0264  0.0265  0.0264  0.0265
  0.0266  0.0265  0.0265  0.0266  0.0266  0.0266  0.0266  0.0267  0.0265  0.0266  0.0265  0.0265
  0.0269  0.0267  0.0267  0.0268  0.0267  0.0269  0.0267  0.0270  0.0266  0.0268  0.0266  0.0266
registration optimization eta report
parameter search radius
    0.8000    0.8000    0.8000    2.4000    2.4000    2.4000
    2.4000    2.4000    2.4000    2.4000    2.4000    2.4000
100000*second partial in parameter space
       68.       40.       38.        7.        5.        8.
        6.       11.        3.        6.        3.        3.
  0.0269  0.0267  0.0267  0.0268  0.0267  0.0270  0.0267  0.0270  0.0266  0.0268  0.0266  0.0266
  0.0266  0.0265  0.0265  0.0266  0.0265  0.0267  0.0266  0.0267  0.0265  0.0266  0.0265  0.0265
  0.0265  0.0265  0.0265  0.0265  0.0265  0.0265  0.0265  0.0265  0.0264  0.0265  0.0264  0.0264
  0.0264  0.0264  0.0264  0.0264  0.0264  0.0264  0.0264  0.0264  0.0264  0.0264  0.0264  0.0264
  0.0265  0.0265  0.0265  0.0265  0.0265  0.0264  0.0265  0.0265  0.0264  0.0265  0.0264  0.0265
  0.0266  0.0265  0.0265  0.0266  0.0266  0.0266  0.0266  0.0267  0.0265  0.0266  0.0265  0.0265
  0.0269  0.0267  0.0267  0.0268  0.0267  0.0269  0.0267  0.0270  0.0266  0.0268  0.0266  0.0266
    0.4067  -10.5775   15.8287   -5.8306   -7.0924   -0.7290
    6.3536    3.0081   -3.7873  -17.7652   -3.2759   11.3893
eta,q 0.97358  9.93993

---------------------------------------------------------------------
imgreg_4dfp /opt/freesurfer/average/711-2C_as_mni_average_305 /opt/freesurfer/average/711-2B_as_mni_average_305_mask talsrcimg_g11 none talsrcimg_to_711-2C_as_mni_average_305_t4 2311
---------------------------------------------------------------------

freesurfer imgreg_4dfp.c
/opt/freesurfer/average/711-2C_as_mni_average_305.4dfp.img
       256       256       256         1
  1.000000  1.000000  1.000000
orientation T byte_order littleendian
Reading image: /opt/freesurfer/average/711-2C_as_mni_average_305.4dfp.img
dimensions:      256       256       256
mmppix:       1.0000   -1.0000   -1.0000
center:     128.0000 -129.0000 -129.0000
/opt/freesurfer/average/711-2B_as_mni_average_305_mask.4dfp.img
       256       256       256         1
  1.000000  1.000000  1.000000
orientation T byte_order littleendian
Reading mask: /opt/freesurfer/average/711-2B_as_mni_average_305_mask.4dfp.img (2306576 pixels)
talsrcimg_g11.4dfp.img
       256       256       256         1
  0.898438  0.898438  0.898438
orientation T byte_order littleendian
Reading image: talsrcimg_g11.4dfp.img
dimensions:      256       256       256
mmppix:       0.8984   -0.8984   -0.8984
center:     115.0001 -115.8985 -115.8985
fimgreg.f
image alignment mode   2311 decimal      907 hex
parameters
    0.4067  -10.5775   15.8287   -5.8306   -7.0924   -0.7290
    6.3536    3.0081   -3.7873  -17.7652   -3.2759   11.3893
eta,q 0.97358  9.93993
niter,ni,del,rscale     5    3    5.0000    0.8000
parameters
    0.4117  -10.5842   15.8343   -6.0096   -7.0649   -1.3299
    6.2852    2.9748   -3.7564  -17.6675   -3.2075   11.7655
eta,q 0.97353  9.91368
  0.0282  0.0274  0.0274  0.0278  0.0275  0.0276  0.0277  0.0288  0.0273  0.0279  0.0272  0.0273
  0.0272  0.0269  0.0269  0.0271  0.0269  0.0272  0.0270  0.0275  0.0268  0.0271  0.0268  0.0269
  0.0266  0.0265  0.0265  0.0266  0.0265  0.0267  0.0266  0.0267  0.0266  0.0266  0.0266  0.0266
  0.0264  0.0264  0.0264  0.0264  0.0264  0.0264  0.0265  0.0265  0.0265  0.0265  0.0265  0.0265
  0.0266  0.0265  0.0265  0.0266  0.0265  0.0266  0.0266  0.0267  0.0266  0.0266  0.0266  0.0265
  0.0272  0.0269  0.0268  0.0271  0.0269  0.0274  0.0271  0.0275  0.0268  0.0270  0.0268  0.0267
  0.0282  0.0274  0.0274  0.0281  0.0274  0.0290  0.0278  0.0289  0.0272  0.0277  0.0272  0.0271
niter,ni,del,rscale     4    3    5.0000    0.7000
parameters
    0.4204  -10.5876   15.7829   -5.9023   -7.0773   -1.3122
    6.3059    2.9949   -3.7626  -17.7438   -3.2332   11.7414
eta,q 0.97353  9.91828
  0.0278  0.0272  0.0271  0.0276  0.0272  0.0276  0.0274  0.0283  0.0271  0.0275  0.0270  0.0270
  0.0271  0.0268  0.0268  0.0270  0.0268  0.0272  0.0269  0.0273  0.0267  0.0269  0.0267  0.0267
  0.0266  0.0266  0.0265  0.0266  0.0266  0.0268  0.0266  0.0267  0.0265  0.0266  0.0265  0.0265
  0.0265  0.0265  0.0265  0.0265  0.0265  0.0265  0.0265  0.0265  0.0265  0.0265  0.0265  0.0265
  0.0266  0.0266  0.0266  0.0266  0.0266  0.0265  0.0266  0.0267  0.0265  0.0266  0.0265  0.0265
  0.0271  0.0268  0.0268  0.0269  0.0268  0.0269  0.0269  0.0273  0.0267  0.0270  0.0267  0.0267
  0.0278  0.0272  0.0272  0.0276  0.0272  0.0278  0.0275  0.0283  0.0271  0.0275  0.0270  0.0270
niter,ni,del,rscale     3    3    5.0000    0.6000
parameters
    0.4160  -10.5853   15.7823   -5.8458   -7.0735   -1.1022
    6.3231    3.0020   -3.7470  -17.7787   -3.2456   11.6193
eta,q 0.97355  9.92786
  0.0274  0.0270  0.0270  0.0273  0.0270  0.0274  0.0272  0.0278  0.0269  0.0272  0.0269  0.0268
  0.0269  0.0267  0.0267  0.0269  0.0267  0.0270  0.0268  0.0271  0.0266  0.0268  0.0266  0.0266
  0.0266  0.0265  0.0265  0.0266  0.0265  0.0267  0.0265  0.0266  0.0265  0.0265  0.0265  0.0265
  0.0265  0.0265  0.0265  0.0265  0.0265  0.0265  0.0264  0.0264  0.0264  0.0265  0.0264  0.0264
  0.0266  0.0265  0.0265  0.0265  0.0265  0.0265  0.0265  0.0266  0.0265  0.0265  0.0265  0.0265
  0.0269  0.0267  0.0267  0.0268  0.0267  0.0267  0.0267  0.0270  0.0266  0.0268  0.0266  0.0267
  0.0275  0.0270  0.0270  0.0273  0.0270  0.0274  0.0272  0.0278  0.0269  0.0272  0.0269  0.0269
niter,ni,del,rscale     2    3    5.0000    0.5000
parameters
    0.4099  -10.5796   15.8050   -5.8315   -7.0838   -0.8940
    6.3311    2.9995   -3.7648  -17.7802   -3.2658   11.4875
eta,q 0.97357  9.93486
  0.0271  0.0268  0.0268  0.0270  0.0269  0.0272  0.0269  0.0274  0.0267  0.0270  0.0267  0.0267
  0.0267  0.0266  0.0266  0.0267  0.0266  0.0269  0.0267  0.0269  0.0266  0.0267  0.0266  0.0265
  0.0265  0.0265  0.0265  0.0265  0.0265  0.0266  0.0265  0.0265  0.0265  0.0265  0.0265  0.0264
  0.0264  0.0264  0.0264  0.0264  0.0264  0.0264  0.0264  0.0264  0.0264  0.0264  0.0264  0.0264
  0.0265  0.0265  0.0265  0.0265  0.0265  0.0264  0.0265  0.0265  0.0265  0.0265  0.0265  0.0265
  0.0268  0.0266  0.0266  0.0267  0.0266  0.0266  0.0266  0.0269  0.0266  0.0267  0.0266  0.0266
  0.0271  0.0268  0.0268  0.0270  0.0269  0.0271  0.0269  0.0274  0.0267  0.0270  0.0267  0.0267
niter,ni,del,rscale     1    3    5.0000    0.4000
parameters
    0.4049  -10.5805   15.8308   -5.8225   -7.0963   -0.7340
    6.3508    3.0054   -3.7753  -17.7769   -3.2753   11.4102
eta,q 0.97358  9.94007
  0.0269  0.0267  0.0267  0.0268  0.0267  0.0269  0.0267  0.0270  0.0266  0.0268  0.0266  0.0266
  0.0266  0.0265  0.0265  0.0266  0.0265  0.0267  0.0266  0.0267  0.0265  0.0266  0.0265  0.0265
  0.0265  0.0265  0.0265  0.0265  0.0265  0.0265  0.0265  0.0265  0.0264  0.0265  0.0264  0.0264
  0.0264  0.0264  0.0264  0.0264  0.0264  0.0264  0.0264  0.0264  0.0264  0.0264  0.0264  0.0264
  0.0265  0.0265  0.0264  0.0265  0.0265  0.0264  0.0265  0.0265  0.0264  0.0265  0.0264  0.0264
  0.0266  0.0265  0.0265  0.0266  0.0266  0.0266  0.0266  0.0267  0.0265  0.0266  0.0265  0.0265
  0.0269  0.0267  0.0267  0.0268  0.0267  0.0269  0.0267  0.0270  0.0266  0.0268  0.0266  0.0266
registration optimization eta report
parameter search radius
    0.8000    0.8000    0.8000    2.4000    2.4000    2.4000
    2.4000    2.4000    2.4000    2.4000    2.4000    2.4000
100000*second partial in parameter space
       69.       39.       37.        7.        5.        8.
        6.       11.        3.        6.        3.        3.
  0.0269  0.0267  0.0267  0.0268  0.0267  0.0269  0.0267  0.0270  0.0266  0.0268  0.0266  0.0266
  0.0266  0.0265  0.0265  0.0266  0.0265  0.0267  0.0266  0.0267  0.0265  0.0266  0.0265  0.0265
  0.0265  0.0265  0.0265  0.0265  0.0265  0.0265  0.0265  0.0265  0.0264  0.0265  0.0264  0.0264
  0.0264  0.0264  0.0264  0.0264  0.0264  0.0264  0.0264  0.0264  0.0264  0.0264  0.0264  0.0264
  0.0265  0.0265  0.0264  0.0265  0.0265  0.0264  0.0265  0.0265  0.0264  0.0265  0.0264  0.0264
  0.0266  0.0265  0.0265  0.0266  0.0266  0.0266  0.0266  0.0267  0.0265  0.0266  0.0265  0.0265
  0.0269  0.0267  0.0267  0.0268  0.0267  0.0269  0.0267  0.0270  0.0266  0.0268  0.0266  0.0266
    0.4049  -10.5805   15.8308   -5.8225   -7.0963   -0.7340
    6.3508    3.0054   -3.7753  -17.7769   -3.2753   11.4102
eta,q 0.97358  9.94007

---------------------------------------------------------------------
compute_vox2vox talsrcimg talsrcimg_to_711-2C_as_mni_average_305_t4 /opt/freesurfer/average/711-2C_as_mni_average_305
---------------------------------------------------------------------

freesurfer compute_vox2vox.c
Reading: talsrcimg.4dfp.ifh
Reading: talsrcimg_to_711-2C_as_mni_average_305_t4
Reading: /opt/freesurfer/average/711-2C_as_mni_average_305.4dfp.ifh
Writing: talsrcimg_to_711-2C_as_mni_average_305_t4_vox2vox.txt

start time Thu Mar 12 20:58:46 CET 2026
end		time Thu Mar 12 20:58:59 CET 2026

mpr2mni305 success

avi2talxfm orig_nu.mgz /opt/freesurfer/average/mni305.cor.mgz talsrcimg_to_711-2C_as_mni_average_305_t4_vox2vox.txt transforms/talairach.auto.xfm
avi2talxfm done
mv -f /out/sourcedata/freesurfer/sub-v2s2x29062_ses-1/mri/talsrcimg_to_711-2C_as_mni_average_305_t4_vox2vox.txt /out/sourcedata/freesurfer/sub-v2s2x29062_ses-1/mri/transforms/talsrcimg_to_711-2C_as_mni_average_305_t4_vox2vox.txt
lta_convert --src orig_nu.mgz --trg /opt/freesurfer/average/mni305.cor.mgz --inxfm transforms/talairach.auto.xfm --outlta transforms/talairach.auto.xfm.lta --subject fsaverage
7.3.2

--src: orig_nu.mgz src image (geometry).
--trg: /opt/freesurfer/average/mni305.cor.mgz trg image (geometry).
--inmni: transforms/talairach.auto.xfm input MNI/XFM transform.
--outlta: transforms/talairach.auto.xfm.lta output LTA.
--s: fsaverage subject name
 LTA read, type : 1
 1.05761  -0.04400  -0.06689   1.30521;
 0.02931   0.98449  -0.12292  -4.10361;
 0.04859   0.18659   1.05014  -8.52192;
 0.00000   0.00000   0.00000   1.00000;
setting subject to fsaverage
Writing  LTA to file transforms/talairach.auto.xfm.lta...
lta_convert successful.
 
 
Started at Thu Mar 12 20:58:45 CET 2026
Ended   at Thu Mar 12 20:58:59 CET 2026
talairach_avi done
