/out/sourcedata/freesurfer/sub-v2s2x29070_ses-1/mri
/opt/freesurfer/bin/talairach_avi
--i orig_nu.mgz --xfm transforms/talairach.auto.xfm
talairach_avi 7.3.2
Linux dna017 5.14.0-427.37.1.el9_4.x86_64 #1 SMP PREEMPT_DYNAMIC Fri Sep 13 12:41:50 EDT 2024 x86_64 x86_64 x86_64 GNU/Linux
Thu Mar 12 21:55:07 CET 2026
mri_convert orig_nu.mgz talsrcimg.img 
reading from orig_nu.mgz...
TR=0.00, TE=0.00, TI=0.00, flip angle=0.00
i_ras = (-1, 0, 0)
j_ras = (0, 0, -1)
k_ras = (0, 1, 0)
writing to talsrcimg.img...
Analyze Output Matrix
-0.89844   0.00000   0.00000   112.71809;
 0.00000   0.00000   0.89844  -123.92690;
 0.00000  -0.89844   0.00000   133.33583;
 0.00000   0.00000   0.00000   1.00000;
--------------------
INFO: set hdr.hist.orient to -1
mpr2mni305 talsrcimg
Thu Mar 12 21:55:07 CET 2026
/opt/freesurfer/bin/mpr2mni305 talsrcimg
mpr2mni305 7.3.2
target=711-2C_as_mni_average_305

---------------------------------------------------------------------
analyzeto4dfp talsrcimg -O0 -y
---------------------------------------------------------------------

freesurfer ifh2hdr.c
Thu Mar 12 21:55:08 2026
Writing: talsrcimg.4dfp.hdr
freesurfer analyzeto4dfp.c
Reading: talsrcimg.hdr
header size 348 bytes
hdr.dime.datatype	offset=70	value=2
hdr.dime.bitpix		offset=72	value=8
hdr.hist.orient		offset=252	value=-1
dimensionality     4
dimensions       256       256       256         1
Reading: talsrcimg.img
Writing: talsrcimg.4dfp.img
Writing: talsrcimg.4dfp.ifh
ifh2hdr talsrcimg -r0to255
ori=2

---------------------------------------------------------------------
gauss_4dfp talsrcimg 1.1
---------------------------------------------------------------------

freesurfer gauss_4dfp.c
Reading: talsrcimg.4dfp.img
Writing: talsrcimg_g11.4dfp.img
image dimensions 256 256 256 padded to 288 288 288
processing volume 1freesurfer ifh2hdr.c
Thu Mar 12 21:55:09 2026
Writing: talsrcimg_g11.4dfp.hdr

Writing: talsrcimg_g11.4dfp.ifh
including: talsrcimg.4dfp.img.rec in talsrcimg_g11.4dfp.img.rec

---------------------------------------------------------------------
imgreg_4dfp /opt/freesurfer/average/711-2C_as_mni_average_305 none talsrcimg_g11 none talsrcimg_to_711-2C_as_mni_average_305_t4 4355
---------------------------------------------------------------------

freesurfer imgreg_4dfp.c
/opt/freesurfer/average/711-2C_as_mni_average_305.4dfp.img
       256       256       256         1
  1.000000  1.000000  1.000000
orientation T byte_order littleendian
Reading image: /opt/freesurfer/average/711-2C_as_mni_average_305.4dfp.img
dimensions:      256       256       256
mmppix:       1.0000   -1.0000   -1.0000
center:     128.0000 -129.0000 -129.0000
talsrcimg_g11.4dfp.img
       256       256       256         1
  0.898437  0.898437  0.898437
orientation T byte_order littleendian
Reading image: talsrcimg_g11.4dfp.img
dimensions:      256       256       256
mmppix:       0.8984   -0.8984   -0.8984
center:     114.9999 -115.8984 -115.8984
t4_read: open error in t4_sub.f l:  41 t4_file(1:l)talsrcimg_to_711-2C_as_mni_average_305_t4 
t4_read: transform initialized to I4
rotation matrix determinant  1.000000
image alignment mode   4355 decimal     1103 hex
   -7.5000  -45.0000  -45.0000 6555.6968    8.9772
    0.0000  -45.0000  -45.0000 6565.7407    8.9875
    7.5000  -45.0000  -45.0000 6193.9482    9.0119
   -7.5000  -37.5000  -45.0000 6926.3364    9.5660
    0.0000  -37.5000  -45.0000 6926.1245    9.5796
    7.5000  -37.5000  -45.0000 6531.1934    9.6092
   -7.5000  -30.0000  -45.0000 7325.5190    9.8613
    0.0000  -30.0000  -45.0000 7331.6025    9.8801
    7.5000  -30.0000  -45.0000 6923.2886    9.9144
   -7.5000  -22.5000  -45.0000 7849.2827    9.8196
    0.0000  -22.5000  -45.0000 7866.9761    9.8402
    7.5000  -22.5000  -45.0000 7449.8052    9.8744
   -7.5000  -15.0000  -45.0000 8357.8906    9.7799
    0.0000  -15.0000  -45.0000 8368.8359    9.7978
    7.5000  -15.0000  -45.0000 7914.3745    9.8283
   -7.5000   -7.5000  -45.0000 8529.0684    9.7791
    0.0000   -7.5000  -45.0000 8548.6748    9.7928
    7.5000   -7.5000  -45.0000 8061.6777    9.8200
   -7.5000    0.0000  -45.0000 8583.2578    9.8231
    0.0000    0.0000  -45.0000 8598.8594    9.8344
    7.5000    0.0000  -45.0000 8099.8506    9.8611
   -7.5000    7.5000  -45.0000 8161.7412    9.8676
    0.0000    7.5000  -45.0000 8162.0596    9.8816
    7.5000    7.5000  -45.0000 7678.1162    9.9121
   -7.5000   15.0000  -45.0000 7856.5459    9.8613
    0.0000   15.0000  -45.0000 7858.4492    9.8801
    7.5000   15.0000  -45.0000 7380.6006    9.9144
   -7.5000   22.5000  -45.0000 7247.3364    9.6875
    0.0000   22.5000  -45.0000 7249.6758    9.7079
    7.5000   22.5000  -45.0000 6779.7490    9.7416
   -7.5000   30.0000  -45.0000 6652.6050    9.3912
    0.0000   30.0000  -45.0000 6634.8169    9.4084
    7.5000   30.0000  -45.0000 6201.7090    9.4377
   -7.5000   37.5000  -45.0000 6081.7168    9.3456
    0.0000   37.5000  -45.0000 6066.5938    9.3571
    7.5000   37.5000  -45.0000 5692.7466    9.3823
   -7.5000   45.0000  -45.0000 5546.5928    9.3338
    0.0000   45.0000  -45.0000 5539.9985    9.3420
    7.5000   45.0000  -45.0000 5187.6084    9.3655
   -7.5000  -45.0000  -37.5000 7125.8818    9.3586
    0.0000  -45.0000  -37.5000 7128.8022    9.3677
    7.5000  -45.0000  -37.5000 6708.7466    9.3912
   -7.5000  -37.5000  -37.5000 7526.7495    9.9781
    0.0000  -37.5000  -37.5000 7534.6904    9.9902
    7.5000  -37.5000  -37.5000 7088.1558   10.0178
   -7.5000  -30.0000  -37.5000 7966.9990   10.2701
    0.0000  -30.0000  -37.5000 7982.7261   10.2872
    7.5000  -30.0000  -37.5000 7527.6123   10.3188
   -7.5000  -22.5000  -37.5000 8516.2100   10.2271
    0.0000  -22.5000  -37.5000 8540.3848   10.2461
    7.5000  -22.5000  -37.5000 8069.6172   10.2780
   -7.5000  -15.0000  -37.5000 9046.8525   10.1847
    0.0000  -15.0000  -37.5000 9064.1875   10.2012
    7.5000  -15.0000  -37.5000 8571.7295   10.2305
   -7.5000   -7.5000  -37.5000 9235.6660   10.1828
    0.0000   -7.5000  -37.5000 9240.8350   10.1953
    7.5000   -7.5000  -37.5000 8724.6045   10.2218
   -7.5000    0.0000  -37.5000 9281.2266   10.2277
    0.0000    0.0000  -37.5000 9289.4082   10.2377
    7.5000    0.0000  -37.5000 8756.3418   10.2633
   -7.5000    7.5000  -37.5000 8790.6309   10.2745
    0.0000    7.5000  -37.5000 8798.2744   10.2870
    7.5000    7.5000  -37.5000 8296.5723   10.3154
   -7.5000   15.0000  -37.5000 8441.5410   10.2696
    0.0000   15.0000  -37.5000 8456.7393   10.2867
    7.5000   15.0000  -37.5000 7959.1787   10.3183
   -7.5000   22.5000  -37.5000 7772.9106   10.0903
    0.0000   22.5000  -37.5000 7783.7744   10.1091
    7.5000   22.5000  -37.5000 7302.7856   10.1406
   -7.5000   30.0000  -37.5000 7126.7515    9.7869
    0.0000   30.0000  -37.5000 7124.9756    9.8027
    7.5000   30.0000  -37.5000 6676.1597    9.8309
   -7.5000   37.5000  -37.5000 6493.4253    9.7345
    0.0000   37.5000  -37.5000 6489.5591    9.7452
    7.5000   37.5000  -37.5000 6092.1782    9.7698
   -7.5000   45.0000  -37.5000 5912.4189    9.7075
    0.0000   45.0000  -37.5000 5911.1636    9.7146
    7.5000   45.0000  -37.5000 5546.0063    9.7371
   -7.5000  -45.0000  -30.0000 7713.0620    9.7448
    0.0000  -45.0000  -30.0000 7708.1943    9.7519
    7.5000  -45.0000  -30.0000 7258.4268    9.7716
   -7.5000  -37.5000  -30.0000 8126.5962   10.3926
    0.0000  -37.5000  -30.0000 8131.0420   10.4026
    7.5000  -37.5000  -30.0000 7676.5532   10.4269
   -7.5000  -30.0000  -30.0000 8618.4561   10.6836
    0.0000  -30.0000  -30.0000 8639.1465   10.6984
    7.5000  -30.0000  -30.0000 8149.6978   10.7281
   -7.5000  -22.5000  -30.0000 9210.4121   10.6421
    0.0000  -22.5000  -30.0000 9229.1895   10.6587
    7.5000  -22.5000  -30.0000 8719.7539   10.6899
   -7.5000  -15.0000  -30.0000 9780.4326   10.5995
    0.0000  -15.0000  -30.0000 9791.4551   10.6137
    7.5000  -15.0000  -30.0000 9257.9541   10.6415
   -7.5000   -7.5000  -30.0000 9945.6084   10.5959
    0.0000   -7.5000  -30.0000 9951.6650   10.6061
    7.5000   -7.5000  -30.0000 9402.8203   10.6295
   -7.5000    0.0000  -30.0000 9958.9844   10.6389
    0.0000    0.0000  -30.0000 9981.8838   10.6466
    7.5000    0.0000  -30.0000 9430.3730   10.6682
   -7.5000    7.5000  -30.0000 9404.1240   10.6852
    0.0000    7.5000  -30.0000 9421.0332   10.6955
    7.5000    7.5000  -30.0000 8921.7559   10.7204
   -7.5000   15.0000  -30.0000 9037.4043   10.6821
    0.0000   15.0000  -30.0000 9042.5205   10.6969
    7.5000   15.0000  -30.0000 8554.8740   10.7267
   -7.5000   22.5000  -30.0000 8312.9004   10.5003
    0.0000   22.5000  -30.0000 8326.6660   10.5166
    7.5000   22.5000  -30.0000 7867.0698   10.5475
   -7.5000   30.0000  -30.0000 7611.5933   10.1929
    0.0000   30.0000  -30.0000 7623.1191   10.2066
    7.5000   30.0000  -30.0000 7169.7803   10.2333
   -7.5000   37.5000  -30.0000 6907.9316   10.1393
    0.0000   37.5000  -30.0000 6909.1504   10.1487
    7.5000   37.5000  -30.0000 6507.6514   10.1710
   -7.5000   45.0000  -30.0000 6281.8877   10.1041
    0.0000   45.0000  -30.0000 6275.9409   10.1099
    7.5000   45.0000  -30.0000 5904.9980   10.1299
   -7.5000  -45.0000  -22.5000 8303.6865   10.1053
    0.0000  -45.0000  -22.5000 8307.2725   10.1126
    7.5000  -45.0000  -22.5000 7825.6743   10.1280
   -7.5000  -37.5000  -22.5000 8732.8945   10.7799
    0.0000  -37.5000  -22.5000 8749.0918   10.7900
    7.5000  -37.5000  -22.5000 8255.1719   10.8121
   -7.5000  -30.0000  -22.5000 9275.3281   11.0666
    0.0000  -30.0000  -22.5000 9299.0186   11.0814
    7.5000  -30.0000  -22.5000 8758.9355   11.1111
   -7.5000  -22.5000  -22.5000 9923.4219   11.0250
    0.0000  -22.5000  -22.5000 9940.2871   11.0414
    7.5000  -22.5000  -22.5000 9366.9326   11.0723
   -7.5000  -15.0000  -22.500010528.5938   10.9850
    0.0000  -15.0000  -22.500010543.9736   10.9989
    7.5000  -15.0000  -22.5000 9947.4482   11.0238
   -7.5000   -7.5000  -22.500010671.8203   10.9832
    0.0000   -7.5000  -22.500010704.5479   10.9933
    7.5000   -7.5000  -22.500010100.5303   11.0118
   -7.5000    0.0000  -22.500010672.0576   11.0263
    0.0000    0.0000  -22.500010712.0586   11.0342
    7.5000    0.0000  -22.500010105.8008   11.0512
   -7.5000    7.5000  -22.500010062.5000   11.0696
    0.0000    7.5000  -22.500010089.7666   11.0799
    7.5000    7.5000  -22.5000 9538.2959   11.1027
   -7.5000   15.0000  -22.5000 9634.6309   11.0640
    0.0000   15.0000  -22.5000 9655.6875   11.0787
    7.5000   15.0000  -22.5000 9171.6436   11.1084
   -7.5000   22.5000  -22.5000 8840.7480   10.8791
    0.0000   22.5000  -22.5000 8850.7578   10.8953
    7.5000   22.5000  -22.5000 8401.5693   10.9258
   -7.5000   30.0000  -22.5000 8076.1455   10.5713
    0.0000   30.0000  -22.5000 8089.1055   10.5847
    7.5000   30.0000  -22.5000 7645.7305   10.6087
   -7.5000   37.5000  -22.5000 7323.3574   10.5222
    0.0000   37.5000  -22.5000 7314.9976   10.5319
    7.5000   37.5000  -22.5000 6910.6562   10.5499
   -7.5000   45.0000  -22.5000 6650.9619   10.4918
    0.0000   45.0000  -22.5000 6638.4854   10.4982
    7.5000   45.0000  -22.5000 6258.1162   10.5150
   -7.5000  -45.0000  -15.0000 8870.2441   10.4558
    0.0000  -45.0000  -15.0000 8873.2764   10.4659
    7.5000  -45.0000  -15.0000 8346.6533   10.4810
   -7.5000  -37.5000  -15.0000 9351.1602   11.1516
    0.0000  -37.5000  -15.0000 9366.1865   11.1651
    7.5000  -37.5000  -15.0000 8811.3965   11.1883
   -7.5000  -30.0000  -15.0000 9945.7744   11.4334
    0.0000  -30.0000  -15.0000 9970.0879   11.4523
    7.5000  -30.0000  -15.0000 9366.1689   11.4842
   -7.5000  -22.5000  -15.000010656.4365   11.3874
    0.0000  -22.5000  -15.000010676.3135   11.4082
    7.5000  -22.5000  -15.000010034.6055   11.4407
   -7.5000  -15.0000  -15.000011319.2627   11.3474
    0.0000  -15.0000  -15.000011345.2471   11.3652
    7.5000  -15.0000  -15.000010650.7910   11.3902
   -7.5000   -7.5000  -15.000011463.0918   11.3496
    0.0000   -7.5000  -15.000011507.2676   11.3629
    7.5000   -7.5000  -15.000010797.5713   11.3807
   -7.5000    0.0000  -15.000011429.4258   11.3975
    0.0000    0.0000  -15.000011464.1436   11.4086
    7.5000    0.0000  -15.000010777.4053   11.4252
   -7.5000    7.5000  -15.000010742.5947   11.4402
    0.0000    7.5000  -15.000010767.6104   11.4540
    7.5000    7.5000  -15.000010158.4014   11.4778
   -7.5000   15.0000  -15.000010290.6338   11.4299
    0.0000   15.0000  -15.000010308.3213   11.4488
    7.5000   15.0000  -15.0000 9769.4717   11.4806
   -7.5000   22.5000  -15.0000 9392.6641   11.2384
    0.0000   22.5000  -15.0000 9407.4580   11.2590
    7.5000   22.5000  -15.0000 8936.9922   11.2911
   -7.5000   30.0000  -15.0000 8552.9795   10.9283
    0.0000   30.0000  -15.0000 8561.5400   10.9455
    7.5000   30.0000  -15.0000 8116.4146   10.9696
   -7.5000   37.5000  -15.0000 7759.7480   10.8906
    0.0000   37.5000  -15.0000 7746.6675   10.9028
    7.5000   37.5000  -15.0000 7329.7852   10.9197
   -7.5000   45.0000  -15.0000 7051.5073   10.8733
    0.0000   45.0000  -15.0000 7030.3931   10.8820
    7.5000   45.0000  -15.0000 6657.4194   10.8981
   -7.5000  -45.0000   -7.5000 9147.9678   10.4485
    0.0000  -45.0000   -7.5000 9166.9785   10.4604
    7.5000  -45.0000   -7.5000 8601.6533   10.4795
   -7.5000  -37.5000   -7.5000 9671.5908   11.1456
    0.0000  -37.5000   -7.5000 9693.1104   11.1616
    7.5000  -37.5000   -7.5000 9087.8828   11.1886
   -7.5000  -30.0000   -7.500010333.7920   11.4256
    0.0000  -30.0000   -7.500010360.0059   11.4476
    7.5000  -30.0000   -7.5000 9684.3193   11.4821
   -7.5000  -22.5000   -7.500011101.4688   11.3759
    0.0000  -22.5000   -7.500011140.1523   11.4000
    7.5000  -22.5000   -7.500010418.4463   11.4341
   -7.5000  -15.0000   -7.500011804.5566   11.3337
    0.0000  -15.0000   -7.500011849.0908   11.3541
    7.5000  -15.0000   -7.500011067.4590   11.3815
   -7.5000   -7.5000   -7.500011951.2861   11.3375
    0.0000   -7.5000   -7.500011988.3682   11.3529
    7.5000   -7.5000   -7.500011184.8359   11.3742
   -7.5000    0.0000   -7.500011879.0957   11.3895
    0.0000    0.0000   -7.500011890.2188   11.4026
    7.5000    0.0000   -7.500011140.6406   11.4235
   -7.5000    7.5000   -7.500011134.2998   11.4340
    0.0000    7.5000   -7.500011144.5459   11.4504
    7.5000    7.5000   -7.500010491.1602   11.4781
   -7.5000   15.0000   -7.500010652.9434   11.4220
    0.0000   15.0000   -7.500010659.9170   11.4441
    7.5000   15.0000   -7.500010069.2002   11.4786
   -7.5000   22.5000   -7.5000 9723.0098   11.2271
    0.0000   22.5000   -7.5000 9726.2168   11.2509
    7.5000   22.5000   -7.5000 9203.1113   11.2846
   -7.5000   30.0000   -7.5000 8801.5430   10.9151
    0.0000   30.0000   -7.5000 8791.2070   10.9348
    7.5000   30.0000   -7.5000 8333.1582   10.9611
   -7.5000   37.5000   -7.5000 7974.8340   10.8814
    0.0000   37.5000   -7.5000 7956.4702   10.8948
    7.5000   37.5000   -7.5000 7539.5532   10.9145
   -7.5000   45.0000   -7.5000 7232.7354   10.8689
    0.0000   45.0000   -7.5000 7228.2827   10.8787
    7.5000   45.0000   -7.5000 6839.5967   10.8975
   -7.5000  -45.0000    0.0000 9243.2129   10.6979
    0.0000  -45.0000    0.0000 9286.3467   10.7098
    7.5000  -45.0000    0.0000 8706.5908   10.7349
   -7.5000  -37.5000    0.0000 9783.2588   11.4115
    0.0000  -37.5000    0.0000 9807.2188   11.4274
    7.5000  -37.5000    0.0000 9186.9746   11.4585
   -7.5000  -30.0000    0.000010527.4873   11.6940
    0.0000  -30.0000    0.000010536.3789   11.7160
    7.5000  -30.0000    0.0000 9808.1680   11.7520
   -7.5000  -22.5000    0.000011465.3721   11.6419
    0.0000  -22.5000    0.000011489.7109   11.6659
    7.5000  -22.5000    0.000010626.4258   11.7016
   -7.5000  -15.0000    0.000012203.8652   11.5941
    0.0000  -15.0000    0.000012256.7197   11.6146
    7.5000  -15.0000    0.000011318.1514   11.6461
   -7.5000   -7.5000    0.000012245.3164   11.5953
    0.0000   -7.5000    0.000012285.0264   11.6109
    7.5000   -7.5000    0.000011376.4658   11.6386
   -7.5000    0.0000    0.000012060.0576   11.6500
    0.0000    0.0000    0.000012082.7910   11.6630
    7.5000    0.0000    0.000011242.8516   11.6903
   -7.5000    7.5000    0.000011281.5479   11.6991
    0.0000    7.5000    0.000011307.1230   11.7154
    7.5000    7.5000    0.000010548.7207   11.7472
   -7.5000   15.0000    0.000010796.9121   11.6898
    0.0000   15.0000    0.000010806.8242   11.7118
    7.5000   15.0000    0.000010125.7402   11.7479
   -7.5000   22.5000    0.0000 9859.4639   11.4912
    0.0000   22.5000    0.0000 9854.8662   11.5149
    7.5000   22.5000    0.0000 9245.3779   11.5501
   -7.5000   30.0000    0.0000 8916.6162   11.1727
    0.0000   30.0000    0.0000 8904.9590   11.1925
    7.5000   30.0000    0.0000 8371.7363   11.2227
   -7.5000   37.5000    0.0000 8060.8350   11.1439
    0.0000   37.5000    0.0000 8048.0430   11.1570
    7.5000   37.5000    0.0000 7579.7935   11.1826
   -7.5000   45.0000    0.0000 7293.2354   11.1403
    0.0000   45.0000    0.0000 7291.5488   11.1497
    7.5000   45.0000    0.0000 6863.8301   11.1734
   -7.5000  -45.0000    7.5000 9038.9102   10.7028
    0.0000  -45.0000    7.5000 9077.1885   10.7126
    7.5000  -45.0000    7.5000 8476.6582   10.7384
   -7.5000  -37.5000    7.5000 9512.9414   11.4182
    0.0000  -37.5000    7.5000 9529.2070   11.4314
    7.5000  -37.5000    7.5000 8903.3164   11.4615
   -7.5000  -30.0000    7.500010210.5098   11.7054
    0.0000  -30.0000    7.500010207.4541   11.7242
    7.5000  -30.0000    7.5000 9469.4023   11.7585
   -7.5000  -22.5000    7.500011326.3232   11.6563
    0.0000  -22.5000    7.500011364.0918   11.6771
    7.5000  -22.5000    7.500010319.9775   11.7122
   -7.5000  -15.0000    7.500012215.7041   11.6071
    0.0000  -15.0000    7.500012309.2324   11.6250
    7.5000  -15.0000    7.500011043.4189   11.6575
   -7.5000   -7.5000    7.500012120.8096   11.6042
    0.0000   -7.5000    7.500012183.0068   11.6176
    7.5000   -7.5000    7.500011080.7217   11.6471
   -7.5000    0.0000    7.500011760.1816   11.6554
    0.0000    0.0000    7.500011788.4658   11.6661
    7.5000    0.0000    7.500010872.0938   11.6942
   -7.5000    7.5000    7.500010923.2891   11.7059
    0.0000    7.5000    7.500010942.0596   11.7195
    7.5000    7.5000    7.500010137.3877   11.7504
   -7.5000   15.0000    7.500010424.8721   11.7012
    0.0000   15.0000    7.500010462.6309   11.7200
    7.5000   15.0000    7.5000 9750.2305   11.7543
   -7.5000   22.5000    7.5000 9512.6045   11.5054
    0.0000   22.5000    7.5000 9544.1924   11.5259
    7.5000   22.5000    7.5000 8941.5352   11.5606
   -7.5000   30.0000    7.5000 8628.5781   11.1852
    0.0000   30.0000    7.5000 8649.4170   11.2024
    7.5000   30.0000    7.5000 8120.2710   11.2338
   -7.5000   37.5000    7.5000 7814.6870   11.1520
    0.0000   37.5000    7.5000 7828.1191   11.1634
    7.5000   37.5000    7.5000 7362.2485   11.1910
   -7.5000   45.0000    7.5000 7059.1992   11.1436
    0.0000   45.0000    7.5000 7066.6636   11.1511
    7.5000   45.0000    7.5000 6642.3081   11.1758
   -7.5000  -45.0000   15.0000 9011.3193   10.8424
    0.0000  -45.0000   15.0000 9035.3213   10.8498
    7.5000  -45.0000   15.0000 8471.1055   10.8719
   -7.5000  -37.5000   15.0000 9458.9600   11.5641
    0.0000  -37.5000   15.0000 9469.6836   11.5748
    7.5000  -37.5000   15.0000 8900.6865   11.6021
   -7.5000  -30.0000   15.000010118.1260   11.8574
    0.0000  -30.0000   15.000010141.1240   11.8732
    7.5000  -30.0000   15.0000 9506.9395   11.9064
   -7.5000  -22.5000   15.000011233.9502   11.8128
    0.0000  -22.5000   15.000011371.2715   11.8304
    7.5000  -22.5000   15.000010354.8984   11.8649
   -7.5000  -15.0000   15.000012189.6016   11.7661
    0.0000  -15.0000   15.000012382.6455   11.7809
    7.5000  -15.0000   15.000011055.0439   11.8115
   -7.5000   -7.5000   15.000012122.3555   11.7612
    0.0000   -7.5000   15.000012222.0801   11.7716
    7.5000   -7.5000   15.000011092.6426   11.7975
   -7.5000    0.0000   15.000011734.9893   11.8072
    0.0000    0.0000   15.000011768.4268   11.8152
    7.5000    0.0000   15.000010860.8838   11.8393
   -7.5000    7.5000   15.000010832.6143   11.8555
    0.0000    7.5000   15.000010864.6875   11.8665
    7.5000    7.5000   15.000010097.0352   11.8945
   -7.5000   15.0000   15.000010358.8730   11.8532
    0.0000   15.0000   15.000010415.0488   11.8690
    7.5000   15.0000   15.0000 9736.5742   11.9022
   -7.5000   22.5000   15.0000 9474.6865   11.6599
    0.0000   22.5000   15.0000 9543.2793   11.6772
    7.5000   22.5000   15.0000 8936.6504   11.7114
   -7.5000   30.0000   15.0000 8599.3379   11.3384
    0.0000   30.0000   15.0000 8643.7734   11.3527
    7.5000   30.0000   15.0000 8123.6201   11.3821
   -7.5000   37.5000   15.0000 7792.0127   11.2967
    0.0000   37.5000   15.0000 7815.3076   11.3064
    7.5000   37.5000   15.0000 7359.8169   11.3311
   -7.5000   45.0000   15.0000 7034.4849   11.2730
    0.0000   45.0000   15.0000 7052.4160   11.2790
    7.5000   45.0000   15.0000 6639.9966   11.3015
   -7.5000  -45.0000   22.5000 8483.4990   11.0191
    0.0000  -45.0000   22.5000 8495.6523   11.0265
    7.5000  -45.0000   22.5000 8031.4482   11.0449
   -7.5000  -37.5000   22.5000 8929.7471   11.7481
    0.0000  -37.5000   22.5000 8948.4512   11.7591
    7.5000  -37.5000   22.5000 8462.6348   11.7851
   -7.5000  -30.0000   22.5000 9566.9736   12.0439
    0.0000  -30.0000   22.5000 9626.7471   12.0601
    7.5000  -30.0000   22.5000 9073.3047   12.0944
   -7.5000  -22.5000   22.500010458.5039   12.0008
    0.0000  -22.5000   22.500010624.8994   12.0186
    7.5000  -22.5000   22.5000 9828.4424   12.0539
   -7.5000  -15.0000   22.500011179.4834   11.9582
    0.0000  -15.0000   22.500011354.4834   11.9728
    7.5000  -15.0000   22.500010431.8584   12.0012
   -7.5000   -7.5000   22.500011205.2490   11.9549
    0.0000   -7.5000   22.500011288.2109   11.9651
    7.5000   -7.5000   22.500010471.4688   11.9866
   -7.5000    0.0000   22.500011001.6680   11.9992
    0.0000    0.0000   22.500011038.6426   12.0073
    7.5000    0.0000   22.500010312.6035   12.0274
   -7.5000    7.5000   22.500010225.5449   12.0442
    0.0000    7.5000   22.500010264.6592   12.0554
    7.5000    7.5000   22.5000 9612.4336   12.0821
   -7.5000   15.0000   22.5000 9844.0977   12.0397
    0.0000   15.0000   22.5000 9889.6846   12.0559
    7.5000   15.0000   22.5000 9265.1201   12.0901
   -7.5000   22.5000   22.5000 9022.9902   11.8455
    0.0000   22.5000   22.5000 9050.5742   11.8631
    7.5000   22.5000   22.5000 8486.5947   11.8979
   -7.5000   30.0000   22.5000 8177.2861   11.5236
    0.0000   30.0000   22.5000 8193.0625   11.5376
    7.5000   30.0000   22.5000 7692.6489   11.5650
   -7.5000   37.5000   22.5000 7383.9893   11.4773
    0.0000   37.5000   22.5000 7384.3472   11.4873
    7.5000   37.5000   22.5000 6946.7725   11.5082
   -7.5000   45.0000   22.5000 6636.1523   11.4422
    0.0000   45.0000   22.5000 6633.2505   11.4489
    7.5000   45.0000   22.5000 6246.8804   11.4686
   -7.5000  -45.0000   30.0000 7951.5898   11.1993
    0.0000  -45.0000   30.0000 7971.1777   11.2114
    7.5000  -45.0000   30.0000 7566.2446   11.2308
   -7.5000  -37.5000   30.0000 8383.3184   11.9418
    0.0000  -37.5000   30.0000 8408.3682   11.9584
    7.5000  -37.5000   30.0000 7989.2515   11.9877
   -7.5000  -30.0000   30.0000 8965.6504   12.2389
    0.0000  -30.0000   30.0000 9022.8594   12.2617
    7.5000  -30.0000   30.0000 8546.0303   12.3012
   -7.5000  -22.5000   30.0000 9677.6777   12.1922
    0.0000  -22.5000   30.0000 9773.5947   12.2168
    7.5000  -22.5000   30.0000 9178.9141   12.2567
   -7.5000  -15.0000   30.000010292.7178   12.1522
    0.0000  -15.0000   30.000010351.4092   12.1728
    7.5000  -15.0000   30.0000 9718.0693   12.2036
   -7.5000   -7.5000   30.000010403.3721   12.1542
    0.0000   -7.5000   30.000010412.3076   12.1696
    7.5000   -7.5000   30.0000 9812.0381   12.1919
   -7.5000    0.0000   30.000010282.6455   12.2022
    0.0000    0.0000   30.000010291.7061   12.2155
    7.5000    0.0000   30.0000 9701.8730   12.2367
   -7.5000    7.5000   30.0000 9593.7910   12.2448
    0.0000    7.5000   30.0000 9615.3965   12.2619
    7.5000    7.5000   30.0000 9054.2510   12.2919
   -7.5000   15.0000   30.0000 9271.0381   12.2345
    0.0000   15.0000   30.0000 9289.7861   12.2573
    7.5000   15.0000   30.0000 8744.4834   12.2968
   -7.5000   22.5000   30.0000 8514.4121   12.0333
    0.0000   22.5000   30.0000 8515.8428   12.0576
    7.5000   22.5000   30.0000 8017.0366   12.0970
   -7.5000   30.0000   30.0000 7722.0498   11.7158
    0.0000   30.0000   30.0000 7721.3076   11.7357
    7.5000   30.0000   30.0000 7257.8652   11.7654
   -7.5000   37.5000   30.0000 6942.8325   11.6754
    0.0000   37.5000   30.0000 6934.0859   11.6901
    7.5000   37.5000   30.0000 6518.1260   11.7115
   -7.5000   45.0000   30.0000 6218.1079   11.6386
    0.0000   45.0000   30.0000 6207.5288   11.6498
    7.5000   45.0000   30.0000 5833.4150   11.6699
   -7.5000  -45.0000   37.5000 7479.9189   11.2751
    0.0000  -45.0000   37.5000 7502.9053   11.2885
    7.5000  -45.0000   37.5000 7125.6870   11.3125
   -7.5000  -37.5000   37.5000 7892.7905   12.0276
    0.0000  -37.5000   37.5000 7921.2505   12.0463
    7.5000  -37.5000   37.5000 7508.6958   12.0797
   -7.5000  -30.0000   37.5000 8416.0527   12.3178
    0.0000  -30.0000   37.5000 8467.7979   12.3433
    7.5000  -30.0000   37.5000 8014.7964   12.3857
   -7.5000  -22.5000   37.5000 9016.5176   12.2664
    0.0000  -22.5000   37.5000 9071.6826   12.2935
    7.5000  -22.5000   37.5000 8571.0781   12.3354
   -7.5000  -15.0000   37.5000 9573.4697   12.2228
    0.0000  -15.0000   37.5000 9591.8955   12.2453
    7.5000  -15.0000   37.5000 9065.4365   12.2791
   -7.5000   -7.5000   37.5000 9720.1514   12.2262
    0.0000   -7.5000   37.5000 9711.5156   12.2430
    7.5000   -7.5000   37.5000 9186.8887   12.2697
   -7.5000    0.0000   37.5000 9628.0293   12.2795
    0.0000    0.0000   37.5000 9616.5391   12.2941
    7.5000    0.0000   37.5000 9083.3379   12.3203
   -7.5000    7.5000   37.5000 9002.9111   12.3251
    0.0000    7.5000   37.5000 9004.2529   12.3443
    7.5000    7.5000   37.5000 8493.1797   12.3786
   -7.5000   15.0000   37.5000 8700.4531   12.3133
    0.0000   15.0000   37.5000 8699.5225   12.3388
    7.5000   15.0000   37.5000 8204.5537   12.3811
   -7.5000   22.5000   37.5000 7980.1147   12.1044
    0.0000   22.5000   37.5000 7981.6587   12.1312
    7.5000   22.5000   37.5000 7533.8066   12.1726
   -7.5000   30.0000   37.5000 7221.7446   11.7839
    0.0000   30.0000   37.5000 7231.2769   11.8055
    7.5000   30.0000   37.5000 6817.0205   11.8381
   -7.5000   37.5000   37.5000 6491.3774   11.7407
    0.0000   37.5000   37.5000 6483.8843   11.7555
    7.5000   37.5000   37.5000 6115.3555   11.7805
   -7.5000   45.0000   37.5000 5803.4351   11.6967
    0.0000   45.0000   37.5000 5787.1328   11.7079
    7.5000   45.0000   37.5000 5459.2588   11.7310
   -7.5000  -45.0000   45.0000 7005.3765   11.3867
    0.0000  -45.0000   45.0000 7036.9390   11.4005
    7.5000  -45.0000   45.0000 6668.7202   11.4290
   -7.5000  -37.5000   45.0000 7382.7705   12.1533
    0.0000  -37.5000   45.0000 7419.3306   12.1718
    7.5000  -37.5000   45.0000 7024.9907   12.2072
   -7.5000  -30.0000   45.0000 7850.2520   12.4398
    0.0000  -30.0000   45.0000 7897.6943   12.4653
    7.5000  -30.0000   45.0000 7474.3735   12.5072
   -7.5000  -22.5000   45.0000 8406.7041   12.3863
    0.0000  -22.5000   45.0000 8438.3320   12.4142
    7.5000  -22.5000   45.0000 7991.9795   12.4562
   -7.5000  -15.0000   45.0000 8914.2832   12.3354
    0.0000  -15.0000   45.0000 8922.6123   12.3592
    7.5000  -15.0000   45.0000 8457.3779   12.3961
   -7.5000   -7.5000   45.0000 9035.4160   12.3342
    0.0000   -7.5000   45.0000 9033.4307   12.3522
    7.5000   -7.5000   45.0000 8561.2832   12.3843
   -7.5000    0.0000   45.0000 8946.1895   12.3896
    0.0000    0.0000   45.0000 8939.4932   12.4046
    7.5000    0.0000   45.0000 8462.2354   12.4356
   -7.5000    7.5000   45.0000 8380.3301   12.4420
    0.0000    7.5000   45.0000 8387.8652   12.4610
    7.5000    7.5000   45.0000 7934.6909   12.4972
   -7.5000   15.0000   45.0000 8119.6592   12.4351
    0.0000   15.0000   45.0000 8129.8320   12.4606
    7.5000   15.0000   45.0000 7679.0728   12.5025
   -7.5000   22.5000   45.0000 7444.8130   12.2212
    0.0000   22.5000   45.0000 7466.3882   12.2487
    7.5000   22.5000   45.0000 7041.6289   12.2902
   -7.5000   30.0000   45.0000 6725.6304   11.8912
    0.0000   30.0000   45.0000 6738.7578   11.9141
    7.5000   30.0000   45.0000 6349.1030   11.9497
   -7.5000   37.5000   45.0000 6031.5552   11.8378
    0.0000   37.5000   45.0000 6026.0786   11.8533
    7.5000   37.5000   45.0000 5681.6030   11.8829
   -7.5000   45.0000   45.0000 5396.8330   11.7809
    0.0000   45.0000   45.0000 5375.6821   11.7922
    7.5000   45.0000   45.0000 5068.0889   11.8190

---------------------------------------------------------------------
imgreg_4dfp /opt/freesurfer/average/711-2C_as_mni_average_305 /opt/freesurfer/average/711-2B_as_mni_average_305_mask talsrcimg_g11 none talsrcimg_to_711-2C_as_mni_average_305_t4 4355
---------------------------------------------------------------------

freesurfer imgreg_4dfp.c
/opt/freesurfer/average/711-2C_as_mni_average_305.4dfp.img
       256       256       256         1
  1.000000  1.000000  1.000000
orientation T byte_order littleendian
Reading image: /opt/freesurfer/average/711-2C_as_mni_average_305.4dfp.img
dimensions:      256       256       256
mmppix:       1.0000   -1.0000   -1.0000
center:     128.0000 -129.0000 -129.0000
/opt/freesurfer/average/711-2B_as_mni_average_305_mask.4dfp.img
       256       256       256         1
  1.000000  1.000000  1.000000
orientation T byte_order littleendian
Reading mask: /opt/freesurfer/average/711-2B_as_mni_average_305_mask.4dfp.img (2306576 pixels)
talsrcimg_g11.4dfp.img
       256       256       256         1
  0.898437  0.898437  0.898437
orientation T byte_order littleendian
Reading image: talsrcimg_g11.4dfp.img
dimensions:      256       256       256
mmppix:       0.8984   -0.8984   -0.8984
center:     114.9999 -115.8984 -115.8984
rotation matrix determinant  1.000000
image alignment mode   4355 decimal     1103 hex
   -7.5000  -60.0000  -30.0000 2200.1667   11.9846
    0.0000  -60.0000  -30.0000 2205.0061   11.9591
    7.5000  -60.0000  -30.0000 2175.5620   12.1246
   -7.5000  -52.5000  -30.0000 2319.0422   10.9758
    0.0000  -52.5000  -30.0000 2323.1550   10.9506
    7.5000  -52.5000  -30.0000 2286.6477   11.1242
   -7.5000  -45.0000  -30.0000 2408.8625   10.3774
    0.0000  -45.0000  -30.0000 2410.0876   10.3431
    7.5000  -45.0000  -30.0000 2378.0688   10.5299
   -7.5000  -37.5000  -30.0000 2457.8374    9.8120
    0.0000  -37.5000  -30.0000 2462.6626    9.7898
    7.5000  -37.5000  -30.0000 2428.8530    9.9795
   -7.5000  -30.0000  -30.0000 2500.1667    9.3332
    0.0000  -30.0000  -30.0000 2499.4990    9.3231
    7.5000  -30.0000  -30.0000 2466.4685    9.5372
   -7.5000  -22.5000  -30.0000 2517.7700    9.0490
    0.0000  -22.5000  -30.0000 2515.9590    9.0518
    7.5000  -22.5000  -30.0000 2486.0376    9.2395
   -7.5000  -15.0000  -30.0000 2516.1997    8.9889
    0.0000  -15.0000  -30.0000 2516.3411    8.9745
    7.5000  -15.0000  -30.0000 2481.8794    9.1520
   -7.5000   -7.5000  -30.0000 2501.3806    9.1018
    0.0000   -7.5000  -30.0000 2500.7051    9.0888
    7.5000   -7.5000  -30.0000 2464.1606    9.2705
   -7.5000    0.0000  -30.0000 2464.4431    9.4151
    0.0000    0.0000  -30.0000 2471.4167    9.3864
    7.5000    0.0000  -30.0000 2435.4092    9.5936
   -7.5000    7.5000  -30.0000 2414.8088    9.9081
    0.0000    7.5000  -30.0000 2424.1121    9.8929
    7.5000    7.5000  -30.0000 2389.1218   10.0914
   -7.5000   15.0000  -30.0000 2355.2073   10.5940
    0.0000   15.0000  -30.0000 2362.3367   10.5823
    7.5000   15.0000  -30.0000 2321.3047   10.7857
   -7.5000   22.5000  -30.0000 2269.8633   11.4920
    0.0000   22.5000  -30.0000 2278.4097   11.4770
    7.5000   22.5000  -30.0000 2236.6887   11.7159
   -7.5000   30.0000  -30.0000 2172.2617   12.6275
    0.0000   30.0000  -30.0000 2178.9453   12.6100
    7.5000   30.0000  -30.0000 2130.8262   12.8731
   -7.5000  -60.0000  -22.5000 2305.1575   11.6534
    0.0000  -60.0000  -22.5000 2309.9407   11.6310
    7.5000  -60.0000  -22.5000 2278.4648   11.8185
   -7.5000  -52.5000  -22.5000 2426.9619   10.6396
    0.0000  -52.5000  -22.5000 2429.2346   10.6210
    7.5000  -52.5000  -22.5000 2392.5149   10.7988
   -7.5000  -45.0000  -22.5000 2519.8953   10.0262
    0.0000  -45.0000  -22.5000 2520.6101    9.9992
    7.5000  -45.0000  -22.5000 2484.9558   10.1750
   -7.5000  -37.5000  -22.5000 2570.0366    9.4557
    0.0000  -37.5000  -22.5000 2571.2051    9.4354
    7.5000  -37.5000  -22.5000 2540.8525    9.6329
   -7.5000  -30.0000  -22.5000 2621.7769    8.9814
    0.0000  -30.0000  -22.5000 2628.1580    8.9621
    7.5000  -30.0000  -22.5000 2589.8901    9.1658
   -7.5000  -22.5000  -22.5000 2657.9685    8.6863
    0.0000  -22.5000  -22.5000 2660.3191    8.6535
    7.5000  -22.5000  -22.5000 2621.4944    8.8375
   -7.5000  -15.0000  -22.5000 2665.8699    8.6039
    0.0000  -15.0000  -22.5000 2667.9519    8.5718
    7.5000  -15.0000  -22.5000 2625.0667    8.7553
   -7.5000   -7.5000  -22.5000 2648.2417    8.7302
    0.0000   -7.5000  -22.5000 2655.5330    8.7019
    7.5000   -7.5000  -22.5000 2610.0190    8.8943
   -7.5000    0.0000  -22.5000 2619.6101    9.0402
    0.0000    0.0000  -22.5000 2630.6055    9.0036
    7.5000    0.0000  -22.5000 2579.2280    9.1955
   -7.5000    7.5000  -22.5000 2565.6716    9.5128
    0.0000    7.5000  -22.5000 2576.1895    9.4738
    7.5000    7.5000  -22.5000 2527.0049    9.6713
   -7.5000   15.0000  -22.5000 2487.1350   10.1770
    0.0000   15.0000  -22.5000 2498.4978   10.1422
    7.5000   15.0000  -22.5000 2457.7168   10.3499
   -7.5000   22.5000  -22.5000 2392.0442   11.0460
    0.0000   22.5000  -22.5000 2402.0042   11.0246
    7.5000   22.5000  -22.5000 2361.2166   11.2482
   -7.5000   30.0000  -22.5000 2291.0381   12.1350
    0.0000   30.0000  -22.5000 2298.4583   12.1146
    7.5000   30.0000  -22.5000 2253.1394   12.3804
   -7.5000  -60.0000  -15.0000 2373.1846   11.2418
    0.0000  -60.0000  -15.0000 2373.6711   11.2411
    7.5000  -60.0000  -15.0000 2346.4688   11.4255
   -7.5000  -52.5000  -15.0000 2492.6909   10.2126
    0.0000  -52.5000  -15.0000 2494.8872   10.2188
    7.5000  -52.5000  -15.0000 2460.3425   10.3609
   -7.5000  -45.0000  -15.0000 2596.7896    9.5822
    0.0000  -45.0000  -15.0000 2599.2014    9.5717
    7.5000  -45.0000  -15.0000 2558.6782    9.7269
   -7.5000  -37.5000  -15.0000 2656.1072    9.0463
    0.0000  -37.5000  -15.0000 2656.7546    9.0281
    7.5000  -37.5000  -15.0000 2622.6763    9.1953
   -7.5000  -30.0000  -15.0000 2717.6106    8.5915
    0.0000  -30.0000  -15.0000 2723.5344    8.5770
    7.5000  -30.0000  -15.0000 2682.1436    8.7615
   -7.5000  -22.5000  -15.0000 2764.3828    8.2896
    0.0000  -22.5000  -15.0000 2770.7185    8.2659
    7.5000  -22.5000  -15.0000 2724.9360    8.4618
   -7.5000  -15.0000  -15.0000 2780.4431    8.1908
    0.0000  -15.0000  -15.0000 2788.2498    8.1763
    7.5000  -15.0000  -15.0000 2736.6638    8.3723
   -7.5000   -7.5000  -15.0000 2772.4666    8.3144
    0.0000   -7.5000  -15.0000 2781.6736    8.2974
    7.5000   -7.5000  -15.0000 2725.7288    8.4899
   -7.5000    0.0000  -15.0000 2740.1926    8.6153
    0.0000    0.0000  -15.0000 2752.4531    8.5894
    7.5000    0.0000  -15.0000 2694.8088    8.7843
   -7.5000    7.5000  -15.0000 2677.8325    9.0813
    0.0000    7.5000  -15.0000 2689.4080    9.0473
    7.5000    7.5000  -15.0000 2638.8926    9.2502
   -7.5000   15.0000  -15.0000 2590.3738    9.7282
    0.0000   15.0000  -15.0000 2601.8428    9.7148
    7.5000   15.0000  -15.0000 2559.6978    9.9129
   -7.5000   22.5000  -15.0000 2485.4370   10.5713
    0.0000   22.5000  -15.0000 2494.9580   10.5742
    7.5000   22.5000  -15.0000 2457.1162   10.7800
   -7.5000   30.0000  -15.0000 2375.2068   11.6279
    0.0000   30.0000  -15.0000 2380.8784   11.6183
    7.5000   30.0000  -15.0000 2343.1978   11.8718
   -7.5000  -60.0000   -7.5000 2391.9761   10.8345
    0.0000  -60.0000   -7.5000 2395.1570   10.8522
    7.5000  -60.0000   -7.5000 2367.3650   11.0503
   -7.5000  -52.5000   -7.5000 2513.5425    9.7508
    0.0000  -52.5000   -7.5000 2512.9658    9.7659
    7.5000  -52.5000   -7.5000 2484.8149    9.9375
   -7.5000  -45.0000   -7.5000 2632.6257    9.1176
    0.0000  -45.0000   -7.5000 2632.6667    9.1105
    7.5000  -45.0000   -7.5000 2598.9419    9.2804
   -7.5000  -37.5000   -7.5000 2703.9744    8.5997
    0.0000  -37.5000   -7.5000 2706.4565    8.6031
    7.5000  -37.5000   -7.5000 2675.4385    8.7485
   -7.5000  -30.0000   -7.5000 2777.6790    8.2053
    0.0000  -30.0000   -7.5000 2782.0496    8.2038
    7.5000  -30.0000   -7.5000 2742.2053    8.3597
   -7.5000  -22.5000   -7.5000 2831.4719    7.9344
    0.0000  -22.5000   -7.5000 2840.3362    7.9223
    7.5000  -22.5000   -7.5000 2793.7002    8.1097
   -7.5000  -15.0000   -7.5000 2855.9900    7.8179
    0.0000  -15.0000   -7.5000 2865.0161    7.8031
    7.5000  -15.0000   -7.5000 2811.2502    8.0176
   -7.5000   -7.5000   -7.5000 2851.0891    7.8928
    0.0000   -7.5000   -7.5000 2863.2229    7.8801
    7.5000   -7.5000   -7.5000 2796.2458    8.1154
   -7.5000    0.0000   -7.5000 2811.6599    8.1789
    0.0000    0.0000   -7.5000 2823.4175    8.1585
    7.5000    0.0000   -7.5000 2763.3105    8.3869
   -7.5000    7.5000   -7.5000 2745.5386    8.6430
    0.0000    7.5000   -7.5000 2756.9902    8.6199
    7.5000    7.5000   -7.5000 2711.1570    8.8278
   -7.5000   15.0000   -7.5000 2653.6174    9.2724
    0.0000   15.0000   -7.5000 2662.3960    9.2585
    7.5000   15.0000   -7.5000 2622.6638    9.4700
   -7.5000   22.5000   -7.5000 2547.6238   10.0827
    0.0000   22.5000   -7.5000 2555.8591   10.0881
    7.5000   22.5000   -7.5000 2513.3286   10.3042
   -7.5000   30.0000   -7.5000 2422.2925   11.1009
    0.0000   30.0000   -7.5000 2429.2134   11.0867
    7.5000   30.0000   -7.5000 2390.7537   11.3552
   -7.5000  -60.0000    0.0000 2403.4392   10.6612
    0.0000  -60.0000    0.0000 2407.8318   10.6598
    7.5000  -60.0000    0.0000 2387.8806   10.8756
   -7.5000  -52.5000    0.0000 2526.4128    9.5524
    0.0000  -52.5000    0.0000 2529.9744    9.5501
    7.5000  -52.5000    0.0000 2505.6123    9.7401
   -7.5000  -45.0000    0.0000 2650.0820    8.8953
    0.0000  -45.0000    0.0000 2657.9949    8.8918
    7.5000  -45.0000    0.0000 2628.2617    9.0457
   -7.5000  -37.5000    0.0000 2741.6719    8.3862
    0.0000  -37.5000    0.0000 2744.8406    8.3632
    7.5000  -37.5000    0.0000 2720.3406    8.5099
   -7.5000  -30.0000    0.0000 2829.2644    8.0262
    0.0000  -30.0000    0.0000 2834.8213    7.9962
    7.5000  -30.0000    0.0000 2800.3459    8.1268
   -7.5000  -22.5000    0.0000 2895.0132    7.8117
    0.0000  -22.5000    0.0000 2908.8735    7.7854
    7.5000  -22.5000    0.0000 2861.4678    7.9072
   -7.5000  -15.0000    0.0000 2926.6843    7.7081
    0.0000  -15.0000    0.0000 2943.1892    7.6977
    7.5000  -15.0000    0.0000 2886.5039    7.8304
   -7.5000   -7.5000    0.0000 2917.8896    7.6740
    0.0000   -7.5000    0.0000 2931.6062    7.6581
    7.5000   -7.5000    0.0000 2866.2112    7.8658
   -7.5000    0.0000    0.0000 2868.0757    7.9194
    0.0000    0.0000    0.0000 2878.1819    7.9031
    7.5000    0.0000    0.0000 2821.0156    8.1189
   -7.5000    7.5000    0.0000 2799.7053    8.3890
    0.0000    7.5000    0.0000 2813.6799    8.3654
    7.5000    7.5000    0.0000 2761.4016    8.5650
   -7.5000   15.0000    0.0000 2708.8330    9.0138
    0.0000   15.0000    0.0000 2721.7397    8.9833
    7.5000   15.0000    0.0000 2678.0984    9.1669
   -7.5000   22.5000    0.0000 2603.3389    9.8182
    0.0000   22.5000    0.0000 2614.0720    9.7745
    7.5000   22.5000    0.0000 2565.2810    9.9661
   -7.5000   30.0000    0.0000 2466.8413   10.8220
    0.0000   30.0000    0.0000 2476.5432   10.7747
    7.5000   30.0000    0.0000 2431.0144   11.0034
   -7.5000  -60.0000    7.5000 2400.9827   10.5682
    0.0000  -60.0000    7.5000 2409.2725   10.5562
    7.5000  -60.0000    7.5000 2396.1089   10.7412
   -7.5000  -52.5000    7.5000 2522.8943    9.4784
    0.0000  -52.5000    7.5000 2531.1960    9.4514
    7.5000  -52.5000    7.5000 2512.8035    9.6206
   -7.5000  -45.0000    7.5000 2650.5986    8.8056
    0.0000  -45.0000    7.5000 2658.9429    8.7918
    7.5000  -45.0000    7.5000 2637.2012    8.9216
   -7.5000  -37.5000    7.5000 2751.7234    8.2803
    0.0000  -37.5000    7.5000 2761.9941    8.2551
    7.5000  -37.5000    7.5000 2735.2969    8.3661
   -7.5000  -30.0000    7.5000 2854.8696    7.8924
    0.0000  -30.0000    7.5000 2866.5320    7.8600
    7.5000  -30.0000    7.5000 2827.4500    7.9624
   -7.5000  -22.5000    7.5000 2944.2920    7.7422
    0.0000  -22.5000    7.5000 2968.1626    7.6956
    7.5000  -22.5000    7.5000 2903.4536    7.7476
   -7.5000  -15.0000    7.5000 2984.2300    7.7337
    0.0000  -15.0000    7.5000 3013.4722    7.7007
    7.5000  -15.0000    7.5000 2931.9773    7.7054
   -7.5000   -7.5000    7.5000 2959.8789    7.6492
    0.0000   -7.5000    7.5000 2978.2927    7.6373
    7.5000   -7.5000    7.5000 2904.8252    7.7155
   -7.5000    0.0000    7.5000 2904.0598    7.7441
    0.0000    0.0000    7.5000 2912.9465    7.7487
    7.5000    0.0000    7.5000 2856.7239    7.9156
   -7.5000    7.5000    7.5000 2830.8110    8.1410
    0.0000    7.5000    7.5000 2844.9709    8.1160
    7.5000    7.5000    7.5000 2794.1792    8.3102
   -7.5000   15.0000    7.5000 2732.9941    8.7700
    0.0000   15.0000    7.5000 2751.5515    8.7242
    7.5000   15.0000    7.5000 2706.9580    8.9177
   -7.5000   22.5000    7.5000 2617.0198    9.5811
    0.0000   22.5000    7.5000 2633.1309    9.5263
    7.5000   22.5000    7.5000 2587.8865    9.7392
   -7.5000   30.0000    7.5000 2481.6162   10.6088
    0.0000   30.0000    7.5000 2492.8997   10.5622
    7.5000   30.0000    7.5000 2451.8306   10.7922
   -7.5000  -60.0000   15.0000 2399.3257   10.6646
    0.0000  -60.0000   15.0000 2406.9324   10.6301
    7.5000  -60.0000   15.0000 2386.7041   10.8154
   -7.5000  -52.5000   15.0000 2520.1135    9.5516
    0.0000  -52.5000   15.0000 2524.6279    9.5196
    7.5000  -52.5000   15.0000 2507.6763    9.6731
   -7.5000  -45.0000   15.0000 2649.6208    8.8462
    0.0000  -45.0000   15.0000 2651.1997    8.8249
    7.5000  -45.0000   15.0000 2633.6196    8.9600
   -7.5000  -37.5000   15.0000 2752.4402    8.2949
    0.0000  -37.5000   15.0000 2760.2178    8.2756
    7.5000  -37.5000   15.0000 2737.1057    8.3776
   -7.5000  -30.0000   15.0000 2856.7146    7.8966
    0.0000  -30.0000   15.0000 2874.5066    7.8890
    7.5000  -30.0000   15.0000 2830.8689    7.9791
   -7.5000  -22.5000   15.0000 2968.5037    7.7222
    0.0000  -22.5000   15.0000 2997.6714    7.7106
    7.5000  -22.5000   15.0000 2914.5222    7.7692
   -7.5000  -15.0000   15.0000 3014.0422    7.7260
    0.0000  -15.0000   15.0000 3043.2202    7.7291
    7.5000  -15.0000   15.0000 2945.2849    7.7001
   -7.5000   -7.5000   15.0000 2967.3569    7.7032
    0.0000   -7.5000   15.0000 2980.8792    7.7167
    7.5000   -7.5000   15.0000 2912.3755    7.7195
   -7.5000    0.0000   15.0000 2908.8220    7.7615
    0.0000    0.0000   15.0000 2917.5549    7.7571
    7.5000    0.0000   15.0000 2862.0713    7.8850
   -7.5000    7.5000   15.0000 2830.8750    8.0848
    0.0000    7.5000   15.0000 2845.1726    8.0646
    7.5000    7.5000   15.0000 2796.2756    8.2496
   -7.5000   15.0000   15.0000 2730.9583    8.6660
    0.0000   15.0000   15.0000 2747.3252    8.6389
    7.5000   15.0000   15.0000 2707.9949    8.8520
   -7.5000   22.5000   15.0000 2608.8865    9.4860
    0.0000   22.5000   15.0000 2626.5649    9.4419
    7.5000   22.5000   15.0000 2587.6799    9.6579
   -7.5000   30.0000   15.0000 2477.3071   10.4794
    0.0000   30.0000   15.0000 2488.7070   10.4397
    7.5000   30.0000   15.0000 2457.2329   10.6813
   -7.5000  -60.0000   22.5000 2391.1292   10.8212
    0.0000  -60.0000   22.5000 2398.1692   10.7734
    7.5000  -60.0000   22.5000 2370.2124   10.9895
   -7.5000  -52.5000   22.5000 2511.0505    9.6869
    0.0000  -52.5000   22.5000 2516.6130    9.6508
    7.5000  -52.5000   22.5000 2496.1348    9.8565
   -7.5000  -45.0000   22.5000 2646.6895    8.9901
    0.0000  -45.0000   22.5000 2649.7786    8.9518
    7.5000  -45.0000   22.5000 2625.6445    9.1272
   -7.5000  -37.5000   22.5000 2749.4902    8.4086
    0.0000  -37.5000   22.5000 2763.4136    8.3822
    7.5000  -37.5000   22.5000 2728.1079    8.5321
   -7.5000  -30.0000   22.5000 2846.7358    7.9937
    0.0000  -30.0000   22.5000 2868.5491    7.9810
    7.5000  -30.0000   22.5000 2824.0178    8.1087
   -7.5000  -22.5000   22.5000 2943.1079    7.7902
    0.0000  -22.5000   22.5000 2975.6814    7.7970
    7.5000  -22.5000   22.5000 2904.2202    7.8770
   -7.5000  -15.0000   22.5000 2977.5913    7.6979
    0.0000  -15.0000   22.5000 3005.0088    7.7326
    7.5000  -15.0000   22.5000 2927.2947    7.7668
   -7.5000   -7.5000   22.5000 2947.5044    7.7069
    0.0000   -7.5000   22.5000 2959.9226    7.7133
    7.5000   -7.5000   22.5000 2895.1130    7.7971
   -7.5000    0.0000   22.5000 2895.4685    7.8697
    0.0000    0.0000   22.5000 2904.5425    7.8493
    7.5000    0.0000   22.5000 2847.8188    8.0043
   -7.5000    7.5000   22.5000 2809.4800    8.2205
    0.0000    7.5000   22.5000 2821.5071    8.2032
    7.5000    7.5000   22.5000 2776.9023    8.3898
   -7.5000   15.0000   22.5000 2708.9043    8.7704
    0.0000   15.0000   22.5000 2723.0071    8.7526
    7.5000   15.0000   22.5000 2685.7217    8.9462
   -7.5000   22.5000   22.5000 2589.3489    9.5319
    0.0000   22.5000   22.5000 2598.2307    9.5012
    7.5000   22.5000   22.5000 2566.6321    9.7186
   -7.5000   30.0000   22.5000 2456.4963   10.5241
    0.0000   30.0000   22.5000 2465.3870   10.4738
    7.5000   30.0000   22.5000 2433.0974   10.7355
   -7.5000  -60.0000   30.0000 2374.2168   11.1104
    0.0000  -60.0000   30.0000 2379.6545   11.0344
    7.5000  -60.0000   30.0000 2350.9524   11.2722
   -7.5000  -52.5000   30.0000 2495.9441    9.9452
    0.0000  -52.5000   30.0000 2501.5125    9.8914
    7.5000  -52.5000   30.0000 2475.9766   10.1318
   -7.5000  -45.0000   30.0000 2628.5754    9.2414
    0.0000  -45.0000   30.0000 2637.9827    9.1921
    7.5000  -45.0000   30.0000 2611.4133    9.4040
   -7.5000  -37.5000   30.0000 2728.0977    8.6467
    0.0000  -37.5000   30.0000 2744.4814    8.6097
    7.5000  -37.5000   30.0000 2712.7788    8.8139
   -7.5000  -30.0000   30.0000 2820.6196    8.2123
    0.0000  -30.0000   30.0000 2843.5486    8.1960
    7.5000  -30.0000   30.0000 2801.7249    8.3777
   -7.5000  -22.5000   30.0000 2890.9048    7.9660
    0.0000  -22.5000   30.0000 2916.7002    7.9658
    7.5000  -22.5000   30.0000 2867.7480    8.0807
   -7.5000  -15.0000   30.0000 2913.2664    7.8260
    0.0000  -15.0000   30.0000 2936.7451    7.8286
    7.5000  -15.0000   30.0000 2881.2551    7.9433
   -7.5000   -7.5000   30.0000 2895.6387    7.8793
    0.0000   -7.5000   30.0000 2907.7874    7.8525
    7.5000   -7.5000   30.0000 2860.1443    8.0096
   -7.5000    0.0000   30.0000 2848.2637    8.1165
    0.0000    0.0000   30.0000 2862.6577    8.0836
    7.5000    0.0000   30.0000 2817.3264    8.2550
   -7.5000    7.5000   30.0000 2770.5576    8.4969
    0.0000    7.5000   30.0000 2783.8230    8.4745
    7.5000    7.5000   30.0000 2745.7925    8.6637
   -7.5000   15.0000   30.0000 2671.9150    9.0316
    0.0000   15.0000   30.0000 2683.0022    9.0127
    7.5000   15.0000   30.0000 2652.9844    9.2116
   -7.5000   22.5000   30.0000 2552.8135    9.7742
    0.0000   22.5000   30.0000 2560.1350    9.7434
    7.5000   22.5000   30.0000 2535.0574    9.9459
   -7.5000   30.0000   30.0000 2421.8259   10.7620
    0.0000   30.0000   30.0000 2431.1348   10.7137
    7.5000   30.0000   30.0000 2404.1487   10.9379
   -7.5000  -60.0000   37.5000 2345.0195   11.4419
    0.0000  -60.0000   37.5000 2354.3899   11.3681
    7.5000  -60.0000   37.5000 2326.2173   11.6407
   -7.5000  -52.5000   37.5000 2472.6384   10.2708
    0.0000  -52.5000   37.5000 2479.7913   10.2093
    7.5000  -52.5000   37.5000 2451.7104   10.4734
   -7.5000  -45.0000   37.5000 2600.8689    9.5735
    0.0000  -45.0000   37.5000 2614.9832    9.5095
    7.5000  -45.0000   37.5000 2587.6272    9.7547
   -7.5000  -37.5000   37.5000 2697.6584    9.0000
    0.0000  -37.5000   37.5000 2717.1562    8.9440
    7.5000  -37.5000   37.5000 2682.1797    9.1672
   -7.5000  -30.0000   37.5000 2780.5757    8.5515
    0.0000  -30.0000   37.5000 2801.2576    8.5289
    7.5000  -30.0000   37.5000 2765.3589    8.7212
   -7.5000  -22.5000   37.5000 2827.0688    8.2526
    0.0000  -22.5000   37.5000 2851.4683    8.2242
    7.5000  -22.5000   37.5000 2814.4080    8.3908
   -7.5000  -15.0000   37.5000 2842.2437    8.1176
    0.0000  -15.0000   37.5000 2865.1445    8.0809
    7.5000  -15.0000   37.5000 2820.3723    8.2486
   -7.5000   -7.5000   37.5000 2832.6453    8.1948
    0.0000   -7.5000   37.5000 2845.9607    8.1735
    7.5000   -7.5000   37.5000 2807.7844    8.3251
   -7.5000    0.0000   37.5000 2784.8584    8.4738
    0.0000    0.0000   37.5000 2797.4714    8.4465
    7.5000    0.0000   37.5000 2760.2405    8.6083
   -7.5000    7.5000   37.5000 2709.1541    8.8702
    0.0000    7.5000   37.5000 2723.6343    8.8552
    7.5000    7.5000   37.5000 2691.5168    9.0174
   -7.5000   15.0000   37.5000 2617.6162    9.3976
    0.0000   15.0000   37.5000 2629.4001    9.3693
    7.5000   15.0000   37.5000 2603.2473    9.5666
   -7.5000   22.5000   37.5000 2504.5491   10.1342
    0.0000   22.5000   37.5000 2513.5974   10.1080
    7.5000   22.5000   37.5000 2489.7856   10.3141
   -7.5000   30.0000   37.5000 2367.0808   11.1220
    0.0000   30.0000   37.5000 2383.9841   11.0907
    7.5000   30.0000   37.5000 2357.0383   11.3067
   -7.5000  -60.0000   45.0000 2285.9822   11.8303
    0.0000  -60.0000   45.0000 2302.1404   11.7530
    7.5000  -60.0000   45.0000 2274.9487   12.0358
   -7.5000  -52.5000   45.0000 2410.8870   10.6742
    0.0000  -52.5000   45.0000 2426.3118   10.5994
    7.5000  -52.5000   45.0000 2396.2339   10.8701
   -7.5000  -45.0000   45.0000 2536.2412    9.9781
    0.0000  -45.0000   45.0000 2557.6025    9.9138
    7.5000  -45.0000   45.0000 2523.3167   10.1519
   -7.5000  -37.5000   45.0000 2626.4629    9.4081
    0.0000  -37.5000   45.0000 2648.9246    9.3590
    7.5000  -37.5000   45.0000 2614.6555    9.5866
   -7.5000  -30.0000   45.0000 2699.3826    8.9483
    0.0000  -30.0000   45.0000 2721.6179    8.9095
    7.5000  -30.0000   45.0000 2689.4385    9.1132
   -7.5000  -22.5000   45.0000 2739.4907    8.6359
    0.0000  -22.5000   45.0000 2762.0986    8.5827
    7.5000  -22.5000   45.0000 2730.5532    8.7627
   -7.5000  -15.0000   45.0000 2746.8845    8.5208
    0.0000  -15.0000   45.0000 2770.6477    8.4566
    7.5000  -15.0000   45.0000 2734.5037    8.6286
   -7.5000   -7.5000   45.0000 2731.5813    8.6048
    0.0000   -7.5000   45.0000 2748.2419    8.5487
    7.5000   -7.5000   45.0000 2718.4824    8.7148
   -7.5000    0.0000   45.0000 2684.0154    8.8810
    0.0000    0.0000   45.0000 2695.0085    8.8367
    7.5000    0.0000   45.0000 2666.1389    8.9966
   -7.5000    7.5000   45.0000 2612.4180    9.2690
    0.0000    7.5000   45.0000 2626.0535    9.2474
    7.5000    7.5000   45.0000 2603.8154    9.4030
   -7.5000   15.0000   45.0000 2528.0015    9.8435
    0.0000   15.0000   45.0000 2543.7092    9.7929
    7.5000   15.0000   45.0000 2519.5273    9.9714
   -7.5000   22.5000   45.0000 2423.0908   10.5821
    0.0000   22.5000   45.0000 2440.0520   10.5472
    7.5000   22.5000   45.0000 2413.2244   10.7369
   -7.5000   30.0000   45.0000 2287.5137   11.5714
    0.0000   30.0000   45.0000 2303.2036   11.5459
    7.5000   30.0000   45.0000 2275.9219   11.7416
   -7.5000  -60.0000   52.5000 2200.8367   12.3116
    0.0000  -60.0000   52.5000 2222.7322   12.2241
    7.5000  -60.0000   52.5000 2195.6929   12.4932
   -7.5000  -52.5000   52.5000 2320.0510   11.1397
    0.0000  -52.5000   52.5000 2339.6108   11.0557
    7.5000  -52.5000   52.5000 2312.1484   11.3028
   -7.5000  -45.0000   52.5000 2440.2039   10.4080
    0.0000  -45.0000   52.5000 2460.3430   10.3585
    7.5000  -45.0000   52.5000 2428.7378   10.5633
   -7.5000  -37.5000   52.5000 2517.1143    9.8306
    0.0000  -37.5000   52.5000 2542.5896    9.7877
    7.5000  -37.5000   52.5000 2513.0901    9.9929
   -7.5000  -30.0000   52.5000 2579.5737    9.3738
    0.0000  -30.0000   52.5000 2600.8484    9.3109
    7.5000  -30.0000   52.5000 2576.3623    9.5161
   -7.5000  -22.5000   52.5000 2618.2490    9.0522
    0.0000  -22.5000   52.5000 2641.8630    8.9874
    7.5000  -22.5000   52.5000 2615.5210    9.1763
   -7.5000  -15.0000   52.5000 2633.6377    8.9122
    0.0000  -15.0000   52.5000 2654.2258    8.8560
    7.5000  -15.0000   52.5000 2623.1133    9.0410
   -7.5000   -7.5000   52.5000 2608.2502    9.0350
    0.0000   -7.5000   52.5000 2625.2874    8.9655
    7.5000   -7.5000   52.5000 2598.5288    9.1451
   -7.5000    0.0000   52.5000 2562.1021    9.3101
    0.0000    0.0000   52.5000 2573.4448    9.2512
    7.5000    0.0000   52.5000 2546.3865    9.4138
   -7.5000    7.5000   52.5000 2496.0007    9.6780
    0.0000    7.5000   52.5000 2507.8220    9.6299
    7.5000    7.5000   52.5000 2486.9324    9.8097
   -7.5000   15.0000   52.5000 2415.8276   10.2543
    0.0000   15.0000   52.5000 2429.2234   10.2020
    7.5000   15.0000   52.5000 2408.3645   10.3720
   -7.5000   22.5000   52.5000 2310.6482   10.9976
    0.0000   22.5000   52.5000 2328.9231   10.9489
    7.5000   22.5000   52.5000 2302.7075   11.1304
   -7.5000   30.0000   52.5000 2172.5073   12.0111
    0.0000   30.0000   52.5000 2192.4026   11.9481
    7.5000   30.0000   52.5000 2167.6663   12.1470
   -7.5000  -60.0000   60.0000 2142.4927   13.2006
    0.0000  -60.0000   60.0000 2165.9165   13.1189
    7.5000  -60.0000   60.0000 2140.6230   13.3680
   -7.5000  -52.5000   60.0000 2255.2791   11.9635
    0.0000  -52.5000   60.0000 2277.7234   11.8878
    7.5000  -52.5000   60.0000 2251.4797   12.1081
   -7.5000  -45.0000   60.0000 2366.8984   11.1978
    0.0000  -45.0000   60.0000 2391.4734   11.1518
    7.5000  -45.0000   60.0000 2364.2302   11.3404
   -7.5000  -37.5000   60.0000 2437.6372   10.5659
    0.0000  -37.5000   60.0000 2463.9241   10.5248
    7.5000  -37.5000   60.0000 2438.3884   10.7261
   -7.5000  -30.0000   60.0000 2488.5857   10.0768
    0.0000  -30.0000   60.0000 2511.2747   10.0434
    7.5000  -30.0000   60.0000 2489.3606   10.2432
   -7.5000  -22.5000   60.0000 2522.8379    9.7387
    0.0000  -22.5000   60.0000 2545.2744    9.6947
    7.5000  -22.5000   60.0000 2520.4946    9.8872
   -7.5000  -15.0000   60.0000 2543.5559    9.5915
    0.0000  -15.0000   60.0000 2561.7852    9.5387
    7.5000  -15.0000   60.0000 2535.0620    9.7229
   -7.5000   -7.5000   60.0000 2525.3142    9.7335
    0.0000   -7.5000   60.0000 2541.9905    9.6581
    7.5000   -7.5000   60.0000 2513.8040    9.8297
   -7.5000    0.0000   60.0000 2478.3015    9.9893
    0.0000    0.0000   60.0000 2492.1868    9.9375
    7.5000    0.0000   60.0000 2468.8013   10.0823
   -7.5000    7.5000   60.0000 2412.5881   10.3639
    0.0000    7.5000   60.0000 2430.1345   10.3056
    7.5000    7.5000   60.0000 2407.6057   10.4864
   -7.5000   15.0000   60.0000 2330.0347   10.9545
    0.0000   15.0000   60.0000 2347.9792   10.9040
    7.5000   15.0000   60.0000 2322.6897   11.0681
   -7.5000   22.5000   60.0000 2226.6663   11.7307
    0.0000   22.5000   60.0000 2247.4270   11.6601
    7.5000   22.5000   60.0000 2218.8103   11.8324
   -7.5000   30.0000   60.0000 2096.5527   12.7956
    0.0000   30.0000   60.0000 2110.5911   12.7006
    7.5000   30.0000   60.0000 2088.2607   12.8826

---------------------------------------------------------------------
imgreg_4dfp /opt/freesurfer/average/711-2C_as_mni_average_305 /opt/freesurfer/average/711-2B_as_mni_average_305_mask talsrcimg_g11 none talsrcimg_to_711-2C_as_mni_average_305_t4 1283
---------------------------------------------------------------------

freesurfer imgreg_4dfp.c
/opt/freesurfer/average/711-2C_as_mni_average_305.4dfp.img
       256       256       256         1
  1.000000  1.000000  1.000000
orientation T byte_order littleendian
Reading image: /opt/freesurfer/average/711-2C_as_mni_average_305.4dfp.img
dimensions:      256       256       256
mmppix:       1.0000   -1.0000   -1.0000
center:     128.0000 -129.0000 -129.0000
/opt/freesurfer/average/711-2B_as_mni_average_305_mask.4dfp.img
       256       256       256         1
  1.000000  1.000000  1.000000
orientation T byte_order littleendian
Reading mask: /opt/freesurfer/average/711-2B_as_mni_average_305_mask.4dfp.img (2306576 pixels)
talsrcimg_g11.4dfp.img
       256       256       256         1
  0.898437  0.898437  0.898437
orientation T byte_order littleendian
Reading image: talsrcimg_g11.4dfp.img
dimensions:      256       256       256
mmppix:       0.8984   -0.8984   -0.8984
center:     114.9999 -115.8984 -115.8984
rotation matrix determinant  1.000000
fimgreg.f
image alignment mode   1283 decimal      503 hex
parameters
    0.0000  -15.0000   15.0000    0.0000    0.0000    0.0000
eta,q 0.95459  7.75285
niter,ni,del,rscale     5    3   12.0000    1.2000
parameters
   -2.5627  -16.2647   14.5748    2.5944   -2.1381   -0.5655
eta,q 0.96055  7.76362
  0.0488  0.0512  0.0503  0.0516  0.0437  0.0452
  0.0447  0.0440  0.0451  0.0468  0.0404  0.0420
  0.0434  0.0416  0.0421  0.0437  0.0393  0.0401
  0.0464  0.0433  0.0419  0.0417  0.0407  0.0393
  0.0529  0.0474  0.0436  0.0407  0.0444  0.0404
  0.0616  0.0527  0.0472  0.0411  0.0489  0.0438
  0.0737  0.0592  0.0526  0.0423  0.0542  0.0482
niter,ni,del,rscale     4    3   12.0000    1.2000
parameters
   -1.8607  -17.1929   15.2935    3.4707   -2.2517   -0.6288
eta,q 0.96215  7.75720
  0.0630  0.0502  0.0505  0.0465  0.0470  0.0454
  0.0516  0.0418  0.0444  0.0419  0.0423  0.0420
  0.0433  0.0378  0.0402  0.0389  0.0389  0.0391
  0.0395  0.0390  0.0379  0.0376  0.0378  0.0378
  0.0396  0.0439  0.0380  0.0385  0.0394  0.0386
  0.0453  0.0497  0.0408  0.0401  0.0429  0.0416
  0.0544  0.0565  0.0459  0.0420  0.0475  0.0463
niter,ni,del,rscale     3    3   12.0000    1.2000
parameters
   -1.6832  -17.4169   15.5243    3.6932   -2.3185   -0.6300
eta,q 0.96234  7.75435
  0.0592  0.0535  0.0485  0.0447  0.0470  0.0454
  0.0480  0.0442  0.0434  0.0406  0.0422  0.0420
  0.0406  0.0386  0.0396  0.0379  0.0388  0.0390
  0.0378  0.0378  0.0376  0.0376  0.0377  0.0377
  0.0395  0.0414  0.0381  0.0388  0.0391  0.0384
  0.0469  0.0472  0.0417  0.0406  0.0426  0.0413
  0.0566  0.0542  0.0477  0.0430  0.0473  0.0461
niter,ni,del,rscale     2    3   12.0000    1.2000
parameters
   -1.6378  -17.4867   15.5804    3.7409   -2.3445   -0.6279
eta,q 0.96239  7.75329
  0.0583  0.0541  0.0480  0.0443  0.0471  0.0454
  0.0473  0.0448  0.0431  0.0402  0.0423  0.0420
  0.0402  0.0389  0.0395  0.0377  0.0388  0.0390
  0.0377  0.0376  0.0376  0.0376  0.0376  0.0376
  0.0397  0.0407  0.0383  0.0389  0.0390  0.0384
  0.0475  0.0464  0.0421  0.0407  0.0425  0.0413
  0.0573  0.0536  0.0484  0.0433  0.0472  0.0461
niter,ni,del,rscale     1    3   12.0000    1.2000
parameters
   -1.6265  -17.5053   15.5939    3.7519   -2.3524   -0.6268
eta,q 0.96240  7.75305
  0.0581  0.0543  0.0478  0.0442  0.0472  0.0454
  0.0471  0.0450  0.0430  0.0401  0.0423  0.0420
  0.0401  0.0391  0.0394  0.0377  0.0388  0.0390
  0.0376  0.0376  0.0376  0.0376  0.0376  0.0376
  0.0398  0.0405  0.0384  0.0390  0.0390  0.0384
  0.0477  0.0462  0.0422  0.0407  0.0425  0.0413
  0.0575  0.0534  0.0485  0.0434  0.0471  0.0461
registration optimization eta report
parameter search radius
    6.0000    6.0000    6.0000    6.0000    6.0000    6.0000
100000*second partial in parameter space
       56.       44.       29.       17.       26.       22.
  0.0581  0.0543  0.0478  0.0442  0.0472  0.0454
  0.0471  0.0450  0.0430  0.0401  0.0423  0.0420
  0.0401  0.0391  0.0394  0.0377  0.0388  0.0390
  0.0376  0.0376  0.0376  0.0376  0.0376  0.0376
  0.0398  0.0405  0.0384  0.0390  0.0390  0.0384
  0.0477  0.0462  0.0422  0.0407  0.0425  0.0413
  0.0575  0.0534  0.0485  0.0434  0.0471  0.0461
   -1.6265  -17.5053   15.5939    3.7519   -2.3524   -0.6268
eta,q 0.96240  7.75305

---------------------------------------------------------------------
imgreg_4dfp /opt/freesurfer/average/711-2C_as_mni_average_305 /opt/freesurfer/average/711-2B_as_mni_average_305_mask talsrcimg_g11 none talsrcimg_to_711-2C_as_mni_average_305_t4 3335
---------------------------------------------------------------------

freesurfer imgreg_4dfp.c
/opt/freesurfer/average/711-2C_as_mni_average_305.4dfp.img
       256       256       256         1
  1.000000  1.000000  1.000000
orientation T byte_order littleendian
Reading image: /opt/freesurfer/average/711-2C_as_mni_average_305.4dfp.img
dimensions:      256       256       256
mmppix:       1.0000   -1.0000   -1.0000
center:     128.0000 -129.0000 -129.0000
/opt/freesurfer/average/711-2B_as_mni_average_305_mask.4dfp.img
       256       256       256         1
  1.000000  1.000000  1.000000
orientation T byte_order littleendian
Reading mask: /opt/freesurfer/average/711-2B_as_mni_average_305_mask.4dfp.img (2306576 pixels)
talsrcimg_g11.4dfp.img
       256       256       256         1
  0.898437  0.898437  0.898437
orientation T byte_order littleendian
Reading image: talsrcimg_g11.4dfp.img
dimensions:      256       256       256
mmppix:       0.8984   -0.8984   -0.8984
center:     114.9999 -115.8984 -115.8984
fimgreg.f
image alignment mode   3335 decimal      D07 hex
parameters
   -1.6265  -17.5053   15.5939   -0.0903   -0.2232   -0.2984
    1.3602    4.0240   -1.0931   -6.5881   -4.1046    6.5381
eta,q 0.96296  7.75109
niter,ni,del,rscale     5    3    5.0000    1.2000
parameter  4  0.979062 ->  0.500000 qaram    1.1500
parameter  5  0.828882 ->  0.500000 qaram    1.1500
parameters
   -1.8090  -17.6693   15.9189   -4.2303   -4.3632   -3.0026
    1.5021    4.7591   -0.1862   -6.3099   -3.2463    6.5919
eta,q 0.96677  7.25726
  0.0403  0.0398  0.0395  0.0350  0.0337  0.0345  0.0364  0.0395  0.0355  0.0371  0.0347  0.0346
  0.0384  0.0381  0.0383  0.0353  0.0337  0.0336  0.0347  0.0366  0.0344  0.0350  0.0340  0.0339
  0.0373  0.0372  0.0374  0.0359  0.0343  0.0333  0.0337  0.0344  0.0336  0.0337  0.0335  0.0334
  0.0370  0.0370  0.0370  0.0369  0.0354  0.0338  0.0333  0.0333  0.0333  0.0332  0.0332  0.0332
  0.0376  0.0376  0.0370  0.0382  0.0372  0.0349  0.0336  0.0335  0.0333  0.0336  0.0333  0.0334
  0.0391  0.0388  0.0375  0.0400  0.0396  0.0360  0.0346  0.0350  0.0338  0.0347  0.0336  0.0338
  0.0415  0.0406  0.0385  0.0426  0.0424  0.0377  0.0361  0.0375  0.0346  0.0365  0.0342  0.0346
niter,ni,del,rscale     6    3    5.0000    1.2000
parameters
   -1.8146  -17.6916   15.7937   -7.4431   -6.3102   -2.8966
    1.2216    4.7807   -0.6666   -6.3139   -3.5674    6.4632
eta,q 0.96746  7.02651
  0.0372  0.0362  0.0350  0.0339  0.0343  0.0353  0.0353  0.0380  0.0340  0.0358  0.0336  0.0337
  0.0350  0.0345  0.0339  0.0329  0.0333  0.0339  0.0338  0.0351  0.0331  0.0339  0.0330  0.0331
  0.0337  0.0335  0.0333  0.0327  0.0326  0.0329  0.0328  0.0332  0.0326  0.0329  0.0326  0.0327
  0.0332  0.0332  0.0332  0.0332  0.0327  0.0326  0.0326  0.0326  0.0326  0.0325  0.0325  0.0325
  0.0337  0.0336  0.0336  0.0343  0.0335  0.0329  0.0330  0.0332  0.0328  0.0330  0.0327  0.0327
  0.0350  0.0346  0.0343  0.0357  0.0351  0.0339  0.0341  0.0352  0.0334  0.0340  0.0331  0.0332
  0.0372  0.0362  0.0354  0.0376  0.0375  0.0351  0.0357  0.0379  0.0344  0.0357  0.0338  0.0338
niter,ni,del,rscale     5    3    5.0000    1.2000
parameters
   -1.8400  -17.5288   15.8715   -7.4698   -6.5928   -2.8770
    1.2790    4.7522   -0.5970   -6.1255   -3.6469    6.3607
eta,q 0.96745  7.01469
  0.0365  0.0357  0.0346  0.0356  0.0351  0.0352  0.0355  0.0379  0.0341  0.0359  0.0337  0.0337
  0.0342  0.0339  0.0334  0.0339  0.0339  0.0338  0.0339  0.0350  0.0333  0.0340  0.0330  0.0331
  0.0329  0.0329  0.0328  0.0328  0.0330  0.0329  0.0329  0.0331  0.0327  0.0329  0.0326  0.0327
  0.0325  0.0325  0.0325  0.0325  0.0325  0.0326  0.0326  0.0326  0.0326  0.0326  0.0326  0.0326
  0.0330  0.0328  0.0328  0.0330  0.0328  0.0329  0.0329  0.0333  0.0327  0.0329  0.0327  0.0327
  0.0344  0.0336  0.0334  0.0340  0.0339  0.0339  0.0339  0.0352  0.0332  0.0339  0.0331  0.0332
  0.0366  0.0348  0.0342  0.0355  0.0357  0.0351  0.0354  0.0379  0.0341  0.0354  0.0337  0.0338
niter,ni,del,rscale     4    3    5.0000    1.2000
parameters
   -1.8475  -17.4834   15.8654   -7.4917   -6.6429   -2.8509
    1.2826    4.7470   -0.5653   -6.0476   -3.6709    6.2809
eta,q 0.96744  7.01225
  0.0365  0.0354  0.0344  0.0356  0.0352  0.0352  0.0355  0.0380  0.0341  0.0357  0.0337  0.0337
  0.0343  0.0337  0.0334  0.0339  0.0340  0.0338  0.0339  0.0351  0.0332  0.0339  0.0331  0.0331
  0.0330  0.0328  0.0327  0.0328  0.0330  0.0329  0.0329  0.0332  0.0327  0.0329  0.0327  0.0327
  0.0326  0.0325  0.0326  0.0326  0.0326  0.0326  0.0326  0.0326  0.0326  0.0326  0.0326  0.0326
  0.0330  0.0329  0.0328  0.0330  0.0328  0.0329  0.0329  0.0333  0.0327  0.0329  0.0327  0.0327
  0.0344  0.0337  0.0334  0.0340  0.0338  0.0339  0.0339  0.0352  0.0332  0.0339  0.0331  0.0332
  0.0365  0.0350  0.0344  0.0355  0.0355  0.0351  0.0355  0.0379  0.0341  0.0355  0.0337  0.0338
niter,ni,del,rscale     3    3    5.0000    1.2000
parameters
   -1.8503  -17.4649   15.8584   -7.4923   -6.6577   -2.8364
    1.2852    4.7486   -0.5499   -6.0105   -3.6919    6.2331
eta,q 0.96744  7.01202
  0.0365  0.0353  0.0344  0.0356  0.0352  0.0352  0.0355  0.0380  0.0341  0.0357  0.0337  0.0337
  0.0343  0.0337  0.0334  0.0339  0.0340  0.0338  0.0339  0.0351  0.0332  0.0339  0.0331  0.0331
  0.0330  0.0328  0.0327  0.0328  0.0330  0.0329  0.0329  0.0332  0.0327  0.0329  0.0327  0.0327
  0.0326  0.0326  0.0326  0.0326  0.0326  0.0326  0.0326  0.0326  0.0326  0.0326  0.0326  0.0326
  0.0330  0.0329  0.0328  0.0330  0.0328  0.0329  0.0329  0.0333  0.0327  0.0329  0.0327  0.0327
  0.0344  0.0338  0.0334  0.0341  0.0338  0.0339  0.0339  0.0352  0.0332  0.0339  0.0331  0.0331
  0.0365  0.0351  0.0344  0.0355  0.0355  0.0351  0.0355  0.0379  0.0341  0.0355  0.0337  0.0338
registration optimization eta report
parameter search radius
    2.4000    2.4000    2.4000    8.2800    8.2800    7.2000
    7.2000    7.2000    7.2000    7.2000    7.2000    7.2000
100000*second partial in parameter space
       68.       45.       32.        4.        4.        5.
        6.       10.        3.        6.        2.        2.
  0.0365  0.0353  0.0344  0.0356  0.0352  0.0352  0.0355  0.0380  0.0341  0.0357  0.0337  0.0337
  0.0343  0.0337  0.0334  0.0339  0.0340  0.0338  0.0339  0.0351  0.0332  0.0339  0.0331  0.0331
  0.0330  0.0328  0.0327  0.0328  0.0330  0.0329  0.0329  0.0332  0.0327  0.0329  0.0327  0.0327
  0.0326  0.0326  0.0326  0.0326  0.0326  0.0326  0.0326  0.0326  0.0326  0.0326  0.0326  0.0326
  0.0330  0.0329  0.0328  0.0330  0.0328  0.0329  0.0329  0.0333  0.0327  0.0329  0.0327  0.0327
  0.0344  0.0338  0.0334  0.0341  0.0338  0.0339  0.0339  0.0352  0.0332  0.0339  0.0331  0.0331
  0.0365  0.0351  0.0344  0.0355  0.0355  0.0351  0.0355  0.0379  0.0341  0.0355  0.0337  0.0338
   -1.8503  -17.4649   15.8584   -7.4923   -6.6577   -2.8364
    1.2852    4.7486   -0.5499   -6.0105   -3.6919    6.2331
eta,q 0.96744  7.01202

---------------------------------------------------------------------
imgreg_4dfp /opt/freesurfer/average/711-2C_as_mni_average_305 /opt/freesurfer/average/711-2B_as_mni_average_305_mask talsrcimg_g11 none talsrcimg_to_711-2C_as_mni_average_305_t4 2311
---------------------------------------------------------------------

freesurfer imgreg_4dfp.c
/opt/freesurfer/average/711-2C_as_mni_average_305.4dfp.img
       256       256       256         1
  1.000000  1.000000  1.000000
orientation T byte_order littleendian
Reading image: /opt/freesurfer/average/711-2C_as_mni_average_305.4dfp.img
dimensions:      256       256       256
mmppix:       1.0000   -1.0000   -1.0000
center:     128.0000 -129.0000 -129.0000
/opt/freesurfer/average/711-2B_as_mni_average_305_mask.4dfp.img
       256       256       256         1
  1.000000  1.000000  1.000000
orientation T byte_order littleendian
Reading mask: /opt/freesurfer/average/711-2B_as_mni_average_305_mask.4dfp.img (2306576 pixels)
talsrcimg_g11.4dfp.img
       256       256       256         1
  0.898437  0.898437  0.898437
orientation T byte_order littleendian
Reading image: talsrcimg_g11.4dfp.img
dimensions:      256       256       256
mmppix:       0.8984   -0.8984   -0.8984
center:     114.9999 -115.8984 -115.8984
fimgreg.f
image alignment mode   2311 decimal      907 hex
parameters
   -1.8503  -17.4649   15.8584   -7.4923   -6.6577   -2.8364
    1.2852    4.7486   -0.5499   -6.0105   -3.6919    6.2331
eta,q 0.96744  7.01203
niter,ni,del,rscale     5    3    5.0000    0.8000
parameters
   -1.8690  -17.5225   15.8185   -7.7465   -6.2503   -2.9225
    1.2720    4.6807   -0.5343   -6.2030   -3.8512    6.3927
eta,q 0.96748  7.01520
  0.0343  0.0337  0.0334  0.0336  0.0337  0.0338  0.0339  0.0350  0.0332  0.0338  0.0330  0.0332
  0.0333  0.0330  0.0329  0.0330  0.0332  0.0331  0.0331  0.0336  0.0328  0.0330  0.0327  0.0329
  0.0327  0.0326  0.0326  0.0326  0.0328  0.0327  0.0327  0.0328  0.0326  0.0326  0.0326  0.0326
  0.0326  0.0326  0.0326  0.0326  0.0325  0.0325  0.0325  0.0325  0.0325  0.0325  0.0325  0.0325
  0.0328  0.0327  0.0327  0.0328  0.0326  0.0327  0.0327  0.0329  0.0326  0.0327  0.0326  0.0326
  0.0334  0.0332  0.0330  0.0332  0.0329  0.0332  0.0332  0.0338  0.0328  0.0332  0.0328  0.0328
  0.0344  0.0338  0.0334  0.0337  0.0334  0.0339  0.0339  0.0351  0.0332  0.0340  0.0331  0.0331
niter,ni,del,rscale     4    3    5.0000    0.7000
parameters
   -1.8763  -17.5642   15.7979   -7.7819   -6.1606   -2.9984
    1.2623    4.6709   -0.4941   -6.3072   -3.8998    6.4679
eta,q 0.96748  7.01488
  0.0339  0.0334  0.0332  0.0334  0.0334  0.0335  0.0336  0.0345  0.0331  0.0335  0.0329  0.0330
  0.0331  0.0329  0.0328  0.0329  0.0329  0.0330  0.0330  0.0334  0.0328  0.0329  0.0327  0.0328
  0.0327  0.0326  0.0326  0.0326  0.0326  0.0326  0.0326  0.0327  0.0326  0.0326  0.0325  0.0326
  0.0325  0.0325  0.0325  0.0325  0.0325  0.0325  0.0325  0.0325  0.0325  0.0325  0.0325  0.0325
  0.0327  0.0327  0.0326  0.0326  0.0326  0.0326  0.0326  0.0328  0.0326  0.0327  0.0326  0.0326
  0.0332  0.0330  0.0328  0.0329  0.0329  0.0330  0.0330  0.0334  0.0327  0.0330  0.0327  0.0328
  0.0339  0.0335  0.0332  0.0334  0.0333  0.0336  0.0336  0.0345  0.0330  0.0336  0.0329  0.0330
niter,ni,del,rscale     3    3    5.0000    0.6000
parameters
   -1.8825  -17.5911   15.7809   -7.8295   -6.1006   -3.0178
    1.2540    4.6642   -0.4943   -6.3800   -3.9450    6.4852
eta,q 0.96749  7.01455
  0.0335  0.0332  0.0330  0.0331  0.0331  0.0333  0.0333  0.0340  0.0329  0.0333  0.0328  0.0329
  0.0330  0.0328  0.0327  0.0328  0.0328  0.0329  0.0329  0.0332  0.0327  0.0328  0.0326  0.0327
  0.0326  0.0326  0.0326  0.0326  0.0326  0.0326  0.0326  0.0327  0.0326  0.0326  0.0325  0.0326
  0.0325  0.0325  0.0325  0.0325  0.0325  0.0325  0.0325  0.0325  0.0325  0.0325  0.0325  0.0325
  0.0326  0.0326  0.0326  0.0326  0.0326  0.0326  0.0326  0.0327  0.0326  0.0326  0.0326  0.0326
  0.0330  0.0329  0.0328  0.0328  0.0328  0.0329  0.0329  0.0332  0.0327  0.0329  0.0327  0.0327
  0.0335  0.0332  0.0330  0.0332  0.0331  0.0333  0.0333  0.0340  0.0329  0.0333  0.0328  0.0329
niter,ni,del,rscale     2    3    5.0000    0.5000
parameters
   -1.8841  -17.6117   15.7720   -7.8592   -6.0580   -3.0219
    1.2398    4.6626   -0.5041   -6.4348   -3.9905    6.4980
eta,q 0.96749  7.01487
  0.0332  0.0330  0.0329  0.0330  0.0330  0.0331  0.0331  0.0335  0.0328  0.0331  0.0327  0.0328
  0.0328  0.0327  0.0327  0.0327  0.0327  0.0328  0.0327  0.0330  0.0326  0.0327  0.0326  0.0326
  0.0326  0.0326  0.0326  0.0326  0.0326  0.0326  0.0326  0.0326  0.0325  0.0326  0.0325  0.0325
  0.0325  0.0325  0.0325  0.0325  0.0325  0.0325  0.0325  0.0325  0.0325  0.0325  0.0325  0.0325
  0.0326  0.0326  0.0326  0.0326  0.0326  0.0326  0.0326  0.0326  0.0325  0.0326  0.0325  0.0326
  0.0328  0.0327  0.0327  0.0327  0.0327  0.0328  0.0328  0.0330  0.0326  0.0328  0.0326  0.0327
  0.0332  0.0330  0.0329  0.0330  0.0329  0.0331  0.0331  0.0336  0.0328  0.0331  0.0327  0.0328
niter,ni,del,rscale     1    3    5.0000    0.4000
parameters
   -1.8857  -17.6243   15.7707   -7.8958   -6.0301   -3.0082
    1.2377    4.6651   -0.5176   -6.4687   -4.0301    6.4624
eta,q 0.96749  7.01480
  0.0330  0.0328  0.0327  0.0328  0.0328  0.0329  0.0329  0.0332  0.0327  0.0329  0.0326  0.0327
  0.0327  0.0326  0.0326  0.0326  0.0326  0.0327  0.0327  0.0328  0.0326  0.0327  0.0326  0.0326
  0.0326  0.0325  0.0325  0.0325  0.0325  0.0326  0.0326  0.0326  0.0325  0.0325  0.0325  0.0325
  0.0325  0.0325  0.0325  0.0325  0.0325  0.0325  0.0325  0.0325  0.0325  0.0325  0.0325  0.0325
  0.0326  0.0326  0.0325  0.0326  0.0325  0.0325  0.0326  0.0326  0.0325  0.0326  0.0325  0.0325
  0.0327  0.0327  0.0326  0.0327  0.0326  0.0327  0.0327  0.0328  0.0326  0.0327  0.0326  0.0326
  0.0330  0.0328  0.0327  0.0328  0.0328  0.0329  0.0329  0.0332  0.0327  0.0329  0.0326  0.0327
registration optimization eta report
parameter search radius
    0.8000    0.8000    0.8000    2.4000    2.4000    2.4000
    2.4000    2.4000    2.4000    2.4000    2.4000    2.4000
100000*second partial in parameter space
       71.       47.       35.        5.        5.        6.
        6.       12.        3.        6.        2.        3.
  0.0330  0.0328  0.0327  0.0328  0.0328  0.0329  0.0329  0.0332  0.0327  0.0329  0.0326  0.0327
  0.0327  0.0326  0.0326  0.0326  0.0326  0.0327  0.0327  0.0328  0.0326  0.0327  0.0326  0.0326
  0.0326  0.0325  0.0325  0.0325  0.0325  0.0326  0.0326  0.0326  0.0325  0.0325  0.0325  0.0325
  0.0325  0.0325  0.0325  0.0325  0.0325  0.0325  0.0325  0.0325  0.0325  0.0325  0.0325  0.0325
  0.0326  0.0326  0.0325  0.0326  0.0325  0.0325  0.0326  0.0326  0.0325  0.0326  0.0325  0.0325
  0.0327  0.0327  0.0326  0.0327  0.0326  0.0327  0.0327  0.0328  0.0326  0.0327  0.0326  0.0326
  0.0330  0.0328  0.0327  0.0328  0.0328  0.0329  0.0329  0.0332  0.0327  0.0329  0.0326  0.0327
   -1.8857  -17.6243   15.7707   -7.8958   -6.0301   -3.0082
    1.2377    4.6651   -0.5176   -6.4687   -4.0301    6.4624
eta,q 0.96749  7.01480

---------------------------------------------------------------------
imgreg_4dfp /opt/freesurfer/average/711-2C_as_mni_average_305 /opt/freesurfer/average/711-2B_as_mni_average_305_mask talsrcimg_g11 none talsrcimg_to_711-2C_as_mni_average_305_t4 2311
---------------------------------------------------------------------

freesurfer imgreg_4dfp.c
/opt/freesurfer/average/711-2C_as_mni_average_305.4dfp.img
       256       256       256         1
  1.000000  1.000000  1.000000
orientation T byte_order littleendian
Reading image: /opt/freesurfer/average/711-2C_as_mni_average_305.4dfp.img
dimensions:      256       256       256
mmppix:       1.0000   -1.0000   -1.0000
center:     128.0000 -129.0000 -129.0000
/opt/freesurfer/average/711-2B_as_mni_average_305_mask.4dfp.img
       256       256       256         1
  1.000000  1.000000  1.000000
orientation T byte_order littleendian
Reading mask: /opt/freesurfer/average/711-2B_as_mni_average_305_mask.4dfp.img (2306576 pixels)
talsrcimg_g11.4dfp.img
       256       256       256         1
  0.898437  0.898437  0.898437
orientation T byte_order littleendian
Reading image: talsrcimg_g11.4dfp.img
dimensions:      256       256       256
mmppix:       0.8984   -0.8984   -0.8984
center:     114.9999 -115.8984 -115.8984
fimgreg.f
image alignment mode   2311 decimal      907 hex
parameters
   -1.8857  -17.6243   15.7707   -7.8958   -6.0301   -3.0082
    1.2377    4.6651   -0.5176   -6.4687   -4.0301    6.4624
eta,q 0.96749  7.01481
niter,ni,del,rscale     5    3    5.0000    0.8000
parameters
   -1.8713  -17.5884   15.8066   -7.7711   -6.1695   -3.0609
    1.2618    4.6957   -0.4474   -6.3348   -3.8747    6.5474
eta,q 0.96748  7.01319
  0.0344  0.0338  0.0334  0.0337  0.0335  0.0338  0.0339  0.0352  0.0332  0.0340  0.0331  0.0331
  0.0333  0.0331  0.0329  0.0330  0.0330  0.0331  0.0331  0.0337  0.0328  0.0332  0.0328  0.0328
  0.0327  0.0326  0.0326  0.0326  0.0326  0.0327  0.0327  0.0328  0.0326  0.0327  0.0326  0.0326
  0.0325  0.0325  0.0325  0.0325  0.0325  0.0325  0.0325  0.0325  0.0325  0.0325  0.0325  0.0325
  0.0327  0.0326  0.0326  0.0327  0.0326  0.0327  0.0327  0.0328  0.0326  0.0327  0.0326  0.0326
  0.0333  0.0330  0.0329  0.0330  0.0330  0.0332  0.0331  0.0337  0.0328  0.0331  0.0327  0.0328
  0.0343  0.0336  0.0333  0.0335  0.0336  0.0339  0.0339  0.0351  0.0332  0.0338  0.0330  0.0331
niter,ni,del,rscale     4    3    5.0000    0.7000
parameters
   -1.8748  -17.5860   15.7821   -7.7923   -6.1156   -3.0536
    1.2601    4.6754   -0.4924   -6.3618   -3.8799    6.5203
eta,q 0.96748  7.01439
  0.0339  0.0335  0.0332  0.0334  0.0333  0.0335  0.0336  0.0345  0.0330  0.0336  0.0329  0.0330
  0.0331  0.0329  0.0328  0.0329  0.0329  0.0330  0.0330  0.0334  0.0327  0.0330  0.0327  0.0328
  0.0327  0.0326  0.0326  0.0326  0.0326  0.0327  0.0326  0.0327  0.0326  0.0326  0.0325  0.0326
  0.0325  0.0325  0.0325  0.0325  0.0325  0.0325  0.0325  0.0325  0.0325  0.0325  0.0325  0.0325
  0.0327  0.0326  0.0326  0.0326  0.0326  0.0326  0.0326  0.0328  0.0326  0.0327  0.0326  0.0326
  0.0331  0.0329  0.0328  0.0329  0.0329  0.0330  0.0330  0.0334  0.0328  0.0330  0.0327  0.0328
  0.0339  0.0334  0.0332  0.0334  0.0333  0.0336  0.0336  0.0345  0.0331  0.0336  0.0329  0.0330
niter,ni,del,rscale     3    3    5.0000    0.6000
parameters
   -1.8810  -17.5979   15.7729   -7.8223   -6.0844   -3.0395
    1.2484    4.6654   -0.4951   -6.3953   -3.9486    6.5113
eta,q 0.96749  7.01483
  0.0335  0.0332  0.0330  0.0332  0.0331  0.0333  0.0333  0.0340  0.0329  0.0333  0.0328  0.0329
  0.0330  0.0328  0.0327  0.0328  0.0328  0.0329  0.0329  0.0332  0.0327  0.0329  0.0326  0.0327
  0.0326  0.0326  0.0326  0.0326  0.0326  0.0326  0.0326  0.0327  0.0326  0.0326  0.0325  0.0326
  0.0325  0.0325  0.0325  0.0325  0.0325  0.0325  0.0325  0.0325  0.0325  0.0325  0.0325  0.0325
  0.0326  0.0326  0.0326  0.0326  0.0326  0.0326  0.0326  0.0327  0.0326  0.0326  0.0326  0.0326
  0.0330  0.0328  0.0328  0.0328  0.0328  0.0329  0.0329  0.0332  0.0327  0.0329  0.0327  0.0327
  0.0335  0.0332  0.0330  0.0332  0.0331  0.0333  0.0333  0.0340  0.0329  0.0333  0.0328  0.0329
niter,ni,del,rscale     2    3    5.0000    0.5000
parameters
   -1.8838  -17.6133   15.7692   -7.8585   -6.0489   -3.0236
    1.2380    4.6651   -0.5018   -6.4399   -3.9914    6.4936
eta,q 0.96749  7.01520
  0.0332  0.0330  0.0329  0.0330  0.0330  0.0331  0.0331  0.0335  0.0328  0.0331  0.0327  0.0328
  0.0328  0.0327  0.0327  0.0327  0.0327  0.0328  0.0328  0.0330  0.0326  0.0327  0.0326  0.0326
  0.0326  0.0326  0.0325  0.0326  0.0326  0.0326  0.0326  0.0326  0.0325  0.0326  0.0325  0.0325
  0.0325  0.0325  0.0325  0.0325  0.0325  0.0325  0.0325  0.0325  0.0325  0.0325  0.0325  0.0325
  0.0326  0.0326  0.0326  0.0326  0.0326  0.0326  0.0326  0.0326  0.0325  0.0326  0.0325  0.0326
  0.0328  0.0327  0.0327  0.0327  0.0327  0.0328  0.0328  0.0330  0.0326  0.0328  0.0326  0.0327
  0.0332  0.0330  0.0329  0.0330  0.0329  0.0331  0.0331  0.0335  0.0328  0.0331  0.0327  0.0328
niter,ni,del,rscale     1    3    5.0000    0.4000
parameters
   -1.8857  -17.6258   15.7688   -7.8968   -6.0268   -3.0020
    1.2373    4.6706   -0.5152   -6.4634   -4.0331    6.4628
eta,q 0.96749  7.01514
  0.0330  0.0328  0.0327  0.0328  0.0328  0.0329  0.0329  0.0332  0.0327  0.0329  0.0326  0.0327
  0.0327  0.0326  0.0326  0.0326  0.0326  0.0327  0.0327  0.0328  0.0326  0.0327  0.0326  0.0326
  0.0326  0.0325  0.0325  0.0325  0.0325  0.0326  0.0326  0.0326  0.0325  0.0326  0.0325  0.0325
  0.0325  0.0325  0.0325  0.0325  0.0325  0.0325  0.0325  0.0325  0.0325  0.0325  0.0325  0.0325
  0.0326  0.0326  0.0325  0.0326  0.0325  0.0325  0.0326  0.0326  0.0325  0.0326  0.0325  0.0325
  0.0327  0.0327  0.0326  0.0327  0.0326  0.0327  0.0327  0.0328  0.0326  0.0327  0.0326  0.0326
  0.0330  0.0328  0.0327  0.0328  0.0328  0.0329  0.0329  0.0332  0.0327  0.0329  0.0326  0.0327
registration optimization eta report
parameter search radius
    0.8000    0.8000    0.8000    2.4000    2.4000    2.4000
    2.4000    2.4000    2.4000    2.4000    2.4000    2.4000
100000*second partial in parameter space
       70.       48.       36.        5.        5.        6.
        6.       12.        3.        6.        2.        3.
  0.0330  0.0328  0.0327  0.0328  0.0328  0.0329  0.0329  0.0332  0.0327  0.0329  0.0326  0.0327
  0.0327  0.0326  0.0326  0.0326  0.0326  0.0327  0.0327  0.0328  0.0326  0.0327  0.0326  0.0326
  0.0326  0.0325  0.0325  0.0325  0.0325  0.0326  0.0326  0.0326  0.0325  0.0326  0.0325  0.0325
  0.0325  0.0325  0.0325  0.0325  0.0325  0.0325  0.0325  0.0325  0.0325  0.0325  0.0325  0.0325
  0.0326  0.0326  0.0325  0.0326  0.0325  0.0325  0.0326  0.0326  0.0325  0.0326  0.0325  0.0325
  0.0327  0.0327  0.0326  0.0327  0.0326  0.0327  0.0327  0.0328  0.0326  0.0327  0.0326  0.0326
  0.0330  0.0328  0.0327  0.0328  0.0328  0.0329  0.0329  0.0332  0.0327  0.0329  0.0326  0.0327
   -1.8857  -17.6258   15.7688   -7.8968   -6.0268   -3.0020
    1.2373    4.6706   -0.5152   -6.4634   -4.0331    6.4628
eta,q 0.96749  7.01514

---------------------------------------------------------------------
compute_vox2vox talsrcimg talsrcimg_to_711-2C_as_mni_average_305_t4 /opt/freesurfer/average/711-2C_as_mni_average_305
---------------------------------------------------------------------

freesurfer compute_vox2vox.c
Reading: talsrcimg.4dfp.ifh
Reading: talsrcimg_to_711-2C_as_mni_average_305_t4
Reading: /opt/freesurfer/average/711-2C_as_mni_average_305.4dfp.ifh
Writing: talsrcimg_to_711-2C_as_mni_average_305_t4_vox2vox.txt

start time Thu Mar 12 21:55:08 CET 2026
end		time Thu Mar 12 21:56:32 CET 2026

mpr2mni305 success

avi2talxfm orig_nu.mgz /opt/freesurfer/average/mni305.cor.mgz talsrcimg_to_711-2C_as_mni_average_305_t4_vox2vox.txt transforms/talairach.auto.xfm
avi2talxfm done
mv -f /out/sourcedata/freesurfer/sub-v2s2x29070_ses-1/mri/talsrcimg_to_711-2C_as_mni_average_305_t4_vox2vox.txt /out/sourcedata/freesurfer/sub-v2s2x29070_ses-1/mri/transforms/talsrcimg_to_711-2C_as_mni_average_305_t4_vox2vox.txt
lta_convert --src orig_nu.mgz --trg /opt/freesurfer/average/mni305.cor.mgz --inxfm transforms/talairach.auto.xfm --outlta transforms/talairach.auto.xfm.lta --subject fsaverage
7.3.2

--src: orig_nu.mgz src image (geometry).
--trg: /opt/freesurfer/average/mni305.cor.mgz trg image (geometry).
--inmni: transforms/talairach.auto.xfm input MNI/XFM transform.
--outlta: transforms/talairach.auto.xfm.lta output LTA.
--s: fsaverage subject name
 LTA read, type : 1
 1.08336  -0.05287  -0.01063   5.84848;
 0.04445   1.02407  -0.07101  -7.79514;
 0.00900   0.07015   1.05919  -0.23441;
 0.00000   0.00000   0.00000   1.00000;
setting subject to fsaverage
Writing  LTA to file transforms/talairach.auto.xfm.lta...
lta_convert successful.
 
 
Started at Thu Mar 12 21:55:07 CET 2026
Ended   at Thu Mar 12 21:56:32 CET 2026
talairach_avi done
