status file for recon-all
Thu Mar 12 22:34:01 CET 2026
#@# MotionCor Thu Mar 12 22:34:03 CET 2026
#@# Talairach Thu Mar 12 22:34:14 CET 2026
#@# Talairach Failure Detection Thu Mar 12 22:38:36 CET 2026
#@# Nu Intensity Correction Thu Mar 12 22:38:36 CET 2026
#@# Intensity Normalization Thu Mar 12 22:41:52 CET 2026
recon-all -s sub-v2s2x29080_ses-1 finished without error at Thu Mar 12 22:43:27 CET 2026



#New# invocation of recon-all 



status file for recon-all
Thu Mar 12 22:51:15 CET 2026
#@# EM Registration Thu Mar 12 22:51:15 CET 2026
recon-all -s sub-v2s2x29080_ses-1 finished without error at Thu Mar 12 22:53:19 CET 2026



#New# invocation of recon-all 



status file for recon-all
Thu Mar 12 22:53:24 CET 2026
#@# CA Normalize Thu Mar 12 22:53:24 CET 2026
#@# CA Reg Thu Mar 12 22:54:42 CET 2026
#@# SubCort Seg Thu Mar 12 23:41:37 CET 2026
#@# CC Seg Fri Mar 13 00:17:30 CET 2026
#@# Merge ASeg Fri Mar 13 00:18:07 CET 2026
#@# Intensity Normalization2 Fri Mar 13 00:18:07 CET 2026
#@# Mask BFS Fri Mar 13 00:20:28 CET 2026
#@# WM Segmentation Fri Mar 13 00:20:29 CET 2026
#@# Fill Fri Mar 13 00:22:36 CET 2026
recon-all -s sub-v2s2x29080_ses-1 finished without error at Fri Mar 13 00:23:38 CET 2026



#New# invocation of recon-all 



status file for recon-all
Fri Mar 13 01:28:04 CET 2026
#@# white curv lh Fri Mar 13 01:28:04 CET 2026
#@# white area lh Fri Mar 13 01:28:04 CET 2026
#@# pial curv lh Fri Mar 13 01:28:04 CET 2026
#@# pial area lh Fri Mar 13 01:28:04 CET 2026
#@# thickness lh Fri Mar 13 01:28:04 CET 2026
#@# area and vertex vol lh Fri Mar 13 01:28:04 CET 2026
#@# white curv rh Fri Mar 13 01:28:04 CET 2026
#@# white area rh Fri Mar 13 01:28:04 CET 2026
#@# pial curv rh Fri Mar 13 01:28:04 CET 2026
#@# pial area rh Fri Mar 13 01:28:04 CET 2026
#@# thickness rh Fri Mar 13 01:28:04 CET 2026
#@# area and vertex vol rh Fri Mar 13 01:28:04 CET 2026
#@# Cortical ribbon mask Fri Mar 13 01:28:04 CET 2026
recon-all -s sub-v2s2x29080_ses-1 finished without error at Fri Mar 13 01:36:00 CET 2026



#New# invocation of recon-all 



status file for recon-all
Fri Mar 13 01:45:08 CET 2026
#@# white curv lh Fri Mar 13 01:45:08 CET 2026
#@# white area lh Fri Mar 13 01:45:08 CET 2026
#@# pial curv lh Fri Mar 13 01:45:08 CET 2026
#@# pial area lh Fri Mar 13 01:45:08 CET 2026
#@# thickness lh Fri Mar 13 01:45:08 CET 2026
#@# area and vertex vol lh Fri Mar 13 01:45:08 CET 2026
#@# white curv rh Fri Mar 13 01:45:08 CET 2026
#@# white area rh Fri Mar 13 01:45:08 CET 2026
#@# pial curv rh Fri Mar 13 01:45:09 CET 2026
#@# pial area rh Fri Mar 13 01:45:09 CET 2026
#@# thickness rh Fri Mar 13 01:45:09 CET 2026
#@# area and vertex vol rh Fri Mar 13 01:45:09 CET 2026
#@# Curvature Stats lh Fri Mar 13 01:45:09 CET 2026
#@# Curvature Stats rh Fri Mar 13 01:45:12 CET 2026
#@# Relabel Hypointensities Fri Mar 13 01:45:15 CET 2026
#@# APas-to-ASeg Fri Mar 13 01:45:35 CET 2026
#@# AParc-to-ASeg aparc Fri Mar 13 01:45:46 CET 2026
#@# AParc-to-ASeg aparc.a2009s Fri Mar 13 01:46:39 CET 2026
#@# AParc-to-ASeg aparc.DKTatlas Fri Mar 13 01:47:36 CET 2026
#@# WMParc Fri Mar 13 01:48:29 CET 2026
#@# ASeg Stats Fri Mar 13 01:52:43 CET 2026
recon-all -s sub-v2s2x29080_ses-1 finished without error at Fri Mar 13 01:53:22 CET 2026
