status file for recon-all
Fri Mar 13 00:23:42 CET 2026
#@# Tessellate lh Fri Mar 13 00:23:42 CET 2026
#@# Smooth1 lh Fri Mar 13 00:23:47 CET 2026
#@# Inflation1 lh Fri Mar 13 00:23:51 CET 2026
#@# QSphere lh Fri Mar 13 00:25:08 CET 2026
#@# Fix Topology lh Fri Mar 13 00:26:26 CET 2026
#@# Smooth2 lh Fri Mar 13 00:33:39 CET 2026
#@# Inflation2 lh Fri Mar 13 00:33:43 CET 2026
#@# Curv .H and .K lh Fri Mar 13 00:34:09 CET 2026
#@# Sphere lh Fri Mar 13 00:35:14 CET 2026
#@# Surf Reg lh Fri Mar 13 00:38:51 CET 2026
#@# Jacobian white lh Fri Mar 13 00:44:35 CET 2026
#@# AvgCurv lh Fri Mar 13 00:44:36 CET 2026
#@# Cortical Parc lh Fri Mar 13 00:44:37 CET 2026
#@# white curv lh Fri Mar 13 00:53:58 CET 2026
#@# white area lh Fri Mar 13 00:54:01 CET 2026
#@# pial curv lh Fri Mar 13 00:54:02 CET 2026
#@# pial area lh Fri Mar 13 00:54:04 CET 2026
#@# thickness lh Fri Mar 13 00:54:05 CET 2026
#@# area and vertex vol lh Fri Mar 13 00:54:47 CET 2026
#@# Curvature Stats lh Fri Mar 13 00:54:49 CET 2026
#@# Cortical Parc 2 lh Fri Mar 13 00:54:52 CET 2026
#@# Cortical Parc 3 lh Fri Mar 13 00:55:09 CET 2026
#@# WM/GM Contrast lh Fri Mar 13 00:55:23 CET 2026
recon-all -s sub-v2s2x29080_ses-1 finished without error at Fri Mar 13 00:55:28 CET 2026



#New# invocation of recon-all 



status file for recon-all
Fri Mar 13 01:36:03 CET 2026
#@# white curv lh Fri Mar 13 01:36:03 CET 2026
#@# white area lh Fri Mar 13 01:36:03 CET 2026
#@# pial curv lh Fri Mar 13 01:36:03 CET 2026
#@# pial area lh Fri Mar 13 01:36:03 CET 2026
#@# thickness lh Fri Mar 13 01:36:03 CET 2026
#@# area and vertex vol lh Fri Mar 13 01:36:03 CET 2026
#@# Parcellation Stats lh Fri Mar 13 01:36:03 CET 2026
#@# Parcellation Stats 2 lh Fri Mar 13 01:36:34 CET 2026
#@# Parcellation Stats 3 lh Fri Mar 13 01:36:51 CET 2026
#@# BA_exvivo Labels lh Fri Mar 13 01:37:07 CET 2026
recon-all -s sub-v2s2x29080_ses-1 finished without error at Fri Mar 13 01:40:36 CET 2026
