status file for recon-all
Fri Mar 13 00:55:31 CET 2026
#@# Tessellate rh Fri Mar 13 00:55:31 CET 2026
#@# Smooth1 rh Fri Mar 13 00:55:35 CET 2026
#@# Inflation1 rh Fri Mar 13 00:55:39 CET 2026
#@# QSphere rh Fri Mar 13 00:57:02 CET 2026
#@# Fix Topology rh Fri Mar 13 00:58:53 CET 2026
#@# Smooth2 rh Fri Mar 13 01:07:04 CET 2026
#@# Inflation2 rh Fri Mar 13 01:07:07 CET 2026
#@# Curv .H and .K rh Fri Mar 13 01:07:34 CET 2026
#@# Sphere rh Fri Mar 13 01:08:37 CET 2026
#@# Surf Reg rh Fri Mar 13 01:11:42 CET 2026
#@# Jacobian white rh Fri Mar 13 01:16:58 CET 2026
#@# AvgCurv rh Fri Mar 13 01:17:00 CET 2026
#@# Cortical Parc rh Fri Mar 13 01:17:01 CET 2026
#@# white curv rh Fri Mar 13 01:26:29 CET 2026
#@# white area rh Fri Mar 13 01:26:31 CET 2026
#@# pial curv rh Fri Mar 13 01:26:32 CET 2026
#@# pial area rh Fri Mar 13 01:26:35 CET 2026
#@# thickness rh Fri Mar 13 01:26:36 CET 2026
#@# area and vertex vol rh Fri Mar 13 01:27:16 CET 2026
#@# Curvature Stats rh Fri Mar 13 01:27:18 CET 2026
#@# Cortical Parc 2 rh Fri Mar 13 01:27:22 CET 2026
#@# Cortical Parc 3 rh Fri Mar 13 01:27:40 CET 2026
#@# WM/GM Contrast rh Fri Mar 13 01:27:53 CET 2026
recon-all -s sub-v2s2x29080_ses-1 finished without error at Fri Mar 13 01:27:59 CET 2026



#New# invocation of recon-all 



status file for recon-all
Fri Mar 13 01:40:39 CET 2026
#@# white curv rh Fri Mar 13 01:40:39 CET 2026
#@# white area rh Fri Mar 13 01:40:39 CET 2026
#@# pial curv rh Fri Mar 13 01:40:39 CET 2026
#@# pial area rh Fri Mar 13 01:40:39 CET 2026
#@# thickness rh Fri Mar 13 01:40:39 CET 2026
#@# area and vertex vol rh Fri Mar 13 01:40:39 CET 2026
#@# Parcellation Stats rh Fri Mar 13 01:40:39 CET 2026
#@# Parcellation Stats 2 rh Fri Mar 13 01:41:10 CET 2026
#@# Parcellation Stats 3 rh Fri Mar 13 01:41:26 CET 2026
#@# BA_exvivo Labels rh Fri Mar 13 01:41:41 CET 2026
recon-all -s sub-v2s2x29080_ses-1 finished without error at Fri Mar 13 01:45:03 CET 2026
