/out/sourcedata/freesurfer/sub-v2s2x29065_ses-1/mri
/opt/freesurfer/bin/talairach_avi
--i orig_nu.mgz --xfm transforms/talairach.auto.xfm
talairach_avi 7.3.2
Linux dna069 5.14.0-427.37.1.el9_4.x86_64 #1 SMP PREEMPT_DYNAMIC Fri Sep 13 12:41:50 EDT 2024 x86_64 x86_64 x86_64 GNU/Linux
Thu Mar 12 21:23:32 CET 2026
mri_convert orig_nu.mgz talsrcimg.img 
reading from orig_nu.mgz...
TR=0.00, TE=0.00, TI=0.00, flip angle=0.00
i_ras = (-1, 0, 0)
j_ras = (0, 0, -1)
k_ras = (0, 1, 0)
writing to talsrcimg.img...
Analyze Output Matrix
-0.89844   0.00000   0.00000   118.29749;
 0.00000   0.00000   0.89844  -100.05716;
 0.00000  -0.89844   0.00000   166.62807;
 0.00000   0.00000   0.00000   1.00000;
--------------------
INFO: set hdr.hist.orient to -1
mpr2mni305 talsrcimg
Thu Mar 12 21:23:32 CET 2026
/opt/freesurfer/bin/mpr2mni305 talsrcimg
mpr2mni305 7.3.2
target=711-2C_as_mni_average_305

---------------------------------------------------------------------
analyzeto4dfp talsrcimg -O0 -y
---------------------------------------------------------------------

freesurfer ifh2hdr.c
Thu Mar 12 21:23:32 2026
Writing: talsrcimg.4dfp.hdr
freesurfer analyzeto4dfp.c
Reading: talsrcimg.hdr
header size 348 bytes
hdr.dime.datatype	offset=70	value=2
hdr.dime.bitpix		offset=72	value=8
hdr.hist.orient		offset=252	value=-1
dimensionality     4
dimensions       256       256       256         1
Reading: talsrcimg.img
Writing: talsrcimg.4dfp.img
Writing: talsrcimg.4dfp.ifh
ifh2hdr talsrcimg -r0to255
ori=2

---------------------------------------------------------------------
gauss_4dfp talsrcimg 1.1
---------------------------------------------------------------------

freesurfer gauss_4dfp.c
Reading: talsrcimg.4dfp.img
Writing: talsrcimg_g11.4dfp.img
image dimensions 256 256 256 padded to 288 288 288
processing volume 1freesurfer ifh2hdr.c
Thu Mar 12 21:23:34 2026
Writing: talsrcimg_g11.4dfp.hdr

Writing: talsrcimg_g11.4dfp.ifh
including: talsrcimg.4dfp.img.rec in talsrcimg_g11.4dfp.img.rec

---------------------------------------------------------------------
imgreg_4dfp /opt/freesurfer/average/711-2C_as_mni_average_305 none talsrcimg_g11 none talsrcimg_to_711-2C_as_mni_average_305_t4 4355
---------------------------------------------------------------------

freesurfer imgreg_4dfp.c
/opt/freesurfer/average/711-2C_as_mni_average_305.4dfp.img
       256       256       256         1
  1.000000  1.000000  1.000000
orientation T byte_order littleendian
Reading image: /opt/freesurfer/average/711-2C_as_mni_average_305.4dfp.img
dimensions:      256       256       256
mmppix:       1.0000   -1.0000   -1.0000
center:     128.0000 -129.0000 -129.0000
talsrcimg_g11.4dfp.img
       256       256       256         1
  0.898437  0.898437  0.898437
orientation T byte_order littleendian
Reading image: talsrcimg_g11.4dfp.img
dimensions:      256       256       256
mmppix:       0.8984   -0.8984   -0.8984
center:     114.9999 -115.8984 -115.8984
t4_read: open error in t4_sub.f l:  41 t4_file(1:l)talsrcimg_to_711-2C_as_mni_average_305_t4 
t4_read: transform initialized to I4
rotation matrix determinant  1.000000
image alignment mode   4355 decimal     1103 hex
   -7.5000  -45.0000  -45.0000 6342.8262   11.6969
    0.0000  -45.0000  -45.0000 6396.1211   11.7285
    7.5000  -45.0000  -45.0000 6030.9663   11.7384
   -7.5000  -37.5000  -45.0000 6597.7769   12.4769
    0.0000  -37.5000  -45.0000 6662.8335   12.5135
    7.5000  -37.5000  -45.0000 6273.1973   12.5199
   -7.5000  -30.0000  -45.0000 6859.1904   12.8916
    0.0000  -30.0000  -45.0000 6946.7007   12.9292
    7.5000  -30.0000  -45.0000 6537.2124   12.9300
   -7.5000  -22.5000  -45.0000 7283.6841   12.8778
    0.0000  -22.5000  -45.0000 7365.2290   12.9132
    7.5000  -22.5000  -45.0000 6939.5098   12.9125
   -7.5000  -15.0000  -45.0000 7674.9946   12.8402
    0.0000  -15.0000  -45.0000 7774.4883   12.8719
    7.5000  -15.0000  -45.0000 7320.6328   12.8754
   -7.5000   -7.5000  -45.0000 7754.8833   12.8107
    0.0000   -7.5000  -45.0000 7847.6963   12.8415
    7.5000   -7.5000  -45.0000 7400.4800   12.8503
   -7.5000    0.0000  -45.0000 7745.8462   12.8228
    0.0000    0.0000  -45.0000 7824.1206   12.8575
    7.5000    0.0000  -45.0000 7392.8047   12.8683
   -7.5000    7.5000  -45.0000 7279.2109   12.8703
    0.0000    7.5000  -45.0000 7356.5083   12.9080
    7.5000    7.5000  -45.0000 6945.8438   12.9146
   -7.5000   15.0000  -45.0000 6962.0552   12.8916
    0.0000   15.0000  -45.0000 7038.1558   12.9292
    7.5000   15.0000  -45.0000 6633.0469   12.9300
   -7.5000   22.5000  -45.0000 6281.5449   12.7046
    0.0000   22.5000  -45.0000 6341.7520   12.7395
    7.5000   22.5000  -45.0000 5996.6978   12.7388
   -7.5000   30.0000  -45.0000 5670.7939   12.3300
    0.0000   30.0000  -45.0000 5712.7588   12.3604
    7.5000   30.0000  -45.0000 5411.0562   12.3637
   -7.5000   37.5000  -45.0000 5141.9619   12.2436
    0.0000   37.5000  -45.0000 5150.8018   12.2687
    7.5000   37.5000  -45.0000 4874.3433   12.2764
   -7.5000   45.0000  -45.0000 4625.3428   12.2398
    0.0000   45.0000  -45.0000 4632.5679   12.2679
    7.5000   45.0000  -45.0000 4385.2534   12.2761
   -7.5000  -45.0000  -37.5000 6938.3867   12.2283
    0.0000  -45.0000  -37.5000 7010.2104   12.2609
    7.5000  -45.0000  -37.5000 6602.1948   12.2683
   -7.5000  -37.5000  -37.5000 7213.0952   13.0430
    0.0000  -37.5000  -37.5000 7300.5249   13.0802
    7.5000  -37.5000  -37.5000 6850.5894   13.0856
   -7.5000  -30.0000  -37.5000 7513.8696   13.4497
    0.0000  -30.0000  -37.5000 7587.9624   13.4873
    7.5000  -30.0000  -37.5000 7137.8506   13.4877
   -7.5000  -22.5000  -37.5000 7931.8384   13.4387
    0.0000  -22.5000  -37.5000 8020.4863   13.4736
    7.5000  -22.5000  -37.5000 7548.7031   13.4713
   -7.5000  -15.0000  -37.5000 8350.1436   13.4059
    0.0000  -15.0000  -37.5000 8445.5195   13.4372
    7.5000  -15.0000  -37.5000 7950.4297   13.4376
   -7.5000   -7.5000  -37.5000 8423.3311   13.3780
    0.0000   -7.5000  -37.5000 8524.4199   13.4092
    7.5000   -7.5000  -37.5000 8027.8950   13.4147
   -7.5000    0.0000  -37.5000 8379.4121   13.3883
    0.0000    0.0000  -37.5000 8474.2959   13.4240
    7.5000    0.0000  -37.5000 7987.2505   13.4321
   -7.5000    7.5000  -37.5000 7848.7236   13.4305
    0.0000    7.5000  -37.5000 7940.9907   13.4688
    7.5000    7.5000  -37.5000 7463.5767   13.4744
   -7.5000   15.0000  -37.5000 7498.0898   13.4490
    0.0000   15.0000  -37.5000 7572.4341   13.4867
    7.5000   15.0000  -37.5000 7119.9727   13.4871
   -7.5000   22.5000  -37.5000 6753.3892   13.2590
    0.0000   22.5000  -37.5000 6824.5176   13.2935
    7.5000   22.5000  -37.5000 6436.2378   13.2912
   -7.5000   30.0000  -37.5000 6065.8828   12.8823
    0.0000   30.0000  -37.5000 6125.3569   12.9124
    7.5000   30.0000  -37.5000 5797.5400   12.9128
   -7.5000   37.5000  -37.5000 5494.7026   12.7901
    0.0000   37.5000  -37.5000 5510.9033   12.8161
    7.5000   37.5000  -37.5000 5218.0156   12.8214
   -7.5000   45.0000  -37.5000 4942.9717   12.7667
    0.0000   45.0000  -37.5000 4940.4321   12.7963
    7.5000   45.0000  -37.5000 4692.9805   12.8038
   -7.5000  -45.0000  -30.0000 7533.5977   12.7676
    0.0000  -45.0000  -30.0000 7593.1899   12.8061
    7.5000  -45.0000  -30.0000 7169.0312   12.8168
   -7.5000  -37.5000  -30.0000 7821.2705   13.6179
    0.0000  -37.5000  -30.0000 7889.6689   13.6617
    7.5000  -37.5000  -30.0000 7431.6748   13.6726
   -7.5000  -30.0000  -30.0000 8144.6748   14.0143
    0.0000  -30.0000  -30.0000 8220.7607   14.0576
    7.5000  -30.0000  -30.0000 7749.1519   14.0636
   -7.5000  -22.5000  -30.0000 8584.8398   13.9999
    0.0000  -22.5000  -30.0000 8689.1943   14.0388
    7.5000  -22.5000  -30.0000 8163.5967   14.0392
   -7.5000  -15.0000  -30.0000 9016.3545   13.9708
    0.0000  -15.0000  -30.0000 9121.2705   14.0058
    7.5000  -15.0000  -30.0000 8574.9873   14.0068
   -7.5000   -7.5000  -30.0000 9083.8730   13.9499
    0.0000   -7.5000  -30.0000 9174.0000   13.9861
    7.5000   -7.5000  -30.0000 8653.8779   13.9927
   -7.5000    0.0000  -30.0000 9006.3145   13.9643
    0.0000    0.0000  -30.0000 9102.2500   14.0064
    7.5000    0.0000  -30.0000 8581.1670   14.0181
   -7.5000    7.5000  -30.0000 8403.7383   14.0013
    0.0000    7.5000  -30.0000 8480.0449   14.0464
    7.5000    7.5000  -30.0000 7998.5171   14.0576
   -7.5000   15.0000  -30.0000 8023.8525   14.0124
    0.0000   15.0000  -30.0000 8083.4814   14.0557
    7.5000   15.0000  -30.0000 7626.4961   14.0616
   -7.5000   22.5000  -30.0000 7222.8765   13.8134
    0.0000   22.5000  -30.0000 7289.8237   13.8517
    7.5000   22.5000  -30.0000 6879.3462   13.8521
   -7.5000   30.0000  -30.0000 6489.3159   13.4349
    0.0000   30.0000  -30.0000 6547.6968   13.4686
    7.5000   30.0000  -30.0000 6178.5752   13.4695
   -7.5000   37.5000  -30.0000 5865.7959   13.3527
    0.0000   37.5000  -30.0000 5880.7070   13.3845
    7.5000   37.5000  -30.0000 5558.2993   13.3913
   -7.5000   45.0000  -30.0000 5249.8262   13.3310
    0.0000   45.0000  -30.0000 5241.9746   13.3666
    7.5000   45.0000  -30.0000 4981.4878   13.3776
   -7.5000  -45.0000  -22.5000 8108.6104   13.2491
    0.0000  -45.0000  -22.5000 8172.6602   13.2921
    7.5000  -45.0000  -22.5000 7733.4707   13.3052
   -7.5000  -37.5000  -22.5000 8414.3066   14.1414
    0.0000  -37.5000  -22.5000 8479.7725   14.1903
    7.5000  -37.5000  -22.5000 8007.8779   14.2037
   -7.5000  -30.0000  -22.5000 8787.5215   14.5301
    0.0000  -30.0000  -22.5000 8869.7002   14.5779
    7.5000  -30.0000  -22.5000 8356.1328   14.5849
   -7.5000  -22.5000  -22.5000 9264.5732   14.5059
    0.0000  -22.5000  -22.5000 9367.0459   14.5481
    7.5000  -22.5000  -22.5000 8799.2607   14.5483
   -7.5000  -15.0000  -22.5000 9716.1924   14.4734
    0.0000  -15.0000  -22.5000 9812.7402   14.5116
    7.5000  -15.0000  -22.5000 9224.5557   14.5125
   -7.5000   -7.5000  -22.5000 9761.9307   14.4586
    0.0000   -7.5000  -22.5000 9858.3828   14.4988
    7.5000   -7.5000  -22.5000 9276.9902   14.5066
   -7.5000    0.0000  -22.5000 9631.7051   14.4826
    0.0000    0.0000  -22.5000 9737.4521   14.5296
    7.5000    0.0000  -22.5000 9165.5850   14.5440
   -7.5000    7.5000  -22.5000 8961.5020   14.5214
    0.0000    7.5000  -22.5000 9041.9268   14.5716
    7.5000    7.5000  -22.5000 8534.2520   14.5854
   -7.5000   15.0000  -22.5000 8542.5127   14.5267
    0.0000   15.0000  -22.5000 8611.1992   14.5744
    7.5000   15.0000  -22.5000 8134.3130   14.5814
   -7.5000   22.5000  -22.5000 7674.9863   14.3139
    0.0000   22.5000  -22.5000 7738.9834   14.3556
    7.5000   22.5000  -22.5000 7306.4312   14.3558
   -7.5000   30.0000  -22.5000 6891.4937   13.9284
    0.0000   30.0000  -22.5000 6940.7178   13.9652
    7.5000   30.0000  -22.5000 6541.6235   13.9660
   -7.5000   37.5000  -22.5000 6207.3721   13.8585
    0.0000   37.5000  -22.5000 6242.1885   13.8944
    7.5000   37.5000  -22.5000 5900.2178   13.9022
   -7.5000   45.0000  -22.5000 5539.1665   13.8568
    0.0000   45.0000  -22.5000 5538.6216   13.8961
    7.5000   45.0000  -22.5000 5269.1567   13.9083
   -7.5000  -45.0000  -15.0000 8710.7598   13.7203
    0.0000  -45.0000  -15.0000 8779.9248   13.7639
    7.5000  -45.0000  -15.0000 8286.6689   13.7777
   -7.5000  -37.5000  -15.0000 9031.5830   14.6505
    0.0000  -37.5000  -15.0000 9105.2773   14.7003
    7.5000  -37.5000  -15.0000 8578.0566   14.7119
   -7.5000  -30.0000  -15.0000 9429.8779   15.0419
    0.0000  -30.0000  -15.0000 9530.5254   15.0909
    7.5000  -30.0000  -15.0000 8946.2725   15.0947
   -7.5000  -22.5000  -15.0000 9943.4316   15.0112
    0.0000  -22.5000  -15.000010046.8311   15.0551
    7.5000  -22.5000  -15.0000 9433.1143   15.0534
   -7.5000  -15.0000  -15.000010418.4287   14.9704
    0.0000  -15.0000  -15.000010537.2881   15.0102
    7.5000  -15.0000  -15.0000 9883.0400   15.0116
   -7.5000   -7.5000  -15.000010442.0166   14.9535
    0.0000   -7.5000  -15.000010563.2617   14.9946
    7.5000   -7.5000  -15.0000 9923.3145   15.0042
   -7.5000    0.0000  -15.000010268.3086   14.9831
    0.0000    0.0000  -15.000010377.8682   15.0308
    7.5000    0.0000  -15.0000 9783.1211   15.0458
   -7.5000    7.5000  -15.0000 9533.9941   15.0296
    0.0000    7.5000  -15.0000 9622.8545   15.0807
    7.5000    7.5000  -15.0000 9096.8398   15.0926
   -7.5000   15.0000  -15.0000 9064.7207   15.0373
    0.0000   15.0000  -15.0000 9163.7012   15.0863
    7.5000   15.0000  -15.0000 8668.9824   15.0901
   -7.5000   22.5000  -15.0000 8150.8550   14.8149
    0.0000   22.5000  -15.0000 8232.8301   14.8582
    7.5000   22.5000  -15.0000 7774.9214   14.8565
   -7.5000   30.0000  -15.0000 7304.0869   14.4176
    0.0000   30.0000  -15.0000 7372.7417   14.4559
    7.5000   30.0000  -15.0000 6956.6450   14.4572
   -7.5000   37.5000  -15.0000 6562.3716   14.3563
    0.0000   37.5000  -15.0000 6602.0146   14.3924
    7.5000   37.5000  -15.0000 6254.2109   14.4009
   -7.5000   45.0000  -15.0000 5829.4375   14.3737
    0.0000   45.0000  -15.0000 5847.7739   14.4126
    7.5000   45.0000  -15.0000 5552.1089   14.4235
   -7.5000  -45.0000   -7.5000 9046.6709   13.7225
    0.0000  -45.0000   -7.5000 9120.1914   13.7621
    7.5000  -45.0000   -7.5000 8618.5273   13.7741
   -7.5000  -37.5000   -7.5000 9367.8154   14.6563
    0.0000  -37.5000   -7.5000 9460.8955   14.7018
    7.5000  -37.5000   -7.5000 8929.5674   14.7096
   -7.5000  -30.0000   -7.5000 9783.5645   15.0562
    0.0000  -30.0000   -7.5000 9912.0645   15.1019
    7.5000  -30.0000   -7.5000 9295.9004   15.1023
   -7.5000  -22.5000   -7.500010292.7627   15.0303
    0.0000  -22.5000   -7.500010423.7051   15.0728
    7.5000  -22.5000   -7.5000 9788.0576   15.0704
   -7.5000  -15.0000   -7.500010796.4463   14.9864
    0.0000  -15.0000   -7.500010955.6641   15.0250
    7.5000  -15.0000   -7.500010260.6553   15.0276
   -7.5000   -7.5000   -7.500010825.6650   14.9616
    0.0000   -7.5000   -7.500010956.2461   15.0000
    7.5000   -7.5000   -7.500010282.4209   15.0099
   -7.5000    0.0000   -7.500010627.3447   14.9855
    0.0000    0.0000   -7.500010731.0674   15.0288
    7.5000    0.0000   -7.500010097.7432   15.0419
   -7.5000    7.5000   -7.5000 9852.0322   15.0356
    0.0000    7.5000   -7.5000 9954.6406   15.0822
    7.5000    7.5000   -7.5000 9380.7256   15.0903
   -7.5000   15.0000   -7.5000 9341.9580   15.0515
    0.0000   15.0000   -7.5000 9457.8389   15.0972
    7.5000   15.0000   -7.5000 8919.6465   15.0976
   -7.5000   22.5000   -7.5000 8379.9443   14.8337
    0.0000   22.5000   -7.5000 8485.9531   14.8757
    7.5000   22.5000   -7.5000 8021.1250   14.8732
   -7.5000   30.0000   -7.5000 7500.2583   14.4330
    0.0000   30.0000   -7.5000 7590.6348   14.4702
    7.5000   30.0000   -7.5000 7178.3008   14.4727
   -7.5000   37.5000   -7.5000 6720.7061   14.3662
    0.0000   37.5000   -7.5000 6784.7998   14.3986
    7.5000   37.5000   -7.5000 6413.4917   14.4068
   -7.5000   45.0000   -7.5000 5960.9902   14.3781
    0.0000   45.0000   -7.5000 5991.9746   14.4127
    7.5000   45.0000   -7.5000 5686.2539   14.4212
   -7.5000  -45.0000    0.0000 9169.9600   14.0680
    0.0000  -45.0000    0.0000 9234.7168   14.1043
    7.5000  -45.0000    0.0000 8759.3018   14.1128
   -7.5000  -37.5000    0.0000 9541.8008   15.0172
    0.0000  -37.5000    0.0000 9652.9785   15.0591
    7.5000  -37.5000    0.0000 9097.8457   15.0632
   -7.5000  -30.0000    0.0000 9988.7617   15.4239
    0.0000  -30.0000    0.000010156.6387   15.4667
    7.5000  -30.0000    0.0000 9499.6650   15.4643
   -7.5000  -22.5000    0.000010466.5400   15.4075
    0.0000  -22.5000    0.000010642.3486   15.4481
    7.5000  -22.5000    0.0000 9984.0049   15.4441
   -7.5000  -15.0000    0.000010953.1299   15.3656
    0.0000  -15.0000    0.000011126.2344   15.4021
    7.5000  -15.0000    0.000010453.3086   15.4030
   -7.5000   -7.5000    0.000010979.4824   15.3331
    0.0000   -7.5000    0.000011117.1660   15.3685
    7.5000   -7.5000    0.000010442.2852   15.3756
   -7.5000    0.0000    0.000010766.6943   15.3476
    0.0000    0.0000    0.000010897.4072   15.3873
    7.5000    0.0000    0.000010236.4160   15.3965
   -7.5000    7.5000    0.0000 9976.4482   15.3957
    0.0000    7.5000    0.000010105.2539   15.4386
    7.5000    7.5000    0.0000 9470.1279   15.4428
   -7.5000   15.0000    0.0000 9460.2158   15.4184
    0.0000   15.0000    0.0000 9593.2754   15.4612
    7.5000   15.0000    0.0000 9007.7354   15.4588
   -7.5000   22.5000    0.0000 8494.2178   15.2081
    0.0000   22.5000    0.0000 8622.8223   15.2481
    7.5000   22.5000    0.0000 8104.1675   15.2442
   -7.5000   30.0000    0.0000 7570.6064   14.8071
    0.0000   30.0000    0.0000 7672.7217   14.8422
    7.5000   30.0000    0.0000 7227.7021   14.8432
   -7.5000   37.5000    0.0000 6738.5771   14.7410
    0.0000   37.5000    0.0000 6809.2017   14.7699
    7.5000   37.5000    0.0000 6424.3213   14.7757
   -7.5000   45.0000    0.0000 5978.2817   14.7517
    0.0000   45.0000    0.0000 6001.2056   14.7838
    7.5000   45.0000    0.0000 5676.8643   14.7902
   -7.5000  -45.0000    7.5000 8938.6689   14.0644
    0.0000  -45.0000    7.5000 9001.3164   14.1018
    7.5000  -45.0000    7.5000 8533.3379   14.1098
   -7.5000  -37.5000    7.5000 9387.9316   15.0067
    0.0000  -37.5000    7.5000 9537.8223   15.0494
    7.5000  -37.5000    7.5000 8909.6416   15.0552
   -7.5000  -30.0000    7.5000 9896.4736   15.4104
    0.0000  -30.0000    7.500010115.7461   15.4534
    7.5000  -30.0000    7.5000 9376.5215   15.4538
   -7.5000  -22.5000    7.500010313.4297   15.3990
    0.0000  -22.5000    7.500010509.4619   15.4389
    7.5000  -22.5000    7.5000 9809.7734   15.4361
   -7.5000  -15.0000    7.500010735.6270   15.3637
    0.0000  -15.0000    7.500010866.3096   15.3995
    7.5000  -15.0000    7.500010216.8711   15.3996
   -7.5000   -7.5000    7.500010706.0625   15.3331
    0.0000   -7.5000    7.500010833.0830   15.3687
    7.5000   -7.5000    7.500010192.7002   15.3744
   -7.5000    0.0000    7.500010482.0547   15.3436
    0.0000    0.0000    7.500010610.0605   15.3844
    7.5000    0.0000    7.5000 9950.3984   15.3932
   -7.5000    7.5000    7.5000 9703.2080   15.3848
    0.0000    7.5000    7.5000 9826.2422   15.4286
    7.5000    7.5000    7.5000 9206.2285   15.4346
   -7.5000   15.0000    7.5000 9197.3027   15.4049
    0.0000   15.0000    7.5000 9328.2568   15.4480
    7.5000   15.0000    7.5000 8744.5762   15.4484
   -7.5000   22.5000    7.5000 8270.5908   15.1997
    0.0000   22.5000    7.5000 8385.7832   15.2390
    7.5000   22.5000    7.5000 7865.8833   15.2363
   -7.5000   30.0000    7.5000 7342.8804   14.8053
    0.0000   30.0000    7.5000 7442.1890   14.8398
    7.5000   30.0000    7.5000 6997.1113   14.8398
   -7.5000   37.5000    7.5000 6499.8271   14.7391
    0.0000   37.5000    7.5000 6575.5742   14.7690
    7.5000   37.5000    7.5000 6181.2988   14.7744
   -7.5000   45.0000    7.5000 5740.4316   14.7438
    0.0000   45.0000    7.5000 5750.7056   14.7779
    7.5000   45.0000    7.5000 5440.9219   14.7860
   -7.5000  -45.0000   15.0000 9022.0127   14.0637
    0.0000  -45.0000   15.0000 9157.4883   14.1062
    7.5000  -45.0000   15.0000 8582.7852   14.1176
   -7.5000  -37.5000   15.0000 9524.9062   15.0017
    0.0000  -37.5000   15.0000 9760.0420   15.0500
    7.5000  -37.5000   15.0000 8997.9824   15.0616
   -7.5000  -30.0000   15.000010091.4229   15.3971
    0.0000  -30.0000   15.000010357.4473   15.4448
    7.5000  -30.0000   15.0000 9523.1934   15.4510
   -7.5000  -22.5000   15.000010534.0137   15.3814
    0.0000  -22.5000   15.000010728.7656   15.4242
    7.5000  -22.5000   15.0000 9968.8643   15.4246
   -7.5000  -15.0000   15.000010870.6172   15.3498
    0.0000  -15.0000   15.000010972.5879   15.3885
    7.5000  -15.0000   15.000010317.1875   15.3895
   -7.5000   -7.5000   15.000010792.6895   15.3272
    0.0000   -7.5000   15.000010876.3506   15.3672
    7.5000   -7.5000   15.000010246.3428   15.3742
   -7.5000    0.0000   15.000010507.5283   15.3429
    0.0000    0.0000   15.000010606.1836   15.3893
    7.5000    0.0000   15.0000 9983.0010   15.4017
   -7.5000    7.5000   15.0000 9712.1416   15.3798
    0.0000    7.5000   15.0000 9811.0264   15.4293
    7.5000    7.5000   15.0000 9221.4326   15.4412
   -7.5000   15.0000   15.0000 9213.1025   15.3917
    0.0000   15.0000   15.0000 9318.6182   15.4393
    7.5000   15.0000   15.0000 8744.5117   15.4455
   -7.5000   22.5000   15.0000 8258.6055   15.1823
    0.0000   22.5000   15.0000 8362.1162   15.2246
    7.5000   22.5000   15.0000 7839.4663   15.2250
   -7.5000   30.0000   15.0000 7325.1055   14.7919
    0.0000   30.0000   15.0000 7416.2754   14.8292
    7.5000   30.0000   15.0000 6962.8794   14.8301
   -7.5000   37.5000   15.0000 6476.3564   14.7315
    0.0000   37.5000   15.0000 6536.7021   14.7668
    7.5000   37.5000   15.0000 6145.3682   14.7741
   -7.5000   45.0000   15.0000 5698.5845   14.7421
    0.0000   45.0000   15.0000 5707.9810   14.7815
    7.5000   45.0000   15.0000 5406.3179   14.7933
   -7.5000  -45.0000   22.5000 8584.0088   14.1665
    0.0000  -45.0000   22.5000 8733.2842   14.2129
    7.5000  -45.0000   22.5000 8172.7974   14.2268
   -7.5000  -37.5000   22.5000 8955.6191   15.1138
    0.0000  -37.5000   22.5000 9134.1689   15.1665
    7.5000  -37.5000   22.5000 8493.8877   15.1808
   -7.5000  -30.0000   22.5000 9430.3164   15.5058
    0.0000  -30.0000   22.5000 9596.4727   15.5572
    7.5000  -30.0000   22.5000 8931.3359   15.5646
   -7.5000  -22.5000   22.5000 9920.6719   15.4800
    0.0000  -22.5000   22.500010066.6191   15.5255
    7.5000  -22.5000   22.5000 9409.9766   15.5257
   -7.5000  -15.0000   22.500010328.3447   15.4454
    0.0000  -15.0000   22.500010432.6523   15.4865
    7.5000  -15.0000   22.5000 9818.9473   15.4874
   -7.5000   -7.5000   22.500010272.5059   15.4295
    0.0000   -7.5000   22.500010326.1270   15.4728
    7.5000   -7.5000   22.5000 9761.2080   15.4810
   -7.5000    0.0000   22.5000 9985.5869   15.4550
    0.0000    0.0000   22.500010033.0420   15.5057
    7.5000    0.0000   22.5000 9497.7676   15.5209
   -7.5000    7.5000   22.5000 9241.0859   15.4947
    0.0000    7.5000   22.5000 9292.7236   15.5487
    7.5000    7.5000   22.5000 8780.1875   15.5633
   -7.5000   15.0000   22.5000 8775.6035   15.5003
    0.0000   15.0000   22.5000 8827.5420   15.5517
    7.5000   15.0000   22.5000 8328.9512   15.5591
   -7.5000   22.5000   22.5000 7861.5254   15.2797
    0.0000   22.5000   22.5000 7925.2100   15.3246
    7.5000   22.5000   22.5000 7462.1377   15.3247
   -7.5000   30.0000   22.5000 6954.3726   14.8840
    0.0000   30.0000   22.5000 7012.6040   14.9236
    7.5000   30.0000   22.5000 6608.0864   14.9245
   -7.5000   37.5000   22.5000 6149.7725   14.8295
    0.0000   37.5000   22.5000 6190.5562   14.8683
    7.5000   37.5000   22.5000 5825.2798   14.8766
   -7.5000   45.0000   22.5000 5400.6284   14.8494
    0.0000   45.0000   22.5000 5426.2002   14.8918
    7.5000   45.0000   22.5000 5120.0059   14.9045
   -7.5000  -45.0000   30.0000 8116.6699   14.2206
    0.0000  -45.0000   30.0000 8217.5449   14.2678
    7.5000  -45.0000   30.0000 7761.5640   14.2830
   -7.5000  -37.5000   30.0000 8407.8350   15.1854
    0.0000  -37.5000   30.0000 8483.9688   15.2395
    7.5000  -37.5000   30.0000 8029.4004   15.2527
   -7.5000  -30.0000   30.0000 8759.4023   15.5847
    0.0000  -30.0000   30.0000 8819.2617   15.6381
    7.5000  -30.0000   30.0000 8372.9990   15.6433
   -7.5000  -22.5000   30.0000 9243.3965   15.5537
    0.0000  -22.5000   30.0000 9308.5908   15.6015
    7.5000  -22.5000   30.0000 8817.7578   15.6008
   -7.5000  -15.0000   30.0000 9707.9150   15.5116
    0.0000  -15.0000   30.0000 9765.3857   15.5547
    7.5000  -15.0000   30.0000 9241.4609   15.5570
   -7.5000   -7.5000   30.0000 9699.7510   15.4937
    0.0000   -7.5000   30.0000 9746.3350   15.5381
    7.5000   -7.5000   30.0000 9232.8965   15.5488
   -7.5000    0.0000   30.0000 9438.5205   15.5236
    0.0000    0.0000   30.0000 9499.6182   15.5751
    7.5000    0.0000   30.0000 8988.6865   15.5917
   -7.5000    7.5000   30.0000 8722.7324   15.5707
    0.0000    7.5000   30.0000 8784.1045   15.6262
    7.5000    7.5000   30.0000 8291.0020   15.6398
   -7.5000   15.0000   30.0000 8254.1777   15.5791
    0.0000   15.0000   30.0000 8331.3594   15.6325
    7.5000   15.0000   30.0000 7856.0371   15.6378
   -7.5000   22.5000   30.0000 7370.8604   15.3510
    0.0000   22.5000   30.0000 7439.7495   15.3982
    7.5000   22.5000   30.0000 7018.7065   15.3975
   -7.5000   30.0000   30.0000 6514.5708   14.9547
    0.0000   30.0000   30.0000 6565.5146   14.9962
    7.5000   30.0000   30.0000 6205.6870   14.9984
   -7.5000   37.5000   30.0000 5767.6870   14.9023
    0.0000   37.5000   30.0000 5796.9302   14.9413
    7.5000   37.5000   30.0000 5482.3081   14.9510
   -7.5000   45.0000   30.0000 5067.4263   14.9267
    0.0000   45.0000   30.0000 5069.9199   14.9687
    7.5000   45.0000   30.0000 4811.6470   14.9809
   -7.5000  -45.0000   37.5000 7611.0884   14.2117
    0.0000  -45.0000   37.5000 7708.4326   14.2533
    7.5000  -45.0000   37.5000 7283.7349   14.2657
   -7.5000  -37.5000   37.5000 7871.8877   15.1815
    0.0000  -37.5000   37.5000 7934.5386   15.2296
    7.5000  -37.5000   37.5000 7540.1626   15.2376
   -7.5000  -30.0000   37.5000 8197.6143   15.5814
    0.0000  -30.0000   37.5000 8253.5049   15.6301
    7.5000  -30.0000   37.5000 7861.2896   15.6308
   -7.5000  -22.5000   37.5000 8627.5322   15.5580
    0.0000  -22.5000   37.5000 8681.8701   15.6034
    7.5000  -22.5000   37.5000 8245.7295   15.6019
   -7.5000  -15.0000   37.5000 9039.3887   15.5140
    0.0000  -15.0000   37.5000 9084.3682   15.5550
    7.5000  -15.0000   37.5000 8622.5469   15.5588
   -7.5000   -7.5000   37.5000 9057.6875   15.4868
    0.0000   -7.5000   37.5000 9096.3633   15.5271
    7.5000   -7.5000   37.5000 8640.2803   15.5380
   -7.5000    0.0000   37.5000 8862.8223   15.5080
    0.0000    0.0000   37.5000 8909.7178   15.5534
    7.5000    0.0000   37.5000 8433.3828   15.5669
   -7.5000    7.5000   37.5000 8198.5205   15.5571
    0.0000    7.5000   37.5000 8234.6729   15.6064
    7.5000    7.5000   37.5000 7791.6011   15.6146
   -7.5000   15.0000   37.5000 7740.7466   15.5757
    0.0000   15.0000   37.5000 7802.4434   15.6244
    7.5000   15.0000   37.5000 7373.3999   15.6251
   -7.5000   22.5000   37.5000 6897.1064   15.3526
    0.0000   22.5000   37.5000 6954.1582   15.3975
    7.5000   22.5000   37.5000 6568.6968   15.3960
   -7.5000   30.0000   37.5000 6095.2871   14.9568
    0.0000   30.0000   37.5000 6137.3740   14.9964
    7.5000   30.0000   37.5000 5804.6904   15.0000
   -7.5000   37.5000   37.5000 5396.6079   14.8841
    0.0000   37.5000   37.5000 5416.9521   14.9179
    7.5000   37.5000   37.5000 5130.8774   14.9275
   -7.5000   45.0000   37.5000 4741.9014   14.8876
    0.0000   45.0000   37.5000 4731.7583   14.9231
    7.5000   45.0000   37.5000 4494.5034   14.9320
   -7.5000  -45.0000   45.0000 7082.0688   14.2794
    0.0000  -45.0000   45.0000 7179.7603   14.3207
    7.5000  -45.0000   45.0000 6780.7510   14.3264
   -7.5000  -37.5000   45.0000 7320.9517   15.2520
    0.0000  -37.5000   45.0000 7397.0732   15.2990
    7.5000  -37.5000   45.0000 7008.2852   15.3000
   -7.5000  -30.0000   45.0000 7616.0356   15.6493
    0.0000  -30.0000   45.0000 7681.2793   15.6975
    7.5000  -30.0000   45.0000 7298.7524   15.6915
   -7.5000  -22.5000   45.0000 8010.4961   15.6407
    0.0000  -22.5000   45.0000 8071.4248   15.6871
    7.5000  -22.5000   45.0000 7666.0742   15.6793
   -7.5000  -15.0000   45.0000 8382.7607   15.6001
    0.0000  -15.0000   45.0000 8441.1270   15.6424
    7.5000  -15.0000   45.0000 8023.0903   15.6398
   -7.5000   -7.5000   45.0000 8399.5449   15.5619
    0.0000   -7.5000   45.0000 8447.4697   15.6028
    7.5000   -7.5000   45.0000 8036.8188   15.6066
   -7.5000    0.0000   45.0000 8235.3857   15.5685
    0.0000    0.0000   45.0000 8279.4775   15.6135
    7.5000    0.0000   45.0000 7861.3936   15.6197
   -7.5000    7.5000   45.0000 7623.9014   15.6143
    0.0000    7.5000   45.0000 7674.3916   15.6625
    7.5000    7.5000   45.0000 7275.4507   15.6635
   -7.5000   15.0000   45.0000 7203.4912   15.6434
    0.0000   15.0000   45.0000 7269.7983   15.6916
    7.5000   15.0000   45.0000 6882.7808   15.6857
   -7.5000   22.5000   45.0000 6410.6182   15.4322
    0.0000   22.5000   45.0000 6471.5435   15.4780
    7.5000   22.5000   45.0000 6131.6826   15.4703
   -7.5000   30.0000   45.0000 5696.8916   15.0384
    0.0000   30.0000   45.0000 5731.7300   15.0792
    7.5000   30.0000   45.0000 5431.0171   15.0766
   -7.5000   37.5000   45.0000 5039.1851   14.9421
    0.0000   37.5000   45.0000 5054.8096   14.9755
    7.5000   37.5000   45.0000 4792.7646   14.9786
   -7.5000   45.0000   45.0000 4403.9712   14.9166
    0.0000   45.0000   45.0000 4413.5923   14.9524
    7.5000   45.0000   45.0000 4188.8433   14.9566

---------------------------------------------------------------------
imgreg_4dfp /opt/freesurfer/average/711-2C_as_mni_average_305 /opt/freesurfer/average/711-2B_as_mni_average_305_mask talsrcimg_g11 none talsrcimg_to_711-2C_as_mni_average_305_t4 4355
---------------------------------------------------------------------

freesurfer imgreg_4dfp.c
/opt/freesurfer/average/711-2C_as_mni_average_305.4dfp.img
       256       256       256         1
  1.000000  1.000000  1.000000
orientation T byte_order littleendian
Reading image: /opt/freesurfer/average/711-2C_as_mni_average_305.4dfp.img
dimensions:      256       256       256
mmppix:       1.0000   -1.0000   -1.0000
center:     128.0000 -129.0000 -129.0000
/opt/freesurfer/average/711-2B_as_mni_average_305_mask.4dfp.img
       256       256       256         1
  1.000000  1.000000  1.000000
orientation T byte_order littleendian
Reading mask: /opt/freesurfer/average/711-2B_as_mni_average_305_mask.4dfp.img (2306576 pixels)
talsrcimg_g11.4dfp.img
       256       256       256         1
  0.898437  0.898437  0.898437
orientation T byte_order littleendian
Reading image: talsrcimg_g11.4dfp.img
dimensions:      256       256       256
mmppix:       0.8984   -0.8984   -0.8984
center:     114.9999 -115.8984 -115.8984
rotation matrix determinant  1.000000
image alignment mode   4355 decimal     1103 hex
   -7.5000  -60.0000  -45.0000 1818.8085   14.4038
    0.0000  -60.0000  -45.0000 1826.1356   14.4665
    7.5000  -60.0000  -45.0000 1807.2307   14.5830
   -7.5000  -52.5000  -45.0000 1907.5981   13.2852
    0.0000  -52.5000  -45.0000 1911.8191   13.3390
    7.5000  -52.5000  -45.0000 1897.7029   13.4453
   -7.5000  -45.0000  -45.0000 1971.2604   12.6053
    0.0000  -45.0000  -45.0000 1979.0573   12.6498
    7.5000  -45.0000  -45.0000 1958.0255   12.7544
   -7.5000  -37.5000  -45.0000 1992.7493   12.0316
    0.0000  -37.5000  -45.0000 2000.3152   12.0518
    7.5000  -37.5000  -45.0000 1982.2279   12.1969
   -7.5000  -30.0000  -45.0000 2004.3737   11.6719
    0.0000  -30.0000  -45.0000 2012.7732   11.6729
    7.5000  -30.0000  -45.0000 1995.9725   11.8105
   -7.5000  -22.5000  -45.0000 2010.8103   11.6193
    0.0000  -22.5000  -45.0000 2023.1178   11.6140
    7.5000  -22.5000  -45.0000 1996.6132   11.7588
   -7.5000  -15.0000  -45.0000 1997.1498   11.8666
    0.0000  -15.0000  -45.0000 2008.6158   11.8757
    7.5000  -15.0000  -45.0000 1982.0256   12.0415
   -7.5000   -7.5000  -45.0000 1965.4205   12.3998
    0.0000   -7.5000  -45.0000 1974.1096   12.3735
    7.5000   -7.5000  -45.0000 1951.9053   12.6020
   -7.5000    0.0000  -45.0000 1922.5339   13.2032
    0.0000    0.0000  -45.0000 1930.8674   13.1803
    7.5000    0.0000  -45.0000 1906.2921   13.4120
   -7.5000    7.5000  -45.0000 1853.6141   14.3145
    0.0000    7.5000  -45.0000 1866.6774   14.2653
    7.5000    7.5000  -45.0000 1837.9468   14.5331
   -7.5000   15.0000  -45.0000 1764.7402   15.7722
    0.0000   15.0000  -45.0000 1776.6483   15.7164
    7.5000   15.0000  -45.0000 1744.7898   16.0459
   -7.5000   22.5000  -45.0000 1659.4604   17.8301
    0.0000   22.5000  -45.0000 1671.7639   17.7292
    7.5000   22.5000  -45.0000 1645.3716   18.1307
   -7.5000   30.0000  -45.0000 1560.5573   20.6191
    0.0000   30.0000  -45.0000 1569.3945   20.4506
    7.5000   30.0000  -45.0000 1543.4421   20.9043
   -7.5000  -60.0000  -37.5000 1978.9401   14.0370
    0.0000  -60.0000  -37.5000 1982.9547   14.0799
    7.5000  -60.0000  -37.5000 1958.8097   14.2101
   -7.5000  -52.5000  -37.5000 2066.8589   12.9074
    0.0000  -52.5000  -37.5000 2074.1804   12.9663
    7.5000  -52.5000  -37.5000 2053.9048   13.0752
   -7.5000  -45.0000  -37.5000 2136.9954   12.2544
    0.0000  -45.0000  -37.5000 2147.1438   12.2939
    7.5000  -45.0000  -37.5000 2121.4214   12.3977
   -7.5000  -37.5000  -37.5000 2167.0168   11.7003
    0.0000  -37.5000  -37.5000 2181.0979   11.7248
    7.5000  -37.5000  -37.5000 2150.9482   11.8388
   -7.5000  -30.0000  -37.5000 2182.5339   11.3621
    0.0000  -30.0000  -37.5000 2192.2705   11.3680
    7.5000  -30.0000  -37.5000 2168.8337   11.4786
   -7.5000  -22.5000  -37.5000 2184.2808   11.3253
    0.0000  -22.5000  -37.5000 2196.1697   11.3209
    7.5000  -22.5000  -37.5000 2171.1218   11.4430
   -7.5000  -15.0000  -37.5000 2169.6323   11.5477
    0.0000  -15.0000  -37.5000 2179.3635   11.5320
    7.5000  -15.0000  -37.5000 2153.3745   11.6960
   -7.5000   -7.5000  -37.5000 2138.4785   12.0443
    0.0000   -7.5000  -37.5000 2148.2615   12.0348
    7.5000   -7.5000  -37.5000 2121.0457   12.1951
   -7.5000    0.0000  -37.5000 2084.1216   12.7901
    0.0000    0.0000  -37.5000 2095.8813   12.7845
    7.5000    0.0000  -37.5000 2069.7571   12.9538
   -7.5000    7.5000  -37.5000 2008.6652   13.8511
    0.0000    7.5000  -37.5000 2022.5045   13.8223
    7.5000    7.5000  -37.5000 1991.2781   14.0573
   -7.5000   15.0000  -37.5000 1915.6410   15.3298
    0.0000   15.0000  -37.5000 1924.6396   15.2828
    7.5000   15.0000  -37.5000 1890.5831   15.5315
   -7.5000   22.5000  -37.5000 1801.9900   17.2961
    0.0000   22.5000  -37.5000 1813.6310   17.2035
    7.5000   22.5000  -37.5000 1785.1475   17.4756
   -7.5000   30.0000  -37.5000 1684.0470   19.9152
    0.0000   30.0000  -37.5000 1693.7504   19.8296
    7.5000   30.0000  -37.5000 1673.8223   20.2025
   -7.5000  -60.0000  -30.0000 2113.1523   13.5937
    0.0000  -60.0000  -30.0000 2123.5293   13.6245
    7.5000  -60.0000  -30.0000 2095.4319   13.7874
   -7.5000  -52.5000  -30.0000 2203.5125   12.4779
    0.0000  -52.5000  -30.0000 2212.8835   12.5016
    7.5000  -52.5000  -30.0000 2189.6106   12.6215
   -7.5000  -45.0000  -30.0000 2281.0332   11.8154
    0.0000  -45.0000  -30.0000 2289.7576   11.8455
    7.5000  -45.0000  -30.0000 2265.7324   11.9783
   -7.5000  -37.5000  -30.0000 2320.9243   11.2897
    0.0000  -37.5000  -30.0000 2332.2114   11.3096
    7.5000  -37.5000  -30.0000 2301.3518   11.4237
   -7.5000  -30.0000  -30.0000 2346.5540   10.9684
    0.0000  -30.0000  -30.0000 2356.0400   10.9780
    7.5000  -30.0000  -30.0000 2331.2935   11.0849
   -7.5000  -22.5000  -30.0000 2355.1831   10.9338
    0.0000  -22.5000  -30.0000 2365.7109   10.9363
    7.5000  -22.5000  -30.0000 2335.0435   11.0504
   -7.5000  -15.0000  -30.0000 2339.1279   11.1421
    0.0000  -15.0000  -30.0000 2350.6096   11.1495
    7.5000  -15.0000  -30.0000 2316.4087   11.2557
   -7.5000   -7.5000  -30.0000 2300.9490   11.6134
    0.0000   -7.5000  -30.0000 2309.3096   11.6101
    7.5000   -7.5000  -30.0000 2280.8389   11.7328
   -7.5000    0.0000  -30.0000 2238.8728   12.3473
    0.0000    0.0000  -30.0000 2251.6055   12.3395
    7.5000    0.0000  -30.0000 2220.3521   12.4753
   -7.5000    7.5000  -30.0000 2154.6633   13.3797
    0.0000    7.5000  -30.0000 2167.7722   13.3746
    7.5000    7.5000  -30.0000 2134.2966   13.5636
   -7.5000   15.0000  -30.0000 2050.9932   14.8128
    0.0000   15.0000  -30.0000 2058.2590   14.7812
    7.5000   15.0000  -30.0000 2025.3831   14.9556
   -7.5000   22.5000  -30.0000 1928.7887   16.7191
    0.0000   22.5000  -30.0000 1936.0006   16.6356
    7.5000   22.5000  -30.0000 1907.1418   16.8477
   -7.5000   30.0000  -30.0000 1796.8281   19.2343
    0.0000   30.0000  -30.0000 1807.6210   19.1406
    7.5000   30.0000  -30.0000 1780.6959   19.4117
   -7.5000  -60.0000  -22.5000 2225.6965   13.0282
    0.0000  -60.0000  -22.5000 2235.8318   13.0495
    7.5000  -60.0000  -22.5000 2206.0369   13.1907
   -7.5000  -52.5000  -22.5000 2319.7590   11.9364
    0.0000  -52.5000  -22.5000 2329.2476   11.9457
    7.5000  -52.5000  -22.5000 2302.7446   12.0674
   -7.5000  -45.0000  -22.5000 2401.5449   11.2854
    0.0000  -45.0000  -22.5000 2407.2903   11.3140
    7.5000  -45.0000  -22.5000 2386.1101   11.4358
   -7.5000  -37.5000  -22.5000 2455.1370   10.7871
    0.0000  -37.5000  -22.5000 2463.9229   10.8012
    7.5000  -37.5000  -22.5000 2434.9324   10.9297
   -7.5000  -30.0000  -22.5000 2496.0459   10.4783
    0.0000  -30.0000  -22.5000 2504.4602   10.4966
    7.5000  -30.0000  -22.5000 2473.6226   10.5981
   -7.5000  -22.5000  -22.5000 2511.7393   10.4319
    0.0000  -22.5000  -22.5000 2521.1184   10.4523
    7.5000  -22.5000  -22.5000 2489.5081   10.5307
   -7.5000  -15.0000  -22.5000 2498.8596   10.6688
    0.0000  -15.0000  -22.5000 2511.3396   10.6599
    7.5000  -15.0000  -22.5000 2472.4160   10.7528
   -7.5000   -7.5000  -22.5000 2453.7913   11.1378
    0.0000   -7.5000  -22.5000 2468.9783   11.1235
    7.5000   -7.5000  -22.5000 2429.6785   11.2142
   -7.5000    0.0000  -22.5000 2377.9827   11.8319
    0.0000    0.0000  -22.5000 2395.0549   11.8212
    7.5000    0.0000  -22.5000 2353.8408   11.9430
   -7.5000    7.5000  -22.5000 2282.3062   12.8416
    0.0000    7.5000  -22.5000 2294.9954   12.8520
    7.5000    7.5000  -22.5000 2260.8892   12.9726
   -7.5000   15.0000  -22.5000 2164.5574   14.2249
    0.0000   15.0000  -22.5000 2176.1887   14.1915
    7.5000   15.0000  -22.5000 2145.2522   14.3349
   -7.5000   22.5000  -22.5000 2036.2595   16.0321
    0.0000   22.5000  -22.5000 2046.3743   15.9657
    7.5000   22.5000  -22.5000 2017.6947   16.1222
   -7.5000   30.0000  -22.5000 1899.5656   18.4203
    0.0000   30.0000  -22.5000 1908.9592   18.3343
    7.5000   30.0000  -22.5000 1872.3558   18.5006
   -7.5000  -60.0000  -15.0000 2307.0537   12.3477
    0.0000  -60.0000  -15.0000 2316.0300   12.3371
    7.5000  -60.0000  -15.0000 2288.6409   12.4999
   -7.5000  -52.5000  -15.0000 2411.8169   11.3308
    0.0000  -52.5000  -15.0000 2424.7175   11.2992
    7.5000  -52.5000  -15.0000 2394.5950   11.4400
   -7.5000  -45.0000  -15.0000 2504.1399   10.7248
    0.0000  -45.0000  -15.0000 2514.7834   10.7282
    7.5000  -45.0000  -15.0000 2489.3469   10.8387
   -7.5000  -37.5000  -15.0000 2567.7107   10.2600
    0.0000  -37.5000  -15.0000 2582.4609   10.2539
    7.5000  -37.5000  -15.0000 2546.8591   10.3642
   -7.5000  -30.0000  -15.0000 2615.2520    9.9578
    0.0000  -30.0000  -15.0000 2631.4150    9.9592
    7.5000  -30.0000  -15.0000 2592.5256   10.0433
   -7.5000  -22.5000  -15.0000 2643.6208    9.8886
    0.0000  -22.5000  -15.0000 2657.3428    9.8839
    7.5000  -22.5000  -15.0000 2619.3538    9.9723
   -7.5000  -15.0000  -15.0000 2632.9121   10.1146
    0.0000  -15.0000  -15.0000 2653.5059   10.0806
    7.5000  -15.0000  -15.0000 2605.0728   10.1929
   -7.5000   -7.5000  -15.0000 2578.3477   10.5788
    0.0000   -7.5000  -15.0000 2600.4512   10.5669
    7.5000   -7.5000  -15.0000 2554.0220   10.6675
   -7.5000    0.0000  -15.0000 2487.5825   11.2611
    0.0000    0.0000  -15.0000 2505.0718   11.2696
    7.5000    0.0000  -15.0000 2467.9177   11.3682
   -7.5000    7.5000  -15.0000 2378.7573   12.2367
    0.0000    7.5000  -15.0000 2391.0347   12.2379
    7.5000    7.5000  -15.0000 2360.4282   12.3534
   -7.5000   15.0000  -15.0000 2251.3145   13.5729
    0.0000   15.0000  -15.0000 2269.2859   13.5442
    7.5000   15.0000  -15.0000 2242.8792   13.6775
   -7.5000   22.5000  -15.0000 2116.4922   15.2822
    0.0000   22.5000  -15.0000 2129.3545   15.2301
    7.5000   22.5000  -15.0000 2100.6409   15.3779
   -7.5000   30.0000  -15.0000 1971.8535   17.5040
    0.0000   30.0000  -15.0000 1982.1355   17.4598
    7.5000   30.0000  -15.0000 1950.1033   17.5888
   -7.5000  -60.0000   -7.5000 2351.1765   11.6481
    0.0000  -60.0000   -7.5000 2359.7458   11.6121
    7.5000  -60.0000   -7.5000 2338.6155   11.8066
   -7.5000  -52.5000   -7.5000 2466.9487   10.6603
    0.0000  -52.5000   -7.5000 2484.0205   10.6243
    7.5000  -52.5000   -7.5000 2458.0645   10.7897
   -7.5000  -45.0000   -7.5000 2577.2915   10.1084
    0.0000  -45.0000   -7.5000 2594.5386   10.0731
    7.5000  -45.0000   -7.5000 2565.7473   10.1997
   -7.5000  -37.5000   -7.5000 2651.3923    9.6847
    0.0000  -37.5000   -7.5000 2673.4148    9.6515
    7.5000  -37.5000   -7.5000 2639.9170    9.7830
   -7.5000  -30.0000   -7.5000 2709.1216    9.4125
    0.0000  -30.0000   -7.5000 2734.1987    9.3974
    7.5000  -30.0000   -7.5000 2694.1670    9.4931
   -7.5000  -22.5000   -7.5000 2738.5068    9.3115
    0.0000  -22.5000   -7.5000 2761.7678    9.2978
    7.5000  -22.5000   -7.5000 2722.9119    9.3986
   -7.5000  -15.0000   -7.5000 2724.7866    9.5239
    0.0000  -15.0000   -7.5000 2755.2944    9.4964
    7.5000  -15.0000   -7.5000 2706.1938    9.6014
   -7.5000   -7.5000   -7.5000 2664.9597    9.9928
    0.0000   -7.5000   -7.5000 2688.0579    9.9791
    7.5000   -7.5000   -7.5000 2644.5027   10.0758
   -7.5000    0.0000   -7.5000 2564.8840   10.6598
    0.0000    0.0000   -7.5000 2578.3757   10.6546
    7.5000    0.0000   -7.5000 2547.0710   10.7645
   -7.5000    7.5000   -7.5000 2444.5259   11.6145
    0.0000    7.5000   -7.5000 2462.3630   11.5919
    7.5000    7.5000   -7.5000 2430.9692   11.7062
   -7.5000   15.0000   -7.5000 2306.6318   12.8859
    0.0000   15.0000   -7.5000 2327.4539   12.8546
    7.5000   15.0000   -7.5000 2298.7117   12.9792
   -7.5000   22.5000   -7.5000 2164.8767   14.5150
    0.0000   22.5000   -7.5000 2180.8423   14.4815
    7.5000   22.5000   -7.5000 2154.5830   14.6181
   -7.5000   30.0000   -7.5000 2013.8800   16.5626
    0.0000   30.0000   -7.5000 2028.6409   16.5328
    7.5000   30.0000   -7.5000 2003.5034   16.6855
   -7.5000  -60.0000    0.0000 2392.0730   11.2342
    0.0000  -60.0000    0.0000 2404.6926   11.1574
    7.5000  -60.0000    0.0000 2383.9419   11.3729
   -7.5000  -52.5000    0.0000 2520.1379   10.2568
    0.0000  -52.5000    0.0000 2538.0947   10.1830
    7.5000  -52.5000    0.0000 2511.7678   10.3675
   -7.5000  -45.0000    0.0000 2645.7795    9.7036
    0.0000  -45.0000    0.0000 2668.0403    9.6384
    7.5000  -45.0000    0.0000 2637.9214    9.8014
   -7.5000  -37.5000    0.0000 2737.9368    9.3009
    0.0000  -37.5000    0.0000 2769.5393    9.2464
    7.5000  -37.5000    0.0000 2726.6914    9.4025
   -7.5000  -30.0000    0.0000 2808.5332    9.0672
    0.0000  -30.0000    0.0000 2849.3804    9.0275
    7.5000  -30.0000    0.0000 2792.7280    9.1518
   -7.5000  -22.5000    0.0000 2836.4871    8.9700
    0.0000  -22.5000    0.0000 2875.6904    8.9451
    7.5000  -22.5000    0.0000 2822.5850    9.0668
   -7.5000  -15.0000    0.0000 2810.6880    9.1471
    0.0000  -15.0000    0.0000 2843.4849    9.1292
    7.5000  -15.0000    0.0000 2799.1191    9.2471
   -7.5000   -7.5000    0.0000 2736.7600    9.6021
    0.0000   -7.5000    0.0000 2760.2827    9.5805
    7.5000   -7.5000    0.0000 2721.0283    9.7013
   -7.5000    0.0000    0.0000 2627.2710   10.2673
    0.0000    0.0000    0.0000 2646.1499   10.2390
    7.5000    0.0000    0.0000 2615.3174   10.3757
   -7.5000    7.5000    0.0000 2501.7107   11.2123
    0.0000    7.5000    0.0000 2521.4500   11.1816
    7.5000    7.5000    0.0000 2484.6152   11.3121
   -7.5000   15.0000    0.0000 2362.8767   12.4490
    0.0000   15.0000    0.0000 2381.9221   12.4097
    7.5000   15.0000    0.0000 2347.8970   12.5414
   -7.5000   22.5000    0.0000 2215.6208   14.0101
    0.0000   22.5000    0.0000 2233.0408   13.9899
    7.5000   22.5000    0.0000 2203.9236   14.1125
   -7.5000   30.0000    0.0000 2054.0876   15.9411
    0.0000   30.0000    0.0000 2069.4431   15.9014
    7.5000   30.0000    0.0000 2045.0696   16.0713
   -7.5000  -60.0000    7.5000 2413.0586   10.9222
    0.0000  -60.0000    7.5000 2427.8108   10.8364
    7.5000  -60.0000    7.5000 2402.2114   11.0568
   -7.5000  -52.5000    7.5000 2544.2837    9.9553
    0.0000  -52.5000    7.5000 2563.3044    9.8776
    7.5000  -52.5000    7.5000 2534.6311   10.0663
   -7.5000  -45.0000    7.5000 2682.8840    9.4254
    0.0000  -45.0000    7.5000 2709.6748    9.3663
    7.5000  -45.0000    7.5000 2677.2556    9.5225
   -7.5000  -37.5000    7.5000 2796.3176    9.0738
    0.0000  -37.5000    7.5000 2830.2947    9.0198
    7.5000  -37.5000    7.5000 2778.2568    9.1478
   -7.5000  -30.0000    7.5000 2886.0720    8.8725
    0.0000  -30.0000    7.5000 2942.2080    8.8355
    7.5000  -30.0000    7.5000 2858.3452    8.9375
   -7.5000  -22.5000    7.5000 2913.1355    8.7613
    0.0000  -22.5000    7.5000 2963.9302    8.7318
    7.5000  -22.5000    7.5000 2884.1736    8.8608
   -7.5000  -15.0000    7.5000 2870.8521    8.9037
    0.0000  -15.0000    7.5000 2902.4954    8.8702
    7.5000  -15.0000    7.5000 2852.0889    9.0028
   -7.5000   -7.5000    7.5000 2776.0288    9.3037
    0.0000   -7.5000    7.5000 2806.9856    9.2611
    7.5000   -7.5000    7.5000 2769.4792    9.4024
   -7.5000    0.0000    7.5000 2658.6394    9.9553
    0.0000    0.0000    7.5000 2684.0625    9.9128
    7.5000    0.0000    7.5000 2648.3647   10.0571
   -7.5000    7.5000    7.5000 2527.7808   10.8805
    0.0000    7.5000    7.5000 2547.5913   10.8452
    7.5000    7.5000    7.5000 2515.6016   10.9850
   -7.5000   15.0000    7.5000 2384.7634   12.1055
    0.0000   15.0000    7.5000 2406.2412   12.0701
    7.5000   15.0000    7.5000 2372.9629   12.1988
   -7.5000   22.5000    7.5000 2236.0708   13.6045
    0.0000   22.5000    7.5000 2254.7141   13.5551
    7.5000   22.5000    7.5000 2224.1138   13.7203
   -7.5000   30.0000    7.5000 2072.6484   15.5289
    0.0000   30.0000    7.5000 2090.3765   15.4316
    7.5000   30.0000    7.5000 2064.2068   15.6213
   -7.5000  -60.0000   15.0000 2426.6824   10.8067
    0.0000  -60.0000   15.0000 2444.1729   10.7529
    7.5000  -60.0000   15.0000 2417.9636   10.9397
   -7.5000  -52.5000   15.0000 2560.1433    9.8527
    0.0000  -52.5000   15.0000 2579.2361    9.7949
    7.5000  -52.5000   15.0000 2549.2842    9.9619
   -7.5000  -45.0000   15.0000 2705.5339    9.3259
    0.0000  -45.0000   15.0000 2731.3660    9.2724
    7.5000  -45.0000   15.0000 2692.0950    9.4297
   -7.5000  -37.5000   15.0000 2817.9321    9.0195
    0.0000  -37.5000   15.0000 2856.8792    9.0011
    7.5000  -37.5000   15.0000 2800.2197    9.0780
   -7.5000  -30.0000   15.0000 2912.4529    8.8571
    0.0000  -30.0000   15.0000 2983.2856    8.8453
    7.5000  -30.0000   15.0000 2884.8918    8.8934
   -7.5000  -22.5000   15.0000 2940.8931    8.7440
    0.0000  -22.5000   15.0000 3000.5088    8.6972
    7.5000  -22.5000   15.0000 2906.1611    8.8267
   -7.5000  -15.0000   15.0000 2890.0710    8.8410
    0.0000  -15.0000   15.0000 2924.7461    8.7692
    7.5000  -15.0000   15.0000 2866.6528    8.9289
   -7.5000   -7.5000   15.0000 2795.0193    9.1923
    0.0000   -7.5000   15.0000 2820.6777    9.1410
    7.5000   -7.5000   15.0000 2779.1736    9.2856
   -7.5000    0.0000   15.0000 2666.1003    9.8111
    0.0000    0.0000   15.0000 2691.8755    9.7800
    7.5000    0.0000   15.0000 2658.2178    9.9119
   -7.5000    7.5000   15.0000 2532.4414   10.6972
    0.0000    7.5000   15.0000 2551.1787   10.6738
    7.5000    7.5000   15.0000 2524.2373   10.8106
   -7.5000   15.0000   15.0000 2388.7766   11.8754
    0.0000   15.0000   15.0000 2403.5754   11.8607
    7.5000   15.0000   15.0000 2376.5403   11.9913
   -7.5000   22.5000   15.0000 2237.9688   13.3624
    0.0000   22.5000   15.0000 2251.5684   13.3292
    7.5000   22.5000   15.0000 2223.5759   13.4694
   -7.5000   30.0000   15.0000 2074.0347   15.2112
    0.0000   30.0000   15.0000 2090.3508   15.1753
    7.5000   30.0000   15.0000 2064.2109   15.3145
   -7.5000  -60.0000   22.5000 2425.9348   10.8903
    0.0000  -60.0000   22.5000 2448.1121   10.8375
    7.5000  -60.0000   22.5000 2418.3906   11.0129
   -7.5000  -52.5000   22.5000 2561.2371    9.9428
    0.0000  -52.5000   22.5000 2584.9585    9.8919
    7.5000  -52.5000   22.5000 2548.9507   10.0642
   -7.5000  -45.0000   22.5000 2700.9990    9.4085
    0.0000  -45.0000   22.5000 2726.5874    9.3645
    7.5000  -45.0000   22.5000 2686.0320    9.5317
   -7.5000  -37.5000   22.5000 2806.0295    9.0598
    0.0000  -37.5000   22.5000 2844.5300    9.0359
    7.5000  -37.5000   22.5000 2789.2729    9.1453
   -7.5000  -30.0000   22.5000 2885.1233    8.8540
    0.0000  -30.0000   22.5000 2937.1816    8.8026
    7.5000  -30.0000   22.5000 2861.3953    8.9385
   -7.5000  -22.5000   22.5000 2901.2920    8.8208
    0.0000  -22.5000   22.5000 2946.7891    8.7483
    7.5000  -22.5000   22.5000 2879.1360    8.8767
   -7.5000  -15.0000   22.5000 2860.7925    8.9747
    0.0000  -15.0000   22.5000 2895.9612    8.9092
    7.5000  -15.0000   22.5000 2840.5896    9.0424
   -7.5000   -7.5000   22.5000 2775.0413    9.3062
    0.0000   -7.5000   22.5000 2798.0649    9.2532
    7.5000   -7.5000   22.5000 2755.6309    9.3973
   -7.5000    0.0000   22.5000 2649.7925    9.8886
    0.0000    0.0000   22.5000 2668.8984    9.8391
    7.5000    0.0000   22.5000 2640.7129    9.9836
   -7.5000    7.5000   22.5000 2516.5017   10.7201
    0.0000    7.5000   22.5000 2534.5830   10.6626
    7.5000    7.5000   22.5000 2506.7271   10.8132
   -7.5000   15.0000   22.5000 2375.8198   11.7947
    0.0000   15.0000   22.5000 2388.4795   11.7647
    7.5000   15.0000   22.5000 2361.7107   11.9156
   -7.5000   22.5000   22.5000 2224.4688   13.2496
    0.0000   22.5000   22.5000 2240.7061   13.2082
    7.5000   22.5000   22.5000 2211.8044   13.3391
   -7.5000   30.0000   22.5000 2054.5212   15.0624
    0.0000   30.0000   22.5000 2071.6340   14.9986
    7.5000   30.0000   22.5000 2047.3312   15.1705
   -7.5000  -60.0000   30.0000 2416.5867   11.1721
    0.0000  -60.0000   30.0000 2440.7678   11.0844
    7.5000  -60.0000   30.0000 2404.9121   11.2993
   -7.5000  -52.5000   30.0000 2546.1135   10.2254
    0.0000  -52.5000   30.0000 2574.5286   10.1383
    7.5000  -52.5000   30.0000 2533.8882   10.3435
   -7.5000  -45.0000   30.0000 2680.7339    9.6941
    0.0000  -45.0000   30.0000 2711.8335    9.6212
    7.5000  -45.0000   30.0000 2667.6553    9.8090
   -7.5000  -37.5000   30.0000 2770.2903    9.2866
    0.0000  -37.5000   30.0000 2810.0156    9.1962
    7.5000  -37.5000   30.0000 2757.3445    9.3837
   -7.5000  -30.0000   30.0000 2827.0818    9.0436
    0.0000  -30.0000   30.0000 2867.8723    8.9177
    7.5000  -30.0000   30.0000 2813.4482    9.1388
   -7.5000  -22.5000   30.0000 2843.2417    8.9964
    0.0000  -22.5000   30.0000 2877.2231    8.9129
    7.5000  -22.5000   30.0000 2827.2385    9.0666
   -7.5000  -15.0000   30.0000 2803.4399    9.2025
    0.0000  -15.0000   30.0000 2834.5618    9.1185
    7.5000  -15.0000   30.0000 2787.6482    9.2497
   -7.5000   -7.5000   30.0000 2718.2778    9.5799
    0.0000   -7.5000   30.0000 2742.3738    9.5164
    7.5000   -7.5000   30.0000 2707.6223    9.6417
   -7.5000    0.0000   30.0000 2604.6248   10.1380
    0.0000    0.0000   30.0000 2626.8904   10.1039
    7.5000    0.0000   30.0000 2597.0400   10.2359
   -7.5000    7.5000   30.0000 2484.2019   10.8969
    0.0000    7.5000   30.0000 2496.2241   10.8784
    7.5000    7.5000   30.0000 2471.6616   11.0087
   -7.5000   15.0000   30.0000 2344.7024   11.9250
    0.0000   15.0000   30.0000 2360.1938   11.9055
    7.5000   15.0000   30.0000 2334.7573   12.0250
   -7.5000   22.5000   30.0000 2183.4463   13.3159
    0.0000   22.5000   30.0000 2200.6545   13.2801
    7.5000   22.5000   30.0000 2180.9680   13.4004
   -7.5000   30.0000   30.0000 2016.2189   15.1146
    0.0000   30.0000   30.0000 2033.6331   15.0381
    7.5000   30.0000   30.0000 2015.8173   15.2177
   -7.5000  -60.0000   37.5000 2388.9265   11.6144
    0.0000  -60.0000   37.5000 2418.0742   11.5229
    7.5000  -60.0000   37.5000 2379.4058   11.7566
   -7.5000  -52.5000   37.5000 2513.1321   10.6520
    0.0000  -52.5000   37.5000 2547.3303   10.5637
    7.5000  -52.5000   37.5000 2505.4075   10.7776
   -7.5000  -45.0000   37.5000 2638.5032   10.0989
    0.0000  -45.0000   37.5000 2672.4810   10.0198
    7.5000  -45.0000   37.5000 2626.0669   10.2175
   -7.5000  -37.5000   37.5000 2715.6626    9.6839
    0.0000  -37.5000   37.5000 2753.2134    9.5625
    7.5000  -37.5000   37.5000 2704.5640    9.8060
   -7.5000  -30.0000   37.5000 2758.7893    9.4136
    0.0000  -30.0000   37.5000 2793.4707    9.3154
    7.5000  -30.0000   37.5000 2751.5122    9.5223
   -7.5000  -22.5000   37.5000 2764.3599    9.3631
    0.0000  -22.5000   37.5000 2793.4202    9.2912
    7.5000  -22.5000   37.5000 2750.2539    9.4593
   -7.5000  -15.0000   37.5000 2721.6833    9.5519
    0.0000  -15.0000   37.5000 2748.8467    9.4691
    7.5000  -15.0000   37.5000 2710.9478    9.6068
   -7.5000   -7.5000   37.5000 2645.2427    9.9379
    0.0000   -7.5000   37.5000 2669.4622    9.8553
    7.5000   -7.5000   37.5000 2638.2749    9.9992
   -7.5000    0.0000   37.5000 2546.1768   10.4866
    0.0000    0.0000   37.5000 2568.8120   10.4345
    7.5000    0.0000   37.5000 2537.5020   10.5668
   -7.5000    7.5000   37.5000 2430.5374   11.2530
    0.0000    7.5000   37.5000 2443.9712   11.2211
    7.5000    7.5000   37.5000 2420.6116   11.3285
   -7.5000   15.0000   37.5000 2293.0630   12.2844
    0.0000   15.0000   37.5000 2310.2114   12.2406
    7.5000   15.0000   37.5000 2284.7705   12.3438
   -7.5000   22.5000   37.5000 2134.6082   13.6251
    0.0000   22.5000   37.5000 2151.9980   13.5968
    7.5000   22.5000   37.5000 2131.7173   13.6978
   -7.5000   30.0000   37.5000 1972.8440   15.4090
    0.0000   30.0000   37.5000 1989.5020   15.3463
    7.5000   30.0000   37.5000 1972.5568   15.5072
   -7.5000  -60.0000   45.0000 2323.3992   12.1648
    0.0000  -60.0000   45.0000 2353.2471   12.0631
    7.5000  -60.0000   45.0000 2318.3540   12.2762
   -7.5000  -52.5000   45.0000 2441.6162   11.1641
    0.0000  -52.5000   45.0000 2474.3918   11.0936
    7.5000  -52.5000   45.0000 2434.8499   11.2849
   -7.5000  -45.0000   45.0000 2555.7732   10.6204
    0.0000  -45.0000   45.0000 2593.2478   10.5279
    7.5000  -45.0000   45.0000 2549.7307   10.7253
   -7.5000  -37.5000   45.0000 2620.6663   10.1931
    0.0000  -37.5000   45.0000 2662.8096   10.0772
    7.5000  -37.5000   45.0000 2614.2632   10.2928
   -7.5000  -30.0000   45.0000 2656.9902    9.9036
    0.0000  -30.0000   45.0000 2688.7102    9.8199
    7.5000  -30.0000   45.0000 2648.7346   10.0182
   -7.5000  -22.5000   45.0000 2648.2698    9.8504
    0.0000  -22.5000   45.0000 2679.6360    9.7776
    7.5000  -22.5000   45.0000 2642.1030    9.9510
   -7.5000  -15.0000   45.0000 2609.7039   10.0009
    0.0000  -15.0000   45.0000 2638.8176    9.9222
    7.5000  -15.0000   45.0000 2606.3655   10.0721
   -7.5000   -7.5000   45.0000 2541.2822   10.3514
    0.0000   -7.5000   45.0000 2564.7234   10.2790
    7.5000   -7.5000   45.0000 2538.7559   10.4352
   -7.5000    0.0000   45.0000 2451.4041   10.8758
    0.0000    0.0000   45.0000 2472.2156   10.8236
    7.5000    0.0000   45.0000 2443.9797   10.9630
   -7.5000    7.5000   45.0000 2340.7339   11.6348
    0.0000    7.5000   45.0000 2357.2307   11.5796
    7.5000    7.5000   45.0000 2333.9624   11.7110
   -7.5000   15.0000   45.0000 2207.4385   12.6572
    0.0000   15.0000   45.0000 2227.1418   12.6272
    7.5000   15.0000   45.0000 2202.8115   12.7513
   -7.5000   22.5000   45.0000 2051.8230   14.0547
    0.0000   22.5000   45.0000 2074.5283   14.0184
    7.5000   22.5000   45.0000 2049.8027   14.1535
   -7.5000   30.0000   45.0000 1907.5349   15.8829
    0.0000   30.0000   45.0000 1920.4265   15.8401
    7.5000   30.0000   45.0000 1904.1992   16.0039

---------------------------------------------------------------------
imgreg_4dfp /opt/freesurfer/average/711-2C_as_mni_average_305 /opt/freesurfer/average/711-2B_as_mni_average_305_mask talsrcimg_g11 none talsrcimg_to_711-2C_as_mni_average_305_t4 1283
---------------------------------------------------------------------

freesurfer imgreg_4dfp.c
/opt/freesurfer/average/711-2C_as_mni_average_305.4dfp.img
       256       256       256         1
  1.000000  1.000000  1.000000
orientation T byte_order littleendian
Reading image: /opt/freesurfer/average/711-2C_as_mni_average_305.4dfp.img
dimensions:      256       256       256
mmppix:       1.0000   -1.0000   -1.0000
center:     128.0000 -129.0000 -129.0000
/opt/freesurfer/average/711-2B_as_mni_average_305_mask.4dfp.img
       256       256       256         1
  1.000000  1.000000  1.000000
orientation T byte_order littleendian
Reading mask: /opt/freesurfer/average/711-2B_as_mni_average_305_mask.4dfp.img (2306576 pixels)
talsrcimg_g11.4dfp.img
       256       256       256         1
  0.898437  0.898437  0.898437
orientation T byte_order littleendian
Reading image: talsrcimg_g11.4dfp.img
dimensions:      256       256       256
mmppix:       0.8984   -0.8984   -0.8984
center:     114.9999 -115.8984 -115.8984
rotation matrix determinant  1.000000
fimgreg.f
image alignment mode   1283 decimal      503 hex
parameters
    0.0000  -22.5000   15.0000    0.0000    0.0000    0.0000
eta,q 0.94299  8.67466
niter,ni,del,rscale     5    3   12.0000    1.2000
parameter  2  0.766995 ->  0.500000 qaram    1.1500
parameter  4 -0.669310 -> -0.500000 qaram    1.1500
parameters
   -0.8475  -25.9500   14.5065    3.4500   -0.8005   -0.5930
eta,q 0.95125  8.63702
  0.0724  0.0542  0.0639  0.0642  0.0597  0.0545
  0.0644  0.0524  0.0583  0.0594  0.0535  0.0508
  0.0588  0.0541  0.0538  0.0554  0.0497  0.0488
  0.0582  0.0577  0.0525  0.0524  0.0494  0.0490
  0.0637  0.0615  0.0558  0.0504  0.0530  0.0507
  0.0720  0.0670  0.0613  0.0493  0.0589  0.0530
  0.0816  0.0739  0.0678  0.0509  0.0659  0.0563
niter,ni,del,rscale     6    3   12.0000    1.2000
parameters
   -0.7425  -26.2583   14.9117    3.3773   -0.8746   -0.5747
eta,q 0.95144  8.63639
  0.0740  0.0663  0.0652  0.0577  0.0624  0.0558
  0.0628  0.0565  0.0594  0.0538  0.0556  0.0517
  0.0533  0.0505  0.0527  0.0507  0.0505  0.0490
  0.0487  0.0487  0.0487  0.0485  0.0486  0.0486
  0.0518  0.0521  0.0502  0.0493  0.0509  0.0499
  0.0613  0.0598  0.0556  0.0536  0.0562  0.0520
  0.0729  0.0687  0.0624  0.0589  0.0629  0.0551
niter,ni,del,rscale     5    3   12.0000    1.2000
parameters
   -0.7116  -26.2741   14.9779    3.3928   -0.8938   -0.5640
eta,q 0.95146  8.63545
  0.0736  0.0678  0.0642  0.0579  0.0626  0.0557
  0.0623  0.0575  0.0581  0.0539  0.0558  0.0516
  0.0528  0.0510  0.0515  0.0508  0.0506  0.0490
  0.0486  0.0485  0.0485  0.0485  0.0485  0.0485
  0.0519  0.0511  0.0512  0.0492  0.0508  0.0499
  0.0617  0.0585  0.0570  0.0533  0.0560  0.0520
  0.0735  0.0674  0.0640  0.0586  0.0627  0.0551
niter,ni,del,rscale     4    3   12.0000    1.2000
parameters
   -0.7026  -26.2796   14.9916    3.3999   -0.8996   -0.5601
eta,q 0.95147  8.63527
  0.0735  0.0678  0.0640  0.0578  0.0627  0.0557
  0.0621  0.0576  0.0579  0.0539  0.0558  0.0516
  0.0527  0.0510  0.0514  0.0508  0.0506  0.0490
  0.0485  0.0485  0.0485  0.0485  0.0485  0.0485
  0.0519  0.0511  0.0513  0.0492  0.0507  0.0499
  0.0618  0.0584  0.0573  0.0533  0.0559  0.0520
  0.0737  0.0673  0.0642  0.0587  0.0626  0.0552
registration optimization eta report
parameter search radius
    6.0000    6.9000    6.0000    6.9000    6.0000    6.0000
100000*second partial in parameter space
       68.       39.       41.       20.       38.       19.
  0.0735  0.0678  0.0640  0.0578  0.0627  0.0557
  0.0621  0.0576  0.0579  0.0539  0.0558  0.0516
  0.0527  0.0510  0.0514  0.0508  0.0506  0.0490
  0.0485  0.0485  0.0485  0.0485  0.0485  0.0485
  0.0519  0.0511  0.0513  0.0492  0.0507  0.0499
  0.0618  0.0584  0.0573  0.0533  0.0559  0.0520
  0.0737  0.0673  0.0642  0.0587  0.0626  0.0552
   -0.7026  -26.2796   14.9916    3.3999   -0.8996   -0.5601
eta,q 0.95147  8.63527

---------------------------------------------------------------------
imgreg_4dfp /opt/freesurfer/average/711-2C_as_mni_average_305 /opt/freesurfer/average/711-2B_as_mni_average_305_mask talsrcimg_g11 none talsrcimg_to_711-2C_as_mni_average_305_t4 3335
---------------------------------------------------------------------

freesurfer imgreg_4dfp.c
/opt/freesurfer/average/711-2C_as_mni_average_305.4dfp.img
       256       256       256         1
  1.000000  1.000000  1.000000
orientation T byte_order littleendian
Reading image: /opt/freesurfer/average/711-2C_as_mni_average_305.4dfp.img
dimensions:      256       256       256
mmppix:       1.0000   -1.0000   -1.0000
center:     128.0000 -129.0000 -129.0000
/opt/freesurfer/average/711-2B_as_mni_average_305_mask.4dfp.img
       256       256       256         1
  1.000000  1.000000  1.000000
orientation T byte_order littleendian
Reading mask: /opt/freesurfer/average/711-2B_as_mni_average_305_mask.4dfp.img (2306576 pixels)
talsrcimg_g11.4dfp.img
       256       256       256         1
  0.898437  0.898437  0.898437
orientation T byte_order littleendian
Reading image: talsrcimg_g11.4dfp.img
dimensions:      256       256       256
mmppix:       0.8984   -0.8984   -0.8984
center:     114.9999 -115.8984 -115.8984
fimgreg.f
image alignment mode   3335 decimal      D07 hex
parameters
   -0.7026  -26.2796   14.9916   -0.0171   -0.1817   -0.1883
    1.0690    1.5092   -0.9775   -5.9455   -1.5700    5.9298
eta,q 0.95033  8.67855
niter,ni,del,rscale     5    3    5.0000    1.2000
parameter  4  1.297724 ->  0.500000 qaram    1.1500
parameter  5  1.945962 ->  0.500000 qaram    1.1500
parameter  6  0.580267 ->  0.500000 qaram    1.1500
parameters
   -0.7199  -26.1835   14.9975   -4.1571   -4.3217   -4.3283
    0.4594    1.8335    0.9871   -8.2257   -2.9394    3.9819
eta,q 0.96122  8.15259
  0.0535  0.0525  0.0521  0.0445  0.0380  0.0396  0.0421  0.0444  0.0429  0.0405  0.0398  0.0394
  0.0514  0.0510  0.0508  0.0453  0.0398  0.0395  0.0406  0.0419  0.0414  0.0393  0.0392  0.0389
  0.0501  0.0500  0.0500  0.0470  0.0423  0.0397  0.0396  0.0402  0.0402  0.0389  0.0389  0.0388
  0.0497  0.0497  0.0497  0.0497  0.0457  0.0404  0.0395  0.0394  0.0394  0.0393  0.0389  0.0389
  0.0501  0.0499  0.0499  0.0530  0.0496  0.0425  0.0401  0.0398  0.0393  0.0403  0.0392  0.0392
  0.0515  0.0507  0.0508  0.0569  0.0539  0.0454  0.0414  0.0412  0.0396  0.0421  0.0399  0.0398
  0.0536  0.0521  0.0521  0.0614  0.0587  0.0497  0.0431  0.0437  0.0405  0.0442  0.0408  0.0407
niter,ni,del,rscale     7    3    5.0000    1.2000
parameter  4  0.714756 ->  0.500000 qaram    1.3225
parameter  5  1.097160 ->  0.500000 qaram    1.3225
parameters
   -0.5716  -26.0464   14.5950   -8.9181   -9.0827   -8.1830
    0.5426    1.7755    1.9209   -7.0040   -4.0489    5.2011
eta,q 0.96659  7.53285
  0.0435  0.0422  0.0400  0.0370  0.0329  0.0339  0.0363  0.0379  0.0361  0.0382  0.0344  0.0350
  0.0411  0.0404  0.0392  0.0372  0.0336  0.0334  0.0349  0.0356  0.0349  0.0360  0.0338  0.0342
  0.0394  0.0392  0.0387  0.0376  0.0351  0.0337  0.0340  0.0341  0.0340  0.0345  0.0335  0.0337
  0.0388  0.0388  0.0388  0.0387  0.0373  0.0339  0.0336  0.0336  0.0336  0.0336  0.0335  0.0334
  0.0391  0.0390  0.0392  0.0409  0.0402  0.0348  0.0339  0.0342  0.0336  0.0336  0.0338  0.0334
  0.0403  0.0399  0.0400  0.0442  0.0441  0.0370  0.0348  0.0358  0.0341  0.0344  0.0343  0.0337
  0.0425  0.0415  0.0412  0.0481  0.0488  0.0401  0.0362  0.0380  0.0351  0.0359  0.0352  0.0342
niter,ni,del,rscale     7    3    5.0000    1.2000
parameter  5  0.690688 ->  0.500000 qaram    1.5209
parameters
   -0.4667  -26.0094   14.7501  -13.1330  -14.5578   -8.4185
   -0.5400    2.4485    1.5504   -6.0149   -2.9666    6.4068
eta,q 0.96965  7.04716
  0.0373  0.0364  0.0351  0.0336  0.0311  0.0336  0.0327  0.0361  0.0324  0.0349  0.0325  0.0321
  0.0352  0.0347  0.0342  0.0326  0.0307  0.0318  0.0314  0.0336  0.0313  0.0328  0.0315  0.0312
  0.0339  0.0337  0.0336  0.0328  0.0312  0.0307  0.0307  0.0316  0.0307  0.0313  0.0308  0.0307
  0.0334  0.0334  0.0334  0.0334  0.0326  0.0307  0.0307  0.0306  0.0305  0.0305  0.0304  0.0304
  0.0337  0.0337  0.0335  0.0344  0.0351  0.0311  0.0313  0.0307  0.0309  0.0306  0.0304  0.0304
  0.0348  0.0346  0.0339  0.0362  0.0382  0.0321  0.0326  0.0321  0.0316  0.0314  0.0308  0.0307
  0.0367  0.0361  0.0348  0.0395  0.0425  0.0338  0.0343  0.0346  0.0327  0.0331  0.0316  0.0312
niter,ni,del,rscale     7    3    5.0000    1.2000
parameters
   -0.4458  -25.7016   14.7945  -13.5317  -16.5998   -8.5193
   -0.6628    2.4461    1.3446   -5.4403   -2.9272    6.6970
eta,q 0.96986  6.93706
  0.0341  0.0337  0.0320  0.0340  0.0333  0.0332  0.0330  0.0349  0.0321  0.0338  0.0317  0.0314
  0.0321  0.0319  0.0311  0.0318  0.0315  0.0314  0.0315  0.0325  0.0310  0.0319  0.0309  0.0307
  0.0308  0.0308  0.0306  0.0304  0.0304  0.0303  0.0305  0.0308  0.0304  0.0307  0.0303  0.0303
  0.0304  0.0304  0.0303  0.0303  0.0303  0.0302  0.0302  0.0302  0.0302  0.0302  0.0301  0.0301
  0.0308  0.0305  0.0305  0.0313  0.0314  0.0305  0.0306  0.0307  0.0305  0.0304  0.0303  0.0303
  0.0320  0.0311  0.0310  0.0325  0.0338  0.0315  0.0316  0.0324  0.0312  0.0313  0.0309  0.0306
  0.0340  0.0322  0.0319  0.0341  0.0373  0.0333  0.0332  0.0350  0.0323  0.0328  0.0317  0.0312
niter,ni,del,rscale     6    3    5.0000    1.2000
parameters
   -0.4173  -25.4075   14.6848  -13.7593  -17.1007   -8.7409
   -0.7213    2.4723    1.3731   -4.8732   -3.0312    6.5661
eta,q 0.96992  6.89703
  0.0339  0.0332  0.0315  0.0341  0.0341  0.0330  0.0329  0.0348  0.0321  0.0336  0.0316  0.0312
  0.0318  0.0316  0.0307  0.0319  0.0322  0.0313  0.0314  0.0324  0.0310  0.0318  0.0308  0.0305
  0.0306  0.0306  0.0303  0.0304  0.0307  0.0302  0.0304  0.0307  0.0304  0.0306  0.0303  0.0302
  0.0301  0.0301  0.0301  0.0301  0.0301  0.0301  0.0301  0.0301  0.0301  0.0301  0.0301  0.0301
  0.0305  0.0303  0.0303  0.0311  0.0306  0.0304  0.0305  0.0306  0.0303  0.0303  0.0303  0.0303
  0.0317  0.0309  0.0309  0.0324  0.0324  0.0315  0.0315  0.0323  0.0310  0.0312  0.0308  0.0306
  0.0337  0.0319  0.0318  0.0341  0.0353  0.0334  0.0330  0.0348  0.0321  0.0326  0.0317  0.0312
niter,ni,del,rscale     5    3    5.0000    1.2000
parameters
   -0.3983  -25.1674   14.5424  -13.8865  -17.4005   -8.9422
   -0.7894    2.5166    1.4218   -4.3285   -3.1432    6.3971
eta,q 0.96997  6.87091
  0.0337  0.0328  0.0314  0.0342  0.0341  0.0330  0.0329  0.0347  0.0321  0.0334  0.0315  0.0311
  0.0317  0.0314  0.0307  0.0320  0.0323  0.0313  0.0314  0.0324  0.0310  0.0317  0.0307  0.0305
  0.0305  0.0305  0.0302  0.0304  0.0308  0.0302  0.0304  0.0307  0.0303  0.0305  0.0302  0.0301
  0.0301  0.0301  0.0301  0.0301  0.0301  0.0301  0.0301  0.0301  0.0301  0.0300  0.0300  0.0300
  0.0305  0.0302  0.0303  0.0310  0.0305  0.0304  0.0304  0.0305  0.0303  0.0303  0.0302  0.0302
  0.0317  0.0308  0.0309  0.0324  0.0322  0.0315  0.0314  0.0322  0.0310  0.0311  0.0308  0.0306
  0.0336  0.0319  0.0318  0.0340  0.0350  0.0333  0.0330  0.0347  0.0320  0.0325  0.0316  0.0311
niter,ni,del,rscale     4    3    5.0000    1.2000
parameters
   -0.3769  -24.9454   14.4023  -13.9965  -17.6852   -9.1353
   -0.8677    2.5612    1.4430   -3.7919   -3.2395    6.2606
eta,q 0.97000  6.84712
  0.0337  0.0327  0.0314  0.0342  0.0340  0.0330  0.0328  0.0346  0.0320  0.0332  0.0315  0.0310
  0.0317  0.0313  0.0306  0.0320  0.0322  0.0313  0.0313  0.0323  0.0309  0.0316  0.0307  0.0304
  0.0305  0.0304  0.0302  0.0304  0.0307  0.0302  0.0303  0.0306  0.0303  0.0305  0.0302  0.0301
  0.0300  0.0300  0.0300  0.0300  0.0300  0.0300  0.0300  0.0300  0.0300  0.0300  0.0300  0.0300
  0.0304  0.0302  0.0303  0.0309  0.0305  0.0304  0.0304  0.0305  0.0302  0.0302  0.0302  0.0302
  0.0316  0.0308  0.0308  0.0324  0.0321  0.0314  0.0314  0.0321  0.0309  0.0310  0.0307  0.0305
  0.0335  0.0318  0.0317  0.0340  0.0349  0.0333  0.0329  0.0346  0.0320  0.0324  0.0316  0.0311
niter,ni,del,rscale     3    3    5.0000    1.2000
parameters
   -0.3521  -24.7247   14.2632  -14.0993  -17.9783   -9.3258
   -0.9399    2.6054    1.4389   -3.2672   -3.3013    6.1324
eta,q 0.97006  6.82388
  0.0336  0.0326  0.0313  0.0342  0.0340  0.0329  0.0328  0.0346  0.0320  0.0331  0.0314  0.0310
  0.0316  0.0312  0.0306  0.0320  0.0321  0.0313  0.0313  0.0323  0.0309  0.0315  0.0306  0.0304
  0.0304  0.0303  0.0301  0.0304  0.0307  0.0302  0.0303  0.0306  0.0302  0.0304  0.0301  0.0300
  0.0300  0.0300  0.0300  0.0300  0.0300  0.0300  0.0300  0.0300  0.0300  0.0300  0.0299  0.0299
  0.0304  0.0301  0.0302  0.0309  0.0305  0.0303  0.0303  0.0304  0.0302  0.0301  0.0301  0.0301
  0.0316  0.0307  0.0308  0.0323  0.0320  0.0314  0.0313  0.0321  0.0309  0.0309  0.0307  0.0305
  0.0334  0.0317  0.0317  0.0341  0.0348  0.0332  0.0329  0.0346  0.0320  0.0324  0.0315  0.0310
niter,ni,del,rscale     2    3    5.0000    1.2000
parameters
   -0.3307  -24.5060   14.1245  -14.1913  -18.2714   -9.5145
   -1.0059    2.6440    1.4087   -2.7475   -3.3457    6.0272
eta,q 0.97010  6.80198
  0.0335  0.0325  0.0312  0.0342  0.0339  0.0329  0.0327  0.0345  0.0319  0.0330  0.0314  0.0309
  0.0316  0.0312  0.0305  0.0320  0.0321  0.0312  0.0312  0.0322  0.0308  0.0315  0.0306  0.0303
  0.0303  0.0303  0.0301  0.0304  0.0306  0.0301  0.0302  0.0305  0.0302  0.0304  0.0301  0.0300
  0.0299  0.0299  0.0299  0.0299  0.0299  0.0299  0.0299  0.0299  0.0299  0.0299  0.0299  0.0299
  0.0303  0.0301  0.0302  0.0308  0.0304  0.0303  0.0303  0.0304  0.0302  0.0301  0.0301  0.0301
  0.0315  0.0307  0.0307  0.0323  0.0320  0.0314  0.0313  0.0320  0.0309  0.0309  0.0306  0.0304
  0.0334  0.0317  0.0316  0.0341  0.0348  0.0332  0.0328  0.0345  0.0320  0.0323  0.0314  0.0309
niter,ni,del,rscale     1    3    5.0000    1.2000
parameters
   -0.3066  -24.2931   13.9968  -14.2778  -18.5502   -9.6902
   -1.0588    2.6773    1.3659   -2.2700   -3.3763    5.9207
eta,q 0.97014  6.78154
  0.0335  0.0324  0.0312  0.0341  0.0339  0.0328  0.0327  0.0344  0.0319  0.0330  0.0313  0.0309
  0.0315  0.0311  0.0305  0.0320  0.0320  0.0312  0.0312  0.0321  0.0308  0.0314  0.0305  0.0303
  0.0303  0.0303  0.0300  0.0304  0.0306  0.0301  0.0302  0.0305  0.0301  0.0304  0.0300  0.0299
  0.0299  0.0299  0.0299  0.0299  0.0299  0.0299  0.0299  0.0299  0.0299  0.0299  0.0299  0.0299
  0.0303  0.0300  0.0301  0.0307  0.0304  0.0303  0.0302  0.0303  0.0301  0.0300  0.0300  0.0300
  0.0314  0.0306  0.0307  0.0323  0.0319  0.0313  0.0312  0.0320  0.0309  0.0309  0.0305  0.0304
  0.0333  0.0317  0.0315  0.0341  0.0347  0.0331  0.0328  0.0344  0.0319  0.0323  0.0314  0.0309
registration optimization eta report
parameter search radius
    2.4000    2.4000    2.4000    9.5220   10.9503    8.2800
    7.2000    7.2000    7.2000    7.2000    7.2000    7.2000
100000*second partial in parameter space
       60.       37.       26.        4.        4.        5.
        5.        9.        4.        5.        3.        2.
  0.0335  0.0324  0.0312  0.0341  0.0339  0.0328  0.0327  0.0344  0.0319  0.0330  0.0313  0.0309
  0.0315  0.0311  0.0305  0.0320  0.0320  0.0312  0.0312  0.0321  0.0308  0.0314  0.0305  0.0303
  0.0303  0.0303  0.0300  0.0304  0.0306  0.0301  0.0302  0.0305  0.0301  0.0304  0.0300  0.0299
  0.0299  0.0299  0.0299  0.0299  0.0299  0.0299  0.0299  0.0299  0.0299  0.0299  0.0299  0.0299
  0.0303  0.0300  0.0301  0.0307  0.0304  0.0303  0.0302  0.0303  0.0301  0.0300  0.0300  0.0300
  0.0314  0.0306  0.0307  0.0323  0.0319  0.0313  0.0312  0.0320  0.0309  0.0309  0.0305  0.0304
  0.0333  0.0317  0.0315  0.0341  0.0347  0.0331  0.0328  0.0344  0.0319  0.0323  0.0314  0.0309
   -0.3066  -24.2931   13.9968  -14.2778  -18.5502   -9.6902
   -1.0588    2.6773    1.3659   -2.2700   -3.3763    5.9207
eta,q 0.97014  6.78154

---------------------------------------------------------------------
imgreg_4dfp /opt/freesurfer/average/711-2C_as_mni_average_305 /opt/freesurfer/average/711-2B_as_mni_average_305_mask talsrcimg_g11 none talsrcimg_to_711-2C_as_mni_average_305_t4 2311
---------------------------------------------------------------------

freesurfer imgreg_4dfp.c
/opt/freesurfer/average/711-2C_as_mni_average_305.4dfp.img
       256       256       256         1
  1.000000  1.000000  1.000000
orientation T byte_order littleendian
Reading image: /opt/freesurfer/average/711-2C_as_mni_average_305.4dfp.img
dimensions:      256       256       256
mmppix:       1.0000   -1.0000   -1.0000
center:     128.0000 -129.0000 -129.0000
/opt/freesurfer/average/711-2B_as_mni_average_305_mask.4dfp.img
       256       256       256         1
  1.000000  1.000000  1.000000
orientation T byte_order littleendian
Reading mask: /opt/freesurfer/average/711-2B_as_mni_average_305_mask.4dfp.img (2306576 pixels)
talsrcimg_g11.4dfp.img
       256       256       256         1
  0.898437  0.898437  0.898437
orientation T byte_order littleendian
Reading image: talsrcimg_g11.4dfp.img
dimensions:      256       256       256
mmppix:       0.8984   -0.8984   -0.8984
center:     114.9999 -115.8984 -115.8984
fimgreg.f
image alignment mode   2311 decimal      907 hex
parameters
   -0.3066  -24.2931   13.9968  -14.2778  -18.5502   -9.6902
   -1.0588    2.6773    1.3659   -2.2700   -3.3763    5.9207
eta,q 0.97014  6.78155
niter,ni,del,rscale     5    3    5.0000    0.8000
parameters
   -0.2938  -24.1213   13.9151  -14.5858  -18.1053   -9.8247
   -1.0715    2.7570    1.2951   -1.9873   -3.3547    5.3822
eta,q 0.97021  6.78125
  0.0314  0.0310  0.0305  0.0311  0.0310  0.0308  0.0311  0.0320  0.0307  0.0312  0.0305  0.0302
  0.0306  0.0304  0.0301  0.0304  0.0305  0.0302  0.0304  0.0308  0.0302  0.0305  0.0301  0.0300
  0.0300  0.0300  0.0299  0.0300  0.0301  0.0298  0.0300  0.0301  0.0299  0.0300  0.0299  0.0298
  0.0299  0.0299  0.0298  0.0298  0.0298  0.0298  0.0298  0.0298  0.0298  0.0298  0.0298  0.0298
  0.0300  0.0299  0.0299  0.0301  0.0299  0.0300  0.0300  0.0300  0.0299  0.0299  0.0299  0.0299
  0.0305  0.0302  0.0302  0.0307  0.0302  0.0303  0.0304  0.0307  0.0303  0.0303  0.0301  0.0301
  0.0314  0.0306  0.0306  0.0314  0.0307  0.0308  0.0311  0.0319  0.0308  0.0310  0.0305  0.0304
niter,ni,del,rscale     4    3    5.0000    0.7000
parameters
   -0.2799  -24.0226   13.8566  -14.6647  -18.0751   -9.9105
   -1.0881    2.7908    1.2184   -1.7294   -3.3796    5.2204
eta,q 0.97022  6.77661
  0.0310  0.0307  0.0303  0.0309  0.0306  0.0306  0.0308  0.0315  0.0305  0.0309  0.0303  0.0301
  0.0303  0.0302  0.0300  0.0303  0.0302  0.0301  0.0302  0.0305  0.0301  0.0303  0.0300  0.0299
  0.0299  0.0299  0.0298  0.0299  0.0299  0.0298  0.0299  0.0300  0.0298  0.0300  0.0298  0.0298
  0.0298  0.0298  0.0298  0.0298  0.0298  0.0298  0.0298  0.0298  0.0298  0.0298  0.0298  0.0298
  0.0299  0.0298  0.0299  0.0299  0.0299  0.0300  0.0299  0.0299  0.0299  0.0299  0.0298  0.0298
  0.0303  0.0301  0.0301  0.0304  0.0302  0.0302  0.0302  0.0305  0.0301  0.0302  0.0300  0.0300
  0.0310  0.0304  0.0304  0.0310  0.0306  0.0305  0.0308  0.0314  0.0305  0.0307  0.0303  0.0302
niter,ni,del,rscale     3    3    5.0000    0.6000
parameters
   -0.2702  -23.9332   13.8085  -14.6970  -18.1219  -10.0508
   -1.1027    2.8136    1.1875   -1.5310   -3.4009    5.1418
eta,q 0.97024  6.76938
  0.0307  0.0304  0.0301  0.0306  0.0304  0.0303  0.0305  0.0310  0.0303  0.0306  0.0301  0.0300
  0.0302  0.0301  0.0299  0.0302  0.0301  0.0300  0.0301  0.0303  0.0300  0.0302  0.0299  0.0299
  0.0299  0.0299  0.0298  0.0299  0.0299  0.0298  0.0298  0.0299  0.0298  0.0299  0.0298  0.0298
  0.0298  0.0298  0.0298  0.0298  0.0298  0.0298  0.0298  0.0298  0.0298  0.0298  0.0298  0.0298
  0.0299  0.0298  0.0298  0.0299  0.0298  0.0299  0.0299  0.0299  0.0298  0.0298  0.0298  0.0298
  0.0302  0.0300  0.0300  0.0302  0.0301  0.0301  0.0301  0.0303  0.0300  0.0300  0.0299  0.0299
  0.0306  0.0303  0.0302  0.0307  0.0304  0.0303  0.0305  0.0310  0.0303  0.0304  0.0301  0.0301
niter,ni,del,rscale     2    3    5.0000    0.5000
parameters
   -0.2621  -23.8639   13.7667  -14.6947  -18.1514  -10.2334
   -1.1198    2.8291    1.1693   -1.3930   -3.4127    5.1207
eta,q 0.97025  6.76318
  0.0304  0.0302  0.0300  0.0304  0.0302  0.0302  0.0303  0.0306  0.0301  0.0303  0.0300  0.0300
  0.0300  0.0300  0.0299  0.0300  0.0300  0.0299  0.0300  0.0301  0.0299  0.0300  0.0299  0.0298
  0.0298  0.0298  0.0298  0.0298  0.0298  0.0298  0.0298  0.0298  0.0298  0.0298  0.0298  0.0298
  0.0298  0.0298  0.0298  0.0298  0.0298  0.0298  0.0297  0.0297  0.0297  0.0297  0.0297  0.0298
  0.0298  0.0298  0.0298  0.0298  0.0298  0.0299  0.0298  0.0298  0.0298  0.0298  0.0298  0.0298
  0.0300  0.0299  0.0299  0.0300  0.0300  0.0300  0.0300  0.0301  0.0299  0.0300  0.0299  0.0299
  0.0304  0.0301  0.0301  0.0304  0.0302  0.0302  0.0303  0.0306  0.0301  0.0302  0.0300  0.0300
niter,ni,del,rscale     1    3    5.0000    0.4000
parameters
   -0.2526  -23.8130   13.7222  -14.6767  -18.1805  -10.4427
   -1.1498    2.8458    1.1615   -1.2854   -3.4011    5.1578
eta,q 0.97026  6.75693
  0.0301  0.0300  0.0299  0.0301  0.0300  0.0300  0.0301  0.0303  0.0300  0.0301  0.0299  0.0299
  0.0299  0.0299  0.0298  0.0299  0.0299  0.0298  0.0299  0.0300  0.0298  0.0299  0.0298  0.0298
  0.0298  0.0298  0.0298  0.0298  0.0298  0.0297  0.0298  0.0298  0.0298  0.0298  0.0298  0.0298
  0.0297  0.0297  0.0297  0.0297  0.0297  0.0297  0.0297  0.0297  0.0297  0.0297  0.0297  0.0297
  0.0298  0.0298  0.0298  0.0298  0.0298  0.0298  0.0298  0.0298  0.0298  0.0298  0.0298  0.0297
  0.0299  0.0298  0.0298  0.0299  0.0299  0.0299  0.0299  0.0300  0.0298  0.0299  0.0298  0.0298
  0.0301  0.0300  0.0299  0.0301  0.0300  0.0301  0.0301  0.0302  0.0300  0.0300  0.0299  0.0299
registration optimization eta report
parameter search radius
    0.8000    0.8000    0.8000    2.4000    2.4000    2.4000
    2.4000    2.4000    2.4000    2.4000    2.4000    2.4000
100000*second partial in parameter space
       60.       39.       28.        7.        5.        5.
        6.        9.        4.        6.        3.        2.
  0.0301  0.0300  0.0299  0.0301  0.0300  0.0300  0.0301  0.0303  0.0300  0.0301  0.0299  0.0299
  0.0299  0.0299  0.0298  0.0299  0.0299  0.0298  0.0299  0.0300  0.0298  0.0299  0.0298  0.0298
  0.0298  0.0298  0.0298  0.0298  0.0298  0.0297  0.0298  0.0298  0.0298  0.0298  0.0298  0.0298
  0.0297  0.0297  0.0297  0.0297  0.0297  0.0297  0.0297  0.0297  0.0297  0.0297  0.0297  0.0297
  0.0298  0.0298  0.0298  0.0298  0.0298  0.0298  0.0298  0.0298  0.0298  0.0298  0.0298  0.0297
  0.0299  0.0298  0.0298  0.0299  0.0299  0.0299  0.0299  0.0300  0.0298  0.0299  0.0298  0.0298
  0.0301  0.0300  0.0299  0.0301  0.0300  0.0301  0.0301  0.0302  0.0300  0.0300  0.0299  0.0299
   -0.2526  -23.8130   13.7222  -14.6767  -18.1805  -10.4427
   -1.1498    2.8458    1.1615   -1.2854   -3.4011    5.1578
eta,q 0.97026  6.75693

---------------------------------------------------------------------
imgreg_4dfp /opt/freesurfer/average/711-2C_as_mni_average_305 /opt/freesurfer/average/711-2B_as_mni_average_305_mask talsrcimg_g11 none talsrcimg_to_711-2C_as_mni_average_305_t4 2311
---------------------------------------------------------------------

freesurfer imgreg_4dfp.c
/opt/freesurfer/average/711-2C_as_mni_average_305.4dfp.img
       256       256       256         1
  1.000000  1.000000  1.000000
orientation T byte_order littleendian
Reading image: /opt/freesurfer/average/711-2C_as_mni_average_305.4dfp.img
dimensions:      256       256       256
mmppix:       1.0000   -1.0000   -1.0000
center:     128.0000 -129.0000 -129.0000
/opt/freesurfer/average/711-2B_as_mni_average_305_mask.4dfp.img
       256       256       256         1
  1.000000  1.000000  1.000000
orientation T byte_order littleendian
Reading mask: /opt/freesurfer/average/711-2B_as_mni_average_305_mask.4dfp.img (2306576 pixels)
talsrcimg_g11.4dfp.img
       256       256       256         1
  0.898437  0.898437  0.898437
orientation T byte_order littleendian
Reading image: talsrcimg_g11.4dfp.img
dimensions:      256       256       256
mmppix:       0.8984   -0.8984   -0.8984
center:     114.9999 -115.8984 -115.8984
fimgreg.f
image alignment mode   2311 decimal      907 hex
parameters
   -0.2526  -23.8130   13.7222  -14.6767  -18.1805  -10.4427
   -1.1498    2.8458    1.1615   -1.2854   -3.4011    5.1578
eta,q 0.97026  6.75693
niter,ni,del,rscale     5    3    5.0000    0.8000
parameters
   -0.2350  -23.7518   13.6321  -14.6775  -18.3474  -10.1224
   -1.1409    2.8215    1.1559   -1.1416   -3.4063    5.1153
eta,q 0.97025  6.75881
  0.0313  0.0308  0.0303  0.0312  0.0307  0.0310  0.0311  0.0319  0.0307  0.0312  0.0304  0.0303
  0.0304  0.0302  0.0300  0.0304  0.0302  0.0303  0.0304  0.0307  0.0302  0.0304  0.0300  0.0300
  0.0299  0.0299  0.0298  0.0299  0.0299  0.0298  0.0299  0.0300  0.0299  0.0299  0.0298  0.0298
  0.0297  0.0297  0.0297  0.0297  0.0297  0.0297  0.0298  0.0298  0.0298  0.0298  0.0298  0.0297
  0.0299  0.0298  0.0298  0.0299  0.0299  0.0299  0.0299  0.0300  0.0299  0.0299  0.0298  0.0298
  0.0304  0.0301  0.0301  0.0304  0.0303  0.0302  0.0304  0.0307  0.0302  0.0303  0.0300  0.0300
  0.0312  0.0306  0.0305  0.0311  0.0309  0.0306  0.0311  0.0320  0.0307  0.0310  0.0304  0.0303
niter,ni,del,rscale     4    3    5.0000    0.7000
parameters
   -0.2472  -23.7168   13.6680  -14.7162  -18.3591  -10.1447
   -1.1300    2.8186    1.1450   -1.0927   -3.4119    5.0477
eta,q 0.97025  6.75662
  0.0309  0.0306  0.0303  0.0309  0.0306  0.0306  0.0308  0.0314  0.0305  0.0308  0.0303  0.0301
  0.0303  0.0301  0.0300  0.0303  0.0301  0.0301  0.0302  0.0305  0.0301  0.0302  0.0300  0.0299
  0.0299  0.0298  0.0298  0.0299  0.0299  0.0298  0.0299  0.0299  0.0298  0.0299  0.0298  0.0298
  0.0298  0.0298  0.0298  0.0297  0.0298  0.0297  0.0297  0.0297  0.0297  0.0297  0.0298  0.0298
  0.0299  0.0298  0.0298  0.0299  0.0298  0.0299  0.0299  0.0299  0.0298  0.0299  0.0298  0.0298
  0.0303  0.0301  0.0300  0.0303  0.0301  0.0301  0.0302  0.0305  0.0301  0.0302  0.0300  0.0299
  0.0309  0.0305  0.0303  0.0309  0.0306  0.0305  0.0308  0.0314  0.0305  0.0308  0.0303  0.0302
niter,ni,del,rscale     3    3    5.0000    0.6000
parameters
   -0.2510  -23.7102   13.6737  -14.7182  -18.3323  -10.2290
   -1.1274    2.8288    1.1416   -1.0759   -3.4287    5.0380
eta,q 0.97026  6.75530
  0.0306  0.0303  0.0301  0.0306  0.0304  0.0303  0.0305  0.0310  0.0303  0.0305  0.0301  0.0300
  0.0301  0.0300  0.0299  0.0302  0.0301  0.0300  0.0301  0.0303  0.0300  0.0301  0.0299  0.0299
  0.0298  0.0298  0.0298  0.0299  0.0298  0.0298  0.0298  0.0299  0.0298  0.0298  0.0298  0.0298
  0.0298  0.0297  0.0297  0.0297  0.0298  0.0297  0.0297  0.0297  0.0297  0.0297  0.0297  0.0297
  0.0298  0.0298  0.0298  0.0298  0.0298  0.0299  0.0298  0.0299  0.0298  0.0298  0.0298  0.0298
  0.0301  0.0300  0.0299  0.0301  0.0300  0.0301  0.0301  0.0303  0.0300  0.0301  0.0299  0.0299
  0.0306  0.0303  0.0301  0.0306  0.0304  0.0303  0.0305  0.0310  0.0303  0.0305  0.0301  0.0300
niter,ni,del,rscale     2    3    5.0000    0.5000
parameters
   -0.2499  -23.7063   13.6655  -14.7033  -18.2981  -10.3735
   -1.1421    2.8380    1.1432   -1.0800   -3.4186    5.0635
eta,q 0.97026  6.75316
  0.0303  0.0301  0.0300  0.0304  0.0302  0.0302  0.0303  0.0306  0.0301  0.0303  0.0300  0.0299
  0.0300  0.0299  0.0299  0.0300  0.0300  0.0299  0.0300  0.0301  0.0299  0.0300  0.0298  0.0298
  0.0298  0.0298  0.0298  0.0298  0.0298  0.0297  0.0298  0.0298  0.0298  0.0298  0.0298  0.0298
  0.0297  0.0297  0.0297  0.0297  0.0297  0.0297  0.0297  0.0297  0.0297  0.0297  0.0297  0.0297
  0.0298  0.0298  0.0298  0.0298  0.0298  0.0299  0.0298  0.0298  0.0298  0.0298  0.0298  0.0298
  0.0300  0.0299  0.0299  0.0300  0.0299  0.0300  0.0300  0.0301  0.0299  0.0300  0.0298  0.0298
  0.0303  0.0301  0.0300  0.0304  0.0302  0.0301  0.0303  0.0306  0.0301  0.0303  0.0300  0.0299
niter,ni,del,rscale     1    3    5.0000    0.4000
parameters
   -0.2462  -23.7059   13.6418  -14.6804  -18.2743  -10.5388
   -1.1642    2.8481    1.1482   -1.0666   -3.4043    5.1187
eta,q 0.97027  6.75039
  0.0301  0.0300  0.0299  0.0301  0.0300  0.0300  0.0301  0.0302  0.0300  0.0301  0.0299  0.0299
  0.0299  0.0298  0.0298  0.0299  0.0299  0.0298  0.0299  0.0299  0.0298  0.0299  0.0298  0.0298
  0.0298  0.0298  0.0298  0.0298  0.0298  0.0297  0.0298  0.0298  0.0298  0.0298  0.0297  0.0297
  0.0297  0.0297  0.0297  0.0297  0.0297  0.0297  0.0297  0.0297  0.0297  0.0297  0.0297  0.0297
  0.0298  0.0298  0.0298  0.0298  0.0298  0.0298  0.0298  0.0298  0.0298  0.0298  0.0297  0.0297
  0.0299  0.0298  0.0298  0.0299  0.0299  0.0299  0.0299  0.0299  0.0298  0.0299  0.0298  0.0298
  0.0301  0.0300  0.0299  0.0301  0.0300  0.0300  0.0301  0.0302  0.0300  0.0301  0.0299  0.0299
registration optimization eta report
parameter search radius
    0.8000    0.8000    0.8000    2.4000    2.4000    2.4000
    2.4000    2.4000    2.4000    2.4000    2.4000    2.4000
100000*second partial in parameter space
       60.       38.       28.        7.        5.        5.
        6.        9.        4.        6.        3.        2.
  0.0301  0.0300  0.0299  0.0301  0.0300  0.0300  0.0301  0.0302  0.0300  0.0301  0.0299  0.0299
  0.0299  0.0298  0.0298  0.0299  0.0299  0.0298  0.0299  0.0299  0.0298  0.0299  0.0298  0.0298
  0.0298  0.0298  0.0298  0.0298  0.0298  0.0297  0.0298  0.0298  0.0298  0.0298  0.0297  0.0297
  0.0297  0.0297  0.0297  0.0297  0.0297  0.0297  0.0297  0.0297  0.0297  0.0297  0.0297  0.0297
  0.0298  0.0298  0.0298  0.0298  0.0298  0.0298  0.0298  0.0298  0.0298  0.0298  0.0297  0.0297
  0.0299  0.0298  0.0298  0.0299  0.0299  0.0299  0.0299  0.0299  0.0298  0.0299  0.0298  0.0298
  0.0301  0.0300  0.0299  0.0301  0.0300  0.0300  0.0301  0.0302  0.0300  0.0301  0.0299  0.0299
   -0.2462  -23.7059   13.6418  -14.6804  -18.2743  -10.5388
   -1.1642    2.8481    1.1482   -1.0666   -3.4043    5.1187
eta,q 0.97027  6.75039

---------------------------------------------------------------------
compute_vox2vox talsrcimg talsrcimg_to_711-2C_as_mni_average_305_t4 /opt/freesurfer/average/711-2C_as_mni_average_305
---------------------------------------------------------------------

freesurfer compute_vox2vox.c
Reading: talsrcimg.4dfp.ifh
Reading: talsrcimg_to_711-2C_as_mni_average_305_t4
Reading: /opt/freesurfer/average/711-2C_as_mni_average_305.4dfp.ifh
Writing: talsrcimg_to_711-2C_as_mni_average_305_t4_vox2vox.txt

start time Thu Mar 12 21:23:32 CET 2026
end		time Thu Mar 12 21:23:46 CET 2026

mpr2mni305 success

avi2talxfm orig_nu.mgz /opt/freesurfer/average/mni305.cor.mgz talsrcimg_to_711-2C_as_mni_average_305_t4_vox2vox.txt transforms/talairach.auto.xfm
avi2talxfm done
mv -f /out/sourcedata/freesurfer/sub-v2s2x29065_ses-1/mri/talsrcimg_to_711-2C_as_mni_average_305_t4_vox2vox.txt /out/sourcedata/freesurfer/sub-v2s2x29065_ses-1/mri/transforms/talsrcimg_to_711-2C_as_mni_average_305_t4_vox2vox.txt
lta_convert --src orig_nu.mgz --trg /opt/freesurfer/average/mni305.cor.mgz --inxfm transforms/talairach.auto.xfm --outlta transforms/talairach.auto.xfm.lta --subject fsaverage
7.3.2

--src: orig_nu.mgz src image (geometry).
--trg: /opt/freesurfer/average/mni305.cor.mgz trg image (geometry).
--inmni: transforms/talairach.auto.xfm input MNI/XFM transform.
--outlta: transforms/talairach.auto.xfm.lta output LTA.
--s: fsaverage subject name
 LTA read, type : 1
 1.17033  -0.03703   0.01899  -1.97383;
 0.04544   1.11553  -0.06922  -31.11462;
-0.01585   0.01508   1.22243  -33.43100;
 0.00000   0.00000   0.00000   1.00000;
setting subject to fsaverage
Writing  LTA to file transforms/talairach.auto.xfm.lta...
lta_convert successful.
 
 
Started at Thu Mar 12 21:23:32 CET 2026
Ended   at Thu Mar 12 21:23:46 CET 2026
talairach_avi done
