status file for recon-all
Fri Mar 13 00:33:30 CET 2026
#@# Tessellate lh Fri Mar 13 00:33:30 CET 2026
#@# Smooth1 lh Fri Mar 13 00:33:34 CET 2026
#@# Inflation1 lh Fri Mar 13 00:33:37 CET 2026
#@# QSphere lh Fri Mar 13 00:35:00 CET 2026
#@# Fix Topology lh Fri Mar 13 00:36:51 CET 2026
#@# Smooth2 lh Fri Mar 13 00:44:50 CET 2026
#@# Inflation2 lh Fri Mar 13 00:44:54 CET 2026
#@# Curv .H and .K lh Fri Mar 13 00:45:19 CET 2026
#@# Sphere lh Fri Mar 13 00:46:13 CET 2026
#@# Surf Reg lh Fri Mar 13 00:48:35 CET 2026
#@# Jacobian white lh Fri Mar 13 00:52:37 CET 2026
#@# AvgCurv lh Fri Mar 13 00:52:38 CET 2026
#@# Cortical Parc lh Fri Mar 13 00:52:39 CET 2026
#@# white curv lh Fri Mar 13 01:00:29 CET 2026
#@# white area lh Fri Mar 13 01:00:31 CET 2026
#@# pial curv lh Fri Mar 13 01:00:32 CET 2026
#@# pial area lh Fri Mar 13 01:00:34 CET 2026
#@# thickness lh Fri Mar 13 01:00:35 CET 2026
#@# area and vertex vol lh Fri Mar 13 01:01:08 CET 2026
#@# Curvature Stats lh Fri Mar 13 01:01:10 CET 2026
#@# Cortical Parc 2 lh Fri Mar 13 01:01:13 CET 2026
#@# Cortical Parc 3 lh Fri Mar 13 01:01:28 CET 2026
#@# WM/GM Contrast lh Fri Mar 13 01:01:39 CET 2026
recon-all -s sub-v2s2x29086_ses-1 finished without error at Fri Mar 13 01:01:44 CET 2026



#New# invocation of recon-all 



status file for recon-all
Fri Mar 13 01:37:03 CET 2026
#@# white curv lh Fri Mar 13 01:37:03 CET 2026
#@# white area lh Fri Mar 13 01:37:03 CET 2026
#@# pial curv lh Fri Mar 13 01:37:03 CET 2026
#@# pial area lh Fri Mar 13 01:37:03 CET 2026
#@# thickness lh Fri Mar 13 01:37:03 CET 2026
#@# area and vertex vol lh Fri Mar 13 01:37:03 CET 2026
#@# Parcellation Stats lh Fri Mar 13 01:37:03 CET 2026
#@# Parcellation Stats 2 lh Fri Mar 13 01:37:28 CET 2026
#@# Parcellation Stats 3 lh Fri Mar 13 01:37:40 CET 2026
#@# BA_exvivo Labels lh Fri Mar 13 01:37:52 CET 2026
recon-all -s sub-v2s2x29086_ses-1 finished without error at Fri Mar 13 01:40:59 CET 2026
