status file for recon-all
Thu Mar 12 22:41:52 CET 2026
#@# MotionCor Thu Mar 12 22:41:54 CET 2026
#@# Talairach Thu Mar 12 22:42:04 CET 2026
#@# Talairach Failure Detection Thu Mar 12 22:46:31 CET 2026
#@# Nu Intensity Correction Thu Mar 12 22:46:31 CET 2026
#@# Intensity Normalization Thu Mar 12 22:49:47 CET 2026
recon-all -s sub-v2s2x29086_ses-1 finished without error at Thu Mar 12 22:51:26 CET 2026



#New# invocation of recon-all 



status file for recon-all
Thu Mar 12 22:59:06 CET 2026
#@# EM Registration Thu Mar 12 22:59:06 CET 2026
recon-all -s sub-v2s2x29086_ses-1 finished without error at Thu Mar 12 23:01:13 CET 2026



#New# invocation of recon-all 



status file for recon-all
Thu Mar 12 23:01:14 CET 2026
#@# CA Normalize Thu Mar 12 23:01:14 CET 2026
#@# CA Reg Thu Mar 12 23:02:34 CET 2026
#@# SubCort Seg Thu Mar 12 23:57:30 CET 2026
#@# CC Seg Fri Mar 13 00:27:37 CET 2026
#@# Merge ASeg Fri Mar 13 00:28:11 CET 2026
#@# Intensity Normalization2 Fri Mar 13 00:28:11 CET 2026
#@# Mask BFS Fri Mar 13 00:30:24 CET 2026
#@# WM Segmentation Fri Mar 13 00:30:25 CET 2026
#@# Fill Fri Mar 13 00:32:21 CET 2026
recon-all -s sub-v2s2x29086_ses-1 finished without error at Fri Mar 13 00:33:25 CET 2026



#New# invocation of recon-all 



status file for recon-all
Fri Mar 13 01:29:06 CET 2026
#@# white curv lh Fri Mar 13 01:29:06 CET 2026
#@# white area lh Fri Mar 13 01:29:06 CET 2026
#@# pial curv lh Fri Mar 13 01:29:06 CET 2026
#@# pial area lh Fri Mar 13 01:29:06 CET 2026
#@# thickness lh Fri Mar 13 01:29:06 CET 2026
#@# area and vertex vol lh Fri Mar 13 01:29:06 CET 2026
#@# white curv rh Fri Mar 13 01:29:06 CET 2026
#@# white area rh Fri Mar 13 01:29:06 CET 2026
#@# pial curv rh Fri Mar 13 01:29:06 CET 2026
#@# pial area rh Fri Mar 13 01:29:06 CET 2026
#@# thickness rh Fri Mar 13 01:29:06 CET 2026
#@# area and vertex vol rh Fri Mar 13 01:29:06 CET 2026
#@# Cortical ribbon mask Fri Mar 13 01:29:06 CET 2026
recon-all -s sub-v2s2x29086_ses-1 finished without error at Fri Mar 13 01:36:58 CET 2026



#New# invocation of recon-all 



status file for recon-all
Fri Mar 13 01:45:07 CET 2026
#@# white curv lh Fri Mar 13 01:45:07 CET 2026
#@# white area lh Fri Mar 13 01:45:07 CET 2026
#@# pial curv lh Fri Mar 13 01:45:07 CET 2026
#@# pial area lh Fri Mar 13 01:45:07 CET 2026
#@# thickness lh Fri Mar 13 01:45:07 CET 2026
#@# area and vertex vol lh Fri Mar 13 01:45:07 CET 2026
#@# white curv rh Fri Mar 13 01:45:07 CET 2026
#@# white area rh Fri Mar 13 01:45:07 CET 2026
#@# pial curv rh Fri Mar 13 01:45:07 CET 2026
#@# pial area rh Fri Mar 13 01:45:07 CET 2026
#@# thickness rh Fri Mar 13 01:45:07 CET 2026
#@# area and vertex vol rh Fri Mar 13 01:45:07 CET 2026
#@# Curvature Stats lh Fri Mar 13 01:45:07 CET 2026
#@# Curvature Stats rh Fri Mar 13 01:45:10 CET 2026
#@# Relabel Hypointensities Fri Mar 13 01:45:13 CET 2026
#@# APas-to-ASeg Fri Mar 13 01:45:32 CET 2026
#@# AParc-to-ASeg aparc Fri Mar 13 01:45:42 CET 2026
#@# AParc-to-ASeg aparc.a2009s Fri Mar 13 01:46:26 CET 2026
#@# AParc-to-ASeg aparc.DKTatlas Fri Mar 13 01:47:08 CET 2026
#@# WMParc Fri Mar 13 01:47:51 CET 2026
#@# ASeg Stats Fri Mar 13 01:52:55 CET 2026
recon-all -s sub-v2s2x29086_ses-1 finished without error at Fri Mar 13 01:53:36 CET 2026
