status file for recon-all
Fri Mar 13 01:01:47 CET 2026
#@# Tessellate rh Fri Mar 13 01:01:47 CET 2026
#@# Smooth1 rh Fri Mar 13 01:01:51 CET 2026
#@# Inflation1 rh Fri Mar 13 01:01:54 CET 2026
#@# QSphere rh Fri Mar 13 01:02:46 CET 2026
#@# Fix Topology rh Fri Mar 13 01:04:22 CET 2026
#@# Smooth2 rh Fri Mar 13 01:11:09 CET 2026
#@# Inflation2 rh Fri Mar 13 01:11:12 CET 2026
#@# Curv .H and .K rh Fri Mar 13 01:11:45 CET 2026
#@# Sphere rh Fri Mar 13 01:12:38 CET 2026
#@# Surf Reg rh Fri Mar 13 01:15:06 CET 2026
#@# Jacobian white rh Fri Mar 13 01:19:44 CET 2026
#@# AvgCurv rh Fri Mar 13 01:19:45 CET 2026
#@# Cortical Parc rh Fri Mar 13 01:19:46 CET 2026
#@# white curv rh Fri Mar 13 01:27:45 CET 2026
#@# white area rh Fri Mar 13 01:27:47 CET 2026
#@# pial curv rh Fri Mar 13 01:27:48 CET 2026
#@# pial area rh Fri Mar 13 01:27:51 CET 2026
#@# thickness rh Fri Mar 13 01:27:51 CET 2026
#@# area and vertex vol rh Fri Mar 13 01:28:25 CET 2026
#@# Curvature Stats rh Fri Mar 13 01:28:27 CET 2026
#@# Cortical Parc 2 rh Fri Mar 13 01:28:30 CET 2026
#@# Cortical Parc 3 rh Fri Mar 13 01:28:45 CET 2026
#@# WM/GM Contrast rh Fri Mar 13 01:28:55 CET 2026
recon-all -s sub-v2s2x29086_ses-1 finished without error at Fri Mar 13 01:29:01 CET 2026



#New# invocation of recon-all 



status file for recon-all
Fri Mar 13 01:41:01 CET 2026
#@# white curv rh Fri Mar 13 01:41:01 CET 2026
#@# white area rh Fri Mar 13 01:41:01 CET 2026
#@# pial curv rh Fri Mar 13 01:41:01 CET 2026
#@# pial area rh Fri Mar 13 01:41:01 CET 2026
#@# thickness rh Fri Mar 13 01:41:01 CET 2026
#@# area and vertex vol rh Fri Mar 13 01:41:01 CET 2026
#@# Parcellation Stats rh Fri Mar 13 01:41:01 CET 2026
#@# Parcellation Stats 2 rh Fri Mar 13 01:41:24 CET 2026
#@# Parcellation Stats 3 rh Fri Mar 13 01:41:37 CET 2026
#@# BA_exvivo Labels rh Fri Mar 13 01:41:48 CET 2026
recon-all -s sub-v2s2x29086_ses-1 finished without error at Fri Mar 13 01:45:02 CET 2026
