/out/sourcedata/freesurfer/sub-v2s2x29058_ses-1/mri
/opt/freesurfer/bin/talairach_avi
--i orig_nu.mgz --xfm transforms/talairach.auto.xfm
talairach_avi 7.3.2
Linux dna030 5.14.0-427.37.1.el9_4.x86_64 #1 SMP PREEMPT_DYNAMIC Fri Sep 13 12:41:50 EDT 2024 x86_64 x86_64 x86_64 GNU/Linux
Thu Mar 12 20:47:37 CET 2026
mri_convert orig_nu.mgz talsrcimg.img 
reading from orig_nu.mgz...
TR=0.00, TE=0.00, TI=0.00, flip angle=0.00
i_ras = (-1, 0, 0)
j_ras = (0, 0, -1)
k_ras = (0, 1, 0)
writing to talsrcimg.img...
Analyze Output Matrix
-0.89844   0.00000   0.00000   118.15552;
 0.00000   0.00000   0.89844  -127.79659;
 0.00000  -0.89844   0.00000   143.93784;
 0.00000   0.00000   0.00000   1.00000;
--------------------
INFO: set hdr.hist.orient to -1
mpr2mni305 talsrcimg
Thu Mar 12 20:47:38 CET 2026
/opt/freesurfer/bin/mpr2mni305 talsrcimg
mpr2mni305 7.3.2
target=711-2C_as_mni_average_305

---------------------------------------------------------------------
analyzeto4dfp talsrcimg -O0 -y
---------------------------------------------------------------------

freesurfer ifh2hdr.c
Thu Mar 12 20:47:38 2026
Writing: talsrcimg.4dfp.hdr
freesurfer analyzeto4dfp.c
Reading: talsrcimg.hdr
header size 348 bytes
hdr.dime.datatype	offset=70	value=2
hdr.dime.bitpix		offset=72	value=8
hdr.hist.orient		offset=252	value=-1
dimensionality     4
dimensions       256       256       256         1
Reading: talsrcimg.img
Writing: talsrcimg.4dfp.img
Writing: talsrcimg.4dfp.ifh
ifh2hdr talsrcimg -r0to255
ori=2

---------------------------------------------------------------------
gauss_4dfp talsrcimg 1.1
---------------------------------------------------------------------

freesurfer gauss_4dfp.c
Reading: talsrcimg.4dfp.img
Writing: talsrcimg_g11.4dfp.img
image dimensions 256 256 256 padded to 288 288 288
processing volume 1freesurfer ifh2hdr.c
Thu Mar 12 20:47:40 2026
Writing: talsrcimg_g11.4dfp.hdr

Writing: talsrcimg_g11.4dfp.ifh
including: talsrcimg.4dfp.img.rec in talsrcimg_g11.4dfp.img.rec

---------------------------------------------------------------------
imgreg_4dfp /opt/freesurfer/average/711-2C_as_mni_average_305 none talsrcimg_g11 none talsrcimg_to_711-2C_as_mni_average_305_t4 4355
---------------------------------------------------------------------

freesurfer imgreg_4dfp.c
/opt/freesurfer/average/711-2C_as_mni_average_305.4dfp.img
       256       256       256         1
  1.000000  1.000000  1.000000
orientation T byte_order littleendian
Reading image: /opt/freesurfer/average/711-2C_as_mni_average_305.4dfp.img
dimensions:      256       256       256
mmppix:       1.0000   -1.0000   -1.0000
center:     128.0000 -129.0000 -129.0000
talsrcimg_g11.4dfp.img
       256       256       256         1
  0.898438  0.898438  0.898438
orientation T byte_order littleendian
Reading image: talsrcimg_g11.4dfp.img
dimensions:      256       256       256
mmppix:       0.8984   -0.8984   -0.8984
center:     115.0001 -115.8985 -115.8985
t4_read: open error in t4_sub.f l:  41 t4_file(1:l)talsrcimg_to_711-2C_as_mni_average_305_t4 
t4_read: transform initialized to I4
rotation matrix determinant  1.000000
image alignment mode   4355 decimal     1103 hex
   -7.5000  -45.0000  -45.0000 6660.8477    8.4879
    0.0000  -45.0000  -45.0000 6737.5024    8.5081
    7.5000  -45.0000  -45.0000 6371.7075    8.5067
   -7.5000  -37.5000  -45.0000 7012.4727    9.0656
    0.0000  -37.5000  -45.0000 7083.4492    9.0814
    7.5000  -37.5000  -45.0000 6691.4927    9.0789
   -7.5000  -30.0000  -45.0000 7378.3618    9.3549
    0.0000  -30.0000  -45.0000 7451.7222    9.3691
    7.5000  -30.0000  -45.0000 7055.9863    9.3658
   -7.5000  -22.5000  -45.0000 7870.1416    9.3205
    0.0000  -22.5000  -45.0000 7956.7598    9.3383
    7.5000  -22.5000  -45.0000 7538.7129    9.3353
   -7.5000  -15.0000  -45.0000 8365.8564    9.2794
    0.0000  -15.0000  -45.0000 8448.3164    9.3030
    7.5000  -15.0000  -45.0000 8011.4824    9.3009
   -7.5000   -7.5000  -45.0000 8506.2178    9.2697
    0.0000   -7.5000  -45.0000 8586.4951    9.2954
    7.5000   -7.5000  -45.0000 8124.4229    9.2941
   -7.5000    0.0000  -45.0000 8549.1143    9.3050
    0.0000    0.0000  -45.0000 8636.5176    9.3271
    7.5000    0.0000  -45.0000 8167.2881    9.3255
   -7.5000    7.5000  -45.0000 8075.6299    9.3514
    0.0000    7.5000  -45.0000 8157.5010    9.3677
    7.5000    7.5000  -45.0000 7701.9136    9.3651
   -7.5000   15.0000  -45.0000 7783.1826    9.3549
    0.0000   15.0000  -45.0000 7863.3193    9.3691
    7.5000   15.0000  -45.0000 7386.0908    9.3658
   -7.5000   22.5000  -45.0000 7128.1211    9.1951
    0.0000   22.5000  -45.0000 7215.7856    9.2127
    7.5000   22.5000  -45.0000 6772.5098    9.2097
   -7.5000   30.0000  -45.0000 6518.3374    8.9105
    0.0000   30.0000  -45.0000 6596.3027    8.9332
    7.5000   30.0000  -45.0000 6200.1348    8.9313
   -7.5000   37.5000  -45.0000 5950.6445    8.8393
    0.0000   37.5000  -45.0000 6027.3535    8.8655
    7.5000   37.5000  -45.0000 5665.4341    8.8649
   -7.5000   45.0000  -45.0000 5377.4849    8.8322
    0.0000   45.0000  -45.0000 5440.2197    8.8530
    7.5000   45.0000  -45.0000 5112.7075    8.8501
   -7.5000  -45.0000  -37.5000 7225.2944    8.8671
    0.0000  -45.0000  -37.5000 7300.5605    8.8853
    7.5000  -45.0000  -37.5000 6908.9639    8.8844
   -7.5000  -37.5000  -37.5000 7589.2490    9.4709
    0.0000  -37.5000  -37.5000 7662.5723    9.4840
    7.5000  -37.5000  -37.5000 7254.7559    9.4800
   -7.5000  -30.0000  -37.5000 7966.2637    9.7594
    0.0000  -30.0000  -37.5000 8051.5522    9.7701
    7.5000  -30.0000  -37.5000 7633.4287    9.7623
   -7.5000  -22.5000  -37.5000 8497.4688    9.7303
    0.0000  -22.5000  -37.5000 8572.1543    9.7446
    7.5000  -22.5000  -37.5000 8150.2578    9.7360
   -7.5000  -15.0000  -37.5000 9012.9160    9.6910
    0.0000  -15.0000  -37.5000 9103.7871    9.7118
    7.5000  -15.0000  -37.5000 8650.0674    9.7064
   -7.5000   -7.5000  -37.5000 9152.5215    9.6782
    0.0000   -7.5000  -37.5000 9263.9766    9.7016
    7.5000   -7.5000  -37.5000 8773.9004    9.6999
   -7.5000    0.0000  -37.5000 9197.1953    9.7083
    0.0000    0.0000  -37.5000 9296.8477    9.7282
    7.5000    0.0000  -37.5000 8805.5371    9.7272
   -7.5000    7.5000  -37.5000 8682.0566    9.7523
    0.0000    7.5000  -37.5000 8755.7812    9.7658
    7.5000    7.5000  -37.5000 8297.9180    9.7616
   -7.5000   15.0000  -37.5000 8340.0449    9.7589
    0.0000   15.0000  -37.5000 8418.8535    9.7697
    7.5000   15.0000  -37.5000 7959.1860    9.7618
   -7.5000   22.5000  -37.5000 7630.3701    9.6002
    0.0000   22.5000  -37.5000 7709.2812    9.6143
    7.5000   22.5000  -37.5000 7282.0474    9.6058
   -7.5000   30.0000  -37.5000 6958.4448    9.3124
    0.0000   30.0000  -37.5000 7025.9165    9.3324
    7.5000   30.0000  -37.5000 6636.6914    9.3273
   -7.5000   37.5000  -37.5000 6333.9136    9.2317
    0.0000   37.5000  -37.5000 6392.4360    9.2550
    7.5000   37.5000  -37.5000 6041.2280    9.2540
   -7.5000   45.0000  -37.5000 5708.8970    9.2055
    0.0000   45.0000  -37.5000 5771.4048    9.2245
    7.5000   45.0000  -37.5000 5435.7617    9.2226
   -7.5000  -45.0000  -30.0000 7797.3252    9.2414
    0.0000  -45.0000  -30.0000 7872.9849    9.2537
    7.5000  -45.0000  -30.0000 7476.4985    9.2502
   -7.5000  -37.5000  -30.0000 8189.4473    9.8728
    0.0000  -37.5000  -30.0000 8270.1318    9.8803
    7.5000  -37.5000  -30.0000 7841.6772    9.8734
   -7.5000  -30.0000  -30.0000 8607.8037   10.1598
    0.0000  -30.0000  -30.0000 8690.0859   10.1652
    7.5000  -30.0000  -30.0000 8258.0752   10.1535
   -7.5000  -22.5000  -30.0000 9176.6279   10.1319
    0.0000  -22.5000  -30.0000 9245.6670   10.1404
    7.5000  -22.5000  -30.0000 8819.0381   10.1272
   -7.5000  -15.0000  -30.0000 9715.9473   10.0931
    0.0000  -15.0000  -30.0000 9787.6807   10.1073
    7.5000  -15.0000  -30.0000 9331.3506   10.0974
   -7.5000   -7.5000  -30.0000 9843.8955   10.0791
    0.0000   -7.5000  -30.0000 9926.8457   10.0956
    7.5000   -7.5000  -30.0000 9451.7314   10.0901
   -7.5000    0.0000  -30.0000 9851.6094   10.1075
    0.0000    0.0000  -30.0000 9912.0059   10.1210
    7.5000    0.0000  -30.0000 9457.1299   10.1172
   -7.5000    7.5000  -30.0000 9281.4385   10.1507
    0.0000    7.5000  -30.0000 9341.5430   10.1585
    7.5000    7.5000  -30.0000 8902.1406   10.1514
   -7.5000   15.0000  -30.0000 8919.7510   10.1585
    0.0000   15.0000  -30.0000 8972.9277   10.1638
    7.5000   15.0000  -30.0000 8539.7998   10.1521
   -7.5000   22.5000  -30.0000 8156.5298    9.9969
    0.0000   22.5000  -30.0000 8219.1045   10.0053
    7.5000   22.5000  -30.0000 7805.2129    9.9923
   -7.5000   30.0000  -30.0000 7403.0122    9.7059
    0.0000   30.0000  -30.0000 7461.3740    9.7196
    7.5000   30.0000  -30.0000 7083.7124    9.7100
   -7.5000   37.5000  -30.0000 6710.7402    9.6271
    0.0000   37.5000  -30.0000 6748.8579    9.6436
    7.5000   37.5000  -30.0000 6425.6475    9.6385
   -7.5000   45.0000  -30.0000 6042.8257    9.5964
    0.0000   45.0000  -30.0000 6088.9033    9.6094
    7.5000   45.0000  -30.0000 5776.3081    9.6045
   -7.5000  -45.0000  -22.5000 8386.2910    9.5651
    0.0000  -45.0000  -22.5000 8451.2510    9.5726
    7.5000  -45.0000  -22.5000 8026.1123    9.5666
   -7.5000  -37.5000  -22.5000 8785.2090   10.2240
    0.0000  -37.5000  -22.5000 8849.1865   10.2281
    7.5000  -37.5000  -22.5000 8406.6895   10.2212
   -7.5000  -30.0000  -22.5000 9265.1289   10.5066
    0.0000  -30.0000  -22.5000 9323.9600   10.5094
    7.5000  -30.0000  -22.5000 8873.0938   10.4996
   -7.5000  -22.5000  -22.5000 9878.3223   10.4751
    0.0000  -22.5000  -22.5000 9931.1543   10.4804
    7.5000  -22.5000  -22.5000 9482.9980   10.4688
   -7.5000  -15.0000  -22.500010412.4473   10.4356
    0.0000  -15.0000  -22.500010478.4873   10.4449
    7.5000  -15.0000  -22.5000 9999.4072   10.4339
   -7.5000   -7.5000  -22.500010514.7568   10.4239
    0.0000   -7.5000  -22.500010580.1055   10.4346
    7.5000   -7.5000  -22.500010102.4424   10.4258
   -7.5000    0.0000  -22.500010511.4209   10.4556
    0.0000    0.0000  -22.500010553.0254   10.4638
    7.5000    0.0000  -22.500010085.2793   10.4573
   -7.5000    7.5000  -22.5000 9895.3018   10.4988
    0.0000    7.5000  -22.5000 9915.8867   10.5030
    7.5000    7.5000  -22.5000 9482.0771   10.4959
   -7.5000   15.0000  -22.5000 9510.1396   10.5041
    0.0000   15.0000  -22.5000 9516.3291   10.5069
    7.5000   15.0000  -22.5000 9106.6543   10.4971
   -7.5000   22.5000  -22.5000 8685.4209   10.3365
    0.0000   22.5000  -22.5000 8723.6406   10.3417
    7.5000   22.5000  -22.5000 8334.0029   10.3303
   -7.5000   30.0000  -22.5000 7863.8140   10.0427
    0.0000   30.0000  -22.5000 7911.5269   10.0516
    7.5000   30.0000  -22.5000 7542.1992   10.0410
   -7.5000   37.5000  -22.5000 7104.7822    9.9722
    0.0000   37.5000  -22.5000 7136.0820    9.9836
    7.5000   37.5000  -22.5000 6802.2422    9.9751
   -7.5000   45.0000  -22.5000 6385.9507    9.9514
    0.0000   45.0000  -22.5000 6415.9160    9.9590
    7.5000   45.0000  -22.5000 6105.8140    9.9509
   -7.5000  -45.0000  -15.0000 8952.0234    9.8907
    0.0000  -45.0000  -15.0000 9032.1670    9.9020
    7.5000  -45.0000  -15.0000 8565.4170    9.8957
   -7.5000  -37.5000  -15.0000 9397.9639   10.5736
    0.0000  -37.5000  -15.0000 9466.6074   10.5822
    7.5000  -37.5000  -15.0000 8989.6357   10.5772
   -7.5000  -30.0000  -15.0000 9933.6699   10.8528
    0.0000  -30.0000  -15.0000 9998.3281   10.8610
    7.5000  -30.0000  -15.0000 9504.8076   10.8565
   -7.5000  -22.5000  -15.000010584.9707   10.8147
    0.0000  -22.5000  -15.000010660.6299   10.8255
    7.5000  -22.5000  -15.000010157.5117   10.8204
   -7.5000  -15.0000  -15.000011148.4277   10.7718
    0.0000  -15.0000  -15.000011219.4854   10.7861
    7.5000  -15.0000  -15.000010699.0742   10.7793
   -7.5000   -7.5000  -15.000011261.2158   10.7627
    0.0000   -7.5000  -15.000011321.3330   10.7779
    7.5000   -7.5000  -15.000010792.0020   10.7699
   -7.5000    0.0000  -15.000011223.7393   10.8010
    0.0000    0.0000  -15.000011275.8350   10.8134
    7.5000    0.0000  -15.000010742.9854   10.8065
   -7.5000    7.5000  -15.000010560.6953   10.8472
    0.0000    7.5000  -15.000010580.4443   10.8560
    7.5000    7.5000  -15.000010115.4902   10.8510
   -7.5000   15.0000  -15.000010146.9424   10.8495
    0.0000   15.0000  -15.000010140.8818   10.8576
    7.5000   15.0000  -15.0000 9713.8105   10.8531
   -7.5000   22.5000  -15.0000 9256.2871   10.6733
    0.0000   22.5000  -15.0000 9258.7607   10.6839
    7.5000   22.5000  -15.0000 8858.0078   10.6789
   -7.5000   30.0000  -15.0000 8378.4053   10.3739
    0.0000   30.0000  -15.0000 8395.8799   10.3878
    7.5000   30.0000  -15.0000 8007.2441   10.3811
   -7.5000   37.5000  -15.0000 7566.1636   10.3136
    0.0000   37.5000  -15.0000 7586.6045   10.3300
    7.5000   37.5000  -15.0000 7223.5679   10.3224
   -7.5000   45.0000  -15.0000 6785.5420   10.3064
    0.0000   45.0000  -15.0000 6805.4976   10.3176
    7.5000   45.0000  -15.0000 6470.2407   10.3085
   -7.5000  -45.0000   -7.5000 9208.9355    9.8832
    0.0000  -45.0000   -7.5000 9297.9541    9.9014
    7.5000  -45.0000   -7.5000 8791.4795    9.8971
   -7.5000  -37.5000   -7.5000 9726.1904   10.5679
    0.0000  -37.5000   -7.5000 9805.7803   10.5829
    7.5000  -37.5000   -7.5000 9278.4912   10.5800
   -7.5000  -30.0000   -7.500010339.0840   10.8466
    0.0000  -30.0000   -7.500010410.2148   10.8611
    7.5000  -30.0000   -7.5000 9865.6328   10.8600
   -7.5000  -22.5000   -7.500011036.0244   10.8060
    0.0000  -22.5000   -7.500011144.7012   10.8239
    7.5000  -22.5000   -7.500010556.2422   10.8232
   -7.5000  -15.0000   -7.500011617.2354   10.7604
    0.0000  -15.0000   -7.500011710.1475   10.7829
    7.5000  -15.0000   -7.500011088.3496   10.7805
   -7.5000   -7.5000   -7.500011727.6201   10.7517
    0.0000   -7.5000   -7.500011805.8398   10.7751
    7.5000   -7.5000   -7.500011173.2188   10.7706
   -7.5000    0.0000   -7.500011675.2305   10.7928
    0.0000    0.0000   -7.500011734.2881   10.8127
    7.5000    0.0000   -7.500011117.9922   10.8080
   -7.5000    7.5000   -7.500010960.8223   10.8414
    0.0000    7.5000   -7.500010970.0732   10.8568
    7.5000    7.5000   -7.500010443.1455   10.8538
   -7.5000   15.0000   -7.500010531.1152   10.8433
    0.0000   15.0000   -7.500010519.9023   10.8577
    7.5000   15.0000   -7.500010029.8760   10.8567
   -7.5000   22.5000   -7.5000 9583.6279   10.6646
    0.0000   22.5000   -7.5000 9564.0996   10.6823
    7.5000   22.5000   -7.5000 9124.6367   10.6816
   -7.5000   30.0000   -7.5000 8683.2812   10.3630
    0.0000   30.0000   -7.5000 8668.6895   10.3847
    7.5000   30.0000   -7.5000 8262.6562   10.3823
   -7.5000   37.5000   -7.5000 7822.4023   10.3020
    0.0000   37.5000   -7.5000 7844.1084   10.3266
    7.5000   37.5000   -7.5000 7453.9272   10.3227
   -7.5000   45.0000   -7.5000 6987.3994   10.2957
    0.0000   45.0000   -7.5000 7014.3247   10.3140
    7.5000   45.0000   -7.5000 6650.0322   10.3072
   -7.5000  -45.0000    0.0000 9207.1191   10.1252
    0.0000  -45.0000    0.0000 9300.4990   10.1482
    7.5000  -45.0000    0.0000 8777.1348   10.1467
   -7.5000  -37.5000    0.0000 9822.8418   10.8226
    0.0000  -37.5000    0.0000 9908.0850   10.8406
    7.5000  -37.5000    0.0000 9322.8018   10.8382
   -7.5000  -30.0000    0.000010669.6445   11.1039
    0.0000  -30.0000    0.000010799.4014   11.1201
    7.5000  -30.0000    0.000010088.4492   11.1170
   -7.5000  -22.5000    0.000011476.5059   11.0654
    0.0000  -22.5000    0.000011683.0654   11.0856
    7.5000  -22.5000    0.000010852.1924   11.0828
   -7.5000  -15.0000    0.000012017.3457   11.0184
    0.0000  -15.0000    0.000012160.0928   11.0452
    7.5000  -15.0000    0.000011344.7793   11.0433
   -7.5000   -7.5000    0.000012035.8975   11.0067
    0.0000   -7.5000    0.000012126.2031   11.0358
    7.5000   -7.5000    0.000011355.8174   11.0345
   -7.5000    0.0000    0.000011913.8740   11.0462
    0.0000    0.0000    0.000011982.1113   11.0713
    7.5000    0.0000    0.000011231.5117   11.0697
   -7.5000    7.5000    0.000011138.9170   11.0953
    0.0000    7.5000    0.000011185.9717   11.1138
    7.5000    7.5000    0.000010522.4717   11.1113
   -7.5000   15.0000    0.000010689.1113   11.1000
    0.0000   15.0000    0.000010736.4297   11.1161
    7.5000   15.0000    0.000010108.1348   11.1130
   -7.5000   22.5000    0.0000 9704.1650   10.9222
    0.0000   22.5000    0.0000 9734.4434   10.9421
    7.5000   22.5000    0.0000 9198.1475   10.9393
   -7.5000   30.0000    0.0000 8771.7012   10.6179
    0.0000   30.0000    0.0000 8802.1309   10.6437
    7.5000   30.0000    0.0000 8319.8701   10.6418
   -7.5000   37.5000    0.0000 7893.1016   10.5561
    0.0000   37.5000    0.0000 7921.8081   10.5860
    7.5000   37.5000    0.0000 7504.9873   10.5855
   -7.5000   45.0000    0.0000 7045.5767   10.5528
    0.0000   45.0000    0.0000 7074.0864   10.5764
    7.5000   45.0000    0.0000 6701.1665   10.5732
   -7.5000  -45.0000    7.5000 8876.8662   10.1465
    0.0000  -45.0000    7.5000 8958.4102   10.1666
    7.5000  -45.0000    7.5000 8421.7412   10.1652
   -7.5000  -37.5000    7.5000 9514.5166   10.8431
    0.0000  -37.5000    7.5000 9591.5020   10.8573
    7.5000  -37.5000    7.5000 8955.2520   10.8522
   -7.5000  -30.0000    7.500010495.1855   11.1282
    0.0000  -30.0000    7.500010801.6289   11.1396
    7.5000  -30.0000    7.5000 9794.0498   11.1300
   -7.5000  -22.5000    7.500011449.0410   11.0950
    0.0000  -22.5000    7.500011910.8477   11.1103
    7.5000  -22.5000    7.500010639.2920   11.1000
   -7.5000  -15.0000    7.500011915.0410   11.0500
    0.0000  -15.0000    7.500012244.2588   11.0726
    7.5000  -15.0000    7.500011075.8408   11.0662
   -7.5000   -7.5000    7.500011792.4629   11.0353
    0.0000   -7.5000    7.500011971.7295   11.0609
    7.5000   -7.5000    7.500010990.6123   11.0587
   -7.5000    0.0000    7.500011548.9561   11.0694
    0.0000    0.0000    7.500011677.1113   11.0913
    7.5000    0.0000    7.500010815.0654   11.0898
   -7.5000    7.5000    7.500010729.8086   11.1164
    0.0000    7.5000    7.500010839.3984   11.1309
    7.5000    7.5000    7.500010102.1025   11.1257
   -7.5000   15.0000    7.500010300.2500   11.1243
    0.0000   15.0000    7.500010385.0283   11.1356
    7.5000   15.0000    7.5000 9734.5205   11.1261
   -7.5000   22.5000    7.5000 9385.4219   10.9515
    0.0000   22.5000    7.5000 9452.4346   10.9665
    7.5000   22.5000    7.5000 8895.9277   10.9564
   -7.5000   30.0000    7.5000 8498.3594   10.6483
    0.0000   30.0000    7.5000 8547.9736   10.6701
    7.5000   30.0000    7.5000 8072.5303   10.6639
   -7.5000   37.5000    7.5000 7624.4932   10.5824
    0.0000   37.5000    7.5000 7671.5132   10.6082
    7.5000   37.5000    7.5000 7258.2319   10.6067
   -7.5000   45.0000    7.5000 6794.5981   10.5738
    0.0000   45.0000    7.5000 6831.8218   10.5949
    7.5000   45.0000    7.5000 6467.9336   10.5923
   -7.5000  -45.0000   15.0000 8883.0762   10.3250
    0.0000  -45.0000   15.0000 8918.5957   10.3380
    7.5000  -45.0000   15.0000 8423.5186   10.3337
   -7.5000  -37.5000   15.0000 9532.6592   11.0325
    0.0000  -37.5000   15.0000 9604.4727   11.0403
    7.5000  -37.5000   15.0000 9002.3408   11.0324
   -7.5000  -30.0000   15.000010433.8057   11.3240
    0.0000  -30.0000   15.000010850.0586   11.3295
    7.5000  -30.0000   15.0000 9813.6445   11.3161
   -7.5000  -22.5000   15.000011318.0342   11.2932
    0.0000  -22.5000   15.000011892.3164   11.3022
    7.5000  -22.5000   15.000010579.4785   11.2870
   -7.5000  -15.0000   15.000011822.6338   11.2494
    0.0000  -15.0000   15.000012260.5674   11.2645
    7.5000  -15.0000   15.000011030.7510   11.2530
   -7.5000   -7.5000   15.000011735.6641   11.2328
    0.0000   -7.5000   15.000012024.8867   11.2503
    7.5000   -7.5000   15.000010991.4180   11.2437
   -7.5000    0.0000   15.000011433.9961   11.2641
    0.0000    0.0000   15.000011664.5625   11.2783
    7.5000    0.0000   15.000010776.2637   11.2737
   -7.5000    7.5000   15.000010604.8184   11.3105
    0.0000    7.5000   15.000010793.0049   11.3186
    7.5000    7.5000   15.000010025.5723   11.3104
   -7.5000   15.0000   15.000010204.3936   11.3200
    0.0000   15.0000   15.000010347.1211   11.3255
    7.5000   15.0000   15.0000 9680.0176   11.3121
   -7.5000   22.5000   15.0000 9335.2275   11.1470
    0.0000   22.5000   15.0000 9437.3418   11.1559
    7.5000   22.5000   15.0000 8867.3008   11.1410
   -7.5000   30.0000   15.0000 8458.1709   10.8404
    0.0000   30.0000   15.0000 8537.0410   10.8550
    7.5000   30.0000   15.0000 8049.0010   10.8439
   -7.5000   37.5000   15.0000 7589.5381   10.7733
    0.0000   37.5000   15.0000 7641.3286   10.7910
    7.5000   37.5000   15.0000 7245.5796   10.7848
   -7.5000   45.0000   15.0000 6770.8110   10.7585
    0.0000   45.0000   15.0000 6812.0391   10.7723
    7.5000   45.0000   15.0000 6468.5425   10.7663
   -7.5000  -45.0000   22.5000 8400.1855   10.5550
    0.0000  -45.0000   22.5000 8437.1934   10.5635
    7.5000  -45.0000   22.5000 7986.7798   10.5566
   -7.5000  -37.5000   22.5000 8978.3408   11.2793
    0.0000  -37.5000   22.5000 9108.4395   11.2837
    7.5000  -37.5000   22.5000 8544.2627   11.2753
   -7.5000  -30.0000   22.5000 9658.2295   11.5764
    0.0000  -30.0000   22.5000 9989.2998   11.5793
    7.5000  -30.0000   22.5000 9195.9277   11.5676
   -7.5000  -22.5000   22.500010370.7031   11.5430
    0.0000  -22.5000   22.500010735.8643   11.5487
    7.5000  -22.5000   22.5000 9833.6035   11.5352
   -7.5000  -15.0000   22.500010913.0459   11.4980
    0.0000  -15.0000   22.500011200.6904   11.5084
    7.5000  -15.0000   22.500010327.8965   11.4959
   -7.5000   -7.5000   22.500010987.7939   11.4818
    0.0000   -7.5000   22.500011215.3164   11.4939
    7.5000   -7.5000   22.500010399.5986   11.4840
   -7.5000    0.0000   22.500010786.8701   11.5150
    0.0000    0.0000   22.500010980.6982   11.5243
    7.5000    0.0000   22.500010215.1758   11.5168
   -7.5000    7.5000   22.500010042.2246   11.5635
    0.0000    7.5000   22.500010194.5166   11.5680
    7.5000    7.5000   22.5000 9518.2598   11.5595
   -7.5000   15.0000   22.5000 9683.5752   11.5723
    0.0000   15.0000   22.5000 9812.3896   11.5752
    7.5000   15.0000   22.5000 9188.5439   11.5635
   -7.5000   22.5000   22.5000 8857.5410   11.3936
    0.0000   22.5000   22.5000 8965.8506   11.3992
    7.5000   22.5000   22.5000 8412.0811   11.3859
   -7.5000   30.0000   22.5000 8007.7607   11.0801
    0.0000   30.0000   22.5000 8085.2817   11.0901
    7.5000   30.0000   22.5000 7610.1250   11.0780
   -7.5000   37.5000   22.5000 7159.9453   11.0108
    0.0000   37.5000   22.5000 7199.8872   11.0238
    7.5000   37.5000   22.5000 6813.4751   11.0142
   -7.5000   45.0000   22.5000 6390.1567   10.9883
    0.0000   45.0000   22.5000 6423.1357   10.9967
    7.5000   45.0000   22.5000 6088.9263   10.9874
   -7.5000  -45.0000   30.0000 7933.2676   10.7591
    0.0000  -45.0000   30.0000 7961.7095   10.7712
    7.5000  -45.0000   30.0000 7555.7461   10.7636
   -7.5000  -37.5000   30.0000 8388.6016   11.5082
    0.0000  -37.5000   30.0000 8504.7070   11.5170
    7.5000  -37.5000   30.0000 8016.2842   11.5101
   -7.5000  -30.0000   30.0000 8930.0283   11.8131
    0.0000  -30.0000   30.0000 9099.7500   11.8211
    7.5000  -30.0000   30.0000 8517.5527   11.8144
   -7.5000  -22.5000   30.0000 9551.6113   11.7727
    0.0000  -22.5000   30.0000 9683.6611   11.7839
    7.5000  -22.5000   30.0000 9082.6367   11.7768
   -7.5000  -15.0000   30.000010114.8203   11.7214
    0.0000  -15.0000   30.000010218.6357   11.7367
    7.5000  -15.0000   30.0000 9594.5508   11.7284
   -7.5000   -7.5000   30.000010250.2607   11.7051
    0.0000   -7.5000   30.000010356.7617   11.7215
    7.5000   -7.5000   30.0000 9719.7646   11.7124
   -7.5000    0.0000   30.000010111.3027   11.7450
    0.0000    0.0000   30.000010222.6055   11.7581
    7.5000    0.0000   30.0000 9572.9912   11.7498
   -7.5000    7.5000   30.0000 9453.2432   11.8003
    0.0000    7.5000   30.0000 9535.9678   11.8092
    7.5000    7.5000   30.0000 8944.6748   11.8022
   -7.5000   15.0000   30.0000 9139.4453   11.8089
    0.0000   15.0000   30.0000 9219.6367   11.8169
    7.5000   15.0000   30.0000 8656.6475   11.8102
   -7.5000   22.5000   30.0000 8335.4023   11.6193
    0.0000   22.5000   30.0000 8436.5664   11.6304
    7.5000   22.5000   30.0000 7917.7363   11.6234
   -7.5000   30.0000   30.0000 7496.8472   11.3005
    0.0000   30.0000   30.0000 7565.8262   11.3153
    7.5000   30.0000   30.0000 7118.1616   11.3073
   -7.5000   37.5000   30.0000 6685.0293   11.2338
    0.0000   37.5000   30.0000 6739.4258   11.2519
    7.5000   37.5000   30.0000 6346.0923   11.2433
   -7.5000   45.0000   30.0000 5980.9360   11.2137
    0.0000   45.0000   30.0000 6027.6772   11.2254
    7.5000   45.0000   30.0000 5690.1455   11.2147
   -7.5000  -45.0000   37.5000 7471.2754   10.8878
    0.0000  -45.0000   37.5000 7517.7178   10.9084
    7.5000  -45.0000   37.5000 7140.3486   10.9033
   -7.5000  -37.5000   37.5000 7864.7217   11.6496
    0.0000  -37.5000   37.5000 7967.3237   11.6667
    7.5000  -37.5000   37.5000 7530.0312   11.6634
   -7.5000  -30.0000   37.5000 8321.2285   11.9487
    0.0000  -30.0000   37.5000 8423.6162   11.9655
    7.5000  -30.0000   37.5000 7944.8335   11.9649
   -7.5000  -22.5000   37.5000 8880.9268   11.9044
    0.0000  -22.5000   37.5000 8950.5684   11.9252
    7.5000  -22.5000   37.5000 8455.0605   11.9256
   -7.5000  -15.0000   37.5000 9419.0605   11.8512
    0.0000  -15.0000   37.5000 9479.0615   11.8768
    7.5000  -15.0000   37.5000 8954.8486   11.8750
   -7.5000   -7.5000   37.5000 9535.5488   11.8371
    0.0000   -7.5000   37.5000 9610.0615   11.8635
    7.5000   -7.5000   37.5000 9064.7822   11.8587
   -7.5000    0.0000   37.5000 9450.3398   11.8809
    0.0000    0.0000   37.5000 9517.7178   11.9034
    7.5000    0.0000   37.5000 8964.4707   11.8978
   -7.5000    7.5000   37.5000 8874.7021   11.9379
    0.0000    7.5000   37.5000 8925.3506   11.9554
    7.5000    7.5000   37.5000 8390.5068   11.9520
   -7.5000   15.0000   37.5000 8576.0244   11.9444
    0.0000   15.0000   37.5000 8634.2783   11.9611
    7.5000   15.0000   37.5000 8126.1538   11.9606
   -7.5000   22.5000   37.5000 7807.0566   11.7473
    0.0000   22.5000   37.5000 7877.1558   11.7678
    7.5000   22.5000   37.5000 7407.7700   11.7682
   -7.5000   30.0000   37.5000 7005.5435   11.4256
    0.0000   30.0000   37.5000 7048.0737   11.4503
    7.5000   30.0000   37.5000 6648.6094   11.4485
   -7.5000   37.5000   37.5000 6264.2690   11.3520
    0.0000   37.5000   37.5000 6300.9678   11.3802
    7.5000   37.5000   37.5000 5942.2798   11.3762
   -7.5000   45.0000   37.5000 5603.2549   11.3199
    0.0000   45.0000   37.5000 5631.3271   11.3407
    7.5000   45.0000   37.5000 5324.3174   11.3330
   -7.5000  -45.0000   45.0000 7000.5542   11.0502
    0.0000  -45.0000   45.0000 7060.4082   11.0790
    7.5000  -45.0000   45.0000 6710.0195   11.0771
   -7.5000  -37.5000   45.0000 7362.8403   11.8243
    0.0000  -37.5000   45.0000 7442.3218   11.8486
    7.5000  -37.5000   45.0000 7048.7871   11.8460
   -7.5000  -30.0000   45.0000 7763.4805   12.1188
    0.0000  -30.0000   45.0000 7830.6309   12.1410
    7.5000  -30.0000   45.0000 7428.0176   12.1384
   -7.5000  -22.5000   45.0000 8254.1914   12.0763
    0.0000  -22.5000   45.0000 8306.0723   12.1023
    7.5000  -22.5000   45.0000 7870.3706   12.1001
   -7.5000  -15.0000   45.0000 8749.6641   12.0218
    0.0000  -15.0000   45.0000 8798.4854   12.0543
    7.5000  -15.0000   45.0000 8335.4102   12.0527
   -7.5000   -7.5000   45.0000 8855.3301   12.0052
    0.0000   -7.5000   45.0000 8904.8525   12.0403
    7.5000   -7.5000   45.0000 8429.3516   12.0387
   -7.5000    0.0000   45.0000 8802.0752   12.0477
    0.0000    0.0000   45.0000 8842.4902   12.0792
    7.5000    0.0000   45.0000 8363.0957   12.0770
   -7.5000    7.5000   45.0000 8272.2803   12.1052
    0.0000    7.5000   45.0000 8310.8887   12.1301
    7.5000    7.5000   45.0000 7848.8105   12.1274
   -7.5000   15.0000   45.0000 7966.9556   12.1143
    0.0000   15.0000   45.0000 8015.6929   12.1365
    7.5000   15.0000   45.0000 7573.0977   12.1338
   -7.5000   22.5000   45.0000 7246.4873   11.9153
    0.0000   22.5000   45.0000 7287.8584   11.9409
    7.5000   22.5000   45.0000 6889.9111   11.9388
   -7.5000   30.0000   45.0000 6498.3525   11.5889
    0.0000   30.0000   45.0000 6529.6772   11.6202
    7.5000   30.0000   45.0000 6169.7671   11.6186
   -7.5000   37.5000   45.0000 5831.9033   11.5008
    0.0000   37.5000   45.0000 5849.5254   11.5368
    7.5000   37.5000   45.0000 5525.1401   11.5363
   -7.5000   45.0000   45.0000 5205.7036   11.4485
    0.0000   45.0000   45.0000 5227.3267   11.4779
    7.5000   45.0000   45.0000 4941.9868   11.4740

---------------------------------------------------------------------
imgreg_4dfp /opt/freesurfer/average/711-2C_as_mni_average_305 /opt/freesurfer/average/711-2B_as_mni_average_305_mask talsrcimg_g11 none talsrcimg_to_711-2C_as_mni_average_305_t4 4355
---------------------------------------------------------------------

freesurfer imgreg_4dfp.c
/opt/freesurfer/average/711-2C_as_mni_average_305.4dfp.img
       256       256       256         1
  1.000000  1.000000  1.000000
orientation T byte_order littleendian
Reading image: /opt/freesurfer/average/711-2C_as_mni_average_305.4dfp.img
dimensions:      256       256       256
mmppix:       1.0000   -1.0000   -1.0000
center:     128.0000 -129.0000 -129.0000
/opt/freesurfer/average/711-2B_as_mni_average_305_mask.4dfp.img
       256       256       256         1
  1.000000  1.000000  1.000000
orientation T byte_order littleendian
Reading mask: /opt/freesurfer/average/711-2B_as_mni_average_305_mask.4dfp.img (2306576 pixels)
talsrcimg_g11.4dfp.img
       256       256       256         1
  0.898438  0.898438  0.898438
orientation T byte_order littleendian
Reading image: talsrcimg_g11.4dfp.img
dimensions:      256       256       256
mmppix:       0.8984   -0.8984   -0.8984
center:     115.0001 -115.8985 -115.8985
rotation matrix determinant  1.000000
image alignment mode   4355 decimal     1103 hex
   -7.5000  -60.0000  -30.0000 2246.5471   11.1838
    0.0000  -60.0000  -30.0000 2266.3333   11.0988
    7.5000  -60.0000  -30.0000 2240.7310   11.2030
   -7.5000  -52.5000  -30.0000 2352.8582   10.2176
    0.0000  -52.5000  -30.0000 2374.4153   10.1494
    7.5000  -52.5000  -30.0000 2350.5842   10.2491
   -7.5000  -45.0000  -30.0000 2440.7834    9.6384
    0.0000  -45.0000  -30.0000 2465.0706    9.5550
    7.5000  -45.0000  -30.0000 2439.0791    9.6383
   -7.5000  -37.5000  -30.0000 2491.6809    9.1336
    0.0000  -37.5000  -30.0000 2516.5066    9.0483
    7.5000  -37.5000  -30.0000 2487.1687    9.1349
   -7.5000  -30.0000  -30.0000 2521.9958    8.7682
    0.0000  -30.0000  -30.0000 2542.8430    8.6901
    7.5000  -30.0000  -30.0000 2521.2490    8.7729
   -7.5000  -22.5000  -30.0000 2539.3293    8.5566
    0.0000  -22.5000  -30.0000 2554.8613    8.4946
    7.5000  -22.5000  -30.0000 2539.4707    8.5743
   -7.5000  -15.0000  -30.0000 2536.4617    8.5119
    0.0000  -15.0000  -30.0000 2555.4514    8.4312
    7.5000  -15.0000  -30.0000 2535.8071    8.5198
   -7.5000   -7.5000  -30.0000 2514.1538    8.6379
    0.0000   -7.5000  -30.0000 2537.2639    8.5551
    7.5000   -7.5000  -30.0000 2516.0569    8.6578
   -7.5000    0.0000  -30.0000 2473.3108    9.0137
    0.0000    0.0000  -30.0000 2495.4553    8.9216
    7.5000    0.0000  -30.0000 2478.3093    9.0308
   -7.5000    7.5000  -30.0000 2413.6794    9.6069
    0.0000    7.5000  -30.0000 2436.5039    9.5111
    7.5000    7.5000  -30.0000 2413.9683    9.5997
   -7.5000   15.0000  -30.0000 2334.3296   10.4181
    0.0000   15.0000  -30.0000 2357.6526   10.3252
    7.5000   15.0000  -30.0000 2330.8157   10.3992
   -7.5000   22.5000  -30.0000 2235.1394   11.3927
    0.0000   22.5000  -30.0000 2258.3704   11.3226
    7.5000   22.5000  -30.0000 2228.2166   11.3769
   -7.5000   30.0000  -30.0000 2117.4690   12.6531
    0.0000   30.0000  -30.0000 2135.8025   12.5779
    7.5000   30.0000  -30.0000 2114.3984   12.6265
   -7.5000  -60.0000  -22.5000 2352.6843   10.8751
    0.0000  -60.0000  -22.5000 2375.9839   10.7903
    7.5000  -60.0000  -22.5000 2352.1357   10.9016
   -7.5000  -52.5000  -22.5000 2459.4844    9.9549
    0.0000  -52.5000  -22.5000 2485.7759    9.8542
    7.5000  -52.5000  -22.5000 2457.4985    9.9674
   -7.5000  -45.0000  -22.5000 2550.5854    9.3786
    0.0000  -45.0000  -22.5000 2572.5337    9.2619
    7.5000  -45.0000  -22.5000 2549.9702    9.3760
   -7.5000  -37.5000  -22.5000 2604.1223    8.8703
    0.0000  -37.5000  -22.5000 2629.1433    8.7568
    7.5000  -37.5000  -22.5000 2605.3894    8.8725
   -7.5000  -30.0000  -22.5000 2648.6660    8.4792
    0.0000  -30.0000  -22.5000 2671.6641    8.3705
    7.5000  -30.0000  -22.5000 2649.3696    8.4874
   -7.5000  -22.5000  -22.5000 2675.5168    8.2629
    0.0000  -22.5000  -22.5000 2694.1533    8.1587
    7.5000  -22.5000  -22.5000 2679.5356    8.2664
   -7.5000  -15.0000  -22.5000 2673.5608    8.1905
    0.0000  -15.0000  -22.5000 2697.4741    8.0936
    7.5000  -15.0000  -22.5000 2676.1848    8.2038
   -7.5000   -7.5000  -22.5000 2650.6289    8.3392
    0.0000   -7.5000  -22.5000 2672.9675    8.2376
    7.5000   -7.5000  -22.5000 2654.0627    8.3478
   -7.5000    0.0000  -22.5000 2609.1411    8.7178
    0.0000    0.0000  -22.5000 2632.5471    8.6053
    7.5000    0.0000  -22.5000 2615.8970    8.7132
   -7.5000    7.5000  -22.5000 2546.0718    9.3038
    0.0000    7.5000  -22.5000 2565.0571    9.1806
    7.5000    7.5000  -22.5000 2546.9934    9.2771
   -7.5000   15.0000  -22.5000 2460.0161   10.0697
    0.0000   15.0000  -22.5000 2476.6714    9.9639
    7.5000   15.0000  -22.5000 2457.3425   10.0452
   -7.5000   22.5000  -22.5000 2353.8123   11.0453
    0.0000   22.5000  -22.5000 2376.5635   10.9349
    7.5000   22.5000  -22.5000 2354.5852   11.0049
   -7.5000   30.0000  -22.5000 2229.0386   12.2717
    0.0000   30.0000  -22.5000 2253.3701   12.1528
    7.5000   30.0000  -22.5000 2231.3860   12.1982
   -7.5000  -60.0000  -15.0000 2412.0466   10.5113
    0.0000  -60.0000  -15.0000 2435.0339   10.4374
    7.5000  -60.0000  -15.0000 2412.9236   10.5443
   -7.5000  -52.5000  -15.0000 2528.9448    9.6154
    0.0000  -52.5000  -15.0000 2549.9336    9.5157
    7.5000  -52.5000  -15.0000 2525.3518    9.6292
   -7.5000  -45.0000  -15.0000 2626.2881    9.0620
    0.0000  -45.0000  -15.0000 2649.2559    8.9593
    7.5000  -45.0000  -15.0000 2624.6072    9.0660
   -7.5000  -37.5000  -15.0000 2686.5608    8.5677
    0.0000  -37.5000  -15.0000 2711.3508    8.4616
    7.5000  -37.5000  -15.0000 2687.7036    8.5868
   -7.5000  -30.0000  -15.0000 2742.2935    8.1686
    0.0000  -30.0000  -15.0000 2769.6021    8.0402
    7.5000  -30.0000  -15.0000 2744.0063    8.1911
   -7.5000  -22.5000  -15.0000 2777.5723    7.9219
    0.0000  -22.5000  -15.0000 2802.2986    7.8061
    7.5000  -22.5000  -15.0000 2782.8713    7.9337
   -7.5000  -15.0000  -15.0000 2779.4751    7.8405
    0.0000  -15.0000  -15.0000 2804.6531    7.7403
    7.5000  -15.0000  -15.0000 2783.2937    7.8743
   -7.5000   -7.5000  -15.0000 2756.0371    8.0183
    0.0000   -7.5000  -15.0000 2783.5051    7.9180
    7.5000   -7.5000  -15.0000 2760.8203    8.0420
   -7.5000    0.0000  -15.0000 2714.1213    8.3999
    0.0000    0.0000  -15.0000 2741.0520    8.2884
    7.5000    0.0000  -15.0000 2719.5840    8.3946
   -7.5000    7.5000  -15.0000 2643.4619    8.9576
    0.0000    7.5000  -15.0000 2665.1194    8.8354
    7.5000    7.5000  -15.0000 2644.8420    8.9414
   -7.5000   15.0000  -15.0000 2551.8408    9.7098
    0.0000   15.0000  -15.0000 2569.9614    9.5841
    7.5000   15.0000  -15.0000 2552.4673    9.6742
   -7.5000   22.5000  -15.0000 2441.1873   10.6489
    0.0000   22.5000  -15.0000 2461.2490   10.5325
    7.5000   22.5000  -15.0000 2441.8635   10.6093
   -7.5000   30.0000  -15.0000 2313.3933   11.8077
    0.0000   30.0000  -15.0000 2338.4729   11.6958
    7.5000   30.0000  -15.0000 2313.8364   11.7593
   -7.5000  -60.0000   -7.5000 2427.5334   10.1952
    0.0000  -60.0000   -7.5000 2442.2939   10.0984
    7.5000  -60.0000   -7.5000 2424.7266   10.2363
   -7.5000  -52.5000   -7.5000 2551.4399    9.2554
    0.0000  -52.5000   -7.5000 2566.9541    9.1688
    7.5000  -52.5000   -7.5000 2545.4956    9.2749
   -7.5000  -45.0000   -7.5000 2660.1021    8.7174
    0.0000  -45.0000   -7.5000 2680.0215    8.6257
    7.5000  -45.0000   -7.5000 2659.5039    8.7276
   -7.5000  -37.5000   -7.5000 2733.1392    8.2647
    0.0000  -37.5000   -7.5000 2752.9622    8.1783
    7.5000  -37.5000   -7.5000 2732.0276    8.2778
   -7.5000  -30.0000   -7.5000 2795.2261    7.8942
    0.0000  -30.0000   -7.5000 2821.4177    7.7899
    7.5000  -30.0000   -7.5000 2795.7825    7.9199
   -7.5000  -22.5000   -7.5000 2830.9727    7.6373
    0.0000  -22.5000   -7.5000 2860.9280    7.5258
    7.5000  -22.5000   -7.5000 2836.0481    7.6863
   -7.5000  -15.0000   -7.5000 2840.3049    7.5346
    0.0000  -15.0000   -7.5000 2868.5132    7.4321
    7.5000  -15.0000   -7.5000 2839.8438    7.5966
   -7.5000   -7.5000   -7.5000 2819.6729    7.6865
    0.0000   -7.5000   -7.5000 2848.3372    7.5907
    7.5000   -7.5000   -7.5000 2816.8813    7.7385
   -7.5000    0.0000   -7.5000 2774.6162    8.0560
    0.0000    0.0000   -7.5000 2801.6499    7.9548
    7.5000    0.0000   -7.5000 2776.3081    8.0724
   -7.5000    7.5000   -7.5000 2700.3948    8.5988
    0.0000    7.5000   -7.5000 2718.2290    8.4796
    7.5000    7.5000   -7.5000 2704.9749    8.5761
   -7.5000   15.0000   -7.5000 2599.4661    9.3372
    0.0000   15.0000   -7.5000 2619.8372    9.1964
    7.5000   15.0000   -7.5000 2605.0398    9.2995
   -7.5000   22.5000   -7.5000 2487.8196   10.2361
    0.0000   22.5000   -7.5000 2506.2874   10.1000
    7.5000   22.5000   -7.5000 2486.0474   10.2130
   -7.5000   30.0000   -7.5000 2356.1719   11.3455
    0.0000   30.0000   -7.5000 2378.9204   11.2211
    7.5000   30.0000   -7.5000 2357.4131   11.3338
   -7.5000  -60.0000    0.0000 2430.4724   10.0881
    0.0000  -60.0000    0.0000 2448.7651   10.0243
    7.5000  -60.0000    0.0000 2429.6787   10.1250
   -7.5000  -52.5000    0.0000 2557.8901    9.1034
    0.0000  -52.5000    0.0000 2576.4165    9.0526
    7.5000  -52.5000    0.0000 2557.7336    9.1384
   -7.5000  -45.0000    0.0000 2680.9453    8.5664
    0.0000  -45.0000    0.0000 2698.6248    8.5097
    7.5000  -45.0000    0.0000 2687.5969    8.5668
   -7.5000  -37.5000    0.0000 2768.4360    8.1633
    0.0000  -37.5000    0.0000 2787.5325    8.1061
    7.5000  -37.5000    0.0000 2773.0786    8.1317
   -7.5000  -30.0000    0.0000 2844.4712    7.9046
    0.0000  -30.0000    0.0000 2872.4180    7.8400
    7.5000  -30.0000    0.0000 2849.3323    7.8520
   -7.5000  -22.5000    0.0000 2889.8479    7.6868
    0.0000  -22.5000    0.0000 2927.4800    7.6356
    7.5000  -22.5000    0.0000 2896.0356    7.6523
   -7.5000  -15.0000    0.0000 2895.8875    7.4709
    0.0000  -15.0000    0.0000 2922.5483    7.4113
    7.5000  -15.0000    0.0000 2892.7219    7.5110
   -7.5000   -7.5000    0.0000 2869.6453    7.5360
    0.0000   -7.5000    0.0000 2895.9263    7.4643
    7.5000   -7.5000    0.0000 2863.9990    7.5765
   -7.5000    0.0000    0.0000 2817.1418    7.8654
    0.0000    0.0000    0.0000 2843.1108    7.7830
    7.5000    0.0000    0.0000 2818.0520    7.8609
   -7.5000    7.5000    0.0000 2740.0083    8.4218
    0.0000    7.5000    0.0000 2765.1172    8.3006
    7.5000    7.5000    0.0000 2747.0271    8.3533
   -7.5000   15.0000    0.0000 2644.9065    9.1332
    0.0000   15.0000    0.0000 2670.1108    9.0003
    7.5000   15.0000    0.0000 2645.8945    9.0466
   -7.5000   22.5000    0.0000 2521.4551   10.0219
    0.0000   22.5000    0.0000 2545.9138    9.8927
    7.5000   22.5000    0.0000 2522.4980    9.9530
   -7.5000   30.0000    0.0000 2395.1680   11.1307
    0.0000   30.0000    0.0000 2417.0583   10.9991
    7.5000   30.0000    0.0000 2390.2671   11.0721
   -7.5000  -60.0000    7.5000 2422.2087   10.0905
    0.0000  -60.0000    7.5000 2439.7520   10.0192
    7.5000  -60.0000    7.5000 2426.9915   10.0924
   -7.5000  -52.5000    7.5000 2551.1377    9.1109
    0.0000  -52.5000    7.5000 2567.4751    9.0705
    7.5000  -52.5000    7.5000 2559.9385    9.1046
   -7.5000  -45.0000    7.5000 2684.5742    8.5557
    0.0000  -45.0000    7.5000 2704.7031    8.5267
    7.5000  -45.0000    7.5000 2692.1963    8.5203
   -7.5000  -37.5000    7.5000 2790.5896    8.1580
    0.0000  -37.5000    7.5000 2814.4360    8.1345
    7.5000  -37.5000    7.5000 2791.6367    8.0973
   -7.5000  -30.0000    7.5000 2879.3125    7.9815
    0.0000  -30.0000    7.5000 2922.2070    7.9646
    7.5000  -30.0000    7.5000 2877.9353    7.8519
   -7.5000  -22.5000    7.5000 2938.6965    7.8198
    0.0000  -22.5000    7.5000 2995.8967    7.8854
    7.5000  -22.5000    7.5000 2939.0830    7.6875
   -7.5000  -15.0000    7.5000 2929.9058    7.5513
    0.0000  -15.0000    7.5000 2965.5356    7.5788
    7.5000  -15.0000    7.5000 2922.6453    7.4943
   -7.5000   -7.5000    7.5000 2891.3762    7.4830
    0.0000   -7.5000    7.5000 2917.2188    7.4482
    7.5000   -7.5000    7.5000 2878.0752    7.4779
   -7.5000    0.0000    7.5000 2835.8833    7.7297
    0.0000    0.0000    7.5000 2860.6316    7.6430
    7.5000    0.0000    7.5000 2830.3274    7.7031
   -7.5000    7.5000    7.5000 2752.2676    8.2282
    0.0000    7.5000    7.5000 2780.9480    8.1234
    7.5000    7.5000    7.5000 2757.2593    8.1799
   -7.5000   15.0000    7.5000 2653.6262    8.9561
    0.0000   15.0000    7.5000 2680.4062    8.8353
    7.5000   15.0000    7.5000 2650.9280    8.8910
   -7.5000   22.5000    7.5000 2534.3533    9.8727
    0.0000   22.5000    7.5000 2558.9375    9.7631
    7.5000   22.5000    7.5000 2531.7004    9.8075
   -7.5000   30.0000    7.5000 2408.0601   10.9740
    0.0000   30.0000    7.5000 2431.5076   10.8910
    7.5000   30.0000    7.5000 2404.3494   10.9251
   -7.5000  -60.0000   15.0000 2419.1614   10.2607
    0.0000  -60.0000   15.0000 2436.8362   10.2063
    7.5000  -60.0000   15.0000 2420.6370   10.2388
   -7.5000  -52.5000   15.0000 2545.0728    9.2641
    0.0000  -52.5000   15.0000 2566.0442    9.2465
    7.5000  -52.5000   15.0000 2552.9277    9.2457
   -7.5000  -45.0000   15.0000 2683.8584    8.6926
    0.0000  -45.0000   15.0000 2707.7612    8.6963
    7.5000  -45.0000   15.0000 2692.1885    8.6615
   -7.5000  -37.5000   15.0000 2798.3962    8.2828
    0.0000  -37.5000   15.0000 2827.9236    8.2722
    7.5000  -37.5000   15.0000 2795.3008    8.2349
   -7.5000  -30.0000   15.0000 2902.0090    8.0608
    0.0000  -30.0000   15.0000 2955.6938    8.0975
    7.5000  -30.0000   15.0000 2892.7744    7.9737
   -7.5000  -22.5000   15.0000 2965.7781    7.8543
    0.0000  -22.5000   15.0000 3031.8325    7.9895
    7.5000  -22.5000   15.0000 2954.3096    7.7604
   -7.5000  -15.0000   15.0000 2940.7520    7.6376
    0.0000  -15.0000   15.0000 2985.8298    7.7036
    7.5000  -15.0000   15.0000 2931.8162    7.5568
   -7.5000   -7.5000   15.0000 2894.0461    7.5995
    0.0000   -7.5000   15.0000 2922.5535    7.5785
    7.5000   -7.5000   15.0000 2884.8394    7.5503
   -7.5000    0.0000   15.0000 2825.6155    7.7731
    0.0000    0.0000   15.0000 2859.4304    7.7231
    7.5000    0.0000   15.0000 2823.1074    7.7563
   -7.5000    7.5000   15.0000 2739.1243    8.2362
    0.0000    7.5000   15.0000 2769.1511    8.1690
    7.5000    7.5000   15.0000 2734.0679    8.2096
   -7.5000   15.0000   15.0000 2639.0488    8.9542
    0.0000   15.0000   15.0000 2660.2490    8.8555
    7.5000   15.0000   15.0000 2632.2390    8.8964
   -7.5000   22.5000   15.0000 2523.9810    9.8597
    0.0000   22.5000   15.0000 2543.3835    9.7594
    7.5000   22.5000   15.0000 2522.0264    9.8028
   -7.5000   30.0000   15.0000 2394.4695   10.9773
    0.0000   30.0000   15.0000 2421.6377   10.8773
    7.5000   30.0000   15.0000 2397.7568   10.9410
   -7.5000  -60.0000   22.5000 2413.3049   10.4341
    0.0000  -60.0000   22.5000 2436.2915   10.3845
    7.5000  -60.0000   22.5000 2412.9512   10.4749
   -7.5000  -52.5000   22.5000 2543.8809    9.4428
    0.0000  -52.5000   22.5000 2566.0413    9.4073
    7.5000  -52.5000   22.5000 2547.9902    9.4709
   -7.5000  -45.0000   22.5000 2679.7195    8.8544
    0.0000  -45.0000   22.5000 2704.5649    8.8286
    7.5000  -45.0000   22.5000 2681.8779    8.8523
   -7.5000  -37.5000   22.5000 2788.9592    8.4207
    0.0000  -37.5000   22.5000 2825.4590    8.4083
    7.5000  -37.5000   22.5000 2787.6387    8.3949
   -7.5000  -30.0000   22.5000 2888.1177    8.0976
    0.0000  -30.0000   22.5000 2936.3091    8.1755
    7.5000  -30.0000   22.5000 2880.5566    8.0758
   -7.5000  -22.5000   22.5000 2935.3652    7.8283
    0.0000  -22.5000   22.5000 2990.4351    7.8939
    7.5000  -22.5000   22.5000 2926.1226    7.8035
   -7.5000  -15.0000   22.5000 2923.7725    7.6835
    0.0000  -15.0000   22.5000 2964.0918    7.6679
    7.5000  -15.0000   22.5000 2917.2290    7.6539
   -7.5000   -7.5000   22.5000 2880.0569    7.7546
    0.0000   -7.5000   22.5000 2914.1243    7.6982
    7.5000   -7.5000   22.5000 2876.1826    7.7243
   -7.5000    0.0000   22.5000 2804.1655    7.9946
    0.0000    0.0000   22.5000 2836.2700    7.9400
    7.5000    0.0000   22.5000 2803.1042    7.9800
   -7.5000    7.5000   22.5000 2710.1768    8.4612
    0.0000    7.5000   22.5000 2733.2234    8.3939
    7.5000    7.5000   22.5000 2710.6118    8.4383
   -7.5000   15.0000   22.5000 2611.0906    9.1367
    0.0000   15.0000   22.5000 2625.5576    9.0459
    7.5000   15.0000   22.5000 2603.4019    9.1019
   -7.5000   22.5000   22.5000 2494.6536   10.0222
    0.0000   22.5000   22.5000 2512.6104    9.9227
    7.5000   22.5000   22.5000 2492.5864    9.9708
   -7.5000   30.0000   22.5000 2361.7412   11.1305
    0.0000   30.0000   22.5000 2384.0757   11.0174
    7.5000   30.0000   22.5000 2364.2490   11.0931
   -7.5000  -60.0000   30.0000 2403.4377   10.6687
    0.0000  -60.0000   30.0000 2426.3027   10.5765
    7.5000  -60.0000   30.0000 2402.6506   10.7600
   -7.5000  -52.5000   30.0000 2535.2593    9.6911
    0.0000  -52.5000   30.0000 2557.5193    9.6130
    7.5000  -52.5000   30.0000 2533.2329    9.7352
   -7.5000  -45.0000   30.0000 2667.2434    9.0948
    0.0000  -45.0000   30.0000 2690.7568    9.0516
    7.5000  -45.0000   30.0000 2669.0063    9.1363
   -7.5000  -37.5000   30.0000 2764.8142    8.6158
    0.0000  -37.5000   30.0000 2796.1804    8.6180
    7.5000  -37.5000   30.0000 2765.9717    8.6577
   -7.5000  -30.0000   30.0000 2840.5103    8.2150
    0.0000  -30.0000   30.0000 2875.9336    8.2541
    7.5000  -30.0000   30.0000 2837.1599    8.2298
   -7.5000  -22.5000   30.0000 2883.1899    7.9426
    0.0000  -22.5000   30.0000 2912.2861    7.9234
    7.5000  -22.5000   30.0000 2878.4631    7.9365
   -7.5000  -15.0000   30.0000 2884.4912    7.8567
    0.0000  -15.0000   30.0000 2909.8752    7.8084
    7.5000  -15.0000   30.0000 2875.4370    7.8490
   -7.5000   -7.5000   30.0000 2845.2886    8.0046
    0.0000   -7.5000   30.0000 2874.5872    7.9322
    7.5000   -7.5000   30.0000 2842.9058    7.9879
   -7.5000    0.0000   30.0000 2764.4917    8.3161
    0.0000    0.0000   30.0000 2790.9688    8.2486
    7.5000    0.0000   30.0000 2761.1272    8.3013
   -7.5000    7.5000   30.0000 2671.3230    8.8067
    0.0000    7.5000   30.0000 2690.4417    8.7192
    7.5000    7.5000   30.0000 2670.3235    8.7729
   -7.5000   15.0000   30.0000 2570.0022    9.4642
    0.0000   15.0000   30.0000 2587.2927    9.3538
    7.5000   15.0000   30.0000 2569.1570    9.4191
   -7.5000   22.5000   30.0000 2447.5125   10.3255
    0.0000   22.5000   30.0000 2472.6265   10.2142
    7.5000   22.5000   30.0000 2452.8879   10.2754
   -7.5000   30.0000   30.0000 2301.4534   11.3809
    0.0000   30.0000   30.0000 2320.3184   11.2707
    7.5000   30.0000   30.0000 2312.4521   11.3485
   -7.5000  -60.0000   37.5000 2383.5024   11.0063
    0.0000  -60.0000   37.5000 2404.4832   10.8950
    7.5000  -60.0000   37.5000 2382.6411   11.1228
   -7.5000  -52.5000   37.5000 2513.3953   10.0214
    0.0000  -52.5000   37.5000 2535.9626    9.9300
    7.5000  -52.5000   37.5000 2510.5137   10.1037
   -7.5000  -45.0000   37.5000 2641.8350    9.4299
    0.0000  -45.0000   37.5000 2664.2017    9.3823
    7.5000  -45.0000   37.5000 2639.9780    9.5062
   -7.5000  -37.5000   37.5000 2725.7891    8.9036
    0.0000  -37.5000   37.5000 2755.2229    8.8954
    7.5000  -37.5000   37.5000 2725.1272    8.9578
   -7.5000  -30.0000   37.5000 2784.9482    8.4744
    0.0000  -30.0000   37.5000 2812.2588    8.4373
    7.5000  -30.0000   37.5000 2785.7505    8.4893
   -7.5000  -22.5000   37.5000 2817.6492    8.2102
    0.0000  -22.5000   37.5000 2845.0476    8.1469
    7.5000  -22.5000   37.5000 2817.4729    8.2220
   -7.5000  -15.0000   37.5000 2823.1987    8.1481
    0.0000  -15.0000   37.5000 2844.9353    8.1070
    7.5000  -15.0000   37.5000 2819.5925    8.1630
   -7.5000   -7.5000   37.5000 2778.5178    8.3176
    0.0000   -7.5000   37.5000 2802.3064    8.2712
    7.5000   -7.5000   37.5000 2779.0479    8.3235
   -7.5000    0.0000   37.5000 2708.0466    8.6801
    0.0000    0.0000   37.5000 2731.3914    8.6060
    7.5000    0.0000   37.5000 2706.5339    8.6674
   -7.5000    7.5000   37.5000 2623.9014    9.1912
    0.0000    7.5000   37.5000 2642.9294    9.0946
    7.5000    7.5000   37.5000 2619.0332    9.1594
   -7.5000   15.0000   37.5000 2519.7644    9.8617
    0.0000   15.0000   37.5000 2537.2544    9.7405
    7.5000   15.0000   37.5000 2520.0635    9.8051
   -7.5000   22.5000   37.5000 2386.9517   10.7300
    0.0000   22.5000   37.5000 2411.2078   10.6131
    7.5000   22.5000   37.5000 2393.2827   10.6671
   -7.5000   30.0000   37.5000 2234.5520   11.8289
    0.0000   30.0000   37.5000 2252.5823   11.6913
    7.5000   30.0000   37.5000 2246.8262   11.7957
   -7.5000  -60.0000   45.0000 2328.3582   11.4399
    0.0000  -60.0000   45.0000 2348.9988   11.2973
    7.5000  -60.0000   45.0000 2329.9448   11.5535
   -7.5000  -52.5000   45.0000 2455.0764   10.4375
    0.0000  -52.5000   45.0000 2476.8220   10.3396
    7.5000  -52.5000   45.0000 2455.3865   10.5220
   -7.5000  -45.0000   45.0000 2571.7812    9.7906
    0.0000  -45.0000   45.0000 2599.1072    9.7343
    7.5000  -45.0000   45.0000 2575.6853    9.8793
   -7.5000  -37.5000   45.0000 2648.6135    9.2460
    0.0000  -37.5000   45.0000 2676.2039    9.1836
    7.5000  -37.5000   45.0000 2650.9690    9.3136
   -7.5000  -30.0000   45.0000 2700.2083    8.8249
    0.0000  -30.0000   45.0000 2728.4324    8.7418
    7.5000  -30.0000   45.0000 2703.7292    8.8581
   -7.5000  -22.5000   45.0000 2723.6045    8.5583
    0.0000  -22.5000   45.0000 2749.4768    8.4920
    7.5000  -22.5000   45.0000 2722.5999    8.6049
   -7.5000  -15.0000   45.0000 2724.9773    8.5194
    0.0000  -15.0000   45.0000 2746.3550    8.4800
    7.5000  -15.0000   45.0000 2723.8318    8.5660
   -7.5000   -7.5000   45.0000 2680.5674    8.6957
    0.0000   -7.5000   45.0000 2700.0657    8.6571
    7.5000   -7.5000   45.0000 2682.2097    8.7116
   -7.5000    0.0000   45.0000 2621.6753    9.0690
    0.0000    0.0000   45.0000 2640.3530    9.0062
    7.5000    0.0000   45.0000 2620.8650    9.0569
   -7.5000    7.5000   45.0000 2539.4673    9.5995
    0.0000    7.5000   45.0000 2559.4102    9.4848
    7.5000    7.5000   45.0000 2539.1504    9.5540
   -7.5000   15.0000   45.0000 2431.8513   10.2782
    0.0000   15.0000   45.0000 2452.3845   10.1308
    7.5000   15.0000   45.0000 2436.9800   10.2085
   -7.5000   22.5000   45.0000 2302.5098   11.1725
    0.0000   22.5000   45.0000 2317.6528   11.0566
    7.5000   22.5000   45.0000 2305.9177   11.1255
   -7.5000   30.0000   45.0000 2149.3987   12.3212
    0.0000   30.0000   45.0000 2161.1260   12.2214
    7.5000   30.0000   45.0000 2153.0840   12.2963
   -7.5000  -60.0000   52.5000 2249.2256   11.8824
    0.0000  -60.0000   52.5000 2270.1538   11.7516
    7.5000  -60.0000   52.5000 2251.6001   12.0035
   -7.5000  -52.5000   52.5000 2364.8398   10.8363
    0.0000  -52.5000   52.5000 2388.3130   10.7406
    7.5000  -52.5000   52.5000 2366.2712   10.9276
   -7.5000  -45.0000   52.5000 2476.6353   10.1988
    0.0000  -45.0000   52.5000 2503.2476   10.1083
    7.5000  -45.0000   52.5000 2479.1670   10.2641
   -7.5000  -37.5000   52.5000 2541.0261    9.6469
    0.0000  -37.5000   52.5000 2568.6990    9.5395
    7.5000  -37.5000   52.5000 2545.1736    9.6933
   -7.5000  -30.0000   52.5000 2587.7148    9.2089
    0.0000  -30.0000   52.5000 2614.4177    9.0934
    7.5000  -30.0000   52.5000 2589.5767    9.2478
   -7.5000  -22.5000   52.5000 2607.6423    8.9493
    0.0000  -22.5000   52.5000 2632.9558    8.8676
    7.5000  -22.5000   52.5000 2606.5520    9.0110
   -7.5000  -15.0000   52.5000 2608.5769    8.9390
    0.0000  -15.0000   52.5000 2628.6780    8.8621
    7.5000  -15.0000   52.5000 2603.8979    8.9949
   -7.5000   -7.5000   52.5000 2563.0168    9.1071
    0.0000   -7.5000   52.5000 2580.1338    9.0509
    7.5000   -7.5000   52.5000 2563.2593    9.1438
   -7.5000    0.0000   52.5000 2507.4683    9.4587
    0.0000    0.0000   52.5000 2521.9082    9.3955
    7.5000    0.0000   52.5000 2508.2312    9.4709
   -7.5000    7.5000   52.5000 2424.7522    9.9897
    0.0000    7.5000   52.5000 2441.2766    9.8813
    7.5000    7.5000   52.5000 2425.8398    9.9414
   -7.5000   15.0000   52.5000 2318.2258   10.6758
    0.0000   15.0000   52.5000 2339.7056   10.5441
    7.5000   15.0000   52.5000 2324.0352   10.6260
   -7.5000   22.5000   52.5000 2184.5225   11.5988
    0.0000   22.5000   52.5000 2205.0518   11.4965
    7.5000   22.5000   52.5000 2189.0708   11.5689
   -7.5000   30.0000   52.5000 2047.8777   12.8235
    0.0000   30.0000   52.5000 2062.3103   12.7172
    7.5000   30.0000   52.5000 2051.7395   12.7939
   -7.5000  -60.0000   60.0000 2199.9829   12.6901
    0.0000  -60.0000   60.0000 2220.8066   12.5567
    7.5000  -60.0000   60.0000 2196.3408   12.7673
   -7.5000  -52.5000   60.0000 2304.2720   11.5809
    0.0000  -52.5000   60.0000 2327.5935   11.4851
    7.5000  -52.5000   60.0000 2304.0269   11.6545
   -7.5000  -45.0000   60.0000 2403.9023   10.9078
    0.0000  -45.0000   60.0000 2430.0830   10.7957
    7.5000  -45.0000   60.0000 2410.2930   10.9643
   -7.5000  -37.5000   60.0000 2461.8005   10.3525
    0.0000  -37.5000   60.0000 2488.7156   10.2210
    7.5000  -37.5000   60.0000 2468.3801   10.3876
   -7.5000  -30.0000   60.0000 2501.2441    9.9057
    0.0000  -30.0000   60.0000 2527.7053    9.7874
    7.5000  -30.0000   60.0000 2506.2920    9.9551
   -7.5000  -22.5000   60.0000 2527.1487    9.6356
    0.0000  -22.5000   60.0000 2547.7805    9.5318
    7.5000  -22.5000   60.0000 2525.4482    9.6910
   -7.5000  -15.0000   60.0000 2523.8215    9.6228
    0.0000  -15.0000   60.0000 2545.6147    9.5148
    7.5000  -15.0000   60.0000 2525.7720    9.6528
   -7.5000   -7.5000   60.0000 2482.9221    9.8029
    0.0000   -7.5000   60.0000 2503.1909    9.7141
    7.5000   -7.5000   60.0000 2485.1360    9.8228
   -7.5000    0.0000   60.0000 2422.0559   10.1440
    0.0000    0.0000   60.0000 2440.9836   10.0615
    7.5000    0.0000   60.0000 2422.9829   10.1638
   -7.5000    7.5000   60.0000 2339.6426   10.6898
    0.0000    7.5000   60.0000 2360.8232   10.5684
    7.5000    7.5000   60.0000 2343.8438   10.6587
   -7.5000   15.0000   60.0000 2232.3149   11.4168
    0.0000   15.0000   60.0000 2251.2715   11.2799
    7.5000   15.0000   60.0000 2236.9695   11.3581
   -7.5000   22.5000   60.0000 2098.6162   12.3902
    0.0000   22.5000   60.0000 2119.7854   12.2699
    7.5000   22.5000   60.0000 2107.3608   12.3544
   -7.5000   30.0000   60.0000 1978.4923   13.6802
    0.0000   30.0000   60.0000 1994.2640   13.5706
    7.5000   30.0000   60.0000 1980.2788   13.6170

---------------------------------------------------------------------
imgreg_4dfp /opt/freesurfer/average/711-2C_as_mni_average_305 /opt/freesurfer/average/711-2B_as_mni_average_305_mask talsrcimg_g11 none talsrcimg_to_711-2C_as_mni_average_305_t4 1283
---------------------------------------------------------------------

freesurfer imgreg_4dfp.c
/opt/freesurfer/average/711-2C_as_mni_average_305.4dfp.img
       256       256       256         1
  1.000000  1.000000  1.000000
orientation T byte_order littleendian
Reading image: /opt/freesurfer/average/711-2C_as_mni_average_305.4dfp.img
dimensions:      256       256       256
mmppix:       1.0000   -1.0000   -1.0000
center:     128.0000 -129.0000 -129.0000
/opt/freesurfer/average/711-2B_as_mni_average_305_mask.4dfp.img
       256       256       256         1
  1.000000  1.000000  1.000000
orientation T byte_order littleendian
Reading mask: /opt/freesurfer/average/711-2B_as_mni_average_305_mask.4dfp.img (2306576 pixels)
talsrcimg_g11.4dfp.img
       256       256       256         1
  0.898438  0.898438  0.898438
orientation T byte_order littleendian
Reading image: talsrcimg_g11.4dfp.img
dimensions:      256       256       256
mmppix:       0.8984   -0.8984   -0.8984
center:     115.0001 -115.8985 -115.8985
rotation matrix determinant  1.000000
fimgreg.f
image alignment mode   1283 decimal      503 hex
parameters
    0.0000  -22.5000   15.0000    0.0000    0.0000    0.0000
eta,q 0.95194  7.97879
niter,ni,del,rscale     5    3   12.0000    1.2000
parameter  4 -0.624573 -> -0.500000 qaram    1.1500
parameters
   -0.3877  -21.8609   14.3489    3.4500    0.9652   -1.0471
eta,q 0.95409  7.82430
  0.0660  0.0616  0.0563  0.0556  0.0564  0.0494
  0.0558  0.0547  0.0523  0.0531  0.0527  0.0479
  0.0496  0.0502  0.0498  0.0519  0.0491  0.0463
  0.0490  0.0487  0.0490  0.0490  0.0465  0.0459
  0.0531  0.0501  0.0506  0.0465  0.0459  0.0474
  0.0601  0.0526  0.0549  0.0468  0.0478  0.0502
  0.0695  0.0564  0.0607  0.0488  0.0527  0.0529
niter,ni,del,rscale     5    3   12.0000    1.2000
parameters
   -0.7305  -23.2392   15.0296    3.8081    1.1080   -1.5016
eta,q 0.95705  7.84041
  0.0636  0.0553  0.0527  0.0534  0.0523  0.0488
  0.0536  0.0477  0.0485  0.0503  0.0485  0.0464
  0.0467  0.0433  0.0453  0.0457  0.0450  0.0441
  0.0459  0.0456  0.0432  0.0430  0.0429  0.0429
  0.0499  0.0526  0.0431  0.0443  0.0433  0.0443
  0.0572  0.0589  0.0454  0.0477  0.0467  0.0475
  0.0669  0.0643  0.0499  0.0526  0.0526  0.0512
niter,ni,del,rscale     4    3   12.0000    1.2000
parameters
   -0.8151  -23.3975   15.1618    3.9305    1.0689   -1.5794
eta,q 0.95716  7.84280
  0.0633  0.0606  0.0513  0.0530  0.0518  0.0496
  0.0528  0.0525  0.0475  0.0497  0.0480  0.0468
  0.0449  0.0451  0.0444  0.0450  0.0446  0.0444
  0.0430  0.0429  0.0428  0.0428  0.0428  0.0428
  0.0466  0.0476  0.0434  0.0444  0.0435  0.0437
  0.0539  0.0548  0.0463  0.0480  0.0472  0.0467
  0.0638  0.0610  0.0513  0.0532  0.0531  0.0504
niter,ni,del,rscale     3    3   12.0000    1.2000
parameters
   -0.8214  -23.4436   15.1984    3.9716    1.0494   -1.5899
eta,q 0.95718  7.84360
  0.0637  0.0612  0.0510  0.0529  0.0518  0.0497
  0.0531  0.0532  0.0473  0.0494  0.0480  0.0469
  0.0450  0.0455  0.0443  0.0448  0.0446  0.0445
  0.0428  0.0428  0.0428  0.0428  0.0428  0.0428
  0.0463  0.0471  0.0435  0.0445  0.0435  0.0436
  0.0534  0.0543  0.0465  0.0482  0.0471  0.0466
  0.0632  0.0607  0.0515  0.0535  0.0530  0.0503
registration optimization eta report
parameter search radius
    6.0000    6.0000    6.0000    6.9000    6.0000    6.0000
100000*second partial in parameter space
       56.       48.       23.       21.       26.       19.
  0.0637  0.0612  0.0510  0.0529  0.0518  0.0497
  0.0531  0.0532  0.0473  0.0494  0.0480  0.0469
  0.0450  0.0455  0.0443  0.0448  0.0446  0.0445
  0.0428  0.0428  0.0428  0.0428  0.0428  0.0428
  0.0463  0.0471  0.0435  0.0445  0.0435  0.0436
  0.0534  0.0543  0.0465  0.0482  0.0471  0.0466
  0.0632  0.0607  0.0515  0.0535  0.0530  0.0503
   -0.8214  -23.4436   15.1984    3.9716    1.0494   -1.5899
eta,q 0.95718  7.84360

---------------------------------------------------------------------
imgreg_4dfp /opt/freesurfer/average/711-2C_as_mni_average_305 /opt/freesurfer/average/711-2B_as_mni_average_305_mask talsrcimg_g11 none talsrcimg_to_711-2C_as_mni_average_305_t4 3335
---------------------------------------------------------------------

freesurfer imgreg_4dfp.c
/opt/freesurfer/average/711-2C_as_mni_average_305.4dfp.img
       256       256       256         1
  1.000000  1.000000  1.000000
orientation T byte_order littleendian
Reading image: /opt/freesurfer/average/711-2C_as_mni_average_305.4dfp.img
dimensions:      256       256       256
mmppix:       1.0000   -1.0000   -1.0000
center:     128.0000 -129.0000 -129.0000
/opt/freesurfer/average/711-2B_as_mni_average_305_mask.4dfp.img
       256       256       256         1
  1.000000  1.000000  1.000000
orientation T byte_order littleendian
Reading mask: /opt/freesurfer/average/711-2B_as_mni_average_305_mask.4dfp.img (2306576 pixels)
talsrcimg_g11.4dfp.img
       256       256       256         1
  0.898438  0.898438  0.898438
orientation T byte_order littleendian
Reading image: talsrcimg_g11.4dfp.img
dimensions:      256       256       256
mmppix:       0.8984   -0.8984   -0.8984
center:     115.0001 -115.8985 -115.8985
fimgreg.f
image alignment mode   3335 decimal      D07 hex
parameters
   -0.8214  -23.4436   15.1984   -0.0553   -0.2750   -0.2569
    2.6410   -2.0186   -2.7740   -6.8729    1.8315    6.9251
eta,q 0.95458  7.94541
niter,ni,del,rscale     5    3    5.0000    1.2000
parameter  4  0.693771 ->  0.500000 qaram    1.1500
parameter  5  1.467638 ->  0.500000 qaram    1.1500
parameter  6  1.475857 ->  0.500000 qaram    1.1500
parameter 12  1.370226 ->  0.500000 qaram    1.1500
parameters
   -0.8124  -23.3417   15.8763   -4.1953   -4.4150   -4.3969
    3.4166   -1.0770   -0.7935  -10.2165    2.1689    2.7851
eta,q 0.96448  7.44081
  0.0490  0.0488  0.0476  0.0441  0.0378  0.0374  0.0405  0.0431  0.0403  0.0380  0.0379  0.0351
  0.0471  0.0470  0.0466  0.0443  0.0394  0.0377  0.0391  0.0406  0.0391  0.0370  0.0373  0.0354
  0.0458  0.0459  0.0459  0.0446  0.0415  0.0386  0.0382  0.0387  0.0382  0.0369  0.0370  0.0360
  0.0454  0.0454  0.0454  0.0453  0.0444  0.0399  0.0379  0.0379  0.0378  0.0376  0.0368  0.0368
  0.0458  0.0457  0.0453  0.0465  0.0483  0.0416  0.0380  0.0380  0.0377  0.0391  0.0369  0.0377
  0.0470  0.0467  0.0455  0.0484  0.0530  0.0433  0.0386  0.0391  0.0379  0.0411  0.0372  0.0389
  0.0490  0.0483  0.0461  0.0513  0.0581  0.0452  0.0395  0.0410  0.0385  0.0436  0.0377  0.0403
niter,ni,del,rscale     7    3    5.0000    1.2000
parameter  5  0.845008 ->  0.500000 qaram    1.3225
parameters
   -0.7493  -22.8929   16.2869   -6.2856   -9.1760   -6.6532
    2.7387   -0.9678   -2.3169   -8.1839    2.3978   -0.5381
eta,q 0.96818  7.04434
  0.0392  0.0397  0.0380  0.0362  0.0322  0.0342  0.0346  0.0370  0.0336  0.0376  0.0334  0.0325
  0.0373  0.0377  0.0368  0.0354  0.0325  0.0331  0.0333  0.0347  0.0328  0.0352  0.0327  0.0319
  0.0360  0.0363  0.0359  0.0352  0.0336  0.0326  0.0326  0.0332  0.0324  0.0334  0.0323  0.0318
  0.0355  0.0355  0.0354  0.0353  0.0353  0.0327  0.0326  0.0325  0.0325  0.0324  0.0321  0.0321
  0.0358  0.0355  0.0354  0.0357  0.0378  0.0337  0.0331  0.0330  0.0330  0.0321  0.0322  0.0328
  0.0370  0.0361  0.0359  0.0367  0.0415  0.0356  0.0340  0.0345  0.0339  0.0326  0.0326  0.0338
  0.0389  0.0375  0.0367  0.0384  0.0464  0.0375  0.0353  0.0368  0.0351  0.0339  0.0332  0.0351
niter,ni,del,rscale     7    3    5.0000    1.2000
parameters
   -0.8570  -22.5637   16.0821   -7.4562  -12.7038   -6.1381
    2.3984   -0.7552   -2.5346   -6.4384    2.8235   -0.9064
eta,q 0.96927  6.84512
  0.0351  0.0358  0.0334  0.0334  0.0327  0.0344  0.0335  0.0357  0.0329  0.0353  0.0322  0.0323
  0.0332  0.0338  0.0324  0.0321  0.0316  0.0328  0.0320  0.0333  0.0318  0.0333  0.0315  0.0313
  0.0321  0.0325  0.0318  0.0315  0.0310  0.0317  0.0312  0.0317  0.0311  0.0319  0.0310  0.0308
  0.0318  0.0318  0.0317  0.0317  0.0316  0.0310  0.0310  0.0310  0.0310  0.0310  0.0307  0.0307
  0.0324  0.0319  0.0321  0.0323  0.0333  0.0311  0.0315  0.0315  0.0313  0.0308  0.0309  0.0310
  0.0337  0.0327  0.0329  0.0332  0.0358  0.0321  0.0325  0.0330  0.0320  0.0313  0.0313  0.0316
  0.0357  0.0341  0.0340  0.0344  0.0395  0.0339  0.0339  0.0352  0.0332  0.0326  0.0319  0.0325
niter,ni,del,rscale     6    3    5.0000    1.2000
parameters
   -0.8098  -22.0569   15.9760   -8.0736  -13.9583   -6.0262
    2.2412   -0.6500   -2.7213   -5.1404    2.8756   -1.5634
eta,q 0.96952  6.76759
  0.0346  0.0350  0.0324  0.0331  0.0332  0.0338  0.0333  0.0352  0.0325  0.0342  0.0319  0.0318
  0.0325  0.0329  0.0314  0.0315  0.0320  0.0323  0.0318  0.0329  0.0315  0.0325  0.0312  0.0310
  0.0312  0.0314  0.0308  0.0306  0.0310  0.0312  0.0309  0.0312  0.0308  0.0313  0.0307  0.0305
  0.0307  0.0307  0.0306  0.0306  0.0305  0.0306  0.0306  0.0306  0.0306  0.0306  0.0305  0.0305
  0.0311  0.0307  0.0309  0.0313  0.0311  0.0308  0.0311  0.0312  0.0309  0.0305  0.0307  0.0308
  0.0323  0.0313  0.0316  0.0323  0.0329  0.0319  0.0320  0.0327  0.0316  0.0311  0.0312  0.0314
  0.0343  0.0324  0.0327  0.0336  0.0356  0.0339  0.0334  0.0349  0.0327  0.0324  0.0318  0.0322
niter,ni,del,rscale     5    3    5.0000    1.2000
parameters
   -0.7588  -21.6065   15.7769   -8.4222  -14.8180   -6.0462
    2.1066   -0.5403   -2.7709   -3.8941    2.8611   -2.2140
eta,q 0.96970  6.71495
  0.0343  0.0342  0.0320  0.0332  0.0330  0.0335  0.0331  0.0350  0.0323  0.0338  0.0317  0.0316
  0.0323  0.0323  0.0311  0.0315  0.0318  0.0320  0.0316  0.0327  0.0313  0.0322  0.0310  0.0308
  0.0309  0.0310  0.0305  0.0305  0.0309  0.0310  0.0307  0.0311  0.0306  0.0311  0.0305  0.0304
  0.0305  0.0305  0.0304  0.0304  0.0304  0.0305  0.0305  0.0305  0.0305  0.0305  0.0303  0.0303
  0.0309  0.0305  0.0308  0.0311  0.0307  0.0307  0.0309  0.0311  0.0307  0.0304  0.0305  0.0306
  0.0321  0.0310  0.0315  0.0321  0.0322  0.0318  0.0319  0.0325  0.0313  0.0309  0.0310  0.0312
  0.0340  0.0321  0.0326  0.0334  0.0346  0.0338  0.0332  0.0347  0.0323  0.0322  0.0317  0.0320
niter,ni,del,rscale     4    3    5.0000    1.2000
parameters
   -0.7142  -21.1550   15.5633   -8.7017  -15.6434   -6.1362
    1.9649   -0.4434   -2.7176   -2.7263    2.8139   -2.7416
eta,q 0.96990  6.66634
  0.0341  0.0337  0.0317  0.0332  0.0327  0.0333  0.0329  0.0348  0.0322  0.0335  0.0315  0.0314
  0.0320  0.0320  0.0309  0.0315  0.0314  0.0318  0.0314  0.0325  0.0311  0.0320  0.0308  0.0307
  0.0308  0.0308  0.0303  0.0304  0.0306  0.0307  0.0305  0.0308  0.0305  0.0309  0.0303  0.0302
  0.0303  0.0303  0.0302  0.0302  0.0302  0.0303  0.0303  0.0303  0.0303  0.0303  0.0301  0.0301
  0.0307  0.0303  0.0306  0.0309  0.0305  0.0305  0.0307  0.0309  0.0305  0.0301  0.0303  0.0304
  0.0319  0.0308  0.0313  0.0320  0.0319  0.0316  0.0317  0.0323  0.0311  0.0307  0.0308  0.0309
  0.0338  0.0318  0.0324  0.0333  0.0342  0.0337  0.0330  0.0345  0.0321  0.0320  0.0315  0.0318
niter,ni,del,rscale     3    3    5.0000    1.2000
parameters
   -0.6777  -20.7380   15.3506   -8.9161  -16.3209   -6.2885
    1.8516   -0.3683   -2.5779   -1.8127    2.7404   -3.0830
eta,q 0.97004  6.62572
  0.0338  0.0334  0.0315  0.0331  0.0327  0.0330  0.0327  0.0346  0.0322  0.0332  0.0313  0.0313
  0.0318  0.0317  0.0307  0.0314  0.0313  0.0315  0.0313  0.0322  0.0310  0.0317  0.0306  0.0306
  0.0305  0.0306  0.0301  0.0303  0.0304  0.0305  0.0303  0.0306  0.0303  0.0307  0.0302  0.0301
  0.0301  0.0301  0.0300  0.0300  0.0300  0.0301  0.0301  0.0301  0.0301  0.0301  0.0300  0.0300
  0.0305  0.0301  0.0304  0.0307  0.0303  0.0303  0.0304  0.0307  0.0303  0.0300  0.0301  0.0302
  0.0317  0.0306  0.0311  0.0318  0.0316  0.0315  0.0314  0.0321  0.0310  0.0307  0.0306  0.0307
  0.0336  0.0317  0.0321  0.0332  0.0340  0.0335  0.0328  0.0343  0.0320  0.0321  0.0314  0.0315
niter,ni,del,rscale     2    3    5.0000    1.2000
parameters
   -0.6536  -20.4225   15.1776   -9.0317  -16.7482   -6.4822
    1.7709   -0.3201   -2.4394   -1.2138    2.6586   -3.2444
eta,q 0.97011  6.59921
  0.0336  0.0331  0.0314  0.0331  0.0328  0.0328  0.0326  0.0344  0.0322  0.0330  0.0312  0.0313
  0.0316  0.0315  0.0306  0.0314  0.0313  0.0314  0.0312  0.0321  0.0310  0.0315  0.0305  0.0305
  0.0304  0.0304  0.0301  0.0302  0.0304  0.0304  0.0302  0.0305  0.0302  0.0305  0.0301  0.0301
  0.0300  0.0300  0.0299  0.0299  0.0299  0.0299  0.0300  0.0300  0.0300  0.0300  0.0299  0.0299
  0.0304  0.0300  0.0302  0.0305  0.0301  0.0302  0.0303  0.0306  0.0302  0.0300  0.0300  0.0301
  0.0315  0.0306  0.0309  0.0316  0.0314  0.0314  0.0313  0.0320  0.0309  0.0307  0.0306  0.0306
  0.0334  0.0318  0.0319  0.0331  0.0337  0.0333  0.0327  0.0342  0.0320  0.0323  0.0313  0.0314
niter,ni,del,rscale     1    3    5.0000    1.2000
parameters
   -0.6374  -20.2213   15.0494   -9.0729  -16.9815   -6.6533
    1.7026   -0.2779   -2.3366   -0.8566    2.6063   -3.3295
eta,q 0.97012  6.58380
  0.0335  0.0328  0.0314  0.0331  0.0329  0.0327  0.0326  0.0343  0.0321  0.0328  0.0312  0.0313
  0.0315  0.0313  0.0306  0.0314  0.0314  0.0313  0.0311  0.0320  0.0309  0.0314  0.0305  0.0305
  0.0303  0.0303  0.0300  0.0302  0.0304  0.0303  0.0302  0.0304  0.0302  0.0304  0.0301  0.0301
  0.0299  0.0299  0.0299  0.0299  0.0299  0.0299  0.0299  0.0299  0.0299  0.0299  0.0299  0.0299
  0.0303  0.0301  0.0301  0.0304  0.0301  0.0301  0.0303  0.0305  0.0301  0.0300  0.0300  0.0301
  0.0315  0.0307  0.0308  0.0316  0.0313  0.0313  0.0312  0.0320  0.0309  0.0309  0.0305  0.0306
  0.0334  0.0319  0.0318  0.0330  0.0336  0.0332  0.0326  0.0342  0.0320  0.0324  0.0313  0.0313
registration optimization eta report
parameter search radius
    2.4000    2.4000    2.4000    8.2800    9.5220    8.2800
    7.2000    7.2000    7.2000    7.2000    7.2000    8.2800
100000*second partial in parameter space
       61.       43.       29.        5.        4.        4.
        5.        8.        4.        5.        3.        2.
  0.0335  0.0328  0.0314  0.0331  0.0329  0.0327  0.0326  0.0343  0.0321  0.0328  0.0312  0.0313
  0.0315  0.0313  0.0306  0.0314  0.0314  0.0313  0.0311  0.0320  0.0309  0.0314  0.0305  0.0305
  0.0303  0.0303  0.0300  0.0302  0.0304  0.0303  0.0302  0.0304  0.0302  0.0304  0.0301  0.0301
  0.0299  0.0299  0.0299  0.0299  0.0299  0.0299  0.0299  0.0299  0.0299  0.0299  0.0299  0.0299
  0.0303  0.0301  0.0301  0.0304  0.0301  0.0301  0.0303  0.0305  0.0301  0.0300  0.0300  0.0301
  0.0315  0.0307  0.0308  0.0316  0.0313  0.0313  0.0312  0.0320  0.0309  0.0309  0.0305  0.0306
  0.0334  0.0319  0.0318  0.0330  0.0336  0.0332  0.0326  0.0342  0.0320  0.0324  0.0313  0.0313
   -0.6374  -20.2213   15.0494   -9.0729  -16.9815   -6.6533
    1.7026   -0.2779   -2.3366   -0.8566    2.6063   -3.3295
eta,q 0.97012  6.58380

---------------------------------------------------------------------
imgreg_4dfp /opt/freesurfer/average/711-2C_as_mni_average_305 /opt/freesurfer/average/711-2B_as_mni_average_305_mask talsrcimg_g11 none talsrcimg_to_711-2C_as_mni_average_305_t4 2311
---------------------------------------------------------------------

freesurfer imgreg_4dfp.c
/opt/freesurfer/average/711-2C_as_mni_average_305.4dfp.img
       256       256       256         1
  1.000000  1.000000  1.000000
orientation T byte_order littleendian
Reading image: /opt/freesurfer/average/711-2C_as_mni_average_305.4dfp.img
dimensions:      256       256       256
mmppix:       1.0000   -1.0000   -1.0000
center:     128.0000 -129.0000 -129.0000
/opt/freesurfer/average/711-2B_as_mni_average_305_mask.4dfp.img
       256       256       256         1
  1.000000  1.000000  1.000000
orientation T byte_order littleendian
Reading mask: /opt/freesurfer/average/711-2B_as_mni_average_305_mask.4dfp.img (2306576 pixels)
talsrcimg_g11.4dfp.img
       256       256       256         1
  0.898438  0.898438  0.898438
orientation T byte_order littleendian
Reading image: talsrcimg_g11.4dfp.img
dimensions:      256       256       256
mmppix:       0.8984   -0.8984   -0.8984
center:     115.0001 -115.8985 -115.8985
fimgreg.f
image alignment mode   2311 decimal      907 hex
parameters
   -0.6374  -20.2213   15.0494   -9.0729  -16.9815   -6.6533
    1.7026   -0.2779   -2.3366   -0.8566    2.6063   -3.3295
eta,q 0.97012  6.58380
niter,ni,del,rscale     5    3    5.0000    0.8000
parameters
   -0.6304  -20.1189   14.9924   -9.2879  -16.2996   -6.3697
    1.6952   -0.3042   -2.2883   -0.5831    2.7674   -3.7989
eta,q 0.97019  6.60997
  0.0315  0.0311  0.0306  0.0310  0.0309  0.0310  0.0311  0.0320  0.0309  0.0313  0.0305  0.0302
  0.0306  0.0305  0.0302  0.0304  0.0304  0.0304  0.0304  0.0308  0.0303  0.0306  0.0301  0.0300
  0.0301  0.0300  0.0300  0.0300  0.0301  0.0300  0.0300  0.0300  0.0300  0.0301  0.0299  0.0299
  0.0299  0.0299  0.0299  0.0299  0.0299  0.0298  0.0298  0.0298  0.0298  0.0298  0.0298  0.0298
  0.0301  0.0300  0.0300  0.0301  0.0298  0.0299  0.0300  0.0301  0.0299  0.0299  0.0298  0.0299
  0.0306  0.0303  0.0302  0.0306  0.0300  0.0302  0.0304  0.0309  0.0303  0.0303  0.0300  0.0302
  0.0315  0.0308  0.0307  0.0312  0.0305  0.0308  0.0311  0.0320  0.0308  0.0310  0.0304  0.0305
niter,ni,del,rscale     4    3    5.0000    0.7000
parameters
   -0.6406  -20.1100   15.0143   -9.3703  -16.2290   -6.2624
    1.6954   -0.3432   -2.3127   -0.4774    2.8625   -3.9074
eta,q 0.97020  6.61348
  0.0310  0.0307  0.0304  0.0308  0.0305  0.0307  0.0308  0.0315  0.0306  0.0309  0.0303  0.0302
  0.0303  0.0302  0.0301  0.0302  0.0301  0.0302  0.0303  0.0305  0.0302  0.0304  0.0300  0.0300
  0.0299  0.0299  0.0299  0.0299  0.0299  0.0299  0.0299  0.0300  0.0299  0.0300  0.0299  0.0299
  0.0298  0.0298  0.0298  0.0298  0.0298  0.0298  0.0298  0.0298  0.0298  0.0298  0.0298  0.0298
  0.0300  0.0299  0.0299  0.0299  0.0298  0.0299  0.0299  0.0300  0.0299  0.0299  0.0298  0.0298
  0.0304  0.0302  0.0301  0.0303  0.0301  0.0301  0.0303  0.0306  0.0302  0.0302  0.0300  0.0300
  0.0311  0.0307  0.0304  0.0308  0.0305  0.0306  0.0308  0.0315  0.0306  0.0308  0.0303  0.0303
niter,ni,del,rscale     3    3    5.0000    0.6000
parameters
   -0.6483  -20.1057   15.0281   -9.3978  -16.1615   -6.1931
    1.7231   -0.3870   -2.3289   -0.4295    2.9546   -3.9304
eta,q 0.97021  6.61751
  0.0307  0.0304  0.0302  0.0305  0.0303  0.0304  0.0306  0.0310  0.0304  0.0306  0.0302  0.0301
  0.0302  0.0301  0.0300  0.0301  0.0300  0.0301  0.0301  0.0303  0.0301  0.0302  0.0300  0.0300
  0.0299  0.0299  0.0299  0.0299  0.0299  0.0299  0.0299  0.0299  0.0299  0.0299  0.0298  0.0298
  0.0298  0.0298  0.0298  0.0298  0.0298  0.0298  0.0298  0.0298  0.0298  0.0298  0.0298  0.0298
  0.0299  0.0299  0.0298  0.0299  0.0298  0.0298  0.0299  0.0300  0.0299  0.0299  0.0298  0.0298
  0.0302  0.0301  0.0300  0.0302  0.0300  0.0300  0.0301  0.0304  0.0301  0.0301  0.0299  0.0299
  0.0307  0.0304  0.0302  0.0306  0.0303  0.0304  0.0305  0.0311  0.0304  0.0306  0.0301  0.0301
niter,ni,del,rscale     2    3    5.0000    0.5000
parameters
   -0.6616  -20.1083   15.0425   -9.4149  -16.0979   -6.1404
    1.7547   -0.4271   -2.3449   -0.4080    3.0201   -3.9042
eta,q 0.97021  6.62133
  0.0304  0.0302  0.0301  0.0303  0.0301  0.0302  0.0303  0.0307  0.0302  0.0304  0.0300  0.0300
  0.0301  0.0300  0.0299  0.0300  0.0300  0.0300  0.0300  0.0302  0.0300  0.0301  0.0299  0.0299
  0.0299  0.0298  0.0298  0.0298  0.0298  0.0299  0.0299  0.0299  0.0298  0.0299  0.0298  0.0298
  0.0298  0.0298  0.0298  0.0298  0.0298  0.0298  0.0298  0.0298  0.0298  0.0298  0.0298  0.0298
  0.0299  0.0298  0.0298  0.0299  0.0298  0.0298  0.0298  0.0299  0.0298  0.0298  0.0298  0.0298
  0.0301  0.0300  0.0299  0.0300  0.0299  0.0300  0.0300  0.0302  0.0300  0.0300  0.0299  0.0299
  0.0304  0.0302  0.0301  0.0303  0.0301  0.0302  0.0303  0.0307  0.0302  0.0304  0.0300  0.0300
niter,ni,del,rscale     1    3    5.0000    0.4000
parameters
   -0.6686  -20.1187   15.0568   -9.4118  -16.0393   -6.1028
    1.7785   -0.4629   -2.3612   -0.4029    3.1153   -3.8609
eta,q 0.97021  6.62524
  0.0302  0.0301  0.0300  0.0301  0.0300  0.0301  0.0301  0.0304  0.0301  0.0302  0.0300  0.0300
  0.0300  0.0299  0.0299  0.0299  0.0299  0.0299  0.0300  0.0300  0.0299  0.0300  0.0299  0.0299
  0.0298  0.0298  0.0298  0.0298  0.0298  0.0298  0.0298  0.0298  0.0298  0.0298  0.0298  0.0298
  0.0298  0.0298  0.0298  0.0298  0.0298  0.0298  0.0298  0.0298  0.0298  0.0298  0.0298  0.0298
  0.0298  0.0298  0.0298  0.0298  0.0298  0.0298  0.0298  0.0299  0.0298  0.0298  0.0298  0.0298
  0.0300  0.0299  0.0299  0.0299  0.0299  0.0299  0.0299  0.0301  0.0299  0.0299  0.0298  0.0299
  0.0302  0.0301  0.0300  0.0301  0.0300  0.0301  0.0301  0.0304  0.0301  0.0302  0.0299  0.0300
registration optimization eta report
parameter search radius
    0.8000    0.8000    0.8000    2.4000    2.4000    2.4000
    2.4000    2.4000    2.4000    2.4000    2.4000    2.4000
100000*second partial in parameter space
       63.       45.       31.        6.        4.        5.
        6.       10.        5.        6.        3.        3.
  0.0302  0.0301  0.0300  0.0301  0.0300  0.0301  0.0301  0.0304  0.0301  0.0302  0.0300  0.0300
  0.0300  0.0299  0.0299  0.0299  0.0299  0.0299  0.0300  0.0300  0.0299  0.0300  0.0299  0.0299
  0.0298  0.0298  0.0298  0.0298  0.0298  0.0298  0.0298  0.0298  0.0298  0.0298  0.0298  0.0298
  0.0298  0.0298  0.0298  0.0298  0.0298  0.0298  0.0298  0.0298  0.0298  0.0298  0.0298  0.0298
  0.0298  0.0298  0.0298  0.0298  0.0298  0.0298  0.0298  0.0299  0.0298  0.0298  0.0298  0.0298
  0.0300  0.0299  0.0299  0.0299  0.0299  0.0299  0.0299  0.0301  0.0299  0.0299  0.0298  0.0299
  0.0302  0.0301  0.0300  0.0301  0.0300  0.0301  0.0301  0.0304  0.0301  0.0302  0.0299  0.0300
   -0.6686  -20.1187   15.0568   -9.4118  -16.0393   -6.1028
    1.7785   -0.4629   -2.3612   -0.4029    3.1153   -3.8609
eta,q 0.97021  6.62524

---------------------------------------------------------------------
imgreg_4dfp /opt/freesurfer/average/711-2C_as_mni_average_305 /opt/freesurfer/average/711-2B_as_mni_average_305_mask talsrcimg_g11 none talsrcimg_to_711-2C_as_mni_average_305_t4 2311
---------------------------------------------------------------------

freesurfer imgreg_4dfp.c
/opt/freesurfer/average/711-2C_as_mni_average_305.4dfp.img
       256       256       256         1
  1.000000  1.000000  1.000000
orientation T byte_order littleendian
Reading image: /opt/freesurfer/average/711-2C_as_mni_average_305.4dfp.img
dimensions:      256       256       256
mmppix:       1.0000   -1.0000   -1.0000
center:     128.0000 -129.0000 -129.0000
/opt/freesurfer/average/711-2B_as_mni_average_305_mask.4dfp.img
       256       256       256         1
  1.000000  1.000000  1.000000
orientation T byte_order littleendian
Reading mask: /opt/freesurfer/average/711-2B_as_mni_average_305_mask.4dfp.img (2306576 pixels)
talsrcimg_g11.4dfp.img
       256       256       256         1
  0.898438  0.898438  0.898438
orientation T byte_order littleendian
Reading image: talsrcimg_g11.4dfp.img
dimensions:      256       256       256
mmppix:       0.8984   -0.8984   -0.8984
center:     115.0001 -115.8985 -115.8985
fimgreg.f
image alignment mode   2311 decimal      907 hex
parameters
   -0.6686  -20.1187   15.0568   -9.4118  -16.0393   -6.1028
    1.7785   -0.4629   -2.3612   -0.4029    3.1153   -3.8609
eta,q 0.97021  6.62524
niter,ni,del,rscale     5    3    5.0000    0.8000
parameters
   -0.6739  -20.1193   15.0299   -9.3671  -16.3178   -6.2807
    1.7824   -0.4036   -2.4297   -0.5209    2.9150   -3.8913
eta,q 0.97020  6.60967
  0.0314  0.0309  0.0305  0.0311  0.0306  0.0308  0.0311  0.0320  0.0308  0.0311  0.0304  0.0303
  0.0305  0.0303  0.0301  0.0304  0.0302  0.0303  0.0304  0.0308  0.0302  0.0304  0.0301  0.0301
  0.0300  0.0299  0.0299  0.0299  0.0299  0.0299  0.0300  0.0300  0.0299  0.0300  0.0299  0.0299
  0.0298  0.0298  0.0298  0.0298  0.0298  0.0298  0.0298  0.0298  0.0298  0.0298  0.0298  0.0298
  0.0300  0.0299  0.0299  0.0299  0.0299  0.0299  0.0299  0.0301  0.0299  0.0299  0.0299  0.0299
  0.0305  0.0303  0.0302  0.0304  0.0302  0.0303  0.0304  0.0308  0.0303  0.0304  0.0301  0.0301
  0.0314  0.0309  0.0306  0.0310  0.0309  0.0310  0.0311  0.0319  0.0309  0.0313  0.0305  0.0304
niter,ni,del,rscale     4    3    5.0000    0.7000
parameters
   -0.6655  -20.1094   15.0263   -9.3837  -16.2250   -6.2378
    1.7687   -0.3911   -2.3687   -0.4691    2.9256   -3.9343
eta,q 0.97021  6.61404
  0.0311  0.0307  0.0304  0.0308  0.0305  0.0306  0.0308  0.0315  0.0306  0.0309  0.0303  0.0302
  0.0304  0.0302  0.0301  0.0303  0.0301  0.0302  0.0302  0.0306  0.0302  0.0303  0.0300  0.0300
  0.0299  0.0299  0.0299  0.0299  0.0299  0.0299  0.0299  0.0300  0.0299  0.0300  0.0299  0.0299
  0.0298  0.0298  0.0298  0.0298  0.0298  0.0298  0.0298  0.0298  0.0298  0.0298  0.0298  0.0298
  0.0299  0.0299  0.0299  0.0299  0.0298  0.0299  0.0299  0.0300  0.0299  0.0299  0.0298  0.0298
  0.0303  0.0302  0.0301  0.0303  0.0300  0.0301  0.0303  0.0306  0.0301  0.0302  0.0300  0.0300
  0.0310  0.0307  0.0304  0.0308  0.0305  0.0306  0.0308  0.0314  0.0306  0.0309  0.0303  0.0303
niter,ni,del,rscale     3    3    5.0000    0.6000
parameters
   -0.6652  -20.1070   15.0326   -9.4048  -16.1400   -6.1774
    1.7591   -0.4091   -2.3525   -0.4344    2.9644   -3.9294
eta,q 0.97021  6.61861
  0.0307  0.0304  0.0302  0.0305  0.0303  0.0304  0.0305  0.0311  0.0304  0.0306  0.0301  0.0301
  0.0302  0.0301  0.0300  0.0301  0.0300  0.0301  0.0301  0.0304  0.0301  0.0302  0.0300  0.0300
  0.0299  0.0299  0.0299  0.0299  0.0299  0.0299  0.0299  0.0299  0.0299  0.0299  0.0298  0.0299
  0.0298  0.0298  0.0298  0.0298  0.0298  0.0298  0.0298  0.0298  0.0298  0.0298  0.0298  0.0298
  0.0299  0.0299  0.0298  0.0299  0.0298  0.0298  0.0299  0.0300  0.0299  0.0299  0.0298  0.0298
  0.0302  0.0301  0.0300  0.0302  0.0300  0.0300  0.0301  0.0304  0.0301  0.0301  0.0299  0.0299
  0.0307  0.0304  0.0302  0.0306  0.0303  0.0304  0.0305  0.0310  0.0304  0.0306  0.0301  0.0301
niter,ni,del,rscale     2    3    5.0000    0.5000
parameters
   -0.6666  -20.1130   15.0468   -9.4175  -16.0824   -6.1343
    1.7705   -0.4368   -2.3557   -0.4099    3.0405   -3.9206
eta,q 0.97021  6.62209
  0.0304  0.0302  0.0301  0.0303  0.0301  0.0302  0.0303  0.0307  0.0302  0.0304  0.0300  0.0300
  0.0301  0.0300  0.0299  0.0300  0.0300  0.0300  0.0300  0.0302  0.0300  0.0301  0.0299  0.0299
  0.0299  0.0298  0.0298  0.0298  0.0298  0.0298  0.0299  0.0299  0.0298  0.0299  0.0298  0.0298
  0.0298  0.0298  0.0298  0.0298  0.0298  0.0298  0.0298  0.0298  0.0298  0.0298  0.0298  0.0298
  0.0299  0.0298  0.0298  0.0299  0.0298  0.0298  0.0298  0.0299  0.0298  0.0298  0.0298  0.0298
  0.0301  0.0300  0.0299  0.0300  0.0299  0.0300  0.0300  0.0302  0.0300  0.0300  0.0299  0.0299
  0.0304  0.0302  0.0301  0.0303  0.0301  0.0302  0.0303  0.0307  0.0302  0.0304  0.0300  0.0300
niter,ni,del,rscale     1    3    5.0000    0.4000
parameters
   -0.6732  -20.1189   15.0548   -9.4247  -16.0323   -6.0901
    1.7840   -0.4733   -2.3564   -0.4071    3.1070   -3.8549
eta,q 0.97021  6.62531
  0.0302  0.0301  0.0300  0.0301  0.0300  0.0301  0.0301  0.0304  0.0301  0.0302  0.0299  0.0300
  0.0300  0.0299  0.0299  0.0299  0.0299  0.0299  0.0299  0.0300  0.0299  0.0300  0.0299  0.0299
  0.0298  0.0298  0.0298  0.0298  0.0298  0.0298  0.0298  0.0298  0.0298  0.0298  0.0298  0.0298
  0.0298  0.0298  0.0298  0.0298  0.0298  0.0298  0.0298  0.0298  0.0298  0.0298  0.0298  0.0298
  0.0298  0.0298  0.0298  0.0298  0.0298  0.0298  0.0298  0.0299  0.0298  0.0298  0.0298  0.0298
  0.0300  0.0299  0.0299  0.0300  0.0299  0.0299  0.0299  0.0301  0.0299  0.0300  0.0298  0.0299
  0.0302  0.0301  0.0300  0.0301  0.0300  0.0301  0.0301  0.0304  0.0301  0.0302  0.0299  0.0300
registration optimization eta report
parameter search radius
    0.8000    0.8000    0.8000    2.4000    2.4000    2.4000
    2.4000    2.4000    2.4000    2.4000    2.4000    2.4000
100000*second partial in parameter space
       64.       45.       32.        6.        4.        5.
        6.       10.        5.        6.        3.        3.
  0.0302  0.0301  0.0300  0.0301  0.0300  0.0301  0.0301  0.0304  0.0301  0.0302  0.0299  0.0300
  0.0300  0.0299  0.0299  0.0299  0.0299  0.0299  0.0299  0.0300  0.0299  0.0300  0.0299  0.0299
  0.0298  0.0298  0.0298  0.0298  0.0298  0.0298  0.0298  0.0298  0.0298  0.0298  0.0298  0.0298
  0.0298  0.0298  0.0298  0.0298  0.0298  0.0298  0.0298  0.0298  0.0298  0.0298  0.0298  0.0298
  0.0298  0.0298  0.0298  0.0298  0.0298  0.0298  0.0298  0.0299  0.0298  0.0298  0.0298  0.0298
  0.0300  0.0299  0.0299  0.0300  0.0299  0.0299  0.0299  0.0301  0.0299  0.0300  0.0298  0.0299
  0.0302  0.0301  0.0300  0.0301  0.0300  0.0301  0.0301  0.0304  0.0301  0.0302  0.0299  0.0300
   -0.6732  -20.1189   15.0548   -9.4247  -16.0323   -6.0901
    1.7840   -0.4733   -2.3564   -0.4071    3.1070   -3.8549
eta,q 0.97021  6.62531

---------------------------------------------------------------------
compute_vox2vox talsrcimg talsrcimg_to_711-2C_as_mni_average_305_t4 /opt/freesurfer/average/711-2C_as_mni_average_305
---------------------------------------------------------------------

freesurfer compute_vox2vox.c
Reading: talsrcimg.4dfp.ifh
Reading: talsrcimg_to_711-2C_as_mni_average_305_t4
Reading: /opt/freesurfer/average/711-2C_as_mni_average_305.4dfp.ifh
Writing: talsrcimg_to_711-2C_as_mni_average_305_t4_vox2vox.txt

start time Thu Mar 12 20:47:38 CET 2026
end		time Thu Mar 12 20:49:03 CET 2026

mpr2mni305 success

avi2talxfm orig_nu.mgz /opt/freesurfer/average/mni305.cor.mgz talsrcimg_to_711-2C_as_mni_average_305_t4_vox2vox.txt transforms/talairach.auto.xfm
avi2talxfm done
mv -f /out/sourcedata/freesurfer/sub-v2s2x29058_ses-1/mri/talsrcimg_to_711-2C_as_mni_average_305_t4_vox2vox.txt /out/sourcedata/freesurfer/sub-v2s2x29058_ses-1/mri/transforms/talsrcimg_to_711-2C_as_mni_average_305_t4_vox2vox.txt
lta_convert --src orig_nu.mgz --trg /opt/freesurfer/average/mni305.cor.mgz --inxfm transforms/talairach.auto.xfm --outlta transforms/talairach.auto.xfm.lta --subject fsaverage
7.3.2

--src: orig_nu.mgz src image (geometry).
--trg: /opt/freesurfer/average/mni305.cor.mgz trg image (geometry).
--inmni: transforms/talairach.auto.xfm input MNI/XFM transform.
--outlta: transforms/talairach.auto.xfm.lta output LTA.
--s: fsaverage subject name
 LTA read, type : 1
 1.10326   0.00546  -0.02319  -1.57573;
-0.03524   1.06489   0.04964  -3.74245;
 0.03079   0.00532   1.19052  -9.48991;
 0.00000   0.00000   0.00000   1.00000;
setting subject to fsaverage
Writing  LTA to file transforms/talairach.auto.xfm.lta...
lta_convert successful.
 
 
Started at Thu Mar 12 20:47:37 CET 2026
Ended   at Thu Mar 12 20:49:03 CET 2026
talairach_avi done
