/out/sourcedata/freesurfer/sub-v2s2x29072_ses-1/mri
/opt/freesurfer/bin/talairach_avi
--i orig_nu.mgz --xfm transforms/talairach.auto.xfm
talairach_avi 7.3.2
Linux dna020 5.14.0-427.37.1.el9_4.x86_64 #1 SMP PREEMPT_DYNAMIC Fri Sep 13 12:41:50 EDT 2024 x86_64 x86_64 x86_64 GNU/Linux
Thu Mar 12 21:57:42 CET 2026
mri_convert orig_nu.mgz talsrcimg.img 
reading from orig_nu.mgz...
TR=0.00, TE=0.00, TI=0.00, flip angle=0.00
i_ras = (-1, 0, 0)
j_ras = (0, 0, -1)
k_ras = (0, 1, 0)
writing to talsrcimg.img...
Analyze Output Matrix
-0.89844   0.00000   0.00000   114.06226;
 0.00000   0.00000   0.89844  -125.87321;
 0.00000  -0.89844   0.00000   133.91713;
 0.00000   0.00000   0.00000   1.00000;
--------------------
INFO: set hdr.hist.orient to -1
mpr2mni305 talsrcimg
Thu Mar 12 21:57:43 CET 2026
/opt/freesurfer/bin/mpr2mni305 talsrcimg
mpr2mni305 7.3.2
target=711-2C_as_mni_average_305

---------------------------------------------------------------------
analyzeto4dfp talsrcimg -O0 -y
---------------------------------------------------------------------

freesurfer ifh2hdr.c
Thu Mar 12 21:57:43 2026
Writing: talsrcimg.4dfp.hdr
freesurfer analyzeto4dfp.c
Reading: talsrcimg.hdr
header size 348 bytes
hdr.dime.datatype	offset=70	value=2
hdr.dime.bitpix		offset=72	value=8
hdr.hist.orient		offset=252	value=-1
dimensionality     4
dimensions       256       256       256         1
Reading: talsrcimg.img
Writing: talsrcimg.4dfp.img
Writing: talsrcimg.4dfp.ifh
ifh2hdr talsrcimg -r0to255
ori=2

---------------------------------------------------------------------
gauss_4dfp talsrcimg 1.1
---------------------------------------------------------------------

freesurfer gauss_4dfp.c
Reading: talsrcimg.4dfp.img
Writing: talsrcimg_g11.4dfp.img
image dimensions 256 256 256 padded to 288 288 288
processing volume 1freesurfer ifh2hdr.c
Thu Mar 12 21:57:44 2026
Writing: talsrcimg_g11.4dfp.hdr

Writing: talsrcimg_g11.4dfp.ifh
including: talsrcimg.4dfp.img.rec in talsrcimg_g11.4dfp.img.rec

---------------------------------------------------------------------
imgreg_4dfp /opt/freesurfer/average/711-2C_as_mni_average_305 none talsrcimg_g11 none talsrcimg_to_711-2C_as_mni_average_305_t4 4355
---------------------------------------------------------------------

freesurfer imgreg_4dfp.c
/opt/freesurfer/average/711-2C_as_mni_average_305.4dfp.img
       256       256       256         1
  1.000000  1.000000  1.000000
orientation T byte_order littleendian
Reading image: /opt/freesurfer/average/711-2C_as_mni_average_305.4dfp.img
dimensions:      256       256       256
mmppix:       1.0000   -1.0000   -1.0000
center:     128.0000 -129.0000 -129.0000
talsrcimg_g11.4dfp.img
       256       256       256         1
  0.898438  0.898438  0.898438
orientation T byte_order littleendian
Reading image: talsrcimg_g11.4dfp.img
dimensions:      256       256       256
mmppix:       0.8984   -0.8984   -0.8984
center:     115.0001 -115.8985 -115.8985
t4_read: open error in t4_sub.f l:  41 t4_file(1:l)talsrcimg_to_711-2C_as_mni_average_305_t4 
t4_read: transform initialized to I4
rotation matrix determinant  1.000000
image alignment mode   4355 decimal     1103 hex
   -7.5000  -45.0000  -45.0000 6312.9922   10.0428
    0.0000  -45.0000  -45.0000 6325.5396   10.0503
    7.5000  -45.0000  -45.0000 5963.1611   10.0614
   -7.5000  -37.5000  -45.0000 6765.5044   10.6675
    0.0000  -37.5000  -45.0000 6774.0405   10.6766
    7.5000  -37.5000  -45.0000 6367.8911   10.6934
   -7.5000  -30.0000  -45.0000 7230.1704   10.9952
    0.0000  -30.0000  -45.0000 7240.9009   11.0052
    7.5000  -30.0000  -45.0000 6796.7285   11.0256
   -7.5000  -22.5000  -45.0000 7754.0791   10.9844
    0.0000  -22.5000  -45.0000 7776.4189   10.9937
    7.5000  -22.5000  -45.0000 7301.6118   11.0117
   -7.5000  -15.0000  -45.0000 8233.5986   10.9826
    0.0000  -15.0000  -45.0000 8240.5674   10.9904
    7.5000  -15.0000  -45.0000 7753.1035   11.0030
   -7.5000   -7.5000  -45.0000 8355.2793   10.9909
    0.0000   -7.5000  -45.0000 8364.9902   10.9982
    7.5000   -7.5000  -45.0000 7873.7158   11.0082
   -7.5000    0.0000  -45.0000 8464.4902   11.0021
    0.0000    0.0000  -45.0000 8480.3350   11.0103
    7.5000    0.0000  -45.0000 7981.6895   11.0224
   -7.5000    7.5000  -45.0000 8210.5742   11.0038
    0.0000    7.5000  -45.0000 8232.3213   11.0132
    7.5000    7.5000  -45.0000 7733.2393   11.0305
   -7.5000   15.0000  -45.0000 7988.5000   10.9952
    0.0000   15.0000  -45.0000 7986.4277   11.0052
    7.5000   15.0000  -45.0000 7492.0938   11.0256
   -7.5000   22.5000  -45.0000 7344.1958   10.8366
    0.0000   22.5000  -45.0000 7337.0439   10.8458
    7.5000   22.5000  -45.0000 6879.0571   10.8635
   -7.5000   30.0000  -45.0000 6746.5063   10.5459
    0.0000   30.0000  -45.0000 6734.8770   10.5534
    7.5000   30.0000  -45.0000 6296.2349   10.5655
   -7.5000   37.5000  -45.0000 6132.9102   10.2468
    0.0000   37.5000  -45.0000 6124.8408   10.2536
    7.5000   37.5000  -45.0000 5738.0049   10.2628
   -7.5000   45.0000  -45.0000 5586.4355   10.2071
    0.0000   45.0000  -45.0000 5582.2036   10.2162
    7.5000   45.0000  -45.0000 5230.9883   10.2273
   -7.5000  -45.0000  -37.5000 6890.8545   10.5381
    0.0000  -45.0000  -37.5000 6910.0688   10.5465
    7.5000  -45.0000  -37.5000 6495.4863   10.5552
   -7.5000  -37.5000  -37.5000 7364.6401   11.1995
    0.0000  -37.5000  -37.5000 7379.8296   11.2086
    7.5000  -37.5000  -37.5000 6939.1182   11.2218
   -7.5000  -30.0000  -37.5000 7867.7681   11.5293
    0.0000  -30.0000  -37.5000 7893.7651   11.5379
    7.5000  -30.0000  -37.5000 7405.1260   11.5536
   -7.5000  -22.5000  -37.5000 8440.0049   11.5235
    0.0000  -22.5000  -37.5000 8468.4814   11.5309
    7.5000  -22.5000  -37.5000 7956.7627   11.5442
   -7.5000  -15.0000  -37.5000 8947.7266   11.5209
    0.0000  -15.0000  -37.5000 8968.8545   11.5276
    7.5000  -15.0000  -37.5000 8444.4180   11.5368
   -7.5000   -7.5000  -37.5000 9053.9082   11.5234
    0.0000   -7.5000  -37.5000 9077.8037   11.5311
    7.5000   -7.5000  -37.5000 8559.3174   11.5386
   -7.5000    0.0000  -37.5000 9141.4102   11.5300
    0.0000    0.0000  -37.5000 9171.9980   11.5391
    7.5000    0.0000  -37.5000 8644.0547   11.5487
   -7.5000    7.5000  -37.5000 8855.3750   11.5323
    0.0000    7.5000  -37.5000 8859.9307   11.5416
    7.5000    7.5000  -37.5000 8351.7441   11.5552
   -7.5000   15.0000  -37.5000 8585.2686   11.5287
    0.0000   15.0000  -37.5000 8586.9883   11.5374
    7.5000   15.0000  -37.5000 8098.1030   11.5530
   -7.5000   22.5000  -37.5000 7887.4243   11.3694
    0.0000   22.5000  -37.5000 7884.6772   11.3767
    7.5000   22.5000  -37.5000 7428.7441   11.3898
   -7.5000   30.0000  -37.5000 7227.2788   11.0706
    0.0000   30.0000  -37.5000 7231.1943   11.0771
    7.5000   30.0000  -37.5000 6792.1245   11.0859
   -7.5000   37.5000  -37.5000 6576.1357   10.7529
    0.0000   37.5000  -37.5000 6556.8726   10.7603
    7.5000   37.5000  -37.5000 6168.1689   10.7672
   -7.5000   45.0000  -37.5000 5980.4565   10.6939
    0.0000   45.0000  -37.5000 5974.6050   10.7047
    7.5000   45.0000  -37.5000 5612.8086   10.7130
   -7.5000  -45.0000  -30.0000 7463.9258   10.9945
    0.0000  -45.0000  -30.0000 7474.8159   11.0150
    7.5000  -45.0000  -30.0000 7035.8340   11.0270
   -7.5000  -37.5000  -30.0000 7956.8711   11.6864
    0.0000  -37.5000  -30.0000 7969.2495   11.7073
    7.5000  -37.5000  -30.0000 7513.2368   11.7238
   -7.5000  -30.0000  -30.0000 8496.5176   12.0189
    0.0000  -30.0000  -30.0000 8515.1377   12.0382
    7.5000  -30.0000  -30.0000 8025.0415   12.0573
   -7.5000  -22.5000  -30.0000 9112.3506   12.0217
    0.0000  -22.5000  -30.0000 9145.7637   12.0391
    7.5000  -22.5000  -30.0000 8617.2021   12.0562
   -7.5000  -15.0000  -30.0000 9676.2490   12.0219
    0.0000  -15.0000  -30.0000 9697.9658   12.0398
    7.5000  -15.0000  -30.0000 9138.7529   12.0529
   -7.5000   -7.5000  -30.0000 9776.5811   12.0186
    0.0000   -7.5000  -30.0000 9806.0088   12.0390
    7.5000   -7.5000  -30.0000 9238.8984   12.0503
   -7.5000    0.0000  -30.0000 9847.9307   12.0169
    0.0000    0.0000  -30.0000 9871.0068   12.0392
    7.5000    0.0000  -30.0000 9321.5781   12.0523
   -7.5000    7.5000  -30.0000 9491.3691   12.0154
    0.0000    7.5000  -30.0000 9498.7061   12.0370
    7.5000    7.5000  -30.0000 8972.9814   12.0539
   -7.5000   15.0000  -30.0000 9196.2568   12.0173
    0.0000   15.0000  -30.0000 9204.6406   12.0365
    7.5000   15.0000  -30.0000 8712.4785   12.0556
   -7.5000   22.5000  -30.0000 8427.5801   11.8615
    0.0000   22.5000  -30.0000 8426.3076   11.8787
    7.5000   22.5000  -30.0000 7984.7808   11.8955
   -7.5000   30.0000  -30.0000 7720.4653   11.5605
    0.0000   30.0000  -30.0000 7717.9614   11.5777
    7.5000   30.0000  -30.0000 7301.3047   11.5903
   -7.5000   37.5000  -30.0000 7006.8076   11.2320
    0.0000   37.5000  -30.0000 6989.3652   11.2517
    7.5000   37.5000  -30.0000 6602.5791   11.2621
   -7.5000   45.0000  -30.0000 6357.3911   11.1598
    0.0000   45.0000  -30.0000 6340.9985   11.1838
    7.5000   45.0000  -30.0000 5972.9531   11.1948
   -7.5000  -45.0000  -22.5000 8046.7461   11.4396
    0.0000  -45.0000  -22.5000 8053.4263   11.4714
    7.5000  -45.0000  -22.5000 7586.4634   11.4883
   -7.5000  -37.5000  -22.5000 8577.1885   12.1641
    0.0000  -37.5000  -22.5000 8588.8291   12.1968
    7.5000  -37.5000  -22.5000 8098.8823   12.2200
   -7.5000  -30.0000  -22.5000 9153.5527   12.4971
    0.0000  -30.0000  -22.5000 9171.6719   12.5285
    7.5000  -30.0000  -22.5000 8660.6240   12.5563
   -7.5000  -22.5000  -22.5000 9827.4844   12.5038
    0.0000  -22.5000  -22.5000 9840.2891   12.5331
    7.5000  -22.5000  -22.5000 9285.5186   12.5595
   -7.5000  -15.0000  -22.500010416.3574   12.5061
    0.0000  -15.0000  -22.500010443.1289   12.5362
    7.5000  -15.0000  -22.5000 9842.8018   12.5573
   -7.5000   -7.5000  -22.500010517.2393   12.5016
    0.0000   -7.5000  -22.500010549.2197   12.5342
    7.5000   -7.5000  -22.5000 9934.6973   12.5516
   -7.5000    0.0000  -22.500010591.7178   12.4963
    0.0000    0.0000  -22.500010628.9150   12.5309
    7.5000    0.0000  -22.500010018.1357   12.5493
   -7.5000    7.5000  -22.500010162.6924   12.4910
    0.0000    7.5000  -22.500010181.0098   12.5246
    7.5000    7.5000  -22.5000 9607.3896   12.5484
   -7.5000   15.0000  -22.5000 9812.4365   12.4941
    0.0000   15.0000  -22.5000 9809.7568   12.5254
    7.5000   15.0000  -22.5000 9307.9521   12.5533
   -7.5000   22.5000  -22.5000 8981.9639   12.3383
    0.0000   22.5000  -22.5000 8969.6143   12.3673
    7.5000   22.5000  -22.5000 8541.4463   12.3933
   -7.5000   30.0000  -22.5000 8201.8711   12.0350
    0.0000   30.0000  -22.5000 8183.4390   12.0639
    7.5000   30.0000  -22.5000 7778.7534   12.0842
   -7.5000   37.5000  -22.5000 7417.1069   11.7002
    0.0000   37.5000  -22.5000 7400.6348   11.7316
    7.5000   37.5000  -22.5000 7007.7549   11.7476
   -7.5000   45.0000  -22.5000 6717.8135   11.6311
    0.0000   45.0000  -22.5000 6690.5107   11.6667
    7.5000   45.0000  -22.5000 6320.0742   11.6831
   -7.5000  -45.0000  -15.0000 8623.8633   11.8259
    0.0000  -45.0000  -15.0000 8639.4014   11.8569
    7.5000  -45.0000  -15.0000 8139.2212   11.8760
   -7.5000  -37.5000  -15.0000 9199.8975   12.5742
    0.0000  -37.5000  -15.0000 9199.9824   12.6071
    7.5000  -37.5000  -15.0000 8675.2100   12.6343
   -7.5000  -30.0000  -15.0000 9828.3057   12.9016
    0.0000  -30.0000  -15.0000 9836.6260   12.9346
    7.5000  -30.0000  -15.0000 9275.3311   12.9683
   -7.5000  -22.5000  -15.000010547.3203   12.9021
    0.0000  -22.5000  -15.000010555.6279   12.9339
    7.5000  -22.5000  -15.0000 9930.6162   12.9663
   -7.5000  -15.0000  -15.000011158.6035   12.9040
    0.0000  -15.0000  -15.000011183.9160   12.9356
    7.5000  -15.0000  -15.000010511.0840   12.9608
   -7.5000   -7.5000  -15.000011233.0654   12.9051
    0.0000   -7.5000  -15.000011282.3789   12.9377
    7.5000   -7.5000  -15.000010595.7158   12.9575
   -7.5000    0.0000  -15.000011335.4795   12.9058
    0.0000    0.0000  -15.000011383.6582   12.9395
    7.5000    0.0000  -15.000010683.7617   12.9602
   -7.5000    7.5000  -15.000010840.1094   12.8996
    0.0000    7.5000  -15.000010864.6885   12.9333
    7.5000    7.5000  -15.000010219.6182   12.9612
   -7.5000   15.0000  -15.000010453.0947   12.8976
    0.0000   15.0000  -15.000010434.6123   12.9306
    7.5000   15.0000  -15.0000 9893.2588   12.9643
   -7.5000   22.5000  -15.0000 9547.8643   12.7333
    0.0000   22.5000  -15.0000 9526.6025   12.7647
    7.5000   22.5000  -15.0000 9083.1973   12.7966
   -7.5000   30.0000  -15.0000 8676.6699   12.4271
    0.0000   30.0000  -15.0000 8650.4473   12.4576
    7.5000   30.0000  -15.0000 8251.6016   12.4819
   -7.5000   37.5000  -15.0000 7817.5977   12.0949
    0.0000   37.5000  -15.0000 7780.2178   12.1261
    7.5000   37.5000  -15.0000 7416.6631   12.1443
   -7.5000   45.0000  -15.0000 7050.0396   12.0399
    0.0000   45.0000  -15.0000 7028.3828   12.0739
    7.5000   45.0000  -15.0000 6678.0210   12.0932
   -7.5000  -45.0000   -7.5000 8951.7812   11.8251
    0.0000  -45.0000   -7.5000 8972.7471   11.8447
    7.5000  -45.0000   -7.5000 8434.5430   11.8617
   -7.5000  -37.5000   -7.5000 9515.1992   12.5750
    0.0000  -37.5000   -7.5000 9534.2969   12.5968
    7.5000  -37.5000   -7.5000 8974.1709   12.6220
   -7.5000  -30.0000   -7.500010168.9268   12.8959
    0.0000  -30.0000   -7.500010195.2363   12.9191
    7.5000  -30.0000   -7.5000 9585.8730   12.9505
   -7.5000  -22.5000   -7.500010952.9912   12.8876
    0.0000  -22.5000   -7.500010984.8926   12.9102
    7.5000  -22.5000   -7.500010288.7432   12.9396
   -7.5000  -15.0000   -7.500011614.1172   12.8877
    0.0000  -15.0000   -7.500011666.9570   12.9091
    7.5000  -15.0000   -7.500010887.7969   12.9310
   -7.5000   -7.5000   -7.500011666.5293   12.8958
    0.0000   -7.5000   -7.500011731.0977   12.9166
    7.5000   -7.5000   -7.500010956.7617   12.9334
   -7.5000    0.0000   -7.500011753.2666   12.9049
    0.0000    0.0000   -7.500011793.0078   12.9262
    7.5000    0.0000   -7.500011028.3545   12.9447
   -7.5000    7.5000   -7.500011175.6270   12.9004
    0.0000    7.5000   -7.500011188.3105   12.9227
    7.5000    7.5000   -7.500010503.7334   12.9487
   -7.5000   15.0000   -7.500010750.5156   12.8920
    0.0000   15.0000   -7.500010731.1533   12.9151
    7.5000   15.0000   -7.500010139.3545   12.9465
   -7.5000   22.5000   -7.5000 9819.9092   12.7190
    0.0000   22.5000   -7.5000 9803.1670   12.7414
    7.5000   22.5000   -7.5000 9295.0820   12.7704
   -7.5000   30.0000   -7.5000 8902.1211   12.4115
    0.0000   30.0000   -7.5000 8897.1514   12.4321
    7.5000   30.0000   -7.5000 8444.3164   12.4532
   -7.5000   37.5000   -7.5000 8001.9429   12.0857
    0.0000   37.5000   -7.5000 7979.9302   12.1055
    7.5000   37.5000   -7.5000 7584.2363   12.1209
   -7.5000   45.0000   -7.5000 7194.6421   12.0395
    0.0000   45.0000   -7.5000 7176.5645   12.0611
    7.5000   45.0000   -7.5000 6814.5850   12.0784
   -7.5000  -45.0000    0.0000 9046.4922   12.1400
    0.0000  -45.0000    0.0000 9063.8936   12.1485
    7.5000  -45.0000    0.0000 8525.4883   12.1612
   -7.5000  -37.5000    0.0000 9606.1709   12.9077
    0.0000  -37.5000    0.0000 9637.6260   12.9177
    7.5000  -37.5000    0.0000 9048.9697   12.9373
   -7.5000  -30.0000    0.000010350.2988   13.2274
    0.0000  -30.0000    0.000010369.7686   13.2384
    7.5000  -30.0000    0.0000 9711.7627   13.2623
   -7.5000  -22.5000    0.000011264.4580   13.2144
    0.0000  -22.5000    0.000011328.6953   13.2250
    7.5000  -22.5000    0.000010484.1973   13.2461
   -7.5000  -15.0000    0.000011966.6602   13.2121
    0.0000  -15.0000    0.000012093.1982   13.2212
    7.5000  -15.0000    0.000011081.8691   13.2360
   -7.5000   -7.5000    0.000011947.8789   13.2219
    0.0000   -7.5000    0.000012076.1045   13.2305
    7.5000   -7.5000    0.000011121.5000   13.2420
   -7.5000    0.0000    0.000011951.8672   13.2355
    0.0000    0.0000    0.000012045.2734   13.2447
    7.5000    0.0000    0.000011158.9287   13.2585
   -7.5000    7.5000    0.000011282.6553   13.2330
    0.0000    7.5000    0.000011329.5840   13.2433
    7.5000    7.5000    0.000010557.2549   13.2633
   -7.5000   15.0000    0.000010844.2090   13.2227
    0.0000   15.0000    0.000010867.2334   13.2338
    7.5000   15.0000    0.000010180.7891   13.2576
   -7.5000   22.5000    0.0000 9907.7979   13.0434
    0.0000   22.5000    0.0000 9932.4707   13.0538
    7.5000   22.5000    0.0000 9326.9658   13.0747
   -7.5000   30.0000    0.0000 9002.3770   12.7316
    0.0000   30.0000    0.0000 9005.5723   12.7403
    7.5000   30.0000    0.0000 8487.1602   12.7546
   -7.5000   37.5000    0.0000 8108.5200   12.4073
    0.0000   37.5000    0.0000 8094.5762   12.4153
    7.5000   37.5000    0.0000 7640.0620   12.4259
   -7.5000   45.0000    0.0000 7248.8354   12.3738
    0.0000   45.0000    0.0000 7236.8608   12.3840
    7.5000   45.0000    0.0000 6838.8213   12.3969
   -7.5000  -45.0000    7.5000 8798.6543   12.1591
    0.0000  -45.0000    7.5000 8819.5732   12.1687
    7.5000  -45.0000    7.5000 8294.7139   12.1788
   -7.5000  -37.5000    7.5000 9355.9043   12.9289
    0.0000  -37.5000    7.5000 9377.4580   12.9392
    7.5000  -37.5000    7.5000 8798.9492   12.9542
   -7.5000  -30.0000    7.500010181.2432   13.2549
    0.0000  -30.0000    7.500010189.5508   13.2646
    7.5000  -30.0000    7.5000 9464.4678   13.2823
   -7.5000  -22.5000    7.500011194.2617   13.2478
    0.0000  -22.5000    7.500011293.4980   13.2561
    7.5000  -22.5000    7.500010239.5615   13.2710
   -7.5000  -15.0000    7.500011890.2979   13.2449
    0.0000  -15.0000    7.500012069.2383   13.2526
    7.5000  -15.0000    7.500010840.5684   13.2629
   -7.5000   -7.5000    7.500011786.1846   13.2482
    0.0000   -7.5000    7.500011919.9648   13.2571
    7.5000   -7.5000    7.500010851.0801   13.2657
   -7.5000    0.0000    7.500011697.2471   13.2563
    0.0000    0.0000    7.500011785.4150   13.2667
    7.5000    0.0000    7.500010858.3330   13.2777
   -7.5000    7.5000    7.500010960.2686   13.2547
    0.0000    7.5000    7.500011022.6260   13.2653
    7.5000    7.5000    7.500010208.1816   13.2807
   -7.5000   15.0000    7.500010531.4336   13.2502
    0.0000   15.0000    7.500010569.7705   13.2599
    7.5000   15.0000    7.5000 9830.4414   13.2776
   -7.5000   22.5000    7.5000 9611.5156   13.0763
    0.0000   22.5000    7.5000 9633.8896   13.0846
    7.5000   22.5000    7.5000 9003.5625   13.0993
   -7.5000   30.0000    7.5000 8737.9131   12.7632
    0.0000   30.0000    7.5000 8730.1318   12.7706
    7.5000   30.0000    7.5000 8196.8818   12.7806
   -7.5000   37.5000    7.5000 7864.2598   12.4334
    0.0000   37.5000    7.5000 7857.7432   12.4420
    7.5000   37.5000    7.5000 7377.6538   12.4499
   -7.5000   45.0000    7.5000 7011.1626   12.3945
    0.0000   45.0000    7.5000 7012.8643   12.4069
    7.5000   45.0000    7.5000 6599.7139   12.4165
   -7.5000  -45.0000   15.0000 8840.0439   12.2025
    0.0000  -45.0000   15.0000 8886.7373   12.2251
    7.5000  -45.0000   15.0000 8276.7363   12.2383
   -7.5000  -37.5000   15.0000 9414.6934   12.9719
    0.0000  -37.5000   15.0000 9455.2354   12.9950
    7.5000  -37.5000   15.0000 8793.7041   13.0131
   -7.5000  -30.0000   15.000010142.4619   13.3062
    0.0000  -30.0000   15.000010185.8750   13.3274
    7.5000  -30.0000   15.0000 9413.7822   13.3484
   -7.5000  -22.5000   15.000011088.9541   13.3102
    0.0000  -22.5000   15.000011174.2188   13.3293
    7.5000  -22.5000   15.000010118.5273   13.3480
   -7.5000  -15.0000   15.000011863.5234   13.3106
    0.0000  -15.0000   15.000011953.6523   13.3302
    7.5000  -15.0000   15.000010736.8408   13.3446
   -7.5000   -7.5000   15.000011828.8281   13.3063
    0.0000   -7.5000   15.000011881.2852   13.3286
    7.5000   -7.5000   15.000010817.0811   13.3410
   -7.5000    0.0000   15.000011689.8350   13.3035
    0.0000    0.0000   15.000011726.8945   13.3281
    7.5000    0.0000   15.000010826.9102   13.3424
   -7.5000    7.5000   15.000010872.9297   13.2988
    0.0000    7.5000   15.000010914.0635   13.3225
    7.5000    7.5000   15.000010138.7939   13.3411
   -7.5000   15.0000   15.000010421.4600   13.3015
    0.0000   15.0000   15.000010468.0264   13.3227
    7.5000   15.0000   15.0000 9763.2402   13.3437
   -7.5000   22.5000   15.0000 9559.4795   13.1380
    0.0000   22.5000   15.0000 9589.5820   13.1568
    7.5000   22.5000   15.0000 8974.0557   13.1753
   -7.5000   30.0000   15.0000 8698.7969   12.8265
    0.0000   30.0000   15.0000 8719.9414   12.8454
    7.5000   30.0000   15.0000 8171.2612   12.8593
   -7.5000   37.5000   15.0000 7824.8784   12.4884
    0.0000   37.5000   15.0000 7834.6250   12.5102
    7.5000   37.5000   15.0000 7356.1436   12.5216
   -7.5000   45.0000   15.0000 6990.6055   12.4397
    0.0000   45.0000   15.0000 6988.2559   12.4663
    7.5000   45.0000   15.0000 6577.4541   12.4785
   -7.5000  -45.0000   22.5000 8361.0469   12.3574
    0.0000  -45.0000   22.5000 8404.3682   12.3922
    7.5000  -45.0000   22.5000 7862.9404   12.4105
   -7.5000  -37.5000   22.5000 8903.5439   13.1362
    0.0000  -37.5000   22.5000 8943.3281   13.1719
    7.5000  -37.5000   22.5000 8355.8184   13.1968
   -7.5000  -30.0000   22.5000 9509.7715   13.4790
    0.0000  -30.0000   22.5000 9572.3232   13.5132
    7.5000  -30.0000   22.5000 8918.5771   13.5431
   -7.5000  -22.5000   22.500010245.2744   13.4883
    0.0000  -22.5000   22.500010344.3096   13.5205
    7.5000  -22.5000   22.5000 9549.1826   13.5489
   -7.5000  -15.0000   22.500010891.5967   13.4891
    0.0000  -15.0000   22.500010992.3145   13.5222
    7.5000  -15.0000   22.500010122.9033   13.5450
   -7.5000   -7.5000   22.500011001.8926   13.4801
    0.0000   -7.5000   22.500011075.6992   13.5159
    7.5000   -7.5000   22.500010232.0518   13.5347
   -7.5000    0.0000   22.500011038.9082   13.4723
    0.0000    0.0000   22.500011096.3193   13.5101
    7.5000    0.0000   22.500010296.7070   13.5300
   -7.5000    7.5000   22.500010272.7676   13.4672
    0.0000    7.5000   22.500010324.4121   13.5038
    7.5000    7.5000   22.5000 9600.1543   13.5294
   -7.5000   15.0000   22.5000 9864.2100   13.4742
    0.0000   15.0000   22.5000 9894.7246   13.5084
    7.5000   15.0000   22.5000 9239.9268   13.5383
   -7.5000   22.5000   22.5000 9061.8740   13.3137
    0.0000   22.5000   22.5000 9072.8252   13.3455
    7.5000   22.5000   22.5000 8499.8555   13.3736
   -7.5000   30.0000   22.5000 8239.8789   12.9985
    0.0000   30.0000   22.5000 8250.9814   13.0304
    7.5000   30.0000   22.5000 7740.2427   13.0524
   -7.5000   37.5000   22.5000 7383.8594   12.6512
    0.0000   37.5000   22.5000 7384.1646   12.6858
    7.5000   37.5000   22.5000 6946.5762   12.7031
   -7.5000   45.0000   22.5000 6602.5273   12.5993
    0.0000   45.0000   22.5000 6602.2666   12.6384
    7.5000   45.0000   22.5000 6210.6865   12.6561
   -7.5000  -45.0000   30.0000 7828.7847   12.5001
    0.0000  -45.0000   30.0000 7849.0342   12.5342
    7.5000  -45.0000   30.0000 7404.2275   12.5535
   -7.5000  -37.5000   30.0000 8313.6201   13.2943
    0.0000  -37.5000   30.0000 8346.5645   13.3305
    7.5000  -37.5000   30.0000 7868.1475   13.3587
   -7.5000  -30.0000   30.0000 8876.7373   13.6426
    0.0000  -30.0000   30.0000 8914.8750   13.6794
    7.5000  -30.0000   30.0000 8385.1250   13.7150
   -7.5000  -22.5000   30.0000 9531.3291   13.6497
    0.0000  -22.5000   30.0000 9586.8760   13.6857
    7.5000  -22.5000   30.0000 8960.1084   13.7200
   -7.5000  -15.0000   30.000010111.1221   13.6498
    0.0000  -15.0000   30.000010174.6113   13.6857
    7.5000  -15.0000   30.0000 9495.5547   13.7120
   -7.5000   -7.5000   30.000010214.7305   13.6421
    0.0000   -7.5000   30.000010263.2910   13.6785
    7.5000   -7.5000   30.0000 9585.7480   13.6985
   -7.5000    0.0000   30.000010283.7656   13.6360
    0.0000    0.0000   30.000010318.0645   13.6731
    7.5000    0.0000   30.0000 9665.1758   13.6940
   -7.5000    7.5000   30.0000 9625.9229   13.6316
    0.0000    7.5000   30.0000 9657.7109   13.6687
    7.5000    7.5000   30.0000 9039.5439   13.6977
   -7.5000   15.0000   30.0000 9262.6406   13.6378
    0.0000   15.0000   30.0000 9284.9482   13.6745
    7.5000   15.0000   30.0000 8687.1719   13.7101
   -7.5000   22.5000   30.0000 8492.7930   13.4719
    0.0000   22.5000   30.0000 8500.1514   13.5074
    7.5000   22.5000   30.0000 7967.8687   13.5412
   -7.5000   30.0000   30.0000 7708.5908   13.1594
    0.0000   30.0000   30.0000 7716.7788   13.1940
    7.5000   30.0000   30.0000 7247.5054   13.2193
   -7.5000   37.5000   30.0000 6895.5991   12.8146
    0.0000   37.5000   30.0000 6892.3823   12.8495
    7.5000   37.5000   30.0000 6488.1460   12.8678
   -7.5000   45.0000   30.0000 6172.1636   12.7708
    0.0000   45.0000   30.0000 6160.4565   12.8084
    7.5000   45.0000   30.0000 5800.9722   12.8279
   -7.5000  -45.0000   37.5000 7308.6641   12.5687
    0.0000  -45.0000   37.5000 7337.3936   12.5895
    7.5000  -45.0000   37.5000 6937.6821   12.6039
   -7.5000  -37.5000   37.5000 7761.4473   13.3704
    0.0000  -37.5000   37.5000 7792.6729   13.3944
    7.5000  -37.5000   37.5000 7359.9600   13.4182
   -7.5000  -30.0000   37.5000 8282.5625   13.7069
    0.0000  -30.0000   37.5000 8311.0488   13.7340
    7.5000  -30.0000   37.5000 7816.6064   13.7652
   -7.5000  -22.5000   37.5000 8887.3496   13.7072
    0.0000  -22.5000   37.5000 8916.0498   13.7345
    7.5000  -22.5000   37.5000 8369.8906   13.7640
   -7.5000  -15.0000   37.5000 9413.8057   13.7072
    0.0000  -15.0000   37.5000 9449.6523   13.7323
    7.5000  -15.0000   37.5000 8855.9570   13.7530
   -7.5000   -7.5000   37.5000 9515.1328   13.7056
    0.0000   -7.5000   37.5000 9557.4385   13.7285
    7.5000   -7.5000   37.5000 8938.2520   13.7426
   -7.5000    0.0000   37.5000 9573.3379   13.7055
    0.0000    0.0000   37.5000 9600.3691   13.7280
    7.5000    0.0000   37.5000 8997.6191   13.7437
   -7.5000    7.5000   37.5000 8956.4287   13.7012
    0.0000    7.5000   37.5000 8967.6719   13.7258
    7.5000    7.5000   37.5000 8426.4404   13.7502
   -7.5000   15.0000   37.5000 8657.6172   13.7019
    0.0000   15.0000   37.5000 8659.3662   13.7290
    7.5000   15.0000   37.5000 8140.7383   13.7602
   -7.5000   22.5000   37.5000 7938.8545   13.5262
    0.0000   22.5000   37.5000 7935.2178   13.5532
    7.5000   22.5000   37.5000 7470.2554   13.5823
   -7.5000   30.0000   37.5000 7216.5244   13.2146
    0.0000   30.0000   37.5000 7210.8384   13.2388
    7.5000   30.0000   37.5000 6786.4092   13.2588
   -7.5000   37.5000   37.5000 6451.5659   12.8750
    0.0000   37.5000   37.5000 6443.4883   12.8968
    7.5000   37.5000   37.5000 6071.5254   12.9096
   -7.5000   45.0000   37.5000 5778.0288   12.8386
    0.0000   45.0000   37.5000 5753.7515   12.8617
    7.5000   45.0000   37.5000 5425.8379   12.8763
   -7.5000  -45.0000   45.0000 6789.1675   12.6880
    0.0000  -45.0000   45.0000 6816.5200   12.7025
    7.5000  -45.0000   45.0000 6450.2520   12.7116
   -7.5000  -37.5000   45.0000 7201.3501   13.4981
    0.0000  -37.5000   45.0000 7237.1187   13.5151
    7.5000  -37.5000   45.0000 6839.3828   13.5326
   -7.5000  -30.0000   45.0000 7675.8911   13.8234
    0.0000  -30.0000   45.0000 7715.5205   13.8434
    7.5000  -30.0000   45.0000 7258.3320   13.8679
   -7.5000  -22.5000   45.0000 8210.9102   13.8216
    0.0000  -22.5000   45.0000 8245.8164   13.8426
    7.5000  -22.5000   45.0000 7765.3755   13.8656
   -7.5000  -15.0000   45.0000 8693.0938   13.8218
    0.0000  -15.0000   45.0000 8722.3066   13.8406
    7.5000  -15.0000   45.0000 8213.8936   13.8556
   -7.5000   -7.5000   45.0000 8798.3623   13.8218
    0.0000   -7.5000   45.0000 8835.2393   13.8382
    7.5000   -7.5000   45.0000 8298.6279   13.8471
   -7.5000    0.0000   45.0000 8877.9805   13.8233
    0.0000    0.0000   45.0000 8885.6650   13.8390
    7.5000    0.0000   45.0000 8352.4072   13.8489
   -7.5000    7.5000   45.0000 8307.9395   13.8188
    0.0000    7.5000   45.0000 8298.5742   13.8362
    7.5000    7.5000   45.0000 7815.3882   13.8541
   -7.5000   15.0000   45.0000 8035.7974   13.8183
    0.0000   15.0000   45.0000 8025.4507   13.8383
    7.5000   15.0000   45.0000 7550.9224   13.8627
   -7.5000   22.5000   45.0000 7377.7988   13.6374
    0.0000   22.5000   45.0000 7378.1055   13.6580
    7.5000   22.5000   45.0000 6941.0776   13.6808
   -7.5000   30.0000   45.0000 6708.5977   13.3238
    0.0000   30.0000   45.0000 6715.4580   13.3419
    7.5000   30.0000   45.0000 6316.3628   13.3564
   -7.5000   37.5000   45.0000 6008.6470   12.9834
    0.0000   37.5000   45.0000 6015.3623   12.9989
    7.5000   37.5000   45.0000 5652.0679   13.0069
   -7.5000   45.0000   45.0000 5376.5430   12.9439
    0.0000   45.0000   45.0000 5371.5371   12.9608
    7.5000   45.0000   45.0000 5047.2065   12.9703

---------------------------------------------------------------------
imgreg_4dfp /opt/freesurfer/average/711-2C_as_mni_average_305 /opt/freesurfer/average/711-2B_as_mni_average_305_mask talsrcimg_g11 none talsrcimg_to_711-2C_as_mni_average_305_t4 4355
---------------------------------------------------------------------

freesurfer imgreg_4dfp.c
/opt/freesurfer/average/711-2C_as_mni_average_305.4dfp.img
       256       256       256         1
  1.000000  1.000000  1.000000
orientation T byte_order littleendian
Reading image: /opt/freesurfer/average/711-2C_as_mni_average_305.4dfp.img
dimensions:      256       256       256
mmppix:       1.0000   -1.0000   -1.0000
center:     128.0000 -129.0000 -129.0000
/opt/freesurfer/average/711-2B_as_mni_average_305_mask.4dfp.img
       256       256       256         1
  1.000000  1.000000  1.000000
orientation T byte_order littleendian
Reading mask: /opt/freesurfer/average/711-2B_as_mni_average_305_mask.4dfp.img (2306576 pixels)
talsrcimg_g11.4dfp.img
       256       256       256         1
  0.898438  0.898438  0.898438
orientation T byte_order littleendian
Reading image: talsrcimg_g11.4dfp.img
dimensions:      256       256       256
mmppix:       0.8984   -0.8984   -0.8984
center:     115.0001 -115.8985 -115.8985
rotation matrix determinant  1.000000
image alignment mode   4355 decimal     1103 hex
   -7.5000  -60.0000  -45.0000 1848.7111   14.5483
    0.0000  -60.0000  -45.0000 1846.5068   14.5150
    7.5000  -60.0000  -45.0000 1833.1295   14.6745
   -7.5000  -52.5000  -45.0000 1933.7899   13.1783
    0.0000  -52.5000  -45.0000 1935.1714   13.1572
    7.5000  -52.5000  -45.0000 1915.8451   13.3273
   -7.5000  -45.0000  -45.0000 2033.0330   12.3213
    0.0000  -45.0000  -45.0000 2033.5426   12.3058
    7.5000  -45.0000  -45.0000 2013.0892   12.4891
   -7.5000  -37.5000  -45.0000 2090.5029   11.6842
    0.0000  -37.5000  -45.0000 2092.4910   11.6516
    7.5000  -37.5000  -45.0000 2061.6689   11.8089
   -7.5000  -30.0000  -45.0000 2125.6858   11.1773
    0.0000  -30.0000  -45.0000 2129.3738   11.1354
    7.5000  -30.0000  -45.0000 2098.0879   11.2852
   -7.5000  -22.5000  -45.0000 2138.3733   10.7920
    0.0000  -22.5000  -45.0000 2142.6738   10.7497
    7.5000  -22.5000  -45.0000 2112.8831   10.9170
   -7.5000  -15.0000  -45.0000 2137.4041   10.6019
    0.0000  -15.0000  -45.0000 2139.7654   10.5740
    7.5000  -15.0000  -45.0000 2111.8157   10.7438
   -7.5000   -7.5000  -45.0000 2120.9138   10.6665
    0.0000   -7.5000  -45.0000 2123.1821   10.6178
    7.5000   -7.5000  -45.0000 2097.3799   10.8151
   -7.5000    0.0000  -45.0000 2098.3416   10.8876
    0.0000    0.0000  -45.0000 2101.4863   10.8714
    7.5000    0.0000  -45.0000 2078.3896   11.0690
   -7.5000    7.5000  -45.0000 2063.9858   11.3737
    0.0000    7.5000  -45.0000 2071.4087   11.3735
    7.5000    7.5000  -45.0000 2045.4575   11.5760
   -7.5000   15.0000  -45.0000 2017.3030   12.1149
    0.0000   15.0000  -45.0000 2024.4539   12.1115
    7.5000   15.0000  -45.0000 1996.1562   12.3508
   -7.5000   22.5000  -45.0000 1954.6317   13.1461
    0.0000   22.5000  -45.0000 1958.7471   13.1221
    7.5000   22.5000  -45.0000 1926.9923   13.3745
   -7.5000   30.0000  -45.0000 1868.6608   14.3979
    0.0000   30.0000  -45.0000 1872.3254   14.4206
    7.5000   30.0000  -45.0000 1833.8784   14.6956
   -7.5000  -60.0000  -37.5000 1983.9131   14.3547
    0.0000  -60.0000  -37.5000 1985.9900   14.2953
    7.5000  -60.0000  -37.5000 1969.8477   14.4419
   -7.5000  -52.5000  -37.5000 2090.0999   12.9873
    0.0000  -52.5000  -37.5000 2091.3408   12.9482
    7.5000  -52.5000  -37.5000 2067.7458   13.1118
   -7.5000  -45.0000  -37.5000 2197.8694   12.1238
    0.0000  -45.0000  -37.5000 2199.6772   12.0890
    7.5000  -45.0000  -37.5000 2171.9272   12.2590
   -7.5000  -37.5000  -37.5000 2256.6174   11.4595
    0.0000  -37.5000  -37.5000 2261.2539   11.4256
    7.5000  -37.5000  -37.5000 2228.9946   11.5691
   -7.5000  -30.0000  -37.5000 2294.2075   10.9457
    0.0000  -30.0000  -37.5000 2298.4065   10.9053
    7.5000  -30.0000  -37.5000 2262.2217   11.0478
   -7.5000  -22.5000  -37.5000 2315.8115   10.5651
    0.0000  -22.5000  -37.5000 2322.8184   10.5388
    7.5000  -22.5000  -37.5000 2288.8423   10.6553
   -7.5000  -15.0000  -37.5000 2320.1062   10.3709
    0.0000  -15.0000  -37.5000 2320.5098   10.3228
    7.5000  -15.0000  -37.5000 2293.4756   10.4662
   -7.5000   -7.5000  -37.5000 2299.7422   10.4133
    0.0000   -7.5000  -37.5000 2304.4438   10.3892
    7.5000   -7.5000  -37.5000 2274.4817   10.5557
   -7.5000    0.0000  -37.5000 2271.9436   10.6204
    0.0000    0.0000  -37.5000 2279.9624   10.6258
    7.5000    0.0000  -37.5000 2252.7236   10.8009
   -7.5000    7.5000  -37.5000 2240.6174   11.0780
    0.0000    7.5000  -37.5000 2242.6931   11.0870
    7.5000    7.5000  -37.5000 2217.4780   11.2637
   -7.5000   15.0000  -37.5000 2187.3633   11.8019
    0.0000   15.0000  -37.5000 2191.8945   11.8083
    7.5000   15.0000  -37.5000 2163.1689   12.0048
   -7.5000   22.5000  -37.5000 2118.3435   12.7893
    0.0000   22.5000  -37.5000 2122.0925   12.7801
    7.5000   22.5000  -37.5000 2090.3147   12.9972
   -7.5000   30.0000  -37.5000 2024.4493   14.0057
    0.0000   30.0000  -37.5000 2031.0250   14.0214
    7.5000   30.0000  -37.5000 1993.0592   14.2644
   -7.5000  -60.0000  -30.0000 2107.1633   14.0602
    0.0000  -60.0000  -30.0000 2114.7102   13.9649
    7.5000  -60.0000  -30.0000 2092.2212   14.1363
   -7.5000  -52.5000  -30.0000 2219.7402   12.6805
    0.0000  -52.5000  -30.0000 2224.6724   12.6229
    7.5000  -52.5000  -30.0000 2196.5391   12.8170
   -7.5000  -45.0000  -30.0000 2337.3284   11.7979
    0.0000  -45.0000  -30.0000 2341.7148   11.7663
    7.5000  -45.0000  -30.0000 2307.4080   11.9413
   -7.5000  -37.5000  -30.0000 2401.8113   11.0805
    0.0000  -37.5000  -30.0000 2405.5530   11.0467
    7.5000  -37.5000  -30.0000 2375.1064   11.2202
   -7.5000  -30.0000  -30.0000 2443.5535   10.5663
    0.0000  -30.0000  -30.0000 2448.9841   10.5376
    7.5000  -30.0000  -30.0000 2416.7329   10.7178
   -7.5000  -22.5000  -30.0000 2472.5249   10.1845
    0.0000  -22.5000  -30.0000 2480.1345   10.1585
    7.5000  -22.5000  -30.0000 2447.4431   10.3288
   -7.5000  -15.0000  -30.0000 2486.0217    9.9912
    0.0000  -15.0000  -30.0000 2489.5640    9.9644
    7.5000  -15.0000  -30.0000 2459.1299   10.1150
   -7.5000   -7.5000  -30.0000 2472.9250   10.0395
    0.0000   -7.5000  -30.0000 2481.3210   10.0137
    7.5000   -7.5000  -30.0000 2448.0981   10.1770
   -7.5000    0.0000  -30.0000 2449.2783   10.2694
    0.0000    0.0000  -30.0000 2455.5425   10.2693
    7.5000    0.0000  -30.0000 2422.3596   10.4325
   -7.5000    7.5000  -30.0000 2411.3176   10.7393
    0.0000    7.5000  -30.0000 2417.2156   10.7355
    7.5000    7.5000  -30.0000 2377.5684   10.9202
   -7.5000   15.0000  -30.0000 2353.8027   11.4393
    0.0000   15.0000  -30.0000 2359.4277   11.4426
    7.5000   15.0000  -30.0000 2320.2690   11.6159
   -7.5000   22.5000  -30.0000 2273.1172   12.3875
    0.0000   22.5000  -30.0000 2278.4268   12.3779
    7.5000   22.5000  -30.0000 2238.4160   12.5819
   -7.5000   30.0000  -30.0000 2172.5466   13.6171
    0.0000   30.0000  -30.0000 2177.3127   13.6044
    7.5000   30.0000  -30.0000 2138.9568   13.8254
   -7.5000  -60.0000  -22.5000 2208.1809   13.5460
    0.0000  -60.0000  -22.5000 2214.7893   13.5041
    7.5000  -60.0000  -22.5000 2192.7366   13.6685
   -7.5000  -52.5000  -22.5000 2330.5640   12.1746
    0.0000  -52.5000  -22.5000 2335.9966   12.1890
    7.5000  -52.5000  -22.5000 2304.4351   12.3423
   -7.5000  -45.0000  -22.5000 2453.7837   11.3193
    0.0000  -45.0000  -22.5000 2456.6199   11.3197
    7.5000  -45.0000  -22.5000 2421.5637   11.4804
   -7.5000  -37.5000  -22.5000 2526.2139   10.5911
    0.0000  -37.5000  -22.5000 2529.8455   10.5730
    7.5000  -37.5000  -22.5000 2499.9810   10.7409
   -7.5000  -30.0000  -22.5000 2573.6108   10.0659
    0.0000  -30.0000  -22.5000 2581.9585   10.0576
    7.5000  -30.0000  -22.5000 2552.8589   10.2311
   -7.5000  -22.5000  -22.5000 2612.1226    9.7059
    0.0000  -22.5000  -22.5000 2621.0898    9.6842
    7.5000  -22.5000  -22.5000 2587.7244    9.8667
   -7.5000  -15.0000  -22.5000 2633.0671    9.5041
    0.0000  -15.0000  -22.5000 2640.4011    9.4866
    7.5000  -15.0000  -22.5000 2605.1658    9.6572
   -7.5000   -7.5000  -22.5000 2634.5020    9.5235
    0.0000   -7.5000  -22.5000 2643.8613    9.5179
    7.5000   -7.5000  -22.5000 2603.8667    9.7063
   -7.5000    0.0000  -22.5000 2612.9395    9.7905
    0.0000    0.0000  -22.5000 2624.6484    9.7747
    7.5000    0.0000  -22.5000 2580.6726    9.9721
   -7.5000    7.5000  -22.5000 2570.3059   10.2911
    0.0000    7.5000  -22.5000 2576.1736   10.2862
    7.5000    7.5000  -22.5000 2529.7732   10.4619
   -7.5000   15.0000  -22.5000 2497.2366   10.9773
    0.0000   15.0000  -22.5000 2501.8655   10.9585
    7.5000   15.0000  -22.5000 2460.2615   11.1384
   -7.5000   22.5000  -22.5000 2404.7646   11.8806
    0.0000   22.5000  -22.5000 2411.4812   11.8695
    7.5000   22.5000  -22.5000 2371.0845   12.0759
   -7.5000   30.0000  -22.5000 2299.2500   13.1094
    0.0000   30.0000  -22.5000 2301.0996   13.0895
    7.5000   30.0000  -22.5000 2261.4697   13.2963
   -7.5000  -60.0000  -15.0000 2279.8730   12.9809
    0.0000  -60.0000  -15.0000 2288.1975   12.9402
    7.5000  -60.0000  -15.0000 2271.1741   13.1462
   -7.5000  -52.5000  -15.0000 2404.9980   11.6591
    0.0000  -52.5000  -15.0000 2413.3611   11.6726
    7.5000  -52.5000  -15.0000 2384.3718   11.8361
   -7.5000  -45.0000  -15.0000 2536.6260   10.7902
    0.0000  -45.0000  -15.0000 2542.0623   10.7949
    7.5000  -45.0000  -15.0000 2508.4861   10.9640
   -7.5000  -37.5000  -15.0000 2621.6765   10.0466
    0.0000  -37.5000  -15.0000 2625.2793   10.0463
    7.5000  -37.5000  -15.0000 2593.7942   10.2178
   -7.5000  -30.0000  -15.0000 2681.7017    9.5324
    0.0000  -30.0000  -15.0000 2688.2280    9.5181
    7.5000  -30.0000  -15.0000 2659.1033    9.6946
   -7.5000  -22.5000  -15.0000 2733.5227    9.1825
    0.0000  -22.5000  -15.0000 2741.3840    9.1665
    7.5000  -22.5000  -15.0000 2703.2539    9.3334
   -7.5000  -15.0000  -15.0000 2757.8137    8.9853
    0.0000  -15.0000  -15.0000 2768.7832    8.9680
    7.5000  -15.0000  -15.0000 2725.5146    9.1533
   -7.5000   -7.5000  -15.0000 2760.6177    8.9942
    0.0000   -7.5000  -15.0000 2774.9563    8.9768
    7.5000   -7.5000  -15.0000 2728.1653    9.1967
   -7.5000    0.0000  -15.0000 2744.0188    9.2716
    0.0000    0.0000  -15.0000 2757.3296    9.2647
    7.5000    0.0000  -15.0000 2701.9827    9.4663
   -7.5000    7.5000  -15.0000 2694.5303    9.7944
    0.0000    7.5000  -15.0000 2702.6846    9.7703
    7.5000    7.5000  -15.0000 2648.4468    9.9747
   -7.5000   15.0000  -15.0000 2614.4490   10.4602
    0.0000   15.0000  -15.0000 2615.1643   10.4515
    7.5000   15.0000  -15.0000 2572.1909   10.6535
   -7.5000   22.5000  -15.0000 2506.7627   11.3735
    0.0000   22.5000  -15.0000 2511.4802   11.3689
    7.5000   22.5000  -15.0000 2472.4053   11.5710
   -7.5000   30.0000  -15.0000 2387.5205   12.5697
    0.0000   30.0000  -15.0000 2389.3066   12.5560
    7.5000   30.0000  -15.0000 2347.2378   12.7906
   -7.5000  -60.0000   -7.5000 2317.4060   12.4283
    0.0000  -60.0000   -7.5000 2325.4480   12.3973
    7.5000  -60.0000   -7.5000 2303.7617   12.6043
   -7.5000  -52.5000   -7.5000 2440.6538   11.1358
    0.0000  -52.5000   -7.5000 2451.2073   11.1356
    7.5000  -52.5000   -7.5000 2423.5305   11.3362
   -7.5000  -45.0000   -7.5000 2577.5061   10.2812
    0.0000  -45.0000   -7.5000 2585.1987   10.2687
    7.5000  -45.0000   -7.5000 2552.6194   10.4670
   -7.5000  -37.5000   -7.5000 2669.4001    9.5445
    0.0000  -37.5000   -7.5000 2675.0779    9.5344
    7.5000  -37.5000   -7.5000 2643.3062    9.7203
   -7.5000  -30.0000   -7.5000 2749.1306    9.0135
    0.0000  -30.0000   -7.5000 2757.0334    9.0100
    7.5000  -30.0000   -7.5000 2721.2058    9.1864
   -7.5000  -22.5000   -7.5000 2818.1738    8.6866
    0.0000  -22.5000   -7.5000 2830.0479    8.6680
    7.5000  -22.5000   -7.5000 2781.8030    8.8576
   -7.5000  -15.0000   -7.5000 2852.8970    8.5103
    0.0000  -15.0000   -7.5000 2867.8262    8.4966
    7.5000  -15.0000   -7.5000 2810.7747    8.6955
   -7.5000   -7.5000   -7.5000 2858.4487    8.5153
    0.0000   -7.5000   -7.5000 2875.1267    8.5008
    7.5000   -7.5000   -7.5000 2816.1375    8.7240
   -7.5000    0.0000   -7.5000 2833.9082    8.7815
    0.0000    0.0000   -7.5000 2846.8794    8.7569
    7.5000    0.0000   -7.5000 2780.8254    8.9904
   -7.5000    7.5000   -7.5000 2776.3345    9.2616
    0.0000    7.5000   -7.5000 2782.7917    9.2564
    7.5000    7.5000   -7.5000 2727.2966    9.4697
   -7.5000   15.0000   -7.5000 2681.8987    9.9356
    0.0000   15.0000   -7.5000 2684.0474    9.9296
    7.5000   15.0000   -7.5000 2640.4023   10.1536
   -7.5000   22.5000   -7.5000 2567.9604   10.8441
    0.0000   22.5000   -7.5000 2571.1904   10.8368
    7.5000   22.5000   -7.5000 2526.8069   11.0600
   -7.5000   30.0000   -7.5000 2433.4094   12.0229
    0.0000   30.0000   -7.5000 2439.1604   12.0104
    7.5000   30.0000   -7.5000 2391.4673   12.2680
   -7.5000  -60.0000    0.0000 2345.2490   12.2704
    0.0000  -60.0000    0.0000 2357.5657   12.2011
    7.5000  -60.0000    0.0000 2328.9929   12.4225
   -7.5000  -52.5000    0.0000 2464.8867   10.9553
    0.0000  -52.5000    0.0000 2480.1138   10.9052
    7.5000  -52.5000    0.0000 2451.7119   11.1269
   -7.5000  -45.0000    0.0000 2598.8032   10.0311
    0.0000  -45.0000    0.0000 2608.5764    9.9928
    7.5000  -45.0000    0.0000 2581.5740   10.2030
   -7.5000  -37.5000    0.0000 2699.8169    9.3047
    0.0000  -37.5000    0.0000 2708.6208    9.2791
    7.5000  -37.5000    0.0000 2683.8171    9.4528
   -7.5000  -30.0000    0.0000 2806.7844    8.7861
    0.0000  -30.0000    0.0000 2814.4775    8.7634
    7.5000  -30.0000    0.0000 2779.8762    8.9270
   -7.5000  -22.5000    0.0000 2894.6895    8.4748
    0.0000  -22.5000    0.0000 2908.7295    8.4658
    7.5000  -22.5000    0.0000 2853.1965    8.6117
   -7.5000  -15.0000    0.0000 2951.3054    8.3237
    0.0000  -15.0000    0.0000 2970.6504    8.3217
    7.5000  -15.0000    0.0000 2893.3340    8.4750
   -7.5000   -7.5000    0.0000 2958.2156    8.2731
    0.0000   -7.5000    0.0000 2973.6267    8.2770
    7.5000   -7.5000    0.0000 2897.5986    8.4682
   -7.5000    0.0000    0.0000 2915.7725    8.4891
    0.0000    0.0000    0.0000 2929.0110    8.4899
    7.5000    0.0000    0.0000 2857.3628    8.7088
   -7.5000    7.5000    0.0000 2838.7402    8.9458
    0.0000    7.5000    0.0000 2849.8916    8.9375
    7.5000    7.5000    0.0000 2791.7644    9.1662
   -7.5000   15.0000    0.0000 2734.5889    9.6356
    0.0000   15.0000    0.0000 2742.8604    9.6299
    7.5000   15.0000    0.0000 2696.8442    9.8508
   -7.5000   22.5000    0.0000 2612.2708   10.5605
    0.0000   22.5000    0.0000 2618.9475   10.5381
    7.5000   22.5000    0.0000 2569.7844   10.7613
   -7.5000   30.0000    0.0000 2478.2681   11.7240
    0.0000   30.0000    0.0000 2481.4807   11.6924
    7.5000   30.0000    0.0000 2438.7263   11.9242
   -7.5000  -60.0000    7.5000 2349.8040   12.2207
    0.0000  -60.0000    7.5000 2365.3032   12.1333
    7.5000  -60.0000    7.5000 2340.7434   12.3364
   -7.5000  -52.5000    7.5000 2466.8259   10.8525
    0.0000  -52.5000    7.5000 2481.0942   10.7904
    7.5000  -52.5000    7.5000 2462.9990   10.9903
   -7.5000  -45.0000    7.5000 2600.5889    9.9174
    0.0000  -45.0000    7.5000 2608.4343    9.8805
    7.5000  -45.0000    7.5000 2593.8748   10.0644
   -7.5000  -37.5000    7.5000 2712.2271    9.1715
    0.0000  -37.5000    7.5000 2723.0510    9.1414
    7.5000  -37.5000    7.5000 2705.0278    9.2908
   -7.5000  -30.0000    7.5000 2829.9849    8.6929
    0.0000  -30.0000    7.5000 2839.5359    8.6649
    7.5000  -30.0000    7.5000 2808.6597    8.7608
   -7.5000  -22.5000    7.5000 2928.3987    8.4399
    0.0000  -22.5000    7.5000 2950.3225    8.4089
    7.5000  -22.5000    7.5000 2894.7319    8.4726
   -7.5000  -15.0000    7.5000 3009.1584    8.2718
    0.0000  -15.0000    7.5000 3034.2896    8.2809
    7.5000  -15.0000    7.5000 2946.1841    8.3207
   -7.5000   -7.5000    7.5000 3022.8643    8.1294
    0.0000   -7.5000    7.5000 3035.6165    8.1754
    7.5000   -7.5000    7.5000 2948.5010    8.3003
   -7.5000    0.0000    7.5000 2963.2219    8.3257
    0.0000    0.0000    7.5000 2973.7551    8.3296
    7.5000    0.0000    7.5000 2900.8237    8.5225
   -7.5000    7.5000    7.5000 2873.3845    8.7615
    0.0000    7.5000    7.5000 2887.2219    8.7372
    7.5000    7.5000    7.5000 2826.9863    8.9447
   -7.5000   15.0000    7.5000 2757.8545    9.4423
    0.0000   15.0000    7.5000 2772.6841    9.4045
    7.5000   15.0000    7.5000 2720.4678    9.6205
   -7.5000   22.5000    7.5000 2627.6250   10.3472
    0.0000   22.5000    7.5000 2637.1038   10.3021
    7.5000   22.5000    7.5000 2593.2729   10.5083
   -7.5000   30.0000    7.5000 2489.0005   11.4755
    0.0000   30.0000    7.5000 2489.9790   11.4213
    7.5000   30.0000    7.5000 2452.6306   11.6277
   -7.5000  -60.0000   15.0000 2345.5667   12.2945
    0.0000  -60.0000   15.0000 2359.2981   12.2377
    7.5000  -60.0000   15.0000 2334.3296   12.3882
   -7.5000  -52.5000   15.0000 2464.3237   10.9128
    0.0000  -52.5000   15.0000 2478.1531   10.8937
    7.5000  -52.5000   15.0000 2456.0476   11.0239
   -7.5000  -45.0000   15.0000 2603.1096    9.9628
    0.0000  -45.0000   15.0000 2610.6411    9.9543
    7.5000  -45.0000   15.0000 2594.7002   10.0733
   -7.5000  -37.5000   15.0000 2727.4360    9.1955
    0.0000  -37.5000   15.0000 2734.5613    9.1894
    7.5000  -37.5000   15.0000 2715.3943    9.2880
   -7.5000  -30.0000   15.0000 2834.0603    8.6794
    0.0000  -30.0000   15.0000 2844.3914    8.6764
    7.5000  -30.0000   15.0000 2814.9080    8.7538
   -7.5000  -22.5000   15.0000 2931.2378    8.4116
    0.0000  -22.5000   15.0000 2954.2390    8.4188
    7.5000  -22.5000   15.0000 2898.4780    8.4390
   -7.5000  -15.0000   15.0000 3006.3320    8.2646
    0.0000  -15.0000   15.0000 3038.0068    8.2638
    7.5000  -15.0000   15.0000 2948.2668    8.2802
   -7.5000   -7.5000   15.0000 3020.7449    8.2026
    0.0000   -7.5000   15.0000 3039.3088    8.1896
    7.5000   -7.5000   15.0000 2954.6292    8.2983
   -7.5000    0.0000   15.0000 2968.2036    8.3135
    0.0000    0.0000   15.0000 2977.2930    8.3167
    7.5000    0.0000   15.0000 2909.2903    8.5046
   -7.5000    7.5000   15.0000 2877.0420    8.7138
    0.0000    7.5000   15.0000 2887.0583    8.7289
    7.5000    7.5000   15.0000 2828.9268    8.9207
   -7.5000   15.0000   15.0000 2756.2698    9.3620
    0.0000   15.0000   15.0000 2769.2126    9.3598
    7.5000   15.0000   15.0000 2720.7095    9.5625
   -7.5000   22.5000   15.0000 2625.2141   10.2153
    0.0000   22.5000   15.0000 2636.1582   10.2011
    7.5000   22.5000   15.0000 2594.7432   10.4139
   -7.5000   30.0000   15.0000 2488.3416   11.3229
    0.0000   30.0000   15.0000 2494.8423   11.3098
    7.5000   30.0000   15.0000 2453.5613   11.5200
   -7.5000  -60.0000   22.5000 2325.1704   12.4689
    0.0000  -60.0000   22.5000 2338.7810   12.4031
    7.5000  -60.0000   22.5000 2317.6453   12.5939
   -7.5000  -52.5000   22.5000 2456.6238   11.1196
    0.0000  -52.5000   22.5000 2473.3311   11.0742
    7.5000  -52.5000   22.5000 2442.6482   11.2261
   -7.5000  -45.0000   22.5000 2597.5242   10.1664
    0.0000  -45.0000   22.5000 2608.4727   10.1470
    7.5000  -45.0000   22.5000 2585.9463   10.2889
   -7.5000  -37.5000   22.5000 2718.0979    9.3981
    0.0000  -37.5000   22.5000 2726.9802    9.3859
    7.5000  -37.5000   22.5000 2703.5728    9.4969
   -7.5000  -30.0000   22.5000 2817.4036    8.8540
    0.0000  -30.0000   22.5000 2832.5261    8.8426
    7.5000  -30.0000   22.5000 2803.6453    8.9335
   -7.5000  -22.5000   22.5000 2903.1858    8.5027
    0.0000  -22.5000   22.5000 2925.1526    8.5138
    7.5000  -22.5000   22.5000 2879.1575    8.5782
   -7.5000  -15.0000   22.5000 2959.8154    8.3132
    0.0000  -15.0000   22.5000 2982.9736    8.3239
    7.5000  -15.0000   22.5000 2918.9253    8.4246
   -7.5000   -7.5000   22.5000 2968.0952    8.3119
    0.0000   -7.5000   22.5000 2985.5217    8.3087
    7.5000   -7.5000   22.5000 2923.3257    8.4427
   -7.5000    0.0000   22.5000 2924.1404    8.5257
    0.0000    0.0000   22.5000 2940.2083    8.5231
    7.5000    0.0000   22.5000 2881.4170    8.6731
   -7.5000    7.5000   22.5000 2835.6074    8.9252
    0.0000    7.5000   22.5000 2852.2173    8.9269
    7.5000    7.5000   22.5000 2799.3469    9.0959
   -7.5000   15.0000   22.5000 2725.4099    9.5269
    0.0000   15.0000   22.5000 2738.9956    9.5222
    7.5000   15.0000   22.5000 2695.6111    9.7169
   -7.5000   22.5000   22.5000 2603.8440   10.3122
    0.0000   22.5000   22.5000 2612.9043   10.2965
    7.5000   22.5000   22.5000 2575.9980   10.5187
   -7.5000   30.0000   22.5000 2464.1697   11.3655
    0.0000   30.0000   22.5000 2474.6179   11.3411
    7.5000   30.0000   22.5000 2437.4473   11.5707
   -7.5000  -60.0000   30.0000 2299.8740   12.7847
    0.0000  -60.0000   30.0000 2309.2930   12.6949
    7.5000  -60.0000   30.0000 2293.0447   12.9348
   -7.5000  -52.5000   30.0000 2437.2988   11.4138
    0.0000  -52.5000   30.0000 2447.9941   11.3506
    7.5000  -52.5000   30.0000 2424.0720   11.5465
   -7.5000  -45.0000   30.0000 2579.3047   10.4749
    0.0000  -45.0000   30.0000 2589.4653   10.4170
    7.5000  -45.0000   30.0000 2566.4458   10.6223
   -7.5000  -37.5000   30.0000 2696.7637    9.6891
    0.0000  -37.5000   30.0000 2709.1829    9.6443
    7.5000  -37.5000   30.0000 2685.3689    9.8055
   -7.5000  -30.0000   30.0000 2791.3125    9.1238
    0.0000  -30.0000   30.0000 2809.4880    9.1027
    7.5000  -30.0000   30.0000 2782.0088    9.2325
   -7.5000  -22.5000   30.0000 2861.6775    8.7604
    0.0000  -22.5000   30.0000 2884.9241    8.7357
    7.5000  -22.5000   30.0000 2845.4946    8.8722
   -7.5000  -15.0000   30.0000 2898.2502    8.5739
    0.0000  -15.0000   30.0000 2924.7485    8.5627
    7.5000  -15.0000   30.0000 2873.6221    8.7121
   -7.5000   -7.5000   30.0000 2897.4497    8.5929
    0.0000   -7.5000   30.0000 2913.4578    8.5933
    7.5000   -7.5000   30.0000 2861.7939    8.7371
   -7.5000    0.0000   30.0000 2851.7944    8.8257
    0.0000    0.0000   30.0000 2861.3367    8.8221
    7.5000    0.0000   30.0000 2817.3704    8.9919
   -7.5000    7.5000   30.0000 2772.7146    9.2520
    0.0000    7.5000   30.0000 2786.1025    9.2491
    7.5000    7.5000   30.0000 2744.3525    9.4269
   -7.5000   15.0000   30.0000 2674.3362    9.8631
    0.0000   15.0000   30.0000 2685.0430    9.8606
    7.5000   15.0000   30.0000 2646.9651   10.0458
   -7.5000   22.5000   30.0000 2557.2119   10.6198
    0.0000   22.5000   30.0000 2563.6177   10.6206
    7.5000   22.5000   30.0000 2530.3560   10.8129
   -7.5000   30.0000   30.0000 2422.1716   11.6056
    0.0000   30.0000   30.0000 2428.3762   11.5948
    7.5000   30.0000   30.0000 2398.5012   11.8065
   -7.5000  -60.0000   37.5000 2269.8979   13.2071
    0.0000  -60.0000   37.5000 2282.7441   13.0917
    7.5000  -60.0000   37.5000 2264.5298   13.3766
   -7.5000  -52.5000   37.5000 2399.3916   11.8367
    0.0000  -52.5000   37.5000 2410.6743   11.7448
    7.5000  -52.5000   37.5000 2395.9060   11.9924
   -7.5000  -45.0000   37.5000 2539.9924   10.8994
    0.0000  -45.0000   37.5000 2554.1758   10.8243
    7.5000  -45.0000   37.5000 2532.8286   11.0575
   -7.5000  -37.5000   37.5000 2654.0652   10.0885
    0.0000  -37.5000   37.5000 2672.2905   10.0444
    7.5000  -37.5000   37.5000 2646.0325   10.2457
   -7.5000  -30.0000   37.5000 2745.5930    9.5278
    0.0000  -30.0000   37.5000 2763.8589    9.4805
    7.5000  -30.0000   37.5000 2734.2925    9.6387
   -7.5000  -22.5000   37.5000 2808.9204    9.1763
    0.0000  -22.5000   37.5000 2828.9453    9.1285
    7.5000  -22.5000   37.5000 2791.6873    9.2903
   -7.5000  -15.0000   37.5000 2823.4128    8.9929
    0.0000  -15.0000   37.5000 2845.5701    8.9790
    7.5000  -15.0000   37.5000 2805.3203    9.1373
   -7.5000   -7.5000   37.5000 2809.4558    9.0469
    0.0000   -7.5000   37.5000 2828.2576    9.0354
    7.5000   -7.5000   37.5000 2787.3899    9.1701
   -7.5000    0.0000   37.5000 2759.8442    9.2790
    0.0000    0.0000   37.5000 2771.9250    9.2704
    7.5000    0.0000   37.5000 2738.9414    9.4189
   -7.5000    7.5000   37.5000 2689.7258    9.6866
    0.0000    7.5000   37.5000 2698.9810    9.6873
    7.5000    7.5000   37.5000 2669.2820    9.8520
   -7.5000   15.0000   37.5000 2602.5720   10.2746
    0.0000   15.0000   37.5000 2610.3262   10.2851
    7.5000   15.0000   37.5000 2579.7058   10.4739
   -7.5000   22.5000   37.5000 2490.7361   11.0361
    0.0000   22.5000   37.5000 2496.1111   11.0210
    7.5000   22.5000   37.5000 2469.6577   11.2160
   -7.5000   30.0000   37.5000 2364.0188   12.0240
    0.0000   30.0000   37.5000 2370.2556   12.0096
    7.5000   30.0000   37.5000 2340.5168   12.2210
   -7.5000  -60.0000   45.0000 2210.1677   13.7450
    0.0000  -60.0000   45.0000 2228.4639   13.6066
    7.5000  -60.0000   45.0000 2206.7810   13.9066
   -7.5000  -52.5000   45.0000 2333.3105   12.3621
    0.0000  -52.5000   45.0000 2349.5977   12.2327
    7.5000  -52.5000   45.0000 2330.2075   12.4885
   -7.5000  -45.0000   45.0000 2469.0266   11.3946
    0.0000  -45.0000   45.0000 2485.1099   11.2957
    7.5000  -45.0000   45.0000 2465.3743   11.5330
   -7.5000  -37.5000   45.0000 2577.6204   10.5763
    0.0000  -37.5000   45.0000 2593.3296   10.4966
    7.5000  -37.5000   45.0000 2569.1606   10.7158
   -7.5000  -30.0000   45.0000 2659.0674   10.0161
    0.0000  -30.0000   45.0000 2678.8408    9.9607
    7.5000  -30.0000   45.0000 2646.2910   10.1332
   -7.5000  -22.5000   45.0000 2707.1421    9.6647
    0.0000  -22.5000   45.0000 2728.1179    9.6238
    7.5000  -22.5000   45.0000 2696.0752    9.7939
   -7.5000  -15.0000   45.0000 2719.0322    9.5132
    0.0000  -15.0000   45.0000 2736.7976    9.4808
    7.5000  -15.0000   45.0000 2704.1067    9.6450
   -7.5000   -7.5000   45.0000 2700.6960    9.5718
    0.0000   -7.5000   45.0000 2719.8811    9.5331
    7.5000   -7.5000   45.0000 2682.5193    9.7065
   -7.5000    0.0000   45.0000 2649.4727    9.8137
    0.0000    0.0000   45.0000 2658.8389    9.7735
    7.5000    0.0000   45.0000 2629.4368    9.9593
   -7.5000    7.5000   45.0000 2580.6804   10.2280
    0.0000    7.5000   45.0000 2583.9658   10.1910
    7.5000    7.5000   45.0000 2561.8545   10.3722
   -7.5000   15.0000   45.0000 2497.2812   10.7813
    0.0000   15.0000   45.0000 2500.5408   10.7584
    7.5000   15.0000   45.0000 2474.9480   10.9416
   -7.5000   22.5000   45.0000 2392.9775   11.5148
    0.0000   22.5000   45.0000 2400.2222   11.4931
    7.5000   22.5000   45.0000 2373.4814   11.7009
   -7.5000   30.0000   45.0000 2271.2397   12.5399
    0.0000   30.0000   45.0000 2281.6721   12.5097
    7.5000   30.0000   45.0000 2251.7146   12.7452

---------------------------------------------------------------------
imgreg_4dfp /opt/freesurfer/average/711-2C_as_mni_average_305 /opt/freesurfer/average/711-2B_as_mni_average_305_mask talsrcimg_g11 none talsrcimg_to_711-2C_as_mni_average_305_t4 1283
---------------------------------------------------------------------

freesurfer imgreg_4dfp.c
/opt/freesurfer/average/711-2C_as_mni_average_305.4dfp.img
       256       256       256         1
  1.000000  1.000000  1.000000
orientation T byte_order littleendian
Reading image: /opt/freesurfer/average/711-2C_as_mni_average_305.4dfp.img
dimensions:      256       256       256
mmppix:       1.0000   -1.0000   -1.0000
center:     128.0000 -129.0000 -129.0000
/opt/freesurfer/average/711-2B_as_mni_average_305_mask.4dfp.img
       256       256       256         1
  1.000000  1.000000  1.000000
orientation T byte_order littleendian
Reading mask: /opt/freesurfer/average/711-2B_as_mni_average_305_mask.4dfp.img (2306576 pixels)
talsrcimg_g11.4dfp.img
       256       256       256         1
  0.898438  0.898438  0.898438
orientation T byte_order littleendian
Reading image: talsrcimg_g11.4dfp.img
dimensions:      256       256       256
mmppix:       0.8984   -0.8984   -0.8984
center:     115.0001 -115.8985 -115.8985
rotation matrix determinant  1.000000
fimgreg.f
image alignment mode   1283 decimal      503 hex
parameters
    0.0000   -7.5000   15.0000    0.0000    0.0000    0.0000
eta,q 0.95321  8.19765
niter,ni,del,rscale     5    3   12.0000    1.2000
parameter  2  0.527678 ->  0.500000 qaram    1.1500
parameter  3  0.546789 ->  0.500000 qaram    1.1500
parameter  4 -1.130186 -> -0.500000 qaram    1.1500
parameters
   -2.1854  -10.9500   11.5500    3.4500   -1.9898   -1.7640
eta,q 0.96320  8.20908
  0.0496  0.0443  0.0425  0.0497  0.0404  0.0385
  0.0461  0.0427  0.0405  0.0463  0.0382  0.0368
  0.0447  0.0429  0.0406  0.0427  0.0372  0.0367
  0.0460  0.0447  0.0427  0.0403  0.0378  0.0372
  0.0508  0.0479  0.0467  0.0389  0.0406  0.0380
  0.0585  0.0524  0.0524  0.0373  0.0443  0.0397
  0.0686  0.0590  0.0578  0.0369  0.0488  0.0422
niter,ni,del,rscale     7    3   12.0000    1.2000
parameters
   -2.1322  -11.3383   11.9355    4.4717   -1.5886   -1.7039
eta,q 0.96432  8.20554
  0.0517  0.0491  0.0501  0.0447  0.0445  0.0400
  0.0433  0.0384  0.0429  0.0409  0.0404  0.0373
  0.0384  0.0354  0.0385  0.0384  0.0374  0.0357
  0.0368  0.0368  0.0365  0.0365  0.0358  0.0357
  0.0381  0.0391  0.0378  0.0357  0.0359  0.0364
  0.0432  0.0430  0.0414  0.0371  0.0386  0.0376
  0.0511  0.0493  0.0472  0.0418  0.0429  0.0393
niter,ni,del,rscale     6    3   12.0000    1.2000
parameters
   -2.3118  -11.8282   12.0188    4.7598   -1.5070   -1.7666
eta,q 0.96469  8.20982
  0.0494  0.0480  0.0488  0.0441  0.0433  0.0394
  0.0414  0.0379  0.0420  0.0398  0.0393  0.0368
  0.0371  0.0350  0.0370  0.0370  0.0365  0.0353
  0.0357  0.0357  0.0354  0.0354  0.0353  0.0353
  0.0372  0.0384  0.0375  0.0357  0.0358  0.0360
  0.0428  0.0429  0.0417  0.0382  0.0387  0.0373
  0.0512  0.0493  0.0479  0.0435  0.0432  0.0390
niter,ni,del,rscale     5    3   12.0000    1.2000
parameters
   -2.3900  -11.9130   12.0568    4.8381   -1.4617   -1.7800
eta,q 0.96472  8.21257
  0.0494  0.0500  0.0487  0.0438  0.0431  0.0394
  0.0411  0.0391  0.0419  0.0394  0.0392  0.0368
  0.0368  0.0352  0.0367  0.0366  0.0364  0.0353
  0.0353  0.0353  0.0353  0.0353  0.0353  0.0353
  0.0365  0.0376  0.0375  0.0358  0.0358  0.0360
  0.0419  0.0422  0.0419  0.0386  0.0387  0.0372
  0.0501  0.0482  0.0480  0.0440  0.0433  0.0389
niter,ni,del,rscale     4    3   12.0000    1.2000
parameters
   -2.4117  -11.9474   12.0686    4.8690   -1.4487   -1.7832
eta,q 0.96474  8.21350
  0.0497  0.0502  0.0486  0.0437  0.0430  0.0393
  0.0411  0.0393  0.0418  0.0392  0.0391  0.0367
  0.0368  0.0352  0.0366  0.0365  0.0364  0.0353
  0.0353  0.0353  0.0353  0.0353  0.0353  0.0353
  0.0364  0.0375  0.0375  0.0358  0.0358  0.0359
  0.0416  0.0420  0.0420  0.0387  0.0388  0.0372
  0.0498  0.0481  0.0481  0.0441  0.0433  0.0389
registration optimization eta report
parameter search radius
    6.0000    6.9000    6.9000    6.9000    6.0000    6.0000
100000*second partial in parameter space
       41.       30.       27.       18.       22.       11.
  0.0497  0.0502  0.0486  0.0437  0.0430  0.0393
  0.0411  0.0393  0.0418  0.0392  0.0391  0.0367
  0.0368  0.0352  0.0366  0.0365  0.0364  0.0353
  0.0353  0.0353  0.0353  0.0353  0.0353  0.0353
  0.0364  0.0375  0.0375  0.0358  0.0358  0.0359
  0.0416  0.0420  0.0420  0.0387  0.0388  0.0372
  0.0498  0.0481  0.0481  0.0441  0.0433  0.0389
   -2.4117  -11.9474   12.0686    4.8690   -1.4487   -1.7832
eta,q 0.96474  8.21350

---------------------------------------------------------------------
imgreg_4dfp /opt/freesurfer/average/711-2C_as_mni_average_305 /opt/freesurfer/average/711-2B_as_mni_average_305_mask talsrcimg_g11 none talsrcimg_to_711-2C_as_mni_average_305_t4 3335
---------------------------------------------------------------------

freesurfer imgreg_4dfp.c
/opt/freesurfer/average/711-2C_as_mni_average_305.4dfp.img
       256       256       256         1
  1.000000  1.000000  1.000000
orientation T byte_order littleendian
Reading image: /opt/freesurfer/average/711-2C_as_mni_average_305.4dfp.img
dimensions:      256       256       256
mmppix:       1.0000   -1.0000   -1.0000
center:     128.0000 -129.0000 -129.0000
/opt/freesurfer/average/711-2B_as_mni_average_305_mask.4dfp.img
       256       256       256         1
  1.000000  1.000000  1.000000
orientation T byte_order littleendian
Reading mask: /opt/freesurfer/average/711-2B_as_mni_average_305_mask.4dfp.img (2306576 pixels)
talsrcimg_g11.4dfp.img
       256       256       256         1
  0.898438  0.898438  0.898438
orientation T byte_order littleendian
Reading image: talsrcimg_g11.4dfp.img
dimensions:      256       256       256
mmppix:       0.8984   -0.8984   -0.8984
center:     115.0001 -115.8985 -115.8985
fimgreg.f
image alignment mode   3335 decimal      D07 hex
parameters
   -2.4117  -11.9474   12.0686   -0.0804   -0.4158   -0.3927
    3.3150    2.2537   -3.1107   -8.5621   -2.5281    8.4851
eta,q 0.96806  8.21310
niter,ni,del,rscale     5    3    5.0000    1.2000
parameter  5  1.747486 ->  0.500000 qaram    1.1500
parameters
   -2.1522  -12.4458   12.2476   -2.5418   -4.5558   -3.3554
    2.8172    3.0173   -2.3321   -9.8338   -2.3994    7.9209
eta,q 0.97191  7.95306
  0.0360  0.0334  0.0341  0.0324  0.0272  0.0290  0.0306  0.0329  0.0307  0.0303  0.0292  0.0291
  0.0340  0.0323  0.0328  0.0319  0.0280  0.0286  0.0292  0.0306  0.0295  0.0289  0.0286  0.0285
  0.0326  0.0318  0.0321  0.0317  0.0296  0.0282  0.0284  0.0290  0.0287  0.0282  0.0282  0.0282
  0.0319  0.0319  0.0317  0.0317  0.0317  0.0284  0.0283  0.0283  0.0282  0.0282  0.0281  0.0281
  0.0321  0.0326  0.0319  0.0324  0.0346  0.0299  0.0288  0.0284  0.0283  0.0290  0.0282  0.0283
  0.0330  0.0338  0.0324  0.0339  0.0376  0.0330  0.0298  0.0294  0.0289  0.0304  0.0286  0.0288
  0.0346  0.0354  0.0335  0.0363  0.0403  0.0368  0.0312  0.0313  0.0299  0.0326  0.0291  0.0294
niter,ni,del,rscale     5    3    5.0000    1.2000
parameter  5  0.530721 ->  0.500000 qaram    1.3225
parameters
   -1.9295  -12.8047   11.7927   -1.0766   -9.3168   -5.0452
    2.8069    3.0430   -2.3276  -10.1330   -2.8708    8.9850
eta,q 0.97308  7.80824
  0.0318  0.0300  0.0290  0.0298  0.0276  0.0276  0.0296  0.0306  0.0288  0.0295  0.0278  0.0283
  0.0299  0.0287  0.0283  0.0288  0.0268  0.0273  0.0282  0.0286  0.0278  0.0279  0.0273  0.0276
  0.0287  0.0281  0.0280  0.0283  0.0268  0.0271  0.0273  0.0273  0.0272  0.0271  0.0270  0.0272
  0.0281  0.0281  0.0280  0.0279  0.0278  0.0267  0.0270  0.0270  0.0270  0.0270  0.0270  0.0270
  0.0282  0.0287  0.0284  0.0277  0.0297  0.0268  0.0273  0.0274  0.0272  0.0274  0.0272  0.0270
  0.0291  0.0299  0.0291  0.0279  0.0325  0.0280  0.0282  0.0285  0.0278  0.0284  0.0275  0.0272
  0.0306  0.0316  0.0302  0.0288  0.0359  0.0309  0.0296  0.0305  0.0288  0.0298  0.0280  0.0277
niter,ni,del,rscale     5    3    5.0000    1.2000
parameters
   -1.8270  -12.7800   12.3509   -1.3404  -10.3206   -4.9789
    2.7514    3.0696   -2.1625  -10.2298   -3.1295    9.3532
eta,q 0.97311  7.75997
  0.0302  0.0297  0.0291  0.0279  0.0300  0.0283  0.0294  0.0306  0.0287  0.0296  0.0278  0.0281
  0.0285  0.0281  0.0280  0.0273  0.0284  0.0275  0.0280  0.0285  0.0278  0.0280  0.0272  0.0275
  0.0274  0.0272  0.0273  0.0270  0.0273  0.0272  0.0272  0.0272  0.0271  0.0271  0.0269  0.0271
  0.0269  0.0269  0.0269  0.0268  0.0269  0.0269  0.0269  0.0269  0.0269  0.0269  0.0269  0.0269
  0.0271  0.0272  0.0269  0.0268  0.0274  0.0267  0.0272  0.0273  0.0271  0.0273  0.0271  0.0270
  0.0281  0.0281  0.0271  0.0272  0.0293  0.0270  0.0281  0.0285  0.0276  0.0282  0.0274  0.0273
  0.0298  0.0295  0.0277  0.0283  0.0321  0.0287  0.0295  0.0305  0.0286  0.0296  0.0279  0.0279
niter,ni,del,rscale     4    3    5.0000    1.2000
parameters
   -1.8095  -12.8608   12.5687   -1.4113  -10.5317   -4.8546
    2.7247    3.0827   -2.0892  -10.3655   -3.1399    9.5979
eta,q 0.97312  7.75367
  0.0300  0.0293  0.0287  0.0280  0.0305  0.0284  0.0294  0.0306  0.0286  0.0295  0.0279  0.0281
  0.0283  0.0279  0.0277  0.0273  0.0287  0.0275  0.0280  0.0285  0.0277  0.0280  0.0273  0.0275
  0.0273  0.0271  0.0271  0.0270  0.0275  0.0271  0.0272  0.0272  0.0271  0.0271  0.0269  0.0271
  0.0269  0.0269  0.0269  0.0269  0.0269  0.0269  0.0269  0.0269  0.0269  0.0269  0.0269  0.0269
  0.0272  0.0273  0.0270  0.0268  0.0271  0.0267  0.0272  0.0273  0.0271  0.0272  0.0271  0.0270
  0.0282  0.0282  0.0274  0.0272  0.0287  0.0270  0.0281  0.0285  0.0276  0.0282  0.0274  0.0273
  0.0299  0.0296  0.0281  0.0282  0.0312  0.0287  0.0294  0.0305  0.0286  0.0297  0.0278  0.0280
niter,ni,del,rscale     3    3    5.0000    1.2000
parameters
   -1.8098  -12.9197   12.6374   -1.4194  -10.5721   -4.8899
    2.7154    3.0804   -2.0825  -10.4473   -3.0963    9.7357
eta,q 0.97310  7.75054
  0.0299  0.0294  0.0285  0.0280  0.0306  0.0283  0.0294  0.0306  0.0286  0.0296  0.0279  0.0280
  0.0283  0.0279  0.0276  0.0273  0.0288  0.0275  0.0280  0.0285  0.0277  0.0280  0.0273  0.0275
  0.0273  0.0271  0.0270  0.0270  0.0275  0.0271  0.0272  0.0272  0.0271  0.0271  0.0269  0.0271
  0.0269  0.0269  0.0269  0.0269  0.0269  0.0269  0.0269  0.0269  0.0269  0.0269  0.0269  0.0269
  0.0272  0.0273  0.0270  0.0268  0.0271  0.0267  0.0272  0.0273  0.0271  0.0272  0.0271  0.0270
  0.0282  0.0282  0.0275  0.0272  0.0286  0.0271  0.0281  0.0285  0.0277  0.0282  0.0273  0.0273
  0.0300  0.0296  0.0283  0.0281  0.0310  0.0288  0.0294  0.0305  0.0286  0.0296  0.0278  0.0280
niter,ni,del,rscale     2    3    5.0000    1.2000
parameters
   -1.8115  -12.9453   12.6636   -1.4401  -10.6070   -4.8985
    2.7165    3.0812   -2.1014  -10.4762   -3.0606    9.8058
eta,q 0.97311  7.74818
  0.0299  0.0295  0.0284  0.0280  0.0306  0.0284  0.0294  0.0306  0.0286  0.0296  0.0279  0.0280
  0.0283  0.0280  0.0275  0.0273  0.0288  0.0275  0.0280  0.0285  0.0277  0.0281  0.0273  0.0275
  0.0273  0.0271  0.0270  0.0270  0.0275  0.0271  0.0272  0.0272  0.0271  0.0272  0.0269  0.0271
  0.0269  0.0269  0.0269  0.0269  0.0269  0.0269  0.0269  0.0269  0.0269  0.0269  0.0269  0.0269
  0.0272  0.0272  0.0271  0.0269  0.0271  0.0267  0.0272  0.0273  0.0271  0.0272  0.0271  0.0270
  0.0282  0.0281  0.0275  0.0272  0.0286  0.0271  0.0280  0.0285  0.0277  0.0281  0.0273  0.0273
  0.0300  0.0295  0.0283  0.0281  0.0310  0.0288  0.0294  0.0305  0.0286  0.0296  0.0278  0.0281
niter,ni,del,rscale     1    3    5.0000    1.2000
parameters
   -1.8120  -12.9576   12.6765   -1.4473  -10.6252   -4.9051
    2.7153    3.0812   -2.1197  -10.4911   -3.0314    9.8431
eta,q 0.97310  7.74701
  0.0299  0.0295  0.0284  0.0280  0.0306  0.0284  0.0294  0.0306  0.0286  0.0297  0.0279  0.0280
  0.0283  0.0280  0.0275  0.0273  0.0288  0.0275  0.0280  0.0285  0.0277  0.0281  0.0273  0.0275
  0.0273  0.0271  0.0270  0.0270  0.0275  0.0271  0.0272  0.0272  0.0271  0.0272  0.0269  0.0270
  0.0269  0.0269  0.0269  0.0269  0.0269  0.0269  0.0269  0.0269  0.0269  0.0269  0.0269  0.0269
  0.0272  0.0272  0.0271  0.0269  0.0271  0.0267  0.0272  0.0273  0.0271  0.0272  0.0271  0.0270
  0.0282  0.0281  0.0276  0.0272  0.0285  0.0271  0.0281  0.0285  0.0277  0.0281  0.0273  0.0274
  0.0300  0.0295  0.0283  0.0281  0.0310  0.0288  0.0294  0.0305  0.0286  0.0296  0.0278  0.0281
registration optimization eta report
parameter search radius
    2.4000    2.4000    2.4000    7.2000    9.5220    7.2000
    7.2000    7.2000    7.2000    7.2000    7.2000    7.2000
100000*second partial in parameter space
       53.       45.       25.        2.        4.        3.
        5.        7.        3.        5.        2.        2.
  0.0299  0.0295  0.0284  0.0280  0.0306  0.0284  0.0294  0.0306  0.0286  0.0297  0.0279  0.0280
  0.0283  0.0280  0.0275  0.0273  0.0288  0.0275  0.0280  0.0285  0.0277  0.0281  0.0273  0.0275
  0.0273  0.0271  0.0270  0.0270  0.0275  0.0271  0.0272  0.0272  0.0271  0.0272  0.0269  0.0270
  0.0269  0.0269  0.0269  0.0269  0.0269  0.0269  0.0269  0.0269  0.0269  0.0269  0.0269  0.0269
  0.0272  0.0272  0.0271  0.0269  0.0271  0.0267  0.0272  0.0273  0.0271  0.0272  0.0271  0.0270
  0.0282  0.0281  0.0276  0.0272  0.0285  0.0271  0.0281  0.0285  0.0277  0.0281  0.0273  0.0274
  0.0300  0.0295  0.0283  0.0281  0.0310  0.0288  0.0294  0.0305  0.0286  0.0296  0.0278  0.0281
   -1.8120  -12.9576   12.6765   -1.4473  -10.6252   -4.9051
    2.7153    3.0812   -2.1197  -10.4911   -3.0314    9.8431
eta,q 0.97310  7.74701

---------------------------------------------------------------------
imgreg_4dfp /opt/freesurfer/average/711-2C_as_mni_average_305 /opt/freesurfer/average/711-2B_as_mni_average_305_mask talsrcimg_g11 none talsrcimg_to_711-2C_as_mni_average_305_t4 2311
---------------------------------------------------------------------

freesurfer imgreg_4dfp.c
/opt/freesurfer/average/711-2C_as_mni_average_305.4dfp.img
       256       256       256         1
  1.000000  1.000000  1.000000
orientation T byte_order littleendian
Reading image: /opt/freesurfer/average/711-2C_as_mni_average_305.4dfp.img
dimensions:      256       256       256
mmppix:       1.0000   -1.0000   -1.0000
center:     128.0000 -129.0000 -129.0000
/opt/freesurfer/average/711-2B_as_mni_average_305_mask.4dfp.img
       256       256       256         1
  1.000000  1.000000  1.000000
orientation T byte_order littleendian
Reading mask: /opt/freesurfer/average/711-2B_as_mni_average_305_mask.4dfp.img (2306576 pixels)
talsrcimg_g11.4dfp.img
       256       256       256         1
  0.898438  0.898438  0.898438
orientation T byte_order littleendian
Reading image: talsrcimg_g11.4dfp.img
dimensions:      256       256       256
mmppix:       0.8984   -0.8984   -0.8984
center:     115.0001 -115.8985 -115.8985
fimgreg.f
image alignment mode   2311 decimal      907 hex
parameters
   -1.8120  -12.9576   12.6765   -1.4473  -10.6252   -4.9051
    2.7153    3.0812   -2.1197  -10.4911   -3.0314    9.8431
eta,q 0.97310  7.74701
niter,ni,del,rscale     5    3    5.0000    0.8000
parameters
   -1.7895  -12.9890   12.6588   -0.8399   -9.9040   -2.8017
    2.8223    3.1020   -2.2039  -10.2690   -2.9913    9.3658
eta,q 0.97346  7.87672
  0.0283  0.0280  0.0275  0.0273  0.0281  0.0275  0.0278  0.0284  0.0274  0.0279  0.0271  0.0270
  0.0275  0.0274  0.0272  0.0271  0.0276  0.0272  0.0271  0.0274  0.0269  0.0272  0.0268  0.0268
  0.0271  0.0270  0.0270  0.0270  0.0271  0.0270  0.0267  0.0268  0.0266  0.0268  0.0266  0.0266
  0.0269  0.0269  0.0269  0.0269  0.0269  0.0268  0.0266  0.0266  0.0266  0.0266  0.0266  0.0265
  0.0270  0.0271  0.0270  0.0268  0.0268  0.0266  0.0267  0.0268  0.0267  0.0267  0.0266  0.0267
  0.0275  0.0275  0.0272  0.0269  0.0270  0.0266  0.0271  0.0274  0.0270  0.0271  0.0268  0.0269
  0.0282  0.0281  0.0276  0.0272  0.0276  0.0269  0.0277  0.0284  0.0275  0.0277  0.0271  0.0272
niter,ni,del,rscale     4    3    5.0000    0.7000
parameters
   -1.8538  -13.0286   12.5583    0.0304   -9.3139   -3.0580
    2.8034    3.0482   -2.2615  -10.2671   -2.9284    9.4678
eta,q 0.97355  7.92305
  0.0276  0.0275  0.0271  0.0271  0.0276  0.0271  0.0274  0.0279  0.0271  0.0275  0.0269  0.0269
  0.0270  0.0269  0.0268  0.0269  0.0271  0.0269  0.0269  0.0271  0.0268  0.0269  0.0267  0.0267
  0.0266  0.0266  0.0266  0.0267  0.0267  0.0266  0.0266  0.0266  0.0265  0.0266  0.0265  0.0265
  0.0265  0.0265  0.0265  0.0265  0.0265  0.0264  0.0264  0.0264  0.0265  0.0265  0.0264  0.0264
  0.0267  0.0267  0.0266  0.0265  0.0264  0.0264  0.0266  0.0266  0.0265  0.0266  0.0265  0.0265
  0.0271  0.0270  0.0269  0.0265  0.0267  0.0268  0.0269  0.0271  0.0268  0.0269  0.0266  0.0267
  0.0278  0.0276  0.0273  0.0268  0.0272  0.0276  0.0274  0.0279  0.0272  0.0275  0.0269  0.0269
niter,ni,del,rscale     3    3    5.0000    0.6000
parameters
   -1.8707  -13.0291   12.4213    0.1301   -9.1881   -2.8497
    2.8131    3.1050   -2.2917  -10.1445   -2.8204    9.3445
eta,q 0.97359  7.93921
  0.0273  0.0272  0.0268  0.0268  0.0272  0.0271  0.0271  0.0275  0.0269  0.0272  0.0268  0.0268
  0.0268  0.0268  0.0266  0.0267  0.0268  0.0269  0.0267  0.0269  0.0266  0.0268  0.0266  0.0266
  0.0265  0.0265  0.0265  0.0265  0.0266  0.0266  0.0265  0.0265  0.0265  0.0265  0.0264  0.0264
  0.0264  0.0264  0.0264  0.0264  0.0264  0.0264  0.0264  0.0264  0.0264  0.0264  0.0264  0.0264
  0.0265  0.0265  0.0265  0.0264  0.0265  0.0264  0.0265  0.0265  0.0265  0.0265  0.0264  0.0265
  0.0268  0.0268  0.0267  0.0266  0.0267  0.0266  0.0267  0.0269  0.0267  0.0267  0.0266  0.0266
  0.0273  0.0272  0.0271  0.0269  0.0272  0.0271  0.0271  0.0275  0.0270  0.0272  0.0267  0.0268
niter,ni,del,rscale     2    3    5.0000    0.5000
parameters
   -1.8868  -13.0075   12.4001    0.3585   -9.0625   -2.5390
    2.8030    3.1501   -2.3617  -10.0375   -2.6879    9.1999
eta,q 0.97363  7.96183
  0.0270  0.0270  0.0268  0.0267  0.0270  0.0270  0.0269  0.0272  0.0267  0.0270  0.0266  0.0266
  0.0267  0.0267  0.0266  0.0266  0.0267  0.0268  0.0266  0.0267  0.0265  0.0267  0.0265  0.0265
  0.0265  0.0265  0.0264  0.0265  0.0265  0.0265  0.0264  0.0265  0.0264  0.0265  0.0264  0.0264
  0.0264  0.0264  0.0264  0.0264  0.0264  0.0264  0.0264  0.0264  0.0264  0.0264  0.0264  0.0264
  0.0265  0.0265  0.0265  0.0264  0.0264  0.0264  0.0264  0.0265  0.0264  0.0264  0.0264  0.0264
  0.0267  0.0266  0.0266  0.0265  0.0266  0.0265  0.0266  0.0267  0.0266  0.0266  0.0265  0.0265
  0.0270  0.0269  0.0268  0.0267  0.0269  0.0268  0.0269  0.0271  0.0268  0.0269  0.0266  0.0267
niter,ni,del,rscale     1    3    5.0000    0.4000
parameters
   -1.9059  -12.9983   12.3921    0.4972   -8.9471   -2.3165
    2.8075    3.1657   -2.4306   -9.9729   -2.5946    9.1000
eta,q 0.97365  7.97758
  0.0267  0.0267  0.0266  0.0266  0.0268  0.0268  0.0267  0.0269  0.0266  0.0268  0.0265  0.0265
  0.0265  0.0265  0.0265  0.0265  0.0266  0.0266  0.0265  0.0266  0.0265  0.0265  0.0264  0.0264
  0.0264  0.0264  0.0264  0.0264  0.0264  0.0265  0.0264  0.0264  0.0264  0.0264  0.0264  0.0264
  0.0264  0.0264  0.0264  0.0264  0.0264  0.0264  0.0264  0.0264  0.0264  0.0263  0.0264  0.0264
  0.0264  0.0264  0.0264  0.0264  0.0264  0.0264  0.0264  0.0264  0.0264  0.0264  0.0264  0.0264
  0.0266  0.0265  0.0265  0.0264  0.0265  0.0265  0.0265  0.0266  0.0265  0.0265  0.0264  0.0265
  0.0268  0.0267  0.0266  0.0266  0.0267  0.0267  0.0267  0.0269  0.0266  0.0267  0.0265  0.0266
registration optimization eta report
parameter search radius
    0.8000    0.8000    0.8000    2.4000    2.4000    2.4000
    2.4000    2.4000    2.4000    2.4000    2.4000    2.4000
100000*second partial in parameter space
       62.       54.       37.        4.        6.        7.
        6.        9.        4.        7.        3.        3.
  0.0267  0.0267  0.0266  0.0266  0.0268  0.0268  0.0267  0.0269  0.0266  0.0268  0.0265  0.0265
  0.0265  0.0265  0.0265  0.0265  0.0266  0.0266  0.0265  0.0266  0.0265  0.0265  0.0264  0.0264
  0.0264  0.0264  0.0264  0.0264  0.0264  0.0265  0.0264  0.0264  0.0264  0.0264  0.0264  0.0264
  0.0264  0.0264  0.0264  0.0264  0.0264  0.0264  0.0264  0.0264  0.0264  0.0263  0.0264  0.0264
  0.0264  0.0264  0.0264  0.0264  0.0264  0.0264  0.0264  0.0264  0.0264  0.0264  0.0264  0.0264
  0.0266  0.0265  0.0265  0.0264  0.0265  0.0265  0.0265  0.0266  0.0265  0.0265  0.0264  0.0265
  0.0268  0.0267  0.0266  0.0266  0.0267  0.0267  0.0267  0.0269  0.0266  0.0267  0.0265  0.0266
   -1.9059  -12.9983   12.3921    0.4972   -8.9471   -2.3165
    2.8075    3.1657   -2.4306   -9.9729   -2.5946    9.1000
eta,q 0.97365  7.97758

---------------------------------------------------------------------
imgreg_4dfp /opt/freesurfer/average/711-2C_as_mni_average_305 /opt/freesurfer/average/711-2B_as_mni_average_305_mask talsrcimg_g11 none talsrcimg_to_711-2C_as_mni_average_305_t4 2311
---------------------------------------------------------------------

freesurfer imgreg_4dfp.c
/opt/freesurfer/average/711-2C_as_mni_average_305.4dfp.img
       256       256       256         1
  1.000000  1.000000  1.000000
orientation T byte_order littleendian
Reading image: /opt/freesurfer/average/711-2C_as_mni_average_305.4dfp.img
dimensions:      256       256       256
mmppix:       1.0000   -1.0000   -1.0000
center:     128.0000 -129.0000 -129.0000
/opt/freesurfer/average/711-2B_as_mni_average_305_mask.4dfp.img
       256       256       256         1
  1.000000  1.000000  1.000000
orientation T byte_order littleendian
Reading mask: /opt/freesurfer/average/711-2B_as_mni_average_305_mask.4dfp.img (2306576 pixels)
talsrcimg_g11.4dfp.img
       256       256       256         1
  0.898438  0.898438  0.898438
orientation T byte_order littleendian
Reading image: talsrcimg_g11.4dfp.img
dimensions:      256       256       256
mmppix:       0.8984   -0.8984   -0.8984
center:     115.0001 -115.8985 -115.8985
fimgreg.f
image alignment mode   2311 decimal      907 hex
parameters
   -1.9059  -12.9983   12.3921    0.4972   -8.9471   -2.3165
    2.8075    3.1657   -2.4306   -9.9729   -2.5946    9.1000
eta,q 0.97365  7.97758
niter,ni,del,rscale     5    3    5.0000    0.8000
parameters
   -1.9350  -12.9885   12.3818   -0.1110   -9.1985   -3.1753
    2.8674    2.9907   -2.3556  -10.2072   -2.7605    9.3420
eta,q 0.97354  7.91920
  0.0279  0.0277  0.0273  0.0269  0.0276  0.0272  0.0278  0.0282  0.0274  0.0277  0.0270  0.0271
  0.0270  0.0270  0.0268  0.0267  0.0270  0.0269  0.0270  0.0272  0.0269  0.0270  0.0267  0.0268
  0.0265  0.0265  0.0265  0.0265  0.0266  0.0266  0.0266  0.0266  0.0266  0.0266  0.0265  0.0266
  0.0263  0.0264  0.0263  0.0263  0.0264  0.0264  0.0265  0.0265  0.0265  0.0265  0.0265  0.0265
  0.0265  0.0265  0.0265  0.0264  0.0265  0.0265  0.0266  0.0267  0.0266  0.0267  0.0266  0.0265
  0.0271  0.0270  0.0268  0.0268  0.0271  0.0272  0.0270  0.0274  0.0269  0.0272  0.0268  0.0267
  0.0280  0.0277  0.0273  0.0275  0.0280  0.0287  0.0277  0.0284  0.0273  0.0279  0.0271  0.0270
niter,ni,del,rscale     4    3    5.0000    0.7000
parameters
   -1.8838  -12.9890   12.3932   -0.0372   -9.2602   -3.1429
    2.8285    3.0353   -2.3264  -10.1847   -2.8326    9.3793
eta,q 0.97355  7.92061
  0.0277  0.0275  0.0271  0.0269  0.0274  0.0272  0.0274  0.0279  0.0272  0.0275  0.0269  0.0269
  0.0270  0.0269  0.0268  0.0268  0.0269  0.0270  0.0269  0.0271  0.0268  0.0269  0.0266  0.0267
  0.0266  0.0266  0.0265  0.0266  0.0266  0.0267  0.0265  0.0266  0.0265  0.0266  0.0265  0.0265
  0.0265  0.0265  0.0265  0.0265  0.0265  0.0265  0.0265  0.0265  0.0264  0.0264  0.0264  0.0264
  0.0266  0.0266  0.0265  0.0265  0.0265  0.0264  0.0266  0.0266  0.0265  0.0266  0.0265  0.0265
  0.0269  0.0269  0.0268  0.0266  0.0269  0.0267  0.0269  0.0271  0.0268  0.0269  0.0267  0.0267
  0.0275  0.0275  0.0271  0.0270  0.0275  0.0274  0.0274  0.0279  0.0271  0.0275  0.0269  0.0269
niter,ni,del,rscale     3    3    5.0000    0.6000
parameters
   -1.8760  -12.9953   12.4001    0.1714   -9.1815   -2.8119
    2.8142    3.1011   -2.3304  -10.0981   -2.7710    9.2848
eta,q 0.97360  7.94201
  0.0273  0.0272  0.0270  0.0268  0.0272  0.0271  0.0271  0.0275  0.0269  0.0272  0.0268  0.0268
  0.0268  0.0268  0.0267  0.0267  0.0268  0.0269  0.0267  0.0269  0.0266  0.0268  0.0266  0.0266
  0.0266  0.0265  0.0265  0.0266  0.0266  0.0266  0.0265  0.0265  0.0265  0.0265  0.0264  0.0264
  0.0265  0.0265  0.0265  0.0265  0.0264  0.0264  0.0264  0.0264  0.0264  0.0264  0.0264  0.0264
  0.0265  0.0265  0.0265  0.0264  0.0265  0.0264  0.0265  0.0265  0.0265  0.0265  0.0264  0.0265
  0.0268  0.0268  0.0267  0.0266  0.0267  0.0266  0.0267  0.0269  0.0267  0.0267  0.0266  0.0266
  0.0273  0.0272  0.0269  0.0268  0.0272  0.0270  0.0271  0.0275  0.0269  0.0272  0.0267  0.0268
niter,ni,del,rscale     2    3    5.0000    0.5000
parameters
   -1.8911  -12.9966   12.3974    0.3629   -9.0501   -2.5211
    2.8080    3.1412   -2.3731  -10.0246   -2.6877    9.1671
eta,q 0.97363  7.96285
  0.0270  0.0269  0.0268  0.0267  0.0270  0.0270  0.0269  0.0272  0.0267  0.0270  0.0266  0.0266
  0.0267  0.0266  0.0266  0.0266  0.0267  0.0267  0.0266  0.0267  0.0265  0.0267  0.0265  0.0265
  0.0265  0.0265  0.0264  0.0265  0.0265  0.0265  0.0264  0.0265  0.0264  0.0265  0.0264  0.0264
  0.0264  0.0264  0.0264  0.0264  0.0264  0.0264  0.0264  0.0264  0.0264  0.0264  0.0264  0.0264
  0.0265  0.0265  0.0264  0.0264  0.0264  0.0264  0.0264  0.0265  0.0264  0.0264  0.0264  0.0264
  0.0267  0.0266  0.0266  0.0265  0.0266  0.0265  0.0266  0.0267  0.0265  0.0266  0.0265  0.0265
  0.0270  0.0269  0.0268  0.0267  0.0269  0.0269  0.0269  0.0271  0.0268  0.0269  0.0266  0.0267
niter,ni,del,rscale     1    3    5.0000    0.4000
parameters
   -1.9075  -12.9953   12.3927    0.4979   -8.9517   -2.3074
    2.8121    3.1729   -2.4289   -9.9706   -2.6084    9.0931
eta,q 0.97365  7.97776
  0.0267  0.0267  0.0266  0.0266  0.0267  0.0268  0.0267  0.0269  0.0266  0.0268  0.0265  0.0265
  0.0265  0.0265  0.0265  0.0265  0.0266  0.0266  0.0265  0.0266  0.0265  0.0265  0.0264  0.0264
  0.0264  0.0264  0.0264  0.0264  0.0264  0.0265  0.0264  0.0264  0.0264  0.0264  0.0264  0.0264
  0.0264  0.0264  0.0264  0.0264  0.0264  0.0264  0.0264  0.0264  0.0263  0.0264  0.0264  0.0264
  0.0264  0.0264  0.0264  0.0264  0.0264  0.0264  0.0264  0.0264  0.0264  0.0264  0.0264  0.0264
  0.0266  0.0265  0.0265  0.0264  0.0265  0.0265  0.0265  0.0266  0.0265  0.0265  0.0264  0.0264
  0.0268  0.0267  0.0266  0.0266  0.0267  0.0267  0.0267  0.0269  0.0266  0.0267  0.0265  0.0266
registration optimization eta report
parameter search radius
    0.8000    0.8000    0.8000    2.4000    2.4000    2.4000
    2.4000    2.4000    2.4000    2.4000    2.4000    2.4000
100000*second partial in parameter space
       62.       53.       37.        4.        6.        7.
        6.        9.        4.        7.        3.        3.
  0.0267  0.0267  0.0266  0.0266  0.0267  0.0268  0.0267  0.0269  0.0266  0.0268  0.0265  0.0265
  0.0265  0.0265  0.0265  0.0265  0.0266  0.0266  0.0265  0.0266  0.0265  0.0265  0.0264  0.0264
  0.0264  0.0264  0.0264  0.0264  0.0264  0.0265  0.0264  0.0264  0.0264  0.0264  0.0264  0.0264
  0.0264  0.0264  0.0264  0.0264  0.0264  0.0264  0.0264  0.0264  0.0263  0.0264  0.0264  0.0264
  0.0264  0.0264  0.0264  0.0264  0.0264  0.0264  0.0264  0.0264  0.0264  0.0264  0.0264  0.0264
  0.0266  0.0265  0.0265  0.0264  0.0265  0.0265  0.0265  0.0266  0.0265  0.0265  0.0264  0.0264
  0.0268  0.0267  0.0266  0.0266  0.0267  0.0267  0.0267  0.0269  0.0266  0.0267  0.0265  0.0266
   -1.9075  -12.9953   12.3927    0.4979   -8.9517   -2.3074
    2.8121    3.1729   -2.4289   -9.9706   -2.6084    9.0931
eta,q 0.97365  7.97776

---------------------------------------------------------------------
compute_vox2vox talsrcimg talsrcimg_to_711-2C_as_mni_average_305_t4 /opt/freesurfer/average/711-2C_as_mni_average_305
---------------------------------------------------------------------

freesurfer compute_vox2vox.c
Reading: talsrcimg.4dfp.ifh
Reading: talsrcimg_to_711-2C_as_mni_average_305_t4
Reading: /opt/freesurfer/average/711-2C_as_mni_average_305.4dfp.ifh
Writing: talsrcimg_to_711-2C_as_mni_average_305_t4_vox2vox.txt

start time Thu Mar 12 21:57:43 CET 2026
end		time Thu Mar 12 21:59:10 CET 2026

mpr2mni305 success

avi2talxfm orig_nu.mgz /opt/freesurfer/average/mni305.cor.mgz talsrcimg_to_711-2C_as_mni_average_305_t4_vox2vox.txt transforms/talairach.auto.xfm
avi2talxfm done
mv -f /out/sourcedata/freesurfer/sub-v2s2x29072_ses-1/mri/talsrcimg_to_711-2C_as_mni_average_305_t4_vox2vox.txt /out/sourcedata/freesurfer/sub-v2s2x29072_ses-1/mri/transforms/talsrcimg_to_711-2C_as_mni_average_305_t4_vox2vox.txt
lta_convert --src orig_nu.mgz --trg /opt/freesurfer/average/mni305.cor.mgz --inxfm transforms/talairach.auto.xfm --outlta transforms/talairach.auto.xfm.lta --subject fsaverage
7.3.2

--src: orig_nu.mgz src image (geometry).
--trg: /opt/freesurfer/average/mni305.cor.mgz trg image (geometry).
--inmni: transforms/talairach.auto.xfm input MNI/XFM transform.
--outlta: transforms/talairach.auto.xfm.lta output LTA.
--s: fsaverage subject name
 LTA read, type : 1
 0.99348  -0.03504  -0.02719   3.90938;
 0.02382   1.01245  -0.10185  -1.93799;
 0.02911   0.10994   1.08644  -5.51537;
 0.00000   0.00000   0.00000   1.00000;
setting subject to fsaverage
Writing  LTA to file transforms/talairach.auto.xfm.lta...
lta_convert successful.
 
 
Started at Thu Mar 12 21:57:42 CET 2026
Ended   at Thu Mar 12 21:59:10 CET 2026
talairach_avi done
