status file for recon-all
Thu Mar 12 23:06:07 CET 2026
#@# Tessellate lh Thu Mar 12 23:06:07 CET 2026
#@# Smooth1 lh Thu Mar 12 23:06:11 CET 2026
#@# Inflation1 lh Thu Mar 12 23:06:14 CET 2026
#@# QSphere lh Thu Mar 12 23:07:25 CET 2026
#@# Fix Topology lh Thu Mar 12 23:08:43 CET 2026
#@# Smooth2 lh Thu Mar 12 23:17:53 CET 2026
#@# Inflation2 lh Thu Mar 12 23:17:56 CET 2026
#@# Curv .H and .K lh Thu Mar 12 23:19:12 CET 2026
#@# Sphere lh Thu Mar 12 23:20:05 CET 2026
#@# Surf Reg lh Thu Mar 12 23:23:36 CET 2026
#@# Jacobian white lh Thu Mar 12 23:28:45 CET 2026
#@# AvgCurv lh Thu Mar 12 23:28:46 CET 2026
#@# Cortical Parc lh Thu Mar 12 23:28:47 CET 2026
#@# white curv lh Thu Mar 12 23:36:32 CET 2026
#@# white area lh Thu Mar 12 23:36:34 CET 2026
#@# pial curv lh Thu Mar 12 23:36:35 CET 2026
#@# pial area lh Thu Mar 12 23:36:37 CET 2026
#@# thickness lh Thu Mar 12 23:36:38 CET 2026
#@# area and vertex vol lh Thu Mar 12 23:37:13 CET 2026
#@# Curvature Stats lh Thu Mar 12 23:37:15 CET 2026
#@# Cortical Parc 2 lh Thu Mar 12 23:37:18 CET 2026
#@# Cortical Parc 3 lh Thu Mar 12 23:37:34 CET 2026
#@# WM/GM Contrast lh Thu Mar 12 23:37:46 CET 2026
recon-all -s sub-v2s2x29064_ses-1 finished without error at Thu Mar 12 23:37:51 CET 2026



#New# invocation of recon-all 



status file for recon-all
Fri Mar 13 00:16:29 CET 2026
#@# white curv lh Fri Mar 13 00:16:29 CET 2026
#@# white area lh Fri Mar 13 00:16:29 CET 2026
#@# pial curv lh Fri Mar 13 00:16:29 CET 2026
#@# pial area lh Fri Mar 13 00:16:29 CET 2026
#@# thickness lh Fri Mar 13 00:16:29 CET 2026
#@# area and vertex vol lh Fri Mar 13 00:16:29 CET 2026
#@# Parcellation Stats lh Fri Mar 13 00:16:29 CET 2026
#@# Parcellation Stats 2 lh Fri Mar 13 00:16:52 CET 2026
#@# Parcellation Stats 3 lh Fri Mar 13 00:17:04 CET 2026
#@# BA_exvivo Labels lh Fri Mar 13 00:17:15 CET 2026
recon-all -s sub-v2s2x29064_ses-1 finished without error at Fri Mar 13 00:20:17 CET 2026
