status file for recon-all
Thu Mar 12 21:11:41 CET 2026
#@# MotionCor Thu Mar 12 21:11:43 CET 2026
#@# Talairach Thu Mar 12 21:11:53 CET 2026
#@# Talairach Failure Detection Thu Mar 12 21:16:18 CET 2026
#@# Nu Intensity Correction Thu Mar 12 21:16:19 CET 2026
#@# Intensity Normalization Thu Mar 12 21:19:34 CET 2026
recon-all -s sub-v2s2x29064_ses-1 finished without error at Thu Mar 12 21:21:04 CET 2026



#New# invocation of recon-all 



status file for recon-all
Thu Mar 12 21:28:27 CET 2026
#@# EM Registration Thu Mar 12 21:28:27 CET 2026
recon-all -s sub-v2s2x29064_ses-1 finished without error at Thu Mar 12 21:30:50 CET 2026



#New# invocation of recon-all 



status file for recon-all
Thu Mar 12 21:30:54 CET 2026
#@# CA Normalize Thu Mar 12 21:30:54 CET 2026
#@# CA Reg Thu Mar 12 21:32:14 CET 2026
#@# SubCort Seg Thu Mar 12 22:24:07 CET 2026
#@# CC Seg Thu Mar 12 22:59:55 CET 2026
#@# Merge ASeg Thu Mar 12 23:00:32 CET 2026
#@# Intensity Normalization2 Thu Mar 12 23:00:32 CET 2026
#@# Mask BFS Thu Mar 12 23:02:47 CET 2026
#@# WM Segmentation Thu Mar 12 23:02:47 CET 2026
#@# Fill Thu Mar 12 23:05:00 CET 2026
recon-all -s sub-v2s2x29064_ses-1 finished without error at Thu Mar 12 23:06:03 CET 2026



#New# invocation of recon-all 



status file for recon-all
Fri Mar 13 00:10:43 CET 2026
#@# white curv lh Fri Mar 13 00:10:43 CET 2026
#@# white area lh Fri Mar 13 00:10:43 CET 2026
#@# pial curv lh Fri Mar 13 00:10:43 CET 2026
#@# pial area lh Fri Mar 13 00:10:43 CET 2026
#@# thickness lh Fri Mar 13 00:10:43 CET 2026
#@# area and vertex vol lh Fri Mar 13 00:10:43 CET 2026
#@# white curv rh Fri Mar 13 00:10:43 CET 2026
#@# white area rh Fri Mar 13 00:10:43 CET 2026
#@# pial curv rh Fri Mar 13 00:10:43 CET 2026
#@# pial area rh Fri Mar 13 00:10:43 CET 2026
#@# thickness rh Fri Mar 13 00:10:43 CET 2026
#@# area and vertex vol rh Fri Mar 13 00:10:43 CET 2026
#@# Cortical ribbon mask Fri Mar 13 00:10:44 CET 2026
recon-all -s sub-v2s2x29064_ses-1 finished without error at Fri Mar 13 00:16:23 CET 2026



#New# invocation of recon-all 



status file for recon-all
Fri Mar 13 00:24:15 CET 2026
#@# white curv lh Fri Mar 13 00:24:15 CET 2026
#@# white area lh Fri Mar 13 00:24:15 CET 2026
#@# pial curv lh Fri Mar 13 00:24:15 CET 2026
#@# pial area lh Fri Mar 13 00:24:15 CET 2026
#@# thickness lh Fri Mar 13 00:24:15 CET 2026
#@# area and vertex vol lh Fri Mar 13 00:24:15 CET 2026
#@# white curv rh Fri Mar 13 00:24:15 CET 2026
#@# white area rh Fri Mar 13 00:24:15 CET 2026
#@# pial curv rh Fri Mar 13 00:24:15 CET 2026
#@# pial area rh Fri Mar 13 00:24:15 CET 2026
#@# thickness rh Fri Mar 13 00:24:15 CET 2026
#@# area and vertex vol rh Fri Mar 13 00:24:15 CET 2026
#@# Curvature Stats lh Fri Mar 13 00:24:16 CET 2026
#@# Curvature Stats rh Fri Mar 13 00:24:19 CET 2026
#@# Relabel Hypointensities Fri Mar 13 00:24:21 CET 2026
#@# APas-to-ASeg Fri Mar 13 00:24:40 CET 2026
#@# AParc-to-ASeg aparc Fri Mar 13 00:24:49 CET 2026
#@# AParc-to-ASeg aparc.a2009s Fri Mar 13 00:25:37 CET 2026
#@# AParc-to-ASeg aparc.DKTatlas Fri Mar 13 00:26:28 CET 2026
#@# WMParc Fri Mar 13 00:27:16 CET 2026
#@# ASeg Stats Fri Mar 13 00:31:24 CET 2026
recon-all -s sub-v2s2x29064_ses-1 finished without error at Fri Mar 13 00:32:05 CET 2026
