status file for recon-all
Thu Mar 12 23:46:30 CET 2026
#@# Tessellate lh Thu Mar 12 23:46:30 CET 2026
#@# Smooth1 lh Thu Mar 12 23:46:34 CET 2026
#@# Inflation1 lh Thu Mar 12 23:46:37 CET 2026
#@# QSphere lh Thu Mar 12 23:47:41 CET 2026
#@# Fix Topology lh Thu Mar 12 23:49:02 CET 2026
#@# Smooth2 lh Thu Mar 12 23:56:54 CET 2026
#@# Inflation2 lh Thu Mar 12 23:56:58 CET 2026
#@# Curv .H and .K lh Thu Mar 12 23:57:20 CET 2026
#@# Sphere lh Thu Mar 12 23:58:27 CET 2026
#@# Surf Reg lh Fri Mar 13 00:02:08 CET 2026
#@# Jacobian white lh Fri Mar 13 00:07:15 CET 2026
#@# AvgCurv lh Fri Mar 13 00:07:16 CET 2026
#@# Cortical Parc lh Fri Mar 13 00:07:17 CET 2026
#@# white curv lh Fri Mar 13 00:15:27 CET 2026
#@# white area lh Fri Mar 13 00:15:29 CET 2026
#@# pial curv lh Fri Mar 13 00:15:30 CET 2026
#@# pial area lh Fri Mar 13 00:15:33 CET 2026
#@# thickness lh Fri Mar 13 00:15:33 CET 2026
#@# area and vertex vol lh Fri Mar 13 00:16:17 CET 2026
#@# Curvature Stats lh Fri Mar 13 00:16:19 CET 2026
#@# Cortical Parc 2 lh Fri Mar 13 00:16:22 CET 2026
#@# Cortical Parc 3 lh Fri Mar 13 00:16:40 CET 2026
#@# WM/GM Contrast lh Fri Mar 13 00:16:54 CET 2026
recon-all -s sub-v2s2x29072_ses-1 finished without error at Fri Mar 13 00:16:59 CET 2026



#New# invocation of recon-all 



status file for recon-all
Fri Mar 13 00:56:06 CET 2026
#@# white curv lh Fri Mar 13 00:56:06 CET 2026
#@# white area lh Fri Mar 13 00:56:06 CET 2026
#@# pial curv lh Fri Mar 13 00:56:06 CET 2026
#@# pial area lh Fri Mar 13 00:56:06 CET 2026
#@# thickness lh Fri Mar 13 00:56:06 CET 2026
#@# area and vertex vol lh Fri Mar 13 00:56:06 CET 2026
#@# Parcellation Stats lh Fri Mar 13 00:56:06 CET 2026
#@# Parcellation Stats 2 lh Fri Mar 13 00:56:40 CET 2026
#@# Parcellation Stats 3 lh Fri Mar 13 00:56:57 CET 2026
#@# BA_exvivo Labels lh Fri Mar 13 00:57:13 CET 2026
recon-all -s sub-v2s2x29072_ses-1 finished without error at Fri Mar 13 01:00:39 CET 2026
