status file for recon-all
Thu Mar 12 21:54:35 CET 2026
#@# MotionCor Thu Mar 12 21:54:37 CET 2026
#@# Talairach Thu Mar 12 21:54:47 CET 2026
#@# Talairach Failure Detection Thu Mar 12 21:59:13 CET 2026
#@# Nu Intensity Correction Thu Mar 12 21:59:13 CET 2026
#@# Intensity Normalization Thu Mar 12 22:02:27 CET 2026
recon-all -s sub-v2s2x29072_ses-1 finished without error at Thu Mar 12 22:04:08 CET 2026



#New# invocation of recon-all 



status file for recon-all
Thu Mar 12 22:11:46 CET 2026
#@# EM Registration Thu Mar 12 22:11:46 CET 2026
recon-all -s sub-v2s2x29072_ses-1 finished without error at Thu Mar 12 22:14:02 CET 2026



#New# invocation of recon-all 



status file for recon-all
Thu Mar 12 22:14:05 CET 2026
#@# CA Normalize Thu Mar 12 22:14:05 CET 2026
#@# CA Reg Thu Mar 12 22:15:22 CET 2026
#@# SubCort Seg Thu Mar 12 23:02:37 CET 2026
#@# CC Seg Thu Mar 12 23:40:09 CET 2026
#@# Merge ASeg Thu Mar 12 23:40:47 CET 2026
#@# Intensity Normalization2 Thu Mar 12 23:40:47 CET 2026
#@# Mask BFS Thu Mar 12 23:43:08 CET 2026
#@# WM Segmentation Thu Mar 12 23:43:09 CET 2026
#@# Fill Thu Mar 12 23:45:21 CET 2026
recon-all -s sub-v2s2x29072_ses-1 finished without error at Thu Mar 12 23:46:25 CET 2026



#New# invocation of recon-all 



status file for recon-all
Fri Mar 13 00:46:40 CET 2026
#@# white curv lh Fri Mar 13 00:46:40 CET 2026
#@# white area lh Fri Mar 13 00:46:40 CET 2026
#@# pial curv lh Fri Mar 13 00:46:40 CET 2026
#@# pial area lh Fri Mar 13 00:46:40 CET 2026
#@# thickness lh Fri Mar 13 00:46:40 CET 2026
#@# area and vertex vol lh Fri Mar 13 00:46:40 CET 2026
#@# white curv rh Fri Mar 13 00:46:40 CET 2026
#@# white area rh Fri Mar 13 00:46:40 CET 2026
#@# pial curv rh Fri Mar 13 00:46:40 CET 2026
#@# pial area rh Fri Mar 13 00:46:40 CET 2026
#@# thickness rh Fri Mar 13 00:46:40 CET 2026
#@# area and vertex vol rh Fri Mar 13 00:46:40 CET 2026
#@# Cortical ribbon mask Fri Mar 13 00:46:40 CET 2026
recon-all -s sub-v2s2x29072_ses-1 finished without error at Fri Mar 13 00:56:02 CET 2026



#New# invocation of recon-all 



status file for recon-all
Fri Mar 13 01:05:18 CET 2026
#@# white curv lh Fri Mar 13 01:05:18 CET 2026
#@# white area lh Fri Mar 13 01:05:18 CET 2026
#@# pial curv lh Fri Mar 13 01:05:18 CET 2026
#@# pial area lh Fri Mar 13 01:05:18 CET 2026
#@# thickness lh Fri Mar 13 01:05:18 CET 2026
#@# area and vertex vol lh Fri Mar 13 01:05:18 CET 2026
#@# white curv rh Fri Mar 13 01:05:18 CET 2026
#@# white area rh Fri Mar 13 01:05:18 CET 2026
#@# pial curv rh Fri Mar 13 01:05:18 CET 2026
#@# pial area rh Fri Mar 13 01:05:18 CET 2026
#@# thickness rh Fri Mar 13 01:05:18 CET 2026
#@# area and vertex vol rh Fri Mar 13 01:05:18 CET 2026
#@# Curvature Stats lh Fri Mar 13 01:05:18 CET 2026
#@# Curvature Stats rh Fri Mar 13 01:05:22 CET 2026
#@# Relabel Hypointensities Fri Mar 13 01:05:25 CET 2026
#@# APas-to-ASeg Fri Mar 13 01:05:46 CET 2026
#@# AParc-to-ASeg aparc Fri Mar 13 01:05:57 CET 2026
#@# AParc-to-ASeg aparc.a2009s Fri Mar 13 01:06:57 CET 2026
#@# AParc-to-ASeg aparc.DKTatlas Fri Mar 13 01:07:55 CET 2026
#@# WMParc Fri Mar 13 01:08:57 CET 2026
#@# ASeg Stats Fri Mar 13 01:12:56 CET 2026
recon-all -s sub-v2s2x29072_ses-1 finished without error at Fri Mar 13 01:13:31 CET 2026
