status file for recon-all
Fri Mar 13 00:17:02 CET 2026
#@# Tessellate rh Fri Mar 13 00:17:02 CET 2026
#@# Smooth1 rh Fri Mar 13 00:17:06 CET 2026
#@# Inflation1 rh Fri Mar 13 00:17:09 CET 2026
#@# QSphere rh Fri Mar 13 00:18:17 CET 2026
#@# Fix Topology rh Fri Mar 13 00:19:43 CET 2026
#@# Smooth2 rh Fri Mar 13 00:27:41 CET 2026
#@# Inflation2 rh Fri Mar 13 00:27:45 CET 2026
#@# Curv .H and .K rh Fri Mar 13 00:28:09 CET 2026
#@# Sphere rh Fri Mar 13 00:29:16 CET 2026
#@# Surf Reg rh Fri Mar 13 00:31:52 CET 2026
#@# Jacobian white rh Fri Mar 13 00:36:46 CET 2026
#@# AvgCurv rh Fri Mar 13 00:36:47 CET 2026
#@# Cortical Parc rh Fri Mar 13 00:36:48 CET 2026
#@# white curv rh Fri Mar 13 00:44:57 CET 2026
#@# white area rh Fri Mar 13 00:45:00 CET 2026
#@# pial curv rh Fri Mar 13 00:45:01 CET 2026
#@# pial area rh Fri Mar 13 00:45:04 CET 2026
#@# thickness rh Fri Mar 13 00:45:04 CET 2026
#@# area and vertex vol rh Fri Mar 13 00:45:50 CET 2026
#@# Curvature Stats rh Fri Mar 13 00:45:52 CET 2026
#@# Cortical Parc 2 rh Fri Mar 13 00:45:55 CET 2026
#@# Cortical Parc 3 rh Fri Mar 13 00:46:14 CET 2026
#@# WM/GM Contrast rh Fri Mar 13 00:46:28 CET 2026
recon-all -s sub-v2s2x29072_ses-1 finished without error at Fri Mar 13 00:46:33 CET 2026



#New# invocation of recon-all 



status file for recon-all
Fri Mar 13 01:00:40 CET 2026
#@# white curv rh Fri Mar 13 01:00:40 CET 2026
#@# white area rh Fri Mar 13 01:00:40 CET 2026
#@# pial curv rh Fri Mar 13 01:00:40 CET 2026
#@# pial area rh Fri Mar 13 01:00:40 CET 2026
#@# thickness rh Fri Mar 13 01:00:40 CET 2026
#@# area and vertex vol rh Fri Mar 13 01:00:40 CET 2026
#@# Parcellation Stats rh Fri Mar 13 01:00:40 CET 2026
#@# Parcellation Stats 2 rh Fri Mar 13 01:01:14 CET 2026
#@# Parcellation Stats 3 rh Fri Mar 13 01:01:31 CET 2026
#@# BA_exvivo Labels rh Fri Mar 13 01:01:48 CET 2026
recon-all -s sub-v2s2x29072_ses-1 finished without error at Fri Mar 13 01:05:14 CET 2026
