/out/sourcedata/freesurfer/sub-v2s2x29060_ses-1/mri
/opt/freesurfer/bin/talairach_avi
--i orig_nu.mgz --xfm transforms/talairach.auto.xfm
talairach_avi 7.3.2
Linux dna055 5.14.0-427.37.1.el9_4.x86_64 #1 SMP PREEMPT_DYNAMIC Fri Sep 13 12:41:50 EDT 2024 x86_64 x86_64 x86_64 GNU/Linux
Thu Mar 12 20:52:46 CET 2026
mri_convert orig_nu.mgz talsrcimg.img 
reading from orig_nu.mgz...
TR=0.00, TE=0.00, TI=0.00, flip angle=0.00
i_ras = (-1, 0, 0)
j_ras = (0, 0, -1)
k_ras = (0, 1, 0)
writing to talsrcimg.img...
Analyze Output Matrix
-0.89844   0.00000   0.00000   122.75694;
 0.00000   0.00000   0.89844  -142.97540;
 0.00000  -0.89844   0.00000   134.28729;
 0.00000   0.00000   0.00000   1.00000;
--------------------
INFO: set hdr.hist.orient to -1
mpr2mni305 talsrcimg
Thu Mar 12 20:52:47 CET 2026
/opt/freesurfer/bin/mpr2mni305 talsrcimg
mpr2mni305 7.3.2
target=711-2C_as_mni_average_305

---------------------------------------------------------------------
analyzeto4dfp talsrcimg -O0 -y
---------------------------------------------------------------------

freesurfer ifh2hdr.c
Thu Mar 12 20:52:47 2026
Writing: talsrcimg.4dfp.hdr
freesurfer analyzeto4dfp.c
Reading: talsrcimg.hdr
header size 348 bytes
hdr.dime.datatype	offset=70	value=2
hdr.dime.bitpix		offset=72	value=8
hdr.hist.orient		offset=252	value=-1
dimensionality     4
dimensions       256       256       256         1
Reading: talsrcimg.img
Writing: talsrcimg.4dfp.img
Writing: talsrcimg.4dfp.ifh
ifh2hdr talsrcimg -r0to255
ori=2

---------------------------------------------------------------------
gauss_4dfp talsrcimg 1.1
---------------------------------------------------------------------

freesurfer gauss_4dfp.c
Reading: talsrcimg.4dfp.img
Writing: talsrcimg_g11.4dfp.img
image dimensions 256 256 256 padded to 288 288 288
processing volume 1freesurfer ifh2hdr.c
Thu Mar 12 20:52:49 2026
Writing: talsrcimg_g11.4dfp.hdr

Writing: talsrcimg_g11.4dfp.ifh
including: talsrcimg.4dfp.img.rec in talsrcimg_g11.4dfp.img.rec

---------------------------------------------------------------------
imgreg_4dfp /opt/freesurfer/average/711-2C_as_mni_average_305 none talsrcimg_g11 none talsrcimg_to_711-2C_as_mni_average_305_t4 4355
---------------------------------------------------------------------

freesurfer imgreg_4dfp.c
/opt/freesurfer/average/711-2C_as_mni_average_305.4dfp.img
       256       256       256         1
  1.000000  1.000000  1.000000
orientation T byte_order littleendian
Reading image: /opt/freesurfer/average/711-2C_as_mni_average_305.4dfp.img
dimensions:      256       256       256
mmppix:       1.0000   -1.0000   -1.0000
center:     128.0000 -129.0000 -129.0000
talsrcimg_g11.4dfp.img
       256       256       256         1
  0.898438  0.898438  0.898438
orientation T byte_order littleendian
Reading image: talsrcimg_g11.4dfp.img
dimensions:      256       256       256
mmppix:       0.8984   -0.8984   -0.8984
center:     115.0001 -115.8985 -115.8985
t4_read: open error in t4_sub.f l:  41 t4_file(1:l)talsrcimg_to_711-2C_as_mni_average_305_t4 
t4_read: transform initialized to I4
rotation matrix determinant  1.000000
image alignment mode   4355 decimal     1103 hex
   -7.5000  -45.0000  -45.0000 5671.8042   11.7987
    0.0000  -45.0000  -45.0000 5754.8867   11.8360
    7.5000  -45.0000  -45.0000 5460.2319   11.8694
   -7.5000  -37.5000  -45.0000 6192.6133   12.4646
    0.0000  -37.5000  -45.0000 6276.5396   12.5045
    7.5000  -37.5000  -45.0000 5955.9189   12.5327
   -7.5000  -30.0000  -45.0000 6680.3745   12.8458
    0.0000  -30.0000  -45.0000 6771.7666   12.8886
    7.5000  -30.0000  -45.0000 6398.0923   12.9107
   -7.5000  -22.5000  -45.0000 7181.6206   12.9062
    0.0000  -22.5000  -45.0000 7280.7012   12.9508
    7.5000  -22.5000  -45.0000 6859.8691   12.9728
   -7.5000  -15.0000  -45.0000 7597.2070   12.9820
    0.0000  -15.0000  -45.0000 7686.6543   13.0260
    7.5000  -15.0000  -45.0000 7257.1235   13.0557
   -7.5000   -7.5000  -45.0000 7698.2832   12.9845
    0.0000   -7.5000  -45.0000 7796.0244   13.0262
    7.5000   -7.5000  -45.0000 7360.5254   13.0628
   -7.5000    0.0000  -45.0000 7778.9707   12.9237
    0.0000    0.0000  -45.0000 7904.6396   12.9644
    7.5000    0.0000  -45.0000 7451.7485   13.0008
   -7.5000    7.5000  -45.0000 7573.7095   12.8575
    0.0000    7.5000  -45.0000 7698.5908   12.8987
    7.5000    7.5000  -45.0000 7264.2256   12.9278
   -7.5000   15.0000  -45.0000 7566.5122   12.8458
    0.0000   15.0000  -45.0000 7694.5220   12.8886
    7.5000   15.0000  -45.0000 7244.7407   12.9107
   -7.5000   22.5000  -45.0000 7018.2285   12.7326
    0.0000   22.5000  -45.0000 7116.5186   12.7766
    7.5000   22.5000  -45.0000 6699.1929   12.7983
   -7.5000   30.0000  -45.0000 6445.1758   12.4658
    0.0000   30.0000  -45.0000 6527.1401   12.5080
    7.5000   30.0000  -45.0000 6140.4009   12.5366
   -7.5000   37.5000  -45.0000 5879.7109   12.0667
    0.0000   37.5000  -45.0000 5958.4565   12.1054
    7.5000   37.5000  -45.0000 5594.3765   12.1394
   -7.5000   45.0000  -45.0000 5327.3955   11.5762
    0.0000   45.0000  -45.0000 5396.1040   11.6127
    7.5000   45.0000  -45.0000 5072.9692   11.6453
   -7.5000  -45.0000  -37.5000 6261.7549   12.3800
    0.0000  -45.0000  -37.5000 6354.0854   12.4166
    7.5000  -45.0000  -37.5000 5999.4370   12.4450
   -7.5000  -37.5000  -37.5000 6814.6870   13.0818
    0.0000  -37.5000  -37.5000 6910.7363   13.1241
    7.5000  -37.5000  -37.5000 6516.1973   13.1499
   -7.5000  -30.0000  -37.5000 7327.4360   13.4645
    0.0000  -30.0000  -37.5000 7429.7588   13.5100
    7.5000  -30.0000  -37.5000 7001.9673   13.5301
   -7.5000  -22.5000  -37.5000 7864.1606   13.5364
    0.0000  -22.5000  -37.5000 7967.5771   13.5809
    7.5000  -22.5000  -37.5000 7508.0386   13.5983
   -7.5000  -15.0000  -37.5000 8318.2871   13.6188
    0.0000  -15.0000  -37.5000 8443.2012   13.6599
    7.5000  -15.0000  -37.5000 7934.2725   13.6819
   -7.5000   -7.5000  -37.5000 8396.9053   13.6159
    0.0000   -7.5000  -37.5000 8506.8291   13.6545
    7.5000   -7.5000  -37.5000 8017.3037   13.6829
   -7.5000    0.0000  -37.5000 8488.2881   13.5432
    0.0000    0.0000  -37.5000 8589.7754   13.5832
    7.5000    0.0000  -37.5000 8094.4194   13.6141
   -7.5000    7.5000  -37.5000 8260.7051   13.4705
    0.0000    7.5000  -37.5000 8358.6416   13.5140
    7.5000    7.5000  -37.5000 7887.5747   13.5406
   -7.5000   15.0000  -37.5000 8229.3701   13.4639
    0.0000   15.0000  -37.5000 8331.0430   13.5094
    7.5000   15.0000  -37.5000 7864.9438   13.5294
   -7.5000   22.5000  -37.5000 7607.1523   13.3554
    0.0000   22.5000  -37.5000 7694.6328   13.3994
    7.5000   22.5000  -37.5000 7249.5186   13.4165
   -7.5000   30.0000  -37.5000 6967.5630   13.0865
    0.0000   30.0000  -37.5000 7045.3164   13.1261
    7.5000   30.0000  -37.5000 6643.3013   13.1472
   -7.5000   37.5000  -37.5000 6358.4482   12.6638
    0.0000   37.5000  -37.5000 6429.6392   12.6997
    7.5000   37.5000  -37.5000 6057.9634   12.7261
   -7.5000   45.0000  -37.5000 5732.2476   12.1312
    0.0000   45.0000  -37.5000 5789.9976   12.1670
    7.5000   45.0000  -37.5000 5470.2593   12.1947
   -7.5000  -45.0000  -30.0000 6846.1499   12.9359
    0.0000  -45.0000  -30.0000 6942.4067   12.9728
    7.5000  -45.0000  -30.0000 6550.0322   12.9939
   -7.5000  -37.5000  -30.0000 7411.8198   13.6751
    0.0000  -37.5000  -30.0000 7523.5322   13.7196
    7.5000  -37.5000  -30.0000 7096.3306   13.7406
   -7.5000  -30.0000  -30.0000 7970.6631   14.0613
    0.0000  -30.0000  -30.0000 8055.1406   14.1088
    7.5000  -30.0000  -30.0000 7626.7021   14.1253
   -7.5000  -22.5000  -30.0000 8539.3193   14.1422
    0.0000  -22.5000  -30.0000 8630.4062   14.1865
    7.5000  -22.5000  -30.0000 8153.6865   14.1991
   -7.5000  -15.0000  -30.0000 9045.2705   14.2285
    0.0000  -15.0000  -30.0000 9154.8330   14.2678
    7.5000  -15.0000  -30.0000 8613.8174   14.2820
   -7.5000   -7.5000  -30.0000 9120.7812   14.2193
    0.0000   -7.5000  -30.0000 9221.4189   14.2564
    7.5000   -7.5000  -30.0000 8686.3848   14.2755
   -7.5000    0.0000  -30.0000 9176.3818   14.1367
    0.0000    0.0000  -30.0000 9272.3594   14.1769
    7.5000    0.0000  -30.0000 8752.8613   14.1999
   -7.5000    7.5000  -30.0000 8892.8916   14.0601
    0.0000    7.5000  -30.0000 9000.3506   14.1059
    7.5000    7.5000  -30.0000 8498.3418   14.1274
   -7.5000   15.0000  -30.0000 8852.8330   14.0593
    0.0000   15.0000  -30.0000 8934.6846   14.1068
    7.5000   15.0000  -30.0000 8442.4258   14.1234
   -7.5000   22.5000  -30.0000 8167.4727   13.9537
    0.0000   22.5000  -30.0000 8256.4531   13.9975
    7.5000   22.5000  -30.0000 7794.3848   14.0099
   -7.5000   30.0000  -30.0000 7482.3535   13.6824
    0.0000   30.0000  -30.0000 7557.7202   13.7202
    7.5000   30.0000  -30.0000 7146.6475   13.7338
   -7.5000   37.5000  -30.0000 6788.1392   13.2450
    0.0000   37.5000  -30.0000 6873.2173   13.2795
    7.5000   37.5000  -30.0000 6480.8042   13.2972
   -7.5000   45.0000  -30.0000 6117.2407   12.6828
    0.0000   45.0000  -30.0000 6189.6245   12.7190
    7.5000   45.0000  -30.0000 5835.4058   12.7396
   -7.5000  -45.0000  -22.5000 7398.2812   13.4785
    0.0000  -45.0000  -22.5000 7491.2363   13.5180
    7.5000  -45.0000  -22.5000 7069.5259   13.5363
   -7.5000  -37.5000  -22.5000 7987.2158   14.2611
    0.0000  -37.5000  -22.5000 8084.6211   14.3078
    7.5000  -37.5000  -22.5000 7634.3105   14.3265
   -7.5000  -30.0000  -22.5000 8588.2705   14.6463
    0.0000  -30.0000  -22.5000 8672.2051   14.6960
    7.5000  -30.0000  -22.5000 8188.0669   14.7121
   -7.5000  -22.5000  -22.5000 9197.2461   14.7255
    0.0000  -22.5000  -22.5000 9260.7002   14.7725
    7.5000  -22.5000  -22.5000 8754.5000   14.7863
   -7.5000  -15.0000  -22.5000 9745.1328   14.8120
    0.0000  -15.0000  -22.5000 9829.7432   14.8547
    7.5000  -15.0000  -22.5000 9241.6318   14.8693
   -7.5000   -7.5000  -22.5000 9815.2031   14.8029
    0.0000   -7.5000  -22.5000 9920.5234   14.8435
    7.5000   -7.5000  -22.5000 9337.1543   14.8610
   -7.5000    0.0000  -22.5000 9853.6387   14.7212
    0.0000    0.0000  -22.5000 9978.2783   14.7643
    7.5000    0.0000  -22.5000 9393.8418   14.7842
   -7.5000    7.5000  -22.5000 9554.1953   14.6443
    0.0000    7.5000  -22.5000 9677.9189   14.6924
    7.5000    7.5000  -22.5000 9120.5352   14.7115
   -7.5000   15.0000  -22.5000 9456.3623   14.6428
    0.0000   15.0000  -22.5000 9545.1055   14.6924
    7.5000   15.0000  -22.5000 9009.0908   14.7085
   -7.5000   22.5000  -22.5000 8717.8154   14.5307
    0.0000   22.5000  -22.5000 8802.1094   14.5770
    7.5000   22.5000  -22.5000 8326.9727   14.5906
   -7.5000   30.0000  -22.5000 7982.7412   14.2540
    0.0000   30.0000  -22.5000 8058.6846   14.2951
    7.5000   30.0000  -22.5000 7625.5967   14.3091
   -7.5000   37.5000  -22.5000 7229.3999   13.8096
    0.0000   37.5000  -22.5000 7294.9629   13.8474
    7.5000   37.5000  -22.5000 6904.3159   13.8637
   -7.5000   45.0000  -22.5000 6479.3496   13.2392
    0.0000   45.0000  -22.5000 6541.6602   13.2780
    7.5000   45.0000  -22.5000 6180.7119   13.2959
   -7.5000  -45.0000  -15.0000 7932.4727   13.9576
    0.0000  -45.0000  -15.0000 8010.3081   14.0005
    7.5000  -45.0000  -15.0000 7587.6406   14.0270
   -7.5000  -37.5000  -15.0000 8540.8311   14.7708
    0.0000  -37.5000  -15.0000 8620.6895   14.8184
    7.5000  -37.5000  -15.0000 8159.8120   14.8424
   -7.5000  -30.0000  -15.0000 9175.1016   15.1472
    0.0000  -30.0000  -15.0000 9262.2461   15.1976
    7.5000  -30.0000  -15.0000 8747.3984   15.2186
   -7.5000  -22.5000  -15.0000 9827.0215   15.2159
    0.0000  -22.5000  -15.0000 9903.3213   15.2666
    7.5000  -22.5000  -15.0000 9338.0283   15.2881
   -7.5000  -15.0000  -15.000010388.8037   15.3012
    0.0000  -15.0000  -15.000010484.1523   15.3502
    7.5000  -15.0000  -15.0000 9851.2783   15.3760
   -7.5000   -7.5000  -15.000010464.3721   15.3005
    0.0000   -7.5000  -15.000010575.7275   15.3473
    7.5000   -7.5000  -15.0000 9937.5391   15.3765
   -7.5000    0.0000  -15.000010542.4482   15.2296
    0.0000    0.0000  -15.000010662.2295   15.2764
    7.5000    0.0000  -15.000010009.8330   15.3051
   -7.5000    7.5000  -15.000010214.3965   15.1530
    0.0000    7.5000  -15.000010334.7207   15.2019
    7.5000    7.5000  -15.0000 9709.9521   15.2265
   -7.5000   15.0000  -15.000010048.0605   15.1425
    0.0000   15.0000  -15.000010142.4277   15.1929
    7.5000   15.0000  -15.0000 9549.4092   15.2139
   -7.5000   22.5000  -15.0000 9250.7754   15.0169
    0.0000   22.5000  -15.0000 9345.5254   15.0669
    7.5000   22.5000  -15.0000 8832.3525   15.0881
   -7.5000   30.0000  -15.0000 8469.9395   14.7358
    0.0000   30.0000  -15.0000 8537.6201   14.7830
    7.5000   30.0000  -15.0000 8085.5425   14.8079
   -7.5000   37.5000  -15.0000 7643.3809   14.2956
    0.0000   37.5000  -15.0000 7698.6484   14.3393
    7.5000   37.5000  -15.0000 7286.8262   14.3666
   -7.5000   45.0000  -15.0000 6829.5308   13.7297
    0.0000   45.0000  -15.0000 6886.1177   13.7719
    7.5000   45.0000  -15.0000 6499.1768   13.7978
   -7.5000  -45.0000   -7.5000 8260.8379   13.9691
    0.0000  -45.0000   -7.5000 8339.5898   14.0125
    7.5000  -45.0000   -7.5000 7885.4556   14.0480
   -7.5000  -37.5000   -7.5000 8865.8418   14.7828
    0.0000  -37.5000   -7.5000 8955.9688   14.8291
    7.5000  -37.5000   -7.5000 8445.6875   14.8588
   -7.5000  -30.0000   -7.5000 9493.1318   15.1529
    0.0000  -30.0000   -7.5000 9572.4297   15.2023
    7.5000  -30.0000   -7.5000 9034.8174   15.2263
   -7.5000  -22.5000   -7.500010165.9707   15.2148
    0.0000  -22.5000   -7.500010241.3350   15.2668
    7.5000  -22.5000   -7.5000 9648.7021   15.2921
   -7.5000  -15.0000   -7.500010760.0850   15.2988
    0.0000  -15.0000   -7.500010839.4844   15.3508
    7.5000  -15.0000   -7.500010184.9209   15.3846
   -7.5000   -7.5000   -7.500010842.8730   15.3049
    0.0000   -7.5000   -7.500010923.9160   15.3542
    7.5000   -7.5000   -7.500010222.7666   15.3943
   -7.5000    0.0000   -7.500010920.4844   15.2422
    0.0000    0.0000   -7.500011028.2764   15.2894
    7.5000    0.0000   -7.500010297.1445   15.3280
   -7.5000    7.5000   -7.500010578.0381   15.1654
    0.0000    7.5000   -7.500010676.9883   15.2129
    7.5000    7.5000   -7.5000 9988.0986   15.2433
   -7.5000   15.0000   -7.500010337.9082   15.1483
    0.0000   15.0000   -7.500010401.8477   15.1976
    7.5000   15.0000   -7.5000 9778.8984   15.2216
   -7.5000   22.5000   -7.5000 9497.3496   15.0157
    0.0000   22.5000   -7.5000 9564.5615   15.0671
    7.5000   22.5000   -7.5000 9023.1963   15.0921
   -7.5000   30.0000   -7.5000 8670.5498   14.7335
    0.0000   30.0000   -7.5000 8747.8652   14.7836
    7.5000   30.0000   -7.5000 8236.9170   14.8162
   -7.5000   37.5000   -7.5000 7841.7476   14.2997
    0.0000   37.5000   -7.5000 7901.8032   14.3457
    7.5000   37.5000   -7.5000 7444.3179   14.3832
   -7.5000   45.0000   -7.5000 6978.5508   13.7410
    0.0000   45.0000   -7.5000 7035.5781   13.7836
    7.5000   45.0000   -7.5000 6622.5337   13.8184
   -7.5000  -45.0000    0.0000 8397.4600   14.3267
    0.0000  -45.0000    0.0000 8482.2031   14.3705
    7.5000  -45.0000    0.0000 8005.9243   14.4094
   -7.5000  -37.5000    0.0000 8990.6670   15.1508
    0.0000  -37.5000    0.0000 9072.2881   15.1981
    7.5000  -37.5000    0.0000 8563.1729   15.2310
   -7.5000  -30.0000    0.0000 9611.5439   15.5213
    0.0000  -30.0000    0.0000 9677.2236   15.5720
    7.5000  -30.0000    0.0000 9158.0322   15.5973
   -7.5000  -22.5000    0.000010366.5254   15.5904
    0.0000  -22.5000    0.000010447.1934   15.6433
    7.5000  -22.5000    0.0000 9833.5869   15.6681
   -7.5000  -15.0000    0.000011028.5879   15.6807
    0.0000  -15.0000    0.000011117.6904   15.7326
    7.5000  -15.0000    0.000010370.2305   15.7664
   -7.5000   -7.5000    0.000011122.4502   15.6865
    0.0000   -7.5000    0.000011205.6455   15.7353
    7.5000   -7.5000    0.000010398.7168   15.7775
   -7.5000    0.0000    0.000011160.4238   15.6169
    0.0000    0.0000    0.000011238.3877   15.6645
    7.5000    0.0000    0.000010453.6914   15.7069
   -7.5000    7.5000    0.000010759.8945   15.5326
    0.0000    7.5000    0.000010828.3301   15.5811
    7.5000    7.5000    0.000010119.7656   15.6149
   -7.5000   15.0000    0.000010436.8623   15.5158
    0.0000   15.0000    0.000010481.8027   15.5665
    7.5000   15.0000    0.0000 9820.1543   15.5918
   -7.5000   22.5000    0.0000 9562.5586   15.3887
    0.0000   22.5000    0.0000 9622.5312   15.4409
    7.5000   22.5000    0.0000 9036.1328   15.4654
   -7.5000   30.0000    0.0000 8749.5889   15.1104
    0.0000   30.0000    0.0000 8827.8125   15.1605
    7.5000   30.0000    0.0000 8280.0547   15.1930
   -7.5000   37.5000    0.0000 7894.2583   14.6737
    0.0000   37.5000    0.0000 7985.1777   14.7194
    7.5000   37.5000    0.0000 7494.5288   14.7588
   -7.5000   45.0000    0.0000 7022.5024   14.1060
    0.0000   45.0000    0.0000 7100.5610   14.1490
    7.5000   45.0000    0.0000 6672.1665   14.1873
   -7.5000  -45.0000    7.5000 8152.1558   14.3240
    0.0000  -45.0000    7.5000 8234.1201   14.3659
    7.5000  -45.0000    7.5000 7766.8750   14.3989
   -7.5000  -37.5000    7.5000 8718.1758   15.1433
    0.0000  -37.5000    7.5000 8783.0029   15.1918
    7.5000  -37.5000    7.5000 8294.0537   15.2219
   -7.5000  -30.0000    7.5000 9408.6602   15.5215
    0.0000  -30.0000    7.5000 9476.7676   15.5735
    7.5000  -30.0000    7.5000 8923.6445   15.5968
   -7.5000  -22.5000    7.500010277.6885   15.6035
    0.0000  -22.5000    7.500010382.0195   15.6544
    7.5000  -22.5000    7.5000 9647.8223   15.6744
   -7.5000  -15.0000    7.500010916.7832   15.6989
    0.0000  -15.0000    7.500011032.5674   15.7458
    7.5000  -15.0000    7.500010167.1953   15.7711
   -7.5000   -7.5000    7.500010979.1377   15.6969
    0.0000   -7.5000    7.500011059.4863   15.7410
    7.5000   -7.5000    7.500010193.1133   15.7738
   -7.5000    0.0000    7.500010994.0732   15.6141
    0.0000    0.0000    7.500011077.9551   15.6596
    7.5000    0.0000    7.500010246.7949   15.6954
   -7.5000    7.5000    7.500010511.0645   15.5249
    0.0000    7.5000    7.500010604.2197   15.5746
    7.5000    7.5000    7.5000 9867.5254   15.6055
   -7.5000   15.0000    7.500010115.4863   15.5160
    0.0000   15.0000    7.500010220.0186   15.5680
    7.5000   15.0000    7.5000 9526.9668   15.5913
   -7.5000   22.5000    7.5000 9268.7109   15.4015
    0.0000   22.5000    7.5000 9355.1260   15.4518
    7.5000   22.5000    7.5000 8723.5400   15.4716
   -7.5000   30.0000    7.5000 8501.9639   15.1279
    0.0000   30.0000    7.5000 8565.1953   15.1731
    7.5000   30.0000    7.5000 8003.1538   15.1976
   -7.5000   37.5000    7.5000 7677.8413   14.6835
    0.0000   37.5000    7.5000 7759.1523   14.7247
    7.5000   37.5000    7.5000 7261.1953   14.7554
   -7.5000   45.0000    7.5000 6830.1821   14.1034
    0.0000   45.0000    7.5000 6901.2344   14.1447
    7.5000   45.0000    7.5000 6467.5918   14.1770
   -7.5000  -45.0000   15.0000 8195.5723   14.3159
    0.0000  -45.0000   15.0000 8282.5947   14.3567
    7.5000  -45.0000   15.0000 7820.5454   14.3802
   -7.5000  -37.5000   15.0000 8729.2441   15.1360
    0.0000  -37.5000   15.0000 8801.0605   15.1852
    7.5000  -37.5000   15.0000 8307.9326   15.2084
   -7.5000  -30.0000   15.0000 9438.7266   15.5220
    0.0000  -30.0000   15.0000 9565.6855   15.5744
    7.5000  -30.0000   15.0000 8934.4531   15.5927
   -7.5000  -22.5000   15.000010335.6055   15.6113
    0.0000  -22.5000   15.000010608.1172   15.6602
    7.5000  -22.5000   15.0000 9722.4287   15.6742
   -7.5000  -15.0000   15.000010980.6104   15.7066
    0.0000  -15.0000   15.000011234.1455   15.7500
    7.5000  -15.0000   15.000010307.5752   15.7656
   -7.5000   -7.5000   15.000011016.7568   15.6965
    0.0000   -7.5000   15.000011184.7764   15.7374
    7.5000   -7.5000   15.000010288.8389   15.7584
   -7.5000    0.0000   15.000011026.3145   15.6053
    0.0000    0.0000   15.000011147.2021   15.6496
    7.5000    0.0000   15.000010306.3945   15.6750
   -7.5000    7.5000   15.000010518.0576   15.5174
    0.0000    7.5000   15.000010642.7354   15.5679
    7.5000    7.5000   15.0000 9896.9141   15.5917
   -7.5000   15.0000   15.000010082.3457   15.5165
    0.0000   15.0000   15.000010198.6963   15.5689
    7.5000   15.0000   15.0000 9511.8760   15.5872
   -7.5000   22.5000   15.0000 9209.1592   15.4093
    0.0000   22.5000   15.0000 9293.8799   15.4576
    7.5000   22.5000   15.0000 8681.3730   15.4713
   -7.5000   30.0000   15.0000 8452.4961   15.1354
    0.0000   30.0000   15.0000 8523.2695   15.1772
    7.5000   30.0000   15.0000 7972.0576   15.1922
   -7.5000   37.5000   15.0000 7646.5625   14.6831
    0.0000   37.5000   15.0000 7718.5469   14.7214
    7.5000   37.5000   15.0000 7242.1626   14.7410
   -7.5000   45.0000   15.0000 6790.8252   14.0955
    0.0000   45.0000   15.0000 6849.8047   14.1357
    7.5000   45.0000   15.0000 6439.1768   14.1586
   -7.5000  -45.0000   22.5000 7820.0054   14.3945
    0.0000  -45.0000   22.5000 7957.5117   14.4372
    7.5000  -45.0000   22.5000 7451.3721   14.4571
   -7.5000  -37.5000   22.5000 8335.3809   15.2232
    0.0000  -37.5000   22.5000 8448.0332   15.2737
    7.5000  -37.5000   22.5000 7917.7368   15.2940
   -7.5000  -30.0000   22.5000 8929.0410   15.6105
    0.0000  -30.0000   22.5000 9085.6348   15.6639
    7.5000  -30.0000   22.5000 8469.4863   15.6815
   -7.5000  -22.5000   22.5000 9660.3418   15.6950
    0.0000  -22.5000   22.5000 9956.9717   15.7454
    7.5000  -22.5000   22.5000 9146.3984   15.7604
   -7.5000  -15.0000   22.500010307.6211   15.7875
    0.0000  -15.0000   22.500010623.5088   15.8333
    7.5000  -15.0000   22.5000 9767.1514   15.8491
   -7.5000   -7.5000   22.500010368.2764   15.7780
    0.0000   -7.5000   22.500010620.7207   15.8217
    7.5000   -7.5000   22.5000 9816.0850   15.8405
   -7.5000    0.0000   22.500010367.9277   15.6908
    0.0000    0.0000   22.500010531.8818   15.7372
    7.5000    0.0000   22.5000 9795.2070   15.7587
   -7.5000    7.5000   22.5000 9910.2275   15.6069
    0.0000    7.5000   22.500010047.7305   15.6586
    7.5000    7.5000   22.5000 9380.1104   15.6794
   -7.5000   15.0000   22.5000 9492.9404   15.6050
    0.0000   15.0000   22.5000 9604.0117   15.6584
    7.5000   15.0000   22.5000 8985.3516   15.6759
   -7.5000   22.5000   22.5000 8694.1045   15.4919
    0.0000   22.5000   22.5000 8756.6748   15.5416
    7.5000   22.5000   22.5000 8226.6318   15.5564
   -7.5000   30.0000   22.5000 8010.6816   15.2133
    0.0000   30.0000   22.5000 8049.5317   15.2575
    7.5000   30.0000   22.5000 7570.5278   15.2727
   -7.5000   37.5000   22.5000 7243.4067   14.7594
    0.0000   37.5000   22.5000 7296.0435   14.8002
    7.5000   37.5000   22.5000 6854.6724   14.8178
   -7.5000   45.0000   22.5000 6421.6157   14.1728
    0.0000   45.0000   22.5000 6479.3525   14.2148
    7.5000   45.0000   22.5000 6087.8120   14.2342
   -7.5000  -45.0000   30.0000 7379.1777   14.5417
    0.0000  -45.0000   30.0000 7460.9561   14.5876
    7.5000  -45.0000   30.0000 7030.2295   14.6154
   -7.5000  -37.5000   30.0000 7866.2466   15.3922
    0.0000  -37.5000   30.0000 7942.7158   15.4432
    7.5000  -37.5000   30.0000 7485.3823   15.4682
   -7.5000  -30.0000   30.0000 8397.4951   15.7753
    0.0000  -30.0000   30.0000 8485.0898   15.8292
    7.5000  -30.0000   30.0000 7988.7681   15.8510
   -7.5000  -22.5000   30.0000 8996.7422   15.8415
    0.0000  -22.5000   30.0000 9109.3750   15.8956
    7.5000  -22.5000   30.0000 8552.4521   15.9182
   -7.5000  -15.0000   30.0000 9534.3311   15.9280
    0.0000  -15.0000   30.0000 9644.0938   15.9804
    7.5000  -15.0000   30.0000 9060.2227   16.0078
   -7.5000   -7.5000   30.0000 9620.4736   15.9299
    0.0000   -7.5000   30.0000 9738.7773   15.9800
    7.5000   -7.5000   30.0000 9158.5156   16.0109
   -7.5000    0.0000   30.0000 9668.5723   15.8606
    0.0000    0.0000   30.0000 9776.8066   15.9106
    7.5000    0.0000   30.0000 9199.6279   15.9408
   -7.5000    7.5000   30.0000 9297.5811   15.7828
    0.0000    7.5000   30.0000 9392.0371   15.8350
    7.5000    7.5000   30.0000 8835.9004   15.8607
   -7.5000   15.0000   30.0000 8930.5127   15.7696
    0.0000   15.0000   30.0000 9008.8945   15.8235
    7.5000   15.0000   30.0000 8480.2041   15.8454
   -7.5000   22.5000   30.0000 8196.2480   15.6351
    0.0000   22.5000   30.0000 8257.1162   15.6885
    7.5000   22.5000   30.0000 7765.0220   15.7108
   -7.5000   30.0000   30.0000 7521.6343   15.3557
    0.0000   30.0000   30.0000 7567.6963   15.4062
    7.5000   30.0000   30.0000 7113.9321   15.4327
   -7.5000   37.5000   30.0000 6774.0522   14.9155
    0.0000   37.5000   30.0000 6818.9937   14.9624
    7.5000   37.5000   30.0000 6434.1177   14.9913
   -7.5000   45.0000   30.0000 6008.7163   14.3459
    0.0000   45.0000   30.0000 6048.3931   14.3911
    7.5000   45.0000   30.0000 5715.2046   14.4184
   -7.5000  -45.0000   37.5000 6909.2754   14.5221
    0.0000  -45.0000   37.5000 6976.7710   14.5691
    7.5000  -45.0000   37.5000 6595.3203   14.6056
   -7.5000  -37.5000   37.5000 7377.8257   15.3738
    0.0000  -37.5000   37.5000 7451.7959   15.4245
    7.5000  -37.5000   37.5000 7042.9048   15.4548
   -7.5000  -30.0000   37.5000 7880.2427   15.7379
    0.0000  -30.0000   37.5000 7960.1621   15.7918
    7.5000  -30.0000   37.5000 7517.4888   15.8161
   -7.5000  -22.5000   37.5000 8417.9268   15.7953
    0.0000  -22.5000   37.5000 8502.2500   15.8514
    7.5000  -22.5000   37.5000 8020.9155   15.8773
   -7.5000  -15.0000   37.5000 8902.9873   15.8817
    0.0000  -15.0000   37.5000 8963.7754   15.9372
    7.5000  -15.0000   37.5000 8487.7686   15.9721
   -7.5000   -7.5000   37.5000 8955.8252   15.8930
    0.0000   -7.5000   37.5000 9014.9873   15.9455
    7.5000   -7.5000   37.5000 8545.4951   15.9870
   -7.5000    0.0000   37.5000 9010.7139   15.8330
    0.0000    0.0000   37.5000 9085.7363   15.8841
    7.5000    0.0000   37.5000 8593.4092   15.9238
   -7.5000    7.5000   37.5000 8705.3027   15.7541
    0.0000    7.5000   37.5000 8769.3516   15.8061
    7.5000    7.5000   37.5000 8296.4453   15.8372
   -7.5000   15.0000   37.5000 8387.9150   15.7322
    0.0000   15.0000   37.5000 8430.9639   15.7861
    7.5000   15.0000   37.5000 7994.4092   15.8104
   -7.5000   22.5000   37.5000 7706.6465   15.5868
    0.0000   22.5000   37.5000 7743.7983   15.6422
    7.5000   22.5000   37.5000 7330.9111   15.6677
   -7.5000   30.0000   37.5000 7068.6880   15.3110
    0.0000   30.0000   37.5000 7101.6895   15.3645
    7.5000   30.0000   37.5000 6715.1821   15.3981
   -7.5000   37.5000   37.5000 6341.7124   14.8811
    0.0000   37.5000   37.5000 6375.3545   14.9303
    7.5000   37.5000   37.5000 6044.5596   14.9691
   -7.5000   45.0000   37.5000 5623.1216   14.3192
    0.0000   45.0000   37.5000 5658.0645   14.3655
    7.5000   45.0000   37.5000 5358.9624   14.4014
   -7.5000  -45.0000   45.0000 6411.1055   14.5861
    0.0000  -45.0000   45.0000 6472.2334   14.6305
    7.5000  -45.0000   45.0000 6128.9517   14.6676
   -7.5000  -37.5000   45.0000 6856.7500   15.4367
    0.0000  -37.5000   45.0000 6926.6431   15.4857
    7.5000  -37.5000   45.0000 6551.3394   15.5165
   -7.5000  -30.0000   45.0000 7331.1670   15.7840
    0.0000  -30.0000   45.0000 7415.6450   15.8365
    7.5000  -30.0000   45.0000 7000.9209   15.8596
   -7.5000  -22.5000   45.0000 7842.8916   15.8433
    0.0000  -22.5000   45.0000 7928.5264   15.8975
    7.5000  -22.5000   45.0000 7492.2959   15.9203
   -7.5000  -15.0000   45.0000 8263.6855   15.9355
    0.0000  -15.0000   45.0000 8330.2930   15.9878
    7.5000  -15.0000   45.0000 7892.6597   16.0196
   -7.5000   -7.5000   45.0000 8297.4023   15.9512
    0.0000   -7.5000   45.0000 8363.1143   16.0001
    7.5000   -7.5000   45.0000 7935.1973   16.0403
   -7.5000    0.0000   45.0000 8347.7471   15.8887
    0.0000    0.0000   45.0000 8420.8516   15.9370
    7.5000    0.0000   45.0000 7978.4189   15.9773
   -7.5000    7.5000   45.0000 8076.5503   15.8035
    0.0000    7.5000   45.0000 8133.5215   15.8536
    7.5000    7.5000   45.0000 7704.0396   15.8851
   -7.5000   15.0000   45.0000 7804.1104   15.7781
    0.0000   15.0000   45.0000 7850.8389   15.8306
    7.5000   15.0000   45.0000 7427.8921   15.8536
   -7.5000   22.5000   45.0000 7187.3647   15.6320
    0.0000   22.5000   45.0000 7226.3159   15.6856
    7.5000   22.5000   45.0000 6836.4204   15.7080
   -7.5000   30.0000   45.0000 6603.8359   15.3613
    0.0000   30.0000   45.0000 6632.1929   15.4117
    7.5000   30.0000   45.0000 6273.4048   15.4425
   -7.5000   37.5000   45.0000 5934.4224   14.9317
    0.0000   37.5000   45.0000 5971.3701   14.9773
    7.5000   37.5000   45.0000 5648.4102   15.0150
   -7.5000   45.0000   45.0000 5260.3491   14.3608
    0.0000   45.0000   45.0000 5297.6890   14.4045
    7.5000   45.0000   45.0000 5010.3755   14.4409

---------------------------------------------------------------------
imgreg_4dfp /opt/freesurfer/average/711-2C_as_mni_average_305 /opt/freesurfer/average/711-2B_as_mni_average_305_mask talsrcimg_g11 none talsrcimg_to_711-2C_as_mni_average_305_t4 4355
---------------------------------------------------------------------

freesurfer imgreg_4dfp.c
/opt/freesurfer/average/711-2C_as_mni_average_305.4dfp.img
       256       256       256         1
  1.000000  1.000000  1.000000
orientation T byte_order littleendian
Reading image: /opt/freesurfer/average/711-2C_as_mni_average_305.4dfp.img
dimensions:      256       256       256
mmppix:       1.0000   -1.0000   -1.0000
center:     128.0000 -129.0000 -129.0000
/opt/freesurfer/average/711-2B_as_mni_average_305_mask.4dfp.img
       256       256       256         1
  1.000000  1.000000  1.000000
orientation T byte_order littleendian
Reading mask: /opt/freesurfer/average/711-2B_as_mni_average_305_mask.4dfp.img (2306576 pixels)
talsrcimg_g11.4dfp.img
       256       256       256         1
  0.898438  0.898438  0.898438
orientation T byte_order littleendian
Reading image: talsrcimg_g11.4dfp.img
dimensions:      256       256       256
mmppix:       0.8984   -0.8984   -0.8984
center:     115.0001 -115.8985 -115.8985
rotation matrix determinant  1.000000
image alignment mode   4355 decimal     1103 hex
   -7.5000  -45.0000  -45.0000 1829.5988   14.8455
    0.0000  -45.0000  -45.0000 1845.9519   14.8108
    7.5000  -45.0000  -45.0000 1835.4862   14.9044
   -7.5000  -37.5000  -45.0000 1930.1259   13.7096
    0.0000  -37.5000  -45.0000 1948.6704   13.6843
    7.5000  -37.5000  -45.0000 1935.2212   13.7126
   -7.5000  -30.0000  -45.0000 1983.0643   12.9672
    0.0000  -30.0000  -45.0000 1998.1948   12.9730
    7.5000  -30.0000  -45.0000 1980.3827   12.9843
   -7.5000  -22.5000  -45.0000 1997.5176   12.5076
    0.0000  -22.5000  -45.0000 2011.0835   12.4970
    7.5000  -22.5000  -45.0000 1993.1250   12.5713
   -7.5000  -15.0000  -45.0000 1992.1505   12.2122
    0.0000  -15.0000  -45.0000 2007.4921   12.1933
    7.5000  -15.0000  -45.0000 1996.7811   12.2725
   -7.5000   -7.5000  -45.0000 1988.8547   12.1297
    0.0000   -7.5000  -45.0000 2005.2377   12.0924
    7.5000   -7.5000  -45.0000 1992.0696   12.1732
   -7.5000    0.0000  -45.0000 1972.1556   12.3191
    0.0000    0.0000  -45.0000 1995.5348   12.3069
    7.5000    0.0000  -45.0000 1974.4203   12.3856
   -7.5000    7.5000  -45.0000 1938.6461   12.8570
    0.0000    7.5000  -45.0000 1957.9718   12.8433
    7.5000    7.5000  -45.0000 1945.1625   12.9057
   -7.5000   15.0000  -45.0000 1891.7321   13.6843
    0.0000   15.0000  -45.0000 1908.9879   13.6466
    7.5000   15.0000  -45.0000 1890.4688   13.7415
   -7.5000   22.5000  -45.0000 1826.6287   14.8785
    0.0000   22.5000  -45.0000 1841.5210   14.8147
    7.5000   22.5000  -45.0000 1818.5862   14.9267
   -7.5000   30.0000  -45.0000 1741.4071   16.4050
    0.0000   30.0000  -45.0000 1755.6224   16.3090
    7.5000   30.0000  -45.0000 1732.2429   16.5057
   -7.5000   37.5000  -45.0000 1622.0424   18.2218
    0.0000   37.5000  -45.0000 1638.5555   18.1431
    7.5000   37.5000  -45.0000 1612.2043   18.3851
   -7.5000   45.0000  -45.0000 1490.4803   20.5483
    0.0000   45.0000  -45.0000 1504.7067   20.3643
    7.5000   45.0000  -45.0000 1489.5033   20.6333
   -7.5000  -45.0000  -37.5000 1997.0208   14.4564
    0.0000  -45.0000  -37.5000 2014.4532   14.4425
    7.5000  -45.0000  -37.5000 1998.1974   14.4667
   -7.5000  -37.5000  -37.5000 2103.8008   13.3263
    0.0000  -37.5000  -37.5000 2119.8821   13.3219
    7.5000  -37.5000  -37.5000 2102.3120   13.3478
   -7.5000  -30.0000  -37.5000 2154.4141   12.5868
    0.0000  -30.0000  -37.5000 2170.4385   12.5782
    7.5000  -30.0000  -37.5000 2148.4814   12.5964
   -7.5000  -22.5000  -37.5000 2172.9602   12.1364
    0.0000  -22.5000  -37.5000 2190.2295   12.1269
    7.5000  -22.5000  -37.5000 2164.9348   12.1544
   -7.5000  -15.0000  -37.5000 2172.6440   11.8781
    0.0000  -15.0000  -37.5000 2189.3079   11.8218
    7.5000  -15.0000  -37.5000 2171.2522   11.9160
   -7.5000   -7.5000  -37.5000 2161.4663   11.7971
    0.0000   -7.5000  -37.5000 2179.6492   11.7664
    7.5000   -7.5000  -37.5000 2165.2346   11.8594
   -7.5000    0.0000  -37.5000 2145.9863   11.9672
    0.0000    0.0000  -37.5000 2165.9387   11.9714
    7.5000    0.0000  -37.5000 2147.2676   12.0418
   -7.5000    7.5000  -37.5000 2112.8298   12.4803
    0.0000    7.5000  -37.5000 2130.5979   12.4522
    7.5000    7.5000  -37.5000 2112.9336   12.5386
   -7.5000   15.0000  -37.5000 2062.1111   13.2704
    0.0000   15.0000  -37.5000 2077.7463   13.2487
    7.5000   15.0000  -37.5000 2060.9036   13.3312
   -7.5000   22.5000  -37.5000 1986.5342   14.4279
    0.0000   22.5000  -37.5000 2000.6069   14.3727
    7.5000   22.5000  -37.5000 1981.0432   14.4805
   -7.5000   30.0000  -37.5000 1897.3257   15.8770
    0.0000   30.0000  -37.5000 1908.6862   15.8234
    7.5000   30.0000  -37.5000 1888.2120   16.0053
   -7.5000   37.5000  -37.5000 1771.1409   17.6433
    0.0000   37.5000  -37.5000 1782.8438   17.5732
    7.5000   37.5000  -37.5000 1761.6001   17.7424
   -7.5000   45.0000  -37.5000 1622.4808   19.8075
    0.0000   45.0000  -37.5000 1632.3027   19.7250
    7.5000   45.0000  -37.5000 1620.3896   19.9309
   -7.5000  -45.0000  -30.0000 2140.6995   13.9762
    0.0000  -45.0000  -30.0000 2162.7991   13.9148
    7.5000  -45.0000  -30.0000 2141.3865   13.9791
   -7.5000  -37.5000  -30.0000 2249.6279   12.8531
    0.0000  -37.5000  -30.0000 2271.9265   12.8181
    7.5000  -37.5000  -30.0000 2251.3015   12.8793
   -7.5000  -30.0000  -30.0000 2302.8992   12.1355
    0.0000  -30.0000  -30.0000 2320.9207   12.1095
    7.5000  -30.0000  -30.0000 2304.4294   12.1602
   -7.5000  -22.5000  -30.0000 2323.4512   11.7236
    0.0000  -22.5000  -30.0000 2339.2119   11.6952
    7.5000  -22.5000  -30.0000 2322.2954   11.7408
   -7.5000  -15.0000  -30.0000 2335.4675   11.4504
    0.0000  -15.0000  -30.0000 2355.5413   11.4046
    7.5000  -15.0000  -30.0000 2332.3005   11.4787
   -7.5000   -7.5000  -30.0000 2332.8081   11.3645
    0.0000   -7.5000  -30.0000 2354.1353   11.3235
    7.5000   -7.5000  -30.0000 2334.5259   11.4025
   -7.5000    0.0000  -30.0000 2314.0254   11.5232
    0.0000    0.0000  -30.0000 2335.2954   11.5031
    7.5000    0.0000  -30.0000 2311.9119   11.6074
   -7.5000    7.5000  -30.0000 2276.3501   12.0002
    0.0000    7.5000  -30.0000 2296.4456   11.9920
    7.5000    7.5000  -30.0000 2273.8503   12.0994
   -7.5000   15.0000  -30.0000 2219.9641   12.7795
    0.0000   15.0000  -30.0000 2233.9783   12.7774
    7.5000   15.0000  -30.0000 2216.4211   12.8506
   -7.5000   22.5000  -30.0000 2136.6504   13.8951
    0.0000   22.5000  -30.0000 2151.8887   13.8751
    7.5000   22.5000  -30.0000 2130.1318   13.9633
   -7.5000   30.0000  -30.0000 2038.6132   15.2598
    0.0000   30.0000  -30.0000 2048.7402   15.2671
    7.5000   30.0000  -30.0000 2027.4452   15.3709
   -7.5000   37.5000  -30.0000 1900.1293   16.9495
    0.0000   37.5000  -30.0000 1916.5398   16.9103
    7.5000   37.5000  -30.0000 1890.9265   17.0370
   -7.5000   45.0000  -30.0000 1740.1831   19.0263
    0.0000   45.0000  -30.0000 1754.2843   18.9936
    7.5000   45.0000  -30.0000 1736.8038   19.1918
   -7.5000  -45.0000  -22.5000 2251.4395   13.4242
    0.0000  -45.0000  -22.5000 2276.5002   13.3576
    7.5000  -45.0000  -22.5000 2254.3149   13.4066
   -7.5000  -37.5000  -22.5000 2359.2861   12.2763
    0.0000  -37.5000  -22.5000 2387.7905   12.2271
    7.5000  -37.5000  -22.5000 2364.5588   12.2691
   -7.5000  -30.0000  -22.5000 2425.5002   11.5586
    0.0000  -30.0000  -22.5000 2451.5127   11.4998
    7.5000  -30.0000  -22.5000 2428.0139   11.5809
   -7.5000  -22.5000  -22.5000 2453.5427   11.1416
    0.0000  -22.5000  -22.5000 2469.6694   11.1190
    7.5000  -22.5000  -22.5000 2453.2490   11.2016
   -7.5000  -15.0000  -22.5000 2477.9849   10.8979
    0.0000  -15.0000  -22.5000 2499.2236   10.8580
    7.5000  -15.0000  -22.5000 2470.6228   10.9415
   -7.5000   -7.5000  -22.5000 2489.5759   10.7979
    0.0000   -7.5000  -22.5000 2507.8101   10.7622
    7.5000   -7.5000  -22.5000 2485.6042   10.8523
   -7.5000    0.0000  -22.5000 2467.7734   10.9619
    0.0000    0.0000  -22.5000 2495.9717   10.9395
    7.5000    0.0000  -22.5000 2466.3823   11.0579
   -7.5000    7.5000  -22.5000 2427.5266   11.4992
    0.0000    7.5000  -22.5000 2456.3325   11.4548
    7.5000    7.5000  -22.5000 2421.3140   11.5777
   -7.5000   15.0000  -22.5000 2361.5435   12.2742
    0.0000   15.0000  -22.5000 2385.6558   12.2332
    7.5000   15.0000  -22.5000 2355.0068   12.3217
   -7.5000   22.5000  -22.5000 2267.3630   13.2789
    0.0000   22.5000  -22.5000 2289.3591   13.2485
    7.5000   22.5000  -22.5000 2262.7832   13.3223
   -7.5000   30.0000  -22.5000 2161.6941   14.5788
    0.0000   30.0000  -22.5000 2177.7080   14.5576
    7.5000   30.0000  -22.5000 2151.7566   14.6480
   -7.5000   37.5000  -22.5000 2013.8092   16.2136
    0.0000   37.5000  -22.5000 2029.9716   16.1613
    7.5000   37.5000  -22.5000 2004.5648   16.2740
   -7.5000   45.0000  -22.5000 1839.9060   18.1554
    0.0000   45.0000  -22.5000 1857.1637   18.0977
    7.5000   45.0000  -22.5000 1833.2163   18.2348
   -7.5000  -45.0000  -15.0000 2327.3882   12.8031
    0.0000  -45.0000  -15.0000 2353.2275   12.6899
    7.5000  -45.0000  -15.0000 2335.8318   12.7829
   -7.5000  -37.5000  -15.0000 2442.1768   11.6819
    0.0000  -37.5000  -15.0000 2471.7935   11.6079
    7.5000  -37.5000  -15.0000 2453.8772   11.6728
   -7.5000  -30.0000  -15.0000 2522.8899   10.9412
    0.0000  -30.0000  -15.0000 2551.6558   10.8557
    7.5000  -30.0000  -15.0000 2533.2241   10.9325
   -7.5000  -22.5000  -15.0000 2568.5813   10.5222
    0.0000  -22.5000  -15.0000 2594.0513   10.4756
    7.5000  -22.5000  -15.0000 2570.5566   10.5732
   -7.5000  -15.0000  -15.0000 2600.0154   10.2863
    0.0000  -15.0000  -15.0000 2625.9338   10.2415
    7.5000  -15.0000  -15.0000 2589.7446   10.3626
   -7.5000   -7.5000  -15.0000 2613.8135   10.1896
    0.0000   -7.5000  -15.0000 2637.4624   10.1519
    7.5000   -7.5000  -15.0000 2608.2520   10.2885
   -7.5000    0.0000  -15.0000 2603.4502   10.3975
    0.0000    0.0000  -15.0000 2629.2507   10.3510
    7.5000    0.0000  -15.0000 2596.7712   10.4916
   -7.5000    7.5000  -15.0000 2558.6492   10.9317
    0.0000    7.5000  -15.0000 2587.7854   10.8744
    7.5000    7.5000  -15.0000 2550.8037   11.0048
   -7.5000   15.0000  -15.0000 2478.6431   11.6844
    0.0000   15.0000  -15.0000 2504.9304   11.6322
    7.5000   15.0000  -15.0000 2472.0842   11.7362
   -7.5000   22.5000  -15.0000 2379.1919   12.6321
    0.0000   22.5000  -15.0000 2399.2334   12.5801
    7.5000   22.5000  -15.0000 2373.3796   12.6656
   -7.5000   30.0000  -15.0000 2258.2139   13.8772
    0.0000   30.0000  -15.0000 2276.9082   13.8198
    7.5000   30.0000  -15.0000 2252.2083   13.9233
   -7.5000   37.5000  -15.0000 2100.6287   15.4413
    0.0000   37.5000  -15.0000 2118.6687   15.3549
    7.5000   37.5000  -15.0000 2093.8699   15.4607
   -7.5000   45.0000  -15.0000 1914.0917   17.2677
    0.0000   45.0000  -15.0000 1931.0520   17.2564
    7.5000   45.0000  -15.0000 1904.2980   17.3208
   -7.5000  -45.0000   -7.5000 2374.2407   12.1736
    0.0000  -45.0000   -7.5000 2400.1218   12.0601
    7.5000  -45.0000   -7.5000 2383.2417   12.1925
   -7.5000  -37.5000   -7.5000 2499.3320   11.0993
    0.0000  -37.5000   -7.5000 2529.7422   10.9865
    7.5000  -37.5000   -7.5000 2508.7219   11.0990
   -7.5000  -30.0000   -7.5000 2594.5066   10.3564
    0.0000  -30.0000   -7.5000 2623.9060   10.2601
    7.5000  -30.0000   -7.5000 2604.9282   10.3490
   -7.5000  -22.5000   -7.5000 2658.9326    9.9342
    0.0000  -22.5000   -7.5000 2688.4490    9.8635
    7.5000  -22.5000   -7.5000 2660.8018    9.9584
   -7.5000  -15.0000   -7.5000 2698.8284    9.7210
    0.0000  -15.0000   -7.5000 2727.6316    9.6715
    7.5000  -15.0000   -7.5000 2690.2627    9.7799
   -7.5000   -7.5000   -7.5000 2715.3572    9.6476
    0.0000   -7.5000   -7.5000 2742.1091    9.5873
    7.5000   -7.5000   -7.5000 2701.4204    9.7260
   -7.5000    0.0000   -7.5000 2701.0518    9.8506
    0.0000    0.0000   -7.5000 2731.6995    9.7938
    7.5000    0.0000   -7.5000 2692.5332    9.9226
   -7.5000    7.5000   -7.5000 2650.2952   10.3541
    0.0000    7.5000   -7.5000 2677.1887   10.2934
    7.5000    7.5000   -7.5000 2638.5461   10.4204
   -7.5000   15.0000   -7.5000 2560.5757   11.0645
    0.0000   15.0000   -7.5000 2585.2703   10.9877
    7.5000   15.0000   -7.5000 2550.5120   11.1220
   -7.5000   22.5000   -7.5000 2449.9370   11.9652
    0.0000   22.5000   -7.5000 2465.2073   11.8999
    7.5000   22.5000   -7.5000 2441.9021   12.0191
   -7.5000   30.0000   -7.5000 2316.1824   13.1944
    0.0000   30.0000   -7.5000 2331.2837   13.1158
    7.5000   30.0000   -7.5000 2305.6206   13.2444
   -7.5000   37.5000   -7.5000 2157.0012   14.6773
    0.0000   37.5000   -7.5000 2174.4229   14.5988
    7.5000   37.5000   -7.5000 2146.0146   14.7464
   -7.5000   45.0000   -7.5000 1957.5242   16.3944
    0.0000   45.0000   -7.5000 1972.2677   16.3115
    7.5000   45.0000   -7.5000 1947.1382   16.4486
   -7.5000  -45.0000    0.0000 2413.7803   11.7861
    0.0000  -45.0000    0.0000 2440.1062   11.6714
    7.5000  -45.0000    0.0000 2419.0186   11.8407
   -7.5000  -37.5000    0.0000 2547.7908   10.7345
    0.0000  -37.5000    0.0000 2578.0300   10.6263
    7.5000  -37.5000    0.0000 2552.3577   10.7801
   -7.5000  -30.0000    0.0000 2656.6184   10.0043
    0.0000  -30.0000    0.0000 2686.9248    9.8954
    7.5000  -30.0000    0.0000 2663.2166   10.0343
   -7.5000  -22.5000    0.0000 2744.6187    9.6172
    0.0000  -22.5000    0.0000 2782.5620    9.4989
    7.5000  -22.5000    0.0000 2745.2024    9.6373
   -7.5000  -15.0000    0.0000 2799.0913    9.4140
    0.0000  -15.0000    0.0000 2837.7649    9.3009
    7.5000  -15.0000    0.0000 2788.3411    9.4479
   -7.5000   -7.5000    0.0000 2826.3896    9.3503
    0.0000   -7.5000    0.0000 2858.4746    9.2835
    7.5000   -7.5000    0.0000 2804.6934    9.4052
   -7.5000    0.0000    0.0000 2801.7744    9.5467
    0.0000    0.0000    0.0000 2830.0576    9.4886
    7.5000    0.0000    0.0000 2791.1172    9.6025
   -7.5000    7.5000    0.0000 2737.0601    9.9658
    0.0000    7.5000    0.0000 2761.3723    9.8987
    7.5000    7.5000    0.0000 2725.6838   10.0486
   -7.5000   15.0000    0.0000 2631.4243   10.6417
    0.0000   15.0000    0.0000 2651.0002   10.5651
    7.5000   15.0000    0.0000 2620.6008   10.7328
   -7.5000   22.5000    0.0000 2503.5791   11.5839
    0.0000   22.5000    0.0000 2524.3684   11.4940
    7.5000   22.5000    0.0000 2496.4065   11.6584
   -7.5000   30.0000    0.0000 2368.3206   12.8030
    0.0000   30.0000    0.0000 2388.7039   12.7044
    7.5000   30.0000    0.0000 2357.5352   12.8668
   -7.5000   37.5000    0.0000 2202.4685   14.2317
    0.0000   37.5000    0.0000 2225.1255   14.1469
    7.5000   37.5000    0.0000 2198.5105   14.3005
   -7.5000   45.0000    0.0000 1997.9209   15.8103
    0.0000   45.0000    0.0000 2017.1230   15.7526
    7.5000   45.0000    0.0000 1995.2795   15.9191
   -7.5000  -45.0000    7.5000 2427.7920   11.4755
    0.0000  -45.0000    7.5000 2448.2705   11.3758
    7.5000  -45.0000    7.5000 2426.4375   11.5574
   -7.5000  -37.5000    7.5000 2566.9087   10.4615
    0.0000  -37.5000    7.5000 2585.6777   10.3520
    7.5000  -37.5000    7.5000 2566.2671   10.5112
   -7.5000  -30.0000    7.5000 2692.2847    9.7851
    0.0000  -30.0000    7.5000 2713.7830    9.6801
    7.5000  -30.0000    7.5000 2689.7075    9.8129
   -7.5000  -22.5000    7.5000 2800.5828    9.4507
    0.0000  -22.5000    7.5000 2834.3853    9.3370
    7.5000  -22.5000    7.5000 2793.9951    9.4542
   -7.5000  -15.0000    7.5000 2867.7649    9.2682
    0.0000  -15.0000    7.5000 2914.1807    9.1525
    7.5000  -15.0000    7.5000 2851.0273    9.2670
   -7.5000   -7.5000    7.5000 2912.6914    9.1435
    0.0000   -7.5000    7.5000 2951.9343    9.0645
    7.5000   -7.5000    7.5000 2876.3369    9.1875
   -7.5000    0.0000    7.5000 2877.8110    9.3135
    0.0000    0.0000    7.5000 2912.7212    9.2605
    7.5000    0.0000    7.5000 2856.5938    9.3746
   -7.5000    7.5000    7.5000 2781.6887    9.7010
    0.0000    7.5000    7.5000 2812.4434    9.6528
    7.5000    7.5000    7.5000 2776.1682    9.7763
   -7.5000   15.0000    7.5000 2667.5688   10.3265
    0.0000   15.0000    7.5000 2696.3157   10.2779
    7.5000   15.0000    7.5000 2666.3379   10.4106
   -7.5000   22.5000    7.5000 2533.8125   11.2603
    0.0000   22.5000    7.5000 2557.3416   11.1806
    7.5000   22.5000    7.5000 2526.8765   11.3290
   -7.5000   30.0000    7.5000 2395.9673   12.4803
    0.0000   30.0000    7.5000 2414.1099   12.4079
    7.5000   30.0000    7.5000 2383.7217   12.5316
   -7.5000   37.5000    7.5000 2224.5610   13.8670
    0.0000   37.5000    7.5000 2249.1238   13.7839
    7.5000   37.5000    7.5000 2219.0610   13.9348
   -7.5000   45.0000    7.5000 2022.6942   15.3924
    0.0000   45.0000    7.5000 2040.1581   15.3145
    7.5000   45.0000    7.5000 2017.5205   15.4790
   -7.5000  -45.0000   15.0000 2431.6167   11.3899
    0.0000  -45.0000   15.0000 2452.1926   11.2878
    7.5000  -45.0000   15.0000 2425.4675   11.4824
   -7.5000  -37.5000   15.0000 2573.6641   10.3781
    0.0000  -37.5000   15.0000 2589.8562   10.3056
    7.5000  -37.5000   15.0000 2567.2644   10.4549
   -7.5000  -30.0000   15.0000 2703.8743    9.7080
    0.0000  -30.0000   15.0000 2720.0750    9.6816
    7.5000  -30.0000   15.0000 2691.9092    9.7651
   -7.5000  -22.5000   15.0000 2810.3401    9.4333
    0.0000  -22.5000   15.0000 2842.0400    9.4235
    7.5000  -22.5000   15.0000 2804.4526    9.4295
   -7.5000  -15.0000   15.0000 2886.4470    9.2531
    0.0000  -15.0000   15.0000 2935.5137    9.2622
    7.5000  -15.0000   15.0000 2873.0215    9.2469
   -7.5000   -7.5000   15.0000 2939.1648    9.0428
    0.0000   -7.5000   15.0000 2989.0107    8.9943
    7.5000   -7.5000   15.0000 2900.2712    9.1221
   -7.5000    0.0000   15.0000 2903.1626    9.1954
    0.0000    0.0000   15.0000 2942.2988    9.1383
    7.5000    0.0000   15.0000 2877.0667    9.2720
   -7.5000    7.5000   15.0000 2801.6641    9.6046
    0.0000    7.5000   15.0000 2834.5576    9.5703
    7.5000    7.5000   15.0000 2794.1968    9.6634
   -7.5000   15.0000   15.0000 2675.9714   10.2354
    0.0000   15.0000   15.0000 2708.8010   10.1838
    7.5000   15.0000   15.0000 2674.3545   10.2880
   -7.5000   22.5000   15.0000 2535.6384   11.1112
    0.0000   22.5000   15.0000 2557.8813   11.0543
    7.5000   22.5000   15.0000 2529.9331   11.1582
   -7.5000   30.0000   15.0000 2392.7480   12.2390
    0.0000   30.0000   15.0000 2412.5276   12.1916
    7.5000   30.0000   15.0000 2385.3545   12.3034
   -7.5000   37.5000   15.0000 2229.7791   13.5829
    0.0000   37.5000   15.0000 2247.6484   13.5520
    7.5000   37.5000   15.0000 2221.4377   13.6653
   -7.5000   45.0000   15.0000 2029.3363   15.0868
    0.0000   45.0000   15.0000 2043.5071   15.1063
    7.5000   45.0000   15.0000 2024.0103   15.2027
   -7.5000  -45.0000   22.5000 2426.5249   11.5053
    0.0000  -45.0000   22.5000 2449.7002   11.4644
    7.5000  -45.0000   22.5000 2416.0244   11.6342
   -7.5000  -37.5000   22.5000 2568.0208   10.5196
    0.0000  -37.5000   22.5000 2587.5039   10.4939
    7.5000  -37.5000   22.5000 2553.9502   10.6197
   -7.5000  -30.0000   22.5000 2691.6221    9.8467
    0.0000  -30.0000   22.5000 2710.0630    9.8281
    7.5000  -30.0000   22.5000 2675.9534    9.9429
   -7.5000  -22.5000   22.5000 2787.1873    9.5170
    0.0000  -22.5000   22.5000 2811.9285    9.5462
    7.5000  -22.5000   22.5000 2774.5369    9.5680
   -7.5000  -15.0000   22.5000 2861.4866    9.3319
    0.0000  -15.0000   22.5000 2899.3865    9.3694
    7.5000  -15.0000   22.5000 2844.1147    9.3803
   -7.5000   -7.5000   22.5000 2903.1653    9.1962
    0.0000   -7.5000   22.5000 2945.5906    9.1863
    7.5000   -7.5000   22.5000 2874.3972    9.2864
   -7.5000    0.0000   22.5000 2872.6853    9.2924
    0.0000    0.0000   22.5000 2904.3293    9.2625
    7.5000    0.0000   22.5000 2847.3823    9.3782
   -7.5000    7.5000   22.5000 2782.1484    9.6823
    0.0000    7.5000   22.5000 2814.7036    9.6309
    7.5000    7.5000   22.5000 2770.9966    9.7355
   -7.5000   15.0000   22.5000 2657.2971   10.3057
    0.0000   15.0000   22.5000 2686.2998   10.2398
    7.5000   15.0000   22.5000 2651.9531   10.3318
   -7.5000   22.5000   22.5000 2518.7312   11.1350
    0.0000   22.5000   22.5000 2535.4431   11.0698
    7.5000   22.5000   22.5000 2514.7534   11.1559
   -7.5000   30.0000   22.5000 2383.3079   12.1772
    0.0000   30.0000   22.5000 2397.4807   12.1147
    7.5000   30.0000   22.5000 2375.1316   12.2351
   -7.5000   37.5000   22.5000 2214.9182   13.4570
    0.0000   37.5000   22.5000 2230.4763   13.4078
    7.5000   37.5000   22.5000 2203.4260   13.5275
   -7.5000   45.0000   22.5000 2008.7886   14.9687
    0.0000   45.0000   22.5000 2024.3109   14.9381
    7.5000   45.0000   22.5000 2003.0645   15.0572
   -7.5000  -45.0000   30.0000 2405.0840   11.8840
    0.0000  -45.0000   30.0000 2429.5315   11.8228
    7.5000  -45.0000   30.0000 2392.5393   12.0389
   -7.5000  -37.5000   30.0000 2542.8228   10.8617
    0.0000  -37.5000   30.0000 2564.7102   10.8117
    7.5000  -37.5000   30.0000 2529.7905   10.9908
   -7.5000  -30.0000   30.0000 2657.4622   10.1596
    0.0000  -30.0000   30.0000 2679.0430   10.1174
    7.5000  -30.0000   30.0000 2643.3452   10.2656
   -7.5000  -22.5000   30.0000 2743.4399    9.7610
    0.0000  -22.5000   30.0000 2767.5103    9.7156
    7.5000  -22.5000   30.0000 2731.7632    9.8347
   -7.5000  -15.0000   30.0000 2804.6455    9.5235
    0.0000  -15.0000   30.0000 2833.9651    9.4566
    7.5000  -15.0000   30.0000 2784.9951    9.6033
   -7.5000   -7.5000   30.0000 2828.2368    9.4632
    0.0000   -7.5000   30.0000 2859.1494    9.3936
    7.5000   -7.5000   30.0000 2812.5332    9.5392
   -7.5000    0.0000   30.0000 2798.8245    9.5960
    0.0000    0.0000   30.0000 2829.2566    9.5412
    7.5000    0.0000   30.0000 2784.2842    9.6690
   -7.5000    7.5000   30.0000 2725.6965    9.9759
    0.0000    7.5000   30.0000 2751.4443    9.9202
    7.5000    7.5000   30.0000 2710.8342   10.0233
   -7.5000   15.0000   30.0000 2614.7883   10.5869
    0.0000   15.0000   30.0000 2634.5190   10.5162
    7.5000   15.0000   30.0000 2605.6667   10.6138
   -7.5000   22.5000   30.0000 2490.2500   11.3767
    0.0000   22.5000   30.0000 2503.7566   11.3068
    7.5000   22.5000   30.0000 2480.0620   11.3912
   -7.5000   30.0000   30.0000 2353.1191   12.3510
    0.0000   30.0000   30.0000 2366.1926   12.2804
    7.5000   30.0000   30.0000 2342.7410   12.3900
   -7.5000   37.5000   30.0000 2180.0474   13.5637
    0.0000   37.5000   30.0000 2192.3464   13.4764
    7.5000   37.5000   30.0000 2177.0967   13.6009
   -7.5000   45.0000   30.0000 1975.9459   15.0094
    0.0000   45.0000   30.0000 1989.7419   14.9203
    7.5000   45.0000   30.0000 1977.8173   15.0852
   -7.5000  -45.0000   37.5000 2369.1960   12.3923
    0.0000  -45.0000   37.5000 2388.4780   12.2980
    7.5000  -45.0000   37.5000 2354.7290   12.5845
   -7.5000  -37.5000   37.5000 2502.5513   11.3527
    0.0000  -37.5000   37.5000 2523.9221   11.2699
    7.5000  -37.5000   37.5000 2488.3884   11.4906
   -7.5000  -30.0000   37.5000 2610.6641   10.5952
    0.0000  -30.0000   37.5000 2630.5098   10.5224
    7.5000  -30.0000   37.5000 2596.1741   10.7058
   -7.5000  -22.5000   37.5000 2689.3560   10.1234
    0.0000  -22.5000   37.5000 2713.0784   10.0486
    7.5000  -22.5000   37.5000 2672.0906   10.2356
   -7.5000  -15.0000   37.5000 2740.1328    9.8798
    0.0000  -15.0000   37.5000 2763.8313    9.7942
    7.5000  -15.0000   37.5000 2719.8325   10.0067
   -7.5000   -7.5000   37.5000 2743.8223    9.8215
    0.0000   -7.5000   37.5000 2767.2141    9.7256
    7.5000   -7.5000   37.5000 2729.7671    9.9312
   -7.5000    0.0000   37.5000 2708.5325    9.9768
    0.0000    0.0000   37.5000 2740.7207    9.8859
    7.5000    0.0000   37.5000 2700.4480   10.0495
   -7.5000    7.5000   37.5000 2641.2603   10.3828
    0.0000    7.5000   37.5000 2668.2563   10.2709
    7.5000    7.5000   37.5000 2633.5381   10.4176
   -7.5000   15.0000   37.5000 2544.2192   10.9955
    0.0000   15.0000   37.5000 2563.9570   10.9095
    7.5000   15.0000   37.5000 2539.9517   11.0433
   -7.5000   22.5000   37.5000 2430.6069   11.7545
    0.0000   22.5000   37.5000 2447.0376   11.6910
    7.5000   22.5000   37.5000 2423.0608   11.8022
   -7.5000   30.0000   37.5000 2305.3933   12.7221
    0.0000   30.0000   37.5000 2317.2544   12.6425
    7.5000   30.0000   37.5000 2294.9224   12.7804
   -7.5000   37.5000   37.5000 2130.2124   13.9073
    0.0000   37.5000   37.5000 2140.1118   13.8484
    7.5000   37.5000   37.5000 2128.4248   13.9951
   -7.5000   45.0000   37.5000 1936.3655   15.3196
    0.0000   45.0000   37.5000 1946.2725   15.2623
    7.5000   45.0000   37.5000 1932.5916   15.4094
   -7.5000  -45.0000   45.0000 2305.0015   12.9884
    0.0000  -45.0000   45.0000 2318.9761   12.8853
    7.5000  -45.0000   45.0000 2287.0071   13.2050
   -7.5000  -37.5000   45.0000 2428.4849   11.9146
    0.0000  -37.5000   45.0000 2446.2239   11.8271
    7.5000  -37.5000   45.0000 2412.5671   12.0856
   -7.5000  -30.0000   45.0000 2525.0798   11.1238
    0.0000  -30.0000   45.0000 2546.9817   11.0503
    7.5000  -30.0000   45.0000 2509.2224   11.2647
   -7.5000  -22.5000   45.0000 2595.0496   10.6608
    0.0000  -22.5000   45.0000 2619.5049   10.5692
    7.5000  -22.5000   45.0000 2579.7512   10.7889
   -7.5000  -15.0000   45.0000 2634.0515   10.3972
    0.0000  -15.0000   45.0000 2653.0349   10.3161
    7.5000  -15.0000   45.0000 2612.4824   10.5456
   -7.5000   -7.5000   45.0000 2633.7234   10.3129
    0.0000   -7.5000   45.0000 2652.1914   10.2410
    7.5000   -7.5000   45.0000 2617.6406   10.4480
   -7.5000    0.0000   45.0000 2602.2021   10.4488
    0.0000    0.0000   45.0000 2628.4236   10.3732
    7.5000    0.0000   45.0000 2592.7498   10.5536
   -7.5000    7.5000   45.0000 2534.8884   10.8441
    0.0000    7.5000   45.0000 2558.0671   10.7415
    7.5000    7.5000   45.0000 2528.4285   10.9149
   -7.5000   15.0000   45.0000 2448.4927   11.4488
    0.0000   15.0000   45.0000 2467.8042   11.3556
    7.5000   15.0000   45.0000 2442.0295   11.5076
   -7.5000   22.5000   45.0000 2343.1091   12.2105
    0.0000   22.5000   45.0000 2359.3301   12.1349
    7.5000   22.5000   45.0000 2337.2444   12.2952
   -7.5000   30.0000   45.0000 2218.8252   13.2301
    0.0000   30.0000   45.0000 2230.5627   13.1325
    7.5000   30.0000   45.0000 2210.7939   13.2928
   -7.5000   37.5000   45.0000 2055.7991   14.4123
    0.0000   37.5000   45.0000 2070.8564   14.3404
    7.5000   37.5000   45.0000 2053.7312   14.5072
   -7.5000   45.0000   45.0000 1868.4895   15.7839
    0.0000   45.0000   45.0000 1882.4218   15.7462
    7.5000   45.0000   45.0000 1865.3955   15.9141

---------------------------------------------------------------------
imgreg_4dfp /opt/freesurfer/average/711-2C_as_mni_average_305 /opt/freesurfer/average/711-2B_as_mni_average_305_mask talsrcimg_g11 none talsrcimg_to_711-2C_as_mni_average_305_t4 1283
---------------------------------------------------------------------

freesurfer imgreg_4dfp.c
/opt/freesurfer/average/711-2C_as_mni_average_305.4dfp.img
       256       256       256         1
  1.000000  1.000000  1.000000
orientation T byte_order littleendian
Reading image: /opt/freesurfer/average/711-2C_as_mni_average_305.4dfp.img
dimensions:      256       256       256
mmppix:       1.0000   -1.0000   -1.0000
center:     128.0000 -129.0000 -129.0000
/opt/freesurfer/average/711-2B_as_mni_average_305_mask.4dfp.img
       256       256       256         1
  1.000000  1.000000  1.000000
orientation T byte_order littleendian
Reading mask: /opt/freesurfer/average/711-2B_as_mni_average_305_mask.4dfp.img (2306576 pixels)
talsrcimg_g11.4dfp.img
       256       256       256         1
  0.898438  0.898438  0.898438
orientation T byte_order littleendian
Reading image: talsrcimg_g11.4dfp.img
dimensions:      256       256       256
mmppix:       0.8984   -0.8984   -0.8984
center:     115.0001 -115.8985 -115.8985
rotation matrix determinant  1.000000
fimgreg.f
image alignment mode   1283 decimal      503 hex
parameters
    0.0000   -7.5000   15.0000    0.0000    0.0000    0.0000
eta,q 0.93792  8.99460
niter,ni,del,rscale     5    3   12.0000    1.2000
parameters
   -0.9072   -6.2842   13.6141    2.8271    1.6895   -1.4439
eta,q 0.94059  8.86857
  0.0755  0.0735  0.0656  0.0711  0.0714  0.0625
  0.0679  0.0693  0.0627  0.0681  0.0665  0.0606
  0.0628  0.0649  0.0614  0.0644  0.0627  0.0595
  0.0626  0.0619  0.0620  0.0614  0.0601  0.0595
  0.0683  0.0624  0.0638  0.0604  0.0596  0.0612
  0.0761  0.0640  0.0671  0.0602  0.0608  0.0642
  0.0833  0.0676  0.0708  0.0626  0.0635  0.0673
niter,ni,del,rscale     4    3   12.0000    1.2000
parameters
   -1.5437   -7.1637   14.1966    3.1829    2.2324   -1.2754
eta,q 0.94182  8.86582
  0.0747  0.0670  0.0704  0.0664  0.0687  0.0644
  0.0662  0.0607  0.0652  0.0625  0.0635  0.0614
  0.0601  0.0579  0.0605  0.0591  0.0593  0.0596
  0.0594  0.0591  0.0584  0.0583  0.0582  0.0582
  0.0640  0.0612  0.0589  0.0584  0.0590  0.0583
  0.0726  0.0655  0.0616  0.0610  0.0613  0.0607
  0.0810  0.0730  0.0671  0.0649  0.0653  0.0643
niter,ni,del,rscale     3    3   12.0000    1.2000
parameters
   -1.6960   -7.3571   14.3301    3.2830    2.3666   -1.1960
eta,q 0.94199  8.86719
  0.0764  0.0689  0.0692  0.0659  0.0674  0.0642
  0.0676  0.0623  0.0639  0.0620  0.0622  0.0613
  0.0605  0.0580  0.0595  0.0587  0.0587  0.0594
  0.0582  0.0582  0.0580  0.0580  0.0580  0.0580
  0.0612  0.0599  0.0590  0.0585  0.0592  0.0582
  0.0692  0.0635  0.0626  0.0614  0.0618  0.0607
  0.0779  0.0698  0.0687  0.0655  0.0663  0.0645
niter,ni,del,rscale     2    3   12.0000    1.2000
parameters
   -1.7337   -7.4150   14.3681    3.3182    2.3989   -1.1742
eta,q 0.94201  8.86756
  0.0769  0.0693  0.0690  0.0659  0.0671  0.0641
  0.0680  0.0627  0.0636  0.0618  0.0619  0.0612
  0.0607  0.0582  0.0593  0.0585  0.0585  0.0594
  0.0580  0.0580  0.0580  0.0580  0.0580  0.0580
  0.0607  0.0597  0.0591  0.0585  0.0592  0.0582
  0.0686  0.0631  0.0629  0.0616  0.0620  0.0608
  0.0773  0.0692  0.0691  0.0657  0.0665  0.0646
registration optimization eta report
parameter search radius
    6.0000    6.0000    6.0000    6.0000    6.0000    6.0000
100000*second partial in parameter space
       52.       32.       31.       22.       25.       17.
  0.0769  0.0693  0.0690  0.0659  0.0671  0.0641
  0.0680  0.0627  0.0636  0.0618  0.0619  0.0612
  0.0607  0.0582  0.0593  0.0585  0.0585  0.0594
  0.0580  0.0580  0.0580  0.0580  0.0580  0.0580
  0.0607  0.0597  0.0591  0.0585  0.0592  0.0582
  0.0686  0.0631  0.0629  0.0616  0.0620  0.0608
  0.0773  0.0692  0.0691  0.0657  0.0665  0.0646
   -1.7337   -7.4150   14.3681    3.3182    2.3989   -1.1742
eta,q 0.94201  8.86756

---------------------------------------------------------------------
imgreg_4dfp /opt/freesurfer/average/711-2C_as_mni_average_305 /opt/freesurfer/average/711-2B_as_mni_average_305_mask talsrcimg_g11 none talsrcimg_to_711-2C_as_mni_average_305_t4 3335
---------------------------------------------------------------------

freesurfer imgreg_4dfp.c
/opt/freesurfer/average/711-2C_as_mni_average_305.4dfp.img
       256       256       256         1
  1.000000  1.000000  1.000000
orientation T byte_order littleendian
Reading image: /opt/freesurfer/average/711-2C_as_mni_average_305.4dfp.img
dimensions:      256       256       256
mmppix:       1.0000   -1.0000   -1.0000
center:     128.0000 -129.0000 -129.0000
/opt/freesurfer/average/711-2B_as_mni_average_305_mask.4dfp.img
       256       256       256         1
  1.000000  1.000000  1.000000
orientation T byte_order littleendian
Reading mask: /opt/freesurfer/average/711-2B_as_mni_average_305_mask.4dfp.img (2306576 pixels)
talsrcimg_g11.4dfp.img
       256       256       256         1
  0.898438  0.898438  0.898438
orientation T byte_order littleendian
Reading image: talsrcimg_g11.4dfp.img
dimensions:      256       256       256
mmppix:       0.8984   -0.8984   -0.8984
center:     115.0001 -115.8985 -115.8985
fimgreg.f
image alignment mode   3335 decimal      D07 hex
parameters
   -1.7337   -7.4150   14.3681   -0.1086   -0.1836   -0.2551
    1.8036   -4.2963   -2.0474   -5.7012    4.1856    5.7830
eta,q 0.94116  8.95334
niter,ni,del,rscale     5    3    5.0000    1.2000
parameter  4  1.486351 ->  0.500000 qaram    1.1500
parameter  5  6.077689 ->  0.500000 qaram    1.1500
parameter  6  1.559532 ->  0.500000 qaram    1.1500
parameters
   -1.9631   -7.4264   14.5769   -4.2486   -4.3236   -4.3951
    1.4025   -3.8176   -0.1025   -3.8005    0.8111    6.2581
eta,q 0.95847  8.63730
  0.0615  0.0603  0.0607  0.0532  0.0439  0.0404  0.0449  0.0477  0.0458  0.0479  0.0420  0.0433
  0.0600  0.0596  0.0598  0.0544  0.0470  0.0418  0.0435  0.0451  0.0442  0.0455  0.0416  0.0424
  0.0591  0.0591  0.0591  0.0562  0.0508  0.0444  0.0427  0.0433  0.0431  0.0435  0.0416  0.0418
  0.0588  0.0588  0.0588  0.0588  0.0548  0.0480  0.0424  0.0424  0.0424  0.0422  0.0419  0.0415
  0.0594  0.0589  0.0589  0.0623  0.0588  0.0526  0.0428  0.0427  0.0422  0.0420  0.0427  0.0416
  0.0608  0.0594  0.0593  0.0662  0.0629  0.0576  0.0439  0.0441  0.0426  0.0428  0.0438  0.0421
  0.0629  0.0605  0.0602  0.0704  0.0675  0.0632  0.0455  0.0466  0.0435  0.0441  0.0453  0.0429
niter,ni,del,rscale     7    3    5.0000    1.2000
parameter  4  0.812971 ->  0.500000 qaram    1.3225
parameter  5  1.510880 ->  0.500000 qaram    1.3225
parameter  6  0.811599 ->  0.500000 qaram    1.3225
parameters
   -1.8757   -7.4049   14.0261   -9.0096   -9.0846   -9.1561
    1.2704   -3.7591    0.6328   -4.1639   -0.3157    6.1328
eta,q 0.96823  8.10392
  0.0457  0.0445  0.0428  0.0391  0.0330  0.0311  0.0351  0.0368  0.0347  0.0353  0.0327  0.0333
  0.0435  0.0430  0.0418  0.0394  0.0339  0.0316  0.0333  0.0342  0.0333  0.0333  0.0321  0.0325
  0.0421  0.0419  0.0414  0.0402  0.0361  0.0326  0.0322  0.0324  0.0323  0.0321  0.0318  0.0319
  0.0415  0.0415  0.0415  0.0414  0.0396  0.0344  0.0318  0.0318  0.0318  0.0318  0.0318  0.0318
  0.0418  0.0418  0.0421  0.0434  0.0440  0.0375  0.0323  0.0324  0.0319  0.0323  0.0321  0.0319
  0.0431  0.0428  0.0433  0.0465  0.0484  0.0424  0.0335  0.0341  0.0326  0.0338  0.0327  0.0325
  0.0451  0.0445  0.0449  0.0505  0.0532  0.0480  0.0353  0.0367  0.0338  0.0361  0.0336  0.0335
niter,ni,del,rscale     7    3    5.0000    1.2000
parameter  5  0.645690 ->  0.500000 qaram    1.5209
parameter  6  0.506045 ->  0.500000 qaram    1.5209
parameters
   -1.7801   -7.3381   13.7987  -11.6611  -14.5598  -14.6313
    1.0658   -3.3163    0.5401   -4.0787    0.1912    7.6129
eta,q 0.97207  7.45643
  0.0362  0.0355  0.0335  0.0332  0.0298  0.0291  0.0310  0.0343  0.0299  0.0320  0.0301  0.0302
  0.0339  0.0335  0.0324  0.0317  0.0294  0.0281  0.0294  0.0313  0.0289  0.0299  0.0291  0.0291
  0.0324  0.0322  0.0318  0.0312  0.0298  0.0283  0.0283  0.0291  0.0282  0.0285  0.0283  0.0284
  0.0318  0.0318  0.0317  0.0317  0.0313  0.0294  0.0280  0.0280  0.0280  0.0280  0.0280  0.0280
  0.0321  0.0321  0.0321  0.0328  0.0340  0.0313  0.0285  0.0284  0.0282  0.0285  0.0281  0.0280
  0.0334  0.0332  0.0330  0.0343  0.0382  0.0343  0.0297  0.0302  0.0289  0.0298  0.0287  0.0283
  0.0356  0.0351  0.0343  0.0369  0.0432  0.0392  0.0313  0.0331  0.0300  0.0318  0.0296  0.0289
niter,ni,del,rscale     7    3    5.0000    1.2000
parameters
   -1.8626   -7.2341   13.7737  -12.0638  -16.5709  -14.4488
    0.9206   -3.2895    0.0069   -3.8560    0.6372    7.7587
eta,q 0.97224  7.34852
  0.0320  0.0314  0.0301  0.0316  0.0313  0.0343  0.0309  0.0335  0.0294  0.0319  0.0298  0.0295
  0.0297  0.0295  0.0289  0.0295  0.0291  0.0310  0.0291  0.0306  0.0284  0.0297  0.0288  0.0285
  0.0283  0.0283  0.0281  0.0282  0.0279  0.0286  0.0281  0.0285  0.0279  0.0282  0.0280  0.0279
  0.0279  0.0279  0.0279  0.0279  0.0279  0.0277  0.0278  0.0278  0.0278  0.0277  0.0278  0.0278
  0.0286  0.0283  0.0282  0.0288  0.0290  0.0285  0.0282  0.0284  0.0281  0.0282  0.0279  0.0280
  0.0301  0.0292  0.0290  0.0302  0.0316  0.0306  0.0294  0.0305  0.0288  0.0295  0.0284  0.0285
  0.0326  0.0307  0.0301  0.0320  0.0357  0.0339  0.0311  0.0334  0.0299  0.0313  0.0293  0.0293
niter,ni,del,rscale     6    3    5.0000    1.2000
parameters
   -1.8782   -7.1669   13.8355  -12.2851  -16.8029  -14.4658
    0.9516   -3.3383   -0.2653   -3.7820    0.7852    7.7765
eta,q 0.97226  7.32810
  0.0321  0.0310  0.0300  0.0318  0.0326  0.0341  0.0310  0.0333  0.0295  0.0317  0.0296  0.0294
  0.0297  0.0292  0.0288  0.0295  0.0301  0.0308  0.0293  0.0305  0.0285  0.0295  0.0286  0.0285
  0.0282  0.0281  0.0280  0.0281  0.0283  0.0285  0.0281  0.0284  0.0279  0.0281  0.0279  0.0279
  0.0278  0.0278  0.0278  0.0278  0.0277  0.0277  0.0277  0.0277  0.0277  0.0277  0.0277  0.0277
  0.0283  0.0281  0.0280  0.0286  0.0283  0.0286  0.0282  0.0285  0.0280  0.0283  0.0279  0.0280
  0.0298  0.0290  0.0287  0.0301  0.0301  0.0308  0.0293  0.0305  0.0287  0.0296  0.0285  0.0285
  0.0322  0.0305  0.0298  0.0318  0.0333  0.0341  0.0309  0.0335  0.0298  0.0314  0.0294  0.0294
niter,ni,del,rscale     5    3    5.0000    1.2000
parameters
   -1.8857   -7.1421   13.8270  -12.3274  -16.8462  -14.4912
    0.9829   -3.3652   -0.3547   -3.7427    0.8385    7.7619
eta,q 0.97226  7.32325
  0.0321  0.0308  0.0299  0.0319  0.0327  0.0341  0.0310  0.0334  0.0296  0.0317  0.0296  0.0294
  0.0297  0.0291  0.0287  0.0297  0.0302  0.0308  0.0293  0.0305  0.0286  0.0295  0.0286  0.0285
  0.0282  0.0280  0.0280  0.0282  0.0284  0.0285  0.0281  0.0284  0.0280  0.0281  0.0279  0.0279
  0.0277  0.0277  0.0277  0.0277  0.0277  0.0277  0.0277  0.0277  0.0277  0.0277  0.0277  0.0277
  0.0283  0.0281  0.0280  0.0285  0.0283  0.0286  0.0282  0.0285  0.0280  0.0283  0.0280  0.0280
  0.0297  0.0291  0.0287  0.0300  0.0300  0.0308  0.0293  0.0305  0.0286  0.0296  0.0285  0.0285
  0.0321  0.0306  0.0299  0.0317  0.0331  0.0342  0.0309  0.0335  0.0297  0.0314  0.0295  0.0294
niter,ni,del,rscale     4    3    5.0000    1.2000
parameters
   -1.8899   -7.1286   13.8145  -12.3286  -16.8628  -14.5069
    0.9950   -3.3775   -0.3895   -3.7178    0.8627    7.7547
eta,q 0.97225  7.32179
  0.0321  0.0308  0.0299  0.0320  0.0328  0.0341  0.0310  0.0334  0.0296  0.0316  0.0296  0.0294
  0.0297  0.0291  0.0287  0.0297  0.0303  0.0308  0.0292  0.0305  0.0286  0.0295  0.0286  0.0285
  0.0282  0.0280  0.0280  0.0282  0.0284  0.0285  0.0281  0.0284  0.0280  0.0281  0.0279  0.0279
  0.0277  0.0277  0.0277  0.0277  0.0277  0.0277  0.0277  0.0277  0.0277  0.0277  0.0277  0.0277
  0.0283  0.0281  0.0280  0.0285  0.0283  0.0286  0.0282  0.0285  0.0280  0.0283  0.0280  0.0280
  0.0297  0.0291  0.0287  0.0300  0.0299  0.0308  0.0293  0.0305  0.0286  0.0296  0.0286  0.0285
  0.0321  0.0306  0.0299  0.0317  0.0331  0.0341  0.0309  0.0334  0.0297  0.0314  0.0295  0.0294
registration optimization eta report
parameter search radius
    2.4000    2.4000    2.4000    9.5220   10.9503   10.9503
    7.2000    7.2000    7.2000    7.2000    7.2000    7.2000
100000*second partial in parameter space
       75.       51.       37.        4.        4.        5.
        6.       11.        4.        7.        3.        3.
  0.0321  0.0308  0.0299  0.0320  0.0328  0.0341  0.0310  0.0334  0.0296  0.0316  0.0296  0.0294
  0.0297  0.0291  0.0287  0.0297  0.0303  0.0308  0.0292  0.0305  0.0286  0.0295  0.0286  0.0285
  0.0282  0.0280  0.0280  0.0282  0.0284  0.0285  0.0281  0.0284  0.0280  0.0281  0.0279  0.0279
  0.0277  0.0277  0.0277  0.0277  0.0277  0.0277  0.0277  0.0277  0.0277  0.0277  0.0277  0.0277
  0.0283  0.0281  0.0280  0.0285  0.0283  0.0286  0.0282  0.0285  0.0280  0.0283  0.0280  0.0280
  0.0297  0.0291  0.0287  0.0300  0.0299  0.0308  0.0293  0.0305  0.0286  0.0296  0.0286  0.0285
  0.0321  0.0306  0.0299  0.0317  0.0331  0.0341  0.0309  0.0334  0.0297  0.0314  0.0295  0.0294
   -1.8899   -7.1286   13.8145  -12.3286  -16.8628  -14.5069
    0.9950   -3.3775   -0.3895   -3.7178    0.8627    7.7547
eta,q 0.97225  7.32179

---------------------------------------------------------------------
imgreg_4dfp /opt/freesurfer/average/711-2C_as_mni_average_305 /opt/freesurfer/average/711-2B_as_mni_average_305_mask talsrcimg_g11 none talsrcimg_to_711-2C_as_mni_average_305_t4 2311
---------------------------------------------------------------------

freesurfer imgreg_4dfp.c
/opt/freesurfer/average/711-2C_as_mni_average_305.4dfp.img
       256       256       256         1
  1.000000  1.000000  1.000000
orientation T byte_order littleendian
Reading image: /opt/freesurfer/average/711-2C_as_mni_average_305.4dfp.img
dimensions:      256       256       256
mmppix:       1.0000   -1.0000   -1.0000
center:     128.0000 -129.0000 -129.0000
/opt/freesurfer/average/711-2B_as_mni_average_305_mask.4dfp.img
       256       256       256         1
  1.000000  1.000000  1.000000
orientation T byte_order littleendian
Reading mask: /opt/freesurfer/average/711-2B_as_mni_average_305_mask.4dfp.img (2306576 pixels)
talsrcimg_g11.4dfp.img
       256       256       256         1
  0.898438  0.898438  0.898438
orientation T byte_order littleendian
Reading image: talsrcimg_g11.4dfp.img
dimensions:      256       256       256
mmppix:       0.8984   -0.8984   -0.8984
center:     115.0001 -115.8985 -115.8985
fimgreg.f
image alignment mode   2311 decimal      907 hex
parameters
   -1.8899   -7.1286   13.8145  -12.3286  -16.8628  -14.5069
    0.9950   -3.3775   -0.3895   -3.7178    0.8627    7.7547
eta,q 0.97225  7.32179
niter,ni,del,rscale     5    3    5.0000    0.8000
parameters
   -1.8936   -7.1602   13.7997  -12.7148  -16.5882  -14.5176
    0.9315   -3.3845   -0.3771   -3.9482    0.7558    7.6668
eta,q 0.97228  7.31741
  0.0297  0.0290  0.0287  0.0289  0.0289  0.0291  0.0293  0.0305  0.0286  0.0294  0.0285  0.0285
  0.0286  0.0283  0.0282  0.0282  0.0283  0.0283  0.0284  0.0290  0.0281  0.0284  0.0280  0.0280
  0.0280  0.0279  0.0278  0.0278  0.0279  0.0279  0.0279  0.0280  0.0278  0.0278  0.0278  0.0278
  0.0277  0.0277  0.0277  0.0277  0.0277  0.0277  0.0277  0.0277  0.0277  0.0277  0.0277  0.0277
  0.0280  0.0279  0.0279  0.0280  0.0278  0.0279  0.0279  0.0281  0.0278  0.0280  0.0278  0.0278
  0.0286  0.0284  0.0282  0.0285  0.0281  0.0283  0.0285  0.0290  0.0281  0.0287  0.0281  0.0281
  0.0297  0.0291  0.0287  0.0293  0.0286  0.0291  0.0293  0.0305  0.0286  0.0297  0.0286  0.0285
niter,ni,del,rscale     4    3    5.0000    0.7000
parameters
   -1.8862   -7.2164   13.8231  -12.7572  -16.5729  -14.5041
    0.9027   -3.3735   -0.3006   -4.0557    0.6883    7.6927
eta,q 0.97228  7.31666
  0.0293  0.0287  0.0285  0.0287  0.0285  0.0288  0.0289  0.0299  0.0284  0.0291  0.0283  0.0283
  0.0284  0.0281  0.0281  0.0282  0.0281  0.0282  0.0282  0.0287  0.0280  0.0283  0.0280  0.0280
  0.0279  0.0278  0.0278  0.0278  0.0278  0.0278  0.0278  0.0280  0.0278  0.0278  0.0278  0.0278
  0.0277  0.0277  0.0277  0.0277  0.0277  0.0277  0.0277  0.0277  0.0277  0.0277  0.0277  0.0277
  0.0279  0.0279  0.0278  0.0278  0.0278  0.0279  0.0279  0.0280  0.0278  0.0279  0.0278  0.0278
  0.0284  0.0283  0.0280  0.0282  0.0281  0.0282  0.0283  0.0287  0.0280  0.0284  0.0280  0.0280
  0.0292  0.0288  0.0284  0.0288  0.0285  0.0287  0.0289  0.0298  0.0284  0.0292  0.0283  0.0283
niter,ni,del,rscale     3    3    5.0000    0.6000
parameters
   -1.8849   -7.2487   13.8390  -12.7700  -16.5711  -14.5244
    0.8821   -3.3654   -0.2464   -4.1470    0.6230    7.7147
eta,q 0.97229  7.31538
  0.0288  0.0284  0.0283  0.0285  0.0283  0.0285  0.0286  0.0293  0.0282  0.0287  0.0282  0.0282
  0.0282  0.0280  0.0280  0.0281  0.0280  0.0280  0.0281  0.0284  0.0279  0.0281  0.0279  0.0279
  0.0278  0.0278  0.0278  0.0278  0.0278  0.0278  0.0278  0.0279  0.0278  0.0278  0.0277  0.0278
  0.0277  0.0277  0.0277  0.0277  0.0277  0.0277  0.0277  0.0277  0.0277  0.0277  0.0277  0.0277
  0.0278  0.0278  0.0278  0.0278  0.0278  0.0278  0.0278  0.0279  0.0278  0.0279  0.0278  0.0278
  0.0282  0.0281  0.0279  0.0281  0.0280  0.0281  0.0281  0.0284  0.0279  0.0282  0.0279  0.0279
  0.0288  0.0285  0.0282  0.0285  0.0283  0.0285  0.0286  0.0293  0.0282  0.0288  0.0282  0.0281
niter,ni,del,rscale     2    3    5.0000    0.5000
parameters
   -1.8864   -7.2705   13.8496  -12.7600  -16.5898  -14.5666
    0.8660   -3.3566   -0.2070   -4.2163    0.5802    7.7072
eta,q 0.97229  7.31318
  0.0285  0.0282  0.0281  0.0283  0.0281  0.0283  0.0283  0.0288  0.0281  0.0284  0.0280  0.0280
  0.0281  0.0279  0.0279  0.0280  0.0279  0.0279  0.0280  0.0282  0.0279  0.0280  0.0278  0.0278
  0.0278  0.0278  0.0278  0.0278  0.0277  0.0278  0.0278  0.0278  0.0277  0.0278  0.0277  0.0277
  0.0277  0.0277  0.0277  0.0277  0.0277  0.0277  0.0277  0.0277  0.0277  0.0277  0.0277  0.0277
  0.0278  0.0278  0.0278  0.0278  0.0278  0.0278  0.0278  0.0278  0.0277  0.0278  0.0278  0.0278
  0.0281  0.0280  0.0279  0.0280  0.0279  0.0280  0.0280  0.0282  0.0278  0.0281  0.0279  0.0279
  0.0285  0.0283  0.0281  0.0283  0.0281  0.0283  0.0283  0.0288  0.0280  0.0285  0.0280  0.0280
niter,ni,del,rscale     1    3    5.0000    0.4000
parameters
   -1.8837   -7.2850   13.8506  -12.7601  -16.5935  -14.6274
    0.8467   -3.3436   -0.1752   -4.2752    0.5207    7.7093
eta,q 0.97229  7.31050
  0.0282  0.0280  0.0279  0.0281  0.0280  0.0281  0.0281  0.0284  0.0279  0.0282  0.0279  0.0279
  0.0279  0.0278  0.0278  0.0279  0.0278  0.0279  0.0279  0.0280  0.0278  0.0279  0.0278  0.0278
  0.0278  0.0277  0.0277  0.0278  0.0277  0.0277  0.0278  0.0278  0.0277  0.0277  0.0277  0.0277
  0.0277  0.0277  0.0277  0.0277  0.0277  0.0277  0.0277  0.0277  0.0277  0.0277  0.0277  0.0277
  0.0278  0.0277  0.0277  0.0278  0.0277  0.0278  0.0278  0.0278  0.0277  0.0278  0.0277  0.0277
  0.0279  0.0279  0.0278  0.0279  0.0278  0.0279  0.0279  0.0280  0.0278  0.0279  0.0278  0.0278
  0.0282  0.0281  0.0279  0.0281  0.0280  0.0281  0.0281  0.0284  0.0279  0.0282  0.0279  0.0279
registration optimization eta report
parameter search radius
    0.8000    0.8000    0.8000    2.4000    2.4000    2.4000
    2.4000    2.4000    2.4000    2.4000    2.4000    2.4000
100000*second partial in parameter space
       78.       54.       37.        6.        4.        6.
        7.       12.        4.        8.        3.        3.
  0.0282  0.0280  0.0279  0.0281  0.0280  0.0281  0.0281  0.0284  0.0279  0.0282  0.0279  0.0279
  0.0279  0.0278  0.0278  0.0279  0.0278  0.0279  0.0279  0.0280  0.0278  0.0279  0.0278  0.0278
  0.0278  0.0277  0.0277  0.0278  0.0277  0.0277  0.0278  0.0278  0.0277  0.0277  0.0277  0.0277
  0.0277  0.0277  0.0277  0.0277  0.0277  0.0277  0.0277  0.0277  0.0277  0.0277  0.0277  0.0277
  0.0278  0.0277  0.0277  0.0278  0.0277  0.0278  0.0278  0.0278  0.0277  0.0278  0.0277  0.0277
  0.0279  0.0279  0.0278  0.0279  0.0278  0.0279  0.0279  0.0280  0.0278  0.0279  0.0278  0.0278
  0.0282  0.0281  0.0279  0.0281  0.0280  0.0281  0.0281  0.0284  0.0279  0.0282  0.0279  0.0279
   -1.8837   -7.2850   13.8506  -12.7601  -16.5935  -14.6274
    0.8467   -3.3436   -0.1752   -4.2752    0.5207    7.7093
eta,q 0.97229  7.31050

---------------------------------------------------------------------
imgreg_4dfp /opt/freesurfer/average/711-2C_as_mni_average_305 /opt/freesurfer/average/711-2B_as_mni_average_305_mask talsrcimg_g11 none talsrcimg_to_711-2C_as_mni_average_305_t4 2311
---------------------------------------------------------------------

freesurfer imgreg_4dfp.c
/opt/freesurfer/average/711-2C_as_mni_average_305.4dfp.img
       256       256       256         1
  1.000000  1.000000  1.000000
orientation T byte_order littleendian
Reading image: /opt/freesurfer/average/711-2C_as_mni_average_305.4dfp.img
dimensions:      256       256       256
mmppix:       1.0000   -1.0000   -1.0000
center:     128.0000 -129.0000 -129.0000
/opt/freesurfer/average/711-2B_as_mni_average_305_mask.4dfp.img
       256       256       256         1
  1.000000  1.000000  1.000000
orientation T byte_order littleendian
Reading mask: /opt/freesurfer/average/711-2B_as_mni_average_305_mask.4dfp.img (2306576 pixels)
talsrcimg_g11.4dfp.img
       256       256       256         1
  0.898438  0.898438  0.898438
orientation T byte_order littleendian
Reading image: talsrcimg_g11.4dfp.img
dimensions:      256       256       256
mmppix:       0.8984   -0.8984   -0.8984
center:     115.0001 -115.8985 -115.8985
fimgreg.f
image alignment mode   2311 decimal      907 hex
parameters
   -1.8837   -7.2850   13.8506  -12.7601  -16.5935  -14.6274
    0.8467   -3.3436   -0.1752   -4.2752    0.5207    7.7093
eta,q 0.97229  7.31050
niter,ni,del,rscale     5    3    5.0000    0.8000
parameters
   -1.8807   -7.2642   13.8566  -12.7524  -16.4959  -14.5272
    0.8995   -3.3367   -0.1877   -4.1256    0.6469    7.7666
eta,q 0.97229  7.31965
  0.0297  0.0291  0.0287  0.0290  0.0288  0.0292  0.0293  0.0305  0.0286  0.0297  0.0286  0.0285
  0.0286  0.0283  0.0281  0.0283  0.0282  0.0284  0.0284  0.0290  0.0281  0.0286  0.0281  0.0281
  0.0279  0.0278  0.0278  0.0279  0.0278  0.0279  0.0279  0.0280  0.0278  0.0279  0.0278  0.0278
  0.0277  0.0277  0.0277  0.0277  0.0277  0.0277  0.0277  0.0277  0.0277  0.0277  0.0277  0.0277
  0.0279  0.0279  0.0278  0.0279  0.0278  0.0279  0.0279  0.0280  0.0278  0.0279  0.0278  0.0278
  0.0286  0.0283  0.0281  0.0283  0.0281  0.0283  0.0284  0.0290  0.0281  0.0285  0.0281  0.0281
  0.0297  0.0290  0.0287  0.0290  0.0287  0.0290  0.0292  0.0305  0.0286  0.0294  0.0285  0.0284
niter,ni,del,rscale     4    3    5.0000    0.7000
parameters
   -1.8829   -7.2604   13.8443  -12.7604  -16.5252  -14.5115
    0.8830   -3.3497   -0.2270   -4.1345    0.6437    7.7403
eta,q 0.97229  7.31844
  0.0292  0.0288  0.0284  0.0287  0.0285  0.0288  0.0289  0.0298  0.0284  0.0292  0.0283  0.0283
  0.0284  0.0282  0.0280  0.0282  0.0280  0.0282  0.0282  0.0287  0.0280  0.0283  0.0280  0.0280
  0.0279  0.0278  0.0278  0.0278  0.0278  0.0278  0.0278  0.0280  0.0278  0.0278  0.0278  0.0278
  0.0277  0.0277  0.0277  0.0277  0.0277  0.0277  0.0277  0.0277  0.0277  0.0277  0.0277  0.0277
  0.0279  0.0278  0.0278  0.0278  0.0278  0.0279  0.0279  0.0280  0.0278  0.0279  0.0278  0.0278
  0.0284  0.0282  0.0281  0.0282  0.0281  0.0282  0.0283  0.0287  0.0280  0.0284  0.0280  0.0280
  0.0292  0.0287  0.0285  0.0287  0.0285  0.0287  0.0289  0.0299  0.0284  0.0291  0.0283  0.0283
registration optimization eta report
parameter search radius
    1.4000    1.4000    1.4000    4.2000    4.2000    4.2000
    4.2000    4.2000    4.2000    4.2000    4.2000    4.2000
100000*second partial in parameter space
       78.       53.       37.        6.        4.        6.
        7.       12.        4.        8.        4.        3.
  0.0292  0.0288  0.0284  0.0287  0.0285  0.0288  0.0289  0.0298  0.0284  0.0292  0.0283  0.0283
  0.0284  0.0282  0.0280  0.0282  0.0280  0.0282  0.0282  0.0287  0.0280  0.0283  0.0280  0.0280
  0.0279  0.0278  0.0278  0.0278  0.0278  0.0278  0.0278  0.0280  0.0278  0.0278  0.0278  0.0278
  0.0277  0.0277  0.0277  0.0277  0.0277  0.0277  0.0277  0.0277  0.0277  0.0277  0.0277  0.0277
  0.0279  0.0278  0.0278  0.0278  0.0278  0.0279  0.0279  0.0280  0.0278  0.0279  0.0278  0.0278
  0.0284  0.0282  0.0281  0.0282  0.0281  0.0282  0.0283  0.0287  0.0280  0.0284  0.0280  0.0280
  0.0292  0.0287  0.0285  0.0287  0.0285  0.0287  0.0289  0.0299  0.0284  0.0291  0.0283  0.0283
   -1.8829   -7.2604   13.8443  -12.7604  -16.5252  -14.5115
    0.8830   -3.3497   -0.2270   -4.1345    0.6437    7.7403
eta,q 0.97229  7.31844

---------------------------------------------------------------------
compute_vox2vox talsrcimg talsrcimg_to_711-2C_as_mni_average_305_t4 /opt/freesurfer/average/711-2C_as_mni_average_305
---------------------------------------------------------------------

freesurfer compute_vox2vox.c
Reading: talsrcimg.4dfp.ifh
Reading: talsrcimg_to_711-2C_as_mni_average_305_t4
Reading: /opt/freesurfer/average/711-2C_as_mni_average_305.4dfp.ifh
Writing: talsrcimg_to_711-2C_as_mni_average_305_t4_vox2vox.txt

start time Thu Mar 12 20:52:47 CET 2026
end		time Thu Mar 12 20:54:11 CET 2026

mpr2mni305 success

avi2talxfm orig_nu.mgz /opt/freesurfer/average/mni305.cor.mgz talsrcimg_to_711-2C_as_mni_average_305_t4_vox2vox.txt transforms/talairach.auto.xfm
avi2talxfm done
mv -f /out/sourcedata/freesurfer/sub-v2s2x29060_ses-1/mri/talsrcimg_to_711-2C_as_mni_average_305_t4_vox2vox.txt /out/sourcedata/freesurfer/sub-v2s2x29060_ses-1/mri/transforms/talsrcimg_to_711-2C_as_mni_average_305_t4_vox2vox.txt
lta_convert --src orig_nu.mgz --trg /opt/freesurfer/average/mni305.cor.mgz --inxfm transforms/talairach.auto.xfm --outlta transforms/talairach.auto.xfm.lta --subject fsaverage
7.3.2

--src: orig_nu.mgz src image (geometry).
--trg: /opt/freesurfer/average/mni305.cor.mgz trg image (geometry).
--inmni: transforms/talairach.auto.xfm input MNI/XFM transform.
--outlta: transforms/talairach.auto.xfm.lta output LTA.
--s: fsaverage subject name
 LTA read, type : 1
 1.14590   0.04412  -0.01621  -4.89736;
-0.00887   1.16418  -0.10786   16.69524;
 0.00268   0.05778   1.19258  -12.46809;
 0.00000   0.00000   0.00000   1.00000;
setting subject to fsaverage
Writing  LTA to file transforms/talairach.auto.xfm.lta...
lta_convert successful.
 
 
Started at Thu Mar 12 20:52:46 CET 2026
Ended   at Thu Mar 12 20:54:11 CET 2026
talairach_avi done
