/out/sourcedata/freesurfer/sub-v2s2x29079_ses-1/mri
/opt/freesurfer/bin/talairach_avi
--i orig_nu.mgz --xfm transforms/talairach.auto.xfm
talairach_avi 7.3.2
Linux dna020 5.14.0-427.37.1.el9_4.x86_64 #1 SMP PREEMPT_DYNAMIC Fri Sep 13 12:41:50 EDT 2024 x86_64 x86_64 x86_64 GNU/Linux
Thu Mar 12 22:30:31 CET 2026
mri_convert orig_nu.mgz talsrcimg.img 
reading from orig_nu.mgz...
TR=0.00, TE=0.00, TI=0.00, flip angle=0.00
i_ras = (-1, 0, 0)
j_ras = (0, 0, -1)
k_ras = (0, 1, 0)
writing to talsrcimg.img...
Analyze Output Matrix
-0.89844   0.00000   0.00000   120.08120;
 0.00000   0.00000   0.89844  -138.83902;
 0.00000  -0.89844   0.00000   128.37128;
 0.00000   0.00000   0.00000   1.00000;
--------------------
INFO: set hdr.hist.orient to -1
mpr2mni305 talsrcimg
Thu Mar 12 22:30:31 CET 2026
/opt/freesurfer/bin/mpr2mni305 talsrcimg
mpr2mni305 7.3.2
target=711-2C_as_mni_average_305

---------------------------------------------------------------------
analyzeto4dfp talsrcimg -O0 -y
---------------------------------------------------------------------

freesurfer ifh2hdr.c
Thu Mar 12 22:30:32 2026
Writing: talsrcimg.4dfp.hdr
freesurfer analyzeto4dfp.c
Reading: talsrcimg.hdr
header size 348 bytes
hdr.dime.datatype	offset=70	value=2
hdr.dime.bitpix		offset=72	value=8
hdr.hist.orient		offset=252	value=-1
dimensionality     4
dimensions       256       256       256         1
Reading: talsrcimg.img
Writing: talsrcimg.4dfp.img
Writing: talsrcimg.4dfp.ifh
ifh2hdr talsrcimg -r0to245
ori=2

---------------------------------------------------------------------
gauss_4dfp talsrcimg 1.1
---------------------------------------------------------------------

freesurfer gauss_4dfp.c
Reading: talsrcimg.4dfp.img
Writing: talsrcimg_g11.4dfp.img
image dimensions 256 256 256 padded to 288 288 288
processing volume 1freesurfer ifh2hdr.c
Thu Mar 12 22:30:34 2026
Writing: talsrcimg_g11.4dfp.hdr

Writing: talsrcimg_g11.4dfp.ifh
including: talsrcimg.4dfp.img.rec in talsrcimg_g11.4dfp.img.rec

---------------------------------------------------------------------
imgreg_4dfp /opt/freesurfer/average/711-2C_as_mni_average_305 none talsrcimg_g11 none talsrcimg_to_711-2C_as_mni_average_305_t4 4355
---------------------------------------------------------------------

freesurfer imgreg_4dfp.c
/opt/freesurfer/average/711-2C_as_mni_average_305.4dfp.img
       256       256       256         1
  1.000000  1.000000  1.000000
orientation T byte_order littleendian
Reading image: /opt/freesurfer/average/711-2C_as_mni_average_305.4dfp.img
dimensions:      256       256       256
mmppix:       1.0000   -1.0000   -1.0000
center:     128.0000 -129.0000 -129.0000
talsrcimg_g11.4dfp.img
       256       256       256         1
  0.898438  0.898438  0.898438
orientation T byte_order littleendian
Reading image: talsrcimg_g11.4dfp.img
dimensions:      256       256       256
mmppix:       0.8984   -0.8984   -0.8984
center:     115.0001 -115.8985 -115.8985
t4_read: open error in t4_sub.f l:  41 t4_file(1:l)talsrcimg_to_711-2C_as_mni_average_305_t4 
t4_read: transform initialized to I4
rotation matrix determinant  1.000000
image alignment mode   4355 decimal     1103 hex
   -7.5000  -45.0000  -45.0000 6072.4624   11.6600
    0.0000  -45.0000  -45.0000 6171.7563   11.6771
    7.5000  -45.0000  -45.0000 5878.5186   11.6785
   -7.5000  -37.5000  -45.0000 6495.4961   12.3644
    0.0000  -37.5000  -45.0000 6607.0435   12.3807
    7.5000  -37.5000  -45.0000 6283.5791   12.3823
   -7.5000  -30.0000  -45.0000 6909.2925   12.7413
    0.0000  -30.0000  -45.0000 7022.8525   12.7593
    7.5000  -30.0000  -45.0000 6665.8413   12.7641
   -7.5000  -22.5000  -45.0000 7410.0332   12.7401
    0.0000  -22.5000  -45.0000 7520.7695   12.7613
    7.5000  -22.5000  -45.0000 7133.1250   12.7693
   -7.5000  -15.0000  -45.0000 7847.1860   12.7553
    0.0000  -15.0000  -45.0000 7980.7109   12.7777
    7.5000  -15.0000  -45.0000 7579.6362   12.7853
   -7.5000   -7.5000  -45.0000 7961.4419   12.7675
    0.0000   -7.5000  -45.0000 8090.6021   12.7887
    7.5000   -7.5000  -45.0000 7695.1929   12.7932
   -7.5000    0.0000  -45.0000 8063.9497   12.7675
    0.0000    0.0000  -45.0000 8189.8838   12.7863
    7.5000    0.0000  -45.0000 7788.5166   12.7879
   -7.5000    7.5000  -45.0000 7799.2686   12.7542
    0.0000    7.5000  -45.0000 7907.8989   12.7710
    7.5000    7.5000  -45.0000 7498.7183   12.7726
   -7.5000   15.0000  -45.0000 7578.3140   12.7413
    0.0000   15.0000  -45.0000 7670.5396   12.7593
    7.5000   15.0000  -45.0000 7270.9404   12.7641
   -7.5000   22.5000  -45.0000 6970.0830   12.5687
    0.0000   22.5000  -45.0000 7061.2686   12.5896
    7.5000   22.5000  -45.0000 6682.9966   12.5975
   -7.5000   30.0000  -45.0000 6407.2539   12.2481
    0.0000   30.0000  -45.0000 6501.2422   12.2696
    7.5000   30.0000  -45.0000 6134.8340   12.2769
   -7.5000   37.5000  -45.0000 5827.9385   11.8939
    0.0000   37.5000  -45.0000 5907.4683   11.9137
    7.5000   37.5000  -45.0000 5570.3896   11.9179
   -7.5000   45.0000  -45.0000 5322.6172   11.9128
    0.0000   45.0000  -45.0000 5396.3589   11.9317
    7.5000   45.0000  -45.0000 5099.0229   11.9312
   -7.5000  -45.0000  -37.5000 6658.5635   12.1839
    0.0000  -45.0000  -37.5000 6768.1118   12.1974
    7.5000  -45.0000  -37.5000 6438.8945   12.1967
   -7.5000  -37.5000  -37.5000 7129.2588   12.9226
    0.0000  -37.5000  -37.5000 7244.7314   12.9336
    7.5000  -37.5000  -37.5000 6879.9941   12.9314
   -7.5000  -30.0000  -37.5000 7584.0356   13.2956
    0.0000  -30.0000  -37.5000 7702.0210   13.3063
    7.5000  -30.0000  -37.5000 7293.8110   13.3045
   -7.5000  -22.5000  -37.5000 8103.5454   13.2995
    0.0000  -22.5000  -37.5000 8234.3203   13.3129
    7.5000  -22.5000  -37.5000 7795.1768   13.3132
   -7.5000  -15.0000  -37.5000 8558.8037   13.3181
    0.0000  -15.0000  -37.5000 8701.8223   13.3345
    7.5000  -15.0000  -37.5000 8245.7549   13.3362
   -7.5000   -7.5000  -37.5000 8658.8330   13.3292
    0.0000   -7.5000  -37.5000 8806.4316   13.3462
    7.5000   -7.5000  -37.5000 8349.2637   13.3473
   -7.5000    0.0000  -37.5000 8772.6465   13.3245
    0.0000    0.0000  -37.5000 8938.0352   13.3392
    7.5000    0.0000  -37.5000 8455.5762   13.3386
   -7.5000    7.5000  -37.5000 8466.1992   13.3065
    0.0000    7.5000  -37.5000 8603.5674   13.3178
    7.5000    7.5000  -37.5000 8130.7769   13.3156
   -7.5000   15.0000  -37.5000 8221.7354   13.2950
    0.0000   15.0000  -37.5000 8329.0264   13.3057
    7.5000   15.0000  -37.5000 7885.4243   13.3039
   -7.5000   22.5000  -37.5000 7527.9780   13.1216
    0.0000   22.5000  -37.5000 7639.1533   13.1349
    7.5000   22.5000  -37.5000 7219.8418   13.1352
   -7.5000   30.0000  -37.5000 6907.0640   12.7976
    0.0000   30.0000  -37.5000 7010.5928   12.8134
    7.5000   30.0000  -37.5000 6606.9707   12.8150
   -7.5000   37.5000  -37.5000 6250.2856   12.4272
    0.0000   37.5000  -37.5000 6341.1040   12.4429
    7.5000   37.5000  -37.5000 5985.9497   12.4439
   -7.5000   45.0000  -37.5000 5702.0049   12.4223
    0.0000   45.0000  -37.5000 5774.6982   12.4377
    7.5000   45.0000  -37.5000 5461.7627   12.4365
   -7.5000  -45.0000  -30.0000 7276.8872   12.7153
    0.0000  -45.0000  -30.0000 7380.1152   12.7274
    7.5000  -45.0000  -30.0000 7021.9536   12.7224
   -7.5000  -37.5000  -30.0000 7766.3862   13.4926
    0.0000  -37.5000  -30.0000 7873.2017   13.5015
    7.5000  -37.5000  -30.0000 7484.3311   13.4942
   -7.5000  -30.0000  -30.0000 8259.2041   13.8683
    0.0000  -30.0000  -30.0000 8388.3994   13.8764
    7.5000  -30.0000  -30.0000 7942.8687   13.8679
   -7.5000  -22.5000  -30.0000 8807.2480   13.8770
    0.0000  -22.5000  -30.0000 8946.0205   13.8881
    7.5000  -22.5000  -30.0000 8468.6230   13.8808
   -7.5000  -15.0000  -30.0000 9297.8350   13.8945
    0.0000  -15.0000  -30.0000 9431.9336   13.9093
    7.5000  -15.0000  -30.0000 8944.3896   13.9040
   -7.5000   -7.5000  -30.0000 9387.9238   13.9007
    0.0000   -7.5000  -30.0000 9537.1934   13.9164
    7.5000   -7.5000  -30.0000 9032.9648   13.9119
   -7.5000    0.0000  -30.0000 9499.5059   13.8913
    0.0000    0.0000  -30.0000 9651.0615   13.9046
    7.5000    0.0000  -30.0000 9139.2246   13.8992
   -7.5000    7.5000  -30.0000 9119.6738   13.8725
    0.0000    7.5000  -30.0000 9253.6191   13.8817
    7.5000    7.5000  -30.0000 8771.0410   13.8741
   -7.5000   15.0000  -30.0000 8825.1426   13.8664
    0.0000   15.0000  -30.0000 8954.0879   13.8745
    7.5000   15.0000  -30.0000 8474.6123   13.8660
   -7.5000   22.5000  -30.0000 8072.2178   13.6920
    0.0000   22.5000  -30.0000 8186.8726   13.7030
    7.5000   22.5000  -30.0000 7749.0864   13.6958
   -7.5000   30.0000  -30.0000 7400.6714   13.3613
    0.0000   30.0000  -30.0000 7513.0078   13.3755
    7.5000   30.0000  -30.0000 7098.6475   13.3704
   -7.5000   37.5000  -30.0000 6686.5913   12.9794
    0.0000   37.5000  -30.0000 6787.7646   12.9938
    7.5000   37.5000  -30.0000 6412.1152   12.9896
   -7.5000   45.0000  -30.0000 6077.2705   12.9661
    0.0000   45.0000  -30.0000 6153.2549   12.9797
    7.5000   45.0000  -30.0000 5814.8276   12.9743
   -7.5000  -45.0000  -22.5000 7877.8081   13.1875
    0.0000  -45.0000  -22.5000 7979.5059   13.2000
    7.5000  -45.0000  -22.5000 7596.3457   13.1918
   -7.5000  -37.5000  -22.5000 8391.8115   14.0058
    0.0000  -37.5000  -22.5000 8499.4668   14.0165
    7.5000  -37.5000  -22.5000 8080.7617   14.0075
   -7.5000  -30.0000  -22.5000 8906.5137   14.3847
    0.0000  -30.0000  -22.5000 9050.6621   14.3963
    7.5000  -30.0000  -22.5000 8580.0820   14.3874
   -7.5000  -22.5000  -22.5000 9501.7803   14.3951
    0.0000  -22.5000  -22.5000 9652.2803   14.4102
    7.5000  -22.5000  -22.5000 9137.9814   14.4024
   -7.5000  -15.0000  -22.500010017.6953   14.4088
    0.0000  -15.0000  -22.500010152.4521   14.4261
    7.5000  -15.0000  -22.5000 9637.3379   14.4185
   -7.5000   -7.5000  -22.500010108.1064   14.4099
    0.0000   -7.5000  -22.500010248.8779   14.4263
    7.5000   -7.5000  -22.5000 9714.4746   14.4181
   -7.5000    0.0000  -22.500010207.5303   14.3989
    0.0000    0.0000  -22.500010340.8340   14.4127
    7.5000    0.0000  -22.5000 9808.5254   14.4039
   -7.5000    7.5000  -22.5000 9754.6504   14.3822
    0.0000    7.5000  -22.5000 9877.4531   14.3932
    7.5000    7.5000  -22.5000 9371.7979   14.3839
   -7.5000   15.0000  -22.5000 9414.9990   14.3812
    0.0000   15.0000  -22.5000 9531.3916   14.3929
    7.5000   15.0000  -22.5000 9035.3936   14.3840
   -7.5000   22.5000  -22.5000 8596.7529   14.2046
    0.0000   22.5000  -22.5000 8689.1797   14.2195
    7.5000   22.5000  -22.5000 8260.3887   14.2118
   -7.5000   30.0000  -22.5000 7873.1924   13.8659
    0.0000   30.0000  -22.5000 7971.3765   13.8826
    7.5000   30.0000  -22.5000 7564.9468   13.8753
   -7.5000   37.5000  -22.5000 7110.9424   13.4748
    0.0000   37.5000  -22.5000 7219.8623   13.4900
    7.5000   37.5000  -22.5000 6834.1533   13.4826
   -7.5000   45.0000  -22.5000 6436.0415   13.4717
    0.0000   45.0000  -22.5000 6522.7227   13.4849
    7.5000   45.0000  -22.5000 6159.1006   13.4750
   -7.5000  -45.0000  -15.0000 8457.4297   13.6557
    0.0000  -45.0000  -15.0000 8569.5273   13.6712
    7.5000  -45.0000  -15.0000 8152.9229   13.6652
   -7.5000  -37.5000  -15.0000 8995.2637   14.5042
    0.0000  -37.5000  -15.0000 9127.8789   14.5201
    7.5000  -37.5000  -15.0000 8671.4238   14.5158
   -7.5000  -30.0000  -15.0000 9539.9385   14.8812
    0.0000  -30.0000  -15.0000 9678.3350   14.9004
    7.5000  -30.0000  -15.0000 9187.9883   14.8996
   -7.5000  -22.5000  -15.000010166.9053   14.8881
    0.0000  -22.5000  -15.000010328.4443   14.9112
    7.5000  -22.5000  -15.0000 9776.2324   14.9124
   -7.5000  -15.0000  -15.000010739.2617   14.9004
    0.0000  -15.0000  -15.000010894.7461   14.9235
    7.5000  -15.0000  -15.000010317.9434   14.9222
   -7.5000   -7.5000  -15.000010818.3779   14.9031
    0.0000   -7.5000  -15.000010976.6318   14.9230
    7.5000   -7.5000  -15.000010388.8984   14.9178
   -7.5000    0.0000  -15.000010926.5332   14.8956
    0.0000    0.0000  -15.000011074.2549   14.9126
    7.5000    0.0000  -15.000010488.7412   14.9062
   -7.5000    7.5000  -15.000010425.3477   14.8795
    0.0000    7.5000  -15.000010552.4014   14.8959
    7.5000    7.5000  -15.0000 9985.4648   14.8915
   -7.5000   15.0000  -15.000010041.2168   14.8766
    0.0000   15.0000  -15.000010147.5830   14.8958
    7.5000   15.0000  -15.0000 9627.7744   14.8950
   -7.5000   22.5000  -15.0000 9132.0771   14.6934
    0.0000   22.5000  -15.0000 9232.8965   14.7162
    7.5000   22.5000  -15.0000 8776.8447   14.7173
   -7.5000   30.0000  -15.0000 8342.8633   14.3499
    0.0000   30.0000  -15.0000 8435.9893   14.3721
    7.5000   30.0000  -15.0000 8003.3691   14.3708
   -7.5000   37.5000  -15.0000 7523.1152   13.9570
    0.0000   37.5000  -15.0000 7609.3096   13.9758
    7.5000   37.5000  -15.0000 7211.2476   13.9713
   -7.5000   45.0000  -15.0000 6809.1025   13.9744
    0.0000   45.0000  -15.0000 6882.2070   13.9904
    7.5000   45.0000  -15.0000 6499.3896   13.9808
   -7.5000  -45.0000   -7.5000 8767.7441   13.6588
    0.0000  -45.0000   -7.5000 8886.0977   13.6771
    7.5000  -45.0000   -7.5000 8457.6562   13.6766
   -7.5000  -37.5000   -7.5000 9319.1348   14.5069
    0.0000  -37.5000   -7.5000 9458.9141   14.5261
    7.5000  -37.5000   -7.5000 8978.2656   14.5283
   -7.5000  -30.0000   -7.5000 9879.1064   14.8779
    0.0000  -30.0000   -7.500010031.3789   14.9010
    7.5000  -30.0000   -7.5000 9511.1328   14.9082
   -7.5000  -22.5000   -7.500010523.5029   14.8795
    0.0000  -22.5000   -7.500010686.9902   14.9065
    7.5000  -22.5000   -7.500010111.1406   14.9165
   -7.5000  -15.0000   -7.500011100.8926   14.8933
    0.0000  -15.0000   -7.500011295.4189   14.9196
    7.5000  -15.0000   -7.500010657.3604   14.9266
   -7.5000   -7.5000   -7.500011181.0215   14.9014
    0.0000   -7.5000   -7.500011381.0303   14.9244
    7.5000   -7.5000   -7.500010717.3691   14.9261
   -7.5000    0.0000   -7.500011297.4346   14.8990
    0.0000    0.0000   -7.500011488.7109   14.9190
    7.5000    0.0000   -7.500010819.7021   14.9185
   -7.5000    7.5000   -7.500010745.2920   14.8823
    0.0000    7.5000   -7.500010889.6846   14.9020
    7.5000    7.5000   -7.500010266.1816   14.9042
   -7.5000   15.0000   -7.500010340.7432   14.8733
    0.0000   15.0000   -7.500010439.0596   14.8964
    7.5000   15.0000   -7.5000 9889.7314   14.9037
   -7.5000   22.5000   -7.5000 9420.2559   14.6849
    0.0000   22.5000   -7.5000 9508.5654   14.7115
    7.5000   22.5000   -7.5000 9017.7236   14.7214
   -7.5000   30.0000   -7.5000 8556.0342   14.3430
    0.0000   30.0000   -7.5000 8643.7256   14.3683
    7.5000   30.0000   -7.5000 8196.9736   14.3751
   -7.5000   37.5000   -7.5000 7727.6035   13.9555
    0.0000   37.5000   -7.5000 7796.2310   13.9771
    7.5000   37.5000   -7.5000 7379.4087   13.9790
   -7.5000   45.0000   -7.5000 6984.6934   13.9790
    0.0000   45.0000   -7.5000 7049.0444   13.9984
    7.5000   45.0000   -7.5000 6658.6108   13.9942
   -7.5000  -45.0000    0.0000 8901.6826   13.9997
    0.0000  -45.0000    0.0000 9017.9336   14.0184
    7.5000  -45.0000    0.0000 8566.3564   14.0215
   -7.5000  -37.5000    0.0000 9427.7705   14.8608
    0.0000  -37.5000    0.0000 9556.8613   14.8788
    7.5000  -37.5000    0.0000 9060.5283   14.8827
   -7.5000  -30.0000    0.000010019.2441   15.2270
    0.0000  -30.0000    0.000010155.1260   15.2473
    7.5000  -30.0000    0.0000 9631.4102   15.2550
   -7.5000  -22.5000    0.000010703.2119   15.2267
    0.0000  -22.5000    0.000010882.3828   15.2510
    7.5000  -22.5000    0.000010295.3408   15.2618
   -7.5000  -15.0000    0.000011282.6328   15.2439
    0.0000  -15.0000    0.000011502.9014   15.2693
    7.5000  -15.0000    0.000010817.5645   15.2793
   -7.5000   -7.5000    0.000011333.4180   15.2566
    0.0000   -7.5000    0.000011535.2500   15.2802
    7.5000   -7.5000    0.000010848.6348   15.2864
   -7.5000    0.0000    0.000011444.9443   15.2558
    0.0000    0.0000    0.000011614.7061   15.2762
    7.5000    0.0000    0.000010934.0508   15.2796
   -7.5000    7.5000    0.000010856.0371   15.2353
    0.0000    7.5000    0.000010973.3623   15.2537
    7.5000    7.5000    0.000010339.1934   15.2578
   -7.5000   15.0000    0.000010428.1055   15.2216
    0.0000   15.0000    0.000010533.2793   15.2419
    7.5000   15.0000    0.0000 9974.3164   15.2496
   -7.5000   22.5000    0.0000 9521.5605   15.0296
    0.0000   22.5000    0.0000 9630.4961   15.0536
    7.5000   22.5000    0.0000 9107.9150   15.0643
   -7.5000   30.0000    0.0000 8658.2510   14.6895
    0.0000   30.0000    0.0000 8763.0947   14.7140
    7.5000   30.0000    0.0000 8279.2188   14.7236
   -7.5000   37.5000    0.0000 7798.3027   14.3055
    0.0000   37.5000    0.0000 7889.4863   14.3276
    7.5000   37.5000    0.0000 7456.8042   14.3335
   -7.5000   45.0000    0.0000 7043.3730   14.3385
    0.0000   45.0000    0.0000 7129.1602   14.3592
    7.5000   45.0000    0.0000 6718.8135   14.3602
   -7.5000  -45.0000    7.5000 8664.5752   13.9966
    0.0000  -45.0000    7.5000 8767.6680   14.0123
    7.5000  -45.0000    7.5000 8339.3506   14.0118
   -7.5000  -37.5000    7.5000 9123.4316   14.8550
    0.0000  -37.5000    7.5000 9213.6572   14.8678
    7.5000  -37.5000    7.5000 8762.0010   14.8655
   -7.5000  -30.0000    7.5000 9703.0742   15.2229
    0.0000  -30.0000    7.5000 9806.9658   15.2354
    7.5000  -30.0000    7.5000 9317.1475   15.2337
   -7.5000  -22.5000    7.500010486.2041   15.2266
    0.0000  -22.5000    7.500010729.2910   15.2428
    7.5000  -22.5000    7.500010079.3975   15.2435
   -7.5000  -15.0000    7.500011161.5957   15.2458
    0.0000  -15.0000    7.500011415.2041   15.2655
    7.5000  -15.0000    7.500010687.1182   15.2679
   -7.5000   -7.5000    7.500011156.5215   15.2572
    0.0000   -7.5000    7.500011295.3223   15.2774
    7.5000   -7.5000    7.500010648.1240   15.2791
   -7.5000    0.0000    7.500011206.7754   15.2525
    0.0000    0.0000    7.500011284.5117   15.2697
    7.5000    0.0000    7.500010679.8779   15.2692
   -7.5000    7.5000    7.500010553.6240   15.2294
    0.0000    7.5000    7.500010628.5801   15.2425
    7.5000    7.5000    7.500010042.7266   15.2401
   -7.5000   15.0000    7.500010140.7656   15.2175
    0.0000   15.0000    7.500010252.9590   15.2301
    7.5000   15.0000    7.5000 9668.3965   15.2283
   -7.5000   22.5000    7.5000 9271.4961   15.0296
    0.0000   22.5000    7.5000 9391.9199   15.0455
    7.5000   22.5000    7.5000 8842.2070   15.0462
   -7.5000   30.0000    7.5000 8419.4307   14.6914
    0.0000   30.0000    7.5000 8552.9746   14.7103
    7.5000   30.0000    7.5000 8025.5024   14.7127
   -7.5000   37.5000    7.5000 7562.9531   14.3064
    0.0000   37.5000    7.5000 7683.7256   14.3251
    7.5000   37.5000    7.5000 7215.5601   14.3266
   -7.5000   45.0000    7.5000 6802.5908   14.3316
    0.0000   45.0000    7.5000 6900.2661   14.3496
    7.5000   45.0000    7.5000 6475.7715   14.3486
   -7.5000  -45.0000   15.0000 8721.6475   14.0095
    0.0000  -45.0000   15.0000 8809.0557   14.0230
    7.5000  -45.0000   15.0000 8383.6875   14.0171
   -7.5000  -37.5000   15.0000 9187.1289   14.8690
    0.0000  -37.5000   15.0000 9239.0596   14.8789
    7.5000  -37.5000   15.0000 8805.5039   14.8704
   -7.5000  -30.0000   15.0000 9756.7031   15.2436
    0.0000  -30.0000   15.0000 9881.2021   15.2524
    7.5000  -30.0000   15.0000 9351.6797   15.2426
   -7.5000  -22.5000   15.000010581.8594   15.2531
    0.0000  -22.5000   15.000010895.1543   15.2653
    7.5000  -22.5000   15.000010150.4160   15.2568
   -7.5000  -15.0000   15.000011356.6289   15.2712
    0.0000  -15.0000   15.000011696.3555   15.2876
    7.5000  -15.0000   15.000010853.2422   15.2813
   -7.5000   -7.5000   15.000011376.9199   15.2768
    0.0000   -7.5000   15.000011588.4961   15.2944
    7.5000   -7.5000   15.000010852.6582   15.2890
   -7.5000    0.0000   15.000011356.7207   15.2665
    0.0000    0.0000   15.000011467.0234   15.2813
    7.5000    0.0000   15.000010829.4814   15.2750
   -7.5000    7.5000   15.000010587.8564   15.2437
    0.0000    7.5000   15.000010679.3926   15.2539
    7.5000    7.5000   15.000010087.3555   15.2451
   -7.5000   15.0000   15.000010140.3877   15.2382
    0.0000   15.0000   15.000010247.0068   15.2470
    7.5000   15.0000   15.0000 9657.7881   15.2372
   -7.5000   22.5000   15.0000 9259.9287   15.0557
    0.0000   22.5000   15.0000 9361.5127   15.0677
    7.5000   22.5000   15.0000 8812.4258   15.0593
   -7.5000   30.0000   15.0000 8401.4629   14.7158
    0.0000   30.0000   15.0000 8517.7852   14.7316
    7.5000   30.0000   15.0000 7999.8794   14.7255
   -7.5000   37.5000   15.0000 7538.9033   14.3248
    0.0000   37.5000   15.0000 7644.5664   14.3410
    7.5000   37.5000   15.0000 7182.0166   14.3360
   -7.5000   45.0000   15.0000 6778.6611   14.3440
    0.0000   45.0000   15.0000 6860.7139   14.3591
    7.5000   45.0000   15.0000 6439.8135   14.3528
   -7.5000  -45.0000   22.5000 8289.7080   14.1523
    0.0000  -45.0000   22.5000 8380.8496   14.1657
    7.5000  -45.0000   22.5000 7980.2881   14.1571
   -7.5000  -37.5000   22.5000 8749.5049   15.0229
    0.0000  -37.5000   22.5000 8822.8418   15.0345
    7.5000  -37.5000   22.5000 8393.1201   15.0249
   -7.5000  -30.0000   22.5000 9284.6025   15.4050
    0.0000  -30.0000   22.5000 9412.3750   15.4173
    7.5000  -30.0000   22.5000 8895.4336   15.4078
   -7.5000  -22.5000   22.5000 9994.0771   15.4156
    0.0000  -22.5000   22.500010221.4551   15.4316
    7.5000  -22.5000   22.5000 9564.1895   15.4233
   -7.5000  -15.0000   22.500010677.9258   15.4309
    0.0000  -15.0000   22.500010945.5127   15.4492
    7.5000  -15.0000   22.500010190.1650   15.4412
   -7.5000   -7.5000   22.500010749.3770   15.4332
    0.0000   -7.5000   22.500010973.3945   15.4506
    7.5000   -7.5000   22.500010252.3379   15.4420
   -7.5000    0.0000   22.500010739.4795   15.4219
    0.0000    0.0000   22.500010911.2227   15.4366
    7.5000    0.0000   22.500010263.8906   15.4273
   -7.5000    7.5000   22.5000 9975.7559   15.4015
    0.0000    7.5000   22.500010084.1133   15.4133
    7.5000    7.5000   22.5000 9527.4180   15.4035
   -7.5000   15.0000   22.5000 9543.0654   15.3995
    0.0000   15.0000   22.5000 9626.8574   15.4119
    7.5000   15.0000   22.5000 9114.4473   15.4024
   -7.5000   22.5000   22.5000 8743.8457   15.2161
    0.0000   22.5000   22.5000 8809.2539   15.2319
    7.5000   22.5000   22.5000 8357.9912   15.2237
   -7.5000   30.0000   22.5000 7958.4395   14.8697
    0.0000   30.0000   22.5000 8015.2700   14.8873
    7.5000   30.0000   22.5000 7603.6987   14.8797
   -7.5000   37.5000   22.5000 7127.6772   14.4714
    0.0000   37.5000   22.5000 7178.5264   14.4877
    7.5000   37.5000   22.5000 6803.9038   14.4798
   -7.5000   45.0000   22.5000 6395.3696   14.4973
    0.0000   45.0000   22.5000 6438.3027   14.5115
    7.5000   45.0000   22.5000 6083.1353   14.5010
   -7.5000  -45.0000   30.0000 7806.0732   14.2610
    0.0000  -45.0000   30.0000 7917.2637   14.2779
    7.5000  -45.0000   30.0000 7504.3643   14.2716
   -7.5000  -37.5000   30.0000 8248.0234   15.1454
    0.0000  -37.5000   30.0000 8358.2969   15.1623
    7.5000  -37.5000   30.0000 7921.4082   15.1577
   -7.5000  -30.0000   30.0000 8748.6934   15.5301
    0.0000  -30.0000   30.0000 8867.6426   15.5499
    7.5000  -30.0000   30.0000 8383.7617   15.5491
   -7.5000  -22.5000   30.0000 9382.7021   15.5370
    0.0000  -22.5000   30.0000 9519.9551   15.5608
    7.5000  -22.5000   30.0000 8985.0146   15.5622
   -7.5000  -15.0000   30.0000 9963.0039   15.5520
    0.0000  -15.0000   30.000010079.7139   15.5762
    7.5000  -15.0000   30.0000 9525.3701   15.5751
   -7.5000   -7.5000   30.000010037.0703   15.5571
    0.0000   -7.5000   30.000010128.3330   15.5786
    7.5000   -7.5000   30.0000 9605.9678   15.5733
   -7.5000    0.0000   30.000010066.3887   15.5496
    0.0000    0.0000   30.000010142.6650   15.5681
    7.5000    0.0000   30.0000 9661.0723   15.5613
   -7.5000    7.5000   30.0000 9350.2803   15.5297
    0.0000    7.5000   30.0000 9396.7959   15.5471
    7.5000    7.5000   30.0000 8966.0537   15.5423
   -7.5000   15.0000   30.0000 8952.6826   15.5245
    0.0000   15.0000   30.0000 8992.1611   15.5444
    7.5000   15.0000   30.0000 8582.3730   15.5436
   -7.5000   22.5000   30.0000 8228.8457   15.3346
    0.0000   22.5000   30.0000 8268.2705   15.3581
    7.5000   22.5000   30.0000 7876.1348   15.3595
   -7.5000   30.0000   30.0000 7478.6230   14.9933
    0.0000   30.0000   30.0000 7533.1177   15.0166
    7.5000   30.0000   30.0000 7161.1177   15.0155
   -7.5000   37.5000   30.0000 6682.3857   14.6016
    0.0000   37.5000   30.0000 6733.8765   14.6219
    7.5000   37.5000   30.0000 6391.6357   14.6172
   -7.5000   45.0000   30.0000 5984.9980   14.6445
    0.0000   45.0000   30.0000 6016.9673   14.6621
    7.5000   45.0000   30.0000 5700.0771   14.6519
   -7.5000  -45.0000   37.5000 7346.6270   14.3217
    0.0000  -45.0000   37.5000 7448.0122   14.3438
    7.5000  -45.0000   37.5000 7054.4150   14.3441
   -7.5000  -37.5000   37.5000 7770.8076   15.2077
    0.0000  -37.5000   37.5000 7852.4653   15.2302
    7.5000  -37.5000   37.5000 7452.2007   15.2334
   -7.5000  -30.0000   37.5000 8231.2334   15.5768
    0.0000  -30.0000   37.5000 8301.2734   15.6031
    7.5000  -30.0000   37.5000 7886.1240   15.6119
   -7.5000  -22.5000   37.5000 8791.1250   15.5807
    0.0000  -22.5000   37.5000 8840.6572   15.6116
    7.5000  -22.5000   37.5000 8419.0342   15.6238
   -7.5000  -15.0000   37.5000 9283.0234   15.6014
    0.0000  -15.0000   37.5000 9316.0371   15.6324
    7.5000  -15.0000   37.5000 8895.4375   15.6414
   -7.5000   -7.5000   37.5000 9352.1016   15.6141
    0.0000   -7.5000   37.5000 9388.0576   15.6418
    7.5000   -7.5000   37.5000 8971.9736   15.6449
   -7.5000    0.0000   37.5000 9406.4229   15.6094
    0.0000    0.0000   37.5000 9439.0605   15.6334
    7.5000    0.0000   37.5000 9040.7432   15.6339
   -7.5000    7.5000   37.5000 8762.7148   15.5840
    0.0000    7.5000   37.5000 8778.1807   15.6070
    7.5000    7.5000   37.5000 8410.5098   15.6103
   -7.5000   15.0000   37.5000 8412.7129   15.5711
    0.0000   15.0000   37.5000 8441.4092   15.5974
    7.5000   15.0000   37.5000 8058.3218   15.6063
   -7.5000   22.5000   37.5000 7728.0933   15.3751
    0.0000   22.5000   37.5000 7760.0498   15.4055
    7.5000   22.5000   37.5000 7385.7036   15.4175
   -7.5000   30.0000   37.5000 7011.5176   15.0408
    0.0000   30.0000   37.5000 7063.1860   15.0706
    7.5000   30.0000   37.5000 6709.5093   15.0794
   -7.5000   37.5000   37.5000 6253.7100   14.6561
    0.0000   37.5000   37.5000 6305.9463   14.6824
    7.5000   37.5000   37.5000 5977.3066   14.6856
   -7.5000   45.0000   37.5000 5598.5513   14.7001
    0.0000   45.0000   37.5000 5626.4438   14.7236
    7.5000   45.0000   37.5000 5327.0269   14.7202
   -7.5000  -45.0000   45.0000 6862.6772   14.4032
    0.0000  -45.0000   45.0000 6947.3813   14.4265
    7.5000  -45.0000   45.0000 6605.7607   14.4333
   -7.5000  -37.5000   45.0000 7254.4404   15.2890
    0.0000  -37.5000   45.0000 7325.7759   15.3111
    7.5000  -37.5000   45.0000 6975.0537   15.3187
   -7.5000  -30.0000   45.0000 7677.9448   15.6373
    0.0000  -30.0000   45.0000 7743.4121   15.6616
    7.5000  -30.0000   45.0000 7372.2397   15.6728
   -7.5000  -22.5000   45.0000 8177.7837   15.6391
    0.0000  -22.5000   45.0000 8237.4932   15.6674
    7.5000  -22.5000   45.0000 7849.0229   15.6818
   -7.5000  -15.0000   45.0000 8619.8945   15.6662
    0.0000  -15.0000   45.0000 8657.6875   15.6961
    7.5000  -15.0000   45.0000 8279.3701   15.7097
   -7.5000   -7.5000   45.0000 8680.5205   15.6867
    0.0000   -7.5000   45.0000 8719.6943   15.7154
    7.5000   -7.5000   45.0000 8338.8486   15.7256
   -7.5000    0.0000   45.0000 8722.2871   15.6842
    0.0000    0.0000   45.0000 8765.9453   15.7095
    7.5000    0.0000   45.0000 8394.6064   15.7170
   -7.5000    7.5000   45.0000 8136.8306   15.6522
    0.0000    7.5000   45.0000 8172.0938   15.6749
    7.5000    7.5000   45.0000 7809.8882   15.6827
   -7.5000   15.0000   45.0000 7842.4214   15.6315
    0.0000   15.0000   45.0000 7878.9438   15.6557
    7.5000   15.0000   45.0000 7508.2563   15.6669
   -7.5000   22.5000   45.0000 7208.5601   15.4306
    0.0000   22.5000   45.0000 7246.8125   15.4585
    7.5000   22.5000   45.0000 6889.6875   15.4727
   -7.5000   30.0000   45.0000 6534.6255   15.1017
    0.0000   30.0000   45.0000 6581.6123   15.1306
    7.5000   30.0000   45.0000 6242.6592   15.1437
   -7.5000   37.5000   45.0000 5819.2251   14.7220
    0.0000   37.5000   45.0000 5865.5039   14.7489
    7.5000   37.5000   45.0000 5558.1567   14.7585
   -7.5000   45.0000   45.0000 5224.5024   14.7590
    0.0000   45.0000   45.0000 5239.8564   14.7845
    7.5000   45.0000   45.0000 4969.0586   14.7891

---------------------------------------------------------------------
imgreg_4dfp /opt/freesurfer/average/711-2C_as_mni_average_305 /opt/freesurfer/average/711-2B_as_mni_average_305_mask talsrcimg_g11 none talsrcimg_to_711-2C_as_mni_average_305_t4 4355
---------------------------------------------------------------------

freesurfer imgreg_4dfp.c
/opt/freesurfer/average/711-2C_as_mni_average_305.4dfp.img
       256       256       256         1
  1.000000  1.000000  1.000000
orientation T byte_order littleendian
Reading image: /opt/freesurfer/average/711-2C_as_mni_average_305.4dfp.img
dimensions:      256       256       256
mmppix:       1.0000   -1.0000   -1.0000
center:     128.0000 -129.0000 -129.0000
/opt/freesurfer/average/711-2B_as_mni_average_305_mask.4dfp.img
       256       256       256         1
  1.000000  1.000000  1.000000
orientation T byte_order littleendian
Reading mask: /opt/freesurfer/average/711-2B_as_mni_average_305_mask.4dfp.img (2306576 pixels)
talsrcimg_g11.4dfp.img
       256       256       256         1
  0.898438  0.898438  0.898438
orientation T byte_order littleendian
Reading image: talsrcimg_g11.4dfp.img
dimensions:      256       256       256
mmppix:       0.8984   -0.8984   -0.8984
center:     115.0001 -115.8985 -115.8985
rotation matrix determinant  1.000000
image alignment mode   4355 decimal     1103 hex
   -7.5000  -60.0000  -30.0000 2010.0850   16.0203
    0.0000  -60.0000  -30.0000 2021.5994   15.9784
    7.5000  -60.0000  -30.0000 2017.9296   15.9933
   -7.5000  -52.5000  -30.0000 2123.6284   14.4526
    0.0000  -52.5000  -30.0000 2140.5117   14.4019
    7.5000  -52.5000  -30.0000 2134.8457   14.4118
   -7.5000  -45.0000  -30.0000 2259.0149   13.4232
    0.0000  -45.0000  -30.0000 2275.3960   13.3900
    7.5000  -45.0000  -30.0000 2271.1353   13.4151
   -7.5000  -37.5000  -30.0000 2332.7336   12.6083
    0.0000  -37.5000  -30.0000 2350.9270   12.5414
    7.5000  -37.5000  -30.0000 2343.1355   12.5721
   -7.5000  -30.0000  -30.0000 2374.2705   12.0009
    0.0000  -30.0000  -30.0000 2399.5747   11.9083
    7.5000  -30.0000  -30.0000 2377.7705   11.9611
   -7.5000  -22.5000  -30.0000 2391.5032   11.5715
    0.0000  -22.5000  -30.0000 2415.1914   11.4957
    7.5000  -22.5000  -30.0000 2397.5483   11.5681
   -7.5000  -15.0000  -30.0000 2402.5010   11.3670
    0.0000  -15.0000  -30.0000 2424.4905   11.2965
    7.5000  -15.0000  -30.0000 2407.9346   11.3747
   -7.5000   -7.5000  -30.0000 2392.0754   11.4839
    0.0000   -7.5000  -30.0000 2418.6042   11.4109
    7.5000   -7.5000  -30.0000 2400.9963   11.4743
   -7.5000    0.0000  -30.0000 2368.4470   11.8167
    0.0000    0.0000  -30.0000 2396.2673   11.7291
    7.5000    0.0000  -30.0000 2378.1672   11.8117
   -7.5000    7.5000  -30.0000 2328.6289   12.3829
    0.0000    7.5000  -30.0000 2353.6548   12.2772
    7.5000    7.5000  -30.0000 2336.9941   12.3699
   -7.5000   15.0000  -30.0000 2265.3357   13.2093
    0.0000   15.0000  -30.0000 2292.9998   13.1136
    7.5000   15.0000  -30.0000 2271.9246   13.2009
   -7.5000   22.5000  -30.0000 2181.5535   14.3137
    0.0000   22.5000  -30.0000 2202.9729   14.2456
    7.5000   22.5000  -30.0000 2184.9136   14.3337
   -7.5000   30.0000  -30.0000 2075.8396   15.8030
    0.0000   30.0000  -30.0000 2095.5889   15.7025
    7.5000   30.0000  -30.0000 2074.1311   15.7728
   -7.5000  -60.0000  -22.5000 2118.1135   15.4126
    0.0000  -60.0000  -22.5000 2132.5181   15.3102
    7.5000  -60.0000  -22.5000 2125.0723   15.3859
   -7.5000  -52.5000  -22.5000 2240.6155   13.8532
    0.0000  -52.5000  -22.5000 2261.2263   13.7804
    7.5000  -52.5000  -22.5000 2252.5747   13.8444
   -7.5000  -45.0000  -22.5000 2377.4565   12.8529
    0.0000  -45.0000  -22.5000 2401.6235   12.7876
    7.5000  -45.0000  -22.5000 2393.4792   12.8547
   -7.5000  -37.5000  -22.5000 2456.2583   12.0480
    0.0000  -37.5000  -22.5000 2477.9619   11.9710
    7.5000  -37.5000  -22.5000 2469.3386   12.0197
   -7.5000  -30.0000  -22.5000 2505.1360   11.4672
    0.0000  -30.0000  -22.5000 2531.7339   11.3658
    7.5000  -30.0000  -22.5000 2513.7959   11.4379
   -7.5000  -22.5000  -22.5000 2536.8611   11.0512
    0.0000  -22.5000  -22.5000 2563.5020   10.9637
    7.5000  -22.5000  -22.5000 2543.2012   11.0508
   -7.5000  -15.0000  -22.5000 2554.3467   10.8688
    0.0000  -15.0000  -22.5000 2574.8120   10.7888
    7.5000  -15.0000  -22.5000 2560.3452   10.8623
   -7.5000   -7.5000  -22.5000 2552.6389   10.9570
    0.0000   -7.5000  -22.5000 2576.2520   10.8746
    7.5000   -7.5000  -22.5000 2557.3835   10.9666
   -7.5000    0.0000  -22.5000 2525.7688   11.3106
    0.0000    0.0000  -22.5000 2552.4790   11.1992
    7.5000    0.0000  -22.5000 2530.5110   11.2938
   -7.5000    7.5000  -22.5000 2470.4460   11.8775
    0.0000    7.5000  -22.5000 2500.3040   11.7552
    7.5000    7.5000  -22.5000 2481.2371   11.8557
   -7.5000   15.0000  -22.5000 2399.8323   12.6922
    0.0000   15.0000  -22.5000 2430.1155   12.5880
    7.5000   15.0000  -22.5000 2405.7073   12.6692
   -7.5000   22.5000  -22.5000 2304.7932   13.7769
    0.0000   22.5000  -22.5000 2330.5549   13.6987
    7.5000   22.5000  -22.5000 2310.3357   13.7631
   -7.5000   30.0000  -22.5000 2190.5671   15.2111
    0.0000   30.0000  -22.5000 2216.4209   15.0887
    7.5000   30.0000  -22.5000 2196.4724   15.1548
   -7.5000  -60.0000  -15.0000 2200.0500   14.7484
    0.0000  -60.0000  -15.0000 2219.7031   14.6278
    7.5000  -60.0000  -15.0000 2207.8188   14.7713
   -7.5000  -52.5000  -15.0000 2326.0110   13.2237
    0.0000  -52.5000  -15.0000 2349.4116   13.1290
    7.5000  -52.5000  -15.0000 2340.3398   13.2383
   -7.5000  -45.0000  -15.0000 2466.5105   12.2367
    0.0000  -45.0000  -15.0000 2491.6848   12.1339
    7.5000  -45.0000  -15.0000 2482.0757   12.2066
   -7.5000  -37.5000  -15.0000 2547.8025   11.4278
    0.0000  -37.5000  -15.0000 2575.6348   11.3384
    7.5000  -37.5000  -15.0000 2564.0227   11.4025
   -7.5000  -30.0000  -15.0000 2603.6458   10.8433
    0.0000  -30.0000  -15.0000 2627.7681   10.7570
    7.5000  -30.0000  -15.0000 2616.1475   10.8372
   -7.5000  -22.5000  -15.0000 2648.7053   10.4631
    0.0000  -22.5000  -15.0000 2676.1160   10.3461
    7.5000  -22.5000  -15.0000 2657.0750   10.4534
   -7.5000  -15.0000  -15.0000 2682.1218   10.2765
    0.0000  -15.0000  -15.0000 2705.8547   10.1667
    7.5000  -15.0000  -15.0000 2684.5801   10.2822
   -7.5000   -7.5000  -15.0000 2686.4282   10.3598
    0.0000   -7.5000  -15.0000 2711.2683   10.2690
    7.5000   -7.5000  -15.0000 2686.6536   10.3746
   -7.5000    0.0000  -15.0000 2656.3372   10.7243
    0.0000    0.0000  -15.0000 2687.6599   10.6207
    7.5000    0.0000  -15.0000 2661.4912   10.7234
   -7.5000    7.5000  -15.0000 2599.5112   11.3229
    0.0000    7.5000  -15.0000 2631.4617   11.1850
    7.5000    7.5000  -15.0000 2604.4521   11.2750
   -7.5000   15.0000  -15.0000 2513.9397   12.1093
    0.0000   15.0000  -15.0000 2542.7649   11.9811
    7.5000   15.0000  -15.0000 2519.0864   12.0685
   -7.5000   22.5000  -15.0000 2401.6338   13.1546
    0.0000   22.5000  -15.0000 2428.5723   13.0485
    7.5000   22.5000  -15.0000 2409.5134   13.1395
   -7.5000   30.0000  -15.0000 2275.7041   14.5649
    0.0000   30.0000  -15.0000 2304.1545   14.4294
    7.5000   30.0000  -15.0000 2285.7358   14.4962
   -7.5000  -60.0000   -7.5000 2251.9290   14.1082
    0.0000  -60.0000   -7.5000 2269.9534   13.9493
    7.5000  -60.0000   -7.5000 2256.2292   14.1078
   -7.5000  -52.5000   -7.5000 2376.0610   12.5734
    0.0000  -52.5000   -7.5000 2396.4521   12.4504
    7.5000  -52.5000   -7.5000 2387.7075   12.5793
   -7.5000  -45.0000   -7.5000 2519.1331   11.5833
    0.0000  -45.0000   -7.5000 2543.2632   11.4647
    7.5000  -45.0000   -7.5000 2534.7720   11.5628
   -7.5000  -37.5000   -7.5000 2607.9314   10.7858
    0.0000  -37.5000   -7.5000 2635.6702   10.6805
    7.5000  -37.5000   -7.5000 2623.0603   10.7633
   -7.5000  -30.0000   -7.5000 2673.8723   10.2198
    0.0000  -30.0000   -7.5000 2699.6343   10.1352
    7.5000  -30.0000   -7.5000 2683.7581   10.2161
   -7.5000  -22.5000   -7.5000 2728.2605    9.8436
    0.0000  -22.5000   -7.5000 2760.4216    9.7424
    7.5000  -22.5000   -7.5000 2735.9539    9.8354
   -7.5000  -15.0000   -7.5000 2767.7827    9.6613
    0.0000  -15.0000   -7.5000 2801.4351    9.5503
    7.5000  -15.0000   -7.5000 2774.0537    9.6540
   -7.5000   -7.5000   -7.5000 2780.4016    9.7426
    0.0000   -7.5000   -7.5000 2815.4258    9.6456
    7.5000   -7.5000   -7.5000 2782.0613    9.7556
   -7.5000    0.0000   -7.5000 2752.1218   10.1255
    0.0000    0.0000   -7.5000 2790.6238   10.0193
    7.5000    0.0000   -7.5000 2755.0508   10.1099
   -7.5000    7.5000   -7.5000 2686.7922   10.7071
    0.0000    7.5000   -7.5000 2720.2690   10.5882
    7.5000    7.5000   -7.5000 2689.3164   10.6818
   -7.5000   15.0000   -7.5000 2589.6958   11.4627
    0.0000   15.0000   -7.5000 2610.3489   11.3426
    7.5000   15.0000   -7.5000 2592.4810   11.4393
   -7.5000   22.5000   -7.5000 2464.2097   12.4880
    0.0000   22.5000   -7.5000 2488.9441   12.3678
    7.5000   22.5000   -7.5000 2469.9761   12.4668
   -7.5000   30.0000   -7.5000 2324.9097   13.8542
    0.0000   30.0000   -7.5000 2350.7859   13.7435
    7.5000   30.0000   -7.5000 2333.8765   13.8270
   -7.5000  -60.0000    0.0000 2294.3059   13.7400
    0.0000  -60.0000    0.0000 2316.0859   13.5673
    7.5000  -60.0000    0.0000 2302.4778   13.7218
   -7.5000  -52.5000    0.0000 2417.7471   12.2124
    0.0000  -52.5000    0.0000 2440.2798   12.0518
    7.5000  -52.5000    0.0000 2432.3398   12.2080
   -7.5000  -45.0000    0.0000 2565.2229   11.1968
    0.0000  -45.0000    0.0000 2590.3218   11.0451
    7.5000  -45.0000    0.0000 2577.0642   11.1667
   -7.5000  -37.5000    0.0000 2664.4077   10.3775
    0.0000  -37.5000    0.0000 2691.9490   10.2559
    7.5000  -37.5000    0.0000 2675.5256   10.3423
   -7.5000  -30.0000    0.0000 2742.9231    9.8299
    0.0000  -30.0000    0.0000 2771.1851    9.7265
    7.5000  -30.0000    0.0000 2751.1304    9.7965
   -7.5000  -22.5000    0.0000 2808.4287    9.4822
    0.0000  -22.5000    0.0000 2846.8821    9.3871
    7.5000  -22.5000    0.0000 2816.8618    9.4824
   -7.5000  -15.0000    0.0000 2855.4336    9.3034
    0.0000  -15.0000    0.0000 2901.2866    9.1863
    7.5000  -15.0000    0.0000 2858.6558    9.2920
   -7.5000   -7.5000    0.0000 2866.4749    9.3556
    0.0000   -7.5000    0.0000 2910.3440    9.2363
    7.5000   -7.5000    0.0000 2869.0408    9.3518
   -7.5000    0.0000    0.0000 2830.4790    9.7223
    0.0000    0.0000    0.0000 2870.0444    9.5989
    7.5000    0.0000    0.0000 2833.6418    9.7068
   -7.5000    7.5000    0.0000 2757.6255   10.3146
    0.0000    7.5000    0.0000 2790.1326   10.1742
    7.5000    7.5000    0.0000 2758.6741   10.2868
   -7.5000   15.0000    0.0000 2646.7417   11.0848
    0.0000   15.0000    0.0000 2673.2878   10.9125
    7.5000   15.0000    0.0000 2654.1924   11.0566
   -7.5000   22.5000    0.0000 2513.8154   12.1260
    0.0000   22.5000    0.0000 2543.5842   11.9574
    7.5000   22.5000    0.0000 2518.1406   12.1043
   -7.5000   30.0000    0.0000 2370.8892   13.4546
    0.0000   30.0000    0.0000 2400.1138   13.3008
    7.5000   30.0000    0.0000 2375.1594   13.4435
   -7.5000  -60.0000    7.5000 2316.6670   13.4527
    0.0000  -60.0000    7.5000 2340.7573   13.2369
    7.5000  -60.0000    7.5000 2327.2351   13.4073
   -7.5000  -52.5000    7.5000 2440.0195   11.9501
    0.0000  -52.5000    7.5000 2464.5728   11.7540
    7.5000  -52.5000    7.5000 2453.4683   11.9024
   -7.5000  -45.0000    7.5000 2582.7349   10.9183
    0.0000  -45.0000    7.5000 2607.8931   10.7397
    7.5000  -45.0000    7.5000 2597.8315   10.8557
   -7.5000  -37.5000    7.5000 2691.6184   10.0646
    0.0000  -37.5000    7.5000 2720.8262    9.9255
    7.5000  -37.5000    7.5000 2703.7651   10.0143
   -7.5000  -30.0000    7.5000 2787.7500    9.4999
    0.0000  -30.0000    7.5000 2818.2798    9.3784
    7.5000  -30.0000    7.5000 2794.9580    9.4684
   -7.5000  -22.5000    7.5000 2860.1116    9.2490
    0.0000  -22.5000    7.5000 2907.1704    9.1349
    7.5000  -22.5000    7.5000 2871.4072    9.2048
   -7.5000  -15.0000    7.5000 2917.4448    9.1487
    0.0000  -15.0000    7.5000 2978.8240    9.0513
    7.5000  -15.0000    7.5000 2925.0298    9.1114
   -7.5000   -7.5000    7.5000 2924.7837    9.1536
    0.0000   -7.5000    7.5000 2977.6177    9.0042
    7.5000   -7.5000    7.5000 2924.5918    9.1349
   -7.5000    0.0000    7.5000 2879.9141    9.4572
    0.0000    0.0000    7.5000 2916.5239    9.2846
    7.5000    0.0000    7.5000 2877.6475    9.4322
   -7.5000    7.5000    7.5000 2790.8691   10.0251
    0.0000    7.5000    7.5000 2823.1609    9.8551
    7.5000    7.5000    7.5000 2791.0181    9.9846
   -7.5000   15.0000    7.5000 2673.5691   10.8110
    0.0000   15.0000    7.5000 2707.4304   10.6472
    7.5000   15.0000    7.5000 2679.7654   10.7750
   -7.5000   22.5000    7.5000 2538.8328   11.8279
    0.0000   22.5000    7.5000 2570.0552   11.6822
    7.5000   22.5000    7.5000 2542.9180   11.7896
   -7.5000   30.0000    7.5000 2394.6985   13.1164
    0.0000   30.0000    7.5000 2422.7156   12.9879
    7.5000   30.0000    7.5000 2396.2097   13.0681
   -7.5000  -60.0000   15.0000 2327.2876   13.3296
    0.0000  -60.0000   15.0000 2351.4558   13.1070
    7.5000  -60.0000   15.0000 2338.2249   13.3050
   -7.5000  -52.5000   15.0000 2450.9099   11.8438
    0.0000  -52.5000   15.0000 2473.2532   11.6372
    7.5000  -52.5000   15.0000 2456.8789   11.8017
   -7.5000  -45.0000   15.0000 2591.8906   10.8023
    0.0000  -45.0000   15.0000 2617.2329   10.6133
    7.5000  -45.0000   15.0000 2601.3035   10.7626
   -7.5000  -37.5000   15.0000 2711.0017    9.9590
    0.0000  -37.5000   15.0000 2738.2056    9.7921
    7.5000  -37.5000   15.0000 2715.7698    9.9020
   -7.5000  -30.0000   15.0000 2811.9324    9.3981
    0.0000  -30.0000   15.0000 2845.3105    9.2540
    7.5000  -30.0000   15.0000 2817.4983    9.3485
   -7.5000  -22.5000   15.0000 2896.2224    9.1635
    0.0000  -22.5000   15.0000 2946.9060    9.0868
    7.5000  -22.5000   15.0000 2901.7859    9.1082
   -7.5000  -15.0000   15.0000 2959.2354    9.1249
    0.0000  -15.0000   15.0000 3033.6174    9.0853
    7.5000  -15.0000   15.0000 2959.7371    9.0824
   -7.5000   -7.5000   15.0000 2950.5715    9.1835
    0.0000   -7.5000   15.0000 3015.1958    9.0683
    7.5000   -7.5000   15.0000 2954.7317    9.1353
   -7.5000    0.0000   15.0000 2888.9509    9.4395
    0.0000    0.0000   15.0000 2933.8901    9.2788
    7.5000    0.0000   15.0000 2894.3884    9.3870
   -7.5000    7.5000   15.0000 2793.0042    9.8960
    0.0000    7.5000   15.0000 2832.4077    9.7486
    7.5000    7.5000   15.0000 2802.0483    9.8455
   -7.5000   15.0000   15.0000 2675.2476   10.6377
    0.0000   15.0000   15.0000 2711.2734   10.4864
    7.5000   15.0000   15.0000 2686.2661   10.5756
   -7.5000   22.5000   15.0000 2542.0950   11.6437
    0.0000   22.5000   15.0000 2568.3640   11.5068
    7.5000   22.5000   15.0000 2547.6453   11.5764
   -7.5000   30.0000   15.0000 2393.0930   12.9174
    0.0000   30.0000   15.0000 2420.8655   12.7912
    7.5000   30.0000   15.0000 2400.6313   12.8707
   -7.5000  -60.0000   22.5000 2324.1194   13.3484
    0.0000  -60.0000   22.5000 2349.5869   13.1520
    7.5000  -60.0000   22.5000 2329.7905   13.3518
   -7.5000  -52.5000   22.5000 2447.5703   11.8751
    0.0000  -52.5000   22.5000 2474.1843   11.6941
    7.5000  -52.5000   22.5000 2450.1152   11.8685
   -7.5000  -45.0000   22.5000 2596.1692   10.8870
    0.0000  -45.0000   22.5000 2619.4673   10.7024
    7.5000  -45.0000   22.5000 2597.6003   10.8388
   -7.5000  -37.5000   22.5000 2713.9626   10.0547
    0.0000  -37.5000   22.5000 2739.5791    9.8783
    7.5000  -37.5000   22.5000 2714.4604   10.0084
   -7.5000  -30.0000   22.5000 2810.5327    9.5200
    0.0000  -30.0000   22.5000 2842.8840    9.3719
    7.5000  -30.0000   22.5000 2810.7637    9.4696
   -7.5000  -22.5000   22.5000 2892.8777    9.2547
    0.0000  -22.5000   22.5000 2938.5884    9.1756
    7.5000  -22.5000   22.5000 2888.4507    9.2195
   -7.5000  -15.0000   22.5000 2945.8474    9.1877
    0.0000  -15.0000   22.5000 3016.5581    9.1012
    7.5000  -15.0000   22.5000 2938.0752    9.1574
   -7.5000   -7.5000   22.5000 2934.0991    9.2742
    0.0000   -7.5000   22.5000 2994.6660    9.1675
    7.5000   -7.5000   22.5000 2930.3467    9.2350
   -7.5000    0.0000   22.5000 2864.2834    9.5374
    0.0000    0.0000   22.5000 2908.4165    9.4334
    7.5000    0.0000   22.5000 2870.1155    9.4989
   -7.5000    7.5000   22.5000 2765.7383    9.9916
    0.0000    7.5000   22.5000 2799.9934    9.8738
    7.5000    7.5000   22.5000 2775.9180    9.9478
   -7.5000   15.0000   22.5000 2649.5161   10.7083
    0.0000   15.0000   22.5000 2674.8474   10.5773
    7.5000   15.0000   22.5000 2654.3538   10.6515
   -7.5000   22.5000   22.5000 2517.4492   11.6764
    0.0000   22.5000   22.5000 2541.2754   11.5302
    7.5000   22.5000   22.5000 2526.5269   11.6155
   -7.5000   30.0000   22.5000 2374.8477   12.9294
    0.0000   30.0000   22.5000 2396.7759   12.7903
    7.5000   30.0000   22.5000 2384.5347   12.8891
   -7.5000  -60.0000   30.0000 2311.1997   13.5631
    0.0000  -60.0000   30.0000 2337.8691   13.3792
    7.5000  -60.0000   30.0000 2314.0359   13.5816
   -7.5000  -52.5000   30.0000 2438.1687   12.1312
    0.0000  -52.5000   30.0000 2461.3708   11.9351
    7.5000  -52.5000   30.0000 2435.4373   12.1055
   -7.5000  -45.0000   30.0000 2583.7593   11.1511
    0.0000  -45.0000   30.0000 2606.9192   10.9847
    7.5000  -45.0000   30.0000 2582.9089   11.1248
   -7.5000  -37.5000   30.0000 2699.2854   10.3494
    0.0000  -37.5000   30.0000 2726.1475   10.2033
    7.5000  -37.5000   30.0000 2698.8459   10.3257
   -7.5000  -30.0000   30.0000 2788.4331    9.8135
    0.0000  -30.0000   30.0000 2817.3564    9.6935
    7.5000  -30.0000   30.0000 2782.9287    9.7855
   -7.5000  -22.5000   30.0000 2859.9631    9.5194
    0.0000  -22.5000   30.0000 2898.6370    9.3989
    7.5000  -22.5000   30.0000 2854.0457    9.4844
   -7.5000  -15.0000   30.0000 2895.9902    9.4132
    0.0000  -15.0000   30.0000 2945.8323    9.2523
    7.5000  -15.0000   30.0000 2888.4446    9.3852
   -7.5000   -7.5000   30.0000 2878.6343    9.5066
    0.0000   -7.5000   30.0000 2924.6101    9.3504
    7.5000   -7.5000   30.0000 2877.6809    9.4695
   -7.5000    0.0000   30.0000 2813.1528    9.8130
    0.0000    0.0000   30.0000 2857.7502    9.6463
    7.5000    0.0000   30.0000 2821.2437    9.7722
   -7.5000    7.5000   30.0000 2719.5374   10.2782
    0.0000    7.5000   30.0000 2753.4624   10.1139
    7.5000    7.5000   30.0000 2728.0498   10.2372
   -7.5000   15.0000   30.0000 2603.1597   10.9703
    0.0000   15.0000   30.0000 2630.0774   10.8166
    7.5000   15.0000   30.0000 2610.8726   10.9320
   -7.5000   22.5000   30.0000 2478.4653   11.8827
    0.0000   22.5000   30.0000 2503.6814   11.7331
    7.5000   22.5000   30.0000 2486.5500   11.8490
   -7.5000   30.0000   30.0000 2340.0005   13.0905
    0.0000   30.0000   30.0000 2363.0098   12.9615
    7.5000   30.0000   30.0000 2348.5203   13.0326
   -7.5000  -60.0000   37.5000 2283.4463   14.0381
    0.0000  -60.0000   37.5000 2307.8831   13.8603
    7.5000  -60.0000   37.5000 2281.9961   14.0718
   -7.5000  -52.5000   37.5000 2411.9822   12.5844
    0.0000  -52.5000   37.5000 2437.5266   12.3913
    7.5000  -52.5000   37.5000 2407.0327   12.5768
   -7.5000  -45.0000   37.5000 2553.7739   11.6111
    0.0000  -45.0000   37.5000 2583.7749   11.4466
    7.5000  -45.0000   37.5000 2549.4871   11.6151
   -7.5000  -37.5000   37.5000 2666.2542   10.8267
    0.0000  -37.5000   37.5000 2693.0088   10.6617
    7.5000  -37.5000   37.5000 2660.3884   10.7997
   -7.5000  -30.0000   37.5000 2749.0515   10.2519
    0.0000  -30.0000   37.5000 2777.6011   10.0995
    7.5000  -30.0000   37.5000 2739.5027   10.2320
   -7.5000  -22.5000   37.5000 2806.4219    9.9340
    0.0000  -22.5000   37.5000 2842.0386    9.7350
    7.5000  -22.5000   37.5000 2799.1406    9.8998
   -7.5000  -15.0000   37.5000 2824.4856    9.7899
    0.0000  -15.0000   37.5000 2861.3064    9.5942
    7.5000  -15.0000   37.5000 2816.7085    9.7822
   -7.5000   -7.5000   37.5000 2803.3542    9.8702
    0.0000   -7.5000   37.5000 2836.7600    9.6952
    7.5000   -7.5000   37.5000 2798.4934    9.8692
   -7.5000    0.0000   37.5000 2738.9116   10.2202
    0.0000    0.0000   37.5000 2769.8853   10.0413
    7.5000    0.0000   37.5000 2742.8069   10.1867
   -7.5000    7.5000   37.5000 2653.5364   10.7230
    0.0000    7.5000   37.5000 2680.7410   10.5349
    7.5000    7.5000   37.5000 2657.2661   10.6948
   -7.5000   15.0000   37.5000 2546.7732   11.3756
    0.0000   15.0000   37.5000 2574.7236   11.2069
    7.5000   15.0000   37.5000 2550.7700   11.3568
   -7.5000   22.5000   37.5000 2426.2622   12.2548
    0.0000   22.5000   37.5000 2451.6658   12.0895
    7.5000   22.5000   37.5000 2434.4692   12.2205
   -7.5000   30.0000   37.5000 2286.9558   13.4471
    0.0000   30.0000   37.5000 2314.1826   13.3185
    7.5000   30.0000   37.5000 2298.8806   13.4005
   -7.5000  -60.0000   45.0000 2227.9119   14.6223
    0.0000  -60.0000   45.0000 2252.0437   14.4192
    7.5000  -60.0000   45.0000 2223.0205   14.6457
   -7.5000  -52.5000   45.0000 2351.9431   13.1346
    0.0000  -52.5000   45.0000 2378.7986   12.9480
    7.5000  -52.5000   45.0000 2348.7710   13.1407
   -7.5000  -45.0000   45.0000 2487.2383   12.1484
    0.0000  -45.0000   45.0000 2517.2510   11.9737
    7.5000  -45.0000   45.0000 2485.5730   12.1564
   -7.5000  -37.5000   45.0000 2591.4983   11.3198
    0.0000  -37.5000   45.0000 2620.3826   11.1486
    7.5000  -37.5000   45.0000 2589.4250   11.3306
   -7.5000  -30.0000   45.0000 2669.4175   10.7489
    0.0000  -30.0000   45.0000 2698.9946   10.5667
    7.5000  -30.0000   45.0000 2661.5098   10.7360
   -7.5000  -22.5000   45.0000 2713.3757   10.3900
    0.0000  -22.5000   45.0000 2747.1895   10.1951
    7.5000  -22.5000   45.0000 2708.1602   10.3820
   -7.5000  -15.0000   45.0000 2720.1396   10.2518
    0.0000  -15.0000   45.0000 2747.8018   10.0642
    7.5000  -15.0000   45.0000 2715.0093   10.2428
   -7.5000   -7.5000   45.0000 2690.5618   10.3332
    0.0000   -7.5000   45.0000 2720.6824   10.1612
    7.5000   -7.5000   45.0000 2689.7104   10.3384
   -7.5000    0.0000   45.0000 2621.7039   10.6886
    0.0000    0.0000   45.0000 2651.1206   10.5145
    7.5000    0.0000   45.0000 2631.7188   10.6660
   -7.5000    7.5000   45.0000 2548.9917   11.1987
    0.0000    7.5000   45.0000 2572.8555   11.0277
    7.5000    7.5000   45.0000 2553.1343   11.1787
   -7.5000   15.0000   45.0000 2452.7473   11.8344
    0.0000   15.0000   45.0000 2477.3940   11.6740
    7.5000   15.0000   45.0000 2455.8521   11.8208
   -7.5000   22.5000   45.0000 2340.8347   12.7028
    0.0000   22.5000   45.0000 2363.9253   12.5386
    7.5000   22.5000   45.0000 2346.3953   12.6735
   -7.5000   30.0000   45.0000 2208.1377   13.8968
    0.0000   30.0000   45.0000 2231.8640   13.7675
    7.5000   30.0000   45.0000 2213.9790   13.8766
   -7.5000  -60.0000   52.5000 2151.2393   15.1810
    0.0000  -60.0000   52.5000 2174.0735   15.0115
    7.5000  -60.0000   52.5000 2145.2659   15.2078
   -7.5000  -52.5000   52.5000 2268.1047   13.6657
    0.0000  -52.5000   52.5000 2293.3708   13.5126
    7.5000  -52.5000   52.5000 2263.0125   13.6777
   -7.5000  -45.0000   52.5000 2393.4875   12.6893
    0.0000  -45.0000   52.5000 2422.7957   12.5453
    7.5000  -45.0000   52.5000 2390.7937   12.6998
   -7.5000  -37.5000   52.5000 2486.2708   11.8392
    0.0000  -37.5000   52.5000 2517.2915   11.6894
    7.5000  -37.5000   52.5000 2484.4165   11.8466
   -7.5000  -30.0000   52.5000 2554.6196   11.2381
    0.0000  -30.0000   52.5000 2583.9941   11.0739
    7.5000  -30.0000   52.5000 2550.2466   11.2337
   -7.5000  -22.5000   52.5000 2589.4189   10.8731
    0.0000  -22.5000   52.5000 2618.0515   10.7135
    7.5000  -22.5000   52.5000 2586.8330   10.8798
   -7.5000  -15.0000   52.5000 2590.6995   10.7215
    0.0000  -15.0000   52.5000 2615.3604   10.5723
    7.5000  -15.0000   52.5000 2587.4573   10.7286
   -7.5000   -7.5000   52.5000 2558.5747   10.8234
    0.0000   -7.5000   52.5000 2585.8159   10.6783
    7.5000   -7.5000   52.5000 2557.4651   10.8337
   -7.5000    0.0000   52.5000 2495.5969   11.1819
    0.0000    0.0000   52.5000 2519.0688   11.0262
    7.5000    0.0000   52.5000 2501.7615   11.1698
   -7.5000    7.5000   52.5000 2423.7102   11.6880
    0.0000    7.5000   52.5000 2449.3335   11.5183
    7.5000    7.5000   52.5000 2425.7737   11.6595
   -7.5000   15.0000   52.5000 2334.8655   12.3206
    0.0000   15.0000   52.5000 2358.1853   12.1449
    7.5000   15.0000   52.5000 2338.3713   12.2917
   -7.5000   22.5000   52.5000 2228.0432   13.1752
    0.0000   22.5000   52.5000 2252.1401   13.0215
    7.5000   22.5000   52.5000 2235.3467   13.1383
   -7.5000   30.0000   52.5000 2101.4426   14.3804
    0.0000   30.0000   52.5000 2126.6028   14.2613
    7.5000   30.0000   52.5000 2106.1162   14.3701
   -7.5000  -60.0000   60.0000 2102.3828   16.2249
    0.0000  -60.0000   60.0000 2124.2915   16.0854
    7.5000  -60.0000   60.0000 2096.8062   16.2339
   -7.5000  -52.5000   60.0000 2208.6189   14.6142
    0.0000  -52.5000   60.0000 2231.1975   14.5096
    7.5000  -52.5000   60.0000 2205.2742   14.6433
   -7.5000  -45.0000   60.0000 2325.3892   13.6000
    0.0000  -45.0000   60.0000 2349.0625   13.4844
    7.5000  -45.0000   60.0000 2319.1221   13.5917
   -7.5000  -37.5000   60.0000 2412.1082   12.6865
    0.0000  -37.5000   60.0000 2439.8440   12.5612
    7.5000  -37.5000   60.0000 2406.2664   12.6950
   -7.5000  -30.0000   60.0000 2469.5247   12.0590
    0.0000  -30.0000   60.0000 2498.7163   11.9246
    7.5000  -30.0000   60.0000 2465.4814   12.0599
   -7.5000  -22.5000   60.0000 2493.8533   11.6739
    0.0000  -22.5000   60.0000 2519.1433   11.5698
    7.5000  -22.5000   60.0000 2490.4392   11.7008
   -7.5000  -15.0000   60.0000 2492.0476   11.5300
    0.0000  -15.0000   60.0000 2513.2439   11.4273
    7.5000  -15.0000   60.0000 2489.5696   11.5575
   -7.5000   -7.5000   60.0000 2460.8792   11.6304
    0.0000   -7.5000   60.0000 2486.7808   11.5133
    7.5000   -7.5000   60.0000 2464.3313   11.6396
   -7.5000    0.0000   60.0000 2411.6768   11.9976
    0.0000    0.0000   60.0000 2435.5864   11.8711
    7.5000    0.0000   60.0000 2412.7295   11.9812
   -7.5000    7.5000   60.0000 2335.8376   12.5171
    0.0000    7.5000   60.0000 2362.2117   12.3875
    7.5000    7.5000   60.0000 2340.9714   12.5052
   -7.5000   15.0000   60.0000 2253.0703   13.1797
    0.0000   15.0000   60.0000 2273.9001   13.0324
    7.5000   15.0000   60.0000 2252.9373   13.1482
   -7.5000   22.5000   60.0000 2146.4673   14.0793
    0.0000   22.5000   60.0000 2166.7910   13.9285
    7.5000   22.5000   60.0000 2144.4612   14.0110
   -7.5000   30.0000   60.0000 2021.6793   15.3525
    0.0000   30.0000   60.0000 2044.6145   15.2026
    7.5000   30.0000   60.0000 2025.0194   15.2677

---------------------------------------------------------------------
imgreg_4dfp /opt/freesurfer/average/711-2C_as_mni_average_305 /opt/freesurfer/average/711-2B_as_mni_average_305_mask talsrcimg_g11 none talsrcimg_to_711-2C_as_mni_average_305_t4 1283
---------------------------------------------------------------------

freesurfer imgreg_4dfp.c
/opt/freesurfer/average/711-2C_as_mni_average_305.4dfp.img
       256       256       256         1
  1.000000  1.000000  1.000000
orientation T byte_order littleendian
Reading image: /opt/freesurfer/average/711-2C_as_mni_average_305.4dfp.img
dimensions:      256       256       256
mmppix:       1.0000   -1.0000   -1.0000
center:     128.0000 -129.0000 -129.0000
/opt/freesurfer/average/711-2B_as_mni_average_305_mask.4dfp.img
       256       256       256         1
  1.000000  1.000000  1.000000
orientation T byte_order littleendian
Reading mask: /opt/freesurfer/average/711-2B_as_mni_average_305_mask.4dfp.img (2306576 pixels)
talsrcimg_g11.4dfp.img
       256       256       256         1
  0.898438  0.898438  0.898438
orientation T byte_order littleendian
Reading image: talsrcimg_g11.4dfp.img
dimensions:      256       256       256
mmppix:       0.8984   -0.8984   -0.8984
center:     115.0001 -115.8985 -115.8985
rotation matrix determinant  1.000000
fimgreg.f
image alignment mode   1283 decimal      503 hex
parameters
    0.0000  -15.0000   15.0000    0.0000    0.0000    0.0000
eta,q 0.95184  9.10591
niter,ni,del,rscale     5    3   12.0000    1.2000
parameters
   -0.1710  -12.9004   17.0719    2.1378    2.8072    0.2452
eta,q 0.96066  8.98450
  0.0673  0.0643  0.0598  0.0520  0.0558  0.0473
  0.0558  0.0573  0.0535  0.0494  0.0502  0.0438
  0.0473  0.0509  0.0476  0.0459  0.0457  0.0408
  0.0456  0.0455  0.0439  0.0428  0.0418  0.0393
  0.0504  0.0438  0.0427  0.0418  0.0396  0.0403
  0.0587  0.0459  0.0441  0.0429  0.0398  0.0429
  0.0682  0.0498  0.0472  0.0453  0.0429  0.0463
niter,ni,del,rscale     4    3   12.0000    1.2000
parameters
   -0.7722  -13.4724   17.4301    2.6560    2.7483    0.2218
eta,q 0.96190  8.96175
  0.0591  0.0537  0.0509  0.0484  0.0481  0.0460
  0.0476  0.0442  0.0450  0.0441  0.0432  0.0423
  0.0402  0.0383  0.0404  0.0398  0.0396  0.0392
  0.0393  0.0389  0.0382  0.0381  0.0381  0.0381
  0.0457  0.0433  0.0388  0.0390  0.0389  0.0394
  0.0561  0.0503  0.0425  0.0416  0.0427  0.0423
  0.0656  0.0581  0.0488  0.0456  0.0494  0.0462
niter,ni,del,rscale     3    3   12.0000    1.2000
parameters
   -0.8377  -13.7110   17.4949    2.8707    2.7523    0.2392
eta,q 0.96210  8.95641
  0.0624  0.0555  0.0496  0.0477  0.0480  0.0461
  0.0501  0.0457  0.0439  0.0432  0.0431  0.0422
  0.0411  0.0386  0.0397  0.0391  0.0394  0.0391
  0.0381  0.0381  0.0379  0.0379  0.0379  0.0379
  0.0422  0.0421  0.0390  0.0392  0.0385  0.0391
  0.0521  0.0488  0.0430  0.0422  0.0422  0.0421
  0.0623  0.0567  0.0497  0.0463  0.0489  0.0461
niter,ni,del,rscale     2    3   12.0000    1.2000
parameters
   -0.8462  -13.8153   17.5162    2.9626    2.7467    0.2549
eta,q 0.96217  8.95435
  0.0626  0.0562  0.0494  0.0475  0.0479  0.0461
  0.0503  0.0464  0.0437  0.0428  0.0429  0.0422
  0.0411  0.0389  0.0396  0.0388  0.0393  0.0390
  0.0379  0.0379  0.0378  0.0378  0.0378  0.0378
  0.0417  0.0416  0.0390  0.0394  0.0385  0.0391
  0.0515  0.0481  0.0431  0.0424  0.0421  0.0421
  0.0618  0.0561  0.0497  0.0466  0.0488  0.0461
niter,ni,del,rscale     1    3   12.0000    1.2000
parameters
   -0.8451  -13.8598   17.5260    3.0031    2.7423    0.2635
eta,q 0.96219  8.95340
  0.0627  0.0565  0.0493  0.0474  0.0479  0.0461
  0.0503  0.0467  0.0436  0.0426  0.0429  0.0422
  0.0410  0.0391  0.0395  0.0387  0.0393  0.0390
  0.0378  0.0378  0.0378  0.0378  0.0378  0.0378
  0.0416  0.0414  0.0390  0.0394  0.0384  0.0391
  0.0514  0.0479  0.0431  0.0425  0.0420  0.0421
  0.0617  0.0558  0.0497  0.0468  0.0488  0.0461
registration optimization eta report
parameter search radius
    6.0000    6.0000    6.0000    6.0000    6.0000    6.0000
100000*second partial in parameter space
       66.       50.       32.       25.       29.       23.
  0.0627  0.0565  0.0493  0.0474  0.0479  0.0461
  0.0503  0.0467  0.0436  0.0426  0.0429  0.0422
  0.0410  0.0391  0.0395  0.0387  0.0393  0.0390
  0.0378  0.0378  0.0378  0.0378  0.0378  0.0378
  0.0416  0.0414  0.0390  0.0394  0.0384  0.0391
  0.0514  0.0479  0.0431  0.0425  0.0420  0.0421
  0.0617  0.0558  0.0497  0.0468  0.0488  0.0461
   -0.8451  -13.8598   17.5260    3.0031    2.7423    0.2635
eta,q 0.96219  8.95340

---------------------------------------------------------------------
imgreg_4dfp /opt/freesurfer/average/711-2C_as_mni_average_305 /opt/freesurfer/average/711-2B_as_mni_average_305_mask talsrcimg_g11 none talsrcimg_to_711-2C_as_mni_average_305_t4 3335
---------------------------------------------------------------------

freesurfer imgreg_4dfp.c
/opt/freesurfer/average/711-2C_as_mni_average_305.4dfp.img
       256       256       256         1
  1.000000  1.000000  1.000000
orientation T byte_order littleendian
Reading image: /opt/freesurfer/average/711-2C_as_mni_average_305.4dfp.img
dimensions:      256       256       256
mmppix:       1.0000   -1.0000   -1.0000
center:     128.0000 -129.0000 -129.0000
/opt/freesurfer/average/711-2B_as_mni_average_305_mask.4dfp.img
       256       256       256         1
  1.000000  1.000000  1.000000
orientation T byte_order littleendian
Reading mask: /opt/freesurfer/average/711-2B_as_mni_average_305_mask.4dfp.img (2306576 pixels)
talsrcimg_g11.4dfp.img
       256       256       256         1
  0.898438  0.898438  0.898438
orientation T byte_order littleendian
Reading image: talsrcimg_g11.4dfp.img
dimensions:      256       256       256
mmppix:       0.8984   -0.8984   -0.8984
center:     115.0001 -115.8985 -115.8985
fimgreg.f
image alignment mode   3335 decimal      D07 hex
parameters
   -0.8451  -13.8598   17.5260   -0.1156   -0.1395   -0.2517
   -0.7099   -4.7536    0.4594   -5.2609    4.7844    5.2330
eta,q 0.95894  9.08073
niter,ni,del,rscale     5    3    5.0000    1.2000
parameter  4  0.890520 ->  0.500000 qaram    1.1500
parameter  5  1.428150 ->  0.500000 qaram    1.1500
parameter  6  0.967589 ->  0.500000 qaram    1.1500
parameter 12  0.853534 ->  0.500000 qaram    1.1500
parameters
   -1.0032  -13.4454   17.7707   -4.2556   -4.2795   -4.3917
   -0.5252   -4.0776    2.1937   -8.6083    5.4021    1.0930
eta,q 0.96845  8.61760
  0.0443  0.0441  0.0431  0.0384  0.0345  0.0329  0.0361  0.0385  0.0361  0.0336  0.0339  0.0315
  0.0424  0.0426  0.0420  0.0385  0.0353  0.0332  0.0347  0.0360  0.0348  0.0326  0.0332  0.0315
  0.0413  0.0416  0.0413  0.0393  0.0366  0.0341  0.0337  0.0342  0.0339  0.0325  0.0327  0.0318
  0.0411  0.0410  0.0409  0.0409  0.0386  0.0356  0.0334  0.0334  0.0334  0.0332  0.0325  0.0324
  0.0416  0.0410  0.0410  0.0434  0.0410  0.0378  0.0336  0.0336  0.0332  0.0347  0.0325  0.0334
  0.0431  0.0415  0.0415  0.0466  0.0438  0.0406  0.0345  0.0348  0.0336  0.0370  0.0329  0.0346
  0.0453  0.0426  0.0424  0.0502  0.0471  0.0440  0.0359  0.0370  0.0344  0.0394  0.0336  0.0361
niter,ni,del,rscale     7    3    5.0000    1.2000
parameters
   -1.0366  -13.4104   18.2463   -7.9655   -8.0074   -7.5566
   -0.9288   -4.2544    1.6156   -7.7082    5.3785    0.6587
eta,q 0.96985  8.11161
  0.0353  0.0347  0.0343  0.0316  0.0316  0.0310  0.0324  0.0342  0.0319  0.0341  0.0313  0.0317
  0.0332  0.0330  0.0329  0.0314  0.0308  0.0304  0.0312  0.0320  0.0309  0.0321  0.0307  0.0308
  0.0319  0.0319  0.0320  0.0313  0.0306  0.0303  0.0305  0.0306  0.0303  0.0308  0.0303  0.0303
  0.0316  0.0316  0.0316  0.0315  0.0313  0.0306  0.0302  0.0302  0.0302  0.0302  0.0302  0.0302
  0.0320  0.0319  0.0315  0.0325  0.0327  0.0313  0.0306  0.0308  0.0306  0.0303  0.0303  0.0305
  0.0334  0.0329  0.0319  0.0346  0.0350  0.0329  0.0316  0.0323  0.0313  0.0311  0.0307  0.0311
  0.0355  0.0345  0.0327  0.0377  0.0382  0.0356  0.0330  0.0346  0.0325  0.0325  0.0314  0.0320
niter,ni,del,rscale     6    3    5.0000    1.2000
parameters
   -1.0301  -13.2748   18.0853   -9.6548   -8.6729   -7.9057
   -1.0500   -4.1658    1.3726   -7.3917    5.4266    0.6310
eta,q 0.97002  7.97222
  0.0334  0.0335  0.0317  0.0312  0.0326  0.0321  0.0325  0.0345  0.0318  0.0332  0.0313  0.0317
  0.0316  0.0317  0.0308  0.0302  0.0312  0.0309  0.0311  0.0321  0.0308  0.0315  0.0307  0.0308
  0.0305  0.0305  0.0303  0.0300  0.0303  0.0301  0.0303  0.0305  0.0301  0.0304  0.0302  0.0302
  0.0302  0.0301  0.0302  0.0301  0.0300  0.0300  0.0300  0.0300  0.0300  0.0300  0.0300  0.0300
  0.0305  0.0304  0.0304  0.0304  0.0305  0.0304  0.0303  0.0305  0.0303  0.0303  0.0301  0.0302
  0.0316  0.0313  0.0311  0.0312  0.0317  0.0311  0.0312  0.0320  0.0310  0.0312  0.0306  0.0309
  0.0334  0.0327  0.0321  0.0328  0.0337  0.0326  0.0327  0.0343  0.0320  0.0327  0.0313  0.0317
niter,ni,del,rscale     5    3    5.0000    1.2000
parameters
   -1.0639  -13.1321   17.9549   -9.5886   -8.7742   -8.0639
   -0.9882   -4.1954    1.3475   -7.1834    5.4616    0.4767
eta,q 0.97002  7.96380
  0.0332  0.0332  0.0316  0.0320  0.0329  0.0322  0.0326  0.0343  0.0318  0.0331  0.0313  0.0317
  0.0314  0.0314  0.0307  0.0306  0.0314  0.0309  0.0312  0.0320  0.0308  0.0314  0.0307  0.0307
  0.0303  0.0304  0.0301  0.0299  0.0304  0.0302  0.0303  0.0305  0.0302  0.0303  0.0302  0.0302
  0.0300  0.0300  0.0300  0.0300  0.0300  0.0300  0.0300  0.0300  0.0300  0.0300  0.0300  0.0300
  0.0304  0.0303  0.0303  0.0303  0.0303  0.0303  0.0303  0.0305  0.0302  0.0303  0.0301  0.0303
  0.0315  0.0311  0.0309  0.0307  0.0314  0.0310  0.0311  0.0321  0.0309  0.0312  0.0306  0.0309
  0.0334  0.0324  0.0319  0.0318  0.0331  0.0324  0.0325  0.0344  0.0318  0.0327  0.0313  0.0317
niter,ni,del,rscale     4    3    5.0000    1.2000
parameters
   -1.0743  -13.0659   17.9090   -9.6435   -8.8072   -8.0813
   -0.9748   -4.2124    1.3328   -7.0664    5.4749    0.3846
eta,q 0.97003  7.95849
  0.0333  0.0330  0.0317  0.0320  0.0329  0.0323  0.0325  0.0343  0.0318  0.0330  0.0313  0.0317
  0.0314  0.0313  0.0308  0.0306  0.0314  0.0310  0.0312  0.0320  0.0308  0.0313  0.0307  0.0308
  0.0303  0.0303  0.0302  0.0299  0.0304  0.0302  0.0303  0.0305  0.0302  0.0303  0.0302  0.0302
  0.0300  0.0300  0.0300  0.0300  0.0300  0.0300  0.0300  0.0300  0.0300  0.0300  0.0300  0.0300
  0.0304  0.0303  0.0302  0.0303  0.0303  0.0303  0.0303  0.0305  0.0302  0.0303  0.0301  0.0302
  0.0315  0.0312  0.0308  0.0308  0.0313  0.0309  0.0311  0.0320  0.0309  0.0312  0.0306  0.0309
  0.0333  0.0325  0.0318  0.0318  0.0330  0.0323  0.0325  0.0344  0.0318  0.0327  0.0314  0.0317
niter,ni,del,rscale     3    3    5.0000    1.2000
parameters
   -1.0813  -13.0328   17.8898   -9.6559   -8.8252   -8.0800
   -0.9628   -4.2207    1.3302   -7.0084    5.4801    0.3447
eta,q 0.97002  7.95710
  0.0333  0.0329  0.0317  0.0320  0.0329  0.0323  0.0325  0.0343  0.0318  0.0329  0.0313  0.0317
  0.0314  0.0312  0.0308  0.0306  0.0314  0.0310  0.0312  0.0320  0.0308  0.0313  0.0307  0.0308
  0.0303  0.0303  0.0302  0.0299  0.0304  0.0302  0.0303  0.0305  0.0302  0.0303  0.0302  0.0302
  0.0300  0.0300  0.0300  0.0300  0.0300  0.0300  0.0300  0.0300  0.0300  0.0300  0.0300  0.0300
  0.0304  0.0303  0.0302  0.0303  0.0303  0.0303  0.0303  0.0305  0.0302  0.0303  0.0301  0.0302
  0.0315  0.0312  0.0308  0.0307  0.0313  0.0309  0.0311  0.0320  0.0308  0.0313  0.0306  0.0309
  0.0333  0.0326  0.0318  0.0318  0.0330  0.0323  0.0325  0.0344  0.0318  0.0328  0.0314  0.0317
niter,ni,del,rscale     2    3    5.0000    1.2000
parameters
   -1.0838  -13.0176   17.8839   -9.6687   -8.8326   -8.0857
   -0.9614   -4.2278    1.3271   -6.9831    5.4873    0.3264
eta,q 0.97002  7.95591
  0.0333  0.0328  0.0317  0.0320  0.0329  0.0323  0.0325  0.0343  0.0318  0.0329  0.0313  0.0317
  0.0314  0.0312  0.0308  0.0306  0.0315  0.0310  0.0312  0.0320  0.0308  0.0313  0.0307  0.0308
  0.0303  0.0302  0.0302  0.0299  0.0304  0.0302  0.0303  0.0305  0.0302  0.0303  0.0302  0.0302
  0.0300  0.0300  0.0300  0.0300  0.0300  0.0300  0.0300  0.0300  0.0300  0.0300  0.0300  0.0300
  0.0303  0.0304  0.0302  0.0303  0.0303  0.0303  0.0303  0.0305  0.0302  0.0303  0.0301  0.0302
  0.0315  0.0313  0.0308  0.0307  0.0313  0.0309  0.0312  0.0320  0.0308  0.0313  0.0306  0.0309
  0.0333  0.0326  0.0318  0.0318  0.0330  0.0323  0.0325  0.0343  0.0318  0.0328  0.0314  0.0317
registration optimization eta report
parameter search radius
    2.4000    2.4000    2.4000    8.2800    8.2800    8.2800
    7.2000    7.2000    7.2000    7.2000    7.2000    8.2800
100000*second partial in parameter space
       58.       48.       30.        3.        4.        3.
        5.        8.        3.        5.        3.        3.
  0.0333  0.0328  0.0317  0.0320  0.0329  0.0323  0.0325  0.0343  0.0318  0.0329  0.0313  0.0317
  0.0314  0.0312  0.0308  0.0306  0.0315  0.0310  0.0312  0.0320  0.0308  0.0313  0.0307  0.0308
  0.0303  0.0302  0.0302  0.0299  0.0304  0.0302  0.0303  0.0305  0.0302  0.0303  0.0302  0.0302
  0.0300  0.0300  0.0300  0.0300  0.0300  0.0300  0.0300  0.0300  0.0300  0.0300  0.0300  0.0300
  0.0303  0.0304  0.0302  0.0303  0.0303  0.0303  0.0303  0.0305  0.0302  0.0303  0.0301  0.0302
  0.0315  0.0313  0.0308  0.0307  0.0313  0.0309  0.0312  0.0320  0.0308  0.0313  0.0306  0.0309
  0.0333  0.0326  0.0318  0.0318  0.0330  0.0323  0.0325  0.0343  0.0318  0.0328  0.0314  0.0317
   -1.0838  -13.0176   17.8839   -9.6687   -8.8326   -8.0857
   -0.9614   -4.2278    1.3271   -6.9831    5.4873    0.3264
eta,q 0.97002  7.95591

---------------------------------------------------------------------
imgreg_4dfp /opt/freesurfer/average/711-2C_as_mni_average_305 /opt/freesurfer/average/711-2B_as_mni_average_305_mask talsrcimg_g11 none talsrcimg_to_711-2C_as_mni_average_305_t4 2311
---------------------------------------------------------------------

freesurfer imgreg_4dfp.c
/opt/freesurfer/average/711-2C_as_mni_average_305.4dfp.img
       256       256       256         1
  1.000000  1.000000  1.000000
orientation T byte_order littleendian
Reading image: /opt/freesurfer/average/711-2C_as_mni_average_305.4dfp.img
dimensions:      256       256       256
mmppix:       1.0000   -1.0000   -1.0000
center:     128.0000 -129.0000 -129.0000
/opt/freesurfer/average/711-2B_as_mni_average_305_mask.4dfp.img
       256       256       256         1
  1.000000  1.000000  1.000000
orientation T byte_order littleendian
Reading mask: /opt/freesurfer/average/711-2B_as_mni_average_305_mask.4dfp.img (2306576 pixels)
talsrcimg_g11.4dfp.img
       256       256       256         1
  0.898438  0.898438  0.898438
orientation T byte_order littleendian
Reading image: talsrcimg_g11.4dfp.img
dimensions:      256       256       256
mmppix:       0.8984   -0.8984   -0.8984
center:     115.0001 -115.8985 -115.8985
fimgreg.f
image alignment mode   2311 decimal      907 hex
parameters
   -1.0838  -13.0176   17.8839   -9.6687   -8.8326   -8.0857
   -0.9614   -4.2278    1.3271   -6.9831    5.4873    0.3264
eta,q 0.97002  7.95591
niter,ni,del,rscale     5    3    5.0000    0.8000
parameters
   -1.0889  -13.0666   17.9030  -10.5619   -8.7200   -8.1258
   -1.0333   -4.1871    1.1543   -7.0935    5.5756    0.2920
eta,q 0.97010  7.91114
  0.0314  0.0312  0.0308  0.0303  0.0310  0.0307  0.0311  0.0321  0.0307  0.0312  0.0306  0.0306
  0.0306  0.0305  0.0304  0.0300  0.0305  0.0302  0.0304  0.0309  0.0303  0.0304  0.0302  0.0302
  0.0301  0.0301  0.0301  0.0299  0.0301  0.0300  0.0300  0.0301  0.0300  0.0300  0.0300  0.0300
  0.0300  0.0300  0.0300  0.0300  0.0299  0.0299  0.0299  0.0299  0.0299  0.0299  0.0299  0.0299
  0.0301  0.0302  0.0301  0.0302  0.0300  0.0300  0.0301  0.0301  0.0300  0.0301  0.0300  0.0300
  0.0306  0.0306  0.0303  0.0303  0.0304  0.0303  0.0305  0.0308  0.0304  0.0305  0.0302  0.0302
  0.0315  0.0313  0.0308  0.0306  0.0310  0.0306  0.0312  0.0320  0.0308  0.0313  0.0306  0.0306
niter,ni,del,rscale     4    3    5.0000    0.7000
parameters
   -1.1030  -13.0710   17.8553  -10.6410   -8.6933   -8.2923
   -1.0123   -4.1942    1.0922   -7.1074    5.6238    0.3071
eta,q 0.97011  7.90089
  0.0310  0.0309  0.0305  0.0304  0.0307  0.0305  0.0308  0.0315  0.0306  0.0309  0.0304  0.0304
  0.0304  0.0303  0.0302  0.0300  0.0303  0.0301  0.0303  0.0306  0.0302  0.0303  0.0302  0.0301
  0.0300  0.0300  0.0300  0.0299  0.0300  0.0299  0.0300  0.0301  0.0299  0.0300  0.0300  0.0300
  0.0299  0.0299  0.0299  0.0299  0.0299  0.0299  0.0299  0.0299  0.0299  0.0299  0.0299  0.0299
  0.0300  0.0300  0.0300  0.0300  0.0300  0.0300  0.0300  0.0301  0.0300  0.0300  0.0299  0.0299
  0.0304  0.0303  0.0302  0.0302  0.0303  0.0302  0.0303  0.0306  0.0302  0.0304  0.0301  0.0301
  0.0311  0.0309  0.0306  0.0304  0.0307  0.0305  0.0308  0.0315  0.0306  0.0309  0.0304  0.0304
niter,ni,del,rscale     3    3    5.0000    0.6000
parameters
   -1.1061  -13.0695   17.8270  -10.8347   -8.6985   -8.3928
   -1.0240   -4.1995    1.0235   -7.1029    5.6595    0.3271
eta,q 0.97013  7.88617
  0.0307  0.0306  0.0303  0.0303  0.0305  0.0303  0.0306  0.0311  0.0304  0.0306  0.0303  0.0303
  0.0303  0.0302  0.0301  0.0300  0.0302  0.0301  0.0302  0.0304  0.0301  0.0302  0.0301  0.0301
  0.0300  0.0300  0.0299  0.0299  0.0300  0.0299  0.0300  0.0300  0.0299  0.0300  0.0299  0.0299
  0.0299  0.0299  0.0299  0.0299  0.0299  0.0299  0.0299  0.0299  0.0299  0.0299  0.0299  0.0299
  0.0300  0.0300  0.0299  0.0300  0.0299  0.0300  0.0300  0.0300  0.0299  0.0300  0.0299  0.0299
  0.0303  0.0302  0.0301  0.0301  0.0302  0.0301  0.0302  0.0304  0.0301  0.0302  0.0301  0.0300
  0.0307  0.0306  0.0304  0.0303  0.0305  0.0303  0.0306  0.0311  0.0304  0.0306  0.0303  0.0303
niter,ni,del,rscale     2    3    5.0000    0.5000
parameters
   -1.1112  -13.0646   17.8039  -11.0067   -8.6911   -8.4891
   -1.0335   -4.2046    0.9669   -7.1023    5.6818    0.3646
eta,q 0.97014  7.87367
  0.0305  0.0304  0.0302  0.0302  0.0303  0.0302  0.0304  0.0307  0.0302  0.0304  0.0302  0.0301
  0.0301  0.0301  0.0300  0.0300  0.0301  0.0300  0.0301  0.0302  0.0300  0.0301  0.0300  0.0300
  0.0299  0.0299  0.0299  0.0299  0.0299  0.0299  0.0299  0.0300  0.0299  0.0299  0.0299  0.0299
  0.0299  0.0299  0.0299  0.0299  0.0299  0.0299  0.0299  0.0299  0.0299  0.0299  0.0299  0.0299
  0.0299  0.0299  0.0299  0.0299  0.0299  0.0299  0.0299  0.0300  0.0299  0.0299  0.0299  0.0299
  0.0301  0.0301  0.0300  0.0300  0.0301  0.0300  0.0301  0.0302  0.0300  0.0301  0.0300  0.0300
  0.0305  0.0304  0.0302  0.0302  0.0303  0.0302  0.0304  0.0307  0.0302  0.0304  0.0302  0.0301
niter,ni,del,rscale     1    3    5.0000    0.4000
parameters
   -1.1141  -13.0617   17.7838  -11.1751   -8.6984   -8.5732
   -1.0526   -4.2184    0.9298   -7.1067    5.7117    0.4222
eta,q 0.97015  7.86139
  0.0302  0.0302  0.0301  0.0300  0.0301  0.0301  0.0302  0.0304  0.0301  0.0302  0.0301  0.0300
  0.0300  0.0300  0.0299  0.0299  0.0300  0.0299  0.0300  0.0301  0.0300  0.0300  0.0299  0.0299
  0.0299  0.0299  0.0299  0.0299  0.0299  0.0299  0.0299  0.0299  0.0299  0.0299  0.0299  0.0299
  0.0299  0.0299  0.0299  0.0299  0.0299  0.0299  0.0299  0.0299  0.0299  0.0299  0.0299  0.0299
  0.0299  0.0299  0.0299  0.0299  0.0299  0.0299  0.0299  0.0299  0.0299  0.0299  0.0299  0.0299
  0.0300  0.0300  0.0300  0.0300  0.0300  0.0300  0.0300  0.0301  0.0300  0.0300  0.0299  0.0299
  0.0302  0.0302  0.0301  0.0301  0.0301  0.0301  0.0302  0.0304  0.0301  0.0302  0.0300  0.0300
registration optimization eta report
parameter search radius
    0.8000    0.8000    0.8000    2.4000    2.4000    2.4000
    2.4000    2.4000    2.4000    2.4000    2.4000    2.4000
100000*second partial in parameter space
       60.       49.       34.        3.        5.        4.
        6.        9.        4.        6.        3.        3.
  0.0302  0.0302  0.0301  0.0300  0.0301  0.0301  0.0302  0.0304  0.0301  0.0302  0.0301  0.0300
  0.0300  0.0300  0.0299  0.0299  0.0300  0.0299  0.0300  0.0301  0.0300  0.0300  0.0299  0.0299
  0.0299  0.0299  0.0299  0.0299  0.0299  0.0299  0.0299  0.0299  0.0299  0.0299  0.0299  0.0299
  0.0299  0.0299  0.0299  0.0299  0.0299  0.0299  0.0299  0.0299  0.0299  0.0299  0.0299  0.0299
  0.0299  0.0299  0.0299  0.0299  0.0299  0.0299  0.0299  0.0299  0.0299  0.0299  0.0299  0.0299
  0.0300  0.0300  0.0300  0.0300  0.0300  0.0300  0.0300  0.0301  0.0300  0.0300  0.0299  0.0299
  0.0302  0.0302  0.0301  0.0301  0.0301  0.0301  0.0302  0.0304  0.0301  0.0302  0.0300  0.0300
   -1.1141  -13.0617   17.7838  -11.1751   -8.6984   -8.5732
   -1.0526   -4.2184    0.9298   -7.1067    5.7117    0.4222
eta,q 0.97015  7.86139

---------------------------------------------------------------------
imgreg_4dfp /opt/freesurfer/average/711-2C_as_mni_average_305 /opt/freesurfer/average/711-2B_as_mni_average_305_mask talsrcimg_g11 none talsrcimg_to_711-2C_as_mni_average_305_t4 2311
---------------------------------------------------------------------

freesurfer imgreg_4dfp.c
/opt/freesurfer/average/711-2C_as_mni_average_305.4dfp.img
       256       256       256         1
  1.000000  1.000000  1.000000
orientation T byte_order littleendian
Reading image: /opt/freesurfer/average/711-2C_as_mni_average_305.4dfp.img
dimensions:      256       256       256
mmppix:       1.0000   -1.0000   -1.0000
center:     128.0000 -129.0000 -129.0000
/opt/freesurfer/average/711-2B_as_mni_average_305_mask.4dfp.img
       256       256       256         1
  1.000000  1.000000  1.000000
orientation T byte_order littleendian
Reading mask: /opt/freesurfer/average/711-2B_as_mni_average_305_mask.4dfp.img (2306576 pixels)
talsrcimg_g11.4dfp.img
       256       256       256         1
  0.898438  0.898438  0.898438
orientation T byte_order littleendian
Reading image: talsrcimg_g11.4dfp.img
dimensions:      256       256       256
mmppix:       0.8984   -0.8984   -0.8984
center:     115.0001 -115.8985 -115.8985
fimgreg.f
image alignment mode   2311 decimal      907 hex
parameters
   -1.1141  -13.0617   17.7838  -11.1751   -8.6984   -8.5732
   -1.0526   -4.2184    0.9298   -7.1067    5.7117    0.4222
eta,q 0.97015  7.86139
niter,ni,del,rscale     5    3    5.0000    0.8000
parameters
   -1.1092  -13.0158   17.7385  -10.5532   -8.7295   -8.4282
   -0.9801   -4.2151    1.0531   -7.0028    5.6552    0.2616
eta,q 0.97011  7.89724
  0.0314  0.0312  0.0306  0.0309  0.0309  0.0308  0.0311  0.0320  0.0308  0.0313  0.0306  0.0305
  0.0305  0.0304  0.0302  0.0303  0.0304  0.0303  0.0305  0.0308  0.0303  0.0305  0.0302  0.0302
  0.0300  0.0300  0.0299  0.0299  0.0300  0.0300  0.0300  0.0301  0.0300  0.0301  0.0300  0.0300
  0.0299  0.0299  0.0299  0.0299  0.0299  0.0299  0.0299  0.0299  0.0299  0.0299  0.0299  0.0299
  0.0300  0.0300  0.0300  0.0300  0.0300  0.0300  0.0300  0.0301  0.0300  0.0300  0.0300  0.0300
  0.0305  0.0304  0.0303  0.0302  0.0304  0.0303  0.0304  0.0308  0.0303  0.0305  0.0302  0.0302
  0.0314  0.0310  0.0307  0.0304  0.0310  0.0306  0.0311  0.0320  0.0307  0.0311  0.0306  0.0306
niter,ni,del,rscale     4    3    5.0000    0.7000
parameters
   -1.1094  -13.0213   17.7917  -10.6725   -8.7226   -8.3887
   -0.9977   -4.2083    1.0474   -7.0226    5.6470    0.2650
eta,q 0.97011  7.89351
  0.0311  0.0309  0.0306  0.0304  0.0307  0.0306  0.0308  0.0315  0.0306  0.0309  0.0304  0.0304
  0.0304  0.0303  0.0302  0.0300  0.0303  0.0302  0.0303  0.0306  0.0302  0.0303  0.0301  0.0301
  0.0300  0.0300  0.0300  0.0299  0.0300  0.0299  0.0300  0.0301  0.0300  0.0300  0.0300  0.0299
  0.0299  0.0299  0.0299  0.0299  0.0299  0.0299  0.0299  0.0299  0.0299  0.0299  0.0299  0.0299
  0.0300  0.0300  0.0299  0.0300  0.0300  0.0300  0.0300  0.0301  0.0300  0.0300  0.0299  0.0299
  0.0304  0.0303  0.0301  0.0302  0.0303  0.0302  0.0303  0.0306  0.0302  0.0303  0.0301  0.0301
  0.0311  0.0308  0.0305  0.0304  0.0307  0.0305  0.0308  0.0315  0.0306  0.0309  0.0304  0.0304
niter,ni,del,rscale     3    3    5.0000    0.6000
parameters
   -1.1104  -13.0422   17.8040  -10.8577   -8.7078   -8.4273
   -1.0143   -4.2073    1.0123   -7.0574    5.6599    0.2869
eta,q 0.97013  7.88299
  0.0307  0.0306  0.0304  0.0303  0.0305  0.0304  0.0306  0.0311  0.0304  0.0306  0.0303  0.0303
  0.0303  0.0302  0.0301  0.0300  0.0302  0.0301  0.0302  0.0304  0.0301  0.0302  0.0301  0.0301
  0.0300  0.0299  0.0299  0.0299  0.0299  0.0299  0.0299  0.0300  0.0299  0.0299  0.0299  0.0299
  0.0299  0.0299  0.0299  0.0299  0.0299  0.0299  0.0299  0.0299  0.0299  0.0299  0.0299  0.0299
  0.0300  0.0300  0.0299  0.0300  0.0299  0.0300  0.0300  0.0300  0.0299  0.0300  0.0299  0.0299
  0.0303  0.0302  0.0301  0.0301  0.0301  0.0301  0.0302  0.0304  0.0301  0.0302  0.0301  0.0300
  0.0307  0.0306  0.0303  0.0303  0.0305  0.0303  0.0306  0.0311  0.0304  0.0306  0.0303  0.0303
niter,ni,del,rscale     2    3    5.0000    0.5000
parameters
   -1.1146  -13.0508   17.7936  -11.0344   -8.7069   -8.5092
   -1.0239   -4.2069    0.9596   -7.0757    5.6826    0.3515
eta,q 0.97014  7.87062
  0.0305  0.0304  0.0302  0.0302  0.0303  0.0302  0.0304  0.0307  0.0302  0.0304  0.0302  0.0301
  0.0301  0.0301  0.0300  0.0300  0.0301  0.0300  0.0301  0.0302  0.0300  0.0301  0.0300  0.0300
  0.0299  0.0299  0.0299  0.0299  0.0299  0.0299  0.0299  0.0300  0.0299  0.0299  0.0299  0.0299
  0.0299  0.0299  0.0299  0.0299  0.0299  0.0299  0.0299  0.0299  0.0299  0.0299  0.0299  0.0299
  0.0299  0.0299  0.0299  0.0299  0.0299  0.0299  0.0299  0.0300  0.0299  0.0299  0.0299  0.0299
  0.0301  0.0301  0.0300  0.0301  0.0301  0.0300  0.0301  0.0302  0.0300  0.0301  0.0300  0.0300
  0.0305  0.0304  0.0302  0.0302  0.0303  0.0302  0.0304  0.0307  0.0302  0.0304  0.0302  0.0301
niter,ni,del,rscale     1    3    5.0000    0.4000
parameters
   -1.1183  -13.0544   17.7821  -11.1706   -8.7080   -8.5775
   -1.0436   -4.2245    0.9263   -7.0950    5.7013    0.3906
eta,q 0.97015  7.86086
  0.0302  0.0302  0.0301  0.0301  0.0301  0.0301  0.0302  0.0304  0.0301  0.0302  0.0301  0.0300
  0.0300  0.0300  0.0300  0.0299  0.0300  0.0299  0.0300  0.0301  0.0300  0.0300  0.0299  0.0299
  0.0299  0.0299  0.0299  0.0299  0.0299  0.0299  0.0299  0.0299  0.0299  0.0299  0.0299  0.0299
  0.0299  0.0299  0.0299  0.0299  0.0299  0.0299  0.0299  0.0299  0.0299  0.0299  0.0299  0.0299
  0.0299  0.0299  0.0299  0.0299  0.0299  0.0299  0.0299  0.0299  0.0299  0.0299  0.0299  0.0299
  0.0300  0.0300  0.0300  0.0300  0.0300  0.0300  0.0300  0.0301  0.0300  0.0300  0.0299  0.0299
  0.0302  0.0302  0.0301  0.0301  0.0301  0.0301  0.0302  0.0304  0.0301  0.0302  0.0300  0.0300
registration optimization eta report
parameter search radius
    0.8000    0.8000    0.8000    2.4000    2.4000    2.4000
    2.4000    2.4000    2.4000    2.4000    2.4000    2.4000
100000*second partial in parameter space
       60.       49.       33.        4.        5.        4.
        6.       10.        4.        6.        3.        3.
  0.0302  0.0302  0.0301  0.0301  0.0301  0.0301  0.0302  0.0304  0.0301  0.0302  0.0301  0.0300
  0.0300  0.0300  0.0300  0.0299  0.0300  0.0299  0.0300  0.0301  0.0300  0.0300  0.0299  0.0299
  0.0299  0.0299  0.0299  0.0299  0.0299  0.0299  0.0299  0.0299  0.0299  0.0299  0.0299  0.0299
  0.0299  0.0299  0.0299  0.0299  0.0299  0.0299  0.0299  0.0299  0.0299  0.0299  0.0299  0.0299
  0.0299  0.0299  0.0299  0.0299  0.0299  0.0299  0.0299  0.0299  0.0299  0.0299  0.0299  0.0299
  0.0300  0.0300  0.0300  0.0300  0.0300  0.0300  0.0300  0.0301  0.0300  0.0300  0.0299  0.0299
  0.0302  0.0302  0.0301  0.0301  0.0301  0.0301  0.0302  0.0304  0.0301  0.0302  0.0300  0.0300
   -1.1183  -13.0544   17.7821  -11.1706   -8.7080   -8.5775
   -1.0436   -4.2245    0.9263   -7.0950    5.7013    0.3906
eta,q 0.97015  7.86086

---------------------------------------------------------------------
compute_vox2vox talsrcimg talsrcimg_to_711-2C_as_mni_average_305_t4 /opt/freesurfer/average/711-2C_as_mni_average_305
---------------------------------------------------------------------

freesurfer compute_vox2vox.c
Reading: talsrcimg.4dfp.ifh
Reading: talsrcimg_to_711-2C_as_mni_average_305_t4
Reading: /opt/freesurfer/average/711-2C_as_mni_average_305.4dfp.ifh
Writing: talsrcimg_to_711-2C_as_mni_average_305_t4_vox2vox.txt

start time Thu Mar 12 22:30:31 CET 2026
end		time Thu Mar 12 22:31:57 CET 2026

mpr2mni305 success

avi2talxfm orig_nu.mgz /opt/freesurfer/average/mni305.cor.mgz talsrcimg_to_711-2C_as_mni_average_305_t4_vox2vox.txt transforms/talairach.auto.xfm
avi2talxfm done
mv -f /out/sourcedata/freesurfer/sub-v2s2x29079_ses-1/mri/talsrcimg_to_711-2C_as_mni_average_305_t4_vox2vox.txt /out/sourcedata/freesurfer/sub-v2s2x29079_ses-1/mri/transforms/talsrcimg_to_711-2C_as_mni_average_305_t4_vox2vox.txt
lta_convert --src orig_nu.mgz --trg /opt/freesurfer/average/mni305.cor.mgz --inxfm transforms/talairach.auto.xfm --outlta transforms/talairach.auto.xfm.lta --subject fsaverage
7.3.2

--src: orig_nu.mgz src image (geometry).
--trg: /opt/freesurfer/average/mni305.cor.mgz trg image (geometry).
--inmni: transforms/talairach.auto.xfm input MNI/XFM transform.
--outlta: transforms/talairach.auto.xfm.lta output LTA.
--s: fsaverage subject name
 LTA read, type : 1
 1.12223   0.05283   0.01260  -3.11154;
-0.06991   1.09017  -0.00546   5.81369;
-0.01682   0.08419   1.09483   1.19841;
 0.00000   0.00000   0.00000   1.00000;
setting subject to fsaverage
Writing  LTA to file transforms/talairach.auto.xfm.lta...
lta_convert successful.
 
 
Started at Thu Mar 12 22:30:31 CET 2026
Ended   at Thu Mar 12 22:31:58 CET 2026
talairach_avi done
