status file for recon-all
Thu Mar 12 23:47:44 CET 2026
#@# Tessellate lh Thu Mar 12 23:47:44 CET 2026
#@# Smooth1 lh Thu Mar 12 23:47:46 CET 2026
#@# Inflation1 lh Thu Mar 12 23:47:49 CET 2026
#@# QSphere lh Thu Mar 12 23:49:12 CET 2026
#@# Fix Topology lh Thu Mar 12 23:50:35 CET 2026
#@# Smooth2 lh Thu Mar 12 23:57:29 CET 2026
#@# Inflation2 lh Thu Mar 12 23:57:32 CET 2026
#@# Curv .H and .K lh Thu Mar 12 23:58:32 CET 2026
#@# Sphere lh Thu Mar 12 23:59:19 CET 2026
#@# Surf Reg lh Fri Mar 13 00:02:57 CET 2026
#@# Jacobian white lh Fri Mar 13 00:07:44 CET 2026
#@# AvgCurv lh Fri Mar 13 00:07:45 CET 2026
#@# Cortical Parc lh Fri Mar 13 00:07:46 CET 2026
#@# white curv lh Fri Mar 13 00:15:24 CET 2026
#@# white area lh Fri Mar 13 00:15:26 CET 2026
#@# pial curv lh Fri Mar 13 00:15:27 CET 2026
#@# pial area lh Fri Mar 13 00:15:29 CET 2026
#@# thickness lh Fri Mar 13 00:15:29 CET 2026
#@# area and vertex vol lh Fri Mar 13 00:15:56 CET 2026
#@# Curvature Stats lh Fri Mar 13 00:15:57 CET 2026
#@# Cortical Parc 2 lh Fri Mar 13 00:16:00 CET 2026
#@# Cortical Parc 3 lh Fri Mar 13 00:16:13 CET 2026
#@# WM/GM Contrast lh Fri Mar 13 00:16:23 CET 2026
recon-all -s sub-v2s2x29075_ses-1 finished without error at Fri Mar 13 00:16:26 CET 2026



#New# invocation of recon-all 



status file for recon-all
Fri Mar 13 00:53:24 CET 2026
#@# white curv lh Fri Mar 13 00:53:24 CET 2026
#@# white area lh Fri Mar 13 00:53:24 CET 2026
#@# pial curv lh Fri Mar 13 00:53:24 CET 2026
#@# pial area lh Fri Mar 13 00:53:24 CET 2026
#@# thickness lh Fri Mar 13 00:53:24 CET 2026
#@# area and vertex vol lh Fri Mar 13 00:53:24 CET 2026
#@# Parcellation Stats lh Fri Mar 13 00:53:24 CET 2026
#@# Parcellation Stats 2 lh Fri Mar 13 00:53:48 CET 2026
#@# Parcellation Stats 3 lh Fri Mar 13 00:53:59 CET 2026
#@# BA_exvivo Labels lh Fri Mar 13 00:54:10 CET 2026
recon-all -s sub-v2s2x29075_ses-1 finished without error at Fri Mar 13 00:56:42 CET 2026
