status file for recon-all
Thu Mar 12 22:13:55 CET 2026
#@# MotionCor Thu Mar 12 22:13:57 CET 2026
#@# Talairach Thu Mar 12 22:14:03 CET 2026
#@# Talairach Failure Detection Thu Mar 12 22:16:53 CET 2026
#@# Nu Intensity Correction Thu Mar 12 22:16:53 CET 2026
#@# Intensity Normalization Thu Mar 12 22:19:43 CET 2026
recon-all -s sub-v2s2x29075_ses-1 finished without error at Thu Mar 12 22:20:52 CET 2026



#New# invocation of recon-all 



status file for recon-all
Thu Mar 12 22:27:23 CET 2026
#@# EM Registration Thu Mar 12 22:27:23 CET 2026
recon-all -s sub-v2s2x29075_ses-1 finished without error at Thu Mar 12 22:28:57 CET 2026



#New# invocation of recon-all 



status file for recon-all
Thu Mar 12 22:29:00 CET 2026
#@# CA Normalize Thu Mar 12 22:29:00 CET 2026
#@# CA Reg Thu Mar 12 22:29:53 CET 2026
#@# SubCort Seg Thu Mar 12 23:15:33 CET 2026
#@# CC Seg Thu Mar 12 23:43:15 CET 2026
#@# Merge ASeg Thu Mar 12 23:43:51 CET 2026
#@# Intensity Normalization2 Thu Mar 12 23:43:51 CET 2026
#@# Mask BFS Thu Mar 12 23:45:14 CET 2026
#@# WM Segmentation Thu Mar 12 23:45:15 CET 2026
#@# Fill Thu Mar 12 23:47:02 CET 2026
recon-all -s sub-v2s2x29075_ses-1 finished without error at Thu Mar 12 23:47:40 CET 2026



#New# invocation of recon-all 



status file for recon-all
Fri Mar 13 00:46:17 CET 2026
#@# white curv lh Fri Mar 13 00:46:17 CET 2026
#@# white area lh Fri Mar 13 00:46:17 CET 2026
#@# pial curv lh Fri Mar 13 00:46:17 CET 2026
#@# pial area lh Fri Mar 13 00:46:17 CET 2026
#@# thickness lh Fri Mar 13 00:46:17 CET 2026
#@# area and vertex vol lh Fri Mar 13 00:46:17 CET 2026
#@# white curv rh Fri Mar 13 00:46:17 CET 2026
#@# white area rh Fri Mar 13 00:46:17 CET 2026
#@# pial curv rh Fri Mar 13 00:46:17 CET 2026
#@# pial area rh Fri Mar 13 00:46:18 CET 2026
#@# thickness rh Fri Mar 13 00:46:18 CET 2026
#@# area and vertex vol rh Fri Mar 13 00:46:18 CET 2026
#@# Cortical ribbon mask Fri Mar 13 00:46:18 CET 2026
recon-all -s sub-v2s2x29075_ses-1 finished without error at Fri Mar 13 00:53:19 CET 2026



#New# invocation of recon-all 



status file for recon-all
Fri Mar 13 01:00:16 CET 2026
#@# white curv lh Fri Mar 13 01:00:16 CET 2026
#@# white area lh Fri Mar 13 01:00:16 CET 2026
#@# pial curv lh Fri Mar 13 01:00:16 CET 2026
#@# pial area lh Fri Mar 13 01:00:16 CET 2026
#@# thickness lh Fri Mar 13 01:00:16 CET 2026
#@# area and vertex vol lh Fri Mar 13 01:00:16 CET 2026
#@# white curv rh Fri Mar 13 01:00:16 CET 2026
#@# white area rh Fri Mar 13 01:00:16 CET 2026
#@# pial curv rh Fri Mar 13 01:00:16 CET 2026
#@# pial area rh Fri Mar 13 01:00:16 CET 2026
#@# thickness rh Fri Mar 13 01:00:16 CET 2026
#@# area and vertex vol rh Fri Mar 13 01:00:16 CET 2026
#@# Curvature Stats lh Fri Mar 13 01:00:16 CET 2026
#@# Curvature Stats rh Fri Mar 13 01:00:19 CET 2026
#@# Relabel Hypointensities Fri Mar 13 01:00:21 CET 2026
#@# APas-to-ASeg Fri Mar 13 01:00:35 CET 2026
#@# AParc-to-ASeg aparc Fri Mar 13 01:00:44 CET 2026
#@# AParc-to-ASeg aparc.a2009s Fri Mar 13 01:01:21 CET 2026
#@# AParc-to-ASeg aparc.DKTatlas Fri Mar 13 01:01:58 CET 2026
#@# WMParc Fri Mar 13 01:02:35 CET 2026
#@# ASeg Stats Fri Mar 13 01:04:44 CET 2026
recon-all -s sub-v2s2x29075_ses-1 finished without error at Fri Mar 13 01:05:05 CET 2026
