status file for recon-all
Fri Mar 13 00:16:29 CET 2026
#@# Tessellate rh Fri Mar 13 00:16:29 CET 2026
#@# Smooth1 rh Fri Mar 13 00:16:32 CET 2026
#@# Inflation1 rh Fri Mar 13 00:16:35 CET 2026
#@# QSphere rh Fri Mar 13 00:17:51 CET 2026
#@# Fix Topology rh Fri Mar 13 00:18:58 CET 2026
#@# Smooth2 rh Fri Mar 13 00:26:07 CET 2026
#@# Inflation2 rh Fri Mar 13 00:26:10 CET 2026
#@# Curv .H and .K rh Fri Mar 13 00:26:42 CET 2026
#@# Sphere rh Fri Mar 13 00:27:33 CET 2026
#@# Surf Reg rh Fri Mar 13 00:31:38 CET 2026
#@# Jacobian white rh Fri Mar 13 00:36:53 CET 2026
#@# AvgCurv rh Fri Mar 13 00:36:54 CET 2026
#@# Cortical Parc rh Fri Mar 13 00:36:54 CET 2026
#@# white curv rh Fri Mar 13 00:45:04 CET 2026
#@# white area rh Fri Mar 13 00:45:06 CET 2026
#@# pial curv rh Fri Mar 13 00:45:07 CET 2026
#@# pial area rh Fri Mar 13 00:45:08 CET 2026
#@# thickness rh Fri Mar 13 00:45:09 CET 2026
#@# area and vertex vol rh Fri Mar 13 00:45:39 CET 2026
#@# Curvature Stats rh Fri Mar 13 00:45:41 CET 2026
#@# Cortical Parc 2 rh Fri Mar 13 00:45:43 CET 2026
#@# Cortical Parc 3 rh Fri Mar 13 00:45:58 CET 2026
#@# WM/GM Contrast rh Fri Mar 13 00:46:08 CET 2026
recon-all -s sub-v2s2x29075_ses-1 finished without error at Fri Mar 13 00:46:11 CET 2026



#New# invocation of recon-all 



status file for recon-all
Fri Mar 13 00:56:44 CET 2026
#@# white curv rh Fri Mar 13 00:56:44 CET 2026
#@# white area rh Fri Mar 13 00:56:44 CET 2026
#@# pial curv rh Fri Mar 13 00:56:44 CET 2026
#@# pial area rh Fri Mar 13 00:56:44 CET 2026
#@# thickness rh Fri Mar 13 00:56:44 CET 2026
#@# area and vertex vol rh Fri Mar 13 00:56:44 CET 2026
#@# Parcellation Stats rh Fri Mar 13 00:56:44 CET 2026
#@# Parcellation Stats 2 rh Fri Mar 13 00:57:09 CET 2026
#@# Parcellation Stats 3 rh Fri Mar 13 00:57:22 CET 2026
#@# BA_exvivo Labels rh Fri Mar 13 00:57:35 CET 2026
recon-all -s sub-v2s2x29075_ses-1 finished without error at Fri Mar 13 01:00:13 CET 2026
