/out/sourcedata/freesurfer/sub-v2s2x29071_ses-1/mri
/opt/freesurfer/bin/talairach_avi
--i orig_nu.mgz --xfm transforms/talairach.auto.xfm
talairach_avi 7.3.2
Linux dna078 5.14.0-427.37.1.el9_4.x86_64 #1 SMP PREEMPT_DYNAMIC Fri Sep 13 12:41:50 EDT 2024 x86_64 x86_64 x86_64 GNU/Linux
Thu Mar 12 21:54:47 CET 2026
mri_convert orig_nu.mgz talsrcimg.img 
reading from orig_nu.mgz...
TR=0.00, TE=0.00, TI=0.00, flip angle=0.00
i_ras = (-1, 0, 0)
j_ras = (0, 0, -1)
k_ras = (0, 1, 0)
writing to talsrcimg.img...
Analyze Output Matrix
-0.89844   0.00000   0.00000   118.70189;
 0.00000   0.00000   0.89844  -125.33459;
 0.00000  -0.89844   0.00000   135.46558;
 0.00000   0.00000   0.00000   1.00000;
--------------------
INFO: set hdr.hist.orient to -1
mpr2mni305 talsrcimg
Thu Mar 12 21:54:47 CET 2026
/opt/freesurfer/bin/mpr2mni305 talsrcimg
mpr2mni305 7.3.2
target=711-2C_as_mni_average_305

---------------------------------------------------------------------
analyzeto4dfp talsrcimg -O0 -y
---------------------------------------------------------------------

freesurfer ifh2hdr.c
Thu Mar 12 21:54:47 2026
Writing: talsrcimg.4dfp.hdr
freesurfer analyzeto4dfp.c
Reading: talsrcimg.hdr
header size 348 bytes
hdr.dime.datatype	offset=70	value=2
hdr.dime.bitpix		offset=72	value=8
hdr.hist.orient		offset=252	value=-1
dimensionality     4
dimensions       256       256       256         1
Reading: talsrcimg.img
Writing: talsrcimg.4dfp.img
Writing: talsrcimg.4dfp.ifh
ifh2hdr talsrcimg -r0to255
ori=2

---------------------------------------------------------------------
gauss_4dfp talsrcimg 1.1
---------------------------------------------------------------------

freesurfer gauss_4dfp.c
Reading: talsrcimg.4dfp.img
Writing: talsrcimg_g11.4dfp.img
image dimensions 256 256 256 padded to 288 288 288
processing volume 1freesurfer ifh2hdr.c
Thu Mar 12 21:54:49 2026
Writing: talsrcimg_g11.4dfp.hdr

Writing: talsrcimg_g11.4dfp.ifh
including: talsrcimg.4dfp.img.rec in talsrcimg_g11.4dfp.img.rec

---------------------------------------------------------------------
imgreg_4dfp /opt/freesurfer/average/711-2C_as_mni_average_305 none talsrcimg_g11 none talsrcimg_to_711-2C_as_mni_average_305_t4 4355
---------------------------------------------------------------------

freesurfer imgreg_4dfp.c
/opt/freesurfer/average/711-2C_as_mni_average_305.4dfp.img
       256       256       256         1
  1.000000  1.000000  1.000000
orientation T byte_order littleendian
Reading image: /opt/freesurfer/average/711-2C_as_mni_average_305.4dfp.img
dimensions:      256       256       256
mmppix:       1.0000   -1.0000   -1.0000
center:     128.0000 -129.0000 -129.0000
talsrcimg_g11.4dfp.img
       256       256       256         1
  0.898438  0.898438  0.898438
orientation T byte_order littleendian
Reading image: talsrcimg_g11.4dfp.img
dimensions:      256       256       256
mmppix:       0.8984   -0.8984   -0.8984
center:     115.0001 -115.8985 -115.8985
t4_read: open error in t4_sub.f l:  41 t4_file(1:l)talsrcimg_to_711-2C_as_mni_average_305_t4 
t4_read: transform initialized to I4
rotation matrix determinant  1.000000
image alignment mode   4355 decimal     1103 hex
   -7.5000  -45.0000  -45.0000 6499.1318   11.0368
    0.0000  -45.0000  -45.0000 6563.6162   11.0498
    7.5000  -45.0000  -45.0000 6184.4756   11.0579
   -7.5000  -37.5000  -45.0000 6941.1963   11.7203
    0.0000  -37.5000  -45.0000 7002.8765   11.7399
    7.5000  -37.5000  -45.0000 6593.0552   11.7558
   -7.5000  -30.0000  -45.0000 7364.4912   12.1124
    0.0000  -30.0000  -45.0000 7431.4297   12.1351
    7.5000  -30.0000  -45.0000 6986.4224   12.1523
   -7.5000  -22.5000  -45.0000 7845.2729   12.1423
    0.0000  -22.5000  -45.0000 7917.5166   12.1623
    7.5000  -22.5000  -45.0000 7454.1611   12.1727
   -7.5000  -15.0000  -45.0000 8280.6367   12.1502
    0.0000  -15.0000  -45.0000 8355.0420   12.1657
    7.5000  -15.0000  -45.0000 7891.9985   12.1689
   -7.5000   -7.5000  -45.0000 8376.9238   12.1273
    0.0000   -7.5000  -45.0000 8468.5283   12.1398
    7.5000   -7.5000  -45.0000 7998.2642   12.1424
   -7.5000    0.0000  -45.0000 8487.5205   12.0961
    0.0000    0.0000  -45.0000 8575.0000   12.1104
    7.5000    0.0000  -45.0000 8091.7139   12.1193
   -7.5000    7.5000  -45.0000 8179.5645   12.0898
    0.0000    7.5000  -45.0000 8254.7539   12.1100
    7.5000    7.5000  -45.0000 7773.8599   12.1265
   -7.5000   15.0000  -45.0000 7889.3804   12.1124
    0.0000   15.0000  -45.0000 7953.7734   12.1351
    7.5000   15.0000  -45.0000 7496.0044   12.1523
   -7.5000   22.5000  -45.0000 7208.2236   11.9789
    0.0000   22.5000  -45.0000 7269.6899   11.9987
    7.5000   22.5000  -45.0000 6856.9131   12.0090
   -7.5000   30.0000  -45.0000 6613.7256   11.6671
    0.0000   30.0000  -45.0000 6682.4331   11.6819
    7.5000   30.0000  -45.0000 6294.5132   11.6850
   -7.5000   37.5000  -45.0000 6019.6421   11.3208
    0.0000   37.5000  -45.0000 6077.5713   11.3320
    7.5000   37.5000  -45.0000 5741.2217   11.3345
   -7.5000   45.0000  -45.0000 5508.9751   11.2677
    0.0000   45.0000  -45.0000 5546.0439   11.2796
    7.5000   45.0000  -45.0000 5230.1250   11.2884
   -7.5000  -45.0000  -37.5000 7080.7534   11.6278
    0.0000  -45.0000  -37.5000 7148.2676   11.6397
    7.5000  -45.0000  -37.5000 6736.3037   11.6466
   -7.5000  -37.5000  -37.5000 7545.3394   12.3521
    0.0000  -37.5000  -37.5000 7596.7363   12.3720
    7.5000  -37.5000  -37.5000 7168.3784   12.3859
   -7.5000  -30.0000  -37.5000 8025.8750   12.7414
    0.0000  -30.0000  -37.5000 8077.1357   12.7653
    7.5000  -30.0000  -37.5000 7603.8809   12.7801
   -7.5000  -22.5000  -37.5000 8544.3936   12.7718
    0.0000  -22.5000  -37.5000 8622.3457   12.7924
    7.5000  -22.5000  -37.5000 8108.8140   12.8010
   -7.5000  -15.0000  -37.5000 8994.4541   12.7808
    0.0000  -15.0000  -37.5000 9066.1943   12.7952
    7.5000  -15.0000  -37.5000 8561.9717   12.7974
   -7.5000   -7.5000  -37.5000 9072.9531   12.7590
    0.0000   -7.5000  -37.5000 9152.1680   12.7696
    7.5000   -7.5000  -37.5000 8643.7002   12.7715
   -7.5000    0.0000  -37.5000 9158.6953   12.7275
    0.0000    0.0000  -37.5000 9228.9902   12.7406
    7.5000    0.0000  -37.5000 8717.3076   12.7483
   -7.5000    7.5000  -37.5000 8786.9395   12.7191
    0.0000    7.5000  -37.5000 8850.9385   12.7396
    7.5000    7.5000  -37.5000 8356.1777   12.7539
   -7.5000   15.0000  -37.5000 8464.4258   12.7409
    0.0000   15.0000  -37.5000 8535.8633   12.7647
    7.5000   15.0000  -37.5000 8050.8486   12.7795
   -7.5000   22.5000  -37.5000 7734.3286   12.6010
    0.0000   22.5000  -37.5000 7784.0073   12.6214
    7.5000   22.5000  -37.5000 7354.8813   12.6299
   -7.5000   30.0000  -37.5000 7073.1743   12.2813
    0.0000   30.0000  -37.5000 7135.5552   12.2951
    7.5000   30.0000  -37.5000 6740.5615   12.2973
   -7.5000   37.5000  -37.5000 6425.8169   11.9187
    0.0000   37.5000  -37.5000 6483.7334   11.9281
    7.5000   37.5000  -37.5000 6128.7109   11.9302
   -7.5000   45.0000  -37.5000 5852.8931   11.8478
    0.0000   45.0000  -37.5000 5901.0459   11.8585
    7.5000   45.0000  -37.5000 5566.6924   11.8661
   -7.5000  -45.0000  -30.0000 7641.8779   12.1791
    0.0000  -45.0000  -30.0000 7708.3716   12.1933
    7.5000  -45.0000  -30.0000 7278.5713   12.1955
   -7.5000  -37.5000  -30.0000 8138.6641   12.9410
    0.0000  -37.5000  -30.0000 8203.8828   12.9623
    7.5000  -37.5000  -30.0000 7744.6343   12.9692
   -7.5000  -30.0000  -30.0000 8630.9766   13.3202
    0.0000  -30.0000  -30.0000 8706.0342   13.3455
    7.5000  -30.0000  -30.0000 8205.6826   13.3532
   -7.5000  -22.5000  -30.0000 9209.7402   13.3431
    0.0000  -22.5000  -30.0000 9293.7246   13.3659
    7.5000  -22.5000  -30.0000 8754.8271   13.3702
   -7.5000  -15.0000  -30.0000 9717.2070   13.3542
    0.0000  -15.0000  -30.0000 9785.7402   13.3713
    7.5000  -15.0000  -30.0000 9250.4551   13.3713
   -7.5000   -7.5000  -30.0000 9774.0889   13.3414
    0.0000   -7.5000  -30.0000 9866.1738   13.3549
    7.5000   -7.5000  -30.0000 9307.6426   13.3542
   -7.5000    0.0000  -30.0000 9817.2002   13.3172
    0.0000    0.0000  -30.0000 9913.1602   13.3328
    7.5000    0.0000  -30.0000 9366.2148   13.3352
   -7.5000    7.5000  -30.0000 9385.1562   13.3053
    0.0000    7.5000  -30.0000 9466.8379   13.3272
    7.5000    7.5000  -30.0000 8946.5098   13.3343
   -7.5000   15.0000  -30.0000 9031.3652   13.3184
    0.0000   15.0000  -30.0000 9091.1201   13.3436
    7.5000   15.0000  -30.0000 8604.0332   13.3514
   -7.5000   22.5000  -30.0000 8227.0010   13.1653
    0.0000   22.5000  -30.0000 8262.9473   13.1878
    7.5000   22.5000  -30.0000 7842.5596   13.1921
   -7.5000   30.0000  -30.0000 7522.9097   12.8417
    0.0000   30.0000  -30.0000 7578.6934   12.8581
    7.5000   30.0000  -30.0000 7170.0317   12.8581
   -7.5000   37.5000  -30.0000 6818.4717   12.4802
    0.0000   37.5000  -30.0000 6868.1372   12.4926
    7.5000   37.5000  -30.0000 6490.9702   12.4923
   -7.5000   45.0000  -30.0000 6181.1216   12.4128
    0.0000   45.0000  -30.0000 6223.3872   12.4271
    7.5000   45.0000  -30.0000 5874.8408   12.4311
   -7.5000  -45.0000  -22.5000 8203.7383   12.7051
    0.0000  -45.0000  -22.5000 8269.5791   12.7242
    7.5000  -45.0000  -22.5000 7825.0537   12.7239
   -7.5000  -37.5000  -22.5000 8705.6240   13.5059
    0.0000  -37.5000  -22.5000 8772.7002   13.5304
    7.5000  -37.5000  -22.5000 8304.8125   13.5330
   -7.5000  -30.0000  -22.5000 9229.7021   13.8758
    0.0000  -30.0000  -22.5000 9308.8809   13.9039
    7.5000  -30.0000  -22.5000 8788.9814   13.9077
   -7.5000  -22.5000  -22.5000 9871.5664   13.8908
    0.0000  -22.5000  -22.5000 9964.7832   13.9180
    7.5000  -22.5000  -22.5000 9381.2324   13.9204
   -7.5000  -15.0000  -22.500010415.8223   13.9045
    0.0000  -15.0000  -22.500010521.8975   13.9280
    7.5000  -15.0000  -22.5000 9909.6025   13.9275
   -7.5000   -7.5000  -22.500010456.6963   13.9011
    0.0000   -7.5000  -22.500010573.1318   13.9214
    7.5000   -7.5000  -22.5000 9964.1436   13.9197
   -7.5000    0.0000  -22.500010510.1318   13.8844
    0.0000    0.0000  -22.500010621.6582   13.9054
    7.5000    0.0000  -22.500010012.8203   13.9050
   -7.5000    7.5000  -22.500010006.2705   13.8689
    0.0000    7.5000  -22.500010103.5146   13.8940
    7.5000    7.5000  -22.5000 9526.4199   13.8967
   -7.5000   15.0000  -22.5000 9609.2852   13.8725
    0.0000   15.0000  -22.5000 9676.5850   13.9005
    7.5000   15.0000  -22.5000 9166.6445   13.9044
   -7.5000   22.5000  -22.5000 8746.7568   13.7070
    0.0000   22.5000  -22.5000 8784.7432   13.7338
    7.5000   22.5000  -22.5000 8349.7998   13.7362
   -7.5000   30.0000  -22.5000 7974.6157   13.3807
    0.0000   30.0000  -22.5000 8005.4424   13.4033
    7.5000   30.0000  -22.5000 7596.0996   13.4028
   -7.5000   37.5000  -22.5000 7197.1406   13.0238
    0.0000   37.5000  -22.5000 7234.5967   13.0428
    7.5000   37.5000  -22.5000 6847.5991   13.0415
   -7.5000   45.0000  -22.5000 6515.3384   12.9773
    0.0000   45.0000  -22.5000 6541.4985   12.9978
    7.5000   45.0000  -22.5000 6188.2861   13.0006
   -7.5000  -45.0000  -15.0000 8723.5107   13.1278
    0.0000  -45.0000  -15.0000 8790.7412   13.1496
    7.5000  -45.0000  -15.0000 8319.1748   13.1528
   -7.5000  -37.5000  -15.0000 9263.8711   13.9551
    0.0000  -37.5000  -15.0000 9323.8916   13.9815
    7.5000  -37.5000  -15.0000 8815.6631   13.9890
   -7.5000  -30.0000  -15.0000 9822.0000   14.3254
    0.0000  -30.0000  -15.0000 9898.9102   14.3547
    7.5000  -30.0000  -15.0000 9335.2939   14.3637
   -7.5000  -22.5000  -15.000010482.2979   14.3411
    0.0000  -22.5000  -15.000010584.2051   14.3703
    7.5000  -22.5000  -15.0000 9952.1279   14.3769
   -7.5000  -15.0000  -15.000011032.4971   14.3553
    0.0000  -15.0000  -15.000011180.9932   14.3823
    7.5000  -15.0000  -15.000010486.7607   14.3847
   -7.5000   -7.5000  -15.000011081.8506   14.3505
    0.0000   -7.5000  -15.000011221.0791   14.3747
    7.5000   -7.5000  -15.000010544.5488   14.3757
   -7.5000    0.0000  -15.000011169.0938   14.3324
    0.0000    0.0000  -15.000011305.6221   14.3563
    7.5000    0.0000  -15.000010608.3877   14.3598
   -7.5000    7.5000  -15.000010604.6338   14.3162
    0.0000    7.5000  -15.000010688.4678   14.3433
    7.5000    7.5000  -15.000010055.0010   14.3510
   -7.5000   15.0000  -15.000010154.9453   14.3209
    0.0000   15.0000  -15.000010210.8721   14.3502
    7.5000   15.0000  -15.0000 9651.4785   14.3593
   -7.5000   22.5000  -15.0000 9243.2236   14.1535
    0.0000   22.5000  -15.0000 9289.9688   14.1823
    7.5000   22.5000  -15.0000 8807.8008   14.1888
   -7.5000   30.0000  -15.0000 8398.8320   13.8248
    0.0000   30.0000  -15.0000 8434.3203   13.8509
    7.5000   30.0000  -15.0000 7987.3223   13.8532
   -7.5000   37.5000  -15.0000 7563.2163   13.4667
    0.0000   37.5000  -15.0000 7601.9082   13.4893
    7.5000   37.5000  -15.0000 7200.3916   13.4904
   -7.5000   45.0000  -15.0000 6821.1084   13.4341
    0.0000   45.0000  -15.0000 6851.7529   13.4576
    7.5000   45.0000  -15.0000 6503.8599   13.4642
   -7.5000  -45.0000   -7.5000 8961.9199   13.0939
    0.0000  -45.0000   -7.5000 9024.8789   13.1138
    7.5000  -45.0000   -7.5000 8524.5986   13.1219
   -7.5000  -37.5000   -7.5000 9484.9619   13.9214
    0.0000  -37.5000   -7.5000 9548.7988   13.9466
    7.5000  -37.5000   -7.5000 9006.1729   13.9621
   -7.5000  -30.0000   -7.500010091.9434   14.3024
    0.0000  -30.0000   -7.500010162.7949   14.3301
    7.5000  -30.0000   -7.5000 9564.8242   14.3472
   -7.5000  -22.5000   -7.500010806.0820   14.3282
    0.0000  -22.5000   -7.500010945.0254   14.3546
    7.5000  -22.5000   -7.500010223.5566   14.3662
   -7.5000  -15.0000   -7.500011341.7871   14.3401
    0.0000  -15.0000   -7.500011541.5439   14.3638
    7.5000  -15.0000   -7.500010756.4443   14.3686
   -7.5000   -7.5000   -7.500011376.1992   14.3235
    0.0000   -7.5000   -7.500011527.3623   14.3446
    7.5000   -7.5000   -7.500010806.8477   14.3483
   -7.5000    0.0000   -7.500011454.9355   14.2954
    0.0000    0.0000   -7.500011558.7207   14.3171
    7.5000    0.0000   -7.500010854.5391   14.3261
   -7.5000    7.5000   -7.500010812.5479   14.2817
    0.0000    7.5000   -7.500010875.1953   14.3075
    7.5000    7.5000   -7.500010203.9229   14.3234
   -7.5000   15.0000   -7.500010338.4443   14.2980
    0.0000   15.0000   -7.500010414.6426   14.3257
    7.5000   15.0000   -7.5000 9795.2656   14.3428
   -7.5000   22.5000   -7.5000 9423.8369   14.1408
    0.0000   22.5000   -7.5000 9508.0615   14.1668
    7.5000   22.5000   -7.5000 8953.4482   14.1782
   -7.5000   30.0000   -7.5000 8566.9893   13.8103
    0.0000   30.0000   -7.5000 8619.7568   13.8331
    7.5000   30.0000   -7.5000 8143.3589   13.8376
   -7.5000   37.5000   -7.5000 7716.4609   13.4424
    0.0000   37.5000   -7.5000 7777.6792   13.4620
    7.5000   37.5000   -7.5000 7349.5874   13.4654
   -7.5000   45.0000   -7.5000 6934.0801   13.3998
    0.0000   45.0000   -7.5000 6989.1655   13.4201
    7.5000   45.0000   -7.5000 6605.2466   13.4306
   -7.5000  -45.0000    0.0000 8987.8604   13.4153
    0.0000  -45.0000    0.0000 9038.3291   13.4310
    7.5000  -45.0000    0.0000 8551.5684   13.4418
   -7.5000  -37.5000    0.0000 9467.1475   14.2595
    0.0000  -37.5000    0.0000 9524.1807   14.2831
    7.5000  -37.5000    0.0000 9003.1768   14.3033
   -7.5000  -30.0000    0.000010146.1006   14.6515
    0.0000  -30.0000    0.000010206.1572   14.6788
    7.5000  -30.0000    0.0000 9598.9707   14.7001
   -7.5000  -22.5000    0.000010967.7402   14.6879
    0.0000  -22.5000    0.000011162.4287   14.7120
    7.5000  -22.5000    0.000010328.2471   14.7251
   -7.5000  -15.0000    0.000011564.0732   14.6977
    0.0000  -15.0000    0.000011791.8291   14.7164
    7.5000  -15.0000    0.000010901.8984   14.7210
   -7.5000   -7.5000    0.000011506.3799   14.6699
    0.0000   -7.5000    0.000011654.1660   14.6849
    7.5000   -7.5000    0.000010888.6396   14.6892
   -7.5000    0.0000    0.000011504.1348   14.6317
    0.0000    0.0000    0.000011616.6699   14.6489
    7.5000    0.0000    0.000010893.8174   14.6608
   -7.5000    7.5000    0.000010793.5723   14.6188
    0.0000    7.5000    0.000010894.4131   14.6431
    7.5000    7.5000    0.000010199.2314   14.6638
   -7.5000   15.0000    0.000010344.4336   14.6463
    0.0000   15.0000    0.000010458.5596   14.6736
    7.5000   15.0000    0.0000 9769.6221   14.6949
   -7.5000   22.5000    0.0000 9459.9170   14.4978
    0.0000   22.5000    0.0000 9544.6719   14.5216
    7.5000   22.5000    0.0000 8936.6035   14.5346
   -7.5000   30.0000    0.0000 8593.8174   14.1632
    0.0000   30.0000    0.0000 8660.6953   14.1812
    7.5000   30.0000    0.0000 8126.3721   14.1856
   -7.5000   37.5000    0.0000 7753.0508   13.7837
    0.0000   37.5000    0.0000 7814.9619   13.7973
    7.5000   37.5000    0.0000 7337.8169   13.8014
   -7.5000   45.0000    0.0000 6931.1870   13.7366
    0.0000   45.0000    0.0000 6989.6519   13.7510
    7.5000   45.0000    0.0000 6572.3970   13.7628
   -7.5000  -45.0000    7.5000 8687.0752   13.4461
    0.0000  -45.0000    7.5000 8743.0117   13.4596
    7.5000  -45.0000    7.5000 8273.9521   13.4679
   -7.5000  -37.5000    7.5000 9162.1699   14.2915
    0.0000  -37.5000    7.5000 9213.5400   14.3143
    7.5000  -37.5000    7.5000 8719.8975   14.3306
   -7.5000  -30.0000    7.5000 9802.1064   14.6820
    0.0000  -30.0000    7.5000 9906.5869   14.7094
    7.5000  -30.0000    7.5000 9293.5576   14.7267
   -7.5000  -22.5000    7.500010658.3281   14.7166
    0.0000  -22.5000    7.500010884.8730   14.7404
    7.5000  -22.5000    7.500010011.7988   14.7506
   -7.5000  -15.0000    7.500011368.8369   14.7266
    0.0000  -15.0000    7.500011613.0225   14.7431
    7.5000  -15.0000    7.500010635.4053   14.7460
   -7.5000   -7.5000    7.500011298.3633   14.7013
    0.0000   -7.5000    7.500011463.3604   14.7134
    7.5000   -7.5000    7.500010629.9307   14.7159
   -7.5000    0.0000    7.500011190.6729   14.6653
    0.0000    0.0000    7.500011302.9678   14.6802
    7.5000    0.0000    7.500010573.1533   14.6893
   -7.5000    7.5000    7.500010435.2539   14.6516
    0.0000    7.5000    7.500010531.1885   14.6750
    7.5000    7.5000    7.5000 9850.5107   14.6917
   -7.5000   15.0000    7.5000 9978.7861   14.6768
    0.0000   15.0000    7.500010089.6240   14.7042
    7.5000   15.0000    7.5000 9429.4053   14.7215
   -7.5000   22.5000    7.5000 9107.3145   14.5261
    0.0000   22.5000    7.5000 9192.7441   14.5497
    7.5000   22.5000    7.5000 8622.8154   14.5597
   -7.5000   30.0000    7.5000 8280.1152   14.1910
    0.0000   30.0000    7.5000 8355.5615   14.2069
    7.5000   30.0000    7.5000 7839.1675   14.2097
   -7.5000   37.5000    7.5000 7446.3486   13.8120
    0.0000   37.5000    7.5000 7506.5249   13.8227
    7.5000   37.5000    7.5000 7056.5190   13.8254
   -7.5000   45.0000    7.5000 6660.4448   13.7629
    0.0000   45.0000    7.5000 6720.5674   13.7751
    7.5000   45.0000    7.5000 6311.0200   13.7842
   -7.5000  -45.0000   15.0000 8661.1250   13.5370
    0.0000  -45.0000   15.0000 8730.9307   13.5528
    7.5000  -45.0000   15.0000 8246.1152   13.5552
   -7.5000  -37.5000   15.0000 9158.4688   14.3853
    0.0000  -37.5000   15.0000 9237.1016   14.4090
    7.5000  -37.5000   15.0000 8695.1260   14.4166
   -7.5000  -30.0000   15.0000 9741.2451   14.7674
    0.0000  -30.0000   15.0000 9860.4639   14.7955
    7.5000  -30.0000   15.0000 9244.5820   14.8041
   -7.5000  -22.5000   15.000010471.5635   14.7930
    0.0000  -22.5000   15.000010649.2500   14.8184
    7.5000  -22.5000   15.0000 9900.6650   14.8232
   -7.5000  -15.0000   15.000011197.9414   14.8057
    0.0000  -15.0000   15.000011383.3848   14.8247
    7.5000  -15.0000   15.000010511.3457   14.8247
   -7.5000   -7.5000   15.000011247.4336   14.7916
    0.0000   -7.5000   15.000011389.3838   14.8067
    7.5000   -7.5000   15.000010567.2607   14.8057
   -7.5000    0.0000   15.000011188.3301   14.7645
    0.0000    0.0000   15.000011301.3105   14.7818
    7.5000    0.0000   15.000010542.8311   14.7845
   -7.5000    7.5000   15.000010340.3154   14.7478
    0.0000    7.5000   15.000010429.3779   14.7722
    7.5000    7.5000   15.0000 9769.1885   14.7799
   -7.5000   15.0000   15.0000 9871.1182   14.7621
    0.0000   15.0000   15.0000 9958.7061   14.7903
    7.5000   15.0000   15.0000 9350.3145   14.7988
   -7.5000   22.5000   15.0000 9040.0176   14.6016
    0.0000   22.5000   15.0000 9114.7148   14.6267
    7.5000   22.5000   15.0000 8575.4844   14.6314
   -7.5000   30.0000   15.0000 8206.7910   14.2673
    0.0000   30.0000   15.0000 8276.0107   14.2856
    7.5000   30.0000   15.0000 7800.9194   14.2856
   -7.5000   37.5000   15.0000 7340.8643   13.8960
    0.0000   37.5000   15.0000 7396.8281   13.9098
    7.5000   37.5000   15.0000 6987.9106   13.9094
   -7.5000   45.0000   15.0000 6549.0581   13.8577
    0.0000   45.0000   15.0000 6594.5132   13.8736
    7.5000   45.0000   15.0000 6223.5205   13.8781
   -7.5000  -45.0000   22.5000 8174.3418   13.7303
    0.0000  -45.0000   22.5000 8241.4619   13.7527
    7.5000  -45.0000   22.5000 7777.7871   13.7529
   -7.5000  -37.5000   22.5000 8645.7217   14.5869
    0.0000  -37.5000   22.5000 8712.3350   14.6155
    7.5000  -37.5000   22.5000 8211.5723   14.6191
   -7.5000  -30.0000   22.5000 9165.4922   14.9627
    0.0000  -30.0000   22.5000 9238.8066   14.9951
    7.5000  -30.0000   22.5000 8723.0654   15.0000
   -7.5000  -22.5000   22.5000 9802.3789   14.9798
    0.0000  -22.5000   22.5000 9876.9434   15.0109
    7.5000  -22.5000   22.5000 9324.6826   15.0142
   -7.5000  -15.0000   22.500010391.9600   14.9970
    0.0000  -15.0000   22.500010467.0215   15.0239
    7.5000  -15.0000   22.5000 9881.5859   15.0240
   -7.5000   -7.5000   22.500010464.4932   14.9945
    0.0000   -7.5000   22.500010535.6699   15.0180
    7.5000   -7.5000   22.5000 9955.7852   15.0167
   -7.5000    0.0000   22.500010492.7373   14.9753
    0.0000    0.0000   22.500010551.1768   14.9998
    7.5000    0.0000   22.5000 9966.6338   15.0001
   -7.5000    7.5000   22.5000 9732.4707   14.9545
    0.0000    7.5000   22.5000 9778.2842   14.9838
    7.5000    7.5000   22.5000 9226.6797   14.9875
   -7.5000   15.0000   22.5000 9289.6318   14.9574
    0.0000   15.0000   22.5000 9345.1562   14.9898
    7.5000   15.0000   22.5000 8808.2998   14.9947
   -7.5000   22.5000   22.5000 8517.3828   14.7859
    0.0000   22.5000   22.5000 8572.2695   14.8166
    7.5000   22.5000   22.5000 8079.3022   14.8199
   -7.5000   30.0000   22.5000 7719.8179   14.4516
    0.0000   30.0000   22.5000 7787.6641   14.4775
    7.5000   30.0000   22.5000 7342.0815   14.4776
   -7.5000   37.5000   22.5000 6900.6343   14.0876
    0.0000   37.5000   22.5000 6952.1021   14.1096
    7.5000   37.5000   22.5000 6565.6963   14.1088
   -7.5000   45.0000   22.5000 6134.1396   14.0644
    0.0000   45.0000   22.5000 6177.4590   14.0885
    7.5000   45.0000   22.5000 5842.7207   14.0922
   -7.5000  -45.0000   30.0000 7641.8745   13.9226
    0.0000  -45.0000   30.0000 7705.1050   13.9485
    7.5000  -45.0000   30.0000 7284.6621   13.9516
   -7.5000  -37.5000   30.0000 8065.7480   14.7974
    0.0000  -37.5000   30.0000 8120.0498   14.8289
    7.5000  -37.5000   30.0000 7691.1187   14.8363
   -7.5000  -30.0000   30.0000 8537.2832   15.1855
    0.0000  -30.0000   30.0000 8579.1621   15.2201
    7.5000  -30.0000   30.0000 8147.9531   15.2287
   -7.5000  -22.5000   30.0000 9107.9893   15.2071
    0.0000  -22.5000   30.0000 9133.8682   15.2409
    7.5000  -22.5000   30.0000 8697.7471   15.2468
   -7.5000  -15.0000   30.0000 9614.8184   15.2255
    0.0000  -15.0000   30.0000 9653.9414   15.2564
    7.5000  -15.0000   30.0000 9186.7627   15.2582
   -7.5000   -7.5000   30.0000 9674.3535   15.2189
    0.0000   -7.5000   30.0000 9723.3174   15.2469
    7.5000   -7.5000   30.0000 9253.2646   15.2475
   -7.5000    0.0000   30.0000 9719.4746   15.1943
    0.0000    0.0000   30.0000 9763.0381   15.2226
    7.5000    0.0000   30.0000 9291.6611   15.2260
   -7.5000    7.5000   30.0000 9054.0869   15.1729
    0.0000    7.5000   30.0000 9083.6201   15.2052
    7.5000    7.5000   30.0000 8624.8662   15.2128
   -7.5000   15.0000   30.0000 8676.6875   15.1801
    0.0000   15.0000   30.0000 8716.2803   15.2147
    7.5000   15.0000   30.0000 8248.2178   15.2233
   -7.5000   22.5000   30.0000 7950.9810   15.0090
    0.0000   22.5000   30.0000 7992.9185   15.0423
    7.5000   22.5000   30.0000 7566.6216   15.0481
   -7.5000   30.0000   30.0000 7214.6689   14.6785
    0.0000   30.0000   30.0000 7269.2969   14.7083
    7.5000   30.0000   30.0000 6874.1016   14.7100
   -7.5000   37.5000   30.0000 6443.9780   14.3149
    0.0000   37.5000   30.0000 6484.6807   14.3411
    7.5000   37.5000   30.0000 6122.8809   14.3419
   -7.5000   45.0000   30.0000 5730.0605   14.2983
    0.0000   45.0000   30.0000 5756.7925   14.3263
    7.5000   45.0000   30.0000 5442.6831   14.3335
   -7.5000  -45.0000   37.5000 7122.4434   14.0175
    0.0000  -45.0000   37.5000 7188.5078   14.0376
    7.5000  -45.0000   37.5000 6810.7749   14.0428
   -7.5000  -37.5000   37.5000 7518.5732   14.8991
    0.0000  -37.5000   37.5000 7576.0684   14.9255
    7.5000  -37.5000   37.5000 7183.1729   14.9383
   -7.5000  -30.0000   37.5000 7950.5132   15.2935
    0.0000  -30.0000   37.5000 8001.1997   15.3223
    7.5000  -30.0000   37.5000 7598.4453   15.3366
   -7.5000  -22.5000   37.5000 8462.8154   15.3313
    0.0000  -22.5000   37.5000 8503.6143   15.3576
    7.5000  -22.5000   37.5000 8091.1885   15.3660
   -7.5000  -15.0000   37.5000 8917.4004   15.3519
    0.0000  -15.0000   37.5000 8960.7305   15.3748
    7.5000  -15.0000   37.5000 8511.1172   15.3760
   -7.5000   -7.5000   37.5000 8987.6885   15.3326
    0.0000   -7.5000   37.5000 9036.2188   15.3529
    7.5000   -7.5000   37.5000 8574.5732   15.3530
   -7.5000    0.0000   37.5000 9022.8223   15.2919
    0.0000    0.0000   37.5000 9057.0322   15.3138
    7.5000    0.0000   37.5000 8605.4238   15.3196
   -7.5000    7.5000   37.5000 8416.5195   15.2677
    0.0000    7.5000   37.5000 8440.7363   15.2948
    7.5000    7.5000   37.5000 8005.0796   15.3079
   -7.5000   15.0000   37.5000 8095.1265   15.2879
    0.0000   15.0000   37.5000 8128.0288   15.3167
    7.5000   15.0000   37.5000 7688.3901   15.3311
   -7.5000   22.5000   37.5000 7420.7056   15.1289
    0.0000   22.5000   37.5000 7461.5264   15.1549
    7.5000   22.5000   37.5000 7062.8374   15.1631
   -7.5000   30.0000   37.5000 6729.9766   14.8003
    0.0000   30.0000   37.5000 6782.0640   14.8223
    7.5000   30.0000   37.5000 6411.2012   14.8234
   -7.5000   37.5000   37.5000 6005.4355   14.4252
    0.0000   37.5000   37.5000 6051.1147   14.4440
    7.5000   37.5000   37.5000 5717.7803   14.4441
   -7.5000   45.0000   37.5000 5351.0654   14.3886
    0.0000   45.0000   37.5000 5373.6309   14.4093
    7.5000   45.0000   37.5000 5077.7671   14.4173
   -7.5000  -45.0000   45.0000 6603.2378   14.2111
    0.0000  -45.0000   45.0000 6678.3101   14.2286
    7.5000  -45.0000   45.0000 6315.0000   14.2393
   -7.5000  -37.5000   45.0000 6962.5479   15.1047
    0.0000  -37.5000   45.0000 7027.6089   15.1321
    7.5000  -37.5000   45.0000 6654.5605   15.1535
   -7.5000  -30.0000   45.0000 7353.1855   15.5028
    0.0000  -30.0000   45.0000 7413.4707   15.5344
    7.5000  -30.0000   45.0000 7032.7539   15.5577
   -7.5000  -22.5000   45.0000 7802.0889   15.5560
    0.0000  -22.5000   45.0000 7846.9448   15.5833
    7.5000  -22.5000   45.0000 7477.8105   15.5977
   -7.5000  -15.0000   45.0000 8208.6357   15.5771
    0.0000  -15.0000   45.0000 8259.1924   15.5972
    7.5000  -15.0000   45.0000 7861.3916   15.6017
   -7.5000   -7.5000   45.0000 8302.1279   15.5447
    0.0000   -7.5000   45.0000 8341.8701   15.5606
    7.5000   -7.5000   45.0000 7933.7061   15.5641
   -7.5000    0.0000   45.0000 8344.3008   15.4895
    0.0000    0.0000   45.0000 8370.4297   15.5086
    7.5000    0.0000   45.0000 7958.7549   15.5204
   -7.5000    7.5000   45.0000 7779.9482   15.4636
    0.0000    7.5000   45.0000 7810.4858   15.4916
    7.5000    7.5000   45.0000 7409.3906   15.5135
   -7.5000   15.0000   45.0000 7492.9434   15.4970
    0.0000   15.0000   45.0000 7540.6953   15.5286
    7.5000   15.0000   45.0000 7132.8623   15.5519
   -7.5000   22.5000   45.0000 6881.4087   15.3486
    0.0000   22.5000   45.0000 6933.2251   15.3755
    7.5000   22.5000   45.0000 6554.2007   15.3897
   -7.5000   30.0000   45.0000 6248.1025   15.0158
    0.0000   30.0000   45.0000 6303.3320   15.0353
    7.5000   30.0000   45.0000 5954.8003   15.0396
   -7.5000   37.5000   45.0000 5578.7534   14.6236
    0.0000   37.5000   45.0000 5625.0122   14.6379
    7.5000   37.5000   45.0000 5312.5884   14.6412
   -7.5000   45.0000   45.0000 4960.5327   14.5569
    0.0000   45.0000   45.0000 4993.0552   14.5733
    7.5000   45.0000   45.0000 4715.2617   14.5854

---------------------------------------------------------------------
imgreg_4dfp /opt/freesurfer/average/711-2C_as_mni_average_305 /opt/freesurfer/average/711-2B_as_mni_average_305_mask talsrcimg_g11 none talsrcimg_to_711-2C_as_mni_average_305_t4 4355
---------------------------------------------------------------------

freesurfer imgreg_4dfp.c
/opt/freesurfer/average/711-2C_as_mni_average_305.4dfp.img
       256       256       256         1
  1.000000  1.000000  1.000000
orientation T byte_order littleendian
Reading image: /opt/freesurfer/average/711-2C_as_mni_average_305.4dfp.img
dimensions:      256       256       256
mmppix:       1.0000   -1.0000   -1.0000
center:     128.0000 -129.0000 -129.0000
/opt/freesurfer/average/711-2B_as_mni_average_305_mask.4dfp.img
       256       256       256         1
  1.000000  1.000000  1.000000
orientation T byte_order littleendian
Reading mask: /opt/freesurfer/average/711-2B_as_mni_average_305_mask.4dfp.img (2306576 pixels)
talsrcimg_g11.4dfp.img
       256       256       256         1
  0.898438  0.898438  0.898438
orientation T byte_order littleendian
Reading image: talsrcimg_g11.4dfp.img
dimensions:      256       256       256
mmppix:       0.8984   -0.8984   -0.8984
center:     115.0001 -115.8985 -115.8985
rotation matrix determinant  1.000000
image alignment mode   4355 decimal     1103 hex
   -7.5000  -60.0000  -45.0000 1791.7640   14.8476
    0.0000  -60.0000  -45.0000 1799.7209   14.8753
    7.5000  -60.0000  -45.0000 1783.6614   15.0089
   -7.5000  -52.5000  -45.0000 1898.9525   13.3679
    0.0000  -52.5000  -45.0000 1905.5850   13.3795
    7.5000  -52.5000  -45.0000 1882.6759   13.4814
   -7.5000  -45.0000  -45.0000 2019.3765   12.3834
    0.0000  -45.0000  -45.0000 2025.6597   12.4172
    7.5000  -45.0000  -45.0000 2002.7296   12.5270
   -7.5000  -37.5000  -45.0000 2080.0586   11.6785
    0.0000  -37.5000  -45.0000 2088.3525   11.6831
    7.5000  -37.5000  -45.0000 2064.4937   11.7963
   -7.5000  -30.0000  -45.0000 2113.4319   11.1975
    0.0000  -30.0000  -45.0000 2125.2051   11.1738
    7.5000  -30.0000  -45.0000 2091.8459   11.3080
   -7.5000  -22.5000  -45.0000 2120.5920   10.8282
    0.0000  -22.5000  -45.0000 2137.3733   10.7953
    7.5000  -22.5000  -45.0000 2104.4270   10.9387
   -7.5000  -15.0000  -45.0000 2126.9490   10.6659
    0.0000  -15.0000  -45.0000 2135.6606   10.6241
    7.5000  -15.0000  -45.0000 2114.3621   10.7246
   -7.5000   -7.5000  -45.0000 2116.2456   10.7417
    0.0000   -7.5000  -45.0000 2132.5574   10.6998
    7.5000   -7.5000  -45.0000 2106.5867   10.8097
   -7.5000    0.0000  -45.0000 2097.0488   11.0335
    0.0000    0.0000  -45.0000 2115.1687   10.9918
    7.5000    0.0000  -45.0000 2087.1372   11.1217
   -7.5000    7.5000  -45.0000 2065.6790   11.5944
    0.0000    7.5000  -45.0000 2084.0469   11.5392
    7.5000    7.5000  -45.0000 2053.8970   11.6857
   -7.5000   15.0000  -45.0000 2009.2036   12.4198
    0.0000   15.0000  -45.0000 2023.3217   12.3624
    7.5000   15.0000  -45.0000 1998.8278   12.5013
   -7.5000   22.5000  -45.0000 1934.9792   13.5274
    0.0000   22.5000  -45.0000 1947.4247   13.4514
    7.5000   22.5000  -45.0000 1922.3083   13.6181
   -7.5000   30.0000  -45.0000 1834.5146   14.8975
    0.0000   30.0000  -45.0000 1851.5587   14.8271
    7.5000   30.0000  -45.0000 1820.8369   14.9929
   -7.5000  -60.0000  -37.5000 1926.6240   14.5660
    0.0000  -60.0000  -37.5000 1938.1158   14.5497
    7.5000  -60.0000  -37.5000 1915.2122   14.6836
   -7.5000  -52.5000  -37.5000 2043.2836   13.1391
    0.0000  -52.5000  -37.5000 2056.1641   13.1012
    7.5000  -52.5000  -37.5000 2028.7012   13.2330
   -7.5000  -45.0000  -37.5000 2171.6987   12.1702
    0.0000  -45.0000  -37.5000 2186.2083   12.1586
    7.5000  -45.0000  -37.5000 2156.3672   12.3054
   -7.5000  -37.5000  -37.5000 2241.4673   11.4202
    0.0000  -37.5000  -37.5000 2250.8528   11.4162
    7.5000  -37.5000  -37.5000 2224.2236   11.5367
   -7.5000  -30.0000  -37.5000 2282.5669   10.9630
    0.0000  -30.0000  -37.5000 2295.9724   10.9249
    7.5000  -30.0000  -37.5000 2260.9287   11.0387
   -7.5000  -22.5000  -37.5000 2298.2170   10.6544
    0.0000  -22.5000  -37.5000 2315.9199   10.5859
    7.5000  -22.5000  -37.5000 2279.2336   10.7173
   -7.5000  -15.0000  -37.5000 2302.8572   10.4551
    0.0000  -15.0000  -37.5000 2316.0427   10.4085
    7.5000  -15.0000  -37.5000 2290.0847   10.5183
   -7.5000   -7.5000  -37.5000 2291.6228   10.5409
    0.0000   -7.5000  -37.5000 2311.2109   10.4567
    7.5000   -7.5000  -37.5000 2283.8069   10.5770
   -7.5000    0.0000  -37.5000 2271.7642   10.8202
    0.0000    0.0000  -37.5000 2293.0791   10.7486
    7.5000    0.0000  -37.5000 2259.3491   10.8933
   -7.5000    7.5000  -37.5000 2234.4648   11.3861
    0.0000    7.5000  -37.5000 2253.4380   11.3152
    7.5000    7.5000  -37.5000 2222.1172   11.4524
   -7.5000   15.0000  -37.5000 2171.9319   12.2319
    0.0000   15.0000  -37.5000 2192.6472   12.1656
    7.5000   15.0000  -37.5000 2160.8879   12.3074
   -7.5000   22.5000  -37.5000 2091.1636   13.3198
    0.0000   22.5000  -37.5000 2105.4512   13.2609
    7.5000   22.5000  -37.5000 2073.5295   13.4044
   -7.5000   30.0000  -37.5000 1980.7596   14.7077
    0.0000   30.0000  -37.5000 1999.1976   14.6471
    7.5000   30.0000  -37.5000 1966.1523   14.7630
   -7.5000  -60.0000  -30.0000 2050.3455   14.2103
    0.0000  -60.0000  -30.0000 2062.2139   14.1781
    7.5000  -60.0000  -30.0000 2039.3982   14.3137
   -7.5000  -52.5000  -30.0000 2171.8152   12.7501
    0.0000  -52.5000  -30.0000 2185.2961   12.7274
    7.5000  -52.5000  -30.0000 2161.3552   12.8824
   -7.5000  -45.0000  -30.0000 2302.8596   11.8316
    0.0000  -45.0000  -30.0000 2319.6602   11.8062
    7.5000  -45.0000  -30.0000 2287.5840   11.9609
   -7.5000  -37.5000  -30.0000 2381.3611   11.1119
    0.0000  -37.5000  -30.0000 2397.7310   11.0864
    7.5000  -37.5000  -30.0000 2364.6318   11.2292
   -7.5000  -30.0000  -30.0000 2432.6016   10.6021
    0.0000  -30.0000  -30.0000 2447.7158   10.5560
    7.5000  -30.0000  -30.0000 2415.1348   10.6947
   -7.5000  -22.5000  -30.0000 2461.0837   10.2950
    0.0000  -22.5000  -30.0000 2485.3506   10.2369
    7.5000  -22.5000  -30.0000 2445.2393   10.3597
   -7.5000  -15.0000  -30.0000 2475.4241   10.1514
    0.0000  -15.0000  -30.0000 2489.7502   10.0850
    7.5000  -15.0000  -30.0000 2466.2993   10.1951
   -7.5000   -7.5000  -30.0000 2470.5662   10.2459
    0.0000   -7.5000  -30.0000 2494.8149   10.1515
    7.5000   -7.5000  -30.0000 2459.0437   10.2808
   -7.5000    0.0000  -30.0000 2442.5610   10.5635
    0.0000    0.0000  -30.0000 2470.5464   10.4760
    7.5000    0.0000  -30.0000 2431.0308   10.6065
   -7.5000    7.5000  -30.0000 2394.3667   11.1383
    0.0000    7.5000  -30.0000 2421.0698   11.0614
    7.5000    7.5000  -30.0000 2383.7502   11.1806
   -7.5000   15.0000  -30.0000 2319.4036   11.9827
    0.0000   15.0000  -30.0000 2345.8340   11.8951
    7.5000   15.0000  -30.0000 2305.6558   12.0117
   -7.5000   22.5000  -30.0000 2226.7859   13.0201
    0.0000   22.5000  -30.0000 2246.0200   12.9704
    7.5000   22.5000  -30.0000 2210.6189   13.0915
   -7.5000   30.0000  -30.0000 2108.3208   14.4055
    0.0000   30.0000  -30.0000 2132.5215   14.3358
    7.5000   30.0000  -30.0000 2097.6204   14.4668
   -7.5000  -60.0000  -22.5000 2152.6792   13.7442
    0.0000  -60.0000  -22.5000 2171.2051   13.6830
    7.5000  -60.0000  -22.5000 2150.1421   13.9012
   -7.5000  -52.5000  -22.5000 2279.2825   12.3212
    0.0000  -52.5000  -22.5000 2293.2065   12.2718
    7.5000  -52.5000  -22.5000 2272.8369   12.4258
   -7.5000  -45.0000  -22.5000 2416.0916   11.3994
    0.0000  -45.0000  -22.5000 2435.4265   11.3701
    7.5000  -45.0000  -22.5000 2405.8159   11.5185
   -7.5000  -37.5000  -22.5000 2500.8540   10.6723
    0.0000  -37.5000  -22.5000 2521.6521   10.6407
    7.5000  -37.5000  -22.5000 2488.6035   10.7868
   -7.5000  -30.0000  -22.5000 2556.7817   10.1674
    0.0000  -30.0000  -22.5000 2574.3379   10.1467
    7.5000  -30.0000  -22.5000 2543.7842   10.2638
   -7.5000  -22.5000  -22.5000 2601.7837    9.8688
    0.0000  -22.5000  -22.5000 2628.6008    9.8104
    7.5000  -22.5000  -22.5000 2587.4978    9.9316
   -7.5000  -15.0000  -22.5000 2630.6504    9.7335
    0.0000  -15.0000  -22.5000 2652.2878    9.6585
    7.5000  -15.0000  -22.5000 2616.7874    9.7765
   -7.5000   -7.5000  -22.5000 2629.8960    9.8067
    0.0000   -7.5000  -22.5000 2659.4441    9.7419
    7.5000   -7.5000  -22.5000 2617.1353    9.8767
   -7.5000    0.0000  -22.5000 2600.5645   10.1780
    0.0000    0.0000  -22.5000 2632.5054   10.0859
    7.5000    0.0000  -22.5000 2584.4387   10.2465
   -7.5000    7.5000  -22.5000 2542.4651   10.7838
    0.0000    7.5000  -22.5000 2574.5234   10.6845
    7.5000    7.5000  -22.5000 2530.4836   10.8132
   -7.5000   15.0000  -22.5000 2454.1880   11.5695
    0.0000   15.0000  -22.5000 2480.1824   11.4773
    7.5000   15.0000  -22.5000 2443.2876   11.5991
   -7.5000   22.5000  -22.5000 2343.7302   12.5957
    0.0000   22.5000  -22.5000 2361.5310   12.5297
    7.5000   22.5000  -22.5000 2333.5618   12.6388
   -7.5000   30.0000  -22.5000 2216.7310   13.9655
    0.0000   30.0000  -22.5000 2235.9507   13.8834
    7.5000   30.0000  -22.5000 2207.3647   14.0300
   -7.5000  -60.0000  -15.0000 2225.8630   13.2680
    0.0000  -60.0000  -15.0000 2241.3086   13.2071
    7.5000  -60.0000  -15.0000 2222.1184   13.4135
   -7.5000  -52.5000  -15.0000 2353.2920   11.8258
    0.0000  -52.5000  -15.0000 2367.0244   11.7888
    7.5000  -52.5000  -15.0000 2347.9390   11.9678
   -7.5000  -45.0000  -15.0000 2500.3577   10.9211
    0.0000  -45.0000  -15.0000 2518.0000   10.8873
    7.5000  -45.0000  -15.0000 2488.6282   11.0320
   -7.5000  -37.5000  -15.0000 2598.3000   10.1918
    0.0000  -37.5000  -15.0000 2615.8704   10.1402
    7.5000  -37.5000  -15.0000 2586.3062   10.2855
   -7.5000  -30.0000  -15.0000 2662.7285    9.7057
    0.0000  -30.0000  -15.0000 2681.4377    9.6725
    7.5000  -30.0000  -15.0000 2648.4053    9.7793
   -7.5000  -22.5000  -15.0000 2713.3342    9.4088
    0.0000  -22.5000  -15.0000 2741.9639    9.3751
    7.5000  -22.5000  -15.0000 2702.3010    9.4761
   -7.5000  -15.0000  -15.0000 2748.1104    9.2541
    0.0000  -15.0000  -15.0000 2779.3960    9.2055
    7.5000  -15.0000  -15.0000 2733.0898    9.3221
   -7.5000   -7.5000  -15.0000 2759.6526    9.3122
    0.0000   -7.5000  -15.0000 2787.0786    9.2625
    7.5000   -7.5000  -15.0000 2739.3860    9.4098
   -7.5000    0.0000  -15.0000 2725.7053    9.6988
    0.0000    0.0000  -15.0000 2757.1006    9.6217
    7.5000    0.0000  -15.0000 2705.9033    9.7775
   -7.5000    7.5000  -15.0000 2659.4939   10.2930
    0.0000    7.5000  -15.0000 2685.5652   10.2178
    7.5000    7.5000  -15.0000 2642.7661   10.3646
   -7.5000   15.0000  -15.0000 2559.0806   11.0616
    0.0000   15.0000  -15.0000 2575.2168   10.9805
    7.5000   15.0000  -15.0000 2543.4075   11.1193
   -7.5000   22.5000  -15.0000 2432.2163   12.1070
    0.0000   22.5000  -15.0000 2449.3977   12.0156
    7.5000   22.5000  -15.0000 2420.1504   12.1500
   -7.5000   30.0000  -15.0000 2299.2014   13.4830
    0.0000   30.0000  -15.0000 2312.8577   13.3881
    7.5000   30.0000  -15.0000 2280.2742   13.5301
   -7.5000  -60.0000   -7.5000 2255.8735   12.7753
    0.0000  -60.0000   -7.5000 2267.4648   12.7276
    7.5000  -60.0000   -7.5000 2250.0369   12.9305
   -7.5000  -52.5000   -7.5000 2385.4854   11.3733
    0.0000  -52.5000   -7.5000 2396.5125   11.3297
    7.5000  -52.5000   -7.5000 2373.2498   11.5112
   -7.5000  -45.0000   -7.5000 2537.3918   10.4388
    0.0000  -45.0000   -7.5000 2550.5198   10.3902
    7.5000  -45.0000   -7.5000 2522.7695   10.5515
   -7.5000  -37.5000   -7.5000 2645.3379    9.7122
    0.0000  -37.5000   -7.5000 2661.9590    9.6561
    7.5000  -37.5000   -7.5000 2631.3518    9.8031
   -7.5000  -30.0000   -7.5000 2731.2217    9.2371
    0.0000  -30.0000   -7.5000 2754.1753    9.1962
    7.5000  -30.0000   -7.5000 2717.9795    9.3187
   -7.5000  -22.5000   -7.5000 2800.2659    8.9803
    0.0000  -22.5000   -7.5000 2831.5315    8.9330
    7.5000  -22.5000   -7.5000 2779.2725    9.0583
   -7.5000  -15.0000   -7.5000 2838.1150    8.8213
    0.0000  -15.0000   -7.5000 2879.7559    8.7916
    7.5000  -15.0000   -7.5000 2818.3093    8.9129
   -7.5000   -7.5000   -7.5000 2851.7913    8.8415
    0.0000   -7.5000   -7.5000 2880.2051    8.8034
    7.5000   -7.5000   -7.5000 2825.7271    8.9585
   -7.5000    0.0000   -7.5000 2809.6653    9.1893
    0.0000    0.0000   -7.5000 2833.4255    9.1271
    7.5000    0.0000   -7.5000 2784.7461    9.2758
   -7.5000    7.5000   -7.5000 2726.7358    9.7801
    0.0000    7.5000   -7.5000 2746.9922    9.7053
    7.5000    7.5000   -7.5000 2702.6313    9.8489
   -7.5000   15.0000   -7.5000 2609.0530   10.5687
    0.0000   15.0000   -7.5000 2628.9785   10.4846
    7.5000   15.0000   -7.5000 2589.8123   10.6450
   -7.5000   22.5000   -7.5000 2474.6487   11.6269
    0.0000   22.5000   -7.5000 2496.4739   11.5309
    7.5000   22.5000   -7.5000 2457.2654   11.7070
   -7.5000   30.0000   -7.5000 2337.2908   12.9470
    0.0000   30.0000   -7.5000 2353.4954   12.8586
    7.5000   30.0000   -7.5000 2317.6384   13.0106
   -7.5000  -60.0000    0.0000 2282.7681   12.6374
    0.0000  -60.0000    0.0000 2297.2578   12.5373
    7.5000  -60.0000    0.0000 2273.1001   12.7847
   -7.5000  -52.5000    0.0000 2409.9575   11.1869
    0.0000  -52.5000    0.0000 2421.3025   11.0712
    7.5000  -52.5000    0.0000 2399.8137   11.3099
   -7.5000  -45.0000    0.0000 2561.9194   10.2115
    0.0000  -45.0000    0.0000 2574.2532   10.1171
    7.5000  -45.0000    0.0000 2548.9961   10.3216
   -7.5000  -37.5000    0.0000 2677.2239    9.4738
    0.0000  -37.5000    0.0000 2696.6033    9.4098
    7.5000  -37.5000    0.0000 2666.5129    9.5720
   -7.5000  -30.0000    0.0000 2785.4412    9.0204
    0.0000  -30.0000    0.0000 2809.0942    8.9507
    7.5000  -30.0000    0.0000 2767.9534    9.0925
   -7.5000  -22.5000    0.0000 2874.3818    8.8125
    0.0000  -22.5000    0.0000 2913.3999    8.7523
    7.5000  -22.5000    0.0000 2849.2939    8.8733
   -7.5000  -15.0000    0.0000 2933.2710    8.6726
    0.0000  -15.0000    0.0000 2981.0188    8.6521
    7.5000  -15.0000    0.0000 2897.7434    8.7666
   -7.5000   -7.5000    0.0000 2936.9688    8.6252
    0.0000   -7.5000    0.0000 2970.7156    8.5918
    7.5000   -7.5000    0.0000 2896.2876    8.7614
   -7.5000    0.0000    0.0000 2872.5906    8.9244
    0.0000    0.0000    0.0000 2902.3774    8.8646
    7.5000    0.0000    0.0000 2841.1294    9.0338
   -7.5000    7.5000    0.0000 2770.7612    9.5183
    0.0000    7.5000    0.0000 2797.7737    9.4447
    7.5000    7.5000    0.0000 2749.7612    9.5913
   -7.5000   15.0000    0.0000 2643.3267   10.3500
    0.0000   15.0000    0.0000 2671.3394   10.2755
    7.5000   15.0000    0.0000 2623.7747   10.4276
   -7.5000   22.5000    0.0000 2509.3044   11.4151
    0.0000   22.5000    0.0000 2526.0886   11.3081
    7.5000   22.5000    0.0000 2483.7334   11.4692
   -7.5000   30.0000    0.0000 2363.4165   12.6954
    0.0000   30.0000    0.0000 2379.9587   12.5913
    7.5000   30.0000    0.0000 2340.2778   12.7309
   -7.5000  -60.0000    7.5000 2297.8994   12.4891
    0.0000  -60.0000    7.5000 2311.3901   12.3513
    7.5000  -60.0000    7.5000 2290.4214   12.6235
   -7.5000  -52.5000    7.5000 2419.1890   11.0707
    0.0000  -52.5000    7.5000 2435.9021   10.9525
    7.5000  -52.5000    7.5000 2409.6162   11.1875
   -7.5000  -45.0000    7.5000 2566.9922   10.1150
    0.0000  -45.0000    7.5000 2585.1516   10.0260
    7.5000  -45.0000    7.5000 2557.6887   10.2478
   -7.5000  -37.5000    7.5000 2695.2693    9.3701
    0.0000  -37.5000    7.5000 2715.3198    9.3020
    7.5000  -37.5000    7.5000 2683.5840    9.4801
   -7.5000  -30.0000    7.5000 2807.0637    8.9203
    0.0000  -30.0000    7.5000 2832.2939    8.8565
    7.5000  -30.0000    7.5000 2792.4126    9.0030
   -7.5000  -22.5000    7.5000 2904.0337    8.7274
    0.0000  -22.5000    7.5000 2946.2556    8.6994
    7.5000  -22.5000    7.5000 2878.4204    8.7870
   -7.5000  -15.0000    7.5000 2972.5447    8.6513
    0.0000  -15.0000    7.5000 3033.6157    8.6359
    7.5000  -15.0000    7.5000 2932.9238    8.7084
   -7.5000   -7.5000    7.5000 2963.9690    8.6400
    0.0000   -7.5000    7.5000 3010.6155    8.6072
    7.5000   -7.5000    7.5000 2923.4619    8.7427
   -7.5000    0.0000    7.5000 2884.3074    8.8659
    0.0000    0.0000    7.5000 2917.7361    8.8260
    7.5000    0.0000    7.5000 2856.8157    8.9765
   -7.5000    7.5000    7.5000 2775.7883    9.4102
    0.0000    7.5000    7.5000 2810.1538    9.3528
    7.5000    7.5000    7.5000 2758.1501    9.4881
   -7.5000   15.0000    7.5000 2644.6362   10.1966
    0.0000   15.0000    7.5000 2675.0000   10.1298
    7.5000   15.0000    7.5000 2630.4656   10.2734
   -7.5000   22.5000    7.5000 2505.0879   11.2365
    0.0000   22.5000    7.5000 2520.1399   11.1613
    7.5000   22.5000    7.5000 2488.2991   11.3035
   -7.5000   30.0000    7.5000 2357.1333   12.5379
    0.0000   30.0000    7.5000 2371.3066   12.4359
    7.5000   30.0000    7.5000 2340.0522   12.6072
   -7.5000  -60.0000   15.0000 2300.0935   12.4733
    0.0000  -60.0000   15.0000 2315.7161   12.3550
    7.5000  -60.0000   15.0000 2292.7788   12.6518
   -7.5000  -52.5000   15.0000 2426.6177   11.0954
    0.0000  -52.5000   15.0000 2448.3213   10.9913
    7.5000  -52.5000   15.0000 2414.9348   11.2304
   -7.5000  -45.0000   15.0000 2576.3958   10.1751
    0.0000  -45.0000   15.0000 2596.2495   10.0964
    7.5000  -45.0000   15.0000 2567.0278   10.2982
   -7.5000  -37.5000   15.0000 2706.8174    9.4688
    0.0000  -37.5000   15.0000 2728.1213    9.3927
    7.5000  -37.5000   15.0000 2695.0156    9.5629
   -7.5000  -30.0000   15.0000 2803.4167    9.0195
    0.0000  -30.0000   15.0000 2831.3821    8.9662
    7.5000  -30.0000   15.0000 2794.4304    9.0949
   -7.5000  -22.5000   15.0000 2887.5996    8.7928
    0.0000  -22.5000   15.0000 2926.4792    8.7836
    7.5000  -22.5000   15.0000 2869.9829    8.8626
   -7.5000  -15.0000   15.0000 2947.3367    8.7184
    0.0000  -15.0000   15.0000 2995.4409    8.6982
    7.5000  -15.0000   15.0000 2908.9377    8.8066
   -7.5000   -7.5000   15.0000 2926.4077    8.8018
    0.0000   -7.5000   15.0000 2965.7432    8.7642
    7.5000   -7.5000   15.0000 2897.2566    8.8812
   -7.5000    0.0000   15.0000 2851.9070    9.0671
    0.0000    0.0000   15.0000 2886.7817    9.0239
    7.5000    0.0000   15.0000 2828.2844    9.1504
   -7.5000    7.5000   15.0000 2747.1621    9.5274
    0.0000    7.5000   15.0000 2775.5796    9.4766
    7.5000    7.5000   15.0000 2726.7742    9.6282
   -7.5000   15.0000   15.0000 2618.3918   10.2555
    0.0000   15.0000   15.0000 2642.8271   10.1846
    7.5000   15.0000   15.0000 2604.9722   10.3483
   -7.5000   22.5000   15.0000 2480.7830   11.2472
    0.0000   22.5000   15.0000 2500.2522   11.1508
    7.5000   22.5000   15.0000 2470.0327   11.3148
   -7.5000   30.0000   15.0000 2335.1299   12.4903
    0.0000   30.0000   15.0000 2351.1238   12.4062
    7.5000   30.0000   15.0000 2328.9333   12.5905
   -7.5000  -60.0000   22.5000 2290.4932   12.6873
    0.0000  -60.0000   22.5000 2307.0652   12.5983
    7.5000  -60.0000   22.5000 2277.3987   12.8760
   -7.5000  -52.5000   22.5000 2420.1045   11.3402
    0.0000  -52.5000   22.5000 2443.0366   11.2423
    7.5000  -52.5000   22.5000 2402.4321   11.4757
   -7.5000  -45.0000   22.5000 2566.3972   10.4642
    0.0000  -45.0000   22.5000 2587.9661   10.3711
    7.5000  -45.0000   22.5000 2553.5803   10.5737
   -7.5000  -37.5000   22.5000 2690.4607    9.7626
    0.0000  -37.5000   22.5000 2710.5325    9.6829
    7.5000  -37.5000   22.5000 2674.6150    9.8633
   -7.5000  -30.0000   22.5000 2778.9780    9.2943
    0.0000  -30.0000   22.5000 2803.3223    9.2271
    7.5000  -30.0000   22.5000 2766.4822    9.3780
   -7.5000  -22.5000   22.5000 2841.7764    9.0401
    0.0000  -22.5000   22.5000 2875.6074    8.9629
    7.5000  -22.5000   22.5000 2827.2500    9.1308
   -7.5000  -15.0000   22.5000 2873.0210    8.9658
    0.0000  -15.0000   22.5000 2908.7329    8.8927
    7.5000  -15.0000   22.5000 2853.2183    9.0636
   -7.5000   -7.5000   22.5000 2854.9468    9.0546
    0.0000   -7.5000   22.5000 2884.0166    9.0021
    7.5000   -7.5000   22.5000 2834.8530    9.1616
   -7.5000    0.0000   22.5000 2792.0686    9.3367
    0.0000    0.0000   22.5000 2823.1582    9.2747
    7.5000    0.0000   22.5000 2771.4629    9.4402
   -7.5000    7.5000   22.5000 2688.4541    9.8338
    0.0000    7.5000   22.5000 2715.7698    9.7709
    7.5000    7.5000   22.5000 2674.7061    9.9226
   -7.5000   15.0000   22.5000 2568.5764   10.5295
    0.0000   15.0000   22.5000 2592.3364   10.4551
    7.5000   15.0000   22.5000 2561.0310   10.6067
   -7.5000   22.5000   22.5000 2439.9224   11.4217
    0.0000   22.5000   22.5000 2462.1475   11.3435
    7.5000   22.5000   22.5000 2431.1655   11.5309
   -7.5000   30.0000   22.5000 2297.9763   12.6173
    0.0000   30.0000   22.5000 2317.7510   12.5361
    7.5000   30.0000   22.5000 2293.3730   12.7308
   -7.5000  -60.0000   30.0000 2263.0193   13.1060
    0.0000  -60.0000   30.0000 2279.7498   13.0177
    7.5000  -60.0000   30.0000 2248.6245   13.2985
   -7.5000  -52.5000   30.0000 2396.4226   11.7726
    0.0000  -52.5000   30.0000 2419.8887   11.6674
    7.5000  -52.5000   30.0000 2382.0894   11.9277
   -7.5000  -45.0000   30.0000 2539.9485   10.8888
    0.0000  -45.0000   30.0000 2562.6589   10.7754
    7.5000  -45.0000   30.0000 2525.3098   11.0155
   -7.5000  -37.5000   30.0000 2657.5708   10.1694
    0.0000  -37.5000   30.0000 2680.7754   10.0621
    7.5000  -37.5000   30.0000 2638.0010   10.2738
   -7.5000  -30.0000   30.0000 2738.4368    9.6748
    0.0000  -30.0000   30.0000 2764.1208    9.5753
    7.5000  -30.0000   30.0000 2724.3330    9.7852
   -7.5000  -22.5000   30.0000 2786.8726    9.4171
    0.0000  -22.5000   30.0000 2817.4304    9.3002
    7.5000  -22.5000   30.0000 2772.9507    9.5286
   -7.5000  -15.0000   30.0000 2796.9917    9.3336
    0.0000  -15.0000   30.0000 2830.0479    9.2335
    7.5000  -15.0000   30.0000 2784.5029    9.4470
   -7.5000   -7.5000   30.0000 2767.4517    9.4219
    0.0000   -7.5000   30.0000 2797.8367    9.3361
    7.5000   -7.5000   30.0000 2756.0442    9.5340
   -7.5000    0.0000   30.0000 2703.6267    9.7091
    0.0000    0.0000   30.0000 2731.4438    9.6427
    7.5000    0.0000   30.0000 2695.3118    9.8288
   -7.5000    7.5000   30.0000 2614.9949   10.2207
    0.0000    7.5000   30.0000 2640.2273   10.1466
    7.5000    7.5000   30.0000 2607.0330   10.3283
   -7.5000   15.0000   30.0000 2508.5562   10.9101
    0.0000   15.0000   30.0000 2529.5479   10.8286
    7.5000   15.0000   30.0000 2499.9548   11.0051
   -7.5000   22.5000   30.0000 2382.8435   11.8062
    0.0000   22.5000   30.0000 2402.5979   11.7185
    7.5000   22.5000   30.0000 2382.5107   11.9018
   -7.5000   30.0000   30.0000 2246.1255   12.9918
    0.0000   30.0000   30.0000 2267.3779   12.8733
    7.5000   30.0000   30.0000 2248.2158   13.0664
   -7.5000  -60.0000   37.5000 2226.1230   13.6981
    0.0000  -60.0000   37.5000 2247.6555   13.5905
    7.5000  -60.0000   37.5000 2216.1353   13.8643
   -7.5000  -52.5000   37.5000 2356.7764   12.3114
    0.0000  -52.5000   37.5000 2383.8513   12.1867
    7.5000  -52.5000   37.5000 2349.0728   12.4471
   -7.5000  -45.0000   37.5000 2494.9712   11.4046
    0.0000  -45.0000   37.5000 2523.6038   11.2663
    7.5000  -45.0000   37.5000 2484.6807   11.5324
   -7.5000  -37.5000   37.5000 2601.9233   10.6564
    0.0000  -37.5000   37.5000 2633.8992   10.5314
    7.5000  -37.5000   37.5000 2591.3267   10.7842
   -7.5000  -30.0000   37.5000 2676.7080   10.1768
    0.0000  -30.0000   37.5000 2709.6663   10.0574
    7.5000  -30.0000   37.5000 2665.5100   10.2983
   -7.5000  -22.5000   37.5000 2715.7832    9.9178
    0.0000  -22.5000   37.5000 2747.8999    9.7935
    7.5000  -22.5000   37.5000 2704.3804   10.0303
   -7.5000  -15.0000   37.5000 2709.9646    9.8448
    0.0000  -15.0000   37.5000 2738.9395    9.7473
    7.5000  -15.0000   37.5000 2699.7344    9.9446
   -7.5000   -7.5000   37.5000 2673.3604    9.9429
    0.0000   -7.5000   37.5000 2708.1458    9.8414
    7.5000   -7.5000   37.5000 2669.0591   10.0137
   -7.5000    0.0000   37.5000 2611.5005   10.2173
    0.0000    0.0000   37.5000 2635.1167   10.1307
    7.5000    0.0000   37.5000 2610.5483   10.2932
   -7.5000    7.5000   37.5000 2533.0100   10.7186
    0.0000    7.5000   37.5000 2553.3008   10.6326
    7.5000    7.5000   37.5000 2527.2529   10.8066
   -7.5000   15.0000   37.5000 2433.9861   11.4137
    0.0000   15.0000   37.5000 2451.9724   11.3289
    7.5000   15.0000   37.5000 2427.7607   11.5100
   -7.5000   22.5000   37.5000 2313.6614   12.2930
    0.0000   22.5000   37.5000 2334.1699   12.2285
    7.5000   22.5000   37.5000 2316.1655   12.4026
   -7.5000   30.0000   37.5000 2183.5737   13.4939
    0.0000   30.0000   37.5000 2203.2883   13.4218
    7.5000   30.0000   37.5000 2180.4541   13.6031
   -7.5000  -60.0000   45.0000 2168.2056   14.4114
    0.0000  -60.0000   45.0000 2191.4036   14.2864
    7.5000  -60.0000   45.0000 2154.3960   14.5317
   -7.5000  -52.5000   45.0000 2288.7646   12.9712
    0.0000  -52.5000   45.0000 2316.3062   12.8410
    7.5000  -52.5000   45.0000 2281.5588   13.0913
   -7.5000  -45.0000   45.0000 2417.9744   12.0293
    0.0000  -45.0000   45.0000 2448.9697   11.9020
    7.5000  -45.0000   45.0000 2406.7930   12.1293
   -7.5000  -37.5000   45.0000 2513.6423   11.2574
    0.0000  -37.5000   45.0000 2541.9526   11.1358
    7.5000  -37.5000   45.0000 2501.8181   11.3694
   -7.5000  -30.0000   45.0000 2574.1667   10.7829
    0.0000  -30.0000   45.0000 2605.0408   10.6520
    7.5000  -30.0000   45.0000 2566.5017   10.8922
   -7.5000  -22.5000   45.0000 2600.3545   10.5279
    0.0000  -22.5000   45.0000 2629.5073   10.4120
    7.5000  -22.5000   45.0000 2595.0269   10.6533
   -7.5000  -15.0000   45.0000 2591.4185   10.4374
    0.0000  -15.0000   45.0000 2618.6895   10.3298
    7.5000  -15.0000   45.0000 2587.2158   10.5502
   -7.5000   -7.5000   45.0000 2563.0496   10.5259
    0.0000   -7.5000   45.0000 2589.4934   10.4236
    7.5000   -7.5000   45.0000 2559.2571   10.6051
   -7.5000    0.0000   45.0000 2500.0413   10.8299
    0.0000    0.0000   45.0000 2520.1213   10.7369
    7.5000    0.0000   45.0000 2497.5027   10.9074
   -7.5000    7.5000   45.0000 2424.0427   11.3265
    0.0000    7.5000   45.0000 2445.0979   11.2288
    7.5000    7.5000   45.0000 2419.1633   11.3996
   -7.5000   15.0000   45.0000 2331.5149   12.0234
    0.0000   15.0000   45.0000 2349.9270   11.9376
    7.5000   15.0000   45.0000 2327.0139   12.0839
   -7.5000   22.5000   45.0000 2219.3984   12.9322
    0.0000   22.5000   45.0000 2239.2161   12.8248
    7.5000   22.5000   45.0000 2220.6716   12.9993
   -7.5000   30.0000   45.0000 2090.6313   14.1279
    0.0000   30.0000   45.0000 2110.6074   14.0360
    7.5000   30.0000   45.0000 2090.3650   14.2047

---------------------------------------------------------------------
imgreg_4dfp /opt/freesurfer/average/711-2C_as_mni_average_305 /opt/freesurfer/average/711-2B_as_mni_average_305_mask talsrcimg_g11 none talsrcimg_to_711-2C_as_mni_average_305_t4 1283
---------------------------------------------------------------------

freesurfer imgreg_4dfp.c
/opt/freesurfer/average/711-2C_as_mni_average_305.4dfp.img
       256       256       256         1
  1.000000  1.000000  1.000000
orientation T byte_order littleendian
Reading image: /opt/freesurfer/average/711-2C_as_mni_average_305.4dfp.img
dimensions:      256       256       256
mmppix:       1.0000   -1.0000   -1.0000
center:     128.0000 -129.0000 -129.0000
/opt/freesurfer/average/711-2B_as_mni_average_305_mask.4dfp.img
       256       256       256         1
  1.000000  1.000000  1.000000
orientation T byte_order littleendian
Reading mask: /opt/freesurfer/average/711-2B_as_mni_average_305_mask.4dfp.img (2306576 pixels)
talsrcimg_g11.4dfp.img
       256       256       256         1
  0.898438  0.898438  0.898438
orientation T byte_order littleendian
Reading image: talsrcimg_g11.4dfp.img
dimensions:      256       256       256
mmppix:       0.8984   -0.8984   -0.8984
center:     115.0001 -115.8985 -115.8985
rotation matrix determinant  1.000000
fimgreg.f
image alignment mode   1283 decimal      503 hex
parameters
    0.0000  -15.0000    7.5000    0.0000    0.0000    0.0000
eta,q 0.95215  8.62542
niter,ni,del,rscale     5    3   12.0000    1.2000
parameter  4 -0.532790 -> -0.500000 qaram    1.1500
parameters
   -1.1150  -12.8695    8.3326    3.4500    0.1181   -2.3550
eta,q 0.95837  8.58507
  0.0610  0.0665  0.0588  0.0564  0.0541  0.0444
  0.0519  0.0581  0.0540  0.0535  0.0491  0.0419
  0.0468  0.0512  0.0488  0.0494  0.0454  0.0417
  0.0480  0.0466  0.0459  0.0454  0.0429  0.0428
  0.0540  0.0458  0.0454  0.0430  0.0431  0.0453
  0.0627  0.0476  0.0481  0.0434  0.0475  0.0477
  0.0733  0.0502  0.0546  0.0461  0.0545  0.0510
niter,ni,del,rscale     5    3   12.0000    1.2000
parameters
   -1.3570  -13.9892    8.8021    3.6830    0.4569   -2.0218
eta,q 0.96025  8.58185
  0.0626  0.0524  0.0540  0.0532  0.0544  0.0493
  0.0520  0.0426  0.0488  0.0470  0.0478  0.0442
  0.0437  0.0393  0.0430  0.0414  0.0423  0.0408
  0.0416  0.0415  0.0398  0.0397  0.0398  0.0398
  0.0456  0.0462  0.0408  0.0420  0.0411  0.0406
  0.0546  0.0530  0.0448  0.0460  0.0458  0.0435
  0.0658  0.0612  0.0513  0.0512  0.0516  0.0469
niter,ni,del,rscale     4    3   12.0000    1.2000
parameters
   -1.4858  -14.0768    8.8910    3.7573    0.5474   -1.9919
eta,q 0.96032  8.58051
  0.0620  0.0580  0.0527  0.0526  0.0533  0.0484
  0.0514  0.0467  0.0472  0.0463  0.0468  0.0434
  0.0427  0.0397  0.0418  0.0409  0.0416  0.0405
  0.0398  0.0397  0.0396  0.0396  0.0397  0.0397
  0.0435  0.0436  0.0414  0.0421  0.0414  0.0409
  0.0526  0.0491  0.0459  0.0462  0.0464  0.0441
  0.0640  0.0568  0.0525  0.0515  0.0525  0.0476
niter,ni,del,rscale     3    3   12.0000    1.2000
parameters
   -1.5283  -14.1173    8.9127    3.7868    0.5778   -1.9940
eta,q 0.96035  8.57973
  0.0625  0.0583  0.0524  0.0524  0.0531  0.0483
  0.0518  0.0470  0.0468  0.0461  0.0466  0.0434
  0.0430  0.0398  0.0416  0.0408  0.0415  0.0404
  0.0397  0.0397  0.0396  0.0396  0.0396  0.0396
  0.0431  0.0435  0.0415  0.0422  0.0415  0.0410
  0.0520  0.0490  0.0461  0.0463  0.0466  0.0441
  0.0634  0.0565  0.0526  0.0515  0.0527  0.0477
registration optimization eta report
parameter search radius
    6.0000    6.0000    6.0000    6.9000    6.0000    6.0000
100000*second partial in parameter space
       63.       49.       35.       25.       36.       23.
  0.0625  0.0583  0.0524  0.0524  0.0531  0.0483
  0.0518  0.0470  0.0468  0.0461  0.0466  0.0434
  0.0430  0.0398  0.0416  0.0408  0.0415  0.0404
  0.0397  0.0397  0.0396  0.0396  0.0396  0.0396
  0.0431  0.0435  0.0415  0.0422  0.0415  0.0410
  0.0520  0.0490  0.0461  0.0463  0.0466  0.0441
  0.0634  0.0565  0.0526  0.0515  0.0527  0.0477
   -1.5283  -14.1173    8.9127    3.7868    0.5778   -1.9940
eta,q 0.96035  8.57973

---------------------------------------------------------------------
imgreg_4dfp /opt/freesurfer/average/711-2C_as_mni_average_305 /opt/freesurfer/average/711-2B_as_mni_average_305_mask talsrcimg_g11 none talsrcimg_to_711-2C_as_mni_average_305_t4 3335
---------------------------------------------------------------------

freesurfer imgreg_4dfp.c
/opt/freesurfer/average/711-2C_as_mni_average_305.4dfp.img
       256       256       256         1
  1.000000  1.000000  1.000000
orientation T byte_order littleendian
Reading image: /opt/freesurfer/average/711-2C_as_mni_average_305.4dfp.img
dimensions:      256       256       256
mmppix:       1.0000   -1.0000   -1.0000
center:     128.0000 -129.0000 -129.0000
/opt/freesurfer/average/711-2B_as_mni_average_305_mask.4dfp.img
       256       256       256         1
  1.000000  1.000000  1.000000
orientation T byte_order littleendian
Reading mask: /opt/freesurfer/average/711-2B_as_mni_average_305_mask.4dfp.img (2306576 pixels)
talsrcimg_g11.4dfp.img
       256       256       256         1
  0.898438  0.898438  0.898438
orientation T byte_order littleendian
Reading image: talsrcimg_g11.4dfp.img
dimensions:      256       256       256
mmppix:       0.8984   -0.8984   -0.8984
center:     115.0001 -115.8985 -115.8985
fimgreg.f
image alignment mode   3335 decimal      D07 hex
parameters
   -1.5283  -14.1173    8.9127   -0.0656   -0.2764   -0.2234
    3.4053   -1.2353   -3.4793   -6.5654    1.0083    6.6041
eta,q 0.95898  8.59798
niter,ni,del,rscale     5    3    5.0000    1.2000
parameter  4  0.953663 ->  0.500000 qaram    1.1500
parameter  5  1.717895 ->  0.500000 qaram    1.1500
parameter  6  0.816449 ->  0.500000 qaram    1.1500
parameter 12  0.654692 ->  0.500000 qaram    1.1500
parameters
   -1.5451  -13.9353    8.9988   -4.2056   -4.4164   -4.3634
    3.2053   -0.3020   -1.1650   -8.6353    1.8393    2.4641
eta,q 0.96823  8.14305
  0.0448  0.0441  0.0433  0.0381  0.0335  0.0329  0.0360  0.0390  0.0364  0.0347  0.0345  0.0320
  0.0427  0.0426  0.0420  0.0387  0.0348  0.0331  0.0345  0.0363  0.0349  0.0331  0.0335  0.0318
  0.0415  0.0415  0.0412  0.0396  0.0365  0.0338  0.0335  0.0344  0.0338  0.0325  0.0329  0.0319
  0.0410  0.0410  0.0410  0.0410  0.0389  0.0352  0.0333  0.0333  0.0331  0.0329  0.0325  0.0325
  0.0415  0.0411  0.0412  0.0432  0.0418  0.0374  0.0336  0.0333  0.0329  0.0342  0.0326  0.0335
  0.0428  0.0419  0.0419  0.0462  0.0450  0.0408  0.0347  0.0345  0.0331  0.0364  0.0330  0.0348
  0.0450  0.0434  0.0430  0.0499  0.0487  0.0447  0.0363  0.0369  0.0339  0.0390  0.0338  0.0363
niter,ni,del,rscale     7    3    5.0000    1.2000
parameter  5  0.700708 ->  0.500000 qaram    1.3225
parameters
   -1.3742  -14.0621    8.4477   -8.1939   -9.1774   -7.0566
    2.5680   -0.3867   -1.9924   -7.7080    1.8788    2.7672
eta,q 0.97148  7.63455
  0.0363  0.0347  0.0330  0.0316  0.0294  0.0301  0.0314  0.0333  0.0304  0.0333  0.0301  0.0312
  0.0340  0.0330  0.0320  0.0310  0.0290  0.0290  0.0298  0.0308  0.0293  0.0311  0.0293  0.0298
  0.0324  0.0320  0.0316  0.0310  0.0295  0.0286  0.0288  0.0292  0.0287  0.0294  0.0288  0.0289
  0.0318  0.0317  0.0317  0.0316  0.0309  0.0291  0.0286  0.0286  0.0286  0.0286  0.0285  0.0285
  0.0320  0.0322  0.0324  0.0327  0.0330  0.0300  0.0293  0.0292  0.0291  0.0287  0.0287  0.0288
  0.0332  0.0335  0.0335  0.0346  0.0361  0.0320  0.0306  0.0310  0.0301  0.0297  0.0292  0.0296
  0.0352  0.0355  0.0350  0.0375  0.0399  0.0355  0.0325  0.0336  0.0314  0.0314  0.0301  0.0309
niter,ni,del,rscale     7    3    5.0000    1.2000
parameters
   -1.4754  -14.0493    8.5981   -8.9987  -11.1306   -7.0464
    2.5921   -0.4231   -2.1258   -7.5380    1.7714    2.9253
eta,q 0.97161  7.51270
  0.0323  0.0319  0.0311  0.0309  0.0310  0.0318  0.0317  0.0332  0.0304  0.0321  0.0299  0.0309
  0.0301  0.0300  0.0297  0.0294  0.0295  0.0299  0.0300  0.0307  0.0293  0.0301  0.0291  0.0296
  0.0288  0.0289  0.0289  0.0285  0.0286  0.0288  0.0288  0.0290  0.0286  0.0288  0.0286  0.0287
  0.0285  0.0285  0.0285  0.0285  0.0284  0.0284  0.0284  0.0284  0.0284  0.0284  0.0284  0.0284
  0.0291  0.0289  0.0287  0.0292  0.0295  0.0288  0.0288  0.0290  0.0287  0.0288  0.0286  0.0287
  0.0307  0.0300  0.0294  0.0303  0.0316  0.0298  0.0299  0.0307  0.0294  0.0299  0.0292  0.0295
  0.0330  0.0317  0.0305  0.0318  0.0348  0.0318  0.0317  0.0333  0.0306  0.0316  0.0300  0.0307
niter,ni,del,rscale     6    3    5.0000    1.2000
parameters
   -1.4936  -13.9563    8.7096   -9.1879  -11.4507   -6.9933
    2.6119   -0.4311   -2.1090   -7.4452    1.7108    2.8894
eta,q 0.97159  7.49312
  0.0324  0.0317  0.0308  0.0313  0.0319  0.0318  0.0317  0.0333  0.0305  0.0319  0.0300  0.0308
  0.0302  0.0298  0.0295  0.0296  0.0302  0.0300  0.0300  0.0307  0.0294  0.0300  0.0291  0.0295
  0.0288  0.0287  0.0287  0.0286  0.0290  0.0288  0.0288  0.0290  0.0286  0.0288  0.0286  0.0287
  0.0284  0.0284  0.0284  0.0284  0.0284  0.0284  0.0284  0.0284  0.0284  0.0284  0.0284  0.0284
  0.0289  0.0287  0.0286  0.0289  0.0287  0.0288  0.0288  0.0290  0.0287  0.0288  0.0286  0.0287
  0.0303  0.0297  0.0293  0.0300  0.0303  0.0297  0.0299  0.0307  0.0294  0.0300  0.0292  0.0296
  0.0325  0.0311  0.0304  0.0314  0.0328  0.0318  0.0317  0.0333  0.0305  0.0316  0.0300  0.0308
niter,ni,del,rscale     5    3    5.0000    1.2000
parameters
   -1.4979  -13.9241    8.7288   -9.2353  -11.5023   -6.9738
    2.6176   -0.4310   -2.0958   -7.4036    1.6921    2.8588
eta,q 0.97158  7.48960
  0.0325  0.0315  0.0306  0.0314  0.0321  0.0317  0.0317  0.0333  0.0305  0.0319  0.0300  0.0308
  0.0302  0.0297  0.0294  0.0297  0.0304  0.0300  0.0300  0.0307  0.0294  0.0299  0.0292  0.0295
  0.0289  0.0287  0.0287  0.0287  0.0291  0.0288  0.0288  0.0290  0.0287  0.0287  0.0286  0.0287
  0.0284  0.0284  0.0284  0.0284  0.0284  0.0284  0.0284  0.0284  0.0284  0.0284  0.0284  0.0284
  0.0289  0.0288  0.0287  0.0289  0.0286  0.0288  0.0288  0.0290  0.0287  0.0289  0.0286  0.0287
  0.0303  0.0297  0.0294  0.0300  0.0301  0.0298  0.0300  0.0307  0.0294  0.0300  0.0292  0.0296
  0.0325  0.0312  0.0305  0.0313  0.0325  0.0318  0.0317  0.0333  0.0305  0.0317  0.0300  0.0308
niter,ni,del,rscale     4    3    5.0000    1.2000
parameters
   -1.4977  -13.9145    8.7310   -9.2418  -11.5148   -6.9735
    2.6154   -0.4312   -2.0915   -7.3923    1.6878    2.8508
eta,q 0.97158  7.48880
  0.0325  0.0314  0.0306  0.0315  0.0321  0.0317  0.0317  0.0333  0.0305  0.0318  0.0300  0.0308
  0.0302  0.0297  0.0294  0.0298  0.0304  0.0300  0.0300  0.0307  0.0294  0.0299  0.0292  0.0295
  0.0289  0.0287  0.0287  0.0287  0.0291  0.0288  0.0288  0.0290  0.0287  0.0287  0.0286  0.0287
  0.0284  0.0284  0.0284  0.0284  0.0284  0.0284  0.0284  0.0284  0.0284  0.0284  0.0284  0.0284
  0.0289  0.0288  0.0287  0.0289  0.0286  0.0288  0.0288  0.0290  0.0287  0.0289  0.0286  0.0287
  0.0303  0.0298  0.0294  0.0299  0.0301  0.0298  0.0300  0.0307  0.0294  0.0300  0.0292  0.0296
  0.0325  0.0312  0.0306  0.0313  0.0325  0.0318  0.0317  0.0333  0.0305  0.0317  0.0300  0.0308
registration optimization eta report
parameter search radius
    2.4000    2.4000    2.4000    8.2800    9.5220    8.2800
    7.2000    7.2000    7.2000    7.2000    7.2000    8.2800
100000*second partial in parameter space
       70.       50.       38.        4.        4.        5.
        6.        9.        4.        6.        3.        3.
  0.0325  0.0314  0.0306  0.0315  0.0321  0.0317  0.0317  0.0333  0.0305  0.0318  0.0300  0.0308
  0.0302  0.0297  0.0294  0.0298  0.0304  0.0300  0.0300  0.0307  0.0294  0.0299  0.0292  0.0295
  0.0289  0.0287  0.0287  0.0287  0.0291  0.0288  0.0288  0.0290  0.0287  0.0287  0.0286  0.0287
  0.0284  0.0284  0.0284  0.0284  0.0284  0.0284  0.0284  0.0284  0.0284  0.0284  0.0284  0.0284
  0.0289  0.0288  0.0287  0.0289  0.0286  0.0288  0.0288  0.0290  0.0287  0.0289  0.0286  0.0287
  0.0303  0.0298  0.0294  0.0299  0.0301  0.0298  0.0300  0.0307  0.0294  0.0300  0.0292  0.0296
  0.0325  0.0312  0.0306  0.0313  0.0325  0.0318  0.0317  0.0333  0.0305  0.0317  0.0300  0.0308
   -1.4977  -13.9145    8.7310   -9.2418  -11.5148   -6.9735
    2.6154   -0.4312   -2.0915   -7.3923    1.6878    2.8508
eta,q 0.97158  7.48880

---------------------------------------------------------------------
imgreg_4dfp /opt/freesurfer/average/711-2C_as_mni_average_305 /opt/freesurfer/average/711-2B_as_mni_average_305_mask talsrcimg_g11 none talsrcimg_to_711-2C_as_mni_average_305_t4 2311
---------------------------------------------------------------------

freesurfer imgreg_4dfp.c
/opt/freesurfer/average/711-2C_as_mni_average_305.4dfp.img
       256       256       256         1
  1.000000  1.000000  1.000000
orientation T byte_order littleendian
Reading image: /opt/freesurfer/average/711-2C_as_mni_average_305.4dfp.img
dimensions:      256       256       256
mmppix:       1.0000   -1.0000   -1.0000
center:     128.0000 -129.0000 -129.0000
/opt/freesurfer/average/711-2B_as_mni_average_305_mask.4dfp.img
       256       256       256         1
  1.000000  1.000000  1.000000
orientation T byte_order littleendian
Reading mask: /opt/freesurfer/average/711-2B_as_mni_average_305_mask.4dfp.img (2306576 pixels)
talsrcimg_g11.4dfp.img
       256       256       256         1
  0.898438  0.898438  0.898438
orientation T byte_order littleendian
Reading image: talsrcimg_g11.4dfp.img
dimensions:      256       256       256
mmppix:       0.8984   -0.8984   -0.8984
center:     115.0001 -115.8985 -115.8985
fimgreg.f
image alignment mode   2311 decimal      907 hex
parameters
   -1.4977  -13.9145    8.7310   -9.2418  -11.5148   -6.9735
    2.6154   -0.4312   -2.0915   -7.3923    1.6878    2.8508
eta,q 0.97158  7.48879
niter,ni,del,rscale     5    3    5.0000    0.8000
parameters
   -1.5064  -13.9717    8.7265   -9.4997  -10.8438   -6.8622
    2.6482   -0.4435   -2.0891   -7.6070    1.7364    2.8205
eta,q 0.97164  7.51029
  0.0303  0.0297  0.0294  0.0294  0.0297  0.0296  0.0300  0.0307  0.0294  0.0299  0.0291  0.0292
  0.0292  0.0289  0.0289  0.0288  0.0291  0.0289  0.0291  0.0294  0.0288  0.0290  0.0287  0.0287
  0.0286  0.0285  0.0285  0.0285  0.0287  0.0285  0.0286  0.0286  0.0285  0.0285  0.0285  0.0284
  0.0284  0.0284  0.0284  0.0284  0.0284  0.0284  0.0284  0.0284  0.0284  0.0284  0.0284  0.0284
  0.0286  0.0286  0.0285  0.0286  0.0284  0.0285  0.0285  0.0286  0.0285  0.0286  0.0284  0.0285
  0.0293  0.0291  0.0289  0.0290  0.0286  0.0289  0.0291  0.0294  0.0288  0.0292  0.0287  0.0287
  0.0303  0.0298  0.0294  0.0296  0.0292  0.0294  0.0299  0.0307  0.0294  0.0301  0.0291  0.0292
niter,ni,del,rscale     4    3    5.0000    0.7000
parameters
   -1.5115  -14.0430    8.7093   -9.4714  -10.7267   -6.9215
    2.6436   -0.4556   -2.0941   -7.7158    1.7668    2.8880
eta,q 0.97166  7.51426
  0.0298  0.0293  0.0291  0.0293  0.0293  0.0292  0.0296  0.0301  0.0291  0.0296  0.0289  0.0290
  0.0290  0.0287  0.0287  0.0288  0.0288  0.0287  0.0289  0.0292  0.0287  0.0289  0.0286  0.0286
  0.0285  0.0284  0.0284  0.0284  0.0285  0.0284  0.0285  0.0285  0.0284  0.0285  0.0284  0.0284
  0.0284  0.0284  0.0283  0.0284  0.0284  0.0283  0.0283  0.0283  0.0283  0.0283  0.0283  0.0283
  0.0285  0.0285  0.0284  0.0285  0.0284  0.0285  0.0285  0.0286  0.0284  0.0285  0.0284  0.0284
  0.0290  0.0289  0.0287  0.0288  0.0287  0.0288  0.0289  0.0292  0.0287  0.0290  0.0286  0.0286
  0.0298  0.0295  0.0291  0.0292  0.0293  0.0292  0.0296  0.0302  0.0291  0.0297  0.0289  0.0290
niter,ni,del,rscale     3    3    5.0000    0.6000
parameters
   -1.5146  -14.0738    8.7015   -9.4795  -10.6326   -7.0206
    2.6501   -0.4680   -2.1108   -7.7836    1.7887    2.9123
eta,q 0.97167  7.51409
  0.0294  0.0291  0.0289  0.0290  0.0290  0.0290  0.0292  0.0297  0.0289  0.0293  0.0288  0.0288
  0.0288  0.0287  0.0286  0.0286  0.0287  0.0286  0.0288  0.0289  0.0286  0.0287  0.0285  0.0285
  0.0285  0.0284  0.0284  0.0284  0.0285  0.0284  0.0284  0.0285  0.0284  0.0284  0.0284  0.0284
  0.0283  0.0283  0.0283  0.0283  0.0283  0.0283  0.0283  0.0283  0.0283  0.0283  0.0283  0.0283
  0.0285  0.0285  0.0284  0.0284  0.0284  0.0285  0.0284  0.0285  0.0284  0.0285  0.0284  0.0284
  0.0288  0.0287  0.0286  0.0286  0.0286  0.0287  0.0287  0.0290  0.0286  0.0288  0.0285  0.0285
  0.0294  0.0292  0.0289  0.0290  0.0290  0.0290  0.0292  0.0297  0.0289  0.0293  0.0288  0.0288
niter,ni,del,rscale     2    3    5.0000    0.5000
parameters
   -1.5201  -14.0929    8.6872   -9.5024  -10.5528   -7.1415
    2.6631   -0.4873   -2.1310   -7.8377    1.8159    2.9213
eta,q 0.97168  7.51175
  0.0291  0.0289  0.0287  0.0288  0.0288  0.0288  0.0290  0.0293  0.0287  0.0290  0.0286  0.0287
  0.0286  0.0286  0.0285  0.0285  0.0286  0.0285  0.0286  0.0287  0.0285  0.0286  0.0285  0.0285
  0.0284  0.0284  0.0284  0.0284  0.0284  0.0283  0.0284  0.0284  0.0284  0.0284  0.0284  0.0284
  0.0283  0.0283  0.0283  0.0283  0.0283  0.0283  0.0283  0.0283  0.0283  0.0283  0.0283  0.0283
  0.0284  0.0284  0.0284  0.0284  0.0284  0.0284  0.0284  0.0284  0.0284  0.0284  0.0283  0.0284
  0.0287  0.0286  0.0285  0.0285  0.0285  0.0286  0.0286  0.0288  0.0285  0.0286  0.0285  0.0285
  0.0291  0.0289  0.0287  0.0288  0.0288  0.0288  0.0290  0.0293  0.0287  0.0290  0.0286  0.0287
niter,ni,del,rscale     1    3    5.0000    0.4000
parameters
   -1.5230  -14.0993    8.6653   -9.5257  -10.4740   -7.2519
    2.6631   -0.5031   -2.1512   -7.8661    1.8635    2.9123
eta,q 0.97169  7.50968
  0.0288  0.0287  0.0286  0.0286  0.0286  0.0286  0.0287  0.0289  0.0286  0.0287  0.0285  0.0285
  0.0285  0.0285  0.0284  0.0285  0.0285  0.0284  0.0285  0.0286  0.0284  0.0285  0.0284  0.0284
  0.0284  0.0284  0.0283  0.0283  0.0284  0.0283  0.0284  0.0284  0.0283  0.0284  0.0283  0.0283
  0.0283  0.0283  0.0283  0.0283  0.0283  0.0283  0.0283  0.0283  0.0283  0.0283  0.0283  0.0283
  0.0284  0.0284  0.0284  0.0284  0.0283  0.0284  0.0284  0.0284  0.0283  0.0284  0.0283  0.0283
  0.0285  0.0285  0.0284  0.0285  0.0284  0.0285  0.0285  0.0286  0.0284  0.0285  0.0284  0.0284
  0.0288  0.0287  0.0286  0.0286  0.0286  0.0287  0.0287  0.0289  0.0286  0.0288  0.0285  0.0285
registration optimization eta report
parameter search radius
    0.8000    0.8000    0.8000    2.4000    2.4000    2.4000
    2.4000    2.4000    2.4000    2.4000    2.4000    2.4000
100000*second partial in parameter space
       74.       56.       40.        5.        6.        6.
        7.       11.        5.        8.        4.        4.
  0.0288  0.0287  0.0286  0.0286  0.0286  0.0286  0.0287  0.0289  0.0286  0.0287  0.0285  0.0285
  0.0285  0.0285  0.0284  0.0285  0.0285  0.0284  0.0285  0.0286  0.0284  0.0285  0.0284  0.0284
  0.0284  0.0284  0.0283  0.0283  0.0284  0.0283  0.0284  0.0284  0.0283  0.0284  0.0283  0.0283
  0.0283  0.0283  0.0283  0.0283  0.0283  0.0283  0.0283  0.0283  0.0283  0.0283  0.0283  0.0283
  0.0284  0.0284  0.0284  0.0284  0.0283  0.0284  0.0284  0.0284  0.0283  0.0284  0.0283  0.0283
  0.0285  0.0285  0.0284  0.0285  0.0284  0.0285  0.0285  0.0286  0.0284  0.0285  0.0284  0.0284
  0.0288  0.0287  0.0286  0.0286  0.0286  0.0287  0.0287  0.0289  0.0286  0.0288  0.0285  0.0285
   -1.5230  -14.0993    8.6653   -9.5257  -10.4740   -7.2519
    2.6631   -0.5031   -2.1512   -7.8661    1.8635    2.9123
eta,q 0.97169  7.50968

---------------------------------------------------------------------
imgreg_4dfp /opt/freesurfer/average/711-2C_as_mni_average_305 /opt/freesurfer/average/711-2B_as_mni_average_305_mask talsrcimg_g11 none talsrcimg_to_711-2C_as_mni_average_305_t4 2311
---------------------------------------------------------------------

freesurfer imgreg_4dfp.c
/opt/freesurfer/average/711-2C_as_mni_average_305.4dfp.img
       256       256       256         1
  1.000000  1.000000  1.000000
orientation T byte_order littleendian
Reading image: /opt/freesurfer/average/711-2C_as_mni_average_305.4dfp.img
dimensions:      256       256       256
mmppix:       1.0000   -1.0000   -1.0000
center:     128.0000 -129.0000 -129.0000
/opt/freesurfer/average/711-2B_as_mni_average_305_mask.4dfp.img
       256       256       256         1
  1.000000  1.000000  1.000000
orientation T byte_order littleendian
Reading mask: /opt/freesurfer/average/711-2B_as_mni_average_305_mask.4dfp.img (2306576 pixels)
talsrcimg_g11.4dfp.img
       256       256       256         1
  0.898438  0.898438  0.898438
orientation T byte_order littleendian
Reading image: talsrcimg_g11.4dfp.img
dimensions:      256       256       256
mmppix:       0.8984   -0.8984   -0.8984
center:     115.0001 -115.8985 -115.8985
fimgreg.f
image alignment mode   2311 decimal      907 hex
parameters
   -1.5230  -14.0993    8.6653   -9.5257  -10.4740   -7.2519
    2.6631   -0.5031   -2.1512   -7.8661    1.8635    2.9123
eta,q 0.97169  7.50968
niter,ni,del,rscale     5    3    5.0000    0.8000
parameters
   -1.5159  -14.0660    8.6533   -9.4280  -10.7312   -6.9821
    2.6548   -0.4729   -2.1170   -7.7242    1.7725    2.8918
eta,q 0.97166  7.51326
  0.0302  0.0298  0.0293  0.0295  0.0294  0.0296  0.0299  0.0307  0.0294  0.0301  0.0291  0.0292
  0.0292  0.0290  0.0288  0.0289  0.0288  0.0289  0.0291  0.0294  0.0288  0.0291  0.0287  0.0287
  0.0285  0.0285  0.0284  0.0285  0.0285  0.0285  0.0285  0.0286  0.0284  0.0285  0.0284  0.0284
  0.0283  0.0283  0.0283  0.0283  0.0283  0.0283  0.0283  0.0283  0.0283  0.0283  0.0283  0.0283
  0.0285  0.0285  0.0284  0.0285  0.0284  0.0285  0.0285  0.0286  0.0285  0.0285  0.0284  0.0284
  0.0291  0.0289  0.0288  0.0288  0.0289  0.0288  0.0291  0.0294  0.0288  0.0290  0.0287  0.0287
  0.0302  0.0297  0.0294  0.0294  0.0297  0.0293  0.0299  0.0307  0.0293  0.0299  0.0291  0.0292
niter,ni,del,rscale     4    3    5.0000    0.7000
parameters
   -1.5171  -14.0578    8.6965   -9.4664  -10.7048   -6.9668
    2.6470   -0.4670   -2.0974   -7.7448    1.7615    2.8979
eta,q 0.97167  7.51359
  0.0298  0.0294  0.0292  0.0292  0.0292  0.0292  0.0295  0.0302  0.0291  0.0296  0.0289  0.0290
  0.0290  0.0288  0.0287  0.0287  0.0288  0.0287  0.0289  0.0292  0.0287  0.0289  0.0286  0.0286
  0.0285  0.0284  0.0284  0.0284  0.0285  0.0284  0.0285  0.0285  0.0284  0.0285  0.0284  0.0284
  0.0283  0.0283  0.0283  0.0283  0.0283  0.0283  0.0283  0.0283  0.0283  0.0283  0.0283  0.0283
  0.0285  0.0285  0.0284  0.0285  0.0284  0.0285  0.0285  0.0286  0.0284  0.0285  0.0284  0.0284
  0.0290  0.0288  0.0287  0.0288  0.0287  0.0288  0.0289  0.0292  0.0287  0.0289  0.0286  0.0286
  0.0298  0.0294  0.0291  0.0292  0.0293  0.0292  0.0296  0.0302  0.0291  0.0296  0.0289  0.0290
niter,ni,del,rscale     3    3    5.0000    0.6000
parameters
   -1.5166  -14.0752    8.6952   -9.4865  -10.6236   -7.0397
    2.6477   -0.4736   -2.1109   -7.7880    1.7934    2.9122
eta,q 0.97167  7.51338
  0.0294  0.0291  0.0289  0.0290  0.0290  0.0290  0.0292  0.0297  0.0289  0.0293  0.0288  0.0288
  0.0288  0.0287  0.0286  0.0286  0.0287  0.0286  0.0287  0.0289  0.0286  0.0287  0.0285  0.0286
  0.0285  0.0284  0.0284  0.0284  0.0285  0.0284  0.0284  0.0285  0.0284  0.0284  0.0284  0.0284
  0.0283  0.0283  0.0283  0.0283  0.0283  0.0283  0.0283  0.0283  0.0283  0.0283  0.0283  0.0283
  0.0285  0.0284  0.0284  0.0284  0.0284  0.0285  0.0284  0.0285  0.0284  0.0285  0.0284  0.0284
  0.0288  0.0287  0.0286  0.0286  0.0286  0.0287  0.0287  0.0289  0.0286  0.0288  0.0285  0.0285
  0.0294  0.0291  0.0289  0.0290  0.0290  0.0290  0.0292  0.0297  0.0289  0.0293  0.0288  0.0288
niter,ni,del,rscale     2    3    5.0000    0.5000
parameters
   -1.5194  -14.0921    8.6854   -9.5003  -10.5508   -7.1392
    2.6610   -0.4878   -2.1319   -7.8332    1.8166    2.9220
eta,q 0.97168  7.51204
  0.0291  0.0289  0.0287  0.0288  0.0288  0.0288  0.0290  0.0293  0.0287  0.0290  0.0286  0.0287
  0.0287  0.0286  0.0285  0.0285  0.0286  0.0285  0.0286  0.0287  0.0285  0.0286  0.0285  0.0285
  0.0284  0.0284  0.0284  0.0284  0.0284  0.0284  0.0284  0.0284  0.0284  0.0284  0.0284  0.0284
  0.0283  0.0283  0.0283  0.0283  0.0283  0.0283  0.0283  0.0283  0.0283  0.0283  0.0283  0.0283
  0.0284  0.0284  0.0284  0.0284  0.0284  0.0284  0.0284  0.0284  0.0284  0.0284  0.0283  0.0284
  0.0287  0.0286  0.0285  0.0285  0.0285  0.0286  0.0286  0.0288  0.0285  0.0286  0.0285  0.0285
  0.0291  0.0289  0.0287  0.0288  0.0288  0.0288  0.0290  0.0293  0.0287  0.0290  0.0286  0.0287
niter,ni,del,rscale     1    3    5.0000    0.4000
parameters
   -1.5218  -14.0996    8.6685   -9.5238  -10.4778   -7.2439
    2.6557   -0.5007   -2.1436   -7.8679    1.8604    2.9172
eta,q 0.97169  7.50994
  0.0288  0.0287  0.0286  0.0286  0.0286  0.0286  0.0287  0.0289  0.0286  0.0287  0.0285  0.0285
  0.0285  0.0285  0.0284  0.0285  0.0285  0.0284  0.0285  0.0286  0.0284  0.0285  0.0284  0.0284
  0.0284  0.0284  0.0283  0.0283  0.0284  0.0283  0.0284  0.0284  0.0283  0.0284  0.0283  0.0283
  0.0283  0.0283  0.0283  0.0283  0.0283  0.0283  0.0283  0.0283  0.0283  0.0283  0.0283  0.0283
  0.0284  0.0284  0.0284  0.0284  0.0283  0.0284  0.0284  0.0284  0.0283  0.0284  0.0283  0.0283
  0.0285  0.0285  0.0284  0.0285  0.0284  0.0285  0.0285  0.0286  0.0284  0.0285  0.0284  0.0284
  0.0288  0.0287  0.0286  0.0286  0.0286  0.0287  0.0287  0.0289  0.0286  0.0288  0.0285  0.0285
registration optimization eta report
parameter search radius
    0.8000    0.8000    0.8000    2.4000    2.4000    2.4000
    2.4000    2.4000    2.4000    2.4000    2.4000    2.4000
100000*second partial in parameter space
       73.       56.       40.        5.        6.        6.
        7.       11.        5.        8.        3.        4.
  0.0288  0.0287  0.0286  0.0286  0.0286  0.0286  0.0287  0.0289  0.0286  0.0287  0.0285  0.0285
  0.0285  0.0285  0.0284  0.0285  0.0285  0.0284  0.0285  0.0286  0.0284  0.0285  0.0284  0.0284
  0.0284  0.0284  0.0283  0.0283  0.0284  0.0283  0.0284  0.0284  0.0283  0.0284  0.0283  0.0283
  0.0283  0.0283  0.0283  0.0283  0.0283  0.0283  0.0283  0.0283  0.0283  0.0283  0.0283  0.0283
  0.0284  0.0284  0.0284  0.0284  0.0283  0.0284  0.0284  0.0284  0.0283  0.0284  0.0283  0.0283
  0.0285  0.0285  0.0284  0.0285  0.0284  0.0285  0.0285  0.0286  0.0284  0.0285  0.0284  0.0284
  0.0288  0.0287  0.0286  0.0286  0.0286  0.0287  0.0287  0.0289  0.0286  0.0288  0.0285  0.0285
   -1.5218  -14.0996    8.6685   -9.5238  -10.4778   -7.2439
    2.6557   -0.5007   -2.1436   -7.8679    1.8604    2.9172
eta,q 0.97169  7.50994

---------------------------------------------------------------------
compute_vox2vox talsrcimg talsrcimg_to_711-2C_as_mni_average_305_t4 /opt/freesurfer/average/711-2C_as_mni_average_305
---------------------------------------------------------------------

freesurfer compute_vox2vox.c
Reading: talsrcimg.4dfp.ifh
Reading: talsrcimg_to_711-2C_as_mni_average_305_t4
Reading: /opt/freesurfer/average/711-2C_as_mni_average_305.4dfp.ifh
Writing: talsrcimg_to_711-2C_as_mni_average_305_t4_vox2vox.txt

start time Thu Mar 12 21:54:47 CET 2026
end		time Thu Mar 12 21:55:00 CET 2026

mpr2mni305 success

avi2talxfm orig_nu.mgz /opt/freesurfer/average/mni305.cor.mgz talsrcimg_to_711-2C_as_mni_average_305_t4_vox2vox.txt transforms/talairach.auto.xfm
avi2talxfm done
mv -f /out/sourcedata/freesurfer/sub-v2s2x29071_ses-1/mri/talsrcimg_to_711-2C_as_mni_average_305_t4_vox2vox.txt /out/sourcedata/freesurfer/sub-v2s2x29071_ses-1/mri/transforms/talsrcimg_to_711-2C_as_mni_average_305_t4_vox2vox.txt
lta_convert --src orig_nu.mgz --trg /opt/freesurfer/average/mni305.cor.mgz --inxfm transforms/talairach.auto.xfm --outlta transforms/talairach.auto.xfm.lta --subject fsaverage
7.3.2

--src: orig_nu.mgz src image (geometry).
--trg: /opt/freesurfer/average/mni305.cor.mgz trg image (geometry).
--inmni: transforms/talairach.auto.xfm input MNI/XFM transform.
--outlta: transforms/talairach.auto.xfm.lta output LTA.
--s: fsaverage subject name
 LTA read, type : 1
 1.10442   0.00317  -0.03287  -1.23017;
-0.02292   1.07506  -0.03435   1.00803;
 0.02443   0.09456   1.11323  -5.96008;
 0.00000   0.00000   0.00000   1.00000;
setting subject to fsaverage
Writing  LTA to file transforms/talairach.auto.xfm.lta...
lta_convert successful.
 
 
Started at Thu Mar 12 21:54:47 CET 2026
Ended   at Thu Mar 12 21:55:00 CET 2026
talairach_avi done
