/out/sourcedata/freesurfer/sub-v2s2x29092_ses-1/mri
/opt/freesurfer/bin/talairach_avi
--i orig_nu.mgz --xfm transforms/talairach.auto.xfm
talairach_avi 7.3.2
Linux dna061 5.14.0-427.37.1.el9_4.x86_64 #1 SMP PREEMPT_DYNAMIC Fri Sep 13 12:41:50 EDT 2024 x86_64 x86_64 x86_64 GNU/Linux
Thu Mar 12 23:02:44 CET 2026
mri_convert orig_nu.mgz talsrcimg.img 
reading from orig_nu.mgz...
TR=0.00, TE=0.00, TI=0.00, flip angle=0.00
i_ras = (-1, 0, 0)
j_ras = (0, 0, -1)
k_ras = (0, 1, 0)
writing to talsrcimg.img...
Analyze Output Matrix
-0.89844   0.00000   0.00000   117.60558;
 0.00000   0.00000   0.89844  -127.95712;
 0.00000  -0.89844   0.00000   135.70145;
 0.00000   0.00000   0.00000   1.00000;
--------------------
INFO: set hdr.hist.orient to -1
mpr2mni305 talsrcimg
Thu Mar 12 23:02:45 CET 2026
/opt/freesurfer/bin/mpr2mni305 talsrcimg
mpr2mni305 7.3.2
target=711-2C_as_mni_average_305

---------------------------------------------------------------------
analyzeto4dfp talsrcimg -O0 -y
---------------------------------------------------------------------

freesurfer ifh2hdr.c
Thu Mar 12 23:02:45 2026
Writing: talsrcimg.4dfp.hdr
freesurfer analyzeto4dfp.c
Reading: talsrcimg.hdr
header size 348 bytes
hdr.dime.datatype	offset=70	value=2
hdr.dime.bitpix		offset=72	value=8
hdr.hist.orient		offset=252	value=-1
dimensionality     4
dimensions       256       256       256         1
Reading: talsrcimg.img
Writing: talsrcimg.4dfp.img
Writing: talsrcimg.4dfp.ifh
ifh2hdr talsrcimg -r0to255
ori=2

---------------------------------------------------------------------
gauss_4dfp talsrcimg 1.1
---------------------------------------------------------------------

freesurfer gauss_4dfp.c
Reading: talsrcimg.4dfp.img
Writing: talsrcimg_g11.4dfp.img
image dimensions 256 256 256 padded to 288 288 288
processing volume 1freesurfer ifh2hdr.c
Thu Mar 12 23:02:46 2026
Writing: talsrcimg_g11.4dfp.hdr

Writing: talsrcimg_g11.4dfp.ifh
including: talsrcimg.4dfp.img.rec in talsrcimg_g11.4dfp.img.rec

---------------------------------------------------------------------
imgreg_4dfp /opt/freesurfer/average/711-2C_as_mni_average_305 none talsrcimg_g11 none talsrcimg_to_711-2C_as_mni_average_305_t4 4355
---------------------------------------------------------------------

freesurfer imgreg_4dfp.c
/opt/freesurfer/average/711-2C_as_mni_average_305.4dfp.img
       256       256       256         1
  1.000000  1.000000  1.000000
orientation T byte_order littleendian
Reading image: /opt/freesurfer/average/711-2C_as_mni_average_305.4dfp.img
dimensions:      256       256       256
mmppix:       1.0000   -1.0000   -1.0000
center:     128.0000 -129.0000 -129.0000
talsrcimg_g11.4dfp.img
       256       256       256         1
  0.898437  0.898437  0.898437
orientation T byte_order littleendian
Reading image: talsrcimg_g11.4dfp.img
dimensions:      256       256       256
mmppix:       0.8984   -0.8984   -0.8984
center:     114.9999 -115.8984 -115.8984
t4_read: open error in t4_sub.f l:  41 t4_file(1:l)talsrcimg_to_711-2C_as_mni_average_305_t4 
t4_read: transform initialized to I4
rotation matrix determinant  1.000000
image alignment mode   4355 decimal     1103 hex
   -7.5000  -45.0000  -45.0000 6630.4307    9.7892
    0.0000  -45.0000  -45.0000 6670.3940    9.8265
    7.5000  -45.0000  -45.0000 6292.6963    9.8407
   -7.5000  -37.5000  -45.0000 7050.0303   10.3932
    0.0000  -37.5000  -45.0000 7101.8892   10.4317
    7.5000  -37.5000  -45.0000 6682.5757   10.4455
   -7.5000  -30.0000  -45.0000 7450.5303   10.7095
    0.0000  -30.0000  -45.0000 7519.0186   10.7451
    7.5000  -30.0000  -45.0000 7062.5596   10.7583
   -7.5000  -22.5000  -45.0000 7894.5806   10.7049
    0.0000  -22.5000  -45.0000 7963.9463   10.7372
    7.5000  -22.5000  -45.0000 7494.0977   10.7506
   -7.5000  -15.0000  -45.0000 8298.7666   10.7133
    0.0000  -15.0000  -45.0000 8381.6699   10.7471
    7.5000  -15.0000  -45.0000 7879.9785   10.7619
   -7.5000   -7.5000  -45.0000 8392.7021   10.7249
    0.0000   -7.5000  -45.0000 8471.5801   10.7630
    7.5000   -7.5000  -45.0000 7962.5688   10.7786
   -7.5000    0.0000  -45.0000 8502.4238   10.7286
    0.0000    0.0000  -45.0000 8572.6406   10.7696
    7.5000    0.0000  -45.0000 8053.7905   10.7851
   -7.5000    7.5000  -45.0000 8133.1108   10.7208
    0.0000    7.5000  -45.0000 8171.3916   10.7605
    7.5000    7.5000  -45.0000 7690.5957   10.7748
   -7.5000   15.0000  -45.0000 7796.0981   10.7095
    0.0000   15.0000  -45.0000 7845.8501   10.7451
    7.5000   15.0000  -45.0000 7385.8423   10.7583
   -7.5000   22.5000  -45.0000 7091.2739   10.5609
    0.0000   22.5000  -45.0000 7126.6465   10.5928
    7.5000   22.5000  -45.0000 6693.9507   10.6060
   -7.5000   30.0000  -45.0000 6429.0532   10.2873
    0.0000   30.0000  -45.0000 6450.0215   10.3198
    7.5000   30.0000  -45.0000 6064.8115   10.3339
   -7.5000   37.5000  -45.0000 5807.3809   10.0535
    0.0000   37.5000  -45.0000 5821.6606   10.0900
    7.5000   37.5000  -45.0000 5498.6943   10.1044
   -7.5000   45.0000  -45.0000 5287.1821   10.0566
    0.0000   45.0000  -45.0000 5289.5044   10.0958
    7.5000   45.0000  -45.0000 4985.0000   10.1101
   -7.5000  -45.0000  -37.5000 7204.4243   10.2283
    0.0000  -45.0000  -37.5000 7254.1514   10.2754
    7.5000  -45.0000  -37.5000 6815.3481   10.2992
   -7.5000  -37.5000  -37.5000 7632.5991   10.8599
    0.0000  -37.5000  -37.5000 7684.2407   10.9069
    7.5000  -37.5000  -37.5000 7222.3530   10.9312
   -7.5000  -30.0000  -37.5000 8072.3384   11.1701
    0.0000  -30.0000  -37.5000 8141.4561   11.2165
    7.5000  -30.0000  -37.5000 7640.7788   11.2415
   -7.5000  -22.5000  -37.5000 8547.9717   11.1680
    0.0000  -22.5000  -37.5000 8634.1094   11.2153
    7.5000  -22.5000  -37.5000 8105.2642   11.2411
   -7.5000  -15.0000  -37.5000 8967.9502   11.1804
    0.0000  -15.0000  -37.5000 9054.5117   11.2310
    7.5000  -15.0000  -37.5000 8522.1797   11.2576
   -7.5000   -7.5000  -37.5000 9035.1553   11.1941
    0.0000   -7.5000  -37.5000 9123.8779   11.2469
    7.5000   -7.5000  -37.5000 8578.8291   11.2735
   -7.5000    0.0000  -37.5000 9147.6104   11.1956
    0.0000    0.0000  -37.5000 9225.0752   11.2472
    7.5000    0.0000  -37.5000 8667.2412   11.2732
   -7.5000    7.5000  -37.5000 8719.9893   11.1826
    0.0000    7.5000  -37.5000 8785.6309   11.2309
    7.5000    7.5000  -37.5000 8243.6152   11.2560
   -7.5000   15.0000  -37.5000 8350.3574   11.1696
    0.0000   15.0000  -37.5000 8413.1777   11.2160
    7.5000   15.0000  -37.5000 7905.9604   11.2410
   -7.5000   22.5000  -37.5000 7569.9863   11.0187
    0.0000   22.5000  -37.5000 7611.0996   11.0653
    7.5000   22.5000  -37.5000 7167.5889   11.0908
   -7.5000   30.0000  -37.5000 6862.3223   10.7435
    0.0000   30.0000  -37.5000 6888.8003   10.7921
    7.5000   30.0000  -37.5000 6494.5649   10.8177
   -7.5000   37.5000  -37.5000 6186.7583   10.5014
    0.0000   37.5000  -37.5000 6209.1992   10.5520
    7.5000   37.5000  -37.5000 5851.3994   10.5769
   -7.5000   45.0000  -37.5000 5616.4126   10.4897
    0.0000   45.0000  -37.5000 5624.1323   10.5399
    7.5000   45.0000  -37.5000 5289.9409   10.5639
   -7.5000  -45.0000  -30.0000 7793.7085   10.6627
    0.0000  -45.0000  -30.0000 7831.2793   10.7043
    7.5000  -45.0000  -30.0000 7371.2764   10.7304
   -7.5000  -37.5000  -30.0000 8237.0732   11.3249
    0.0000  -37.5000  -30.0000 8276.4980   11.3673
    7.5000  -37.5000  -30.0000 7794.7241   11.3953
   -7.5000  -30.0000  -30.0000 8690.4004   11.6368
    0.0000  -30.0000  -30.0000 8761.9023   11.6819
    7.5000  -30.0000  -30.0000 8231.3760   11.7124
   -7.5000  -22.5000  -30.0000 9237.0762   11.6397
    0.0000  -22.5000  -30.0000 9316.8535   11.6882
    7.5000  -22.5000  -30.0000 8751.4824   11.7202
   -7.5000  -15.0000  -30.0000 9697.4619   11.6524
    0.0000  -15.0000  -30.0000 9776.6396   11.7026
    7.5000  -15.0000  -30.0000 9191.6475   11.7345
   -7.5000   -7.5000  -30.0000 9733.3496   11.6624
    0.0000   -7.5000  -30.0000 9822.6846   11.7113
    7.5000   -7.5000  -30.0000 9215.9072   11.7414
   -7.5000    0.0000  -30.0000 9821.0186   11.6590
    0.0000    0.0000  -30.0000 9904.8896   11.7045
    7.5000    0.0000  -30.0000 9288.5088   11.7330
   -7.5000    7.5000  -30.0000 9320.9287   11.6438
    0.0000    7.5000  -30.0000 9391.8174   11.6874
    7.5000    7.5000  -30.0000 8798.9033   11.7161
   -7.5000   15.0000  -30.0000 8896.4141   11.6352
    0.0000   15.0000  -30.0000 8970.3389   11.6803
    7.5000   15.0000  -30.0000 8434.3877   11.7107
   -7.5000   22.5000  -30.0000 8063.5698   11.4846
    0.0000   22.5000  -30.0000 8121.9199   11.5324
    7.5000   22.5000  -30.0000 7664.1128   11.5641
   -7.5000   30.0000  -30.0000 7301.0825   11.2052
    0.0000   30.0000  -30.0000 7348.9282   11.2535
    7.5000   30.0000  -30.0000 6921.4546   11.2841
   -7.5000   37.5000  -30.0000 6561.8530   10.9576
    0.0000   37.5000  -30.0000 6601.1953   11.0045
    7.5000   37.5000  -30.0000 6205.3096   11.0324
   -7.5000   45.0000  -30.0000 5955.0396   10.9371
    0.0000   45.0000  -30.0000 5966.7124   10.9818
    7.5000   45.0000  -30.0000 5604.1548   11.0073
   -7.5000  -45.0000  -22.5000 8377.6680   11.0574
    0.0000  -45.0000  -22.5000 8420.2578   11.0877
    7.5000  -45.0000  -22.5000 7920.3921   11.1083
   -7.5000  -37.5000  -22.5000 8823.7461   11.7513
    0.0000  -37.5000  -22.5000 8879.2422   11.7848
    7.5000  -37.5000  -22.5000 8353.4277   11.8074
   -7.5000  -30.0000  -22.5000 9300.0566   12.0632
    0.0000  -30.0000  -22.5000 9369.2051   12.1004
    7.5000  -30.0000  -22.5000 8801.8848   12.1268
   -7.5000  -22.5000  -22.5000 9902.9639   12.0674
    0.0000  -22.5000  -22.5000 9988.6240   12.1065
    7.5000  -22.5000  -22.5000 9356.4111   12.1355
   -7.5000  -15.0000  -22.500010406.8984   12.0799
    0.0000  -15.0000  -22.500010512.3018   12.1177
    7.5000  -15.0000  -22.5000 9832.2920   12.1461
   -7.5000   -7.5000  -22.500010444.9111   12.0888
    0.0000   -7.5000  -22.500010533.2148   12.1237
    7.5000   -7.5000  -22.5000 9858.3691   12.1488
   -7.5000    0.0000  -22.500010511.7051   12.0837
    0.0000    0.0000  -22.500010603.0576   12.1169
    7.5000    0.0000  -22.5000 9917.5840   12.1393
   -7.5000    7.5000  -22.5000 9933.3242   12.0671
    0.0000    7.5000  -22.5000 9999.6855   12.1015
    7.5000    7.5000  -22.5000 9356.5244   12.1248
   -7.5000   15.0000  -22.5000 9477.3574   12.0603
    0.0000   15.0000  -22.5000 9544.1807   12.0975
    7.5000   15.0000  -22.5000 8980.2734   12.1239
   -7.5000   22.5000  -22.5000 8567.0234   11.9077
    0.0000   22.5000  -22.5000 8644.5117   11.9463
    7.5000   22.5000  -22.5000 8148.9902   11.9750
   -7.5000   30.0000  -22.5000 7740.0625   11.6249
    0.0000   30.0000  -22.5000 7788.1074   11.6612
    7.5000   30.0000  -22.5000 7349.4009   11.6885
   -7.5000   37.5000  -22.5000 6937.6934   11.3753
    0.0000   37.5000  -22.5000 6966.8135   11.4089
    7.5000   37.5000  -22.5000 6556.7817   11.4317
   -7.5000   45.0000  -22.5000 6269.9941   11.3583
    0.0000   45.0000  -22.5000 6274.3247   11.3908
    7.5000   45.0000  -22.5000 5905.8320   11.4096
   -7.5000  -45.0000  -15.0000 8912.7549   11.4664
    0.0000  -45.0000  -15.0000 8959.4697   11.4929
    7.5000  -45.0000  -15.0000 8429.1494   11.5073
   -7.5000  -37.5000  -15.0000 9397.2988   12.1867
    0.0000  -37.5000  -15.0000 9445.0693   12.2177
    7.5000  -37.5000  -15.0000 8899.0303   12.2330
   -7.5000  -30.0000  -15.0000 9917.1045   12.4959
    0.0000  -30.0000  -15.0000 9965.5010   12.5272
    7.5000  -30.0000  -15.0000 9385.0762   12.5451
   -7.5000  -22.5000  -15.000010560.3320   12.4958
    0.0000  -22.5000  -15.000010649.6748   12.5242
    7.5000  -22.5000  -15.0000 9972.0078   12.5446
   -7.5000  -15.0000  -15.000011110.5127   12.5080
    0.0000  -15.0000  -15.000011203.2100   12.5336
    7.5000  -15.0000  -15.000010483.0664   12.5545
   -7.5000   -7.5000  -15.000011142.8418   12.5199
    0.0000   -7.5000  -15.000011231.4609   12.5457
    7.5000   -7.5000  -15.000010504.0889   12.5642
   -7.5000    0.0000  -15.000011211.6650   12.5185
    0.0000    0.0000  -15.000011305.8877   12.5474
    7.5000    0.0000  -15.000010565.9092   12.5632
   -7.5000    7.5000  -15.000010570.1670   12.5021
    0.0000    7.5000  -15.000010615.8037   12.5339
    7.5000    7.5000  -15.0000 9948.6201   12.5495
   -7.5000   15.0000  -15.000010076.0771   12.4920
    0.0000   15.0000  -15.000010119.7607   12.5234
    7.5000   15.0000  -15.0000 9547.1514   12.5412
   -7.5000   22.5000  -15.0000 9124.4365   12.3324
    0.0000   22.5000  -15.0000 9181.3164   12.3604
    7.5000   22.5000  -15.0000 8658.8555   12.3805
   -7.5000   30.0000  -15.0000 8201.7861   12.0459
    0.0000   30.0000  -15.0000 8245.8496   12.0705
    7.5000   30.0000  -15.0000 7782.6016   12.0906
   -7.5000   37.5000  -15.0000 7349.6636   11.7984
    0.0000   37.5000  -15.0000 7391.5454   11.8232
    7.5000   37.5000  -15.0000 6958.7241   11.8397
   -7.5000   45.0000  -15.0000 6601.4873   11.7942
    0.0000   45.0000  -15.0000 6616.0723   11.8220
    7.5000   45.0000  -15.0000 6237.0327   11.8346
   -7.5000  -45.0000   -7.5000 9158.1553   11.4738
    0.0000  -45.0000   -7.5000 9213.9736   11.5072
    7.5000  -45.0000   -7.5000 8667.9824   11.5203
   -7.5000  -37.5000   -7.5000 9665.5996   12.1948
    0.0000  -37.5000   -7.5000 9709.6738   12.2311
    7.5000  -37.5000   -7.5000 9165.6602   12.2431
   -7.5000  -30.0000   -7.500010238.5566   12.5004
    0.0000  -30.0000   -7.500010293.8574   12.5326
    7.5000  -30.0000   -7.5000 9705.8428   12.5445
   -7.5000  -22.5000   -7.500010921.6113   12.4969
    0.0000  -22.5000   -7.500011004.9229   12.5232
    7.5000  -22.5000   -7.500010306.4053   12.5366
   -7.5000  -15.0000   -7.500011483.1357   12.5096
    0.0000  -15.0000   -7.500011576.2148   12.5355
    7.5000  -15.0000   -7.500010808.9219   12.5511
   -7.5000   -7.5000   -7.500011512.1055   12.5245
    0.0000   -7.5000   -7.500011591.5938   12.5552
    7.5000   -7.5000   -7.500010844.7666   12.5711
   -7.5000    0.0000   -7.500011594.2344   12.5266
    0.0000    0.0000   -7.500011662.7871   12.5630
    7.5000    0.0000   -7.500010899.1572   12.5773
   -7.5000    7.5000   -7.500010893.8711   12.5104
    0.0000    7.5000   -7.500010938.4502   12.5476
    7.5000    7.5000   -7.500010253.2363   12.5600
   -7.5000   15.0000   -7.500010374.4502   12.4965
    0.0000   15.0000   -7.500010424.5908   12.5287
    7.5000   15.0000   -7.5000 9797.2539   12.5406
   -7.5000   22.5000   -7.5000 9422.4814   12.3334
    0.0000   22.5000   -7.5000 9472.1689   12.3594
    7.5000   22.5000   -7.5000 8885.6064   12.3726
   -7.5000   30.0000   -7.5000 8458.2930   12.0474
    0.0000   30.0000   -7.5000 8512.7246   12.0723
    7.5000   30.0000   -7.5000 7977.8179   12.0873
   -7.5000   37.5000   -7.5000 7543.6821   11.8017
    0.0000   37.5000   -7.5000 7603.9595   11.8312
    7.5000   37.5000   -7.5000 7121.6523   11.8454
   -7.5000   45.0000   -7.5000 6741.9351   11.8018
    0.0000   45.0000   -7.5000 6783.0938   11.8364
    7.5000   45.0000   -7.5000 6354.2119   11.8488
   -7.5000  -45.0000    0.0000 9169.1738   11.7497
    0.0000  -45.0000    0.0000 9235.2939   11.7965
    7.5000  -45.0000    0.0000 8711.6357   11.8155
   -7.5000  -37.5000    0.0000 9685.9668   12.4810
    0.0000  -37.5000    0.0000 9752.7686   12.5283
    7.5000  -37.5000    0.0000 9208.1602   12.5461
   -7.5000  -30.0000    0.000010370.9727   12.7838
    0.0000  -30.0000    0.000010466.0684   12.8261
    7.5000  -30.0000    0.0000 9814.4521   12.8423
   -7.5000  -22.5000    0.000011199.5762   12.7810
    0.0000  -22.5000    0.000011341.5039   12.8191
    7.5000  -22.5000    0.000010502.4678   12.8359
   -7.5000  -15.0000    0.000011786.2627   12.7966
    0.0000  -15.0000    0.000011897.0928   12.8375
    7.5000  -15.0000    0.000011031.6279   12.8570
   -7.5000   -7.5000    0.000011746.5654   12.8133
    0.0000   -7.5000    0.000011821.6885   12.8604
    7.5000   -7.5000    0.000011036.7988   12.8817
   -7.5000    0.0000    0.000011766.1670   12.8152
    0.0000    0.0000    0.000011827.9658   12.8661
    7.5000    0.0000    0.000011055.0605   12.8869
   -7.5000    7.5000    0.000010995.2158   12.7955
    0.0000    7.5000    0.000011062.3926   12.8441
    7.5000    7.5000    0.000010341.5762   12.8622
   -7.5000   15.0000    0.000010469.9941   12.7793
    0.0000   15.0000    0.000010537.2783   12.8215
    7.5000   15.0000    0.0000 9842.7217   12.8378
   -7.5000   22.5000    0.0000 9508.2881   12.6156
    0.0000   22.5000    0.0000 9577.4521   12.6532
    7.5000   22.5000    0.0000 8926.4092   12.6698
   -7.5000   30.0000    0.0000 8555.9082   12.3313
    0.0000   30.0000    0.0000 8617.6514   12.3706
    7.5000   30.0000    0.0000 8029.3447   12.3894
   -7.5000   37.5000    0.0000 7612.6709   12.0876
    0.0000   37.5000    0.0000 7667.2993   12.1330
    7.5000   37.5000    0.0000 7152.0371   12.1528
   -7.5000   45.0000    0.0000 6765.1064   12.0985
    0.0000   45.0000    0.0000 6814.5498   12.1478
    7.5000   45.0000    0.0000 6370.1196   12.1671
   -7.5000  -45.0000    7.5000 8876.9414   11.7412
    0.0000  -45.0000    7.5000 8920.0703   11.7931
    7.5000  -45.0000    7.5000 8420.0801   11.8201
   -7.5000  -37.5000    7.5000 9376.8467   12.4703
    0.0000  -37.5000    7.5000 9427.0557   12.5221
    7.5000  -37.5000    7.5000 8891.0479   12.5495
   -7.5000  -30.0000    7.500010112.7246   12.7755
    0.0000  -30.0000    7.500010227.6914   12.8260
    7.5000  -30.0000    7.5000 9488.9648   12.8537
   -7.5000  -22.5000    7.500011060.0771   12.7770
    0.0000  -22.5000    7.500011288.0801   12.8279
    7.5000  -22.5000    7.500010216.0078   12.8562
   -7.5000  -15.0000    7.500011679.8057   12.7937
    0.0000  -15.0000    7.500011852.2812   12.8481
    7.5000  -15.0000    7.500010789.8770   12.8776
   -7.5000   -7.5000    7.500011556.3652   12.8079
    0.0000   -7.5000    7.500011634.3066   12.8652
    7.5000   -7.5000    7.500010774.1504   12.8951
   -7.5000    0.0000    7.500011447.0225   12.8059
    0.0000    0.0000    7.500011491.2070   12.8625
    7.5000    0.0000    7.500010723.8379   12.8918
   -7.5000    7.5000    7.500010598.4697   12.7846
    0.0000    7.5000    7.500010654.4492   12.8377
    7.5000    7.5000    7.5000 9951.8438   12.8658
   -7.5000   15.0000    7.500010095.3369   12.7710
    0.0000   15.0000    7.500010151.2715   12.8215
    7.5000   15.0000    7.5000 9479.3691   12.8491
   -7.5000   22.5000    7.5000 9159.1895   12.6116
    0.0000   22.5000    7.5000 9204.0391   12.6619
    7.5000   22.5000    7.5000 8602.0498   12.6898
   -7.5000   30.0000    7.5000 8261.6943   12.3284
    0.0000   30.0000    7.5000 8305.3906   12.3809
    7.5000   30.0000    7.5000 7756.3188   12.4092
   -7.5000   37.5000    7.5000 7331.6631   12.0834
    0.0000   37.5000    7.5000 7383.1587   12.1386
    7.5000   37.5000    7.5000 6906.3926   12.1666
   -7.5000   45.0000    7.5000 6518.0796   12.0916
    0.0000   45.0000    7.5000 6560.3335   12.1470
    7.5000   45.0000    7.5000 6136.4458   12.1743
   -7.5000  -45.0000   15.0000 8866.5078   11.8860
    0.0000  -45.0000   15.0000 8916.3604   11.9321
    7.5000  -45.0000   15.0000 8375.8154   11.9607
   -7.5000  -37.5000   15.0000 9392.1094   12.6225
    0.0000  -37.5000   15.0000 9461.6416   12.6695
    7.5000  -37.5000   15.0000 8845.7715   12.7001
   -7.5000  -30.0000   15.000010093.1455   12.9363
    0.0000  -30.0000   15.000010223.3779   12.9861
    7.5000  -30.0000   15.0000 9439.4922   13.0193
   -7.5000  -22.5000   15.000010953.3193   12.9434
    0.0000  -22.5000   15.000011161.4717   12.9968
    7.5000  -22.5000   15.000010148.1113   13.0318
   -7.5000  -15.0000   15.000011595.3408   12.9608
    0.0000  -15.0000   15.000011789.0273   13.0160
    7.5000  -15.0000   15.000010752.7988   13.0508
   -7.5000   -7.5000   15.000011491.7588   12.9714
    0.0000   -7.5000   15.000011628.2188   13.0251
    7.5000   -7.5000   15.000010759.6318   13.0581
   -7.5000    0.0000   15.000011360.3516   12.9638
    0.0000    0.0000   15.000011464.4092   13.0140
    7.5000    0.0000   15.000010685.0576   13.0451
   -7.5000    7.5000   15.000010490.2998   12.9406
    0.0000    7.5000   15.000010555.8750   12.9888
    7.5000    7.5000   15.0000 9873.3828   13.0201
   -7.5000   15.0000   15.0000 9993.1289   12.9317
    0.0000   15.0000   15.000010052.9863   12.9815
    7.5000   15.0000   15.0000 9414.1787   13.0147
   -7.5000   22.5000   15.0000 9084.7090   12.7759
    0.0000   22.5000   15.0000 9132.2246   12.8286
    7.5000   22.5000   15.0000 8570.8594   12.8631
   -7.5000   30.0000   15.0000 8212.0264   12.4894
    0.0000   30.0000   15.0000 8257.4219   12.5427
    7.5000   30.0000   15.0000 7748.4326   12.5762
   -7.5000   37.5000   15.0000 7301.8394   12.2401
    0.0000   37.5000   15.0000 7331.3882   12.2919
    7.5000   37.5000   15.0000 6901.2539   12.3226
   -7.5000   45.0000   15.0000 6491.8564   12.2416
    0.0000   45.0000   15.0000 6517.1328   12.2913
    7.5000   45.0000   15.0000 6123.8872   12.3193
   -7.5000  -45.0000   22.5000 8351.7285   12.1073
    0.0000  -45.0000   22.5000 8418.1494   12.1426
    7.5000  -45.0000   22.5000 7926.3076   12.1657
   -7.5000  -37.5000   22.5000 8871.0273   12.8556
    0.0000  -37.5000   22.5000 8945.3037   12.8945
    7.5000  -37.5000   22.5000 8400.8232   12.9199
   -7.5000  -30.0000   22.5000 9463.5410   13.1744
    0.0000  -30.0000   22.5000 9568.6650   13.2172
    7.5000  -30.0000   22.5000 8949.6162   13.2470
   -7.5000  -22.5000   22.500010120.5176   13.1819
    0.0000  -22.5000   22.500010229.4639   13.2268
    7.5000  -22.5000   22.5000 9556.3320   13.2596
   -7.5000  -15.0000   22.500010687.0264   13.2007
    0.0000  -15.0000   22.500010769.4629   13.2443
    7.5000  -15.0000   22.500010100.4023   13.2762
   -7.5000   -7.5000   22.500010674.5342   13.2129
    0.0000   -7.5000   22.500010738.0166   13.2534
    7.5000   -7.5000   22.500010139.0508   13.2815
   -7.5000    0.0000   22.500010635.3877   13.2050
    0.0000    0.0000   22.500010686.4668   13.2436
    7.5000    0.0000   22.500010108.4775   13.2686
   -7.5000    7.5000   22.5000 9856.9395   13.1796
    0.0000    7.5000   22.5000 9881.2500   13.2194
    7.5000    7.5000   22.5000 9347.0273   13.2455
   -7.5000   15.0000   22.5000 9431.2754   13.1697
    0.0000   15.0000   22.5000 9458.6982   13.2125
    7.5000   15.0000   22.5000 8928.0010   13.2424
   -7.5000   22.5000   22.5000 8602.6484   13.0113
    0.0000   22.5000   22.5000 8631.9609   13.0557
    7.5000   22.5000   22.5000 8141.5991   13.0880
   -7.5000   30.0000   22.5000 7746.0103   12.7206
    0.0000   30.0000   22.5000 7788.8486   12.7627
    7.5000   30.0000   22.5000 7348.7822   12.7934
   -7.5000   37.5000   22.5000 6883.5342   12.4705
    0.0000   37.5000   22.5000 6917.8569   12.5095
    7.5000   37.5000   22.5000 6532.9751   12.5351
   -7.5000   45.0000   22.5000 6109.8457   12.4622
    0.0000   45.0000   22.5000 6132.4585   12.5002
    7.5000   45.0000   22.5000 5788.0552   12.5215
   -7.5000  -45.0000   30.0000 7813.3936   12.3555
    0.0000  -45.0000   30.0000 7876.4526   12.3864
    7.5000  -45.0000   30.0000 7425.7715   12.4031
   -7.5000  -37.5000   30.0000 8271.8623   13.1234
    0.0000  -37.5000   30.0000 8335.9932   13.1586
    7.5000  -37.5000   30.0000 7869.9917   13.1762
   -7.5000  -30.0000   30.0000 8751.9443   13.4463
    0.0000  -30.0000   30.0000 8822.4277   13.4821
    7.5000  -30.0000   30.0000 8352.9697   13.5029
   -7.5000  -22.5000   30.0000 9299.2041   13.4505
    0.0000  -22.5000   30.0000 9348.6621   13.4842
    7.5000  -22.5000   30.0000 8879.9648   13.5083
   -7.5000  -15.0000   30.0000 9834.3115   13.4714
    0.0000  -15.0000   30.0000 9870.4473   13.5028
    7.5000  -15.0000   30.0000 9368.4473   13.5275
   -7.5000   -7.5000   30.0000 9898.8799   13.4884
    0.0000   -7.5000   30.0000 9946.0645   13.5199
    7.5000   -7.5000   30.0000 9446.6201   13.5417
   -7.5000    0.0000   30.0000 9911.7148   13.4839
    0.0000    0.0000   30.0000 9940.2715   13.5176
    7.5000    0.0000   30.0000 9447.6230   13.5358
   -7.5000    7.5000   30.0000 9215.1562   13.4564
    0.0000    7.5000   30.0000 9235.1348   13.4925
    7.5000    7.5000   30.0000 8768.0664   13.5105
   -7.5000   15.0000   30.0000 8841.2529   13.4415
    0.0000   15.0000   30.0000 8862.2383   13.4773
    7.5000   15.0000   30.0000 8386.3613   13.4981
   -7.5000   22.5000   30.0000 8077.7471   13.2753
    0.0000   22.5000   30.0000 8091.8462   13.3085
    7.5000   22.5000   30.0000 7647.1675   13.3323
   -7.5000   30.0000   30.0000 7259.9741   12.9874
    0.0000   30.0000   30.0000 7291.1289   13.0177
    7.5000   30.0000   30.0000 6893.6758   13.0415
   -7.5000   37.5000   30.0000 6438.8394   12.7449
    0.0000   37.5000   30.0000 6460.4219   12.7752
    7.5000   37.5000   30.0000 6108.1567   12.7946
   -7.5000   45.0000   30.0000 5727.2056   12.7320
    0.0000   45.0000   30.0000 5731.1484   12.7650
    7.5000   45.0000   30.0000 5426.9819   12.7803
   -7.5000  -45.0000   37.5000 7334.1309   12.4991
    0.0000  -45.0000   37.5000 7387.9023   12.5396
    7.5000  -45.0000   37.5000 6966.0293   12.5569
   -7.5000  -37.5000   37.5000 7725.8267   13.2760
    0.0000  -37.5000   37.5000 7774.7588   13.3198
    7.5000  -37.5000   37.5000 7346.8042   13.3363
   -7.5000  -30.0000   37.5000 8158.1802   13.5835
    0.0000  -30.0000   37.5000 8210.9375   13.6228
    7.5000  -30.0000   37.5000 7779.9443   13.6398
   -7.5000  -22.5000   37.5000 8657.0654   13.5810
    0.0000  -22.5000   37.5000 8704.9570   13.6140
    7.5000  -22.5000   37.5000 8263.0654   13.6329
   -7.5000  -15.0000   37.5000 9148.2217   13.6064
    0.0000  -15.0000   37.5000 9186.0469   13.6392
    7.5000  -15.0000   37.5000 8707.1582   13.6603
   -7.5000   -7.5000   37.5000 9220.6689   13.6330
    0.0000   -7.5000   37.5000 9261.3848   13.6711
    7.5000   -7.5000   37.5000 8790.0713   13.6920
   -7.5000    0.0000   37.5000 9218.3252   13.6354
    0.0000    0.0000   37.5000 9244.2607   13.6795
    7.5000    0.0000   37.5000 8784.6055   13.6983
   -7.5000    7.5000   37.5000 8592.3018   13.6045
    0.0000    7.5000   37.5000 8611.4424   13.6493
    7.5000    7.5000   37.5000 8182.1172   13.6663
   -7.5000   15.0000   37.5000 8252.8350   13.5786
    0.0000   15.0000   37.5000 8271.6846   13.6179
    7.5000   15.0000   37.5000 7841.9072   13.6349
   -7.5000   22.5000   37.5000 7531.5410   13.4018
    0.0000   22.5000   37.5000 7558.3447   13.4343
    7.5000   22.5000   37.5000 7150.0737   13.4530
   -7.5000   30.0000   37.5000 6773.5854   13.1175
    0.0000   30.0000   37.5000 6797.7231   13.1491
    7.5000   30.0000   37.5000 6444.1982   13.1695
   -7.5000   37.5000   37.5000 6003.0527   12.8841
    0.0000   37.5000   37.5000 6020.1392   12.9209
    7.5000   37.5000   37.5000 5695.0215   12.9397
   -7.5000   45.0000   37.5000 5344.4170   12.8608
    0.0000   45.0000   37.5000 5347.5239   12.9036
    7.5000   45.0000   37.5000 5070.6104   12.9209
   -7.5000  -45.0000   45.0000 6830.7314   12.6625
    0.0000  -45.0000   45.0000 6876.4512   12.7206
    7.5000  -45.0000   45.0000 6483.5952   12.7476
   -7.5000  -37.5000   45.0000 7185.3101   13.4416
    0.0000  -37.5000   45.0000 7235.9536   13.5006
    7.5000  -37.5000   45.0000 6840.6865   13.5276
   -7.5000  -30.0000   45.0000 7589.3623   13.7307
    0.0000  -30.0000   45.0000 7641.0713   13.7859
    7.5000  -30.0000   45.0000 7236.3364   13.8134
   -7.5000  -22.5000   45.0000 8048.9937   13.7295
    0.0000  -22.5000   45.0000 8102.6675   13.7821
    7.5000  -22.5000   45.0000 7678.9668   13.8115
   -7.5000  -15.0000   45.0000 8474.2236   13.7650
    0.0000  -15.0000   45.0000 8540.3711   13.8210
    7.5000  -15.0000   45.0000 8080.3198   13.8524
   -7.5000   -7.5000   45.0000 8555.1484   13.7992
    0.0000   -7.5000   45.0000 8609.0811   13.8604
    7.5000   -7.5000   45.0000 8160.2734   13.8917
   -7.5000    0.0000   45.0000 8556.1016   13.8015
    0.0000    0.0000   45.0000 8589.9395   13.8648
    7.5000    0.0000   45.0000 8163.5820   13.8943
   -7.5000    7.5000   45.0000 7984.1958   13.7609
    0.0000    7.5000   45.0000 8004.7310   13.8214
    7.5000    7.5000   45.0000 7607.8198   13.8490
   -7.5000   15.0000   45.0000 7671.8066   13.7256
    0.0000   15.0000   45.0000 7698.6265   13.7808
    7.5000   15.0000   45.0000 7295.6001   13.8083
   -7.5000   22.5000   45.0000 6994.3555   13.5465
    0.0000   22.5000   45.0000 7027.6758   13.5983
    7.5000   22.5000   45.0000 6649.2090   13.6274
   -7.5000   30.0000   45.0000 6285.6875   13.2690
    0.0000   30.0000   45.0000 6315.3154   13.3230
    7.5000   30.0000   45.0000 5992.8306   13.3533
   -7.5000   37.5000   45.0000 5598.7925   13.0419
    0.0000   37.5000   45.0000 5601.4609   13.1010
    7.5000   37.5000   45.0000 5314.9473   13.1303
   -7.5000   45.0000   45.0000 4985.9351   13.0020
    0.0000   45.0000   45.0000 4989.7700   13.0636
    7.5000   45.0000   45.0000 4741.4385   13.0915

---------------------------------------------------------------------
imgreg_4dfp /opt/freesurfer/average/711-2C_as_mni_average_305 /opt/freesurfer/average/711-2B_as_mni_average_305_mask talsrcimg_g11 none talsrcimg_to_711-2C_as_mni_average_305_t4 4355
---------------------------------------------------------------------

freesurfer imgreg_4dfp.c
/opt/freesurfer/average/711-2C_as_mni_average_305.4dfp.img
       256       256       256         1
  1.000000  1.000000  1.000000
orientation T byte_order littleendian
Reading image: /opt/freesurfer/average/711-2C_as_mni_average_305.4dfp.img
dimensions:      256       256       256
mmppix:       1.0000   -1.0000   -1.0000
center:     128.0000 -129.0000 -129.0000
/opt/freesurfer/average/711-2B_as_mni_average_305_mask.4dfp.img
       256       256       256         1
  1.000000  1.000000  1.000000
orientation T byte_order littleendian
Reading mask: /opt/freesurfer/average/711-2B_as_mni_average_305_mask.4dfp.img (2306576 pixels)
talsrcimg_g11.4dfp.img
       256       256       256         1
  0.898437  0.898437  0.898437
orientation T byte_order littleendian
Reading image: talsrcimg_g11.4dfp.img
dimensions:      256       256       256
mmppix:       0.8984   -0.8984   -0.8984
center:     114.9999 -115.8984 -115.8984
rotation matrix determinant  1.000000
image alignment mode   4355 decimal     1103 hex
   -7.5000  -60.0000  -45.0000 1885.3282   12.6653
    0.0000  -60.0000  -45.0000 1896.4923   12.6667
    7.5000  -60.0000  -45.0000 1875.7789   12.7546
   -7.5000  -52.5000  -45.0000 1975.6685   11.5695
    0.0000  -52.5000  -45.0000 1986.8090   11.6060
    7.5000  -52.5000  -45.0000 1965.2118   11.6839
   -7.5000  -45.0000  -45.0000 2088.6091   10.8213
    0.0000  -45.0000  -45.0000 2093.3782   10.8684
    7.5000  -45.0000  -45.0000 2075.0688   10.9285
   -7.5000  -37.5000  -45.0000 2151.2744   10.2116
    0.0000  -37.5000  -45.0000 2160.1641   10.2396
    7.5000  -37.5000  -45.0000 2130.7058   10.3223
   -7.5000  -30.0000  -45.0000 2175.4890    9.8107
    0.0000  -30.0000  -45.0000 2187.2920    9.8348
    7.5000  -30.0000  -45.0000 2154.1038    9.9485
   -7.5000  -22.5000  -45.0000 2171.8469    9.5972
    0.0000  -22.5000  -45.0000 2180.4578    9.6047
    7.5000  -22.5000  -45.0000 2158.0376    9.7308
   -7.5000  -15.0000  -45.0000 2163.1416    9.5623
    0.0000  -15.0000  -45.0000 2176.6938    9.5656
    7.5000  -15.0000  -45.0000 2148.6370    9.7016
   -7.5000   -7.5000  -45.0000 2148.8552    9.7262
    0.0000   -7.5000  -45.0000 2163.7205    9.7411
    7.5000   -7.5000  -45.0000 2130.6062    9.8811
   -7.5000    0.0000  -45.0000 2121.2185   10.0887
    0.0000    0.0000  -45.0000 2130.1846   10.0993
    7.5000    0.0000  -45.0000 2100.1482   10.2325
   -7.5000    7.5000  -45.0000 2079.1509   10.6741
    0.0000    7.5000  -45.0000 2085.6794   10.6757
    7.5000    7.5000  -45.0000 2054.9009   10.8209
   -7.5000   15.0000  -45.0000 2007.2200   11.5478
    0.0000   15.0000  -45.0000 2018.1858   11.5243
    7.5000   15.0000  -45.0000 1989.6942   11.6826
   -7.5000   22.5000  -45.0000 1922.2153   12.6693
    0.0000   22.5000  -45.0000 1928.7549   12.6642
    7.5000   22.5000  -45.0000 1901.6140   12.8282
   -7.5000   30.0000  -45.0000 1821.5857   14.0656
    0.0000   30.0000  -45.0000 1826.6737   14.0641
    7.5000   30.0000  -45.0000 1801.5247   14.2890
   -7.5000  -60.0000  -37.5000 2024.0099   12.4827
    0.0000  -60.0000  -37.5000 2039.1776   12.5025
    7.5000  -60.0000  -37.5000 2013.2288   12.6009
   -7.5000  -52.5000  -37.5000 2128.3123   11.3945
    0.0000  -52.5000  -37.5000 2140.7690   11.4454
    7.5000  -52.5000  -37.5000 2117.6006   11.5405
   -7.5000  -45.0000  -37.5000 2250.9714   10.6472
    0.0000  -45.0000  -37.5000 2257.5334   10.7028
    7.5000  -45.0000  -37.5000 2230.2922   10.7935
   -7.5000  -37.5000  -37.5000 2314.8518   10.0193
    0.0000  -37.5000  -37.5000 2325.2849   10.0626
    7.5000  -37.5000  -37.5000 2292.7844   10.1554
   -7.5000  -30.0000  -37.5000 2349.5454    9.6451
    0.0000  -30.0000  -37.5000 2358.2012    9.6542
    7.5000  -30.0000  -37.5000 2325.4207    9.7668
   -7.5000  -22.5000  -37.5000 2351.4290    9.4327
    0.0000  -22.5000  -37.5000 2363.5979    9.4613
    7.5000  -22.5000  -37.5000 2330.7227    9.5689
   -7.5000  -15.0000  -37.5000 2343.3762    9.3881
    0.0000  -15.0000  -37.5000 2353.4106    9.4199
    7.5000  -15.0000  -37.5000 2321.6694    9.5404
   -7.5000   -7.5000  -37.5000 2326.3289    9.5139
    0.0000   -7.5000  -37.5000 2337.9075    9.5540
    7.5000   -7.5000  -37.5000 2302.7473    9.6980
   -7.5000    0.0000  -37.5000 2294.5869    9.8468
    0.0000    0.0000  -37.5000 2307.7080    9.8899
    7.5000    0.0000  -37.5000 2268.6108   10.0416
   -7.5000    7.5000  -37.5000 2241.9900   10.4632
    0.0000    7.5000  -37.5000 2255.8499   10.4884
    7.5000    7.5000  -37.5000 2217.8806   10.6185
   -7.5000   15.0000  -37.5000 2166.7576   11.3043
    0.0000   15.0000  -37.5000 2181.1936   11.3159
    7.5000   15.0000  -37.5000 2148.2903   11.4865
   -7.5000   22.5000  -37.5000 2076.2620   12.4267
    0.0000   22.5000  -37.5000 2084.9783   12.4494
    7.5000   22.5000  -37.5000 2054.8606   12.6129
   -7.5000   30.0000  -37.5000 1969.0082   13.8045
    0.0000   30.0000  -37.5000 1974.9375   13.8365
    7.5000   30.0000  -37.5000 1949.5485   14.0191
   -7.5000  -60.0000  -30.0000 2158.2207   12.2260
    0.0000  -60.0000  -30.0000 2169.7385   12.2330
    7.5000  -60.0000  -30.0000 2141.2117   12.3783
   -7.5000  -52.5000  -30.0000 2267.4624   11.1419
    0.0000  -52.5000  -30.0000 2279.0637   11.1564
    7.5000  -52.5000  -30.0000 2247.5464   11.2899
   -7.5000  -45.0000  -30.0000 2385.6067   10.4060
    0.0000  -45.0000  -30.0000 2397.6377   10.4251
    7.5000  -45.0000  -30.0000 2363.3770   10.5499
   -7.5000  -37.5000  -30.0000 2458.4485    9.7546
    0.0000  -37.5000  -30.0000 2465.9678    9.7785
    7.5000  -37.5000  -30.0000 2435.2698    9.9112
   -7.5000  -30.0000  -30.0000 2496.7312    9.3465
    0.0000  -30.0000  -30.0000 2511.2185    9.3862
    7.5000  -30.0000  -30.0000 2473.0742    9.5143
   -7.5000  -22.5000  -30.0000 2517.6685    9.1591
    0.0000  -22.5000  -30.0000 2529.6235    9.1883
    7.5000  -22.5000  -30.0000 2490.9729    9.3150
   -7.5000  -15.0000  -30.0000 2516.7383    9.1283
    0.0000  -15.0000  -30.0000 2522.9373    9.1638
    7.5000  -15.0000  -30.0000 2492.7551    9.2787
   -7.5000   -7.5000  -30.0000 2501.9873    9.2491
    0.0000   -7.5000  -30.0000 2516.1775    9.2788
    7.5000   -7.5000  -30.0000 2473.0044    9.4206
   -7.5000    0.0000  -30.0000 2464.1604    9.6015
    0.0000    0.0000  -30.0000 2475.7168    9.6204
    7.5000    0.0000  -30.0000 2431.9351    9.7708
   -7.5000    7.5000  -30.0000 2401.0476   10.1849
    0.0000    7.5000  -30.0000 2415.5828   10.2025
    7.5000    7.5000  -30.0000 2372.2212   10.3455
   -7.5000   15.0000  -30.0000 2319.1797   10.9886
    0.0000   15.0000  -30.0000 2333.3613   11.0081
    7.5000   15.0000  -30.0000 2292.5449   11.1715
   -7.5000   22.5000  -30.0000 2215.2190   12.0414
    0.0000   22.5000  -30.0000 2228.7969   12.1034
    7.5000   22.5000  -30.0000 2194.3120   12.2633
   -7.5000   30.0000  -30.0000 2098.9636   13.4233
    0.0000   30.0000  -30.0000 2112.8149   13.4597
    7.5000   30.0000  -30.0000 2077.6707   13.6426
   -7.5000  -60.0000  -22.5000 2259.7180   11.8816
    0.0000  -60.0000  -22.5000 2270.2649   11.8496
    7.5000  -60.0000  -22.5000 2241.9858   12.0075
   -7.5000  -52.5000  -22.5000 2375.2197   10.7945
    0.0000  -52.5000  -22.5000 2381.5212   10.7565
    7.5000  -52.5000  -22.5000 2353.2712   10.9027
   -7.5000  -45.0000  -22.5000 2496.8704   10.0722
    0.0000  -45.0000  -22.5000 2509.3862   10.0429
    7.5000  -45.0000  -22.5000 2476.7791   10.1953
   -7.5000  -37.5000  -22.5000 2573.8638    9.4279
    0.0000  -37.5000  -22.5000 2589.6643    9.4259
    7.5000  -37.5000  -22.5000 2552.3906    9.5491
   -7.5000  -30.0000  -22.5000 2619.9089    9.0125
    0.0000  -30.0000  -22.5000 2638.7124    9.0368
    7.5000  -30.0000  -22.5000 2597.4480    9.1621
   -7.5000  -22.5000  -22.5000 2654.9275    8.8128
    0.0000  -22.5000  -22.5000 2668.7000    8.8286
    7.5000  -22.5000  -22.5000 2624.3013    8.9623
   -7.5000  -15.0000  -22.5000 2667.2625    8.7820
    0.0000  -15.0000  -22.5000 2678.7507    8.8026
    7.5000  -15.0000  -22.5000 2634.8342    8.9151
   -7.5000   -7.5000  -22.5000 2655.7551    8.9010
    0.0000   -7.5000  -22.5000 2670.3347    8.9248
    7.5000   -7.5000  -22.5000 2618.5366    9.0567
   -7.5000    0.0000  -22.5000 2614.8242    9.2774
    0.0000    0.0000  -22.5000 2630.1580    9.2848
    7.5000    0.0000  -22.5000 2575.3818    9.4195
   -7.5000    7.5000  -22.5000 2542.9382    9.8493
    0.0000    7.5000  -22.5000 2557.3916    9.8448
    7.5000    7.5000  -22.5000 2507.0266    9.9741
   -7.5000   15.0000  -22.5000 2445.7036   10.6132
    0.0000   15.0000  -22.5000 2460.0029   10.6194
    7.5000   15.0000  -22.5000 2417.9751   10.7689
   -7.5000   22.5000  -22.5000 2329.4016   11.6591
    0.0000   22.5000  -22.5000 2346.7146   11.6841
    7.5000   22.5000  -22.5000 2310.7202   11.8361
   -7.5000   30.0000  -22.5000 2205.2231   12.9762
    0.0000   30.0000  -22.5000 2220.6631   13.0110
    7.5000   30.0000  -22.5000 2189.1033   13.1994
   -7.5000  -60.0000  -15.0000 2311.7998   11.4748
    0.0000  -60.0000  -15.0000 2326.6021   11.4224
    7.5000  -60.0000  -15.0000 2301.0493   11.5857
   -7.5000  -52.5000  -15.0000 2434.7642   10.3626
    0.0000  -52.5000  -15.0000 2444.3770   10.3264
    7.5000  -52.5000  -15.0000 2421.4348   10.4787
   -7.5000  -45.0000  -15.0000 2566.8401    9.6627
    0.0000  -45.0000  -15.0000 2583.8496    9.6277
    7.5000  -45.0000  -15.0000 2549.7930    9.7677
   -7.5000  -37.5000  -15.0000 2653.3359    9.0499
    0.0000  -37.5000  -15.0000 2672.3887    9.0251
    7.5000  -37.5000  -15.0000 2635.0894    9.1669
   -7.5000  -30.0000  -15.0000 2715.5381    8.6587
    0.0000  -30.0000  -15.0000 2736.1042    8.6231
    7.5000  -30.0000  -15.0000 2690.2566    8.7790
   -7.5000  -22.5000  -15.0000 2758.7385    8.4542
    0.0000  -22.5000  -15.0000 2781.9961    8.4378
    7.5000  -22.5000  -15.0000 2728.9023    8.5753
   -7.5000  -15.0000  -15.0000 2781.1082    8.3940
    0.0000  -15.0000  -15.0000 2795.9404    8.3866
    7.5000  -15.0000  -15.0000 2747.6868    8.5274
   -7.5000   -7.5000  -15.0000 2773.0537    8.5310
    0.0000   -7.5000  -15.0000 2790.4966    8.5354
    7.5000   -7.5000  -15.0000 2736.6233    8.6695
   -7.5000    0.0000  -15.0000 2729.1509    8.9101
    0.0000    0.0000  -15.0000 2748.4172    8.9049
    7.5000    0.0000  -15.0000 2693.2744    9.0384
   -7.5000    7.5000  -15.0000 2653.8645    9.4773
    0.0000    7.5000  -15.0000 2661.6013    9.4726
    7.5000    7.5000  -15.0000 2617.5776    9.5942
   -7.5000   15.0000  -15.0000 2545.5398   10.2194
    0.0000   15.0000  -15.0000 2550.6660   10.2268
    7.5000   15.0000  -15.0000 2518.6655   10.3539
   -7.5000   22.5000  -15.0000 2418.9680   11.2390
    0.0000   22.5000  -15.0000 2434.1287   11.2499
    7.5000   22.5000  -15.0000 2396.8164   11.4096
   -7.5000   30.0000  -15.0000 2283.8257   12.5631
    0.0000   30.0000  -15.0000 2295.7124   12.5608
    7.5000   30.0000  -15.0000 2264.1589   12.7587
   -7.5000  -60.0000   -7.5000 2331.4050   11.0871
    0.0000  -60.0000   -7.5000 2343.1016   11.0065
    7.5000  -60.0000   -7.5000 2323.5449   11.2294
   -7.5000  -52.5000   -7.5000 2454.1824    9.9675
    0.0000  -52.5000   -7.5000 2464.9307    9.9199
    7.5000  -52.5000   -7.5000 2444.1006   10.1233
   -7.5000  -45.0000   -7.5000 2592.4209    9.2429
    0.0000  -45.0000   -7.5000 2609.7312    9.1996
    7.5000  -45.0000   -7.5000 2577.3979    9.3931
   -7.5000  -37.5000   -7.5000 2693.7415    8.6506
    0.0000  -37.5000   -7.5000 2711.1274    8.6114
    7.5000  -37.5000   -7.5000 2678.4338    8.7776
   -7.5000  -30.0000   -7.5000 2771.5017    8.2786
    0.0000  -30.0000   -7.5000 2795.5164    8.2352
    7.5000  -30.0000   -7.5000 2750.3125    8.3965
   -7.5000  -22.5000   -7.5000 2826.5576    8.0832
    0.0000  -22.5000   -7.5000 2853.9912    8.0499
    7.5000  -22.5000   -7.5000 2795.7810    8.2170
   -7.5000  -15.0000   -7.5000 2849.3718    8.0301
    0.0000  -15.0000   -7.5000 2874.8567    8.0091
    7.5000  -15.0000   -7.5000 2813.4819    8.1729
   -7.5000   -7.5000   -7.5000 2845.7825    8.1359
    0.0000   -7.5000   -7.5000 2864.7942    8.1451
    7.5000   -7.5000   -7.5000 2808.8777    8.3028
   -7.5000    0.0000   -7.5000 2798.3037    8.5171
    0.0000    0.0000   -7.5000 2816.6206    8.5074
    7.5000    0.0000   -7.5000 2762.0171    8.6675
   -7.5000    7.5000   -7.5000 2713.5823    9.0764
    0.0000    7.5000   -7.5000 2724.4543    9.0699
    7.5000    7.5000   -7.5000 2683.4695    9.2251
   -7.5000   15.0000   -7.5000 2596.0913    9.8251
    0.0000   15.0000   -7.5000 2606.4614    9.8179
    7.5000   15.0000   -7.5000 2569.8440    9.9796
   -7.5000   22.5000   -7.5000 2464.1689   10.8238
    0.0000   22.5000   -7.5000 2478.2871   10.8189
    7.5000   22.5000   -7.5000 2436.0969   10.9984
   -7.5000   30.0000   -7.5000 2323.2610   12.0846
    0.0000   30.0000   -7.5000 2336.0818   12.0781
    7.5000   30.0000   -7.5000 2293.6174   12.2710
   -7.5000  -60.0000    0.0000 2347.9915   10.9312
    0.0000  -60.0000    0.0000 2361.9907   10.8755
    7.5000  -60.0000    0.0000 2338.4529   11.1051
   -7.5000  -52.5000    0.0000 2471.9128    9.7962
    0.0000  -52.5000    0.0000 2484.3313    9.7453
    7.5000  -52.5000    0.0000 2458.1863    9.9751
   -7.5000  -45.0000    0.0000 2610.4006    9.0276
    0.0000  -45.0000    0.0000 2623.5198    8.9974
    7.5000  -45.0000    0.0000 2593.8052    9.2186
   -7.5000  -37.5000    0.0000 2723.5317    8.4266
    0.0000  -37.5000    0.0000 2742.6228    8.4062
    7.5000  -37.5000    0.0000 2707.8696    8.6022
   -7.5000  -30.0000    0.0000 2821.5220    8.0913
    0.0000  -30.0000    0.0000 2845.0627    8.0652
    7.5000  -30.0000    0.0000 2798.3030    8.2322
   -7.5000  -22.5000    0.0000 2892.0066    7.9635
    0.0000  -22.5000    0.0000 2927.4536    7.9522
    7.5000  -22.5000    0.0000 2855.3105    8.0784
   -7.5000  -15.0000    0.0000 2925.1707    7.9159
    0.0000  -15.0000    0.0000 2961.4536    7.9112
    7.5000  -15.0000    0.0000 2880.5801    8.0629
   -7.5000   -7.5000    0.0000 2910.0449    7.9777
    0.0000   -7.5000    0.0000 2934.6909    7.9800
    7.5000   -7.5000    0.0000 2868.4912    8.1523
   -7.5000    0.0000    0.0000 2850.3049    8.3173
    0.0000    0.0000    0.0000 2869.1921    8.3282
    7.5000    0.0000    0.0000 2816.4785    8.4793
   -7.5000    7.5000    0.0000 2754.7288    8.8572
    0.0000    7.5000    0.0000 2774.0161    8.8693
    7.5000    7.5000    0.0000 2729.7104    9.0162
   -7.5000   15.0000    0.0000 2632.6211    9.6240
    0.0000   15.0000    0.0000 2646.6677    9.6206
    7.5000   15.0000    0.0000 2607.0559    9.7669
   -7.5000   22.5000    0.0000 2506.2546   10.6055
    0.0000   22.5000    0.0000 2518.0183   10.5990
    7.5000   22.5000    0.0000 2474.8352   10.7584
   -7.5000   30.0000    0.0000 2362.9321   11.8158
    0.0000   30.0000    0.0000 2374.9119   11.8224
    7.5000   30.0000    0.0000 2331.9731   11.9812
   -7.5000  -60.0000    7.5000 2358.3198   10.8260
    0.0000  -60.0000    7.5000 2373.6594   10.7865
    7.5000  -60.0000    7.5000 2351.0449   11.0520
   -7.5000  -52.5000    7.5000 2479.0862    9.7060
    0.0000  -52.5000    7.5000 2489.7007    9.6589
    7.5000  -52.5000    7.5000 2465.5349    9.9202
   -7.5000  -45.0000    7.5000 2611.7761    8.9485
    0.0000  -45.0000    7.5000 2624.3604    8.9262
    7.5000  -45.0000    7.5000 2597.3762    9.1521
   -7.5000  -37.5000    7.5000 2735.3242    8.3746
    0.0000  -37.5000    7.5000 2751.4875    8.3684
    7.5000  -37.5000    7.5000 2718.3499    8.5385
   -7.5000  -30.0000    7.5000 2843.6812    8.0257
    0.0000  -30.0000    7.5000 2864.1829    8.0274
    7.5000  -30.0000    7.5000 2817.2578    8.1641
   -7.5000  -22.5000    7.5000 2932.8857    7.9439
    0.0000  -22.5000    7.5000 2972.7422    7.9581
    7.5000  -22.5000    7.5000 2884.9502    8.0161
   -7.5000  -15.0000    7.5000 2972.5466    7.9368
    0.0000  -15.0000    7.5000 3011.6084    7.9683
    7.5000  -15.0000    7.5000 2911.9924    8.0356
   -7.5000   -7.5000    7.5000 2953.4595    7.9483
    0.0000   -7.5000    7.5000 2976.1528    7.9719
    7.5000   -7.5000    7.5000 2898.4514    8.1236
   -7.5000    0.0000    7.5000 2880.9497    8.1865
    0.0000    0.0000    7.5000 2899.9485    8.2018
    7.5000    0.0000    7.5000 2839.4331    8.3662
   -7.5000    7.5000    7.5000 2771.3862    8.6986
    0.0000    7.5000    7.5000 2791.9185    8.7122
    7.5000    7.5000    7.5000 2746.4019    8.8524
   -7.5000   15.0000    7.5000 2648.2068    9.4380
    0.0000   15.0000    7.5000 2664.2346    9.4482
    7.5000   15.0000    7.5000 2621.2847    9.5833
   -7.5000   22.5000    7.5000 2514.3293   10.3990
    0.0000   22.5000    7.5000 2522.2371   10.4277
    7.5000   22.5000    7.5000 2484.0742   10.5574
   -7.5000   30.0000    7.5000 2368.6965   11.5780
    0.0000   30.0000    7.5000 2375.1040   11.6261
    7.5000   30.0000    7.5000 2338.7832   11.7847
   -7.5000  -60.0000   15.0000 2366.1592   10.9225
    0.0000  -60.0000   15.0000 2381.0542   10.9197
    7.5000  -60.0000   15.0000 2346.6409   11.1511
   -7.5000  -52.5000   15.0000 2483.1621    9.8220
    0.0000  -52.5000   15.0000 2497.9766    9.8106
    7.5000  -52.5000   15.0000 2459.5552   10.0147
   -7.5000  -45.0000   15.0000 2619.4609    9.0784
    0.0000  -45.0000   15.0000 2628.4370    9.0710
    7.5000  -45.0000   15.0000 2596.3770    9.2727
   -7.5000  -37.5000   15.0000 2740.4941    8.4808
    0.0000  -37.5000   15.0000 2759.7395    8.4729
    7.5000  -37.5000   15.0000 2713.7305    8.6327
   -7.5000  -30.0000   15.0000 2843.8088    8.1365
    0.0000  -30.0000   15.0000 2870.2712    8.1349
    7.5000  -30.0000   15.0000 2809.4822    8.2534
   -7.5000  -22.5000   15.0000 2932.5330    8.0016
    0.0000  -22.5000   15.0000 2973.2004    8.0225
    7.5000  -22.5000   15.0000 2880.1970    8.1051
   -7.5000  -15.0000   15.0000 2970.7673    7.9924
    0.0000  -15.0000   15.0000 3008.1411    8.0220
    7.5000  -15.0000   15.0000 2905.0986    8.1095
   -7.5000   -7.5000   15.0000 2941.7878    8.0484
    0.0000   -7.5000   15.0000 2964.8494    8.0720
    7.5000   -7.5000   15.0000 2886.5049    8.2057
   -7.5000    0.0000   15.0000 2869.3621    8.2588
    0.0000    0.0000   15.0000 2893.9021    8.2668
    7.5000    0.0000   15.0000 2828.3518    8.4219
   -7.5000    7.5000   15.0000 2763.6670    8.7198
    0.0000    7.5000   15.0000 2780.7964    8.7259
    7.5000    7.5000   15.0000 2727.9028    8.8705
   -7.5000   15.0000   15.0000 2634.9624    9.4018
    0.0000   15.0000   15.0000 2652.8120    9.4012
    7.5000   15.0000   15.0000 2605.7659    9.5602
   -7.5000   22.5000   15.0000 2501.8555   10.3302
    0.0000   22.5000   15.0000 2508.9404   10.3459
    7.5000   22.5000   15.0000 2475.8601   10.4946
   -7.5000   30.0000   15.0000 2357.4719   11.5011
    0.0000   30.0000   15.0000 2364.5562   11.5353
    7.5000   30.0000   15.0000 2331.1619   11.7165
   -7.5000  -60.0000   22.5000 2357.6707   11.1229
    0.0000  -60.0000   22.5000 2371.6631   11.0945
    7.5000  -60.0000   22.5000 2330.9294   11.3449
   -7.5000  -52.5000   22.5000 2479.3044   10.0145
    0.0000  -52.5000   22.5000 2495.1814    9.9899
    7.5000  -52.5000   22.5000 2451.4211   10.2190
   -7.5000  -45.0000   22.5000 2617.3494    9.2989
    0.0000  -45.0000   22.5000 2632.3301    9.2649
    7.5000  -45.0000   22.5000 2589.2432    9.4896
   -7.5000  -37.5000   22.5000 2739.2095    8.7027
    0.0000  -37.5000   22.5000 2757.9944    8.6748
    7.5000  -37.5000   22.5000 2703.8560    8.8697
   -7.5000  -30.0000   22.5000 2830.5562    8.3354
    0.0000  -30.0000   22.5000 2858.6191    8.3147
    7.5000  -30.0000   22.5000 2794.9641    8.4585
   -7.5000  -22.5000   22.5000 2899.0425    8.1250
    0.0000  -22.5000   22.5000 2929.1375    8.1094
    7.5000  -22.5000   22.5000 2850.8884    8.2571
   -7.5000  -15.0000   22.5000 2924.9241    8.0661
    0.0000  -15.0000   22.5000 2953.9138    8.0388
    7.5000  -15.0000   22.5000 2870.2783    8.2374
   -7.5000   -7.5000   22.5000 2893.6211    8.1741
    0.0000   -7.5000   22.5000 2915.8320    8.1364
    7.5000   -7.5000   22.5000 2852.5613    8.3389
   -7.5000    0.0000   22.5000 2829.5601    8.4408
    0.0000    0.0000   22.5000 2851.8528    8.4114
    7.5000    0.0000   22.5000 2795.7554    8.5790
   -7.5000    7.5000   22.5000 2723.0969    8.9336
    0.0000    7.5000   22.5000 2740.8665    8.9048
    7.5000    7.5000   22.5000 2693.4812    9.0599
   -7.5000   15.0000   22.5000 2602.1733    9.5677
    0.0000   15.0000   22.5000 2616.6638    9.5691
    7.5000   15.0000   22.5000 2575.8201    9.7154
   -7.5000   22.5000   22.5000 2477.0781   10.4277
    0.0000   22.5000   22.5000 2482.4050   10.4437
    7.5000   22.5000   22.5000 2447.2393   10.6216
   -7.5000   30.0000   22.5000 2328.1377   11.5743
    0.0000   30.0000   22.5000 2337.4531   11.5917
    7.5000   30.0000   22.5000 2307.6309   11.7618
   -7.5000  -60.0000   30.0000 2334.8577   11.4305
    0.0000  -60.0000   30.0000 2352.0652   11.3986
    7.5000  -60.0000   30.0000 2311.6697   11.6739
   -7.5000  -52.5000   30.0000 2461.0940   10.3407
    0.0000  -52.5000   30.0000 2480.0000   10.3064
    7.5000  -52.5000   30.0000 2431.5913   10.5765
   -7.5000  -45.0000   30.0000 2597.4768    9.6365
    0.0000  -45.0000   30.0000 2616.5710    9.5981
    7.5000  -45.0000   30.0000 2563.9661    9.8463
   -7.5000  -37.5000   30.0000 2709.9690    9.0312
    0.0000  -37.5000   30.0000 2731.5195    8.9999
    7.5000  -37.5000   30.0000 2676.8027    9.2207
   -7.5000  -30.0000   30.0000 2792.7893    8.6011
    0.0000  -30.0000   30.0000 2820.1216    8.5652
    7.5000  -30.0000   30.0000 2759.0171    8.7706
   -7.5000  -22.5000   30.0000 2843.9219    8.3469
    0.0000  -22.5000   30.0000 2867.0061    8.2946
    7.5000  -22.5000   30.0000 2801.5967    8.5286
   -7.5000  -15.0000   30.0000 2858.4026    8.3093
    0.0000  -15.0000   30.0000 2879.3223    8.2566
    7.5000  -15.0000   30.0000 2810.7468    8.4881
   -7.5000   -7.5000   30.0000 2828.1050    8.4538
    0.0000   -7.5000   30.0000 2848.7991    8.4122
    7.5000   -7.5000   30.0000 2790.5967    8.6132
   -7.5000    0.0000   30.0000 2765.6382    8.7598
    0.0000    0.0000   30.0000 2783.2051    8.7211
    7.5000    0.0000   30.0000 2731.6921    8.8951
   -7.5000    7.5000   30.0000 2669.6060    9.2383
    0.0000    7.5000   30.0000 2684.9634    9.2160
    7.5000    7.5000   30.0000 2639.6760    9.3913
   -7.5000   15.0000   30.0000 2553.9846    9.8914
    0.0000   15.0000   30.0000 2567.7361    9.8798
    7.5000   15.0000   30.0000 2527.7539   10.0403
   -7.5000   22.5000   30.0000 2434.5635   10.7269
    0.0000   22.5000   30.0000 2441.2173   10.7208
    7.5000   22.5000   30.0000 2404.1399   10.9009
   -7.5000   30.0000   30.0000 2285.0188   11.8245
    0.0000   30.0000   30.0000 2298.2354   11.8239
    7.5000   30.0000   30.0000 2266.0469   12.0017
   -7.5000  -60.0000   37.5000 2300.5332   11.8620
    0.0000  -60.0000   37.5000 2320.6746   11.7910
    7.5000  -60.0000   37.5000 2277.1755   12.1147
   -7.5000  -52.5000   37.5000 2427.6370   10.7584
    0.0000  -52.5000   37.5000 2449.0842   10.7243
    7.5000  -52.5000   37.5000 2395.9009   11.0095
   -7.5000  -45.0000   37.5000 2562.4355   10.0606
    0.0000  -45.0000   37.5000 2582.3909   10.0307
    7.5000  -45.0000   37.5000 2523.9717   10.2835
   -7.5000  -37.5000   37.5000 2665.0837    9.4211
    0.0000  -37.5000   37.5000 2688.1628    9.3985
    7.5000  -37.5000   37.5000 2629.5332    9.6286
   -7.5000  -30.0000   37.5000 2744.5713    8.9513
    0.0000  -30.0000   37.5000 2766.8193    8.9128
    7.5000  -30.0000   37.5000 2707.9644    9.1512
   -7.5000  -22.5000   37.5000 2781.3503    8.6981
    0.0000  -22.5000   37.5000 2803.6665    8.6491
    7.5000  -22.5000   37.5000 2741.7373    8.8988
   -7.5000  -15.0000   37.5000 2784.4692    8.6839
    0.0000  -15.0000   37.5000 2800.8303    8.6455
    7.5000  -15.0000   37.5000 2740.7783    8.8634
   -7.5000   -7.5000   37.5000 2748.7683    8.8298
    0.0000   -7.5000   37.5000 2768.6484    8.8074
    7.5000   -7.5000   37.5000 2713.1458    9.0068
   -7.5000    0.0000   37.5000 2683.5789    9.1591
    0.0000    0.0000   37.5000 2699.4443    9.1383
    7.5000    0.0000   37.5000 2652.1912    9.3290
   -7.5000    7.5000   37.5000 2598.5491    9.6485
    0.0000    7.5000   37.5000 2613.6426    9.6364
    7.5000    7.5000   37.5000 2573.2227    9.8210
   -7.5000   15.0000   37.5000 2493.4478   10.3080
    0.0000   15.0000   37.5000 2504.6377   10.3031
    7.5000   15.0000   37.5000 2469.7288   10.4647
   -7.5000   22.5000   37.5000 2371.2524   11.1257
    0.0000   22.5000   37.5000 2385.2239   11.1291
    7.5000   22.5000   37.5000 2348.6138   11.3107
   -7.5000   30.0000   37.5000 2228.8018   12.2497
    0.0000   30.0000   37.5000 2240.8186   12.2689
    7.5000   30.0000   37.5000 2211.4634   12.4453
   -7.5000  -60.0000   45.0000 2244.2166   12.3474
    0.0000  -60.0000   45.0000 2266.0271   12.3084
    7.5000  -60.0000   45.0000 2224.5632   12.6074
   -7.5000  -52.5000   45.0000 2365.4968   11.2338
    0.0000  -52.5000   45.0000 2381.5244   11.2138
    7.5000  -52.5000   45.0000 2333.8467   11.4919
   -7.5000  -45.0000   45.0000 2490.0344   10.5278
    0.0000  -45.0000   45.0000 2505.1536   10.5231
    7.5000  -45.0000   45.0000 2453.3708   10.7712
   -7.5000  -37.5000   45.0000 2585.6865    9.8610
    0.0000  -37.5000   45.0000 2605.2153    9.8436
    7.5000  -37.5000   45.0000 2554.2773   10.0902
   -7.5000  -30.0000   45.0000 2655.1443    9.3683
    0.0000  -30.0000   45.0000 2678.2710    9.3311
    7.5000  -30.0000   45.0000 2623.4446    9.5871
   -7.5000  -22.5000   45.0000 2684.8464    9.1348
    0.0000  -22.5000   45.0000 2706.9834    9.0933
    7.5000  -22.5000   45.0000 2653.1213    9.3290
   -7.5000  -15.0000   45.0000 2676.6567    9.1171
    0.0000  -15.0000   45.0000 2698.9546    9.1026
    7.5000  -15.0000   45.0000 2642.8203    9.3173
   -7.5000   -7.5000   45.0000 2641.8582    9.2802
    0.0000   -7.5000   45.0000 2664.5186    9.2748
    7.5000   -7.5000   45.0000 2613.2483    9.4680
   -7.5000    0.0000   45.0000 2577.7112    9.6142
    0.0000    0.0000   45.0000 2593.3794    9.6016
    7.5000    0.0000   45.0000 2554.5430    9.7958
   -7.5000    7.5000   45.0000 2501.5618   10.0847
    0.0000    7.5000   45.0000 2512.7405   10.0836
    7.5000    7.5000   45.0000 2476.0288   10.2718
   -7.5000   15.0000   45.0000 2404.0496   10.7446
    0.0000   15.0000   45.0000 2416.7729   10.7419
    7.5000   15.0000   45.0000 2379.4111   10.9121
   -7.5000   22.5000   45.0000 2281.9246   11.5877
    0.0000   22.5000   45.0000 2297.0144   11.6011
    7.5000   22.5000   45.0000 2261.3726   11.7761
   -7.5000   30.0000   45.0000 2139.0312   12.7022
    0.0000   30.0000   45.0000 2153.3975   12.7578
    7.5000   30.0000   45.0000 2121.7000   12.9543

---------------------------------------------------------------------
imgreg_4dfp /opt/freesurfer/average/711-2C_as_mni_average_305 /opt/freesurfer/average/711-2B_as_mni_average_305_mask talsrcimg_g11 none talsrcimg_to_711-2C_as_mni_average_305_t4 1283
---------------------------------------------------------------------

freesurfer imgreg_4dfp.c
/opt/freesurfer/average/711-2C_as_mni_average_305.4dfp.img
       256       256       256         1
  1.000000  1.000000  1.000000
orientation T byte_order littleendian
Reading image: /opt/freesurfer/average/711-2C_as_mni_average_305.4dfp.img
dimensions:      256       256       256
mmppix:       1.0000   -1.0000   -1.0000
center:     128.0000 -129.0000 -129.0000
/opt/freesurfer/average/711-2B_as_mni_average_305_mask.4dfp.img
       256       256       256         1
  1.000000  1.000000  1.000000
orientation T byte_order littleendian
Reading mask: /opt/freesurfer/average/711-2B_as_mni_average_305_mask.4dfp.img (2306576 pixels)
talsrcimg_g11.4dfp.img
       256       256       256         1
  0.898437  0.898437  0.898437
orientation T byte_order littleendian
Reading image: talsrcimg_g11.4dfp.img
dimensions:      256       256       256
mmppix:       0.8984   -0.8984   -0.8984
center:     114.9999 -115.8984 -115.8984
rotation matrix determinant  1.000000
fimgreg.f
image alignment mode   1283 decimal      503 hex
parameters
    0.0000  -15.0000    7.5000    0.0000    0.0000    0.0000
eta,q 0.94535  7.93943
niter,ni,del,rscale     5    3   12.0000    1.2000
parameter  3 -0.545277 -> -0.500000 qaram    1.1500
parameter  4 -0.936734 -> -0.500000 qaram    1.1500
parameters
   -1.8059  -15.3388   10.9500    3.4500   -0.1877   -0.6847
eta,q 0.95442  7.91562
  0.0613  0.0597  0.0676  0.0633  0.0556  0.0496
  0.0544  0.0542  0.0616  0.0599  0.0510  0.0469
  0.0516  0.0517  0.0558  0.0555  0.0476  0.0454
  0.0534  0.0516  0.0514  0.0505  0.0458  0.0459
  0.0602  0.0533  0.0504  0.0471  0.0470  0.0471
  0.0695  0.0566  0.0505  0.0457  0.0514  0.0487
  0.0783  0.0606  0.0513  0.0476  0.0576  0.0510
niter,ni,del,rscale     6    3   12.0000    1.2000
parameters
   -1.6395  -16.2320   11.2317    4.3629   -0.3438   -0.5718
eta,q 0.95491  7.92563
  0.0655  0.0546  0.0581  0.0596  0.0554  0.0509
  0.0558  0.0484  0.0528  0.0536  0.0504  0.0476
  0.0484  0.0454  0.0482  0.0476  0.0467  0.0454
  0.0456  0.0456  0.0451  0.0450  0.0450  0.0451
  0.0476  0.0485  0.0462  0.0462  0.0461  0.0461
  0.0542  0.0539  0.0510  0.0498  0.0508  0.0479
  0.0636  0.0612  0.0570  0.0534  0.0571  0.0499
niter,ni,del,rscale     5    3   12.0000    1.2000
parameters
   -1.6302  -16.6232   11.2936    4.6806   -0.3446   -0.5081
eta,q 0.95482  7.93025
  0.0647  0.0563  0.0572  0.0575  0.0559  0.0510
  0.0550  0.0495  0.0525  0.0510  0.0509  0.0476
  0.0473  0.0459  0.0481  0.0462  0.0469  0.0454
  0.0451  0.0451  0.0451  0.0450  0.0452  0.0452
  0.0476  0.0471  0.0465  0.0473  0.0459  0.0462
  0.0546  0.0520  0.0517  0.0508  0.0503  0.0481
  0.0647  0.0594  0.0577  0.0543  0.0566  0.0500
niter,ni,del,rscale     4    3   12.0000    1.2000
parameters
   -1.6530  -16.7730   11.3238    4.7847   -0.3132   -0.4899
eta,q 0.95478  7.93175
  0.0647  0.0573  0.0571  0.0567  0.0561  0.0510
  0.0551  0.0500  0.0526  0.0503  0.0510  0.0476
  0.0473  0.0462  0.0483  0.0458  0.0470  0.0454
  0.0452  0.0452  0.0452  0.0452  0.0452  0.0452
  0.0477  0.0466  0.0466  0.0476  0.0459  0.0463
  0.0550  0.0512  0.0519  0.0511  0.0503  0.0482
  0.0651  0.0583  0.0578  0.0546  0.0566  0.0502
niter,ni,del,rscale     3    3   12.0000    1.2000
parameters
   -1.6714  -16.8233   11.3388    4.8150   -0.2934   -0.4894
eta,q 0.95478  7.93217
  0.0648  0.0577  0.0571  0.0564  0.0561  0.0510
  0.0553  0.0502  0.0526  0.0500  0.0510  0.0475
  0.0474  0.0463  0.0483  0.0457  0.0470  0.0454
  0.0452  0.0452  0.0452  0.0452  0.0452  0.0452
  0.0478  0.0465  0.0467  0.0477  0.0460  0.0463
  0.0550  0.0509  0.0520  0.0511  0.0504  0.0482
  0.0652  0.0578  0.0579  0.0547  0.0566  0.0502
registration optimization eta report
parameter search radius
    6.0000    6.0000    6.9000    6.9000    6.0000    6.0000
100000*second partial in parameter space
       55.       35.       25.       21.       31.       15.
  0.0648  0.0577  0.0571  0.0564  0.0561  0.0510
  0.0553  0.0502  0.0526  0.0500  0.0510  0.0475
  0.0474  0.0463  0.0483  0.0457  0.0470  0.0454
  0.0452  0.0452  0.0452  0.0452  0.0452  0.0452
  0.0478  0.0465  0.0467  0.0477  0.0460  0.0463
  0.0550  0.0509  0.0520  0.0511  0.0504  0.0482
  0.0652  0.0578  0.0579  0.0547  0.0566  0.0502
   -1.6714  -16.8233   11.3388    4.8150   -0.2934   -0.4894
eta,q 0.95478  7.93217

---------------------------------------------------------------------
imgreg_4dfp /opt/freesurfer/average/711-2C_as_mni_average_305 /opt/freesurfer/average/711-2B_as_mni_average_305_mask talsrcimg_g11 none talsrcimg_to_711-2C_as_mni_average_305_t4 3335
---------------------------------------------------------------------

freesurfer imgreg_4dfp.c
/opt/freesurfer/average/711-2C_as_mni_average_305.4dfp.img
       256       256       256         1
  1.000000  1.000000  1.000000
orientation T byte_order littleendian
Reading image: /opt/freesurfer/average/711-2C_as_mni_average_305.4dfp.img
dimensions:      256       256       256
mmppix:       1.0000   -1.0000   -1.0000
center:     128.0000 -129.0000 -129.0000
/opt/freesurfer/average/711-2B_as_mni_average_305_mask.4dfp.img
       256       256       256         1
  1.000000  1.000000  1.000000
orientation T byte_order littleendian
Reading mask: /opt/freesurfer/average/711-2B_as_mni_average_305_mask.4dfp.img (2306576 pixels)
talsrcimg_g11.4dfp.img
       256       256       256         1
  0.898437  0.898437  0.898437
orientation T byte_order littleendian
Reading image: talsrcimg_g11.4dfp.img
dimensions:      256       256       256
mmppix:       0.8984   -0.8984   -0.8984
center:     114.9999 -115.8984 -115.8984
fimgreg.f
image alignment mode   3335 decimal      D07 hex
parameters
   -1.6714  -16.8233   11.3388   -0.0050   -0.3569   -0.3542
    0.8941    0.4385   -0.8542   -8.3979   -0.5120    8.3937
eta,q 0.95409  7.93429
niter,ni,del,rscale     5    3    5.0000    1.2000
parameter  4  2.060503 ->  0.500000 qaram    1.1500
parameter  5  2.092151 ->  0.500000 qaram    1.1500
parameter  6  0.539219 ->  0.500000 qaram    1.1500
parameter 12  0.792871 ->  0.500000 qaram    1.1500
parameters
   -1.9715  -16.4447   12.1902   -4.1450   -4.4969   -4.4942
    0.3036    0.1956    0.8029  -10.2943   -1.5839    4.2537
eta,q 0.96403  7.51836
  0.0483  0.0483  0.0483  0.0394  0.0358  0.0375  0.0397  0.0416  0.0393  0.0388  0.0375  0.0359
  0.0467  0.0471  0.0472  0.0409  0.0372  0.0371  0.0382  0.0391  0.0382  0.0374  0.0370  0.0359
  0.0460  0.0463  0.0464  0.0430  0.0390  0.0373  0.0373  0.0376  0.0375  0.0368  0.0368  0.0362
  0.0459  0.0459  0.0458  0.0456  0.0414  0.0376  0.0371  0.0371  0.0371  0.0370  0.0368  0.0367
  0.0465  0.0458  0.0456  0.0485  0.0442  0.0387  0.0377  0.0378  0.0370  0.0381  0.0370  0.0377
  0.0478  0.0463  0.0457  0.0519  0.0472  0.0400  0.0389  0.0395  0.0373  0.0400  0.0374  0.0390
  0.0498  0.0472  0.0463  0.0556  0.0505  0.0420  0.0406  0.0422  0.0379  0.0426  0.0381  0.0405
niter,ni,del,rscale     7    3    5.0000    1.2000
parameter  4  1.332922 ->  0.500000 qaram    1.3225
parameter  5  0.858544 ->  0.500000 qaram    1.3225
parameters
   -1.8826  -16.7457   11.9429   -8.9060   -9.2579   -3.5120
    0.1946    0.0919    1.2223   -9.4365   -1.1489    3.1557
eta,q 0.96957  7.18441
  0.0403  0.0379  0.0373  0.0316  0.0305  0.0341  0.0340  0.0356  0.0331  0.0352  0.0321  0.0320
  0.0380  0.0367  0.0365  0.0325  0.0304  0.0322  0.0321  0.0330  0.0318  0.0330  0.0313  0.0311
  0.0365  0.0360  0.0360  0.0339  0.0312  0.0310  0.0310  0.0312  0.0309  0.0314  0.0307  0.0305
  0.0360  0.0360  0.0359  0.0359  0.0328  0.0306  0.0306  0.0306  0.0306  0.0306  0.0305  0.0305
  0.0364  0.0365  0.0362  0.0387  0.0350  0.0307  0.0311  0.0313  0.0307  0.0307  0.0306  0.0309
  0.0376  0.0376  0.0369  0.0419  0.0380  0.0314  0.0323  0.0331  0.0314  0.0316  0.0310  0.0318
  0.0396  0.0393  0.0381  0.0456  0.0416  0.0327  0.0341  0.0360  0.0326  0.0335  0.0318  0.0332
niter,ni,del,rscale     7    3    5.0000    1.2000
parameter  4  0.507737 ->  0.500000 qaram    1.5209
parameters
   -1.8621  -16.9027   12.7207  -14.3812  -12.1904   -2.9929
    0.0004    0.1064    0.7833   -9.4783   -1.3769    3.4983
eta,q 0.97134  6.83516
  0.0348  0.0333  0.0337  0.0301  0.0305  0.0319  0.0319  0.0345  0.0308  0.0324  0.0301  0.0306
  0.0325  0.0316  0.0322  0.0290  0.0294  0.0301  0.0301  0.0314  0.0296  0.0304  0.0293  0.0296
  0.0310  0.0307  0.0311  0.0291  0.0287  0.0290  0.0290  0.0293  0.0288  0.0291  0.0288  0.0289
  0.0304  0.0304  0.0304  0.0302  0.0289  0.0287  0.0287  0.0287  0.0287  0.0287  0.0287  0.0287
  0.0309  0.0310  0.0302  0.0321  0.0303  0.0289  0.0292  0.0294  0.0291  0.0292  0.0289  0.0288
  0.0323  0.0323  0.0304  0.0350  0.0327  0.0297  0.0304  0.0314  0.0300  0.0305  0.0294  0.0293
  0.0347  0.0341  0.0311  0.0387  0.0360  0.0311  0.0322  0.0344  0.0314  0.0324  0.0302  0.0303
niter,ni,del,rscale     7    3    5.0000    1.2000
parameters
   -1.9191  -16.9859   13.0315  -13.5248  -12.5934   -2.7332
    0.0468    0.0851    0.8306   -9.5611   -1.2713    3.7140
eta,q 0.97136  6.86859
  0.0330  0.0317  0.0310  0.0356  0.0321  0.0317  0.0321  0.0344  0.0312  0.0324  0.0302  0.0306
  0.0306  0.0299  0.0298  0.0321  0.0304  0.0299  0.0303  0.0314  0.0298  0.0303  0.0293  0.0295
  0.0291  0.0289  0.0290  0.0297  0.0292  0.0289  0.0291  0.0293  0.0290  0.0290  0.0288  0.0289
  0.0287  0.0287  0.0286  0.0286  0.0286  0.0286  0.0287  0.0286  0.0286  0.0286  0.0286  0.0286
  0.0293  0.0292  0.0287  0.0291  0.0290  0.0289  0.0291  0.0294  0.0289  0.0292  0.0288  0.0287
  0.0309  0.0303  0.0291  0.0308  0.0305  0.0297  0.0302  0.0314  0.0298  0.0305  0.0293  0.0294
  0.0334  0.0320  0.0300  0.0337  0.0331  0.0312  0.0320  0.0344  0.0311  0.0325  0.0301  0.0304
niter,ni,del,rscale     6    3    5.0000    1.2000
parameters
   -1.9269  -17.0659   13.1139  -13.4844  -12.6435   -2.6803
    0.0385    0.0812    0.8063   -9.6432   -1.2501    3.8293
eta,q 0.97137  6.87065
  0.0332  0.0317  0.0306  0.0347  0.0323  0.0315  0.0321  0.0344  0.0311  0.0324  0.0302  0.0305
  0.0307  0.0299  0.0296  0.0315  0.0306  0.0297  0.0302  0.0314  0.0298  0.0303  0.0293  0.0295
  0.0291  0.0289  0.0289  0.0293  0.0293  0.0288  0.0290  0.0293  0.0289  0.0290  0.0288  0.0288
  0.0286  0.0286  0.0286  0.0286  0.0286  0.0286  0.0286  0.0286  0.0286  0.0286  0.0286  0.0286
  0.0292  0.0291  0.0288  0.0295  0.0289  0.0289  0.0291  0.0294  0.0289  0.0292  0.0288  0.0287
  0.0308  0.0303  0.0294  0.0314  0.0303  0.0298  0.0303  0.0314  0.0298  0.0305  0.0293  0.0294
  0.0332  0.0320  0.0304  0.0346  0.0328  0.0314  0.0321  0.0344  0.0311  0.0325  0.0301  0.0305
niter,ni,del,rscale     5    3    5.0000    1.2000
parameters
   -1.9259  -17.0886   13.1357  -13.4781  -12.6550   -2.6811
    0.0393    0.0828    0.7961   -9.6764   -1.2413    3.8627
eta,q 0.97137  6.87048
  0.0332  0.0318  0.0305  0.0347  0.0324  0.0315  0.0321  0.0344  0.0311  0.0324  0.0302  0.0305
  0.0307  0.0300  0.0295  0.0314  0.0306  0.0297  0.0302  0.0314  0.0298  0.0304  0.0293  0.0295
  0.0291  0.0289  0.0289  0.0293  0.0293  0.0288  0.0290  0.0293  0.0289  0.0290  0.0288  0.0288
  0.0286  0.0286  0.0286  0.0286  0.0286  0.0286  0.0286  0.0286  0.0286  0.0286  0.0286  0.0286
  0.0292  0.0291  0.0288  0.0295  0.0288  0.0289  0.0291  0.0294  0.0289  0.0291  0.0288  0.0287
  0.0307  0.0302  0.0294  0.0314  0.0303  0.0298  0.0303  0.0314  0.0298  0.0305  0.0293  0.0294
  0.0332  0.0319  0.0305  0.0346  0.0328  0.0314  0.0321  0.0344  0.0311  0.0324  0.0301  0.0305
registration optimization eta report
parameter search radius
    2.4000    2.4000    2.4000   10.9503    9.5220    8.2800
    7.2000    7.2000    7.2000    7.2000    7.2000    8.2800
100000*second partial in parameter space
       80.       56.       32.        5.        4.        4.
        7.       11.        5.        7.        3.        3.
  0.0332  0.0318  0.0305  0.0347  0.0324  0.0315  0.0321  0.0344  0.0311  0.0324  0.0302  0.0305
  0.0307  0.0300  0.0295  0.0314  0.0306  0.0297  0.0302  0.0314  0.0298  0.0304  0.0293  0.0295
  0.0291  0.0289  0.0289  0.0293  0.0293  0.0288  0.0290  0.0293  0.0289  0.0290  0.0288  0.0288
  0.0286  0.0286  0.0286  0.0286  0.0286  0.0286  0.0286  0.0286  0.0286  0.0286  0.0286  0.0286
  0.0292  0.0291  0.0288  0.0295  0.0288  0.0289  0.0291  0.0294  0.0289  0.0291  0.0288  0.0287
  0.0307  0.0302  0.0294  0.0314  0.0303  0.0298  0.0303  0.0314  0.0298  0.0305  0.0293  0.0294
  0.0332  0.0319  0.0305  0.0346  0.0328  0.0314  0.0321  0.0344  0.0311  0.0324  0.0301  0.0305
   -1.9259  -17.0886   13.1357  -13.4781  -12.6550   -2.6811
    0.0393    0.0828    0.7961   -9.6764   -1.2413    3.8627
eta,q 0.97137  6.87048

---------------------------------------------------------------------
imgreg_4dfp /opt/freesurfer/average/711-2C_as_mni_average_305 /opt/freesurfer/average/711-2B_as_mni_average_305_mask talsrcimg_g11 none talsrcimg_to_711-2C_as_mni_average_305_t4 2311
---------------------------------------------------------------------

freesurfer imgreg_4dfp.c
/opt/freesurfer/average/711-2C_as_mni_average_305.4dfp.img
       256       256       256         1
  1.000000  1.000000  1.000000
orientation T byte_order littleendian
Reading image: /opt/freesurfer/average/711-2C_as_mni_average_305.4dfp.img
dimensions:      256       256       256
mmppix:       1.0000   -1.0000   -1.0000
center:     128.0000 -129.0000 -129.0000
/opt/freesurfer/average/711-2B_as_mni_average_305_mask.4dfp.img
       256       256       256         1
  1.000000  1.000000  1.000000
orientation T byte_order littleendian
Reading mask: /opt/freesurfer/average/711-2B_as_mni_average_305_mask.4dfp.img (2306576 pixels)
talsrcimg_g11.4dfp.img
       256       256       256         1
  0.898437  0.898437  0.898437
orientation T byte_order littleendian
Reading image: talsrcimg_g11.4dfp.img
dimensions:      256       256       256
mmppix:       0.8984   -0.8984   -0.8984
center:     114.9999 -115.8984 -115.8984
fimgreg.f
image alignment mode   2311 decimal      907 hex
parameters
   -1.9259  -17.0886   13.1357  -13.4781  -12.6550   -2.6811
    0.0393    0.0828    0.7961   -9.6764   -1.2413    3.8627
eta,q 0.97137  6.87048
niter,ni,del,rscale     5    3    5.0000    0.8000
parameters
   -1.9289  -17.1231   13.1556  -13.6757  -11.9659   -2.8008
    0.0353    0.0554    0.7976   -9.7435   -1.3578    4.1304
eta,q 0.97144  6.88531
  0.0307  0.0301  0.0295  0.0298  0.0299  0.0294  0.0302  0.0313  0.0297  0.0303  0.0292  0.0292
  0.0296  0.0292  0.0290  0.0291  0.0293  0.0289  0.0293  0.0298  0.0291  0.0293  0.0288  0.0289
  0.0289  0.0288  0.0287  0.0287  0.0289  0.0286  0.0288  0.0288  0.0287  0.0288  0.0286  0.0287
  0.0286  0.0286  0.0286  0.0286  0.0286  0.0286  0.0286  0.0286  0.0286  0.0286  0.0286  0.0286
  0.0289  0.0288  0.0287  0.0288  0.0286  0.0287  0.0288  0.0289  0.0287  0.0288  0.0287  0.0286
  0.0296  0.0294  0.0290  0.0293  0.0288  0.0289  0.0293  0.0299  0.0291  0.0294  0.0289  0.0287
  0.0307  0.0302  0.0295  0.0300  0.0294  0.0295  0.0302  0.0314  0.0297  0.0304  0.0293  0.0291
niter,ni,del,rscale     4    3    5.0000    0.7000
parameters
   -1.9269  -17.1250   13.1367  -13.6997  -11.8871   -2.8625
    0.0414    0.0551    0.8428   -9.7668   -1.3923    4.1652
eta,q 0.97145  6.88517
  0.0302  0.0297  0.0292  0.0296  0.0294  0.0292  0.0298  0.0307  0.0294  0.0299  0.0291  0.0290
  0.0293  0.0291  0.0288  0.0290  0.0290  0.0288  0.0291  0.0295  0.0289  0.0292  0.0288  0.0288
  0.0287  0.0287  0.0286  0.0287  0.0287  0.0286  0.0287  0.0288  0.0287  0.0287  0.0286  0.0286
  0.0286  0.0286  0.0286  0.0286  0.0286  0.0286  0.0285  0.0286  0.0286  0.0286  0.0285  0.0285
  0.0287  0.0287  0.0286  0.0287  0.0286  0.0287  0.0287  0.0288  0.0286  0.0287  0.0286  0.0286
  0.0293  0.0291  0.0289  0.0291  0.0289  0.0288  0.0291  0.0295  0.0289  0.0292  0.0288  0.0287
  0.0302  0.0297  0.0292  0.0296  0.0294  0.0292  0.0298  0.0307  0.0294  0.0300  0.0291  0.0290
niter,ni,del,rscale     3    3    5.0000    0.6000
parameters
   -1.9279  -17.1273   13.1314  -13.7586  -11.8051   -2.8737
    0.0387    0.0507    0.8487   -9.7683   -1.4102    4.2355
eta,q 0.97145  6.88565
  0.0297  0.0294  0.0290  0.0293  0.0292  0.0290  0.0295  0.0302  0.0292  0.0296  0.0289  0.0289
  0.0291  0.0289  0.0288  0.0289  0.0289  0.0287  0.0290  0.0293  0.0288  0.0290  0.0287  0.0287
  0.0287  0.0286  0.0286  0.0286  0.0287  0.0286  0.0287  0.0287  0.0286  0.0287  0.0286  0.0286
  0.0286  0.0286  0.0286  0.0286  0.0286  0.0285  0.0285  0.0285  0.0285  0.0285  0.0285  0.0285
  0.0287  0.0287  0.0286  0.0287  0.0286  0.0286  0.0287  0.0287  0.0286  0.0287  0.0286  0.0286
  0.0291  0.0290  0.0288  0.0289  0.0288  0.0288  0.0290  0.0293  0.0288  0.0290  0.0287  0.0287
  0.0297  0.0294  0.0290  0.0293  0.0292  0.0290  0.0295  0.0301  0.0292  0.0296  0.0289  0.0289
niter,ni,del,rscale     2    3    5.0000    0.5000
parameters
   -1.9315  -17.1324   13.1362  -13.7662  -11.7468   -2.9138
    0.0450    0.0361    0.8659   -9.7801   -1.4208    4.3371
eta,q 0.97146  6.88661
  0.0294  0.0291  0.0289  0.0291  0.0290  0.0289  0.0292  0.0297  0.0290  0.0293  0.0288  0.0288
  0.0289  0.0288  0.0287  0.0288  0.0288  0.0287  0.0288  0.0290  0.0287  0.0289  0.0287  0.0287
  0.0286  0.0286  0.0286  0.0286  0.0286  0.0286  0.0286  0.0287  0.0286  0.0286  0.0286  0.0286
  0.0285  0.0285  0.0286  0.0285  0.0286  0.0285  0.0285  0.0285  0.0285  0.0285  0.0285  0.0285
  0.0286  0.0286  0.0286  0.0286  0.0286  0.0286  0.0286  0.0287  0.0286  0.0286  0.0286  0.0285
  0.0289  0.0288  0.0287  0.0288  0.0287  0.0287  0.0288  0.0291  0.0287  0.0289  0.0287  0.0286
  0.0294  0.0292  0.0289  0.0291  0.0290  0.0288  0.0292  0.0297  0.0290  0.0293  0.0288  0.0288
niter,ni,del,rscale     1    3    5.0000    0.4000
parameters
   -1.9344  -17.1382   13.1399  -13.7940  -11.7025   -2.9810
    0.0436    0.0233    0.8626   -9.7952   -1.4339    4.4095
eta,q 0.97145  6.88503
  0.0291  0.0289  0.0288  0.0289  0.0289  0.0287  0.0290  0.0293  0.0288  0.0290  0.0287  0.0287
  0.0288  0.0287  0.0286  0.0287  0.0287  0.0286  0.0287  0.0289  0.0287  0.0287  0.0286  0.0286
  0.0286  0.0286  0.0286  0.0286  0.0286  0.0286  0.0286  0.0286  0.0286  0.0286  0.0286  0.0286
  0.0285  0.0285  0.0285  0.0285  0.0285  0.0285  0.0285  0.0285  0.0285  0.0285  0.0285  0.0285
  0.0286  0.0286  0.0286  0.0286  0.0286  0.0286  0.0286  0.0286  0.0286  0.0286  0.0286  0.0285
  0.0288  0.0287  0.0286  0.0287  0.0287  0.0287  0.0287  0.0289  0.0287  0.0288  0.0286  0.0286
  0.0291  0.0289  0.0288  0.0289  0.0289  0.0287  0.0290  0.0293  0.0288  0.0290  0.0287  0.0287
registration optimization eta report
parameter search radius
    0.8000    0.8000    0.8000    2.4000    2.4000    2.4000
    2.4000    2.4000    2.4000    2.4000    2.4000    2.4000
100000*second partial in parameter space
       83.       61.       35.        6.        5.        3.
        7.       13.        5.        8.        3.        2.
  0.0291  0.0289  0.0288  0.0289  0.0289  0.0287  0.0290  0.0293  0.0288  0.0290  0.0287  0.0287
  0.0288  0.0287  0.0286  0.0287  0.0287  0.0286  0.0287  0.0289  0.0287  0.0287  0.0286  0.0286
  0.0286  0.0286  0.0286  0.0286  0.0286  0.0286  0.0286  0.0286  0.0286  0.0286  0.0286  0.0286
  0.0285  0.0285  0.0285  0.0285  0.0285  0.0285  0.0285  0.0285  0.0285  0.0285  0.0285  0.0285
  0.0286  0.0286  0.0286  0.0286  0.0286  0.0286  0.0286  0.0286  0.0286  0.0286  0.0286  0.0285
  0.0288  0.0287  0.0286  0.0287  0.0287  0.0287  0.0287  0.0289  0.0287  0.0288  0.0286  0.0286
  0.0291  0.0289  0.0288  0.0289  0.0289  0.0287  0.0290  0.0293  0.0288  0.0290  0.0287  0.0287
   -1.9344  -17.1382   13.1399  -13.7940  -11.7025   -2.9810
    0.0436    0.0233    0.8626   -9.7952   -1.4339    4.4095
eta,q 0.97145  6.88503

---------------------------------------------------------------------
imgreg_4dfp /opt/freesurfer/average/711-2C_as_mni_average_305 /opt/freesurfer/average/711-2B_as_mni_average_305_mask talsrcimg_g11 none talsrcimg_to_711-2C_as_mni_average_305_t4 2311
---------------------------------------------------------------------

freesurfer imgreg_4dfp.c
/opt/freesurfer/average/711-2C_as_mni_average_305.4dfp.img
       256       256       256         1
  1.000000  1.000000  1.000000
orientation T byte_order littleendian
Reading image: /opt/freesurfer/average/711-2C_as_mni_average_305.4dfp.img
dimensions:      256       256       256
mmppix:       1.0000   -1.0000   -1.0000
center:     128.0000 -129.0000 -129.0000
/opt/freesurfer/average/711-2B_as_mni_average_305_mask.4dfp.img
       256       256       256         1
  1.000000  1.000000  1.000000
orientation T byte_order littleendian
Reading mask: /opt/freesurfer/average/711-2B_as_mni_average_305_mask.4dfp.img (2306576 pixels)
talsrcimg_g11.4dfp.img
       256       256       256         1
  0.898437  0.898437  0.898437
orientation T byte_order littleendian
Reading image: talsrcimg_g11.4dfp.img
dimensions:      256       256       256
mmppix:       0.8984   -0.8984   -0.8984
center:     114.9999 -115.8984 -115.8984
fimgreg.f
image alignment mode   2311 decimal      907 hex
parameters
   -1.9344  -17.1382   13.1399  -13.7940  -11.7025   -2.9810
    0.0436    0.0233    0.8626   -9.7952   -1.4339    4.4095
eta,q 0.97145  6.88503
niter,ni,del,rscale     5    3    5.0000    0.8000
parameters
   -1.9287  -17.1181   13.1170  -13.6893  -11.9394   -2.8703
    0.0519    0.0826    0.8526   -9.7868   -1.3888    4.0948
eta,q 0.97144  6.88283
  0.0307  0.0301  0.0294  0.0299  0.0296  0.0295  0.0302  0.0314  0.0297  0.0304  0.0292  0.0291
  0.0295  0.0292  0.0289  0.0292  0.0291  0.0289  0.0293  0.0299  0.0290  0.0294  0.0289  0.0288
  0.0288  0.0287  0.0286  0.0287  0.0287  0.0286  0.0287  0.0289  0.0287  0.0288  0.0286  0.0286
  0.0285  0.0285  0.0285  0.0285  0.0285  0.0286  0.0286  0.0286  0.0286  0.0286  0.0285  0.0286
  0.0288  0.0287  0.0286  0.0287  0.0287  0.0287  0.0287  0.0289  0.0287  0.0288  0.0286  0.0286
  0.0295  0.0292  0.0289  0.0291  0.0291  0.0289  0.0293  0.0298  0.0291  0.0294  0.0288  0.0289
  0.0306  0.0300  0.0294  0.0298  0.0299  0.0294  0.0302  0.0313  0.0297  0.0304  0.0292  0.0293
niter,ni,del,rscale     4    3    5.0000    0.7000
parameters
   -1.9256  -17.1214   13.1250  -13.7000  -11.8929   -2.8832
    0.0436    0.0590    0.8369   -9.7676   -1.3930    4.1633
eta,q 0.97145  6.88418
  0.0302  0.0297  0.0292  0.0296  0.0294  0.0292  0.0298  0.0307  0.0294  0.0299  0.0291  0.0290
  0.0293  0.0291  0.0289  0.0290  0.0290  0.0288  0.0291  0.0295  0.0289  0.0292  0.0288  0.0288
  0.0287  0.0287  0.0286  0.0287  0.0287  0.0286  0.0287  0.0288  0.0286  0.0287  0.0286  0.0286
  0.0286  0.0286  0.0286  0.0286  0.0286  0.0285  0.0286  0.0286  0.0286  0.0286  0.0285  0.0286
  0.0287  0.0287  0.0286  0.0287  0.0286  0.0286  0.0287  0.0288  0.0286  0.0287  0.0286  0.0286
  0.0293  0.0291  0.0288  0.0290  0.0289  0.0288  0.0291  0.0296  0.0289  0.0292  0.0288  0.0287
  0.0302  0.0297  0.0292  0.0296  0.0295  0.0292  0.0298  0.0307  0.0294  0.0299  0.0291  0.0290
niter,ni,del,rscale     3    3    5.0000    0.6000
parameters
   -1.9265  -17.1260   13.1280  -13.7607  -11.8118   -2.8891
    0.0394    0.0504    0.8526   -9.7705   -1.4105    4.2309
eta,q 0.97145  6.88471
  0.0297  0.0294  0.0290  0.0293  0.0292  0.0290  0.0295  0.0302  0.0292  0.0296  0.0289  0.0289
  0.0291  0.0289  0.0288  0.0289  0.0289  0.0287  0.0290  0.0293  0.0288  0.0290  0.0287  0.0287
  0.0287  0.0286  0.0286  0.0286  0.0287  0.0286  0.0287  0.0287  0.0286  0.0287  0.0286  0.0286
  0.0286  0.0286  0.0285  0.0285  0.0286  0.0285  0.0285  0.0285  0.0285  0.0285  0.0285  0.0286
  0.0287  0.0287  0.0286  0.0287  0.0286  0.0286  0.0287  0.0287  0.0286  0.0287  0.0286  0.0286
  0.0291  0.0290  0.0288  0.0289  0.0288  0.0288  0.0290  0.0293  0.0288  0.0290  0.0287  0.0287
  0.0297  0.0294  0.0290  0.0293  0.0292  0.0290  0.0295  0.0301  0.0292  0.0296  0.0289  0.0289
niter,ni,del,rscale     2    3    5.0000    0.5000
parameters
   -1.9300  -17.1302   13.1318  -13.7711  -11.7426   -2.9279
    0.0382    0.0375    0.8611   -9.7788   -1.4294    4.3237
eta,q 0.97146  6.88600
  0.0294  0.0292  0.0289  0.0291  0.0290  0.0289  0.0292  0.0297  0.0290  0.0293  0.0288  0.0288
  0.0289  0.0288  0.0287  0.0288  0.0288  0.0287  0.0288  0.0290  0.0287  0.0289  0.0287  0.0287
  0.0286  0.0286  0.0286  0.0286  0.0286  0.0286  0.0286  0.0287  0.0286  0.0286  0.0286  0.0286
  0.0285  0.0285  0.0285  0.0285  0.0285  0.0285  0.0285  0.0285  0.0285  0.0285  0.0285  0.0285
  0.0286  0.0286  0.0286  0.0286  0.0286  0.0286  0.0286  0.0287  0.0286  0.0286  0.0286  0.0286
  0.0289  0.0288  0.0287  0.0288  0.0287  0.0287  0.0288  0.0291  0.0287  0.0289  0.0287  0.0286
  0.0294  0.0292  0.0289  0.0291  0.0290  0.0288  0.0292  0.0297  0.0290  0.0293  0.0288  0.0288
niter,ni,del,rscale     1    3    5.0000    0.4000
parameters
   -1.9336  -17.1336   13.1391  -13.7922  -11.6999   -2.9970
    0.0396    0.0260    0.8708   -9.7889   -1.4396    4.4234
eta,q 0.97146  6.88478
  0.0291  0.0289  0.0288  0.0289  0.0289  0.0287  0.0290  0.0293  0.0288  0.0290  0.0287  0.0287
  0.0288  0.0287  0.0286  0.0287  0.0287  0.0286  0.0287  0.0289  0.0287  0.0287  0.0286  0.0286
  0.0286  0.0286  0.0286  0.0286  0.0286  0.0286  0.0286  0.0286  0.0286  0.0286  0.0286  0.0286
  0.0285  0.0285  0.0285  0.0285  0.0285  0.0285  0.0285  0.0285  0.0285  0.0285  0.0285  0.0285
  0.0286  0.0286  0.0286  0.0286  0.0286  0.0286  0.0286  0.0286  0.0286  0.0286  0.0286  0.0285
  0.0288  0.0287  0.0286  0.0287  0.0287  0.0287  0.0287  0.0289  0.0287  0.0288  0.0286  0.0286
  0.0291  0.0289  0.0288  0.0289  0.0289  0.0287  0.0290  0.0293  0.0288  0.0290  0.0287  0.0287
registration optimization eta report
parameter search radius
    0.8000    0.8000    0.8000    2.4000    2.4000    2.4000
    2.4000    2.4000    2.4000    2.4000    2.4000    2.4000
100000*second partial in parameter space
       83.       61.       35.        6.        5.        3.
        7.       12.        5.        8.        3.        2.
  0.0291  0.0289  0.0288  0.0289  0.0289  0.0287  0.0290  0.0293  0.0288  0.0290  0.0287  0.0287
  0.0288  0.0287  0.0286  0.0287  0.0287  0.0286  0.0287  0.0289  0.0287  0.0287  0.0286  0.0286
  0.0286  0.0286  0.0286  0.0286  0.0286  0.0286  0.0286  0.0286  0.0286  0.0286  0.0286  0.0286
  0.0285  0.0285  0.0285  0.0285  0.0285  0.0285  0.0285  0.0285  0.0285  0.0285  0.0285  0.0285
  0.0286  0.0286  0.0286  0.0286  0.0286  0.0286  0.0286  0.0286  0.0286  0.0286  0.0286  0.0285
  0.0288  0.0287  0.0286  0.0287  0.0287  0.0287  0.0287  0.0289  0.0287  0.0288  0.0286  0.0286
  0.0291  0.0289  0.0288  0.0289  0.0289  0.0287  0.0290  0.0293  0.0288  0.0290  0.0287  0.0287
   -1.9336  -17.1336   13.1391  -13.7922  -11.6999   -2.9970
    0.0396    0.0260    0.8708   -9.7889   -1.4396    4.4234
eta,q 0.97146  6.88478

---------------------------------------------------------------------
compute_vox2vox talsrcimg talsrcimg_to_711-2C_as_mni_average_305_t4 /opt/freesurfer/average/711-2C_as_mni_average_305
---------------------------------------------------------------------

freesurfer compute_vox2vox.c
Reading: talsrcimg.4dfp.ifh
Reading: talsrcimg_to_711-2C_as_mni_average_305_t4
Reading: /opt/freesurfer/average/711-2C_as_mni_average_305.4dfp.ifh
Writing: talsrcimg_to_711-2C_as_mni_average_305_t4_vox2vox.txt

start time Thu Mar 12 23:02:45 CET 2026
end		time Thu Mar 12 23:04:15 CET 2026

mpr2mni305 success

avi2talxfm orig_nu.mgz /opt/freesurfer/average/mni305.cor.mgz talsrcimg_to_711-2C_as_mni_average_305_t4_vox2vox.txt transforms/talairach.auto.xfm
avi2talxfm done
mv -f /out/sourcedata/freesurfer/sub-v2s2x29092_ses-1/mri/talsrcimg_to_711-2C_as_mni_average_305_t4_vox2vox.txt /out/sourcedata/freesurfer/sub-v2s2x29092_ses-1/mri/transforms/talsrcimg_to_711-2C_as_mni_average_305_t4_vox2vox.txt
lta_convert --src orig_nu.mgz --trg /opt/freesurfer/average/mni305.cor.mgz --inxfm transforms/talairach.auto.xfm --outlta transforms/talairach.auto.xfm.lta --subject fsaverage
7.3.2

--src: orig_nu.mgz src image (geometry).
--trg: /opt/freesurfer/average/mni305.cor.mgz trg image (geometry).
--inmni: transforms/talairach.auto.xfm input MNI/XFM transform.
--outlta: transforms/talairach.auto.xfm.lta output LTA.
--s: fsaverage subject name
 LTA read, type : 1
 1.15998  -0.00036  -0.00050   0.26459;
 0.01765   1.02570  -0.05139  -1.04584;
-0.00948   0.11371   1.12681  -3.03047;
 0.00000   0.00000   0.00000   1.00000;
setting subject to fsaverage
Writing  LTA to file transforms/talairach.auto.xfm.lta...
lta_convert successful.
 
 
Started at Thu Mar 12 23:02:44 CET 2026
Ended   at Thu Mar 12 23:04:15 CET 2026
talairach_avi done
