status file for recon-all
Thu Mar 12 21:54:31 CET 2026
#@# MotionCor Thu Mar 12 21:54:33 CET 2026
#@# Talairach Thu Mar 12 21:54:43 CET 2026
#@# Talairach Failure Detection Thu Mar 12 21:59:08 CET 2026
#@# Nu Intensity Correction Thu Mar 12 21:59:08 CET 2026
#@# Intensity Normalization Thu Mar 12 22:02:24 CET 2026
recon-all -s sub-v2s2x29073_ses-1 finished without error at Thu Mar 12 22:04:03 CET 2026



#New# invocation of recon-all 



status file for recon-all
Thu Mar 12 22:11:40 CET 2026
#@# EM Registration Thu Mar 12 22:11:40 CET 2026
recon-all -s sub-v2s2x29073_ses-1 finished without error at Thu Mar 12 22:13:16 CET 2026



#New# invocation of recon-all 



status file for recon-all
Thu Mar 12 22:13:18 CET 2026
#@# CA Normalize Thu Mar 12 22:13:18 CET 2026
#@# CA Reg Thu Mar 12 22:14:36 CET 2026
#@# SubCort Seg Thu Mar 12 22:59:39 CET 2026
#@# CC Seg Thu Mar 12 23:35:58 CET 2026
#@# Merge ASeg Thu Mar 12 23:36:35 CET 2026
#@# Intensity Normalization2 Thu Mar 12 23:36:35 CET 2026
#@# Mask BFS Thu Mar 12 23:38:53 CET 2026
#@# WM Segmentation Thu Mar 12 23:38:54 CET 2026
#@# Fill Thu Mar 12 23:41:04 CET 2026
recon-all -s sub-v2s2x29073_ses-1 finished without error at Thu Mar 12 23:42:05 CET 2026



#New# invocation of recon-all 



status file for recon-all
Fri Mar 13 00:42:51 CET 2026
#@# white curv lh Fri Mar 13 00:42:51 CET 2026
#@# white area lh Fri Mar 13 00:42:51 CET 2026
#@# pial curv lh Fri Mar 13 00:42:51 CET 2026
#@# pial area lh Fri Mar 13 00:42:51 CET 2026
#@# thickness lh Fri Mar 13 00:42:51 CET 2026
#@# area and vertex vol lh Fri Mar 13 00:42:51 CET 2026
#@# white curv rh Fri Mar 13 00:42:51 CET 2026
#@# white area rh Fri Mar 13 00:42:51 CET 2026
#@# pial curv rh Fri Mar 13 00:42:51 CET 2026
#@# pial area rh Fri Mar 13 00:42:51 CET 2026
#@# thickness rh Fri Mar 13 00:42:51 CET 2026
#@# area and vertex vol rh Fri Mar 13 00:42:51 CET 2026
#@# Cortical ribbon mask Fri Mar 13 00:42:51 CET 2026
recon-all -s sub-v2s2x29073_ses-1 finished without error at Fri Mar 13 00:53:04 CET 2026



#New# invocation of recon-all 



status file for recon-all
Fri Mar 13 01:01:48 CET 2026
#@# white curv lh Fri Mar 13 01:01:48 CET 2026
#@# white area lh Fri Mar 13 01:01:48 CET 2026
#@# pial curv lh Fri Mar 13 01:01:48 CET 2026
#@# pial area lh Fri Mar 13 01:01:48 CET 2026
#@# thickness lh Fri Mar 13 01:01:48 CET 2026
#@# area and vertex vol lh Fri Mar 13 01:01:48 CET 2026
#@# white curv rh Fri Mar 13 01:01:48 CET 2026
#@# white area rh Fri Mar 13 01:01:48 CET 2026
#@# pial curv rh Fri Mar 13 01:01:48 CET 2026
#@# pial area rh Fri Mar 13 01:01:48 CET 2026
#@# thickness rh Fri Mar 13 01:01:48 CET 2026
#@# area and vertex vol rh Fri Mar 13 01:01:48 CET 2026
#@# Curvature Stats lh Fri Mar 13 01:01:48 CET 2026
#@# Curvature Stats rh Fri Mar 13 01:01:51 CET 2026
#@# Relabel Hypointensities Fri Mar 13 01:01:54 CET 2026
#@# APas-to-ASeg Fri Mar 13 01:02:14 CET 2026
#@# AParc-to-ASeg aparc Fri Mar 13 01:02:25 CET 2026
#@# AParc-to-ASeg aparc.a2009s Fri Mar 13 01:03:26 CET 2026
#@# AParc-to-ASeg aparc.DKTatlas Fri Mar 13 01:04:28 CET 2026
#@# WMParc Fri Mar 13 01:05:35 CET 2026
#@# ASeg Stats Fri Mar 13 01:09:21 CET 2026
recon-all -s sub-v2s2x29073_ses-1 finished without error at Fri Mar 13 01:10:00 CET 2026
