status file for recon-all
Thu Mar 12 23:42:09 CET 2026
#@# Tessellate lh Thu Mar 12 23:42:09 CET 2026
#@# Smooth1 lh Thu Mar 12 23:42:13 CET 2026
#@# Inflation1 lh Thu Mar 12 23:42:17 CET 2026
#@# QSphere lh Thu Mar 12 23:43:30 CET 2026
#@# Fix Topology lh Thu Mar 12 23:44:49 CET 2026
#@# Smooth2 lh Thu Mar 12 23:52:16 CET 2026
#@# Inflation2 lh Thu Mar 12 23:52:20 CET 2026
#@# Curv .H and .K lh Thu Mar 12 23:52:45 CET 2026
#@# Sphere lh Thu Mar 12 23:53:50 CET 2026
#@# Surf Reg lh Thu Mar 12 23:57:48 CET 2026
#@# Jacobian white lh Fri Mar 13 00:03:32 CET 2026
#@# AvgCurv lh Fri Mar 13 00:03:33 CET 2026
#@# Cortical Parc lh Fri Mar 13 00:03:34 CET 2026
#@# white curv lh Fri Mar 13 00:11:52 CET 2026
#@# white area lh Fri Mar 13 00:11:54 CET 2026
#@# pial curv lh Fri Mar 13 00:11:55 CET 2026
#@# pial area lh Fri Mar 13 00:11:57 CET 2026
#@# thickness lh Fri Mar 13 00:11:58 CET 2026
#@# area and vertex vol lh Fri Mar 13 00:12:39 CET 2026
#@# Curvature Stats lh Fri Mar 13 00:12:41 CET 2026
#@# Cortical Parc 2 lh Fri Mar 13 00:12:45 CET 2026
#@# Cortical Parc 3 lh Fri Mar 13 00:13:03 CET 2026
#@# WM/GM Contrast lh Fri Mar 13 00:13:16 CET 2026
recon-all -s sub-v2s2x29073_ses-1 finished without error at Fri Mar 13 00:13:21 CET 2026



#New# invocation of recon-all 



status file for recon-all
Fri Mar 13 00:53:08 CET 2026
#@# white curv lh Fri Mar 13 00:53:08 CET 2026
#@# white area lh Fri Mar 13 00:53:08 CET 2026
#@# pial curv lh Fri Mar 13 00:53:08 CET 2026
#@# pial area lh Fri Mar 13 00:53:08 CET 2026
#@# thickness lh Fri Mar 13 00:53:08 CET 2026
#@# area and vertex vol lh Fri Mar 13 00:53:08 CET 2026
#@# Parcellation Stats lh Fri Mar 13 00:53:08 CET 2026
#@# Parcellation Stats 2 lh Fri Mar 13 00:53:40 CET 2026
#@# Parcellation Stats 3 lh Fri Mar 13 00:53:56 CET 2026
#@# BA_exvivo Labels lh Fri Mar 13 00:54:12 CET 2026
recon-all -s sub-v2s2x29073_ses-1 finished without error at Fri Mar 13 00:57:28 CET 2026
