/out/sourcedata/freesurfer/sub-v2s2x29078_ses-1/mri
/opt/freesurfer/bin/talairach_avi
--i orig_nu.mgz --xfm transforms/talairach.auto.xfm
talairach_avi 7.3.2
Linux dna003 5.14.0-427.37.1.el9_4.x86_64 #1 SMP PREEMPT_DYNAMIC Fri Sep 13 12:41:50 EDT 2024 x86_64 x86_64 x86_64 GNU/Linux
Thu Mar 12 22:30:03 CET 2026
mri_convert orig_nu.mgz talsrcimg.img 
reading from orig_nu.mgz...
TR=0.00, TE=0.00, TI=0.00, flip angle=0.00
i_ras = (-1, 0, 0)
j_ras = (0, 0, -1)
k_ras = (0, 1, 0)
writing to talsrcimg.img...
Analyze Output Matrix
-0.89844   0.00000   0.00000   110.15521;
 0.00000   0.00000   0.89844  -121.54321;
 0.00000  -0.89844   0.00000   135.48994;
 0.00000   0.00000   0.00000   1.00000;
--------------------
INFO: set hdr.hist.orient to -1
mpr2mni305 talsrcimg
Thu Mar 12 22:30:04 CET 2026
/opt/freesurfer/bin/mpr2mni305 talsrcimg
mpr2mni305 7.3.2
target=711-2C_as_mni_average_305

---------------------------------------------------------------------
analyzeto4dfp talsrcimg -O0 -y
---------------------------------------------------------------------

freesurfer ifh2hdr.c
Thu Mar 12 22:30:04 2026
Writing: talsrcimg.4dfp.hdr
freesurfer analyzeto4dfp.c
Reading: talsrcimg.hdr
header size 348 bytes
hdr.dime.datatype	offset=70	value=2
hdr.dime.bitpix		offset=72	value=8
hdr.hist.orient		offset=252	value=-1
dimensionality     4
dimensions       256       256       256         1
Reading: talsrcimg.img
Writing: talsrcimg.4dfp.img
Writing: talsrcimg.4dfp.ifh
ifh2hdr talsrcimg -r0to240
ori=2

---------------------------------------------------------------------
gauss_4dfp talsrcimg 1.1
---------------------------------------------------------------------

freesurfer gauss_4dfp.c
Reading: talsrcimg.4dfp.img
Writing: talsrcimg_g11.4dfp.img
image dimensions 256 256 256 padded to 288 288 288
processing volume 1freesurfer ifh2hdr.c
Thu Mar 12 22:30:06 2026
Writing: talsrcimg_g11.4dfp.hdr

Writing: talsrcimg_g11.4dfp.ifh
including: talsrcimg.4dfp.img.rec in talsrcimg_g11.4dfp.img.rec

---------------------------------------------------------------------
imgreg_4dfp /opt/freesurfer/average/711-2C_as_mni_average_305 none talsrcimg_g11 none talsrcimg_to_711-2C_as_mni_average_305_t4 4355
---------------------------------------------------------------------

freesurfer imgreg_4dfp.c
/opt/freesurfer/average/711-2C_as_mni_average_305.4dfp.img
       256       256       256         1
  1.000000  1.000000  1.000000
orientation T byte_order littleendian
Reading image: /opt/freesurfer/average/711-2C_as_mni_average_305.4dfp.img
dimensions:      256       256       256
mmppix:       1.0000   -1.0000   -1.0000
center:     128.0000 -129.0000 -129.0000
talsrcimg_g11.4dfp.img
       256       256       256         1
  0.898437  0.898437  0.898437
orientation T byte_order littleendian
Reading image: talsrcimg_g11.4dfp.img
dimensions:      256       256       256
mmppix:       0.8984   -0.8984   -0.8984
center:     114.9999 -115.8984 -115.8984
t4_read: open error in t4_sub.f l:  41 t4_file(1:l)talsrcimg_to_711-2C_as_mni_average_305_t4 
t4_read: transform initialized to I4
rotation matrix determinant  1.000000
image alignment mode   4355 decimal     1103 hex
   -7.5000  -45.0000  -45.0000 6311.5547   13.4768
    0.0000  -45.0000  -45.0000 6359.5181   13.4782
    7.5000  -45.0000  -45.0000 5985.0415   13.4652
   -7.5000  -37.5000  -45.0000 6706.6743   14.3260
    0.0000  -37.5000  -45.0000 6748.9800   14.3318
    7.5000  -37.5000  -45.0000 6354.3882   14.3183
   -7.5000  -30.0000  -45.0000 7052.8076   14.7867
    0.0000  -30.0000  -45.0000 7103.6455   14.7935
    7.5000  -30.0000  -45.0000 6698.5781   14.7785
   -7.5000  -22.5000  -45.0000 7502.5767   14.7953
    0.0000  -22.5000  -45.0000 7562.3789   14.7981
    7.5000  -22.5000  -45.0000 7111.7109   14.7819
   -7.5000  -15.0000  -45.0000 7916.8564   14.7965
    0.0000  -15.0000  -45.0000 7979.7690   14.7950
    7.5000  -15.0000  -45.0000 7523.2847   14.7781
   -7.5000   -7.5000  -45.0000 7987.9121   14.7841
    0.0000   -7.5000  -45.0000 8049.9170   14.7819
    7.5000   -7.5000  -45.0000 7586.4888   14.7661
   -7.5000    0.0000  -45.0000 8050.4946   14.7741
    0.0000    0.0000  -45.0000 8097.5005   14.7756
    7.5000    0.0000  -45.0000 7641.9717   14.7613
   -7.5000    7.5000  -45.0000 7701.4653   14.7776
    0.0000    7.5000  -45.0000 7741.8018   14.7837
    7.5000    7.5000  -45.0000 7307.2217   14.7697
   -7.5000   15.0000  -45.0000 7521.9238   14.7867
    0.0000   15.0000  -45.0000 7541.7627   14.7935
    7.5000   15.0000  -45.0000 7114.4033   14.7785
   -7.5000   22.5000  -45.0000 6861.6431   14.5962
    0.0000   22.5000  -45.0000 6875.3438   14.5991
    7.5000   22.5000  -45.0000 6486.3262   14.5830
   -7.5000   30.0000  -45.0000 6274.7979   14.2081
    0.0000   30.0000  -45.0000 6282.7734   14.2067
    7.5000   30.0000  -45.0000 5936.1758   14.1905
   -7.5000   37.5000  -45.0000 5668.1221   13.7605
    0.0000   37.5000  -45.0000 5684.0889   13.7582
    7.5000   37.5000  -45.0000 5372.5830   13.7430
   -7.5000   45.0000  -45.0000 5155.0088   13.6892
    0.0000   45.0000  -45.0000 5150.1987   13.6884
    7.5000   45.0000  -45.0000 4849.2900   13.6745
   -7.5000  -45.0000  -37.5000 6897.3638   14.1528
    0.0000  -45.0000  -37.5000 6949.0498   14.1514
    7.5000  -45.0000  -37.5000 6526.8735   14.1378
   -7.5000  -37.5000  -37.5000 7306.4966   15.0526
    0.0000  -37.5000  -37.5000 7344.5176   15.0568
    7.5000  -37.5000  -37.5000 6914.4814   15.0422
   -7.5000  -30.0000  -37.5000 7688.6763   15.5109
    0.0000  -30.0000  -37.5000 7742.2056   15.5169
    7.5000  -30.0000  -37.5000 7283.9170   15.5012
   -7.5000  -22.5000  -37.5000 8155.2808   15.5188
    0.0000  -22.5000  -37.5000 8231.4922   15.5206
    7.5000  -22.5000  -37.5000 7734.3491   15.5036
   -7.5000  -15.0000  -37.5000 8592.7334   15.5181
    0.0000  -15.0000  -37.5000 8671.5381   15.5142
    7.5000  -15.0000  -37.5000 8161.0630   15.4969
   -7.5000   -7.5000  -37.5000 8644.7266   15.5048
    0.0000   -7.5000  -37.5000 8716.0908   15.4993
    7.5000   -7.5000  -37.5000 8211.6709   15.4832
   -7.5000    0.0000  -37.5000 8712.8242   15.4954
    0.0000    0.0000  -37.5000 8751.4590   15.4939
    7.5000    0.0000  -37.5000 8250.6172   15.4790
   -7.5000    7.5000  -37.5000 8309.5439   15.4998
    0.0000    7.5000  -37.5000 8347.3096   15.5041
    7.5000    7.5000  -37.5000 7865.3867   15.4891
   -7.5000   15.0000  -37.5000 8093.1802   15.5102
    0.0000   15.0000  -37.5000 8122.1274   15.5162
    7.5000   15.0000  -37.5000 7645.3638   15.5004
   -7.5000   22.5000  -37.5000 7373.1851   15.3114
    0.0000   22.5000  -37.5000 7386.3853   15.3131
    7.5000   22.5000  -37.5000 6964.7642   15.2963
   -7.5000   30.0000  -37.5000 6715.2368   14.9116
    0.0000   30.0000  -37.5000 6733.5693   14.9079
    7.5000   30.0000  -37.5000 6350.5698   14.8913
   -7.5000   37.5000  -37.5000 6060.3833   14.4429
    0.0000   37.5000  -37.5000 6074.2192   14.4374
    7.5000   37.5000  -37.5000 5745.7031   14.4219
   -7.5000   45.0000  -37.5000 5480.9604   14.3557
    0.0000   45.0000  -37.5000 5484.8057   14.3511
    7.5000   45.0000  -37.5000 5186.7974   14.3362
   -7.5000  -45.0000  -30.0000 7465.0264   14.8538
    0.0000  -45.0000  -30.0000 7504.1924   14.8552
    7.5000  -45.0000  -30.0000 7075.7002   14.8395
   -7.5000  -37.5000  -30.0000 7886.3843   15.8012
    0.0000  -37.5000  -30.0000 7930.7344   15.8072
    7.5000  -37.5000  -30.0000 7477.6064   15.7893
   -7.5000  -30.0000  -30.0000 8291.1045   16.2520
    0.0000  -30.0000  -30.0000 8338.8066   16.2591
    7.5000  -30.0000  -30.0000 7867.8228   16.2415
   -7.5000  -22.5000  -30.0000 8800.7510   16.2555
    0.0000  -22.5000  -30.0000 8867.5742   16.2589
    7.5000  -22.5000  -30.0000 8342.7959   16.2428
   -7.5000  -15.0000  -30.0000 9287.0283   16.2573
    0.0000  -15.0000  -30.0000 9361.3721   16.2565
    7.5000  -15.0000  -30.0000 8789.8779   16.2411
   -7.5000   -7.5000  -30.0000 9332.6406   16.2507
    0.0000   -7.5000  -30.0000 9411.1006   16.2490
    7.5000   -7.5000  -30.0000 8831.4541   16.2334
   -7.5000    0.0000  -30.0000 9352.7266   16.2460
    0.0000    0.0000  -30.0000 9418.7852   16.2476
    7.5000    0.0000  -30.0000 8864.9658   16.2303
   -7.5000    7.5000  -30.0000 8889.8096   16.2461
    0.0000    7.5000  -30.0000 8936.8975   16.2522
    7.5000    7.5000  -30.0000 8408.2139   16.2338
   -7.5000   15.0000  -30.0000 8629.8936   16.2498
    0.0000   15.0000  -30.0000 8677.2783   16.2568
    7.5000   15.0000  -30.0000 8158.8682   16.2393
   -7.5000   22.5000  -30.0000 7845.5029   16.0389
    0.0000   22.5000  -30.0000 7871.4907   16.0423
    7.5000   22.5000  -30.0000 7429.7017   16.0263
   -7.5000   30.0000  -30.0000 7122.4224   15.6334
    0.0000   30.0000  -30.0000 7161.5713   15.6325
    7.5000   30.0000  -30.0000 6761.3594   15.6178
   -7.5000   37.5000  -30.0000 6425.1846   15.1606
    0.0000   37.5000  -30.0000 6461.6250   15.1583
    7.5000   37.5000  -30.0000 6097.8149   15.1433
   -7.5000   45.0000  -30.0000 5805.3052   15.0731
    0.0000   45.0000  -30.0000 5822.4893   15.0703
    7.5000   45.0000  -30.0000 5497.9268   15.0532
   -7.5000  -45.0000  -22.5000 7993.4453   15.5069
    0.0000  -45.0000  -22.5000 8045.7959   15.5157
    7.5000  -45.0000  -22.5000 7588.5083   15.4998
   -7.5000  -37.5000  -22.5000 8427.7422   16.5028
    0.0000  -37.5000  -22.5000 8492.1670   16.5136
    7.5000  -37.5000  -22.5000 8006.6099   16.4944
   -7.5000  -30.0000  -22.5000 8852.7588   16.9475
    0.0000  -30.0000  -22.5000 8925.3379   16.9576
    7.5000  -30.0000  -22.5000 8424.4688   16.9396
   -7.5000  -22.5000  -22.5000 9408.0781   16.9472
    0.0000  -22.5000  -22.5000 9480.5645   16.9545
    7.5000  -22.5000  -22.5000 8917.5234   16.9404
   -7.5000  -15.0000  -22.5000 9933.5342   16.9522
    0.0000  -15.0000  -22.500010038.3955   16.9583
    7.5000  -15.0000  -22.5000 9405.9355   16.9462
   -7.5000   -7.5000  -22.5000 9982.8252   16.9516
    0.0000   -7.5000  -22.500010082.5166   16.9588
    7.5000   -7.5000  -22.5000 9454.8604   16.9453
   -7.5000    0.0000  -22.5000 9976.0596   16.9507
    0.0000    0.0000  -22.500010084.6680   16.9603
    7.5000    0.0000  -22.5000 9471.7637   16.9429
   -7.5000    7.5000  -22.5000 9446.7842   16.9463
    0.0000    7.5000  -22.5000 9518.9170   16.9574
    7.5000    7.5000  -22.5000 8933.6992   16.9377
   -7.5000   15.0000  -22.5000 9164.6748   16.9435
    0.0000   15.0000  -22.5000 9219.0420   16.9535
    7.5000   15.0000  -22.5000 8659.7852   16.9355
   -7.5000   22.5000  -22.5000 8311.4219   16.7230
    0.0000   22.5000  -22.5000 8372.6172   16.7302
    7.5000   22.5000  -22.5000 7875.5620   16.7162
   -7.5000   30.0000  -22.5000 7524.7764   16.3135
    0.0000   30.0000  -22.5000 7576.2974   16.3194
    7.5000   30.0000  -22.5000 7152.6807   16.3078
   -7.5000   37.5000  -22.5000 6770.4351   15.8385
    0.0000   37.5000  -22.5000 6811.8252   15.8447
    7.5000   37.5000  -22.5000 6433.7925   15.8316
   -7.5000   45.0000  -22.5000 6111.7656   15.7617
    0.0000   45.0000  -22.5000 6127.4956   15.7664
    7.5000   45.0000  -22.5000 5789.6362   15.7493
   -7.5000  -45.0000  -15.0000 8494.5479   16.0710
    0.0000  -45.0000  -15.0000 8557.7246   16.0849
    7.5000  -45.0000  -15.0000 8092.3408   16.0715
   -7.5000  -37.5000  -15.0000 8933.9346   17.1015
    0.0000  -37.5000  -15.0000 9014.0928   17.1159
    7.5000  -37.5000  -15.0000 8517.0654   17.0990
   -7.5000  -30.0000  -15.0000 9408.1035   17.5473
    0.0000  -30.0000  -15.0000 9471.8887   17.5599
    7.5000  -30.0000  -15.0000 8951.2402   17.5430
   -7.5000  -22.5000  -15.0000 9966.0547   17.5489
    0.0000  -22.5000  -15.000010060.3584   17.5593
    7.5000  -22.5000  -15.0000 9475.4775   17.5459
   -7.5000  -15.0000  -15.000010501.8213   17.5550
    0.0000  -15.0000  -15.000010628.5020   17.5662
    7.5000  -15.0000  -15.0000 9970.5986   17.5554
   -7.5000   -7.5000  -15.000010548.5576   17.5531
    0.0000   -7.5000  -15.000010676.7266   17.5665
    7.5000   -7.5000  -15.000010017.3809   17.5550
   -7.5000    0.0000  -15.000010560.2646   17.5502
    0.0000    0.0000  -15.000010682.5225   17.5653
    7.5000    0.0000  -15.000010029.7568   17.5508
   -7.5000    7.5000  -15.0000 9955.2451   17.5440
    0.0000    7.5000  -15.000010038.4658   17.5589
    7.5000    7.5000  -15.0000 9427.5703   17.5415
   -7.5000   15.0000  -15.0000 9619.2861   17.5419
    0.0000   15.0000  -15.0000 9693.8467   17.5545
    7.5000   15.0000  -15.0000 9117.1475   17.5376
   -7.5000   22.5000  -15.0000 8717.9414   17.3193
    0.0000   22.5000  -15.0000 8796.6523   17.3296
    7.5000   22.5000  -15.0000 8278.5479   17.3164
   -7.5000   30.0000  -15.0000 7890.5610   16.9063
    0.0000   30.0000  -15.0000 7963.6299   16.9171
    7.5000   30.0000  -15.0000 7500.0117   16.9067
   -7.5000   37.5000  -15.0000 7078.0718   16.4257
    0.0000   37.5000  -15.0000 7130.9297   16.4378
    7.5000   37.5000  -15.0000 6716.4189   16.4265
   -7.5000   45.0000  -15.0000 6395.7988   16.3570
    0.0000   45.0000  -15.0000 6424.8003   16.3673
    7.5000   45.0000  -15.0000 6052.3389   16.3528
   -7.5000  -45.0000   -7.5000 8723.4160   16.0686
    0.0000  -45.0000   -7.5000 8780.5898   16.0786
    7.5000  -45.0000   -7.5000 8323.8750   16.0655
   -7.5000  -37.5000   -7.5000 9161.2031   17.1006
    0.0000  -37.5000   -7.5000 9211.7832   17.1128
    7.5000  -37.5000   -7.5000 8736.0908   17.0974
   -7.5000  -30.0000   -7.5000 9647.2539   17.5521
    0.0000  -30.0000   -7.5000 9723.5352   17.5635
    7.5000  -30.0000   -7.5000 9194.3857   17.5471
   -7.5000  -22.5000   -7.500010212.8428   17.5580
    0.0000  -22.5000   -7.500010319.7656   17.5666
    7.5000  -22.5000   -7.5000 9731.5439   17.5513
   -7.5000  -15.0000   -7.500010739.7012   17.5629
    0.0000  -15.0000   -7.500010875.4971   17.5700
    7.5000  -15.0000   -7.500010218.8750   17.5561
   -7.5000   -7.5000   -7.500010764.4971   17.5552
    0.0000   -7.5000   -7.500010880.2090   17.5634
    7.5000   -7.5000   -7.500010243.0068   17.5498
   -7.5000    0.0000   -7.500010770.9434   17.5476
    0.0000    0.0000   -7.500010876.0381   17.5585
    7.5000    0.0000   -7.500010233.3350   17.5441
   -7.5000    7.5000   -7.500010102.7666   17.5431
    0.0000    7.5000   -7.500010182.0352   17.5557
    7.5000    7.5000   -7.5000 9580.8730   17.5398
   -7.5000   15.0000   -7.5000 9742.4766   17.5466
    0.0000   15.0000   -7.5000 9819.0098   17.5581
    7.5000   15.0000   -7.5000 9236.6592   17.5417
   -7.5000   22.5000   -7.5000 8830.4258   17.3283
    0.0000   22.5000   -7.5000 8912.7891   17.3368
    7.5000   22.5000   -7.5000 8387.7021   17.3217
   -7.5000   30.0000   -7.5000 8025.5088   16.9139
    0.0000   30.0000   -7.5000 8090.2812   16.9208
    7.5000   30.0000   -7.5000 7620.4878   16.9074
   -7.5000   37.5000   -7.5000 7176.0425   16.4276
    0.0000   37.5000   -7.5000 7238.2612   16.4350
    7.5000   37.5000   -7.5000 6822.7090   16.4216
   -7.5000   45.0000   -7.5000 6464.0684   16.3558
    0.0000   45.0000   -7.5000 6503.9990   16.3629
    7.5000   45.0000   -7.5000 6125.2744   16.3488
   -7.5000  -45.0000    0.0000 8795.5039   16.4500
    0.0000  -45.0000    0.0000 8831.3438   16.4518
    7.5000  -45.0000    0.0000 8385.0586   16.4362
   -7.5000  -37.5000    0.0000 9244.1514   17.5031
    0.0000  -37.5000    0.0000 9256.0088   17.5104
    7.5000  -37.5000    0.0000 8791.5928   17.4938
   -7.5000  -30.0000    0.0000 9768.3184   17.9611
    0.0000  -30.0000    0.0000 9853.4443   17.9694
    7.5000  -30.0000    0.0000 9299.1484   17.9513
   -7.5000  -22.5000    0.000010326.7012   17.9707
    0.0000  -22.5000    0.000010445.2949   17.9745
    7.5000  -22.5000    0.0000 9866.1924   17.9551
   -7.5000  -15.0000    0.000010822.5352   17.9723
    0.0000  -15.0000    0.000010947.1455   17.9707
    7.5000  -15.0000    0.000010352.5234   17.9509
   -7.5000   -7.5000    0.000010835.0713   17.9579
    0.0000   -7.5000    0.000010932.7988   17.9555
    7.5000   -7.5000    0.000010355.1387   17.9369
   -7.5000    0.0000    0.000010804.7490   17.9463
    0.0000    0.0000    0.000010875.2314   17.9483
    7.5000    0.0000    0.000010309.1348   17.9313
   -7.5000    7.5000    0.000010073.9150   17.9442
    0.0000    7.5000    0.000010133.8438   17.9516
    7.5000    7.5000    0.0000 9608.9746   17.9347
   -7.5000   15.0000    0.0000 9693.7334   17.9547
    0.0000   15.0000    0.0000 9751.2549   17.9631
    7.5000   15.0000    0.0000 9215.7852   17.9449
   -7.5000   22.5000    0.0000 8825.5156   17.7382
    0.0000   22.5000    0.0000 8888.8271   17.7418
    7.5000   22.5000    0.0000 8381.0664   17.7227
   -7.5000   30.0000    0.0000 8031.0054   17.3186
    0.0000   30.0000    0.0000 8078.6836   17.3171
    7.5000   30.0000    0.0000 7623.7246   17.2981
   -7.5000   37.5000    0.0000 7181.4097   16.8245
    0.0000   37.5000    0.0000 7242.5815   16.8219
    7.5000   37.5000    0.0000 6833.3276   16.8039
   -7.5000   45.0000    0.0000 6427.5010   16.7626
    0.0000   45.0000    0.0000 6464.5933   16.7617
    7.5000   45.0000    0.0000 6092.4341   16.7451
   -7.5000  -45.0000    7.5000 8508.4238   16.4317
    0.0000  -45.0000    7.5000 8519.9277   16.4304
    7.5000  -45.0000    7.5000 8086.1113   16.4142
   -7.5000  -37.5000    7.5000 8964.2168   17.4845
    0.0000  -37.5000    7.5000 8974.4688   17.4895
    7.5000  -37.5000    7.5000 8490.8750   17.4722
   -7.5000  -30.0000    7.5000 9495.7305   17.9428
    0.0000  -30.0000    7.5000 9555.7812   17.9499
    7.5000  -30.0000    7.5000 9012.7812   17.9314
   -7.5000  -22.5000    7.500010004.1543   17.9522
    0.0000  -22.5000    7.500010052.8486   17.9543
    7.5000  -22.5000    7.5000 9556.7383   17.9344
   -7.5000  -15.0000    7.500010471.3418   17.9522
    0.0000  -15.0000    7.500010531.5176   17.9478
    7.5000  -15.0000    7.500010042.6191   17.9276
   -7.5000   -7.5000    7.500010507.4443   17.9373
    0.0000   -7.5000    7.500010562.4170   17.9313
    7.5000   -7.5000    7.500010064.9785   17.9124
   -7.5000    0.0000    7.500010444.8076   17.9263
    0.0000    0.0000    7.500010505.1104   17.9249
    7.5000    0.0000    7.500010002.6748   17.9072
   -7.5000    7.5000    7.5000 9705.6826   17.9251
    0.0000    7.5000    7.5000 9743.5889   17.9302
    7.5000    7.5000    7.5000 9260.7754   17.9125
   -7.5000   15.0000    7.5000 9310.2080   17.9365
    0.0000   15.0000    7.5000 9339.9980   17.9435
    7.5000   15.0000    7.5000 8843.5449   17.9250
   -7.5000   22.5000    7.5000 8503.5137   17.7199
    0.0000   22.5000    7.5000 8535.0371   17.7219
    7.5000   22.5000    7.5000 8061.8687   17.7023
   -7.5000   30.0000    7.5000 7739.4893   17.2993
    0.0000   30.0000    7.5000 7761.3286   17.2950
    7.5000   30.0000    7.5000 7335.7495   17.2756
   -7.5000   37.5000    7.5000 6911.6309   16.8053
    0.0000   37.5000    7.5000 6939.4653   16.7990
    7.5000   37.5000    7.5000 6572.1860   16.7808
   -7.5000   45.0000    7.5000 6168.7461   16.7460
    0.0000   45.0000    7.5000 6166.1089   16.7409
    7.5000   45.0000    7.5000 5845.9624   16.7231
   -7.5000  -45.0000   15.0000 8498.6445   16.4406
    0.0000  -45.0000   15.0000 8525.2842   16.4422
    7.5000  -45.0000   15.0000 8094.1636   16.4248
   -7.5000  -37.5000   15.0000 8945.0225   17.4914
    0.0000  -37.5000   15.0000 8947.5674   17.4980
    7.5000  -37.5000   15.0000 8492.6348   17.4783
   -7.5000  -30.0000   15.0000 9502.9492   17.9426
    0.0000  -30.0000   15.0000 9506.4375   17.9505
    7.5000  -30.0000   15.0000 8988.5684   17.9311
   -7.5000  -22.5000   15.000010072.1133   17.9465
    0.0000  -22.5000   15.000010047.4307   17.9504
    7.5000  -22.5000   15.0000 9539.9639   17.9325
   -7.5000  -15.0000   15.000010536.7236   17.9486
    0.0000  -15.0000   15.000010529.8555   17.9476
    7.5000  -15.0000   15.000010025.2939   17.9307
   -7.5000   -7.5000   15.000010557.6797   17.9412
    0.0000   -7.5000   15.000010571.2871   17.9394
    7.5000   -7.5000   15.000010044.3623   17.9222
   -7.5000    0.0000   15.000010502.7812   17.9360
    0.0000    0.0000   15.000010523.7090   17.9378
    7.5000    0.0000   15.0000 9989.6543   17.9188
   -7.5000    7.5000   15.0000 9722.9893   17.9322
    0.0000    7.5000   15.0000 9724.4033   17.9390
    7.5000    7.5000   15.0000 9243.3662   17.9187
   -7.5000   15.0000   15.0000 9281.0449   17.9363
    0.0000   15.0000   15.0000 9279.5957   17.9441
    7.5000   15.0000   15.0000 8820.9014   17.9248
   -7.5000   22.5000   15.0000 8461.7803   17.7142
    0.0000   22.5000   15.0000 8466.2822   17.7180
    7.5000   22.5000   15.0000 8046.5708   17.7004
   -7.5000   30.0000   15.0000 7683.2935   17.2958
    0.0000   30.0000   15.0000 7694.9937   17.2949
    7.5000   30.0000   15.0000 7295.4316   17.2786
   -7.5000   37.5000   15.0000 6845.2554   16.8089
    0.0000   37.5000   15.0000 6857.5811   16.8065
    7.5000   37.5000   15.0000 6504.7046   16.7898
   -7.5000   45.0000   15.0000 6099.5498   16.7542
    0.0000   45.0000   15.0000 6076.3208   16.7512
    7.5000   45.0000   15.0000 5767.4351   16.7321
   -7.5000  -45.0000   22.5000 8119.1782   16.5466
    0.0000  -45.0000   22.5000 8162.7563   16.5562
    7.5000  -45.0000   22.5000 7716.0264   16.5396
   -7.5000  -37.5000   22.5000 8503.7959   17.6013
    0.0000  -37.5000   22.5000 8539.3086   17.6129
    7.5000  -37.5000   22.5000 8089.1455   17.5926
   -7.5000  -30.0000   22.5000 8976.3994   18.0485
    0.0000  -30.0000   22.5000 8990.1318   18.0589
    7.5000  -30.0000   22.5000 8504.2334   18.0398
   -7.5000  -22.5000   22.5000 9551.5068   18.0485
    0.0000  -22.5000   22.5000 9529.9746   18.0560
    7.5000  -22.5000   22.5000 9002.9521   18.0409
   -7.5000  -15.0000   22.500010042.4453   18.0539
    0.0000  -15.0000   22.500010011.1689   18.0603
    7.5000  -15.0000   22.5000 9464.4385   18.0477
   -7.5000   -7.5000   22.500010042.3184   18.0531
    0.0000   -7.5000   22.500010004.8691   18.0609
    7.5000   -7.5000   22.5000 9484.0898   18.0469
   -7.5000    0.0000   22.5000 9958.4844   18.0517
    0.0000    0.0000   22.5000 9941.7979   18.0622
    7.5000    0.0000   22.5000 9435.2314   18.0441
   -7.5000    7.5000   22.5000 9198.9834   18.0449
    0.0000    7.5000   22.5000 9195.4189   18.0567
    7.5000    7.5000   22.5000 8745.1670   18.0359
   -7.5000   15.0000   22.5000 8771.7295   18.0421
    0.0000   15.0000   22.5000 8773.3643   18.0525
    7.5000   15.0000   22.5000 8351.8096   18.0334
   -7.5000   22.5000   22.5000 7999.9634   17.8149
    0.0000   22.5000   22.5000 8002.5703   17.8223
    7.5000   22.5000   22.5000 7602.5171   17.8074
   -7.5000   30.0000   22.5000 7234.2329   17.3973
    0.0000   30.0000   22.5000 7243.5630   17.4035
    7.5000   30.0000   22.5000 6875.6675   17.3913
   -7.5000   37.5000   22.5000 6448.6538   16.9139
    0.0000   37.5000   22.5000 6448.5059   16.9206
    7.5000   37.5000   22.5000 6123.1509   16.9069
   -7.5000   45.0000   22.5000 5739.7881   16.8615
    0.0000   45.0000   22.5000 5715.4214   16.8667
    7.5000   45.0000   22.5000 5428.3657   16.8487
   -7.5000  -45.0000   30.0000 7642.9961   16.6635
    0.0000  -45.0000   30.0000 7702.6519   16.6782
    7.5000  -45.0000   30.0000 7252.7520   16.6657
   -7.5000  -37.5000   30.0000 8015.4287   17.7341
    0.0000  -37.5000   30.0000 8054.5137   17.7490
    7.5000  -37.5000   30.0000 7606.6621   17.7325
   -7.5000  -30.0000   30.0000 8407.0752   18.1877
    0.0000  -30.0000   30.0000 8428.6299   18.2002
    7.5000  -30.0000   30.0000 7979.0981   18.1836
   -7.5000  -22.5000   30.0000 8873.1953   18.1878
    0.0000  -22.5000   30.0000 8889.9268   18.1980
    7.5000  -22.5000   30.0000 8427.3301   18.1852
   -7.5000  -15.0000   30.0000 9309.3896   18.1933
    0.0000  -15.0000   30.0000 9332.8193   18.2048
    7.5000  -15.0000   30.0000 8850.6797   18.1950
   -7.5000   -7.5000   30.0000 9338.2002   18.1920
    0.0000   -7.5000   30.0000 9361.9971   18.2061
    7.5000   -7.5000   30.0000 8860.5391   18.1959
   -7.5000    0.0000   30.0000 9323.5000   18.1903
    0.0000    0.0000   30.0000 9334.2666   18.2064
    7.5000    0.0000   30.0000 8847.3105   18.1927
   -7.5000    7.5000   30.0000 8643.6680   18.1841
    0.0000    7.5000   30.0000 8641.8955   18.1994
    7.5000    7.5000   30.0000 8218.9688   18.1824
   -7.5000   15.0000   30.0000 8260.1885   18.1812
    0.0000   15.0000   30.0000 8260.2334   18.1937
    7.5000   15.0000   30.0000 7854.2773   18.1771
   -7.5000   22.5000   30.0000 7525.1196   17.9508
    0.0000   22.5000   30.0000 7520.5254   17.9609
    7.5000   22.5000   30.0000 7138.5410   17.9483
   -7.5000   30.0000   30.0000 6783.8223   17.5397
    0.0000   30.0000   30.0000 6778.9482   17.5507
    7.5000   30.0000   30.0000 6433.7983   17.5413
   -7.5000   37.5000   30.0000 6020.6895   17.0602
    0.0000   37.5000   30.0000 6013.6592   17.0730
    7.5000   37.5000   30.0000 5724.6738   17.0629
   -7.5000   45.0000   30.0000 5363.8535   17.0065
    0.0000   45.0000   30.0000 5342.6870   17.0175
    7.5000   45.0000   30.0000 5085.1001   17.0038
   -7.5000  -45.0000   37.5000 7125.8545   16.7128
    0.0000  -45.0000   37.5000 7187.0112   16.7219
    7.5000  -45.0000   37.5000 6771.4775   16.7057
   -7.5000  -37.5000   37.5000 7481.4453   17.7943
    0.0000  -37.5000   37.5000 7532.8237   17.8043
    7.5000  -37.5000   37.5000 7107.5698   17.7850
   -7.5000  -30.0000   37.5000 7854.1460   18.2410
    0.0000  -30.0000   37.5000 7884.8052   18.2500
    7.5000  -30.0000   37.5000 7460.6006   18.2298
   -7.5000  -22.5000   37.5000 8291.5371   18.2406
    0.0000  -22.5000   37.5000 8319.5000   18.2479
    7.5000  -22.5000   37.5000 7879.5186   18.2296
   -7.5000  -15.0000   37.5000 8678.3584   18.2428
    0.0000  -15.0000   37.5000 8702.9678   18.2501
    7.5000  -15.0000   37.5000 8254.1094   18.2338
   -7.5000   -7.5000   37.5000 8686.0107   18.2384
    0.0000   -7.5000   37.5000 8701.6816   18.2468
    7.5000   -7.5000   37.5000 8267.9775   18.2307
   -7.5000    0.0000   37.5000 8699.1016   18.2372
    0.0000    0.0000   37.5000 8713.9932   18.2472
    7.5000    0.0000   37.5000 8276.5557   18.2295
   -7.5000    7.5000   37.5000 8091.8047   18.2345
    0.0000    7.5000   37.5000 8110.5449   18.2448
    7.5000    7.5000   37.5000 7697.9146   18.2250
   -7.5000   15.0000   37.5000 7744.2305   18.2343
    0.0000   15.0000   37.5000 7754.1587   18.2434
    7.5000   15.0000   37.5000 7356.0874   18.2232
   -7.5000   22.5000   37.5000 7057.8750   17.9998
    0.0000   22.5000   37.5000 7069.9854   18.0070
    7.5000   22.5000   37.5000 6688.9668   17.9890
   -7.5000   30.0000   37.5000 6367.2905   17.5873
    0.0000   30.0000   37.5000 6373.1909   17.5943
    7.5000   30.0000   37.5000 6035.3184   17.5786
   -7.5000   37.5000   37.5000 5652.8672   17.1041
    0.0000   37.5000   37.5000 5655.6338   17.1117
    7.5000   37.5000   37.5000 5367.3984   17.0959
   -7.5000   45.0000   37.5000 5028.9531   17.0428
    0.0000   45.0000   37.5000 5021.3428   17.0487
    7.5000   45.0000   37.5000 4763.8896   17.0320
   -7.5000  -45.0000   45.0000 6600.1060   16.8242
    0.0000  -45.0000   45.0000 6666.9243   16.8235
    7.5000  -45.0000   45.0000 6282.5718   16.8019
   -7.5000  -37.5000   45.0000 6937.5015   17.9208
    0.0000  -37.5000   45.0000 6988.8276   17.9245
    7.5000  -37.5000   45.0000 6586.2148   17.9005
   -7.5000  -30.0000   45.0000 7289.6045   18.3585
    0.0000  -30.0000   45.0000 7332.2803   18.3629
    7.5000  -30.0000   45.0000 6931.0757   18.3373
   -7.5000  -22.5000   45.0000 7682.8530   18.3573
    0.0000  -22.5000   45.0000 7715.1416   18.3575
    7.5000  -22.5000   45.0000 7317.9048   18.3319
   -7.5000  -15.0000   45.0000 8040.5815   18.3535
    0.0000  -15.0000   45.0000 8078.8413   18.3494
    7.5000  -15.0000   45.0000 7660.0278   18.3245
   -7.5000   -7.5000   45.0000 8073.2285   18.3439
    0.0000   -7.5000   45.0000 8104.4292   18.3393
    7.5000   -7.5000   45.0000 7681.5010   18.3153
   -7.5000    0.0000   45.0000 8086.6387   18.3430
    0.0000    0.0000   45.0000 8118.0806   18.3422
    7.5000    0.0000   45.0000 7692.8916   18.3187
   -7.5000    7.5000   45.0000 7540.3804   18.3465
    0.0000    7.5000   45.0000 7565.0054   18.3503
    7.5000    7.5000   45.0000 7165.8306   18.3257
   -7.5000   15.0000   45.0000 7220.8457   18.3517
    0.0000   15.0000   45.0000 7247.7437   18.3560
    7.5000   15.0000   45.0000 6855.2563   18.3304
   -7.5000   22.5000   45.0000 6587.6421   18.1126
    0.0000   22.5000   45.0000 6607.0527   18.1128
    7.5000   22.5000   45.0000 6244.7285   18.0875
   -7.5000   30.0000   45.0000 5954.0303   17.6922
    0.0000   30.0000   45.0000 5961.2217   17.6883
    7.5000   30.0000   45.0000 5635.4805   17.6642
   -7.5000   37.5000   45.0000 5295.1626   17.1986
    0.0000   37.5000   45.0000 5285.8359   17.1939
    7.5000   37.5000   45.0000 5017.1689   17.1710
   -7.5000   45.0000   45.0000 4714.1768   17.1256
    0.0000   45.0000   45.0000 4703.7627   17.1224
    7.5000   45.0000   45.0000 4458.6353   17.1002

---------------------------------------------------------------------
imgreg_4dfp /opt/freesurfer/average/711-2C_as_mni_average_305 /opt/freesurfer/average/711-2B_as_mni_average_305_mask talsrcimg_g11 none talsrcimg_to_711-2C_as_mni_average_305_t4 4355
---------------------------------------------------------------------

freesurfer imgreg_4dfp.c
/opt/freesurfer/average/711-2C_as_mni_average_305.4dfp.img
       256       256       256         1
  1.000000  1.000000  1.000000
orientation T byte_order littleendian
Reading image: /opt/freesurfer/average/711-2C_as_mni_average_305.4dfp.img
dimensions:      256       256       256
mmppix:       1.0000   -1.0000   -1.0000
center:     128.0000 -129.0000 -129.0000
/opt/freesurfer/average/711-2B_as_mni_average_305_mask.4dfp.img
       256       256       256         1
  1.000000  1.000000  1.000000
orientation T byte_order littleendian
Reading mask: /opt/freesurfer/average/711-2B_as_mni_average_305_mask.4dfp.img (2306576 pixels)
talsrcimg_g11.4dfp.img
       256       256       256         1
  0.898437  0.898437  0.898437
orientation T byte_order littleendian
Reading image: talsrcimg_g11.4dfp.img
dimensions:      256       256       256
mmppix:       0.8984   -0.8984   -0.8984
center:     114.9999 -115.8984 -115.8984
rotation matrix determinant  1.000000
image alignment mode   4355 decimal     1103 hex
   -7.5000  -60.0000  -45.0000 1738.6752   17.1325
    0.0000  -60.0000  -45.0000 1740.0651   17.0803
    7.5000  -60.0000  -45.0000 1718.3125   17.3325
   -7.5000  -52.5000  -45.0000 1836.5955   15.4528
    0.0000  -52.5000  -45.0000 1841.9459   15.4438
    7.5000  -52.5000  -45.0000 1815.6035   15.6099
   -7.5000  -45.0000  -45.0000 1942.8992   14.3997
    0.0000  -45.0000  -45.0000 1945.2998   14.4178
    7.5000  -45.0000  -45.0000 1922.4755   14.5650
   -7.5000  -37.5000  -45.0000 1998.7594   13.5907
    0.0000  -37.5000  -45.0000 2000.7086   13.6343
    7.5000  -37.5000  -45.0000 1976.6582   13.7604
   -7.5000  -30.0000  -45.0000 2018.4459   12.9868
    0.0000  -30.0000  -45.0000 2023.0912   12.9884
    7.5000  -30.0000  -45.0000 1999.3547   13.1474
   -7.5000  -22.5000  -45.0000 2026.0817   12.6181
    0.0000  -22.5000  -45.0000 2033.0048   12.5994
    7.5000  -22.5000  -45.0000 2005.9005   12.7990
   -7.5000  -15.0000  -45.0000 2024.3340   12.5540
    0.0000  -15.0000  -45.0000 2026.1498   12.5396
    7.5000  -15.0000  -45.0000 2004.5659   12.7211
   -7.5000   -7.5000  -45.0000 2008.5100   12.8399
    0.0000   -7.5000  -45.0000 2012.0061   12.8066
    7.5000   -7.5000  -45.0000 1984.0670   13.0189
   -7.5000    0.0000  -45.0000 1979.0330   13.3930
    0.0000    0.0000  -45.0000 1980.5341   13.3620
    7.5000    0.0000  -45.0000 1949.7098   13.6103
   -7.5000    7.5000  -45.0000 1932.0439   14.1912
    0.0000    7.5000  -45.0000 1932.9347   14.1854
    7.5000    7.5000  -45.0000 1900.8737   14.4791
   -7.5000   15.0000  -45.0000 1858.4382   15.3574
    0.0000   15.0000  -45.0000 1859.7124   15.3265
    7.5000   15.0000  -45.0000 1825.9032   15.6749
   -7.5000   22.5000  -45.0000 1767.3303   16.9360
    0.0000   22.5000  -45.0000 1767.3657   16.8786
    7.5000   22.5000  -45.0000 1733.1892   17.2712
   -7.5000   30.0000  -45.0000 1661.7386   19.0707
    0.0000   30.0000  -45.0000 1660.2341   19.0024
    7.5000   30.0000  -45.0000 1634.3586   19.4325
   -7.5000  -60.0000  -37.5000 1882.9117   16.5881
    0.0000  -60.0000  -37.5000 1888.1925   16.6373
    7.5000  -60.0000  -37.5000 1863.2347   16.8516
   -7.5000  -52.5000  -37.5000 1990.7645   14.9787
    0.0000  -52.5000  -37.5000 2002.9286   15.0149
    7.5000  -52.5000  -37.5000 1975.4945   15.1923
   -7.5000  -45.0000  -37.5000 2109.1487   14.0011
    0.0000  -45.0000  -37.5000 2115.8496   14.0530
    7.5000  -45.0000  -37.5000 2084.5955   14.1663
   -7.5000  -37.5000  -37.5000 2168.6541   13.1883
    0.0000  -37.5000  -37.5000 2170.4180   13.2045
    7.5000  -37.5000  -37.5000 2142.6311   13.3582
   -7.5000  -30.0000  -37.5000 2196.0623   12.6005
    0.0000  -30.0000  -37.5000 2199.3560   12.6055
    7.5000  -30.0000  -37.5000 2169.8672   12.7587
   -7.5000  -22.5000  -37.5000 2207.8025   12.2831
    0.0000  -22.5000  -37.5000 2211.5811   12.2583
    7.5000  -22.5000  -37.5000 2177.9097   12.4380
   -7.5000  -15.0000  -37.5000 2203.1877   12.2378
    0.0000  -15.0000  -37.5000 2206.7009   12.2086
    7.5000  -15.0000  -37.5000 2179.0999   12.3918
   -7.5000   -7.5000  -37.5000 2185.0088   12.4977
    0.0000   -7.5000  -37.5000 2185.9011   12.4782
    7.5000   -7.5000  -37.5000 2156.7324   12.6889
   -7.5000    0.0000  -37.5000 2151.7588   13.0116
    0.0000    0.0000  -37.5000 2150.0032   12.9801
    7.5000    0.0000  -37.5000 2118.1494   13.2146
   -7.5000    7.5000  -37.5000 2092.8948   13.8164
    0.0000    7.5000  -37.5000 2094.5330   13.7896
    7.5000    7.5000  -37.5000 2063.1421   14.0453
   -7.5000   15.0000  -37.5000 2012.1581   14.9372
    0.0000   15.0000  -37.5000 2011.8792   14.9066
    7.5000   15.0000  -37.5000 1981.4666   15.2154
   -7.5000   22.5000  -37.5000 1913.2566   16.4867
    0.0000   22.5000  -37.5000 1910.7030   16.4091
    7.5000   22.5000  -37.5000 1880.0695   16.7287
   -7.5000   30.0000  -37.5000 1799.2842   18.5600
    0.0000   30.0000  -37.5000 1796.2780   18.4520
    7.5000   30.0000  -37.5000 1765.0427   18.8250
   -7.5000  -60.0000  -30.0000 2011.2960   16.0842
    0.0000  -60.0000  -30.0000 2018.5466   16.1484
    7.5000  -60.0000  -30.0000 1992.9591   16.3611
   -7.5000  -52.5000  -30.0000 2129.1450   14.5008
    0.0000  -52.5000  -30.0000 2137.4854   14.5368
    7.5000  -52.5000  -30.0000 2111.7146   14.7235
   -7.5000  -45.0000  -30.0000 2254.7241   13.5066
    0.0000  -45.0000  -30.0000 2256.2698   13.5343
    7.5000  -45.0000  -30.0000 2227.1304   13.6912
   -7.5000  -37.5000  -30.0000 2323.0923   12.7383
    0.0000  -37.5000  -30.0000 2320.2827   12.7345
    7.5000  -37.5000  -30.0000 2293.4731   12.8916
   -7.5000  -30.0000  -30.0000 2354.3816   12.1525
    0.0000  -30.0000  -30.0000 2350.5232   12.1660
    7.5000  -30.0000  -30.0000 2324.8064   12.3287
   -7.5000  -22.5000  -30.0000 2372.8833   11.8337
    0.0000  -22.5000  -30.0000 2377.1409   11.8292
    7.5000  -22.5000  -30.0000 2342.5466   11.9919
   -7.5000  -15.0000  -30.0000 2381.4656   11.8152
    0.0000  -15.0000  -30.0000 2385.0784   11.7810
    7.5000  -15.0000  -30.0000 2347.1611   11.9504
   -7.5000   -7.5000  -30.0000 2361.6418   12.0914
    0.0000   -7.5000  -30.0000 2362.1062   12.0645
    7.5000   -7.5000  -30.0000 2323.1694   12.2438
   -7.5000    0.0000  -30.0000 2319.6670   12.6131
    0.0000    0.0000  -30.0000 2316.8823   12.5886
    7.5000    0.0000  -30.0000 2281.3071   12.7915
   -7.5000    7.5000  -30.0000 2249.3247   13.4058
    0.0000    7.5000  -30.0000 2250.8660   13.3705
    7.5000    7.5000  -30.0000 2217.5720   13.5867
   -7.5000   15.0000  -30.0000 2154.9221   14.4782
    0.0000   15.0000  -30.0000 2158.4358   14.4509
    7.5000   15.0000  -30.0000 2122.1152   14.7007
   -7.5000   22.5000  -30.0000 2044.0122   15.9320
    0.0000   22.5000  -30.0000 2044.8068   15.8825
    7.5000   22.5000  -30.0000 2011.0232   16.1528
   -7.5000   30.0000  -30.0000 1919.2104   17.9427
    0.0000   30.0000  -30.0000 1922.5679   17.8655
    7.5000   30.0000  -30.0000 1890.0355   18.1536
   -7.5000  -60.0000  -22.5000 2116.6160   15.4969
    0.0000  -60.0000  -22.5000 2123.1851   15.5182
    7.5000  -60.0000  -22.5000 2096.0542   15.7457
   -7.5000  -52.5000  -22.5000 2241.1812   13.9548
    0.0000  -52.5000  -22.5000 2247.9204   13.9723
    7.5000  -52.5000  -22.5000 2218.8684   14.1661
   -7.5000  -45.0000  -22.5000 2371.8127   12.9481
    0.0000  -45.0000  -22.5000 2373.6418   12.9575
    7.5000  -45.0000  -22.5000 2342.6633   13.1275
   -7.5000  -37.5000  -22.5000 2451.3237   12.1647
    0.0000  -37.5000  -22.5000 2455.1755   12.1946
    7.5000  -37.5000  -22.5000 2420.9993   12.3321
   -7.5000  -30.0000  -22.5000 2491.0027   11.6141
    0.0000  -30.0000  -22.5000 2493.7021   11.6339
    7.5000  -30.0000  -22.5000 2461.8494   11.7839
   -7.5000  -22.5000  -22.5000 2524.0535   11.3119
    0.0000  -22.5000  -22.5000 2528.8560   11.3068
    7.5000  -22.5000  -22.5000 2489.4458   11.4671
   -7.5000  -15.0000  -22.5000 2541.0559   11.3157
    0.0000  -15.0000  -22.5000 2549.2800   11.3009
    7.5000  -15.0000  -22.5000 2502.3660   11.4533
   -7.5000   -7.5000  -22.5000 2520.1377   11.5951
    0.0000   -7.5000  -22.5000 2527.7769   11.5756
    7.5000   -7.5000  -22.5000 2481.9421   11.7254
   -7.5000    0.0000  -22.5000 2467.8926   12.1303
    0.0000    0.0000  -22.5000 2478.5178   12.1176
    7.5000    0.0000  -22.5000 2431.9021   12.2701
   -7.5000    7.5000  -22.5000 2390.0576   12.9063
    0.0000    7.5000  -22.5000 2396.8762   12.8933
    7.5000    7.5000  -22.5000 2351.3369   13.0612
   -7.5000   15.0000  -22.5000 2284.1580   13.9368
    0.0000   15.0000  -22.5000 2289.4888   13.8989
    7.5000   15.0000  -22.5000 2250.1208   14.1047
   -7.5000   22.5000  -22.5000 2160.2686   15.3535
    0.0000   22.5000  -22.5000 2167.1362   15.2818
    7.5000   22.5000  -22.5000 2131.3911   15.5206
   -7.5000   30.0000  -22.5000 2019.9949   17.2650
    0.0000   30.0000  -22.5000 2029.1239   17.1519
    7.5000   30.0000  -22.5000 1996.8975   17.4416
   -7.5000  -60.0000  -15.0000 2191.3623   14.8961
    0.0000  -60.0000  -15.0000 2199.6809   14.8736
    7.5000  -60.0000  -15.0000 2169.6628   15.1238
   -7.5000  -52.5000  -15.0000 2323.1831   13.3727
    0.0000  -52.5000  -15.0000 2326.1729   13.3528
    7.5000  -52.5000  -15.0000 2298.5742   13.5782
   -7.5000  -45.0000  -15.0000 2456.7593   12.3656
    0.0000  -45.0000  -15.0000 2463.3799   12.3779
    7.5000  -45.0000  -15.0000 2432.5247   12.5737
   -7.5000  -37.5000  -15.0000 2553.3125   11.5853
    0.0000  -37.5000  -15.0000 2558.9995   11.5882
    7.5000  -37.5000  -15.0000 2524.6919   11.7655
   -7.5000  -30.0000  -15.0000 2611.9304   11.0616
    0.0000  -30.0000  -15.0000 2616.1689   11.0504
    7.5000  -30.0000  -15.0000 2579.6804   11.2104
   -7.5000  -22.5000  -15.0000 2650.9502   10.7831
    0.0000  -22.5000  -15.0000 2661.2852   10.7650
    7.5000  -22.5000  -15.0000 2617.6821   10.9202
   -7.5000  -15.0000  -15.0000 2671.2314   10.7797
    0.0000  -15.0000  -15.0000 2685.2478   10.7531
    7.5000  -15.0000  -15.0000 2634.1680   10.9094
   -7.5000   -7.5000  -15.0000 2650.5691   11.0420
    0.0000   -7.5000  -15.0000 2662.9358   11.0264
    7.5000   -7.5000  -15.0000 2615.1982   11.1572
   -7.5000    0.0000  -15.0000 2594.9014   11.5640
    0.0000    0.0000  -15.0000 2607.2307   11.5575
    7.5000    0.0000  -15.0000 2554.2466   11.7063
   -7.5000    7.5000  -15.0000 2504.7156   12.3174
    0.0000    7.5000  -15.0000 2510.2371   12.3072
    7.5000    7.5000  -15.0000 2465.4253   12.4690
   -7.5000   15.0000  -15.0000 2384.2998   13.3203
    0.0000   15.0000  -15.0000 2390.6433   13.2896
    7.5000   15.0000  -15.0000 2355.3232   13.4756
   -7.5000   22.5000  -15.0000 2245.8237   14.6990
    0.0000   22.5000  -15.0000 2258.6729   14.6393
    7.5000   22.5000  -15.0000 2225.0159   14.8816
   -7.5000   30.0000  -15.0000 2104.3716   16.5741
    0.0000   30.0000  -15.0000 2114.4082   16.4807
    7.5000   30.0000  -15.0000 2080.3574   16.7398
   -7.5000  -60.0000   -7.5000 2229.4375   14.2535
    0.0000  -60.0000   -7.5000 2237.2896   14.1995
    7.5000  -60.0000   -7.5000 2210.6082   14.4778
   -7.5000  -52.5000   -7.5000 2358.1938   12.7610
    0.0000  -52.5000   -7.5000 2370.4238   12.7207
    7.5000  -52.5000   -7.5000 2339.8955   12.9460
   -7.5000  -45.0000   -7.5000 2507.8313   11.7870
    0.0000  -45.0000   -7.5000 2514.7817   11.7316
    7.5000  -45.0000   -7.5000 2480.6619   11.9682
   -7.5000  -37.5000   -7.5000 2620.3391   10.9805
    0.0000  -37.5000   -7.5000 2626.8438   10.9597
    7.5000  -37.5000   -7.5000 2588.8623   11.1751
   -7.5000  -30.0000   -7.5000 2701.1716   10.5083
    0.0000  -30.0000   -7.5000 2711.3137   10.4804
    7.5000  -30.0000   -7.5000 2665.3088   10.6551
   -7.5000  -22.5000   -7.5000 2755.7048   10.2441
    0.0000  -22.5000   -7.5000 2768.8560   10.2157
    7.5000  -22.5000   -7.5000 2717.1365   10.3705
   -7.5000  -15.0000   -7.5000 2779.2957   10.2205
    0.0000  -15.0000   -7.5000 2798.1169   10.2056
    7.5000  -15.0000   -7.5000 2733.7207   10.3468
   -7.5000   -7.5000   -7.5000 2750.8042   10.4658
    0.0000   -7.5000   -7.5000 2766.5940   10.4338
    7.5000   -7.5000   -7.5000 2713.5071   10.5804
   -7.5000    0.0000   -7.5000 2682.5706   10.9479
    0.0000    0.0000   -7.5000 2691.5332   10.9092
    7.5000    0.0000   -7.5000 2640.9407   11.0816
   -7.5000    7.5000   -7.5000 2577.2280   11.6743
    0.0000    7.5000   -7.5000 2585.2207   11.6290
    7.5000    7.5000   -7.5000 2541.5320   11.8180
   -7.5000   15.0000   -7.5000 2444.6685   12.6758
    0.0000   15.0000   -7.5000 2454.9080   12.6221
    7.5000   15.0000   -7.5000 2416.8660   12.8321
   -7.5000   22.5000   -7.5000 2297.7336   14.0482
    0.0000   22.5000   -7.5000 2309.2710   13.9735
    7.5000   22.5000   -7.5000 2272.9663   14.1826
   -7.5000   30.0000   -7.5000 2157.0168   15.7916
    0.0000   30.0000   -7.5000 2161.5840   15.7315
    7.5000   30.0000   -7.5000 2133.1179   15.9453
   -7.5000  -60.0000    0.0000 2260.2573   13.8829
    0.0000  -60.0000    0.0000 2272.8152   13.8206
    7.5000  -60.0000    0.0000 2239.9441   14.1034
   -7.5000  -52.5000    0.0000 2394.0237   12.3979
    0.0000  -52.5000    0.0000 2404.3760   12.3046
    7.5000  -52.5000    0.0000 2372.0593   12.5943
   -7.5000  -45.0000    0.0000 2552.5647   11.4164
    0.0000  -45.0000    0.0000 2564.1111   11.3539
    7.5000  -45.0000    0.0000 2522.0623   11.6205
   -7.5000  -37.5000    0.0000 2681.2231   10.6354
    0.0000  -37.5000    0.0000 2689.8303   10.5815
    7.5000  -37.5000    0.0000 2642.2781   10.8400
   -7.5000  -30.0000    0.0000 2783.0996   10.1845
    0.0000  -30.0000    0.0000 2796.1736   10.1274
    7.5000  -30.0000    0.0000 2741.8594   10.3348
   -7.5000  -22.5000    0.0000 2854.5891    9.9233
    0.0000  -22.5000    0.0000 2881.7471    9.8785
    7.5000  -22.5000    0.0000 2810.1951   10.0657
   -7.5000  -15.0000    0.0000 2883.9795    9.8842
    0.0000  -15.0000    0.0000 2912.7686    9.8462
    7.5000  -15.0000    0.0000 2834.0403   10.0461
   -7.5000   -7.5000    0.0000 2845.4487   10.1209
    0.0000   -7.5000    0.0000 2866.7075   10.0515
    7.5000   -7.5000    0.0000 2804.6519   10.2377
   -7.5000    0.0000    0.0000 2755.9131   10.5702
    0.0000    0.0000    0.0000 2768.8987   10.5034
    7.5000    0.0000    0.0000 2716.0989   10.7075
   -7.5000    7.5000    0.0000 2632.7012   11.2808
    0.0000    7.5000    0.0000 2646.6582   11.2274
    7.5000    7.5000    0.0000 2604.5486   11.4319
   -7.5000   15.0000    0.0000 2494.9478   12.2919
    0.0000   15.0000    0.0000 2505.7944   12.2432
    7.5000   15.0000    0.0000 2465.0813   12.4593
   -7.5000   22.5000    0.0000 2348.6641   13.6237
    0.0000   22.5000    0.0000 2354.1714   13.5692
    7.5000   22.5000    0.0000 2316.5657   13.7736
   -7.5000   30.0000    0.0000 2200.7102   15.2682
    0.0000   30.0000    0.0000 2203.6096   15.2444
    7.5000   30.0000    0.0000 2170.0273   15.4807
   -7.5000  -60.0000    7.5000 2272.8772   13.6545
    0.0000  -60.0000    7.5000 2292.7051   13.5397
    7.5000  -60.0000    7.5000 2257.2756   13.8860
   -7.5000  -52.5000    7.5000 2404.5422   12.1498
    0.0000  -52.5000    7.5000 2424.2817   12.0488
    7.5000  -52.5000    7.5000 2384.9504   12.3655
   -7.5000  -45.0000    7.5000 2566.2678   11.1882
    0.0000  -45.0000    7.5000 2581.8057   11.0895
    7.5000  -45.0000    7.5000 2532.2891   11.3722
   -7.5000  -37.5000    7.5000 2705.4346   10.4456
    0.0000  -37.5000    7.5000 2718.6768   10.3186
    7.5000  -37.5000    7.5000 2662.2349   10.5964
   -7.5000  -30.0000    7.5000 2825.1104    9.9882
    0.0000  -30.0000    7.5000 2851.0439    9.8983
    7.5000  -30.0000    7.5000 2779.5032   10.1242
   -7.5000  -22.5000    7.5000 2914.1536    9.6976
    0.0000  -22.5000    7.5000 2950.7209    9.6261
    7.5000  -22.5000    7.5000 2860.4983    9.8716
   -7.5000  -15.0000    7.5000 2946.4104    9.6534
    0.0000  -15.0000    7.5000 2981.8777    9.5524
    7.5000  -15.0000    7.5000 2887.8154    9.8487
   -7.5000   -7.5000    7.5000 2904.0134    9.9185
    0.0000   -7.5000    7.5000 2929.8162    9.8193
    7.5000   -7.5000    7.5000 2854.3545   10.0614
   -7.5000    0.0000    7.5000 2792.8164   10.3646
    0.0000    0.0000    7.5000 2812.8650   10.3015
    7.5000    0.0000    7.5000 2755.4717   10.5076
   -7.5000    7.5000    7.5000 2661.2363   11.0423
    0.0000    7.5000    7.5000 2677.4714   10.9745
    7.5000    7.5000    7.5000 2630.0920   11.1731
   -7.5000   15.0000    7.5000 2514.2058   12.0140
    0.0000   15.0000    7.5000 2526.0132   11.9563
    7.5000   15.0000    7.5000 2480.5679   12.1521
   -7.5000   22.5000    7.5000 2361.5691   13.3000
    0.0000   22.5000    7.5000 2371.2876   13.2270
    7.5000   22.5000    7.5000 2330.1978   13.4276
   -7.5000   30.0000    7.5000 2208.5667   14.9130
    0.0000   30.0000    7.5000 2215.2209   14.8641
    7.5000   30.0000    7.5000 2184.9463   15.1108
   -7.5000  -60.0000   15.0000 2272.1885   13.6482
    0.0000  -60.0000   15.0000 2298.0039   13.5367
    7.5000  -60.0000   15.0000 2261.1150   13.8714
   -7.5000  -52.5000   15.0000 2404.0354   12.1468
    0.0000  -52.5000   15.0000 2434.5691   12.0465
    7.5000  -52.5000   15.0000 2389.2090   12.3486
   -7.5000  -45.0000   15.0000 2566.7063   11.1891
    0.0000  -45.0000   15.0000 2590.4539   11.0520
    7.5000  -45.0000   15.0000 2538.3174   11.3662
   -7.5000  -37.5000   15.0000 2704.2322   10.4306
    0.0000  -37.5000   15.0000 2724.2126   10.2926
    7.5000  -37.5000   15.0000 2669.9006   10.6008
   -7.5000  -30.0000   15.0000 2821.5454   10.0016
    0.0000  -30.0000   15.0000 2852.5518    9.8761
    7.5000  -30.0000   15.0000 2783.8547   10.1309
   -7.5000  -22.5000   15.0000 2908.0510    9.7598
    0.0000  -22.5000   15.0000 2942.7822    9.6177
    7.5000  -22.5000   15.0000 2861.1467    9.8758
   -7.5000  -15.0000   15.0000 2945.1951    9.6916
    0.0000  -15.0000   15.0000 2975.1494    9.5786
    7.5000  -15.0000   15.0000 2890.3755    9.8419
   -7.5000   -7.5000   15.0000 2902.7219    9.9215
    0.0000   -7.5000   15.0000 2928.2593    9.8398
    7.5000   -7.5000   15.0000 2853.4500   10.0572
   -7.5000    0.0000   15.0000 2791.1619   10.4035
    0.0000    0.0000   15.0000 2813.2397   10.3263
    7.5000    0.0000   15.0000 2756.0066   10.5012
   -7.5000    7.5000   15.0000 2656.3718   11.0329
    0.0000    7.5000   15.0000 2674.8811   10.9735
    7.5000    7.5000   15.0000 2630.5496   11.1665
   -7.5000   15.0000   15.0000 2509.0027   11.9350
    0.0000   15.0000   15.0000 2520.0618   11.8954
    7.5000   15.0000   15.0000 2481.2451   12.1013
   -7.5000   22.5000   15.0000 2356.1262   13.1389
    0.0000   22.5000   15.0000 2365.4478   13.0909
    7.5000   22.5000   15.0000 2332.1948   13.3058
   -7.5000   30.0000   15.0000 2198.7034   14.7338
    0.0000   30.0000   15.0000 2207.0544   14.7002
    7.5000   30.0000   15.0000 2179.9814   14.9346
   -7.5000  -60.0000   22.5000 2260.9253   13.8893
    0.0000  -60.0000   22.5000 2289.4580   13.7768
    7.5000  -60.0000   22.5000 2251.5635   14.0881
   -7.5000  -52.5000   22.5000 2399.3008   12.3949
    0.0000  -52.5000   22.5000 2426.1602   12.2912
    7.5000  -52.5000   22.5000 2383.4080   12.5877
   -7.5000  -45.0000   22.5000 2552.6504   11.4538
    0.0000  -45.0000   22.5000 2577.1631   11.3329
    7.5000  -45.0000   22.5000 2529.9885   11.6078
   -7.5000  -37.5000   22.5000 2678.0801   10.7078
    0.0000  -37.5000   22.5000 2701.7107   10.6027
    7.5000  -37.5000   22.5000 2653.4907   10.8633
   -7.5000  -30.0000   22.5000 2780.6865   10.2386
    0.0000  -30.0000   22.5000 2809.7412   10.1176
    7.5000  -30.0000   22.5000 2750.2493   10.3725
   -7.5000  -22.5000   22.5000 2855.8682    9.9777
    0.0000  -22.5000   22.5000 2881.4497    9.8469
    7.5000  -22.5000   22.5000 2820.2888   10.0864
   -7.5000  -15.0000   22.5000 2875.7434    9.9679
    0.0000  -15.0000   22.5000 2898.3816    9.8699
    7.5000  -15.0000   22.5000 2844.1057   10.0483
   -7.5000   -7.5000   22.5000 2837.8535   10.1675
    0.0000   -7.5000   22.5000 2859.0657   10.0864
    7.5000   -7.5000   22.5000 2805.3865   10.2677
   -7.5000    0.0000   22.5000 2745.6763   10.5817
    0.0000    0.0000   22.5000 2764.2478   10.5153
    7.5000    0.0000   22.5000 2711.2881   10.7028
   -7.5000    7.5000   22.5000 2622.8518   11.2042
    0.0000    7.5000   22.5000 2638.3164   11.1521
    7.5000    7.5000   22.5000 2591.8992   11.3695
   -7.5000   15.0000   22.5000 2481.8428   12.0707
    0.0000   15.0000   22.5000 2493.9253   12.0435
    7.5000   15.0000   22.5000 2457.0769   12.2641
   -7.5000   22.5000   22.5000 2338.3501   13.2148
    0.0000   22.5000   22.5000 2351.1724   13.1812
    7.5000   22.5000   22.5000 2310.8433   13.4250
   -7.5000   30.0000   22.5000 2179.2024   14.7614
    0.0000   30.0000   22.5000 2189.8682   14.7038
    7.5000   30.0000   22.5000 2155.7778   14.9669
   -7.5000  -60.0000   30.0000 2231.3979   14.4151
    0.0000  -60.0000   30.0000 2254.8694   14.3332
    7.5000  -60.0000   30.0000 2222.6111   14.5801
   -7.5000  -52.5000   30.0000 2370.8474   12.9202
    0.0000  -52.5000   30.0000 2392.6567   12.8340
    7.5000  -52.5000   30.0000 2355.6831   13.0919
   -7.5000  -45.0000   30.0000 2520.6484   11.9707
    0.0000  -45.0000   30.0000 2542.6982   11.8928
    7.5000  -45.0000   30.0000 2500.9507   12.1278
   -7.5000  -37.5000   30.0000 2636.3687   11.1985
    0.0000  -37.5000   30.0000 2657.7725   11.1183
    7.5000  -37.5000   30.0000 2614.9685   11.3436
   -7.5000  -30.0000   30.0000 2720.8508   10.6645
    0.0000  -30.0000   30.0000 2747.4741   10.5512
    7.5000  -30.0000   30.0000 2697.5601   10.8167
   -7.5000  -22.5000   30.0000 2779.2483   10.3520
    0.0000  -22.5000   30.0000 2801.7620   10.2616
    7.5000  -22.5000   30.0000 2751.7336   10.4985
   -7.5000  -15.0000   30.0000 2787.7222   10.3173
    0.0000  -15.0000   30.0000 2811.6028   10.2406
    7.5000  -15.0000   30.0000 2765.8799   10.4478
   -7.5000   -7.5000   30.0000 2745.7073   10.5201
    0.0000   -7.5000   30.0000 2773.1396   10.4331
    7.5000   -7.5000   30.0000 2725.1733   10.6341
   -7.5000    0.0000   30.0000 2666.8699   10.9566
    0.0000    0.0000   30.0000 2687.4333   10.8898
    7.5000    0.0000   30.0000 2644.0322   11.0744
   -7.5000    7.5000   30.0000 2559.6396   11.5668
    0.0000    7.5000   30.0000 2572.5833   11.5157
    7.5000    7.5000   30.0000 2535.7319   11.7326
   -7.5000   15.0000   30.0000 2434.9519   12.4019
    0.0000   15.0000   30.0000 2449.8140   12.3630
    7.5000   15.0000   30.0000 2413.1997   12.6075
   -7.5000   22.5000   30.0000 2296.2266   13.5318
    0.0000   22.5000   30.0000 2309.8469   13.4747
    7.5000   22.5000   30.0000 2275.8643   13.7267
   -7.5000   30.0000   30.0000 2140.9021   15.0177
    0.0000   30.0000   30.0000 2151.5410   14.9381
    7.5000   30.0000   30.0000 2122.1643   15.2304
   -7.5000  -60.0000   37.5000 2184.8167   15.1617
    0.0000  -60.0000   37.5000 2207.1997   15.0710
    7.5000  -60.0000   37.5000 2177.1091   15.2927
   -7.5000  -52.5000   37.5000 2324.0076   13.6076
    0.0000  -52.5000   37.5000 2346.4473   13.5478
    7.5000  -52.5000   37.5000 2311.2192   13.7398
   -7.5000  -45.0000   37.5000 2467.6423   12.6329
    0.0000  -45.0000   37.5000 2489.8079   12.5464
    7.5000  -45.0000   37.5000 2451.5378   12.7541
   -7.5000  -37.5000   37.5000 2575.9878   11.8281
    0.0000  -37.5000   37.5000 2599.0242   11.7536
    7.5000  -37.5000   37.5000 2557.3010   11.9705
   -7.5000  -30.0000   37.5000 2648.4121   11.2576
    0.0000  -30.0000   37.5000 2671.1279   11.1756
    7.5000  -30.0000   37.5000 2628.1572   11.4132
   -7.5000  -22.5000   37.5000 2691.0320   10.9452
    0.0000  -22.5000   37.5000 2711.4500   10.8730
    7.5000  -22.5000   37.5000 2671.2319   11.0918
   -7.5000  -15.0000   37.5000 2691.8135   10.8762
    0.0000  -15.0000   37.5000 2712.6602   10.7865
    7.5000  -15.0000   37.5000 2673.8333   11.0040
   -7.5000   -7.5000   37.5000 2649.0688   11.0324
    0.0000   -7.5000   37.5000 2670.7715   10.9442
    7.5000   -7.5000   37.5000 2634.2227   11.1517
   -7.5000    0.0000   37.5000 2579.3848   11.4402
    0.0000    0.0000   37.5000 2597.0039   11.3776
    7.5000    0.0000   37.5000 2560.2693   11.5832
   -7.5000    7.5000   37.5000 2481.6702   12.0691
    0.0000    7.5000   37.5000 2498.5168   12.0196
    7.5000    7.5000   37.5000 2462.2356   12.2297
   -7.5000   15.0000   37.5000 2368.9304   12.8829
    0.0000   15.0000   37.5000 2381.7822   12.8618
    7.5000   15.0000   37.5000 2349.1218   13.0664
   -7.5000   22.5000   37.5000 2238.1929   14.0024
    0.0000   22.5000   37.5000 2253.7788   13.9486
    7.5000   22.5000   37.5000 2217.2371   14.1967
   -7.5000   30.0000   37.5000 2091.8821   15.4595
    0.0000   30.0000   37.5000 2102.3274   15.4024
    7.5000   30.0000   37.5000 2075.4653   15.7059
   -7.5000  -60.0000   45.0000 2114.2986   15.9872
    0.0000  -60.0000   45.0000 2139.0808   15.9222
    7.5000  -60.0000   45.0000 2110.5046   16.1253
   -7.5000  -52.5000   45.0000 2247.4187   14.3897
    0.0000  -52.5000   45.0000 2269.7983   14.3100
    7.5000  -52.5000   45.0000 2237.7209   14.4892
   -7.5000  -45.0000   45.0000 2381.5183   13.3775
    0.0000  -45.0000   45.0000 2406.2261   13.3044
    7.5000  -45.0000   45.0000 2368.1682   13.4803
   -7.5000  -37.5000   45.0000 2480.4336   12.5761
    0.0000  -37.5000   45.0000 2502.4541   12.4849
    7.5000  -37.5000   45.0000 2462.7712   12.6794
   -7.5000  -30.0000   45.0000 2543.7656   11.9888
    0.0000  -30.0000   45.0000 2563.9939   11.9249
    7.5000  -30.0000   45.0000 2527.0032   12.1136
   -7.5000  -22.5000   45.0000 2571.3652   11.6485
    0.0000  -22.5000   45.0000 2589.1345   11.5844
    7.5000  -22.5000   45.0000 2559.9631   11.7837
   -7.5000  -15.0000   45.0000 2564.9580   11.5598
    0.0000  -15.0000   45.0000 2585.1089   11.4736
    7.5000  -15.0000   45.0000 2555.3650   11.6610
   -7.5000   -7.5000   45.0000 2534.7905   11.6843
    0.0000   -7.5000   45.0000 2551.8684   11.6137
    7.5000   -7.5000   45.0000 2522.5034   11.7791
   -7.5000    0.0000   45.0000 2467.2695   12.0731
    0.0000    0.0000   45.0000 2486.9883   12.0171
    7.5000    0.0000   45.0000 2456.7822   12.1914
   -7.5000    7.5000   45.0000 2382.7903   12.6777
    0.0000    7.5000   45.0000 2396.3328   12.6243
    7.5000    7.5000   45.0000 2367.2798   12.8030
   -7.5000   15.0000   45.0000 2276.3186   13.4599
    0.0000   15.0000   45.0000 2290.0784   13.4191
    7.5000   15.0000   45.0000 2260.0291   13.6195
   -7.5000   22.5000   45.0000 2149.1350   14.5892
    0.0000   22.5000   45.0000 2159.8206   14.5408
    7.5000   22.5000   45.0000 2133.5227   14.7442
   -7.5000   30.0000   45.0000 2009.9829   16.0629
    0.0000   30.0000   45.0000 2021.0555   16.0024
    7.5000   30.0000   45.0000 1996.1682   16.2498

---------------------------------------------------------------------
imgreg_4dfp /opt/freesurfer/average/711-2C_as_mni_average_305 /opt/freesurfer/average/711-2B_as_mni_average_305_mask talsrcimg_g11 none talsrcimg_to_711-2C_as_mni_average_305_t4 1283
---------------------------------------------------------------------

freesurfer imgreg_4dfp.c
/opt/freesurfer/average/711-2C_as_mni_average_305.4dfp.img
       256       256       256         1
  1.000000  1.000000  1.000000
orientation T byte_order littleendian
Reading image: /opt/freesurfer/average/711-2C_as_mni_average_305.4dfp.img
dimensions:      256       256       256
mmppix:       1.0000   -1.0000   -1.0000
center:     128.0000 -129.0000 -129.0000
/opt/freesurfer/average/711-2B_as_mni_average_305_mask.4dfp.img
       256       256       256         1
  1.000000  1.000000  1.000000
orientation T byte_order littleendian
Reading mask: /opt/freesurfer/average/711-2B_as_mni_average_305_mask.4dfp.img (2306576 pixels)
talsrcimg_g11.4dfp.img
       256       256       256         1
  0.898437  0.898437  0.898437
orientation T byte_order littleendian
Reading image: talsrcimg_g11.4dfp.img
dimensions:      256       256       256
mmppix:       0.8984   -0.8984   -0.8984
center:     114.9999 -115.8984 -115.8984
rotation matrix determinant  1.000000
fimgreg.f
image alignment mode   1283 decimal      503 hex
parameters
    0.0000  -15.0000    7.5000    0.0000    0.0000    0.0000
eta,q 0.93702  9.54503
niter,ni,del,rscale     5    3   12.0000    1.2000
parameters
   -1.7018  -15.8238    9.8419    2.0700   -0.5962    2.7734
eta,q 0.94194  9.42176
  0.0700  0.0665  0.0761  0.0644  0.0659  0.0686
  0.0642  0.0642  0.0683  0.0635  0.0623  0.0659
  0.0611  0.0623  0.0632  0.0625  0.0602  0.0625
  0.0629  0.0610  0.0614  0.0611  0.0598  0.0597
  0.0681  0.0618  0.0611  0.0598  0.0616  0.0582
  0.0765  0.0660  0.0610  0.0600  0.0645  0.0585
  0.0867  0.0728  0.0624  0.0624  0.0683  0.0608
niter,ni,del,rscale     4    3   12.0000    1.2000
parameters
   -1.6111  -16.2965   10.1555    2.1953   -0.7858    2.5618
eta,q 0.94190  9.41335
  0.0745  0.0656  0.0663  0.0631  0.0658  0.0643
  0.0674  0.0626  0.0620  0.0623  0.0620  0.0610
  0.0611  0.0598  0.0594  0.0602  0.0592  0.0588
  0.0581  0.0580  0.0582  0.0581  0.0581  0.0581
  0.0598  0.0596  0.0588  0.0583  0.0591  0.0592
  0.0660  0.0636  0.0609  0.0607  0.0624  0.0619
  0.0745  0.0696  0.0649  0.0642  0.0672  0.0651
niter,ni,del,rscale     3    3   12.0000    1.2000
parameters
   -1.5478  -16.4079   10.1806    2.3101   -0.8567    2.5286
eta,q 0.94191  9.41055
  0.0744  0.0662  0.0656  0.0630  0.0661  0.0646
  0.0674  0.0629  0.0616  0.0623  0.0622  0.0613
  0.0612  0.0602  0.0592  0.0603  0.0594  0.0589
  0.0581  0.0581  0.0581  0.0581  0.0581  0.0581
  0.0598  0.0589  0.0589  0.0583  0.0590  0.0590
  0.0662  0.0624  0.0613  0.0607  0.0622  0.0615
  0.0746  0.0680  0.0658  0.0641  0.0669  0.0646
niter,ni,del,rscale     2    3   12.0000    1.2000
parameters
   -1.5175  -16.4833   10.2081    2.4099   -0.8931    2.5162
eta,q 0.94193  9.40827
  0.0743  0.0663  0.0657  0.0630  0.0662  0.0646
  0.0673  0.0629  0.0617  0.0623  0.0623  0.0613
  0.0612  0.0601  0.0593  0.0602  0.0594  0.0589
  0.0581  0.0581  0.0581  0.0581  0.0581  0.0581
  0.0599  0.0589  0.0588  0.0583  0.0590  0.0590
  0.0664  0.0624  0.0613  0.0607  0.0621  0.0614
  0.0748  0.0678  0.0659  0.0642  0.0668  0.0645
niter,ni,del,rscale     1    3   12.0000    1.2000
parameters
   -1.5004  -16.5442   10.2266    2.4885   -0.9149    2.5082
eta,q 0.94195  9.40659
  0.0742  0.0664  0.0657  0.0630  0.0663  0.0645
  0.0673  0.0629  0.0617  0.0623  0.0623  0.0613
  0.0611  0.0601  0.0593  0.0602  0.0594  0.0588
  0.0581  0.0581  0.0581  0.0581  0.0581  0.0581
  0.0599  0.0589  0.0588  0.0583  0.0590  0.0589
  0.0664  0.0624  0.0613  0.0607  0.0621  0.0614
  0.0749  0.0677  0.0659  0.0642  0.0668  0.0645
registration optimization eta report
parameter search radius
    6.0000    6.0000    6.0000    6.0000    6.0000    6.0000
100000*second partial in parameter space
       45.       24.       21.       14.       23.       18.
  0.0742  0.0664  0.0657  0.0630  0.0663  0.0645
  0.0673  0.0629  0.0617  0.0623  0.0623  0.0613
  0.0611  0.0601  0.0593  0.0602  0.0594  0.0588
  0.0581  0.0581  0.0581  0.0581  0.0581  0.0581
  0.0599  0.0589  0.0588  0.0583  0.0590  0.0589
  0.0664  0.0624  0.0613  0.0607  0.0621  0.0614
  0.0749  0.0677  0.0659  0.0642  0.0668  0.0645
   -1.5004  -16.5442   10.2266    2.4885   -0.9149    2.5082
eta,q 0.94195  9.40659

---------------------------------------------------------------------
imgreg_4dfp /opt/freesurfer/average/711-2C_as_mni_average_305 /opt/freesurfer/average/711-2B_as_mni_average_305_mask talsrcimg_g11 none talsrcimg_to_711-2C_as_mni_average_305_t4 3335
---------------------------------------------------------------------

freesurfer imgreg_4dfp.c
/opt/freesurfer/average/711-2C_as_mni_average_305.4dfp.img
       256       256       256         1
  1.000000  1.000000  1.000000
orientation T byte_order littleendian
Reading image: /opt/freesurfer/average/711-2C_as_mni_average_305.4dfp.img
dimensions:      256       256       256
mmppix:       1.0000   -1.0000   -1.0000
center:     128.0000 -129.0000 -129.0000
/opt/freesurfer/average/711-2B_as_mni_average_305_mask.4dfp.img
       256       256       256         1
  1.000000  1.000000  1.000000
orientation T byte_order littleendian
Reading mask: /opt/freesurfer/average/711-2B_as_mni_average_305_mask.4dfp.img (2306576 pixels)
talsrcimg_g11.4dfp.img
       256       256       256         1
  0.898437  0.898437  0.898437
orientation T byte_order littleendian
Reading image: talsrcimg_g11.4dfp.img
dimensions:      256       256       256
mmppix:       0.8984   -0.8984   -0.8984
center:     114.9999 -115.8984 -115.8984
fimgreg.f
image alignment mode   3335 decimal      D07 hex
parameters
   -1.5004  -16.5442   10.2266   -0.1085   -0.1870   -0.1070
   -4.3028    1.7837    4.3756   -4.2679   -1.5968    4.3413
eta,q 0.94252  9.44718
niter,ni,del,rscale     5    3    5.0000    1.2000
parameter  4  1.874433 ->  0.500000 qaram    1.1500
parameter  5  3.454504 ->  0.500000 qaram    1.1500
parameter  6  1.416406 ->  0.500000 qaram    1.1500
parameters
   -1.6807  -16.8548   10.7835   -4.2485   -4.3270   -4.2470
   -3.6643    2.5810    4.5533   -4.1642    0.4835    2.2012
eta,q 0.95995  8.89776
  0.0596  0.0586  0.0596  0.0496  0.0420  0.0387  0.0433  0.0463  0.0419  0.0431  0.0427  0.0407
  0.0583  0.0579  0.0585  0.0513  0.0450  0.0398  0.0418  0.0434  0.0410  0.0415  0.0416  0.0402
  0.0576  0.0575  0.0578  0.0539  0.0484  0.0423  0.0408  0.0413  0.0405  0.0405  0.0407  0.0400
  0.0575  0.0575  0.0574  0.0574  0.0520  0.0459  0.0403  0.0403  0.0403  0.0403  0.0403  0.0402
  0.0579  0.0578  0.0574  0.0614  0.0561  0.0504  0.0405  0.0405  0.0404  0.0405  0.0402  0.0406
  0.0588  0.0584  0.0577  0.0659  0.0608  0.0555  0.0412  0.0418  0.0409  0.0413  0.0404  0.0412
  0.0603  0.0593  0.0582  0.0708  0.0655  0.0613  0.0424  0.0442  0.0417  0.0430  0.0409  0.0420
niter,ni,del,rscale     7    3    5.0000    1.2000
parameter  2 -0.590169 -> -0.500000 qaram    1.1500
parameter  4  0.839740 ->  0.500000 qaram    1.3225
parameter  5  1.897305 ->  0.500000 qaram    1.3225
parameter  6  0.555748 ->  0.500000 qaram    1.3225
parameters
   -1.5039  -15.4748   10.1284   -9.0095   -9.0880   -9.0080
   -3.0531    1.9056    5.4382   -1.9291   -0.2679    3.2997
eta,q 0.97071  8.35609
  0.0438  0.0436  0.0404  0.0363  0.0291  0.0308  0.0331  0.0335  0.0325  0.0356  0.0303  0.0312
  0.0418  0.0420  0.0396  0.0365  0.0308  0.0301  0.0315  0.0312  0.0312  0.0331  0.0297  0.0303
  0.0406  0.0409  0.0392  0.0373  0.0333  0.0298  0.0304  0.0300  0.0303  0.0311  0.0294  0.0297
  0.0401  0.0400  0.0394  0.0392  0.0366  0.0314  0.0299  0.0299  0.0298  0.0298  0.0294  0.0293
  0.0403  0.0395  0.0401  0.0424  0.0405  0.0348  0.0301  0.0307  0.0299  0.0294  0.0296  0.0293
  0.0412  0.0394  0.0412  0.0465  0.0447  0.0394  0.0308  0.0324  0.0304  0.0299  0.0301  0.0297
  0.0429  0.0397  0.0427  0.0513  0.0495  0.0451  0.0322  0.0350  0.0315  0.0313  0.0308  0.0304
niter,ni,del,rscale     7    3    5.0000    1.2000
parameter  5  0.790835 ->  0.500000 qaram    1.5209
parameters
   -1.4078  -14.7751    9.4754  -12.0200  -14.5631  -11.3776
   -3.3733    2.0945    5.4791   -0.3417   -0.2097    4.0395
eta,q 0.97403  7.86949
  0.0329  0.0346  0.0300  0.0302  0.0263  0.0284  0.0289  0.0306  0.0283  0.0310  0.0272  0.0280
  0.0311  0.0321  0.0292  0.0291  0.0260  0.0270  0.0274  0.0283  0.0272  0.0288  0.0265  0.0271
  0.0298  0.0303  0.0289  0.0288  0.0268  0.0263  0.0265  0.0268  0.0265  0.0272  0.0262  0.0264
  0.0293  0.0293  0.0291  0.0289  0.0288  0.0261  0.0262  0.0262  0.0262  0.0262  0.0260  0.0260
  0.0295  0.0291  0.0297  0.0299  0.0319  0.0270  0.0267  0.0266  0.0265  0.0260  0.0261  0.0260
  0.0306  0.0297  0.0307  0.0323  0.0359  0.0300  0.0278  0.0280  0.0271  0.0267  0.0265  0.0265
  0.0325  0.0310  0.0321  0.0362  0.0403  0.0347  0.0293  0.0302  0.0283  0.0282  0.0272  0.0274
niter,ni,del,rscale     7    3    5.0000    1.2000
parameters
   -1.4338  -14.5637    9.5152  -12.0747  -17.3232  -11.7117
   -3.5768    2.2606    5.2857    0.3355   -0.0229    4.1907
eta,q 0.97417  7.72260
  0.0292  0.0304  0.0278  0.0290  0.0288  0.0294  0.0285  0.0301  0.0276  0.0294  0.0271  0.0275
  0.0274  0.0281  0.0268  0.0272  0.0270  0.0276  0.0270  0.0279  0.0266  0.0276  0.0265  0.0267
  0.0263  0.0266  0.0262  0.0261  0.0260  0.0264  0.0261  0.0264  0.0260  0.0264  0.0260  0.0261
  0.0260  0.0260  0.0260  0.0260  0.0260  0.0258  0.0259  0.0259  0.0259  0.0259  0.0258  0.0258
  0.0264  0.0263  0.0261  0.0262  0.0276  0.0258  0.0263  0.0262  0.0261  0.0260  0.0259  0.0260
  0.0275  0.0274  0.0267  0.0271  0.0307  0.0273  0.0273  0.0276  0.0268  0.0268  0.0263  0.0266
  0.0294  0.0292  0.0277  0.0292  0.0351  0.0308  0.0288  0.0298  0.0278  0.0283  0.0270  0.0274
niter,ni,del,rscale     6    3    5.0000    1.2000
parameters
   -1.4047  -14.4490    9.6333  -12.2088  -17.8782  -11.6145
   -3.6196    2.3248    5.1535    0.5462    0.0404    4.1991
eta,q 0.97415  7.69434
  0.0292  0.0296  0.0277  0.0288  0.0303  0.0297  0.0286  0.0299  0.0276  0.0289  0.0271  0.0275
  0.0274  0.0275  0.0268  0.0270  0.0282  0.0279  0.0271  0.0278  0.0266  0.0273  0.0265  0.0267
  0.0262  0.0263  0.0261  0.0259  0.0266  0.0266  0.0262  0.0264  0.0260  0.0262  0.0260  0.0261
  0.0258  0.0258  0.0258  0.0258  0.0258  0.0259  0.0259  0.0259  0.0259  0.0259  0.0259  0.0259
  0.0262  0.0262  0.0260  0.0262  0.0263  0.0257  0.0262  0.0263  0.0261  0.0261  0.0260  0.0260
  0.0272  0.0273  0.0265  0.0271  0.0284  0.0270  0.0272  0.0276  0.0267  0.0270  0.0264  0.0266
  0.0290  0.0289  0.0274  0.0290  0.0320  0.0303  0.0286  0.0298  0.0277  0.0286  0.0271  0.0275
niter,ni,del,rscale     5    3    5.0000    1.2000
parameters
   -1.3923  -14.4089    9.6621  -12.2358  -17.9686  -11.5920
   -3.6198    2.3423    5.1117    0.6102    0.0553    4.1871
eta,q 0.97414  7.68979
  0.0292  0.0294  0.0276  0.0289  0.0306  0.0297  0.0286  0.0299  0.0276  0.0288  0.0271  0.0275
  0.0274  0.0273  0.0267  0.0271  0.0284  0.0278  0.0271  0.0278  0.0266  0.0272  0.0265  0.0266
  0.0262  0.0262  0.0261  0.0260  0.0268  0.0266  0.0262  0.0264  0.0261  0.0262  0.0260  0.0261
  0.0259  0.0258  0.0259  0.0259  0.0259  0.0259  0.0259  0.0259  0.0259  0.0259  0.0259  0.0259
  0.0262  0.0263  0.0260  0.0262  0.0261  0.0257  0.0262  0.0263  0.0261  0.0261  0.0260  0.0261
  0.0273  0.0274  0.0266  0.0271  0.0280  0.0271  0.0271  0.0277  0.0267  0.0271  0.0264  0.0266
  0.0291  0.0290  0.0276  0.0289  0.0314  0.0304  0.0286  0.0299  0.0276  0.0287  0.0271  0.0275
niter,ni,del,rscale     4    3    5.0000    1.2000
parameters
   -1.3879  -14.3954    9.6634  -12.2402  -17.9861  -11.5898
   -3.6222    2.3469    5.1051    0.6311    0.0522    4.1804
eta,q 0.97414  7.68890
  0.0291  0.0293  0.0276  0.0290  0.0307  0.0297  0.0286  0.0298  0.0276  0.0287  0.0271  0.0275
  0.0273  0.0273  0.0267  0.0271  0.0284  0.0278  0.0271  0.0278  0.0267  0.0271  0.0265  0.0267
  0.0262  0.0262  0.0261  0.0260  0.0268  0.0266  0.0262  0.0264  0.0261  0.0262  0.0260  0.0261
  0.0259  0.0259  0.0259  0.0259  0.0259  0.0259  0.0259  0.0259  0.0259  0.0259  0.0259  0.0259
  0.0262  0.0263  0.0260  0.0262  0.0261  0.0257  0.0262  0.0263  0.0261  0.0262  0.0260  0.0261
  0.0273  0.0274  0.0266  0.0271  0.0279  0.0271  0.0272  0.0277  0.0267  0.0271  0.0264  0.0267
  0.0291  0.0291  0.0276  0.0289  0.0313  0.0305  0.0286  0.0299  0.0276  0.0287  0.0271  0.0275
registration optimization eta report
parameter search radius
    2.4000    2.7600    2.4000    9.5220   10.9503    9.5220
    7.2000    7.2000    7.2000    7.2000    7.2000    7.2000
100000*second partial in parameter space
       57.       43.       30.        3.        4.        5.
        5.        8.        3.        5.        2.        3.
  0.0291  0.0293  0.0276  0.0290  0.0307  0.0297  0.0286  0.0298  0.0276  0.0287  0.0271  0.0275
  0.0273  0.0273  0.0267  0.0271  0.0284  0.0278  0.0271  0.0278  0.0267  0.0271  0.0265  0.0267
  0.0262  0.0262  0.0261  0.0260  0.0268  0.0266  0.0262  0.0264  0.0261  0.0262  0.0260  0.0261
  0.0259  0.0259  0.0259  0.0259  0.0259  0.0259  0.0259  0.0259  0.0259  0.0259  0.0259  0.0259
  0.0262  0.0263  0.0260  0.0262  0.0261  0.0257  0.0262  0.0263  0.0261  0.0262  0.0260  0.0261
  0.0273  0.0274  0.0266  0.0271  0.0279  0.0271  0.0272  0.0277  0.0267  0.0271  0.0264  0.0267
  0.0291  0.0291  0.0276  0.0289  0.0313  0.0305  0.0286  0.0299  0.0276  0.0287  0.0271  0.0275
   -1.3879  -14.3954    9.6634  -12.2402  -17.9861  -11.5898
   -3.6222    2.3469    5.1051    0.6311    0.0522    4.1804
eta,q 0.97414  7.68890

---------------------------------------------------------------------
imgreg_4dfp /opt/freesurfer/average/711-2C_as_mni_average_305 /opt/freesurfer/average/711-2B_as_mni_average_305_mask talsrcimg_g11 none talsrcimg_to_711-2C_as_mni_average_305_t4 2311
---------------------------------------------------------------------

freesurfer imgreg_4dfp.c
/opt/freesurfer/average/711-2C_as_mni_average_305.4dfp.img
       256       256       256         1
  1.000000  1.000000  1.000000
orientation T byte_order littleendian
Reading image: /opt/freesurfer/average/711-2C_as_mni_average_305.4dfp.img
dimensions:      256       256       256
mmppix:       1.0000   -1.0000   -1.0000
center:     128.0000 -129.0000 -129.0000
/opt/freesurfer/average/711-2B_as_mni_average_305_mask.4dfp.img
       256       256       256         1
  1.000000  1.000000  1.000000
orientation T byte_order littleendian
Reading mask: /opt/freesurfer/average/711-2B_as_mni_average_305_mask.4dfp.img (2306576 pixels)
talsrcimg_g11.4dfp.img
       256       256       256         1
  0.898437  0.898437  0.898437
orientation T byte_order littleendian
Reading image: talsrcimg_g11.4dfp.img
dimensions:      256       256       256
mmppix:       0.8984   -0.8984   -0.8984
center:     114.9999 -115.8984 -115.8984
fimgreg.f
image alignment mode   2311 decimal      907 hex
parameters
   -1.3879  -14.3954    9.6634  -12.2402  -17.9861  -11.5898
   -3.6222    2.3469    5.1051    0.6311    0.0522    4.1804
eta,q 0.97414  7.68890
niter,ni,del,rscale     5    3    5.0000    0.8000
parameters
   -1.3827  -14.4700    9.6990  -12.6740  -17.0044   -9.9922
   -3.5830    2.4209    5.2597    0.6597    0.2335    3.8721
eta,q 0.97445  7.78301
  0.0273  0.0269  0.0267  0.0264  0.0272  0.0272  0.0269  0.0276  0.0265  0.0270  0.0262  0.0263
  0.0265  0.0263  0.0263  0.0260  0.0266  0.0265  0.0262  0.0265  0.0260  0.0263  0.0259  0.0259
  0.0260  0.0259  0.0260  0.0258  0.0261  0.0261  0.0257  0.0258  0.0257  0.0257  0.0256  0.0256
  0.0259  0.0259  0.0259  0.0259  0.0258  0.0257  0.0256  0.0256  0.0256  0.0256  0.0256  0.0256
  0.0260  0.0260  0.0259  0.0260  0.0257  0.0256  0.0257  0.0257  0.0256  0.0257  0.0256  0.0257
  0.0265  0.0265  0.0262  0.0262  0.0259  0.0256  0.0261  0.0264  0.0259  0.0262  0.0258  0.0260
  0.0273  0.0271  0.0266  0.0266  0.0265  0.0261  0.0269  0.0275  0.0263  0.0270  0.0261  0.0265
niter,ni,del,rscale     4    3    5.0000    0.7000
parameters
   -1.3936  -14.5366    9.8230  -12.1504  -16.8990   -9.8610
   -3.5232    2.3936    5.3220    0.6031    0.2872    3.9889
eta,q 0.97446  7.82009
  0.0267  0.0264  0.0263  0.0262  0.0265  0.0264  0.0266  0.0270  0.0262  0.0267  0.0260  0.0262
  0.0261  0.0259  0.0259  0.0258  0.0260  0.0260  0.0260  0.0262  0.0258  0.0261  0.0258  0.0259
  0.0257  0.0256  0.0257  0.0256  0.0257  0.0258  0.0257  0.0257  0.0256  0.0257  0.0256  0.0256
  0.0256  0.0256  0.0256  0.0255  0.0256  0.0256  0.0255  0.0255  0.0255  0.0255  0.0255  0.0255
  0.0257  0.0257  0.0256  0.0256  0.0256  0.0255  0.0256  0.0257  0.0256  0.0257  0.0256  0.0256
  0.0261  0.0261  0.0258  0.0257  0.0259  0.0258  0.0260  0.0262  0.0258  0.0261  0.0257  0.0258
  0.0267  0.0266  0.0261  0.0259  0.0265  0.0265  0.0265  0.0271  0.0262  0.0267  0.0260  0.0262
niter,ni,del,rscale     3    3    5.0000    0.6000
parameters
   -1.3770  -14.5839    9.8716  -12.1645  -16.8274   -9.6785
   -3.5140    2.4172    5.3220    0.5312    0.3438    4.0268
eta,q 0.97448  7.83055
  0.0264  0.0262  0.0261  0.0259  0.0262  0.0262  0.0263  0.0266  0.0260  0.0264  0.0259  0.0260
  0.0259  0.0258  0.0258  0.0256  0.0259  0.0259  0.0259  0.0260  0.0257  0.0259  0.0257  0.0258
  0.0256  0.0256  0.0256  0.0255  0.0256  0.0257  0.0256  0.0257  0.0256  0.0256  0.0256  0.0256
  0.0255  0.0255  0.0255  0.0255  0.0255  0.0255  0.0255  0.0255  0.0255  0.0255  0.0255  0.0255
  0.0256  0.0256  0.0256  0.0256  0.0256  0.0255  0.0256  0.0256  0.0256  0.0256  0.0255  0.0256
  0.0259  0.0259  0.0257  0.0257  0.0258  0.0257  0.0258  0.0260  0.0257  0.0259  0.0257  0.0257
  0.0264  0.0263  0.0260  0.0258  0.0262  0.0262  0.0263  0.0266  0.0260  0.0264  0.0258  0.0260
niter,ni,del,rscale     2    3    5.0000    0.5000
parameters
   -1.3731  -14.6122    9.9037  -12.2229  -16.7806   -9.5257
   -3.5108    2.4218    5.3027    0.5011    0.3848    4.0402
eta,q 0.97450  7.83629
  0.0261  0.0260  0.0259  0.0257  0.0260  0.0260  0.0260  0.0263  0.0258  0.0261  0.0257  0.0259
  0.0258  0.0257  0.0257  0.0256  0.0258  0.0258  0.0257  0.0258  0.0257  0.0258  0.0256  0.0257
  0.0256  0.0256  0.0256  0.0255  0.0256  0.0256  0.0256  0.0256  0.0255  0.0256  0.0255  0.0256
  0.0255  0.0255  0.0255  0.0255  0.0255  0.0255  0.0255  0.0255  0.0255  0.0255  0.0255  0.0255
  0.0256  0.0256  0.0256  0.0256  0.0255  0.0255  0.0256  0.0256  0.0255  0.0256  0.0255  0.0255
  0.0258  0.0258  0.0257  0.0256  0.0257  0.0257  0.0257  0.0258  0.0257  0.0258  0.0256  0.0257
  0.0261  0.0261  0.0259  0.0257  0.0260  0.0260  0.0260  0.0263  0.0258  0.0261  0.0257  0.0259
niter,ni,del,rscale     1    3    5.0000    0.4000
parameters
   -1.3705  -14.6254    9.9336  -12.2862  -16.7348   -9.3786
   -3.5081    2.4267    5.3016    0.4793    0.3960    4.0476
eta,q 0.97450  7.84162
  0.0259  0.0258  0.0258  0.0256  0.0258  0.0259  0.0258  0.0260  0.0257  0.0259  0.0256  0.0257
  0.0257  0.0256  0.0256  0.0255  0.0257  0.0257  0.0257  0.0257  0.0256  0.0257  0.0256  0.0256
  0.0255  0.0255  0.0255  0.0255  0.0256  0.0256  0.0255  0.0256  0.0255  0.0255  0.0255  0.0255
  0.0255  0.0255  0.0255  0.0255  0.0255  0.0255  0.0255  0.0255  0.0255  0.0255  0.0255  0.0255
  0.0255  0.0255  0.0255  0.0255  0.0255  0.0255  0.0255  0.0256  0.0255  0.0255  0.0255  0.0255
  0.0257  0.0257  0.0256  0.0256  0.0256  0.0256  0.0256  0.0257  0.0256  0.0257  0.0256  0.0256
  0.0259  0.0258  0.0257  0.0256  0.0258  0.0258  0.0258  0.0260  0.0257  0.0259  0.0256  0.0257
registration optimization eta report
parameter search radius
    0.8000    0.8000    0.8000    2.4000    2.4000    2.4000
    2.4000    2.4000    2.4000    2.4000    2.4000    2.4000
100000*second partial in parameter space
       59.       51.       37.        2.        6.        6.
        6.        9.        4.        7.        3.        4.
  0.0259  0.0258  0.0258  0.0256  0.0258  0.0259  0.0258  0.0260  0.0257  0.0259  0.0256  0.0257
  0.0257  0.0256  0.0256  0.0255  0.0257  0.0257  0.0257  0.0257  0.0256  0.0257  0.0256  0.0256
  0.0255  0.0255  0.0255  0.0255  0.0256  0.0256  0.0255  0.0256  0.0255  0.0255  0.0255  0.0255
  0.0255  0.0255  0.0255  0.0255  0.0255  0.0255  0.0255  0.0255  0.0255  0.0255  0.0255  0.0255
  0.0255  0.0255  0.0255  0.0255  0.0255  0.0255  0.0255  0.0256  0.0255  0.0255  0.0255  0.0255
  0.0257  0.0257  0.0256  0.0256  0.0256  0.0256  0.0256  0.0257  0.0256  0.0257  0.0256  0.0256
  0.0259  0.0258  0.0257  0.0256  0.0258  0.0258  0.0258  0.0260  0.0257  0.0259  0.0256  0.0257
   -1.3705  -14.6254    9.9336  -12.2862  -16.7348   -9.3786
   -3.5081    2.4267    5.3016    0.4793    0.3960    4.0476
eta,q 0.97450  7.84162

---------------------------------------------------------------------
imgreg_4dfp /opt/freesurfer/average/711-2C_as_mni_average_305 /opt/freesurfer/average/711-2B_as_mni_average_305_mask talsrcimg_g11 none talsrcimg_to_711-2C_as_mni_average_305_t4 2311
---------------------------------------------------------------------

freesurfer imgreg_4dfp.c
/opt/freesurfer/average/711-2C_as_mni_average_305.4dfp.img
       256       256       256         1
  1.000000  1.000000  1.000000
orientation T byte_order littleendian
Reading image: /opt/freesurfer/average/711-2C_as_mni_average_305.4dfp.img
dimensions:      256       256       256
mmppix:       1.0000   -1.0000   -1.0000
center:     128.0000 -129.0000 -129.0000
/opt/freesurfer/average/711-2B_as_mni_average_305_mask.4dfp.img
       256       256       256         1
  1.000000  1.000000  1.000000
orientation T byte_order littleendian
Reading mask: /opt/freesurfer/average/711-2B_as_mni_average_305_mask.4dfp.img (2306576 pixels)
talsrcimg_g11.4dfp.img
       256       256       256         1
  0.898437  0.898437  0.898437
orientation T byte_order littleendian
Reading image: talsrcimg_g11.4dfp.img
dimensions:      256       256       256
mmppix:       0.8984   -0.8984   -0.8984
center:     114.9999 -115.8984 -115.8984
fimgreg.f
image alignment mode   2311 decimal      907 hex
parameters
   -1.3705  -14.6254    9.9336  -12.2862  -16.7348   -9.3786
   -3.5081    2.4267    5.3016    0.4793    0.3960    4.0476
eta,q 0.97450  7.84162
niter,ni,del,rscale     5    3    5.0000    0.8000
parameters
   -1.3804  -14.6126    9.9191  -11.8010  -16.9478   -9.9067
   -3.4802    2.3651    5.3097    0.4479    0.3148    4.1242
eta,q 0.97445  7.83331
  0.0270  0.0268  0.0264  0.0263  0.0266  0.0265  0.0269  0.0274  0.0264  0.0270  0.0261  0.0264
  0.0262  0.0261  0.0259  0.0258  0.0261  0.0260  0.0262  0.0264  0.0259  0.0262  0.0258  0.0260
  0.0257  0.0256  0.0256  0.0255  0.0257  0.0257  0.0257  0.0258  0.0257  0.0257  0.0256  0.0257
  0.0255  0.0255  0.0255  0.0255  0.0255  0.0255  0.0256  0.0256  0.0256  0.0256  0.0256  0.0256
  0.0257  0.0257  0.0256  0.0256  0.0256  0.0256  0.0257  0.0258  0.0256  0.0257  0.0256  0.0256
  0.0262  0.0261  0.0259  0.0257  0.0261  0.0262  0.0261  0.0264  0.0259  0.0262  0.0258  0.0259
  0.0270  0.0268  0.0265  0.0260  0.0269  0.0273  0.0269  0.0275  0.0264  0.0271  0.0262  0.0264
niter,ni,del,rscale     4    3    5.0000    0.7000
parameters
   -1.3659  -14.6242    9.8922  -12.0704  -16.8744   -9.8417
   -3.5139    2.4047    5.3166    0.4408    0.3107    4.1450
eta,q 0.97447  7.82597
  0.0267  0.0265  0.0262  0.0259  0.0265  0.0264  0.0265  0.0270  0.0262  0.0267  0.0260  0.0262
  0.0261  0.0260  0.0259  0.0256  0.0260  0.0260  0.0260  0.0262  0.0258  0.0261  0.0258  0.0259
  0.0257  0.0256  0.0256  0.0255  0.0257  0.0257  0.0256  0.0257  0.0256  0.0257  0.0256  0.0256
  0.0256  0.0256  0.0256  0.0256  0.0255  0.0255  0.0255  0.0255  0.0255  0.0255  0.0255  0.0255
  0.0257  0.0257  0.0256  0.0256  0.0256  0.0255  0.0257  0.0257  0.0256  0.0257  0.0256  0.0256
  0.0260  0.0260  0.0259  0.0257  0.0259  0.0259  0.0260  0.0262  0.0258  0.0261  0.0257  0.0258
  0.0267  0.0265  0.0263  0.0260  0.0265  0.0265  0.0266  0.0270  0.0262  0.0267  0.0260  0.0262
niter,ni,del,rscale     3    3    5.0000    0.6000
parameters
   -1.3717  -14.6271    9.8988  -12.1236  -16.8167   -9.6967
   -3.5110    2.4150    5.3193    0.4498    0.3504    4.0962
eta,q 0.97448  7.83226
  0.0264  0.0263  0.0261  0.0258  0.0262  0.0262  0.0263  0.0266  0.0260  0.0264  0.0259  0.0260
  0.0259  0.0259  0.0258  0.0256  0.0259  0.0259  0.0259  0.0260  0.0257  0.0259  0.0257  0.0258
  0.0256  0.0256  0.0256  0.0255  0.0256  0.0257  0.0256  0.0256  0.0256  0.0256  0.0256  0.0256
  0.0255  0.0255  0.0255  0.0255  0.0255  0.0255  0.0255  0.0255  0.0255  0.0255  0.0255  0.0255
  0.0256  0.0256  0.0256  0.0256  0.0256  0.0255  0.0256  0.0256  0.0256  0.0256  0.0256  0.0256
  0.0259  0.0259  0.0258  0.0257  0.0258  0.0257  0.0258  0.0260  0.0257  0.0259  0.0257  0.0258
  0.0264  0.0263  0.0261  0.0258  0.0262  0.0262  0.0263  0.0266  0.0260  0.0264  0.0259  0.0260
niter,ni,del,rscale     2    3    5.0000    0.5000
parameters
   -1.3693  -14.6295    9.9157  -12.1927  -16.7610   -9.5316
   -3.5034    2.4229    5.3025    0.4600    0.3818    4.0736
eta,q 0.97449  7.83847
  0.0261  0.0260  0.0259  0.0257  0.0260  0.0260  0.0260  0.0263  0.0258  0.0261  0.0257  0.0258
  0.0258  0.0257  0.0257  0.0256  0.0258  0.0258  0.0257  0.0258  0.0256  0.0258  0.0256  0.0257
  0.0256  0.0256  0.0256  0.0255  0.0256  0.0256  0.0256  0.0256  0.0255  0.0256  0.0255  0.0256
  0.0255  0.0255  0.0255  0.0255  0.0255  0.0255  0.0255  0.0255  0.0255  0.0255  0.0255  0.0255
  0.0256  0.0256  0.0256  0.0256  0.0255  0.0255  0.0256  0.0256  0.0255  0.0256  0.0255  0.0255
  0.0258  0.0257  0.0257  0.0256  0.0257  0.0257  0.0257  0.0258  0.0257  0.0258  0.0256  0.0257
  0.0261  0.0260  0.0259  0.0257  0.0260  0.0260  0.0260  0.0263  0.0258  0.0261  0.0257  0.0259
niter,ni,del,rscale     1    3    5.0000    0.4000
parameters
   -1.3704  -14.6329    9.9335  -12.2865  -16.7283   -9.3923
   -3.5034    2.4283    5.2921    0.4574    0.4094    4.0579
eta,q 0.97450  7.84125
  0.0259  0.0258  0.0258  0.0256  0.0258  0.0259  0.0258  0.0260  0.0257  0.0259  0.0257  0.0257
  0.0257  0.0256  0.0256  0.0255  0.0257  0.0257  0.0256  0.0257  0.0256  0.0257  0.0256  0.0256
  0.0255  0.0255  0.0255  0.0255  0.0256  0.0256  0.0255  0.0256  0.0255  0.0255  0.0255  0.0255
  0.0255  0.0255  0.0255  0.0255  0.0255  0.0255  0.0255  0.0255  0.0255  0.0255  0.0255  0.0255
  0.0255  0.0255  0.0255  0.0255  0.0255  0.0255  0.0255  0.0255  0.0255  0.0255  0.0255  0.0255
  0.0257  0.0257  0.0256  0.0256  0.0256  0.0256  0.0256  0.0257  0.0256  0.0257  0.0256  0.0256
  0.0259  0.0258  0.0257  0.0256  0.0258  0.0258  0.0258  0.0260  0.0257  0.0259  0.0256  0.0257
registration optimization eta report
parameter search radius
    0.8000    0.8000    0.8000    2.4000    2.4000    2.4000
    2.4000    2.4000    2.4000    2.4000    2.4000    2.4000
100000*second partial in parameter space
       59.       51.       38.        2.        6.        6.
        6.        9.        4.        7.        3.        4.
  0.0259  0.0258  0.0258  0.0256  0.0258  0.0259  0.0258  0.0260  0.0257  0.0259  0.0257  0.0257
  0.0257  0.0256  0.0256  0.0255  0.0257  0.0257  0.0256  0.0257  0.0256  0.0257  0.0256  0.0256
  0.0255  0.0255  0.0255  0.0255  0.0256  0.0256  0.0255  0.0256  0.0255  0.0255  0.0255  0.0255
  0.0255  0.0255  0.0255  0.0255  0.0255  0.0255  0.0255  0.0255  0.0255  0.0255  0.0255  0.0255
  0.0255  0.0255  0.0255  0.0255  0.0255  0.0255  0.0255  0.0255  0.0255  0.0255  0.0255  0.0255
  0.0257  0.0257  0.0256  0.0256  0.0256  0.0256  0.0256  0.0257  0.0256  0.0257  0.0256  0.0256
  0.0259  0.0258  0.0257  0.0256  0.0258  0.0258  0.0258  0.0260  0.0257  0.0259  0.0256  0.0257
   -1.3704  -14.6329    9.9335  -12.2865  -16.7283   -9.3923
   -3.5034    2.4283    5.2921    0.4574    0.4094    4.0579
eta,q 0.97450  7.84125

---------------------------------------------------------------------
compute_vox2vox talsrcimg talsrcimg_to_711-2C_as_mni_average_305_t4 /opt/freesurfer/average/711-2C_as_mni_average_305
---------------------------------------------------------------------

freesurfer compute_vox2vox.c
Reading: talsrcimg.4dfp.ifh
Reading: talsrcimg_to_711-2C_as_mni_average_305_t4
Reading: /opt/freesurfer/average/711-2C_as_mni_average_305.4dfp.ifh
Writing: talsrcimg_to_711-2C_as_mni_average_305_t4_vox2vox.txt

start time Thu Mar 12 22:30:04 CET 2026
end		time Thu Mar 12 22:31:29 CET 2026

mpr2mni305 success

avi2talxfm orig_nu.mgz /opt/freesurfer/average/mni305.cor.mgz talsrcimg_to_711-2C_as_mni_average_305_t4_vox2vox.txt transforms/talairach.auto.xfm
avi2talxfm done
mv -f /out/sourcedata/freesurfer/sub-v2s2x29078_ses-1/mri/talsrcimg_to_711-2C_as_mni_average_305_t4_vox2vox.txt /out/sourcedata/freesurfer/sub-v2s2x29078_ses-1/mri/transforms/talsrcimg_to_711-2C_as_mni_average_305_t4_vox2vox.txt
lta_convert --src orig_nu.mgz --trg /opt/freesurfer/average/mni305.cor.mgz --inxfm transforms/talairach.auto.xfm --outlta transforms/talairach.auto.xfm.lta --subject fsaverage
7.3.2

--src: orig_nu.mgz src image (geometry).
--trg: /opt/freesurfer/average/mni305.cor.mgz trg image (geometry).
--inmni: transforms/talairach.auto.xfm input MNI/XFM transform.
--outlta: transforms/talairach.auto.xfm.lta output LTA.
--s: fsaverage subject name
 LTA read, type : 1
 1.13724  -0.03073   0.04934   7.94989;
-0.00190   1.10398  -0.05388  -4.48962;
-0.07226  -0.00411   1.19804  -6.44037;
 0.00000   0.00000   0.00000   1.00000;
setting subject to fsaverage
Writing  LTA to file transforms/talairach.auto.xfm.lta...
lta_convert successful.
 
 
Started at Thu Mar 12 22:30:03 CET 2026
Ended   at Thu Mar 12 22:31:30 CET 2026
talairach_avi done
