/out/sourcedata/freesurfer/sub-v2s2x29059_ses-1/mri
/opt/freesurfer/bin/talairach_avi
--i orig_nu.mgz --xfm transforms/talairach.auto.xfm
talairach_avi 7.3.2
Linux dna034 5.14.0-427.37.1.el9_4.x86_64 #1 SMP PREEMPT_DYNAMIC Fri Sep 13 12:41:50 EDT 2024 x86_64 x86_64 x86_64 GNU/Linux
Thu Mar 12 20:49:24 CET 2026
mri_convert orig_nu.mgz talsrcimg.img 
reading from orig_nu.mgz...
TR=0.00, TE=0.00, TI=0.00, flip angle=0.00
i_ras = (-1, 0, 0)
j_ras = (0, 0, -1)
k_ras = (0, 1, 0)
writing to talsrcimg.img...
Analyze Output Matrix
-0.89844   0.00000   0.00000   116.43616;
 0.00000   0.00000   0.89844  -126.07611;
 0.00000  -0.89844   0.00000   137.55923;
 0.00000   0.00000   0.00000   1.00000;
--------------------
INFO: set hdr.hist.orient to -1
mpr2mni305 talsrcimg
Thu Mar 12 20:49:25 CET 2026
/opt/freesurfer/bin/mpr2mni305 talsrcimg
mpr2mni305 7.3.2
target=711-2C_as_mni_average_305

---------------------------------------------------------------------
analyzeto4dfp talsrcimg -O0 -y
---------------------------------------------------------------------

freesurfer ifh2hdr.c
Thu Mar 12 20:49:25 2026
Writing: talsrcimg.4dfp.hdr
freesurfer analyzeto4dfp.c
Reading: talsrcimg.hdr
header size 348 bytes
hdr.dime.datatype	offset=70	value=2
hdr.dime.bitpix		offset=72	value=8
hdr.hist.orient		offset=252	value=-1
dimensionality     4
dimensions       256       256       256         1
Reading: talsrcimg.img
Writing: talsrcimg.4dfp.img
Writing: talsrcimg.4dfp.ifh
ifh2hdr talsrcimg -r0to255
ori=2

---------------------------------------------------------------------
gauss_4dfp talsrcimg 1.1
---------------------------------------------------------------------

freesurfer gauss_4dfp.c
Reading: talsrcimg.4dfp.img
Writing: talsrcimg_g11.4dfp.img
image dimensions 256 256 256 padded to 288 288 288
processing volume 1freesurfer ifh2hdr.c
Thu Mar 12 20:49:26 2026
Writing: talsrcimg_g11.4dfp.hdr

Writing: talsrcimg_g11.4dfp.ifh
including: talsrcimg.4dfp.img.rec in talsrcimg_g11.4dfp.img.rec

---------------------------------------------------------------------
imgreg_4dfp /opt/freesurfer/average/711-2C_as_mni_average_305 none talsrcimg_g11 none talsrcimg_to_711-2C_as_mni_average_305_t4 4355
---------------------------------------------------------------------

freesurfer imgreg_4dfp.c
/opt/freesurfer/average/711-2C_as_mni_average_305.4dfp.img
       256       256       256         1
  1.000000  1.000000  1.000000
orientation T byte_order littleendian
Reading image: /opt/freesurfer/average/711-2C_as_mni_average_305.4dfp.img
dimensions:      256       256       256
mmppix:       1.0000   -1.0000   -1.0000
center:     128.0000 -129.0000 -129.0000
talsrcimg_g11.4dfp.img
       256       256       256         1
  0.898437  0.898437  0.898437
orientation T byte_order littleendian
Reading image: talsrcimg_g11.4dfp.img
dimensions:      256       256       256
mmppix:       0.8984   -0.8984   -0.8984
center:     114.9999 -115.8984 -115.8984
t4_read: open error in t4_sub.f l:  41 t4_file(1:l)talsrcimg_to_711-2C_as_mni_average_305_t4 
t4_read: transform initialized to I4
rotation matrix determinant  1.000000
image alignment mode   4355 decimal     1103 hex
   -7.5000  -45.0000  -45.0000 6554.4316    8.8096
    0.0000  -45.0000  -45.0000 6573.7246    8.8240
    7.5000  -45.0000  -45.0000 6223.5220    8.8222
   -7.5000  -37.5000  -45.0000 6932.0400    9.3610
    0.0000  -37.5000  -45.0000 6957.1685    9.3758
    7.5000  -37.5000  -45.0000 6574.3140    9.3796
   -7.5000  -30.0000  -45.0000 7334.6118    9.6389
    0.0000  -30.0000  -45.0000 7359.3872    9.6494
    7.5000  -30.0000  -45.0000 6950.7622    9.6521
   -7.5000  -22.5000  -45.0000 7828.1094    9.6254
    0.0000  -22.5000  -45.0000 7851.7085    9.6313
    7.5000  -22.5000  -45.0000 7431.2563    9.6264
   -7.5000  -15.0000  -45.0000 8243.9902    9.6295
    0.0000  -15.0000  -45.0000 8290.8418    9.6359
    7.5000  -15.0000  -45.0000 7853.7749    9.6249
   -7.5000   -7.5000  -45.0000 8308.8018    9.6438
    0.0000   -7.5000  -45.0000 8365.8555    9.6551
    7.5000   -7.5000  -45.0000 7941.5117    9.6457
   -7.5000    0.0000  -45.0000 8375.7695    9.6569
    0.0000    0.0000  -45.0000 8435.5273    9.6726
    7.5000    0.0000  -45.0000 8002.4937    9.6707
   -7.5000    7.5000  -45.0000 7956.2949    9.6561
    0.0000    7.5000  -45.0000 8000.9707    9.6714
    7.5000    7.5000  -45.0000 7573.3618    9.6753
   -7.5000   15.0000  -45.0000 7658.3335    9.6389
    0.0000   15.0000  -45.0000 7707.5581    9.6494
    7.5000   15.0000  -45.0000 7286.9673    9.6521
   -7.5000   22.5000  -45.0000 7027.1616    9.4960
    0.0000   22.5000  -45.0000 7075.9087    9.5017
    7.5000   22.5000  -45.0000 6670.3555    9.4969
   -7.5000   30.0000  -45.0000 6398.3257    9.2467
    0.0000   30.0000  -45.0000 6454.9609    9.2528
    7.5000   30.0000  -45.0000 6070.8789    9.2422
   -7.5000   37.5000  -45.0000 5802.8276    9.1343
    0.0000   37.5000  -45.0000 5852.7085    9.1457
    7.5000   37.5000  -45.0000 5517.1030    9.1363
   -7.5000   45.0000  -45.0000 5288.7104    9.1314
    0.0000   45.0000  -45.0000 5325.2676    9.1498
    7.5000   45.0000  -45.0000 4998.1426    9.1445
   -7.5000  -45.0000  -37.5000 7111.8198    9.1944
    0.0000  -45.0000  -37.5000 7149.6602    9.2026
    7.5000  -45.0000  -37.5000 6771.6011    9.1978
   -7.5000  -37.5000  -37.5000 7511.1074    9.7772
    0.0000  -37.5000  -37.5000 7557.4429    9.7872
    7.5000  -37.5000  -37.5000 7144.3413    9.7864
   -7.5000  -30.0000  -37.5000 7965.5044   10.0503
    0.0000  -30.0000  -37.5000 8014.8652   10.0558
    7.5000  -30.0000  -37.5000 7562.8618   10.0532
   -7.5000  -22.5000  -37.5000 8480.2197   10.0335
    0.0000  -22.5000  -37.5000 8521.3896   10.0324
    7.5000  -22.5000  -37.5000 8068.6309   10.0227
   -7.5000  -15.0000  -37.5000 8913.1582   10.0339
    0.0000  -15.0000  -37.5000 8972.9141   10.0318
    7.5000  -15.0000  -37.5000 8524.7539   10.0172
   -7.5000   -7.5000  -37.5000 8994.6826   10.0485
    0.0000   -7.5000  -37.5000 9048.8975   10.0513
    7.5000   -7.5000  -37.5000 8597.0234   10.0392
   -7.5000    0.0000  -37.5000 9062.5459   10.0658
    0.0000    0.0000  -37.5000 9124.7119   10.0748
    7.5000    0.0000  -37.5000 8657.7646   10.0695
   -7.5000    7.5000  -37.5000 8582.1582   10.0677
    0.0000    7.5000  -37.5000 8630.5918   10.0780
    7.5000    7.5000  -37.5000 8197.2051   10.0772
   -7.5000   15.0000  -37.5000 8244.5771   10.0498
    0.0000   15.0000  -37.5000 8287.4609   10.0553
    7.5000   15.0000  -37.5000 7875.7349   10.0527
   -7.5000   22.5000  -37.5000 7555.2251    9.8993
    0.0000   22.5000  -37.5000 7604.4517    9.8982
    7.5000   22.5000  -37.5000 7207.3750    9.8887
   -7.5000   30.0000  -37.5000 6874.6069    9.6418
    0.0000   30.0000  -37.5000 6916.8896    9.6398
    7.5000   30.0000  -37.5000 6554.2754    9.6258
   -7.5000   37.5000  -37.5000 6221.1675    9.5258
    0.0000   37.5000  -37.5000 6263.0029    9.5286
    7.5000   37.5000  -37.5000 5925.2461    9.5151
   -7.5000   45.0000  -37.5000 5647.5063    9.5124
    0.0000   45.0000  -37.5000 5680.1577    9.5232
    7.5000   45.0000  -37.5000 5345.6855    9.5122
   -7.5000  -45.0000  -30.0000 7700.9458    9.5806
    0.0000  -45.0000  -30.0000 7725.6479    9.5910
    7.5000  -45.0000  -30.0000 7337.8604    9.5897
   -7.5000  -37.5000  -30.0000 8096.1650   10.1927
    0.0000  -37.5000  -30.0000 8147.3711   10.2051
    7.5000  -37.5000  -30.0000 7733.6387   10.2067
   -7.5000  -30.0000  -30.0000 8572.0488   10.4640
    0.0000  -30.0000  -30.0000 8623.2119   10.4716
    7.5000  -30.0000  -30.0000 8167.2725   10.4710
   -7.5000  -22.5000  -30.0000 9141.3311   10.4472
    0.0000  -22.5000  -30.0000 9192.4932   10.4478
    7.5000  -22.5000  -30.0000 8726.5850   10.4410
   -7.5000  -15.0000  -30.0000 9619.8145   10.4459
    0.0000  -15.0000  -30.0000 9684.4102   10.4453
    7.5000  -15.0000  -30.0000 9216.5342   10.4353
   -7.5000   -7.5000  -30.0000 9673.9414   10.4598
    0.0000   -7.5000  -30.0000 9729.4844   10.4643
    7.5000   -7.5000  -30.0000 9273.1865   10.4571
   -7.5000    0.0000  -30.0000 9736.3018   10.4778
    0.0000    0.0000  -30.0000 9793.5869   10.4891
    7.5000    0.0000  -30.0000 9336.7988   10.4876
   -7.5000    7.5000  -30.0000 9189.2861   10.4796
    0.0000    7.5000  -30.0000 9225.8809   10.4924
    7.5000    7.5000  -30.0000 8806.8760   10.4940
   -7.5000   15.0000  -30.0000 8810.8340   10.4625
    0.0000   15.0000  -30.0000 8851.5986   10.4701
    7.5000   15.0000  -30.0000 8470.4873   10.4695
   -7.5000   22.5000  -30.0000 8084.0806   10.3079
    0.0000   22.5000  -30.0000 8122.6523   10.3085
    7.5000   22.5000  -30.0000 7750.2622   10.3018
   -7.5000   30.0000  -30.0000 7343.7837   10.0451
    0.0000   30.0000  -30.0000 7380.9980   10.0445
    7.5000   30.0000  -30.0000 7019.5361   10.0349
   -7.5000   37.5000  -30.0000 6632.9116    9.9290
    0.0000   37.5000  -30.0000 6667.1265    9.9341
    7.5000   37.5000  -30.0000 6313.8579    9.9251
   -7.5000   45.0000  -30.0000 5999.7710    9.9101
    0.0000   45.0000  -30.0000 6023.5493    9.9231
    7.5000   45.0000  -30.0000 5683.2954    9.9156
   -7.5000  -45.0000  -22.5000 8277.8799    9.8964
    0.0000  -45.0000  -22.5000 8307.9180    9.9152
    7.5000  -45.0000  -22.5000 7873.6064    9.9189
   -7.5000  -37.5000  -22.5000 8697.5049   10.5323
    0.0000  -37.5000  -22.5000 8751.9336   10.5523
    7.5000  -37.5000  -22.5000 8298.3105   10.5601
   -7.5000  -30.0000  -22.5000 9193.0957   10.8009
    0.0000  -30.0000  -22.5000 9237.4043   10.8163
    7.5000  -30.0000  -22.5000 8765.0469   10.8225
   -7.5000  -22.5000  -22.5000 9815.0459   10.7864
    0.0000  -22.5000  -22.5000 9869.4727   10.7961
    7.5000  -22.5000  -22.5000 9351.2295   10.7960
   -7.5000  -15.0000  -22.500010347.6240   10.7871
    0.0000  -15.0000  -22.500010394.8486   10.7970
    7.5000  -15.0000  -22.5000 9878.4463   10.7932
   -7.5000   -7.5000  -22.500010385.5771   10.8011
    0.0000   -7.5000  -22.500010428.6006   10.8161
    7.5000   -7.5000  -22.5000 9939.6475   10.8145
   -7.5000    0.0000  -22.500010432.8896   10.8170
    0.0000    0.0000  -22.500010494.7109   10.8375
    7.5000    0.0000  -22.500010010.1016   10.8415
   -7.5000    7.5000  -22.5000 9815.3809   10.8154
    0.0000    7.5000  -22.5000 9847.3047   10.8359
    7.5000    7.5000  -22.5000 9423.5645   10.8439
   -7.5000   15.0000  -22.5000 9398.7041   10.7984
    0.0000   15.0000  -22.5000 9425.7695   10.8137
    7.5000   15.0000  -22.5000 9046.4805   10.8199
   -7.5000   22.5000  -22.5000 8588.9043   10.6437
    0.0000   22.5000  -22.5000 8590.9824   10.6533
    7.5000   22.5000  -22.5000 8250.0791   10.6532
   -7.5000   30.0000  -22.5000 7801.2515   10.3808
    0.0000   30.0000  -22.5000 7813.9951   10.3903
    7.5000   30.0000  -22.5000 7469.5435   10.3867
   -7.5000   37.5000  -22.5000 7031.0503   10.2638
    0.0000   37.5000  -22.5000 7037.5181   10.2804
    7.5000   37.5000  -22.5000 6691.4761   10.2777
   -7.5000   45.0000  -22.5000 6351.5640   10.2454
    0.0000   45.0000  -22.5000 6354.1318   10.2683
    7.5000   45.0000  -22.5000 6027.4463   10.2687
   -7.5000  -45.0000  -15.0000 8833.1250   10.2412
    0.0000  -45.0000  -15.0000 8874.6631   10.2673
    7.5000  -45.0000  -15.0000 8395.6738   10.2722
   -7.5000  -37.5000  -15.0000 9321.4453   10.8959
    0.0000  -37.5000  -15.0000 9381.8906   10.9224
    7.5000  -37.5000  -15.0000 8870.9912   10.9336
   -7.5000  -30.0000  -15.0000 9876.8545   11.1639
    0.0000  -30.0000  -15.0000 9935.4941   11.1860
    7.5000  -30.0000  -15.0000 9392.8105   11.1967
   -7.5000  -22.5000  -15.000010533.8711   11.1515
    0.0000  -22.5000  -15.000010584.6396   11.1692
    7.5000  -22.5000  -15.000010006.6348   11.1727
   -7.5000  -15.0000  -15.000011092.9326   11.1555
    0.0000  -15.0000  -15.000011144.2051   11.1746
    7.5000  -15.0000  -15.000010563.4414   11.1721
   -7.5000   -7.5000  -15.000011160.2598   11.1700
    0.0000   -7.5000  -15.000011198.6289   11.1943
    7.5000   -7.5000  -15.000010642.3955   11.1929
   -7.5000    0.0000  -15.000011203.4736   11.1829
    0.0000    0.0000  -15.000011240.2295   11.2114
    7.5000    0.0000  -15.000010691.9961   11.2168
   -7.5000    7.5000  -15.000010491.7666   11.1778
    0.0000    7.5000  -15.000010512.3271   11.2050
    7.5000    7.5000  -15.000010041.3994   11.2165
   -7.5000   15.0000  -15.000010044.2754   11.1604
    0.0000   15.0000  -15.000010047.4785   11.1825
    7.5000   15.0000  -15.0000 9652.0918   11.1933
   -7.5000   22.5000  -15.0000 9161.4424   11.0056
    0.0000   22.5000  -15.0000 9142.3213   11.0231
    7.5000   22.5000  -15.0000 8796.6865   11.0265
   -7.5000   30.0000  -15.0000 8289.7090   10.7434
    0.0000   30.0000  -15.0000 8264.9990   10.7618
    7.5000   30.0000  -15.0000 7920.1143   10.7594
   -7.5000   37.5000  -15.0000 7454.9375   10.6273
    0.0000   37.5000  -15.0000 7438.5146   10.6534
    7.5000   37.5000  -15.0000 7089.1372   10.6523
   -7.5000   45.0000  -15.0000 6732.2822   10.6153
    0.0000   45.0000  -15.0000 6718.8345   10.6470
    7.5000   45.0000  -15.0000 6382.1104   10.6510
   -7.5000  -45.0000   -7.5000 9121.4570   10.2474
    0.0000  -45.0000   -7.5000 9157.2490   10.2718
    7.5000  -45.0000   -7.5000 8646.1582   10.2728
   -7.5000  -37.5000   -7.5000 9668.3135   10.9014
    0.0000  -37.5000   -7.5000 9720.6455   10.9255
    7.5000  -37.5000   -7.5000 9157.3096   10.9338
   -7.5000  -30.0000   -7.500010303.8555   11.1696
    0.0000  -30.0000   -7.500010382.4404   11.1892
    7.5000  -30.0000   -7.5000 9766.7764   11.1972
   -7.5000  -22.5000   -7.500010995.2031   11.1584
    0.0000  -22.5000   -7.500011080.3945   11.1740
    7.5000  -22.5000   -7.500010411.4375   11.1739
   -7.5000  -15.0000   -7.500011600.6211   11.1647
    0.0000  -15.0000   -7.500011662.5098   11.1820
    7.5000  -15.0000   -7.500010974.8184   11.1743
   -7.5000   -7.5000   -7.500011695.1621   11.1790
    0.0000   -7.5000   -7.500011719.3779   11.2018
    7.5000   -7.5000   -7.500011050.3877   11.1949
   -7.5000    0.0000   -7.500011723.8203   11.1897
    0.0000    0.0000   -7.500011737.8203   11.2163
    7.5000    0.0000   -7.500011079.5059   11.2174
   -7.5000    7.5000   -7.500010960.0547   11.1835
    0.0000    7.5000   -7.500010951.5244   11.2083
    7.5000    7.5000   -7.500010377.2441   11.2167
   -7.5000   15.0000   -7.500010458.7822   11.1661
    0.0000   15.0000   -7.500010433.1748   11.1858
    7.5000   15.0000   -7.5000 9936.5283   11.1937
   -7.5000   22.5000   -7.5000 9508.6416   11.0125
    0.0000   22.5000   -7.5000 9478.8184   11.0279
    7.5000   22.5000   -7.5000 9035.3389   11.0277
   -7.5000   30.0000   -7.5000 8565.4277   10.7522
    0.0000   30.0000   -7.5000 8516.9834   10.7689
    7.5000   30.0000   -7.5000 8142.9883   10.7615
   -7.5000   37.5000   -7.5000 7670.7969   10.6358
    0.0000   37.5000   -7.5000 7653.4468   10.6596
    7.5000   37.5000   -7.5000 7309.2988   10.6536
   -7.5000   45.0000   -7.5000 6897.9644   10.6247
    0.0000   45.0000   -7.5000 6897.1597   10.6548
    7.5000   45.0000   -7.5000 6561.8872   10.6545
   -7.5000  -45.0000    0.0000 9249.0303   10.5123
    0.0000  -45.0000    0.0000 9308.5859   10.5287
    7.5000  -45.0000    0.0000 8768.9541   10.5250
   -7.5000  -37.5000    0.0000 9789.2197   11.1799
    0.0000  -37.5000    0.0000 9854.1680   11.1968
    7.5000  -37.5000    0.0000 9240.3984   11.1998
   -7.5000  -30.0000    0.000010565.1943   11.4468
    0.0000  -30.0000    0.000010642.2041   11.4591
    7.5000  -30.0000    0.0000 9889.3906   11.4611
   -7.5000  -22.5000    0.000011473.6182   11.4334
    0.0000  -22.5000    0.000011595.2471   11.4405
    7.5000  -22.5000    0.000010678.9082   11.4338
   -7.5000  -15.0000    0.000012103.4795   11.4392
    0.0000  -15.0000    0.000012191.1270   11.4469
    7.5000  -15.0000    0.000011251.5059   11.4327
   -7.5000   -7.5000    0.000012093.9062   11.4547
    0.0000   -7.5000    0.000012119.2686   11.4678
    7.5000   -7.5000    0.000011280.7676   11.4552
   -7.5000    0.0000    0.000011977.1094   11.4675
    0.0000    0.0000    0.000012017.4639   11.4855
    7.5000    0.0000    0.000011231.1650   11.4814
   -7.5000    7.5000    0.000011111.7012   11.4616
    0.0000    7.5000    0.000011149.9043   11.4790
    7.5000    7.5000    0.000010474.1660   11.4820
   -7.5000   15.0000    0.000010549.7891   11.4428
    0.0000   15.0000    0.000010578.8154   11.4551
    7.5000   15.0000    0.0000 9998.2002   11.4570
   -7.5000   22.5000    0.0000 9566.2129   11.2854
    0.0000   22.5000    0.0000 9586.5352   11.2925
    7.5000   22.5000    0.0000 9102.7539   11.2858
   -7.5000   30.0000    0.0000 8620.8477   11.0232
    0.0000   30.0000    0.0000 8629.6973   11.0307
    7.5000   30.0000    0.0000 8220.0342   11.0170
   -7.5000   37.5000    0.0000 7744.2725   10.9144
    0.0000   37.5000    0.0000 7756.9409   10.9277
    7.5000   37.5000    0.0000 7384.2329   10.9151
   -7.5000   45.0000    0.0000 6945.6035   10.9151
    0.0000   45.0000    0.0000 6947.4048   10.9363
    7.5000   45.0000    0.0000 6609.8970   10.9283
   -7.5000  -45.0000    7.5000 9031.5254   10.5705
    0.0000  -45.0000    7.5000 9097.6992   10.5805
    7.5000  -45.0000    7.5000 8489.9521   10.5754
   -7.5000  -37.5000    7.5000 9509.6875   11.2452
    0.0000  -37.5000    7.5000 9571.7686   11.2571
    7.5000  -37.5000    7.5000 8920.5830   11.2565
   -7.5000  -30.0000    7.500010263.8984   11.5126
    0.0000  -30.0000    7.500010362.2715   11.5193
    7.5000  -30.0000    7.5000 9549.2852   11.5166
   -7.5000  -22.5000    7.500011300.2129   11.4948
    0.0000  -22.5000    7.500011573.5479   11.4940
    7.5000  -22.5000    7.500010377.8906   11.4834
   -7.5000  -15.0000    7.500011992.2402   11.4965
    0.0000  -15.0000    7.500012271.1172   11.4945
    7.5000  -15.0000    7.500010976.6562   11.4785
   -7.5000   -7.5000    7.500011834.8428   11.5129
    0.0000   -7.5000    7.500012012.8467   11.5166
    7.5000   -7.5000    7.500010943.8750   11.5035
   -7.5000    0.0000    7.500011567.4072   11.5311
    0.0000    0.0000    7.500011699.9951   11.5419
    7.5000    0.0000    7.500010841.2100   11.5364
   -7.5000    7.5000    7.500010648.4844   11.5285
    0.0000    7.5000    7.500010754.6123   11.5408
    7.5000    7.5000    7.500010076.9951   11.5402
   -7.5000   15.0000    7.500010110.0439   11.5085
    0.0000   15.0000    7.500010202.9287   11.5152
    7.5000   15.0000    7.5000 9634.3965   11.5125
   -7.5000   22.5000    7.5000 9212.9238   11.3460
    0.0000   22.5000    7.5000 9267.1182   11.3452
    7.5000   22.5000    7.5000 8811.7148   11.3348
   -7.5000   30.0000    7.5000 8354.4443   11.0784
    0.0000   30.0000    7.5000 8384.3682   11.0766
    7.5000   30.0000    7.5000 7996.8027   11.0612
   -7.5000   37.5000    7.5000 7531.9385   10.9745
    0.0000   37.5000    7.5000 7555.4351   10.9781
    7.5000   37.5000    7.5000 7195.6987   10.9635
   -7.5000   45.0000    7.5000 6748.4072   10.9810
    0.0000   45.0000    7.5000 6783.1309   10.9940
    7.5000   45.0000    7.5000 6432.4321   10.9819
   -7.5000  -45.0000   15.0000 9031.4014   10.7124
    0.0000  -45.0000   15.0000 9071.7266   10.7239
    7.5000  -45.0000   15.0000 8475.4619   10.7224
   -7.5000  -37.5000   15.0000 9505.4775   11.3988
    0.0000  -37.5000   15.0000 9510.8145   11.4127
    7.5000  -37.5000   15.0000 8948.0654   11.4144
   -7.5000  -30.0000   15.000010254.6230   11.6698
    0.0000  -30.0000   15.000010329.8564   11.6783
    7.5000  -30.0000   15.0000 9628.6387   11.6772
   -7.5000  -22.5000   15.000011261.8105   11.6488
    0.0000  -22.5000   15.000011588.2881   11.6496
    7.5000  -22.5000   15.000010466.6611   11.6412
   -7.5000  -15.0000   15.000011930.7998   11.6467
    0.0000  -15.0000   15.000012307.4102   11.6460
    7.5000  -15.0000   15.000011039.6465   11.6342
   -7.5000   -7.5000   15.000011789.5977   11.6638
    0.0000   -7.5000   15.000012027.2598   11.6687
    7.5000   -7.5000   15.000011000.9307   11.6604
   -7.5000    0.0000   15.000011524.1836   11.6859
    0.0000    0.0000   15.000011708.4248   11.6984
    7.5000    0.0000   15.000010858.6533   11.6967
   -7.5000    7.5000   15.000010615.1406   11.6861
    0.0000    7.5000   15.000010773.7471   11.7003
    7.5000    7.5000   15.000010083.5254   11.7020
   -7.5000   15.0000   15.000010153.6094   11.6656
    0.0000   15.0000   15.000010279.6816   11.6742
    7.5000   15.0000   15.0000 9669.5918   11.6731
   -7.5000   22.5000   15.0000 9264.4668   11.4980
    0.0000   22.5000   15.0000 9346.9219   11.4988
    7.5000   22.5000   15.0000 8861.5625   11.4906
   -7.5000   30.0000   15.0000 8403.1699   11.2233
    0.0000   30.0000   15.0000 8457.8340   11.2226
    7.5000   30.0000   15.0000 8027.9595   11.2112
   -7.5000   37.5000   15.0000 7552.2578   11.1206
    0.0000   37.5000   15.0000 7588.3887   11.1262
    7.5000   37.5000   15.0000 7216.7300   11.1158
   -7.5000   45.0000   15.0000 6757.6167   11.1168
    0.0000   45.0000   15.0000 6790.6099   11.1312
    7.5000   45.0000   15.0000 6444.7183   11.1227
   -7.5000  -45.0000   22.5000 8510.5195   10.8756
    0.0000  -45.0000   22.5000 8547.5918   10.8972
    7.5000  -45.0000   22.5000 8076.6802   10.9011
   -7.5000  -37.5000   22.5000 8986.8799   11.5716
    0.0000  -37.5000   22.5000 9006.6650   11.5947
    7.5000  -37.5000   22.5000 8536.0430   11.6032
   -7.5000  -30.0000   22.5000 9655.0781   11.8470
    0.0000  -30.0000   22.5000 9794.3662   11.8645
    7.5000  -30.0000   22.5000 9162.6621   11.8708
   -7.5000  -22.5000   22.500010422.6846   11.8265
    0.0000  -22.5000   22.500010708.4512   11.8374
    7.5000  -22.5000   22.5000 9832.2480   11.8360
   -7.5000  -15.0000   22.500011007.6582   11.8246
    0.0000  -15.0000   22.500011282.2510   11.8356
    7.5000  -15.0000   22.500010372.0381   11.8301
   -7.5000   -7.5000   22.500011006.3311   11.8420
    0.0000   -7.5000   22.500011201.1006   11.8591
    7.5000   -7.5000   22.500010408.2959   11.8566
   -7.5000    0.0000   22.500010880.0361   11.8638
    0.0000    0.0000   22.500011032.5596   11.8874
    7.5000    0.0000   22.500010297.8799   11.8917
   -7.5000    7.5000   22.500010054.7803   11.8633
    0.0000    7.5000   22.500010190.9307   11.8869
    7.5000    7.5000   22.5000 9546.4053   11.8957
   -7.5000   15.0000   22.5000 9677.4600   11.8428
    0.0000   15.0000   22.5000 9777.7158   11.8603
    7.5000   15.0000   22.5000 9191.8486   11.8666
   -7.5000   22.5000   22.5000 8841.2285   11.6734
    0.0000   22.5000   22.5000 8924.2256   11.6842
    7.5000   22.5000   22.5000 8423.8369   11.6828
   -7.5000   30.0000   22.5000 7997.0542   11.3946
    0.0000   30.0000   22.5000 8067.4692   11.4053
    7.5000   30.0000   22.5000 7609.4487   11.4000
   -7.5000   37.5000   22.5000 7155.3687   11.2891
    0.0000   37.5000   22.5000 7205.2773   11.3081
    7.5000   37.5000   22.5000 6821.9600   11.3043
   -7.5000   45.0000   22.5000 6382.5015   11.2719
    0.0000   45.0000   22.5000 6415.7480   11.2985
    7.5000   45.0000   22.5000 6077.3340   11.2988
   -7.5000  -45.0000   30.0000 7993.6523   11.0447
    0.0000  -45.0000   30.0000 8046.6802   11.0740
    7.5000  -45.0000   30.0000 7624.9517   11.0789
   -7.5000  -37.5000   30.0000 8457.8965   11.7575
    0.0000  -37.5000   30.0000 8509.7363   11.7870
    7.5000  -37.5000   30.0000 8059.9976   11.7983
   -7.5000  -30.0000   30.0000 9034.5342   12.0443
    0.0000  -30.0000   30.0000 9169.4629   12.0681
    7.5000  -30.0000   30.0000 8587.7920   12.0782
   -7.5000  -22.5000   30.0000 9676.2422   12.0279
    0.0000  -22.5000   30.0000 9835.4639   12.0462
    7.5000  -22.5000   30.0000 9153.9600   12.0480
   -7.5000  -15.0000   30.000010227.0166   12.0257
    0.0000  -15.0000   30.000010347.1016   12.0458
    7.5000  -15.0000   30.0000 9670.8848   12.0417
   -7.5000   -7.5000   30.000010306.2734   12.0388
    0.0000   -7.5000   30.000010397.5156   12.0655
    7.5000   -7.5000   30.0000 9772.2412   12.0632
   -7.5000    0.0000   30.000010216.7334   12.0557
    0.0000    0.0000   30.000010299.8096   12.0877
    7.5000    0.0000   30.0000 9678.2354   12.0930
   -7.5000    7.5000   30.0000 9501.5020   12.0558
    0.0000    7.5000   30.0000 9569.5947   12.0861
    7.5000    7.5000   30.0000 8984.9785   12.0977
   -7.5000   15.0000   30.0000 9133.3730   12.0400
    0.0000   15.0000   30.0000 9201.1064   12.0638
    7.5000   15.0000   30.0000 8651.9355   12.0739
   -7.5000   22.5000   30.0000 8338.8047   11.8711
    0.0000   22.5000   30.0000 8407.6143   11.8892
    7.5000   22.5000   30.0000 7910.2617   11.8910
   -7.5000   30.0000   30.0000 7530.2725   11.5938
    0.0000   30.0000   30.0000 7593.1353   11.6131
    7.5000   30.0000   30.0000 7146.9585   11.6092
   -7.5000   37.5000   30.0000 6718.9478   11.4867
    0.0000   37.5000   30.0000 6754.3770   11.5155
    7.5000   37.5000   30.0000 6384.8042   11.5135
   -7.5000   45.0000   30.0000 5974.2954   11.4562
    0.0000   45.0000   30.0000 6007.4883   11.4921
    7.5000   45.0000   30.0000 5676.5610   11.4958
   -7.5000  -45.0000   37.5000 7546.8198   11.1680
    0.0000  -45.0000   37.5000 7589.1831   11.1942
    7.5000  -45.0000   37.5000 7190.4209   11.1933
   -7.5000  -37.5000   37.5000 7953.5977   11.8886
    0.0000  -37.5000   37.5000 8020.3052   11.9144
    7.5000  -37.5000   37.5000 7582.6880   11.9204
   -7.5000  -30.0000   37.5000 8468.8047   12.1706
    0.0000  -30.0000   37.5000 8575.4746   12.1896
    7.5000  -30.0000   37.5000 8044.9194   12.1943
   -7.5000  -22.5000   37.5000 9036.5820   12.1563
    0.0000  -22.5000   37.5000 9122.4023   12.1690
    7.5000  -22.5000   37.5000 8554.1572   12.1649
   -7.5000  -15.0000   37.5000 9540.8262   12.1582
    0.0000  -15.0000   37.5000 9611.0264   12.1730
    7.5000  -15.0000   37.5000 9018.4600   12.1615
   -7.5000   -7.5000   37.5000 9645.4668   12.1720
    0.0000   -7.5000   37.5000 9701.2578   12.1946
    7.5000   -7.5000   37.5000 9117.0039   12.1848
   -7.5000    0.0000   37.5000 9562.4365   12.1856
    0.0000    0.0000   37.5000 9614.3350   12.2142
    7.5000    0.0000   37.5000 9036.5137   12.2132
   -7.5000    7.5000   37.5000 8913.1836   12.1828
    0.0000    7.5000   37.5000 8945.6465   12.2092
    7.5000    7.5000   37.5000 8419.4717   12.2153
   -7.5000   15.0000   37.5000 8574.5117   12.1662
    0.0000   15.0000   37.5000 8617.0312   12.1852
    7.5000   15.0000   37.5000 8105.9214   12.1899
   -7.5000   22.5000   37.5000 7807.3408   11.9958
    0.0000   22.5000   37.5000 7860.8511   12.0084
    7.5000   22.5000   37.5000 7401.3291   12.0043
   -7.5000   30.0000   37.5000 7017.0986   11.7214
    0.0000   30.0000   37.5000 7082.2798   11.7357
    7.5000   30.0000   37.5000 6682.9683   11.7246
   -7.5000   37.5000   37.5000 6255.7031   11.6174
    0.0000   37.5000   37.5000 6293.6987   11.6415
    7.5000   37.5000   37.5000 5955.7192   11.6327
   -7.5000   45.0000   37.5000 5565.7012   11.5733
    0.0000   45.0000   37.5000 5586.2334   11.6053
    7.5000   45.0000   37.5000 5284.6309   11.6020
   -7.5000  -45.0000   45.0000 7045.8662   11.3030
    0.0000  -45.0000   45.0000 7095.4585   11.3239
    7.5000  -45.0000   45.0000 6731.5479   11.3213
   -7.5000  -37.5000   45.0000 7422.8975   12.0399
    0.0000  -37.5000   45.0000 7492.2920   12.0622
    7.5000  -37.5000   45.0000 7077.9829   12.0667
   -7.5000  -30.0000   45.0000 7883.8643   12.3154
    0.0000  -30.0000   45.0000 7959.5400   12.3316
    7.5000  -30.0000   45.0000 7489.4482   12.3353
   -7.5000  -22.5000   45.0000 8415.5830   12.2962
    0.0000  -22.5000   45.0000 8465.0234   12.3048
    7.5000  -22.5000   45.0000 7980.8149   12.2996
   -7.5000  -15.0000   45.0000 8878.2217   12.2920
    0.0000  -15.0000   45.0000 8933.7891   12.3005
    7.5000  -15.0000   45.0000 8426.7930   12.2873
   -7.5000   -7.5000   45.0000 8965.3838   12.3041
    0.0000   -7.5000   45.0000 9005.2842   12.3196
    7.5000   -7.5000   45.0000 8496.5303   12.3079
   -7.5000    0.0000   45.0000 8890.6406   12.3223
    0.0000    0.0000   45.0000 8921.9971   12.3451
    7.5000    0.0000   45.0000 8419.2920   12.3422
   -7.5000    7.5000   45.0000 8299.6084   12.3259
    0.0000    7.5000   45.0000 8320.3008   12.3488
    7.5000    7.5000   45.0000 7851.5234   12.3534
   -7.5000   15.0000   45.0000 7993.9526   12.3108
    0.0000   15.0000   45.0000 8024.7358   12.3270
    7.5000   15.0000   45.0000 7572.9653   12.3307
   -7.5000   22.5000   45.0000 7256.1938   12.1323
    0.0000   22.5000   45.0000 7302.8120   12.1407
    7.5000   22.5000   45.0000 6891.1499   12.1356
   -7.5000   30.0000   45.0000 6521.2822   11.8492
    0.0000   30.0000   45.0000 6571.6611   11.8575
    7.5000   30.0000   45.0000 6219.4106   11.8447
   -7.5000   37.5000   45.0000 5813.5454   11.7481
    0.0000   37.5000   45.0000 5839.5166   11.7639
    7.5000   37.5000   45.0000 5541.6777   11.7519
   -7.5000   45.0000   45.0000 5161.1172   11.6956
    0.0000   45.0000   45.0000 5178.4790   11.7214
    7.5000   45.0000   45.0000 4917.6406   11.7127

---------------------------------------------------------------------
imgreg_4dfp /opt/freesurfer/average/711-2C_as_mni_average_305 /opt/freesurfer/average/711-2B_as_mni_average_305_mask talsrcimg_g11 none talsrcimg_to_711-2C_as_mni_average_305_t4 4355
---------------------------------------------------------------------

freesurfer imgreg_4dfp.c
/opt/freesurfer/average/711-2C_as_mni_average_305.4dfp.img
       256       256       256         1
  1.000000  1.000000  1.000000
orientation T byte_order littleendian
Reading image: /opt/freesurfer/average/711-2C_as_mni_average_305.4dfp.img
dimensions:      256       256       256
mmppix:       1.0000   -1.0000   -1.0000
center:     128.0000 -129.0000 -129.0000
/opt/freesurfer/average/711-2B_as_mni_average_305_mask.4dfp.img
       256       256       256         1
  1.000000  1.000000  1.000000
orientation T byte_order littleendian
Reading mask: /opt/freesurfer/average/711-2B_as_mni_average_305_mask.4dfp.img (2306576 pixels)
talsrcimg_g11.4dfp.img
       256       256       256         1
  0.898437  0.898437  0.898437
orientation T byte_order littleendian
Reading image: talsrcimg_g11.4dfp.img
dimensions:      256       256       256
mmppix:       0.8984   -0.8984   -0.8984
center:     114.9999 -115.8984 -115.8984
rotation matrix determinant  1.000000
image alignment mode   4355 decimal     1103 hex
   -7.5000  -60.0000  -30.0000 2198.3088   11.6436
    0.0000  -60.0000  -30.0000 2213.4592   11.5315
    7.5000  -60.0000  -30.0000 2191.3208   11.6663
   -7.5000  -52.5000  -30.0000 2307.2854   10.7084
    0.0000  -52.5000  -30.0000 2322.8604   10.6006
    7.5000  -52.5000  -30.0000 2293.4175   10.7413
   -7.5000  -45.0000  -30.0000 2403.6816   10.0952
    0.0000  -45.0000  -30.0000 2417.0398   10.0212
    7.5000  -45.0000  -30.0000 2397.3564   10.1430
   -7.5000  -37.5000  -30.0000 2465.8899    9.4902
    0.0000  -37.5000  -30.0000 2481.2297    9.4179
    7.5000  -37.5000  -30.0000 2454.9800    9.5490
   -7.5000  -30.0000  -30.0000 2508.0181    9.0657
    0.0000  -30.0000  -30.0000 2525.5811    9.0004
    7.5000  -30.0000  -30.0000 2493.0776    9.1214
   -7.5000  -22.5000  -30.0000 2517.4675    8.8866
    0.0000  -22.5000  -30.0000 2534.8579    8.8079
    7.5000  -22.5000  -30.0000 2509.1350    8.9087
   -7.5000  -15.0000  -30.0000 2506.7795    8.8882
    0.0000  -15.0000  -30.0000 2526.5266    8.7975
    7.5000  -15.0000  -30.0000 2505.9663    8.8868
   -7.5000   -7.5000  -30.0000 2487.2771    9.0184
    0.0000   -7.5000  -30.0000 2503.4468    8.9236
    7.5000   -7.5000  -30.0000 2483.7864    9.0244
   -7.5000    0.0000  -30.0000 2442.7341    9.3573
    0.0000    0.0000  -30.0000 2464.0532    9.2581
    7.5000    0.0000  -30.0000 2440.5950    9.3742
   -7.5000    7.5000  -30.0000 2387.7324    9.9254
    0.0000    7.5000  -30.0000 2407.7812    9.8224
    7.5000    7.5000  -30.0000 2385.4045    9.9429
   -7.5000   15.0000  -30.0000 2311.8865   10.7155
    0.0000   15.0000  -30.0000 2336.3877   10.5962
    7.5000   15.0000  -30.0000 2312.5874   10.7150
   -7.5000   22.5000  -30.0000 2213.3633   11.7506
    0.0000   22.5000  -30.0000 2241.4165   11.6295
    7.5000   22.5000  -30.0000 2213.4402   11.7466
   -7.5000   30.0000  -30.0000 2100.0542   13.0353
    0.0000   30.0000  -30.0000 2122.7344   12.9529
    7.5000   30.0000  -30.0000 2094.4700   13.0424
   -7.5000  -60.0000  -22.5000 2298.2434   11.3146
    0.0000  -60.0000  -22.5000 2314.9719   11.2434
    7.5000  -60.0000  -22.5000 2296.2515   11.3679
   -7.5000  -52.5000  -22.5000 2412.9041   10.3486
    0.0000  -52.5000  -22.5000 2426.2373   10.2945
    7.5000  -52.5000  -22.5000 2404.4983   10.4185
   -7.5000  -45.0000  -22.5000 2513.2385    9.7503
    0.0000  -45.0000  -22.5000 2528.3865    9.6979
    7.5000  -45.0000  -22.5000 2503.9939    9.8174
   -7.5000  -37.5000  -22.5000 2577.1477    9.1687
    0.0000  -37.5000  -22.5000 2595.5444    9.1196
    7.5000  -37.5000  -22.5000 2567.6343    9.2413
   -7.5000  -30.0000  -22.5000 2628.4995    8.7233
    0.0000  -30.0000  -22.5000 2643.9509    8.6560
    7.5000  -30.0000  -22.5000 2616.3977    8.8038
   -7.5000  -22.5000  -22.5000 2653.4106    8.5124
    0.0000  -22.5000  -22.5000 2674.6167    8.4426
    7.5000  -22.5000  -22.5000 2645.4478    8.5728
   -7.5000  -15.0000  -22.5000 2652.7322    8.4877
    0.0000  -15.0000  -22.5000 2674.8787    8.4231
    7.5000  -15.0000  -22.5000 2648.2761    8.5314
   -7.5000   -7.5000  -22.5000 2631.1243    8.6510
    0.0000   -7.5000  -22.5000 2652.7542    8.5543
    7.5000   -7.5000  -22.5000 2626.7463    8.6782
   -7.5000    0.0000  -22.5000 2589.3918    9.0099
    0.0000    0.0000  -22.5000 2615.4421    8.9111
    7.5000    0.0000  -22.5000 2584.2908    9.0393
   -7.5000    7.5000  -22.5000 2528.6687    9.5616
    0.0000    7.5000  -22.5000 2549.3506    9.4634
    7.5000    7.5000  -22.5000 2523.9209    9.5942
   -7.5000   15.0000  -22.5000 2439.0286   10.3285
    0.0000   15.0000  -22.5000 2464.1550   10.2219
    7.5000   15.0000  -22.5000 2436.7856   10.3601
   -7.5000   22.5000  -22.5000 2332.6057   11.3247
    0.0000   22.5000  -22.5000 2354.2896   11.2242
    7.5000   22.5000  -22.5000 2331.3232   11.3539
   -7.5000   30.0000  -22.5000 2215.6768   12.5634
    0.0000   30.0000  -22.5000 2238.8289   12.4696
    7.5000   30.0000  -22.5000 2214.6606   12.5993
   -7.5000  -60.0000  -15.0000 2356.8994   10.9130
    0.0000  -60.0000  -15.0000 2372.4424   10.8896
    7.5000  -60.0000  -15.0000 2353.0210   11.0201
   -7.5000  -52.5000  -15.0000 2473.4011    9.9406
    0.0000  -52.5000  -15.0000 2486.1663    9.9130
    7.5000  -52.5000  -15.0000 2466.2114   10.0293
   -7.5000  -45.0000  -15.0000 2585.0930    9.3344
    0.0000  -45.0000  -15.0000 2599.0862    9.2869
    7.5000  -45.0000  -15.0000 2571.8208    9.4041
   -7.5000  -37.5000  -15.0000 2656.7417    8.7938
    0.0000  -37.5000  -15.0000 2674.7646    8.7413
    7.5000  -37.5000  -15.0000 2645.5569    8.8636
   -7.5000  -30.0000  -15.0000 2721.1277    8.3816
    0.0000  -30.0000  -15.0000 2740.0317    8.3084
    7.5000  -30.0000  -15.0000 2705.3555    8.4606
   -7.5000  -22.5000  -15.0000 2757.8286    8.1240
    0.0000  -22.5000  -15.0000 2781.7654    8.0434
    7.5000  -22.5000  -15.0000 2742.0906    8.2047
   -7.5000  -15.0000  -15.0000 2761.4114    8.0876
    0.0000  -15.0000  -15.0000 2787.4287    8.0078
    7.5000  -15.0000  -15.0000 2751.2815    8.1573
   -7.5000   -7.5000  -15.0000 2749.4495    8.2440
    0.0000   -7.5000  -15.0000 2773.5442    8.1600
    7.5000   -7.5000  -15.0000 2737.5874    8.3139
   -7.5000    0.0000  -15.0000 2706.5769    8.6195
    0.0000    0.0000  -15.0000 2731.9641    8.5305
    7.5000    0.0000  -15.0000 2697.9268    8.6803
   -7.5000    7.5000  -15.0000 2633.0920    9.1550
    0.0000    7.5000  -15.0000 2652.6414    9.0794
    7.5000    7.5000  -15.0000 2626.1973    9.2180
   -7.5000   15.0000  -15.0000 2534.6663    9.8858
    0.0000   15.0000  -15.0000 2556.8235    9.8132
    7.5000   15.0000  -15.0000 2530.5259    9.9627
   -7.5000   22.5000  -15.0000 2423.0400   10.8439
    0.0000   22.5000  -15.0000 2440.4448   10.7807
    7.5000   22.5000  -15.0000 2419.0864   10.9323
   -7.5000   30.0000  -15.0000 2299.6338   12.0625
    0.0000   30.0000  -15.0000 2317.7075   11.9790
    7.5000   30.0000  -15.0000 2294.4829   12.1444
   -7.5000  -60.0000   -7.5000 2373.1675   10.5911
    0.0000  -60.0000   -7.5000 2386.3613   10.5209
    7.5000  -60.0000   -7.5000 2365.8835   10.6382
   -7.5000  -52.5000   -7.5000 2495.2463    9.5894
    0.0000  -52.5000   -7.5000 2503.2288    9.5125
    7.5000  -52.5000   -7.5000 2481.3130    9.6139
   -7.5000  -45.0000   -7.5000 2616.6257    8.9134
    0.0000  -45.0000   -7.5000 2626.4514    8.8565
    7.5000  -45.0000   -7.5000 2601.7566    8.9711
   -7.5000  -37.5000   -7.5000 2699.0190    8.3973
    0.0000  -37.5000   -7.5000 2711.6072    8.3415
    7.5000  -37.5000   -7.5000 2691.3928    8.4370
   -7.5000  -30.0000   -7.5000 2771.9858    8.0256
    0.0000  -30.0000   -7.5000 2788.9077    7.9693
    7.5000  -30.0000   -7.5000 2764.4846    8.0794
   -7.5000  -22.5000   -7.5000 2818.0852    7.8158
    0.0000  -22.5000   -7.5000 2844.6099    7.7405
    7.5000  -22.5000   -7.5000 2804.5093    7.8646
   -7.5000  -15.0000   -7.5000 2836.3958    7.7445
    0.0000  -15.0000   -7.5000 2863.9800    7.6577
    7.5000  -15.0000   -7.5000 2818.8918    7.8219
   -7.5000   -7.5000   -7.5000 2829.7019    7.8815
    0.0000   -7.5000   -7.5000 2853.7742    7.7861
    7.5000   -7.5000   -7.5000 2809.5071    7.9535
   -7.5000    0.0000   -7.5000 2779.5266    8.2467
    0.0000    0.0000   -7.5000 2803.6990    8.1466
    7.5000    0.0000   -7.5000 2764.6843    8.2932
   -7.5000    7.5000   -7.5000 2699.3652    8.7685
    0.0000    7.5000   -7.5000 2718.7244    8.6817
    7.5000    7.5000   -7.5000 2687.4363    8.8122
   -7.5000   15.0000   -7.5000 2596.0010    9.4652
    0.0000   15.0000   -7.5000 2613.7429    9.3749
    7.5000   15.0000   -7.5000 2584.5969    9.5029
   -7.5000   22.5000   -7.5000 2477.3352   10.3867
    0.0000   22.5000   -7.5000 2495.1167   10.2955
    7.5000   22.5000   -7.5000 2464.4338   10.4312
   -7.5000   30.0000   -7.5000 2347.0420   11.5626
    0.0000   30.0000   -7.5000 2361.0605   11.4333
    7.5000   30.0000   -7.5000 2332.7847   11.6098
   -7.5000  -60.0000    0.0000 2386.4678   10.5045
    0.0000  -60.0000    0.0000 2398.9919   10.4348
    7.5000  -60.0000    0.0000 2383.5947   10.4966
   -7.5000  -52.5000    0.0000 2506.1934    9.4361
    0.0000  -52.5000    0.0000 2517.9905    9.3671
    7.5000  -52.5000    0.0000 2503.9819    9.4473
   -7.5000  -45.0000    0.0000 2631.5981    8.7546
    0.0000  -45.0000    0.0000 2643.1169    8.6965
    7.5000  -45.0000    0.0000 2630.2712    8.7586
   -7.5000  -37.5000    0.0000 2732.3955    8.2129
    0.0000  -37.5000    0.0000 2744.7434    8.1669
    7.5000  -37.5000    0.0000 2731.4460    8.1982
   -7.5000  -30.0000    0.0000 2822.1477    7.8877
    0.0000  -30.0000    0.0000 2835.6658    7.8334
    7.5000  -30.0000    0.0000 2817.4639    7.8466
   -7.5000  -22.5000    0.0000 2886.6050    7.7768
    0.0000  -22.5000    0.0000 2915.3101    7.6943
    7.5000  -22.5000    0.0000 2878.5527    7.6893
   -7.5000  -15.0000    0.0000 2916.4607    7.6944
    0.0000  -15.0000    0.0000 2948.3577    7.6140
    7.5000  -15.0000    0.0000 2894.2759    7.6609
   -7.5000   -7.5000    0.0000 2901.3267    7.7166
    0.0000   -7.5000    0.0000 2929.9529    7.6217
    7.5000   -7.5000    0.0000 2873.5586    7.7557
   -7.5000    0.0000    0.0000 2838.3318    8.0092
    0.0000    0.0000    0.0000 2868.6792    7.9286
    7.5000    0.0000    0.0000 2824.4409    8.0422
   -7.5000    7.5000    0.0000 2751.4275    8.5080
    0.0000    7.5000    0.0000 2781.8254    8.4309
    7.5000    7.5000    0.0000 2745.6392    8.5167
   -7.5000   15.0000    0.0000 2639.4653    9.1997
    0.0000   15.0000    0.0000 2665.9407    9.1215
    7.5000   15.0000    0.0000 2637.6394    9.1965
   -7.5000   22.5000    0.0000 2517.9656   10.1251
    0.0000   22.5000    0.0000 2539.1809   10.0133
    7.5000   22.5000    0.0000 2509.5613   10.1128
   -7.5000   30.0000    0.0000 2379.1326   11.2882
    0.0000   30.0000    0.0000 2398.4587   11.1674
    7.5000   30.0000    0.0000 2366.4805   11.2757
   -7.5000  -60.0000    7.5000 2395.6201   10.4694
    0.0000  -60.0000    7.5000 2405.3730   10.4105
    7.5000  -60.0000    7.5000 2390.9153   10.4231
   -7.5000  -52.5000    7.5000 2511.2827    9.4108
    0.0000  -52.5000    7.5000 2516.1013    9.3475
    7.5000  -52.5000    7.5000 2506.5718    9.3601
   -7.5000  -45.0000    7.5000 2633.0947    8.7188
    0.0000  -45.0000    7.5000 2640.3154    8.6917
    7.5000  -45.0000    7.5000 2632.8049    8.6747
   -7.5000  -37.5000    7.5000 2742.9924    8.1652
    0.0000  -37.5000    7.5000 2754.4480    8.1370
    7.5000  -37.5000    7.5000 2738.7014    8.1149
   -7.5000  -30.0000    7.5000 2851.3511    7.8099
    0.0000  -30.0000    7.5000 2866.8069    7.7878
    7.5000  -30.0000    7.5000 2837.2808    7.7467
   -7.5000  -22.5000    7.5000 2938.4158    7.7182
    0.0000  -22.5000    7.5000 2975.4951    7.6931
    7.5000  -22.5000    7.5000 2917.7180    7.5957
   -7.5000  -15.0000    7.5000 2973.6174    7.7007
    0.0000  -15.0000    7.5000 3018.4409    7.6884
    7.5000  -15.0000    7.5000 2941.1797    7.5839
   -7.5000   -7.5000    7.5000 2942.2849    7.6479
    0.0000   -7.5000    7.5000 2974.7832    7.5992
    7.5000   -7.5000    7.5000 2912.4355    7.6204
   -7.5000    0.0000    7.5000 2871.9102    7.8118
    0.0000    0.0000    7.5000 2903.1262    7.7650
    7.5000    0.0000    7.5000 2859.7153    7.8491
   -7.5000    7.5000    7.5000 2774.8865    8.2633
    0.0000    7.5000    7.5000 2806.9255    8.1968
    7.5000    7.5000    7.5000 2775.1846    8.3177
   -7.5000   15.0000    7.5000 2658.8123    8.9686
    0.0000   15.0000    7.5000 2685.8806    8.8848
    7.5000   15.0000    7.5000 2657.4807    8.9941
   -7.5000   22.5000    7.5000 2527.4729    9.8839
    0.0000   22.5000    7.5000 2552.6497    9.7786
    7.5000   22.5000    7.5000 2522.4275    9.9015
   -7.5000   30.0000    7.5000 2387.6223   11.0455
    0.0000   30.0000    7.5000 2410.6672   10.9183
    7.5000   30.0000    7.5000 2381.8618   11.0616
   -7.5000  -60.0000   15.0000 2396.5344   10.5887
    0.0000  -60.0000   15.0000 2403.8384   10.5331
    7.5000  -60.0000   15.0000 2383.6909   10.5446
   -7.5000  -52.5000   15.0000 2510.5020    9.5086
    0.0000  -52.5000   15.0000 2517.0581    9.4657
    7.5000  -52.5000   15.0000 2500.9626    9.4641
   -7.5000  -45.0000   15.0000 2634.9480    8.7817
    0.0000  -45.0000   15.0000 2645.4023    8.7589
    7.5000  -45.0000   15.0000 2630.2114    8.7440
   -7.5000  -37.5000   15.0000 2751.2502    8.1911
    0.0000  -37.5000   15.0000 2762.4849    8.1642
    7.5000  -37.5000   15.0000 2746.9407    8.1586
   -7.5000  -30.0000   15.0000 2859.1987    7.8260
    0.0000  -30.0000   15.0000 2881.6892    7.7971
    7.5000  -30.0000   15.0000 2844.5642    7.7982
   -7.5000  -22.5000   15.0000 2956.4111    7.7020
    0.0000  -22.5000   15.0000 2999.4512    7.7022
    7.5000  -22.5000   15.0000 2933.8818    7.6409
   -7.5000  -15.0000   15.0000 2990.1416    7.6402
    0.0000  -15.0000   15.0000 3036.8687    7.6692
    7.5000  -15.0000   15.0000 2958.5229    7.5887
   -7.5000   -7.5000   15.0000 2948.0789    7.6172
    0.0000   -7.5000   15.0000 2977.2136    7.6055
    7.5000   -7.5000   15.0000 2925.5435    7.6157
   -7.5000    0.0000   15.0000 2879.5508    7.7826
    0.0000    0.0000   15.0000 2909.3696    7.7388
    7.5000    0.0000   15.0000 2862.9780    7.8322
   -7.5000    7.5000   15.0000 2773.9167    8.2331
    0.0000    7.5000   15.0000 2806.2141    8.1908
    7.5000    7.5000   15.0000 2771.5642    8.3035
   -7.5000   15.0000   15.0000 2656.5723    8.9055
    0.0000   15.0000   15.0000 2680.6277    8.8405
    7.5000   15.0000   15.0000 2651.6526    8.9746
   -7.5000   22.5000   15.0000 2518.3997    9.8127
    0.0000   22.5000   15.0000 2538.8064    9.7117
    7.5000   22.5000   15.0000 2521.8125    9.8434
   -7.5000   30.0000   15.0000 2379.9397   10.9683
    0.0000   30.0000   15.0000 2396.0840   10.8429
    7.5000   30.0000   15.0000 2377.7283   10.9799
   -7.5000  -60.0000   22.5000 2385.3330   10.6611
    0.0000  -60.0000   22.5000 2390.7520   10.6012
    7.5000  -60.0000   22.5000 2368.3469   10.7007
   -7.5000  -52.5000   22.5000 2504.5154    9.5901
    0.0000  -52.5000   22.5000 2511.5708    9.5398
    7.5000  -52.5000   22.5000 2494.8384    9.6028
   -7.5000  -45.0000   22.5000 2631.4377    8.8541
    0.0000  -45.0000   22.5000 2644.6213    8.8234
    7.5000  -45.0000   22.5000 2628.2974    8.8788
   -7.5000  -37.5000   22.5000 2748.7063    8.2525
    0.0000  -37.5000   22.5000 2765.0847    8.2241
    7.5000  -37.5000   22.5000 2743.6279    8.2781
   -7.5000  -30.0000   22.5000 2848.4988    7.8687
    0.0000  -30.0000   22.5000 2880.9866    7.8557
    7.5000  -30.0000   22.5000 2844.2400    7.8902
   -7.5000  -22.5000   22.5000 2932.8679    7.6900
    0.0000  -22.5000   22.5000 2972.7078    7.7220
    7.5000  -22.5000   22.5000 2919.0977    7.6845
   -7.5000  -15.0000   22.5000 2956.5330    7.5797
    0.0000  -15.0000   22.5000 2992.1821    7.6256
    7.5000  -15.0000   22.5000 2932.7310    7.6147
   -7.5000   -7.5000   22.5000 2922.5964    7.6510
    0.0000   -7.5000   22.5000 2946.1616    7.6393
    7.5000   -7.5000   22.5000 2903.7959    7.7244
   -7.5000    0.0000   22.5000 2856.7317    7.8987
    0.0000    0.0000   22.5000 2883.7390    7.8647
    7.5000    0.0000   22.5000 2842.0999    7.9776
   -7.5000    7.5000   22.5000 2749.8025    8.3587
    0.0000    7.5000   22.5000 2777.1609    8.3095
    7.5000    7.5000   22.5000 2745.8562    8.4437
   -7.5000   15.0000   22.5000 2635.0540    9.0025
    0.0000   15.0000   22.5000 2649.8960    8.9565
    7.5000   15.0000   22.5000 2633.1870    9.0857
   -7.5000   22.5000   22.5000 2500.1411    9.8916
    0.0000   22.5000   22.5000 2515.2561    9.8075
    7.5000   22.5000   22.5000 2503.4270    9.9352
   -7.5000   30.0000   22.5000 2359.3091   11.0108
    0.0000   30.0000   22.5000 2382.0078   10.8990
    7.5000   30.0000   22.5000 2358.9031   11.0479
   -7.5000  -60.0000   30.0000 2364.6594   10.8308
    0.0000  -60.0000   30.0000 2370.2754   10.7722
    7.5000  -60.0000   30.0000 2350.1118   10.9337
   -7.5000  -52.5000   30.0000 2487.3828    9.7521
    0.0000  -52.5000   30.0000 2497.2253    9.6991
    7.5000  -52.5000   30.0000 2481.6096    9.8387
   -7.5000  -45.0000   30.0000 2617.7983    9.0459
    0.0000  -45.0000   30.0000 2633.8059    8.9953
    7.5000  -45.0000   30.0000 2617.8445    9.1025
   -7.5000  -37.5000   30.0000 2728.2817    8.4579
    0.0000  -37.5000   30.0000 2750.4253    8.4145
    7.5000  -37.5000   30.0000 2729.9827    8.5088
   -7.5000  -30.0000   30.0000 2825.2102    8.0654
    0.0000  -30.0000   30.0000 2855.3618    8.0639
    7.5000  -30.0000   30.0000 2822.9827    8.1068
   -7.5000  -22.5000   30.0000 2881.6404    7.8222
    0.0000  -22.5000   30.0000 2914.9675    7.8582
    7.5000  -22.5000   30.0000 2877.4968    7.8620
   -7.5000  -15.0000   30.0000 2900.9956    7.7439
    0.0000  -15.0000   30.0000 2927.1516    7.7392
    7.5000  -15.0000   30.0000 2885.2134    7.8089
   -7.5000   -7.5000   30.0000 2874.2927    7.8904
    0.0000   -7.5000   30.0000 2893.3865    7.8634
    7.5000   -7.5000   30.0000 2859.6794    7.9719
   -7.5000    0.0000   30.0000 2804.7769    8.1654
    0.0000    0.0000   30.0000 2830.7234    8.1349
    7.5000    0.0000   30.0000 2798.2312    8.2581
   -7.5000    7.5000   30.0000 2712.9597    8.6307
    0.0000    7.5000   30.0000 2732.5635    8.5888
    7.5000    7.5000   30.0000 2702.1987    8.7294
   -7.5000   15.0000   30.0000 2600.1707    9.2657
    0.0000   15.0000   30.0000 2617.3120    9.2059
    7.5000   15.0000   30.0000 2593.9497    9.3476
   -7.5000   22.5000   30.0000 2470.1389   10.1191
    0.0000   22.5000   30.0000 2490.7185   10.0253
    7.5000   22.5000   30.0000 2466.8523   10.1725
   -7.5000   30.0000   30.0000 2331.1091   11.2264
    0.0000   30.0000   30.0000 2353.8472   11.1172
    7.5000   30.0000   30.0000 2330.9980   11.2784
   -7.5000  -60.0000   37.5000 2331.9902   11.1453
    0.0000  -60.0000   37.5000 2338.7271   11.0712
    7.5000  -60.0000   37.5000 2326.2329   11.3069
   -7.5000  -52.5000   37.5000 2459.3992   10.0756
    0.0000  -52.5000   37.5000 2468.8237   10.0100
    7.5000  -52.5000   37.5000 2455.6189   10.1714
   -7.5000  -45.0000   37.5000 2591.1006    9.3787
    0.0000  -45.0000   37.5000 2608.1523    9.3054
    7.5000  -45.0000   37.5000 2591.8435    9.4568
   -7.5000  -37.5000   37.5000 2695.3118    8.7921
    0.0000  -37.5000   37.5000 2718.9785    8.7487
    7.5000  -37.5000   37.5000 2695.7776    8.8704
   -7.5000  -30.0000   37.5000 2780.3618    8.3786
    0.0000  -30.0000   37.5000 2807.7476    8.3725
    7.5000  -30.0000   37.5000 2779.4446    8.4309
   -7.5000  -22.5000   37.5000 2825.7407    8.1301
    0.0000  -22.5000   37.5000 2855.6714    8.0989
    7.5000  -22.5000   37.5000 2821.0212    8.1714
   -7.5000  -15.0000   37.5000 2832.1572    8.0754
    0.0000  -15.0000   37.5000 2860.6614    8.0347
    7.5000  -15.0000   37.5000 2823.3879    8.1192
   -7.5000   -7.5000   37.5000 2804.8501    8.2374
    0.0000   -7.5000   37.5000 2824.6782    8.2059
    7.5000   -7.5000   37.5000 2796.4695    8.2859
   -7.5000    0.0000   37.5000 2737.9778    8.5360
    0.0000    0.0000   37.5000 2761.3264    8.5051
    7.5000    0.0000   37.5000 2735.8318    8.6041
   -7.5000    7.5000   37.5000 2654.3489    9.0114
    0.0000    7.5000   37.5000 2673.2085    8.9678
    7.5000    7.5000   37.5000 2650.2964    9.0876
   -7.5000   15.0000   37.5000 2553.3325    9.6522
    0.0000   15.0000   37.5000 2570.6218    9.5791
    7.5000   15.0000   37.5000 2546.8120    9.7079
   -7.5000   22.5000   37.5000 2428.6243   10.4800
    0.0000   22.5000   37.5000 2452.0708   10.3980
    7.5000   22.5000   37.5000 2425.2190   10.5458
   -7.5000   30.0000   37.5000 2279.3394   11.5984
    0.0000   30.0000   37.5000 2305.9297   11.4937
    7.5000   30.0000   37.5000 2283.4312   11.6472
   -7.5000  -60.0000   45.0000 2279.6287   11.5457
    0.0000  -60.0000   45.0000 2288.1328   11.4520
    7.5000  -60.0000   45.0000 2276.4353   11.7206
   -7.5000  -52.5000   45.0000 2398.0295   10.4792
    0.0000  -52.5000   45.0000 2411.5283   10.3727
    7.5000  -52.5000   45.0000 2401.9939   10.5909
   -7.5000  -45.0000   45.0000 2525.0801    9.7700
    0.0000  -45.0000   45.0000 2543.0681    9.6952
    7.5000  -45.0000   45.0000 2527.1833    9.8712
   -7.5000  -37.5000   45.0000 2623.1235    9.1711
    0.0000  -37.5000   45.0000 2646.5967    9.1342
    7.5000  -37.5000   45.0000 2623.7871    9.2722
   -7.5000  -30.0000   45.0000 2699.8489    8.7535
    0.0000  -30.0000   45.0000 2727.8354    8.6915
    7.5000  -30.0000   45.0000 2698.4961    8.8180
   -7.5000  -22.5000   45.0000 2733.6790    8.5187
    0.0000  -22.5000   45.0000 2765.7710    8.4423
    7.5000  -22.5000   45.0000 2732.5771    8.5687
   -7.5000  -15.0000   45.0000 2730.8613    8.4870
    0.0000  -15.0000   45.0000 2759.8887    8.4320
    7.5000  -15.0000   45.0000 2731.1313    8.5250
   -7.5000   -7.5000   45.0000 2699.1084    8.6351
    0.0000   -7.5000   45.0000 2721.9880    8.5830
    7.5000   -7.5000   45.0000 2701.0300    8.6684
   -7.5000    0.0000   45.0000 2638.1543    8.9402
    0.0000    0.0000   45.0000 2660.1604    8.9018
    7.5000    0.0000   45.0000 2644.4324    8.9871
   -7.5000    7.5000   45.0000 2564.0520    9.4008
    0.0000    7.5000   45.0000 2583.9648    9.3512
    7.5000    7.5000   45.0000 2564.9504    9.4472
   -7.5000   15.0000   45.0000 2470.6279   10.0436
    0.0000   15.0000   45.0000 2488.9927    9.9621
    7.5000   15.0000   45.0000 2467.2439   10.0875
   -7.5000   22.5000   45.0000 2348.0671   10.8740
    0.0000   22.5000   45.0000 2372.3457   10.7810
    7.5000   22.5000   45.0000 2348.5984   10.9100
   -7.5000   30.0000   45.0000 2203.4268   12.0131
    0.0000   30.0000   45.0000 2226.7280   11.9013
    7.5000   30.0000   45.0000 2206.5298   12.0354
   -7.5000  -60.0000   52.5000 2202.7327   11.9729
    0.0000  -60.0000   52.5000 2214.2520   11.8427
    7.5000  -60.0000   52.5000 2197.5732   12.1217
   -7.5000  -52.5000   52.5000 2315.6042   10.9073
    0.0000  -52.5000   52.5000 2328.9302   10.7775
    7.5000  -52.5000   52.5000 2317.2732   11.0162
   -7.5000  -45.0000   52.5000 2434.1616   10.1857
    0.0000  -45.0000   52.5000 2450.4167   10.0945
    7.5000  -45.0000   52.5000 2436.6511   10.2864
   -7.5000  -37.5000   52.5000 2521.8330    9.6051
    0.0000  -37.5000   52.5000 2544.9500    9.5112
    7.5000  -37.5000   52.5000 2528.1602    9.6841
   -7.5000  -30.0000   52.5000 2581.0747    9.1711
    0.0000  -30.0000   52.5000 2607.5681    9.0779
    7.5000  -30.0000   52.5000 2585.4080    9.2370
   -7.5000  -22.5000   52.5000 2611.7820    8.9245
    0.0000  -22.5000   52.5000 2640.4805    8.8279
    7.5000  -22.5000   52.5000 2614.8931    8.9764
   -7.5000  -15.0000   52.5000 2613.5691    8.8716
    0.0000  -15.0000   52.5000 2638.7622    8.7855
    7.5000  -15.0000   52.5000 2614.6133    8.9257
   -7.5000   -7.5000   52.5000 2582.0693    9.0427
    0.0000   -7.5000   52.5000 2605.0918    8.9594
    7.5000   -7.5000   52.5000 2581.0474    9.0915
   -7.5000    0.0000   52.5000 2522.3521    9.3379
    0.0000    0.0000   52.5000 2544.8435    9.2685
    7.5000    0.0000   52.5000 2528.6228    9.3778
   -7.5000    7.5000   52.5000 2451.2896    9.7869
    0.0000    7.5000   52.5000 2474.3296    9.7107
    7.5000    7.5000   52.5000 2453.0378    9.8103
   -7.5000   15.0000   52.5000 2363.9148   10.4245
    0.0000   15.0000   52.5000 2385.5430   10.3216
    7.5000   15.0000   52.5000 2361.0889   10.4230
   -7.5000   22.5000   52.5000 2242.8313   11.2680
    0.0000   22.5000   52.5000 2269.6440   11.1398
    7.5000   22.5000   52.5000 2247.6533   11.2503
   -7.5000   30.0000   52.5000 2101.0935   12.3849
    0.0000   30.0000   52.5000 2121.7197   12.2388
    7.5000   30.0000   52.5000 2103.0735   12.3567
   -7.5000  -60.0000   60.0000 2154.8679   12.7895
    0.0000  -60.0000   60.0000 2167.4282   12.6413
    7.5000  -60.0000   60.0000 2148.9536   12.9140
   -7.5000  -52.5000   60.0000 2260.4873   11.6235
    0.0000  -52.5000   60.0000 2274.8684   11.5212
    7.5000  -52.5000   60.0000 2262.9678   11.7292
   -7.5000  -45.0000   60.0000 2373.4768   10.8937
    0.0000  -45.0000   60.0000 2392.8984   10.7996
    7.5000  -45.0000   60.0000 2380.2178   10.9789
   -7.5000  -37.5000   60.0000 2448.6807   10.2910
    0.0000  -37.5000   60.0000 2474.9719   10.1754
    7.5000  -37.5000   60.0000 2458.8262   10.3592
   -7.5000  -30.0000   60.0000 2498.2874    9.8570
    0.0000  -30.0000   60.0000 2525.3984    9.7351
    7.5000  -30.0000   60.0000 2507.5046    9.9198
   -7.5000  -22.5000   60.0000 2525.4250    9.5835
    0.0000  -22.5000   60.0000 2553.9146    9.4929
    7.5000  -22.5000   60.0000 2532.2349    9.6429
   -7.5000  -15.0000   60.0000 2534.0483    9.5064
    0.0000  -15.0000   60.0000 2556.1157    9.4202
    7.5000  -15.0000   60.0000 2534.9568    9.5722
   -7.5000   -7.5000   60.0000 2503.2891    9.6811
    0.0000   -7.5000   60.0000 2525.1699    9.5813
    7.5000   -7.5000   60.0000 2505.3115    9.7091
   -7.5000    0.0000   60.0000 2446.2170    9.9907
    0.0000    0.0000   60.0000 2468.5862    9.8956
    7.5000    0.0000   60.0000 2450.7822   10.0202
   -7.5000    7.5000   60.0000 2372.8628   10.4208
    0.0000    7.5000   60.0000 2394.0830   10.3142
    7.5000    7.5000   60.0000 2375.8789   10.4504
   -7.5000   15.0000   60.0000 2281.4167   11.0710
    0.0000   15.0000   60.0000 2301.4158   10.9569
    7.5000   15.0000   60.0000 2284.1099   11.0643
   -7.5000   22.5000   60.0000 2163.0266   11.9264
    0.0000   22.5000   60.0000 2185.8198   11.7981
    7.5000   22.5000   60.0000 2167.6079   11.8968
   -7.5000   30.0000   60.0000 2026.7614   13.1031
    0.0000   30.0000   60.0000 2045.0817   12.9503
    7.5000   30.0000   60.0000 2034.0695   13.0584

---------------------------------------------------------------------
imgreg_4dfp /opt/freesurfer/average/711-2C_as_mni_average_305 /opt/freesurfer/average/711-2B_as_mni_average_305_mask talsrcimg_g11 none talsrcimg_to_711-2C_as_mni_average_305_t4 1283
---------------------------------------------------------------------

freesurfer imgreg_4dfp.c
/opt/freesurfer/average/711-2C_as_mni_average_305.4dfp.img
       256       256       256         1
  1.000000  1.000000  1.000000
orientation T byte_order littleendian
Reading image: /opt/freesurfer/average/711-2C_as_mni_average_305.4dfp.img
dimensions:      256       256       256
mmppix:       1.0000   -1.0000   -1.0000
center:     128.0000 -129.0000 -129.0000
/opt/freesurfer/average/711-2B_as_mni_average_305_mask.4dfp.img
       256       256       256         1
  1.000000  1.000000  1.000000
orientation T byte_order littleendian
Reading mask: /opt/freesurfer/average/711-2B_as_mni_average_305_mask.4dfp.img (2306576 pixels)
talsrcimg_g11.4dfp.img
       256       256       256         1
  0.898437  0.898437  0.898437
orientation T byte_order littleendian
Reading image: talsrcimg_g11.4dfp.img
dimensions:      256       256       256
mmppix:       0.8984   -0.8984   -0.8984
center:     114.9999 -115.8984 -115.8984
rotation matrix determinant  1.000000
fimgreg.f
image alignment mode   1283 decimal      503 hex
parameters
    0.0000  -15.0000   15.0000    0.0000    0.0000    0.0000
eta,q 0.95313  7.67203
niter,ni,del,rscale     5    3   12.0000    1.2000
parameter  6  0.570880 ->  0.500000 qaram    1.1500
parameters
   -1.0243  -15.4188   13.6172    2.9683   -1.4283   -3.4500
eta,q 0.95720  7.70384
  0.0576  0.0558  0.0515  0.0559  0.0513  0.0447
  0.0503  0.0491  0.0486  0.0517  0.0472  0.0430
  0.0468  0.0466  0.0461  0.0476  0.0450  0.0430
  0.0475  0.0467  0.0465  0.0458  0.0457  0.0448
  0.0514  0.0486  0.0498  0.0458  0.0495  0.0472
  0.0579  0.0526  0.0537  0.0454  0.0538  0.0491
  0.0663  0.0571  0.0587  0.0459  0.0588  0.0518
niter,ni,del,rscale     5    3   12.0000    1.2000
parameters
   -1.0949  -16.6268   13.7123    4.3906   -1.4371   -2.9672
eta,q 0.95913  7.71587
  0.0607  0.0500  0.0500  0.0509  0.0522  0.0507
  0.0509  0.0431  0.0459  0.0461  0.0472  0.0464
  0.0447  0.0410  0.0425  0.0428  0.0426  0.0427
  0.0428  0.0428  0.0413  0.0414  0.0409  0.0409
  0.0457  0.0468  0.0430  0.0408  0.0434  0.0421
  0.0524  0.0506  0.0454  0.0416  0.0472  0.0453
  0.0607  0.0559  0.0493  0.0448  0.0521  0.0481
niter,ni,del,rscale     4    3   12.0000    1.2000
parameters
   -1.2043  -17.0174   14.3142    4.6208   -1.4208   -2.9017
eta,q 0.95931  7.71392
  0.0590  0.0532  0.0504  0.0478  0.0522  0.0503
  0.0489  0.0455  0.0461  0.0436  0.0472  0.0459
  0.0428  0.0414  0.0423  0.0418  0.0427  0.0421
  0.0409  0.0408  0.0407  0.0408  0.0407  0.0407
  0.0440  0.0441  0.0418  0.0410  0.0430  0.0427
  0.0509  0.0493  0.0439  0.0433  0.0471  0.0464
  0.0593  0.0551  0.0472  0.0467  0.0519  0.0493
niter,ni,del,rscale     3    3   12.0000    1.2000
parameters
   -1.2262  -17.1206   14.4660    4.6916   -1.4071   -2.8910
eta,q 0.95932  7.71243
  0.0595  0.0549  0.0493  0.0473  0.0521  0.0504
  0.0492  0.0468  0.0450  0.0434  0.0472  0.0459
  0.0428  0.0418  0.0415  0.0417  0.0427  0.0421
  0.0407  0.0407  0.0407  0.0407  0.0407  0.0407
  0.0436  0.0434  0.0422  0.0412  0.0430  0.0428
  0.0504  0.0485  0.0444  0.0436  0.0471  0.0467
  0.0588  0.0547  0.0482  0.0469  0.0519  0.0496
niter,ni,del,rscale     2    3   12.0000    1.2000
parameters
   -1.2324  -17.1585   14.5112    4.7176   -1.4008   -2.8879
eta,q 0.95932  7.71195
  0.0595  0.0553  0.0490  0.0472  0.0521  0.0505
  0.0493  0.0471  0.0448  0.0433  0.0471  0.0459
  0.0428  0.0420  0.0414  0.0417  0.0427  0.0421
  0.0407  0.0407  0.0407  0.0407  0.0407  0.0407
  0.0436  0.0433  0.0423  0.0412  0.0430  0.0428
  0.0503  0.0483  0.0446  0.0436  0.0471  0.0467
  0.0587  0.0546  0.0485  0.0470  0.0519  0.0497
registration optimization eta report
parameter search radius
    6.0000    6.0000    6.0000    6.0000    6.0000    6.9000
100000*second partial in parameter space
       50.       39.       22.       18.       30.       19.
  0.0595  0.0553  0.0490  0.0472  0.0521  0.0505
  0.0493  0.0471  0.0448  0.0433  0.0471  0.0459
  0.0428  0.0420  0.0414  0.0417  0.0427  0.0421
  0.0407  0.0407  0.0407  0.0407  0.0407  0.0407
  0.0436  0.0433  0.0423  0.0412  0.0430  0.0428
  0.0503  0.0483  0.0446  0.0436  0.0471  0.0467
  0.0587  0.0546  0.0485  0.0470  0.0519  0.0497
   -1.2324  -17.1585   14.5112    4.7176   -1.4008   -2.8879
eta,q 0.95932  7.71195

---------------------------------------------------------------------
imgreg_4dfp /opt/freesurfer/average/711-2C_as_mni_average_305 /opt/freesurfer/average/711-2B_as_mni_average_305_mask talsrcimg_g11 none talsrcimg_to_711-2C_as_mni_average_305_t4 3335
---------------------------------------------------------------------

freesurfer imgreg_4dfp.c
/opt/freesurfer/average/711-2C_as_mni_average_305.4dfp.img
       256       256       256         1
  1.000000  1.000000  1.000000
orientation T byte_order littleendian
Reading image: /opt/freesurfer/average/711-2C_as_mni_average_305.4dfp.img
dimensions:      256       256       256
mmppix:       1.0000   -1.0000   -1.0000
center:     128.0000 -129.0000 -129.0000
/opt/freesurfer/average/711-2B_as_mni_average_305_mask.4dfp.img
       256       256       256         1
  1.000000  1.000000  1.000000
orientation T byte_order littleendian
Reading mask: /opt/freesurfer/average/711-2B_as_mni_average_305_mask.4dfp.img (2306576 pixels)
talsrcimg_g11.4dfp.img
       256       256       256         1
  0.898437  0.898437  0.898437
orientation T byte_order littleendian
Reading image: talsrcimg_g11.4dfp.img
dimensions:      256       256       256
mmppix:       0.8984   -0.8984   -0.8984
center:     114.9999 -115.8984 -115.8984
fimgreg.f
image alignment mode   3335 decimal      D07 hex
parameters
   -1.2324  -17.1585   14.5112   -0.1568   -0.4755   -0.3686
    5.2220    2.0189   -5.0367   -8.3368   -2.4447    8.2220
eta,q 0.96054  7.65192
niter,ni,del,rscale     5    3    5.0000    1.2000
parameter  4  1.324313 ->  0.500000 qaram    1.1500
parameter  5  1.559880 ->  0.500000 qaram    1.1500
parameters
   -1.0847  -17.4944   14.5555   -4.2968   -4.6155   -3.1821
    5.0643    2.7826   -3.0827   -8.1308   -2.4277    8.1005
eta,q 0.96584  7.18102
  0.0431  0.0416  0.0410  0.0375  0.0332  0.0353  0.0367  0.0398  0.0368  0.0376  0.0354  0.0351
  0.0412  0.0402  0.0401  0.0379  0.0343  0.0345  0.0354  0.0373  0.0357  0.0357  0.0347  0.0346
  0.0400  0.0395  0.0395  0.0386  0.0359  0.0343  0.0346  0.0353  0.0348  0.0346  0.0343  0.0343
  0.0395  0.0394  0.0394  0.0394  0.0380  0.0347  0.0343  0.0343  0.0343  0.0342  0.0342  0.0342
  0.0397  0.0401  0.0395  0.0403  0.0410  0.0357  0.0347  0.0345  0.0342  0.0345  0.0343  0.0343
  0.0406  0.0414  0.0400  0.0415  0.0443  0.0370  0.0356  0.0358  0.0344  0.0355  0.0347  0.0346
  0.0424  0.0432  0.0408  0.0433  0.0478  0.0387  0.0369  0.0380  0.0350  0.0373  0.0353  0.0352
niter,ni,del,rscale     6    3    5.0000    1.2000
parameter  5  0.941022 ->  0.500000 qaram    1.3225
parameters
   -1.1968  -17.3674   14.2794   -6.6698   -9.3765   -3.6400
    4.6000    2.8603   -3.6101   -7.4280   -2.3668    7.3055
eta,q 0.96870  6.84098
  0.0374  0.0371  0.0355  0.0354  0.0309  0.0335  0.0340  0.0363  0.0330  0.0350  0.0328  0.0322
  0.0355  0.0355  0.0346  0.0340  0.0312  0.0324  0.0325  0.0338  0.0320  0.0331  0.0320  0.0317
  0.0344  0.0345  0.0341  0.0336  0.0321  0.0316  0.0316  0.0320  0.0315  0.0319  0.0315  0.0314
  0.0342  0.0342  0.0341  0.0341  0.0336  0.0314  0.0314  0.0314  0.0313  0.0313  0.0313  0.0313
  0.0347  0.0344  0.0345  0.0351  0.0355  0.0318  0.0319  0.0319  0.0317  0.0315  0.0315  0.0316
  0.0360  0.0351  0.0352  0.0363  0.0383  0.0328  0.0331  0.0336  0.0324  0.0323  0.0320  0.0320
  0.0380  0.0365  0.0361  0.0375  0.0419  0.0342  0.0346  0.0361  0.0335  0.0338  0.0327  0.0327
niter,ni,del,rscale     6    3    5.0000    1.2000
parameters
   -1.2991  -17.2566   14.3888   -6.8995  -13.2100   -3.2852
    4.5341    2.7916   -3.5797   -6.9937   -2.4791    6.9126
eta,q 0.96922  6.67457
  0.0348  0.0343  0.0332  0.0348  0.0320  0.0335  0.0338  0.0354  0.0327  0.0339  0.0322  0.0318
  0.0328  0.0327  0.0322  0.0329  0.0310  0.0322  0.0322  0.0330  0.0317  0.0321  0.0314  0.0312
  0.0316  0.0316  0.0315  0.0316  0.0308  0.0313  0.0311  0.0313  0.0310  0.0311  0.0309  0.0309
  0.0313  0.0313  0.0313  0.0313  0.0313  0.0308  0.0308  0.0308  0.0308  0.0308  0.0308  0.0308
  0.0319  0.0316  0.0315  0.0321  0.0327  0.0310  0.0312  0.0314  0.0310  0.0310  0.0310  0.0310
  0.0332  0.0324  0.0320  0.0334  0.0347  0.0319  0.0323  0.0331  0.0316  0.0318  0.0315  0.0314
  0.0354  0.0337  0.0328  0.0348  0.0376  0.0331  0.0338  0.0355  0.0327  0.0331  0.0323  0.0320
niter,ni,del,rscale     5    3    5.0000    1.2000
parameters
   -1.3135  -16.9277   14.4417   -7.0403  -13.6566   -3.1988
    4.4928    2.8001   -3.4646   -6.3570   -2.5895    6.5689
eta,q 0.96926  6.65220
  0.0344  0.0339  0.0325  0.0345  0.0336  0.0333  0.0337  0.0354  0.0327  0.0338  0.0322  0.0318
  0.0324  0.0322  0.0316  0.0326  0.0320  0.0320  0.0321  0.0330  0.0317  0.0321  0.0313  0.0312
  0.0312  0.0312  0.0310  0.0312  0.0310  0.0311  0.0311  0.0313  0.0310  0.0311  0.0309  0.0309
  0.0308  0.0308  0.0308  0.0308  0.0308  0.0308  0.0308  0.0308  0.0308  0.0308  0.0308  0.0307
  0.0312  0.0309  0.0310  0.0315  0.0311  0.0310  0.0311  0.0313  0.0309  0.0309  0.0309  0.0310
  0.0325  0.0315  0.0315  0.0329  0.0324  0.0319  0.0322  0.0329  0.0316  0.0316  0.0315  0.0314
  0.0345  0.0325  0.0323  0.0345  0.0343  0.0332  0.0337  0.0353  0.0326  0.0328  0.0322  0.0320
niter,ni,del,rscale     4    3    5.0000    1.2000
parameters
   -1.2966  -16.7281   14.3553   -7.0645  -13.9366   -3.1938
    4.4211    2.8507   -3.3533   -5.8752   -2.7253    6.2401
eta,q 0.96928  6.63801
  0.0344  0.0335  0.0323  0.0346  0.0337  0.0332  0.0336  0.0353  0.0327  0.0336  0.0322  0.0318
  0.0324  0.0320  0.0314  0.0326  0.0320  0.0320  0.0321  0.0329  0.0316  0.0320  0.0313  0.0312
  0.0312  0.0311  0.0309  0.0312  0.0310  0.0311  0.0311  0.0313  0.0310  0.0311  0.0308  0.0308
  0.0307  0.0307  0.0307  0.0307  0.0307  0.0307  0.0307  0.0307  0.0307  0.0307  0.0307  0.0307
  0.0311  0.0309  0.0310  0.0314  0.0311  0.0310  0.0311  0.0313  0.0309  0.0309  0.0309  0.0309
  0.0323  0.0316  0.0316  0.0328  0.0322  0.0320  0.0322  0.0328  0.0316  0.0317  0.0314  0.0313
  0.0343  0.0326  0.0325  0.0345  0.0341  0.0332  0.0337  0.0352  0.0326  0.0329  0.0322  0.0319
niter,ni,del,rscale     3    3    5.0000    1.2000
parameters
   -1.2737  -16.5621   14.2680   -7.0754  -14.1775   -3.2250
    4.3426    2.9132   -3.2565   -5.4452   -2.8564    5.9665
eta,q 0.96930  6.62536
  0.0344  0.0333  0.0323  0.0346  0.0336  0.0332  0.0336  0.0353  0.0327  0.0335  0.0322  0.0318
  0.0324  0.0319  0.0314  0.0326  0.0320  0.0319  0.0320  0.0329  0.0316  0.0320  0.0313  0.0311
  0.0311  0.0310  0.0308  0.0312  0.0310  0.0311  0.0310  0.0313  0.0310  0.0311  0.0308  0.0308
  0.0307  0.0307  0.0307  0.0307  0.0307  0.0307  0.0307  0.0307  0.0307  0.0307  0.0307  0.0307
  0.0311  0.0309  0.0310  0.0314  0.0311  0.0310  0.0311  0.0312  0.0309  0.0309  0.0309  0.0309
  0.0323  0.0316  0.0316  0.0328  0.0322  0.0320  0.0322  0.0328  0.0315  0.0316  0.0314  0.0313
  0.0342  0.0326  0.0324  0.0345  0.0340  0.0332  0.0337  0.0351  0.0326  0.0329  0.0322  0.0319
niter,ni,del,rscale     2    3    5.0000    1.2000
parameters
   -1.2473  -16.4055   14.1837   -7.0807  -14.4096   -3.2764
    4.2561    2.9825   -3.1731   -5.0490   -2.9710    5.7355
eta,q 0.96931  6.61303
  0.0343  0.0333  0.0322  0.0346  0.0336  0.0331  0.0335  0.0352  0.0327  0.0334  0.0322  0.0318
  0.0323  0.0319  0.0314  0.0326  0.0320  0.0319  0.0320  0.0329  0.0316  0.0320  0.0313  0.0311
  0.0311  0.0310  0.0308  0.0312  0.0310  0.0311  0.0310  0.0313  0.0309  0.0311  0.0308  0.0308
  0.0307  0.0307  0.0307  0.0307  0.0307  0.0307  0.0307  0.0307  0.0307  0.0307  0.0307  0.0307
  0.0311  0.0309  0.0310  0.0313  0.0311  0.0310  0.0311  0.0312  0.0309  0.0309  0.0309  0.0309
  0.0322  0.0315  0.0316  0.0328  0.0322  0.0320  0.0322  0.0328  0.0315  0.0316  0.0314  0.0313
  0.0342  0.0326  0.0324  0.0345  0.0340  0.0332  0.0336  0.0351  0.0326  0.0329  0.0322  0.0318
niter,ni,del,rscale     1    3    5.0000    1.2000
parameters
   -1.2194  -16.2552   14.1053   -7.0829  -14.6307   -3.3358
    4.1721    3.0519   -3.1100   -4.6683   -3.0805    5.5226
eta,q 0.96933  6.60141
  0.0343  0.0332  0.0322  0.0346  0.0336  0.0331  0.0335  0.0352  0.0327  0.0334  0.0322  0.0318
  0.0323  0.0318  0.0313  0.0326  0.0320  0.0319  0.0320  0.0329  0.0316  0.0320  0.0313  0.0311
  0.0311  0.0310  0.0308  0.0312  0.0310  0.0311  0.0310  0.0312  0.0309  0.0310  0.0308  0.0308
  0.0307  0.0307  0.0307  0.0307  0.0307  0.0307  0.0307  0.0307  0.0307  0.0307  0.0307  0.0307
  0.0311  0.0309  0.0309  0.0313  0.0310  0.0310  0.0311  0.0312  0.0309  0.0309  0.0309  0.0308
  0.0322  0.0315  0.0315  0.0328  0.0321  0.0320  0.0321  0.0327  0.0315  0.0316  0.0314  0.0313
  0.0341  0.0326  0.0324  0.0345  0.0339  0.0332  0.0336  0.0350  0.0326  0.0329  0.0322  0.0318
registration optimization eta report
parameter search radius
    2.4000    2.4000    2.4000    8.2800    9.5220    7.2000
    7.2000    7.2000    7.2000    7.2000    7.2000    7.2000
100000*second partial in parameter space
       61.       39.       28.        5.        3.        5.
        5.        8.        4.        5.        3.        2.
  0.0343  0.0332  0.0322  0.0346  0.0336  0.0331  0.0335  0.0352  0.0327  0.0334  0.0322  0.0318
  0.0323  0.0318  0.0313  0.0326  0.0320  0.0319  0.0320  0.0329  0.0316  0.0320  0.0313  0.0311
  0.0311  0.0310  0.0308  0.0312  0.0310  0.0311  0.0310  0.0312  0.0309  0.0310  0.0308  0.0308
  0.0307  0.0307  0.0307  0.0307  0.0307  0.0307  0.0307  0.0307  0.0307  0.0307  0.0307  0.0307
  0.0311  0.0309  0.0309  0.0313  0.0310  0.0310  0.0311  0.0312  0.0309  0.0309  0.0309  0.0308
  0.0322  0.0315  0.0315  0.0328  0.0321  0.0320  0.0321  0.0327  0.0315  0.0316  0.0314  0.0313
  0.0341  0.0326  0.0324  0.0345  0.0339  0.0332  0.0336  0.0350  0.0326  0.0329  0.0322  0.0318
   -1.2194  -16.2552   14.1053   -7.0829  -14.6307   -3.3358
    4.1721    3.0519   -3.1100   -4.6683   -3.0805    5.5226
eta,q 0.96933  6.60141

---------------------------------------------------------------------
imgreg_4dfp /opt/freesurfer/average/711-2C_as_mni_average_305 /opt/freesurfer/average/711-2B_as_mni_average_305_mask talsrcimg_g11 none talsrcimg_to_711-2C_as_mni_average_305_t4 2311
---------------------------------------------------------------------

freesurfer imgreg_4dfp.c
/opt/freesurfer/average/711-2C_as_mni_average_305.4dfp.img
       256       256       256         1
  1.000000  1.000000  1.000000
orientation T byte_order littleendian
Reading image: /opt/freesurfer/average/711-2C_as_mni_average_305.4dfp.img
dimensions:      256       256       256
mmppix:       1.0000   -1.0000   -1.0000
center:     128.0000 -129.0000 -129.0000
/opt/freesurfer/average/711-2B_as_mni_average_305_mask.4dfp.img
       256       256       256         1
  1.000000  1.000000  1.000000
orientation T byte_order littleendian
Reading mask: /opt/freesurfer/average/711-2B_as_mni_average_305_mask.4dfp.img (2306576 pixels)
talsrcimg_g11.4dfp.img
       256       256       256         1
  0.898437  0.898437  0.898437
orientation T byte_order littleendian
Reading image: talsrcimg_g11.4dfp.img
dimensions:      256       256       256
mmppix:       0.8984   -0.8984   -0.8984
center:     114.9999 -115.8984 -115.8984
fimgreg.f
image alignment mode   2311 decimal      907 hex
parameters
   -1.2194  -16.2552   14.1053   -7.0829  -14.6307   -3.3358
    4.1721    3.0519   -3.1100   -4.6683   -3.0805    5.5226
eta,q 0.96933  6.60141
niter,ni,del,rscale     5    3    5.0000    0.8000
parameters
   -1.1872  -16.1498   14.0138   -7.1669  -14.7179   -3.3764
    4.0390    3.1254   -3.0039   -4.4118   -3.3348    5.1761
eta,q 0.96934  6.59253
  0.0323  0.0318  0.0313  0.0322  0.0314  0.0319  0.0319  0.0328  0.0316  0.0319  0.0313  0.0311
  0.0314  0.0312  0.0309  0.0314  0.0310  0.0313  0.0312  0.0317  0.0311  0.0313  0.0309  0.0308
  0.0309  0.0308  0.0307  0.0308  0.0307  0.0309  0.0308  0.0309  0.0308  0.0308  0.0307  0.0307
  0.0307  0.0307  0.0307  0.0307  0.0307  0.0307  0.0307  0.0307  0.0307  0.0307  0.0307  0.0307
  0.0308  0.0307  0.0308  0.0309  0.0308  0.0308  0.0308  0.0309  0.0307  0.0308  0.0308  0.0307
  0.0313  0.0310  0.0311  0.0315  0.0310  0.0312  0.0313  0.0316  0.0311  0.0311  0.0310  0.0309
  0.0322  0.0315  0.0315  0.0323  0.0315  0.0320  0.0321  0.0327  0.0315  0.0317  0.0314  0.0313
niter,ni,del,rscale     4    3    5.0000    0.7000
parameters
   -1.1609  -16.0500   13.9427   -7.1730  -14.8772   -3.3755
    3.9488    3.2132   -2.9234   -4.1087   -3.4647    5.0068
eta,q 0.96935  6.58533
  0.0319  0.0315  0.0312  0.0319  0.0312  0.0316  0.0316  0.0323  0.0314  0.0317  0.0311  0.0310
  0.0312  0.0311  0.0309  0.0313  0.0309  0.0311  0.0311  0.0314  0.0310  0.0311  0.0309  0.0308
  0.0308  0.0308  0.0307  0.0308  0.0307  0.0308  0.0308  0.0309  0.0308  0.0308  0.0307  0.0307
  0.0307  0.0307  0.0307  0.0307  0.0307  0.0307  0.0307  0.0307  0.0307  0.0307  0.0306  0.0306
  0.0308  0.0307  0.0307  0.0308  0.0308  0.0307  0.0308  0.0308  0.0307  0.0307  0.0307  0.0307
  0.0312  0.0309  0.0309  0.0312  0.0310  0.0311  0.0311  0.0313  0.0310  0.0310  0.0309  0.0308
  0.0318  0.0313  0.0313  0.0319  0.0313  0.0317  0.0317  0.0322  0.0314  0.0314  0.0312  0.0311
niter,ni,del,rscale     3    3    5.0000    0.6000
parameters
   -1.1297  -15.9359   13.8878   -7.1577  -15.0801   -3.3574
    3.8715    3.2846   -2.8682   -3.8433   -3.5680    4.8951
eta,q 0.96936  6.57774
  0.0316  0.0313  0.0310  0.0316  0.0311  0.0314  0.0314  0.0319  0.0312  0.0314  0.0310  0.0309
  0.0311  0.0310  0.0308  0.0311  0.0308  0.0310  0.0310  0.0312  0.0309  0.0310  0.0308  0.0307
  0.0308  0.0307  0.0307  0.0308  0.0307  0.0308  0.0307  0.0308  0.0307  0.0307  0.0307  0.0307
  0.0306  0.0306  0.0306  0.0306  0.0306  0.0306  0.0306  0.0306  0.0306  0.0306  0.0306  0.0306
  0.0307  0.0307  0.0307  0.0307  0.0307  0.0307  0.0307  0.0307  0.0307  0.0307  0.0307  0.0307
  0.0310  0.0308  0.0309  0.0311  0.0309  0.0309  0.0310  0.0311  0.0309  0.0309  0.0308  0.0307
  0.0315  0.0311  0.0311  0.0316  0.0311  0.0314  0.0314  0.0318  0.0312  0.0312  0.0310  0.0309
niter,ni,del,rscale     2    3    5.0000    0.5000
parameters
   -1.1004  -15.8220   13.8435   -7.1562  -15.2761   -3.3159
    3.8218    3.3504   -2.8594   -3.6019   -3.6498    4.7906
eta,q 0.96938  6.57085
  0.0313  0.0311  0.0309  0.0313  0.0309  0.0312  0.0311  0.0315  0.0310  0.0312  0.0309  0.0308
  0.0309  0.0309  0.0307  0.0309  0.0307  0.0309  0.0309  0.0310  0.0308  0.0309  0.0307  0.0307
  0.0307  0.0307  0.0307  0.0307  0.0306  0.0307  0.0307  0.0307  0.0307  0.0307  0.0306  0.0306
  0.0306  0.0306  0.0306  0.0306  0.0306  0.0306  0.0306  0.0306  0.0306  0.0306  0.0306  0.0306
  0.0307  0.0307  0.0307  0.0307  0.0307  0.0307  0.0307  0.0307  0.0307  0.0307  0.0307  0.0306
  0.0309  0.0308  0.0308  0.0309  0.0308  0.0308  0.0309  0.0310  0.0308  0.0308  0.0307  0.0307
  0.0312  0.0309  0.0309  0.0313  0.0310  0.0312  0.0312  0.0314  0.0310  0.0310  0.0309  0.0308
niter,ni,del,rscale     1    3    5.0000    0.4000
parameters
   -1.0743  -15.7220   13.8013   -7.1378  -15.4523   -3.2709
    3.7798    3.4064   -2.8506   -3.3946   -3.7014    4.7088
eta,q 0.96939  6.56546
  0.0310  0.0309  0.0308  0.0311  0.0308  0.0310  0.0309  0.0312  0.0309  0.0310  0.0308  0.0307
  0.0308  0.0308  0.0307  0.0308  0.0307  0.0308  0.0308  0.0309  0.0307  0.0308  0.0307  0.0307
  0.0307  0.0307  0.0306  0.0307  0.0306  0.0307  0.0307  0.0307  0.0306  0.0307  0.0306  0.0306
  0.0306  0.0306  0.0306  0.0306  0.0306  0.0306  0.0306  0.0306  0.0306  0.0306  0.0306  0.0306
  0.0307  0.0306  0.0306  0.0307  0.0307  0.0306  0.0307  0.0307  0.0306  0.0306  0.0306  0.0306
  0.0308  0.0307  0.0307  0.0308  0.0307  0.0307  0.0308  0.0308  0.0307  0.0307  0.0307  0.0307
  0.0310  0.0308  0.0308  0.0311  0.0309  0.0310  0.0310  0.0311  0.0309  0.0309  0.0308  0.0307
registration optimization eta report
parameter search radius
    0.8000    0.8000    0.8000    2.4000    2.4000    2.4000
    2.4000    2.4000    2.4000    2.4000    2.4000    2.4000
100000*second partial in parameter space
       60.       39.       28.        8.        4.        6.
        6.        9.        4.        5.        3.        2.
  0.0310  0.0309  0.0308  0.0311  0.0308  0.0310  0.0309  0.0312  0.0309  0.0310  0.0308  0.0307
  0.0308  0.0308  0.0307  0.0308  0.0307  0.0308  0.0308  0.0309  0.0307  0.0308  0.0307  0.0307
  0.0307  0.0307  0.0306  0.0307  0.0306  0.0307  0.0307  0.0307  0.0306  0.0307  0.0306  0.0306
  0.0306  0.0306  0.0306  0.0306  0.0306  0.0306  0.0306  0.0306  0.0306  0.0306  0.0306  0.0306
  0.0307  0.0306  0.0306  0.0307  0.0307  0.0306  0.0307  0.0307  0.0306  0.0306  0.0306  0.0306
  0.0308  0.0307  0.0307  0.0308  0.0307  0.0307  0.0308  0.0308  0.0307  0.0307  0.0307  0.0307
  0.0310  0.0308  0.0308  0.0311  0.0309  0.0310  0.0310  0.0311  0.0309  0.0309  0.0308  0.0307
   -1.0743  -15.7220   13.8013   -7.1378  -15.4523   -3.2709
    3.7798    3.4064   -2.8506   -3.3946   -3.7014    4.7088
eta,q 0.96939  6.56546

---------------------------------------------------------------------
imgreg_4dfp /opt/freesurfer/average/711-2C_as_mni_average_305 /opt/freesurfer/average/711-2B_as_mni_average_305_mask talsrcimg_g11 none talsrcimg_to_711-2C_as_mni_average_305_t4 2311
---------------------------------------------------------------------

freesurfer imgreg_4dfp.c
/opt/freesurfer/average/711-2C_as_mni_average_305.4dfp.img
       256       256       256         1
  1.000000  1.000000  1.000000
orientation T byte_order littleendian
Reading image: /opt/freesurfer/average/711-2C_as_mni_average_305.4dfp.img
dimensions:      256       256       256
mmppix:       1.0000   -1.0000   -1.0000
center:     128.0000 -129.0000 -129.0000
/opt/freesurfer/average/711-2B_as_mni_average_305_mask.4dfp.img
       256       256       256         1
  1.000000  1.000000  1.000000
orientation T byte_order littleendian
Reading mask: /opt/freesurfer/average/711-2B_as_mni_average_305_mask.4dfp.img (2306576 pixels)
talsrcimg_g11.4dfp.img
       256       256       256         1
  0.898437  0.898437  0.898437
orientation T byte_order littleendian
Reading image: talsrcimg_g11.4dfp.img
dimensions:      256       256       256
mmppix:       0.8984   -0.8984   -0.8984
center:     114.9999 -115.8984 -115.8984
fimgreg.f
image alignment mode   2311 decimal      907 hex
parameters
   -1.0743  -15.7220   13.8013   -7.1378  -15.4523   -3.2709
    3.7798    3.4064   -2.8506   -3.3946   -3.7014    4.7088
eta,q 0.96939  6.56546
niter,ni,del,rscale     5    3    5.0000    0.8000
parameters
   -1.0546  -15.6178   13.7797   -7.1754  -15.4769   -3.5557
    3.7050    3.4469   -2.8586   -3.1002   -3.6441    4.5138
eta,q 0.96938  6.55544
  0.0322  0.0318  0.0313  0.0322  0.0314  0.0317  0.0319  0.0327  0.0316  0.0320  0.0313  0.0311
  0.0313  0.0311  0.0309  0.0314  0.0310  0.0311  0.0312  0.0316  0.0311  0.0313  0.0309  0.0308
  0.0308  0.0308  0.0307  0.0308  0.0307  0.0308  0.0308  0.0309  0.0307  0.0308  0.0307  0.0307
  0.0306  0.0306  0.0306  0.0306  0.0306  0.0306  0.0306  0.0306  0.0306  0.0306  0.0306  0.0306
  0.0308  0.0307  0.0307  0.0308  0.0307  0.0307  0.0308  0.0308  0.0307  0.0307  0.0307  0.0307
  0.0313  0.0310  0.0309  0.0314  0.0310  0.0313  0.0312  0.0315  0.0311  0.0311  0.0309  0.0308
  0.0321  0.0315  0.0313  0.0322  0.0314  0.0321  0.0320  0.0327  0.0316  0.0317  0.0313  0.0311
niter,ni,del,rscale     4    3    5.0000    0.7000
parameters
   -1.0330  -15.5240   13.6777   -7.1450  -15.5685   -3.6088
    3.6585    3.4652   -2.8851   -2.8681   -3.6731    4.3432
eta,q 0.96939  6.55100
  0.0318  0.0315  0.0311  0.0319  0.0313  0.0315  0.0316  0.0322  0.0314  0.0317  0.0311  0.0309
  0.0312  0.0310  0.0308  0.0312  0.0309  0.0311  0.0311  0.0313  0.0310  0.0311  0.0308  0.0307
  0.0308  0.0307  0.0306  0.0308  0.0307  0.0308  0.0307  0.0308  0.0307  0.0308  0.0307  0.0306
  0.0306  0.0306  0.0306  0.0306  0.0306  0.0306  0.0306  0.0306  0.0306  0.0306  0.0306  0.0306
  0.0307  0.0307  0.0307  0.0307  0.0307  0.0307  0.0307  0.0308  0.0307  0.0307  0.0307  0.0306
  0.0311  0.0309  0.0309  0.0312  0.0309  0.0310  0.0311  0.0313  0.0310  0.0310  0.0308  0.0308
  0.0317  0.0313  0.0312  0.0318  0.0313  0.0317  0.0316  0.0322  0.0314  0.0314  0.0311  0.0310
niter,ni,del,rscale     3    3    5.0000    0.6000
parameters
   -1.0198  -15.4300   13.6150   -7.1344  -15.6994   -3.5881
    3.6327    3.4894   -2.8965   -2.6767   -3.7128    4.1811
eta,q 0.96939  6.54638
  0.0315  0.0313  0.0309  0.0315  0.0311  0.0313  0.0313  0.0318  0.0312  0.0314  0.0310  0.0308
  0.0310  0.0309  0.0307  0.0311  0.0308  0.0310  0.0309  0.0311  0.0309  0.0310  0.0308  0.0307
  0.0307  0.0307  0.0306  0.0307  0.0306  0.0307  0.0307  0.0308  0.0307  0.0307  0.0306  0.0306
  0.0306  0.0306  0.0306  0.0306  0.0306  0.0306  0.0306  0.0306  0.0306  0.0306  0.0306  0.0306
  0.0307  0.0306  0.0307  0.0307  0.0307  0.0306  0.0307  0.0307  0.0307  0.0307  0.0307  0.0306
  0.0310  0.0308  0.0308  0.0310  0.0309  0.0309  0.0309  0.0311  0.0309  0.0309  0.0308  0.0307
  0.0314  0.0311  0.0310  0.0315  0.0311  0.0314  0.0314  0.0318  0.0312  0.0312  0.0310  0.0309
niter,ni,del,rscale     2    3    5.0000    0.5000
parameters
   -1.0079  -15.3500   13.5707   -7.1341  -15.8130   -3.5368
    3.6213    3.5112   -2.9082   -2.5129   -3.7327    4.0134
eta,q 0.96941  6.54301
  0.0312  0.0311  0.0308  0.0313  0.0309  0.0311  0.0311  0.0314  0.0310  0.0312  0.0309  0.0307
  0.0309  0.0308  0.0307  0.0309  0.0307  0.0309  0.0308  0.0310  0.0308  0.0309  0.0307  0.0306
  0.0307  0.0307  0.0306  0.0307  0.0306  0.0307  0.0307  0.0307  0.0306  0.0307  0.0306  0.0306
  0.0306  0.0306  0.0306  0.0306  0.0306  0.0306  0.0306  0.0306  0.0306  0.0306  0.0306  0.0306
  0.0307  0.0306  0.0306  0.0307  0.0307  0.0306  0.0307  0.0307  0.0306  0.0306  0.0306  0.0306
  0.0309  0.0307  0.0307  0.0309  0.0308  0.0308  0.0308  0.0309  0.0308  0.0308  0.0307  0.0307
  0.0312  0.0309  0.0309  0.0313  0.0310  0.0311  0.0311  0.0314  0.0310  0.0310  0.0309  0.0308
niter,ni,del,rscale     1    3    5.0000    0.4000
parameters
   -1.0019  -15.2800   13.5386   -7.1323  -15.9080   -3.4796
    3.5958    3.5274   -2.8971   -2.3777   -3.7511    3.8444
eta,q 0.96941  6.54063
  0.0310  0.0309  0.0307  0.0310  0.0308  0.0309  0.0309  0.0311  0.0309  0.0310  0.0308  0.0307
  0.0308  0.0307  0.0307  0.0308  0.0307  0.0308  0.0307  0.0308  0.0307  0.0308  0.0307  0.0306
  0.0306  0.0306  0.0306  0.0306  0.0306  0.0306  0.0306  0.0307  0.0306  0.0306  0.0306  0.0306
  0.0306  0.0306  0.0306  0.0306  0.0306  0.0306  0.0306  0.0306  0.0306  0.0306  0.0306  0.0306
  0.0306  0.0306  0.0306  0.0306  0.0306  0.0306  0.0306  0.0306  0.0306  0.0306  0.0306  0.0306
  0.0308  0.0307  0.0307  0.0308  0.0307  0.0307  0.0307  0.0308  0.0307  0.0307  0.0307  0.0306
  0.0310  0.0308  0.0308  0.0310  0.0308  0.0309  0.0309  0.0311  0.0309  0.0309  0.0308  0.0307
registration optimization eta report
parameter search radius
    0.8000    0.8000    0.8000    2.4000    2.4000    2.4000
    2.4000    2.4000    2.4000    2.4000    2.4000    2.4000
100000*second partial in parameter space
       59.       41.       26.        8.        4.        6.
        6.        9.        5.        6.        3.        2.
  0.0310  0.0309  0.0307  0.0310  0.0308  0.0309  0.0309  0.0311  0.0309  0.0310  0.0308  0.0307
  0.0308  0.0307  0.0307  0.0308  0.0307  0.0308  0.0307  0.0308  0.0307  0.0308  0.0307  0.0306
  0.0306  0.0306  0.0306  0.0306  0.0306  0.0306  0.0306  0.0307  0.0306  0.0306  0.0306  0.0306
  0.0306  0.0306  0.0306  0.0306  0.0306  0.0306  0.0306  0.0306  0.0306  0.0306  0.0306  0.0306
  0.0306  0.0306  0.0306  0.0306  0.0306  0.0306  0.0306  0.0306  0.0306  0.0306  0.0306  0.0306
  0.0308  0.0307  0.0307  0.0308  0.0307  0.0307  0.0307  0.0308  0.0307  0.0307  0.0307  0.0306
  0.0310  0.0308  0.0308  0.0310  0.0308  0.0309  0.0309  0.0311  0.0309  0.0309  0.0308  0.0307
   -1.0019  -15.2800   13.5386   -7.1323  -15.9080   -3.4796
    3.5958    3.5274   -2.8971   -2.3777   -3.7511    3.8444
eta,q 0.96941  6.54063

---------------------------------------------------------------------
compute_vox2vox talsrcimg talsrcimg_to_711-2C_as_mni_average_305_t4 /opt/freesurfer/average/711-2C_as_mni_average_305
---------------------------------------------------------------------

freesurfer compute_vox2vox.c
Reading: talsrcimg.4dfp.ifh
Reading: talsrcimg_to_711-2C_as_mni_average_305_t4
Reading: /opt/freesurfer/average/711-2C_as_mni_average_305.4dfp.ifh
Writing: talsrcimg_to_711-2C_as_mni_average_305_t4_vox2vox.txt

start time Thu Mar 12 20:49:25 CET 2026
end		time Thu Mar 12 20:50:53 CET 2026

mpr2mni305 success

avi2talxfm orig_nu.mgz /opt/freesurfer/average/mni305.cor.mgz talsrcimg_to_711-2C_as_mni_average_305_t4_vox2vox.txt transforms/talairach.auto.xfm
avi2talxfm done
mv -f /out/sourcedata/freesurfer/sub-v2s2x29059_ses-1/mri/talsrcimg_to_711-2C_as_mni_average_305_t4_vox2vox.txt /out/sourcedata/freesurfer/sub-v2s2x29059_ses-1/mri/transforms/talsrcimg_to_711-2C_as_mni_average_305_t4_vox2vox.txt
lta_convert --src orig_nu.mgz --trg /opt/freesurfer/average/mni305.cor.mgz --inxfm transforms/talairach.auto.xfm --outlta transforms/talairach.auto.xfm.lta --subject fsaverage
7.3.2

--src: orig_nu.mgz src image (geometry).
--trg: /opt/freesurfer/average/mni305.cor.mgz trg image (geometry).
--inmni: transforms/talairach.auto.xfm input MNI/XFM transform.
--outlta: transforms/talairach.auto.xfm.lta output LTA.
--s: fsaverage subject name
 LTA read, type : 1
 1.07379  -0.04033  -0.04407   0.87923;
 0.04021   1.03337  -0.04896  -3.21393;
 0.03813   0.02783   1.18627  -7.61968;
 0.00000   0.00000   0.00000   1.00000;
setting subject to fsaverage
Writing  LTA to file transforms/talairach.auto.xfm.lta...
lta_convert successful.
 
 
Started at Thu Mar 12 20:49:24 CET 2026
Ended   at Thu Mar 12 20:50:53 CET 2026
talairach_avi done
