/out/sourcedata/freesurfer/sub-v2s2x29063_ses-1/mri
/opt/freesurfer/bin/talairach_avi
--i orig_nu.mgz --xfm transforms/talairach.auto.xfm
talairach_avi 7.3.2
Linux dna059 5.14.0-427.37.1.el9_4.x86_64 #1 SMP PREEMPT_DYNAMIC Fri Sep 13 12:41:50 EDT 2024 x86_64 x86_64 x86_64 GNU/Linux
Thu Mar 12 21:13:52 CET 2026
mri_convert orig_nu.mgz talsrcimg.img 
reading from orig_nu.mgz...
TR=0.00, TE=0.00, TI=0.00, flip angle=0.00
i_ras = (-1, 0, 0)
j_ras = (0, 0, -1)
k_ras = (0, 1, 0)
writing to talsrcimg.img...
Analyze Output Matrix
-0.89844   0.00000   0.00000   109.86974;
 0.00000   0.00000   0.89844  -125.71593;
 0.00000  -0.89844   0.00000   124.82592;
 0.00000   0.00000   0.00000   1.00000;
--------------------
INFO: set hdr.hist.orient to -1
mpr2mni305 talsrcimg
Thu Mar 12 21:13:52 CET 2026
/opt/freesurfer/bin/mpr2mni305 talsrcimg
mpr2mni305 7.3.2
target=711-2C_as_mni_average_305

---------------------------------------------------------------------
analyzeto4dfp talsrcimg -O0 -y
---------------------------------------------------------------------

freesurfer ifh2hdr.c
Thu Mar 12 21:13:53 2026
Writing: talsrcimg.4dfp.hdr
freesurfer analyzeto4dfp.c
Reading: talsrcimg.hdr
header size 348 bytes
hdr.dime.datatype	offset=70	value=2
hdr.dime.bitpix		offset=72	value=8
hdr.hist.orient		offset=252	value=-1
dimensionality     4
dimensions       256       256       256         1
Reading: talsrcimg.img
Writing: talsrcimg.4dfp.img
Writing: talsrcimg.4dfp.ifh
ifh2hdr talsrcimg -r0to255
ori=2

---------------------------------------------------------------------
gauss_4dfp talsrcimg 1.1
---------------------------------------------------------------------

freesurfer gauss_4dfp.c
Reading: talsrcimg.4dfp.img
Writing: talsrcimg_g11.4dfp.img
image dimensions 256 256 256 padded to 288 288 288
processing volume 1freesurfer ifh2hdr.c
Thu Mar 12 21:13:54 2026
Writing: talsrcimg_g11.4dfp.hdr

Writing: talsrcimg_g11.4dfp.ifh
including: talsrcimg.4dfp.img.rec in talsrcimg_g11.4dfp.img.rec

---------------------------------------------------------------------
imgreg_4dfp /opt/freesurfer/average/711-2C_as_mni_average_305 none talsrcimg_g11 none talsrcimg_to_711-2C_as_mni_average_305_t4 4355
---------------------------------------------------------------------

freesurfer imgreg_4dfp.c
/opt/freesurfer/average/711-2C_as_mni_average_305.4dfp.img
       256       256       256         1
  1.000000  1.000000  1.000000
orientation T byte_order littleendian
Reading image: /opt/freesurfer/average/711-2C_as_mni_average_305.4dfp.img
dimensions:      256       256       256
mmppix:       1.0000   -1.0000   -1.0000
center:     128.0000 -129.0000 -129.0000
talsrcimg_g11.4dfp.img
       256       256       256         1
  0.898438  0.898438  0.898438
orientation T byte_order littleendian
Reading image: talsrcimg_g11.4dfp.img
dimensions:      256       256       256
mmppix:       0.8984   -0.8984   -0.8984
center:     115.0001 -115.8985 -115.8985
t4_read: open error in t4_sub.f l:  41 t4_file(1:l)talsrcimg_to_711-2C_as_mni_average_305_t4 
t4_read: transform initialized to I4
rotation matrix determinant  1.000000
image alignment mode   4355 decimal     1103 hex
   -7.5000  -45.0000  -45.0000 6186.5542    9.8769
    0.0000  -45.0000  -45.0000 6252.6655    9.8810
    7.5000  -45.0000  -45.0000 5942.1543    9.8934
   -7.5000  -37.5000  -45.0000 6637.6309   10.4660
    0.0000  -37.5000  -45.0000 6716.2036   10.4702
    7.5000  -37.5000  -45.0000 6369.4888   10.4810
   -7.5000  -30.0000  -45.0000 7089.8096   10.8321
    0.0000  -30.0000  -45.0000 7179.2671   10.8363
    7.5000  -30.0000  -45.0000 6795.0845   10.8448
   -7.5000  -22.5000  -45.0000 7643.1479   10.8626
    0.0000  -22.5000  -45.0000 7734.4062   10.8665
    7.5000  -22.5000  -45.0000 7317.6548   10.8746
   -7.5000  -15.0000  -45.0000 8150.9731   10.8555
    0.0000  -15.0000  -45.0000 8263.4619   10.8592
    7.5000  -15.0000  -45.0000 7826.2583   10.8698
   -7.5000   -7.5000  -45.0000 8317.9678   10.8233
    0.0000   -7.5000  -45.0000 8452.2031   10.8274
    7.5000   -7.5000  -45.0000 7991.1182   10.8404
   -7.5000    0.0000  -45.0000 8477.9492   10.7920
    0.0000    0.0000  -45.0000 8613.7588   10.7964
    7.5000    0.0000  -45.0000 8147.9854   10.8099
   -7.5000    7.5000  -45.0000 8201.5527   10.7959
    0.0000    7.5000  -45.0000 8335.7461   10.8003
    7.5000    7.5000  -45.0000 7877.2783   10.8115
   -7.5000   15.0000  -45.0000 8092.4912   10.8321
    0.0000   15.0000  -45.0000 8216.6836   10.8363
    7.5000   15.0000  -45.0000 7762.2349   10.8448
   -7.5000   22.5000  -45.0000 7489.7368   10.7165
    0.0000   22.5000  -45.0000 7586.8306   10.7203
    7.5000   22.5000  -45.0000 7168.6914   10.7283
   -7.5000   30.0000  -45.0000 6890.5195   10.4238
    0.0000   30.0000  -45.0000 6989.5786   10.4274
    7.5000   30.0000  -45.0000 6587.7642   10.4376
   -7.5000   37.5000  -45.0000 6311.8721   10.0603
    0.0000   37.5000  -45.0000 6399.0933   10.0641
    7.5000   37.5000  -45.0000 6029.7949   10.0762
   -7.5000   45.0000  -45.0000 5818.0654    9.9729
    0.0000   45.0000  -45.0000 5897.7842    9.9769
    7.5000   45.0000  -45.0000 5557.7285    9.9890
   -7.5000  -45.0000  -37.5000 6753.8315   10.3417
    0.0000  -45.0000  -37.5000 6835.1846   10.3446
    7.5000  -45.0000  -37.5000 6496.0801   10.3550
   -7.5000  -37.5000  -37.5000 7240.3462   10.9652
    0.0000  -37.5000  -37.5000 7320.5127   10.9680
    7.5000  -37.5000  -37.5000 6957.9219   10.9777
   -7.5000  -30.0000  -37.5000 7719.3667   11.3303
    0.0000  -30.0000  -37.5000 7819.5430   11.3315
    7.5000  -30.0000  -37.5000 7411.6357   11.3399
   -7.5000  -22.5000  -37.5000 8312.4795   11.3616
    0.0000  -22.5000  -37.5000 8421.5850   11.3610
    7.5000  -22.5000  -37.5000 7985.4229   11.3693
   -7.5000  -15.0000  -37.5000 8869.4033   11.3533
    0.0000  -15.0000  -37.5000 8988.4023   11.3526
    7.5000  -15.0000  -37.5000 8527.6582   11.3622
   -7.5000   -7.5000  -37.5000 9041.2617   11.3188
    0.0000   -7.5000  -37.5000 9159.9756   11.3200
    7.5000   -7.5000  -37.5000 8703.5234   11.3311
   -7.5000    0.0000  -37.5000 9202.5020   11.2859
    0.0000    0.0000  -37.5000 9327.5850   11.2892
    7.5000    0.0000  -37.5000 8856.7461   11.3005
   -7.5000    7.5000  -37.5000 8880.2480   11.2910
    0.0000    7.5000  -37.5000 9008.7725   11.2939
    7.5000    7.5000  -37.5000 8545.8936   11.3039
   -7.5000   15.0000  -37.5000 8734.1963   11.3298
    0.0000   15.0000  -37.5000 8849.9541   11.3310
    7.5000   15.0000  -37.5000 8400.2324   11.3394
   -7.5000   22.5000  -37.5000 8049.2759   11.2097
    0.0000   22.5000  -37.5000 8156.8345   11.2091
    7.5000   22.5000  -37.5000 7729.8784   11.2173
   -7.5000   30.0000  -37.5000 7397.7070   10.9096
    0.0000   30.0000  -37.5000 7483.7300   10.9090
    7.5000   30.0000  -37.5000 7079.0693   10.9182
   -7.5000   37.5000  -37.5000 6758.0791   10.5294
    0.0000   37.5000  -37.5000 6848.7466   10.5306
    7.5000   37.5000  -37.5000 6468.0942   10.5408
   -7.5000   45.0000  -37.5000 6219.2754   10.4266
    0.0000   45.0000  -37.5000 6305.1567   10.4279
    7.5000   45.0000  -37.5000 5947.3008   10.4373
   -7.5000  -45.0000  -30.0000 7330.7715   10.7942
    0.0000  -45.0000  -30.0000 7405.0889   10.7945
    7.5000  -45.0000  -30.0000 7032.8042   10.8048
   -7.5000  -37.5000  -30.0000 7854.4927   11.4520
    0.0000  -37.5000  -30.0000 7926.0703   11.4507
    7.5000  -37.5000  -30.0000 7545.1025   11.4600
   -7.5000  -30.0000  -30.0000 8373.9434   11.8197
    0.0000  -30.0000  -30.0000 8464.3936   11.8157
    7.5000  -30.0000  -30.0000 8041.1753   11.8244
   -7.5000  -22.5000  -30.0000 9027.3906   11.8538
    0.0000  -22.5000  -30.0000 9128.3291   11.8486
    7.5000  -22.5000  -30.0000 8654.9961   11.8577
   -7.5000  -15.0000  -30.0000 9624.9004   11.8430
    0.0000  -15.0000  -30.0000 9732.5908   11.8393
    7.5000  -15.0000  -30.0000 9228.9004   11.8500
   -7.5000   -7.5000  -30.0000 9796.5586   11.8037
    0.0000   -7.5000  -30.0000 9893.9004   11.8026
    7.5000   -7.5000  -30.0000 9410.8271   11.8144
   -7.5000    0.0000  -30.0000 9939.2383   11.7681
    0.0000    0.0000  -30.000010049.7549   11.7684
    7.5000    0.0000  -30.0000 9551.8477   11.7796
   -7.5000    7.5000  -30.0000 9583.0830   11.7745
    0.0000    7.5000  -30.0000 9689.2842   11.7730
    7.5000    7.5000  -30.0000 9191.6328   11.7827
   -7.5000   15.0000  -30.0000 9374.6562   11.8181
    0.0000   15.0000  -30.0000 9493.4150   11.8141
    7.5000   15.0000  -30.0000 9020.9590   11.8227
   -7.5000   22.5000  -30.0000 8619.0439   11.6958
    0.0000   22.5000  -30.0000 8728.5391   11.6907
    7.5000   22.5000  -30.0000 8307.2871   11.6997
   -7.5000   30.0000  -30.0000 7909.6226   11.3885
    0.0000   30.0000  -30.0000 7999.8242   11.3849
    7.5000   30.0000  -30.0000 7612.9600   11.3952
   -7.5000   37.5000  -30.0000 7215.8320   10.9971
    0.0000   37.5000  -30.0000 7309.9951   10.9961
    7.5000   37.5000  -30.0000 6914.6978   11.0070
   -7.5000   45.0000  -30.0000 6624.4321   10.8852
    0.0000   45.0000  -30.0000 6707.3589   10.8820
    7.5000   45.0000  -30.0000 6335.0986   10.8907
   -7.5000  -45.0000  -22.5000 7903.8428   11.1993
    0.0000  -45.0000  -22.5000 7966.3135   11.1989
    7.5000  -45.0000  -22.5000 7571.8159   11.2135
   -7.5000  -37.5000  -22.5000 8459.1787   11.8886
    0.0000  -37.5000  -22.5000 8536.1973   11.8850
    7.5000  -37.5000  -22.5000 8105.3711   11.8975
   -7.5000  -30.0000  -22.5000 9030.5244   12.2574
    0.0000  -30.0000  -22.5000 9115.2285   12.2508
    7.5000  -30.0000  -22.5000 8653.7686   12.2613
   -7.5000  -22.5000  -22.5000 9728.8721   12.2941
    0.0000  -22.5000  -22.5000 9838.9082   12.2879
    7.5000  -22.5000  -22.5000 9324.0674   12.2990
   -7.5000  -15.0000  -22.500010370.0283   12.2827
    0.0000  -15.0000  -22.500010501.4980   12.2799
    7.5000  -15.0000  -22.5000 9942.7861   12.2945
   -7.5000   -7.5000  -22.500010535.1123   12.2407
    0.0000   -7.5000  -22.500010644.8545   12.2407
    7.5000   -7.5000  -22.500010107.6846   12.2575
   -7.5000    0.0000  -22.500010673.2158   12.2030
    0.0000    0.0000  -22.500010792.6279   12.2026
    7.5000    0.0000  -22.500010238.2441   12.2184
   -7.5000    7.5000  -22.500010282.1152   12.2081
    0.0000    7.5000  -22.500010378.3418   12.2044
    7.5000    7.5000  -22.5000 9843.6904   12.2172
   -7.5000   15.0000  -22.500010057.6074   12.2545
    0.0000   15.0000  -22.500010151.5283   12.2479
    7.5000   15.0000  -22.5000 9648.0781   12.2583
   -7.5000   22.5000  -22.5000 9234.2676   12.1314
    0.0000   22.5000  -22.5000 9305.9463   12.1253
    7.5000   22.5000  -22.5000 8879.3271   12.1362
   -7.5000   30.0000  -22.5000 8455.5234   11.8199
    0.0000   30.0000  -22.5000 8515.3965   11.8173
    7.5000   30.0000  -22.5000 8132.4883   11.8313
   -7.5000   37.5000  -22.5000 7690.9995   11.4216
    0.0000   37.5000  -22.5000 7761.8296   11.4215
    7.5000   37.5000  -22.5000 7376.5957   11.4372
   -7.5000   45.0000  -22.5000 7037.9736   11.3103
    0.0000   45.0000  -22.5000 7106.8496   11.3060
    7.5000   45.0000  -22.5000 6736.2822   11.3193
   -7.5000  -45.0000  -15.0000 8439.0928   11.5949
    0.0000  -45.0000  -15.0000 8510.0742   11.5971
    7.5000  -45.0000  -15.0000 8085.7598   11.6168
   -7.5000  -37.5000  -15.0000 9036.8096   12.3044
    0.0000  -37.5000  -15.0000 9126.3848   12.3030
    7.5000  -37.5000  -15.0000 8656.4922   12.3195
   -7.5000  -30.0000  -15.0000 9667.6260   12.6712
    0.0000  -30.0000  -15.0000 9787.3564   12.6678
    7.5000  -30.0000  -15.0000 9277.3379   12.6804
   -7.5000  -22.5000  -15.000010415.9766   12.7088
    0.0000  -22.5000  -15.000010568.3447   12.7069
    7.5000  -22.5000  -15.0000 9999.5166   12.7201
   -7.5000  -15.0000  -15.000011119.1055   12.6997
    0.0000  -15.0000  -15.000011265.9785   12.7019
    7.5000  -15.0000  -15.000010641.6650   12.7203
   -7.5000   -7.5000  -15.000011281.7305   12.6596
    0.0000   -7.5000  -15.000011426.9795   12.6637
    7.5000   -7.5000  -15.000010794.9023   12.6860
   -7.5000    0.0000  -15.000011438.5156   12.6216
    0.0000    0.0000  -15.000011578.1924   12.6240
    7.5000    0.0000  -15.000010943.2617   12.6454
   -7.5000    7.5000  -15.000010971.5518   12.6228
    0.0000    7.5000  -15.000011084.4834   12.6214
    7.5000    7.5000  -15.000010498.9336   12.6382
   -7.5000   15.0000  -15.000010713.1602   12.6673
    0.0000   15.0000  -15.000010798.0967   12.6639
    7.5000   15.0000  -15.000010262.6846   12.6765
   -7.5000   22.5000  -15.0000 9850.5029   12.5425
    0.0000   22.5000  -15.0000 9903.0625   12.5407
    7.5000   22.5000  -15.0000 9437.0068   12.5537
   -7.5000   30.0000  -15.0000 9000.6934   12.2305
    0.0000   30.0000  -15.0000 9062.6709   12.2325
    7.5000   30.0000  -15.0000 8655.5068   12.2503
   -7.5000   37.5000  -15.0000 8161.9072   11.8306
    0.0000   37.5000  -15.0000 8225.7568   11.8343
    7.5000   37.5000  -15.0000 7852.6626   11.8551
   -7.5000   45.0000  -15.0000 7451.7354   11.7253
    0.0000   45.0000  -15.0000 7516.8892   11.7253
    7.5000   45.0000  -15.0000 7147.8682   11.7447
   -7.5000  -45.0000   -7.5000 8692.7354   11.6050
    0.0000  -45.0000   -7.5000 8787.2051   11.6093
    7.5000  -45.0000   -7.5000 8349.3730   11.6282
   -7.5000  -37.5000   -7.5000 9306.0918   12.3128
    0.0000  -37.5000   -7.5000 9421.8467   12.3152
    7.5000  -37.5000   -7.5000 8928.4980   12.3309
   -7.5000  -30.0000   -7.5000 9992.3135   12.6760
    0.0000  -30.0000   -7.500010139.6631   12.6773
    7.5000  -30.0000   -7.5000 9599.3066   12.6890
   -7.5000  -22.5000   -7.500010806.5498   12.7115
    0.0000  -22.5000   -7.500010974.3428   12.7139
    7.5000  -22.5000   -7.500010375.4844   12.7258
   -7.5000  -15.0000   -7.500011544.6553   12.7044
    0.0000  -15.0000   -7.500011735.3047   12.7092
    7.5000  -15.0000   -7.500011054.4336   12.7261
   -7.5000   -7.5000   -7.500011688.7188   12.6681
    0.0000   -7.5000   -7.500011874.4795   12.6740
    7.5000   -7.5000   -7.500011185.4678   12.6949
   -7.5000    0.0000   -7.500011825.6660   12.6323
    0.0000    0.0000   -7.500011992.1230   12.6370
    7.5000    0.0000   -7.500011310.9287   12.6576
   -7.5000    7.5000   -7.500011303.2100   12.6315
    0.0000    7.5000   -7.500011444.0439   12.6338
    7.5000    7.5000   -7.500010806.0781   12.6500
   -7.5000   15.0000   -7.500011031.4336   12.6721
    0.0000   15.0000   -7.500011140.5684   12.6734
    7.5000   15.0000   -7.500010553.7002   12.6851
   -7.5000   22.5000   -7.500010145.1963   12.5452
    0.0000   22.5000   -7.500010212.7666   12.5476
    7.5000   22.5000   -7.5000 9697.3018   12.5593
   -7.5000   30.0000   -7.5000 9283.0811   12.2350
    0.0000   30.0000   -7.5000 9350.9824   12.2396
    7.5000   30.0000   -7.5000 8891.9990   12.2559
   -7.5000   37.5000   -7.5000 8397.0674   11.8385
    0.0000   37.5000   -7.5000 8455.3711   11.8439
    7.5000   37.5000   -7.5000 8065.1089   11.8634
   -7.5000   45.0000   -7.5000 7649.7627   11.7373
    0.0000   45.0000   -7.5000 7707.1279   11.7413
    7.5000   45.0000   -7.5000 7333.8188   11.7605
   -7.5000  -45.0000    0.0000 8806.1230   11.9064
    0.0000  -45.0000    0.0000 8900.5713   11.9116
    7.5000  -45.0000    0.0000 8459.8838   11.9268
   -7.5000  -37.5000    0.0000 9399.9365   12.6290
    0.0000  -37.5000    0.0000 9525.2900   12.6340
    7.5000  -37.5000    0.0000 9015.9453   12.6473
   -7.5000  -30.0000    0.000010073.5176   12.9928
    0.0000  -30.0000    0.000010213.1592   12.9969
    7.5000  -30.0000    0.0000 9673.2627   13.0070
   -7.5000  -22.5000    0.000010957.0723   13.0272
    0.0000  -22.5000    0.000011174.2334   13.0304
    7.5000  -22.5000    0.000010526.5996   13.0400
   -7.5000  -15.0000    0.000011797.4629   13.0192
    0.0000  -15.0000    0.000012092.2891   13.0227
    7.5000  -15.0000    0.000011335.4551   13.0355
   -7.5000   -7.5000    0.000011939.3525   12.9829
    0.0000   -7.5000    0.000012213.4746   12.9876
    7.5000   -7.5000    0.000011432.8369   13.0036
   -7.5000    0.0000    0.000012000.7256   12.9475
    0.0000    0.0000    0.000012203.6758   12.9531
    7.5000    0.0000    0.000011487.2285   12.9697
   -7.5000    7.5000    0.000011413.1279   12.9473
    0.0000    7.5000    0.000011562.7998   12.9524
    7.5000    7.5000    0.000010900.4688   12.9660
   -7.5000   15.0000    0.000011118.5928   12.9882
    0.0000   15.0000    0.000011271.6748   12.9923
    7.5000   15.0000    0.000010628.7988   13.0024
   -7.5000   22.5000    0.000010208.1328   12.8586
    0.0000   22.5000    0.000010342.8916   12.8618
    7.5000   22.5000    0.0000 9764.9375   12.8713
   -7.5000   30.0000    0.0000 9354.6025   12.5457
    0.0000   30.0000    0.0000 9463.2393   12.5491
    7.5000   30.0000    0.0000 8949.3398   12.5614
   -7.5000   37.5000    0.0000 8484.8252   12.1473
    0.0000   37.5000    0.0000 8565.1494   12.1516
    7.5000   37.5000    0.0000 8120.3135   12.1665
   -7.5000   45.0000    0.0000 7714.7910   12.0569
    0.0000   45.0000    0.0000 7778.0229   12.0620
    7.5000   45.0000    0.0000 7387.7778   12.0770
   -7.5000  -45.0000    7.5000 8542.8555   11.9083
    0.0000  -45.0000    7.5000 8655.1982   11.9116
    7.5000  -45.0000    7.5000 8235.2373   11.9231
   -7.5000  -37.5000    7.5000 9108.1523   12.6334
    0.0000  -37.5000    7.5000 9213.7197   12.6367
    7.5000  -37.5000    7.5000 8762.2119   12.6472
   -7.5000  -30.0000    7.5000 9744.2900   13.0003
    0.0000  -30.0000    7.5000 9859.2354   13.0018
    7.5000  -30.0000    7.5000 9398.3496   13.0108
   -7.5000  -22.5000    7.500010648.1787   13.0354
    0.0000  -22.5000    7.500010906.3154   13.0349
    7.5000  -22.5000    7.500010267.3721   13.0437
   -7.5000  -15.0000    7.500011571.1670   13.0257
    0.0000  -15.0000    7.500012069.3711   13.0249
    7.5000  -15.0000    7.500011149.9150   13.0353
   -7.5000   -7.5000    7.500011754.1133   12.9865
    0.0000   -7.5000    7.500012238.2793   12.9879
    7.5000   -7.5000    7.500011309.2705   13.0000
   -7.5000    0.0000    7.500011742.3945   12.9497
    0.0000    0.0000    7.500012056.7490   12.9533
    7.5000    0.0000    7.500011281.5801   12.9658
   -7.5000    7.5000    7.500011057.5039   12.9518
    0.0000    7.5000    7.500011266.0469   12.9551
    7.5000    7.5000    7.500010584.3926   12.9660
   -7.5000   15.0000    7.500010732.8594   12.9957
    0.0000   15.0000    7.500010927.6309   12.9972
    7.5000   15.0000    7.500010273.1797   13.0062
   -7.5000   22.5000    7.5000 9869.4131   12.8667
    0.0000   22.5000    7.500010029.5137   12.8662
    7.5000   22.5000    7.5000 9450.2305   12.8749
   -7.5000   30.0000    7.5000 9049.8662   12.5519
    0.0000   30.0000    7.5000 9180.9365   12.5512
    7.5000   30.0000    7.5000 8665.8926   12.5612
   -7.5000   37.5000    7.5000 8203.6377   12.1506
    0.0000   37.5000    7.5000 8300.5029   12.1518
    7.5000   37.5000    7.5000 7844.8921   12.1631
   -7.5000   45.0000    7.5000 7458.8833   12.0601
    0.0000   45.0000    7.5000 7540.9536   12.0615
    7.5000   45.0000    7.5000 7132.2300   12.0719
   -7.5000  -45.0000   15.0000 8540.1162   11.9363
    0.0000  -45.0000   15.0000 8661.9873   11.9369
    7.5000  -45.0000   15.0000 8247.2930   11.9482
   -7.5000  -37.5000   15.0000 9107.8271   12.6653
    0.0000  -37.5000   15.0000 9243.1348   12.6641
    7.5000  -37.5000   15.0000 8794.8418   12.6744
   -7.5000  -30.0000   15.0000 9790.8965   13.0372
    0.0000  -30.0000   15.0000 9976.5439   13.0331
    7.5000  -30.0000   15.0000 9472.8174   13.0426
   -7.5000  -22.5000   15.000010690.5869   13.0749
    0.0000  -22.5000   15.000011042.1250   13.0693
    7.5000  -22.5000   15.000010333.0938   13.0794
   -7.5000  -15.0000   15.000011537.2207   13.0630
    0.0000  -15.0000   15.000012085.1992   13.0591
    7.5000  -15.0000   15.000011130.6494   13.0709
   -7.5000   -7.5000   15.000011718.9268   13.0196
    0.0000   -7.5000   15.000012265.2881   13.0186
    7.5000   -7.5000   15.000011296.0781   13.0316
   -7.5000    0.0000   15.000011737.8750   12.9803
    0.0000    0.0000   15.000012128.4775   12.9809
    7.5000    0.0000   15.000011302.3818   12.9933
   -7.5000    7.5000   15.000011036.8828   12.9845
    0.0000    7.5000   15.000011307.4287   12.9832
    7.5000    7.5000   15.000010597.6191   12.9938
   -7.5000   15.0000   15.000010660.4961   13.0326
    0.0000   15.0000   15.000010878.3584   13.0285
    7.5000   15.0000   15.000010231.2578   13.0380
   -7.5000   22.5000   15.0000 9815.7275   12.9057
    0.0000   22.5000   15.0000 9983.6289   12.9001
    7.5000   22.5000   15.0000 9410.7627   12.9101
   -7.5000   30.0000   15.0000 9017.9961   12.5879
    0.0000   30.0000   15.0000 9140.0244   12.5841
    7.5000   30.0000   15.0000 8621.7080   12.5955
   -7.5000   37.5000   15.0000 8173.3774   12.1816
    0.0000   37.5000   15.0000 8268.3740   12.1806
    7.5000   37.5000   15.0000 7819.9429   12.1927
   -7.5000   45.0000   15.0000 7443.1577   12.0878
    0.0000   45.0000   15.0000 7506.0928   12.0843
    7.5000   45.0000   15.0000 7108.2490   12.0940
   -7.5000  -45.0000   22.5000 8066.0688   12.0798
    0.0000  -45.0000   22.5000 8186.2388   12.0796
    7.5000  -45.0000   22.5000 7797.4800   12.0949
   -7.5000  -37.5000   22.5000 8619.4395   12.8158
    0.0000  -37.5000   22.5000 8736.9521   12.8121
    7.5000  -37.5000   22.5000 8327.4980   12.8252
   -7.5000  -30.0000   22.5000 9270.6641   13.1937
    0.0000  -30.0000   22.5000 9431.6289   13.1869
    7.5000  -30.0000   22.5000 8976.4062   13.1978
   -7.5000  -22.5000   22.500010068.7041   13.2347
    0.0000  -22.5000   22.500010316.0664   13.2281
    7.5000  -22.5000   22.5000 9741.5996   13.2399
   -7.5000  -15.0000   22.500010784.4131   13.2235
    0.0000  -15.0000   22.500011088.3584   13.2205
    7.5000  -15.0000   22.500010425.1328   13.2361
   -7.5000   -7.5000   22.500010946.0928   13.1780
    0.0000   -7.5000   22.500011206.9277   13.1779
    7.5000   -7.5000   22.500010561.6270   13.1959
   -7.5000    0.0000   22.500011026.9580   13.1359
    0.0000    0.0000   22.500011233.7949   13.1357
    7.5000    0.0000   22.500010630.7812   13.1523
   -7.5000    7.5000   22.500010411.4072   13.1388
    0.0000    7.5000   22.500010588.4736   13.1350
    7.5000    7.5000   22.500010033.2686   13.1484
   -7.5000   15.0000   22.500010076.6143   13.1890
    0.0000   15.0000   22.500010232.3994   13.1822
    7.5000   15.0000   22.5000 9697.6738   13.1932
   -7.5000   22.5000   22.5000 9292.6406   13.0635
    0.0000   22.5000   22.5000 9414.7773   13.0569
    7.5000   22.5000   22.5000 8925.5098   13.0686
   -7.5000   30.0000   22.5000 8538.5059   12.7426
    0.0000   30.0000   22.5000 8639.8926   12.7397
    7.5000   30.0000   22.5000 8171.6753   12.7547
   -7.5000   37.5000   22.5000 7740.4526   12.3298
    0.0000   37.5000   22.5000 7826.3496   12.3296
    7.5000   37.5000   22.5000 7398.0537   12.3464
   -7.5000   45.0000   22.5000 7019.3931   12.2304
    0.0000   45.0000   22.5000 7086.9243   12.2259
    7.5000   45.0000   22.5000 6698.4102   12.2400
   -7.5000  -45.0000   30.0000 7558.0005   12.2625
    0.0000  -45.0000   30.0000 7634.1592   12.2647
    7.5000  -45.0000   30.0000 7288.2290   12.2838
   -7.5000  -37.5000   30.0000 8073.1191   13.0094
    0.0000  -37.5000   30.0000 8160.8975   13.0080
    7.5000  -37.5000   30.0000 7807.2700   13.0235
   -7.5000  -30.0000   30.0000 8666.9209   13.3916
    0.0000  -30.0000   30.0000 8784.7822   13.3879
    7.5000  -30.0000   30.0000 8390.5127   13.3995
   -7.5000  -22.5000   30.0000 9368.9805   13.4340
    0.0000  -22.5000   30.0000 9535.4238   13.4320
    7.5000  -22.5000   30.0000 9057.8564   13.4443
   -7.5000  -15.0000   30.0000 9988.5830   13.4268
    0.0000  -15.0000   30.000010162.0586   13.4287
    7.5000  -15.0000   30.0000 9644.6553   13.4468
   -7.5000   -7.5000   30.000010158.0430   13.3842
    0.0000   -7.5000   30.000010317.1240   13.3883
    7.5000   -7.5000   30.0000 9795.2412   13.4102
   -7.5000    0.0000   30.000010282.5205   13.3417
    0.0000    0.0000   30.000010430.7471   13.3441
    7.5000    0.0000   30.0000 9908.0713   13.3648
   -7.5000    7.5000   30.0000 9714.6641   13.3395
    0.0000    7.5000   30.0000 9845.1621   13.3381
    7.5000    7.5000   30.0000 9361.2588   13.3540
   -7.5000   15.0000   30.0000 9432.4824   13.3868
    0.0000   15.0000   30.0000 9562.4326   13.3831
    7.5000   15.0000   30.0000 9074.4092   13.3948
   -7.5000   22.5000   30.0000 8699.1709   13.2590
    0.0000   22.5000   30.0000 8809.3428   13.2570
    7.5000   22.5000   30.0000 8361.2490   13.2691
   -7.5000   30.0000   30.0000 7997.0171   12.9444
    0.0000   30.0000   30.0000 8088.5205   12.9463
    7.5000   30.0000   30.0000 7659.5586   12.9636
   -7.5000   37.5000   30.0000 7239.4297   12.5346
    0.0000   37.5000   30.0000 7319.5532   12.5383
    7.5000   37.5000   30.0000 6929.7817   12.5588
   -7.5000   45.0000   30.0000 6545.6304   12.4359
    0.0000   45.0000   30.0000 6613.0332   12.4359
    7.5000   45.0000   30.0000 6261.9600   12.4548
   -7.5000  -45.0000   37.5000 7090.8687   12.3850
    0.0000  -45.0000   37.5000 7144.4614   12.3880
    7.5000  -45.0000   37.5000 6828.2744   12.4069
   -7.5000  -37.5000   37.5000 7563.7817   13.1369
    0.0000  -37.5000   37.5000 7644.7832   13.1380
    7.5000  -37.5000   37.5000 7294.5449   13.1527
   -7.5000  -30.0000   37.5000 8100.1157   13.5059
    0.0000  -30.0000   37.5000 8205.7500   13.5054
    7.5000  -30.0000   37.5000 7832.8286   13.5154
   -7.5000  -22.5000   37.5000 8739.4336   13.5434
    0.0000  -22.5000   37.5000 8851.5000   13.5432
    7.5000  -22.5000   37.5000 8431.6924   13.5538
   -7.5000  -15.0000   37.5000 9296.1768   13.5395
    0.0000  -15.0000   37.5000 9415.8779   13.5416
    7.5000  -15.0000   37.5000 8975.7119   13.5583
   -7.5000   -7.5000   37.5000 9442.6426   13.5054
    0.0000   -7.5000   37.5000 9569.9834   13.5092
    7.5000   -7.5000   37.5000 9115.1758   13.5304
   -7.5000    0.0000   37.5000 9572.2432   13.4682
    0.0000    0.0000   37.5000 9704.2988   13.4715
    7.5000    0.0000   37.5000 9234.5469   13.4919
   -7.5000    7.5000   37.5000 9043.3984   13.4619
    0.0000    7.5000   37.5000 9151.2715   13.4631
    7.5000    7.5000   37.5000 8702.8643   13.4781
   -7.5000   15.0000   37.5000 8801.2842   13.5009
    0.0000   15.0000   37.5000 8899.3730   13.5005
    7.5000   15.0000   37.5000 8451.3223   13.5105
   -7.5000   22.5000   37.5000 8120.4336   13.3646
    0.0000   22.5000   37.5000 8210.6191   13.3644
    7.5000   22.5000   37.5000 7792.7036   13.3749
   -7.5000   30.0000   37.5000 7450.8672   13.0530
    0.0000   30.0000   37.5000 7538.7861   13.0550
    7.5000   30.0000   37.5000 7150.3462   13.0711
   -7.5000   37.5000   37.5000 6735.0356   12.6483
    0.0000   37.5000   37.5000 6801.7886   12.6518
    7.5000   37.5000   37.5000 6457.4209   12.6715
   -7.5000   45.0000   37.5000 6082.1880   12.5478
    0.0000   45.0000   37.5000 6145.5664   12.5507
    7.5000   45.0000   37.5000 5828.2954   12.5700
   -7.5000  -45.0000   45.0000 6613.7314   12.5508
    0.0000  -45.0000   45.0000 6677.0747   12.5579
    7.5000  -45.0000   45.0000 6370.7358   12.5722
   -7.5000  -37.5000   45.0000 7052.8750   13.3133
    0.0000  -37.5000   45.0000 7123.3755   13.3193
    7.5000  -37.5000   45.0000 6790.6035   13.3307
   -7.5000  -30.0000   45.0000 7546.6606   13.6757
    0.0000  -30.0000   45.0000 7640.0659   13.6800
    7.5000  -30.0000   45.0000 7269.5254   13.6881
   -7.5000  -22.5000   45.0000 8109.9248   13.7133
    0.0000  -22.5000   45.0000 8211.0576   13.7169
    7.5000  -22.5000   45.0000 7816.1763   13.7255
   -7.5000  -15.0000   45.0000 8615.1357   13.7081
    0.0000  -15.0000   45.0000 8704.5264   13.7131
    7.5000  -15.0000   45.0000 8302.3594   13.7259
   -7.5000   -7.5000   45.0000 8745.3955   13.6726
    0.0000   -7.5000   45.0000 8839.9619   13.6797
    7.5000   -7.5000   45.0000 8437.8105   13.6957
   -7.5000    0.0000   45.0000 8891.3154   13.6347
    0.0000    0.0000   45.0000 8979.6182   13.6424
    7.5000    0.0000   45.0000 8563.5430   13.6580
   -7.5000    7.5000   45.0000 8399.4102   13.6296
    0.0000    7.5000   45.0000 8477.2041   13.6358
    7.5000    7.5000   45.0000 8083.0913   13.6474
   -7.5000   15.0000   45.0000 8171.2539   13.6706
    0.0000   15.0000   45.0000 8231.5547   13.6749
    7.5000   15.0000   45.0000 7841.7920   13.6829
   -7.5000   22.5000   45.0000 7549.4175   13.5305
    0.0000   22.5000   45.0000 7618.0059   13.5340
    7.5000   22.5000   45.0000 7239.2295   13.5426
   -7.5000   30.0000   45.0000 6922.6206   13.2142
    0.0000   30.0000   45.0000 6994.3569   13.2190
    7.5000   30.0000   45.0000 6640.8511   13.2313
   -7.5000   37.5000   45.0000 6240.9106   12.8016
    0.0000   37.5000   45.0000 6298.5659   12.8081
    7.5000   37.5000   45.0000 5981.9658   12.8230
   -7.5000   45.0000   45.0000 5643.6201   12.6933
    0.0000   45.0000   45.0000 5702.5029   12.7003
    7.5000   45.0000   45.0000 5403.5059   12.7149

---------------------------------------------------------------------
imgreg_4dfp /opt/freesurfer/average/711-2C_as_mni_average_305 /opt/freesurfer/average/711-2B_as_mni_average_305_mask talsrcimg_g11 none talsrcimg_to_711-2C_as_mni_average_305_t4 4355
---------------------------------------------------------------------

freesurfer imgreg_4dfp.c
/opt/freesurfer/average/711-2C_as_mni_average_305.4dfp.img
       256       256       256         1
  1.000000  1.000000  1.000000
orientation T byte_order littleendian
Reading image: /opt/freesurfer/average/711-2C_as_mni_average_305.4dfp.img
dimensions:      256       256       256
mmppix:       1.0000   -1.0000   -1.0000
center:     128.0000 -129.0000 -129.0000
/opt/freesurfer/average/711-2B_as_mni_average_305_mask.4dfp.img
       256       256       256         1
  1.000000  1.000000  1.000000
orientation T byte_order littleendian
Reading mask: /opt/freesurfer/average/711-2B_as_mni_average_305_mask.4dfp.img (2306576 pixels)
talsrcimg_g11.4dfp.img
       256       256       256         1
  0.898438  0.898438  0.898438
orientation T byte_order littleendian
Reading image: talsrcimg_g11.4dfp.img
dimensions:      256       256       256
mmppix:       0.8984   -0.8984   -0.8984
center:     115.0001 -115.8985 -115.8985
rotation matrix determinant  1.000000
image alignment mode   4355 decimal     1103 hex
   -7.5000  -52.5000  -30.0000 2180.0393   13.1484
    0.0000  -52.5000  -30.0000 2198.3962   13.0576
    7.5000  -52.5000  -30.0000 2183.1582   13.1279
   -7.5000  -45.0000  -30.0000 2317.7400   12.1123
    0.0000  -45.0000  -30.0000 2333.3572   12.0064
    7.5000  -45.0000  -30.0000 2316.6755   12.0906
   -7.5000  -37.5000  -30.0000 2397.1973   11.2984
    0.0000  -37.5000  -30.0000 2410.6365   11.2146
    7.5000  -37.5000  -30.0000 2394.4290   11.2882
   -7.5000  -30.0000  -30.0000 2442.0046   10.6815
    0.0000  -30.0000  -30.0000 2456.7017   10.5941
    7.5000  -30.0000  -30.0000 2436.4014   10.6890
   -7.5000  -22.5000  -30.0000 2482.2368   10.2193
    0.0000  -22.5000  -30.0000 2496.7434   10.1130
    7.5000  -22.5000  -30.0000 2472.9846   10.2453
   -7.5000  -15.0000  -30.0000 2506.8076    9.9420
    0.0000  -15.0000  -30.0000 2520.3586    9.8561
    7.5000  -15.0000  -30.0000 2496.5801    9.9448
   -7.5000   -7.5000  -30.0000 2514.1206    9.8876
    0.0000   -7.5000  -30.0000 2524.4841    9.7777
    7.5000   -7.5000  -30.0000 2504.4043    9.8885
   -7.5000    0.0000  -30.0000 2501.6455   10.0093
    0.0000    0.0000  -30.0000 2517.4341    9.9146
    7.5000    0.0000  -30.0000 2494.4707   10.0232
   -7.5000    7.5000  -30.0000 2470.6499   10.3183
    0.0000    7.5000  -30.0000 2491.3481   10.2191
    7.5000    7.5000  -30.0000 2466.3259   10.3448
   -7.5000   15.0000  -30.0000 2417.1086   10.8240
    0.0000   15.0000  -30.0000 2441.0608   10.7446
    7.5000   15.0000  -30.0000 2416.0798   10.8517
   -7.5000   22.5000  -30.0000 2341.8708   11.5667
    0.0000   22.5000  -30.0000 2367.3777   11.4778
    7.5000   22.5000  -30.0000 2345.7773   11.5979
   -7.5000   30.0000  -30.0000 2244.4954   12.5638
    0.0000   30.0000  -30.0000 2270.1609   12.4907
    7.5000   30.0000  -30.0000 2248.0750   12.6036
   -7.5000   37.5000  -30.0000 2113.8635   13.8237
    0.0000   37.5000  -30.0000 2135.0276   13.7542
    7.5000   37.5000  -30.0000 2110.9785   13.8403
   -7.5000  -52.5000  -22.5000 2282.7476   12.7566
    0.0000  -52.5000  -22.5000 2298.4297   12.6288
    7.5000  -52.5000  -22.5000 2282.2786   12.7189
   -7.5000  -45.0000  -22.5000 2427.7649   11.6873
    0.0000  -45.0000  -22.5000 2442.9331   11.5632
    7.5000  -45.0000  -22.5000 2422.8486   11.6600
   -7.5000  -37.5000  -22.5000 2510.8679   10.8757
    0.0000  -37.5000  -22.5000 2526.7339   10.7621
    7.5000  -37.5000  -22.5000 2507.7466   10.8547
   -7.5000  -30.0000  -22.5000 2561.8254   10.2562
    0.0000  -30.0000  -22.5000 2576.8162   10.1533
    7.5000  -30.0000  -22.5000 2556.8125   10.2485
   -7.5000  -22.5000  -22.5000 2610.7507    9.8095
    0.0000  -22.5000  -22.5000 2631.7839    9.7100
    7.5000  -22.5000  -22.5000 2608.1792    9.8080
   -7.5000  -15.0000  -22.5000 2650.2344    9.5107
    0.0000  -15.0000  -22.5000 2672.6699    9.3982
    7.5000  -15.0000  -22.5000 2643.3079    9.5043
   -7.5000   -7.5000  -22.5000 2666.0159    9.4154
    0.0000   -7.5000  -22.5000 2684.0312    9.2997
    7.5000   -7.5000  -22.5000 2660.9463    9.4247
   -7.5000    0.0000  -22.5000 2654.6057    9.5567
    0.0000    0.0000  -22.5000 2677.3074    9.4419
    7.5000    0.0000  -22.5000 2648.5833    9.5633
   -7.5000    7.5000  -22.5000 2627.5898    9.8930
    0.0000    7.5000  -22.5000 2652.3103    9.7652
    7.5000    7.5000  -22.5000 2622.0767    9.8838
   -7.5000   15.0000  -22.5000 2566.0791   10.3876
    0.0000   15.0000  -22.5000 2591.8347   10.2582
    7.5000   15.0000  -22.5000 2565.0671   10.3814
   -7.5000   22.5000  -22.5000 2480.4507   11.1126
    0.0000   22.5000  -22.5000 2505.6624   10.9835
    7.5000   22.5000  -22.5000 2484.0522   11.1107
   -7.5000   30.0000  -22.5000 2373.7046   12.1046
    0.0000   30.0000  -22.5000 2396.4148   11.9848
    7.5000   30.0000  -22.5000 2378.8750   12.1224
   -7.5000   37.5000  -22.5000 2233.3069   13.2866
    0.0000   37.5000  -22.5000 2257.5845   13.1829
    7.5000   37.5000  -22.5000 2235.5425   13.3095
   -7.5000  -52.5000  -15.0000 2350.9138   12.2651
    0.0000  -52.5000  -15.0000 2367.1162   12.1491
    7.5000  -52.5000  -15.0000 2350.6116   12.2624
   -7.5000  -45.0000  -15.0000 2500.3562   11.1914
    0.0000  -45.0000  -15.0000 2511.1035   11.0756
    7.5000  -45.0000  -15.0000 2495.7598   11.1855
   -7.5000  -37.5000  -15.0000 2589.8481   10.3730
    0.0000  -37.5000  -15.0000 2607.4763   10.2613
    7.5000  -37.5000  -15.0000 2591.6353   10.3657
   -7.5000  -30.0000  -15.0000 2649.0125    9.7755
    0.0000  -30.0000  -15.0000 2671.8342    9.6616
    7.5000  -30.0000  -15.0000 2653.0818    9.7627
   -7.5000  -22.5000  -15.0000 2708.7463    9.3511
    0.0000  -22.5000  -15.0000 2739.8279    9.2505
    7.5000  -22.5000  -15.0000 2713.7405    9.3470
   -7.5000  -15.0000  -15.0000 2760.6079    9.0407
    0.0000  -15.0000  -15.0000 2792.0996    8.9292
    7.5000  -15.0000  -15.0000 2761.9199    9.0408
   -7.5000   -7.5000  -15.0000 2786.9905    8.9327
    0.0000   -7.5000  -15.0000 2816.2468    8.7858
    7.5000   -7.5000  -15.0000 2784.5518    8.9192
   -7.5000    0.0000  -15.0000 2783.5359    9.0600
    0.0000    0.0000  -15.0000 2812.9937    8.9129
    7.5000    0.0000  -15.0000 2778.6804    9.0470
   -7.5000    7.5000  -15.0000 2752.4180    9.3873
    0.0000    7.5000  -15.0000 2783.5640    9.2504
    7.5000    7.5000  -15.0000 2750.1357    9.3771
   -7.5000   15.0000  -15.0000 2683.7205    9.8890
    0.0000   15.0000  -15.0000 2710.0437    9.7600
    7.5000   15.0000  -15.0000 2684.8447    9.8769
   -7.5000   22.5000  -15.0000 2590.7410   10.6165
    0.0000   22.5000  -15.0000 2613.8967   10.4890
    7.5000   22.5000  -15.0000 2591.6125   10.6071
   -7.5000   30.0000  -15.0000 2473.2856   11.5867
    0.0000   30.0000  -15.0000 2497.7388   11.4657
    7.5000   30.0000  -15.0000 2477.7388   11.6050
   -7.5000   37.5000  -15.0000 2323.0312   12.7355
    0.0000   37.5000  -15.0000 2348.2698   12.6167
    7.5000   37.5000  -15.0000 2328.4958   12.7794
   -7.5000  -52.5000   -7.5000 2381.1548   11.7822
    0.0000  -52.5000   -7.5000 2398.8230   11.6622
    7.5000  -52.5000   -7.5000 2382.2051   11.7626
   -7.5000  -45.0000   -7.5000 2528.2603   10.7036
    0.0000  -45.0000   -7.5000 2546.7712   10.5824
    7.5000  -45.0000   -7.5000 2534.6641   10.6947
   -7.5000  -37.5000   -7.5000 2631.8647    9.8703
    0.0000  -37.5000   -7.5000 2650.9004    9.7611
    7.5000  -37.5000   -7.5000 2634.6843    9.8549
   -7.5000  -30.0000   -7.5000 2709.6426    9.2890
    0.0000  -30.0000   -7.5000 2734.0962    9.1863
    7.5000  -30.0000   -7.5000 2716.5823    9.2696
   -7.5000  -22.5000   -7.5000 2778.6111    8.8842
    0.0000  -22.5000   -7.5000 2808.8953    8.7913
    7.5000  -22.5000   -7.5000 2787.7969    8.8646
   -7.5000  -15.0000   -7.5000 2838.4673    8.6012
    0.0000  -15.0000   -7.5000 2877.5361    8.4793
    7.5000  -15.0000   -7.5000 2844.3008    8.5750
   -7.5000   -7.5000   -7.5000 2868.6558    8.4627
    0.0000   -7.5000   -7.5000 2906.9968    8.3227
    7.5000   -7.5000   -7.5000 2875.0945    8.4466
   -7.5000    0.0000   -7.5000 2867.5271    8.5579
    0.0000    0.0000   -7.5000 2901.4561    8.4217
    7.5000    0.0000   -7.5000 2867.9717    8.5635
   -7.5000    7.5000   -7.5000 2825.0364    8.8806
    0.0000    7.5000   -7.5000 2862.6765    8.7392
    7.5000    7.5000   -7.5000 2830.8860    8.8777
   -7.5000   15.0000   -7.5000 2755.3391    9.3888
    0.0000   15.0000   -7.5000 2786.8977    9.2560
    7.5000   15.0000   -7.5000 2761.2151    9.3767
   -7.5000   22.5000   -7.5000 2654.3914   10.1065
    0.0000   22.5000   -7.5000 2683.2791    9.9859
    7.5000   22.5000   -7.5000 2656.2175   10.1232
   -7.5000   30.0000   -7.5000 2530.6531   11.0702
    0.0000   30.0000   -7.5000 2558.6680   10.9414
    7.5000   30.0000   -7.5000 2530.8381   11.0944
   -7.5000   37.5000   -7.5000 2369.3057   12.1787
    0.0000   37.5000   -7.5000 2395.7649   12.0476
    7.5000   37.5000   -7.5000 2376.8025   12.2224
   -7.5000  -52.5000    0.0000 2407.6084   11.5696
    0.0000  -52.5000    0.0000 2422.7859   11.4205
    7.5000  -52.5000    0.0000 2413.6025   11.5641
   -7.5000  -45.0000    0.0000 2554.5159   10.4720
    0.0000  -45.0000    0.0000 2570.9998   10.3418
    7.5000  -45.0000    0.0000 2565.0034   10.4565
   -7.5000  -37.5000    0.0000 2667.2732    9.6252
    0.0000  -37.5000    0.0000 2690.0312    9.5107
    7.5000  -37.5000    0.0000 2674.8306    9.5982
   -7.5000  -30.0000    0.0000 2759.7163    9.0226
    0.0000  -30.0000    0.0000 2780.3865    8.9170
    7.5000  -30.0000    0.0000 2764.4885    9.0025
   -7.5000  -22.5000    0.0000 2843.7888    8.6153
    0.0000  -22.5000    0.0000 2876.1765    8.5154
    7.5000  -22.5000    0.0000 2849.0447    8.5829
   -7.5000  -15.0000    0.0000 2916.6558    8.3770
    0.0000  -15.0000    0.0000 2962.0596    8.2772
    7.5000  -15.0000    0.0000 2928.5500    8.3314
   -7.5000   -7.5000    0.0000 2950.7063    8.2438
    0.0000   -7.5000    0.0000 3000.7090    8.1289
    7.5000   -7.5000    0.0000 2956.9565    8.2285
   -7.5000    0.0000    0.0000 2937.9221    8.2883
    0.0000    0.0000    0.0000 2978.9644    8.1509
    7.5000    0.0000    0.0000 2941.2288    8.2966
   -7.5000    7.5000    0.0000 2891.4019    8.5665
    0.0000    7.5000    0.0000 2925.3767    8.4445
    7.5000    7.5000    0.0000 2895.1272    8.5845
   -7.5000   15.0000    0.0000 2812.3130    9.0965
    0.0000   15.0000    0.0000 2848.4504    8.9659
    7.5000   15.0000    0.0000 2821.6421    9.1084
   -7.5000   22.5000    0.0000 2700.1719    9.8390
    0.0000   22.5000    0.0000 2736.0833    9.7078
    7.5000   22.5000    0.0000 2712.1294    9.8530
   -7.5000   30.0000    0.0000 2574.5942   10.8013
    0.0000   30.0000    0.0000 2605.0034   10.6628
    7.5000   30.0000    0.0000 2576.9614   10.8237
   -7.5000   37.5000    0.0000 2411.8918   11.9147
    0.0000   37.5000    0.0000 2439.8821   11.7672
    7.5000   37.5000    0.0000 2415.2751   11.9317
   -7.5000  -52.5000    7.5000 2414.0476   11.3802
    0.0000  -52.5000    7.5000 2430.7017   11.2387
    7.5000  -52.5000    7.5000 2422.7349   11.4039
   -7.5000  -45.0000    7.5000 2565.0579   10.3177
    0.0000  -45.0000    7.5000 2577.3909   10.1847
    7.5000  -45.0000    7.5000 2566.2117   10.3152
   -7.5000  -37.5000    7.5000 2682.9678    9.4454
    0.0000  -37.5000    7.5000 2693.6758    9.3411
    7.5000  -37.5000    7.5000 2681.6868    9.4601
   -7.5000  -30.0000    7.5000 2777.1455    8.8467
    0.0000  -30.0000    7.5000 2794.6384    8.7564
    7.5000  -30.0000    7.5000 2783.4937    8.8446
   -7.5000  -22.5000    7.5000 2873.9102    8.4576
    0.0000  -22.5000    7.5000 2909.1123    8.3618
    7.5000  -22.5000    7.5000 2880.1511    8.4280
   -7.5000  -15.0000    7.5000 2962.9890    8.2690
    0.0000  -15.0000    7.5000 3019.8821    8.2107
    7.5000  -15.0000    7.5000 2973.5857    8.2045
   -7.5000   -7.5000    7.5000 3000.1589    8.1534
    0.0000   -7.5000    7.5000 3063.6650    8.1280
    7.5000   -7.5000    7.5000 3006.1487    8.1267
   -7.5000    0.0000    7.5000 2972.5552    8.1714
    0.0000    0.0000    7.5000 3020.4883    8.0875
    7.5000    0.0000    7.5000 2979.3054    8.1689
   -7.5000    7.5000    7.5000 2918.9326    8.3776
    0.0000    7.5000    7.5000 2957.4277    8.2539
    7.5000    7.5000    7.5000 2919.6760    8.3930
   -7.5000   15.0000    7.5000 2830.3853    8.8816
    0.0000   15.0000    7.5000 2869.9653    8.7600
    7.5000   15.0000    7.5000 2842.8599    8.8839
   -7.5000   22.5000    7.5000 2715.7446    9.6357
    0.0000   22.5000    7.5000 2748.1252    9.4990
    7.5000   22.5000    7.5000 2725.8425    9.6365
   -7.5000   30.0000    7.5000 2583.5774   10.6167
    0.0000   30.0000    7.5000 2615.7502   10.4709
    7.5000   30.0000    7.5000 2593.3376   10.6073
   -7.5000   37.5000    7.5000 2420.1570   11.7136
    0.0000   37.5000    7.5000 2449.3582   11.5743
    7.5000   37.5000    7.5000 2425.4629   11.7108
   -7.5000  -52.5000   15.0000 2412.9343   11.3960
    0.0000  -52.5000   15.0000 2435.1665   11.2343
    7.5000  -52.5000   15.0000 2422.2488   11.4122
   -7.5000  -45.0000   15.0000 2561.9995   10.3232
    0.0000  -45.0000   15.0000 2575.1711   10.1709
    7.5000  -45.0000   15.0000 2564.3044   10.3149
   -7.5000  -37.5000   15.0000 2679.7324    9.4656
    0.0000  -37.5000   15.0000 2693.5461    9.3522
    7.5000  -37.5000   15.0000 2681.0654    9.4818
   -7.5000  -30.0000   15.0000 2785.1819    8.8456
    0.0000  -30.0000   15.0000 2801.9590    8.7767
    7.5000  -30.0000   15.0000 2787.8694    8.8731
   -7.5000  -22.5000   15.0000 2881.8816    8.4741
    0.0000  -22.5000   15.0000 2915.4961    8.4200
    7.5000  -22.5000   15.0000 2889.4175    8.4637
   -7.5000  -15.0000   15.0000 2969.3518    8.2625
    0.0000  -15.0000   15.0000 3027.3420    8.2513
    7.5000  -15.0000   15.0000 2976.8049    8.2334
   -7.5000   -7.5000   15.0000 3002.5054    8.1498
    0.0000   -7.5000   15.0000 3068.6465    8.1308
    7.5000   -7.5000   15.0000 3003.2432    8.1295
   -7.5000    0.0000   15.0000 2970.0264    8.2137
    0.0000    0.0000   15.0000 3014.8232    8.1408
    7.5000    0.0000   15.0000 2969.4307    8.1898
   -7.5000    7.5000   15.0000 2914.4163    8.4239
    0.0000    7.5000   15.0000 2955.0977    8.3107
    7.5000    7.5000   15.0000 2914.5200    8.4215
   -7.5000   15.0000   15.0000 2822.7695    8.8778
    0.0000   15.0000   15.0000 2859.6265    8.7743
    7.5000   15.0000   15.0000 2831.7031    8.8918
   -7.5000   22.5000   15.0000 2707.1924    9.5930
    0.0000   22.5000   15.0000 2736.9592    9.4515
    7.5000   22.5000   15.0000 2717.3184    9.5836
   -7.5000   30.0000   15.0000 2575.9426   10.5477
    0.0000   30.0000   15.0000 2602.3091   10.3854
    7.5000   30.0000   15.0000 2584.5427   10.5193
   -7.5000   37.5000   15.0000 2411.6831   11.6441
    0.0000   37.5000   15.0000 2439.1228   11.4796
    7.5000   37.5000   15.0000 2418.2253   11.6314
   -7.5000  -52.5000   22.5000 2399.2822   11.5867
    0.0000  -52.5000   22.5000 2419.5769   11.4287
    7.5000  -52.5000   22.5000 2405.5896   11.6103
   -7.5000  -45.0000   22.5000 2546.0276   10.5083
    0.0000  -45.0000   22.5000 2563.0513   10.3642
    7.5000  -45.0000   22.5000 2552.1155   10.5302
   -7.5000  -37.5000   22.5000 2666.2061    9.6488
    0.0000  -37.5000   22.5000 2684.0229    9.5319
    7.5000  -37.5000   22.5000 2668.3245    9.6690
   -7.5000  -30.0000   22.5000 2774.0833    9.0302
    0.0000  -30.0000   22.5000 2796.7275    8.9240
    7.5000  -30.0000   22.5000 2778.8745    9.0499
   -7.5000  -22.5000   22.5000 2866.3865    8.6121
    0.0000  -22.5000   22.5000 2897.4065    8.5452
    7.5000  -22.5000   22.5000 2871.7163    8.6140
   -7.5000  -15.0000   22.5000 2938.4678    8.3505
    0.0000  -15.0000   22.5000 2988.2122    8.2958
    7.5000  -15.0000   22.5000 2951.1440    8.3320
   -7.5000   -7.5000   22.5000 2960.9316    8.2533
    0.0000   -7.5000   22.5000 3013.4036    8.1517
    7.5000   -7.5000   22.5000 2967.0164    8.2355
   -7.5000    0.0000   22.5000 2931.3386    8.3570
    0.0000    0.0000   22.5000 2973.8977    8.2302
    7.5000    0.0000   22.5000 2935.0720    8.3375
   -7.5000    7.5000   22.5000 2877.2153    8.6304
    0.0000    7.5000   22.5000 2915.7954    8.5005
    7.5000    7.5000   22.5000 2881.8865    8.6147
   -7.5000   15.0000   22.5000 2782.5996    9.0970
    0.0000   15.0000   22.5000 2816.2878    8.9779
    7.5000   15.0000   22.5000 2793.4067    9.0983
   -7.5000   22.5000   22.5000 2672.7888    9.7759
    0.0000   22.5000   22.5000 2700.6792    9.6446
    7.5000   22.5000   22.5000 2685.2859    9.7764
   -7.5000   30.0000   22.5000 2545.0591   10.6537
    0.0000   30.0000   22.5000 2567.6589   10.4988
    7.5000   30.0000   22.5000 2552.0591   10.6482
   -7.5000   37.5000   22.5000 2383.4106   11.7167
    0.0000   37.5000   22.5000 2407.1426   11.5542
    7.5000   37.5000   22.5000 2390.9531   11.6961
   -7.5000  -52.5000   30.0000 2374.6865   11.8988
    0.0000  -52.5000   30.0000 2398.5879   11.7144
    7.5000  -52.5000   30.0000 2382.8250   11.9081
   -7.5000  -45.0000   30.0000 2524.4937   10.8345
    0.0000  -45.0000   30.0000 2546.0889   10.6518
    7.5000  -45.0000   30.0000 2529.7122   10.8276
   -7.5000  -37.5000   30.0000 2643.7935    9.9626
    0.0000  -37.5000   30.0000 2666.4534    9.8208
    7.5000  -37.5000   30.0000 2651.2639    9.9850
   -7.5000  -30.0000   30.0000 2746.5737    9.3336
    0.0000  -30.0000   30.0000 2769.9380    9.2158
    7.5000  -30.0000   30.0000 2754.7832    9.3625
   -7.5000  -22.5000   30.0000 2830.4109    8.8772
    0.0000  -22.5000   30.0000 2859.6328    8.7895
    7.5000  -22.5000   30.0000 2837.2273    8.8869
   -7.5000  -15.0000   30.0000 2881.7266    8.5974
    0.0000  -15.0000   30.0000 2924.9504    8.4876
    7.5000  -15.0000   30.0000 2896.3806    8.5898
   -7.5000   -7.5000   30.0000 2902.8340    8.5059
    0.0000   -7.5000   30.0000 2946.8201    8.3926
    7.5000   -7.5000   30.0000 2910.7190    8.5095
   -7.5000    0.0000   30.0000 2872.4436    8.6615
    0.0000    0.0000   30.0000 2909.8579    8.5558
    7.5000    0.0000   30.0000 2879.2710    8.6584
   -7.5000    7.5000   30.0000 2812.7571    8.9598
    0.0000    7.5000   30.0000 2848.1763    8.8378
    7.5000    7.5000   30.0000 2821.2661    8.9474
   -7.5000   15.0000   30.0000 2727.4119    9.4372
    0.0000   15.0000   30.0000 2760.0945    9.3143
    7.5000   15.0000   30.0000 2735.0859    9.4394
   -7.5000   22.5000   30.0000 2622.4729   10.0944
    0.0000   22.5000   30.0000 2648.8101    9.9695
    7.5000   22.5000   30.0000 2632.6907   10.1055
   -7.5000   30.0000   30.0000 2502.3196   10.9449
    0.0000   30.0000   30.0000 2522.9019   10.8004
    7.5000   30.0000   30.0000 2507.1301   10.9430
   -7.5000   37.5000   30.0000 2339.0483   11.9593
    0.0000   37.5000   30.0000 2358.1135   11.8004
    7.5000   37.5000   30.0000 2346.6738   11.9574
   -7.5000  -52.5000   37.5000 2343.6062   12.3354
    0.0000  -52.5000   37.5000 2373.5137   12.1219
    7.5000  -52.5000   37.5000 2354.9343   12.3457
   -7.5000  -45.0000   37.5000 2494.4993   11.2586
    0.0000  -45.0000   37.5000 2519.6560   11.0586
    7.5000  -45.0000   37.5000 2501.2952   11.2567
   -7.5000  -37.5000   37.5000 2610.1619   10.3893
    0.0000  -37.5000   37.5000 2640.4187   10.2204
    7.5000  -37.5000   37.5000 2619.2102   10.3934
   -7.5000  -30.0000   37.5000 2706.8306    9.7512
    0.0000  -30.0000   37.5000 2737.1594    9.6269
    7.5000  -30.0000   37.5000 2713.1143    9.7667
   -7.5000  -22.5000   37.5000 2782.5459    9.2857
    0.0000  -22.5000   37.5000 2811.8391    9.1650
    7.5000  -22.5000   37.5000 2788.0581    9.3041
   -7.5000  -15.0000   37.5000 2823.1726    8.9892
    0.0000  -15.0000   37.5000 2863.8254    8.8520
    7.5000  -15.0000   37.5000 2836.8223    8.9898
   -7.5000   -7.5000   37.5000 2829.0999    8.9066
    0.0000   -7.5000   37.5000 2869.5276    8.7979
    7.5000   -7.5000   37.5000 2838.3657    8.9348
   -7.5000    0.0000   37.5000 2794.1304    9.0861
    0.0000    0.0000   37.5000 2829.4961    8.9915
    7.5000    0.0000   37.5000 2805.4861    9.0990
   -7.5000    7.5000   37.5000 2735.8960    9.4070
    0.0000    7.5000   37.5000 2763.1602    9.2887
    7.5000    7.5000   37.5000 2740.2480    9.4076
   -7.5000   15.0000   37.5000 2658.9424    9.8773
    0.0000   15.0000   37.5000 2686.1631    9.7493
    7.5000   15.0000   37.5000 2663.9355    9.8815
   -7.5000   22.5000   37.5000 2559.5681   10.5272
    0.0000   22.5000   37.5000 2582.3589   10.4082
    7.5000   22.5000   37.5000 2564.9487   10.5369
   -7.5000   30.0000   37.5000 2441.3411   11.3828
    0.0000   30.0000   37.5000 2464.3167   11.2433
    7.5000   30.0000   37.5000 2446.8508   11.3883
   -7.5000   37.5000   37.5000 2276.3777   12.4196
    0.0000   37.5000   37.5000 2293.7092   12.2697
    7.5000   37.5000   37.5000 2283.6194   12.4182
   -7.5000  -52.5000   45.0000 2285.6221   12.8482
    0.0000  -52.5000   45.0000 2317.3870   12.6281
    7.5000  -52.5000   45.0000 2300.2749   12.8481
   -7.5000  -45.0000   45.0000 2427.9382   11.7666
    0.0000  -45.0000   45.0000 2458.9426   11.5500
    7.5000  -45.0000   45.0000 2438.5747   11.7420
   -7.5000  -37.5000   45.0000 2539.2502   10.8591
    0.0000  -37.5000   45.0000 2572.4839   10.6937
    7.5000  -37.5000   45.0000 2547.1316   10.8737
   -7.5000  -30.0000   45.0000 2627.9043   10.2268
    0.0000  -30.0000   45.0000 2661.2966   10.0703
    7.5000  -30.0000   45.0000 2631.9148   10.2216
   -7.5000  -22.5000   45.0000 2690.7334    9.7599
    0.0000  -22.5000   45.0000 2726.7559    9.6116
    7.5000  -22.5000   45.0000 2700.7319    9.7555
   -7.5000  -15.0000   45.0000 2725.9253    9.4485
    0.0000  -15.0000   45.0000 2763.3870    9.3048
    7.5000  -15.0000   45.0000 2736.4316    9.4623
   -7.5000   -7.5000   45.0000 2723.8923    9.4003
    0.0000   -7.5000   45.0000 2758.6326    9.2846
    7.5000   -7.5000   45.0000 2735.9673    9.4169
   -7.5000    0.0000   45.0000 2690.5276    9.5898
    0.0000    0.0000   45.0000 2722.0037    9.4731
    7.5000    0.0000   45.0000 2699.4253    9.6074
   -7.5000    7.5000   45.0000 2634.4675    9.9045
    0.0000    7.5000   45.0000 2657.4160    9.7779
    7.5000    7.5000   45.0000 2637.6323    9.9069
   -7.5000   15.0000   45.0000 2562.1155   10.3480
    0.0000   15.0000   45.0000 2581.0676   10.2353
    7.5000   15.0000   45.0000 2562.6453   10.3817
   -7.5000   22.5000   45.0000 2465.1567   11.0199
    0.0000   22.5000   45.0000 2486.5615   10.8881
    7.5000   22.5000   45.0000 2467.0178   11.0252
   -7.5000   30.0000   45.0000 2350.2571   11.8914
    0.0000   30.0000   45.0000 2371.9263   11.7637
    7.5000   30.0000   45.0000 2356.5481   11.8970
   -7.5000   37.5000   45.0000 2186.1633   12.9422
    0.0000   37.5000   45.0000 2202.2341   12.8155
    7.5000   37.5000   45.0000 2191.0845   12.9515
   -7.5000  -52.5000   52.5000 2203.5601   13.3873
    0.0000  -52.5000   52.5000 2241.6272   13.1644
    7.5000  -52.5000   52.5000 2224.5872   13.3495
   -7.5000  -45.0000   52.5000 2340.3457   12.2786
    0.0000  -45.0000   52.5000 2372.3318   12.0661
    7.5000  -45.0000   52.5000 2355.4622   12.2586
   -7.5000  -37.5000   52.5000 2440.9939   11.3617
    0.0000  -37.5000   52.5000 2473.2478   11.1766
    7.5000  -37.5000   52.5000 2451.6479   11.3516
   -7.5000  -30.0000   52.5000 2516.5427   10.6950
    0.0000  -30.0000   52.5000 2550.9224   10.5381
    7.5000  -30.0000   52.5000 2527.3330   10.6973
   -7.5000  -22.5000   52.5000 2567.8418   10.2606
    0.0000  -22.5000   52.5000 2605.4229   10.0804
    7.5000  -22.5000   52.5000 2582.2632   10.2358
   -7.5000  -15.0000   52.5000 2599.9326    9.9479
    0.0000  -15.0000   52.5000 2630.5049    9.7977
    7.5000  -15.0000   52.5000 2606.8506    9.9449
   -7.5000   -7.5000   52.5000 2599.8494    9.8779
    0.0000   -7.5000   52.5000 2629.0874    9.7412
    7.5000   -7.5000   52.5000 2608.3777    9.8796
   -7.5000    0.0000   52.5000 2566.2864   10.0656
    0.0000    0.0000   52.5000 2596.0220    9.9386
    7.5000    0.0000   52.5000 2577.4666   10.0624
   -7.5000    7.5000   52.5000 2511.2146   10.4007
    0.0000    7.5000   52.5000 2537.2974   10.2651
    7.5000    7.5000   52.5000 2520.7554   10.3856
   -7.5000   15.0000   52.5000 2442.7996   10.8538
    0.0000   15.0000   52.5000 2465.0100   10.7249
    7.5000   15.0000   52.5000 2448.3630   10.8654
   -7.5000   22.5000   52.5000 2350.2527   11.5159
    0.0000   22.5000   52.5000 2370.1040   11.3913
    7.5000   22.5000   52.5000 2353.8965   11.5124
   -7.5000   30.0000   52.5000 2233.2275   12.4100
    0.0000   30.0000   52.5000 2252.7327   12.2697
    7.5000   30.0000   52.5000 2240.6873   12.3769
   -7.5000   37.5000   52.5000 2073.7905   13.4740
    0.0000   37.5000   52.5000 2093.9731   13.3325
    7.5000   37.5000   52.5000 2078.8958   13.4380
   -7.5000  -52.5000   60.0000 2145.6753   14.3340
    0.0000  -52.5000   60.0000 2182.5188   14.1125
    7.5000  -52.5000   60.0000 2170.8071   14.2548
   -7.5000  -45.0000   60.0000 2278.6643   13.1506
    0.0000  -45.0000   60.0000 2308.1528   12.9708
    7.5000  -45.0000   60.0000 2294.1562   13.1225
   -7.5000  -37.5000   60.0000 2374.1045   12.2106
    0.0000  -37.5000   60.0000 2405.6868   12.0469
    7.5000  -37.5000   60.0000 2387.4272   12.1903
   -7.5000  -30.0000   60.0000 2440.4922   11.5168
    0.0000  -30.0000   60.0000 2473.5369   11.3398
    7.5000  -30.0000   60.0000 2453.5720   11.4994
   -7.5000  -22.5000   60.0000 2478.7070   11.0555
    0.0000  -22.5000   60.0000 2514.8853   10.8815
    7.5000  -22.5000   60.0000 2497.2634   11.0411
   -7.5000  -15.0000   60.0000 2503.9006   10.7290
    0.0000  -15.0000   60.0000 2530.7966   10.5740
    7.5000  -15.0000   60.0000 2513.2043   10.7182
   -7.5000   -7.5000   60.0000 2505.8059   10.6543
    0.0000   -7.5000   60.0000 2528.3992   10.4984
    7.5000   -7.5000   60.0000 2516.3103   10.6111
   -7.5000    0.0000   60.0000 2477.3384   10.8359
    0.0000    0.0000   60.0000 2502.8564   10.6852
    7.5000    0.0000   60.0000 2487.1265   10.7821
   -7.5000    7.5000   60.0000 2424.5647   11.1670
    0.0000    7.5000   60.0000 2449.8896   11.0432
    7.5000    7.5000   60.0000 2433.5713   11.1487
   -7.5000   15.0000   60.0000 2353.3093   11.6472
    0.0000   15.0000   60.0000 2374.5510   11.4950
    7.5000   15.0000   60.0000 2362.5017   11.6266
   -7.5000   22.5000   60.0000 2257.8101   12.3368
    0.0000   22.5000   60.0000 2278.6958   12.1972
    7.5000   22.5000   60.0000 2268.9807   12.3099
   -7.5000   30.0000   60.0000 2142.1680   13.2761
    0.0000   30.0000   60.0000 2163.7756   13.1264
    7.5000   30.0000   60.0000 2153.3982   13.2340
   -7.5000   37.5000   60.0000 1995.0922   14.3816
    0.0000   37.5000   60.0000 2011.6652   14.2431
    7.5000   37.5000   60.0000 1999.3569   14.3581

---------------------------------------------------------------------
imgreg_4dfp /opt/freesurfer/average/711-2C_as_mni_average_305 /opt/freesurfer/average/711-2B_as_mni_average_305_mask talsrcimg_g11 none talsrcimg_to_711-2C_as_mni_average_305_t4 1283
---------------------------------------------------------------------

freesurfer imgreg_4dfp.c
/opt/freesurfer/average/711-2C_as_mni_average_305.4dfp.img
       256       256       256         1
  1.000000  1.000000  1.000000
orientation T byte_order littleendian
Reading image: /opt/freesurfer/average/711-2C_as_mni_average_305.4dfp.img
dimensions:      256       256       256
mmppix:       1.0000   -1.0000   -1.0000
center:     128.0000 -129.0000 -129.0000
/opt/freesurfer/average/711-2B_as_mni_average_305_mask.4dfp.img
       256       256       256         1
  1.000000  1.000000  1.000000
orientation T byte_order littleendian
Reading mask: /opt/freesurfer/average/711-2B_as_mni_average_305_mask.4dfp.img (2306576 pixels)
talsrcimg_g11.4dfp.img
       256       256       256         1
  0.898438  0.898438  0.898438
orientation T byte_order littleendian
Reading image: talsrcimg_g11.4dfp.img
dimensions:      256       256       256
mmppix:       0.8984   -0.8984   -0.8984
center:     115.0001 -115.8985 -115.8985
rotation matrix determinant  1.000000
fimgreg.f
image alignment mode   1283 decimal      503 hex
parameters
    0.0000   -7.5000   15.0000    0.0000    0.0000    0.0000
eta,q 0.96141  8.15486
niter,ni,del,rscale     5    3   12.0000    1.2000
parameter  3  0.918424 ->  0.500000 qaram    1.1500
parameters
    0.0374   -9.0669   11.5500    1.5238   -2.8172    0.3415
eta,q 0.96838  8.16865
  0.0560  0.0447  0.0354  0.0459  0.0351  0.0390
  0.0479  0.0397  0.0346  0.0418  0.0325  0.0356
  0.0431  0.0389  0.0360  0.0376  0.0317  0.0330
  0.0410  0.0410  0.0392  0.0348  0.0344  0.0317
  0.0433  0.0433  0.0430  0.0346  0.0386  0.0321
  0.0485  0.0458  0.0473  0.0363  0.0442  0.0343
  0.0551  0.0502  0.0526  0.0390  0.0513  0.0378
niter,ni,del,rscale     5    3   12.0000    1.2000
parameters
    0.7635   -9.1535   11.6250    1.7562   -3.3404    0.6201
eta,q 0.96854  8.19240
  0.0547  0.0452  0.0448  0.0414  0.0392  0.0388
  0.0437  0.0363  0.0371  0.0359  0.0351  0.0354
  0.0357  0.0317  0.0320  0.0321  0.0324  0.0328
  0.0316  0.0314  0.0313  0.0314  0.0315  0.0315
  0.0327  0.0344  0.0342  0.0332  0.0335  0.0319
  0.0380  0.0388  0.0381  0.0359  0.0372  0.0343
  0.0458  0.0439  0.0426  0.0390  0.0423  0.0379
niter,ni,del,rscale     4    3   12.0000    1.2000
parameters
    0.9411   -9.2629   11.6161    1.8904   -3.4867    0.7220
eta,q 0.96855  8.19749
  0.0510  0.0454  0.0443  0.0412  0.0402  0.0385
  0.0410  0.0365  0.0371  0.0355  0.0355  0.0352
  0.0341  0.0318  0.0319  0.0319  0.0326  0.0326
  0.0315  0.0315  0.0314  0.0314  0.0315  0.0315
  0.0337  0.0345  0.0342  0.0333  0.0329  0.0320
  0.0400  0.0391  0.0382  0.0360  0.0364  0.0346
  0.0485  0.0443  0.0429  0.0392  0.0409  0.0383
niter,ni,del,rscale     3    3   12.0000    1.2000
parameters
    0.9943   -9.3191   11.6144    1.9467   -3.5318    0.7592
eta,q 0.96856  8.19925
  0.0502  0.0458  0.0442  0.0410  0.0405  0.0384
  0.0404  0.0367  0.0371  0.0353  0.0357  0.0350
  0.0338  0.0319  0.0320  0.0317  0.0326  0.0326
  0.0314  0.0315  0.0314  0.0314  0.0314  0.0314
  0.0340  0.0343  0.0341  0.0334  0.0327  0.0321
  0.0404  0.0390  0.0382  0.0361  0.0361  0.0348
  0.0491  0.0443  0.0428  0.0394  0.0406  0.0385
registration optimization eta report
parameter search radius
    6.0000    6.0000    6.9000    6.0000    6.0000    6.0000
100000*second partial in parameter space
       50.       37.       25.       24.       25.       19.
  0.0502  0.0458  0.0442  0.0410  0.0405  0.0384
  0.0404  0.0367  0.0371  0.0353  0.0357  0.0350
  0.0338  0.0319  0.0320  0.0317  0.0326  0.0326
  0.0314  0.0315  0.0314  0.0314  0.0314  0.0314
  0.0340  0.0343  0.0341  0.0334  0.0327  0.0321
  0.0404  0.0390  0.0382  0.0361  0.0361  0.0348
  0.0491  0.0443  0.0428  0.0394  0.0406  0.0385
    0.9943   -9.3191   11.6144    1.9467   -3.5318    0.7592
eta,q 0.96856  8.19925

---------------------------------------------------------------------
imgreg_4dfp /opt/freesurfer/average/711-2C_as_mni_average_305 /opt/freesurfer/average/711-2B_as_mni_average_305_mask talsrcimg_g11 none talsrcimg_to_711-2C_as_mni_average_305_t4 3335
---------------------------------------------------------------------

freesurfer imgreg_4dfp.c
/opt/freesurfer/average/711-2C_as_mni_average_305.4dfp.img
       256       256       256         1
  1.000000  1.000000  1.000000
orientation T byte_order littleendian
Reading image: /opt/freesurfer/average/711-2C_as_mni_average_305.4dfp.img
dimensions:      256       256       256
mmppix:       1.0000   -1.0000   -1.0000
center:     128.0000 -129.0000 -129.0000
/opt/freesurfer/average/711-2B_as_mni_average_305_mask.4dfp.img
       256       256       256         1
  1.000000  1.000000  1.000000
orientation T byte_order littleendian
Reading mask: /opt/freesurfer/average/711-2B_as_mni_average_305_mask.4dfp.img (2306576 pixels)
talsrcimg_g11.4dfp.img
       256       256       256         1
  0.898438  0.898438  0.898438
orientation T byte_order littleendian
Reading image: talsrcimg_g11.4dfp.img
dimensions:      256       256       256
mmppix:       0.8984   -0.8984   -0.8984
center:     115.0001 -115.8985 -115.8985
fimgreg.f
image alignment mode   3335 decimal      D07 hex
parameters
    0.9943   -9.3191   11.6144   -0.1987   -0.0637   -0.2475
   -1.1150    6.2012    1.3225   -3.3152   -6.1602    3.3906
eta,q 0.96886  8.16849
niter,ni,del,rscale     5    3    5.0000    1.2000
parameter  4  0.616330 ->  0.500000 qaram    1.1500
parameter  5  1.181418 ->  0.500000 qaram    1.1500
parameters
    0.8819   -9.0383   12.1887   -4.3387   -4.2037   -3.4114
   -0.5165    5.6853    1.5236   -3.9190   -9.2043    0.2468
eta,q 0.97313  7.79551
  0.0342  0.0343  0.0337  0.0304  0.0272  0.0280  0.0309  0.0311  0.0295  0.0303  0.0275  0.0274
  0.0324  0.0327  0.0325  0.0302  0.0275  0.0276  0.0292  0.0291  0.0284  0.0285  0.0272  0.0270
  0.0314  0.0316  0.0316  0.0304  0.0286  0.0274  0.0280  0.0277  0.0276  0.0276  0.0271  0.0269
  0.0311  0.0311  0.0311  0.0310  0.0302  0.0277  0.0274  0.0274  0.0274  0.0274  0.0274  0.0271
  0.0317  0.0313  0.0310  0.0321  0.0325  0.0289  0.0276  0.0281  0.0276  0.0280  0.0278  0.0278
  0.0329  0.0319  0.0313  0.0339  0.0353  0.0309  0.0285  0.0299  0.0282  0.0294  0.0285  0.0288
  0.0347  0.0331  0.0321  0.0363  0.0380  0.0338  0.0300  0.0324  0.0293  0.0313  0.0293  0.0300
niter,ni,del,rscale     6    3    5.0000    1.2000
parameters
    0.9005   -9.1997   11.7701   -4.5594   -6.7905   -3.2989
   -0.3767    5.6969    2.3373   -3.4395  -10.0245   -0.1717
eta,q 0.97366  7.70918
  0.0304  0.0295  0.0279  0.0290  0.0283  0.0283  0.0296  0.0306  0.0290  0.0299  0.0273  0.0277
  0.0285  0.0279  0.0272  0.0278  0.0271  0.0274  0.0279  0.0285  0.0277  0.0281  0.0267  0.0269
  0.0273  0.0270  0.0268  0.0271  0.0264  0.0267  0.0268  0.0270  0.0268  0.0269  0.0264  0.0265
  0.0269  0.0269  0.0268  0.0268  0.0268  0.0264  0.0264  0.0264  0.0264  0.0264  0.0264  0.0263
  0.0273  0.0274  0.0272  0.0270  0.0282  0.0263  0.0267  0.0269  0.0265  0.0266  0.0266  0.0265
  0.0284  0.0285  0.0279  0.0278  0.0303  0.0270  0.0278  0.0283  0.0270  0.0276  0.0271  0.0271
  0.0303  0.0302  0.0290  0.0294  0.0334  0.0285  0.0294  0.0307  0.0281  0.0291  0.0278  0.0281
niter,ni,del,rscale     5    3    5.0000    1.2000
parameters
    0.9142   -9.1741   11.9496   -4.4111   -7.2735   -2.9635
   -0.4188    5.7267    2.6814   -3.3231  -10.2656   -0.1235
eta,q 0.97370  7.71244
  0.0299  0.0294  0.0283  0.0286  0.0294  0.0284  0.0294  0.0305  0.0286  0.0294  0.0274  0.0279
  0.0279  0.0277  0.0272  0.0274  0.0281  0.0274  0.0278  0.0284  0.0274  0.0278  0.0268  0.0270
  0.0268  0.0267  0.0266  0.0266  0.0269  0.0267  0.0267  0.0269  0.0266  0.0267  0.0264  0.0265
  0.0263  0.0263  0.0263  0.0263  0.0263  0.0264  0.0263  0.0263  0.0263  0.0263  0.0263  0.0263
  0.0267  0.0267  0.0265  0.0264  0.0268  0.0262  0.0267  0.0268  0.0265  0.0266  0.0265  0.0264
  0.0279  0.0277  0.0269  0.0271  0.0283  0.0268  0.0278  0.0282  0.0271  0.0276  0.0269  0.0270
  0.0298  0.0292  0.0278  0.0286  0.0305  0.0283  0.0295  0.0306  0.0282  0.0292  0.0276  0.0279
niter,ni,del,rscale     4    3    5.0000    1.2000
parameters
    0.9237   -9.1935   12.0307   -4.3930   -7.3564   -2.9102
   -0.4427    5.7365    2.7786   -3.3425  -10.3083   -0.0378
eta,q 0.97370  7.71265
  0.0298  0.0292  0.0281  0.0285  0.0296  0.0282  0.0294  0.0305  0.0284  0.0293  0.0275  0.0279
  0.0279  0.0276  0.0271  0.0273  0.0282  0.0273  0.0278  0.0284  0.0273  0.0277  0.0268  0.0270
  0.0267  0.0266  0.0265  0.0266  0.0270  0.0267  0.0267  0.0269  0.0266  0.0267  0.0264  0.0265
  0.0263  0.0263  0.0263  0.0263  0.0263  0.0263  0.0263  0.0263  0.0263  0.0263  0.0263  0.0263
  0.0267  0.0267  0.0265  0.0264  0.0266  0.0262  0.0267  0.0268  0.0265  0.0267  0.0265  0.0264
  0.0279  0.0277  0.0270  0.0271  0.0280  0.0269  0.0278  0.0282  0.0272  0.0277  0.0269  0.0269
  0.0298  0.0292  0.0279  0.0287  0.0301  0.0285  0.0294  0.0306  0.0283  0.0293  0.0275  0.0278
niter,ni,del,rscale     3    3    5.0000    1.2000
parameters
    0.9268   -9.2107   12.0525   -4.3889   -7.3723   -2.9121
   -0.4485    5.7361    2.7980   -3.3675  -10.3060    0.0083
eta,q 0.97370  7.71227
  0.0298  0.0292  0.0281  0.0285  0.0296  0.0282  0.0294  0.0304  0.0284  0.0293  0.0275  0.0279
  0.0279  0.0276  0.0271  0.0273  0.0282  0.0273  0.0278  0.0284  0.0273  0.0277  0.0268  0.0270
  0.0267  0.0266  0.0265  0.0266  0.0270  0.0267  0.0267  0.0269  0.0265  0.0267  0.0264  0.0265
  0.0263  0.0263  0.0263  0.0263  0.0263  0.0263  0.0263  0.0263  0.0263  0.0263  0.0263  0.0263
  0.0267  0.0267  0.0265  0.0264  0.0266  0.0262  0.0267  0.0268  0.0265  0.0267  0.0265  0.0264
  0.0279  0.0277  0.0271  0.0271  0.0279  0.0269  0.0278  0.0282  0.0272  0.0277  0.0268  0.0270
  0.0298  0.0292  0.0280  0.0287  0.0300  0.0286  0.0294  0.0306  0.0284  0.0293  0.0275  0.0278
registration optimization eta report
parameter search radius
    2.4000    2.4000    2.4000    8.2800    8.2800    7.2000
    7.2000    7.2000    7.2000    7.2000    7.2000    7.2000
100000*second partial in parameter space
       61.       51.       30.        3.        5.        4.
        6.        8.        4.        6.        2.        3.
  0.0298  0.0292  0.0281  0.0285  0.0296  0.0282  0.0294  0.0304  0.0284  0.0293  0.0275  0.0279
  0.0279  0.0276  0.0271  0.0273  0.0282  0.0273  0.0278  0.0284  0.0273  0.0277  0.0268  0.0270
  0.0267  0.0266  0.0265  0.0266  0.0270  0.0267  0.0267  0.0269  0.0265  0.0267  0.0264  0.0265
  0.0263  0.0263  0.0263  0.0263  0.0263  0.0263  0.0263  0.0263  0.0263  0.0263  0.0263  0.0263
  0.0267  0.0267  0.0265  0.0264  0.0266  0.0262  0.0267  0.0268  0.0265  0.0267  0.0265  0.0264
  0.0279  0.0277  0.0271  0.0271  0.0279  0.0269  0.0278  0.0282  0.0272  0.0277  0.0268  0.0270
  0.0298  0.0292  0.0280  0.0287  0.0300  0.0286  0.0294  0.0306  0.0284  0.0293  0.0275  0.0278
    0.9268   -9.2107   12.0525   -4.3889   -7.3723   -2.9121
   -0.4485    5.7361    2.7980   -3.3675  -10.3060    0.0083
eta,q 0.97370  7.71227

---------------------------------------------------------------------
imgreg_4dfp /opt/freesurfer/average/711-2C_as_mni_average_305 /opt/freesurfer/average/711-2B_as_mni_average_305_mask talsrcimg_g11 none talsrcimg_to_711-2C_as_mni_average_305_t4 2311
---------------------------------------------------------------------

freesurfer imgreg_4dfp.c
/opt/freesurfer/average/711-2C_as_mni_average_305.4dfp.img
       256       256       256         1
  1.000000  1.000000  1.000000
orientation T byte_order littleendian
Reading image: /opt/freesurfer/average/711-2C_as_mni_average_305.4dfp.img
dimensions:      256       256       256
mmppix:       1.0000   -1.0000   -1.0000
center:     128.0000 -129.0000 -129.0000
/opt/freesurfer/average/711-2B_as_mni_average_305_mask.4dfp.img
       256       256       256         1
  1.000000  1.000000  1.000000
orientation T byte_order littleendian
Reading mask: /opt/freesurfer/average/711-2B_as_mni_average_305_mask.4dfp.img (2306576 pixels)
talsrcimg_g11.4dfp.img
       256       256       256         1
  0.898438  0.898438  0.898438
orientation T byte_order littleendian
Reading image: talsrcimg_g11.4dfp.img
dimensions:      256       256       256
mmppix:       0.8984   -0.8984   -0.8984
center:     115.0001 -115.8985 -115.8985
fimgreg.f
image alignment mode   2311 decimal      907 hex
parameters
    0.9268   -9.2107   12.0525   -4.3889   -7.3723   -2.9121
   -0.4485    5.7361    2.7980   -3.3675  -10.3060    0.0083
eta,q 0.97370  7.71227
niter,ni,del,rscale     5    3    5.0000    0.8000
parameters
    0.9264   -9.2553   12.0469   -3.9802   -6.9166   -2.1625
   -0.4692    5.8638    2.7880   -3.4283  -10.3196   -0.1345
eta,q 0.97385  7.77353
  0.0279  0.0276  0.0271  0.0270  0.0279  0.0273  0.0276  0.0283  0.0271  0.0276  0.0267  0.0269
  0.0270  0.0268  0.0266  0.0267  0.0272  0.0268  0.0268  0.0272  0.0266  0.0268  0.0264  0.0265
  0.0265  0.0264  0.0264  0.0264  0.0266  0.0265  0.0263  0.0264  0.0262  0.0263  0.0262  0.0262
  0.0263  0.0263  0.0263  0.0263  0.0263  0.0263  0.0261  0.0261  0.0261  0.0262  0.0262  0.0261
  0.0265  0.0265  0.0264  0.0263  0.0263  0.0261  0.0263  0.0263  0.0263  0.0263  0.0262  0.0262
  0.0270  0.0270  0.0266  0.0265  0.0267  0.0263  0.0268  0.0270  0.0266  0.0269  0.0264  0.0265
  0.0279  0.0277  0.0271  0.0269  0.0275  0.0269  0.0277  0.0281  0.0271  0.0277  0.0267  0.0270
niter,ni,del,rscale     4    3    5.0000    0.7000
parameters
    0.9364   -9.2606   12.0920   -3.8487   -6.8433   -1.9776
   -0.4740    5.8960    2.7579   -3.4397  -10.3591   -0.1452
eta,q 0.97387  7.78864
  0.0274  0.0272  0.0268  0.0267  0.0274  0.0269  0.0273  0.0278  0.0269  0.0273  0.0266  0.0267
  0.0267  0.0266  0.0265  0.0264  0.0268  0.0266  0.0266  0.0269  0.0264  0.0267  0.0263  0.0264
  0.0263  0.0263  0.0262  0.0262  0.0263  0.0263  0.0262  0.0263  0.0262  0.0263  0.0262  0.0262
  0.0262  0.0261  0.0261  0.0261  0.0261  0.0261  0.0261  0.0261  0.0261  0.0261  0.0261  0.0261
  0.0263  0.0263  0.0262  0.0262  0.0262  0.0261  0.0263  0.0263  0.0262  0.0263  0.0262  0.0262
  0.0267  0.0266  0.0264  0.0263  0.0267  0.0264  0.0267  0.0268  0.0265  0.0267  0.0263  0.0264
  0.0274  0.0272  0.0267  0.0267  0.0273  0.0269  0.0273  0.0277  0.0269  0.0273  0.0266  0.0267
niter,ni,del,rscale     3    3    5.0000    0.6000
parameters
    0.9403   -9.2670   12.1105   -3.7558   -6.8020   -1.7718
   -0.4825    5.9094    2.7503   -3.4519  -10.3891   -0.1923
eta,q 0.97390  7.80165
  0.0270  0.0269  0.0266  0.0265  0.0271  0.0267  0.0270  0.0273  0.0267  0.0270  0.0264  0.0265
  0.0265  0.0265  0.0263  0.0263  0.0266  0.0265  0.0265  0.0266  0.0263  0.0265  0.0262  0.0263
  0.0262  0.0262  0.0262  0.0262  0.0263  0.0263  0.0262  0.0262  0.0262  0.0262  0.0261  0.0261
  0.0261  0.0261  0.0261  0.0261  0.0261  0.0261  0.0261  0.0261  0.0261  0.0261  0.0261  0.0261
  0.0262  0.0262  0.0262  0.0261  0.0262  0.0261  0.0262  0.0262  0.0262  0.0262  0.0261  0.0262
  0.0265  0.0265  0.0263  0.0263  0.0265  0.0263  0.0265  0.0266  0.0264  0.0265  0.0263  0.0263
  0.0270  0.0269  0.0266  0.0265  0.0270  0.0267  0.0270  0.0273  0.0267  0.0270  0.0264  0.0266
niter,ni,del,rscale     2    3    5.0000    0.5000
parameters
    0.9452   -9.2720   12.1376   -3.6518   -6.7786   -1.5439
   -0.4789    5.9068    2.7321   -3.4577  -10.4254   -0.2382
eta,q 0.97393  7.81533
  0.0267  0.0267  0.0265  0.0264  0.0268  0.0266  0.0267  0.0269  0.0265  0.0267  0.0263  0.0264
  0.0264  0.0263  0.0263  0.0262  0.0264  0.0264  0.0264  0.0265  0.0262  0.0264  0.0262  0.0262
  0.0262  0.0262  0.0261  0.0262  0.0262  0.0262  0.0261  0.0262  0.0261  0.0262  0.0261  0.0261
  0.0261  0.0261  0.0261  0.0261  0.0261  0.0261  0.0261  0.0261  0.0261  0.0261  0.0261  0.0261
  0.0262  0.0262  0.0261  0.0261  0.0262  0.0261  0.0261  0.0262  0.0261  0.0262  0.0261  0.0261
  0.0264  0.0264  0.0262  0.0262  0.0264  0.0262  0.0264  0.0265  0.0263  0.0264  0.0262  0.0262
  0.0267  0.0267  0.0264  0.0264  0.0268  0.0265  0.0267  0.0269  0.0265  0.0267  0.0263  0.0264
niter,ni,del,rscale     1    3    5.0000    0.4000
parameters
    0.9489   -9.2736   12.1645   -3.5378   -6.7580   -1.3490
   -0.4812    5.9093    2.7119   -3.4680  -10.4607   -0.2986
eta,q 0.97394  7.82804
  0.0265  0.0264  0.0263  0.0263  0.0265  0.0264  0.0265  0.0266  0.0263  0.0265  0.0262  0.0263
  0.0263  0.0262  0.0262  0.0262  0.0263  0.0263  0.0262  0.0263  0.0262  0.0263  0.0261  0.0261
  0.0261  0.0261  0.0261  0.0261  0.0261  0.0262  0.0261  0.0261  0.0261  0.0261  0.0261  0.0261
  0.0261  0.0261  0.0261  0.0261  0.0261  0.0261  0.0261  0.0261  0.0261  0.0261  0.0261  0.0261
  0.0261  0.0261  0.0261  0.0261  0.0261  0.0261  0.0261  0.0261  0.0261  0.0261  0.0261  0.0261
  0.0263  0.0262  0.0262  0.0261  0.0263  0.0262  0.0262  0.0263  0.0262  0.0263  0.0261  0.0262
  0.0265  0.0264  0.0263  0.0263  0.0265  0.0264  0.0265  0.0266  0.0263  0.0265  0.0262  0.0263
registration optimization eta report
parameter search radius
    0.8000    0.8000    0.8000    2.4000    2.4000    2.4000
    2.4000    2.4000    2.4000    2.4000    2.4000    2.4000
100000*second partial in parameter space
       64.       56.       35.        3.        8.        5.
        7.        9.        4.        7.        3.        4.
  0.0265  0.0264  0.0263  0.0263  0.0265  0.0264  0.0265  0.0266  0.0263  0.0265  0.0262  0.0263
  0.0263  0.0262  0.0262  0.0262  0.0263  0.0263  0.0262  0.0263  0.0262  0.0263  0.0261  0.0261
  0.0261  0.0261  0.0261  0.0261  0.0261  0.0262  0.0261  0.0261  0.0261  0.0261  0.0261  0.0261
  0.0261  0.0261  0.0261  0.0261  0.0261  0.0261  0.0261  0.0261  0.0261  0.0261  0.0261  0.0261
  0.0261  0.0261  0.0261  0.0261  0.0261  0.0261  0.0261  0.0261  0.0261  0.0261  0.0261  0.0261
  0.0263  0.0262  0.0262  0.0261  0.0263  0.0262  0.0262  0.0263  0.0262  0.0263  0.0261  0.0262
  0.0265  0.0264  0.0263  0.0263  0.0265  0.0264  0.0265  0.0266  0.0263  0.0265  0.0262  0.0263
    0.9489   -9.2736   12.1645   -3.5378   -6.7580   -1.3490
   -0.4812    5.9093    2.7119   -3.4680  -10.4607   -0.2986
eta,q 0.97394  7.82804

---------------------------------------------------------------------
imgreg_4dfp /opt/freesurfer/average/711-2C_as_mni_average_305 /opt/freesurfer/average/711-2B_as_mni_average_305_mask talsrcimg_g11 none talsrcimg_to_711-2C_as_mni_average_305_t4 2311
---------------------------------------------------------------------

freesurfer imgreg_4dfp.c
/opt/freesurfer/average/711-2C_as_mni_average_305.4dfp.img
       256       256       256         1
  1.000000  1.000000  1.000000
orientation T byte_order littleendian
Reading image: /opt/freesurfer/average/711-2C_as_mni_average_305.4dfp.img
dimensions:      256       256       256
mmppix:       1.0000   -1.0000   -1.0000
center:     128.0000 -129.0000 -129.0000
/opt/freesurfer/average/711-2B_as_mni_average_305_mask.4dfp.img
       256       256       256         1
  1.000000  1.000000  1.000000
orientation T byte_order littleendian
Reading mask: /opt/freesurfer/average/711-2B_as_mni_average_305_mask.4dfp.img (2306576 pixels)
talsrcimg_g11.4dfp.img
       256       256       256         1
  0.898438  0.898438  0.898438
orientation T byte_order littleendian
Reading image: talsrcimg_g11.4dfp.img
dimensions:      256       256       256
mmppix:       0.8984   -0.8984   -0.8984
center:     115.0001 -115.8985 -115.8985
fimgreg.f
image alignment mode   2311 decimal      907 hex
parameters
    0.9489   -9.2736   12.1645   -3.5378   -6.7580   -1.3490
   -0.4812    5.9093    2.7119   -3.4680  -10.4607   -0.2986
eta,q 0.97394  7.82804
niter,ni,del,rscale     5    3    5.0000    0.8000
parameters
    0.9517   -9.2589   12.2050   -3.8542   -6.8940   -1.9358
   -0.4546    5.8950    2.7905   -3.4369  -10.3731   -0.0506
eta,q 0.97388  7.78840
  0.0277  0.0275  0.0270  0.0267  0.0275  0.0269  0.0277  0.0282  0.0272  0.0276  0.0267  0.0270
  0.0268  0.0267  0.0265  0.0264  0.0268  0.0265  0.0268  0.0271  0.0266  0.0269  0.0264  0.0265
  0.0262  0.0262  0.0262  0.0262  0.0263  0.0263  0.0263  0.0264  0.0262  0.0263  0.0262  0.0262
  0.0261  0.0261  0.0261  0.0261  0.0261  0.0261  0.0261  0.0261  0.0261  0.0261  0.0261  0.0261
  0.0262  0.0262  0.0262  0.0261  0.0263  0.0262  0.0263  0.0264  0.0262  0.0263  0.0262  0.0262
  0.0268  0.0267  0.0264  0.0264  0.0269  0.0267  0.0268  0.0271  0.0265  0.0268  0.0264  0.0264
  0.0277  0.0274  0.0269  0.0270  0.0277  0.0276  0.0276  0.0282  0.0271  0.0276  0.0267  0.0268
niter,ni,del,rscale     4    3    5.0000    0.7000
parameters
    0.9429   -9.2787   12.1400   -3.8320   -6.8646   -1.9510
   -0.4717    5.9048    2.7729   -3.4631  -10.3458   -0.0864
eta,q 0.97388  7.78958
  0.0274  0.0272  0.0267  0.0266  0.0273  0.0268  0.0273  0.0277  0.0269  0.0273  0.0266  0.0267
  0.0267  0.0266  0.0264  0.0264  0.0267  0.0265  0.0266  0.0269  0.0264  0.0267  0.0263  0.0264
  0.0263  0.0262  0.0262  0.0262  0.0263  0.0263  0.0262  0.0263  0.0262  0.0263  0.0262  0.0262
  0.0261  0.0261  0.0261  0.0261  0.0261  0.0261  0.0261  0.0261  0.0261  0.0261  0.0261  0.0261
  0.0263  0.0263  0.0262  0.0261  0.0262  0.0261  0.0263  0.0263  0.0262  0.0263  0.0262  0.0262
  0.0267  0.0266  0.0265  0.0263  0.0267  0.0264  0.0267  0.0268  0.0265  0.0267  0.0263  0.0264
  0.0274  0.0272  0.0268  0.0267  0.0273  0.0270  0.0273  0.0277  0.0269  0.0273  0.0266  0.0267
niter,ni,del,rscale     3    3    5.0000    0.6000
parameters
    0.9436   -9.2778   12.1251   -3.7438   -6.8114   -1.7754
   -0.4808    5.9085    2.7473   -3.4699  -10.3764   -0.1655
eta,q 0.97390  7.80161
  0.0270  0.0269  0.0266  0.0265  0.0271  0.0267  0.0270  0.0273  0.0267  0.0270  0.0264  0.0265
  0.0265  0.0265  0.0263  0.0263  0.0266  0.0265  0.0265  0.0266  0.0263  0.0265  0.0262  0.0263
  0.0262  0.0262  0.0262  0.0262  0.0263  0.0263  0.0262  0.0262  0.0262  0.0262  0.0261  0.0261
  0.0261  0.0261  0.0261  0.0261  0.0261  0.0261  0.0261  0.0261  0.0261  0.0261  0.0261  0.0261
  0.0262  0.0262  0.0262  0.0261  0.0262  0.0261  0.0262  0.0262  0.0262  0.0262  0.0261  0.0262
  0.0265  0.0265  0.0263  0.0263  0.0265  0.0263  0.0265  0.0266  0.0264  0.0265  0.0263  0.0263
  0.0270  0.0269  0.0266  0.0265  0.0270  0.0267  0.0270  0.0273  0.0267  0.0270  0.0264  0.0266
niter,ni,del,rscale     2    3    5.0000    0.5000
parameters
    0.9451   -9.2774   12.1443   -3.6481   -6.7789   -1.5522
   -0.4798    5.9086    2.7286   -3.4623  -10.4255   -0.2285
eta,q 0.97392  7.81513
  0.0267  0.0267  0.0265  0.0264  0.0268  0.0266  0.0267  0.0269  0.0265  0.0267  0.0263  0.0264
  0.0264  0.0263  0.0263  0.0263  0.0264  0.0264  0.0263  0.0265  0.0262  0.0264  0.0262  0.0262
  0.0262  0.0262  0.0261  0.0261  0.0262  0.0262  0.0261  0.0262  0.0261  0.0262  0.0261  0.0261
  0.0261  0.0261  0.0261  0.0261  0.0261  0.0261  0.0261  0.0261  0.0261  0.0261  0.0261  0.0261
  0.0262  0.0262  0.0261  0.0261  0.0262  0.0261  0.0261  0.0262  0.0261  0.0261  0.0261  0.0261
  0.0264  0.0263  0.0262  0.0262  0.0264  0.0262  0.0264  0.0265  0.0263  0.0264  0.0262  0.0262
  0.0267  0.0267  0.0264  0.0264  0.0268  0.0265  0.0267  0.0269  0.0265  0.0267  0.0263  0.0264
niter,ni,del,rscale     1    3    5.0000    0.4000
parameters
    0.9486   -9.2778   12.1671   -3.5474   -6.7585   -1.3532
   -0.4799    5.9069    2.7205   -3.4712  -10.4565   -0.2994
eta,q 0.97394  7.82743
  0.0265  0.0264  0.0263  0.0263  0.0265  0.0264  0.0265  0.0266  0.0263  0.0265  0.0262  0.0263
  0.0263  0.0262  0.0262  0.0262  0.0263  0.0263  0.0262  0.0263  0.0262  0.0262  0.0261  0.0261
  0.0261  0.0261  0.0261  0.0261  0.0261  0.0262  0.0261  0.0261  0.0261  0.0261  0.0261  0.0261
  0.0261  0.0261  0.0261  0.0261  0.0261  0.0261  0.0261  0.0261  0.0261  0.0261  0.0261  0.0261
  0.0261  0.0261  0.0261  0.0261  0.0261  0.0261  0.0261  0.0261  0.0261  0.0261  0.0261  0.0261
  0.0263  0.0262  0.0262  0.0261  0.0263  0.0262  0.0262  0.0263  0.0262  0.0263  0.0261  0.0262
  0.0265  0.0264  0.0263  0.0263  0.0265  0.0264  0.0265  0.0266  0.0263  0.0265  0.0262  0.0263
registration optimization eta report
parameter search radius
    0.8000    0.8000    0.8000    2.4000    2.4000    2.4000
    2.4000    2.4000    2.4000    2.4000    2.4000    2.4000
100000*second partial in parameter space
       64.       57.       36.        3.        8.        5.
        7.        9.        4.        7.        3.        4.
  0.0265  0.0264  0.0263  0.0263  0.0265  0.0264  0.0265  0.0266  0.0263  0.0265  0.0262  0.0263
  0.0263  0.0262  0.0262  0.0262  0.0263  0.0263  0.0262  0.0263  0.0262  0.0262  0.0261  0.0261
  0.0261  0.0261  0.0261  0.0261  0.0261  0.0262  0.0261  0.0261  0.0261  0.0261  0.0261  0.0261
  0.0261  0.0261  0.0261  0.0261  0.0261  0.0261  0.0261  0.0261  0.0261  0.0261  0.0261  0.0261
  0.0261  0.0261  0.0261  0.0261  0.0261  0.0261  0.0261  0.0261  0.0261  0.0261  0.0261  0.0261
  0.0263  0.0262  0.0262  0.0261  0.0263  0.0262  0.0262  0.0263  0.0262  0.0263  0.0261  0.0262
  0.0265  0.0264  0.0263  0.0263  0.0265  0.0264  0.0265  0.0266  0.0263  0.0265  0.0262  0.0263
    0.9486   -9.2778   12.1671   -3.5474   -6.7585   -1.3532
   -0.4799    5.9069    2.7205   -3.4712  -10.4565   -0.2994
eta,q 0.97394  7.82743

---------------------------------------------------------------------
compute_vox2vox talsrcimg talsrcimg_to_711-2C_as_mni_average_305_t4 /opt/freesurfer/average/711-2C_as_mni_average_305
---------------------------------------------------------------------

freesurfer compute_vox2vox.c
Reading: talsrcimg.4dfp.ifh
Reading: talsrcimg_to_711-2C_as_mni_average_305_t4
Reading: /opt/freesurfer/average/711-2C_as_mni_average_305.4dfp.ifh
Writing: talsrcimg_to_711-2C_as_mni_average_305_t4_vox2vox.txt

start time Thu Mar 12 21:13:52 CET 2026
end		time Thu Mar 12 21:15:21 CET 2026

mpr2mni305 success

avi2talxfm orig_nu.mgz /opt/freesurfer/average/mni305.cor.mgz talsrcimg_to_711-2C_as_mni_average_305_t4_vox2vox.txt transforms/talairach.auto.xfm
avi2talxfm done
mv -f /out/sourcedata/freesurfer/sub-v2s2x29063_ses-1/mri/talsrcimg_to_711-2C_as_mni_average_305_t4_vox2vox.txt /out/sourcedata/freesurfer/sub-v2s2x29063_ses-1/mri/transforms/talsrcimg_to_711-2C_as_mni_average_305_t4_vox2vox.txt
lta_convert --src orig_nu.mgz --trg /opt/freesurfer/average/mni305.cor.mgz --inxfm transforms/talairach.auto.xfm --outlta transforms/talairach.auto.xfm.lta --subject fsaverage
7.3.2

--src: orig_nu.mgz src image (geometry).
--trg: /opt/freesurfer/average/mni305.cor.mgz trg image (geometry).
--inmni: transforms/talairach.auto.xfm input MNI/XFM transform.
--outlta: transforms/talairach.auto.xfm.lta output LTA.
--s: fsaverage subject name
 LTA read, type : 1
 1.02997  -0.06149   0.00510   5.32381;
 0.10910   1.00732   0.00380  -1.90642;
-0.02599   0.03929   1.07247   0.18705;
 0.00000   0.00000   0.00000   1.00000;
setting subject to fsaverage
Writing  LTA to file transforms/talairach.auto.xfm.lta...
lta_convert successful.
 
 
Started at Thu Mar 12 21:13:52 CET 2026
Ended   at Thu Mar 12 21:15:21 CET 2026
talairach_avi done
