/out/sourcedata/freesurfer/sub-v2s2x29082_ses-1/mri
/opt/freesurfer/bin/talairach_avi
--i orig_nu.mgz --xfm transforms/talairach.auto.xfm
talairach_avi 7.3.2
Linux dna022 5.14.0-427.37.1.el9_4.x86_64 #1 SMP PREEMPT_DYNAMIC Fri Sep 13 12:41:50 EDT 2024 x86_64 x86_64 x86_64 GNU/Linux
Thu Mar 12 22:39:28 CET 2026
mri_convert orig_nu.mgz talsrcimg.img 
reading from orig_nu.mgz...
TR=0.00, TE=0.00, TI=0.00, flip angle=0.00
i_ras = (-1, 0, 0)
j_ras = (0, 0, -1)
k_ras = (0, 1, 0)
writing to talsrcimg.img...
Analyze Output Matrix
-0.89844   0.00000   0.00000   116.38503;
 0.00000   0.00000   0.89844  -131.40340;
 0.00000  -0.89844   0.00000   133.41092;
 0.00000   0.00000   0.00000   1.00000;
--------------------
INFO: set hdr.hist.orient to -1
mpr2mni305 talsrcimg
Thu Mar 12 22:39:28 CET 2026
/opt/freesurfer/bin/mpr2mni305 talsrcimg
mpr2mni305 7.3.2
target=711-2C_as_mni_average_305

---------------------------------------------------------------------
analyzeto4dfp talsrcimg -O0 -y
---------------------------------------------------------------------

freesurfer ifh2hdr.c
Thu Mar 12 22:39:28 2026
Writing: talsrcimg.4dfp.hdr
freesurfer analyzeto4dfp.c
Reading: talsrcimg.hdr
header size 348 bytes
hdr.dime.datatype	offset=70	value=2
hdr.dime.bitpix		offset=72	value=8
hdr.hist.orient		offset=252	value=-1
dimensionality     4
dimensions       256       256       256         1
Reading: talsrcimg.img
Writing: talsrcimg.4dfp.img
Writing: talsrcimg.4dfp.ifh
ifh2hdr talsrcimg -r0to255
ori=2

---------------------------------------------------------------------
gauss_4dfp talsrcimg 1.1
---------------------------------------------------------------------

freesurfer gauss_4dfp.c
Reading: talsrcimg.4dfp.img
Writing: talsrcimg_g11.4dfp.img
image dimensions 256 256 256 padded to 288 288 288
processing volume 1freesurfer ifh2hdr.c
Thu Mar 12 22:39:30 2026
Writing: talsrcimg_g11.4dfp.hdr

Writing: talsrcimg_g11.4dfp.ifh
including: talsrcimg.4dfp.img.rec in talsrcimg_g11.4dfp.img.rec

---------------------------------------------------------------------
imgreg_4dfp /opt/freesurfer/average/711-2C_as_mni_average_305 none talsrcimg_g11 none talsrcimg_to_711-2C_as_mni_average_305_t4 4355
---------------------------------------------------------------------

freesurfer imgreg_4dfp.c
/opt/freesurfer/average/711-2C_as_mni_average_305.4dfp.img
       256       256       256         1
  1.000000  1.000000  1.000000
orientation T byte_order littleendian
Reading image: /opt/freesurfer/average/711-2C_as_mni_average_305.4dfp.img
dimensions:      256       256       256
mmppix:       1.0000   -1.0000   -1.0000
center:     128.0000 -129.0000 -129.0000
talsrcimg_g11.4dfp.img
       256       256       256         1
  0.898438  0.898438  0.898438
orientation T byte_order littleendian
Reading image: talsrcimg_g11.4dfp.img
dimensions:      256       256       256
mmppix:       0.8984   -0.8984   -0.8984
center:     115.0001 -115.8985 -115.8985
t4_read: open error in t4_sub.f l:  41 t4_file(1:l)talsrcimg_to_711-2C_as_mni_average_305_t4 
t4_read: transform initialized to I4
rotation matrix determinant  1.000000
image alignment mode   4355 decimal     1103 hex
   -7.5000  -45.0000  -45.0000 6437.8613   10.1841
    0.0000  -45.0000  -45.0000 6496.8438   10.2083
    7.5000  -45.0000  -45.0000 6131.1768   10.2292
   -7.5000  -37.5000  -45.0000 6801.8589   10.8440
    0.0000  -37.5000  -45.0000 6867.2358   10.8634
    7.5000  -37.5000  -45.0000 6474.9932   10.8851
   -7.5000  -30.0000  -45.0000 7179.1636   11.1676
    0.0000  -30.0000  -45.0000 7264.4199   11.1879
    7.5000  -30.0000  -45.0000 6835.4912   11.2087
   -7.5000  -22.5000  -45.0000 7664.9106   11.1326
    0.0000  -22.5000  -45.0000 7755.4814   11.1603
    7.5000  -22.5000  -45.0000 7299.4019   11.1803
   -7.5000  -15.0000  -45.0000 8127.4395   11.1132
    0.0000  -15.0000  -45.0000 8237.7559   11.1474
    7.5000  -15.0000  -45.0000 7765.2847   11.1690
   -7.5000   -7.5000  -45.0000 8221.9219   11.1281
    0.0000   -7.5000  -45.0000 8316.8281   11.1614
    7.5000   -7.5000  -45.0000 7846.7646   11.1842
   -7.5000    0.0000  -45.0000 8241.5703   11.1644
    0.0000    0.0000  -45.0000 8314.8467   11.1909
    7.5000    0.0000  -45.0000 7852.5034   11.2138
   -7.5000    7.5000  -45.0000 7831.4844   11.1859
    0.0000    7.5000  -45.0000 7901.2144   11.2058
    7.5000    7.5000  -45.0000 7464.8799   11.2282
   -7.5000   15.0000  -45.0000 7551.1733   11.1676
    0.0000   15.0000  -45.0000 7617.4399   11.1879
    7.5000   15.0000  -45.0000 7189.4219   11.2087
   -7.5000   22.5000  -45.0000 6937.9053   10.9829
    0.0000   22.5000  -45.0000 7018.3218   11.0101
    7.5000   22.5000  -45.0000 6615.2197   11.0299
   -7.5000   30.0000  -45.0000 6380.1392   10.6715
    0.0000   30.0000  -45.0000 6444.5630   10.7043
    7.5000   30.0000  -45.0000 6074.7612   10.7251
   -7.5000   37.5000  -45.0000 5848.4834   10.5905
    0.0000   37.5000  -45.0000 5899.8184   10.6204
    7.5000   37.5000  -45.0000 5565.3931   10.6411
   -7.5000   45.0000  -45.0000 5326.6953   10.5366
    0.0000   45.0000  -45.0000 5372.0098   10.5569
    7.5000   45.0000  -45.0000 5043.9253   10.5732
   -7.5000  -45.0000  -37.5000 7039.5034   10.6916
    0.0000  -45.0000  -37.5000 7104.7456   10.7081
    7.5000  -45.0000  -37.5000 6700.9644   10.7274
   -7.5000  -37.5000  -37.5000 7412.0801   11.3807
    0.0000  -37.5000  -37.5000 7491.5151   11.3940
    7.5000  -37.5000  -37.5000 7072.8135   11.4125
   -7.5000  -30.0000  -37.5000 7836.8081   11.6957
    0.0000  -30.0000  -37.5000 7921.5576   11.7109
    7.5000  -30.0000  -37.5000 7457.5918   11.7262
   -7.5000  -22.5000  -37.5000 8363.7988   11.6637
    0.0000  -22.5000  -37.5000 8447.9805   11.6851
    7.5000  -22.5000  -37.5000 7955.6416   11.6988
   -7.5000  -15.0000  -37.5000 8836.0029   11.6527
    0.0000  -15.0000  -37.5000 8946.3145   11.6784
    7.5000  -15.0000  -37.5000 8427.5557   11.6949
   -7.5000   -7.5000  -37.5000 8922.6699   11.6722
    0.0000   -7.5000  -37.5000 9027.5391   11.6961
    7.5000   -7.5000  -37.5000 8508.3516   11.7160
   -7.5000    0.0000  -37.5000 8933.2793   11.7057
    0.0000    0.0000  -37.5000 9029.8242   11.7238
    7.5000    0.0000  -37.5000 8504.9990   11.7449
   -7.5000    7.5000  -37.5000 8481.8691   11.7189
    0.0000    7.5000  -37.5000 8559.8271   11.7325
    7.5000    7.5000  -37.5000 8073.5664   11.7516
   -7.5000   15.0000  -37.5000 8152.9043   11.6952
    0.0000   15.0000  -37.5000 8221.6416   11.7103
    7.5000   15.0000  -37.5000 7770.7349   11.7257
   -7.5000   22.5000  -37.5000 7453.4580   11.5077
    0.0000   22.5000  -37.5000 7529.1602   11.5289
    7.5000   22.5000  -37.5000 7120.2163   11.5424
   -7.5000   30.0000  -37.5000 6825.7227   11.1975
    0.0000   30.0000  -37.5000 6901.1113   11.2222
    7.5000   30.0000  -37.5000 6510.3535   11.2380
   -7.5000   37.5000  -37.5000 6243.2471   11.1122
    0.0000   37.5000  -37.5000 6303.2725   11.1332
    7.5000   37.5000  -37.5000 5945.5356   11.1513
   -7.5000   45.0000  -37.5000 5672.7603   11.0342
    0.0000   45.0000  -37.5000 5723.7959   11.0463
    7.5000   45.0000  -37.5000 5383.1123   11.0600
   -7.5000  -45.0000  -30.0000 7635.6660   11.1895
    0.0000  -45.0000  -30.0000 7699.5288   11.1982
    7.5000  -45.0000  -30.0000 7290.8906   11.2168
   -7.5000  -37.5000  -30.0000 8031.0864   11.9172
    0.0000  -37.5000  -30.0000 8099.9717   11.9237
    7.5000  -37.5000  -30.0000 7664.6299   11.9400
   -7.5000  -30.0000  -30.0000 8498.0010   12.2300
    0.0000  -30.0000  -30.0000 8576.8848   12.2374
    7.5000  -30.0000  -30.0000 8084.8008   12.2492
   -7.5000  -22.5000  -30.0000 9067.7891   12.1951
    0.0000  -22.5000  -30.0000 9135.0410   12.2060
    7.5000  -22.5000  -30.0000 8631.1094   12.2162
   -7.5000  -15.0000  -30.0000 9565.4844   12.1811
    0.0000  -15.0000  -30.0000 9660.3154   12.1944
    7.5000  -15.0000  -30.0000 9105.0332   12.2084
   -7.5000   -7.5000  -30.0000 9626.9980   12.2008
    0.0000   -7.5000  -30.0000 9721.1914   12.2135
    7.5000   -7.5000  -30.0000 9170.7471   12.2325
   -7.5000    0.0000  -30.0000 9614.4639   12.2381
    0.0000    0.0000  -30.0000 9699.3838   12.2477
    7.5000    0.0000  -30.0000 9136.7520   12.2680
   -7.5000    7.5000  -30.0000 9106.5078   12.2527
    0.0000    7.5000  -30.0000 9186.9180   12.2594
    7.5000    7.5000  -30.0000 8661.5605   12.2761
   -7.5000   15.0000  -30.0000 8749.9736   12.2283
    0.0000   15.0000  -30.0000 8817.2217   12.2357
    7.5000   15.0000  -30.0000 8337.5000   12.2475
   -7.5000   22.5000  -30.0000 7976.8442   12.0326
    0.0000   22.5000  -30.0000 8074.3164   12.0434
    7.5000   22.5000  -30.0000 7633.9004   12.0534
   -7.5000   30.0000  -30.0000 7277.3911   11.7137
    0.0000   30.0000  -30.0000 7364.4897   11.7265
    7.5000   30.0000  -30.0000 6950.7114   11.7400
   -7.5000   37.5000  -30.0000 6626.1479   11.6280
    0.0000   37.5000  -30.0000 6701.2144   11.6390
    7.5000   37.5000  -30.0000 6329.8491   11.6563
   -7.5000   45.0000  -30.0000 6002.8862   11.5458
    0.0000   45.0000  -30.0000 6055.9033   11.5500
    7.5000   45.0000  -30.0000 5719.4365   11.5634
   -7.5000  -45.0000  -22.5000 8226.1133   11.6184
    0.0000  -45.0000  -22.5000 8281.6055   11.6265
    7.5000  -45.0000  -22.5000 7855.0586   11.6490
   -7.5000  -37.5000  -22.5000 8636.6846   12.3912
    0.0000  -37.5000  -22.5000 8704.9189   12.3958
    7.5000  -37.5000  -22.5000 8229.1768   12.4150
   -7.5000  -30.0000  -22.5000 9137.8945   12.7073
    0.0000  -30.0000  -22.5000 9220.7217   12.7100
    7.5000  -30.0000  -22.5000 8685.1738   12.7246
   -7.5000  -22.5000  -22.5000 9768.5273   12.6661
    0.0000  -22.5000  -22.5000 9839.7441   12.6709
    7.5000  -22.5000  -22.5000 9277.1787   12.6844
   -7.5000  -15.0000  -22.500010275.4844   12.6402
    0.0000  -15.0000  -22.500010387.2256   12.6486
    7.5000  -15.0000  -22.5000 9760.5801   12.6669
   -7.5000   -7.5000  -22.500010324.6582   12.6557
    0.0000   -7.5000  -22.500010438.2979   12.6662
    7.5000   -7.5000  -22.5000 9815.1602   12.6903
   -7.5000    0.0000  -22.500010283.4307   12.7000
    0.0000    0.0000  -22.500010377.8281   12.7089
    7.5000    0.0000  -22.5000 9765.8516   12.7335
   -7.5000    7.5000  -22.5000 9717.0645   12.7242
    0.0000    7.5000  -22.5000 9785.3994   12.7289
    7.5000    7.5000  -22.5000 9240.1406   12.7486
   -7.5000   15.0000  -22.5000 9305.1475   12.7042
    0.0000   15.0000  -22.5000 9368.9922   12.7069
    7.5000   15.0000  -22.5000 8875.9697   12.7216
   -7.5000   22.5000  -22.5000 8489.1846   12.4985
    0.0000   22.5000  -22.5000 8576.2822   12.5032
    7.5000   22.5000  -22.5000 8129.0542   12.5165
   -7.5000   30.0000  -22.5000 7733.7637   12.1641
    0.0000   30.0000  -22.5000 7807.6650   12.1722
    7.5000   30.0000  -22.5000 7380.0825   12.1899
   -7.5000   37.5000  -22.5000 7001.4019   12.0777
    0.0000   37.5000  -22.5000 7066.4482   12.0870
    7.5000   37.5000  -22.5000 6665.6372   12.1090
   -7.5000   45.0000  -22.5000 6342.1704   12.0094
    0.0000   45.0000  -22.5000 6386.9805   12.0129
    7.5000   45.0000  -22.5000 6038.6099   12.0317
   -7.5000  -45.0000  -15.0000 8793.4434   12.0164
    0.0000  -45.0000  -15.0000 8861.9111   12.0334
    7.5000  -45.0000  -15.0000 8393.6230   12.0600
   -7.5000  -37.5000  -15.0000 9242.0908   12.8221
    0.0000  -37.5000  -15.0000 9308.3438   12.8341
    7.5000  -37.5000  -15.0000 8790.4072   12.8588
   -7.5000  -30.0000  -15.0000 9775.6504   13.1423
    0.0000  -30.0000  -15.0000 9847.5781   13.1513
    7.5000  -30.0000  -15.0000 9275.6377   13.1738
   -7.5000  -22.5000  -15.000010456.0010   13.0966
    0.0000  -22.5000  -15.000010549.7695   13.1088
    7.5000  -22.5000  -15.0000 9901.5791   13.1315
   -7.5000  -15.0000  -15.000010998.9199   13.0616
    0.0000  -15.0000  -15.000011136.8555   13.0800
    7.5000  -15.0000  -15.000010415.3906   13.1069
   -7.5000   -7.5000  -15.000011051.7168   13.0737
    0.0000   -7.5000  -15.000011191.4590   13.0950
    7.5000   -7.5000  -15.000010468.3867   13.1252
   -7.5000    0.0000  -15.000010977.2695   13.1223
    0.0000    0.0000  -15.000011083.5479   13.1409
    7.5000    0.0000  -15.000010390.5762   13.1699
   -7.5000    7.5000  -15.000010340.8623   13.1539
    0.0000    7.5000  -15.000010408.3213   13.1662
    7.5000    7.5000  -15.0000 9802.9551   13.1915
   -7.5000   15.0000  -15.0000 9896.5381   13.1382
    0.0000   15.0000  -15.0000 9957.6406   13.1472
    7.5000   15.0000  -15.0000 9413.1592   13.1697
   -7.5000   22.5000  -15.0000 8993.6582   12.9253
    0.0000   22.5000  -15.0000 9063.2617   12.9374
    7.5000   22.5000  -15.0000 8589.6143   12.9597
   -7.5000   30.0000  -15.0000 8166.7964   12.5791
    0.0000   30.0000  -15.0000 8232.3340   12.5969
    7.5000   30.0000  -15.0000 7784.6025   12.6227
   -7.5000   37.5000  -15.0000 7382.1641   12.4984
    0.0000   37.5000  -15.0000 7449.4780   12.5179
    7.5000   37.5000  -15.0000 7023.8286   12.5455
   -7.5000   45.0000  -15.0000 6683.5815   12.4467
    0.0000   45.0000  -15.0000 6720.8237   12.4590
    7.5000   45.0000  -15.0000 6354.8735   12.4828
   -7.5000  -45.0000   -7.5000 9105.8682   12.0046
    0.0000  -45.0000   -7.5000 9181.7324   12.0300
    7.5000  -45.0000   -7.5000 8674.7246   12.0563
   -7.5000  -37.5000   -7.5000 9577.0010   12.8087
    0.0000  -37.5000   -7.5000 9651.8115   12.8278
    7.5000  -37.5000   -7.5000 9109.7676   12.8544
   -7.5000  -30.0000   -7.500010112.5010   13.1294
    0.0000  -30.0000   -7.500010189.5859   13.1467
    7.5000  -30.0000   -7.5000 9596.3701   13.1729
   -7.5000  -22.5000   -7.500010783.9814   13.0854
    0.0000  -22.5000   -7.500010914.2227   13.1088
    7.5000  -22.5000   -7.500010196.6689   13.1354
   -7.5000  -15.0000   -7.500011343.0791   13.0519
    0.0000  -15.0000   -7.500011480.9092   13.0833
    7.5000  -15.0000   -7.500010705.7148   13.1125
   -7.5000   -7.5000   -7.500011420.4209   13.0633
    0.0000   -7.5000   -7.500011546.4072   13.0964
    7.5000   -7.5000   -7.500010767.6367   13.1266
   -7.5000    0.0000   -7.500011321.1689   13.1095
    0.0000    0.0000   -7.500011415.4238   13.1371
    7.5000    0.0000   -7.500010675.6035   13.1658
   -7.5000    7.5000   -7.500010635.2520   13.1401
    0.0000    7.5000   -7.500010705.8262   13.1598
    7.5000    7.5000   -7.500010057.5957   13.1870
   -7.5000   15.0000   -7.500010153.1504   13.1254
    0.0000   15.0000   -7.500010229.7900   13.1427
    7.5000   15.0000   -7.5000 9639.6064   13.1688
   -7.5000   22.5000   -7.5000 9232.9512   12.9142
    0.0000   22.5000   -7.5000 9320.4795   12.9373
    7.5000   22.5000   -7.5000 8801.3545   12.9636
   -7.5000   30.0000   -7.5000 8359.5527   12.5698
    0.0000   30.0000   -7.5000 8436.4277   12.6001
    7.5000   30.0000   -7.5000 7959.4023   12.6281
   -7.5000   37.5000   -7.5000 7553.6904   12.4925
    0.0000   37.5000   -7.5000 7625.1396   12.5227
    7.5000   37.5000   -7.5000 7167.7305   12.5501
   -7.5000   45.0000   -7.5000 6804.2158   12.4413
    0.0000   45.0000   -7.5000 6855.2485   12.4622
    7.5000   45.0000   -7.5000 6457.6763   12.4848
   -7.5000  -45.0000    0.0000 9168.1807   12.3061
    0.0000  -45.0000    0.0000 9248.4854   12.3338
    7.5000  -45.0000    0.0000 8732.2588   12.3588
   -7.5000  -37.5000    0.0000 9678.3330   13.1163
    0.0000  -37.5000    0.0000 9768.9316   13.1379
    7.5000  -37.5000    0.0000 9212.4795   13.1634
   -7.5000  -30.0000    0.000010298.1396   13.4325
    0.0000  -30.0000    0.000010432.8750   13.4545
    7.5000  -30.0000    0.0000 9779.0947   13.4784
   -7.5000  -22.5000    0.000010965.3623   13.3930
    0.0000  -22.5000    0.000011165.5215   13.4234
    7.5000  -22.5000    0.000010356.2598   13.4466
   -7.5000  -15.0000    0.000011481.8926   13.3693
    0.0000  -15.0000    0.000011634.1201   13.4076
    7.5000  -15.0000    0.000010827.0332   13.4333
   -7.5000   -7.5000    0.000011538.1309   13.3843
    0.0000   -7.5000    0.000011640.7080   13.4222
    7.5000   -7.5000    0.000010890.9404   13.4497
   -7.5000    0.0000    0.000011429.8145   13.4254
    0.0000    0.0000    0.000011510.7686   13.4556
    7.5000    0.0000    0.000010780.5566   13.4829
   -7.5000    7.5000    0.000010734.3320   13.4468
    0.0000    7.5000    0.000010802.7871   13.4690
    7.5000    7.5000    0.000010126.5225   13.4951
   -7.5000   15.0000    0.000010245.9580   13.4277
    0.0000   15.0000    0.000010318.2529   13.4497
    7.5000   15.0000    0.0000 9684.8633   13.4737
   -7.5000   22.5000    0.0000 9329.5977   13.2196
    0.0000   22.5000    0.0000 9400.2910   13.2496
    7.5000   22.5000    0.0000 8845.0283   13.2726
   -7.5000   30.0000    0.0000 8455.9453   12.8832
    0.0000   30.0000    0.0000 8530.9082   12.9201
    7.5000   30.0000    0.0000 8009.6548   12.9449
   -7.5000   37.5000    0.0000 7609.8789   12.8159
    0.0000   37.5000    0.0000 7668.6338   12.8500
    7.5000   37.5000    0.0000 7189.3794   12.8750
   -7.5000   45.0000    0.0000 6803.8994   12.7635
    0.0000   45.0000    0.0000 6861.5317   12.7865
    7.5000   45.0000    0.0000 6430.6885   12.8062
   -7.5000  -45.0000    7.5000 8852.9170   12.3229
    0.0000  -45.0000    7.5000 8923.2832   12.3419
    7.5000  -45.0000    7.5000 8458.2969   12.3637
   -7.5000  -37.5000    7.5000 9377.5098   13.1250
    0.0000  -37.5000    7.5000 9465.0693   13.1405
    7.5000  -37.5000    7.5000 8920.2949   13.1614
   -7.5000  -30.0000    7.500010083.5264   13.4350
    0.0000  -30.0000    7.500010312.8896   13.4529
    7.5000  -30.0000    7.5000 9564.2861   13.4700
   -7.5000  -22.5000    7.500010833.5771   13.3989
    0.0000  -22.5000    7.500011085.3262   13.4237
    7.5000  -22.5000    7.500010205.3174   13.4392
   -7.5000  -15.0000    7.500011317.4980   13.3852
    0.0000  -15.0000    7.500011450.7666   13.4146
    7.5000  -15.0000    7.500010647.5518   13.4333
   -7.5000   -7.5000    7.500011310.7578   13.4059
    0.0000   -7.5000    7.500011353.1299   13.4331
    7.5000   -7.5000    7.500010637.6182   13.4557
   -7.5000    0.0000    7.500011119.8008   13.4437
    0.0000    0.0000    7.500011173.9609   13.4645
    7.5000    0.0000    7.500010466.4316   13.4882
   -7.5000    7.5000    7.500010386.9033   13.4557
    0.0000    7.5000    7.500010455.8994   13.4717
    7.5000    7.5000    7.5000 9766.3613   13.4931
   -7.5000   15.0000    7.5000 9912.0000   13.4303
    0.0000   15.0000    7.5000 9990.8867   13.4481
    7.5000   15.0000    7.5000 9336.2139   13.4653
   -7.5000   22.5000    7.5000 9031.4238   13.2255
    0.0000   22.5000    7.5000 9112.2559   13.2500
    7.5000   22.5000    7.5000 8514.8037   13.2652
   -7.5000   30.0000    7.5000 8169.7222   12.8986
    0.0000   30.0000    7.5000 8256.5156   12.9269
    7.5000   30.0000    7.5000 7712.3501   12.9449
   -7.5000   37.5000    7.5000 7333.8086   12.8335
    0.0000   37.5000    7.5000 7396.2070   12.8575
    7.5000   37.5000    7.5000 6921.0327   12.8782
   -7.5000   45.0000    7.5000 6529.0781   12.7725
    0.0000   45.0000    7.5000 6584.1885   12.7865
    7.5000   45.0000    7.5000 6166.2344   12.8020
   -7.5000  -45.0000   15.0000 8914.0684   12.3841
    0.0000  -45.0000   15.0000 8988.4238   12.3935
    7.5000  -45.0000   15.0000 8502.5029   12.4141
   -7.5000  -37.5000   15.0000 9415.1699   13.1923
    0.0000  -37.5000   15.0000 9526.0146   13.1994
    7.5000  -37.5000   15.0000 8953.3867   13.2174
   -7.5000  -30.0000   15.000010082.5439   13.5033
    0.0000  -30.0000   15.000010321.0947   13.5115
    7.5000  -30.0000   15.0000 9547.2012   13.5245
   -7.5000  -22.5000   15.000010876.6230   13.4645
    0.0000  -22.5000   15.000011166.0684   13.4766
    7.5000  -22.5000   15.000010220.5693   13.4875
   -7.5000  -15.0000   15.000011441.0938   13.4480
    0.0000  -15.0000   15.000011658.3936   13.4625
    7.5000  -15.0000   15.000010713.1123   13.4777
   -7.5000   -7.5000   15.000011369.3926   13.4690
    0.0000   -7.5000   15.000011486.0146   13.4827
    7.5000   -7.5000   15.000010660.2148   13.5035
   -7.5000    0.0000   15.000011087.8369   13.5105
    0.0000    0.0000   15.000011166.4043   13.5207
    7.5000    0.0000   15.000010420.7646   13.5432
   -7.5000    7.5000   15.000010284.5459   13.5248
    0.0000    7.5000   15.000010351.1094   13.5320
    7.5000    7.5000   15.0000 9684.5352   13.5505
   -7.5000   15.0000   15.0000 9835.1729   13.4985
    0.0000   15.0000   15.0000 9889.6221   13.5067
    7.5000   15.0000   15.0000 9300.9346   13.5197
   -7.5000   22.5000   15.0000 8987.4355   13.2903
    0.0000   22.5000   15.0000 9039.0654   13.3022
    7.5000   22.5000   15.0000 8497.2373   13.3130
   -7.5000   30.0000   15.0000 8127.8901   12.9591
    0.0000   30.0000   15.0000 8181.3008   12.9731
    7.5000   30.0000   15.0000 7694.5571   12.9877
   -7.5000   37.5000   15.0000 7288.5454   12.8913
    0.0000   37.5000   15.0000 7321.6968   12.9031
    7.5000   37.5000   15.0000 6888.1343   12.9222
   -7.5000   45.0000   15.0000 6488.9453   12.8328
    0.0000   45.0000   15.0000 6522.3906   12.8372
    7.5000   45.0000   15.0000 6123.6367   12.8520
   -7.5000  -45.0000   22.5000 8454.5146   12.5117
    0.0000  -45.0000   22.5000 8538.3076   12.5197
    7.5000  -45.0000   22.5000 8053.5830   12.5434
   -7.5000  -37.5000   22.5000 8902.4170   13.3382
    0.0000  -37.5000   22.5000 9007.2148   13.3422
    7.5000  -37.5000   22.5000 8468.4990   13.3621
   -7.5000  -30.0000   22.5000 9477.9004   13.6576
    0.0000  -30.0000   22.5000 9610.2217   13.6596
    7.5000  -30.0000   22.5000 8998.4736   13.6746
   -7.5000  -22.5000   22.500010169.3857   13.6131
    0.0000  -22.5000   22.500010298.0625   13.6174
    7.5000  -22.5000   22.5000 9612.8945   13.6314
   -7.5000  -15.0000   22.500010737.2852   13.5849
    0.0000  -15.0000   22.500010861.9014   13.5933
    7.5000  -15.0000   22.500010136.1240   13.6127
   -7.5000   -7.5000   22.500010714.6924   13.6018
    0.0000   -7.5000   22.500010802.1885   13.6123
    7.5000   -7.5000   22.500010136.3643   13.6378
   -7.5000    0.0000   22.500010465.2754   13.6497
    0.0000    0.0000   22.500010532.0127   13.6584
    7.5000    0.0000   22.5000 9915.4648   13.6842
   -7.5000    7.5000   22.5000 9703.0986   13.6744
    0.0000    7.5000   22.5000 9750.1230   13.6784
    7.5000    7.5000   22.5000 9190.4551   13.6988
   -7.5000   15.0000   22.5000 9312.3438   13.6528
    0.0000   15.0000   22.5000 9355.3311   13.6547
    7.5000   15.0000   22.5000 8831.4902   13.6698
   -7.5000   22.5000   22.5000 8525.7852   13.4369
    0.0000   22.5000   22.5000 8563.2695   13.4412
    7.5000   22.5000   22.5000 8068.6577   13.4550
   -7.5000   30.0000   22.5000 7682.4800   13.0910
    0.0000   30.0000   22.5000 7738.2676   13.0991
    7.5000   30.0000   22.5000 7285.3936   13.1178
   -7.5000   37.5000   22.5000 6852.6587   13.0177
    0.0000   37.5000   22.5000 6894.3384   13.0270
    7.5000   37.5000   22.5000 6501.1973   13.0503
   -7.5000   45.0000   22.5000 6113.5166   12.9677
    0.0000   45.0000   22.5000 6131.5400   12.9705
    7.5000   45.0000   22.5000 5769.0303   12.9902
   -7.5000  -45.0000   30.0000 7933.5977   12.6486
    0.0000  -45.0000   30.0000 7997.8931   12.6650
    7.5000  -45.0000   30.0000 7550.1836   12.6909
   -7.5000  -37.5000   30.0000 8327.5811   13.4943
    0.0000  -37.5000   30.0000 8396.0605   13.5054
    7.5000  -37.5000   30.0000 7941.7021   13.5282
   -7.5000  -30.0000   30.0000 8830.9131   13.8244
    0.0000  -30.0000   30.0000 8891.4395   13.8325
    7.5000  -30.0000   30.0000 8414.1504   13.8529
   -7.5000  -22.5000   30.0000 9416.1787   13.7790
    0.0000  -22.5000   30.0000 9471.1104   13.7904
    7.5000  -22.5000   30.0000 8969.2832   13.8117
   -7.5000  -15.0000   30.0000 9940.7900   13.7452
    0.0000  -15.0000   30.0000 9988.3701   13.7632
    7.5000  -15.0000   30.0000 9448.4980   13.7899
   -7.5000   -7.5000   30.0000 9982.5234   13.7586
    0.0000   -7.5000   30.000010014.7607   13.7796
    7.5000   -7.5000   30.0000 9501.5625   13.8099
   -7.5000    0.0000   30.0000 9801.7832   13.8074
    0.0000    0.0000   30.0000 9826.6270   13.8254
    7.5000    0.0000   30.0000 9333.1914   13.8536
   -7.5000    7.5000   30.0000 9093.1484   13.8367
    0.0000    7.5000   30.0000 9128.0625   13.8481
    7.5000    7.5000   30.0000 8646.7100   13.8715
   -7.5000   15.0000   30.0000 8745.4102   13.8195
    0.0000   15.0000   30.0000 8772.0137   13.8276
    7.5000   15.0000   30.0000 8292.5186   13.8479
   -7.5000   22.5000   30.0000 7991.5942   13.5995
    0.0000   22.5000   30.0000 8021.0947   13.6108
    7.5000   22.5000   30.0000 7568.6880   13.6318
   -7.5000   30.0000   30.0000 7193.3901   13.2515
    0.0000   30.0000   30.0000 7233.4033   13.2689
    7.5000   30.0000   30.0000 6828.0244   13.2946
   -7.5000   37.5000   30.0000 6413.1396   13.1818
    0.0000   37.5000   30.0000 6438.4141   13.2009
    7.5000   37.5000   30.0000 6082.2632   13.2285
   -7.5000   45.0000   30.0000 5711.2017   13.1396
    0.0000   45.0000   30.0000 5720.8569   13.1510
    7.5000   45.0000   30.0000 5407.1899   13.1736
   -7.5000  -45.0000   37.5000 7412.5034   12.7239
    0.0000  -45.0000   37.5000 7476.3838   12.7480
    7.5000  -45.0000   37.5000 7084.3604   12.7748
   -7.5000  -37.5000   37.5000 7773.3184   13.5756
    0.0000  -37.5000   37.5000 7832.9146   13.5941
    7.5000  -37.5000   37.5000 7429.0889   13.6215
   -7.5000  -30.0000   37.5000 8207.4697   13.8991
    0.0000  -30.0000   37.5000 8259.6289   13.9164
    7.5000  -30.0000   37.5000 7847.1958   13.9438
   -7.5000  -22.5000   37.5000 8734.1592   13.8547
    0.0000  -22.5000   37.5000 8787.7412   13.8782
    7.5000  -22.5000   37.5000 8357.7236   13.9062
   -7.5000  -15.0000   37.5000 9212.2920   13.8233
    0.0000  -15.0000   37.5000 9272.8613   13.8543
    7.5000  -15.0000   37.5000 8797.4385   13.8846
   -7.5000   -7.5000   37.5000 9278.9639   13.8375
    0.0000   -7.5000   37.5000 9323.0332   13.8695
    7.5000   -7.5000   37.5000 8864.8896   13.9004
   -7.5000    0.0000   37.5000 9141.6738   13.8844
    0.0000    0.0000   37.5000 9168.3164   13.9106
    7.5000    0.0000   37.5000 8723.2451   13.9399
   -7.5000    7.5000   37.5000 8508.0391   13.9115
    0.0000    7.5000   37.5000 8541.4150   13.9304
    7.5000    7.5000   37.5000 8100.5776   13.9586
   -7.5000   15.0000   37.5000 8179.7573   13.8940
    0.0000   15.0000   37.5000 8210.7217   13.9114
    7.5000   15.0000   37.5000 7765.2710   13.9387
   -7.5000   22.5000   37.5000 7460.5503   13.6718
    0.0000   22.5000   37.5000 7494.6533   13.6950
    7.5000   22.5000   37.5000 7087.3550   13.7226
   -7.5000   30.0000   37.5000 6705.7373   13.3268
    0.0000   30.0000   37.5000 6744.8521   13.3567
    7.5000   30.0000   37.5000 6381.2104   13.3859
   -7.5000   37.5000   37.5000 5984.9043   13.2556
    0.0000   37.5000   37.5000 6009.3638   13.2844
    7.5000   37.5000   37.5000 5680.8330   13.3127
   -7.5000   45.0000   37.5000 5321.6953   13.2030
    0.0000   45.0000   37.5000 5329.8862   13.2218
    7.5000   45.0000   37.5000 5046.3789   13.2449
   -7.5000  -45.0000   45.0000 6896.2866   12.8404
    0.0000  -45.0000   45.0000 6963.2622   12.8614
    7.5000  -45.0000   45.0000 6602.9229   12.8870
   -7.5000  -37.5000   45.0000 7213.7954   13.6940
    0.0000  -37.5000   45.0000 7283.9277   13.7108
    7.5000  -37.5000   45.0000 6909.5845   13.7386
   -7.5000  -30.0000   45.0000 7606.5918   14.0044
    0.0000  -30.0000   45.0000 7679.8374   14.0224
    7.5000  -30.0000   45.0000 7289.5117   14.0480
   -7.5000  -22.5000   45.0000 8086.4409   13.9643
    0.0000  -22.5000   45.0000 8144.8286   13.9896
    7.5000  -22.5000   45.0000 7749.8203   14.0121
   -7.5000  -15.0000   45.0000 8521.4570   13.9412
    0.0000  -15.0000   45.0000 8583.6582   13.9722
    7.5000  -15.0000   45.0000 8153.0386   13.9958
   -7.5000   -7.5000   45.0000 8582.2627   13.9578
    0.0000   -7.5000   45.0000 8627.1338   13.9874
    7.5000   -7.5000   45.0000 8203.0361   14.0132
   -7.5000    0.0000   45.0000 8461.6299   13.9994
    0.0000    0.0000   45.0000 8494.9805   14.0223
    7.5000    0.0000   45.0000 8088.6670   14.0502
   -7.5000    7.5000   45.0000 7899.8560   14.0193
    0.0000    7.5000   45.0000 7939.5259   14.0365
    7.5000    7.5000   45.0000 7540.7295   14.0650
   -7.5000   15.0000   45.0000 7604.7451   13.9991
    0.0000   15.0000   45.0000 7643.0898   14.0172
    7.5000   15.0000   45.0000 7248.2910   14.0427
   -7.5000   22.5000   45.0000 6925.7583   13.7782
    0.0000   22.5000   45.0000 6973.2261   13.8031
    7.5000   22.5000   45.0000 6595.5205   13.8253
   -7.5000   30.0000   45.0000 6230.4023   13.4391
    0.0000   30.0000   45.0000 6277.3989   13.4690
    7.5000   30.0000   45.0000 5935.4180   13.4918
   -7.5000   37.5000   45.0000 5565.3945   13.3621
    0.0000   37.5000   45.0000 5591.8916   13.3879
    7.5000   37.5000   45.0000 5279.2979   13.4117
   -7.5000   45.0000   45.0000 4926.1113   13.2864
    0.0000   45.0000   45.0000 4947.3467   13.3017
    7.5000   45.0000   45.0000 4672.8716   13.3223

---------------------------------------------------------------------
imgreg_4dfp /opt/freesurfer/average/711-2C_as_mni_average_305 /opt/freesurfer/average/711-2B_as_mni_average_305_mask talsrcimg_g11 none talsrcimg_to_711-2C_as_mni_average_305_t4 4355
---------------------------------------------------------------------

freesurfer imgreg_4dfp.c
/opt/freesurfer/average/711-2C_as_mni_average_305.4dfp.img
       256       256       256         1
  1.000000  1.000000  1.000000
orientation T byte_order littleendian
Reading image: /opt/freesurfer/average/711-2C_as_mni_average_305.4dfp.img
dimensions:      256       256       256
mmppix:       1.0000   -1.0000   -1.0000
center:     128.0000 -129.0000 -129.0000
/opt/freesurfer/average/711-2B_as_mni_average_305_mask.4dfp.img
       256       256       256         1
  1.000000  1.000000  1.000000
orientation T byte_order littleendian
Reading mask: /opt/freesurfer/average/711-2B_as_mni_average_305_mask.4dfp.img (2306576 pixels)
talsrcimg_g11.4dfp.img
       256       256       256         1
  0.898438  0.898438  0.898438
orientation T byte_order littleendian
Reading image: talsrcimg_g11.4dfp.img
dimensions:      256       256       256
mmppix:       0.8984   -0.8984   -0.8984
center:     115.0001 -115.8985 -115.8985
rotation matrix determinant  1.000000
image alignment mode   4355 decimal     1103 hex
   -7.5000  -60.0000  -30.0000 2106.8647   12.8771
    0.0000  -60.0000  -30.0000 2119.7949   12.8496
    7.5000  -60.0000  -30.0000 2096.3630   12.9795
   -7.5000  -52.5000  -30.0000 2219.5752   11.7401
    0.0000  -52.5000  -30.0000 2230.3804   11.7181
    7.5000  -52.5000  -30.0000 2206.9529   11.8396
   -7.5000  -45.0000  -30.0000 2315.7051   11.0261
    0.0000  -45.0000  -30.0000 2327.6394   10.9774
    7.5000  -45.0000  -30.0000 2306.1926   11.0853
   -7.5000  -37.5000  -30.0000 2372.1592   10.3939
    0.0000  -37.5000  -30.0000 2385.7561   10.3370
    7.5000  -37.5000  -30.0000 2365.8826   10.4478
   -7.5000  -30.0000  -30.0000 2418.0427    9.9161
    0.0000  -30.0000  -30.0000 2436.6318    9.8614
    7.5000  -30.0000  -30.0000 2408.0811    9.9747
   -7.5000  -22.5000  -30.0000 2444.7952    9.6493
    0.0000  -22.5000  -30.0000 2460.2910    9.5991
    7.5000  -22.5000  -30.0000 2435.0681    9.7073
   -7.5000  -15.0000  -30.0000 2450.3584    9.6160
    0.0000  -15.0000  -30.0000 2467.8657    9.5561
    7.5000  -15.0000  -30.0000 2437.3191    9.6780
   -7.5000   -7.5000  -30.0000 2430.2764    9.7871
    0.0000   -7.5000  -30.0000 2448.5232    9.7316
    7.5000   -7.5000  -30.0000 2420.6096    9.8679
   -7.5000    0.0000  -30.0000 2394.1008   10.1697
    0.0000    0.0000  -30.0000 2410.2559   10.0955
    7.5000    0.0000  -30.0000 2378.7932   10.2522
   -7.5000    7.5000  -30.0000 2337.0229   10.7623
    0.0000    7.5000  -30.0000 2352.2070   10.7006
    7.5000    7.5000  -30.0000 2317.2849   10.8491
   -7.5000   15.0000  -30.0000 2256.0330   11.5680
    0.0000   15.0000  -30.0000 2271.1179   11.5218
    7.5000   15.0000  -30.0000 2243.4414   11.6677
   -7.5000   22.5000  -30.0000 2145.3108   12.6711
    0.0000   22.5000  -30.0000 2165.7627   12.6257
    7.5000   22.5000  -30.0000 2135.8201   12.7793
   -7.5000   30.0000  -30.0000 2022.1053   14.1735
    0.0000   30.0000  -30.0000 2039.3171   14.1179
    7.5000   30.0000  -30.0000 2010.5819   14.2793
   -7.5000  -60.0000  -22.5000 2206.5862   12.4079
    0.0000  -60.0000  -22.5000 2217.7217   12.3669
    7.5000  -60.0000  -22.5000 2198.6235   12.5293
   -7.5000  -52.5000  -22.5000 2326.1741   11.2771
    0.0000  -52.5000  -22.5000 2338.1282   11.2218
    7.5000  -52.5000  -22.5000 2314.0647   11.3848
   -7.5000  -45.0000  -22.5000 2432.6814   10.5726
    0.0000  -45.0000  -22.5000 2445.7607   10.5191
    7.5000  -45.0000  -22.5000 2422.9194   10.6552
   -7.5000  -37.5000  -22.5000 2493.3125    9.9774
    0.0000  -37.5000  -22.5000 2510.3484    9.9186
    7.5000  -37.5000  -22.5000 2486.7634   10.0225
   -7.5000  -30.0000  -22.5000 2553.8494    9.5146
    0.0000  -30.0000  -22.5000 2577.7734    9.4504
    7.5000  -30.0000  -22.5000 2542.6614    9.5616
   -7.5000  -22.5000  -22.5000 2597.1763    9.2517
    0.0000  -22.5000  -22.5000 2615.7742    9.1969
    7.5000  -22.5000  -22.5000 2582.5024    9.3063
   -7.5000  -15.0000  -22.5000 2607.1626    9.2140
    0.0000  -15.0000  -22.5000 2627.3196    9.1584
    7.5000  -15.0000  -22.5000 2593.2893    9.2658
   -7.5000   -7.5000  -22.5000 2586.3743    9.3979
    0.0000   -7.5000  -22.5000 2610.0342    9.3504
    7.5000   -7.5000  -22.5000 2571.9949    9.4599
   -7.5000    0.0000  -22.5000 2543.7280    9.7744
    0.0000    0.0000  -22.5000 2566.8860    9.7214
    7.5000    0.0000  -22.5000 2528.0320    9.8439
   -7.5000    7.5000  -22.5000 2473.7131   10.3552
    0.0000    7.5000  -22.5000 2493.8677   10.2927
    7.5000    7.5000  -22.5000 2458.1665   10.4345
   -7.5000   15.0000  -22.5000 2383.0735   11.1590
    0.0000   15.0000  -22.5000 2402.3779   11.0891
    7.5000   15.0000  -22.5000 2372.1636   11.2434
   -7.5000   22.5000  -22.5000 2265.7727   12.2504
    0.0000   22.5000  -22.5000 2288.3237   12.1699
    7.5000   22.5000  -22.5000 2261.0923   12.3498
   -7.5000   30.0000  -22.5000 2132.0364   13.6532
    0.0000   30.0000  -22.5000 2151.1069   13.5988
    7.5000   30.0000  -22.5000 2127.5344   13.7675
   -7.5000  -60.0000  -15.0000 2279.4832   11.8525
    0.0000  -60.0000  -15.0000 2293.1648   11.8221
    7.5000  -60.0000  -15.0000 2273.2241   12.0075
   -7.5000  -52.5000  -15.0000 2406.6223   10.7189
    0.0000  -52.5000  -15.0000 2416.0215   10.6907
    7.5000  -52.5000  -15.0000 2396.1902   10.8636
   -7.5000  -45.0000  -15.0000 2518.6440   10.0510
    0.0000  -45.0000  -15.0000 2536.7896   10.0186
    7.5000  -45.0000  -15.0000 2510.2778   10.1660
   -7.5000  -37.5000  -15.0000 2595.0139    9.4809
    0.0000  -37.5000  -15.0000 2608.0906    9.4392
    7.5000  -37.5000  -15.0000 2582.4060    9.5445
   -7.5000  -30.0000  -15.0000 2663.4102    9.0514
    0.0000  -30.0000  -15.0000 2683.9243    9.0024
    7.5000  -30.0000  -15.0000 2649.3774    9.1020
   -7.5000  -22.5000  -15.0000 2719.9949    8.7807
    0.0000  -22.5000  -15.0000 2743.7227    8.7197
    7.5000  -22.5000  -15.0000 2700.3420    8.8382
   -7.5000  -15.0000  -15.0000 2738.5298    8.7322
    0.0000  -15.0000  -15.0000 2764.3501    8.7025
    7.5000  -15.0000  -15.0000 2719.2991    8.8109
   -7.5000   -7.5000  -15.0000 2723.1284    8.9254
    0.0000   -7.5000  -15.0000 2752.2173    8.8976
    7.5000   -7.5000  -15.0000 2705.4514    9.0040
   -7.5000    0.0000  -15.0000 2674.4844    9.3176
    0.0000    0.0000  -15.0000 2699.9324    9.2835
    7.5000    0.0000  -15.0000 2654.1885    9.4009
   -7.5000    7.5000  -15.0000 2589.0967    9.9017
    0.0000    7.5000  -15.0000 2607.9980    9.8456
    7.5000    7.5000  -15.0000 2573.7834    9.9605
   -7.5000   15.0000  -15.0000 2485.1443   10.7002
    0.0000   15.0000  -15.0000 2501.3550   10.6236
    7.5000   15.0000  -15.0000 2472.6899   10.7617
   -7.5000   22.5000  -15.0000 2353.8337   11.7636
    0.0000   22.5000  -15.0000 2372.7734   11.6885
    7.5000   22.5000  -15.0000 2349.2185   11.8542
   -7.5000   30.0000  -15.0000 2214.3657   13.1128
    0.0000   30.0000  -15.0000 2229.9473   13.0740
    7.5000   30.0000  -15.0000 2206.4016   13.2504
   -7.5000  -60.0000   -7.5000 2320.9182   11.3042
    0.0000  -60.0000   -7.5000 2333.3845   11.2620
    7.5000  -60.0000   -7.5000 2311.1226   11.4658
   -7.5000  -52.5000   -7.5000 2450.4753   10.1913
    0.0000  -52.5000   -7.5000 2460.0911   10.1687
    7.5000  -52.5000   -7.5000 2438.9688   10.3370
   -7.5000  -45.0000   -7.5000 2576.1135    9.5284
    0.0000  -45.0000   -7.5000 2590.9731    9.4989
    7.5000  -45.0000   -7.5000 2563.6399    9.6303
   -7.5000  -37.5000   -7.5000 2666.2190    8.9688
    0.0000  -37.5000   -7.5000 2682.9338    8.9423
    7.5000  -37.5000   -7.5000 2653.6018    9.0443
   -7.5000  -30.0000   -7.5000 2744.4570    8.5470
    0.0000  -30.0000   -7.5000 2764.6868    8.5010
    7.5000  -30.0000   -7.5000 2728.8840    8.6074
   -7.5000  -22.5000   -7.5000 2806.9849    8.2893
    0.0000  -22.5000   -7.5000 2835.4626    8.2330
    7.5000  -22.5000   -7.5000 2787.0581    8.3523
   -7.5000  -15.0000   -7.5000 2829.7437    8.2470
    0.0000  -15.0000   -7.5000 2858.1118    8.2167
    7.5000  -15.0000   -7.5000 2808.3467    8.3224
   -7.5000   -7.5000   -7.5000 2814.6978    8.4433
    0.0000   -7.5000   -7.5000 2841.8000    8.4060
    7.5000   -7.5000   -7.5000 2790.2334    8.5233
   -7.5000    0.0000   -7.5000 2757.0864    8.8329
    0.0000    0.0000   -7.5000 2778.2681    8.8035
    7.5000    0.0000   -7.5000 2733.5544    8.9233
   -7.5000    7.5000   -7.5000 2661.5493    9.4091
    0.0000    7.5000   -7.5000 2678.7690    9.3551
    7.5000    7.5000   -7.5000 2647.3521    9.4869
   -7.5000   15.0000   -7.5000 2543.6965   10.2128
    0.0000   15.0000   -7.5000 2561.9907   10.1403
    7.5000   15.0000   -7.5000 2529.2549   10.2832
   -7.5000   22.5000   -7.5000 2405.6716   11.2763
    0.0000   22.5000   -7.5000 2425.0640   11.2066
    7.5000   22.5000   -7.5000 2392.8809   11.3696
   -7.5000   30.0000   -7.5000 2257.7112   12.5675
    0.0000   30.0000   -7.5000 2271.8745   12.5124
    7.5000   30.0000   -7.5000 2245.5315   12.7095
   -7.5000  -60.0000    0.0000 2354.7246   11.0580
    0.0000  -60.0000    0.0000 2368.9810   11.0073
    7.5000  -60.0000    0.0000 2345.2769   11.2154
   -7.5000  -52.5000    0.0000 2481.5862    9.9220
    0.0000  -52.5000    0.0000 2496.2231    9.8809
    7.5000  -52.5000    0.0000 2471.2490   10.0616
   -7.5000  -45.0000    0.0000 2617.0549    9.2243
    0.0000  -45.0000    0.0000 2636.7136    9.1844
    7.5000  -45.0000    0.0000 2604.7534    9.3310
   -7.5000  -37.5000    0.0000 2719.8223    8.6841
    0.0000  -37.5000    0.0000 2742.3237    8.6396
    7.5000  -37.5000    0.0000 2711.7666    8.7571
   -7.5000  -30.0000    0.0000 2820.2866    8.2792
    0.0000  -30.0000    0.0000 2848.1506    8.2401
    7.5000  -30.0000    0.0000 2805.7112    8.3415
   -7.5000  -22.5000    0.0000 2898.2859    8.0306
    0.0000  -22.5000    0.0000 2940.5884    7.9826
    7.5000  -22.5000    0.0000 2874.7957    8.0991
   -7.5000  -15.0000    0.0000 2921.0269    7.9707
    0.0000  -15.0000    0.0000 2960.9377    7.9200
    7.5000  -15.0000    0.0000 2892.9946    8.0560
   -7.5000   -7.5000    0.0000 2892.4446    8.1572
    0.0000   -7.5000    0.0000 2919.2505    8.0943
    7.5000   -7.5000    0.0000 2867.5508    8.2491
   -7.5000    0.0000    0.0000 2820.7034    8.5584
    0.0000    0.0000    0.0000 2846.4805    8.4986
    7.5000    0.0000    0.0000 2800.2012    8.6503
   -7.5000    7.5000    0.0000 2718.4856    9.1580
    0.0000    7.5000    0.0000 2742.3401    9.0778
    7.5000    7.5000    0.0000 2701.0066    9.2361
   -7.5000   15.0000    0.0000 2587.6204    9.9666
    0.0000   15.0000    0.0000 2608.9531    9.8781
    7.5000   15.0000    0.0000 2569.1462   10.0400
   -7.5000   22.5000    0.0000 2442.4126   11.0030
    0.0000   22.5000    0.0000 2460.4075   10.9148
    7.5000   22.5000    0.0000 2428.6770   11.0801
   -7.5000   30.0000    0.0000 2293.9011   12.2865
    0.0000   30.0000    0.0000 2309.3682   12.2371
    7.5000   30.0000    0.0000 2278.9727   12.4247
   -7.5000  -60.0000    7.5000 2362.8889   10.9217
    0.0000  -60.0000    7.5000 2381.2480   10.8459
    7.5000  -60.0000    7.5000 2353.1235   11.0523
   -7.5000  -52.5000    7.5000 2492.1641    9.7790
    0.0000  -52.5000    7.5000 2507.0720    9.7268
    7.5000  -52.5000    7.5000 2479.5557    9.9061
   -7.5000  -45.0000    7.5000 2629.0764    9.0533
    0.0000  -45.0000    7.5000 2646.3337    9.0169
    7.5000  -45.0000    7.5000 2618.5818    9.1740
   -7.5000  -37.5000    7.5000 2746.6951    8.4993
    0.0000  -37.5000    7.5000 2768.1721    8.4392
    7.5000  -37.5000    7.5000 2734.2217    8.5789
   -7.5000  -30.0000    7.5000 2863.7573    8.1499
    0.0000  -30.0000    7.5000 2897.1057    8.0962
    7.5000  -30.0000    7.5000 2849.3176    8.1881
   -7.5000  -22.5000    7.5000 2960.1418    7.9479
    0.0000  -22.5000    7.5000 3011.5681    7.9206
    7.5000  -22.5000    7.5000 2931.4685    7.9852
   -7.5000  -15.0000    7.5000 2980.8269    7.8621
    0.0000  -15.0000    7.5000 3030.4526    7.7988
    7.5000  -15.0000    7.5000 2949.1655    7.9305
   -7.5000   -7.5000    7.5000 2934.7283    8.0221
    0.0000   -7.5000    7.5000 2966.0332    7.9249
    7.5000   -7.5000    7.5000 2904.2622    8.0904
   -7.5000    0.0000    7.5000 2847.0361    8.3687
    0.0000    0.0000    7.5000 2875.3770    8.2916
    7.5000    0.0000    7.5000 2828.9050    8.4358
   -7.5000    7.5000    7.5000 2734.6890    8.9480
    0.0000    7.5000    7.5000 2761.5227    8.8715
    7.5000    7.5000    7.5000 2721.7336    8.9948
   -7.5000   15.0000    7.5000 2600.6541    9.7541
    0.0000   15.0000    7.5000 2621.0430    9.6867
    7.5000   15.0000    7.5000 2585.9565    9.8021
   -7.5000   22.5000    7.5000 2454.3730   10.7940
    0.0000   22.5000    7.5000 2473.8706   10.7343
    7.5000   22.5000    7.5000 2440.7341   10.8477
   -7.5000   30.0000    7.5000 2303.2788   12.0814
    0.0000   30.0000    7.5000 2318.8042   12.0348
    7.5000   30.0000    7.5000 2285.4500   12.1995
   -7.5000  -60.0000   15.0000 2369.7351   10.9279
    0.0000  -60.0000   15.0000 2390.8545   10.8537
    7.5000  -60.0000   15.0000 2358.3960   11.0945
   -7.5000  -52.5000   15.0000 2490.7102    9.8014
    0.0000  -52.5000   15.0000 2506.9504    9.7296
    7.5000  -52.5000   15.0000 2481.2922    9.9401
   -7.5000  -45.0000   15.0000 2633.2332    9.0895
    0.0000  -45.0000   15.0000 2647.3103    9.0391
    7.5000  -45.0000   15.0000 2620.8721    9.1990
   -7.5000  -37.5000   15.0000 2751.7900    8.5189
    0.0000  -37.5000   15.0000 2774.2366    8.4606
    7.5000  -37.5000   15.0000 2741.0056    8.6028
   -7.5000  -30.0000   15.0000 2871.5110    8.1619
    0.0000  -30.0000   15.0000 2905.3257    8.1320
    7.5000  -30.0000   15.0000 2851.2766    8.2112
   -7.5000  -22.5000   15.0000 2972.1626    7.9676
    0.0000  -22.5000   15.0000 3022.2490    7.9610
    7.5000  -22.5000   15.0000 2934.9465    8.0075
   -7.5000  -15.0000   15.0000 2988.8391    7.9436
    0.0000  -15.0000   15.0000 3037.4480    7.8998
    7.5000  -15.0000   15.0000 2951.7732    7.9880
   -7.5000   -7.5000   15.0000 2932.3965    8.0761
    0.0000   -7.5000   15.0000 2964.2861    8.0158
    7.5000   -7.5000   15.0000 2904.0281    8.1290
   -7.5000    0.0000   15.0000 2844.8442    8.3332
    0.0000    0.0000   15.0000 2868.1997    8.2734
    7.5000    0.0000   15.0000 2824.2632    8.3922
   -7.5000    7.5000   15.0000 2723.8623    8.8921
    0.0000    7.5000   15.0000 2749.6995    8.8011
    7.5000    7.5000   15.0000 2715.2390    8.9308
   -7.5000   15.0000   15.0000 2589.5652    9.6856
    0.0000   15.0000   15.0000 2609.8975    9.5968
    7.5000   15.0000   15.0000 2587.4404    9.7123
   -7.5000   22.5000   15.0000 2448.2197   10.7190
    0.0000   22.5000   15.0000 2466.8357   10.6385
    7.5000   22.5000   15.0000 2439.6584   10.7710
   -7.5000   30.0000   15.0000 2293.4827   11.9948
    0.0000   30.0000   15.0000 2308.3738   11.9309
    7.5000   30.0000   15.0000 2282.0342   12.1142
   -7.5000  -60.0000   22.5000 2362.8787   11.0963
    0.0000  -60.0000   22.5000 2383.4146   11.0373
    7.5000  -60.0000   22.5000 2349.7874   11.2429
   -7.5000  -52.5000   22.5000 2488.8291    9.9629
    0.0000  -52.5000   22.5000 2502.0322    9.9163
    7.5000  -52.5000   22.5000 2472.5571   10.1140
   -7.5000  -45.0000   22.5000 2626.4976    9.2558
    0.0000  -45.0000   22.5000 2638.3826    9.2117
    7.5000  -45.0000   22.5000 2608.7375    9.3934
   -7.5000  -37.5000   22.5000 2743.1506    8.6877
    0.0000  -37.5000   22.5000 2761.8311    8.6420
    7.5000  -37.5000   22.5000 2724.1533    8.7899
   -7.5000  -30.0000   22.5000 2850.0762    8.2992
    0.0000  -30.0000   22.5000 2873.8533    8.2723
    7.5000  -30.0000   22.5000 2826.2146    8.3610
   -7.5000  -22.5000   22.5000 2930.9021    8.0916
    0.0000  -22.5000   22.5000 2962.7224    8.0269
    7.5000  -22.5000   22.5000 2897.4514    8.1553
   -7.5000  -15.0000   22.5000 2941.7769    8.0842
    0.0000  -15.0000   22.5000 2975.3289    8.0079
    7.5000  -15.0000   22.5000 2912.0156    8.1496
   -7.5000   -7.5000   22.5000 2891.8708    8.2323
    0.0000   -7.5000   22.5000 2920.4644    8.1397
    7.5000   -7.5000   22.5000 2870.7964    8.2873
   -7.5000    0.0000   22.5000 2805.8318    8.5159
    0.0000    0.0000   22.5000 2831.2842    8.4313
    7.5000    0.0000   22.5000 2788.7141    8.5719
   -7.5000    7.5000   22.5000 2689.0439    9.0461
    0.0000    7.5000   22.5000 2706.7864    8.9599
    7.5000    7.5000   22.5000 2678.9478    9.0941
   -7.5000   15.0000   22.5000 2561.8616    9.7956
    0.0000   15.0000   22.5000 2579.5430    9.6922
    7.5000   15.0000   22.5000 2559.0342    9.8239
   -7.5000   22.5000   22.5000 2426.0337   10.7596
    0.0000   22.5000   22.5000 2441.0613   10.6794
    7.5000   22.5000   22.5000 2418.5962   10.8321
   -7.5000   30.0000   22.5000 2265.8594   12.0337
    0.0000   30.0000   22.5000 2280.4341   11.9626
    7.5000   30.0000   22.5000 2260.0188   12.1282
   -7.5000  -60.0000   30.0000 2347.1348   11.3820
    0.0000  -60.0000   30.0000 2370.4319   11.2969
    7.5000  -60.0000   30.0000 2332.8831   11.5372
   -7.5000  -52.5000   30.0000 2471.6851   10.2700
    0.0000  -52.5000   30.0000 2488.1616   10.2113
    7.5000  -52.5000   30.0000 2455.1208   10.4377
   -7.5000  -45.0000   30.0000 2608.7048    9.5874
    0.0000  -45.0000   30.0000 2624.7600    9.5279
    7.5000  -45.0000   30.0000 2585.1541    9.7269
   -7.5000  -37.5000   30.0000 2713.6792    9.0052
    0.0000  -37.5000   30.0000 2731.1479    8.9539
    7.5000  -37.5000   30.0000 2694.3379    9.1254
   -7.5000  -30.0000   30.0000 2803.9966    8.5812
    0.0000  -30.0000   30.0000 2823.7634    8.5018
    7.5000  -30.0000   30.0000 2786.0979    8.6767
   -7.5000  -22.5000   30.0000 2858.9414    8.3602
    0.0000  -22.5000   30.0000 2882.7053    8.2688
    7.5000  -22.5000   30.0000 2839.6565    8.4354
   -7.5000  -15.0000   30.0000 2869.6187    8.3279
    0.0000  -15.0000   30.0000 2890.3560    8.2574
    7.5000  -15.0000   30.0000 2842.9009    8.4202
   -7.5000   -7.5000   30.0000 2823.4551    8.4973
    0.0000   -7.5000   30.0000 2847.1162    8.4125
    7.5000   -7.5000   30.0000 2805.1746    8.5820
   -7.5000    0.0000   30.0000 2741.3210    8.8285
    0.0000    0.0000   30.0000 2762.4360    8.7372
    7.5000    0.0000   30.0000 2726.7969    8.9136
   -7.5000    7.5000   30.0000 2634.3809    9.3454
    0.0000    7.5000   30.0000 2654.8757    9.2481
    7.5000    7.5000   30.0000 2621.5232    9.4129
   -7.5000   15.0000   30.0000 2515.3752   10.0719
    0.0000   15.0000   30.0000 2531.5923    9.9652
    7.5000   15.0000   30.0000 2507.0129   10.1090
   -7.5000   22.5000   30.0000 2381.2200   11.0056
    0.0000   22.5000   30.0000 2393.9021   10.9015
    7.5000   22.5000   30.0000 2371.7026   11.0468
   -7.5000   30.0000   30.0000 2223.5073   12.2447
    0.0000   30.0000   30.0000 2236.5112   12.1448
    7.5000   30.0000   30.0000 2220.1018   12.3401
   -7.5000  -60.0000   37.5000 2317.6953   11.8469
    0.0000  -60.0000   37.5000 2342.3943   11.7582
    7.5000  -60.0000   37.5000 2302.3706   12.0037
   -7.5000  -52.5000   37.5000 2444.9607   10.7177
    0.0000  -52.5000   37.5000 2467.6409   10.6337
    7.5000  -52.5000   37.5000 2424.7026   10.8760
   -7.5000  -45.0000   37.5000 2573.6292   10.0257
    0.0000  -45.0000   37.5000 2596.6162    9.9598
    7.5000  -45.0000   37.5000 2555.1125   10.1826
   -7.5000  -37.5000   37.5000 2670.9646    9.4242
    0.0000  -37.5000   37.5000 2691.7573    9.3548
    7.5000  -37.5000   37.5000 2652.7173    9.5636
   -7.5000  -30.0000   37.5000 2744.2480    8.9850
    0.0000  -30.0000   37.5000 2768.6521    8.8960
    7.5000  -30.0000   37.5000 2729.7410    9.0992
   -7.5000  -22.5000   37.5000 2780.8933    8.7544
    0.0000  -22.5000   37.5000 2805.1899    8.6758
    7.5000  -22.5000   37.5000 2764.7268    8.8677
   -7.5000  -15.0000   37.5000 2775.6704    8.7303
    0.0000  -15.0000   37.5000 2796.5740    8.6716
    7.5000  -15.0000   37.5000 2755.1716    8.8399
   -7.5000   -7.5000   37.5000 2730.5979    8.8981
    0.0000   -7.5000   37.5000 2753.1060    8.8322
    7.5000   -7.5000   37.5000 2721.2556    8.9953
   -7.5000    0.0000   37.5000 2656.5293    9.2417
    0.0000    0.0000   37.5000 2672.5249    9.1599
    7.5000    0.0000   37.5000 2648.3115    9.3265
   -7.5000    7.5000   37.5000 2561.5183    9.7609
    0.0000    7.5000   37.5000 2581.4150    9.6762
    7.5000    7.5000   37.5000 2553.5720    9.8394
   -7.5000   15.0000   37.5000 2450.9377   10.4774
    0.0000   15.0000   37.5000 2468.1660   10.3841
    7.5000   15.0000   37.5000 2440.9592   10.5494
   -7.5000   22.5000   37.5000 2319.0415   11.4208
    0.0000   22.5000   37.5000 2330.3257   11.3150
    7.5000   22.5000   37.5000 2311.9419   11.4804
   -7.5000   30.0000   37.5000 2166.4590   12.6337
    0.0000   30.0000   37.5000 2180.6033   12.5536
    7.5000   30.0000   37.5000 2162.9204   12.7559
   -7.5000  -60.0000   45.0000 2260.0999   12.3661
    0.0000  -60.0000   45.0000 2287.7974   12.2872
    7.5000  -60.0000   45.0000 2251.2883   12.5420
   -7.5000  -52.5000   45.0000 2384.5583   11.2293
    0.0000  -52.5000   45.0000 2406.9290   11.1544
    7.5000  -52.5000   45.0000 2368.1038   11.4041
   -7.5000  -45.0000   45.0000 2507.0745   10.5298
    0.0000  -45.0000   45.0000 2529.6101   10.4653
    7.5000  -45.0000   45.0000 2486.0173   10.7042
   -7.5000  -37.5000   45.0000 2588.5139    9.9241
    0.0000  -37.5000   45.0000 2613.0452    9.8588
    7.5000  -37.5000   45.0000 2570.1143   10.0786
   -7.5000  -30.0000   45.0000 2648.1091    9.4901
    0.0000  -30.0000   45.0000 2676.1401    9.4139
    7.5000  -30.0000   45.0000 2633.5376    9.6248
   -7.5000  -22.5000   45.0000 2672.9050    9.2482
    0.0000  -22.5000   45.0000 2695.6978    9.1877
    7.5000  -22.5000   45.0000 2658.6257    9.3770
   -7.5000  -15.0000   45.0000 2655.9707    9.2245
    0.0000  -15.0000   45.0000 2678.2786    9.1655
    7.5000  -15.0000   45.0000 2642.8586    9.3385
   -7.5000   -7.5000   45.0000 2606.8469    9.3982
    0.0000   -7.5000   45.0000 2627.0198    9.3247
    7.5000   -7.5000   45.0000 2599.4524    9.4887
   -7.5000    0.0000   45.0000 2540.3782    9.7301
    0.0000    0.0000   45.0000 2553.5396    9.6620
    7.5000    0.0000   45.0000 2530.4839    9.8299
   -7.5000    7.5000   45.0000 2454.6726   10.2455
    0.0000    7.5000   45.0000 2472.5435   10.1781
    7.5000    7.5000   45.0000 2445.2830   10.3414
   -7.5000   15.0000   45.0000 2352.3169   10.9566
    0.0000   15.0000   45.0000 2367.8647   10.8573
    7.5000   15.0000   45.0000 2344.9258   11.0397
   -7.5000   22.5000   45.0000 2230.1262   11.8771
    0.0000   22.5000   45.0000 2245.8552   11.7875
    7.5000   22.5000   45.0000 2219.4741   11.9808
   -7.5000   30.0000   45.0000 2085.0322   13.1110
    0.0000   30.0000   45.0000 2102.6501   13.0685
    7.5000   30.0000   45.0000 2078.5640   13.2299
   -7.5000  -60.0000   52.5000 2176.5459   12.9370
    0.0000  -60.0000   52.5000 2205.8491   12.8724
    7.5000  -60.0000   52.5000 2168.2666   13.1103
   -7.5000  -52.5000   52.5000 2288.5208   11.7799
    0.0000  -52.5000   52.5000 2311.8960   11.7276
    7.5000  -52.5000   52.5000 2273.6267   11.9369
   -7.5000  -45.0000   52.5000 2402.1489   11.0617
    0.0000  -45.0000   52.5000 2425.4688   11.0029
    7.5000  -45.0000   52.5000 2383.7786   11.2239
   -7.5000  -37.5000   52.5000 2472.5071   10.4608
    0.0000  -37.5000   52.5000 2500.2844   10.4022
    7.5000  -37.5000   52.5000 2460.0486   10.6069
   -7.5000  -30.0000   52.5000 2518.2947   10.0208
    0.0000  -30.0000   52.5000 2545.8127    9.9696
    7.5000  -30.0000   52.5000 2510.6287   10.1656
   -7.5000  -22.5000   52.5000 2539.0322    9.7631
    0.0000  -22.5000   52.5000 2561.1123    9.7233
    7.5000  -22.5000   52.5000 2529.0862    9.9100
   -7.5000  -15.0000   52.5000 2520.0642    9.7434
    0.0000  -15.0000   52.5000 2541.9612    9.6943
    7.5000  -15.0000   52.5000 2508.7417    9.8770
   -7.5000   -7.5000   52.5000 2476.8203    9.9376
    0.0000   -7.5000   52.5000 2490.6426    9.8584
    7.5000   -7.5000   52.5000 2462.5039   10.0422
   -7.5000    0.0000   52.5000 2406.1611   10.2727
    0.0000    0.0000   52.5000 2418.1216   10.2218
    7.5000    0.0000   52.5000 2395.0449   10.3842
   -7.5000    7.5000   52.5000 2328.4583   10.7317
    0.0000    7.5000   52.5000 2341.8652   10.6805
    7.5000    7.5000   52.5000 2317.8127   10.8372
   -7.5000   15.0000   52.5000 2237.0815   11.4136
    0.0000   15.0000   52.5000 2249.6980   11.3597
    7.5000   15.0000   52.5000 2225.2078   11.4989
   -7.5000   22.5000   52.5000 2119.8557   12.3467
    0.0000   22.5000   52.5000 2134.2932   12.2995
    7.5000   22.5000   52.5000 2107.5693   12.4385
   -7.5000   30.0000   52.5000 1982.4120   13.6430
    0.0000   30.0000   52.5000 1994.8223   13.5997
    7.5000   30.0000   52.5000 1974.8441   13.7307
   -7.5000  -60.0000   60.0000 2117.4622   13.9242
    0.0000  -60.0000   60.0000 2143.9751   13.8535
    7.5000  -60.0000   60.0000 2107.1853   14.0788
   -7.5000  -52.5000   60.0000 2221.7717   12.6846
    0.0000  -52.5000   60.0000 2242.6189   12.6400
    7.5000  -52.5000   60.0000 2206.7290   12.8543
   -7.5000  -45.0000   60.0000 2325.6675   11.9537
    0.0000  -45.0000   60.0000 2348.6824   11.8921
    7.5000  -45.0000   60.0000 2312.0654   12.1020
   -7.5000  -37.5000   60.0000 2388.0002   11.3199
    0.0000  -37.5000   60.0000 2412.6738   11.2671
    7.5000  -37.5000   60.0000 2377.9407   11.4728
   -7.5000  -30.0000   60.0000 2424.0752   10.8560
    0.0000  -30.0000   60.0000 2445.5725   10.8160
    7.5000  -30.0000   60.0000 2417.9988   10.9999
   -7.5000  -22.5000   60.0000 2438.8071   10.6067
    0.0000  -22.5000   60.0000 2456.2722   10.5587
    7.5000  -22.5000   60.0000 2427.6638   10.7264
   -7.5000  -15.0000   60.0000 2423.8701   10.5580
    0.0000  -15.0000   60.0000 2443.3496   10.5159
    7.5000  -15.0000   60.0000 2413.4153   10.6770
   -7.5000   -7.5000   60.0000 2384.4790   10.7552
    0.0000   -7.5000   60.0000 2399.9131   10.6985
    7.5000   -7.5000   60.0000 2369.2139   10.8699
   -7.5000    0.0000   60.0000 2314.4775   11.1024
    0.0000    0.0000   60.0000 2329.3809   11.0553
    7.5000    0.0000   60.0000 2301.3772   11.2191
   -7.5000    7.5000   60.0000 2235.7559   11.5625
    0.0000    7.5000   60.0000 2250.0593   11.5167
    7.5000    7.5000   60.0000 2226.8179   11.6693
   -7.5000   15.0000   60.0000 2142.3586   12.2702
    0.0000   15.0000   60.0000 2156.0652   12.2011
    7.5000   15.0000   60.0000 2134.2678   12.3381
   -7.5000   22.5000   60.0000 2030.0759   13.2486
    0.0000   22.5000   60.0000 2043.4373   13.1902
    7.5000   22.5000   60.0000 2023.3752   13.3075
   -7.5000   30.0000   60.0000 1905.2277   14.6058
    0.0000   30.0000   60.0000 1916.0919   14.5284
    7.5000   30.0000   60.0000 1898.8425   14.6836

---------------------------------------------------------------------
imgreg_4dfp /opt/freesurfer/average/711-2C_as_mni_average_305 /opt/freesurfer/average/711-2B_as_mni_average_305_mask talsrcimg_g11 none talsrcimg_to_711-2C_as_mni_average_305_t4 1283
---------------------------------------------------------------------

freesurfer imgreg_4dfp.c
/opt/freesurfer/average/711-2C_as_mni_average_305.4dfp.img
       256       256       256         1
  1.000000  1.000000  1.000000
orientation T byte_order littleendian
Reading image: /opt/freesurfer/average/711-2C_as_mni_average_305.4dfp.img
dimensions:      256       256       256
mmppix:       1.0000   -1.0000   -1.0000
center:     128.0000 -129.0000 -129.0000
/opt/freesurfer/average/711-2B_as_mni_average_305_mask.4dfp.img
       256       256       256         1
  1.000000  1.000000  1.000000
orientation T byte_order littleendian
Reading mask: /opt/freesurfer/average/711-2B_as_mni_average_305_mask.4dfp.img (2306576 pixels)
talsrcimg_g11.4dfp.img
       256       256       256         1
  0.898438  0.898438  0.898438
orientation T byte_order littleendian
Reading image: talsrcimg_g11.4dfp.img
dimensions:      256       256       256
mmppix:       0.8984   -0.8984   -0.8984
center:     115.0001 -115.8985 -115.8985
rotation matrix determinant  1.000000
fimgreg.f
image alignment mode   1283 decimal      503 hex
parameters
    0.0000  -15.0000   15.0000    0.0000    0.0000    0.0000
eta,q 0.95275  7.90877
niter,ni,del,rscale     5    3   12.0000    1.2000
parameter  2  1.053506 ->  0.500000 qaram    1.1500
parameter  3  0.525381 ->  0.500000 qaram    1.1500
parameters
   -1.2686  -18.4500   11.5500    0.9794    0.2374    1.1386
eta,q 0.96047  7.82216
  0.0593  0.0455  0.0432  0.0510  0.0517  0.0516
  0.0545  0.0426  0.0405  0.0474  0.0460  0.0467
  0.0507  0.0460  0.0402  0.0427  0.0415  0.0425
  0.0508  0.0502  0.0431  0.0402  0.0399  0.0399
  0.0549  0.0526  0.0479  0.0403  0.0411  0.0399
  0.0622  0.0559  0.0533  0.0430  0.0448  0.0421
  0.0719  0.0616  0.0600  0.0464  0.0499  0.0455
niter,ni,del,rscale     6    3   12.0000    1.2000
parameters
   -1.2174  -18.3724   12.0921    1.4326    0.0571    1.2301
eta,q 0.96029  7.84928
  0.0616  0.0584  0.0545  0.0498  0.0500  0.0485
  0.0521  0.0470  0.0480  0.0451  0.0448  0.0440
  0.0434  0.0394  0.0422  0.0407  0.0412  0.0407
  0.0395  0.0395  0.0396  0.0395  0.0397  0.0397
  0.0428  0.0442  0.0410  0.0414  0.0411  0.0412
  0.0513  0.0493  0.0454  0.0440  0.0457  0.0441
  0.0613  0.0541  0.0505  0.0464  0.0515  0.0476
niter,ni,del,rscale     5    3   12.0000    1.2000
parameters
   -1.1620  -18.5489   12.2074    1.6955   -0.0021    1.2222
eta,q 0.96042  7.85285
  0.0613  0.0575  0.0528  0.0493  0.0502  0.0482
  0.0519  0.0459  0.0464  0.0442  0.0450  0.0437
  0.0436  0.0388  0.0411  0.0401  0.0414  0.0405
  0.0397  0.0397  0.0394  0.0394  0.0396  0.0396
  0.0426  0.0451  0.0418  0.0417  0.0407  0.0412
  0.0510  0.0504  0.0461  0.0442  0.0452  0.0441
  0.0610  0.0551  0.0515  0.0466  0.0509  0.0477
niter,ni,del,rscale     4    3   12.0000    1.2000
parameters
   -1.1348  -18.6719   12.2464    1.8342   -0.0155    1.2129
eta,q 0.96051  7.85310
  0.0610  0.0580  0.0524  0.0490  0.0502  0.0482
  0.0516  0.0463  0.0460  0.0436  0.0450  0.0436
  0.0433  0.0390  0.0408  0.0398  0.0414  0.0403
  0.0396  0.0396  0.0394  0.0394  0.0395  0.0395
  0.0426  0.0450  0.0419  0.0419  0.0405  0.0411
  0.0510  0.0505  0.0461  0.0443  0.0449  0.0441
  0.0611  0.0551  0.0516  0.0467  0.0506  0.0477
niter,ni,del,rscale     3    3   12.0000    1.2000
parameters
   -1.1248  -18.7425   12.2666    1.9025   -0.0168    1.2075
eta,q 0.96057  7.85294
  0.0608  0.0585  0.0523  0.0488  0.0501  0.0482
  0.0514  0.0467  0.0458  0.0433  0.0449  0.0436
  0.0432  0.0391  0.0407  0.0396  0.0414  0.0403
  0.0395  0.0395  0.0394  0.0394  0.0394  0.0394
  0.0425  0.0449  0.0419  0.0419  0.0405  0.0411
  0.0510  0.0504  0.0460  0.0443  0.0448  0.0440
  0.0611  0.0551  0.0515  0.0468  0.0505  0.0477
niter,ni,del,rscale     2    3   12.0000    1.2000
parameters
   -1.1211  -18.7787   12.2775    1.9360   -0.0159    1.2049
eta,q 0.96059  7.85279
  0.0607  0.0587  0.0522  0.0487  0.0501  0.0482
  0.0514  0.0469  0.0457  0.0432  0.0449  0.0436
  0.0431  0.0392  0.0407  0.0395  0.0414  0.0403
  0.0394  0.0394  0.0394  0.0394  0.0394  0.0394
  0.0425  0.0448  0.0420  0.0420  0.0404  0.0410
  0.0509  0.0504  0.0460  0.0443  0.0448  0.0440
  0.0611  0.0551  0.0515  0.0468  0.0505  0.0477
registration optimization eta report
parameter search radius
    6.0000    6.9000    6.9000    6.0000    6.0000    6.0000
100000*second partial in parameter space
       58.       36.       25.       23.       30.       23.
  0.0607  0.0587  0.0522  0.0487  0.0501  0.0482
  0.0514  0.0469  0.0457  0.0432  0.0449  0.0436
  0.0431  0.0392  0.0407  0.0395  0.0414  0.0403
  0.0394  0.0394  0.0394  0.0394  0.0394  0.0394
  0.0425  0.0448  0.0420  0.0420  0.0404  0.0410
  0.0509  0.0504  0.0460  0.0443  0.0448  0.0440
  0.0611  0.0551  0.0515  0.0468  0.0505  0.0477
   -1.1211  -18.7787   12.2775    1.9360   -0.0159    1.2049
eta,q 0.96059  7.85279

---------------------------------------------------------------------
imgreg_4dfp /opt/freesurfer/average/711-2C_as_mni_average_305 /opt/freesurfer/average/711-2B_as_mni_average_305_mask talsrcimg_g11 none talsrcimg_to_711-2C_as_mni_average_305_t4 3335
---------------------------------------------------------------------

freesurfer imgreg_4dfp.c
/opt/freesurfer/average/711-2C_as_mni_average_305.4dfp.img
       256       256       256         1
  1.000000  1.000000  1.000000
orientation T byte_order littleendian
Reading image: /opt/freesurfer/average/711-2C_as_mni_average_305.4dfp.img
dimensions:      256       256       256
mmppix:       1.0000   -1.0000   -1.0000
center:     128.0000 -129.0000 -129.0000
/opt/freesurfer/average/711-2B_as_mni_average_305_mask.4dfp.img
       256       256       256         1
  1.000000  1.000000  1.000000
orientation T byte_order littleendian
Reading mask: /opt/freesurfer/average/711-2B_as_mni_average_305_mask.4dfp.img (2306576 pixels)
talsrcimg_g11.4dfp.img
       256       256       256         1
  0.898438  0.898438  0.898438
orientation T byte_order littleendian
Reading image: talsrcimg_g11.4dfp.img
dimensions:      256       256       256
mmppix:       0.8984   -0.8984   -0.8984
center:     115.0001 -115.8985 -115.8985
fimgreg.f
image alignment mode   3335 decimal      D07 hex
parameters
   -1.1211  -18.7787   12.2775   -0.0221   -0.0792   -0.0571
   -2.1007    0.0988    2.1028   -3.3770   -0.0278    3.3783
eta,q 0.95920  7.89820
niter,ni,del,rscale     5    3    5.0000    1.2000
parameter  4  0.964661 ->  0.500000 qaram    1.1500
parameter  5  1.918616 ->  0.500000 qaram    1.1500
parameter  6  0.729289 ->  0.500000 qaram    1.1500
parameter 12  1.204114 ->  0.500000 qaram    1.1500
parameters
   -1.3290  -18.6876   12.7050   -4.1621   -4.2192   -4.1971
   -1.3123   -0.1368    3.9669   -5.9294   -0.1351   -0.7617
eta,q 0.96799  7.50545
  0.0438  0.0430  0.0431  0.0384  0.0339  0.0337  0.0371  0.0381  0.0364  0.0348  0.0341  0.0317
  0.0420  0.0418  0.0419  0.0386  0.0349  0.0337  0.0355  0.0358  0.0352  0.0336  0.0336  0.0319
  0.0410  0.0411  0.0411  0.0393  0.0366  0.0344  0.0344  0.0343  0.0343  0.0332  0.0333  0.0324
  0.0408  0.0408  0.0408  0.0407  0.0387  0.0353  0.0339  0.0338  0.0338  0.0337  0.0332  0.0332
  0.0414  0.0409  0.0408  0.0428  0.0412  0.0366  0.0340  0.0345  0.0337  0.0350  0.0333  0.0343
  0.0428  0.0416  0.0411  0.0454  0.0438  0.0388  0.0347  0.0362  0.0340  0.0371  0.0336  0.0356
  0.0450  0.0427  0.0418  0.0483  0.0469  0.0423  0.0359  0.0387  0.0346  0.0396  0.0342  0.0370
niter,ni,del,rscale     7    3    5.0000    1.2000
parameter  5  0.707710 ->  0.500000 qaram    1.3225
parameters
   -1.3024  -18.7691   12.7488   -7.8456   -8.9802   -5.3742
   -1.6258   -0.2702    3.7370   -5.2357    0.6664   -3.6277
eta,q 0.97049  7.13233
  0.0359  0.0348  0.0339  0.0322  0.0304  0.0321  0.0325  0.0343  0.0315  0.0335  0.0309  0.0303
  0.0338  0.0331  0.0328  0.0317  0.0300  0.0305  0.0310  0.0319  0.0306  0.0317  0.0303  0.0297
  0.0325  0.0322  0.0322  0.0317  0.0304  0.0298  0.0300  0.0303  0.0300  0.0304  0.0299  0.0295
  0.0320  0.0320  0.0320  0.0320  0.0316  0.0300  0.0298  0.0298  0.0298  0.0298  0.0298  0.0298
  0.0324  0.0325  0.0322  0.0330  0.0336  0.0307  0.0303  0.0304  0.0301  0.0299  0.0298  0.0303
  0.0337  0.0335  0.0328  0.0349  0.0363  0.0316  0.0314  0.0322  0.0307  0.0308  0.0300  0.0313
  0.0358  0.0351  0.0337  0.0375  0.0395  0.0336  0.0329  0.0347  0.0317  0.0324  0.0305  0.0326
niter,ni,del,rscale     7    3    5.0000    1.2000
parameters
   -1.2792  -18.3485   12.7931   -8.4905  -11.1785   -4.9484
   -1.6754   -0.3222    3.2510   -4.1119    0.9206   -4.1857
eta,q 0.97065  7.03623
  0.0334  0.0335  0.0315  0.0314  0.0314  0.0328  0.0323  0.0339  0.0310  0.0329  0.0305  0.0309
  0.0313  0.0315  0.0304  0.0301  0.0303  0.0309  0.0307  0.0316  0.0300  0.0311  0.0299  0.0300
  0.0300  0.0301  0.0297  0.0295  0.0295  0.0297  0.0297  0.0300  0.0296  0.0300  0.0295  0.0295
  0.0295  0.0295  0.0295  0.0294  0.0294  0.0294  0.0295  0.0295  0.0295  0.0294  0.0294  0.0294
  0.0299  0.0296  0.0297  0.0298  0.0304  0.0300  0.0299  0.0300  0.0297  0.0294  0.0294  0.0297
  0.0312  0.0302  0.0303  0.0306  0.0324  0.0307  0.0309  0.0317  0.0304  0.0300  0.0298  0.0303
  0.0333  0.0314  0.0313  0.0321  0.0351  0.0319  0.0323  0.0340  0.0314  0.0312  0.0304  0.0313
niter,ni,del,rscale     6    3    5.0000    1.2000
parameters
   -1.2713  -17.9465   12.9103   -8.9020  -12.0588   -4.9019
   -1.7590   -0.2857    2.9484   -3.2776    1.0211   -4.6196
eta,q 0.97073  6.98467
  0.0331  0.0328  0.0314  0.0314  0.0318  0.0324  0.0321  0.0338  0.0309  0.0323  0.0305  0.0309
  0.0311  0.0310  0.0303  0.0301  0.0305  0.0306  0.0306  0.0316  0.0300  0.0307  0.0299  0.0299
  0.0298  0.0299  0.0296  0.0294  0.0297  0.0295  0.0296  0.0299  0.0295  0.0298  0.0295  0.0294
  0.0293  0.0293  0.0293  0.0293  0.0293  0.0293  0.0293  0.0293  0.0293  0.0293  0.0293  0.0293
  0.0298  0.0294  0.0295  0.0297  0.0296  0.0300  0.0297  0.0299  0.0296  0.0293  0.0294  0.0296
  0.0310  0.0300  0.0301  0.0304  0.0311  0.0308  0.0307  0.0315  0.0302  0.0299  0.0298  0.0302
  0.0331  0.0310  0.0310  0.0318  0.0334  0.0320  0.0322  0.0338  0.0311  0.0312  0.0304  0.0312
niter,ni,del,rscale     5    3    5.0000    1.2000
parameters
   -1.2518  -17.6725   12.8808   -9.2542  -12.5741   -5.0101
   -1.8166   -0.2418    2.7858   -2.6463    1.0097   -4.9181
eta,q 0.97078  6.94456
  0.0330  0.0323  0.0311  0.0315  0.0318  0.0322  0.0321  0.0338  0.0309  0.0320  0.0304  0.0308
  0.0310  0.0307  0.0301  0.0301  0.0305  0.0305  0.0305  0.0315  0.0300  0.0306  0.0298  0.0299
  0.0297  0.0297  0.0295  0.0293  0.0297  0.0294  0.0295  0.0298  0.0294  0.0297  0.0294  0.0294
  0.0293  0.0293  0.0293  0.0293  0.0292  0.0293  0.0293  0.0293  0.0293  0.0293  0.0292  0.0292
  0.0297  0.0294  0.0295  0.0297  0.0294  0.0300  0.0296  0.0298  0.0295  0.0293  0.0293  0.0295
  0.0309  0.0300  0.0302  0.0304  0.0307  0.0308  0.0306  0.0314  0.0301  0.0300  0.0298  0.0301
  0.0329  0.0311  0.0312  0.0317  0.0328  0.0321  0.0321  0.0337  0.0310  0.0313  0.0304  0.0310
niter,ni,del,rscale     4    3    5.0000    1.2000
parameters
   -1.2399  -17.4515   12.8037   -9.5163  -12.9755   -5.1841
   -1.8568   -0.2175    2.7168   -2.1180    0.9032   -5.1405
eta,q 0.97082  6.91041
  0.0329  0.0320  0.0310  0.0315  0.0317  0.0322  0.0320  0.0337  0.0309  0.0319  0.0303  0.0308
  0.0309  0.0305  0.0300  0.0301  0.0305  0.0304  0.0304  0.0314  0.0299  0.0305  0.0297  0.0299
  0.0296  0.0296  0.0294  0.0293  0.0296  0.0294  0.0295  0.0298  0.0294  0.0296  0.0293  0.0293
  0.0292  0.0292  0.0292  0.0292  0.0292  0.0292  0.0292  0.0292  0.0292  0.0292  0.0292  0.0292
  0.0296  0.0294  0.0295  0.0296  0.0293  0.0300  0.0296  0.0297  0.0294  0.0293  0.0293  0.0294
  0.0308  0.0300  0.0302  0.0304  0.0305  0.0308  0.0306  0.0314  0.0300  0.0299  0.0298  0.0301
  0.0328  0.0311  0.0312  0.0317  0.0326  0.0321  0.0320  0.0337  0.0309  0.0313  0.0304  0.0310
niter,ni,del,rscale     3    3    5.0000    1.2000
parameters
   -1.2371  -17.2508   12.7100   -9.7252  -13.3318   -5.3917
   -1.8798   -0.2144    2.7296   -1.6410    0.7590   -5.3304
eta,q 0.97087  6.87917
  0.0328  0.0319  0.0309  0.0315  0.0316  0.0321  0.0319  0.0337  0.0309  0.0318  0.0303  0.0308
  0.0308  0.0304  0.0299  0.0301  0.0304  0.0304  0.0304  0.0314  0.0299  0.0305  0.0297  0.0299
  0.0296  0.0295  0.0293  0.0293  0.0296  0.0293  0.0294  0.0297  0.0293  0.0296  0.0293  0.0293
  0.0292  0.0292  0.0292  0.0292  0.0292  0.0292  0.0292  0.0292  0.0292  0.0292  0.0291  0.0291
  0.0296  0.0294  0.0295  0.0296  0.0293  0.0299  0.0295  0.0297  0.0294  0.0293  0.0293  0.0294
  0.0308  0.0300  0.0301  0.0304  0.0303  0.0308  0.0305  0.0314  0.0300  0.0299  0.0297  0.0300
  0.0328  0.0310  0.0312  0.0316  0.0324  0.0321  0.0319  0.0337  0.0308  0.0313  0.0304  0.0309
niter,ni,del,rscale     2    3    5.0000    1.2000
parameters
   -1.2432  -17.0578   12.6029   -9.9185  -13.6605   -5.6165
   -1.8941   -0.2261    2.7863   -1.2007    0.5783   -5.5012
eta,q 0.97092  6.84903
  0.0327  0.0318  0.0308  0.0315  0.0315  0.0321  0.0319  0.0336  0.0309  0.0318  0.0302  0.0307
  0.0307  0.0303  0.0299  0.0301  0.0303  0.0304  0.0303  0.0313  0.0299  0.0304  0.0296  0.0298
  0.0295  0.0295  0.0293  0.0292  0.0295  0.0293  0.0294  0.0297  0.0293  0.0295  0.0292  0.0293
  0.0291  0.0291  0.0291  0.0291  0.0291  0.0291  0.0291  0.0291  0.0291  0.0291  0.0291  0.0291
  0.0295  0.0293  0.0294  0.0295  0.0292  0.0299  0.0295  0.0297  0.0293  0.0292  0.0293  0.0293
  0.0307  0.0299  0.0301  0.0304  0.0302  0.0308  0.0304  0.0313  0.0299  0.0299  0.0297  0.0300
  0.0327  0.0310  0.0311  0.0316  0.0322  0.0321  0.0319  0.0336  0.0308  0.0313  0.0304  0.0308
niter,ni,del,rscale     1    3    5.0000    1.2000
parameters
   -1.2562  -16.8768   12.4942  -10.0878  -13.9750   -5.8416
   -1.9044   -0.2434    2.8789   -0.7909    0.3813   -5.6575
eta,q 0.97097  6.82066
  0.0326  0.0317  0.0308  0.0315  0.0314  0.0321  0.0318  0.0336  0.0309  0.0318  0.0302  0.0307
  0.0306  0.0303  0.0298  0.0300  0.0302  0.0304  0.0303  0.0313  0.0299  0.0304  0.0296  0.0298
  0.0295  0.0294  0.0292  0.0292  0.0294  0.0292  0.0293  0.0296  0.0293  0.0295  0.0292  0.0292
  0.0291  0.0291  0.0291  0.0291  0.0291  0.0291  0.0290  0.0291  0.0291  0.0290  0.0290  0.0290
  0.0295  0.0293  0.0294  0.0295  0.0292  0.0298  0.0294  0.0296  0.0293  0.0292  0.0292  0.0293
  0.0307  0.0299  0.0301  0.0303  0.0301  0.0308  0.0303  0.0313  0.0298  0.0299  0.0297  0.0299
  0.0327  0.0309  0.0311  0.0315  0.0321  0.0321  0.0318  0.0336  0.0307  0.0313  0.0303  0.0308
registration optimization eta report
parameter search radius
    2.4000    2.4000    2.4000    8.2800    9.5220    8.2800
    7.2000    7.2000    7.2000    7.2000    7.2000    8.2800
100000*second partial in parameter space
       62.       38.       32.        4.        3.        4.
        5.        9.        3.        5.        2.        2.
  0.0326  0.0317  0.0308  0.0315  0.0314  0.0321  0.0318  0.0336  0.0309  0.0318  0.0302  0.0307
  0.0306  0.0303  0.0298  0.0300  0.0302  0.0304  0.0303  0.0313  0.0299  0.0304  0.0296  0.0298
  0.0295  0.0294  0.0292  0.0292  0.0294  0.0292  0.0293  0.0296  0.0293  0.0295  0.0292  0.0292
  0.0291  0.0291  0.0291  0.0291  0.0291  0.0291  0.0290  0.0291  0.0291  0.0290  0.0290  0.0290
  0.0295  0.0293  0.0294  0.0295  0.0292  0.0298  0.0294  0.0296  0.0293  0.0292  0.0292  0.0293
  0.0307  0.0299  0.0301  0.0303  0.0301  0.0308  0.0303  0.0313  0.0298  0.0299  0.0297  0.0299
  0.0327  0.0309  0.0311  0.0315  0.0321  0.0321  0.0318  0.0336  0.0307  0.0313  0.0303  0.0308
   -1.2562  -16.8768   12.4942  -10.0878  -13.9750   -5.8416
   -1.9044   -0.2434    2.8789   -0.7909    0.3813   -5.6575
eta,q 0.97097  6.82066

---------------------------------------------------------------------
imgreg_4dfp /opt/freesurfer/average/711-2C_as_mni_average_305 /opt/freesurfer/average/711-2B_as_mni_average_305_mask talsrcimg_g11 none talsrcimg_to_711-2C_as_mni_average_305_t4 2311
---------------------------------------------------------------------

freesurfer imgreg_4dfp.c
/opt/freesurfer/average/711-2C_as_mni_average_305.4dfp.img
       256       256       256         1
  1.000000  1.000000  1.000000
orientation T byte_order littleendian
Reading image: /opt/freesurfer/average/711-2C_as_mni_average_305.4dfp.img
dimensions:      256       256       256
mmppix:       1.0000   -1.0000   -1.0000
center:     128.0000 -129.0000 -129.0000
/opt/freesurfer/average/711-2B_as_mni_average_305_mask.4dfp.img
       256       256       256         1
  1.000000  1.000000  1.000000
orientation T byte_order littleendian
Reading mask: /opt/freesurfer/average/711-2B_as_mni_average_305_mask.4dfp.img (2306576 pixels)
talsrcimg_g11.4dfp.img
       256       256       256         1
  0.898438  0.898438  0.898438
orientation T byte_order littleendian
Reading image: talsrcimg_g11.4dfp.img
dimensions:      256       256       256
mmppix:       0.8984   -0.8984   -0.8984
center:     115.0001 -115.8985 -115.8985
fimgreg.f
image alignment mode   2311 decimal      907 hex
parameters
   -1.2562  -16.8768   12.4942  -10.0878  -13.9750   -5.8416
   -1.9044   -0.2434    2.8789   -0.7909    0.3813   -5.6575
eta,q 0.97097  6.82066
niter,ni,del,rscale     5    3    5.0000    0.8000
parameters
   -1.2729  -16.7472   12.3759  -10.6504  -13.3737   -6.4268
   -1.9210   -0.2870    2.9519   -0.5482    0.0197   -5.9433
eta,q 0.97109  6.80141
  0.0306  0.0302  0.0298  0.0297  0.0297  0.0300  0.0302  0.0311  0.0298  0.0301  0.0294  0.0295
  0.0297  0.0296  0.0293  0.0292  0.0293  0.0293  0.0295  0.0299  0.0293  0.0295  0.0291  0.0292
  0.0292  0.0292  0.0291  0.0290  0.0291  0.0290  0.0291  0.0292  0.0290  0.0291  0.0290  0.0290
  0.0290  0.0290  0.0290  0.0290  0.0290  0.0290  0.0289  0.0289  0.0289  0.0289  0.0289  0.0289
  0.0292  0.0291  0.0292  0.0292  0.0290  0.0293  0.0291  0.0292  0.0290  0.0290  0.0290  0.0290
  0.0297  0.0294  0.0295  0.0296  0.0291  0.0299  0.0295  0.0300  0.0293  0.0293  0.0293  0.0293
  0.0306  0.0298  0.0300  0.0301  0.0294  0.0304  0.0302  0.0312  0.0297  0.0299  0.0296  0.0296
niter,ni,del,rscale     4    3    5.0000    0.7000
parameters
   -1.3014  -16.6419   12.1388  -10.7379  -13.4996   -6.7986
   -1.9055   -0.3210    3.1092   -0.2451   -0.2167   -6.0325
eta,q 0.97114  6.77949
  0.0301  0.0298  0.0294  0.0296  0.0293  0.0298  0.0299  0.0306  0.0296  0.0299  0.0293  0.0293
  0.0294  0.0293  0.0291  0.0292  0.0291  0.0292  0.0293  0.0296  0.0292  0.0293  0.0290  0.0291
  0.0290  0.0290  0.0289  0.0289  0.0289  0.0289  0.0290  0.0290  0.0290  0.0290  0.0289  0.0289
  0.0289  0.0289  0.0289  0.0289  0.0289  0.0289  0.0289  0.0289  0.0289  0.0289  0.0289  0.0289
  0.0291  0.0290  0.0291  0.0290  0.0289  0.0291  0.0290  0.0291  0.0289  0.0289  0.0289  0.0289
  0.0295  0.0292  0.0294  0.0293  0.0291  0.0296  0.0293  0.0297  0.0291  0.0292  0.0291  0.0291
  0.0302  0.0296  0.0298  0.0296  0.0294  0.0301  0.0298  0.0306  0.0295  0.0296  0.0294  0.0294
niter,ni,del,rscale     3    3    5.0000    0.6000
parameters
   -1.3275  -16.4970   12.0102  -10.8963  -13.6938   -7.0532
   -1.9023   -0.3627    3.2225    0.0734   -0.3682   -6.1464
eta,q 0.97118  6.75624
  0.0297  0.0296  0.0292  0.0294  0.0291  0.0296  0.0296  0.0301  0.0294  0.0296  0.0292  0.0292
  0.0292  0.0292  0.0290  0.0290  0.0290  0.0291  0.0291  0.0294  0.0291  0.0292  0.0290  0.0290
  0.0289  0.0290  0.0289  0.0289  0.0289  0.0289  0.0289  0.0290  0.0289  0.0289  0.0289  0.0289
  0.0289  0.0289  0.0289  0.0288  0.0288  0.0288  0.0288  0.0288  0.0288  0.0288  0.0288  0.0288
  0.0290  0.0289  0.0289  0.0289  0.0289  0.0290  0.0289  0.0290  0.0289  0.0289  0.0289  0.0289
  0.0293  0.0290  0.0291  0.0291  0.0290  0.0293  0.0292  0.0294  0.0290  0.0290  0.0290  0.0290
  0.0298  0.0293  0.0295  0.0294  0.0292  0.0298  0.0295  0.0301  0.0293  0.0294  0.0292  0.0292
niter,ni,del,rscale     2    3    5.0000    0.5000
parameters
   -1.3495  -16.3692   11.9175  -11.0567  -13.8974   -7.2337
   -1.8873   -0.3870    3.2910    0.3475   -0.4560   -6.2450
eta,q 0.97120  6.73539
  0.0294  0.0293  0.0291  0.0292  0.0290  0.0294  0.0293  0.0297  0.0292  0.0294  0.0290  0.0291
  0.0291  0.0291  0.0289  0.0289  0.0289  0.0290  0.0290  0.0292  0.0290  0.0291  0.0289  0.0289
  0.0289  0.0289  0.0288  0.0288  0.0288  0.0288  0.0289  0.0289  0.0288  0.0289  0.0288  0.0288
  0.0288  0.0288  0.0288  0.0288  0.0288  0.0288  0.0288  0.0288  0.0288  0.0288  0.0288  0.0288
  0.0289  0.0288  0.0289  0.0289  0.0288  0.0289  0.0288  0.0289  0.0288  0.0288  0.0288  0.0288
  0.0291  0.0289  0.0290  0.0290  0.0289  0.0292  0.0290  0.0292  0.0290  0.0289  0.0289  0.0289
  0.0295  0.0291  0.0292  0.0292  0.0291  0.0295  0.0293  0.0297  0.0291  0.0292  0.0291  0.0291
niter,ni,del,rscale     1    3    5.0000    0.4000
parameters
   -1.3615  -16.2592   11.8424  -11.1728  -14.0560   -7.3834
   -1.8953   -0.4087    3.3276    0.5673   -0.5277   -6.2918
eta,q 0.97122  6.71945
  0.0292  0.0291  0.0290  0.0290  0.0289  0.0292  0.0291  0.0293  0.0290  0.0291  0.0289  0.0290
  0.0290  0.0290  0.0289  0.0289  0.0288  0.0289  0.0289  0.0290  0.0289  0.0290  0.0288  0.0289
  0.0288  0.0288  0.0288  0.0288  0.0288  0.0288  0.0288  0.0288  0.0288  0.0288  0.0288  0.0288
  0.0288  0.0288  0.0288  0.0288  0.0288  0.0288  0.0288  0.0288  0.0288  0.0288  0.0288  0.0288
  0.0288  0.0288  0.0288  0.0288  0.0288  0.0289  0.0288  0.0288  0.0288  0.0288  0.0288  0.0288
  0.0290  0.0289  0.0289  0.0289  0.0288  0.0290  0.0289  0.0290  0.0289  0.0289  0.0289  0.0289
  0.0292  0.0290  0.0291  0.0291  0.0289  0.0292  0.0291  0.0294  0.0290  0.0290  0.0290  0.0290
registration optimization eta report
parameter search radius
    0.8000    0.8000    0.8000    2.4000    2.4000    2.4000
    2.4000    2.4000    2.4000    2.4000    2.4000    2.4000
100000*second partial in parameter space
       62.       40.       35.        5.        2.        7.
        6.       10.        4.        5.        3.        3.
  0.0292  0.0291  0.0290  0.0290  0.0289  0.0292  0.0291  0.0293  0.0290  0.0291  0.0289  0.0290
  0.0290  0.0290  0.0289  0.0289  0.0288  0.0289  0.0289  0.0290  0.0289  0.0290  0.0288  0.0289
  0.0288  0.0288  0.0288  0.0288  0.0288  0.0288  0.0288  0.0288  0.0288  0.0288  0.0288  0.0288
  0.0288  0.0288  0.0288  0.0288  0.0288  0.0288  0.0288  0.0288  0.0288  0.0288  0.0288  0.0288
  0.0288  0.0288  0.0288  0.0288  0.0288  0.0289  0.0288  0.0288  0.0288  0.0288  0.0288  0.0288
  0.0290  0.0289  0.0289  0.0289  0.0288  0.0290  0.0289  0.0290  0.0289  0.0289  0.0289  0.0289
  0.0292  0.0290  0.0291  0.0291  0.0289  0.0292  0.0291  0.0294  0.0290  0.0290  0.0290  0.0290
   -1.3615  -16.2592   11.8424  -11.1728  -14.0560   -7.3834
   -1.8953   -0.4087    3.3276    0.5673   -0.5277   -6.2918
eta,q 0.97122  6.71945

---------------------------------------------------------------------
imgreg_4dfp /opt/freesurfer/average/711-2C_as_mni_average_305 /opt/freesurfer/average/711-2B_as_mni_average_305_mask talsrcimg_g11 none talsrcimg_to_711-2C_as_mni_average_305_t4 2311
---------------------------------------------------------------------

freesurfer imgreg_4dfp.c
/opt/freesurfer/average/711-2C_as_mni_average_305.4dfp.img
       256       256       256         1
  1.000000  1.000000  1.000000
orientation T byte_order littleendian
Reading image: /opt/freesurfer/average/711-2C_as_mni_average_305.4dfp.img
dimensions:      256       256       256
mmppix:       1.0000   -1.0000   -1.0000
center:     128.0000 -129.0000 -129.0000
/opt/freesurfer/average/711-2B_as_mni_average_305_mask.4dfp.img
       256       256       256         1
  1.000000  1.000000  1.000000
orientation T byte_order littleendian
Reading mask: /opt/freesurfer/average/711-2B_as_mni_average_305_mask.4dfp.img (2306576 pixels)
talsrcimg_g11.4dfp.img
       256       256       256         1
  0.898438  0.898438  0.898438
orientation T byte_order littleendian
Reading image: talsrcimg_g11.4dfp.img
dimensions:      256       256       256
mmppix:       0.8984   -0.8984   -0.8984
center:     115.0001 -115.8985 -115.8985
fimgreg.f
image alignment mode   2311 decimal      907 hex
parameters
   -1.3615  -16.2592   11.8424  -11.1728  -14.0560   -7.3834
   -1.8953   -0.4087    3.3276    0.5673   -0.5277   -6.2918
eta,q 0.97122  6.71944
niter,ni,del,rscale     5    3    5.0000    0.8000
parameters
   -1.3638  -16.1405   11.7832  -10.9766  -14.4497   -7.3684
   -1.8861   -0.3752    3.3871    0.7736   -0.5337   -6.3648
eta,q 0.97122  6.71165
  0.0304  0.0299  0.0296  0.0299  0.0293  0.0302  0.0301  0.0311  0.0297  0.0301  0.0294  0.0294
  0.0295  0.0293  0.0291  0.0293  0.0290  0.0295  0.0294  0.0298  0.0292  0.0294  0.0291  0.0291
  0.0289  0.0289  0.0289  0.0289  0.0288  0.0289  0.0289  0.0290  0.0289  0.0290  0.0289  0.0289
  0.0288  0.0288  0.0288  0.0288  0.0288  0.0288  0.0288  0.0288  0.0288  0.0288  0.0288  0.0288
  0.0290  0.0289  0.0289  0.0289  0.0288  0.0290  0.0289  0.0290  0.0289  0.0289  0.0289  0.0289
  0.0295  0.0291  0.0292  0.0292  0.0291  0.0295  0.0294  0.0298  0.0292  0.0293  0.0291  0.0291
  0.0304  0.0296  0.0297  0.0297  0.0295  0.0301  0.0300  0.0310  0.0297  0.0299  0.0294  0.0295
niter,ni,del,rscale     4    3    5.0000    0.7000
parameters
   -1.3629  -16.0693   11.7797  -11.0967  -14.5047   -7.4167
   -1.9045   -0.3863    3.4047    0.8926   -0.5817   -6.4366
eta,q 0.97123  6.70328
  0.0300  0.0296  0.0294  0.0296  0.0292  0.0299  0.0298  0.0305  0.0295  0.0298  0.0293  0.0293
  0.0293  0.0292  0.0291  0.0291  0.0290  0.0293  0.0292  0.0295  0.0291  0.0292  0.0290  0.0290
  0.0289  0.0289  0.0289  0.0288  0.0288  0.0289  0.0289  0.0290  0.0289  0.0289  0.0288  0.0288
  0.0288  0.0288  0.0288  0.0288  0.0288  0.0288  0.0288  0.0288  0.0288  0.0288  0.0288  0.0288
  0.0289  0.0288  0.0289  0.0289  0.0288  0.0290  0.0289  0.0290  0.0289  0.0289  0.0288  0.0288
  0.0293  0.0291  0.0291  0.0292  0.0289  0.0294  0.0292  0.0296  0.0291  0.0292  0.0290  0.0290
  0.0300  0.0295  0.0295  0.0296  0.0292  0.0299  0.0298  0.0305  0.0295  0.0297  0.0293  0.0293
niter,ni,del,rscale     3    3    5.0000    0.6000
parameters
   -1.3678  -16.0361   11.7571  -11.1852  -14.5239   -7.4704
   -1.9029   -0.3988    3.4186    0.9650   -0.6092   -6.4537
eta,q 0.97123  6.69731
  0.0297  0.0294  0.0293  0.0294  0.0291  0.0296  0.0295  0.0301  0.0293  0.0295  0.0291  0.0292
  0.0292  0.0290  0.0290  0.0290  0.0289  0.0291  0.0291  0.0293  0.0290  0.0291  0.0289  0.0290
  0.0289  0.0288  0.0288  0.0288  0.0288  0.0289  0.0289  0.0289  0.0288  0.0289  0.0288  0.0288
  0.0288  0.0288  0.0288  0.0288  0.0288  0.0288  0.0288  0.0288  0.0288  0.0288  0.0288  0.0288
  0.0289  0.0288  0.0288  0.0289  0.0288  0.0289  0.0288  0.0289  0.0288  0.0288  0.0288  0.0288
  0.0292  0.0290  0.0290  0.0291  0.0289  0.0292  0.0291  0.0293  0.0290  0.0291  0.0289  0.0290
  0.0297  0.0293  0.0293  0.0294  0.0291  0.0296  0.0295  0.0301  0.0293  0.0295  0.0291  0.0292
niter,ni,del,rscale     2    3    5.0000    0.5000
parameters
   -1.3744  -16.0175   11.7373  -11.2525  -14.5449   -7.5336
   -1.9018   -0.4140    3.4230    1.0005   -0.6403   -6.4529
eta,q 0.97124  6.69174
  0.0294  0.0292  0.0291  0.0292  0.0290  0.0294  0.0293  0.0297  0.0291  0.0293  0.0290  0.0290
  0.0290  0.0289  0.0289  0.0289  0.0289  0.0290  0.0290  0.0291  0.0289  0.0290  0.0289  0.0289
  0.0288  0.0288  0.0288  0.0288  0.0288  0.0288  0.0288  0.0289  0.0288  0.0288  0.0288  0.0288
  0.0288  0.0288  0.0288  0.0288  0.0288  0.0288  0.0288  0.0288  0.0288  0.0288  0.0288  0.0288
  0.0288  0.0288  0.0288  0.0288  0.0288  0.0289  0.0288  0.0289  0.0288  0.0288  0.0288  0.0288
  0.0290  0.0289  0.0289  0.0290  0.0289  0.0291  0.0290  0.0292  0.0289  0.0290  0.0289  0.0289
  0.0294  0.0291  0.0291  0.0292  0.0290  0.0294  0.0293  0.0297  0.0291  0.0293  0.0290  0.0290
niter,ni,del,rscale     1    3    5.0000    0.4000
parameters
   -1.3764  -16.0044   11.7180  -11.3105  -14.5575   -7.5857
   -1.8906   -0.4232    3.4154    1.0268   -0.6300   -6.4436
eta,q 0.97124  6.68722
  0.0292  0.0290  0.0290  0.0291  0.0289  0.0292  0.0291  0.0293  0.0290  0.0291  0.0289  0.0290
  0.0289  0.0289  0.0289  0.0289  0.0288  0.0289  0.0289  0.0290  0.0289  0.0289  0.0288  0.0289
  0.0288  0.0288  0.0288  0.0288  0.0288  0.0288  0.0288  0.0288  0.0288  0.0288  0.0288  0.0288
  0.0288  0.0288  0.0288  0.0288  0.0288  0.0288  0.0288  0.0288  0.0288  0.0288  0.0288  0.0288
  0.0288  0.0288  0.0288  0.0288  0.0288  0.0288  0.0288  0.0288  0.0288  0.0288  0.0288  0.0288
  0.0289  0.0289  0.0289  0.0289  0.0288  0.0290  0.0289  0.0290  0.0289  0.0289  0.0288  0.0288
  0.0292  0.0290  0.0290  0.0291  0.0289  0.0292  0.0291  0.0293  0.0290  0.0291  0.0289  0.0289
registration optimization eta report
parameter search radius
    0.8000    0.8000    0.8000    2.4000    2.4000    2.4000
    2.4000    2.4000    2.4000    2.4000    2.4000    2.4000
100000*second partial in parameter space
       61.       39.       35.        5.        2.        7.
        6.       10.        4.        6.        3.        3.
  0.0292  0.0290  0.0290  0.0291  0.0289  0.0292  0.0291  0.0293  0.0290  0.0291  0.0289  0.0290
  0.0289  0.0289  0.0289  0.0289  0.0288  0.0289  0.0289  0.0290  0.0289  0.0289  0.0288  0.0289
  0.0288  0.0288  0.0288  0.0288  0.0288  0.0288  0.0288  0.0288  0.0288  0.0288  0.0288  0.0288
  0.0288  0.0288  0.0288  0.0288  0.0288  0.0288  0.0288  0.0288  0.0288  0.0288  0.0288  0.0288
  0.0288  0.0288  0.0288  0.0288  0.0288  0.0288  0.0288  0.0288  0.0288  0.0288  0.0288  0.0288
  0.0289  0.0289  0.0289  0.0289  0.0288  0.0290  0.0289  0.0290  0.0289  0.0289  0.0288  0.0288
  0.0292  0.0290  0.0290  0.0291  0.0289  0.0292  0.0291  0.0293  0.0290  0.0291  0.0289  0.0289
   -1.3764  -16.0044   11.7180  -11.3105  -14.5575   -7.5857
   -1.8906   -0.4232    3.4154    1.0268   -0.6300   -6.4436
eta,q 0.97124  6.68722

---------------------------------------------------------------------
compute_vox2vox talsrcimg talsrcimg_to_711-2C_as_mni_average_305_t4 /opt/freesurfer/average/711-2C_as_mni_average_305
---------------------------------------------------------------------

freesurfer compute_vox2vox.c
Reading: talsrcimg.4dfp.ifh
Reading: talsrcimg_to_711-2C_as_mni_average_305_t4
Reading: /opt/freesurfer/average/711-2C_as_mni_average_305.4dfp.ifh
Writing: talsrcimg_to_711-2C_as_mni_average_305_t4_vox2vox.txt

start time Thu Mar 12 22:39:28 CET 2026
end		time Thu Mar 12 22:40:54 CET 2026

mpr2mni305 success

avi2talxfm orig_nu.mgz /opt/freesurfer/average/mni305.cor.mgz talsrcimg_to_711-2C_as_mni_average_305_t4_vox2vox.txt transforms/talairach.auto.xfm
avi2talxfm done
mv -f /out/sourcedata/freesurfer/sub-v2s2x29082_ses-1/mri/talsrcimg_to_711-2C_as_mni_average_305_t4_vox2vox.txt /out/sourcedata/freesurfer/sub-v2s2x29082_ses-1/mri/transforms/talsrcimg_to_711-2C_as_mni_average_305_t4_vox2vox.txt
lta_convert --src orig_nu.mgz --trg /opt/freesurfer/average/mni305.cor.mgz --inxfm transforms/talairach.auto.xfm --outlta transforms/talairach.auto.xfm.lta --subject fsaverage
7.3.2

--src: orig_nu.mgz src image (geometry).
--trg: /opt/freesurfer/average/mni305.cor.mgz trg image (geometry).
--inmni: transforms/talairach.auto.xfm input MNI/XFM transform.
--outlta: transforms/talairach.auto.xfm.lta output LTA.
--s: fsaverage subject name
 LTA read, type : 1
 1.12659   0.00488   0.02530   0.98744;
 0.00454   1.08119   0.08164   3.94648;
-0.04509  -0.01319   1.16838  -1.86354;
 0.00000   0.00000   0.00000   1.00000;
setting subject to fsaverage
Writing  LTA to file transforms/talairach.auto.xfm.lta...
lta_convert successful.
 
 
Started at Thu Mar 12 22:39:28 CET 2026
Ended   at Thu Mar 12 22:40:55 CET 2026
talairach_avi done
