status file for recon-all
Fri Mar 13 00:39:52 CET 2026
#@# Tessellate lh Fri Mar 13 00:39:52 CET 2026
#@# Smooth1 lh Fri Mar 13 00:39:56 CET 2026
#@# Inflation1 lh Fri Mar 13 00:39:59 CET 2026
#@# QSphere lh Fri Mar 13 00:41:10 CET 2026
#@# Fix Topology lh Fri Mar 13 00:42:35 CET 2026
#@# Smooth2 lh Fri Mar 13 00:48:45 CET 2026
#@# Inflation2 lh Fri Mar 13 00:48:48 CET 2026
#@# Curv .H and .K lh Fri Mar 13 00:49:12 CET 2026
#@# Sphere lh Fri Mar 13 00:50:05 CET 2026
#@# Surf Reg lh Fri Mar 13 00:53:04 CET 2026
#@# Jacobian white lh Fri Mar 13 00:57:41 CET 2026
#@# AvgCurv lh Fri Mar 13 00:57:42 CET 2026
#@# Cortical Parc lh Fri Mar 13 00:57:43 CET 2026
#@# white curv lh Fri Mar 13 01:05:30 CET 2026
#@# white area lh Fri Mar 13 01:05:32 CET 2026
#@# pial curv lh Fri Mar 13 01:05:33 CET 2026
#@# pial area lh Fri Mar 13 01:05:35 CET 2026
#@# thickness lh Fri Mar 13 01:05:36 CET 2026
#@# area and vertex vol lh Fri Mar 13 01:06:09 CET 2026
#@# Curvature Stats lh Fri Mar 13 01:06:11 CET 2026
#@# Cortical Parc 2 lh Fri Mar 13 01:06:14 CET 2026
#@# Cortical Parc 3 lh Fri Mar 13 01:06:29 CET 2026
#@# WM/GM Contrast lh Fri Mar 13 01:06:40 CET 2026
recon-all -s sub-v2s2x29090_ses-1 finished without error at Fri Mar 13 01:06:45 CET 2026



#New# invocation of recon-all 



status file for recon-all
Fri Mar 13 01:42:33 CET 2026
#@# white curv lh Fri Mar 13 01:42:33 CET 2026
#@# white area lh Fri Mar 13 01:42:33 CET 2026
#@# pial curv lh Fri Mar 13 01:42:33 CET 2026
#@# pial area lh Fri Mar 13 01:42:33 CET 2026
#@# thickness lh Fri Mar 13 01:42:33 CET 2026
#@# area and vertex vol lh Fri Mar 13 01:42:33 CET 2026
#@# Parcellation Stats lh Fri Mar 13 01:42:33 CET 2026
#@# Parcellation Stats 2 lh Fri Mar 13 01:42:56 CET 2026
#@# Parcellation Stats 3 lh Fri Mar 13 01:43:07 CET 2026
#@# BA_exvivo Labels lh Fri Mar 13 01:43:19 CET 2026
recon-all -s sub-v2s2x29090_ses-1 finished without error at Fri Mar 13 01:46:13 CET 2026
