status file for recon-all
Thu Mar 12 22:53:00 CET 2026
#@# MotionCor Thu Mar 12 22:53:02 CET 2026
#@# Talairach Thu Mar 12 22:53:12 CET 2026
#@# Talairach Failure Detection Thu Mar 12 22:57:33 CET 2026
#@# Nu Intensity Correction Thu Mar 12 22:57:33 CET 2026
#@# Intensity Normalization Thu Mar 12 23:00:48 CET 2026
recon-all -s sub-v2s2x29090_ses-1 finished without error at Thu Mar 12 23:02:25 CET 2026



#New# invocation of recon-all 



status file for recon-all
Thu Mar 12 23:10:10 CET 2026
#@# EM Registration Thu Mar 12 23:10:10 CET 2026
recon-all -s sub-v2s2x29090_ses-1 finished without error at Thu Mar 12 23:12:51 CET 2026



#New# invocation of recon-all 



status file for recon-all
Thu Mar 12 23:12:54 CET 2026
#@# CA Normalize Thu Mar 12 23:12:54 CET 2026
#@# CA Reg Thu Mar 12 23:14:13 CET 2026
#@# SubCort Seg Fri Mar 13 00:01:19 CET 2026
#@# CC Seg Fri Mar 13 00:33:55 CET 2026
#@# Merge ASeg Fri Mar 13 00:34:26 CET 2026
#@# Intensity Normalization2 Fri Mar 13 00:34:26 CET 2026
#@# Mask BFS Fri Mar 13 00:36:45 CET 2026
#@# WM Segmentation Fri Mar 13 00:36:46 CET 2026
#@# Fill Fri Mar 13 00:38:47 CET 2026
recon-all -s sub-v2s2x29090_ses-1 finished without error at Fri Mar 13 00:39:48 CET 2026



#New# invocation of recon-all 



status file for recon-all
Fri Mar 13 01:33:29 CET 2026
#@# white curv lh Fri Mar 13 01:33:29 CET 2026
#@# white area lh Fri Mar 13 01:33:29 CET 2026
#@# pial curv lh Fri Mar 13 01:33:29 CET 2026
#@# pial area lh Fri Mar 13 01:33:29 CET 2026
#@# thickness lh Fri Mar 13 01:33:29 CET 2026
#@# area and vertex vol lh Fri Mar 13 01:33:29 CET 2026
#@# white curv rh Fri Mar 13 01:33:29 CET 2026
#@# white area rh Fri Mar 13 01:33:29 CET 2026
#@# pial curv rh Fri Mar 13 01:33:29 CET 2026
#@# pial area rh Fri Mar 13 01:33:29 CET 2026
#@# thickness rh Fri Mar 13 01:33:29 CET 2026
#@# area and vertex vol rh Fri Mar 13 01:33:29 CET 2026
#@# Cortical ribbon mask Fri Mar 13 01:33:29 CET 2026
recon-all -s sub-v2s2x29090_ses-1 finished without error at Fri Mar 13 01:42:28 CET 2026



#New# invocation of recon-all 



status file for recon-all
Fri Mar 13 01:50:05 CET 2026
#@# white curv lh Fri Mar 13 01:50:05 CET 2026
#@# white area lh Fri Mar 13 01:50:05 CET 2026
#@# pial curv lh Fri Mar 13 01:50:05 CET 2026
#@# pial area lh Fri Mar 13 01:50:05 CET 2026
#@# thickness lh Fri Mar 13 01:50:05 CET 2026
#@# area and vertex vol lh Fri Mar 13 01:50:05 CET 2026
#@# white curv rh Fri Mar 13 01:50:05 CET 2026
#@# white area rh Fri Mar 13 01:50:05 CET 2026
#@# pial curv rh Fri Mar 13 01:50:05 CET 2026
#@# pial area rh Fri Mar 13 01:50:05 CET 2026
#@# thickness rh Fri Mar 13 01:50:05 CET 2026
#@# area and vertex vol rh Fri Mar 13 01:50:05 CET 2026
#@# Curvature Stats lh Fri Mar 13 01:50:05 CET 2026
#@# Curvature Stats rh Fri Mar 13 01:50:08 CET 2026
#@# Relabel Hypointensities Fri Mar 13 01:50:11 CET 2026
#@# APas-to-ASeg Fri Mar 13 01:50:28 CET 2026
#@# AParc-to-ASeg aparc Fri Mar 13 01:50:38 CET 2026
#@# AParc-to-ASeg aparc.a2009s Fri Mar 13 01:51:16 CET 2026
#@# AParc-to-ASeg aparc.DKTatlas Fri Mar 13 01:51:55 CET 2026
#@# WMParc Fri Mar 13 01:52:33 CET 2026
#@# ASeg Stats Fri Mar 13 01:56:14 CET 2026
recon-all -s sub-v2s2x29090_ses-1 finished without error at Fri Mar 13 01:56:53 CET 2026
