/out/sourcedata/freesurfer/sub-v2s2x29083_ses-1/mri
/opt/freesurfer/bin/talairach_avi
--i orig_nu.mgz --xfm transforms/talairach.auto.xfm
talairach_avi 7.3.2
Linux dna022 5.14.0-427.37.1.el9_4.x86_64 #1 SMP PREEMPT_DYNAMIC Fri Sep 13 12:41:50 EDT 2024 x86_64 x86_64 x86_64 GNU/Linux
Thu Mar 12 22:39:36 CET 2026
mri_convert orig_nu.mgz talsrcimg.img 
reading from orig_nu.mgz...
TR=0.00, TE=0.00, TI=0.00, flip angle=0.00
i_ras = (-1, 0, 0)
j_ras = (0, 0, -1)
k_ras = (0, 1, 0)
writing to talsrcimg.img...
Analyze Output Matrix
-0.89844   0.00000   0.00000   114.08881;
 0.00000   0.00000   0.89844  -130.99649;
 0.00000  -0.89844   0.00000   131.00316;
 0.00000   0.00000   0.00000   1.00000;
--------------------
INFO: set hdr.hist.orient to -1
mpr2mni305 talsrcimg
Thu Mar 12 22:39:36 CET 2026
/opt/freesurfer/bin/mpr2mni305 talsrcimg
mpr2mni305 7.3.2
target=711-2C_as_mni_average_305

---------------------------------------------------------------------
analyzeto4dfp talsrcimg -O0 -y
---------------------------------------------------------------------

freesurfer ifh2hdr.c
Thu Mar 12 22:39:36 2026
Writing: talsrcimg.4dfp.hdr
freesurfer analyzeto4dfp.c
Reading: talsrcimg.hdr
header size 348 bytes
hdr.dime.datatype	offset=70	value=2
hdr.dime.bitpix		offset=72	value=8
hdr.hist.orient		offset=252	value=-1
dimensionality     4
dimensions       256       256       256         1
Reading: talsrcimg.img
Writing: talsrcimg.4dfp.img
Writing: talsrcimg.4dfp.ifh
ifh2hdr talsrcimg -r0to255
ori=2

---------------------------------------------------------------------
gauss_4dfp talsrcimg 1.1
---------------------------------------------------------------------

freesurfer gauss_4dfp.c
Reading: talsrcimg.4dfp.img
Writing: talsrcimg_g11.4dfp.img
image dimensions 256 256 256 padded to 288 288 288
processing volume 1freesurfer ifh2hdr.c
Thu Mar 12 22:39:38 2026
Writing: talsrcimg_g11.4dfp.hdr

Writing: talsrcimg_g11.4dfp.ifh
including: talsrcimg.4dfp.img.rec in talsrcimg_g11.4dfp.img.rec

---------------------------------------------------------------------
imgreg_4dfp /opt/freesurfer/average/711-2C_as_mni_average_305 none talsrcimg_g11 none talsrcimg_to_711-2C_as_mni_average_305_t4 4355
---------------------------------------------------------------------

freesurfer imgreg_4dfp.c
/opt/freesurfer/average/711-2C_as_mni_average_305.4dfp.img
       256       256       256         1
  1.000000  1.000000  1.000000
orientation T byte_order littleendian
Reading image: /opt/freesurfer/average/711-2C_as_mni_average_305.4dfp.img
dimensions:      256       256       256
mmppix:       1.0000   -1.0000   -1.0000
center:     128.0000 -129.0000 -129.0000
talsrcimg_g11.4dfp.img
       256       256       256         1
  0.898438  0.898438  0.898438
orientation T byte_order littleendian
Reading image: talsrcimg_g11.4dfp.img
dimensions:      256       256       256
mmppix:       0.8984   -0.8984   -0.8984
center:     115.0001 -115.8985 -115.8985
t4_read: open error in t4_sub.f l:  41 t4_file(1:l)talsrcimg_to_711-2C_as_mni_average_305_t4 
t4_read: transform initialized to I4
rotation matrix determinant  1.000000
image alignment mode   4355 decimal     1103 hex
   -7.5000  -45.0000  -45.0000 6146.0703    8.8849
    0.0000  -45.0000  -45.0000 6166.3608    8.8929
    7.5000  -45.0000  -45.0000 5803.4946    8.9010
   -7.5000  -37.5000  -45.0000 6539.6743    9.4670
    0.0000  -37.5000  -45.0000 6574.4624    9.4750
    7.5000  -37.5000  -45.0000 6184.8828    9.4776
   -7.5000  -30.0000  -45.0000 6936.8149    9.7814
    0.0000  -30.0000  -45.0000 6984.9287    9.7904
    7.5000  -30.0000  -45.0000 6561.2378    9.7886
   -7.5000  -22.5000  -45.0000 7414.1553    9.7717
    0.0000  -22.5000  -45.0000 7455.6050    9.7821
    7.5000  -22.5000  -45.0000 7032.0366    9.7817
   -7.5000  -15.0000  -45.0000 7862.2974    9.7455
    0.0000  -15.0000  -45.0000 7918.2651    9.7558
    7.5000  -15.0000  -45.0000 7470.9604    9.7618
   -7.5000   -7.5000  -45.0000 7990.5352    9.7288
    0.0000   -7.5000  -45.0000 8050.9185    9.7383
    7.5000   -7.5000  -45.0000 7591.3237    9.7488
   -7.5000    0.0000  -45.0000 8072.2954    9.7379
    0.0000    0.0000  -45.0000 8140.2085    9.7466
    7.5000    0.0000  -45.0000 7680.8198    9.7555
   -7.5000    7.5000  -45.0000 7752.1001    9.7655
    0.0000    7.5000  -45.0000 7834.5703    9.7737
    7.5000    7.5000  -45.0000 7384.6450    9.7764
   -7.5000   15.0000  -45.0000 7504.3672    9.7814
    0.0000   15.0000  -45.0000 7588.2417    9.7904
    7.5000   15.0000  -45.0000 7148.6743    9.7886
   -7.5000   22.5000  -45.0000 6865.2002    9.6402
    0.0000   22.5000  -45.0000 6941.6406    9.6505
    7.5000   22.5000  -45.0000 6535.5532    9.6501
   -7.5000   30.0000  -45.0000 6312.6572    9.3580
    0.0000   30.0000  -45.0000 6373.0542    9.3679
    7.5000   30.0000  -45.0000 5994.0200    9.3737
   -7.5000   37.5000  -45.0000 5762.5435    9.0926
    0.0000   37.5000  -45.0000 5817.5698    9.1012
    7.5000   37.5000  -45.0000 5476.4590    9.1113
   -7.5000   45.0000  -45.0000 5274.7910    9.0911
    0.0000   45.0000  -45.0000 5317.4717    9.0988
    7.5000   45.0000  -45.0000 5011.1641    9.1077
   -7.5000  -45.0000  -37.5000 6710.2798    9.2307
    0.0000  -45.0000  -37.5000 6724.7715    9.2360
    7.5000  -45.0000  -37.5000 6314.4419    9.2426
   -7.5000  -37.5000  -37.5000 7128.1567    9.8315
    0.0000  -37.5000  -37.5000 7155.0425    9.8382
    7.5000  -37.5000  -37.5000 6726.6401    9.8429
   -7.5000  -30.0000  -37.5000 7556.0532   10.1341
    0.0000  -30.0000  -37.5000 7586.8057   10.1436
    7.5000  -30.0000  -37.5000 7137.8955   10.1467
   -7.5000  -22.5000  -37.5000 8058.1118   10.1263
    0.0000  -22.5000  -37.5000 8087.8364   10.1370
    7.5000  -22.5000  -37.5000 7617.4170   10.1410
   -7.5000  -15.0000  -37.5000 8507.2607   10.1079
    0.0000  -15.0000  -37.5000 8565.2656   10.1168
    7.5000  -15.0000  -37.5000 8067.2891   10.1233
   -7.5000   -7.5000  -37.5000 8625.1924   10.0963
    0.0000   -7.5000  -37.5000 8687.1602   10.1031
    7.5000   -7.5000  -37.5000 8169.1982   10.1111
   -7.5000    0.0000  -37.5000 8688.1006   10.1040
    0.0000    0.0000  -37.5000 8786.8721   10.1098
    7.5000    0.0000  -37.5000 8266.9238   10.1170
   -7.5000    7.5000  -37.5000 8337.6162   10.1236
    0.0000    7.5000  -37.5000 8426.2266   10.1305
    7.5000    7.5000  -37.5000 7929.0986   10.1353
   -7.5000   15.0000  -37.5000 8057.0356   10.1337
    0.0000   15.0000  -37.5000 8140.8286   10.1432
    7.5000   15.0000  -37.5000 7672.2114   10.1462
   -7.5000   22.5000  -37.5000 7348.5820    9.9909
    0.0000   22.5000  -37.5000 7424.6650   10.0015
    7.5000   22.5000  -37.5000 6998.8906   10.0054
   -7.5000   30.0000  -37.5000 6737.5151    9.7129
    0.0000   30.0000  -37.5000 6802.7046    9.7215
    7.5000   30.0000  -37.5000 6397.1060    9.7277
   -7.5000   37.5000  -37.5000 6132.0415    9.4425
    0.0000   37.5000  -37.5000 6182.7363    9.4482
    7.5000   37.5000  -37.5000 5836.7896    9.4559
   -7.5000   45.0000  -37.5000 5596.4497    9.4269
    0.0000   45.0000  -37.5000 5639.6831    9.4317
    7.5000   45.0000  -37.5000 5330.4282    9.4381
   -7.5000  -45.0000  -30.0000 7295.1362    9.5574
    0.0000  -45.0000  -30.0000 7313.7456    9.5632
    7.5000  -45.0000  -30.0000 6875.5933    9.5725
   -7.5000  -37.5000  -30.0000 7734.1948   10.1828
    0.0000  -37.5000  -30.0000 7767.2314   10.1922
    7.5000  -37.5000  -30.0000 7310.4663   10.2015
   -7.5000  -30.0000  -30.0000 8190.2554   10.4849
    0.0000  -30.0000  -30.0000 8228.2012   10.4981
    7.5000  -30.0000  -30.0000 7749.4956   10.5065
   -7.5000  -22.5000  -30.0000 8727.0107   10.4810
    0.0000  -22.5000  -30.0000 8767.5498   10.4945
    7.5000  -22.5000  -30.0000 8264.7432   10.5025
   -7.5000  -15.0000  -30.0000 9219.3018   10.4626
    0.0000  -15.0000  -30.0000 9269.2061   10.4728
    7.5000  -15.0000  -30.0000 8744.7773   10.4811
   -7.5000   -7.5000  -30.0000 9318.0088   10.4474
    0.0000   -7.5000  -30.0000 9383.4365   10.4542
    7.5000   -7.5000  -30.0000 8836.7314   10.4637
   -7.5000    0.0000  -30.0000 9364.4824   10.4508
    0.0000    0.0000  -30.0000 9450.8359   10.4571
    7.5000    0.0000  -30.0000 8902.1328   10.4673
   -7.5000    7.5000  -30.0000 8957.1094   10.4695
    0.0000    7.5000  -30.0000 9033.7930   10.4791
    7.5000    7.5000  -30.0000 8512.2490   10.4887
   -7.5000   15.0000  -30.0000 8628.2168   10.4835
    0.0000   15.0000  -30.0000 8714.8457   10.4966
    7.5000   15.0000  -30.0000 8203.6064   10.5051
   -7.5000   22.5000  -30.0000 7847.5630   10.3413
    0.0000   22.5000  -30.0000 7939.2505   10.3547
    7.5000   22.5000  -30.0000 7488.5312   10.3626
   -7.5000   30.0000  -30.0000 7178.0078   10.0611
    0.0000   30.0000  -30.0000 7249.9858   10.0708
    7.5000   30.0000  -30.0000 6828.9380   10.0789
   -7.5000   37.5000  -30.0000 6515.6646    9.7843
    0.0000   37.5000  -30.0000 6589.5630    9.7900
    7.5000   37.5000  -30.0000 6195.6650    9.7989
   -7.5000   45.0000  -30.0000 5925.3159    9.7606
    0.0000   45.0000  -30.0000 5989.8867    9.7661
    7.5000   45.0000  -30.0000 5644.5396    9.7749
   -7.5000  -45.0000  -22.5000 7896.1260    9.8643
    0.0000  -45.0000  -22.5000 7915.3726    9.8715
    7.5000  -45.0000  -22.5000 7455.5933    9.8858
   -7.5000  -37.5000  -22.5000 8338.5225   10.5215
    0.0000  -37.5000  -22.5000 8360.4570   10.5322
    7.5000  -37.5000  -22.5000 7900.8198   10.5452
   -7.5000  -30.0000  -22.5000 8829.4121   10.8283
    0.0000  -30.0000  -22.5000 8861.2139   10.8421
    7.5000  -30.0000  -22.5000 8366.6680   10.8527
   -7.5000  -22.5000  -22.5000 9426.4668   10.8256
    0.0000  -22.5000  -22.5000 9461.9463   10.8399
    7.5000  -22.5000  -22.5000 8924.5029   10.8497
   -7.5000  -15.0000  -22.5000 9968.7715   10.8008
    0.0000  -15.0000  -22.500010024.1523   10.8125
    7.5000  -15.0000  -22.5000 9440.5908   10.8243
   -7.5000   -7.5000  -22.500010044.2334   10.7787
    0.0000   -7.5000  -22.500010110.1016   10.7873
    7.5000   -7.5000  -22.5000 9516.8643   10.8019
   -7.5000    0.0000  -22.500010088.1436   10.7803
    0.0000    0.0000  -22.500010154.6250   10.7882
    7.5000    0.0000  -22.5000 9577.7734   10.8037
   -7.5000    7.5000  -22.5000 9615.5420   10.8042
    0.0000    7.5000  -22.5000 9681.5371   10.8152
    7.5000    7.5000  -22.5000 9136.8496   10.8286
   -7.5000   15.0000  -22.5000 9216.3340   10.8257
    0.0000   15.0000  -22.5000 9298.4316   10.8395
    7.5000   15.0000  -22.5000 8778.7422   10.8501
   -7.5000   22.5000  -22.5000 8365.9805   10.6824
    0.0000   22.5000  -22.5000 8452.0186   10.6964
    7.5000   22.5000  -22.5000 8019.5903   10.7061
   -7.5000   30.0000  -22.5000 7620.8120   10.3939
    0.0000   30.0000  -22.5000 7710.8149   10.4052
    7.5000   30.0000  -22.5000 7291.7681   10.4165
   -7.5000   37.5000  -22.5000 6891.3481   10.1094
    0.0000   37.5000  -22.5000 6972.2827   10.1169
    7.5000   37.5000  -22.5000 6578.6914   10.1306
   -7.5000   45.0000  -22.5000 6250.1465   10.0882
    0.0000   45.0000  -22.5000 6317.6836   10.0953
    7.5000   45.0000  -22.5000 5972.0361   10.1096
   -7.5000  -45.0000  -15.0000 8507.8721   10.1517
    0.0000  -45.0000  -15.0000 8518.5889   10.1603
    7.5000  -45.0000  -15.0000 8022.4751   10.1761
   -7.5000  -37.5000  -15.0000 8986.8086   10.8342
    0.0000  -37.5000  -15.0000 9016.9785   10.8445
    7.5000  -37.5000  -15.0000 8517.5098   10.8556
   -7.5000  -30.0000  -15.0000 9479.9189   11.1427
    0.0000  -30.0000  -15.0000 9520.3457   11.1551
    7.5000  -30.0000  -15.0000 8992.3232   11.1615
   -7.5000  -22.5000  -15.000010139.1152   11.1353
    0.0000  -22.5000  -15.000010189.4033   11.1492
    7.5000  -22.5000  -15.0000 9588.7510   11.1564
   -7.5000  -15.0000  -15.000010718.7715   11.1026
    0.0000  -15.0000  -15.000010788.1377   11.1157
    7.5000  -15.0000  -15.000010138.6855   11.1288
   -7.5000   -7.5000  -15.000010776.6846   11.0778
    0.0000   -7.5000  -15.000010848.8799   11.0884
    7.5000   -7.5000  -15.000010207.9678   11.1064
   -7.5000    0.0000  -15.000010823.9570   11.0836
    0.0000    0.0000  -15.000010893.2988   11.0929
    7.5000    0.0000  -15.000010286.6025   11.1103
   -7.5000    7.5000  -15.000010284.1162   11.1146
    0.0000    7.5000  -15.000010351.1182   11.1251
    7.5000    7.5000  -15.0000 9777.5234   11.1365
   -7.5000   15.0000  -15.0000 9849.1689   11.1392
    0.0000   15.0000  -15.0000 9910.1641   11.1516
    7.5000   15.0000  -15.0000 9391.8164   11.1581
   -7.5000   22.5000  -15.0000 8907.5908   10.9896
    0.0000   22.5000  -15.0000 8989.2041   11.0034
    7.5000   22.5000  -15.0000 8549.8945   11.0104
   -7.5000   30.0000  -15.0000 8073.3628   10.6924
    0.0000   30.0000  -15.0000 8160.4448   10.7049
    7.5000   30.0000  -15.0000 7752.3516   10.7176
   -7.5000   37.5000  -15.0000 7283.1187   10.4058
    0.0000   37.5000  -15.0000 7368.1260   10.4155
    7.5000   37.5000  -15.0000 6980.9673   10.4325
   -7.5000   45.0000  -15.0000 6603.2388   10.3932
    0.0000   45.0000  -15.0000 6660.8906   10.4016
    7.5000   45.0000  -15.0000 6309.7495   10.4183
   -7.5000  -45.0000   -7.5000 8847.6094   10.1525
    0.0000  -45.0000   -7.5000 8880.5049   10.1611
    7.5000  -45.0000   -7.5000 8351.7793   10.1744
   -7.5000  -37.5000   -7.5000 9387.2227   10.8359
    0.0000  -37.5000   -7.5000 9421.7666   10.8448
    7.5000  -37.5000   -7.5000 8858.0908   10.8510
   -7.5000  -30.0000   -7.5000 9934.1846   11.1413
    0.0000  -30.0000   -7.5000 9971.8291   11.1519
    7.5000  -30.0000   -7.5000 9381.7920   11.1525
   -7.5000  -22.5000   -7.500010594.6045   11.1299
    0.0000  -22.5000   -7.500010652.9668   11.1429
    7.5000  -22.5000   -7.5000 9997.4551   11.1454
   -7.5000  -15.0000   -7.500011173.3057   11.0963
    0.0000  -15.0000   -7.500011248.3311   11.1093
    7.5000  -15.0000   -7.500010557.0664   11.1203
   -7.5000   -7.5000   -7.500011222.6426   11.0744
    0.0000   -7.5000   -7.500011290.8477   11.0855
    7.5000   -7.5000   -7.500010627.1104   11.1022
   -7.5000    0.0000   -7.500011260.0557   11.0845
    0.0000    0.0000   -7.500011334.5234   11.0939
    7.5000    0.0000   -7.500010680.6426   11.1084
   -7.5000    7.5000   -7.500010646.3916   11.1163
    0.0000    7.5000   -7.500010712.1016   11.1255
    7.5000    7.5000   -7.500010131.8027   11.1318
   -7.5000   15.0000   -7.500010191.5283   11.1379
    0.0000   15.0000   -7.500010251.6758   11.1485
    7.5000   15.0000   -7.5000 9749.4121   11.1490
   -7.5000   22.5000   -7.5000 9237.3887   10.9843
    0.0000   22.5000   -7.5000 9304.4551   10.9972
    7.5000   22.5000   -7.5000 8853.1553   10.9997
   -7.5000   30.0000   -7.5000 8340.2939   10.6863
    0.0000   30.0000   -7.5000 8424.3418   10.6988
    7.5000   30.0000   -7.5000 8007.2451   10.7094
   -7.5000   37.5000   -7.5000 7529.2227   10.4030
    0.0000   37.5000   -7.5000 7589.4209   10.4132
    7.5000   37.5000   -7.5000 7206.5034   10.4291
   -7.5000   45.0000   -7.5000 6804.0938   10.3927
    0.0000   45.0000   -7.5000 6859.8994   10.4011
    7.5000   45.0000   -7.5000 6509.2705   10.4157
   -7.5000  -45.0000    0.0000 8987.4287   10.4309
    0.0000  -45.0000    0.0000 9040.3848   10.4384
    7.5000  -45.0000    0.0000 8502.4951   10.4483
   -7.5000  -37.5000    0.0000 9538.5742   11.1221
    0.0000  -37.5000    0.0000 9576.9785   11.1301
    7.5000  -37.5000    0.0000 9000.0801   11.1336
   -7.5000  -30.0000    0.000010175.1562   11.4211
    0.0000  -30.0000    0.000010196.7383   11.4314
    7.5000  -30.0000    0.0000 9575.5449   11.4298
   -7.5000  -22.5000    0.000010907.9238   11.4089
    0.0000  -22.5000    0.000010979.4346   11.4215
    7.5000  -22.5000    0.000010286.9463   11.4218
   -7.5000  -15.0000    0.000011483.3711   11.3813
    0.0000  -15.0000    0.000011561.7861   11.3931
    7.5000  -15.0000    0.000010846.2510   11.4011
   -7.5000   -7.5000    0.000011515.4658   11.3655
    0.0000   -7.5000    0.000011578.3506   11.3751
    7.5000   -7.5000    0.000010904.7627   11.3882
   -7.5000    0.0000    0.000011550.5098   11.3772
    0.0000    0.0000    0.000011611.6904   11.3853
    7.5000    0.0000    0.000010934.7285   11.3962
   -7.5000    7.5000    0.000010928.9121   11.4023
    0.0000    7.5000    0.000010972.0684   11.4106
    7.5000    7.5000    0.000010332.4512   11.4142
   -7.5000   15.0000    0.000010465.1035   11.4170
    0.0000   15.0000    0.000010517.0957   11.4274
    7.5000   15.0000    0.0000 9924.5498   11.4258
   -7.5000   22.5000    0.0000 9500.5410   11.2612
    0.0000   22.5000    0.0000 9545.8887   11.2737
    7.5000   22.5000    0.0000 8995.8721   11.2740
   -7.5000   30.0000    0.0000 8554.7236   10.9674
    0.0000   30.0000    0.0000 8623.0098   10.9788
    7.5000   30.0000    0.0000 8130.7524   10.9864
   -7.5000   37.5000    0.0000 7676.3530   10.6894
    0.0000   37.5000    0.0000 7732.3701   10.6981
    7.5000   37.5000    0.0000 7301.8574   10.7107
   -7.5000   45.0000    0.0000 6910.0967   10.6891
    0.0000   45.0000    0.0000 6962.7539   10.6961
    7.5000   45.0000    0.0000 6592.9634   10.7070
   -7.5000  -45.0000    7.5000 8789.4180   10.4393
    0.0000  -45.0000    7.5000 8839.9512   10.4456
    7.5000  -45.0000    7.5000 8318.5811   10.4539
   -7.5000  -37.5000    7.5000 9292.2412   11.1240
    0.0000  -37.5000    7.5000 9339.2920   11.1327
    7.5000  -37.5000    7.5000 8796.7705   11.1383
   -7.5000  -30.0000    7.5000 9924.3857   11.4191
    0.0000  -30.0000    7.5000 9975.1777   11.4314
    7.5000  -30.0000    7.5000 9359.4512   11.4345
   -7.5000  -22.5000    7.500010814.4219   11.4100
    0.0000  -22.5000    7.500010928.7188   11.4237
    7.5000  -22.5000    7.500010099.4482   11.4274
   -7.5000  -15.0000    7.500011490.8711   11.3896
    0.0000  -15.0000    7.500011569.8691   11.4007
    7.5000  -15.0000    7.500010702.3438   11.4078
   -7.5000   -7.5000    7.500011471.2920   11.3773
    0.0000   -7.5000    7.500011505.8760   11.3854
    7.5000   -7.5000    7.500010733.5127   11.3950
   -7.5000    0.0000    7.500011477.7266   11.3863
    0.0000    0.0000    7.500011493.2607   11.3932
    7.5000    0.0000    7.500010740.1934   11.4022
   -7.5000    7.5000    7.500010790.9873   11.4043
    0.0000    7.5000    7.500010822.9473   11.4132
    7.5000    7.5000    7.500010081.1963   11.4190
   -7.5000   15.0000    7.500010297.9531   11.4151
    0.0000   15.0000    7.500010340.1553   11.4274
    7.5000   15.0000    7.5000 9648.7041   11.4304
   -7.5000   22.5000    7.5000 9322.7207   11.2623
    0.0000   22.5000    7.5000 9363.3994   11.2758
    7.5000   22.5000    7.5000 8778.2510   11.2795
   -7.5000   30.0000    7.5000 8382.7988   10.9754
    0.0000   30.0000    7.5000 8431.7471   10.9861
    7.5000   30.0000    7.5000 7944.4570   10.9929
   -7.5000   37.5000    7.5000 7503.5605   10.7002
    0.0000   37.5000    7.5000 7543.9727   10.7071
    7.5000   37.5000    7.5000 7120.0332   10.7165
   -7.5000   45.0000    7.5000 6726.2759   10.6997
    0.0000   45.0000    7.5000 6784.5864   10.7056
    7.5000   45.0000    7.5000 6419.1328   10.7137
   -7.5000  -45.0000   15.0000 8835.6172   10.4713
    0.0000  -45.0000   15.0000 8913.2686   10.4779
    7.5000  -45.0000   15.0000 8356.9570   10.4882
   -7.5000  -37.5000   15.0000 9372.6729   11.1578
    0.0000  -37.5000   15.0000 9429.3037   11.1683
    7.5000  -37.5000   15.0000 8845.7314   11.1783
   -7.5000  -30.0000   15.000010052.9492   11.4579
    0.0000  -30.0000   15.000010149.4590   11.4725
    7.5000  -30.0000   15.0000 9436.9951   11.4813
   -7.5000  -22.5000   15.000010960.4287   11.4533
    0.0000  -22.5000   15.000011150.7295   11.4684
    7.5000  -22.5000   15.000010158.2373   11.4768
   -7.5000  -15.0000   15.000011732.7432   11.4334
    0.0000  -15.0000   15.000011866.5908   11.4451
    7.5000  -15.0000   15.000010776.3604   11.4541
   -7.5000   -7.5000   15.000011744.8770   11.4172
    0.0000   -7.5000   15.000011793.8301   11.4252
    7.5000   -7.5000   15.000010813.5957   11.4356
   -7.5000    0.0000   15.000011642.3857   11.4212
    0.0000    0.0000   15.000011657.6465   11.4284
    7.5000    0.0000   15.000010784.0938   11.4395
   -7.5000    7.5000   15.000010825.1045   11.4390
    0.0000    7.5000   15.000010873.0947   11.4497
    7.5000    7.5000   15.000010078.7764   11.4600
   -7.5000   15.0000   15.000010279.9199   11.4539
    0.0000   15.0000   15.000010343.0322   11.4684
    7.5000   15.0000   15.0000 9636.4033   11.4772
   -7.5000   22.5000   15.0000 9310.8906   11.3050
    0.0000   22.5000   15.0000 9364.8213   11.3200
    7.5000   22.5000   15.0000 8793.0918   11.3283
   -7.5000   30.0000   15.0000 8387.7490   11.0176
    0.0000   30.0000   15.0000 8464.4082   11.0289
    7.5000   30.0000   15.0000 7975.5400   11.0375
   -7.5000   37.5000   15.0000 7517.6558   10.7375
    0.0000   37.5000   15.0000 7576.6616   10.7443
    7.5000   37.5000   15.0000 7158.1724   10.7541
   -7.5000   45.0000   15.0000 6733.7959   10.7348
    0.0000   45.0000   15.0000 6787.1597   10.7411
    7.5000   45.0000   15.0000 6423.7720   10.7509
   -7.5000  -45.0000   22.5000 8408.4336   10.5919
    0.0000  -45.0000   22.5000 8483.8857   10.5999
    7.5000  -45.0000   22.5000 7960.6733   10.6150
   -7.5000  -37.5000   22.5000 8961.9219   11.2918
    0.0000  -37.5000   22.5000 9060.8184   11.3034
    7.5000  -37.5000   22.5000 8445.4639   11.3172
   -7.5000  -30.0000   22.5000 9618.1738   11.6039
    0.0000  -30.0000   22.5000 9767.4551   11.6187
    7.5000  -30.0000   22.5000 9044.3232   11.6298
   -7.5000  -22.5000   22.500010423.9551   11.6019
    0.0000  -22.5000   22.500010612.0645   11.6172
    7.5000  -22.5000   22.5000 9742.4688   11.6274
   -7.5000  -15.0000   22.500011087.4502   11.5763
    0.0000  -15.0000   22.500011259.1846   11.5890
    7.5000  -15.0000   22.500010305.8779   11.6011
   -7.5000   -7.5000   22.500011103.6475   11.5522
    0.0000   -7.5000   22.500011198.5361   11.5617
    7.5000   -7.5000   22.500010334.5703   11.5769
   -7.5000    0.0000   22.500011017.0879   11.5527
    0.0000    0.0000   22.500011090.7627   11.5615
    7.5000    0.0000   22.500010306.7881   11.5778
   -7.5000    7.5000   22.500010223.8945   11.5764
    0.0000    7.5000   22.500010294.3174   11.5883
    7.5000    7.5000   22.5000 9608.5186   11.6024
   -7.5000   15.0000   22.5000 9741.1367   11.5997
    0.0000   15.0000   22.5000 9801.3193   11.6146
    7.5000   15.0000   22.5000 9186.4248   11.6257
   -7.5000   22.5000   22.5000 8865.8770   11.4517
    0.0000   22.5000   22.5000 8920.5889   11.4669
    7.5000   22.5000   22.5000 8392.2041   11.4769
   -7.5000   30.0000   22.5000 8026.9058   11.1553
    0.0000   30.0000   22.5000 8081.2334   11.1676
    7.5000   30.0000   22.5000 7608.2524   11.1792
   -7.5000   37.5000   22.5000 7185.7119   10.8651
    0.0000   37.5000   22.5000 7217.0151   10.8735
    7.5000   37.5000   22.5000 6823.5942   10.8878
   -7.5000   45.0000   22.5000 6423.3262   10.8587
    0.0000   45.0000   22.5000 6448.3833   10.8665
    7.5000   45.0000   22.5000 6107.3770   10.8816
   -7.5000  -45.0000   30.0000 7911.0190   10.7272
    0.0000  -45.0000   30.0000 8003.3501   10.7348
    7.5000  -45.0000   30.0000 7531.8843   10.7522
   -7.5000  -37.5000   30.0000 8429.2383   11.4449
    0.0000  -37.5000   30.0000 8522.8896   11.4551
    7.5000  -37.5000   30.0000 8003.4136   11.4682
   -7.5000  -30.0000   30.0000 8983.3730   11.7672
    0.0000  -30.0000   30.0000 9086.0059   11.7795
    7.5000  -30.0000   30.0000 8524.1934   11.7880
   -7.5000  -22.5000   30.0000 9659.8242   11.7652
    0.0000  -22.5000   30.0000 9766.1797   11.7779
    7.5000  -22.5000   30.0000 9123.5078   11.7868
   -7.5000  -15.0000   30.000010248.9609   11.7354
    0.0000  -15.0000   30.000010350.1992   11.7461
    7.5000  -15.0000   30.0000 9665.3066   11.7606
   -7.5000   -7.5000   30.000010291.8213   11.7074
    0.0000   -7.5000   30.000010395.7939   11.7158
    7.5000   -7.5000   30.0000 9728.2510   11.7352
   -7.5000    0.0000   30.000010281.7002   11.7074
    0.0000    0.0000   30.000010379.4180   11.7157
    7.5000    0.0000   30.0000 9730.1797   11.7347
   -7.5000    7.5000   30.0000 9563.1631   11.7353
    0.0000    7.5000   30.0000 9647.0068   11.7458
    7.5000    7.5000   30.0000 9060.2158   11.7592
   -7.5000   15.0000   30.0000 9149.5146   11.7631
    0.0000   15.0000   30.0000 9210.6221   11.7753
    7.5000   15.0000   30.0000 8672.1924   11.7838
   -7.5000   22.5000   30.0000 8370.8555   11.6119
    0.0000   22.5000   30.0000 8411.3604   11.6245
    7.5000   22.5000   30.0000 7930.5576   11.6332
   -7.5000   30.0000   30.0000 7592.6895   11.3138
    0.0000   30.0000   30.0000 7629.5210   11.3241
    7.5000   30.0000   30.0000 7191.1177   11.3381
   -7.5000   37.5000   30.0000 6787.0376   11.0231
    0.0000   37.5000   30.0000 6800.2739   11.0307
    7.5000   37.5000   30.0000 6420.8203   11.0491
   -7.5000   45.0000   30.0000 6049.5249   11.0197
    0.0000   45.0000   30.0000 6059.5527   11.0270
    7.5000   45.0000   30.0000 5726.9648   11.0454
   -7.5000  -45.0000   37.5000 7441.1392   10.8116
    0.0000  -45.0000   37.5000 7519.6890   10.8212
    7.5000  -45.0000   37.5000 7108.0571   10.8393
   -7.5000  -37.5000   37.5000 7890.9683   11.5394
    0.0000  -37.5000   37.5000 7948.4531   11.5506
    7.5000  -37.5000   37.5000 7538.7104   11.5619
   -7.5000  -30.0000   37.5000 8374.5820   11.8541
    0.0000  -30.0000   37.5000 8424.2119   11.8668
    7.5000  -30.0000   37.5000 7990.7007   11.8718
   -7.5000  -22.5000   37.5000 8960.3242   11.8466
    0.0000  -22.5000   37.5000 9001.4248   11.8602
    7.5000  -22.5000   37.5000 8522.9521   11.8665
   -7.5000  -15.0000   37.5000 9502.6143   11.8143
    0.0000  -15.0000   37.5000 9577.3691   11.8267
    7.5000  -15.0000   37.5000 9039.0693   11.8415
   -7.5000   -7.5000   37.5000 9600.5801   11.7894
    0.0000   -7.5000   37.5000 9671.2266   11.8000
    7.5000   -7.5000   37.5000 9124.0947   11.8212
   -7.5000    0.0000   37.5000 9627.8848   11.7950
    0.0000    0.0000   37.5000 9704.1582   11.8055
    7.5000    0.0000   37.5000 9151.5381   11.8252
   -7.5000    7.5000   37.5000 8985.7656   11.8249
    0.0000    7.5000   37.5000 9035.9707   11.8364
    7.5000    7.5000   37.5000 8508.6904   11.8479
   -7.5000   15.0000   37.5000 8614.5176   11.8498
    0.0000   15.0000   37.5000 8655.3896   11.8625
    7.5000   15.0000   37.5000 8161.2661   11.8675
   -7.5000   22.5000   37.5000 7897.9893   11.6902
    0.0000   22.5000   37.5000 7927.4497   11.7037
    7.5000   22.5000   37.5000 7484.1538   11.7099
   -7.5000   30.0000   37.5000 7139.9912   11.3898
    0.0000   30.0000   37.5000 7176.7646   11.4018
    7.5000   30.0000   37.5000 6771.0381   11.4160
   -7.5000   37.5000   37.5000 6358.0996   11.1026
    0.0000   37.5000   37.5000 6387.9146   11.1124
    7.5000   37.5000   37.5000 6022.7275   11.1327
   -7.5000   45.0000   37.5000 5669.7476   11.0990
    0.0000   45.0000   37.5000 5686.0791   11.1086
    7.5000   45.0000   37.5000 5371.3945   11.1284
   -7.5000  -45.0000   45.0000 6964.8008   10.9248
    0.0000  -45.0000   45.0000 7040.5576   10.9332
    7.5000  -45.0000   45.0000 6663.9810   10.9456
   -7.5000  -37.5000   45.0000 7371.2881   11.6515
    0.0000  -37.5000   45.0000 7425.6226   11.6621
    7.5000  -37.5000   45.0000 7053.3301   11.6690
   -7.5000  -30.0000   45.0000 7819.9365   11.9525
    0.0000  -30.0000   45.0000 7860.6172   11.9660
    7.5000  -30.0000   45.0000 7457.8428   11.9674
   -7.5000  -22.5000   45.0000 8328.5645   11.9494
    0.0000  -22.5000   45.0000 8379.5869   11.9643
    7.5000  -22.5000   45.0000 7946.8013   11.9662
   -7.5000  -15.0000   45.0000 8817.6670   11.9267
    0.0000  -15.0000   45.0000 8881.5576   11.9392
    7.5000  -15.0000   45.0000 8414.6992   11.9479
   -7.5000   -7.5000   45.0000 8916.7295   11.9060
    0.0000   -7.5000   45.0000 8983.8555   11.9157
    7.5000   -7.5000   45.0000 8496.9092   11.9301
   -7.5000    0.0000   45.0000 8945.6465   11.9081
    0.0000    0.0000   45.0000 9000.7656   11.9173
    7.5000    0.0000   45.0000 8518.1748   11.9308
   -7.5000    7.5000   45.0000 8358.2012   11.9283
    0.0000    7.5000   45.0000 8398.7471   11.9391
    7.5000    7.5000   45.0000 7930.6060   11.9463
   -7.5000   15.0000   45.0000 8036.0112   11.9481
    0.0000   15.0000   45.0000 8068.0625   11.9615
    7.5000   15.0000   45.0000 7612.3696   11.9630
   -7.5000   22.5000   45.0000 7356.1709   11.7901
    0.0000   22.5000   45.0000 7394.2773   11.8048
    7.5000   22.5000   45.0000 6983.2632   11.8066
   -7.5000   30.0000   45.0000 6641.9106   11.4970
    0.0000   30.0000   45.0000 6691.6362   11.5090
    7.5000   30.0000   45.0000 6320.4697   11.5174
   -7.5000   37.5000   45.0000 5917.1440   11.2120
    0.0000   37.5000   45.0000 5948.6592   11.2207
    7.5000   37.5000   45.0000 5624.7598   11.2347
   -7.5000   45.0000   45.0000 5282.6328   11.1999
    0.0000   45.0000   45.0000 5289.6982   11.2081
    7.5000   45.0000   45.0000 5011.2246   11.2214

---------------------------------------------------------------------
imgreg_4dfp /opt/freesurfer/average/711-2C_as_mni_average_305 /opt/freesurfer/average/711-2B_as_mni_average_305_mask talsrcimg_g11 none talsrcimg_to_711-2C_as_mni_average_305_t4 4355
---------------------------------------------------------------------

freesurfer imgreg_4dfp.c
/opt/freesurfer/average/711-2C_as_mni_average_305.4dfp.img
       256       256       256         1
  1.000000  1.000000  1.000000
orientation T byte_order littleendian
Reading image: /opt/freesurfer/average/711-2C_as_mni_average_305.4dfp.img
dimensions:      256       256       256
mmppix:       1.0000   -1.0000   -1.0000
center:     128.0000 -129.0000 -129.0000
/opt/freesurfer/average/711-2B_as_mni_average_305_mask.4dfp.img
       256       256       256         1
  1.000000  1.000000  1.000000
orientation T byte_order littleendian
Reading mask: /opt/freesurfer/average/711-2B_as_mni_average_305_mask.4dfp.img (2306576 pixels)
talsrcimg_g11.4dfp.img
       256       256       256         1
  0.898438  0.898438  0.898438
orientation T byte_order littleendian
Reading image: talsrcimg_g11.4dfp.img
dimensions:      256       256       256
mmppix:       0.8984   -0.8984   -0.8984
center:     115.0001 -115.8985 -115.8985
rotation matrix determinant  1.000000
image alignment mode   4355 decimal     1103 hex
   -7.5000  -60.0000  -30.0000 2062.1934   12.1661
    0.0000  -60.0000  -30.0000 2060.1294   12.1726
    7.5000  -60.0000  -30.0000 2031.3718   12.3401
   -7.5000  -52.5000  -30.0000 2184.3135   10.9722
    0.0000  -52.5000  -30.0000 2183.4895   10.9810
    7.5000  -52.5000  -30.0000 2146.1067   11.1190
   -7.5000  -45.0000  -30.0000 2317.2717   10.2002
    0.0000  -45.0000  -30.0000 2313.4800   10.2079
    7.5000  -45.0000  -30.0000 2277.2561   10.3547
   -7.5000  -37.5000  -30.0000 2396.3079    9.5632
    0.0000  -37.5000  -30.0000 2393.4941    9.5725
    7.5000  -37.5000  -30.0000 2351.0107    9.7222
   -7.5000  -30.0000  -30.0000 2440.6738    9.1189
    0.0000  -30.0000  -30.0000 2438.4275    9.1216
    7.5000  -30.0000  -30.0000 2394.7925    9.2744
   -7.5000  -22.5000  -30.0000 2459.3823    8.8211
    0.0000  -22.5000  -30.0000 2458.9333    8.8145
    7.5000  -22.5000  -30.0000 2418.5847    8.9614
   -7.5000  -15.0000  -30.0000 2461.2456    8.7033
    0.0000  -15.0000  -30.0000 2461.0579    8.6755
    7.5000  -15.0000  -30.0000 2430.8792    8.7962
   -7.5000   -7.5000  -30.0000 2447.0188    8.7724
    0.0000   -7.5000  -30.0000 2452.0356    8.7561
    7.5000   -7.5000  -30.0000 2416.4844    8.8953
   -7.5000    0.0000  -30.0000 2413.5391    8.9905
    0.0000    0.0000  -30.0000 2418.8047    8.9956
    7.5000    0.0000  -30.0000 2383.6504    9.1404
   -7.5000    7.5000  -30.0000 2370.4438    9.4414
    0.0000    7.5000  -30.0000 2373.8064    9.4326
    7.5000    7.5000  -30.0000 2335.8037    9.5827
   -7.5000   15.0000  -30.0000 2304.2969   10.0965
    0.0000   15.0000  -30.0000 2310.6750   10.0792
    7.5000   15.0000  -30.0000 2267.6421   10.2286
   -7.5000   22.5000  -30.0000 2212.8628   10.9176
    0.0000   22.5000  -30.0000 2223.5930   10.9086
    7.5000   22.5000  -30.0000 2182.6338   11.0932
   -7.5000   30.0000  -30.0000 2110.7502   11.9718
    0.0000   30.0000  -30.0000 2113.3508   11.9715
    7.5000   30.0000  -30.0000 2071.1113   12.1766
   -7.5000  -60.0000  -22.5000 2166.6499   11.7785
    0.0000  -60.0000  -22.5000 2165.2205   11.7520
    7.5000  -60.0000  -22.5000 2137.9590   11.9377
   -7.5000  -52.5000  -22.5000 2294.6023   10.5852
    0.0000  -52.5000  -22.5000 2296.8306   10.5569
    7.5000  -52.5000  -22.5000 2263.0598   10.7374
   -7.5000  -45.0000  -22.5000 2430.5369    9.8184
    0.0000  -45.0000  -22.5000 2429.9099    9.7923
    7.5000  -45.0000  -22.5000 2391.7229    9.9642
   -7.5000  -37.5000  -22.5000 2509.7061    9.1982
    0.0000  -37.5000  -22.5000 2506.2651    9.1825
    7.5000  -37.5000  -22.5000 2470.2361    9.3389
   -7.5000  -30.0000  -22.5000 2562.1821    8.7334
    0.0000  -30.0000  -22.5000 2563.3005    8.7120
    7.5000  -30.0000  -22.5000 2520.7881    8.8785
   -7.5000  -22.5000  -22.5000 2594.4211    8.4623
    0.0000  -22.5000  -22.5000 2596.0579    8.4255
    7.5000  -22.5000  -22.5000 2557.4541    8.5680
   -7.5000  -15.0000  -22.5000 2609.4849    8.3443
    0.0000  -15.0000  -22.5000 2613.9568    8.2996
    7.5000  -15.0000  -22.5000 2578.4268    8.4218
   -7.5000   -7.5000  -22.5000 2601.2349    8.3959
    0.0000   -7.5000  -22.5000 2609.3022    8.3649
    7.5000   -7.5000  -22.5000 2569.9978    8.5000
   -7.5000    0.0000  -22.5000 2569.0588    8.6104
    0.0000    0.0000  -22.5000 2575.6650    8.5897
    7.5000    0.0000  -22.5000 2536.9297    8.7380
   -7.5000    7.5000  -22.5000 2515.6428    9.0620
    0.0000    7.5000  -22.5000 2526.1501    9.0248
    7.5000    7.5000  -22.5000 2483.2246    9.1727
   -7.5000   15.0000  -22.5000 2441.7227    9.6956
    0.0000   15.0000  -22.5000 2450.9546    9.6542
    7.5000   15.0000  -22.5000 2404.9780    9.8299
   -7.5000   22.5000  -22.5000 2341.2004   10.5275
    0.0000   22.5000  -22.5000 2352.9370   10.5119
    7.5000   22.5000  -22.5000 2314.9229   10.6973
   -7.5000   30.0000  -22.5000 2222.6282   11.5634
    0.0000   30.0000  -22.5000 2234.8472   11.5508
    7.5000   30.0000  -22.5000 2197.0391   11.7471
   -7.5000  -60.0000  -15.0000 2250.9944   11.3150
    0.0000  -60.0000  -15.0000 2250.1230   11.3061
    7.5000  -60.0000  -15.0000 2218.2522   11.4787
   -7.5000  -52.5000  -15.0000 2375.5894   10.1233
    0.0000  -52.5000  -15.0000 2376.2131   10.0893
    7.5000  -52.5000  -15.0000 2342.0144   10.2651
   -7.5000  -45.0000  -15.0000 2508.6096    9.3873
    0.0000  -45.0000  -15.0000 2512.5374    9.3517
    7.5000  -45.0000  -15.0000 2474.3442    9.4980
   -7.5000  -37.5000  -15.0000 2590.0239    8.7886
    0.0000  -37.5000  -15.0000 2593.4553    8.7555
    7.5000  -37.5000  -15.0000 2558.5830    8.8897
   -7.5000  -30.0000  -15.0000 2650.7893    8.3338
    0.0000  -30.0000  -15.0000 2652.8201    8.3077
    7.5000  -30.0000  -15.0000 2614.7502    8.4583
   -7.5000  -22.5000  -15.0000 2699.1570    8.0342
    0.0000  -22.5000  -15.0000 2709.7783    7.9981
    7.5000  -22.5000  -15.0000 2662.5020    8.1490
   -7.5000  -15.0000  -15.0000 2729.1230    7.9092
    0.0000  -15.0000  -15.0000 2737.5957    7.8670
    7.5000  -15.0000  -15.0000 2694.9497    7.9921
   -7.5000   -7.5000  -15.0000 2730.5852    7.9440
    0.0000   -7.5000  -15.0000 2741.3687    7.9016
    7.5000   -7.5000  -15.0000 2691.9875    8.0435
   -7.5000    0.0000  -15.0000 2695.1355    8.2024
    0.0000    0.0000  -15.0000 2710.7444    8.1550
    7.5000    0.0000  -15.0000 2663.3818    8.2933
   -7.5000    7.5000  -15.0000 2637.8108    8.6585
    0.0000    7.5000  -15.0000 2654.4553    8.6113
    7.5000    7.5000  -15.0000 2602.6865    8.7551
   -7.5000   15.0000  -15.0000 2547.9409    9.2835
    0.0000   15.0000  -15.0000 2561.9915    9.2271
    7.5000   15.0000  -15.0000 2515.2273    9.3921
   -7.5000   22.5000  -15.0000 2435.4810   10.1009
    0.0000   22.5000  -15.0000 2449.5852   10.0601
    7.5000   22.5000  -15.0000 2410.6768   10.2263
   -7.5000   30.0000  -15.0000 2302.7834   11.1130
    0.0000   30.0000  -15.0000 2318.7485   11.0773
    7.5000   30.0000  -15.0000 2282.4026   11.2567
   -7.5000  -60.0000   -7.5000 2282.8215   10.8151
    0.0000  -60.0000   -7.5000 2286.5500   10.8099
    7.5000  -60.0000   -7.5000 2250.8960   11.0171
   -7.5000  -52.5000   -7.5000 2407.2788    9.6164
    0.0000  -52.5000   -7.5000 2409.4607    9.6132
    7.5000  -52.5000   -7.5000 2373.9033    9.7853
   -7.5000  -45.0000   -7.5000 2547.8442    8.9072
    0.0000  -45.0000   -7.5000 2550.5173    8.8689
    7.5000  -45.0000   -7.5000 2513.0867    9.0245
   -7.5000  -37.5000   -7.5000 2636.5483    8.3210
    0.0000  -37.5000   -7.5000 2642.8760    8.2879
    7.5000  -37.5000   -7.5000 2604.0083    8.4370
   -7.5000  -30.0000   -7.5000 2709.0288    7.9148
    0.0000  -30.0000   -7.5000 2714.2612    7.8882
    7.5000  -30.0000   -7.5000 2670.8735    8.0214
   -7.5000  -22.5000   -7.5000 2768.1733    7.6141
    0.0000  -22.5000   -7.5000 2782.8232    7.5714
    7.5000  -22.5000   -7.5000 2730.6326    7.7319
   -7.5000  -15.0000   -7.5000 2810.8594    7.4534
    0.0000  -15.0000   -7.5000 2824.8875    7.4008
    7.5000  -15.0000   -7.5000 2772.8171    7.5499
   -7.5000   -7.5000   -7.5000 2818.6824    7.4778
    0.0000   -7.5000   -7.5000 2832.0398    7.4469
    7.5000   -7.5000   -7.5000 2776.6257    7.6061
   -7.5000    0.0000   -7.5000 2781.6499    7.7631
    0.0000    0.0000   -7.5000 2802.1448    7.7128
    7.5000    0.0000   -7.5000 2744.7563    7.8668
   -7.5000    7.5000   -7.5000 2709.8467    8.2113
    0.0000    7.5000   -7.5000 2730.0825    8.1586
    7.5000    7.5000   -7.5000 2679.3652    8.3234
   -7.5000   15.0000   -7.5000 2607.8647    8.8339
    0.0000   15.0000   -7.5000 2622.6750    8.7843
    7.5000   15.0000   -7.5000 2582.1431    8.9399
   -7.5000   22.5000   -7.5000 2490.4321    9.6305
    0.0000   22.5000   -7.5000 2506.3811    9.5821
    7.5000   22.5000   -7.5000 2461.7009    9.7554
   -7.5000   30.0000   -7.5000 2351.1523   10.6111
    0.0000   30.0000   -7.5000 2366.1423   10.5888
    7.5000   30.0000   -7.5000 2322.1531   10.7646
   -7.5000  -60.0000    0.0000 2299.2007   10.5616
    0.0000  -60.0000    0.0000 2305.8992   10.5495
    7.5000  -60.0000    0.0000 2273.1592   10.7887
   -7.5000  -52.5000    0.0000 2429.2454    9.3680
    0.0000  -52.5000    0.0000 2432.5942    9.3341
    7.5000  -52.5000    0.0000 2399.8291    9.5574
   -7.5000  -45.0000    0.0000 2570.2195    8.6026
    0.0000  -45.0000    0.0000 2579.6140    8.5635
    7.5000  -45.0000    0.0000 2542.1797    8.7597
   -7.5000  -37.5000    0.0000 2672.0073    8.0295
    0.0000  -37.5000    0.0000 2681.7036    7.9781
    7.5000  -37.5000    0.0000 2642.4631    8.1394
   -7.5000  -30.0000    0.0000 2757.0376    7.6356
    0.0000  -30.0000    0.0000 2764.9785    7.5907
    7.5000  -30.0000    0.0000 2725.3301    7.7241
   -7.5000  -22.5000    0.0000 2832.4104    7.3937
    0.0000  -22.5000    0.0000 2846.0735    7.3392
    7.5000  -22.5000    0.0000 2798.6111    7.4822
   -7.5000  -15.0000    0.0000 2884.6282    7.2038
    0.0000  -15.0000    0.0000 2907.5374    7.1559
    7.5000  -15.0000    0.0000 2845.0049    7.3329
   -7.5000   -7.5000    0.0000 2899.1892    7.1988
    0.0000   -7.5000    0.0000 2922.7463    7.1588
    7.5000   -7.5000    0.0000 2859.2039    7.3636
   -7.5000    0.0000    0.0000 2851.2908    7.4880
    0.0000    0.0000    0.0000 2876.1011    7.4407
    7.5000    0.0000    0.0000 2817.1606    7.6321
   -7.5000    7.5000    0.0000 2775.3318    7.9631
    0.0000    7.5000    0.0000 2793.8208    7.9101
    7.5000    7.5000    0.0000 2742.8904    8.0764
   -7.5000   15.0000    0.0000 2665.5200    8.5698
    0.0000   15.0000    0.0000 2680.4646    8.5178
    7.5000   15.0000    0.0000 2636.2979    8.6713
   -7.5000   22.5000    0.0000 2538.1423    9.3615
    0.0000   22.5000    0.0000 2553.6714    9.2967
    7.5000   22.5000    0.0000 2505.9993    9.4584
   -7.5000   30.0000    0.0000 2395.9653   10.3307
    0.0000   30.0000    0.0000 2412.8381   10.2707
    7.5000   30.0000    0.0000 2366.8845   10.4439
   -7.5000  -60.0000    7.5000 2304.6631   10.3823
    0.0000  -60.0000    7.5000 2308.4102   10.3531
    7.5000  -60.0000    7.5000 2284.7810   10.6126
   -7.5000  -52.5000    7.5000 2430.3774    9.1807
    0.0000  -52.5000    7.5000 2435.6370    9.1401
    7.5000  -52.5000    7.5000 2410.5481    9.3856
   -7.5000  -45.0000    7.5000 2577.1887    8.4149
    0.0000  -45.0000    7.5000 2586.0271    8.3591
    7.5000  -45.0000    7.5000 2554.9951    8.5600
   -7.5000  -37.5000    7.5000 2690.5383    7.8149
    0.0000  -37.5000    7.5000 2704.1597    7.7585
    7.5000  -37.5000    7.5000 2665.6934    7.9336
   -7.5000  -30.0000    7.5000 2786.2505    7.4166
    0.0000  -30.0000    7.5000 2797.2141    7.3559
    7.5000  -30.0000    7.5000 2760.1262    7.5169
   -7.5000  -22.5000    7.5000 2873.8047    7.2370
    0.0000  -22.5000    7.5000 2892.1301    7.1790
    7.5000  -22.5000    7.5000 2841.8091    7.2998
   -7.5000  -15.0000    7.5000 2938.9404    7.1361
    0.0000  -15.0000    7.5000 2971.1936    7.0818
    7.5000  -15.0000    7.5000 2893.8333    7.1789
   -7.5000   -7.5000    7.5000 2954.9807    7.0751
    0.0000   -7.5000    7.5000 2983.8284    7.0093
    7.5000   -7.5000    7.5000 2900.3462    7.1881
   -7.5000    0.0000    7.5000 2901.0012    7.3174
    0.0000    0.0000    7.5000 2924.8391    7.2553
    7.5000    0.0000    7.5000 2861.6228    7.4263
   -7.5000    7.5000    7.5000 2807.3313    7.7645
    0.0000    7.5000    7.5000 2829.1162    7.6987
    7.5000    7.5000    7.5000 2776.8677    7.8434
   -7.5000   15.0000    7.5000 2689.1396    8.3722
    0.0000   15.0000    7.5000 2709.4062    8.2941
    7.5000   15.0000    7.5000 2664.5930    8.4383
   -7.5000   22.5000    7.5000 2556.3735    9.1410
    0.0000   22.5000    7.5000 2573.2329    9.0659
    7.5000   22.5000    7.5000 2530.0654    9.2245
   -7.5000   30.0000    7.5000 2408.7568   10.0959
    0.0000   30.0000    7.5000 2420.5161   10.0409
    7.5000   30.0000    7.5000 2386.1609   10.2028
   -7.5000  -60.0000   15.0000 2310.0657   10.2999
    0.0000  -60.0000   15.0000 2317.5393   10.2738
    7.5000  -60.0000   15.0000 2298.4360   10.5202
   -7.5000  -52.5000   15.0000 2438.4529    9.1225
    0.0000  -52.5000   15.0000 2444.3472    9.0864
    7.5000  -52.5000   15.0000 2420.8640    9.3022
   -7.5000  -45.0000   15.0000 2578.3560    8.3469
    0.0000  -45.0000   15.0000 2588.9128    8.3251
    7.5000  -45.0000   15.0000 2565.8186    8.4974
   -7.5000  -37.5000   15.0000 2696.7539    7.7648
    0.0000  -37.5000   15.0000 2709.3320    7.7400
    7.5000  -37.5000   15.0000 2679.3765    7.8796
   -7.5000  -30.0000   15.0000 2801.9272    7.3811
    0.0000  -30.0000   15.0000 2819.7590    7.3381
    7.5000  -30.0000   15.0000 2780.6479    7.4527
   -7.5000  -22.5000   15.0000 2900.1042    7.2166
    0.0000  -22.5000   15.0000 2932.1091    7.1707
    7.5000  -22.5000   15.0000 2866.9929    7.2375
   -7.5000  -15.0000   15.0000 2973.2175    7.1263
    0.0000  -15.0000   15.0000 3011.0901    7.0943
    7.5000  -15.0000   15.0000 2919.3047    7.1312
   -7.5000   -7.5000   15.0000 2983.1865    7.1159
    0.0000   -7.5000   15.0000 3017.4004    7.0488
    7.5000   -7.5000   15.0000 2924.1260    7.1475
   -7.5000    0.0000   15.0000 2917.4622    7.2885
    0.0000    0.0000   15.0000 2941.8291    7.2327
    7.5000    0.0000   15.0000 2874.0061    7.3521
   -7.5000    7.5000   15.0000 2813.1643    7.6689
    0.0000    7.5000   15.0000 2835.8250    7.6126
    7.5000    7.5000   15.0000 2784.6140    7.7484
   -7.5000   15.0000   15.0000 2689.2102    8.2527
    0.0000   15.0000   15.0000 2712.9070    8.1901
    7.5000   15.0000   15.0000 2665.6213    8.3338
   -7.5000   22.5000   15.0000 2551.6460    9.0238
    0.0000   22.5000   15.0000 2568.0281    8.9666
    7.5000   22.5000   15.0000 2532.6768    9.1306
   -7.5000   30.0000   15.0000 2404.9873    9.9995
    0.0000   30.0000   15.0000 2424.2854    9.9544
    7.5000   30.0000   15.0000 2388.5989   10.1332
   -7.5000  -60.0000   22.5000 2319.4814   10.3658
    0.0000  -60.0000   22.5000 2329.3145   10.3648
    7.5000  -60.0000   22.5000 2300.3262   10.5765
   -7.5000  -52.5000   22.5000 2442.8914    9.2028
    0.0000  -52.5000   22.5000 2454.1006    9.1784
    7.5000  -52.5000   22.5000 2424.6296    9.3736
   -7.5000  -45.0000   22.5000 2582.9868    8.4429
    0.0000  -45.0000   22.5000 2593.7913    8.4114
    7.5000  -45.0000   22.5000 2570.3386    8.5722
   -7.5000  -37.5000   22.5000 2701.0605    7.8616
    0.0000  -37.5000   22.5000 2715.9470    7.8445
    7.5000  -37.5000   22.5000 2684.8203    7.9720
   -7.5000  -30.0000   22.5000 2803.8274    7.4736
    0.0000  -30.0000   22.5000 2826.4363    7.4592
    7.5000  -30.0000   22.5000 2783.7781    7.5524
   -7.5000  -22.5000   22.5000 2902.6030    7.2761
    0.0000  -22.5000   22.5000 2943.0505    7.2734
    7.5000  -22.5000   22.5000 2873.1089    7.3236
   -7.5000  -15.0000   22.5000 2964.9509    7.1645
    0.0000  -15.0000   22.5000 3016.0537    7.1110
    7.5000  -15.0000   22.5000 2919.0217    7.1986
   -7.5000   -7.5000   22.5000 2962.0227    7.1618
    0.0000   -7.5000   22.5000 2993.8574    7.1010
    7.5000   -7.5000   22.5000 2914.6743    7.2164
   -7.5000    0.0000   22.5000 2892.8782    7.3498
    0.0000    0.0000   22.5000 2923.8804    7.3050
    7.5000    0.0000   22.5000 2857.9517    7.4322
   -7.5000    7.5000   22.5000 2791.8713    7.7267
    0.0000    7.5000   22.5000 2818.3003    7.6806
    7.5000    7.5000   22.5000 2768.9551    7.8234
   -7.5000   15.0000   22.5000 2665.5620    8.2977
    0.0000   15.0000   22.5000 2688.4858    8.2551
    7.5000   15.0000   22.5000 2647.8884    8.4099
   -7.5000   22.5000   22.5000 2530.4595    9.0654
    0.0000   22.5000   22.5000 2549.8210    9.0168
    7.5000   22.5000   22.5000 2512.5579    9.1880
   -7.5000   30.0000   22.5000 2389.8101   10.0166
    0.0000   30.0000   22.5000 2404.5513    9.9833
    7.5000   30.0000   22.5000 2369.3699   10.1832
   -7.5000  -60.0000   30.0000 2321.7434   10.4907
    0.0000  -60.0000   30.0000 2333.5889   10.4498
    7.5000  -60.0000   30.0000 2296.6431   10.6978
   -7.5000  -52.5000   30.0000 2445.0999    9.3391
    0.0000  -52.5000   30.0000 2459.3057    9.3014
    7.5000  -52.5000   30.0000 2423.6223    9.5233
   -7.5000  -45.0000   30.0000 2584.4048    8.5985
    0.0000  -45.0000   30.0000 2602.1040    8.5668
    7.5000  -45.0000   30.0000 2569.5630    8.7596
   -7.5000  -37.5000   30.0000 2707.3838    8.0137
    0.0000  -37.5000   30.0000 2726.0051    7.9882
    7.5000  -37.5000   30.0000 2687.3547    8.1385
   -7.5000  -30.0000   30.0000 2799.6614    7.6155
    0.0000  -30.0000   30.0000 2828.3120    7.6052
    7.5000  -30.0000   30.0000 2781.9639    7.7253
   -7.5000  -22.5000   30.0000 2881.1897    7.3840
    0.0000  -22.5000   30.0000 2921.0583    7.3429
    7.5000  -22.5000   30.0000 2853.7595    7.4699
   -7.5000  -15.0000   30.0000 2918.9910    7.2738
    0.0000  -15.0000   30.0000 2956.9712    7.2189
    7.5000  -15.0000   30.0000 2889.6404    7.3562
   -7.5000   -7.5000   30.0000 2906.2839    7.3179
    0.0000   -7.5000   30.0000 2935.1094    7.2890
    7.5000   -7.5000   30.0000 2876.8481    7.4109
   -7.5000    0.0000   30.0000 2840.4910    7.5559
    0.0000    0.0000   30.0000 2870.0957    7.5182
    7.5000    0.0000   30.0000 2817.0798    7.6571
   -7.5000    7.5000   30.0000 2744.1780    7.9559
    0.0000    7.5000   30.0000 2767.4517    7.9147
    7.5000    7.5000   30.0000 2725.3748    8.0602
   -7.5000   15.0000   30.0000 2622.3896    8.5200
    0.0000   15.0000   30.0000 2644.1294    8.4673
    7.5000   15.0000   30.0000 2608.5667    8.6233
   -7.5000   22.5000   30.0000 2496.2202    9.2504
    0.0000   22.5000   30.0000 2513.0371    9.1963
    7.5000   22.5000   30.0000 2482.8757    9.3574
   -7.5000   30.0000   30.0000 2360.9863   10.1702
    0.0000   30.0000   30.0000 2372.5120   10.1282
    7.5000   30.0000   30.0000 2341.8047   10.3064
   -7.5000  -60.0000   37.5000 2304.6985   10.7103
    0.0000  -60.0000   37.5000 2317.5132   10.6704
    7.5000  -60.0000   37.5000 2282.8640   10.9313
   -7.5000  -52.5000   37.5000 2435.7493    9.5741
    0.0000  -52.5000   37.5000 2452.4033    9.5201
    7.5000  -52.5000   37.5000 2413.9045    9.7957
   -7.5000  -45.0000   37.5000 2574.9392    8.8450
    0.0000  -45.0000   37.5000 2598.7021    8.7889
    7.5000  -45.0000   37.5000 2560.2759    9.0218
   -7.5000  -37.5000   37.5000 2694.4988    8.2632
    0.0000  -37.5000   37.5000 2714.9612    8.2145
    7.5000  -37.5000   37.5000 2677.8752    8.4067
   -7.5000  -30.0000   37.5000 2782.4385    7.8472
    0.0000  -30.0000   37.5000 2808.9006    7.7960
    7.5000  -30.0000   37.5000 2760.2957    7.9686
   -7.5000  -22.5000   37.5000 2839.3462    7.6050
    0.0000  -22.5000   37.5000 2868.4014    7.5326
    7.5000  -22.5000   37.5000 2811.6807    7.7212
   -7.5000  -15.0000   37.5000 2853.8062    7.5374
    0.0000  -15.0000   37.5000 2888.4941    7.5009
    7.5000  -15.0000   37.5000 2836.1018    7.6483
   -7.5000   -7.5000   37.5000 2833.6321    7.6238
    0.0000   -7.5000   37.5000 2860.2268    7.5869
    7.5000   -7.5000   37.5000 2813.8325    7.7237
   -7.5000    0.0000   37.5000 2769.1975    7.8833
    0.0000    0.0000   37.5000 2799.6265    7.8271
    7.5000    0.0000   37.5000 2754.6528    7.9706
   -7.5000    7.5000   37.5000 2679.5295    8.3129
    0.0000    7.5000   37.5000 2700.2502    8.2560
    7.5000    7.5000   37.5000 2659.0911    8.3992
   -7.5000   15.0000   37.5000 2570.3657    8.8728
    0.0000   15.0000   37.5000 2588.2429    8.8172
    7.5000   15.0000   37.5000 2556.4751    8.9580
   -7.5000   22.5000   37.5000 2451.3804    9.5453
    0.0000   22.5000   37.5000 2463.9824    9.4965
    7.5000   22.5000   37.5000 2436.9097    9.6628
   -7.5000   30.0000   37.5000 2314.6199   10.4516
    0.0000   30.0000   37.5000 2329.9937   10.3994
    7.5000   30.0000   37.5000 2298.5051   10.5836
   -7.5000  -60.0000   45.0000 2259.2310   10.9978
    0.0000  -60.0000   45.0000 2274.6235   10.9463
    7.5000  -60.0000   45.0000 2240.1816   11.2465
   -7.5000  -52.5000   45.0000 2386.3501    9.8838
    0.0000  -52.5000   45.0000 2407.6326    9.8220
    7.5000  -52.5000   45.0000 2368.7109   10.1083
   -7.5000  -45.0000   45.0000 2526.1326    9.1643
    0.0000  -45.0000   45.0000 2554.3748    9.1032
    7.5000  -45.0000   45.0000 2507.6802    9.3590
   -7.5000  -37.5000   45.0000 2637.3152    8.5680
    0.0000  -37.5000   45.0000 2664.2424    8.5102
    7.5000  -37.5000   45.0000 2621.4915    8.7271
   -7.5000  -30.0000   45.0000 2718.1604    8.1456
    0.0000  -30.0000   45.0000 2746.4824    8.0736
    7.5000  -30.0000   45.0000 2698.1958    8.2822
   -7.5000  -22.5000   45.0000 2754.3101    7.9186
    0.0000  -22.5000   45.0000 2785.6968    7.8719
    7.5000  -22.5000   45.0000 2736.1682    8.0532
   -7.5000  -15.0000   45.0000 2757.5952    7.8670
    0.0000  -15.0000   45.0000 2785.6001    7.8460
    7.5000  -15.0000   45.0000 2740.8694    8.0052
   -7.5000   -7.5000   45.0000 2727.3992    7.9753
    0.0000   -7.5000   45.0000 2753.9741    7.9420
    7.5000   -7.5000   45.0000 2711.8584    8.0798
   -7.5000    0.0000   45.0000 2663.0676    8.2304
    0.0000    0.0000   45.0000 2686.4456    8.1849
    7.5000    0.0000   45.0000 2649.7852    8.3186
   -7.5000    7.5000   45.0000 2583.3638    8.6745
    0.0000    7.5000   45.0000 2600.7412    8.6198
    7.5000    7.5000   45.0000 2562.5552    8.7686
   -7.5000   15.0000   45.0000 2486.0271    9.2211
    0.0000   15.0000   45.0000 2501.1060    9.1721
    7.5000   15.0000   45.0000 2466.7036    9.3237
   -7.5000   22.5000   45.0000 2370.9912    9.8914
    0.0000   22.5000   45.0000 2385.8010    9.8377
    7.5000   22.5000   45.0000 2357.3650   10.0017
   -7.5000   30.0000   45.0000 2231.1450   10.8085
    0.0000   30.0000   45.0000 2246.7883   10.7685
    7.5000   30.0000   45.0000 2220.4143   10.9347
   -7.5000  -60.0000   52.5000 2192.2593   11.3232
    0.0000  -60.0000   52.5000 2215.2375   11.2474
    7.5000  -60.0000   52.5000 2177.2476   11.5655
   -7.5000  -52.5000   52.5000 2311.6677   10.2036
    0.0000  -52.5000   52.5000 2335.6367   10.1482
    7.5000  -52.5000   52.5000 2295.9573   10.4362
   -7.5000  -45.0000   52.5000 2443.0471    9.5112
    0.0000  -45.0000   52.5000 2473.4607    9.4340
    7.5000  -45.0000   52.5000 2428.1987    9.6988
   -7.5000  -37.5000   52.5000 2542.1216    8.8861
    0.0000  -37.5000   52.5000 2576.1174    8.8195
    7.5000  -37.5000   52.5000 2528.2891    9.0487
   -7.5000  -30.0000   52.5000 2614.8257    8.4647
    0.0000  -30.0000   52.5000 2644.9214    8.3967
    7.5000  -30.0000   52.5000 2599.4639    8.6102
   -7.5000  -22.5000   52.5000 2644.7886    8.2598
    0.0000  -22.5000   52.5000 2672.2458    8.2091
    7.5000  -22.5000   52.5000 2630.7412    8.3942
   -7.5000  -15.0000   52.5000 2636.8552    8.2214
    0.0000  -15.0000   52.5000 2661.5859    8.1926
    7.5000  -15.0000   52.5000 2622.2307    8.3422
   -7.5000   -7.5000   52.5000 2601.9622    8.3397
    0.0000   -7.5000   52.5000 2625.8274    8.3047
    7.5000   -7.5000   52.5000 2591.8113    8.4338
   -7.5000    0.0000   52.5000 2540.1282    8.5941
    0.0000    0.0000   52.5000 2559.4282    8.5461
    7.5000    0.0000   52.5000 2534.1074    8.6808
   -7.5000    7.5000   52.5000 2466.6614    8.9951
    0.0000    7.5000   52.5000 2485.7832    8.9544
    7.5000    7.5000   52.5000 2452.6562    9.1007
   -7.5000   15.0000   52.5000 2375.3137    9.5131
    0.0000   15.0000   52.5000 2391.6621    9.4952
    7.5000   15.0000   52.5000 2361.0208    9.6406
   -7.5000   22.5000   52.5000 2263.2214   10.1886
    0.0000   22.5000   52.5000 2280.3445   10.1627
    7.5000   22.5000   52.5000 2248.1763   10.3209
   -7.5000   30.0000   52.5000 2128.2178   11.1304
    0.0000   30.0000   52.5000 2145.2563   11.1105
    7.5000   30.0000   52.5000 2113.9099   11.2774
   -7.5000  -60.0000   60.0000 2156.9358   11.9715
    0.0000  -60.0000   60.0000 2181.2690   11.8866
    7.5000  -60.0000   60.0000 2139.2344   12.1962
   -7.5000  -52.5000   60.0000 2269.2224   10.8123
    0.0000  -52.5000   60.0000 2292.5012   10.7479
    7.5000  -52.5000   60.0000 2254.7275   11.0309
   -7.5000  -45.0000   60.0000 2382.0850   10.0928
    0.0000  -45.0000   60.0000 2414.3083   10.0335
    7.5000  -45.0000   60.0000 2375.8362   10.2741
   -7.5000  -37.5000   60.0000 2473.7078    9.4553
    0.0000  -37.5000   60.0000 2507.5732    9.4015
    7.5000  -37.5000   60.0000 2462.6243    9.6246
   -7.5000  -30.0000   60.0000 2535.3562    9.0295
    0.0000  -30.0000   60.0000 2565.4321    9.0001
    7.5000  -30.0000   60.0000 2526.9141    9.2046
   -7.5000  -22.5000   60.0000 2558.0322    8.8135
    0.0000  -22.5000   60.0000 2583.7131    8.7919
    7.5000  -22.5000   60.0000 2546.3945    8.9710
   -7.5000  -15.0000   60.0000 2548.3384    8.8072
    0.0000  -15.0000   60.0000 2574.0171    8.7615
    7.5000  -15.0000   60.0000 2536.5039    8.9322
   -7.5000   -7.5000   60.0000 2516.3806    8.9189
    0.0000   -7.5000   60.0000 2537.3311    8.8841
    7.5000   -7.5000   60.0000 2508.0898    9.0180
   -7.5000    0.0000   60.0000 2459.0107    9.1613
    0.0000    0.0000   60.0000 2474.7786    9.1392
    7.5000    0.0000   60.0000 2449.0618    9.2760
   -7.5000    7.5000   60.0000 2383.7297    9.5658
    0.0000    7.5000   60.0000 2402.9961    9.5452
    7.5000    7.5000   60.0000 2373.8865    9.6727
   -7.5000   15.0000   60.0000 2292.7000   10.1071
    0.0000   15.0000   60.0000 2309.1016   10.0681
    7.5000   15.0000   60.0000 2280.2561   10.2228
   -7.5000   22.5000   60.0000 2180.7891   10.8132
    0.0000   22.5000   60.0000 2198.1179   10.7784
    7.5000   22.5000   60.0000 2168.8767   10.9264
   -7.5000   30.0000   60.0000 2053.9939   11.7594
    0.0000   30.0000   60.0000 2068.0156   11.7490
    7.5000   30.0000   60.0000 2040.1758   11.9073

---------------------------------------------------------------------
imgreg_4dfp /opt/freesurfer/average/711-2C_as_mni_average_305 /opt/freesurfer/average/711-2B_as_mni_average_305_mask talsrcimg_g11 none talsrcimg_to_711-2C_as_mni_average_305_t4 1283
---------------------------------------------------------------------

freesurfer imgreg_4dfp.c
/opt/freesurfer/average/711-2C_as_mni_average_305.4dfp.img
       256       256       256         1
  1.000000  1.000000  1.000000
orientation T byte_order littleendian
Reading image: /opt/freesurfer/average/711-2C_as_mni_average_305.4dfp.img
dimensions:      256       256       256
mmppix:       1.0000   -1.0000   -1.0000
center:     128.0000 -129.0000 -129.0000
/opt/freesurfer/average/711-2B_as_mni_average_305_mask.4dfp.img
       256       256       256         1
  1.000000  1.000000  1.000000
orientation T byte_order littleendian
Reading mask: /opt/freesurfer/average/711-2B_as_mni_average_305_mask.4dfp.img (2306576 pixels)
talsrcimg_g11.4dfp.img
       256       256       256         1
  0.898438  0.898438  0.898438
orientation T byte_order littleendian
Reading image: talsrcimg_g11.4dfp.img
dimensions:      256       256       256
mmppix:       0.8984   -0.8984   -0.8984
center:     115.0001 -115.8985 -115.8985
rotation matrix determinant  1.000000
fimgreg.f
image alignment mode   1283 decimal      503 hex
parameters
    0.0000   -7.5000   15.0000    0.0000    0.0000    0.0000
eta,q 0.94605  7.05867
niter,ni,del,rscale     5    3   12.0000    1.2000
parameter  2  0.796340 ->  0.500000 qaram    1.1500
parameters
   -1.8432  -10.9500   16.8806    0.2112   -1.8360    0.6869
eta,q 0.95548  7.01958
  0.0603  0.0472  0.0572  0.0532  0.0497  0.0503
  0.0537  0.0468  0.0536  0.0492  0.0459  0.0478
  0.0507  0.0481  0.0504  0.0460  0.0448  0.0460
  0.0531  0.0507  0.0470  0.0461  0.0463  0.0448
  0.0595  0.0555  0.0462  0.0476  0.0490  0.0444
  0.0683  0.0617  0.0475  0.0491  0.0533  0.0459
  0.0782  0.0682  0.0502  0.0514  0.0596  0.0487
niter,ni,del,rscale     5    3   12.0000    1.2000
parameters
   -1.2481  -11.8476   16.9571    1.6039   -2.3639    0.7975
eta,q 0.95626  7.02030
  0.0697  0.0537  0.0532  0.0536  0.0527  0.0484
  0.0592  0.0474  0.0490  0.0492  0.0471  0.0460
  0.0495  0.0436  0.0448  0.0451  0.0441  0.0446
  0.0445  0.0443  0.0437  0.0437  0.0440  0.0438
  0.0458  0.0470  0.0454  0.0441  0.0463  0.0436
  0.0523  0.0519  0.0483  0.0451  0.0502  0.0454
  0.0625  0.0599  0.0528  0.0471  0.0554  0.0486
niter,ni,del,rscale     4    3   12.0000    1.2000
parameters
   -1.0137  -12.6097   17.3642    2.7245   -2.4552    0.6819
eta,q 0.95750  7.02291
  0.0677  0.0550  0.0540  0.0519  0.0535  0.0468
  0.0571  0.0461  0.0489  0.0472  0.0477  0.0443
  0.0477  0.0420  0.0442  0.0437  0.0438  0.0430
  0.0437  0.0437  0.0428  0.0428  0.0425  0.0425
  0.0460  0.0468  0.0437  0.0424  0.0440  0.0424
  0.0541  0.0516  0.0466  0.0440  0.0483  0.0442
  0.0649  0.0591  0.0515  0.0467  0.0541  0.0477
niter,ni,del,rscale     3    3   12.0000    1.2000
parameters
   -0.9509  -13.2733   17.8989    3.6421   -2.3008    0.3894
eta,q 0.95931  7.01944
  0.0659  0.0562  0.0536  0.0508  0.0536  0.0458
  0.0549  0.0454  0.0483  0.0462  0.0477  0.0429
  0.0459  0.0406  0.0440  0.0432  0.0431  0.0411
  0.0425  0.0425  0.0415  0.0413  0.0408  0.0407
  0.0452  0.0469  0.0419  0.0411  0.0420  0.0412
  0.0540  0.0523  0.0456  0.0435  0.0464  0.0435
  0.0652  0.0587  0.0504  0.0464  0.0528  0.0472
niter,ni,del,rscale     2    3   12.0000    1.2000
parameters
   -0.9984  -13.8202   18.4172    4.2460   -2.1093    0.1712
eta,q 0.96064  7.01022
  0.0647  0.0574  0.0528  0.0502  0.0530  0.0457
  0.0532  0.0452  0.0481  0.0457  0.0473  0.0425
  0.0440  0.0393  0.0432  0.0422  0.0422  0.0400
  0.0407  0.0407  0.0398  0.0396  0.0395  0.0394
  0.0439  0.0463  0.0408  0.0405  0.0407  0.0405
  0.0537  0.0528  0.0450  0.0434  0.0453  0.0430
  0.0656  0.0583  0.0498  0.0469  0.0523  0.0467
niter,ni,del,rscale     1    3   12.0000    1.2000
parameters
   -1.0741  -14.1564   18.7217    4.5635   -1.9969    0.0709
eta,q 0.96113  7.00478
  0.0645  0.0589  0.0521  0.0497  0.0524  0.0460
  0.0524  0.0461  0.0472  0.0450  0.0467  0.0426
  0.0429  0.0390  0.0419  0.0409  0.0416  0.0398
  0.0394  0.0394  0.0389  0.0389  0.0389  0.0389
  0.0430  0.0453  0.0406  0.0405  0.0403  0.0401
  0.0534  0.0527  0.0449  0.0437  0.0451  0.0428
  0.0658  0.0580  0.0504  0.0477  0.0524  0.0466
registration optimization eta report
parameter search radius
    6.0000    6.9000    6.0000    6.0000    6.0000    6.0000
100000*second partial in parameter space
       70.       39.       33.       26.       37.       20.
  0.0645  0.0589  0.0521  0.0497  0.0524  0.0460
  0.0524  0.0461  0.0472  0.0450  0.0467  0.0426
  0.0429  0.0390  0.0419  0.0409  0.0416  0.0398
  0.0394  0.0394  0.0389  0.0389  0.0389  0.0389
  0.0430  0.0453  0.0406  0.0405  0.0403  0.0401
  0.0534  0.0527  0.0449  0.0437  0.0451  0.0428
  0.0658  0.0580  0.0504  0.0477  0.0524  0.0466
   -1.0741  -14.1564   18.7217    4.5635   -1.9969    0.0709
eta,q 0.96113  7.00478

---------------------------------------------------------------------
imgreg_4dfp /opt/freesurfer/average/711-2C_as_mni_average_305 /opt/freesurfer/average/711-2B_as_mni_average_305_mask talsrcimg_g11 none talsrcimg_to_711-2C_as_mni_average_305_t4 3335
---------------------------------------------------------------------

freesurfer imgreg_4dfp.c
/opt/freesurfer/average/711-2C_as_mni_average_305.4dfp.img
       256       256       256         1
  1.000000  1.000000  1.000000
orientation T byte_order littleendian
Reading image: /opt/freesurfer/average/711-2C_as_mni_average_305.4dfp.img
dimensions:      256       256       256
mmppix:       1.0000   -1.0000   -1.0000
center:     128.0000 -129.0000 -129.0000
/opt/freesurfer/average/711-2B_as_mni_average_305_mask.4dfp.img
       256       256       256         1
  1.000000  1.000000  1.000000
orientation T byte_order littleendian
Reading mask: /opt/freesurfer/average/711-2B_as_mni_average_305_mask.4dfp.img (2306576 pixels)
talsrcimg_g11.4dfp.img
       256       256       256         1
  0.898438  0.898438  0.898438
orientation T byte_order littleendian
Reading image: talsrcimg_g11.4dfp.img
dimensions:      256       256       256
mmppix:       0.8984   -0.8984   -0.8984
center:     115.0001 -115.8985 -115.8985
fimgreg.f
image alignment mode   3335 decimal      D07 hex
parameters
   -1.0741  -14.1564   18.7217   -0.0608   -0.3168   -0.3776
    0.1539    3.4833    0.1236   -7.9521   -3.4845    7.9515
eta,q 0.95766  7.06740
niter,ni,del,rscale     5    3    5.0000    1.2000
parameter  4  1.087037 ->  0.500000 qaram    1.1500
parameter  5  1.691016 ->  0.500000 qaram    1.1500
parameter 10  0.519690 ->  0.500000 qaram    1.1500
parameter 12  1.677933 ->  0.500000 qaram    1.1500
parameters
   -1.3771  -14.0718   19.5655   -4.2008   -4.4568    1.2674
    0.5710    4.1547    2.2320  -12.0921   -3.8017    3.8115
eta,q 0.96623  6.87223
  0.0453  0.0447  0.0443  0.0385  0.0354  0.0390  0.0398  0.0414  0.0394  0.0363  0.0362  0.0331
  0.0435  0.0435  0.0434  0.0394  0.0362  0.0377  0.0381  0.0390  0.0381  0.0356  0.0358  0.0336
  0.0425  0.0426  0.0427  0.0404  0.0376  0.0369  0.0370  0.0374  0.0371  0.0355  0.0355  0.0344
  0.0423  0.0423  0.0423  0.0421  0.0396  0.0366  0.0366  0.0366  0.0365  0.0364  0.0355  0.0355
  0.0432  0.0424  0.0421  0.0447  0.0421  0.0366  0.0368  0.0368  0.0364  0.0379  0.0356  0.0367
  0.0448  0.0432  0.0422  0.0481  0.0447  0.0368  0.0377  0.0379  0.0367  0.0401  0.0359  0.0382
  0.0472  0.0445  0.0426  0.0519  0.0476  0.0374  0.0391  0.0400  0.0373  0.0428  0.0364  0.0398
niter,ni,del,rscale     7    3    5.0000    1.2000
parameter  4  0.614264 ->  0.500000 qaram    1.3225
parameters
   -1.3994  -14.3787   20.3771   -8.9618   -8.2460    2.9951
    0.2434    3.9628    2.5871  -10.9316   -3.9848    0.0235
eta,q 0.96889  6.60390
  0.0375  0.0360  0.0363  0.0325  0.0327  0.0344  0.0343  0.0361  0.0337  0.0371  0.0325  0.0317
  0.0354  0.0346  0.0351  0.0323  0.0319  0.0331  0.0327  0.0337  0.0326  0.0346  0.0319  0.0312
  0.0341  0.0338  0.0343  0.0328  0.0317  0.0321  0.0318  0.0321  0.0319  0.0327  0.0316  0.0311
  0.0338  0.0338  0.0337  0.0335  0.0324  0.0317  0.0316  0.0316  0.0316  0.0316  0.0314  0.0314
  0.0342  0.0344  0.0335  0.0346  0.0339  0.0316  0.0321  0.0322  0.0318  0.0316  0.0316  0.0323
  0.0355  0.0357  0.0337  0.0369  0.0361  0.0318  0.0332  0.0340  0.0324  0.0328  0.0320  0.0335
  0.0376  0.0375  0.0343  0.0403  0.0391  0.0326  0.0346  0.0366  0.0333  0.0349  0.0326  0.0349
niter,ni,del,rscale     7    3    5.0000    1.2000
parameters
   -1.3663  -14.1690   20.5221   -9.2009   -8.4215    4.2150
    0.2496    3.9907    2.6387  -10.2815   -4.8188   -0.5108
eta,q 0.96903  6.63063
  0.0351  0.0348  0.0329  0.0342  0.0341  0.0333  0.0340  0.0356  0.0331  0.0358  0.0318  0.0327
  0.0329  0.0329  0.0320  0.0322  0.0327  0.0320  0.0324  0.0332  0.0320  0.0335  0.0313  0.0317
  0.0316  0.0316  0.0314  0.0311  0.0316  0.0313  0.0314  0.0317  0.0313  0.0319  0.0311  0.0311
  0.0311  0.0311  0.0311  0.0311  0.0311  0.0311  0.0310  0.0310  0.0310  0.0310  0.0310  0.0310
  0.0315  0.0313  0.0312  0.0316  0.0314  0.0310  0.0314  0.0315  0.0313  0.0313  0.0312  0.0312
  0.0328  0.0322  0.0317  0.0325  0.0327  0.0313  0.0325  0.0331  0.0320  0.0325  0.0316  0.0320
  0.0349  0.0337  0.0326  0.0343  0.0346  0.0321  0.0339  0.0357  0.0330  0.0346  0.0323  0.0332
niter,ni,del,rscale     6    3    5.0000    1.2000
parameters
   -1.3549  -14.0734   20.4660   -8.9893   -8.4347    4.1159
    0.2643    4.0231    2.9176  -10.1151   -5.1905   -0.7278
eta,q 0.96902  6.63688
  0.0349  0.0343  0.0326  0.0342  0.0341  0.0326  0.0339  0.0355  0.0331  0.0353  0.0319  0.0328
  0.0328  0.0325  0.0316  0.0323  0.0327  0.0316  0.0323  0.0332  0.0320  0.0331  0.0314  0.0318
  0.0314  0.0314  0.0311  0.0311  0.0316  0.0311  0.0313  0.0316  0.0313  0.0316  0.0311  0.0311
  0.0310  0.0310  0.0310  0.0310  0.0310  0.0310  0.0310  0.0310  0.0310  0.0310  0.0310  0.0310
  0.0314  0.0313  0.0312  0.0314  0.0313  0.0310  0.0314  0.0315  0.0312  0.0314  0.0311  0.0312
  0.0327  0.0323  0.0318  0.0321  0.0325  0.0315  0.0324  0.0330  0.0318  0.0328  0.0315  0.0319
  0.0348  0.0338  0.0327  0.0338  0.0344  0.0329  0.0338  0.0355  0.0328  0.0350  0.0322  0.0331
niter,ni,del,rscale     5    3    5.0000    1.2000
parameters
   -1.3469  -14.0222   20.4039   -9.0259   -8.4162    4.1516
    0.2472    4.0286    3.0692  -10.0266   -5.3785   -0.8817
eta,q 0.96903  6.63722
  0.0348  0.0342  0.0326  0.0341  0.0341  0.0326  0.0339  0.0355  0.0330  0.0352  0.0320  0.0328
  0.0327  0.0325  0.0316  0.0321  0.0327  0.0316  0.0323  0.0331  0.0319  0.0330  0.0314  0.0318
  0.0314  0.0314  0.0311  0.0311  0.0316  0.0312  0.0313  0.0315  0.0312  0.0316  0.0311  0.0311
  0.0310  0.0310  0.0310  0.0310  0.0310  0.0310  0.0310  0.0310  0.0310  0.0310  0.0310  0.0310
  0.0314  0.0313  0.0312  0.0314  0.0312  0.0309  0.0314  0.0315  0.0312  0.0314  0.0311  0.0312
  0.0327  0.0324  0.0318  0.0322  0.0324  0.0314  0.0324  0.0330  0.0319  0.0328  0.0315  0.0319
  0.0348  0.0339  0.0327  0.0340  0.0343  0.0328  0.0338  0.0355  0.0328  0.0350  0.0321  0.0330
niter,ni,del,rscale     4    3    5.0000    1.2000
parameters
   -1.3461  -13.9853   20.3726   -9.0185   -8.3976    4.1649
    0.2433    4.0272    3.1627   -9.9704   -5.4981   -0.9630
eta,q 0.96904  6.63882
  0.0348  0.0342  0.0327  0.0341  0.0341  0.0326  0.0339  0.0354  0.0330  0.0351  0.0320  0.0329
  0.0327  0.0324  0.0317  0.0321  0.0327  0.0316  0.0323  0.0331  0.0319  0.0330  0.0314  0.0319
  0.0314  0.0313  0.0311  0.0311  0.0316  0.0312  0.0313  0.0315  0.0312  0.0315  0.0311  0.0311
  0.0310  0.0310  0.0310  0.0310  0.0310  0.0310  0.0310  0.0310  0.0310  0.0310  0.0310  0.0310
  0.0314  0.0313  0.0312  0.0314  0.0312  0.0309  0.0314  0.0315  0.0312  0.0314  0.0311  0.0312
  0.0327  0.0324  0.0318  0.0321  0.0324  0.0314  0.0324  0.0330  0.0319  0.0328  0.0315  0.0318
  0.0348  0.0339  0.0327  0.0340  0.0343  0.0328  0.0338  0.0355  0.0328  0.0350  0.0321  0.0330
niter,ni,del,rscale     3    3    5.0000    1.2000
parameters
   -1.3457  -13.9647   20.3527   -9.0172   -8.3923    4.1655
    0.2492    4.0245    3.2145   -9.9361   -5.5702   -1.0175
eta,q 0.96904  6.63913
  0.0348  0.0341  0.0327  0.0341  0.0341  0.0326  0.0339  0.0354  0.0329  0.0351  0.0320  0.0329
  0.0327  0.0324  0.0317  0.0321  0.0327  0.0316  0.0323  0.0331  0.0319  0.0329  0.0315  0.0319
  0.0314  0.0313  0.0311  0.0310  0.0316  0.0312  0.0313  0.0315  0.0312  0.0315  0.0311  0.0311
  0.0310  0.0310  0.0310  0.0310  0.0310  0.0310  0.0310  0.0310  0.0310  0.0310  0.0310  0.0310
  0.0314  0.0313  0.0312  0.0314  0.0312  0.0309  0.0314  0.0315  0.0312  0.0314  0.0311  0.0312
  0.0327  0.0324  0.0318  0.0321  0.0324  0.0314  0.0324  0.0330  0.0319  0.0329  0.0315  0.0318
  0.0348  0.0339  0.0327  0.0340  0.0343  0.0328  0.0338  0.0355  0.0329  0.0350  0.0321  0.0330
niter,ni,del,rscale     2    3    5.0000    1.2000
parameters
   -1.3465  -13.9501   20.3416   -9.0173   -8.3917    4.1749
    0.2544    4.0222    3.2461   -9.9120   -5.6101   -1.0527
eta,q 0.96904  6.63951
  0.0348  0.0341  0.0327  0.0341  0.0341  0.0326  0.0339  0.0354  0.0329  0.0350  0.0320  0.0329
  0.0327  0.0324  0.0317  0.0321  0.0327  0.0316  0.0323  0.0331  0.0319  0.0329  0.0315  0.0319
  0.0314  0.0313  0.0311  0.0310  0.0316  0.0312  0.0313  0.0315  0.0312  0.0315  0.0311  0.0311
  0.0310  0.0310  0.0310  0.0310  0.0310  0.0310  0.0310  0.0310  0.0310  0.0310  0.0310  0.0310
  0.0314  0.0313  0.0312  0.0314  0.0312  0.0309  0.0314  0.0315  0.0312  0.0314  0.0311  0.0312
  0.0327  0.0324  0.0318  0.0321  0.0324  0.0314  0.0324  0.0330  0.0319  0.0329  0.0315  0.0318
  0.0348  0.0339  0.0327  0.0340  0.0343  0.0328  0.0338  0.0355  0.0329  0.0350  0.0321  0.0330
registration optimization eta report
parameter search radius
    2.4000    2.4000    2.4000    9.5220    8.2800    7.2000
    7.2000    7.2000    7.2000    8.2800    7.2000    8.2800
100000*second partial in parameter space
       66.       53.       30.        3.        5.        4.
        6.        9.        4.        6.        2.        3.
  0.0348  0.0341  0.0327  0.0341  0.0341  0.0326  0.0339  0.0354  0.0329  0.0350  0.0320  0.0329
  0.0327  0.0324  0.0317  0.0321  0.0327  0.0316  0.0323  0.0331  0.0319  0.0329  0.0315  0.0319
  0.0314  0.0313  0.0311  0.0310  0.0316  0.0312  0.0313  0.0315  0.0312  0.0315  0.0311  0.0311
  0.0310  0.0310  0.0310  0.0310  0.0310  0.0310  0.0310  0.0310  0.0310  0.0310  0.0310  0.0310
  0.0314  0.0313  0.0312  0.0314  0.0312  0.0309  0.0314  0.0315  0.0312  0.0314  0.0311  0.0312
  0.0327  0.0324  0.0318  0.0321  0.0324  0.0314  0.0324  0.0330  0.0319  0.0329  0.0315  0.0318
  0.0348  0.0339  0.0327  0.0340  0.0343  0.0328  0.0338  0.0355  0.0329  0.0350  0.0321  0.0330
   -1.3465  -13.9501   20.3416   -9.0173   -8.3917    4.1749
    0.2544    4.0222    3.2461   -9.9120   -5.6101   -1.0527
eta,q 0.96904  6.63951

---------------------------------------------------------------------
imgreg_4dfp /opt/freesurfer/average/711-2C_as_mni_average_305 /opt/freesurfer/average/711-2B_as_mni_average_305_mask talsrcimg_g11 none talsrcimg_to_711-2C_as_mni_average_305_t4 2311
---------------------------------------------------------------------

freesurfer imgreg_4dfp.c
/opt/freesurfer/average/711-2C_as_mni_average_305.4dfp.img
       256       256       256         1
  1.000000  1.000000  1.000000
orientation T byte_order littleendian
Reading image: /opt/freesurfer/average/711-2C_as_mni_average_305.4dfp.img
dimensions:      256       256       256
mmppix:       1.0000   -1.0000   -1.0000
center:     128.0000 -129.0000 -129.0000
/opt/freesurfer/average/711-2B_as_mni_average_305_mask.4dfp.img
       256       256       256         1
  1.000000  1.000000  1.000000
orientation T byte_order littleendian
Reading mask: /opt/freesurfer/average/711-2B_as_mni_average_305_mask.4dfp.img (2306576 pixels)
talsrcimg_g11.4dfp.img
       256       256       256         1
  0.898438  0.898438  0.898438
orientation T byte_order littleendian
Reading image: talsrcimg_g11.4dfp.img
dimensions:      256       256       256
mmppix:       0.8984   -0.8984   -0.8984
center:     115.0001 -115.8985 -115.8985
fimgreg.f
image alignment mode   2311 decimal      907 hex
parameters
   -1.3465  -13.9501   20.3416   -9.0173   -8.3917    4.1749
    0.2544    4.0222    3.2461   -9.9120   -5.6101   -1.0527
eta,q 0.96903  6.63951
niter,ni,del,rscale     5    3    5.0000    0.8000
parameters
   -1.3463  -13.9706   20.2857   -9.6446   -8.0264    4.5112
    0.1006    4.1416    3.1710   -9.9430   -5.5810   -1.2548
eta,q 0.96915  6.63500
  0.0327  0.0323  0.0317  0.0315  0.0323  0.0315  0.0322  0.0331  0.0318  0.0324  0.0314  0.0315
  0.0317  0.0316  0.0313  0.0311  0.0317  0.0312  0.0314  0.0319  0.0313  0.0316  0.0311  0.0311
  0.0312  0.0311  0.0310  0.0309  0.0312  0.0310  0.0310  0.0312  0.0309  0.0310  0.0309  0.0309
  0.0310  0.0310  0.0310  0.0310  0.0309  0.0309  0.0309  0.0309  0.0309  0.0309  0.0309  0.0309
  0.0312  0.0311  0.0311  0.0312  0.0310  0.0308  0.0311  0.0311  0.0310  0.0310  0.0309  0.0310
  0.0317  0.0316  0.0314  0.0314  0.0313  0.0310  0.0316  0.0318  0.0313  0.0316  0.0311  0.0312
  0.0327  0.0324  0.0318  0.0317  0.0320  0.0314  0.0323  0.0329  0.0318  0.0324  0.0314  0.0316
niter,ni,del,rscale     4    3    5.0000    0.7000
parameters
   -1.3332  -13.9539   20.2515   -9.6463   -7.9094    4.6490
    0.0695    4.1434    3.1595   -9.9343   -5.6253   -1.4442
eta,q 0.96917  6.64332
  0.0322  0.0320  0.0315  0.0314  0.0319  0.0313  0.0319  0.0324  0.0316  0.0320  0.0313  0.0314
  0.0315  0.0314  0.0311  0.0311  0.0314  0.0311  0.0313  0.0316  0.0312  0.0314  0.0311  0.0310
  0.0310  0.0310  0.0309  0.0309  0.0310  0.0310  0.0310  0.0310  0.0309  0.0310  0.0309  0.0309
  0.0309  0.0309  0.0309  0.0309  0.0309  0.0308  0.0308  0.0308  0.0308  0.0308  0.0308  0.0308
  0.0310  0.0310  0.0310  0.0310  0.0309  0.0308  0.0310  0.0310  0.0309  0.0310  0.0309  0.0310
  0.0314  0.0313  0.0312  0.0311  0.0313  0.0309  0.0313  0.0316  0.0312  0.0314  0.0311  0.0311
  0.0322  0.0319  0.0315  0.0314  0.0318  0.0313  0.0319  0.0325  0.0316  0.0320  0.0313  0.0314
niter,ni,del,rscale     3    3    5.0000    0.6000
parameters
   -1.3312  -13.9421   20.2270   -9.7505   -7.8199    4.8271
    0.0653    4.1545    3.1740   -9.9439   -5.6686   -1.6311
eta,q 0.96920  6.64736
  0.0318  0.0317  0.0313  0.0312  0.0316  0.0311  0.0316  0.0320  0.0314  0.0317  0.0312  0.0312
  0.0313  0.0312  0.0310  0.0310  0.0312  0.0310  0.0312  0.0314  0.0311  0.0312  0.0310  0.0310
  0.0309  0.0309  0.0309  0.0308  0.0309  0.0309  0.0309  0.0309  0.0309  0.0309  0.0309  0.0308
  0.0308  0.0308  0.0308  0.0308  0.0308  0.0308  0.0308  0.0308  0.0308  0.0308  0.0308  0.0308
  0.0309  0.0309  0.0309  0.0309  0.0309  0.0308  0.0309  0.0310  0.0309  0.0309  0.0309  0.0309
  0.0313  0.0312  0.0311  0.0311  0.0311  0.0309  0.0312  0.0314  0.0311  0.0312  0.0310  0.0311
  0.0318  0.0316  0.0313  0.0312  0.0316  0.0312  0.0316  0.0320  0.0313  0.0317  0.0312  0.0313
niter,ni,del,rscale     2    3    5.0000    0.5000
parameters
   -1.3293  -13.9290   20.2132   -9.7986   -7.7336    5.0582
    0.0512    4.1446    3.1858   -9.9614   -5.6722   -1.8021
eta,q 0.96922  6.65550
  0.0315  0.0314  0.0312  0.0311  0.0314  0.0310  0.0313  0.0316  0.0312  0.0314  0.0310  0.0311
  0.0311  0.0311  0.0310  0.0309  0.0311  0.0309  0.0310  0.0312  0.0310  0.0311  0.0309  0.0309
  0.0309  0.0309  0.0308  0.0308  0.0309  0.0309  0.0308  0.0309  0.0308  0.0308  0.0308  0.0308
  0.0308  0.0308  0.0308  0.0308  0.0308  0.0308  0.0308  0.0308  0.0308  0.0308  0.0308  0.0308
  0.0309  0.0309  0.0309  0.0309  0.0308  0.0308  0.0309  0.0309  0.0308  0.0309  0.0308  0.0309
  0.0311  0.0311  0.0310  0.0310  0.0310  0.0308  0.0310  0.0312  0.0310  0.0311  0.0309  0.0310
  0.0315  0.0314  0.0312  0.0311  0.0313  0.0310  0.0313  0.0316  0.0312  0.0314  0.0311  0.0311
niter,ni,del,rscale     1    3    5.0000    0.4000
parameters
   -1.3344  -13.9250   20.2171   -9.8489   -7.6436    5.3696
    0.0711    4.1251    3.1956  -10.0024   -5.7056   -1.9619
eta,q 0.96924  6.66635
  0.0312  0.0311  0.0310  0.0310  0.0312  0.0310  0.0311  0.0313  0.0310  0.0312  0.0309  0.0310
  0.0310  0.0309  0.0309  0.0308  0.0310  0.0309  0.0309  0.0310  0.0309  0.0309  0.0308  0.0308
  0.0308  0.0308  0.0308  0.0308  0.0308  0.0308  0.0308  0.0308  0.0308  0.0308  0.0308  0.0308
  0.0308  0.0308  0.0308  0.0308  0.0308  0.0308  0.0308  0.0308  0.0308  0.0308  0.0308  0.0308
  0.0308  0.0308  0.0308  0.0308  0.0308  0.0308  0.0308  0.0308  0.0308  0.0308  0.0308  0.0308
  0.0310  0.0309  0.0309  0.0309  0.0309  0.0308  0.0309  0.0310  0.0309  0.0310  0.0308  0.0309
  0.0312  0.0311  0.0310  0.0310  0.0311  0.0309  0.0311  0.0313  0.0310  0.0312  0.0310  0.0310
registration optimization eta report
parameter search radius
    0.8000    0.8000    0.8000    2.4000    2.4000    2.4000
    2.4000    2.4000    2.4000    2.4000    2.4000    2.4000
100000*second partial in parameter space
       70.       57.       37.        3.        6.        3.
        6.        9.        4.        7.        3.        4.
  0.0312  0.0311  0.0310  0.0310  0.0312  0.0310  0.0311  0.0313  0.0310  0.0312  0.0309  0.0310
  0.0310  0.0309  0.0309  0.0308  0.0310  0.0309  0.0309  0.0310  0.0309  0.0309  0.0308  0.0308
  0.0308  0.0308  0.0308  0.0308  0.0308  0.0308  0.0308  0.0308  0.0308  0.0308  0.0308  0.0308
  0.0308  0.0308  0.0308  0.0308  0.0308  0.0308  0.0308  0.0308  0.0308  0.0308  0.0308  0.0308
  0.0308  0.0308  0.0308  0.0308  0.0308  0.0308  0.0308  0.0308  0.0308  0.0308  0.0308  0.0308
  0.0310  0.0309  0.0309  0.0309  0.0309  0.0308  0.0309  0.0310  0.0309  0.0310  0.0308  0.0309
  0.0312  0.0311  0.0310  0.0310  0.0311  0.0309  0.0311  0.0313  0.0310  0.0312  0.0310  0.0310
   -1.3344  -13.9250   20.2171   -9.8489   -7.6436    5.3696
    0.0711    4.1251    3.1956  -10.0024   -5.7056   -1.9619
eta,q 0.96924  6.66635

---------------------------------------------------------------------
imgreg_4dfp /opt/freesurfer/average/711-2C_as_mni_average_305 /opt/freesurfer/average/711-2B_as_mni_average_305_mask talsrcimg_g11 none talsrcimg_to_711-2C_as_mni_average_305_t4 2311
---------------------------------------------------------------------

freesurfer imgreg_4dfp.c
/opt/freesurfer/average/711-2C_as_mni_average_305.4dfp.img
       256       256       256         1
  1.000000  1.000000  1.000000
orientation T byte_order littleendian
Reading image: /opt/freesurfer/average/711-2C_as_mni_average_305.4dfp.img
dimensions:      256       256       256
mmppix:       1.0000   -1.0000   -1.0000
center:     128.0000 -129.0000 -129.0000
/opt/freesurfer/average/711-2B_as_mni_average_305_mask.4dfp.img
       256       256       256         1
  1.000000  1.000000  1.000000
orientation T byte_order littleendian
Reading mask: /opt/freesurfer/average/711-2B_as_mni_average_305_mask.4dfp.img (2306576 pixels)
talsrcimg_g11.4dfp.img
       256       256       256         1
  0.898438  0.898438  0.898438
orientation T byte_order littleendian
Reading image: talsrcimg_g11.4dfp.img
dimensions:      256       256       256
mmppix:       0.8984   -0.8984   -0.8984
center:     115.0001 -115.8985 -115.8985
fimgreg.f
image alignment mode   2311 decimal      907 hex
parameters
   -1.3344  -13.9250   20.2171   -9.8489   -7.6436    5.3696
    0.0711    4.1251    3.1956  -10.0024   -5.7056   -1.9619
eta,q 0.96924  6.66635
niter,ni,del,rscale     5    3    5.0000    0.8000
parameters
   -1.3299  -13.9140   20.2739   -9.1237   -7.7602    4.8974
    0.1754    4.0625    3.3245   -9.9343   -5.8409   -1.6766
eta,q 0.96917  6.67981
  0.0325  0.0322  0.0318  0.0317  0.0320  0.0313  0.0323  0.0328  0.0318  0.0324  0.0314  0.0317
  0.0316  0.0314  0.0312  0.0312  0.0314  0.0311  0.0315  0.0317  0.0313  0.0316  0.0311  0.0312
  0.0310  0.0309  0.0309  0.0308  0.0310  0.0309  0.0310  0.0310  0.0309  0.0310  0.0309  0.0309
  0.0308  0.0308  0.0308  0.0308  0.0308  0.0308  0.0308  0.0308  0.0308  0.0308  0.0308  0.0308
  0.0310  0.0309  0.0309  0.0308  0.0309  0.0308  0.0310  0.0311  0.0309  0.0310  0.0309  0.0309
  0.0315  0.0314  0.0312  0.0310  0.0314  0.0312  0.0314  0.0318  0.0312  0.0315  0.0311  0.0312
  0.0325  0.0322  0.0316  0.0312  0.0322  0.0318  0.0321  0.0329  0.0317  0.0323  0.0315  0.0315
niter,ni,del,rscale     4    3    5.0000    0.7000
parameters
   -1.3359  -13.9427   20.2195   -9.3841   -7.7799    4.8413
    0.1395    4.0901    3.3255   -9.9771   -5.8059   -1.6395
eta,q 0.96918  6.66557
  0.0322  0.0319  0.0315  0.0313  0.0318  0.0313  0.0319  0.0324  0.0316  0.0320  0.0313  0.0314
  0.0314  0.0313  0.0311  0.0309  0.0313  0.0311  0.0313  0.0316  0.0311  0.0313  0.0311  0.0311
  0.0310  0.0309  0.0309  0.0308  0.0310  0.0309  0.0309  0.0310  0.0309  0.0309  0.0309  0.0309
  0.0308  0.0308  0.0308  0.0308  0.0308  0.0308  0.0308  0.0308  0.0308  0.0308  0.0308  0.0308
  0.0310  0.0310  0.0309  0.0309  0.0309  0.0308  0.0310  0.0310  0.0309  0.0310  0.0309  0.0309
  0.0314  0.0314  0.0312  0.0311  0.0313  0.0310  0.0313  0.0315  0.0312  0.0314  0.0310  0.0311
  0.0322  0.0320  0.0316  0.0313  0.0319  0.0314  0.0319  0.0324  0.0315  0.0320  0.0313  0.0314
niter,ni,del,rscale     3    3    5.0000    0.6000
parameters
   -1.3373  -13.9395   20.2107   -9.5866   -7.7373    4.9483
    0.1070    4.1091    3.2812   -9.9842   -5.7589   -1.7251
eta,q 0.96920  6.66133
  0.0318  0.0316  0.0313  0.0312  0.0316  0.0311  0.0316  0.0320  0.0313  0.0317  0.0312  0.0313
  0.0313  0.0312  0.0310  0.0309  0.0312  0.0310  0.0311  0.0313  0.0310  0.0312  0.0310  0.0310
  0.0309  0.0309  0.0309  0.0308  0.0309  0.0309  0.0309  0.0309  0.0308  0.0309  0.0309  0.0308
  0.0308  0.0308  0.0308  0.0308  0.0308  0.0308  0.0308  0.0308  0.0308  0.0308  0.0308  0.0308
  0.0309  0.0309  0.0309  0.0309  0.0309  0.0308  0.0309  0.0309  0.0309  0.0309  0.0308  0.0309
  0.0313  0.0312  0.0311  0.0310  0.0311  0.0309  0.0312  0.0313  0.0311  0.0312  0.0310  0.0310
  0.0318  0.0316  0.0313  0.0312  0.0316  0.0312  0.0316  0.0320  0.0313  0.0317  0.0312  0.0313
niter,ni,del,rscale     2    3    5.0000    0.5000
parameters
   -1.3382  -13.9351   20.2104   -9.6961   -7.6799    5.1570
    0.0907    4.1074    3.2490  -10.0031   -5.7294   -1.8522
eta,q 0.96922  6.66504
  0.0315  0.0314  0.0312  0.0311  0.0314  0.0310  0.0313  0.0316  0.0312  0.0314  0.0310  0.0311
  0.0311  0.0311  0.0310  0.0309  0.0311  0.0310  0.0310  0.0312  0.0309  0.0311  0.0309  0.0309
  0.0309  0.0309  0.0308  0.0308  0.0309  0.0309  0.0308  0.0309  0.0308  0.0308  0.0308  0.0308
  0.0308  0.0308  0.0308  0.0308  0.0308  0.0308  0.0308  0.0308  0.0308  0.0308  0.0308  0.0308
  0.0309  0.0309  0.0308  0.0309  0.0308  0.0308  0.0308  0.0309  0.0308  0.0309  0.0308  0.0308
  0.0311  0.0311  0.0310  0.0310  0.0310  0.0308  0.0310  0.0312  0.0310  0.0311  0.0309  0.0310
  0.0315  0.0314  0.0312  0.0311  0.0313  0.0310  0.0313  0.0316  0.0312  0.0314  0.0310  0.0311
niter,ni,del,rscale     1    3    5.0000    0.4000
parameters
   -1.3374  -13.9333   20.2208   -9.7555   -7.6224    5.4006
    0.0987    4.1021    3.2205  -10.0235   -5.7261   -1.9803
eta,q 0.96924  6.67211
  0.0312  0.0312  0.0310  0.0310  0.0311  0.0310  0.0311  0.0313  0.0310  0.0312  0.0309  0.0310
  0.0310  0.0309  0.0309  0.0308  0.0310  0.0309  0.0309  0.0310  0.0309  0.0309  0.0308  0.0308
  0.0308  0.0308  0.0308  0.0308  0.0308  0.0308  0.0308  0.0308  0.0308  0.0308  0.0308  0.0308
  0.0308  0.0308  0.0308  0.0308  0.0308  0.0308  0.0308  0.0308  0.0308  0.0308  0.0308  0.0308
  0.0308  0.0308  0.0308  0.0308  0.0308  0.0307  0.0308  0.0308  0.0308  0.0308  0.0308  0.0308
  0.0310  0.0309  0.0309  0.0309  0.0309  0.0308  0.0309  0.0310  0.0309  0.0310  0.0308  0.0309
  0.0312  0.0312  0.0310  0.0310  0.0311  0.0310  0.0311  0.0313  0.0310  0.0312  0.0309  0.0310
registration optimization eta report
parameter search radius
    0.8000    0.8000    0.8000    2.4000    2.4000    2.4000
    2.4000    2.4000    2.4000    2.4000    2.4000    2.4000
100000*second partial in parameter space
       70.       59.       37.        3.        6.        3.
        6.        9.        4.        7.        3.        4.
  0.0312  0.0312  0.0310  0.0310  0.0311  0.0310  0.0311  0.0313  0.0310  0.0312  0.0309  0.0310
  0.0310  0.0309  0.0309  0.0308  0.0310  0.0309  0.0309  0.0310  0.0309  0.0309  0.0308  0.0308
  0.0308  0.0308  0.0308  0.0308  0.0308  0.0308  0.0308  0.0308  0.0308  0.0308  0.0308  0.0308
  0.0308  0.0308  0.0308  0.0308  0.0308  0.0308  0.0308  0.0308  0.0308  0.0308  0.0308  0.0308
  0.0308  0.0308  0.0308  0.0308  0.0308  0.0307  0.0308  0.0308  0.0308  0.0308  0.0308  0.0308
  0.0310  0.0309  0.0309  0.0309  0.0309  0.0308  0.0309  0.0310  0.0309  0.0310  0.0308  0.0309
  0.0312  0.0312  0.0310  0.0310  0.0311  0.0310  0.0311  0.0313  0.0310  0.0312  0.0309  0.0310
   -1.3374  -13.9333   20.2208   -9.7555   -7.6224    5.4006
    0.0987    4.1021    3.2205  -10.0235   -5.7261   -1.9803
eta,q 0.96924  6.67211

---------------------------------------------------------------------
compute_vox2vox talsrcimg talsrcimg_to_711-2C_as_mni_average_305_t4 /opt/freesurfer/average/711-2C_as_mni_average_305
---------------------------------------------------------------------

freesurfer compute_vox2vox.c
Reading: talsrcimg.4dfp.ifh
Reading: talsrcimg_to_711-2C_as_mni_average_305_t4
Reading: /opt/freesurfer/average/711-2C_as_mni_average_305.4dfp.ifh
Writing: talsrcimg_to_711-2C_as_mni_average_305_t4_vox2vox.txt

start time Thu Mar 12 22:39:36 CET 2026
end		time Thu Mar 12 22:41:03 CET 2026

mpr2mni305 success

avi2talxfm orig_nu.mgz /opt/freesurfer/average/mni305.cor.mgz talsrcimg_to_711-2C_as_mni_average_305_t4_vox2vox.txt transforms/talairach.auto.xfm
avi2talxfm done
mv -f /out/sourcedata/freesurfer/sub-v2s2x29083_ses-1/mri/talsrcimg_to_711-2C_as_mni_average_305_t4_vox2vox.txt /out/sourcedata/freesurfer/sub-v2s2x29083_ses-1/mri/transforms/talsrcimg_to_711-2C_as_mni_average_305_t4_vox2vox.txt
lta_convert --src orig_nu.mgz --trg /opt/freesurfer/average/mni305.cor.mgz --inxfm transforms/talairach.auto.xfm --outlta transforms/talairach.auto.xfm.lta --subject fsaverage
7.3.2

--src: orig_nu.mgz src image (geometry).
--trg: /opt/freesurfer/average/mni305.cor.mgz trg image (geometry).
--inmni: transforms/talairach.auto.xfm input MNI/XFM transform.
--outlta: transforms/talairach.auto.xfm.lta output LTA.
--s: fsaverage subject name
 LTA read, type : 1
 1.10543  -0.04322  -0.00211   3.66435;
 0.05945   0.94837   0.02027  -4.84322;
-0.03209   0.10441   1.08478  -1.81240;
 0.00000   0.00000   0.00000   1.00000;
setting subject to fsaverage
Writing  LTA to file transforms/talairach.auto.xfm.lta...
lta_convert successful.
 
 
Started at Thu Mar 12 22:39:36 CET 2026
Ended   at Thu Mar 12 22:41:03 CET 2026
talairach_avi done
