status file for recon-all
Thu Mar 12 18:49:28 CET 2026
#@# Tessellate rh Thu Mar 12 18:49:28 CET 2026
#@# Smooth1 rh Thu Mar 12 18:49:32 CET 2026
#@# Inflation1 rh Thu Mar 12 18:49:35 CET 2026
#@# QSphere rh Thu Mar 12 18:50:40 CET 2026
#@# Fix Topology rh Thu Mar 12 18:52:24 CET 2026
#@# Smooth2 rh Thu Mar 12 18:58:31 CET 2026
#@# Inflation2 rh Thu Mar 12 18:58:35 CET 2026
#@# Curv .H and .K rh Thu Mar 12 18:58:57 CET 2026
#@# Sphere rh Thu Mar 12 18:59:51 CET 2026
#@# Surf Reg rh Thu Mar 12 19:02:26 CET 2026
#@# Jacobian white rh Thu Mar 12 19:07:11 CET 2026
#@# AvgCurv rh Thu Mar 12 19:07:12 CET 2026
#@# Cortical Parc rh Thu Mar 12 19:07:14 CET 2026
#@# white curv rh Thu Mar 12 19:15:12 CET 2026
#@# white area rh Thu Mar 12 19:15:14 CET 2026
#@# pial curv rh Thu Mar 12 19:15:15 CET 2026
#@# pial area rh Thu Mar 12 19:15:17 CET 2026
#@# thickness rh Thu Mar 12 19:15:18 CET 2026
#@# area and vertex vol rh Thu Mar 12 19:15:53 CET 2026
#@# Curvature Stats rh Thu Mar 12 19:15:54 CET 2026
#@# Cortical Parc 2 rh Thu Mar 12 19:15:58 CET 2026
#@# Cortical Parc 3 rh Thu Mar 12 19:16:13 CET 2026
#@# WM/GM Contrast rh Thu Mar 12 19:16:25 CET 2026
recon-all -s sub-v2s2x29057_ses-1 finished without error at Thu Mar 12 19:16:30 CET 2026



#New# invocation of recon-all 



status file for recon-all
Thu Mar 12 19:27:04 CET 2026
#@# white curv rh Thu Mar 12 19:27:04 CET 2026
#@# white area rh Thu Mar 12 19:27:04 CET 2026
#@# pial curv rh Thu Mar 12 19:27:04 CET 2026
#@# pial area rh Thu Mar 12 19:27:04 CET 2026
#@# thickness rh Thu Mar 12 19:27:04 CET 2026
#@# area and vertex vol rh Thu Mar 12 19:27:04 CET 2026
#@# Parcellation Stats rh Thu Mar 12 19:27:04 CET 2026
#@# Parcellation Stats 2 rh Thu Mar 12 19:27:29 CET 2026
#@# Parcellation Stats 3 rh Thu Mar 12 19:27:41 CET 2026
#@# BA_exvivo Labels rh Thu Mar 12 19:27:54 CET 2026
recon-all -s sub-v2s2x29057_ses-1 finished without error at Thu Mar 12 19:30:52 CET 2026
