status file for recon-all
Thu Mar 12 18:23:30 CET 2026
#@# Tessellate lh Thu Mar 12 18:23:30 CET 2026
#@# Smooth1 lh Thu Mar 12 18:23:34 CET 2026
#@# Inflation1 lh Thu Mar 12 18:23:37 CET 2026
#@# QSphere lh Thu Mar 12 18:24:49 CET 2026
#@# Fix Topology lh Thu Mar 12 18:26:05 CET 2026
#@# Smooth2 lh Thu Mar 12 18:32:14 CET 2026
#@# Inflation2 lh Thu Mar 12 18:32:17 CET 2026
#@# Curv .H and .K lh Thu Mar 12 18:32:41 CET 2026
#@# Sphere lh Thu Mar 12 18:33:35 CET 2026
#@# Surf Reg lh Thu Mar 12 18:35:00 CET 2026
#@# Jacobian white lh Thu Mar 12 18:40:11 CET 2026
#@# AvgCurv lh Thu Mar 12 18:40:12 CET 2026
#@# Cortical Parc lh Thu Mar 12 18:40:13 CET 2026
#@# white curv lh Thu Mar 12 18:48:08 CET 2026
#@# white area lh Thu Mar 12 18:48:10 CET 2026
#@# pial curv lh Thu Mar 12 18:48:11 CET 2026
#@# pial area lh Thu Mar 12 18:48:14 CET 2026
#@# thickness lh Thu Mar 12 18:48:15 CET 2026
#@# area and vertex vol lh Thu Mar 12 18:48:49 CET 2026
#@# Curvature Stats lh Thu Mar 12 18:48:51 CET 2026
#@# Cortical Parc 2 lh Thu Mar 12 18:48:54 CET 2026
#@# Cortical Parc 3 lh Thu Mar 12 18:49:09 CET 2026
#@# WM/GM Contrast lh Thu Mar 12 18:49:21 CET 2026
recon-all -s sub-v2s2x29057_ses-1 finished without error at Thu Mar 12 18:49:26 CET 2026



#New# invocation of recon-all 



status file for recon-all
Thu Mar 12 19:23:14 CET 2026
#@# white curv lh Thu Mar 12 19:23:15 CET 2026
#@# white area lh Thu Mar 12 19:23:15 CET 2026
#@# pial curv lh Thu Mar 12 19:23:15 CET 2026
#@# pial area lh Thu Mar 12 19:23:15 CET 2026
#@# thickness lh Thu Mar 12 19:23:15 CET 2026
#@# area and vertex vol lh Thu Mar 12 19:23:15 CET 2026
#@# Parcellation Stats lh Thu Mar 12 19:23:15 CET 2026
#@# Parcellation Stats 2 lh Thu Mar 12 19:23:39 CET 2026
#@# Parcellation Stats 3 lh Thu Mar 12 19:23:51 CET 2026
#@# BA_exvivo Labels lh Thu Mar 12 19:24:02 CET 2026
recon-all -s sub-v2s2x29057_ses-1 finished without error at Thu Mar 12 19:27:03 CET 2026
