status file for recon-all
Thu Mar 12 16:32:39 CET 2026
#@# MotionCor Thu Mar 12 16:32:41 CET 2026
#@# Talairach Thu Mar 12 16:32:51 CET 2026
#@# Talairach Failure Detection Thu Mar 12 16:37:17 CET 2026
#@# Nu Intensity Correction Thu Mar 12 16:37:17 CET 2026
#@# Intensity Normalization Thu Mar 12 16:40:33 CET 2026
recon-all -s sub-v2s2x29057_ses-1 finished without error at Thu Mar 12 16:42:10 CET 2026



#New# invocation of recon-all 



status file for recon-all
Thu Mar 12 16:50:12 CET 2026
#@# EM Registration Thu Mar 12 16:50:12 CET 2026
recon-all -s sub-v2s2x29057_ses-1 finished without error at Thu Mar 12 16:52:25 CET 2026



#New# invocation of recon-all 



status file for recon-all
Thu Mar 12 16:52:29 CET 2026
#@# CA Normalize Thu Mar 12 16:52:29 CET 2026
#@# CA Reg Thu Mar 12 16:53:48 CET 2026
#@# SubCort Seg Thu Mar 12 17:45:09 CET 2026
#@# CC Seg Thu Mar 12 18:17:26 CET 2026
#@# Merge ASeg Thu Mar 12 18:18:09 CET 2026
#@# Intensity Normalization2 Thu Mar 12 18:18:09 CET 2026
#@# Mask BFS Thu Mar 12 18:20:21 CET 2026
#@# WM Segmentation Thu Mar 12 18:20:21 CET 2026
#@# Fill Thu Mar 12 18:22:24 CET 2026
recon-all -s sub-v2s2x29057_ses-1 finished without error at Thu Mar 12 18:23:26 CET 2026



#New# invocation of recon-all 



status file for recon-all
Thu Mar 12 19:16:34 CET 2026
#@# white curv lh Thu Mar 12 19:16:34 CET 2026
#@# white area lh Thu Mar 12 19:16:34 CET 2026
#@# pial curv lh Thu Mar 12 19:16:34 CET 2026
#@# pial area lh Thu Mar 12 19:16:34 CET 2026
#@# thickness lh Thu Mar 12 19:16:34 CET 2026
#@# area and vertex vol lh Thu Mar 12 19:16:34 CET 2026
#@# white curv rh Thu Mar 12 19:16:34 CET 2026
#@# white area rh Thu Mar 12 19:16:34 CET 2026
#@# pial curv rh Thu Mar 12 19:16:34 CET 2026
#@# pial area rh Thu Mar 12 19:16:34 CET 2026
#@# thickness rh Thu Mar 12 19:16:34 CET 2026
#@# area and vertex vol rh Thu Mar 12 19:16:34 CET 2026
#@# Cortical ribbon mask Thu Mar 12 19:16:34 CET 2026
recon-all -s sub-v2s2x29057_ses-1 finished without error at Thu Mar 12 19:23:10 CET 2026



#New# invocation of recon-all 



status file for recon-all
Thu Mar 12 19:30:58 CET 2026
#@# white curv lh Thu Mar 12 19:30:58 CET 2026
#@# white area lh Thu Mar 12 19:30:58 CET 2026
#@# pial curv lh Thu Mar 12 19:30:58 CET 2026
#@# pial area lh Thu Mar 12 19:30:58 CET 2026
#@# thickness lh Thu Mar 12 19:30:58 CET 2026
#@# area and vertex vol lh Thu Mar 12 19:30:58 CET 2026
#@# white curv rh Thu Mar 12 19:30:58 CET 2026
#@# white area rh Thu Mar 12 19:30:58 CET 2026
#@# pial curv rh Thu Mar 12 19:30:58 CET 2026
#@# pial area rh Thu Mar 12 19:30:58 CET 2026
#@# thickness rh Thu Mar 12 19:30:58 CET 2026
#@# area and vertex vol rh Thu Mar 12 19:30:58 CET 2026
#@# Curvature Stats lh Thu Mar 12 19:30:58 CET 2026
#@# Curvature Stats rh Thu Mar 12 19:31:01 CET 2026
#@# Relabel Hypointensities Thu Mar 12 19:31:04 CET 2026
#@# APas-to-ASeg Thu Mar 12 19:31:22 CET 2026
#@# AParc-to-ASeg aparc Thu Mar 12 19:31:32 CET 2026
#@# AParc-to-ASeg aparc.a2009s Thu Mar 12 19:32:22 CET 2026
#@# AParc-to-ASeg aparc.DKTatlas Thu Mar 12 19:33:07 CET 2026
#@# WMParc Thu Mar 12 19:33:55 CET 2026
#@# ASeg Stats Thu Mar 12 19:38:46 CET 2026
recon-all -s sub-v2s2x29057_ses-1 finished without error at Thu Mar 12 19:39:28 CET 2026
