status file for recon-all
Thu Mar 12 21:51:17 CET 2026
#@# MotionCor Thu Mar 12 21:51:20 CET 2026
#@# Talairach Thu Mar 12 21:51:30 CET 2026
#@# Talairach Failure Detection Thu Mar 12 21:55:55 CET 2026
#@# Nu Intensity Correction Thu Mar 12 21:55:55 CET 2026
#@# Intensity Normalization Thu Mar 12 21:59:11 CET 2026
recon-all -s sub-v2s2x29069_ses-1 finished without error at Thu Mar 12 22:00:44 CET 2026



#New# invocation of recon-all 



status file for recon-all
Thu Mar 12 22:08:58 CET 2026
#@# EM Registration Thu Mar 12 22:08:58 CET 2026
recon-all -s sub-v2s2x29069_ses-1 finished without error at Thu Mar 12 22:10:40 CET 2026



#New# invocation of recon-all 



status file for recon-all
Thu Mar 12 22:10:45 CET 2026
#@# CA Normalize Thu Mar 12 22:10:45 CET 2026
#@# CA Reg Thu Mar 12 22:12:04 CET 2026
#@# SubCort Seg Thu Mar 12 23:04:36 CET 2026
#@# CC Seg Thu Mar 12 23:42:07 CET 2026
#@# Merge ASeg Thu Mar 12 23:42:56 CET 2026
#@# Intensity Normalization2 Thu Mar 12 23:42:56 CET 2026
#@# Mask BFS Thu Mar 12 23:45:19 CET 2026
#@# WM Segmentation Thu Mar 12 23:45:20 CET 2026
#@# Fill Thu Mar 12 23:47:29 CET 2026
recon-all -s sub-v2s2x29069_ses-1 finished without error at Thu Mar 12 23:48:36 CET 2026



#New# invocation of recon-all 



status file for recon-all
Fri Mar 13 00:56:38 CET 2026
#@# white curv lh Fri Mar 13 00:56:38 CET 2026
#@# white area lh Fri Mar 13 00:56:38 CET 2026
#@# pial curv lh Fri Mar 13 00:56:38 CET 2026
#@# pial area lh Fri Mar 13 00:56:38 CET 2026
#@# thickness lh Fri Mar 13 00:56:38 CET 2026
#@# area and vertex vol lh Fri Mar 13 00:56:38 CET 2026
#@# white curv rh Fri Mar 13 00:56:38 CET 2026
#@# white area rh Fri Mar 13 00:56:38 CET 2026
#@# pial curv rh Fri Mar 13 00:56:38 CET 2026
#@# pial area rh Fri Mar 13 00:56:38 CET 2026
#@# thickness rh Fri Mar 13 00:56:38 CET 2026
#@# area and vertex vol rh Fri Mar 13 00:56:38 CET 2026
#@# Cortical ribbon mask Fri Mar 13 00:56:38 CET 2026
recon-all -s sub-v2s2x29069_ses-1 finished without error at Fri Mar 13 01:05:26 CET 2026



#New# invocation of recon-all 



status file for recon-all
Fri Mar 13 01:14:40 CET 2026
#@# white curv lh Fri Mar 13 01:14:40 CET 2026
#@# white area lh Fri Mar 13 01:14:40 CET 2026
#@# pial curv lh Fri Mar 13 01:14:40 CET 2026
#@# pial area lh Fri Mar 13 01:14:40 CET 2026
#@# thickness lh Fri Mar 13 01:14:40 CET 2026
#@# area and vertex vol lh Fri Mar 13 01:14:40 CET 2026
#@# white curv rh Fri Mar 13 01:14:40 CET 2026
#@# white area rh Fri Mar 13 01:14:40 CET 2026
#@# pial curv rh Fri Mar 13 01:14:40 CET 2026
#@# pial area rh Fri Mar 13 01:14:40 CET 2026
#@# thickness rh Fri Mar 13 01:14:40 CET 2026
#@# area and vertex vol rh Fri Mar 13 01:14:40 CET 2026
#@# Curvature Stats lh Fri Mar 13 01:14:40 CET 2026
#@# Curvature Stats rh Fri Mar 13 01:14:43 CET 2026
#@# Relabel Hypointensities Fri Mar 13 01:14:46 CET 2026
#@# APas-to-ASeg Fri Mar 13 01:15:07 CET 2026
#@# AParc-to-ASeg aparc Fri Mar 13 01:15:18 CET 2026
#@# AParc-to-ASeg aparc.a2009s Fri Mar 13 01:16:15 CET 2026
#@# AParc-to-ASeg aparc.DKTatlas Fri Mar 13 01:17:12 CET 2026
#@# WMParc Fri Mar 13 01:18:13 CET 2026
#@# ASeg Stats Fri Mar 13 01:23:04 CET 2026
recon-all -s sub-v2s2x29069_ses-1 finished without error at Fri Mar 13 01:23:51 CET 2026
