status file for recon-all
Thu Mar 12 23:48:41 CET 2026
#@# Tessellate lh Thu Mar 12 23:48:41 CET 2026
#@# Smooth1 lh Thu Mar 12 23:48:45 CET 2026
#@# Inflation1 lh Thu Mar 12 23:48:49 CET 2026
#@# QSphere lh Thu Mar 12 23:49:59 CET 2026
#@# Fix Topology lh Thu Mar 12 23:51:13 CET 2026
#@# Smooth2 lh Fri Mar 13 00:00:04 CET 2026
#@# Inflation2 lh Fri Mar 13 00:00:08 CET 2026
#@# Curv .H and .K lh Fri Mar 13 00:01:09 CET 2026
#@# Sphere lh Fri Mar 13 00:02:07 CET 2026
#@# Surf Reg lh Fri Mar 13 00:05:18 CET 2026
#@# Jacobian white lh Fri Mar 13 00:10:51 CET 2026
#@# AvgCurv lh Fri Mar 13 00:10:52 CET 2026
#@# Cortical Parc lh Fri Mar 13 00:10:53 CET 2026
#@# white curv lh Fri Mar 13 00:19:27 CET 2026
#@# white area lh Fri Mar 13 00:19:29 CET 2026
#@# pial curv lh Fri Mar 13 00:19:30 CET 2026
#@# pial area lh Fri Mar 13 00:19:33 CET 2026
#@# thickness lh Fri Mar 13 00:19:34 CET 2026
#@# area and vertex vol lh Fri Mar 13 00:20:16 CET 2026
#@# Curvature Stats lh Fri Mar 13 00:20:18 CET 2026
#@# Cortical Parc 2 lh Fri Mar 13 00:20:21 CET 2026
#@# Cortical Parc 3 lh Fri Mar 13 00:20:38 CET 2026
#@# WM/GM Contrast lh Fri Mar 13 00:20:51 CET 2026
recon-all -s sub-v2s2x29069_ses-1 finished without error at Fri Mar 13 00:20:57 CET 2026



#New# invocation of recon-all 



status file for recon-all
Fri Mar 13 01:05:30 CET 2026
#@# white curv lh Fri Mar 13 01:05:30 CET 2026
#@# white area lh Fri Mar 13 01:05:30 CET 2026
#@# pial curv lh Fri Mar 13 01:05:30 CET 2026
#@# pial area lh Fri Mar 13 01:05:30 CET 2026
#@# thickness lh Fri Mar 13 01:05:30 CET 2026
#@# area and vertex vol lh Fri Mar 13 01:05:30 CET 2026
#@# Parcellation Stats lh Fri Mar 13 01:05:30 CET 2026
#@# Parcellation Stats 2 lh Fri Mar 13 01:05:57 CET 2026
#@# Parcellation Stats 3 lh Fri Mar 13 01:06:11 CET 2026
#@# BA_exvivo Labels lh Fri Mar 13 01:06:24 CET 2026
recon-all -s sub-v2s2x29069_ses-1 finished without error at Fri Mar 13 01:09:52 CET 2026
