status file for recon-all
Fri Mar 13 01:28:58 CET 2026
#@# Tessellate rh Fri Mar 13 01:28:58 CET 2026
#@# Smooth1 rh Fri Mar 13 01:29:02 CET 2026
#@# Inflation1 rh Fri Mar 13 01:29:07 CET 2026
#@# QSphere rh Fri Mar 13 01:30:35 CET 2026
#@# Fix Topology rh Fri Mar 13 01:32:24 CET 2026
#@# Smooth2 rh Fri Mar 13 01:40:46 CET 2026
#@# Inflation2 rh Fri Mar 13 01:40:51 CET 2026
#@# Curv .H and .K rh Fri Mar 13 01:41:20 CET 2026
#@# Sphere rh Fri Mar 13 01:42:29 CET 2026
#@# Surf Reg rh Fri Mar 13 01:47:33 CET 2026
#@# Jacobian white rh Fri Mar 13 01:53:46 CET 2026
#@# AvgCurv rh Fri Mar 13 01:53:47 CET 2026
#@# Cortical Parc rh Fri Mar 13 01:53:49 CET 2026
#@# white curv rh Fri Mar 13 02:03:29 CET 2026
#@# white area rh Fri Mar 13 02:03:32 CET 2026
#@# pial curv rh Fri Mar 13 02:03:33 CET 2026
#@# pial area rh Fri Mar 13 02:03:35 CET 2026
#@# thickness rh Fri Mar 13 02:03:37 CET 2026
#@# area and vertex vol rh Fri Mar 13 02:04:24 CET 2026
#@# Curvature Stats rh Fri Mar 13 02:04:26 CET 2026
#@# Cortical Parc 2 rh Fri Mar 13 02:04:30 CET 2026
#@# Cortical Parc 3 rh Fri Mar 13 02:04:50 CET 2026
#@# WM/GM Contrast rh Fri Mar 13 02:05:05 CET 2026
recon-all -s sub-v2s2x29093_ses-1 finished without error at Fri Mar 13 02:05:12 CET 2026



#New# invocation of recon-all 



status file for recon-all
Fri Mar 13 02:22:02 CET 2026
#@# white curv rh Fri Mar 13 02:22:02 CET 2026
#@# white area rh Fri Mar 13 02:22:02 CET 2026
#@# pial curv rh Fri Mar 13 02:22:02 CET 2026
#@# pial area rh Fri Mar 13 02:22:02 CET 2026
#@# thickness rh Fri Mar 13 02:22:02 CET 2026
#@# area and vertex vol rh Fri Mar 13 02:22:02 CET 2026
#@# Parcellation Stats rh Fri Mar 13 02:22:02 CET 2026
#@# Parcellation Stats 2 rh Fri Mar 13 02:22:36 CET 2026
#@# Parcellation Stats 3 rh Fri Mar 13 02:22:53 CET 2026
#@# BA_exvivo Labels rh Fri Mar 13 02:23:11 CET 2026
recon-all -s sub-v2s2x29093_ses-1 finished without error at Fri Mar 13 02:27:02 CET 2026
