status file for recon-all
Fri Mar 13 00:54:05 CET 2026
#@# Tessellate lh Fri Mar 13 00:54:05 CET 2026
#@# Smooth1 lh Fri Mar 13 00:54:10 CET 2026
#@# Inflation1 lh Fri Mar 13 00:54:14 CET 2026
#@# QSphere lh Fri Mar 13 00:55:27 CET 2026
#@# Fix Topology lh Fri Mar 13 00:56:50 CET 2026
#@# Smooth2 lh Fri Mar 13 01:04:45 CET 2026
#@# Inflation2 lh Fri Mar 13 01:04:49 CET 2026
#@# Curv .H and .K lh Fri Mar 13 01:05:21 CET 2026
#@# Sphere lh Fri Mar 13 01:06:32 CET 2026
#@# Surf Reg lh Fri Mar 13 01:11:10 CET 2026
#@# Jacobian white lh Fri Mar 13 01:17:10 CET 2026
#@# AvgCurv lh Fri Mar 13 01:17:11 CET 2026
#@# Cortical Parc lh Fri Mar 13 01:17:13 CET 2026
#@# white curv lh Fri Mar 13 01:27:08 CET 2026
#@# white area lh Fri Mar 13 01:27:11 CET 2026
#@# pial curv lh Fri Mar 13 01:27:12 CET 2026
#@# pial area lh Fri Mar 13 01:27:15 CET 2026
#@# thickness lh Fri Mar 13 01:27:17 CET 2026
#@# area and vertex vol lh Fri Mar 13 01:28:06 CET 2026
#@# Curvature Stats lh Fri Mar 13 01:28:08 CET 2026
#@# Cortical Parc 2 lh Fri Mar 13 01:28:12 CET 2026
#@# Cortical Parc 3 lh Fri Mar 13 01:28:33 CET 2026
#@# WM/GM Contrast lh Fri Mar 13 01:28:49 CET 2026
recon-all -s sub-v2s2x29093_ses-1 finished without error at Fri Mar 13 01:28:56 CET 2026



#New# invocation of recon-all 



status file for recon-all
Fri Mar 13 02:17:02 CET 2026
#@# white curv lh Fri Mar 13 02:17:02 CET 2026
#@# white area lh Fri Mar 13 02:17:02 CET 2026
#@# pial curv lh Fri Mar 13 02:17:02 CET 2026
#@# pial area lh Fri Mar 13 02:17:02 CET 2026
#@# thickness lh Fri Mar 13 02:17:02 CET 2026
#@# area and vertex vol lh Fri Mar 13 02:17:02 CET 2026
#@# Parcellation Stats lh Fri Mar 13 02:17:02 CET 2026
#@# Parcellation Stats 2 lh Fri Mar 13 02:17:36 CET 2026
#@# Parcellation Stats 3 lh Fri Mar 13 02:17:53 CET 2026
#@# BA_exvivo Labels lh Fri Mar 13 02:18:10 CET 2026
recon-all -s sub-v2s2x29093_ses-1 finished without error at Fri Mar 13 02:22:00 CET 2026
