/out/sourcedata/freesurfer/sub-v2s2x29069_ses-1/mri
/opt/freesurfer/bin/talairach_avi
--i orig_nu.mgz --xfm transforms/talairach.auto.xfm
talairach_avi 7.3.2
Linux dna026 5.14.0-427.37.1.el9_4.x86_64 #1 SMP PREEMPT_DYNAMIC Fri Sep 13 12:41:50 EDT 2024 x86_64 x86_64 x86_64 GNU/Linux
Thu Mar 12 21:54:24 CET 2026
mri_convert orig_nu.mgz talsrcimg.img 
reading from orig_nu.mgz...
TR=0.00, TE=0.00, TI=0.00, flip angle=0.00
i_ras = (-1, 0, 0)
j_ras = (0, 0, -1)
k_ras = (0, 1, 0)
writing to talsrcimg.img...
Analyze Output Matrix
-0.89844   0.00000   0.00000   114.41016;
 0.00000   0.00000   0.89844  -123.62849;
 0.00000  -0.89844   0.00000   150.16415;
 0.00000   0.00000   0.00000   1.00000;
--------------------
INFO: set hdr.hist.orient to -1
mpr2mni305 talsrcimg
Thu Mar 12 21:54:25 CET 2026
/opt/freesurfer/bin/mpr2mni305 talsrcimg
mpr2mni305 7.3.2
target=711-2C_as_mni_average_305

---------------------------------------------------------------------
analyzeto4dfp talsrcimg -O0 -y
---------------------------------------------------------------------

freesurfer ifh2hdr.c
Thu Mar 12 21:54:25 2026
Writing: talsrcimg.4dfp.hdr
freesurfer analyzeto4dfp.c
Reading: talsrcimg.hdr
header size 348 bytes
hdr.dime.datatype	offset=70	value=2
hdr.dime.bitpix		offset=72	value=8
hdr.hist.orient		offset=252	value=-1
dimensionality     4
dimensions       256       256       256         1
Reading: talsrcimg.img
Writing: talsrcimg.4dfp.img
Writing: talsrcimg.4dfp.ifh
ifh2hdr talsrcimg -r0to255
ori=2

---------------------------------------------------------------------
gauss_4dfp talsrcimg 1.1
---------------------------------------------------------------------

freesurfer gauss_4dfp.c
Reading: talsrcimg.4dfp.img
Writing: talsrcimg_g11.4dfp.img
image dimensions 256 256 256 padded to 288 288 288
processing volume 1freesurfer ifh2hdr.c
Thu Mar 12 21:54:27 2026
Writing: talsrcimg_g11.4dfp.hdr

Writing: talsrcimg_g11.4dfp.ifh
including: talsrcimg.4dfp.img.rec in talsrcimg_g11.4dfp.img.rec

---------------------------------------------------------------------
imgreg_4dfp /opt/freesurfer/average/711-2C_as_mni_average_305 none talsrcimg_g11 none talsrcimg_to_711-2C_as_mni_average_305_t4 4355
---------------------------------------------------------------------

freesurfer imgreg_4dfp.c
/opt/freesurfer/average/711-2C_as_mni_average_305.4dfp.img
       256       256       256         1
  1.000000  1.000000  1.000000
orientation T byte_order littleendian
Reading image: /opt/freesurfer/average/711-2C_as_mni_average_305.4dfp.img
dimensions:      256       256       256
mmppix:       1.0000   -1.0000   -1.0000
center:     128.0000 -129.0000 -129.0000
talsrcimg_g11.4dfp.img
       256       256       256         1
  0.898437  0.898437  0.898437
orientation T byte_order littleendian
Reading image: talsrcimg_g11.4dfp.img
dimensions:      256       256       256
mmppix:       0.8984   -0.8984   -0.8984
center:     114.9999 -115.8984 -115.8984
t4_read: open error in t4_sub.f l:  41 t4_file(1:l)talsrcimg_to_711-2C_as_mni_average_305_t4 
t4_read: transform initialized to I4
rotation matrix determinant  1.000000
image alignment mode   4355 decimal     1103 hex
   -7.5000  -45.0000  -45.0000 6722.0498   11.4276
    0.0000  -45.0000  -45.0000 6767.6792   11.4089
    7.5000  -45.0000  -45.0000 6387.7993   11.3997
   -7.5000  -37.5000  -45.0000 6984.4292   12.1940
    0.0000  -37.5000  -45.0000 7034.8579   12.1740
    7.5000  -37.5000  -45.0000 6645.9985   12.1629
   -7.5000  -30.0000  -45.0000 7289.4648   12.5642
    0.0000  -30.0000  -45.0000 7355.1880   12.5423
    7.5000  -30.0000  -45.0000 6934.8970   12.5312
   -7.5000  -22.5000  -45.0000 7746.2334   12.5096
    0.0000  -22.5000  -45.0000 7813.6206   12.4867
    7.5000  -22.5000  -45.0000 7380.4883   12.4766
   -7.5000  -15.0000  -45.0000 8137.8804   12.4693
    0.0000  -15.0000  -45.0000 8223.5508   12.4464
    7.5000  -15.0000  -45.0000 7775.2759   12.4367
   -7.5000   -7.5000  -45.0000 8204.1299   12.4750
    0.0000   -7.5000  -45.0000 8293.5410   12.4532
    7.5000   -7.5000  -45.0000 7842.6860   12.4437
   -7.5000    0.0000  -45.0000 8169.9165   12.5276
    0.0000    0.0000  -45.0000 8250.3613   12.5072
    7.5000    0.0000  -45.0000 7795.4331   12.4971
   -7.5000    7.5000  -45.0000 7668.7178   12.5785
    0.0000    7.5000  -45.0000 7762.8896   12.5578
    7.5000    7.5000  -45.0000 7312.9014   12.5464
   -7.5000   15.0000  -45.0000 7318.5908   12.5642
    0.0000   15.0000  -45.0000 7400.3750   12.5423
    7.5000   15.0000  -45.0000 6969.1797   12.5312
   -7.5000   22.5000  -45.0000 6656.1450   12.3413
    0.0000   22.5000  -45.0000 6722.6079   12.3187
    7.5000   22.5000  -45.0000 6341.3955   12.3088
   -7.5000   30.0000  -45.0000 6057.6934   11.9737
    0.0000   30.0000  -45.0000 6116.2236   11.9518
    7.5000   30.0000  -45.0000 5779.4644   11.9424
   -7.5000   37.5000  -45.0000 5452.8564   11.9320
    0.0000   37.5000  -45.0000 5501.8110   11.9125
    7.5000   37.5000  -45.0000 5195.9795   11.9027
   -7.5000   45.0000  -45.0000 4876.6978   11.9659
    0.0000   45.0000  -45.0000 4912.9810   11.9443
    7.5000   45.0000  -45.0000 4634.0098   11.9315
   -7.5000  -45.0000  -37.5000 7312.0190   12.0255
    0.0000  -45.0000  -37.5000 7368.7510   12.0090
    7.5000  -45.0000  -37.5000 6950.7202   12.0036
   -7.5000  -37.5000  -37.5000 7583.8062   12.8388
    0.0000  -37.5000  -37.5000 7648.7725   12.8224
    7.5000  -37.5000  -37.5000 7211.5591   12.8153
   -7.5000  -30.0000  -37.5000 7904.3228   13.2069
    0.0000  -30.0000  -37.5000 7970.1572   13.1896
    7.5000  -30.0000  -37.5000 7516.0933   13.1828
   -7.5000  -22.5000  -37.5000 8387.1953   13.1490
    0.0000  -22.5000  -37.5000 8450.9531   13.1299
    7.5000  -22.5000  -37.5000 7976.8726   13.1244
   -7.5000  -15.0000  -37.5000 8810.8037   13.1048
    0.0000  -15.0000  -37.5000 8876.0303   13.0842
    7.5000  -15.0000  -37.5000 8390.9326   13.0792
   -7.5000   -7.5000  -37.5000 8886.1260   13.1101
    0.0000   -7.5000  -37.5000 8960.5215   13.0900
    7.5000   -7.5000  -37.5000 8462.4619   13.0850
   -7.5000    0.0000  -37.5000 8805.8584   13.1662
    0.0000    0.0000  -37.5000 8903.9795   13.1482
    7.5000    0.0000  -37.5000 8406.5391   13.1423
   -7.5000    7.5000  -37.5000 8232.6016   13.2203
    0.0000    7.5000  -37.5000 8314.1113   13.2034
    7.5000    7.5000  -37.5000 7848.2012   13.1961
   -7.5000   15.0000  -37.5000 7820.5747   13.2063
    0.0000   15.0000  -37.5000 7891.8267   13.1890
    7.5000   15.0000  -37.5000 7447.0503   13.1822
   -7.5000   22.5000  -37.5000 7097.7432   12.9732
    0.0000   22.5000  -37.5000 7177.0146   12.9543
    7.5000   22.5000  -37.5000 6771.7026   12.9489
   -7.5000   30.0000  -37.5000 6449.5698   12.5930
    0.0000   30.0000  -37.5000 6516.2402   12.5732
    7.5000   30.0000  -37.5000 6156.0562   12.5683
   -7.5000   37.5000  -37.5000 5800.4805   12.5516
    0.0000   37.5000  -37.5000 5848.9385   12.5340
    7.5000   37.5000  -37.5000 5525.6611   12.5277
   -7.5000   45.0000  -37.5000 5175.9360   12.5743
    0.0000   45.0000  -37.5000 5217.4316   12.5557
    7.5000   45.0000  -37.5000 4920.3965   12.5458
   -7.5000  -45.0000  -30.0000 7881.1987   12.5669
    0.0000  -45.0000  -30.0000 7941.5132   12.5582
    7.5000  -45.0000  -30.0000 7488.7661   12.5590
   -7.5000  -37.5000  -30.0000 8180.1650   13.4227
    0.0000  -37.5000  -30.0000 8241.0039   13.4148
    7.5000  -37.5000  -30.0000 7773.9790   13.4143
   -7.5000  -30.0000  -30.0000 8528.4180   13.7927
    0.0000  -30.0000  -30.0000 8587.8721   13.7843
    7.5000  -30.0000  -30.0000 8107.4824   13.7826
   -7.5000  -22.5000  -30.0000 9010.9092   13.7368
    0.0000  -22.5000  -30.0000 9084.4600   13.7262
    7.5000  -22.5000  -30.0000 8577.9648   13.7244
   -7.5000  -15.0000  -30.0000 9461.7598   13.6898
    0.0000  -15.0000  -30.0000 9528.5625   13.6776
    7.5000  -15.0000  -30.0000 9004.6875   13.6762
   -7.5000   -7.5000  -30.0000 9528.2773   13.6904
    0.0000   -7.5000  -30.0000 9604.7236   13.6787
    7.5000   -7.5000  -30.0000 9079.6445   13.6790
   -7.5000    0.0000  -30.0000 9440.2842   13.7448
    0.0000    0.0000  -30.0000 9534.0684   13.7352
    7.5000    0.0000  -30.0000 9020.5664   13.7361
   -7.5000    7.5000  -30.0000 8790.0752   13.8006
    0.0000    7.5000  -30.0000 8876.1875   13.7925
    7.5000    7.5000  -30.0000 8390.5264   13.7920
   -7.5000   15.0000  -30.0000 8312.0361   13.7908
    0.0000   15.0000  -30.0000 8398.3525   13.7824
    7.5000   15.0000  -30.0000 7942.6831   13.7808
   -7.5000   22.5000  -30.0000 7537.8706   13.5537
    0.0000   22.5000  -30.0000 7622.5151   13.5433
    7.5000   22.5000  -30.0000 7210.5376   13.5415
   -7.5000   30.0000  -30.0000 6837.5571   13.1647
    0.0000   30.0000  -30.0000 6917.5361   13.1529
    7.5000   30.0000  -30.0000 6533.6333   13.1516
   -7.5000   37.5000  -30.0000 6138.9160   13.1294
    0.0000   37.5000  -30.0000 6183.7661   13.1200
    7.5000   37.5000  -30.0000 5849.7085   13.1175
   -7.5000   45.0000  -30.0000 5460.5068   13.1490
    0.0000   45.0000  -30.0000 5505.2153   13.1391
    7.5000   45.0000  -30.0000 5195.2295   13.1331
   -7.5000  -45.0000  -22.5000 8453.6709   13.0593
    0.0000  -45.0000  -22.5000 8527.8174   13.0567
    7.5000  -45.0000  -22.5000 8053.7983   13.0592
   -7.5000  -37.5000  -22.5000 8749.7891   13.9590
    0.0000  -37.5000  -22.5000 8822.1162   13.9564
    7.5000  -37.5000  -22.5000 8322.9932   13.9579
   -7.5000  -30.0000  -22.5000 9138.2607   14.3328
    0.0000  -30.0000  -22.5000 9208.1904   14.3289
    7.5000  -30.0000  -22.5000 8684.1992   14.3275
   -7.5000  -22.5000  -22.5000 9655.8467   14.2779
    0.0000  -22.5000  -22.5000 9740.6104   14.2725
    7.5000  -22.5000  -22.5000 9172.3682   14.2687
   -7.5000  -15.0000  -22.500010133.5146   14.2268
    0.0000  -15.0000  -22.500010215.3076   14.2210
    7.5000  -15.0000  -22.5000 9625.4014   14.2180
   -7.5000   -7.5000  -22.500010191.8779   14.2221
    0.0000   -7.5000  -22.500010282.5742   14.2175
    7.5000   -7.5000  -22.5000 9700.7607   14.2179
   -7.5000    0.0000  -22.500010062.3271   14.2752
    0.0000    0.0000  -22.500010165.7607   14.2723
    7.5000    0.0000  -22.5000 9617.9434   14.2750
   -7.5000    7.5000  -22.5000 9341.8984   14.3342
    0.0000    7.5000  -22.5000 9428.3760   14.3315
    7.5000    7.5000  -22.5000 8943.1426   14.3330
   -7.5000   15.0000  -22.5000 8816.7256   14.3293
    0.0000   15.0000  -22.5000 8906.2344   14.3254
    7.5000   15.0000  -22.5000 8455.4922   14.3241
   -7.5000   22.5000  -22.5000 7983.4312   14.0890
    0.0000   22.5000  -22.5000 8078.4360   14.0836
    7.5000   22.5000  -22.5000 7660.4077   14.0799
   -7.5000   30.0000  -22.5000 7216.1899   13.6912
    0.0000   30.0000  -22.5000 7301.6147   13.6855
    7.5000   30.0000  -22.5000 6910.9541   13.6826
   -7.5000   37.5000  -22.5000 6465.4434   13.6594
    0.0000   37.5000  -22.5000 6530.8662   13.6567
    7.5000   37.5000  -22.5000 6180.0571   13.6536
   -7.5000   45.0000  -22.5000 5752.9219   13.6898
    0.0000   45.0000  -22.5000 5805.0239   13.6858
    7.5000   45.0000  -22.5000 5484.5249   13.6800
   -7.5000  -45.0000  -15.0000 9001.9912   13.5000
    0.0000  -45.0000  -15.0000 9071.8301   13.4940
    7.5000  -45.0000  -15.0000 8576.6797   13.4914
   -7.5000  -37.5000  -15.0000 9299.5293   14.4287
    0.0000  -37.5000  -15.0000 9382.6865   14.4212
    7.5000  -37.5000  -15.0000 8854.2139   14.4176
   -7.5000  -30.0000  -15.0000 9723.7168   14.8010
    0.0000  -30.0000  -15.0000 9819.9414   14.7910
    7.5000  -30.0000  -15.0000 9233.9307   14.7845
   -7.5000  -22.5000  -15.000010286.6885   14.7445
    0.0000  -22.5000  -15.000010401.0977   14.7332
    7.5000  -22.5000  -15.0000 9744.3955   14.7238
   -7.5000  -15.0000  -15.000010792.5088   14.6925
    0.0000  -15.0000  -15.000010914.0430   14.6822
    7.5000  -15.0000  -15.000010232.6133   14.6731
   -7.5000   -7.5000  -15.000010821.8320   14.6880
    0.0000   -7.5000  -15.000010934.1348   14.6800
    7.5000   -7.5000  -15.000010291.5967   14.6744
   -7.5000    0.0000  -15.000010667.8115   14.7426
    0.0000    0.0000  -15.000010762.5225   14.7360
    7.5000    0.0000  -15.000010170.0928   14.7331
   -7.5000    7.5000  -15.0000 9891.0215   14.8020
    0.0000    7.5000  -15.0000 9977.5029   14.7944
    7.5000    7.5000  -15.0000 9449.8252   14.7907
   -7.5000   15.0000  -15.0000 9321.0762   14.7965
    0.0000   15.0000  -15.0000 9421.3184   14.7864
    7.5000   15.0000  -15.0000 8922.5850   14.7799
   -7.5000   22.5000  -15.0000 8437.3516   14.5516
    0.0000   22.5000  -15.0000 8531.5479   14.5404
    7.5000   22.5000  -15.0000 8077.2383   14.5312
   -7.5000   30.0000  -15.0000 7606.5493   14.1499
    0.0000   30.0000  -15.0000 7695.5146   14.1400
    7.5000   30.0000  -15.0000 7284.3457   14.1313
   -7.5000   37.5000  -15.0000 6788.8804   14.1234
    0.0000   37.5000  -15.0000 6860.6982   14.1170
    7.5000   37.5000  -15.0000 6494.9097   14.1087
   -7.5000   45.0000  -15.0000 6028.7251   14.1666
    0.0000   45.0000  -15.0000 6085.8418   14.1579
    7.5000   45.0000  -15.0000 5753.9204   14.1477
   -7.5000  -45.0000   -7.5000 9278.2334   13.5079
    0.0000  -45.0000   -7.5000 9358.4619   13.4917
    7.5000  -45.0000   -7.5000 8843.1797   13.4824
   -7.5000  -37.5000   -7.5000 9588.2627   14.4345
    0.0000  -37.5000   -7.5000 9678.7588   14.4165
    7.5000  -37.5000   -7.5000 9139.8057   14.4058
   -7.5000  -30.0000   -7.500010015.4697   14.8021
    0.0000  -30.0000   -7.500010126.7617   14.7813
    7.5000  -30.0000   -7.5000 9510.6689   14.7689
   -7.5000  -22.5000   -7.500010576.8584   14.7429
    0.0000  -22.5000   -7.500010701.9785   14.7208
    7.5000  -22.5000   -7.500010009.2705   14.7072
   -7.5000  -15.0000   -7.500011080.2070   14.6938
    0.0000  -15.0000   -7.500011204.7266   14.6724
    7.5000  -15.0000   -7.500010496.6729   14.6589
   -7.5000   -7.5000   -7.500011095.3008   14.6942
    0.0000   -7.5000   -7.500011199.3662   14.6749
    7.5000   -7.5000   -7.500010531.6025   14.6634
   -7.5000    0.0000   -7.500010906.9297   14.7512
    0.0000    0.0000   -7.500010998.9668   14.7335
    7.5000    0.0000   -7.500010366.2842   14.7233
   -7.5000    7.5000   -7.500010097.4492   14.8080
    0.0000    7.5000   -7.500010197.5000   14.7896
    7.5000    7.5000   -7.5000 9618.0752   14.7785
   -7.5000   15.0000   -7.5000 9526.2490   14.7975
    0.0000   15.0000   -7.5000 9635.7070   14.7767
    7.5000   15.0000   -7.5000 9102.1553   14.7643
   -7.5000   22.5000   -7.5000 8622.6406   14.5501
    0.0000   22.5000   -7.5000 8722.4756   14.5283
    7.5000   22.5000   -7.5000 8232.6250   14.5148
   -7.5000   30.0000   -7.5000 7765.0635   14.1512
    0.0000   30.0000   -7.5000 7861.7827   14.1306
    7.5000   30.0000   -7.5000 7429.1802   14.1176
   -7.5000   37.5000   -7.5000 6903.9570   14.1247
    0.0000   37.5000   -7.5000 6991.8457   14.1074
    7.5000   37.5000   -7.5000 6605.9727   14.0947
   -7.5000   45.0000   -7.5000 6108.6045   14.1684
    0.0000   45.0000   -7.5000 6176.1201   14.1484
    7.5000   45.0000   -7.5000 5828.2959   14.1337
   -7.5000  -45.0000    0.0000 9315.6602   13.8780
    0.0000  -45.0000    0.0000 9387.9580   13.8546
    7.5000  -45.0000    0.0000 8884.5127   13.8426
   -7.5000  -37.5000    0.0000 9692.2402   14.8226
    0.0000  -37.5000    0.0000 9798.6641   14.7978
    7.5000  -37.5000    0.0000 9239.5010   14.7837
   -7.5000  -30.0000    0.000010166.5723   15.1854
    0.0000  -30.0000    0.000010323.5312   15.1587
    7.5000  -30.0000    0.0000 9638.1387   15.1448
   -7.5000  -22.5000    0.000010691.7627   15.1207
    0.0000  -22.5000    0.000010830.2734   15.0925
    7.5000  -22.5000    0.000010108.5537   15.0796
   -7.5000  -15.0000    0.000011163.1602   15.0720
    0.0000  -15.0000    0.000011265.4092   15.0434
    7.5000  -15.0000    0.000010563.8096   15.0308
   -7.5000   -7.5000    0.000011166.7002   15.0779
    0.0000   -7.5000    0.000011250.8965   15.0506
    7.5000   -7.5000    0.000010571.3105   15.0382
   -7.5000    0.0000    0.000010954.0498   15.1403
    0.0000    0.0000    0.000011039.3662   15.1148
    7.5000    0.0000    0.000010374.7617   15.1017
   -7.5000    7.5000    0.000010132.9355   15.1961
    0.0000    7.5000    0.000010221.9551   15.1707
    7.5000    7.5000    0.0000 9606.5908   15.1563
   -7.5000   15.0000    0.0000 9580.1973   15.1801
    0.0000   15.0000    0.0000 9689.1533   15.1534
    7.5000   15.0000    0.0000 9110.4492   15.1394
   -7.5000   22.5000    0.0000 8684.2002   14.9250
    0.0000   22.5000    0.0000 8780.4326   14.8972
    7.5000   22.5000    0.0000 8270.9053   14.8845
   -7.5000   30.0000    0.0000 7814.8374   14.5242
    0.0000   30.0000    0.0000 7900.2095   14.4967
    7.5000   30.0000    0.0000 7446.4390   14.4845
   -7.5000   37.5000    0.0000 6918.9868   14.5107
    0.0000   37.5000    0.0000 7011.1030   14.4859
    7.5000   37.5000    0.0000 6610.5703   14.4731
   -7.5000   45.0000    0.0000 6080.1089   14.5689
    0.0000   45.0000    0.0000 6147.1934   14.5417
    7.5000   45.0000    0.0000 5795.5625   14.5254
   -7.5000  -45.0000    7.5000 8963.2051   13.9037
    0.0000  -45.0000    7.5000 9042.0479   13.8846
    7.5000  -45.0000    7.5000 8582.4014   13.8784
   -7.5000  -37.5000    7.5000 9448.3213   14.8508
    0.0000  -37.5000    7.5000 9641.2119   14.8318
    7.5000  -37.5000    7.5000 8984.6914   14.8236
   -7.5000  -30.0000    7.500010018.7354   15.2145
    0.0000  -30.0000    7.500010210.2871   15.1946
    7.5000  -30.0000    7.5000 9448.8545   15.1867
   -7.5000  -22.5000    7.500010512.8613   15.1487
    0.0000  -22.5000    7.500010615.6768   15.1266
    7.5000  -22.5000    7.5000 9884.3076   15.1204
   -7.5000  -15.0000    7.500010926.4355   15.0987
    0.0000  -15.0000    7.500010974.8242   15.0748
    7.5000  -15.0000    7.500010270.3096   15.0690
   -7.5000   -7.5000    7.500010856.4512   15.1046
    0.0000   -7.5000    7.500010894.0186   15.0815
    7.5000   -7.5000    7.500010239.5645   15.0757
   -7.5000    0.0000    7.500010597.3730   15.1684
    0.0000    0.0000    7.500010629.3135   15.1475
    7.5000    0.0000    7.500010006.0371   15.1408
   -7.5000    7.5000    7.5000 9780.2744   15.2250
    0.0000    7.5000    7.5000 9823.1133   15.2056
    7.5000    7.5000    7.5000 9241.9189   15.1972
   -7.5000   15.0000    7.5000 9233.4893   15.2091
    0.0000   15.0000    7.5000 9315.5176   15.1892
    7.5000   15.0000    7.5000 8762.6045   15.1813
   -7.5000   22.5000    7.5000 8360.6240   14.9527
    0.0000   22.5000    7.5000 8456.0244   14.9309
    7.5000   22.5000    7.5000 7948.1772   14.9247
   -7.5000   30.0000    7.5000 7520.6240   14.5499
    0.0000   30.0000    7.5000 7602.5771   14.5269
    7.5000   30.0000    7.5000 7146.7505   14.5213
   -7.5000   37.5000    7.5000 6659.8188   14.5420
    0.0000   37.5000    7.5000 6744.9497   14.5215
    7.5000   37.5000    7.5000 6352.1416   14.5141
   -7.5000   45.0000    7.5000 5842.3618   14.6019
    0.0000   45.0000    7.5000 5887.6670   14.5802
    7.5000   45.0000    7.5000 5560.7207   14.5687
   -7.5000  -45.0000   15.0000 8975.1777   13.9355
    0.0000  -45.0000   15.0000 9084.4541   13.9260
    7.5000  -45.0000   15.0000 8568.5566   13.9271
   -7.5000  -37.5000   15.0000 9423.1729   14.8869
    0.0000  -37.5000   15.0000 9608.1582   14.8786
    7.5000  -37.5000   15.0000 8945.2109   14.8783
   -7.5000  -30.0000   15.0000 9970.1289   15.2577
    0.0000  -30.0000   15.000010119.8848   15.2488
    7.5000  -30.0000   15.0000 9397.1357   15.2471
   -7.5000  -22.5000   15.000010511.6914   15.1964
    0.0000  -22.5000   15.000010600.1084   15.1848
    7.5000  -22.5000   15.0000 9872.0967   15.1829
   -7.5000  -15.0000   15.000010920.0352   15.1437
    0.0000  -15.0000   15.000010996.2617   15.1302
    7.5000  -15.0000   15.000010280.2959   15.1288
   -7.5000   -7.5000   15.000010798.5635   15.1434
    0.0000   -7.5000   15.000010863.0938   15.1305
    7.5000   -7.5000   15.000010228.0430   15.1310
   -7.5000    0.0000   15.000010509.2764   15.2030
    0.0000    0.0000   15.000010552.2900   15.1927
    7.5000    0.0000   15.0000 9970.3662   15.1940
   -7.5000    7.5000   15.0000 9697.5410   15.2620
    0.0000    7.5000   15.0000 9727.6826   15.2535
    7.5000    7.5000   15.0000 9200.6582   15.2532
   -7.5000   15.0000   15.0000 9190.4941   15.2523
    0.0000   15.0000   15.0000 9236.7471   15.2434
    7.5000   15.0000   15.0000 8737.2646   15.2417
   -7.5000   22.5000   15.0000 8335.6455   14.9997
    0.0000   22.5000   15.0000 8391.3789   14.9883
    7.5000   22.5000   15.0000 7922.8936   14.9864
   -7.5000   30.0000   15.0000 7469.1245   14.5933
    0.0000   30.0000   15.0000 7530.9189   14.5803
    7.5000   30.0000   15.0000 7117.8359   14.5790
   -7.5000   37.5000   15.0000 6599.3521   14.5855
    0.0000   37.5000   15.0000 6662.6646   14.5751
    7.5000   37.5000   15.0000 6290.9312   14.5724
   -7.5000   45.0000   15.0000 5790.8794   14.6447
    0.0000   45.0000   15.0000 5830.6426   14.6339
    7.5000   45.0000   15.0000 5492.3169   14.6275
   -7.5000  -45.0000   22.5000 8539.2070   14.0316
    0.0000  -45.0000   22.5000 8639.6875   14.0287
    7.5000  -45.0000   22.5000 8174.7891   14.0314
   -7.5000  -37.5000   22.5000 8893.2100   14.9922
    0.0000  -37.5000   22.5000 9002.3252   14.9893
    7.5000  -37.5000   22.5000 8502.4756   14.9909
   -7.5000  -30.0000   22.5000 9303.5693   15.3705
    0.0000  -30.0000   22.5000 9357.2891   15.3666
    7.5000  -30.0000   22.5000 8883.4902   15.3652
   -7.5000  -22.5000   22.5000 9793.0537   15.3113
    0.0000  -22.5000   22.5000 9823.5400   15.3061
    7.5000  -22.5000   22.5000 9349.6064   15.3021
   -7.5000  -15.0000   22.500010250.2178   15.2560
    0.0000  -15.0000   22.500010303.8271   15.2502
    7.5000  -15.0000   22.5000 9783.3154   15.2469
   -7.5000   -7.5000   22.500010219.0449   15.2507
    0.0000   -7.5000   22.500010286.0869   15.2460
    7.5000   -7.5000   22.5000 9762.3623   15.2464
   -7.5000    0.0000   22.5000 9976.3613   15.3079
    0.0000    0.0000   22.500010030.0039   15.3047
    7.5000    0.0000   22.5000 9506.2705   15.3076
   -7.5000    7.5000   22.5000 9218.1748   15.3700
    0.0000    7.5000   22.5000 9264.0557   15.3670
    7.5000    7.5000   22.5000 8761.7314   15.3687
   -7.5000   15.0000   22.5000 8731.3770   15.3650
    0.0000   15.0000   22.5000 8783.6240   15.3611
    7.5000   15.0000   22.5000 8298.2168   15.3597
   -7.5000   22.5000   22.5000 7872.1831   15.1131
    0.0000   22.5000   22.5000 7928.8291   15.1080
    7.5000   22.5000   22.5000 7481.3862   15.1040
   -7.5000   30.0000   22.5000 7029.0479   14.7015
    0.0000   30.0000   22.5000 7079.6812   14.6960
    7.5000   30.0000   22.5000 6687.7319   14.6928
   -7.5000   37.5000   22.5000 6214.6392   14.6878
    0.0000   37.5000   22.5000 6255.7852   14.6852
    7.5000   37.5000   22.5000 5911.0640   14.6817
   -7.5000   45.0000   22.5000 5458.5088   14.7430
    0.0000   45.0000   22.5000 5479.7241   14.7386
    7.5000   45.0000   22.5000 5179.1807   14.7322
   -7.5000  -45.0000   30.0000 7980.4297   14.1859
    0.0000  -45.0000   30.0000 8082.4307   14.1777
    7.5000  -45.0000   30.0000 7676.0693   14.1736
   -7.5000  -37.5000   30.0000 8299.9453   15.1609
    0.0000  -37.5000   30.0000 8379.4941   15.1514
    7.5000  -37.5000   30.0000 7965.6660   15.1465
   -7.5000  -30.0000   30.0000 8662.6543   15.5443
    0.0000  -30.0000   30.0000 8702.3906   15.5330
    7.5000  -30.0000   30.0000 8316.5674   15.5256
   -7.5000  -22.5000   30.0000 9127.7100   15.4855
    0.0000  -22.5000   30.0000 9174.6191   15.4734
    7.5000  -22.5000   30.0000 8758.3955   15.4634
   -7.5000  -15.0000   30.0000 9572.0430   15.4326
    0.0000  -15.0000   30.0000 9627.1377   15.4213
    7.5000  -15.0000   30.0000 9166.8291   15.4112
   -7.5000   -7.5000   30.0000 9591.9561   15.4290
    0.0000   -7.5000   30.0000 9631.0732   15.4191
    7.5000   -7.5000   30.0000 9168.5117   15.4122
   -7.5000    0.0000   30.0000 9388.9209   15.4857
    0.0000    0.0000   30.0000 9420.8730   15.4768
    7.5000    0.0000   30.0000 8947.5215   15.4723
   -7.5000    7.5000   30.0000 8667.3926   15.5456
    0.0000    7.5000   30.0000 8707.1357   15.5359
    7.5000    7.5000   30.0000 8247.4590   15.5308
   -7.5000   15.0000   30.0000 8202.4238   15.5387
    0.0000   15.0000   30.0000 8242.7930   15.5274
    7.5000   15.0000   30.0000 7795.6592   15.5200
   -7.5000   22.5000   30.0000 7362.9863   15.2837
    0.0000   22.5000   30.0000 7395.2900   15.2718
    7.5000   22.5000   30.0000 6996.8770   15.2619
   -7.5000   30.0000   30.0000 6548.2622   14.8785
    0.0000   30.0000   30.0000 6582.4727   14.8676
    7.5000   30.0000   30.0000 6239.7646   14.8579
   -7.5000   37.5000   30.0000 5802.8306   14.8638
    0.0000   37.5000   30.0000 5823.4863   14.8557
    7.5000   37.5000   30.0000 5522.7803   14.8457
   -7.5000   45.0000   30.0000 5087.9727   14.9141
    0.0000   45.0000   30.0000 5101.1709   14.9027
    7.5000   45.0000   30.0000 4842.8633   14.8900
   -7.5000  -45.0000   37.5000 7463.4131   14.2790
    0.0000  -45.0000   37.5000 7561.1548   14.2600
    7.5000  -45.0000   37.5000 7182.7275   14.2481
   -7.5000  -37.5000   37.5000 7754.9990   15.2608
    0.0000  -37.5000   37.5000 7831.6836   15.2397
    7.5000  -37.5000   37.5000 7443.6968   15.2268
   -7.5000  -30.0000   37.5000 8093.0073   15.6314
    0.0000  -30.0000   37.5000 8135.0884   15.6080
    7.5000  -30.0000   37.5000 7764.3862   15.5947
   -7.5000  -22.5000   37.5000 8521.3301   15.5693
    0.0000  -22.5000   37.5000 8562.2002   15.5454
    7.5000  -22.5000   37.5000 8170.2202   15.5312
   -7.5000  -15.0000   37.5000 8933.2285   15.5195
    0.0000  -15.0000   37.5000 8976.3213   15.4966
    7.5000  -15.0000   37.5000 8544.9326   15.4818
   -7.5000   -7.5000   37.5000 8962.6729   15.5216
    0.0000   -7.5000   37.5000 9001.3760   15.5002
    7.5000   -7.5000   37.5000 8556.5693   15.4863
   -7.5000    0.0000   37.5000 8774.9766   15.5814
    0.0000    0.0000   37.5000 8809.3721   15.5607
    7.5000    0.0000   37.5000 8357.3398   15.5477
   -7.5000    7.5000   37.5000 8096.8643   15.6384
    0.0000    7.5000   37.5000 8138.3335   15.6167
    7.5000    7.5000   37.5000 7711.3154   15.6035
   -7.5000   15.0000   37.5000 7662.7920   15.6257
    0.0000   15.0000   37.5000 7715.8989   15.6023
    7.5000   15.0000   37.5000 7290.3794   15.5890
   -7.5000   22.5000   37.5000 6860.8530   15.3637
    0.0000   22.5000   37.5000 6901.7192   15.3402
    7.5000   22.5000   37.5000 6526.1772   15.3262
   -7.5000   30.0000   37.5000 6093.9883   14.9621
    0.0000   30.0000   37.5000 6121.4287   14.9401
    7.5000   30.0000   37.5000 5807.6782   14.9258
   -7.5000   37.5000   37.5000 5413.1084   14.9421
    0.0000   37.5000   37.5000 5424.9990   14.9228
    7.5000   37.5000   37.5000 5153.5024   14.9073
   -7.5000   45.0000   37.5000 4736.7354   14.9912
    0.0000   45.0000   37.5000 4757.3213   14.9679
    7.5000   45.0000   37.5000 4527.1089   14.9492
   -7.5000  -45.0000   45.0000 6926.7773   14.4527
    0.0000  -45.0000   45.0000 7010.7266   14.4352
    7.5000  -45.0000   45.0000 6651.9634   14.4257
   -7.5000  -37.5000   45.0000 7184.0879   15.4494
    0.0000  -37.5000   45.0000 7264.0327   15.4314
    7.5000  -37.5000   45.0000 6898.9517   15.4201
   -7.5000  -30.0000   45.0000 7498.9922   15.8069
    0.0000  -30.0000   45.0000 7559.0562   15.7875
    7.5000  -30.0000   45.0000 7199.9902   15.7783
   -7.5000  -22.5000   45.0000 7886.9199   15.7391
    0.0000  -22.5000   45.0000 7935.2847   15.7181
    7.5000  -22.5000   45.0000 7570.6436   15.7116
   -7.5000  -15.0000   45.0000 8266.7246   15.6870
    0.0000  -15.0000   45.0000 8308.9355   15.6652
    7.5000  -15.0000   45.0000 7917.5107   15.6586
   -7.5000   -7.5000   45.0000 8309.7012   15.6921
    0.0000   -7.5000   45.0000 8348.1172   15.6713
    7.5000   -7.5000   45.0000 7943.8447   15.6633
   -7.5000    0.0000   45.0000 8136.3330   15.7574
    0.0000    0.0000   45.0000 8172.0308   15.7383
    7.5000    0.0000   45.0000 7764.9316   15.7280
   -7.5000    7.5000   45.0000 7507.9824   15.8165
    0.0000    7.5000   45.0000 7551.8247   15.7980
    7.5000    7.5000   45.0000 7157.0913   15.7864
   -7.5000   15.0000   45.0000 7113.3784   15.8010
    0.0000   15.0000   45.0000 7163.2856   15.7816
    7.5000   15.0000   45.0000 6772.6455   15.7724
   -7.5000   22.5000   45.0000 6379.0728   15.5293
    0.0000   22.5000   45.0000 6422.9941   15.5086
    7.5000   22.5000   45.0000 6071.4717   15.5022
   -7.5000   30.0000   45.0000 5676.9531   15.1221
    0.0000   30.0000   45.0000 5703.9873   15.1011
    7.5000   30.0000   45.0000 5408.9458   15.0948
   -7.5000   37.5000   45.0000 5023.8501   15.0999
    0.0000   37.5000   45.0000 5052.3516   15.0822
    7.5000   37.5000   45.0000 4802.1943   15.0730
   -7.5000   45.0000   45.0000 4405.4653   15.1455
    0.0000   45.0000   45.0000 4425.0679   15.1246
    7.5000   45.0000   45.0000 4221.4546   15.1095

---------------------------------------------------------------------
imgreg_4dfp /opt/freesurfer/average/711-2C_as_mni_average_305 /opt/freesurfer/average/711-2B_as_mni_average_305_mask talsrcimg_g11 none talsrcimg_to_711-2C_as_mni_average_305_t4 4355
---------------------------------------------------------------------

freesurfer imgreg_4dfp.c
/opt/freesurfer/average/711-2C_as_mni_average_305.4dfp.img
       256       256       256         1
  1.000000  1.000000  1.000000
orientation T byte_order littleendian
Reading image: /opt/freesurfer/average/711-2C_as_mni_average_305.4dfp.img
dimensions:      256       256       256
mmppix:       1.0000   -1.0000   -1.0000
center:     128.0000 -129.0000 -129.0000
/opt/freesurfer/average/711-2B_as_mni_average_305_mask.4dfp.img
       256       256       256         1
  1.000000  1.000000  1.000000
orientation T byte_order littleendian
Reading mask: /opt/freesurfer/average/711-2B_as_mni_average_305_mask.4dfp.img (2306576 pixels)
talsrcimg_g11.4dfp.img
       256       256       256         1
  0.898437  0.898437  0.898437
orientation T byte_order littleendian
Reading image: talsrcimg_g11.4dfp.img
dimensions:      256       256       256
mmppix:       0.8984   -0.8984   -0.8984
center:     114.9999 -115.8984 -115.8984
rotation matrix determinant  1.000000
image alignment mode   4355 decimal     1103 hex
   -7.5000  -60.0000  -45.0000 1892.3137   13.3820
    0.0000  -60.0000  -45.0000 1893.0211   13.3145
    7.5000  -60.0000  -45.0000 1875.5869   13.4043
   -7.5000  -52.5000  -45.0000 1977.7317   12.3034
    0.0000  -52.5000  -45.0000 1977.2972   12.2494
    7.5000  -52.5000  -45.0000 1958.1008   12.3447
   -7.5000  -45.0000  -45.0000 2043.9015   11.6816
    0.0000  -45.0000  -45.0000 2048.2434   11.6209
    7.5000  -45.0000  -45.0000 2026.2169   11.7027
   -7.5000  -37.5000  -45.0000 2074.0435   11.1382
    0.0000  -37.5000  -45.0000 2083.1885   11.0922
    7.5000  -37.5000  -45.0000 2060.3540   11.1628
   -7.5000  -30.0000  -45.0000 2100.5442   10.8011
    0.0000  -30.0000  -45.0000 2108.3169   10.7251
    7.5000  -30.0000  -45.0000 2083.3347   10.8349
   -7.5000  -22.5000  -45.0000 2109.8682   10.7064
    0.0000  -22.5000  -45.0000 2120.0281   10.6450
    7.5000  -22.5000  -45.0000 2095.2021   10.7655
   -7.5000  -15.0000  -45.0000 2088.9575   10.9257
    0.0000  -15.0000  -45.0000 2102.4861   10.8704
    7.5000  -15.0000  -45.0000 2079.1804   10.9943
   -7.5000   -7.5000  -45.0000 2054.6523   11.4215
    0.0000   -7.5000  -45.0000 2066.8057   11.3657
    7.5000   -7.5000  -45.0000 2045.6117   11.4653
   -7.5000    0.0000  -45.0000 1995.0332   12.1264
    0.0000    0.0000  -45.0000 2005.0659   12.0588
    7.5000    0.0000  -45.0000 1983.9325   12.1663
   -7.5000    7.5000  -45.0000 1921.2197   13.0845
    0.0000    7.5000  -45.0000 1934.4424   13.0029
    7.5000    7.5000  -45.0000 1908.5977   13.1628
   -7.5000   15.0000  -45.0000 1833.2437   14.3808
    0.0000   15.0000  -45.0000 1842.3700   14.3150
    7.5000   15.0000  -45.0000 1818.3231   14.5019
   -7.5000   22.5000  -45.0000 1724.5547   16.1767
    0.0000   22.5000  -45.0000 1733.2177   16.1053
    7.5000   22.5000  -45.0000 1717.8678   16.3041
   -7.5000   30.0000  -45.0000 1612.4908   18.7104
    0.0000   30.0000  -45.0000 1619.1621   18.5654
    7.5000   30.0000  -45.0000 1608.6074   18.8127
   -7.5000  -60.0000  -37.5000 2038.8246   13.1288
    0.0000  -60.0000  -37.5000 2039.9523   13.0689
    7.5000  -60.0000  -37.5000 2017.7036   13.1936
   -7.5000  -52.5000  -37.5000 2131.9673   12.0646
    0.0000  -52.5000  -37.5000 2134.4094   12.0254
    7.5000  -52.5000  -37.5000 2109.6143   12.1101
   -7.5000  -45.0000  -37.5000 2207.4272   11.4789
    0.0000  -45.0000  -37.5000 2212.8672   11.4104
    7.5000  -45.0000  -37.5000 2187.3450   11.5071
   -7.5000  -37.5000  -37.5000 2240.8547   10.9860
    0.0000  -37.5000  -37.5000 2252.4727   10.9089
    7.5000  -37.5000  -37.5000 2224.6521   11.0119
   -7.5000  -30.0000  -37.5000 2264.5027   10.6342
    0.0000  -30.0000  -37.5000 2276.2522   10.5810
    7.5000  -30.0000  -37.5000 2254.7783   10.6795
   -7.5000  -22.5000  -37.5000 2279.2222   10.5393
    0.0000  -22.5000  -37.5000 2293.6199   10.4703
    7.5000  -22.5000  -37.5000 2268.6865   10.5855
   -7.5000  -15.0000  -37.5000 2261.5559   10.7443
    0.0000  -15.0000  -37.5000 2276.8213   10.6759
    7.5000  -15.0000  -37.5000 2251.4060   10.8001
   -7.5000   -7.5000  -37.5000 2224.7078   11.2183
    0.0000   -7.5000  -37.5000 2239.0276   11.1406
    7.5000   -7.5000  -37.5000 2211.3218   11.2685
   -7.5000    0.0000  -37.5000 2155.1638   11.9089
    0.0000    0.0000  -37.5000 2170.9641   11.8191
    7.5000    0.0000  -37.5000 2146.0466   11.9410
   -7.5000    7.5000  -37.5000 2075.3474   12.8636
    0.0000    7.5000  -37.5000 2085.7769   12.7798
    7.5000    7.5000  -37.5000 2061.1067   12.9075
   -7.5000   15.0000  -37.5000 1974.9950   14.0897
    0.0000   15.0000  -37.5000 1982.8528   14.0328
    7.5000   15.0000  -37.5000 1959.9464   14.1744
   -7.5000   22.5000  -37.5000 1860.3894   15.8064
    0.0000   22.5000  -37.5000 1872.5593   15.7400
    7.5000   22.5000  -37.5000 1847.8665   15.8709
   -7.5000   30.0000  -37.5000 1735.5808   18.1863
    0.0000   30.0000  -37.5000 1744.5410   18.0679
    7.5000   30.0000  -37.5000 1727.6354   18.2651
   -7.5000  -60.0000  -30.0000 2170.6877   12.7967
    0.0000  -60.0000  -30.0000 2174.9417   12.7155
    7.5000  -60.0000  -30.0000 2145.7988   12.8500
   -7.5000  -52.5000  -30.0000 2265.0386   11.7608
    0.0000  -52.5000  -30.0000 2271.3181   11.6753
    7.5000  -52.5000  -30.0000 2242.3489   11.7711
   -7.5000  -45.0000  -30.0000 2349.9043   11.1646
    0.0000  -45.0000  -30.0000 2358.6218   11.0791
    7.5000  -45.0000  -30.0000 2332.8481   11.1804
   -7.5000  -37.5000  -30.0000 2397.1228   10.6896
    0.0000  -37.5000  -30.0000 2411.9346   10.5974
    7.5000  -37.5000  -30.0000 2381.8071   10.7057
   -7.5000  -30.0000  -30.0000 2425.5708   10.3742
    0.0000  -30.0000  -30.0000 2441.9893   10.3062
    7.5000  -30.0000  -30.0000 2414.2029   10.4081
   -7.5000  -22.5000  -30.0000 2440.2524   10.2813
    0.0000  -22.5000  -30.0000 2458.9558   10.2127
    7.5000  -22.5000  -30.0000 2431.7554   10.3244
   -7.5000  -15.0000  -30.0000 2424.4126   10.4721
    0.0000  -15.0000  -30.0000 2439.7112   10.3833
    7.5000  -15.0000  -30.0000 2413.6631   10.5049
   -7.5000   -7.5000  -30.0000 2379.3577   10.9111
    0.0000   -7.5000  -30.0000 2398.2053   10.8290
    7.5000   -7.5000  -30.0000 2369.7122   10.9512
   -7.5000    0.0000  -30.0000 2306.6919   11.5883
    0.0000    0.0000  -30.0000 2326.6594   11.5077
    7.5000    0.0000  -30.0000 2302.9231   11.6211
   -7.5000    7.5000  -30.0000 2217.2915   12.4876
    0.0000    7.5000  -30.0000 2234.6794   12.4306
    7.5000    7.5000  -30.0000 2204.4280   12.5624
   -7.5000   15.0000  -30.0000 2102.5117   13.6881
    0.0000   15.0000  -30.0000 2120.2810   13.6317
    7.5000   15.0000  -30.0000 2092.9734   13.7837
   -7.5000   22.5000  -30.0000 1976.7881   15.3263
    0.0000   22.5000  -30.0000 1994.7197   15.2695
    7.5000   22.5000  -30.0000 1970.9918   15.4102
   -7.5000   30.0000  -30.0000 1846.8805   17.5731
    0.0000   30.0000  -30.0000 1863.2045   17.4704
    7.5000   30.0000  -30.0000 1838.7084   17.6206
   -7.5000  -60.0000  -22.5000 2281.7004   12.3053
    0.0000  -60.0000  -22.5000 2286.5076   12.2315
    7.5000  -60.0000  -22.5000 2259.2825   12.3588
   -7.5000  -52.5000  -22.5000 2377.3921   11.2729
    0.0000  -52.5000  -22.5000 2386.1792   11.2126
    7.5000  -52.5000  -22.5000 2364.2947   11.3273
   -7.5000  -45.0000  -22.5000 2470.0974   10.7195
    0.0000  -45.0000  -22.5000 2488.7703   10.6350
    7.5000  -45.0000  -22.5000 2464.4509   10.7332
   -7.5000  -37.5000  -22.5000 2529.7727   10.2508
    0.0000  -37.5000  -22.5000 2552.0962   10.1490
    7.5000  -37.5000  -22.5000 2523.1843   10.2616
   -7.5000  -30.0000  -22.5000 2575.8560    9.9481
    0.0000  -30.0000  -22.5000 2594.9287    9.8710
    7.5000  -30.0000  -22.5000 2562.3330    9.9649
   -7.5000  -22.5000  -22.5000 2593.3818    9.8761
    0.0000  -22.5000  -22.5000 2614.7712    9.8016
    7.5000  -22.5000  -22.5000 2582.2029    9.8950
   -7.5000  -15.0000  -22.5000 2577.1555   10.0693
    0.0000  -15.0000  -22.5000 2599.1233    9.9885
    7.5000  -15.0000  -22.5000 2564.8079   10.0894
   -7.5000   -7.5000  -22.5000 2527.7324   10.5068
    0.0000   -7.5000  -22.5000 2555.1448   10.4016
    7.5000   -7.5000  -22.5000 2520.7061   10.5303
   -7.5000    0.0000  -22.5000 2449.1946   11.1529
    0.0000    0.0000  -22.5000 2474.2351   11.0563
    7.5000    0.0000  -22.5000 2446.3521   11.1756
   -7.5000    7.5000  -22.5000 2343.0630   12.0176
    0.0000    7.5000  -22.5000 2363.2439   11.9404
    7.5000    7.5000  -22.5000 2340.3408   12.0813
   -7.5000   15.0000  -22.5000 2219.4949   13.1826
    0.0000   15.0000  -22.5000 2241.7537   13.0939
    7.5000   15.0000  -22.5000 2219.8430   13.2427
   -7.5000   22.5000  -22.5000 2085.6091   14.7494
    0.0000   22.5000  -22.5000 2105.5991   14.6673
    7.5000   22.5000  -22.5000 2087.6475   14.8191
   -7.5000   30.0000  -22.5000 1938.9525   16.8900
    0.0000   30.0000  -22.5000 1953.9426   16.8056
    7.5000   30.0000  -22.5000 1935.7407   16.9227
   -7.5000  -60.0000  -15.0000 2361.7793   11.7867
    0.0000  -60.0000  -15.0000 2368.2141   11.7075
    7.5000  -60.0000  -15.0000 2342.9744   11.8573
   -7.5000  -52.5000  -15.0000 2467.3489   10.7792
    0.0000  -52.5000  -15.0000 2481.3391   10.7137
    7.5000  -52.5000  -15.0000 2453.9697   10.8159
   -7.5000  -45.0000  -15.0000 2571.7388   10.2173
    0.0000  -45.0000  -15.0000 2591.4204   10.1400
    7.5000  -45.0000  -15.0000 2565.9346   10.2383
   -7.5000  -37.5000  -15.0000 2639.3870    9.7621
    0.0000  -37.5000  -15.0000 2664.1135    9.6739
    7.5000  -37.5000  -15.0000 2634.0391    9.7619
   -7.5000  -30.0000  -15.0000 2695.8347    9.4636
    0.0000  -30.0000  -15.0000 2723.6831    9.3796
    7.5000  -30.0000  -15.0000 2684.5740    9.4764
   -7.5000  -22.5000  -15.0000 2726.0134    9.4019
    0.0000  -22.5000  -15.0000 2750.3308    9.3274
    7.5000  -22.5000  -15.0000 2709.3613    9.4172
   -7.5000  -15.0000  -15.0000 2707.7488    9.6055
    0.0000  -15.0000  -15.0000 2736.7681    9.5226
    7.5000  -15.0000  -15.0000 2693.9143    9.6195
   -7.5000   -7.5000  -15.0000 2652.3701   10.0262
    0.0000   -7.5000  -15.0000 2678.5488    9.9334
    7.5000   -7.5000  -15.0000 2644.1514   10.0400
   -7.5000    0.0000  -15.0000 2560.9253   10.6585
    0.0000    0.0000  -15.0000 2583.9688   10.5598
    7.5000    0.0000  -15.0000 2558.6318   10.6706
   -7.5000    7.5000  -15.0000 2447.5425   11.5128
    0.0000    7.5000  -15.0000 2466.4109   11.4202
    7.5000    7.5000  -15.0000 2445.8760   11.5391
   -7.5000   15.0000  -15.0000 2309.0374   12.6358
    0.0000   15.0000  -15.0000 2330.2144   12.5343
    7.5000   15.0000  -15.0000 2310.4326   12.6593
   -7.5000   22.5000  -15.0000 2168.8787   14.1525
    0.0000   22.5000  -15.0000 2187.4038   14.0418
    7.5000   22.5000  -15.0000 2167.4309   14.1714
   -7.5000   30.0000  -15.0000 2013.5360   16.1672
    0.0000   30.0000  -15.0000 2029.8042   16.0568
    7.5000   30.0000  -15.0000 2009.8105   16.2052
   -7.5000  -60.0000   -7.5000 2402.6147   11.2949
    0.0000  -60.0000   -7.5000 2409.6155   11.2087
    7.5000  -60.0000   -7.5000 2377.6956   11.3732
   -7.5000  -52.5000   -7.5000 2518.7878   10.2972
    0.0000  -52.5000   -7.5000 2533.7449   10.2116
    7.5000  -52.5000   -7.5000 2504.7163   10.3421
   -7.5000  -45.0000   -7.5000 2636.7161    9.7172
    0.0000  -45.0000   -7.5000 2658.3022    9.6374
    7.5000  -45.0000   -7.5000 2632.2407    9.7602
   -7.5000  -37.5000   -7.5000 2716.4397    9.2882
    0.0000  -37.5000   -7.5000 2743.9927    9.2123
    7.5000  -37.5000   -7.5000 2711.2314    9.3117
   -7.5000  -30.0000   -7.5000 2785.4319    8.9996
    0.0000  -30.0000   -7.5000 2817.9995    8.9103
    7.5000  -30.0000   -7.5000 2770.7856    9.0183
   -7.5000  -22.5000   -7.5000 2817.9036    8.9228
    0.0000  -22.5000   -7.5000 2847.8879    8.8432
    7.5000  -22.5000   -7.5000 2796.9248    8.9466
   -7.5000  -15.0000   -7.5000 2795.4202    9.1093
    0.0000  -15.0000   -7.5000 2822.2361    9.0246
    7.5000  -15.0000   -7.5000 2782.9028    9.1307
   -7.5000   -7.5000   -7.5000 2728.9795    9.5291
    0.0000   -7.5000   -7.5000 2754.3208    9.4264
    7.5000   -7.5000   -7.5000 2723.8757    9.5305
   -7.5000    0.0000   -7.5000 2627.6477   10.1351
    0.0000    0.0000   -7.5000 2650.7620   10.0262
    7.5000    0.0000   -7.5000 2622.3867   10.1512
   -7.5000    7.5000   -7.5000 2504.1123   10.9730
    0.0000    7.5000   -7.5000 2528.3220   10.8713
    7.5000    7.5000   -7.5000 2497.0676   11.0121
   -7.5000   15.0000   -7.5000 2362.8706   12.0760
    0.0000   15.0000   -7.5000 2385.0942   11.9632
    7.5000   15.0000   -7.5000 2360.8872   12.1146
   -7.5000   22.5000   -7.5000 2215.6028   13.4983
    0.0000   22.5000   -7.5000 2232.1990   13.3920
    7.5000   22.5000   -7.5000 2212.7786   13.5508
   -7.5000   30.0000   -7.5000 2054.4297   15.4267
    0.0000   30.0000   -7.5000 2067.5496   15.3471
    7.5000   30.0000   -7.5000 2052.7158   15.4741
   -7.5000  -60.0000    0.0000 2424.5491   11.0694
    0.0000  -60.0000    0.0000 2436.1497   10.9547
    7.5000  -60.0000    0.0000 2402.3228   11.1465
   -7.5000  -52.5000    0.0000 2545.2664   10.0478
    0.0000  -52.5000    0.0000 2567.5667    9.9517
    7.5000  -52.5000    0.0000 2538.3240   10.1109
   -7.5000  -45.0000    0.0000 2685.0020    9.4662
    0.0000  -45.0000    0.0000 2708.6106    9.3654
    7.5000  -45.0000    0.0000 2674.7432    9.4990
   -7.5000  -37.5000    0.0000 2786.0715    9.0486
    0.0000  -37.5000    0.0000 2815.9233    8.9617
    7.5000  -37.5000    0.0000 2776.9258    9.0754
   -7.5000  -30.0000    0.0000 2868.1975    8.7824
    0.0000  -30.0000    0.0000 2910.5671    8.7001
    7.5000  -30.0000    0.0000 2849.4270    8.8038
   -7.5000  -22.5000    0.0000 2900.3865    8.6713
    0.0000  -22.5000    0.0000 2944.0427    8.5782
    7.5000  -22.5000    0.0000 2875.5317    8.7090
   -7.5000  -15.0000    0.0000 2866.0762    8.8414
    0.0000  -15.0000    0.0000 2896.2532    8.7513
    7.5000  -15.0000    0.0000 2850.5010    8.8737
   -7.5000   -7.5000    0.0000 2792.1626    9.2409
    0.0000   -7.5000    0.0000 2818.4172    9.1257
    7.5000   -7.5000    0.0000 2782.9673    9.2495
   -7.5000    0.0000    0.0000 2683.1497    9.8439
    0.0000    0.0000    0.0000 2709.9009    9.7217
    7.5000    0.0000    0.0000 2675.4946    9.8526
   -7.5000    7.5000    0.0000 2549.3206   10.6924
    0.0000    7.5000    0.0000 2574.4792   10.5693
    7.5000    7.5000    0.0000 2540.2988   10.7201
   -7.5000   15.0000    0.0000 2399.2966   11.8131
    0.0000   15.0000    0.0000 2427.6023   11.6777
    7.5000   15.0000    0.0000 2395.4915   11.8418
   -7.5000   22.5000    0.0000 2248.9558   13.2114
    0.0000   22.5000    0.0000 2269.4661   13.0901
    7.5000   22.5000    0.0000 2248.1262   13.2687
   -7.5000   30.0000    0.0000 2086.6663   15.0835
    0.0000   30.0000    0.0000 2100.9771   14.9676
    7.5000   30.0000    0.0000 2083.7983   15.1188
   -7.5000  -60.0000    7.5000 2425.1887   10.9090
    0.0000  -60.0000    7.5000 2437.4880   10.8099
    7.5000  -60.0000    7.5000 2406.0154   11.0420
   -7.5000  -52.5000    7.5000 2554.1655    9.8836
    0.0000  -52.5000    7.5000 2572.4858    9.7802
    7.5000  -52.5000    7.5000 2543.3125    9.9789
   -7.5000  -45.0000    7.5000 2698.9841    9.2934
    0.0000  -45.0000    7.5000 2722.6570    9.1845
    7.5000  -45.0000    7.5000 2691.3857    9.3571
   -7.5000  -37.5000    7.5000 2824.4133    8.9120
    0.0000  -37.5000    7.5000 2852.9062    8.8281
    7.5000  -37.5000    7.5000 2809.2908    8.9482
   -7.5000  -30.0000    7.5000 2918.9519    8.7096
    0.0000  -30.0000    7.5000 2960.4727    8.6635
    7.5000  -30.0000    7.5000 2891.3535    8.7109
   -7.5000  -22.5000    7.5000 2950.3562    8.5816
    0.0000  -22.5000    7.5000 2996.1777    8.5057
    7.5000  -22.5000    7.5000 2916.6199    8.6011
   -7.5000  -15.0000    7.5000 2907.7434    8.6913
    0.0000  -15.0000    7.5000 2941.7039    8.5779
    7.5000  -15.0000    7.5000 2881.5791    8.7198
   -7.5000   -7.5000    7.5000 2814.7329    9.0446
    0.0000   -7.5000    7.5000 2845.4395    8.9276
    7.5000   -7.5000    7.5000 2806.1829    9.0585
   -7.5000    0.0000    7.5000 2695.8315    9.6204
    0.0000    0.0000    7.5000 2725.0203    9.5101
    7.5000    0.0000    7.5000 2693.9788    9.6452
   -7.5000    7.5000    7.5000 2561.8403   10.4743
    0.0000    7.5000    7.5000 2586.3730   10.3713
    7.5000    7.5000    7.5000 2555.4958   10.5166
   -7.5000   15.0000    7.5000 2412.0305   11.5892
    0.0000   15.0000    7.5000 2432.4839   11.4906
    7.5000   15.0000    7.5000 2406.7344   11.6417
   -7.5000   22.5000    7.5000 2259.3105   12.9577
    0.0000   22.5000    7.5000 2276.7283   12.8767
    7.5000   22.5000    7.5000 2254.8977   13.0298
   -7.5000   30.0000    7.5000 2096.1736   14.7530
    0.0000   30.0000    7.5000 2111.4131   14.6737
    7.5000   30.0000    7.5000 2090.6108   14.7984
   -7.5000  -60.0000   15.0000 2419.9771   10.9340
    0.0000  -60.0000   15.0000 2429.4648   10.8289
    7.5000  -60.0000   15.0000 2399.7434   11.0710
   -7.5000  -52.5000   15.0000 2547.5154    9.9092
    0.0000  -52.5000   15.0000 2566.6892    9.8137
    7.5000  -52.5000   15.0000 2535.4421   10.0047
   -7.5000  -45.0000   15.0000 2697.2043    9.3124
    0.0000  -45.0000   15.0000 2721.2493    9.2313
    7.5000  -45.0000   15.0000 2687.8982    9.3894
   -7.5000  -37.5000   15.0000 2824.3381    8.9293
    0.0000  -37.5000   15.0000 2856.5474    8.8569
    7.5000  -37.5000   15.0000 2810.0610    8.9679
   -7.5000  -30.0000   15.0000 2919.3389    8.6980
    0.0000  -30.0000   15.0000 2960.0137    8.6414
    7.5000  -30.0000   15.0000 2891.6038    8.6970
   -7.5000  -22.5000   15.0000 2949.2681    8.6018
    0.0000  -22.5000   15.0000 2987.5549    8.4956
    7.5000  -22.5000   15.0000 2913.2664    8.6117
   -7.5000  -15.0000   15.0000 2903.8420    8.7015
    0.0000  -15.0000   15.0000 2941.6577    8.5924
    7.5000  -15.0000   15.0000 2881.4436    8.7275
   -7.5000   -7.5000   15.0000 2809.1648    9.0140
    0.0000   -7.5000   15.0000 2839.0818    8.9193
    7.5000   -7.5000   15.0000 2803.3713    9.0569
   -7.5000    0.0000   15.0000 2692.2048    9.5673
    0.0000    0.0000   15.0000 2716.7769    9.4667
    7.5000    0.0000   15.0000 2690.3940    9.6148
   -7.5000    7.5000   15.0000 2558.8223   10.4113
    0.0000    7.5000   15.0000 2579.2239   10.3063
    7.5000    7.5000   15.0000 2554.5674   10.4572
   -7.5000   15.0000   15.0000 2409.6628   11.5035
    0.0000   15.0000   15.0000 2427.5374   11.4057
    7.5000   15.0000   15.0000 2404.5393   11.5758
   -7.5000   22.5000   15.0000 2253.6479   12.8411
    0.0000   22.5000   15.0000 2271.9209   12.7613
    7.5000   22.5000   15.0000 2249.9587   12.9224
   -7.5000   30.0000   15.0000 2081.2708   14.6011
    0.0000   30.0000   15.0000 2098.3613   14.5260
    7.5000   30.0000   15.0000 2085.5337   14.6611
   -7.5000  -60.0000   22.5000 2399.1592   11.1491
    0.0000  -60.0000   22.5000 2412.4521   11.0555
    7.5000  -60.0000   22.5000 2386.0090   11.2785
   -7.5000  -52.5000   22.5000 2530.5503   10.1416
    0.0000  -52.5000   22.5000 2551.4006   10.0369
    7.5000  -52.5000   22.5000 2523.3042   10.2190
   -7.5000  -45.0000   22.5000 2675.8342    9.5414
    0.0000  -45.0000   22.5000 2699.6123    9.4407
    7.5000  -45.0000   22.5000 2672.5835    9.6117
   -7.5000  -37.5000   22.5000 2790.4392    9.1110
    0.0000  -37.5000   22.5000 2820.9583    9.0213
    7.5000  -37.5000   22.5000 2785.8462    9.1618
   -7.5000  -30.0000   22.5000 2872.3433    8.8070
    0.0000  -30.0000   22.5000 2912.0630    8.6661
    7.5000  -30.0000   22.5000 2859.2961    8.8525
   -7.5000  -22.5000   22.5000 2902.1426    8.6880
    0.0000  -22.5000   22.5000 2936.1482    8.5333
    7.5000  -22.5000   22.5000 2886.8677    8.7266
   -7.5000  -15.0000   22.5000 2865.3027    8.8402
    0.0000  -15.0000   22.5000 2899.6855    8.7185
    7.5000  -15.0000   22.5000 2854.1812    8.8770
   -7.5000   -7.5000   22.5000 2774.3853    9.2109
    0.0000   -7.5000   22.5000 2803.4185    9.1069
    7.5000   -7.5000   22.5000 2767.8323    9.2599
   -7.5000    0.0000   22.5000 2656.7021    9.7606
    0.0000    0.0000   22.5000 2683.1169    9.6682
    7.5000    0.0000   22.5000 2653.2585    9.8222
   -7.5000    7.5000   22.5000 2530.3782   10.5779
    0.0000    7.5000   22.5000 2551.0630   10.4762
    7.5000    7.5000   22.5000 2527.8770   10.6226
   -7.5000   15.0000   22.5000 2385.6160   11.6032
    0.0000   15.0000   22.5000 2406.3132   11.5014
    7.5000   15.0000   22.5000 2384.5847   11.6566
   -7.5000   22.5000   22.5000 2228.1521   12.8783
    0.0000   22.5000   22.5000 2249.1816   12.7990
    7.5000   22.5000   22.5000 2227.7568   12.9203
   -7.5000   30.0000   22.5000 2056.2534   14.6068
    0.0000   30.0000   22.5000 2074.6326   14.4990
    7.5000   30.0000   22.5000 2060.9363   14.6411
   -7.5000  -60.0000   30.0000 2375.4739   11.5262
    0.0000  -60.0000   30.0000 2396.7041   11.4247
    7.5000  -60.0000   30.0000 2361.6699   11.6716
   -7.5000  -52.5000   30.0000 2505.8413   10.5019
    0.0000  -52.5000   30.0000 2529.6763   10.3931
    7.5000  -52.5000   30.0000 2497.0857   10.6049
   -7.5000  -45.0000   30.0000 2641.1943    9.9124
    0.0000  -45.0000   30.0000 2668.6885    9.8145
    7.5000  -45.0000   30.0000 2640.0864   10.0062
   -7.5000  -37.5000   30.0000 2742.0122    9.4568
    0.0000  -37.5000   30.0000 2770.7129    9.3317
    7.5000  -37.5000   30.0000 2738.8137    9.5235
   -7.5000  -30.0000   30.0000 2805.9905    9.1365
    0.0000  -30.0000   30.0000 2839.7480    8.9654
    7.5000  -30.0000   30.0000 2800.4822    9.1924
   -7.5000  -22.5000   30.0000 2827.3342    9.0197
    0.0000  -22.5000   30.0000 2859.1792    8.8653
    7.5000  -22.5000   30.0000 2822.1570    9.0657
   -7.5000  -15.0000   30.0000 2794.7114    9.1635
    0.0000  -15.0000   30.0000 2828.7351    9.0298
    7.5000  -15.0000   30.0000 2788.9756    9.1893
   -7.5000   -7.5000   30.0000 2711.8782    9.5546
    0.0000   -7.5000   30.0000 2739.0227    9.4249
    7.5000   -7.5000   30.0000 2708.2495    9.5818
   -7.5000    0.0000   30.0000 2603.1001   10.1434
    0.0000    0.0000   30.0000 2628.2449   10.0037
    7.5000    0.0000   30.0000 2601.3228   10.1521
   -7.5000    7.5000   30.0000 2477.5706   10.9158
    0.0000    7.5000   30.0000 2506.0806   10.7955
    7.5000    7.5000   30.0000 2481.0757   10.9432
   -7.5000   15.0000   30.0000 2343.4409   11.9026
    0.0000   15.0000   30.0000 2367.1042   11.7878
    7.5000   15.0000   30.0000 2345.6470   11.9274
   -7.5000   22.5000   30.0000 2186.1235   13.1768
    0.0000   22.5000   30.0000 2206.4019   13.0341
    7.5000   22.5000   30.0000 2190.9246   13.1618
   -7.5000   30.0000   30.0000 2013.3110   14.8618
    0.0000   30.0000   30.0000 2034.9175   14.7201
    7.5000   30.0000   30.0000 2024.1903   14.8410
   -7.5000  -60.0000   37.5000 2345.8911   12.0981
    0.0000  -60.0000   37.5000 2371.0129   11.9586
    7.5000  -60.0000   37.5000 2333.4897   12.2174
   -7.5000  -52.5000   37.5000 2469.6516   11.0339
    0.0000  -52.5000   37.5000 2495.9141   10.9276
    7.5000  -52.5000   37.5000 2461.1709   11.1409
   -7.5000  -45.0000   37.5000 2593.9883   10.4353
    0.0000  -45.0000   37.5000 2623.1628   10.3408
    7.5000  -45.0000   37.5000 2593.8938   10.5355
   -7.5000  -37.5000   37.5000 2676.7983   10.0004
    0.0000  -37.5000   37.5000 2708.7117    9.8493
    7.5000  -37.5000   37.5000 2675.3635   10.0559
   -7.5000  -30.0000   37.5000 2724.7673    9.6590
    0.0000  -30.0000   37.5000 2755.9568    9.4992
    7.5000  -30.0000   37.5000 2724.2852    9.7109
   -7.5000  -22.5000   37.5000 2736.9426    9.5232
    0.0000  -22.5000   37.5000 2767.2908    9.3640
    7.5000  -22.5000   37.5000 2735.6018    9.5691
   -7.5000  -15.0000   37.5000 2701.1125    9.6477
    0.0000  -15.0000   37.5000 2732.9866    9.5004
    7.5000  -15.0000   37.5000 2700.8704    9.6789
   -7.5000   -7.5000   37.5000 2627.8726   10.0458
    0.0000   -7.5000   37.5000 2655.3083    9.8993
    7.5000   -7.5000   37.5000 2629.1870   10.0495
   -7.5000    0.0000   37.5000 2528.0681   10.6413
    0.0000    0.0000   37.5000 2553.9224   10.4759
    7.5000    0.0000   37.5000 2531.9075   10.6107
   -7.5000    7.5000   37.5000 2415.4653   11.3928
    0.0000    7.5000   37.5000 2441.3643   11.2622
    7.5000    7.5000   37.5000 2423.1216   11.3783
   -7.5000   15.0000   37.5000 2282.7004   12.3800
    0.0000   15.0000   37.5000 2310.0195   12.2675
    7.5000   15.0000   37.5000 2289.4448   12.3634
   -7.5000   22.5000   37.5000 2130.7336   13.6380
    0.0000   22.5000   37.5000 2152.2715   13.4923
    7.5000   22.5000   37.5000 2135.3879   13.5925
   -7.5000   30.0000   37.5000 1971.4882   15.3209
    0.0000   30.0000   37.5000 1988.9438   15.1489
    7.5000   30.0000   37.5000 1973.6111   15.3313
   -7.5000  -60.0000   45.0000 2279.9817   12.7470
    0.0000  -60.0000   45.0000 2304.2859   12.6536
    7.5000  -60.0000   45.0000 2269.4333   12.8647
   -7.5000  -52.5000   45.0000 2391.4851   11.6873
    0.0000  -52.5000   45.0000 2418.8025   11.6006
    7.5000  -52.5000   45.0000 2386.4377   11.8029
   -7.5000  -45.0000   45.0000 2504.9116   11.1009
    0.0000  -45.0000   45.0000 2532.8623   10.9885
    7.5000  -45.0000   45.0000 2504.0623   11.1775
   -7.5000  -37.5000   45.0000 2572.2256   10.6461
    0.0000  -37.5000   45.0000 2606.0417   10.4998
    7.5000  -37.5000   45.0000 2573.3367   10.6963
   -7.5000  -30.0000   45.0000 2612.3340   10.2825
    0.0000  -30.0000   45.0000 2641.3044   10.1604
    7.5000  -30.0000   45.0000 2614.1809   10.3432
   -7.5000  -22.5000   45.0000 2613.7483   10.1345
    0.0000  -22.5000   45.0000 2640.0835    9.9998
    7.5000  -22.5000   45.0000 2615.1912   10.1922
   -7.5000  -15.0000   45.0000 2580.9023   10.2433
    0.0000  -15.0000   45.0000 2606.9680   10.0891
    7.5000  -15.0000   45.0000 2583.0413   10.2576
   -7.5000   -7.5000   45.0000 2517.2727   10.6139
    0.0000   -7.5000   45.0000 2544.8228   10.4476
    7.5000   -7.5000   45.0000 2519.1562   10.5998
   -7.5000    0.0000   45.0000 2427.7734   11.1855
    0.0000    0.0000   45.0000 2449.4170   11.0158
    7.5000    0.0000   45.0000 2431.1621   11.1532
   -7.5000    7.5000   45.0000 2325.2483   11.9301
    0.0000    7.5000   45.0000 2343.9961   11.7797
    7.5000    7.5000   45.0000 2325.4966   11.9031
   -7.5000   15.0000   45.0000 2202.4922   12.9258
    0.0000   15.0000   45.0000 2223.5813   12.7903
    7.5000   15.0000   45.0000 2201.8730   12.8907
   -7.5000   22.5000   45.0000 2054.5569   14.2030
    0.0000   22.5000   45.0000 2074.5210   14.0607
    7.5000   22.5000   45.0000 2055.6550   14.1589
   -7.5000   30.0000   45.0000 1905.7177   15.9024
    0.0000   30.0000   45.0000 1913.5504   15.7508
    7.5000   30.0000   45.0000 1906.1047   15.9117

---------------------------------------------------------------------
imgreg_4dfp /opt/freesurfer/average/711-2C_as_mni_average_305 /opt/freesurfer/average/711-2B_as_mni_average_305_mask talsrcimg_g11 none talsrcimg_to_711-2C_as_mni_average_305_t4 1283
---------------------------------------------------------------------

freesurfer imgreg_4dfp.c
/opt/freesurfer/average/711-2C_as_mni_average_305.4dfp.img
       256       256       256         1
  1.000000  1.000000  1.000000
orientation T byte_order littleendian
Reading image: /opt/freesurfer/average/711-2C_as_mni_average_305.4dfp.img
dimensions:      256       256       256
mmppix:       1.0000   -1.0000   -1.0000
center:     128.0000 -129.0000 -129.0000
/opt/freesurfer/average/711-2B_as_mni_average_305_mask.4dfp.img
       256       256       256         1
  1.000000  1.000000  1.000000
orientation T byte_order littleendian
Reading mask: /opt/freesurfer/average/711-2B_as_mni_average_305_mask.4dfp.img (2306576 pixels)
talsrcimg_g11.4dfp.img
       256       256       256         1
  0.898437  0.898437  0.898437
orientation T byte_order littleendian
Reading image: talsrcimg_g11.4dfp.img
dimensions:      256       256       256
mmppix:       0.8984   -0.8984   -0.8984
center:     114.9999 -115.8984 -115.8984
rotation matrix determinant  1.000000
fimgreg.f
image alignment mode   1283 decimal      503 hex
parameters
    0.0000  -22.5000    7.5000    0.0000    0.0000    0.0000
eta,q 0.94027  8.51445
niter,ni,del,rscale     5    3   12.0000    1.2000
parameter  3 -0.580259 -> -0.500000 qaram    1.1500
parameter  4  1.951431 ->  0.500000 qaram    1.1500
parameter  6  0.903082 ->  0.500000 qaram    1.1500
parameters
   -1.4019  -24.8286   10.9500   -3.4500   -2.2855   -3.4500
eta,q 0.94775  8.57060
  0.0712  0.0622  0.0748  0.0560  0.0581  0.0528
  0.0640  0.0607  0.0706  0.0560  0.0562  0.0522
  0.0614  0.0611  0.0654  0.0577  0.0554  0.0531
  0.0633  0.0616  0.0610  0.0593  0.0563  0.0554
  0.0679  0.0624  0.0593  0.0600  0.0591  0.0585
  0.0741  0.0660  0.0595  0.0611  0.0631  0.0619
  0.0812  0.0713  0.0609  0.0639  0.0678  0.0654
niter,ni,del,rscale     7    3   12.0000    1.2000
parameters
   -1.0900  -23.3173   10.2545   -5.4310   -2.3672   -4.1007
eta,q 0.95035  8.53837
  0.0718  0.0700  0.0611  0.0550  0.0580  0.0566
  0.0622  0.0602  0.0540  0.0509  0.0538  0.0527
  0.0548  0.0543  0.0513  0.0497  0.0508  0.0502
  0.0523  0.0523  0.0525  0.0519  0.0498  0.0498
  0.0542  0.0527  0.0543  0.0548  0.0510  0.0515
  0.0598  0.0541  0.0576  0.0564  0.0539  0.0550
  0.0680  0.0570  0.0644  0.0591  0.0586  0.0593
niter,ni,del,rscale     6    3   12.0000    1.2000
parameters
   -0.8062  -22.6608    9.8102   -5.7784   -2.5324   -4.1756
eta,q 0.95099  8.53516
  0.0709  0.0661  0.0620  0.0578  0.0577  0.0571
  0.0605  0.0575  0.0532  0.0529  0.0532  0.0531
  0.0527  0.0520  0.0488  0.0496  0.0499  0.0501
  0.0496  0.0496  0.0496  0.0492  0.0490  0.0490
  0.0517  0.0509  0.0530  0.0523  0.0507  0.0504
  0.0582  0.0548  0.0572  0.0555  0.0538  0.0534
  0.0671  0.0594  0.0632  0.0577  0.0586  0.0574
niter,ni,del,rscale     5    3   12.0000    1.2000
parameters
   -0.6944  -22.5044    9.7083   -5.9314   -2.6065   -4.1696
eta,q 0.95107  8.53487
  0.0698  0.0633  0.0635  0.0583  0.0580  0.0572
  0.0596  0.0554  0.0545  0.0534  0.0534  0.0532
  0.0518  0.0505  0.0490  0.0498  0.0500  0.0501
  0.0490  0.0490  0.0491  0.0490  0.0489  0.0489
  0.0517  0.0515  0.0522  0.0517  0.0505  0.0503
  0.0588  0.0559  0.0567  0.0553  0.0536  0.0532
  0.0681  0.0606  0.0623  0.0575  0.0584  0.0571
niter,ni,del,rscale     4    3   12.0000    1.2000
parameters
   -0.6584  -22.4553    9.6622   -5.9884   -2.6364   -4.1639
eta,q 0.95110  8.53504
  0.0694  0.0628  0.0638  0.0586  0.0582  0.0571
  0.0593  0.0550  0.0548  0.0536  0.0535  0.0532
  0.0515  0.0502  0.0490  0.0499  0.0500  0.0501
  0.0489  0.0489  0.0490  0.0489  0.0489  0.0489
  0.0519  0.0517  0.0520  0.0515  0.0504  0.0503
  0.0592  0.0562  0.0566  0.0552  0.0536  0.0532
  0.0686  0.0609  0.0622  0.0575  0.0582  0.0570
registration optimization eta report
parameter search radius
    6.0000    6.0000    6.9000    6.9000    6.0000    6.9000
100000*second partial in parameter space
       55.       35.       30.       18.       25.       17.
  0.0694  0.0628  0.0638  0.0586  0.0582  0.0571
  0.0593  0.0550  0.0548  0.0536  0.0535  0.0532
  0.0515  0.0502  0.0490  0.0499  0.0500  0.0501
  0.0489  0.0489  0.0490  0.0489  0.0489  0.0489
  0.0519  0.0517  0.0520  0.0515  0.0504  0.0503
  0.0592  0.0562  0.0566  0.0552  0.0536  0.0532
  0.0686  0.0609  0.0622  0.0575  0.0582  0.0570
   -0.6584  -22.4553    9.6622   -5.9884   -2.6364   -4.1639
eta,q 0.95110  8.53504

---------------------------------------------------------------------
imgreg_4dfp /opt/freesurfer/average/711-2C_as_mni_average_305 /opt/freesurfer/average/711-2B_as_mni_average_305_mask talsrcimg_g11 none talsrcimg_to_711-2C_as_mni_average_305_t4 3335
---------------------------------------------------------------------

freesurfer imgreg_4dfp.c
/opt/freesurfer/average/711-2C_as_mni_average_305.4dfp.img
       256       256       256         1
  1.000000  1.000000  1.000000
orientation T byte_order littleendian
Reading image: /opt/freesurfer/average/711-2C_as_mni_average_305.4dfp.img
dimensions:      256       256       256
mmppix:       1.0000   -1.0000   -1.0000
center:     128.0000 -129.0000 -129.0000
/opt/freesurfer/average/711-2B_as_mni_average_305_mask.4dfp.img
       256       256       256         1
  1.000000  1.000000  1.000000
orientation T byte_order littleendian
Reading mask: /opt/freesurfer/average/711-2B_as_mni_average_305_mask.4dfp.img (2306576 pixels)
talsrcimg_g11.4dfp.img
       256       256       256         1
  0.898437  0.898437  0.898437
orientation T byte_order littleendian
Reading image: talsrcimg_g11.4dfp.img
dimensions:      256       256       256
mmppix:       0.8984   -0.8984   -0.8984
center:     114.9999 -115.8984 -115.8984
fimgreg.f
image alignment mode   3335 decimal      D07 hex
parameters
   -0.6584  -22.4553    9.6622   -0.3695   -0.7734   -0.6510
    6.7428    5.3200   -7.2534   10.0730   -4.5997  -10.4217
eta,q 0.95111  8.60105
niter,ni,del,rscale     5    3    5.0000    1.2000
parameter  4  0.861390 ->  0.500000 qaram    1.1500
parameter  5  1.866608 ->  0.500000 qaram    1.1500
parameter  6  0.730409 ->  0.500000 qaram    1.1500
parameter 10  0.607069 ->  0.500000 qaram    1.1500
parameter 12  0.698339 ->  0.500000 qaram    1.1500
parameters
   -0.9419  -22.3301    9.6466   -4.5095   -4.9134   -4.7910
    6.0652    5.2241   -4.6822    5.9330   -4.1440  -14.5617
eta,q 0.96072  8.03963
  0.0517  0.0516  0.0509  0.0464  0.0399  0.0404  0.0430  0.0446  0.0439  0.0400  0.0402  0.0394
  0.0500  0.0501  0.0498  0.0466  0.0417  0.0409  0.0417  0.0427  0.0425  0.0398  0.0400  0.0393
  0.0490  0.0492  0.0491  0.0473  0.0439  0.0413  0.0411  0.0414  0.0415  0.0400  0.0399  0.0394
  0.0489  0.0488  0.0488  0.0488  0.0467  0.0422  0.0410  0.0409  0.0409  0.0407  0.0398  0.0398
  0.0496  0.0490  0.0491  0.0514  0.0502  0.0444  0.0414  0.0412  0.0407  0.0421  0.0398  0.0404
  0.0512  0.0498  0.0498  0.0546  0.0543  0.0477  0.0424  0.0426  0.0409  0.0442  0.0399  0.0412
  0.0535  0.0511  0.0510  0.0582  0.0587  0.0518  0.0438  0.0451  0.0414  0.0470  0.0402  0.0421
niter,ni,del,rscale     7    3    5.0000    1.2000
parameter  4  0.610863 ->  0.500000 qaram    1.3225
parameter  5  1.311455 ->  0.500000 qaram    1.3225
parameter  6  0.840239 ->  0.500000 qaram    1.3225
parameters
   -0.9848  -22.4146    8.5463   -9.2705   -9.6744   -9.5520
    5.4364    4.5743   -4.7976    6.0445   -5.3029  -13.9887
eta,q 0.96727  7.34283
  0.0424  0.0413  0.0394  0.0382  0.0338  0.0331  0.0351  0.0366  0.0344  0.0370  0.0335  0.0346
  0.0407  0.0401  0.0390  0.0383  0.0347  0.0327  0.0337  0.0345  0.0335  0.0348  0.0330  0.0337
  0.0396  0.0395  0.0390  0.0386  0.0362  0.0337  0.0330  0.0331  0.0330  0.0334  0.0328  0.0330
  0.0393  0.0393  0.0393  0.0390  0.0384  0.0350  0.0328  0.0328  0.0328  0.0328  0.0328  0.0327
  0.0397  0.0396  0.0398  0.0399  0.0410  0.0363  0.0334  0.0337  0.0330  0.0330  0.0330  0.0329
  0.0408  0.0403  0.0404  0.0418  0.0443  0.0384  0.0344  0.0357  0.0336  0.0345  0.0335  0.0334
  0.0426  0.0416  0.0413  0.0446  0.0484  0.0417  0.0359  0.0382  0.0345  0.0370  0.0341  0.0342
niter,ni,del,rscale     7    3    5.0000    1.2000
parameter  5  0.637186 ->  0.500000 qaram    1.5209
parameters
   -1.1606  -22.5663    8.7498  -10.9904  -15.1496  -10.1090
    5.5251    4.6606   -4.7070    6.4845   -5.5890  -12.5401
eta,q 0.96926  6.97739
  0.0356  0.0348  0.0347  0.0346  0.0314  0.0352  0.0336  0.0357  0.0326  0.0356  0.0317  0.0330
  0.0339  0.0334  0.0337  0.0331  0.0308  0.0329  0.0321  0.0332  0.0316  0.0332  0.0312  0.0319
  0.0329  0.0328  0.0330  0.0324  0.0311  0.0314  0.0311  0.0315  0.0310  0.0315  0.0308  0.0311
  0.0327  0.0327  0.0327  0.0327  0.0324  0.0308  0.0308  0.0308  0.0308  0.0308  0.0307  0.0307
  0.0333  0.0331  0.0328  0.0335  0.0345  0.0321  0.0311  0.0313  0.0310  0.0310  0.0309  0.0308
  0.0346  0.0340  0.0333  0.0346  0.0375  0.0339  0.0320  0.0330  0.0315  0.0325  0.0313  0.0312
  0.0365  0.0352  0.0342  0.0365  0.0410  0.0359  0.0334  0.0355  0.0325  0.0348  0.0319  0.0318
niter,ni,del,rscale     7    3    5.0000    1.2000
parameters
   -1.2056  -22.0681    8.5855  -11.2158  -16.2216  -10.5062
    5.6145    4.6910   -4.5189    7.0108   -5.8992  -12.4139
eta,q 0.96940  6.91016
  0.0341  0.0339  0.0321  0.0338  0.0345  0.0351  0.0333  0.0353  0.0324  0.0352  0.0315  0.0322
  0.0322  0.0323  0.0312  0.0321  0.0325  0.0329  0.0319  0.0329  0.0314  0.0329  0.0310  0.0313
  0.0311  0.0313  0.0308  0.0309  0.0310  0.0313  0.0310  0.0313  0.0309  0.0313  0.0307  0.0307
  0.0307  0.0307  0.0307  0.0307  0.0306  0.0306  0.0306  0.0306  0.0306  0.0306  0.0306  0.0306
  0.0312  0.0307  0.0310  0.0314  0.0315  0.0317  0.0309  0.0311  0.0308  0.0309  0.0308  0.0308
  0.0324  0.0312  0.0316  0.0324  0.0336  0.0335  0.0318  0.0328  0.0313  0.0322  0.0311  0.0312
  0.0343  0.0320  0.0324  0.0339  0.0366  0.0357  0.0331  0.0353  0.0322  0.0343  0.0316  0.0320
niter,ni,del,rscale     6    3    5.0000    1.2000
parameters
   -1.2223  -21.8026    8.3380  -11.3139  -16.5619  -10.8441
    5.5720    4.7347   -4.3933    7.5000   -5.9527  -12.5398
eta,q 0.96945  6.88351
  0.0339  0.0331  0.0318  0.0338  0.0349  0.0350  0.0331  0.0352  0.0323  0.0350  0.0315  0.0320
  0.0321  0.0318  0.0310  0.0321  0.0329  0.0329  0.0317  0.0329  0.0314  0.0328  0.0310  0.0312
  0.0310  0.0309  0.0306  0.0309  0.0312  0.0313  0.0309  0.0312  0.0308  0.0313  0.0307  0.0306
  0.0306  0.0306  0.0306  0.0306  0.0306  0.0306  0.0306  0.0306  0.0306  0.0306  0.0306  0.0306
  0.0310  0.0307  0.0309  0.0313  0.0311  0.0315  0.0309  0.0311  0.0307  0.0308  0.0307  0.0308
  0.0322  0.0313  0.0315  0.0323  0.0329  0.0334  0.0318  0.0327  0.0313  0.0321  0.0310  0.0312
  0.0340  0.0322  0.0324  0.0337  0.0358  0.0356  0.0331  0.0352  0.0322  0.0341  0.0315  0.0320
niter,ni,del,rscale     5    3    5.0000    1.2000
parameters
   -1.2211  -21.6060    8.1331  -11.3749  -16.8127  -11.1240
    5.5052    4.7687   -4.3483    7.9445   -5.9221  -12.6551
eta,q 0.96948  6.86417
  0.0339  0.0329  0.0318  0.0338  0.0348  0.0350  0.0330  0.0351  0.0322  0.0348  0.0315  0.0320
  0.0320  0.0316  0.0310  0.0321  0.0329  0.0329  0.0317  0.0328  0.0313  0.0327  0.0310  0.0311
  0.0309  0.0308  0.0306  0.0309  0.0312  0.0313  0.0308  0.0312  0.0307  0.0312  0.0306  0.0306
  0.0306  0.0306  0.0306  0.0305  0.0305  0.0305  0.0305  0.0305  0.0305  0.0305  0.0305  0.0305
  0.0309  0.0307  0.0308  0.0312  0.0311  0.0314  0.0309  0.0310  0.0307  0.0308  0.0306  0.0308
  0.0321  0.0313  0.0314  0.0323  0.0328  0.0333  0.0318  0.0327  0.0313  0.0320  0.0310  0.0312
  0.0338  0.0322  0.0322  0.0337  0.0356  0.0355  0.0331  0.0351  0.0322  0.0341  0.0315  0.0320
niter,ni,del,rscale     4    3    5.0000    1.2000
parameters
   -1.2129  -21.4272    7.9460  -11.4354  -17.0627  -11.3897
    5.4386    4.8010   -4.3416    8.3649   -5.8837  -12.7244
eta,q 0.96950  6.84535
  0.0338  0.0328  0.0318  0.0338  0.0347  0.0349  0.0330  0.0350  0.0322  0.0347  0.0315  0.0320
  0.0320  0.0315  0.0310  0.0321  0.0328  0.0329  0.0316  0.0327  0.0313  0.0326  0.0309  0.0311
  0.0309  0.0308  0.0306  0.0308  0.0312  0.0313  0.0308  0.0311  0.0307  0.0312  0.0306  0.0306
  0.0305  0.0305  0.0305  0.0305  0.0305  0.0305  0.0305  0.0305  0.0305  0.0305  0.0305  0.0305
  0.0309  0.0307  0.0308  0.0312  0.0310  0.0314  0.0309  0.0310  0.0307  0.0308  0.0306  0.0307
  0.0320  0.0312  0.0314  0.0323  0.0328  0.0332  0.0317  0.0326  0.0313  0.0320  0.0309  0.0312
  0.0337  0.0321  0.0322  0.0337  0.0355  0.0355  0.0330  0.0350  0.0322  0.0341  0.0314  0.0319
niter,ni,del,rscale     3    3    5.0000    1.2000
parameters
   -1.2011  -21.2484    7.7642  -11.4982  -17.3366  -11.6711
    5.3826    4.8380   -4.3638    8.7969   -5.8344  -12.7854
eta,q 0.96951  6.82538
  0.0338  0.0327  0.0318  0.0338  0.0347  0.0349  0.0330  0.0350  0.0321  0.0347  0.0315  0.0319
  0.0320  0.0315  0.0310  0.0321  0.0328  0.0328  0.0316  0.0327  0.0312  0.0326  0.0309  0.0311
  0.0309  0.0308  0.0306  0.0308  0.0312  0.0313  0.0308  0.0311  0.0307  0.0311  0.0306  0.0306
  0.0305  0.0305  0.0305  0.0305  0.0305  0.0305  0.0305  0.0305  0.0305  0.0305  0.0305  0.0305
  0.0309  0.0307  0.0308  0.0312  0.0310  0.0313  0.0308  0.0310  0.0307  0.0308  0.0306  0.0307
  0.0320  0.0312  0.0313  0.0323  0.0328  0.0332  0.0317  0.0326  0.0313  0.0319  0.0309  0.0311
  0.0337  0.0321  0.0321  0.0337  0.0354  0.0355  0.0330  0.0349  0.0322  0.0340  0.0314  0.0319
niter,ni,del,rscale     2    3    5.0000    1.2000
parameters
   -1.1850  -21.0564    7.5639  -11.5699  -17.6459  -11.9828
    5.3186    4.8822   -4.3854    9.2790   -5.7838  -12.8269
eta,q 0.96954  6.80316
  0.0337  0.0327  0.0317  0.0338  0.0346  0.0348  0.0329  0.0349  0.0321  0.0346  0.0314  0.0319
  0.0319  0.0315  0.0309  0.0320  0.0327  0.0328  0.0316  0.0326  0.0312  0.0326  0.0309  0.0310
  0.0309  0.0308  0.0305  0.0308  0.0311  0.0313  0.0308  0.0311  0.0307  0.0311  0.0306  0.0306
  0.0305  0.0305  0.0305  0.0305  0.0305  0.0305  0.0305  0.0305  0.0305  0.0305  0.0305  0.0305
  0.0308  0.0306  0.0308  0.0312  0.0310  0.0313  0.0308  0.0309  0.0307  0.0307  0.0306  0.0307
  0.0319  0.0312  0.0313  0.0323  0.0328  0.0332  0.0317  0.0325  0.0313  0.0319  0.0309  0.0311
  0.0336  0.0320  0.0321  0.0337  0.0354  0.0354  0.0329  0.0348  0.0321  0.0339  0.0314  0.0318
niter,ni,del,rscale     1    3    5.0000    1.2000
parameters
   -1.1661  -20.8416    7.3380  -11.6429  -18.0067  -12.3461
    5.2505    4.9383   -4.4258    9.8256   -5.7387  -12.8579
eta,q 0.96957  6.77815
  0.0336  0.0327  0.0316  0.0338  0.0345  0.0347  0.0328  0.0348  0.0321  0.0346  0.0314  0.0318
  0.0319  0.0315  0.0309  0.0320  0.0327  0.0327  0.0315  0.0326  0.0312  0.0326  0.0309  0.0310
  0.0308  0.0307  0.0305  0.0308  0.0311  0.0312  0.0307  0.0310  0.0307  0.0312  0.0305  0.0305
  0.0305  0.0305  0.0305  0.0304  0.0304  0.0304  0.0305  0.0305  0.0305  0.0305  0.0304  0.0304
  0.0308  0.0306  0.0307  0.0311  0.0310  0.0312  0.0308  0.0309  0.0307  0.0306  0.0305  0.0307
  0.0319  0.0311  0.0313  0.0323  0.0328  0.0331  0.0316  0.0324  0.0312  0.0318  0.0309  0.0311
  0.0335  0.0319  0.0320  0.0337  0.0354  0.0354  0.0329  0.0347  0.0322  0.0338  0.0314  0.0318
registration optimization eta report
parameter search radius
    2.4000    2.4000    2.4000    9.5220   10.9503    9.5220
    7.2000    7.2000    7.2000    8.2800    7.2000    8.2800
100000*second partial in parameter space
       54.       32.       24.        4.        4.        5.
        5.        8.        3.        5.        2.        2.
  0.0336  0.0327  0.0316  0.0338  0.0345  0.0347  0.0328  0.0348  0.0321  0.0346  0.0314  0.0318
  0.0319  0.0315  0.0309  0.0320  0.0327  0.0327  0.0315  0.0326  0.0312  0.0326  0.0309  0.0310
  0.0308  0.0307  0.0305  0.0308  0.0311  0.0312  0.0307  0.0310  0.0307  0.0312  0.0305  0.0305
  0.0305  0.0305  0.0305  0.0304  0.0304  0.0304  0.0305  0.0305  0.0305  0.0305  0.0304  0.0304
  0.0308  0.0306  0.0307  0.0311  0.0310  0.0312  0.0308  0.0309  0.0307  0.0306  0.0305  0.0307
  0.0319  0.0311  0.0313  0.0323  0.0328  0.0331  0.0316  0.0324  0.0312  0.0318  0.0309  0.0311
  0.0335  0.0319  0.0320  0.0337  0.0354  0.0354  0.0329  0.0347  0.0322  0.0338  0.0314  0.0318
   -1.1661  -20.8416    7.3380  -11.6429  -18.0067  -12.3461
    5.2505    4.9383   -4.4258    9.8256   -5.7387  -12.8579
eta,q 0.96957  6.77815

---------------------------------------------------------------------
imgreg_4dfp /opt/freesurfer/average/711-2C_as_mni_average_305 /opt/freesurfer/average/711-2B_as_mni_average_305_mask talsrcimg_g11 none talsrcimg_to_711-2C_as_mni_average_305_t4 2311
---------------------------------------------------------------------

freesurfer imgreg_4dfp.c
/opt/freesurfer/average/711-2C_as_mni_average_305.4dfp.img
       256       256       256         1
  1.000000  1.000000  1.000000
orientation T byte_order littleendian
Reading image: /opt/freesurfer/average/711-2C_as_mni_average_305.4dfp.img
dimensions:      256       256       256
mmppix:       1.0000   -1.0000   -1.0000
center:     128.0000 -129.0000 -129.0000
/opt/freesurfer/average/711-2B_as_mni_average_305_mask.4dfp.img
       256       256       256         1
  1.000000  1.000000  1.000000
orientation T byte_order littleendian
Reading mask: /opt/freesurfer/average/711-2B_as_mni_average_305_mask.4dfp.img (2306576 pixels)
talsrcimg_g11.4dfp.img
       256       256       256         1
  0.898437  0.898437  0.898437
orientation T byte_order littleendian
Reading image: talsrcimg_g11.4dfp.img
dimensions:      256       256       256
mmppix:       0.8984   -0.8984   -0.8984
center:     114.9999 -115.8984 -115.8984
fimgreg.f
image alignment mode   2311 decimal      907 hex
parameters
   -1.1661  -20.8416    7.3380  -11.6429  -18.0067  -12.3461
    5.2505    4.9383   -4.4258    9.8256   -5.7387  -12.8579
eta,q 0.96957  6.77815
niter,ni,del,rscale     5    3    5.0000    0.8000
parameters
   -1.1484  -20.6341    7.0304  -12.0808  -17.8508  -12.4773
    5.1161    5.0319   -4.4711   10.4090   -5.7968  -13.3555
eta,q 0.96966  6.77081
  0.0318  0.0315  0.0308  0.0313  0.0315  0.0318  0.0314  0.0325  0.0312  0.0320  0.0308  0.0307
  0.0311  0.0309  0.0305  0.0308  0.0309  0.0312  0.0308  0.0313  0.0307  0.0312  0.0305  0.0305
  0.0306  0.0306  0.0304  0.0304  0.0305  0.0306  0.0305  0.0306  0.0305  0.0307  0.0304  0.0304
  0.0304  0.0304  0.0304  0.0304  0.0304  0.0304  0.0304  0.0304  0.0304  0.0304  0.0303  0.0303
  0.0306  0.0305  0.0306  0.0306  0.0305  0.0306  0.0305  0.0306  0.0305  0.0304  0.0304  0.0305
  0.0310  0.0307  0.0309  0.0311  0.0308  0.0312  0.0309  0.0312  0.0307  0.0307  0.0306  0.0307
  0.0318  0.0310  0.0312  0.0317  0.0314  0.0321  0.0316  0.0323  0.0312  0.0314  0.0308  0.0309
niter,ni,del,rscale     4    3    5.0000    0.7000
parameters
   -1.1158  -20.4190    6.9083  -12.2227  -18.0911  -12.6327
    5.0148    5.1142   -4.4983   10.9506   -5.7784  -13.5366
eta,q 0.96971  6.75596
  0.0314  0.0312  0.0307  0.0312  0.0311  0.0314  0.0311  0.0319  0.0309  0.0317  0.0307  0.0306
  0.0308  0.0307  0.0305  0.0307  0.0306  0.0309  0.0307  0.0310  0.0306  0.0310  0.0305  0.0305
  0.0305  0.0305  0.0303  0.0304  0.0304  0.0305  0.0304  0.0305  0.0304  0.0306  0.0303  0.0303
  0.0303  0.0303  0.0303  0.0303  0.0303  0.0303  0.0303  0.0303  0.0303  0.0303  0.0303  0.0303
  0.0304  0.0303  0.0304  0.0305  0.0304  0.0305  0.0304  0.0305  0.0304  0.0303  0.0303  0.0304
  0.0308  0.0305  0.0306  0.0308  0.0308  0.0310  0.0307  0.0309  0.0306  0.0306  0.0305  0.0305
  0.0313  0.0308  0.0309  0.0313  0.0312  0.0317  0.0312  0.0318  0.0310  0.0311  0.0307  0.0307
niter,ni,del,rscale     3    3    5.0000    0.6000
parameters
   -1.0830  -20.2260    6.7570  -12.2758  -18.3684  -12.8116
    4.9325    5.1820   -4.5620   11.4142   -5.7694  -13.5914
eta,q 0.96974  6.74106
  0.0311  0.0309  0.0305  0.0310  0.0308  0.0311  0.0309  0.0314  0.0307  0.0313  0.0305  0.0305
  0.0307  0.0306  0.0304  0.0306  0.0305  0.0307  0.0305  0.0308  0.0305  0.0308  0.0304  0.0304
  0.0304  0.0304  0.0303  0.0304  0.0303  0.0304  0.0303  0.0304  0.0303  0.0305  0.0303  0.0303
  0.0303  0.0303  0.0303  0.0303  0.0303  0.0303  0.0303  0.0303  0.0303  0.0303  0.0303  0.0303
  0.0304  0.0303  0.0304  0.0304  0.0304  0.0304  0.0304  0.0304  0.0303  0.0303  0.0303  0.0303
  0.0306  0.0304  0.0305  0.0306  0.0306  0.0308  0.0306  0.0307  0.0305  0.0305  0.0304  0.0304
  0.0310  0.0306  0.0307  0.0310  0.0310  0.0313  0.0309  0.0313  0.0308  0.0309  0.0305  0.0306
niter,ni,del,rscale     2    3    5.0000    0.5000
parameters
   -1.0580  -20.0558    6.6107  -12.3118  -18.6191  -12.9828
    4.8824    5.2289   -4.6384   11.7976   -5.7744  -13.6123
eta,q 0.96977  6.72761
  0.0308  0.0307  0.0304  0.0307  0.0306  0.0308  0.0306  0.0310  0.0306  0.0310  0.0304  0.0304
  0.0305  0.0305  0.0303  0.0305  0.0304  0.0305  0.0304  0.0306  0.0304  0.0306  0.0303  0.0303
  0.0303  0.0303  0.0302  0.0303  0.0303  0.0303  0.0303  0.0303  0.0303  0.0304  0.0303  0.0303
  0.0303  0.0303  0.0303  0.0302  0.0302  0.0302  0.0302  0.0302  0.0302  0.0302  0.0302  0.0302
  0.0303  0.0303  0.0303  0.0303  0.0303  0.0303  0.0303  0.0303  0.0303  0.0303  0.0303  0.0302
  0.0305  0.0303  0.0304  0.0305  0.0305  0.0306  0.0304  0.0305  0.0304  0.0304  0.0303  0.0303
  0.0308  0.0305  0.0306  0.0308  0.0307  0.0310  0.0307  0.0310  0.0306  0.0307  0.0304  0.0304
niter,ni,del,rscale     1    3    5.0000    0.4000
parameters
   -1.0365  -19.9164    6.4809  -12.3114  -18.8240  -13.1304
    4.8460    5.2753   -4.6873   12.0934   -5.7647  -13.5771
eta,q 0.96979  6.71714
  0.0306  0.0305  0.0303  0.0305  0.0305  0.0306  0.0305  0.0307  0.0304  0.0307  0.0303  0.0303
  0.0304  0.0304  0.0303  0.0304  0.0303  0.0304  0.0303  0.0304  0.0303  0.0305  0.0303  0.0303
  0.0303  0.0303  0.0302  0.0303  0.0302  0.0303  0.0302  0.0303  0.0302  0.0303  0.0302  0.0302
  0.0302  0.0302  0.0302  0.0302  0.0302  0.0302  0.0302  0.0302  0.0302  0.0302  0.0302  0.0302
  0.0303  0.0302  0.0303  0.0303  0.0303  0.0303  0.0303  0.0303  0.0302  0.0302  0.0302  0.0302
  0.0304  0.0303  0.0303  0.0304  0.0304  0.0304  0.0303  0.0304  0.0303  0.0303  0.0303  0.0303
  0.0305  0.0304  0.0304  0.0305  0.0305  0.0307  0.0305  0.0307  0.0304  0.0305  0.0303  0.0303
registration optimization eta report
parameter search radius
    0.8000    0.8000    0.8000    2.4000    2.4000    2.4000
    2.4000    2.4000    2.4000    2.4000    2.4000    2.4000
100000*second partial in parameter space
       52.       33.       23.        6.        5.        8.
        5.        8.        4.        7.        2.        2.
  0.0306  0.0305  0.0303  0.0305  0.0305  0.0306  0.0305  0.0307  0.0304  0.0307  0.0303  0.0303
  0.0304  0.0304  0.0303  0.0304  0.0303  0.0304  0.0303  0.0304  0.0303  0.0305  0.0303  0.0303
  0.0303  0.0303  0.0302  0.0303  0.0302  0.0303  0.0302  0.0303  0.0302  0.0303  0.0302  0.0302
  0.0302  0.0302  0.0302  0.0302  0.0302  0.0302  0.0302  0.0302  0.0302  0.0302  0.0302  0.0302
  0.0303  0.0302  0.0303  0.0303  0.0303  0.0303  0.0303  0.0303  0.0302  0.0302  0.0302  0.0302
  0.0304  0.0303  0.0303  0.0304  0.0304  0.0304  0.0303  0.0304  0.0303  0.0303  0.0303  0.0303
  0.0305  0.0304  0.0304  0.0305  0.0305  0.0307  0.0305  0.0307  0.0304  0.0305  0.0303  0.0303
   -1.0365  -19.9164    6.4809  -12.3114  -18.8240  -13.1304
    4.8460    5.2753   -4.6873   12.0934   -5.7647  -13.5771
eta,q 0.96979  6.71714

---------------------------------------------------------------------
imgreg_4dfp /opt/freesurfer/average/711-2C_as_mni_average_305 /opt/freesurfer/average/711-2B_as_mni_average_305_mask talsrcimg_g11 none talsrcimg_to_711-2C_as_mni_average_305_t4 2311
---------------------------------------------------------------------

freesurfer imgreg_4dfp.c
/opt/freesurfer/average/711-2C_as_mni_average_305.4dfp.img
       256       256       256         1
  1.000000  1.000000  1.000000
orientation T byte_order littleendian
Reading image: /opt/freesurfer/average/711-2C_as_mni_average_305.4dfp.img
dimensions:      256       256       256
mmppix:       1.0000   -1.0000   -1.0000
center:     128.0000 -129.0000 -129.0000
/opt/freesurfer/average/711-2B_as_mni_average_305_mask.4dfp.img
       256       256       256         1
  1.000000  1.000000  1.000000
orientation T byte_order littleendian
Reading mask: /opt/freesurfer/average/711-2B_as_mni_average_305_mask.4dfp.img (2306576 pixels)
talsrcimg_g11.4dfp.img
       256       256       256         1
  0.898437  0.898437  0.898437
orientation T byte_order littleendian
Reading image: talsrcimg_g11.4dfp.img
dimensions:      256       256       256
mmppix:       0.8984   -0.8984   -0.8984
center:     114.9999 -115.8984 -115.8984
fimgreg.f
image alignment mode   2311 decimal      907 hex
parameters
   -1.0365  -19.9164    6.4809  -12.3114  -18.8240  -13.1304
    4.8460    5.2753   -4.6873   12.0934   -5.7647  -13.5771
eta,q 0.96979  6.71714
niter,ni,del,rscale     5    3    5.0000    0.8000
parameters
   -1.0083  -19.7778    6.3874  -12.3374  -18.9628  -13.4907
    4.8263    5.3062   -4.7248   12.3342   -5.7836  -13.6656
eta,q 0.96979  6.70357
  0.0316  0.0312  0.0307  0.0314  0.0312  0.0314  0.0313  0.0321  0.0310  0.0318  0.0307  0.0306
  0.0308  0.0307  0.0304  0.0308  0.0307  0.0308  0.0307  0.0311  0.0306  0.0310  0.0304  0.0304
  0.0304  0.0303  0.0302  0.0304  0.0303  0.0304  0.0303  0.0304  0.0303  0.0304  0.0303  0.0303
  0.0302  0.0302  0.0302  0.0302  0.0302  0.0302  0.0302  0.0302  0.0302  0.0302  0.0302  0.0302
  0.0303  0.0303  0.0303  0.0304  0.0304  0.0304  0.0303  0.0304  0.0303  0.0303  0.0303  0.0303
  0.0308  0.0305  0.0305  0.0308  0.0307  0.0311  0.0307  0.0310  0.0306  0.0308  0.0304  0.0304
  0.0315  0.0309  0.0309  0.0314  0.0314  0.0319  0.0313  0.0321  0.0311  0.0315  0.0307  0.0307
niter,ni,del,rscale     4    3    5.0000    0.7000
parameters
   -0.9946  -19.6859    6.2193  -12.3144  -19.0451  -13.6809
    4.7771    5.3468   -4.7549   12.5689   -5.8114  -13.7189
eta,q 0.96980  6.69778
  0.0312  0.0309  0.0305  0.0311  0.0310  0.0312  0.0310  0.0317  0.0308  0.0315  0.0306  0.0305
  0.0307  0.0305  0.0303  0.0306  0.0306  0.0307  0.0306  0.0309  0.0305  0.0308  0.0304  0.0304
  0.0303  0.0303  0.0302  0.0303  0.0303  0.0304  0.0303  0.0304  0.0303  0.0304  0.0302  0.0302
  0.0302  0.0302  0.0302  0.0302  0.0302  0.0302  0.0302  0.0302  0.0302  0.0302  0.0302  0.0302
  0.0303  0.0303  0.0303  0.0303  0.0303  0.0303  0.0303  0.0303  0.0303  0.0303  0.0302  0.0302
  0.0306  0.0304  0.0305  0.0306  0.0306  0.0308  0.0306  0.0308  0.0305  0.0306  0.0304  0.0304
  0.0312  0.0308  0.0307  0.0311  0.0311  0.0315  0.0310  0.0316  0.0309  0.0312  0.0306  0.0306
niter,ni,del,rscale     3    3    5.0000    0.6000
parameters
   -0.9803  -19.5965    6.1067  -12.3114  -19.1415  -13.7969
    4.7447    5.3839   -4.7847   12.7657   -5.8091  -13.7147
eta,q 0.96981  6.69238
  0.0309  0.0307  0.0305  0.0309  0.0308  0.0310  0.0308  0.0313  0.0307  0.0311  0.0305  0.0304
  0.0305  0.0304  0.0303  0.0305  0.0305  0.0306  0.0304  0.0307  0.0304  0.0306  0.0303  0.0303
  0.0303  0.0303  0.0302  0.0303  0.0302  0.0303  0.0303  0.0303  0.0302  0.0303  0.0302  0.0302
  0.0302  0.0302  0.0302  0.0302  0.0302  0.0302  0.0302  0.0302  0.0302  0.0302  0.0302  0.0302
  0.0303  0.0302  0.0303  0.0303  0.0303  0.0303  0.0303  0.0303  0.0302  0.0303  0.0302  0.0302
  0.0305  0.0304  0.0304  0.0305  0.0305  0.0306  0.0305  0.0306  0.0304  0.0305  0.0303  0.0303
  0.0309  0.0306  0.0306  0.0309  0.0309  0.0311  0.0308  0.0312  0.0307  0.0310  0.0305  0.0305
niter,ni,del,rscale     2    3    5.0000    0.5000
parameters
   -0.9692  -19.5259    6.0278  -12.3053  -19.2410  -13.8548
    4.7203    5.4021   -4.8063   12.9103   -5.8241  -13.6790
eta,q 0.96982  6.68800
  0.0307  0.0306  0.0304  0.0307  0.0306  0.0308  0.0306  0.0309  0.0305  0.0308  0.0304  0.0304
  0.0304  0.0304  0.0303  0.0304  0.0304  0.0305  0.0304  0.0305  0.0303  0.0305  0.0303  0.0303
  0.0302  0.0302  0.0302  0.0303  0.0302  0.0303  0.0302  0.0303  0.0302  0.0303  0.0302  0.0302
  0.0302  0.0302  0.0302  0.0302  0.0302  0.0302  0.0302  0.0302  0.0302  0.0302  0.0302  0.0302
  0.0302  0.0302  0.0302  0.0302  0.0303  0.0303  0.0302  0.0303  0.0302  0.0302  0.0302  0.0302
  0.0304  0.0303  0.0303  0.0304  0.0304  0.0305  0.0304  0.0305  0.0303  0.0304  0.0303  0.0303
  0.0307  0.0305  0.0304  0.0307  0.0307  0.0308  0.0306  0.0309  0.0305  0.0307  0.0304  0.0304
niter,ni,del,rscale     1    3    5.0000    0.4000
parameters
   -0.9609  -19.4780    5.9920  -12.2864  -19.3252  -13.8692
    4.7169    5.4172   -4.8368   13.0010   -5.8281  -13.5907
eta,q 0.96982  6.68527
  0.0305  0.0304  0.0303  0.0305  0.0305  0.0306  0.0304  0.0307  0.0304  0.0306  0.0303  0.0303
  0.0303  0.0303  0.0302  0.0303  0.0303  0.0304  0.0303  0.0304  0.0303  0.0304  0.0302  0.0302
  0.0302  0.0302  0.0302  0.0302  0.0302  0.0302  0.0302  0.0302  0.0302  0.0302  0.0302  0.0302
  0.0302  0.0302  0.0302  0.0302  0.0302  0.0302  0.0302  0.0302  0.0302  0.0302  0.0302  0.0302
  0.0302  0.0302  0.0302  0.0302  0.0302  0.0302  0.0302  0.0302  0.0302  0.0302  0.0302  0.0302
  0.0303  0.0303  0.0303  0.0303  0.0303  0.0304  0.0303  0.0304  0.0303  0.0303  0.0302  0.0302
  0.0305  0.0304  0.0303  0.0305  0.0305  0.0306  0.0304  0.0306  0.0304  0.0305  0.0303  0.0303
registration optimization eta report
parameter search radius
    0.8000    0.8000    0.8000    2.4000    2.4000    2.4000
    2.4000    2.4000    2.4000    2.4000    2.4000    2.4000
100000*second partial in parameter space
       50.       33.       22.        6.        5.        7.
        5.        8.        4.        7.        2.        2.
  0.0305  0.0304  0.0303  0.0305  0.0305  0.0306  0.0304  0.0307  0.0304  0.0306  0.0303  0.0303
  0.0303  0.0303  0.0302  0.0303  0.0303  0.0304  0.0303  0.0304  0.0303  0.0304  0.0302  0.0302
  0.0302  0.0302  0.0302  0.0302  0.0302  0.0302  0.0302  0.0302  0.0302  0.0302  0.0302  0.0302
  0.0302  0.0302  0.0302  0.0302  0.0302  0.0302  0.0302  0.0302  0.0302  0.0302  0.0302  0.0302
  0.0302  0.0302  0.0302  0.0302  0.0302  0.0302  0.0302  0.0302  0.0302  0.0302  0.0302  0.0302
  0.0303  0.0303  0.0303  0.0303  0.0303  0.0304  0.0303  0.0304  0.0303  0.0303  0.0302  0.0302
  0.0305  0.0304  0.0303  0.0305  0.0305  0.0306  0.0304  0.0306  0.0304  0.0305  0.0303  0.0303
   -0.9609  -19.4780    5.9920  -12.2864  -19.3252  -13.8692
    4.7169    5.4172   -4.8368   13.0010   -5.8281  -13.5907
eta,q 0.96982  6.68527

---------------------------------------------------------------------
compute_vox2vox talsrcimg talsrcimg_to_711-2C_as_mni_average_305_t4 /opt/freesurfer/average/711-2C_as_mni_average_305
---------------------------------------------------------------------

freesurfer compute_vox2vox.c
Reading: talsrcimg.4dfp.ifh
Reading: talsrcimg_to_711-2C_as_mni_average_305_t4
Reading: /opt/freesurfer/average/711-2C_as_mni_average_305.4dfp.ifh
Writing: talsrcimg_to_711-2C_as_mni_average_305_t4_vox2vox.txt

start time Thu Mar 12 21:54:25 CET 2026
end		time Thu Mar 12 21:55:53 CET 2026

mpr2mni305 success

avi2talxfm orig_nu.mgz /opt/freesurfer/average/mni305.cor.mgz talsrcimg_to_711-2C_as_mni_average_305_t4_vox2vox.txt transforms/talairach.auto.xfm
avi2talxfm done
mv -f /out/sourcedata/freesurfer/sub-v2s2x29069_ses-1/mri/talsrcimg_to_711-2C_as_mni_average_305_t4_vox2vox.txt /out/sourcedata/freesurfer/sub-v2s2x29069_ses-1/mri/transforms/talsrcimg_to_711-2C_as_mni_average_305_t4_vox2vox.txt
lta_convert --src orig_nu.mgz --trg /opt/freesurfer/average/mni305.cor.mgz --inxfm transforms/talairach.auto.xfm --outlta transforms/talairach.auto.xfm.lta --subject fsaverage
7.3.2

--src: orig_nu.mgz src image (geometry).
--trg: /opt/freesurfer/average/mni305.cor.mgz trg image (geometry).
--inmni: transforms/talairach.auto.xfm input MNI/XFM transform.
--outlta: transforms/talairach.auto.xfm.lta output LTA.
--s: fsaverage subject name
 LTA read, type : 1
 1.13190  -0.05968  -0.07623   3.74249;
 0.08513   1.12774   0.18500  -0.55418;
 0.05414  -0.18532   1.20516  -18.17705;
 0.00000   0.00000   0.00000   1.00000;
setting subject to fsaverage
Writing  LTA to file transforms/talairach.auto.xfm.lta...
lta_convert successful.
 
 
Started at Thu Mar 12 21:54:24 CET 2026
Ended   at Thu Mar 12 21:55:53 CET 2026
talairach_avi done
