/out/sourcedata/freesurfer/sub-v2s2x29093_ses-1/mri
/opt/freesurfer/bin/talairach_avi
--i orig_nu.mgz --xfm transforms/talairach.auto.xfm
talairach_avi 7.3.2
Linux dna056 5.14.0-427.37.1.el9_4.x86_64 #1 SMP PREEMPT_DYNAMIC Fri Sep 13 12:41:50 EDT 2024 x86_64 x86_64 x86_64 GNU/Linux
Thu Mar 12 23:04:29 CET 2026
mri_convert orig_nu.mgz talsrcimg.img 
reading from orig_nu.mgz...
TR=0.00, TE=0.00, TI=0.00, flip angle=0.00
i_ras = (-1, 0, 0)
j_ras = (0, 0, -1)
k_ras = (0, 1, 0)
writing to talsrcimg.img...
Analyze Output Matrix
-0.89844   0.00000   0.00000   119.92803;
 0.00000   0.00000   0.89844  -128.16508;
 0.00000  -0.89844   0.00000   142.66409;
 0.00000   0.00000   0.00000   1.00000;
--------------------
INFO: set hdr.hist.orient to -1
mpr2mni305 talsrcimg
Thu Mar 12 23:04:30 CET 2026
/opt/freesurfer/bin/mpr2mni305 talsrcimg
mpr2mni305 7.3.2
target=711-2C_as_mni_average_305

---------------------------------------------------------------------
analyzeto4dfp talsrcimg -O0 -y
---------------------------------------------------------------------

freesurfer ifh2hdr.c
Thu Mar 12 23:04:30 2026
Writing: talsrcimg.4dfp.hdr
freesurfer analyzeto4dfp.c
Reading: talsrcimg.hdr
header size 348 bytes
hdr.dime.datatype	offset=70	value=2
hdr.dime.bitpix		offset=72	value=8
hdr.hist.orient		offset=252	value=-1
dimensionality     4
dimensions       256       256       256         1
Reading: talsrcimg.img
Writing: talsrcimg.4dfp.img
Writing: talsrcimg.4dfp.ifh
ifh2hdr talsrcimg -r0to255
ori=2

---------------------------------------------------------------------
gauss_4dfp talsrcimg 1.1
---------------------------------------------------------------------

freesurfer gauss_4dfp.c
Reading: talsrcimg.4dfp.img
Writing: talsrcimg_g11.4dfp.img
image dimensions 256 256 256 padded to 288 288 288
processing volume 1freesurfer ifh2hdr.c
Thu Mar 12 23:04:32 2026
Writing: talsrcimg_g11.4dfp.hdr

Writing: talsrcimg_g11.4dfp.ifh
including: talsrcimg.4dfp.img.rec in talsrcimg_g11.4dfp.img.rec

---------------------------------------------------------------------
imgreg_4dfp /opt/freesurfer/average/711-2C_as_mni_average_305 none talsrcimg_g11 none talsrcimg_to_711-2C_as_mni_average_305_t4 4355
---------------------------------------------------------------------

freesurfer imgreg_4dfp.c
/opt/freesurfer/average/711-2C_as_mni_average_305.4dfp.img
       256       256       256         1
  1.000000  1.000000  1.000000
orientation T byte_order littleendian
Reading image: /opt/freesurfer/average/711-2C_as_mni_average_305.4dfp.img
dimensions:      256       256       256
mmppix:       1.0000   -1.0000   -1.0000
center:     128.0000 -129.0000 -129.0000
talsrcimg_g11.4dfp.img
       256       256       256         1
  0.898437  0.898437  0.898437
orientation T byte_order littleendian
Reading image: talsrcimg_g11.4dfp.img
dimensions:      256       256       256
mmppix:       0.8984   -0.8984   -0.8984
center:     114.9999 -115.8984 -115.8984
t4_read: open error in t4_sub.f l:  41 t4_file(1:l)talsrcimg_to_711-2C_as_mni_average_305_t4 
t4_read: transform initialized to I4
rotation matrix determinant  1.000000
image alignment mode   4355 decimal     1103 hex
   -7.5000  -45.0000  -45.0000 6628.5229    9.3446
    0.0000  -45.0000  -45.0000 6688.1968    9.3567
    7.5000  -45.0000  -45.0000 6311.5669    9.3526
   -7.5000  -37.5000  -45.0000 7030.6509    9.9463
    0.0000  -37.5000  -45.0000 7084.4014    9.9565
    7.5000  -37.5000  -45.0000 6694.6738    9.9546
   -7.5000  -30.0000  -45.0000 7440.7056   10.2552
    0.0000  -30.0000  -45.0000 7524.4873   10.2653
    7.5000  -30.0000  -45.0000 7099.2388   10.2663
   -7.5000  -22.5000  -45.0000 7935.5210   10.2353
    0.0000  -22.5000  -45.0000 8033.6904   10.2480
    7.5000  -22.5000  -45.0000 7591.4644   10.2497
   -7.5000  -15.0000  -45.0000 8380.1260   10.2189
    0.0000  -15.0000  -45.0000 8489.0381   10.2342
    7.5000  -15.0000  -45.0000 8000.6694   10.2337
   -7.5000   -7.5000  -45.0000 8479.4014   10.2205
    0.0000   -7.5000  -45.0000 8583.5361   10.2362
    7.5000   -7.5000  -45.0000 8088.4238   10.2325
   -7.5000    0.0000  -45.0000 8571.8662   10.2408
    0.0000    0.0000  -45.0000 8676.3428   10.2541
    7.5000    0.0000  -45.0000 8179.9111   10.2496
   -7.5000    7.5000  -45.0000 8136.9297   10.2599
    0.0000    7.5000  -45.0000 8245.7363   10.2704
    7.5000    7.5000  -45.0000 7758.5542   10.2685
   -7.5000   15.0000  -45.0000 7869.7368   10.2552
    0.0000   15.0000  -45.0000 7984.1626   10.2653
    7.5000   15.0000  -45.0000 7506.6440   10.2663
   -7.5000   22.5000  -45.0000 7241.7939   10.0977
    0.0000   22.5000  -45.0000 7344.8594   10.1101
    7.5000   22.5000  -45.0000 6899.3237   10.1118
   -7.5000   30.0000  -45.0000 6591.1299    9.8127
    0.0000   30.0000  -45.0000 6683.5845    9.8274
    7.5000   30.0000  -45.0000 6283.7856    9.8268
   -7.5000   37.5000  -45.0000 5986.1987    9.6634
    0.0000   37.5000  -45.0000 6061.6934    9.6779
    7.5000   37.5000  -45.0000 5720.0918    9.6726
   -7.5000   45.0000  -45.0000 5472.9067    9.6379
    0.0000   45.0000  -45.0000 5518.3237    9.6491
    7.5000   45.0000  -45.0000 5211.3105    9.6415
   -7.5000  -45.0000  -37.5000 7211.4531    9.7727
    0.0000  -45.0000  -37.5000 7277.1118    9.7851
    7.5000  -45.0000  -37.5000 6870.8359    9.7790
   -7.5000  -37.5000  -37.5000 7621.9873   10.4024
    0.0000  -37.5000  -37.5000 7689.2417   10.4129
    7.5000  -37.5000  -37.5000 7268.7578   10.4085
   -7.5000  -30.0000  -37.5000 8071.3242   10.7039
    0.0000  -30.0000  -37.5000 8155.6704   10.7145
    7.5000  -30.0000  -37.5000 7709.5537   10.7150
   -7.5000  -22.5000  -37.5000 8600.0625   10.6840
    0.0000  -22.5000  -37.5000 8694.4697   10.6969
    7.5000  -22.5000  -37.5000 8225.5293   10.7006
   -7.5000  -15.0000  -37.5000 9085.2900   10.6709
    0.0000  -15.0000  -37.5000 9189.7148   10.6863
    7.5000  -15.0000  -37.5000 8673.9795   10.6883
   -7.5000   -7.5000  -37.5000 9179.0801   10.6759
    0.0000   -7.5000  -37.5000 9273.5303   10.6918
    7.5000   -7.5000  -37.5000 8740.7969   10.6886
   -7.5000    0.0000  -37.5000 9247.2295   10.6964
    0.0000    0.0000  -37.5000 9364.8857   10.7100
    7.5000    0.0000  -37.5000 8816.2627   10.7033
   -7.5000    7.5000  -37.5000 8743.7910   10.7114
    0.0000    7.5000  -37.5000 8867.4023   10.7223
    7.5000    7.5000  -37.5000 8358.1475   10.7177
   -7.5000   15.0000  -37.5000 8439.5967   10.7034
    0.0000   15.0000  -37.5000 8559.6592   10.7140
    7.5000   15.0000  -37.5000 8076.1807   10.7145
   -7.5000   22.5000  -37.5000 7749.3521   10.5412
    0.0000   22.5000  -37.5000 7840.1372   10.5538
    7.5000   22.5000  -37.5000 7405.4355   10.5576
   -7.5000   30.0000  -37.5000 7047.0898   10.2540
    0.0000   30.0000  -37.5000 7131.1816   10.2688
    7.5000   30.0000  -37.5000 6741.2681   10.2707
   -7.5000   37.5000  -37.5000 6399.9565   10.1007
    0.0000   37.5000  -37.5000 6472.6777   10.1150
    7.5000   37.5000  -37.5000 6125.4863   10.1097
   -7.5000   45.0000  -37.5000 5819.8496   10.0615
    0.0000   45.0000  -37.5000 5877.8989   10.0723
    7.5000   45.0000  -37.5000 5556.3271   10.0618
   -7.5000  -45.0000  -30.0000 7786.0723   10.1823
    0.0000  -45.0000  -30.0000 7851.8135   10.1985
    7.5000  -45.0000  -30.0000 7442.6123   10.1920
   -7.5000  -37.5000  -30.0000 8213.3418   10.8357
    0.0000  -37.5000  -30.0000 8269.5840   10.8499
    7.5000  -37.5000  -30.0000 7843.7031   10.8441
   -7.5000  -30.0000  -30.0000 8702.8867   11.1324
    0.0000  -30.0000  -30.0000 8769.2744   11.1477
    7.5000  -30.0000  -30.0000 8302.2178   11.1473
   -7.5000  -22.5000  -30.0000 9281.6777   11.1169
    0.0000  -22.5000  -30.0000 9370.7920   11.1360
    7.5000  -22.5000  -30.0000 8865.7949   11.1403
   -7.5000  -15.0000  -30.0000 9811.9717   11.1103
    0.0000  -15.0000  -30.0000 9916.4990   11.1323
    7.5000  -15.0000  -30.0000 9363.2734   11.1356
   -7.5000   -7.5000  -30.0000 9891.9697   11.1169
    0.0000   -7.5000  -30.0000 9982.0830   11.1385
    7.5000   -7.5000  -30.0000 9431.4111   11.1363
   -7.5000    0.0000  -30.0000 9948.1631   11.1331
    0.0000    0.0000  -30.000010042.8047   11.1508
    7.5000    0.0000  -30.0000 9482.8330   11.1438
   -7.5000    7.5000  -30.0000 9361.5566   11.1408
    0.0000    7.5000  -30.0000 9462.5293   11.1554
    7.5000    7.5000  -30.0000 8940.4551   11.1494
   -7.5000   15.0000  -30.0000 9003.3604   11.1309
    0.0000   15.0000  -30.0000 9106.8145   11.1462
    7.5000   15.0000  -30.0000 8630.8418   11.1458
   -7.5000   22.5000  -30.0000 8274.3203   10.9688
    0.0000   22.5000  -30.0000 8364.1191   10.9876
    7.5000   22.5000  -30.0000 7912.0073   10.9918
   -7.5000   30.0000  -30.0000 7525.0562   10.6840
    0.0000   30.0000  -30.0000 7613.8159   10.7051
    7.5000   30.0000  -30.0000 7192.4468   10.7083
   -7.5000   37.5000  -30.0000 6807.9639   10.5344
    0.0000   37.5000  -30.0000 6887.4893   10.5541
    7.5000   37.5000  -30.0000 6505.5728   10.5493
   -7.5000   45.0000  -30.0000 6176.7324   10.4886
    0.0000   45.0000  -30.0000 6229.0723   10.5024
    7.5000   45.0000  -30.0000 5903.1392   10.4916
   -7.5000  -45.0000  -22.5000 8375.8916   10.5487
    0.0000  -45.0000  -22.5000 8445.9043   10.5691
    7.5000  -45.0000  -22.5000 8000.7642   10.5636
   -7.5000  -37.5000  -22.5000 8834.3652   11.2306
    0.0000  -37.5000  -22.5000 8888.6963   11.2494
    7.5000  -37.5000  -22.5000 8419.0986   11.2441
   -7.5000  -30.0000  -22.5000 9347.9990   11.5275
    0.0000  -30.0000  -22.5000 9425.2305   11.5493
    7.5000  -30.0000  -22.5000 8913.0957   11.5481
   -7.5000  -22.5000  -22.5000 9957.1719   11.5161
    0.0000  -22.5000  -22.500010060.0068   11.5436
    7.5000  -22.5000  -22.5000 9504.7373   11.5461
   -7.5000  -15.0000  -22.500010525.2676   11.5116
    0.0000  -15.0000  -22.500010637.9199   11.5418
    7.5000  -15.0000  -22.500010034.1055   11.5437
   -7.5000   -7.5000  -22.500010610.6250   11.5156
    0.0000   -7.5000  -22.500010716.2666   11.5433
    7.5000   -7.5000  -22.500010116.6953   11.5412
   -7.5000    0.0000  -22.500010663.1982   11.5272
    0.0000    0.0000  -22.500010759.1475   11.5495
    7.5000    0.0000  -22.500010148.2314   11.5435
   -7.5000    7.5000  -22.500010008.7188   11.5324
    0.0000    7.5000  -22.500010100.0332   11.5517
    7.5000    7.5000  -22.5000 9549.8350   11.5463
   -7.5000   15.0000  -22.5000 9615.3506   11.5247
    0.0000   15.0000  -22.5000 9706.3105   11.5465
    7.5000   15.0000  -22.5000 9205.7100   11.5453
   -7.5000   22.5000  -22.5000 8793.6660   11.3638
    0.0000   22.5000  -22.5000 8888.3330   11.3909
    7.5000   22.5000  -22.5000 8412.9043   11.3933
   -7.5000   30.0000  -22.5000 7994.6895   11.0780
    0.0000   30.0000  -22.5000 8087.9844   11.1071
    7.5000   30.0000  -22.5000 7654.3989   11.1089
   -7.5000   37.5000  -22.5000 7226.6172   10.9293
    0.0000   37.5000  -22.5000 7300.8428   10.9550
    7.5000   37.5000  -22.5000 6903.4468   10.9506
   -7.5000   45.0000  -22.5000 6534.3755   10.8858
    0.0000   45.0000  -22.5000 6587.2856   10.9034
    7.5000   45.0000  -22.5000 6252.1509   10.8944
   -7.5000  -45.0000  -15.0000 8966.7275   10.9257
    0.0000  -45.0000  -15.0000 9029.3301   10.9458
    7.5000  -45.0000  -15.0000 8554.4053   10.9424
   -7.5000  -37.5000  -15.0000 9458.2617   11.6367
    0.0000  -37.5000  -15.0000 9533.6992   11.6555
    7.5000  -37.5000  -15.0000 9015.4756   11.6529
   -7.5000  -30.0000  -15.0000 9998.4580   11.9369
    0.0000  -30.0000  -15.000010091.6572   11.9595
    7.5000  -30.0000  -15.0000 9526.4375   11.9591
   -7.5000  -22.5000  -15.000010660.1768   11.9232
    0.0000  -22.5000  -15.000010758.8906   11.9524
    7.5000  -22.5000  -15.000010145.3184   11.9532
   -7.5000  -15.0000  -15.000011272.6562   11.9130
    0.0000  -15.0000  -15.000011386.0801   11.9448
    7.5000  -15.0000  -15.000010722.3877   11.9447
   -7.5000   -7.5000  -15.000011362.4590   11.9138
    0.0000   -7.5000  -15.000011463.7090   11.9419
    7.5000   -7.5000  -15.000010778.4092   11.9397
   -7.5000    0.0000  -15.000011387.3740   11.9276
    0.0000    0.0000  -15.000011489.6826   11.9495
    7.5000    0.0000  -15.000010801.3496   11.9458
   -7.5000    7.5000  -15.000010661.8203   11.9378
    0.0000    7.5000  -15.000010752.1172   11.9572
    7.5000    7.5000  -15.000010148.8545   11.9544
   -7.5000   15.0000  -15.000010253.4248   11.9332
    0.0000   15.0000  -15.000010322.2422   11.9558
    7.5000   15.0000  -15.0000 9787.1562   11.9554
   -7.5000   22.5000  -15.0000 9349.6416   11.7672
    0.0000   22.5000  -15.0000 9414.4619   11.7960
    7.5000   22.5000  -15.0000 8918.2363   11.7969
   -7.5000   30.0000  -15.0000 8463.5791   11.4730
    0.0000   30.0000  -15.0000 8537.7783   11.5035
    7.5000   30.0000  -15.0000 8088.9067   11.5035
   -7.5000   37.5000  -15.0000 7645.4062   11.3238
    0.0000   37.5000  -15.0000 7717.6470   11.3503
    7.5000   37.5000  -15.0000 7303.7285   11.3463
   -7.5000   45.0000  -15.0000 6921.9150   11.2893
    0.0000   45.0000  -15.0000 6980.8857   11.3072
    7.5000   45.0000  -15.0000 6611.3677   11.3013
   -7.5000  -45.0000   -7.5000 9255.8379   10.9389
    0.0000  -45.0000   -7.5000 9323.2998   10.9559
    7.5000  -45.0000   -7.5000 8807.4570   10.9537
   -7.5000  -37.5000   -7.5000 9775.9795   11.6579
    0.0000  -37.5000   -7.5000 9860.9990   11.6736
    7.5000  -37.5000   -7.5000 9315.1836   11.6730
   -7.5000  -30.0000   -7.500010348.2451   11.9595
    0.0000  -30.0000   -7.500010455.9873   11.9779
    7.5000  -30.0000   -7.5000 9854.6094   11.9790
   -7.5000  -22.5000   -7.500011048.6973   11.9394
    0.0000  -22.5000   -7.500011169.8789   11.9630
    7.5000  -22.5000   -7.500010498.0469   11.9642
   -7.5000  -15.0000   -7.500011677.4561   11.9216
    0.0000  -15.0000   -7.500011804.7529   11.9476
    7.5000  -15.0000   -7.500011061.7607   11.9472
   -7.5000   -7.5000   -7.500011771.8467   11.9216
    0.0000   -7.5000   -7.500011869.8525   11.9451
    7.5000   -7.5000   -7.500011114.9795   11.9429
   -7.5000    0.0000   -7.500011777.4541   11.9420
    0.0000    0.0000   -7.500011859.6182   11.9605
    7.5000    0.0000   -7.500011140.6719   11.9581
   -7.5000    7.5000   -7.500011012.5605   11.9596
    0.0000    7.5000   -7.500011076.0107   11.9757
    7.5000    7.5000   -7.500010441.1504   11.9751
   -7.5000   15.0000   -7.500010592.0537   11.9558
    0.0000   15.0000   -7.500010661.7080   11.9742
    7.5000   15.0000   -7.500010053.4258   11.9753
   -7.5000   22.5000   -7.5000 9659.7832   11.7832
    0.0000   22.5000   -7.5000 9726.3730   11.8065
    7.5000   22.5000   -7.5000 9175.5059   11.8077
   -7.5000   30.0000   -7.5000 8724.5410   11.4812
    0.0000   30.0000   -7.5000 8791.4668   11.5062
    7.5000   30.0000   -7.5000 8309.4102   11.5059
   -7.5000   37.5000   -7.5000 7848.5957   11.3292
    0.0000   37.5000   -7.5000 7931.3589   11.3514
    7.5000   37.5000   -7.5000 7491.0957   11.3476
   -7.5000   45.0000   -7.5000 7083.2075   11.2993
    0.0000   45.0000   -7.5000 7152.2256   11.3150
    7.5000   45.0000   -7.5000 6759.3242   11.3101
   -7.5000  -45.0000    0.0000 9285.3018   11.2234
    0.0000  -45.0000    0.0000 9371.8125   11.2377
    7.5000  -45.0000    0.0000 8829.3145   11.2337
   -7.5000  -37.5000    0.0000 9860.3691   11.9576
    0.0000  -37.5000    0.0000 9960.5264   11.9703
    7.5000  -37.5000    0.0000 9366.9277   11.9688
   -7.5000  -30.0000    0.000010571.7412   12.2565
    0.0000  -30.0000    0.000010704.5020   12.2699
    7.5000  -30.0000    0.000010029.0820   12.2721
   -7.5000  -22.5000    0.000011371.0713   12.2315
    0.0000  -22.5000    0.000011548.6787   12.2480
    7.5000  -22.5000    0.000010740.3154   12.2515
   -7.5000  -15.0000    0.000011987.7217   12.2117
    0.0000  -15.0000    0.000012136.1611   12.2307
    7.5000  -15.0000    0.000011278.0537   12.2316
   -7.5000   -7.5000    0.000012003.9648   12.2148
    0.0000   -7.5000    0.000012095.5322   12.2334
    7.5000   -7.5000    0.000011293.0293   12.2304
   -7.5000    0.0000    0.000011945.9932   12.2404
    0.0000    0.0000    0.000012020.3496   12.2560
    7.5000    0.0000    0.000011254.4707   12.2517
   -7.5000    7.5000    0.000011149.4141   12.2589
    0.0000    7.5000    0.000011232.2061   12.2720
    7.5000    7.5000    0.000010520.9580   12.2704
   -7.5000   15.0000    0.000010720.4346   12.2522
    0.0000   15.0000    0.000010812.9316   12.2656
    7.5000   15.0000    0.000010130.1816   12.2678
   -7.5000   22.5000    0.0000 9760.7637   12.0732
    0.0000   22.5000    0.0000 9851.5674   12.0895
    7.5000   22.5000    0.0000 9255.1904   12.0930
   -7.5000   30.0000    0.0000 8820.2930   11.7677
    0.0000   30.0000    0.0000 8904.4297   11.7860
    7.5000   30.0000    0.0000 8374.2129   11.7869
   -7.5000   37.5000    0.0000 7926.8486   11.6200
    0.0000   37.5000    0.0000 8004.2798   11.6373
    7.5000   37.5000    0.0000 7541.7197   11.6324
   -7.5000   45.0000    0.0000 7131.9595   11.6015
    0.0000   45.0000    0.0000 7183.3359   11.6147
    7.5000   45.0000    0.0000 6789.0908   11.6067
   -7.5000  -45.0000    7.5000 8981.2793   11.2251
    0.0000  -45.0000    7.5000 9049.2119   11.2392
    7.5000  -45.0000    7.5000 8553.0830   11.2322
   -7.5000  -37.5000    7.5000 9540.6973   11.9535
    0.0000  -37.5000    7.5000 9640.9951   11.9654
    7.5000  -37.5000    7.5000 9052.4443   11.9604
   -7.5000  -30.0000    7.500010339.3311   12.2496
    0.0000  -30.0000    7.500010556.6211   12.2614
    7.5000  -30.0000    7.5000 9739.0918   12.2622
   -7.5000  -22.5000    7.500011256.1201   12.2274
    0.0000  -22.5000    7.500011586.6582   12.2418
    7.5000  -22.5000    7.500010496.9932   12.2465
   -7.5000  -15.0000    7.500011877.1436   12.2133
    0.0000  -15.0000    7.500012103.6758   12.2306
    7.5000  -15.0000    7.500011050.2080   12.2332
   -7.5000   -7.5000    7.500011779.2773   12.2193
    0.0000   -7.5000    7.500011892.6367   12.2373
    7.5000   -7.5000    7.500011003.4297   12.2339
   -7.5000    0.0000    7.500011596.9229   12.2423
    0.0000    0.0000    7.500011689.6387   12.2576
    7.5000    0.0000    7.500010896.6924   12.2501
   -7.5000    7.5000    7.500010783.4805   12.2548
    0.0000    7.5000    7.500010882.4453   12.2669
    7.5000    7.5000    7.500010161.3740   12.2618
   -7.5000   15.0000    7.500010349.3105   12.2453
    0.0000   15.0000    7.500010447.2334   12.2571
    7.5000   15.0000    7.5000 9789.7305   12.2579
   -7.5000   22.5000    7.5000 9438.3457   12.0691
    0.0000   22.5000    7.5000 9536.3076   12.0834
    7.5000   22.5000    7.5000 8959.9395   12.0880
   -7.5000   30.0000    7.5000 8540.5625   11.7692
    0.0000   30.0000    7.5000 8622.8096   11.7859
    7.5000   30.0000    7.5000 8110.3833   11.7884
   -7.5000   37.5000    7.5000 7672.5669   11.6251
    0.0000   37.5000    7.5000 7744.8145   11.6413
    7.5000   37.5000    7.5000 7290.2759   11.6355
   -7.5000   45.0000    7.5000 6876.7075   11.6048
    0.0000   45.0000    7.5000 6939.2061   11.6170
    7.5000   45.0000    7.5000 6546.1045   11.6051
   -7.5000  -45.0000   15.0000 9007.7090   11.3234
    0.0000  -45.0000   15.0000 9077.8350   11.3418
    7.5000  -45.0000   15.0000 8564.7090   11.3342
   -7.5000  -37.5000   15.0000 9551.4502   12.0520
    0.0000  -37.5000   15.0000 9651.8242   12.0681
    7.5000  -37.5000   15.0000 9060.8711   12.0612
   -7.5000  -30.0000   15.000010312.6650   12.3495
    0.0000  -30.0000   15.000010538.2520   12.3668
    7.5000  -30.0000   15.0000 9709.2900   12.3660
   -7.5000  -22.5000   15.000011187.1748   12.3323
    0.0000  -22.5000   15.000011512.7188   12.3539
    7.5000  -22.5000   15.000010453.5439   12.3586
   -7.5000  -15.0000   15.000011773.6660   12.3246
    0.0000  -15.0000   15.000012039.5322   12.3494
    7.5000  -15.0000   15.000011022.6729   12.3531
   -7.5000   -7.5000   15.000011703.7998   12.3315
    0.0000   -7.5000   15.000011858.5420   12.3559
    7.5000   -7.5000   15.000011010.1709   12.3532
   -7.5000    0.0000   15.000011512.4277   12.3495
    0.0000    0.0000   15.000011629.1514   12.3695
    7.5000    0.0000   15.000010861.4932   12.3613
   -7.5000    7.5000   15.000010684.8535   12.3557
    0.0000    7.5000   15.000010794.5215   12.3722
    7.5000    7.5000   15.000010101.9375   12.3651
   -7.5000   15.0000   15.000010280.9033   12.3451
    0.0000   15.0000   15.000010392.4854   12.3624
    7.5000   15.0000   15.0000 9740.5029   12.3616
   -7.5000   22.5000   15.0000 9394.7363   12.1727
    0.0000   22.5000   15.0000 9489.1338   12.1940
    7.5000   22.5000   15.0000 8920.1787   12.1986
   -7.5000   30.0000   15.0000 8493.7773   11.8765
    0.0000   30.0000   15.0000 8573.7793   11.9004
    7.5000   30.0000   15.0000 8063.5278   11.9040
   -7.5000   37.5000   15.0000 7634.2251   11.7361
    0.0000   37.5000   15.0000 7687.5000   11.7584
    7.5000   37.5000   15.0000 7245.0894   11.7529
   -7.5000   45.0000   15.0000 6830.6938   11.7146
    0.0000   45.0000   15.0000 6883.1211   11.7303
    7.5000   45.0000   15.0000 6502.5542   11.7178
   -7.5000  -45.0000   22.5000 8517.5420   11.4893
    0.0000  -45.0000   22.5000 8588.3184   11.5121
    7.5000  -45.0000   22.5000 8124.0571   11.5055
   -7.5000  -37.5000   22.5000 9022.7666   12.2277
    0.0000  -37.5000   22.5000 9125.4717   12.2492
    7.5000  -37.5000   22.5000 8591.0449   12.2431
   -7.5000  -30.0000   22.5000 9648.7432   12.5296
    0.0000  -30.0000   22.5000 9801.5674   12.5550
    7.5000  -30.0000   22.5000 9158.3018   12.5538
   -7.5000  -22.5000   22.500010346.9131   12.5140
    0.0000  -22.5000   22.500010521.8271   12.5456
    7.5000  -22.5000   22.5000 9805.2061   12.5488
   -7.5000  -15.0000   22.500010909.8438   12.5082
    0.0000  -15.0000   22.500011047.6133   12.5423
    7.5000  -15.0000   22.500010355.2939   12.5447
   -7.5000   -7.5000   22.500010961.0234   12.5147
    0.0000   -7.5000   22.500011078.8125   12.5456
    7.5000   -7.5000   22.500010417.3223   12.5430
   -7.5000    0.0000   22.500010852.2793   12.5304
    0.0000    0.0000   22.500010965.4561   12.5552
    7.5000    0.0000   22.500010305.0918   12.5481
   -7.5000    7.5000   22.500010099.1650   12.5358
    0.0000    7.5000   22.500010196.3418   12.5579
    7.5000    7.5000   22.5000 9585.9092   12.5516
   -7.5000   15.0000   22.5000 9751.3779   12.5252
    0.0000   15.0000   22.5000 9830.7832   12.5505
    7.5000   15.0000   22.5000 9247.3398   12.5493
   -7.5000   22.5000   22.5000 8913.8770   12.3520
    0.0000   22.5000   22.5000 8989.1914   12.3832
    7.5000   22.5000   22.5000 8443.7715   12.3863
   -7.5000   30.0000   22.5000 8048.9932   12.0534
    0.0000   30.0000   22.5000 8115.4434   12.0863
    7.5000   30.0000   22.5000 7626.7788   12.0886
   -7.5000   37.5000   22.5000 7193.1406   11.9150
    0.0000   37.5000   22.5000 7242.8662   11.9438
    7.5000   37.5000   22.5000 6827.5952   11.9386
   -7.5000   45.0000   22.5000 6414.3999   11.8805
    0.0000   45.0000   22.5000 6460.0806   11.9003
    7.5000   45.0000   22.5000 6097.1475   11.8896
   -7.5000  -45.0000   30.0000 7986.8008   11.6743
    0.0000  -45.0000   30.0000 8067.1675   11.6965
    7.5000  -45.0000   30.0000 7624.6782   11.6921
   -7.5000  -37.5000   30.0000 8435.2627   12.4394
    0.0000  -37.5000   30.0000 8531.6455   12.4606
    7.5000  -37.5000   30.0000 8063.8540   12.4570
   -7.5000  -30.0000   30.0000 8966.6094   12.7532
    0.0000  -30.0000   30.0000 9075.8535   12.7790
    7.5000  -30.0000   30.0000 8576.3896   12.7782
   -7.5000  -22.5000   30.0000 9588.7812   12.7327
    0.0000  -22.5000   30.0000 9692.0732   12.7657
    7.5000  -22.5000   30.0000 9153.4395   12.7666
   -7.5000  -15.0000   30.000010131.6777   12.7177
    0.0000  -15.0000   30.000010206.6816   12.7530
    7.5000  -15.0000   30.0000 9661.1494   12.7528
   -7.5000   -7.5000   30.000010222.6631   12.7198
    0.0000   -7.5000   30.000010285.4365   12.7509
    7.5000   -7.5000   30.0000 9758.5664   12.7479
   -7.5000    0.0000   30.000010144.3428   12.7398
    0.0000    0.0000   30.000010218.9697   12.7641
    7.5000    0.0000   30.0000 9663.2871   12.7593
   -7.5000    7.5000   30.0000 9456.4014   12.7550
    0.0000    7.5000   30.0000 9522.7754   12.7768
    7.5000    7.5000   30.0000 8999.9854   12.7731
   -7.5000   15.0000   30.0000 9127.4014   12.7487
    0.0000   15.0000   30.0000 9188.1387   12.7745
    7.5000   15.0000   30.0000 8677.0107   12.7736
   -7.5000   22.5000   30.0000 8349.1777   12.5668
    0.0000   22.5000   30.0000 8404.4268   12.5994
    7.5000   22.5000   30.0000 7925.6709   12.6002
   -7.5000   30.0000   30.0000 7522.8311   12.2609
    0.0000   30.0000   30.0000 7569.3921   12.2950
    7.5000   30.0000   30.0000 7140.9795   12.2947
   -7.5000   37.5000   30.0000 6705.7314   12.1252
    0.0000   37.5000   30.0000 6752.4121   12.1545
    7.5000   37.5000   30.0000 6381.1743   12.1495
   -7.5000   45.0000   30.0000 5984.0713   12.0820
    0.0000   45.0000   30.0000 6030.4907   12.1019
    7.5000   45.0000   30.0000 5701.1836   12.0943
   -7.5000  -45.0000   37.5000 7470.5869   11.7933
    0.0000  -45.0000   37.5000 7545.9858   11.8160
    7.5000  -45.0000   37.5000 7139.8989   11.8159
   -7.5000  -37.5000   37.5000 7874.4712   12.5784
    0.0000  -37.5000   37.5000 7957.5098   12.6003
    7.5000  -37.5000   37.5000 7535.9868   12.6025
   -7.5000  -30.0000   37.5000 8356.5342   12.8906
    0.0000  -30.0000   37.5000 8440.7109   12.9154
    7.5000  -30.0000   37.5000 8009.9873   12.9196
   -7.5000  -22.5000   37.5000 8909.8018   12.8629
    0.0000  -22.5000   37.5000 8990.6748   12.8928
    7.5000  -22.5000   37.5000 8533.9014   12.8969
   -7.5000  -15.0000   37.5000 9413.5068   12.8374
    0.0000  -15.0000   37.5000 9498.7432   12.8696
    7.5000  -15.0000   37.5000 8999.6924   12.8714
   -7.5000   -7.5000   37.5000 9495.8340   12.8373
    0.0000   -7.5000   37.5000 9564.9521   12.8670
    7.5000   -7.5000   37.5000 9080.8320   12.8666
   -7.5000    0.0000   37.5000 9437.1787   12.8646
    0.0000    0.0000   37.5000 9491.9033   12.8894
    7.5000    0.0000   37.5000 8998.2666   12.8892
   -7.5000    7.5000   37.5000 8818.6865   12.8896
    0.0000    7.5000   37.5000 8879.1055   12.9121
    7.5000    7.5000   37.5000 8396.1836   12.9143
   -7.5000   15.0000   37.5000 8507.4570   12.8859
    0.0000   15.0000   37.5000 8571.2969   12.9106
    7.5000   15.0000   37.5000 8109.4473   12.9149
   -7.5000   22.5000   37.5000 7788.9585   12.6931
    0.0000   22.5000   37.5000 7844.0962   12.7226
    7.5000   22.5000   37.5000 7414.4116   12.7266
   -7.5000   30.0000   37.5000 7014.5835   12.3763
    0.0000   30.0000   37.5000 7065.6084   12.4073
    7.5000   30.0000   37.5000 6682.6597   12.4090
   -7.5000   37.5000   37.5000 6260.7832   12.2403
    0.0000   37.5000   37.5000 6307.2090   12.2685
    7.5000   37.5000   37.5000 5964.3032   12.2663
   -7.5000   45.0000   37.5000 5589.8169   12.1889
    0.0000   45.0000   37.5000 5631.6997   12.2105
    7.5000   45.0000   37.5000 5332.6870   12.2072
   -7.5000  -45.0000   45.0000 6947.9541   11.9623
    0.0000  -45.0000   45.0000 7025.7310   11.9877
    7.5000  -45.0000   45.0000 6648.0420   11.9874
   -7.5000  -37.5000   45.0000 7317.1709   12.7606
    0.0000  -37.5000   45.0000 7396.0400   12.7854
    7.5000  -37.5000   45.0000 7002.3550   12.7894
   -7.5000  -30.0000   45.0000 7760.4609   13.0582
    0.0000  -30.0000   45.0000 7835.4150   13.0835
    7.5000  -30.0000   45.0000 7437.0034   13.0929
   -7.5000  -22.5000   45.0000 8260.1289   13.0218
    0.0000  -22.5000   45.0000 8328.9844   13.0497
    7.5000  -22.5000   45.0000 7919.4219   13.0604
   -7.5000  -15.0000   45.0000 8741.2061   12.9945
    0.0000  -15.0000   45.0000 8810.0957   13.0245
    7.5000  -15.0000   45.0000 8359.1162   13.0309
   -7.5000   -7.5000   45.0000 8816.1641   13.0012
    0.0000   -7.5000   45.0000 8865.4053   13.0312
    7.5000   -7.5000   45.0000 8433.9795   13.0322
   -7.5000    0.0000   45.0000 8763.9746   13.0375
    0.0000    0.0000   45.0000 8800.8994   13.0652
    7.5000    0.0000   45.0000 8358.1924   13.0649
   -7.5000    7.5000   45.0000 8207.7080   13.0637
    0.0000    7.5000   45.0000 8242.9121   13.0891
    7.5000    7.5000   45.0000 7804.4878   13.0933
   -7.5000   15.0000   45.0000 7918.4971   13.0533
    0.0000   15.0000   45.0000 7960.9385   13.0786
    7.5000   15.0000   45.0000 7535.5918   13.0880
   -7.5000   22.5000   45.0000 7243.4312   12.8482
    0.0000   22.5000   45.0000 7289.3789   12.8757
    7.5000   22.5000   45.0000 6894.1582   12.8862
   -7.5000   30.0000   45.0000 6524.1694   12.5264
    0.0000   30.0000   45.0000 6578.4771   12.5554
    7.5000   30.0000   45.0000 6220.2510   12.5615
   -7.5000   37.5000   45.0000 5826.5659   12.3977
    0.0000   37.5000   45.0000 5868.7666   12.4260
    7.5000   37.5000   45.0000 5555.5869   12.4245
   -7.5000   45.0000   45.0000 5191.7695   12.3381
    0.0000   45.0000   45.0000 5225.8657   12.3629
    7.5000   45.0000   45.0000 4958.0640   12.3587

---------------------------------------------------------------------
imgreg_4dfp /opt/freesurfer/average/711-2C_as_mni_average_305 /opt/freesurfer/average/711-2B_as_mni_average_305_mask talsrcimg_g11 none talsrcimg_to_711-2C_as_mni_average_305_t4 4355
---------------------------------------------------------------------

freesurfer imgreg_4dfp.c
/opt/freesurfer/average/711-2C_as_mni_average_305.4dfp.img
       256       256       256         1
  1.000000  1.000000  1.000000
orientation T byte_order littleendian
Reading image: /opt/freesurfer/average/711-2C_as_mni_average_305.4dfp.img
dimensions:      256       256       256
mmppix:       1.0000   -1.0000   -1.0000
center:     128.0000 -129.0000 -129.0000
/opt/freesurfer/average/711-2B_as_mni_average_305_mask.4dfp.img
       256       256       256         1
  1.000000  1.000000  1.000000
orientation T byte_order littleendian
Reading mask: /opt/freesurfer/average/711-2B_as_mni_average_305_mask.4dfp.img (2306576 pixels)
talsrcimg_g11.4dfp.img
       256       256       256         1
  0.898437  0.898437  0.898437
orientation T byte_order littleendian
Reading image: talsrcimg_g11.4dfp.img
dimensions:      256       256       256
mmppix:       0.8984   -0.8984   -0.8984
center:     114.9999 -115.8984 -115.8984
rotation matrix determinant  1.000000
image alignment mode   4355 decimal     1103 hex
   -7.5000  -60.0000  -45.0000 1918.5522   12.5184
    0.0000  -60.0000  -45.0000 1931.6575   12.5292
    7.5000  -60.0000  -45.0000 1909.3698   12.6289
   -7.5000  -52.5000  -45.0000 2013.8434   11.4691
    0.0000  -52.5000  -45.0000 2026.0065   11.4771
    7.5000  -52.5000  -45.0000 2004.4694   11.5725
   -7.5000  -45.0000  -45.0000 2107.8987   10.8473
    0.0000  -45.0000  -45.0000 2118.7559   10.8234
    7.5000  -45.0000  -45.0000 2094.4617   10.9168
   -7.5000  -37.5000  -45.0000 2164.0881   10.2620
    0.0000  -37.5000  -45.0000 2173.4619   10.2208
    7.5000  -37.5000  -45.0000 2148.8909   10.3227
   -7.5000  -30.0000  -45.0000 2184.8564    9.8277
    0.0000  -30.0000  -45.0000 2201.6423    9.7916
    7.5000  -30.0000  -45.0000 2177.3521    9.8919
   -7.5000  -22.5000  -45.0000 2176.6130    9.6007
    0.0000  -22.5000  -45.0000 2201.9229    9.5816
    7.5000  -22.5000  -45.0000 2184.1746    9.6607
   -7.5000  -15.0000  -45.0000 2167.4294    9.5584
    0.0000  -15.0000  -45.0000 2190.9841    9.5309
    7.5000  -15.0000  -45.0000 2169.1138    9.6029
   -7.5000   -7.5000  -45.0000 2155.7510    9.6446
    0.0000   -7.5000  -45.0000 2177.5713    9.6351
    7.5000   -7.5000  -45.0000 2153.7043    9.7184
   -7.5000    0.0000  -45.0000 2130.0471    9.9598
    0.0000    0.0000  -45.0000 2147.4792    9.9375
    7.5000    0.0000  -45.0000 2126.1204   10.0195
   -7.5000    7.5000  -45.0000 2087.6296   10.5154
    0.0000    7.5000  -45.0000 2108.2024   10.4830
    7.5000    7.5000  -45.0000 2084.3435   10.5485
   -7.5000   15.0000  -45.0000 2026.3311   11.2789
    0.0000   15.0000  -45.0000 2047.8517   11.2534
    7.5000   15.0000  -45.0000 2022.9723   11.3467
   -7.5000   22.5000  -45.0000 1949.2291   12.2524
    0.0000   22.5000  -45.0000 1966.8251   12.2240
    7.5000   22.5000  -45.0000 1937.6418   12.3662
   -7.5000   30.0000  -45.0000 1846.6859   13.5311
    0.0000   30.0000  -45.0000 1864.4814   13.5116
    7.5000   30.0000  -45.0000 1838.9819   13.6532
   -7.5000  -60.0000  -37.5000 2058.9138   12.3618
    0.0000  -60.0000  -37.5000 2076.6738   12.3498
    7.5000  -60.0000  -37.5000 2051.3042   12.4176
   -7.5000  -52.5000  -37.5000 2167.5950   11.3093
    0.0000  -52.5000  -37.5000 2181.0332   11.2627
    7.5000  -52.5000  -37.5000 2157.9299   11.3863
   -7.5000  -45.0000  -37.5000 2268.1909   10.6448
    0.0000  -45.0000  -37.5000 2282.0027   10.6046
    7.5000  -45.0000  -37.5000 2256.9692   10.7118
   -7.5000  -37.5000  -37.5000 2323.6282   10.0600
    0.0000  -37.5000  -37.5000 2339.7808   10.0171
    7.5000  -37.5000  -37.5000 2309.6489   10.1062
   -7.5000  -30.0000  -37.5000 2353.8340    9.6442
    0.0000  -30.0000  -37.5000 2375.7590    9.5999
    7.5000  -30.0000  -37.5000 2351.8987    9.6841
   -7.5000  -22.5000  -37.5000 2355.7036    9.4118
    0.0000  -22.5000  -37.5000 2378.4739    9.3628
    7.5000  -22.5000  -37.5000 2359.1118    9.4609
   -7.5000  -15.0000  -37.5000 2344.3296    9.3557
    0.0000  -15.0000  -37.5000 2368.1616    9.3323
    7.5000  -15.0000  -37.5000 2346.1604    9.4107
   -7.5000   -7.5000  -37.5000 2334.1611    9.4589
    0.0000   -7.5000  -37.5000 2356.1702    9.4205
    7.5000   -7.5000  -37.5000 2329.9539    9.5180
   -7.5000    0.0000  -37.5000 2302.7156    9.7425
    0.0000    0.0000  -37.5000 2326.7383    9.7236
    7.5000    0.0000  -37.5000 2296.4995    9.8102
   -7.5000    7.5000  -37.5000 2258.9570   10.2631
    0.0000    7.5000  -37.5000 2285.6426   10.2513
    7.5000    7.5000  -37.5000 2254.4641   10.3261
   -7.5000   15.0000  -37.5000 2193.9521   11.0129
    0.0000   15.0000  -37.5000 2220.0330   10.9857
    7.5000   15.0000  -37.5000 2192.0366   11.0876
   -7.5000   22.5000  -37.5000 2106.9944   11.9698
    0.0000   22.5000  -37.5000 2124.6172   11.9751
    7.5000   22.5000  -37.5000 2098.5188   12.0984
   -7.5000   30.0000  -37.5000 1999.0409   13.2458
    0.0000   30.0000  -37.5000 2014.9664   13.2322
    7.5000   30.0000  -37.5000 1990.2421   13.3693
   -7.5000  -60.0000  -30.0000 2190.0237   12.1154
    0.0000  -60.0000  -30.0000 2205.3887   12.0414
    7.5000  -60.0000  -30.0000 2180.8035   12.1862
   -7.5000  -52.5000  -30.0000 2301.3040   11.0366
    0.0000  -52.5000  -30.0000 2319.2212   10.9702
    7.5000  -52.5000  -30.0000 2295.5327   11.1274
   -7.5000  -45.0000  -30.0000 2402.9829   10.3540
    0.0000  -45.0000  -30.0000 2421.1184   10.3184
    7.5000  -45.0000  -30.0000 2396.0774   10.4176
   -7.5000  -37.5000  -30.0000 2461.6135    9.7620
    0.0000  -37.5000  -30.0000 2478.8933    9.7228
    7.5000  -37.5000  -30.0000 2456.5278    9.8244
   -7.5000  -30.0000  -30.0000 2503.1362    9.3263
    0.0000  -30.0000  -30.0000 2526.5486    9.2834
    7.5000  -30.0000  -30.0000 2502.0808    9.3794
   -7.5000  -22.5000  -30.0000 2518.2644    9.0865
    0.0000  -22.5000  -30.0000 2541.0442    9.0506
    7.5000  -22.5000  -30.0000 2520.9958    9.1421
   -7.5000  -15.0000  -30.0000 2519.6416    9.0428
    0.0000  -15.0000  -30.0000 2544.6003    9.0167
    7.5000  -15.0000  -30.0000 2518.2026    9.1012
   -7.5000   -7.5000  -30.0000 2510.1116    9.1536
    0.0000   -7.5000  -30.0000 2531.9402    9.1260
    7.5000   -7.5000  -30.0000 2500.5952    9.2281
   -7.5000    0.0000  -30.0000 2475.2119    9.4782
    0.0000    0.0000  -30.0000 2496.9480    9.4423
    7.5000    0.0000  -30.0000 2465.5132    9.5491
   -7.5000    7.5000  -30.0000 2423.0044    9.9876
    0.0000    7.5000  -30.0000 2447.0828    9.9538
    7.5000    7.5000  -30.0000 2415.6030   10.0536
   -7.5000   15.0000  -30.0000 2351.3906   10.7022
    0.0000   15.0000  -30.0000 2374.9661   10.6762
    7.5000   15.0000  -30.0000 2343.2200   10.7680
   -7.5000   22.5000  -30.0000 2256.6904   11.6358
    0.0000   22.5000  -30.0000 2277.3904   11.6304
    7.5000   22.5000  -30.0000 2244.0679   11.7318
   -7.5000   30.0000  -30.0000 2139.6313   12.8891
    0.0000   30.0000  -30.0000 2156.0828   12.8749
    7.5000   30.0000  -30.0000 2127.2190   12.9896
   -7.5000  -60.0000  -22.5000 2291.5334   11.7329
    0.0000  -60.0000  -22.5000 2309.9385   11.6746
    7.5000  -60.0000  -22.5000 2283.1052   11.8269
   -7.5000  -52.5000  -22.5000 2406.2454   10.6454
    0.0000  -52.5000  -22.5000 2425.2456   10.6041
    7.5000  -52.5000  -22.5000 2399.2207   10.7359
   -7.5000  -45.0000  -22.5000 2513.0149    9.9843
    0.0000  -45.0000  -22.5000 2537.1453    9.9424
    7.5000  -45.0000  -22.5000 2508.3755   10.0429
   -7.5000  -37.5000  -22.5000 2582.6594    9.3919
    0.0000  -37.5000  -22.5000 2603.4797    9.3474
    7.5000  -37.5000  -22.5000 2577.7393    9.4492
   -7.5000  -30.0000  -22.5000 2633.0352    8.9623
    0.0000  -30.0000  -22.5000 2659.1072    8.9071
    7.5000  -30.0000  -22.5000 2629.4121    9.0161
   -7.5000  -22.5000  -22.5000 2662.5095    8.6748
    0.0000  -22.5000  -22.5000 2688.2361    8.6420
    7.5000  -22.5000  -22.5000 2661.9272    8.7481
   -7.5000  -15.0000  -22.5000 2673.4189    8.6243
    0.0000  -15.0000  -22.5000 2699.9736    8.5930
    7.5000  -15.0000  -22.5000 2665.1863    8.7005
   -7.5000   -7.5000  -22.5000 2668.7610    8.7677
    0.0000   -7.5000  -22.5000 2694.5420    8.7256
    7.5000   -7.5000  -22.5000 2657.8718    8.8344
   -7.5000    0.0000  -22.5000 2634.4331    9.1144
    0.0000    0.0000  -22.5000 2657.0164    9.0697
    7.5000    0.0000  -22.5000 2618.2378    9.1747
   -7.5000    7.5000  -22.5000 2567.9487    9.6203
    0.0000    7.5000  -22.5000 2593.7622    9.5753
    7.5000    7.5000  -22.5000 2558.9248    9.6786
   -7.5000   15.0000  -22.5000 2483.4612   10.3110
    0.0000   15.0000  -22.5000 2506.5752   10.2886
    7.5000   15.0000  -22.5000 2477.5161   10.3756
   -7.5000   22.5000  -22.5000 2377.2158   11.2491
    0.0000   22.5000  -22.5000 2401.9285   11.2213
    7.5000   22.5000  -22.5000 2367.3953   11.3275
   -7.5000   30.0000  -22.5000 2250.3572   12.4526
    0.0000   30.0000  -22.5000 2274.6636   12.4275
    7.5000   30.0000  -22.5000 2245.5696   12.5463
   -7.5000  -60.0000  -15.0000 2351.2339   11.3308
    0.0000  -60.0000  -15.0000 2370.2649   11.2760
    7.5000  -60.0000  -15.0000 2347.2922   11.4293
   -7.5000  -52.5000  -15.0000 2475.2939   10.2635
    0.0000  -52.5000  -15.0000 2495.2607   10.1862
    7.5000  -52.5000  -15.0000 2469.7175   10.3379
   -7.5000  -45.0000  -15.0000 2592.1841    9.5670
    0.0000  -45.0000  -15.0000 2616.5737    9.5075
    7.5000  -45.0000  -15.0000 2589.4204    9.6470
   -7.5000  -37.5000  -15.0000 2668.1694    8.9877
    0.0000  -37.5000  -15.0000 2695.3276    8.9412
    7.5000  -37.5000  -15.0000 2666.4214    9.0556
   -7.5000  -30.0000  -15.0000 2732.5293    8.5519
    0.0000  -30.0000  -15.0000 2764.4744    8.4991
    7.5000  -30.0000  -15.0000 2730.0977    8.6166
   -7.5000  -22.5000  -15.0000 2774.4443    8.2660
    0.0000  -22.5000  -15.0000 2803.7983    8.2222
    7.5000  -22.5000  -15.0000 2770.6829    8.3389
   -7.5000  -15.0000  -15.0000 2793.7056    8.2028
    0.0000  -15.0000  -15.0000 2825.9910    8.1591
    7.5000  -15.0000  -15.0000 2788.1699    8.2807
   -7.5000   -7.5000  -15.0000 2794.1377    8.3462
    0.0000   -7.5000  -15.0000 2822.1223    8.2902
    7.5000   -7.5000  -15.0000 2780.8171    8.4208
   -7.5000    0.0000  -15.0000 2753.2300    8.7077
    0.0000    0.0000  -15.0000 2783.2563    8.6528
    7.5000    0.0000  -15.0000 2739.9929    8.7607
   -7.5000    7.5000  -15.0000 2680.4290    9.1947
    0.0000    7.5000  -15.0000 2705.8201    9.1527
    7.5000    7.5000  -15.0000 2671.8772    9.2539
   -7.5000   15.0000  -15.0000 2584.9197    9.8720
    0.0000   15.0000  -15.0000 2605.7510    9.8345
    7.5000   15.0000  -15.0000 2579.7673    9.9383
   -7.5000   22.5000  -15.0000 2464.7100   10.8012
    0.0000   22.5000  -15.0000 2487.0308   10.7787
    7.5000   22.5000  -15.0000 2458.6519   10.8865
   -7.5000   30.0000  -15.0000 2331.2349   11.9966
    0.0000   30.0000  -15.0000 2353.9392   11.9785
    7.5000   30.0000  -15.0000 2324.0410   12.1040
   -7.5000  -60.0000   -7.5000 2376.8018   10.9390
    0.0000  -60.0000   -7.5000 2393.4712   10.8551
    7.5000  -60.0000   -7.5000 2367.9060   11.0478
   -7.5000  -52.5000   -7.5000 2502.5803    9.8417
    0.0000  -52.5000   -7.5000 2521.9595    9.7705
    7.5000  -52.5000   -7.5000 2494.3530    9.9388
   -7.5000  -45.0000   -7.5000 2625.1377    9.1573
    0.0000  -45.0000   -7.5000 2647.8684    9.0822
    7.5000  -45.0000   -7.5000 2620.8850    9.2213
   -7.5000  -37.5000   -7.5000 2716.0874    8.5926
    0.0000  -37.5000   -7.5000 2742.0183    8.5314
    7.5000  -37.5000   -7.5000 2713.5327    8.6482
   -7.5000  -30.0000   -7.5000 2791.7441    8.1540
    0.0000  -30.0000   -7.5000 2827.6929    8.1014
    7.5000  -30.0000   -7.5000 2786.5393    8.2376
   -7.5000  -22.5000   -7.5000 2847.6975    7.8788
    0.0000  -22.5000   -7.5000 2885.1121    7.8209
    7.5000  -22.5000   -7.5000 2840.5806    7.9591
   -7.5000  -15.0000   -7.5000 2874.9092    7.8031
    0.0000  -15.0000   -7.5000 2912.5781    7.7465
    7.5000  -15.0000   -7.5000 2863.7783    7.8906
   -7.5000   -7.5000   -7.5000 2872.6643    7.9210
    0.0000   -7.5000   -7.5000 2906.1365    7.8632
    7.5000   -7.5000   -7.5000 2854.0442    8.0047
   -7.5000    0.0000   -7.5000 2825.6880    8.2736
    0.0000    0.0000   -7.5000 2855.9314    8.2106
    7.5000    0.0000   -7.5000 2815.4629    8.3348
   -7.5000    7.5000   -7.5000 2749.1584    8.7825
    0.0000    7.5000   -7.5000 2773.2327    8.7095
    7.5000    7.5000   -7.5000 2739.0974    8.8394
   -7.5000   15.0000   -7.5000 2643.2314    9.4561
    0.0000   15.0000   -7.5000 2669.0579    9.3858
    7.5000   15.0000   -7.5000 2635.3206    9.5261
   -7.5000   22.5000   -7.5000 2519.8032   10.3772
    0.0000   22.5000   -7.5000 2543.8284   10.3347
    7.5000   22.5000   -7.5000 2507.3049   10.4726
   -7.5000   30.0000   -7.5000 2376.8765   11.5430
    0.0000   30.0000   -7.5000 2397.4663   11.5113
    7.5000   30.0000   -7.5000 2364.9966   11.6379
   -7.5000  -60.0000    0.0000 2396.3206   10.7662
    0.0000  -60.0000    0.0000 2414.5210   10.6955
    7.5000  -60.0000    0.0000 2390.4028   10.8749
   -7.5000  -52.5000    0.0000 2518.8699    9.6315
    0.0000  -52.5000    0.0000 2538.2844    9.5653
    7.5000  -52.5000    0.0000 2516.2021    9.7429
   -7.5000  -45.0000    0.0000 2646.8455    8.9139
    0.0000  -45.0000    0.0000 2669.8518    8.8513
    7.5000  -45.0000    0.0000 2643.1118    9.0017
   -7.5000  -37.5000    0.0000 2753.9846    8.3661
    0.0000  -37.5000    0.0000 2779.8828    8.3234
    7.5000  -37.5000    0.0000 2749.0857    8.4315
   -7.5000  -30.0000    0.0000 2849.5820    7.9963
    0.0000  -30.0000    0.0000 2883.5557    7.9467
    7.5000  -30.0000    0.0000 2841.0691    8.0540
   -7.5000  -22.5000    0.0000 2918.6895    7.7600
    0.0000  -22.5000    0.0000 2964.1958    7.7111
    7.5000  -22.5000    0.0000 2906.7070    7.8252
   -7.5000  -15.0000    0.0000 2956.8857    7.6418
    0.0000  -15.0000    0.0000 2999.9214    7.5977
    7.5000  -15.0000    0.0000 2935.9819    7.7217
   -7.5000   -7.5000    0.0000 2945.9817    7.7038
    0.0000   -7.5000    0.0000 2978.6848    7.6513
    7.5000   -7.5000    0.0000 2920.8623    7.7842
   -7.5000    0.0000    0.0000 2882.1575    8.0341
    0.0000    0.0000    0.0000 2913.1909    7.9714
    7.5000    0.0000    0.0000 2871.9111    8.0896
   -7.5000    7.5000    0.0000 2800.7830    8.5359
    0.0000    7.5000    0.0000 2831.0532    8.4748
    7.5000    7.5000    0.0000 2796.0742    8.5875
   -7.5000   15.0000    0.0000 2688.0737    9.2392
    0.0000   15.0000    0.0000 2716.8250    9.1797
    7.5000   15.0000    0.0000 2679.0747    9.3008
   -7.5000   22.5000    0.0000 2561.3486   10.1532
    0.0000   22.5000    0.0000 2582.1887   10.1038
    7.5000   22.5000    0.0000 2548.3088   10.2319
   -7.5000   30.0000    0.0000 2414.5608   11.2946
    0.0000   30.0000    0.0000 2436.2114   11.2570
    7.5000   30.0000    0.0000 2400.0835   11.3577
   -7.5000  -60.0000    7.5000 2403.9521   10.6450
    0.0000  -60.0000    7.5000 2421.3213   10.5975
    7.5000  -60.0000    7.5000 2396.4082   10.8165
   -7.5000  -52.5000    7.5000 2522.7080    9.5277
    0.0000  -52.5000    7.5000 2537.3818    9.4589
    7.5000  -52.5000    7.5000 2516.9951    9.6301
   -7.5000  -45.0000    7.5000 2651.7695    8.8077
    0.0000  -45.0000    7.5000 2669.2095    8.7565
    7.5000  -45.0000    7.5000 2650.1050    8.8808
   -7.5000  -37.5000    7.5000 2769.1926    8.2446
    0.0000  -37.5000    7.5000 2790.1772    8.2062
    7.5000  -37.5000    7.5000 2765.2507    8.3123
   -7.5000  -30.0000    7.5000 2876.0579    7.9028
    0.0000  -30.0000    7.5000 2910.2268    7.8870
    7.5000  -30.0000    7.5000 2865.2017    7.9454
   -7.5000  -22.5000    7.5000 2962.9480    7.7355
    0.0000  -22.5000    7.5000 3015.1243    7.7418
    7.5000  -22.5000    7.5000 2941.3928    7.7444
   -7.5000  -15.0000    7.5000 3005.5789    7.6201
    0.0000  -15.0000    7.5000 3052.4849    7.6247
    7.5000  -15.0000    7.5000 2974.3206    7.6493
   -7.5000   -7.5000    7.5000 2984.7673    7.6181
    0.0000   -7.5000    7.5000 3018.7913    7.5819
    7.5000   -7.5000    7.5000 2954.1057    7.6706
   -7.5000    0.0000    7.5000 2913.5786    7.8590
    0.0000    0.0000    7.5000 2945.2959    7.7986
    7.5000    0.0000    7.5000 2899.7573    7.9186
   -7.5000    7.5000    7.5000 2820.7212    8.3445
    0.0000    7.5000    7.5000 2852.5256    8.2865
    7.5000    7.5000    7.5000 2812.1812    8.4205
   -7.5000   15.0000    7.5000 2699.3958    9.0506
    0.0000   15.0000    7.5000 2726.8723    9.0029
    7.5000   15.0000    7.5000 2691.9414    9.1315
   -7.5000   22.5000    7.5000 2563.6406    9.9739
    0.0000   22.5000    7.5000 2589.1946    9.9238
    7.5000   22.5000    7.5000 2559.0889   10.0479
   -7.5000   30.0000    7.5000 2422.9258   11.0855
    0.0000   30.0000    7.5000 2444.9390   11.0614
    7.5000   30.0000    7.5000 2414.9683   11.1799
   -7.5000  -60.0000   15.0000 2405.8289   10.7032
    0.0000  -60.0000   15.0000 2422.1267   10.6643
    7.5000  -60.0000   15.0000 2390.4033   10.8671
   -7.5000  -52.5000   15.0000 2524.7190    9.5720
    0.0000  -52.5000   15.0000 2540.5010    9.5228
    7.5000  -52.5000   15.0000 2515.8206    9.6924
   -7.5000  -45.0000   15.0000 2657.4429    8.8602
    0.0000  -45.0000   15.0000 2674.5408    8.8112
    7.5000  -45.0000   15.0000 2655.2161    8.9497
   -7.5000  -37.5000   15.0000 2771.8806    8.2952
    0.0000  -37.5000   15.0000 2792.7893    8.2727
    7.5000  -37.5000   15.0000 2764.7078    8.3793
   -7.5000  -30.0000   15.0000 2877.7991    7.9393
    0.0000  -30.0000   15.0000 2912.9224    7.9401
    7.5000  -30.0000   15.0000 2859.1929    7.9945
   -7.5000  -22.5000   15.0000 2970.1296    7.7499
    0.0000  -22.5000   15.0000 3019.7930    7.7761
    7.5000  -22.5000   15.0000 2937.1765    7.7811
   -7.5000  -15.0000   15.0000 2997.7524    7.6433
    0.0000  -15.0000   15.0000 3047.5032    7.6539
    7.5000  -15.0000   15.0000 2965.3735    7.6888
   -7.5000   -7.5000   15.0000 2971.7957    7.6721
    0.0000   -7.5000   15.0000 3004.3689    7.6384
    7.5000   -7.5000   15.0000 2943.2224    7.7395
   -7.5000    0.0000   15.0000 2904.9451    7.8943
    0.0000    0.0000   15.0000 2937.5745    7.8559
    7.5000    0.0000   15.0000 2882.6030    7.9668
   -7.5000    7.5000   15.0000 2809.9875    8.3540
    0.0000    7.5000   15.0000 2840.8098    8.3076
    7.5000    7.5000   15.0000 2798.9460    8.4338
   -7.5000   15.0000   15.0000 2689.7505    9.0118
    0.0000   15.0000   15.0000 2718.8123    8.9632
    7.5000   15.0000   15.0000 2688.5569    9.0958
   -7.5000   22.5000   15.0000 2556.0728    9.9060
    0.0000   22.5000   15.0000 2578.7720    9.8618
    7.5000   22.5000   15.0000 2554.6348    9.9776
   -7.5000   30.0000   15.0000 2412.0916   11.0283
    0.0000   30.0000   15.0000 2431.8015   10.9978
    7.5000   30.0000   15.0000 2407.1965   11.1293
   -7.5000  -60.0000   22.5000 2401.6123   10.8312
    0.0000  -60.0000   22.5000 2415.7207   10.7924
    7.5000  -60.0000   22.5000 2383.6365   11.0055
   -7.5000  -52.5000   22.5000 2521.7537    9.7091
    0.0000  -52.5000   22.5000 2538.3408    9.6735
    7.5000  -52.5000   22.5000 2509.8259    9.8609
   -7.5000  -45.0000   22.5000 2658.9329    9.0144
    0.0000  -45.0000   22.5000 2677.2351    8.9775
    7.5000  -45.0000   22.5000 2649.7725    9.1528
   -7.5000  -37.5000   22.5000 2766.7556    8.4386
    0.0000  -37.5000   22.5000 2790.9995    8.4258
    7.5000  -37.5000   22.5000 2752.3447    8.5527
   -7.5000  -30.0000   22.5000 2864.5225    8.0497
    0.0000  -30.0000   22.5000 2894.9539    8.0323
    7.5000  -30.0000   22.5000 2842.7092    8.1343
   -7.5000  -22.5000   22.5000 2937.9375    7.8029
    0.0000  -22.5000   22.5000 2972.0784    7.7924
    7.5000  -22.5000   22.5000 2909.4695    7.8772
   -7.5000  -15.0000   22.5000 2955.7544    7.7153
    0.0000  -15.0000   22.5000 2991.1392    7.6830
    7.5000  -15.0000   22.5000 2928.0493    7.8130
   -7.5000   -7.5000   22.5000 2931.1018    7.8049
    0.0000   -7.5000   22.5000 2963.2800    7.7557
    7.5000   -7.5000   22.5000 2908.8052    7.8956
   -7.5000    0.0000   22.5000 2866.4353    8.1033
    0.0000    0.0000   22.5000 2896.4246    8.0576
    7.5000    0.0000   22.5000 2848.9624    8.1620
   -7.5000    7.5000   22.5000 2771.6338    8.5533
    0.0000    7.5000   22.5000 2801.3674    8.5042
    7.5000    7.5000   22.5000 2767.3091    8.6155
   -7.5000   15.0000   22.5000 2660.2327    9.1666
    0.0000   15.0000   22.5000 2682.7302    9.1253
    7.5000   15.0000   22.5000 2659.6179    9.2348
   -7.5000   22.5000   22.5000 2535.1812    9.9989
    0.0000   22.5000   22.5000 2555.5488    9.9532
    7.5000   22.5000   22.5000 2527.8098   10.0737
   -7.5000   30.0000   22.5000 2392.2778   11.1093
    0.0000   30.0000   22.5000 2407.8777   11.0717
    7.5000   30.0000   22.5000 2385.1638   11.1848
   -7.5000  -60.0000   30.0000 2381.9084   11.1239
    0.0000  -60.0000   30.0000 2398.4622   11.0829
    7.5000  -60.0000   30.0000 2364.8362   11.3333
   -7.5000  -52.5000   30.0000 2509.7478   10.0046
    0.0000  -52.5000   30.0000 2530.3137    9.9682
    7.5000  -52.5000   30.0000 2495.5742   10.1930
   -7.5000  -45.0000   30.0000 2642.5791    9.3173
    0.0000  -45.0000   30.0000 2667.3086    9.2806
    7.5000  -45.0000   30.0000 2629.4839    9.4822
   -7.5000  -37.5000   30.0000 2745.8508    8.7330
    0.0000  -37.5000   30.0000 2773.4072    8.7040
    7.5000  -37.5000   30.0000 2732.3618    8.8798
   -7.5000  -30.0000   30.0000 2830.9998    8.3033
    0.0000  -30.0000   30.0000 2861.3997    8.2671
    7.5000  -30.0000   30.0000 2813.0784    8.4250
   -7.5000  -22.5000   30.0000 2887.9993    8.0421
    0.0000  -22.5000   30.0000 2917.9585    7.9918
    7.5000  -22.5000   30.0000 2867.6169    8.1529
   -7.5000  -15.0000   30.0000 2897.3171    7.9737
    0.0000  -15.0000   30.0000 2926.6013    7.9158
    7.5000  -15.0000   30.0000 2872.4814    8.0781
   -7.5000   -7.5000   30.0000 2871.2495    8.0801
    0.0000   -7.5000   30.0000 2897.3782    8.0344
    7.5000   -7.5000   30.0000 2852.9517    8.1848
   -7.5000    0.0000   30.0000 2807.4529    8.3925
    0.0000    0.0000   30.0000 2836.6812    8.3416
    7.5000    0.0000   30.0000 2794.8655    8.4696
   -7.5000    7.5000   30.0000 2719.9807    8.8551
    0.0000    7.5000   30.0000 2744.6521    8.8139
    7.5000    7.5000   30.0000 2714.8855    8.9295
   -7.5000   15.0000   30.0000 2611.6865    9.4555
    0.0000   15.0000   30.0000 2633.8315    9.4100
    7.5000   15.0000   30.0000 2607.2251    9.5252
   -7.5000   22.5000   30.0000 2493.4661   10.2653
    0.0000   22.5000   30.0000 2513.7363   10.2317
    7.5000   22.5000   30.0000 2487.8604   10.3432
   -7.5000   30.0000   30.0000 2348.9460   11.3464
    0.0000   30.0000   30.0000 2365.0776   11.3018
    7.5000   30.0000   30.0000 2344.5640   11.4100
   -7.5000  -60.0000   37.5000 2348.6433   11.5484
    0.0000  -60.0000   37.5000 2371.1418   11.5055
    7.5000  -60.0000   37.5000 2336.7969   11.7792
   -7.5000  -52.5000   37.5000 2479.3137   10.4502
    0.0000  -52.5000   37.5000 2503.0010   10.3896
    7.5000  -52.5000   37.5000 2462.7983   10.6359
   -7.5000  -45.0000   37.5000 2608.9199    9.7507
    0.0000  -45.0000   37.5000 2634.5842    9.7043
    7.5000  -45.0000   37.5000 2590.7126    9.9424
   -7.5000  -37.5000   37.5000 2703.9758    9.1532
    0.0000  -37.5000   37.5000 2733.1211    9.1162
    7.5000  -37.5000   37.5000 2687.3499    9.3243
   -7.5000  -30.0000   37.5000 2781.1208    8.6988
    0.0000  -30.0000   37.5000 2812.5476    8.6341
    7.5000  -30.0000   37.5000 2767.6790    8.8468
   -7.5000  -22.5000   37.5000 2824.0476    8.4070
    0.0000  -22.5000   37.5000 2855.7712    8.3479
    7.5000  -22.5000   37.5000 2808.0186    8.5460
   -7.5000  -15.0000   37.5000 2826.5132    8.3422
    0.0000  -15.0000   37.5000 2857.8142    8.2889
    7.5000  -15.0000   37.5000 2808.7651    8.4591
   -7.5000   -7.5000   37.5000 2793.9280    8.4610
    0.0000   -7.5000   37.5000 2818.7498    8.4182
    7.5000   -7.5000   37.5000 2782.1299    8.5748
   -7.5000    0.0000   37.5000 2735.2361    8.7713
    0.0000    0.0000   37.5000 2756.2991    8.7359
    7.5000    0.0000   37.5000 2723.2178    8.8701
   -7.5000    7.5000   37.5000 2652.1145    9.2346
    0.0000    7.5000   37.5000 2672.6428    9.1961
    7.5000    7.5000   37.5000 2641.8928    9.3221
   -7.5000   15.0000   37.5000 2547.0503    9.8398
    0.0000   15.0000   37.5000 2568.4932    9.7899
    7.5000   15.0000   37.5000 2545.0979    9.9070
   -7.5000   22.5000   37.5000 2434.7917   10.6577
    0.0000   22.5000   37.5000 2454.2024   10.6251
    7.5000   22.5000   37.5000 2427.1511   10.7388
   -7.5000   30.0000   37.5000 2291.8167   11.7442
    0.0000   30.0000   37.5000 2310.7393   11.6986
    7.5000   30.0000   37.5000 2290.0146   11.8000
   -7.5000  -60.0000   45.0000 2293.1394   12.0484
    0.0000  -60.0000   45.0000 2313.4934   12.0108
    7.5000  -60.0000   45.0000 2279.2683   12.2809
   -7.5000  -52.5000   45.0000 2415.2761   10.9204
    0.0000  -52.5000   45.0000 2438.4807   10.8721
    7.5000  -52.5000   45.0000 2397.4512   11.1126
   -7.5000  -45.0000   45.0000 2536.9446   10.2048
    0.0000  -45.0000   45.0000 2564.2163   10.1646
    7.5000  -45.0000   45.0000 2519.4753   10.3836
   -7.5000  -37.5000   45.0000 2627.8191    9.6002
    0.0000  -37.5000   45.0000 2654.2417    9.5518
    7.5000  -37.5000   45.0000 2610.7024    9.7801
   -7.5000  -30.0000   45.0000 2696.7212    9.1342
    0.0000  -30.0000   45.0000 2726.9700    9.0614
    7.5000  -30.0000   45.0000 2681.2590    9.2928
   -7.5000  -22.5000   45.0000 2727.3245    8.8469
    0.0000  -22.5000   45.0000 2755.9236    8.7867
    7.5000  -22.5000   45.0000 2709.9695    8.9943
   -7.5000  -15.0000   45.0000 2730.6228    8.7660
    0.0000  -15.0000   45.0000 2757.5457    8.7168
    7.5000  -15.0000   45.0000 2711.5542    8.8980
   -7.5000   -7.5000   45.0000 2689.1528    8.8966
    0.0000   -7.5000   45.0000 2708.4412    8.8476
    7.5000   -7.5000   45.0000 2681.8613    9.0196
   -7.5000    0.0000   45.0000 2632.4243    9.2120
    0.0000    0.0000   45.0000 2649.8984    9.1642
    7.5000    0.0000   45.0000 2621.9526    9.3013
   -7.5000    7.5000   45.0000 2557.2273    9.6722
    0.0000    7.5000   45.0000 2572.0664    9.6241
    7.5000    7.5000   45.0000 2542.8049    9.7492
   -7.5000   15.0000   45.0000 2454.4138   10.2803
    0.0000   15.0000   45.0000 2472.6965   10.2263
    7.5000   15.0000   45.0000 2449.0405   10.3417
   -7.5000   22.5000   45.0000 2347.2087   11.0957
    0.0000   22.5000   45.0000 2363.2087   11.0598
    7.5000   22.5000   45.0000 2337.6245   11.1660
   -7.5000   30.0000   45.0000 2209.5840   12.1944
    0.0000   30.0000   45.0000 2224.8567   12.1680
    7.5000   30.0000   45.0000 2200.3357   12.2877

---------------------------------------------------------------------
imgreg_4dfp /opt/freesurfer/average/711-2C_as_mni_average_305 /opt/freesurfer/average/711-2B_as_mni_average_305_mask talsrcimg_g11 none talsrcimg_to_711-2C_as_mni_average_305_t4 1283
---------------------------------------------------------------------

freesurfer imgreg_4dfp.c
/opt/freesurfer/average/711-2C_as_mni_average_305.4dfp.img
       256       256       256         1
  1.000000  1.000000  1.000000
orientation T byte_order littleendian
Reading image: /opt/freesurfer/average/711-2C_as_mni_average_305.4dfp.img
dimensions:      256       256       256
mmppix:       1.0000   -1.0000   -1.0000
center:     128.0000 -129.0000 -129.0000
/opt/freesurfer/average/711-2B_as_mni_average_305_mask.4dfp.img
       256       256       256         1
  1.000000  1.000000  1.000000
orientation T byte_order littleendian
Reading mask: /opt/freesurfer/average/711-2B_as_mni_average_305_mask.4dfp.img (2306576 pixels)
talsrcimg_g11.4dfp.img
       256       256       256         1
  0.898437  0.898437  0.898437
orientation T byte_order littleendian
Reading image: talsrcimg_g11.4dfp.img
dimensions:      256       256       256
mmppix:       0.8984   -0.8984   -0.8984
center:     114.9999 -115.8984 -115.8984
rotation matrix determinant  1.000000
fimgreg.f
image alignment mode   1283 decimal      503 hex
parameters
    0.0000  -15.0000    7.5000    0.0000    0.0000    0.0000
eta,q 0.95803  7.62191
niter,ni,del,rscale     5    3   12.0000    1.2000
parameters
   -1.0561  -14.3290   10.0933    1.0945   -0.5623   -2.2938
eta,q 0.96352  7.59713
  0.0508  0.0477  0.0570  0.0462  0.0452  0.0397
  0.0443  0.0435  0.0501  0.0429  0.0410  0.0369
  0.0406  0.0410  0.0441  0.0398  0.0386  0.0366
  0.0403  0.0400  0.0398  0.0379  0.0379  0.0380
  0.0445  0.0396  0.0379  0.0382  0.0391  0.0404
  0.0521  0.0410  0.0389  0.0397  0.0432  0.0435
  0.0610  0.0452  0.0415  0.0421  0.0489  0.0469
niter,ni,del,rscale     4    3   12.0000    1.2000
parameters
   -1.2454  -15.4645   10.4684    2.3971    0.0031   -2.3636
eta,q 0.96429  7.60280
  0.0538  0.0419  0.0486  0.0456  0.0469  0.0425
  0.0453  0.0374  0.0420  0.0410  0.0426  0.0391
  0.0390  0.0360  0.0372  0.0375  0.0389  0.0363
  0.0365  0.0365  0.0360  0.0362  0.0362  0.0357
  0.0392  0.0384  0.0381  0.0363  0.0360  0.0372
  0.0469  0.0423  0.0413  0.0375  0.0392  0.0395
  0.0563  0.0480  0.0447  0.0396  0.0446  0.0423
niter,ni,del,rscale     3    3   12.0000    1.2000
parameters
   -1.5696  -16.4973   10.7049    3.6975    0.3157   -2.5107
eta,q 0.96557  7.60488
  0.0543  0.0421  0.0469  0.0444  0.0452  0.0407
  0.0450  0.0362  0.0403  0.0397  0.0407  0.0377
  0.0380  0.0347  0.0359  0.0367  0.0371  0.0353
  0.0357  0.0357  0.0350  0.0351  0.0346  0.0344
  0.0395  0.0379  0.0369  0.0347  0.0353  0.0357
  0.0485  0.0417  0.0404  0.0365  0.0387  0.0382
  0.0582  0.0474  0.0440  0.0385  0.0440  0.0412
niter,ni,del,rscale     2    3   12.0000    1.2000
parameters
   -1.7251  -17.2569   11.0786    4.6536    0.5150   -2.5476
eta,q 0.96631  7.60752
  0.0557  0.0432  0.0450  0.0427  0.0439  0.0396
  0.0454  0.0365  0.0391  0.0386  0.0393  0.0368
  0.0372  0.0339  0.0352  0.0357  0.0358  0.0347
  0.0344  0.0344  0.0339  0.0339  0.0337  0.0337
  0.0380  0.0375  0.0353  0.0342  0.0346  0.0345
  0.0473  0.0415  0.0382  0.0362  0.0378  0.0368
  0.0577  0.0470  0.0420  0.0384  0.0433  0.0399
niter,ni,del,rscale     1    3   12.0000    1.2000
parameters
   -1.7885  -17.8045   11.4729    5.3012    0.5937   -2.5671
eta,q 0.96673  7.61285
  0.0559  0.0441  0.0434  0.0418  0.0431  0.0389
  0.0452  0.0373  0.0382  0.0377  0.0385  0.0360
  0.0366  0.0338  0.0350  0.0349  0.0350  0.0341
  0.0337  0.0337  0.0334  0.0333  0.0333  0.0333
  0.0370  0.0368  0.0341  0.0340  0.0342  0.0341
  0.0460  0.0415  0.0368  0.0360  0.0375  0.0361
  0.0567  0.0470  0.0411  0.0387  0.0433  0.0390
registration optimization eta report
parameter search radius
    6.0000    6.0000    6.0000    6.0000    6.0000    6.0000
100000*second partial in parameter space
       62.       32.       24.       19.       27.       15.
  0.0559  0.0441  0.0434  0.0418  0.0431  0.0389
  0.0452  0.0373  0.0382  0.0377  0.0385  0.0360
  0.0366  0.0338  0.0350  0.0349  0.0350  0.0341
  0.0337  0.0337  0.0334  0.0333  0.0333  0.0333
  0.0370  0.0368  0.0341  0.0340  0.0342  0.0341
  0.0460  0.0415  0.0368  0.0360  0.0375  0.0361
  0.0567  0.0470  0.0411  0.0387  0.0433  0.0390
   -1.7885  -17.8045   11.4729    5.3012    0.5937   -2.5671
eta,q 0.96673  7.61285

---------------------------------------------------------------------
imgreg_4dfp /opt/freesurfer/average/711-2C_as_mni_average_305 /opt/freesurfer/average/711-2B_as_mni_average_305_mask talsrcimg_g11 none talsrcimg_to_711-2C_as_mni_average_305_t4 3335
---------------------------------------------------------------------

freesurfer imgreg_4dfp.c
/opt/freesurfer/average/711-2C_as_mni_average_305.4dfp.img
       256       256       256         1
  1.000000  1.000000  1.000000
orientation T byte_order littleendian
Reading image: /opt/freesurfer/average/711-2C_as_mni_average_305.4dfp.img
dimensions:      256       256       256
mmppix:       1.0000   -1.0000   -1.0000
center:     128.0000 -129.0000 -129.0000
/opt/freesurfer/average/711-2B_as_mni_average_305_mask.4dfp.img
       256       256       256         1
  1.000000  1.000000  1.000000
orientation T byte_order littleendian
Reading mask: /opt/freesurfer/average/711-2B_as_mni_average_305_mask.4dfp.img (2306576 pixels)
talsrcimg_g11.4dfp.img
       256       256       256         1
  0.898437  0.898437  0.898437
orientation T byte_order littleendian
Reading image: talsrcimg_g11.4dfp.img
dimensions:      256       256       256
mmppix:       0.8984   -0.8984   -0.8984
center:     114.9999 -115.8984 -115.8984
fimgreg.f
image alignment mode   3335 decimal      D07 hex
parameters
   -1.7885  -17.8045   11.4729   -0.1057   -0.5234   -0.4331
    4.3642   -1.4446   -4.4787   -9.1837    1.0362    9.2387
eta,q 0.96634  7.64556
niter,ni,del,rscale     5    3    5.0000    1.2000
parameter  4  0.809944 ->  0.500000 qaram    1.1500
parameter  5  1.429897 ->  0.500000 qaram    1.1500
parameter 12  0.551965 ->  0.500000 qaram    1.1500
parameters
   -1.7549  -18.3557   11.7026   -4.2457   -4.6634   -3.1607
    3.9277   -0.3900   -3.2205  -11.1183    0.2145    5.0987
eta,q 0.97166  7.29884
  0.0375  0.0349  0.0357  0.0320  0.0287  0.0298  0.0317  0.0350  0.0313  0.0307  0.0296  0.0288
  0.0354  0.0340  0.0345  0.0319  0.0292  0.0291  0.0303  0.0322  0.0302  0.0294  0.0292  0.0284
  0.0341  0.0335  0.0338  0.0324  0.0303  0.0293  0.0295  0.0302  0.0295  0.0289  0.0289  0.0284
  0.0337  0.0337  0.0335  0.0335  0.0320  0.0294  0.0292  0.0292  0.0291  0.0291  0.0289  0.0289
  0.0340  0.0343  0.0337  0.0354  0.0343  0.0299  0.0297  0.0293  0.0291  0.0301  0.0291  0.0295
  0.0353  0.0354  0.0341  0.0378  0.0367  0.0312  0.0308  0.0303  0.0295  0.0318  0.0294  0.0303
  0.0373  0.0369  0.0349  0.0404  0.0391  0.0334  0.0323  0.0325  0.0302  0.0342  0.0300  0.0314
niter,ni,del,rscale     7    3    5.0000    1.2000
parameters
   -1.5777  -18.4824   11.8755   -7.2261   -7.4540   -2.2376
    3.5703   -0.3503   -3.1615  -10.6572   -0.1083    5.5789
eta,q 0.97231  7.13318
  0.0328  0.0308  0.0305  0.0289  0.0295  0.0301  0.0304  0.0321  0.0295  0.0312  0.0288  0.0301
  0.0305  0.0293  0.0294  0.0284  0.0282  0.0287  0.0288  0.0297  0.0285  0.0294  0.0282  0.0289
  0.0290  0.0285  0.0286  0.0282  0.0277  0.0279  0.0279  0.0282  0.0279  0.0282  0.0278  0.0280
  0.0283  0.0283  0.0283  0.0283  0.0282  0.0277  0.0277  0.0277  0.0277  0.0277  0.0277  0.0277
  0.0286  0.0288  0.0284  0.0290  0.0295  0.0278  0.0282  0.0282  0.0279  0.0279  0.0279  0.0280
  0.0297  0.0298  0.0290  0.0307  0.0316  0.0281  0.0293  0.0296  0.0285  0.0288  0.0283  0.0287
  0.0316  0.0313  0.0299  0.0332  0.0344  0.0290  0.0309  0.0319  0.0294  0.0304  0.0290  0.0295
niter,ni,del,rscale     6    3    5.0000    1.2000
parameters
   -1.5182  -18.4202   12.2704   -7.0537   -7.9134   -1.9482
    3.5535   -0.2554   -3.0335  -10.6425   -0.1921    5.6780
eta,q 0.97235  7.13564
  0.0315  0.0307  0.0302  0.0298  0.0308  0.0296  0.0306  0.0320  0.0294  0.0307  0.0288  0.0298
  0.0294  0.0290  0.0290  0.0284  0.0293  0.0283  0.0290  0.0296  0.0284  0.0290  0.0282  0.0287
  0.0282  0.0280  0.0281  0.0278  0.0281  0.0277  0.0280  0.0281  0.0278  0.0280  0.0278  0.0279
  0.0277  0.0277  0.0277  0.0276  0.0276  0.0276  0.0276  0.0276  0.0276  0.0276  0.0276  0.0276
  0.0280  0.0280  0.0277  0.0276  0.0282  0.0277  0.0280  0.0281  0.0279  0.0280  0.0278  0.0280
  0.0292  0.0289  0.0282  0.0282  0.0296  0.0282  0.0291  0.0295  0.0284  0.0290  0.0282  0.0287
  0.0311  0.0303  0.0290  0.0297  0.0318  0.0292  0.0306  0.0318  0.0293  0.0307  0.0289  0.0296
niter,ni,del,rscale     5    3    5.0000    1.2000
parameters
   -1.5024  -18.4685   12.3455   -6.9972   -7.9657   -1.8697
    3.5370   -0.2282   -2.9948  -10.7380   -0.2206    5.7548
eta,q 0.97235  7.13950
  0.0313  0.0304  0.0296  0.0298  0.0311  0.0295  0.0306  0.0320  0.0294  0.0306  0.0288  0.0298
  0.0293  0.0288  0.0286  0.0284  0.0296  0.0283  0.0290  0.0296  0.0284  0.0290  0.0282  0.0287
  0.0281  0.0279  0.0279  0.0278  0.0282  0.0277  0.0280  0.0281  0.0278  0.0280  0.0278  0.0279
  0.0276  0.0277  0.0276  0.0276  0.0276  0.0276  0.0276  0.0276  0.0276  0.0276  0.0276  0.0276
  0.0280  0.0281  0.0278  0.0276  0.0281  0.0277  0.0280  0.0281  0.0279  0.0280  0.0278  0.0280
  0.0292  0.0291  0.0284  0.0283  0.0294  0.0283  0.0291  0.0296  0.0284  0.0291  0.0282  0.0287
  0.0312  0.0305  0.0294  0.0298  0.0314  0.0293  0.0306  0.0318  0.0293  0.0308  0.0288  0.0296
niter,ni,del,rscale     4    3    5.0000    1.2000
parameters
   -1.4985  -18.5036   12.3707   -6.9892   -7.9483   -1.8674
    3.5305   -0.2215   -2.9732  -10.8142   -0.2400    5.8167
eta,q 0.97235  7.14086
  0.0313  0.0304  0.0296  0.0297  0.0312  0.0294  0.0306  0.0319  0.0294  0.0307  0.0288  0.0298
  0.0293  0.0288  0.0285  0.0284  0.0296  0.0282  0.0290  0.0296  0.0284  0.0290  0.0282  0.0286
  0.0281  0.0279  0.0279  0.0278  0.0283  0.0277  0.0280  0.0281  0.0278  0.0280  0.0278  0.0279
  0.0276  0.0276  0.0276  0.0276  0.0276  0.0276  0.0276  0.0276  0.0276  0.0276  0.0276  0.0276
  0.0280  0.0281  0.0279  0.0276  0.0281  0.0277  0.0280  0.0282  0.0279  0.0280  0.0278  0.0280
  0.0292  0.0290  0.0285  0.0283  0.0293  0.0283  0.0291  0.0296  0.0284  0.0291  0.0282  0.0287
  0.0312  0.0305  0.0294  0.0298  0.0314  0.0294  0.0306  0.0319  0.0293  0.0308  0.0288  0.0296
niter,ni,del,rscale     3    3    5.0000    1.2000
parameters
   -1.4980  -18.5257   12.3819   -6.9960   -7.9339   -1.8735
    3.5273   -0.2224   -2.9651  -10.8555   -0.2457    5.8535
eta,q 0.97235  7.14106
  0.0313  0.0305  0.0295  0.0297  0.0312  0.0294  0.0306  0.0319  0.0294  0.0307  0.0288  0.0298
  0.0293  0.0288  0.0285  0.0284  0.0296  0.0282  0.0290  0.0296  0.0284  0.0290  0.0282  0.0286
  0.0280  0.0279  0.0279  0.0278  0.0283  0.0277  0.0280  0.0281  0.0278  0.0280  0.0278  0.0279
  0.0276  0.0276  0.0276  0.0276  0.0276  0.0276  0.0276  0.0276  0.0276  0.0276  0.0276  0.0276
  0.0280  0.0281  0.0279  0.0277  0.0281  0.0277  0.0280  0.0282  0.0279  0.0280  0.0278  0.0280
  0.0292  0.0290  0.0285  0.0283  0.0293  0.0283  0.0291  0.0296  0.0284  0.0291  0.0282  0.0287
  0.0313  0.0305  0.0295  0.0299  0.0314  0.0294  0.0306  0.0319  0.0293  0.0308  0.0288  0.0296
registration optimization eta report
parameter search radius
    2.4000    2.4000    2.4000    8.2800    8.2800    7.2000
    7.2000    7.2000    7.2000    7.2000    7.2000    8.2800
100000*second partial in parameter space
       63.       49.       32.        3.        5.        4.
        6.        8.        3.        6.        2.        3.
  0.0313  0.0305  0.0295  0.0297  0.0312  0.0294  0.0306  0.0319  0.0294  0.0307  0.0288  0.0298
  0.0293  0.0288  0.0285  0.0284  0.0296  0.0282  0.0290  0.0296  0.0284  0.0290  0.0282  0.0286
  0.0280  0.0279  0.0279  0.0278  0.0283  0.0277  0.0280  0.0281  0.0278  0.0280  0.0278  0.0279
  0.0276  0.0276  0.0276  0.0276  0.0276  0.0276  0.0276  0.0276  0.0276  0.0276  0.0276  0.0276
  0.0280  0.0281  0.0279  0.0277  0.0281  0.0277  0.0280  0.0282  0.0279  0.0280  0.0278  0.0280
  0.0292  0.0290  0.0285  0.0283  0.0293  0.0283  0.0291  0.0296  0.0284  0.0291  0.0282  0.0287
  0.0313  0.0305  0.0295  0.0299  0.0314  0.0294  0.0306  0.0319  0.0293  0.0308  0.0288  0.0296
   -1.4980  -18.5257   12.3819   -6.9960   -7.9339   -1.8735
    3.5273   -0.2224   -2.9651  -10.8555   -0.2457    5.8535
eta,q 0.97235  7.14106

---------------------------------------------------------------------
imgreg_4dfp /opt/freesurfer/average/711-2C_as_mni_average_305 /opt/freesurfer/average/711-2B_as_mni_average_305_mask talsrcimg_g11 none talsrcimg_to_711-2C_as_mni_average_305_t4 2311
---------------------------------------------------------------------

freesurfer imgreg_4dfp.c
/opt/freesurfer/average/711-2C_as_mni_average_305.4dfp.img
       256       256       256         1
  1.000000  1.000000  1.000000
orientation T byte_order littleendian
Reading image: /opt/freesurfer/average/711-2C_as_mni_average_305.4dfp.img
dimensions:      256       256       256
mmppix:       1.0000   -1.0000   -1.0000
center:     128.0000 -129.0000 -129.0000
/opt/freesurfer/average/711-2B_as_mni_average_305_mask.4dfp.img
       256       256       256         1
  1.000000  1.000000  1.000000
orientation T byte_order littleendian
Reading mask: /opt/freesurfer/average/711-2B_as_mni_average_305_mask.4dfp.img (2306576 pixels)
talsrcimg_g11.4dfp.img
       256       256       256         1
  0.898437  0.898437  0.898437
orientation T byte_order littleendian
Reading image: talsrcimg_g11.4dfp.img
dimensions:      256       256       256
mmppix:       0.8984   -0.8984   -0.8984
center:     114.9999 -115.8984 -115.8984
fimgreg.f
image alignment mode   2311 decimal      907 hex
parameters
   -1.4980  -18.5257   12.3819   -6.9960   -7.9339   -1.8735
    3.5273   -0.2224   -2.9651  -10.8555   -0.2457    5.8535
eta,q 0.97235  7.14106
niter,ni,del,rscale     5    3    5.0000    0.8000
parameters
   -1.4958  -18.5898   12.3763   -6.4691   -7.6871   -1.7840
    3.4646   -0.2401   -3.0220  -10.9819   -0.1689    5.5950
eta,q 0.97241  7.17252
  0.0293  0.0288  0.0285  0.0282  0.0292  0.0282  0.0290  0.0296  0.0284  0.0290  0.0282  0.0284
  0.0284  0.0281  0.0280  0.0279  0.0284  0.0278  0.0282  0.0284  0.0279  0.0282  0.0279  0.0279
  0.0278  0.0277  0.0277  0.0277  0.0278  0.0276  0.0278  0.0278  0.0277  0.0277  0.0277  0.0277
  0.0276  0.0276  0.0276  0.0276  0.0276  0.0276  0.0276  0.0276  0.0276  0.0276  0.0276  0.0276
  0.0278  0.0278  0.0277  0.0276  0.0277  0.0276  0.0278  0.0278  0.0277  0.0278  0.0277  0.0278
  0.0284  0.0283  0.0280  0.0277  0.0282  0.0278  0.0283  0.0285  0.0280  0.0283  0.0279  0.0281
  0.0293  0.0290  0.0285  0.0280  0.0289  0.0282  0.0291  0.0296  0.0284  0.0291  0.0282  0.0285
niter,ni,del,rscale     4    3    5.0000    0.7000
parameters
   -1.5004  -18.6361   12.3371   -6.3929   -7.6362   -1.7240
    3.4731   -0.2605   -3.0885  -11.0250   -0.0967    5.5331
eta,q 0.97241  7.17923
  0.0289  0.0286  0.0282  0.0279  0.0288  0.0280  0.0287  0.0291  0.0282  0.0287  0.0281  0.0283
  0.0282  0.0280  0.0279  0.0278  0.0281  0.0277  0.0281  0.0282  0.0278  0.0281  0.0278  0.0279
  0.0277  0.0277  0.0277  0.0277  0.0277  0.0276  0.0277  0.0277  0.0276  0.0277  0.0277  0.0277
  0.0276  0.0276  0.0276  0.0276  0.0276  0.0276  0.0276  0.0276  0.0276  0.0276  0.0276  0.0276
  0.0277  0.0277  0.0277  0.0276  0.0277  0.0276  0.0277  0.0278  0.0277  0.0277  0.0276  0.0277
  0.0282  0.0281  0.0279  0.0277  0.0281  0.0277  0.0281  0.0283  0.0279  0.0281  0.0278  0.0280
  0.0289  0.0287  0.0283  0.0280  0.0287  0.0280  0.0287  0.0291  0.0282  0.0287  0.0280  0.0283
niter,ni,del,rscale     3    3    5.0000    0.6000
parameters
   -1.5032  -18.6519   12.3283   -6.1731   -7.6427   -1.5883
    3.4998   -0.2582   -3.1466  -11.0299   -0.0277    5.4759
eta,q 0.97243  7.19251
  0.0285  0.0283  0.0281  0.0278  0.0285  0.0278  0.0284  0.0287  0.0280  0.0284  0.0279  0.0281
  0.0280  0.0279  0.0278  0.0277  0.0280  0.0277  0.0280  0.0280  0.0278  0.0279  0.0277  0.0278
  0.0277  0.0276  0.0276  0.0277  0.0277  0.0276  0.0277  0.0277  0.0276  0.0277  0.0276  0.0276
  0.0276  0.0276  0.0276  0.0276  0.0276  0.0276  0.0276  0.0276  0.0276  0.0276  0.0276  0.0276
  0.0277  0.0277  0.0276  0.0276  0.0277  0.0276  0.0277  0.0277  0.0276  0.0277  0.0276  0.0277
  0.0280  0.0279  0.0278  0.0276  0.0280  0.0276  0.0279  0.0281  0.0278  0.0279  0.0277  0.0279
  0.0285  0.0283  0.0281  0.0278  0.0284  0.0278  0.0284  0.0287  0.0280  0.0284  0.0279  0.0281
niter,ni,del,rscale     2    3    5.0000    0.5000
parameters
   -1.5063  -18.6661   12.3233   -5.9226   -7.6577   -1.3033
    3.5451   -0.2444   -3.2028  -11.0230    0.0868    5.4138
eta,q 0.97245  7.21211
  0.0282  0.0281  0.0279  0.0278  0.0282  0.0277  0.0282  0.0283  0.0279  0.0281  0.0278  0.0279
  0.0279  0.0278  0.0277  0.0277  0.0278  0.0276  0.0278  0.0279  0.0277  0.0278  0.0277  0.0277
  0.0276  0.0276  0.0276  0.0276  0.0276  0.0276  0.0276  0.0276  0.0276  0.0276  0.0276  0.0276
  0.0276  0.0276  0.0276  0.0276  0.0276  0.0276  0.0276  0.0276  0.0276  0.0276  0.0276  0.0275
  0.0276  0.0276  0.0276  0.0276  0.0276  0.0275  0.0276  0.0276  0.0276  0.0276  0.0276  0.0276
  0.0279  0.0278  0.0277  0.0276  0.0279  0.0276  0.0278  0.0279  0.0277  0.0278  0.0277  0.0278
  0.0282  0.0281  0.0279  0.0277  0.0282  0.0277  0.0281  0.0283  0.0279  0.0281  0.0278  0.0280
niter,ni,del,rscale     1    3    5.0000    0.4000
parameters
   -1.5100  -18.6834   12.3188   -5.5784   -7.6653   -0.6778
    3.5998   -0.1838   -3.2592  -11.0118    0.3091    5.3269
eta,q 0.97248  7.24694
  0.0280  0.0279  0.0278  0.0277  0.0279  0.0276  0.0279  0.0280  0.0277  0.0279  0.0277  0.0278
  0.0277  0.0277  0.0277  0.0277  0.0277  0.0276  0.0277  0.0277  0.0276  0.0277  0.0276  0.0276
  0.0276  0.0276  0.0276  0.0276  0.0276  0.0276  0.0276  0.0276  0.0275  0.0276  0.0276  0.0275
  0.0276  0.0276  0.0276  0.0276  0.0275  0.0275  0.0275  0.0275  0.0275  0.0275  0.0275  0.0275
  0.0276  0.0276  0.0276  0.0275  0.0276  0.0275  0.0276  0.0276  0.0275  0.0276  0.0275  0.0276
  0.0277  0.0277  0.0277  0.0276  0.0277  0.0275  0.0277  0.0277  0.0276  0.0277  0.0276  0.0277
  0.0280  0.0279  0.0278  0.0277  0.0279  0.0276  0.0279  0.0280  0.0277  0.0279  0.0277  0.0278
registration optimization eta report
parameter search radius
    0.8000    0.8000    0.8000    2.4000    2.4000    2.4000
    2.4000    2.4000    2.4000    2.4000    2.4000    2.4000
100000*second partial in parameter space
       66.       54.       36.        2.        7.        1.
        7.        8.        4.        6.        3.        5.
  0.0280  0.0279  0.0278  0.0277  0.0279  0.0276  0.0279  0.0280  0.0277  0.0279  0.0277  0.0278
  0.0277  0.0277  0.0277  0.0277  0.0277  0.0276  0.0277  0.0277  0.0276  0.0277  0.0276  0.0276
  0.0276  0.0276  0.0276  0.0276  0.0276  0.0276  0.0276  0.0276  0.0275  0.0276  0.0276  0.0275
  0.0276  0.0276  0.0276  0.0276  0.0275  0.0275  0.0275  0.0275  0.0275  0.0275  0.0275  0.0275
  0.0276  0.0276  0.0276  0.0275  0.0276  0.0275  0.0276  0.0276  0.0275  0.0276  0.0275  0.0276
  0.0277  0.0277  0.0277  0.0276  0.0277  0.0275  0.0277  0.0277  0.0276  0.0277  0.0276  0.0277
  0.0280  0.0279  0.0278  0.0277  0.0279  0.0276  0.0279  0.0280  0.0277  0.0279  0.0277  0.0278
   -1.5100  -18.6834   12.3188   -5.5784   -7.6653   -0.6778
    3.5998   -0.1838   -3.2592  -11.0118    0.3091    5.3269
eta,q 0.97248  7.24694

---------------------------------------------------------------------
imgreg_4dfp /opt/freesurfer/average/711-2C_as_mni_average_305 /opt/freesurfer/average/711-2B_as_mni_average_305_mask talsrcimg_g11 none talsrcimg_to_711-2C_as_mni_average_305_t4 2311
---------------------------------------------------------------------

freesurfer imgreg_4dfp.c
/opt/freesurfer/average/711-2C_as_mni_average_305.4dfp.img
       256       256       256         1
  1.000000  1.000000  1.000000
orientation T byte_order littleendian
Reading image: /opt/freesurfer/average/711-2C_as_mni_average_305.4dfp.img
dimensions:      256       256       256
mmppix:       1.0000   -1.0000   -1.0000
center:     128.0000 -129.0000 -129.0000
/opt/freesurfer/average/711-2B_as_mni_average_305_mask.4dfp.img
       256       256       256         1
  1.000000  1.000000  1.000000
orientation T byte_order littleendian
Reading mask: /opt/freesurfer/average/711-2B_as_mni_average_305_mask.4dfp.img (2306576 pixels)
talsrcimg_g11.4dfp.img
       256       256       256         1
  0.898437  0.898437  0.898437
orientation T byte_order littleendian
Reading image: talsrcimg_g11.4dfp.img
dimensions:      256       256       256
mmppix:       0.8984   -0.8984   -0.8984
center:     114.9999 -115.8984 -115.8984
fimgreg.f
image alignment mode   2311 decimal      907 hex
parameters
   -1.5100  -18.6834   12.3188   -5.5784   -7.6653   -0.6778
    3.5998   -0.1838   -3.2592  -11.0118    0.3091    5.3269
eta,q 0.97248  7.24694
niter,ni,del,rscale     5    3    5.0000    0.8000
parameters
   -1.5215  -18.6747   12.3280   -6.1218   -7.5828   -1.6134
    3.5294   -0.2566   -3.2111  -11.0467    0.0036    5.5607
eta,q 0.97243  7.19634
  0.0292  0.0289  0.0285  0.0280  0.0291  0.0279  0.0290  0.0295  0.0284  0.0290  0.0281  0.0285
  0.0283  0.0281  0.0280  0.0278  0.0283  0.0277  0.0282  0.0284  0.0279  0.0282  0.0278  0.0281
  0.0277  0.0276  0.0276  0.0276  0.0277  0.0276  0.0277  0.0277  0.0276  0.0277  0.0276  0.0277
  0.0275  0.0275  0.0275  0.0275  0.0275  0.0275  0.0276  0.0276  0.0276  0.0276  0.0276  0.0276
  0.0277  0.0277  0.0276  0.0276  0.0277  0.0276  0.0278  0.0278  0.0277  0.0277  0.0277  0.0277
  0.0283  0.0281  0.0280  0.0278  0.0282  0.0280  0.0283  0.0285  0.0279  0.0282  0.0279  0.0280
  0.0293  0.0288  0.0285  0.0284  0.0290  0.0286  0.0291  0.0296  0.0283  0.0291  0.0282  0.0283
niter,ni,del,rscale     4    3    5.0000    0.7000
parameters
   -1.5094  -18.6559   12.3191   -6.3359   -7.6095   -1.7346
    3.5014   -0.2743   -3.1562  -11.0457   -0.0510    5.5395
eta,q 0.97242  7.18222
  0.0289  0.0286  0.0283  0.0279  0.0287  0.0280  0.0287  0.0291  0.0282  0.0287  0.0280  0.0283
  0.0282  0.0280  0.0279  0.0278  0.0281  0.0277  0.0281  0.0282  0.0279  0.0281  0.0278  0.0279
  0.0277  0.0277  0.0276  0.0277  0.0277  0.0276  0.0277  0.0277  0.0276  0.0277  0.0276  0.0277
  0.0276  0.0276  0.0276  0.0276  0.0276  0.0276  0.0276  0.0276  0.0276  0.0276  0.0276  0.0276
  0.0277  0.0277  0.0277  0.0276  0.0277  0.0276  0.0277  0.0278  0.0277  0.0277  0.0276  0.0277
  0.0281  0.0280  0.0279  0.0277  0.0281  0.0277  0.0281  0.0283  0.0279  0.0281  0.0278  0.0279
  0.0288  0.0286  0.0283  0.0281  0.0287  0.0280  0.0287  0.0291  0.0282  0.0287  0.0281  0.0283
niter,ni,del,rscale     3    3    5.0000    0.6000
parameters
   -1.5069  -18.6524   12.3204   -6.1769   -7.6379   -1.6174
    3.5117   -0.2654   -3.1764  -11.0313   -0.0152    5.4825
eta,q 0.97243  7.19158
  0.0285  0.0283  0.0281  0.0278  0.0284  0.0278  0.0284  0.0287  0.0280  0.0284  0.0279  0.0281
  0.0280  0.0279  0.0278  0.0277  0.0280  0.0277  0.0280  0.0280  0.0278  0.0279  0.0277  0.0278
  0.0277  0.0277  0.0276  0.0277  0.0277  0.0276  0.0277  0.0277  0.0276  0.0277  0.0276  0.0276
  0.0276  0.0276  0.0276  0.0276  0.0276  0.0276  0.0276  0.0276  0.0276  0.0276  0.0276  0.0276
  0.0277  0.0277  0.0276  0.0276  0.0277  0.0276  0.0277  0.0277  0.0276  0.0276  0.0276  0.0277
  0.0280  0.0279  0.0278  0.0276  0.0280  0.0276  0.0279  0.0281  0.0278  0.0279  0.0277  0.0279
  0.0285  0.0283  0.0281  0.0279  0.0285  0.0278  0.0284  0.0286  0.0280  0.0284  0.0279  0.0281
niter,ni,del,rscale     2    3    5.0000    0.5000
parameters
   -1.5056  -18.6628   12.3202   -5.9330   -7.6566   -1.2802
    3.5582   -0.2418   -3.2095  -11.0103    0.0972    5.3954
eta,q 0.97245  7.21248
  0.0282  0.0281  0.0279  0.0278  0.0282  0.0277  0.0282  0.0283  0.0279  0.0281  0.0278  0.0279
  0.0279  0.0278  0.0277  0.0277  0.0278  0.0276  0.0278  0.0279  0.0277  0.0278  0.0277  0.0277
  0.0277  0.0276  0.0276  0.0276  0.0276  0.0276  0.0276  0.0276  0.0276  0.0276  0.0276  0.0276
  0.0276  0.0276  0.0276  0.0276  0.0276  0.0276  0.0276  0.0276  0.0276  0.0276  0.0276  0.0276
  0.0276  0.0276  0.0276  0.0276  0.0276  0.0275  0.0276  0.0276  0.0276  0.0276  0.0276  0.0276
  0.0279  0.0278  0.0277  0.0276  0.0279  0.0276  0.0278  0.0279  0.0277  0.0278  0.0277  0.0278
  0.0282  0.0281  0.0279  0.0278  0.0282  0.0277  0.0281  0.0283  0.0279  0.0281  0.0278  0.0280
niter,ni,del,rscale     1    3    5.0000    0.4000
parameters
   -1.5090  -18.6801   12.3141   -5.5733   -7.6688   -0.7454
    3.6078   -0.1852   -3.2711  -10.9997    0.3147    5.3169
eta,q 0.97248  7.24465
  0.0280  0.0279  0.0278  0.0277  0.0279  0.0276  0.0279  0.0280  0.0277  0.0279  0.0277  0.0278
  0.0277  0.0277  0.0277  0.0277  0.0277  0.0276  0.0277  0.0277  0.0276  0.0277  0.0276  0.0276
  0.0276  0.0276  0.0276  0.0276  0.0276  0.0276  0.0276  0.0276  0.0275  0.0276  0.0276  0.0275
  0.0275  0.0276  0.0276  0.0275  0.0275  0.0275  0.0275  0.0275  0.0275  0.0275  0.0275  0.0275
  0.0276  0.0276  0.0276  0.0275  0.0276  0.0275  0.0276  0.0276  0.0276  0.0276  0.0275  0.0276
  0.0277  0.0277  0.0277  0.0276  0.0277  0.0275  0.0277  0.0277  0.0276  0.0277  0.0276  0.0277
  0.0280  0.0279  0.0278  0.0277  0.0279  0.0276  0.0279  0.0280  0.0277  0.0279  0.0277  0.0278
registration optimization eta report
parameter search radius
    0.8000    0.8000    0.8000    2.4000    2.4000    2.4000
    2.4000    2.4000    2.4000    2.4000    2.4000    2.4000
100000*second partial in parameter space
       65.       53.       37.        2.        7.        1.
        7.        8.        4.        6.        3.        5.
  0.0280  0.0279  0.0278  0.0277  0.0279  0.0276  0.0279  0.0280  0.0277  0.0279  0.0277  0.0278
  0.0277  0.0277  0.0277  0.0277  0.0277  0.0276  0.0277  0.0277  0.0276  0.0277  0.0276  0.0276
  0.0276  0.0276  0.0276  0.0276  0.0276  0.0276  0.0276  0.0276  0.0275  0.0276  0.0276  0.0275
  0.0275  0.0276  0.0276  0.0275  0.0275  0.0275  0.0275  0.0275  0.0275  0.0275  0.0275  0.0275
  0.0276  0.0276  0.0276  0.0275  0.0276  0.0275  0.0276  0.0276  0.0276  0.0276  0.0275  0.0276
  0.0277  0.0277  0.0277  0.0276  0.0277  0.0275  0.0277  0.0277  0.0276  0.0277  0.0276  0.0277
  0.0280  0.0279  0.0278  0.0277  0.0279  0.0276  0.0279  0.0280  0.0277  0.0279  0.0277  0.0278
   -1.5090  -18.6801   12.3141   -5.5733   -7.6688   -0.7454
    3.6078   -0.1852   -3.2711  -10.9997    0.3147    5.3169
eta,q 0.97248  7.24465

---------------------------------------------------------------------
compute_vox2vox talsrcimg talsrcimg_to_711-2C_as_mni_average_305_t4 /opt/freesurfer/average/711-2C_as_mni_average_305
---------------------------------------------------------------------

freesurfer compute_vox2vox.c
Reading: talsrcimg.4dfp.ifh
Reading: talsrcimg_to_711-2C_as_mni_average_305_t4
Reading: /opt/freesurfer/average/711-2C_as_mni_average_305.4dfp.ifh
Writing: talsrcimg_to_711-2C_as_mni_average_305_t4_vox2vox.txt

start time Thu Mar 12 23:04:30 CET 2026
end		time Thu Mar 12 23:06:00 CET 2026

mpr2mni305 success

avi2talxfm orig_nu.mgz /opt/freesurfer/average/mni305.cor.mgz talsrcimg_to_711-2C_as_mni_average_305_t4_vox2vox.txt transforms/talairach.auto.xfm
avi2talxfm done
mv -f /out/sourcedata/freesurfer/sub-v2s2x29093_ses-1/mri/talsrcimg_to_711-2C_as_mni_average_305_t4_vox2vox.txt /out/sourcedata/freesurfer/sub-v2s2x29093_ses-1/mri/transforms/talsrcimg_to_711-2C_as_mni_average_305_t4_vox2vox.txt
lta_convert --src orig_nu.mgz --trg /opt/freesurfer/average/mni305.cor.mgz --inxfm transforms/talairach.auto.xfm --outlta transforms/talairach.auto.xfm.lta --subject fsaverage
7.3.2

--src: orig_nu.mgz src image (geometry).
--trg: /opt/freesurfer/average/mni305.cor.mgz trg image (geometry).
--inmni: transforms/talairach.auto.xfm input MNI/XFM transform.
--outlta: transforms/talairach.auto.xfm.lta output LTA.
--s: fsaverage subject name
 LTA read, type : 1
 1.05760  -0.00259  -0.04118  -2.33478;
-0.00533   1.00113  -0.05744   0.32948;
 0.03683   0.11918   1.07475  -8.68095;
 0.00000   0.00000   0.00000   1.00000;
setting subject to fsaverage
Writing  LTA to file transforms/talairach.auto.xfm.lta...
lta_convert successful.
 
 
Started at Thu Mar 12 23:04:29 CET 2026
Ended   at Thu Mar 12 23:06:01 CET 2026
talairach_avi done
